Logfile for bbregister
Sun Oct  8 06:10:08 UTC 2023

setenv SUBJECTS_DIR /localscratch/bpinsard.41451890.0/freesurfer_crosssectional_autorecon3_sub06_ses008.job
cd /localscratch/bpinsard.41451890.0/freesurfer_crosssectional_autorecon3_sub06_ses008.job/sub-06_ses-008/scripts
/opt/freesurfer/bin/bbregister --s sub-06_ses-008 --mov /localscratch/bpinsard.41451890.0/freesurfer_crosssectional_autorecon3_sub06_ses008.job/sub-06_ses-008/mri/orig/T2raw.mgz --lta /localscratch/bpinsard.41451890.0/freesurfer_crosssectional_autorecon3_sub06_ses008.job/sub-06_ses-008/mri/transforms/T2raw.auto.lta --init-coreg --T2 --gm-proj-abs 2 --wm-proj-abs 1 --no-coreg-ref-mask

bbregister 7.4.1
Linux bc12334.int.ets1.calculquebec.ca 3.10.0-1160.99.1.el7.x86_64 #1 SMP Wed Sep 13 14:19:20 UTC 2023 x86_64 x86_64 x86_64 GNU/Linux
FREESURFER_HOME /opt/freesurfer
mri_convert /localscratch/bpinsard.41451890.0/freesurfer_crosssectional_autorecon3_sub06_ses008.job/sub-06_ses-008/mri/orig/T2raw.mgz /localscratch/bpinsard.41451890.0/freesurfer_crosssectional_autorecon3_sub06_ses008.job/sub-06_ses-008/mri/transforms/tmp.bbregister.208058/template.nii
mri_convert /localscratch/bpinsard.41451890.0/freesurfer_crosssectional_autorecon3_sub06_ses008.job/sub-06_ses-008/mri/orig/T2raw.mgz /localscratch/bpinsard.41451890.0/freesurfer_crosssectional_autorecon3_sub06_ses008.job/sub-06_ses-008/mri/transforms/tmp.bbregister.208058/template.nii 
reading from /localscratch/bpinsard.41451890.0/freesurfer_crosssectional_autorecon3_sub06_ses008.job/sub-06_ses-008/mri/orig/T2raw.mgz...
TR=0.00, TE=0.00, TI=0.00, flip angle=0.00
i_ras = (1, 0, 0)
j_ras = (0, 1, 0)
k_ras = (0, 0, 1)
writing to /localscratch/bpinsard.41451890.0/freesurfer_crosssectional_autorecon3_sub06_ses008.job/sub-06_ses-008/mri/transforms/tmp.bbregister.208058/template.nii...
mri_coreg --s sub-06_ses-008 --mov /localscratch/bpinsard.41451890.0/freesurfer_crosssectional_autorecon3_sub06_ses008.job/sub-06_ses-008/mri/transforms/tmp.bbregister.208058/template.nii --regdat /localscratch/bpinsard.41451890.0/freesurfer_crosssectional_autorecon3_sub06_ses008.job/sub-06_ses-008/mri/transforms/tmp.bbregister.208058/reg.init.dat --reg /localscratch/bpinsard.41451890.0/freesurfer_crosssectional_autorecon3_sub06_ses008.job/sub-06_ses-008/mri/transforms/tmp.bbregister.208058/mri_coreg.lta --nthreads 4 --dof 6 --sep 4 --ftol .0001 --linmintol .01 --no-ref-mask

$Id: mri_coreg.c,v 1.27 2016/04/30 15:11:49 greve Exp $
cwd /localscratch/bpinsard.41451890.0/freesurfer_crosssectional_autorecon3_sub06_ses008.job/sub-06_ses-008/scripts
cmdline mri_coreg --s sub-06_ses-008 --mov /localscratch/bpinsard.41451890.0/freesurfer_crosssectional_autorecon3_sub06_ses008.job/sub-06_ses-008/mri/transforms/tmp.bbregister.208058/template.nii --regdat /localscratch/bpinsard.41451890.0/freesurfer_crosssectional_autorecon3_sub06_ses008.job/sub-06_ses-008/mri/transforms/tmp.bbregister.208058/reg.init.dat --reg /localscratch/bpinsard.41451890.0/freesurfer_crosssectional_autorecon3_sub06_ses008.job/sub-06_ses-008/mri/transforms/tmp.bbregister.208058/mri_coreg.lta --nthreads 4 --dof 6 --sep 4 --ftol .0001 --linmintol .01 --no-ref-mask 
sysname  Linux
hostname bc12334.int.ets1.calculquebec.ca
machine  x86_64
user     bpinsard
dof    6
nsep    1
cras0    1
ftol    0.000100
linmintol    0.010000
bf       1
bflim    30.000000
bfnsamp    30
SmoothRef 0
SatPct    99.990000
MovOOB 0
optschema 1
Seed 53
Reading in mov /localscratch/bpinsard.41451890.0/freesurfer_crosssectional_autorecon3_sub06_ses008.job/sub-06_ses-008/mri/transforms/tmp.bbregister.208058/template.nii
Reading in ref /localscratch/bpinsard.41451890.0/freesurfer_crosssectional_autorecon3_sub06_ses008.job/sub-06_ses-008/mri/brainmask.mgz
Setting cras translation parameters to align volume centers
Init matrix params -0.8000 -0.0000 -0.8000  0.0000  0.0000  0.0000  1.0000  1.0000  1.0000  0.0000  0.0000  0.0000 
Initial Matrix (RAS2RAS)
 1.00000   0.00000   0.00000   0.79999;
 0.00000   1.00000   0.00000   0.00001;
 0.00000   0.00000   1.00000   0.80000;
 0.00000   0.00000   0.00000   1.00000;
Initial parameters to be opt -0.8000 -0.0000 -0.8000  0.0000  0.0000  0.0000 
Creating random numbers for coordinate dithering
Performing intensity dithering
Performing intensity dithering on mov with computed dither
Separation list (1):  4   min = 4
DoSmoothing 1
DoCoordDither 1
DoIntensityDither 1
nitersmax 4
ftol 1.000e-04
linmintol 1.000e-02
SatPct 99.990000
Hist FWHM 7.000000 7.000000
nthreads 4
movsat = 11001.5977
mov gstd 1.9140 1.9140 1.9140
Smoothing mov
refsat = 127.0000
ref gstd 1.9140 1.9140 1.9140
Smoothing ref
COREGpreproc() done
Testing if mov and target overlap
Init cost   -1.0291482529
nhits = 309411 out of 32768000, Percent Overlap:  60.4
Initial  RefRAS-to-MovRAS
 1.00000   0.00000   0.00000  -0.79999;
 0.00000   1.00000   0.00000  -0.00001;
 0.00000   0.00000   1.00000  -0.80000;
 0.00000   0.00000   0.00000   1.00000;
Initial  RefVox-to-MovVox
-1.00000   0.00000   0.00000   263.00003;
 0.00000   0.00000   0.99999  -9.99910;
 0.00000  -0.99999   0.00000   318.99908;
 0.00000   0.00000   0.00000   1.00000;
sep = 4 -----------------------------------
COREGoptBruteForce() 30 1 30
Turning on MovOOB for BruteForce Search
#BF# sep= 4 iter=0 lim=30.0 delta=2.00  -0.79999  -0.00001  17.20000  10.00000   2.00000   0.00000   -1.0280230
Turning  MovOOB back off after brute force search


---------------------------------
Init Powel Params dof = 6: -0.799988 -0.000008 17.200005 10.000000 2.000000 0.000000 
Starting OpenPowel2(), sep = 4
InitialCost        -1.0313678980 
#@#  4  188  -0.79999 -0.00001 17.20000 10.00000 2.00000 0.00000   -1.0313679
fs_powell::minimize
  nparams 6
  maxfev 4
  ftol   0.000100
  linmin_xtol_   0.010000
  powell nthiter 0: fret = -1.031368
#@#  4  190  0.20001 -0.00001 17.20000 10.00000 2.00000 0.00000   -1.0313975
#@#  4  205  0.26286 -1.61804 17.20000 10.00000 2.00000 0.00000   -1.0315101
#@#  4  210  0.26286 -2.02787 17.20000 10.00000 2.00000 0.00000   -1.0315150
#@#  4  220  0.26286 -1.99615 18.20000 10.00000 2.00000 0.00000   -1.0316106
#@#  4  225  0.26286 -1.99615 18.38143 10.00000 2.00000 0.00000   -1.0316117
#@#  4  226  0.26286 -1.99615 18.34117 10.00000 2.00000 0.00000   -1.0316118
#@#  4  228  0.26286 -1.99615 18.32117 10.00000 2.00000 0.00000   -1.0316119
#@#  4  232  0.26286 -1.99615 18.32117 11.00000 2.00000 0.00000   -1.0316244
#@#  4  235  0.26286 -1.99615 18.32117 11.61803 2.00000 0.00000   -1.0316279
#@#  4  239  0.26286 -1.99615 18.32117 11.67133 2.00000 0.00000   -1.0316280
#@#  4  240  0.26286 -1.99615 18.32117 11.68133 2.00000 0.00000   -1.0316281
#@#  4  246  0.26286 -1.99615 18.32117 11.70211 0.38197 0.00000   -1.0316416
#@#  4  247  0.26286 -1.99615 18.32117 11.70211 0.85385 0.00000   -1.0316437
#@#  4  252  0.26286 -1.99615 18.32117 11.70211 0.87385 0.00000   -1.0316439
#@#  4  254  0.26286 -1.99615 18.32117 11.70211 0.95364 0.00000   -1.0316440
#@#  4  266  0.26286 -1.99615 18.32117 11.70211 0.98647 -0.16970   -1.0316441
  powell nthiter 1: fret = -1.031644
#@#  4  277  0.29661 -1.99615 18.32117 11.70211 0.98647 -0.15917   -1.0316442
#@#  4  286  0.28615 -1.61418 18.32117 11.70211 0.98647 -0.15917   -1.0316471
#@#  4  287  0.28615 -1.71408 18.32117 11.70211 0.98647 -0.15917   -1.0316472
#@#  4  290  0.28615 -1.76795 18.32117 11.70211 0.98647 -0.15917   -1.0316473
#@#  4  299  0.28615 -1.74795 18.70314 11.70211 0.98647 -0.15917   -1.0316545
#@#  4  300  0.28615 -1.74795 18.64302 11.70211 0.98647 -0.15917   -1.0316548
#@#  4  313  0.28615 -1.74795 18.62302 11.80922 0.98647 -0.15917   -1.0316551
#@#  4  335  0.28615 -1.74795 18.62302 11.79922 0.95387 0.22280   -1.0316560
Powell done niters total = 1
OptTimeSec 13.5 sec
OptTimeMin  0.22 min
nEvals 343
Final optimized parameters   0.28615108  -1.74794877  18.62302017  11.79921722   0.95386750   0.13372724 
Final matrix parameters  0.2862 -1.7479 18.6230 11.7992  0.9539  0.1337  1.0000  1.0000  1.0000  0.0000  0.0000  0.0000 
Final cost   -1.031655983453549
 

---------------------------------
Final  RefRAS-to-MovRAS
 0.99986   0.00233   0.01665   0.28615;
-0.00569   0.97886   0.20445  -1.74795;
-0.01582  -0.20452   0.97873   18.62302;
 0.00000   0.00000   0.00000   1.00000;
Final  RefVox-to-MovVox
-0.99986  -0.01665   0.00233   266.41159;
 0.00569  -0.20445   0.97885   18.76306;
 0.01582  -0.97873  -0.20452   363.81146;
 0.00000   0.00000   0.00000   1.00000;
Final matrix parameters  0.2862 -1.7479 18.6230 11.7992  0.9539  0.1337  0.0000  0.0000  0.0000  0.0000  0.0000  0.0000 
Final opt parameters  0.2862 -1.7479 18.6230 11.7992  0.9539  0.1337 
nhits = 285593 out of 32768000, Percent Overlap:  55.8
mri_coreg RunTimeSec 103.6 sec
To check run:
   tkregisterfv --mov /localscratch/bpinsard.41451890.0/freesurfer_crosssectional_autorecon3_sub06_ses008.job/sub-06_ses-008/mri/transforms/tmp.bbregister.208058/template.nii --targ /localscratch/bpinsard.41451890.0/freesurfer_crosssectional_autorecon3_sub06_ses008.job/sub-06_ses-008/mri/brainmask.mgz --reg /localscratch/bpinsard.41451890.0/freesurfer_crosssectional_autorecon3_sub06_ses008.job/sub-06_ses-008/mri/transforms/tmp.bbregister.208058/mri_coreg.lta --s sub-06_ses-008 --surfs 

mri_coreg done

mri_segreg --mov /localscratch/bpinsard.41451890.0/freesurfer_crosssectional_autorecon3_sub06_ses008.job/sub-06_ses-008/mri/transforms/tmp.bbregister.208058/template.nii --init-reg /localscratch/bpinsard.41451890.0/freesurfer_crosssectional_autorecon3_sub06_ses008.job/sub-06_ses-008/mri/transforms/tmp.bbregister.208058/reg.init.dat --out-reg /localscratch/bpinsard.41451890.0/freesurfer_crosssectional_autorecon3_sub06_ses008.job/sub-06_ses-008/mri/transforms/tmp.bbregister.208058/bbr.pass1.dat --subsamp-brute 100 --subsamp 100 --tol 1e-4 --tol1d 1e-3 --brute -4 4 4 --surf white --gm-proj-abs 2 --gm-gt-wm 0.5
7.4.1
setenv SUBJECTS_DIR /localscratch/bpinsard.41451890.0/freesurfer_crosssectional_autorecon3_sub06_ses008.job
cd /localscratch/bpinsard.41451890.0/freesurfer_crosssectional_autorecon3_sub06_ses008.job/sub-06_ses-008/scripts
mri_segreg --mov /localscratch/bpinsard.41451890.0/freesurfer_crosssectional_autorecon3_sub06_ses008.job/sub-06_ses-008/mri/transforms/tmp.bbregister.208058/template.nii --init-reg /localscratch/bpinsard.41451890.0/freesurfer_crosssectional_autorecon3_sub06_ses008.job/sub-06_ses-008/mri/transforms/tmp.bbregister.208058/reg.init.dat --out-reg /localscratch/bpinsard.41451890.0/freesurfer_crosssectional_autorecon3_sub06_ses008.job/sub-06_ses-008/mri/transforms/tmp.bbregister.208058/bbr.pass1.dat --subsamp-brute 100 --subsamp 100 --tol 1e-4 --tol1d 1e-3 --brute -4 4 4 --surf white --gm-proj-abs 2 --gm-gt-wm 0.5 
sysname  Linux
hostname bc12334.int.ets1.calculquebec.ca
machine  x86_64
user     bpinsard
movvol /localscratch/bpinsard.41451890.0/freesurfer_crosssectional_autorecon3_sub06_ses008.job/sub-06_ses-008/mri/transforms/tmp.bbregister.208058/template.nii
regfile /localscratch/bpinsard.41451890.0/freesurfer_crosssectional_autorecon3_sub06_ses008.job/sub-06_ses-008/mri/transforms/tmp.bbregister.208058/reg.init.dat
subject sub-06_ses-008
dof 6
outregfile /localscratch/bpinsard.41451890.0/freesurfer_crosssectional_autorecon3_sub06_ses008.job/sub-06_ses-008/mri/transforms/tmp.bbregister.208058/bbr.pass1.dat
UseMask 0
UseLH 1
UseRH 1
nsubsamp 100
PenaltySign  -1
PenaltySlope 0.500000
PenaltyCenter 0.000000
surfname white
GMProjAbs 2.000000
WMProjAbs 2.000000
lhcostfile (null)
rhcostfile (null)
interp  trilinear (1)
frame  0
TolPowell 0.000100
nMaxItersPowell 36
n1dmin  3
Profile   0
Gdiag_no  -1
AddNoise  0 (0)
SynthSeed 1697421021
TransRandMax 0.000000
RotRandMax 0.000000
Translations 0.000000 0.000000 0.000000
Rotations   0.000000 0.000000 0.000000
Input reg
-0.99986  -0.00233  -0.01665  -0.11522;
-0.01582  -0.20452   0.97873   13.61812;
 0.00569  -0.97886  -0.20445   5.13809;
 0.00000   0.00000   0.00000   1.00000;

Loading mov
ExcludeZeroVoxels 1
Reading in targ vol /localscratch/bpinsard.41451890.0/freesurfer_crosssectional_autorecon3_sub06_ses008.job/sub-06_ses-008/mri/orig.mgz
Projecting LH Surfs
Loading lh.white surf
GM Proj: 0 0.500000 2.000000
WM Proj: 0 0.500000 2.000000
Projecting RH Surfs
Loading rh.white surf
Projecting RH Surfs
Using lh.cortex.label
Using rh.cortex.label
Computing relative cost
 0  -25.0 -25.0 -25.0   1.008367
 1  -25.0 -25.0  25.0   1.034885
 2  -25.0  25.0 -25.0   0.999708
 3  -25.0  25.0  25.0   1.019219
 4   25.0 -25.0 -25.0   0.990944
 5   25.0 -25.0  25.0   0.990269
 6   25.0  25.0 -25.0   0.974849
 7   25.0  25.0  25.0   0.969090
REL:  8  0.926068    7.987330  0.998416 rel = 0.927537 
Initial costs ----------------
Number of surface hits 3936
WM  Intensity  1050.9609 +/- 633.8349
Ctx Intensity  1065.1957 +/- 661.4339
Pct Contrast      0.3579 +/-  54.4004
Cost   0.9261
RelCost   0.9275

------------------------------------
Brute force preopt -4 4 4, n = 729
     0  -4.0000  -4.0000  -4.0000  -4.0000  -4.0000  -4.0000      0.9314   0.9314  0.0
     9  -4.0000  -4.0000  -4.0000   0.0000  -4.0000  -4.0000      0.9273   0.9273  0.0
    10  -4.0000  -4.0000  -4.0000   0.0000  -4.0000   0.0000      0.9148   0.9148  0.0
    16  -4.0000  -4.0000  -4.0000   0.0000   4.0000   0.0000      0.9134   0.9134  0.0
    27  -4.0000  -4.0000   0.0000  -4.0000  -4.0000  -4.0000      0.8977   0.8977  0.0
    36  -4.0000  -4.0000   0.0000   0.0000  -4.0000  -4.0000      0.8958   0.8958  0.0
    37  -4.0000  -4.0000   0.0000   0.0000  -4.0000   0.0000      0.8792   0.8792  0.0
    57  -4.0000  -4.0000   4.0000  -4.0000   0.0000  -4.0000      0.8764   0.8764  0.0
    66  -4.0000  -4.0000   4.0000   0.0000   0.0000  -4.0000      0.8563   0.8563  0.0
   308   0.0000  -4.0000   4.0000   0.0000  -4.0000   4.0000      0.8519   0.8519  0.0
   310   0.0000  -4.0000   4.0000   0.0000   0.0000   0.0000      0.8502   0.8502  0.0
Brute Force --------------------------
Min cost was 0.850194
Number of iterations   729
Search time 2.883338 sec
Parameters at best (transmm, rotdeg)
  0.000  -4.000   4.000  0.000  0.000  0.000 
--------------------------------------------

Starting Powell Minimization
Init Powel Params dof = 6
0 0
1 -4
2 4
3 0
4 0
5 0
fs_powell::minimize
  nparams 6
  maxfev 36
  ftol   0.000100
  linmin_xtol_   0.001000
  powell nthiter 0: fret = 0.850194
   7 -0.274 -4.000  4.000  0.000  0.000  0.000   0.8465735816
  10 -0.277 -4.000  4.000  0.000  0.000  0.000   0.8465555082
  11 -0.278 -4.000  4.000  0.000  0.000  0.000   0.8465541925
  20 -0.278 -4.236  4.000  0.000  0.000  0.000   0.8453615523
  22 -0.278 -4.197  4.000  0.000  0.000  0.000   0.8444291593
  23 -0.278 -4.121  4.000  0.000  0.000  0.000   0.8438245297
  24 -0.278 -4.129  4.000  0.000  0.000  0.000   0.8435522769
  26 -0.278 -4.138  4.000  0.000  0.000  0.000   0.8434734180
  27 -0.278 -4.137  4.000  0.000  0.000  0.000   0.8434659943
  28 -0.278 -4.136  4.000  0.000  0.000  0.000   0.8434647309
  43 -0.278 -4.136  3.996  0.000  0.000  0.000   0.8434059511
  45 -0.278 -4.136  3.997  0.000  0.000  0.000   0.8434054275
  57 -0.278 -4.136  3.997  0.030  0.000  0.000   0.8432846169
  59 -0.278 -4.136  3.997  0.051  0.000  0.000   0.8429747591
  61 -0.278 -4.136  3.997  0.043  0.000  0.000   0.8428923298
  62 -0.278 -4.136  3.997  0.044  0.000  0.000   0.8428895574
  70 -0.278 -4.136  3.997  0.044  0.174  0.000   0.8417197751
  72 -0.278 -4.136  3.997  0.044  0.100  0.000   0.8408295112
  73 -0.278 -4.136  3.997  0.044  0.062  0.000   0.8407329954
  74 -0.278 -4.136  3.997  0.044  0.066  0.000   0.8406926689
  76 -0.278 -4.136  3.997  0.044  0.070  0.000   0.8406848141
  77 -0.278 -4.136  3.997  0.044  0.069  0.000   0.8406838502
  91 -0.278 -4.136  3.997  0.044  0.069 -0.001   0.8406807093
  powell nthiter 1: fret = 0.840681
 103 -0.279 -4.136  3.997  0.044  0.069 -0.001   0.8406803806
 114 -0.279 -4.145  3.997  0.044  0.069 -0.001   0.8403919607
 123 -0.279 -4.145  4.023  0.044  0.069 -0.001   0.8402908754
 125 -0.279 -4.145  4.013  0.044  0.069 -0.001   0.8402451767
 127 -0.279 -4.145  4.012  0.044  0.069 -0.001   0.8402450587
 140 -0.279 -4.145  4.012  0.046  0.069 -0.001   0.8402407605
 171 -0.279 -4.145  4.012  0.046  0.069 -0.002   0.8402406117
  powell nthiter 2: fret = 0.840241
 181 -0.296 -4.145  4.012  0.046  0.069 -0.002   0.8401888403
 183 -0.292 -4.145  4.012  0.046  0.069 -0.002   0.8401710516
 185 -0.289 -4.145  4.012  0.046  0.069 -0.002   0.8401685185
 200 -0.289 -4.147  4.012  0.046  0.069 -0.002   0.8401652774
 210 -0.289 -4.147  4.018  0.046  0.069 -0.002   0.8401268271
 211 -0.289 -4.147  4.019  0.046  0.069 -0.002   0.8401261078
 238 -0.289 -4.147  4.019  0.046  0.079 -0.002   0.8401192691
 240 -0.289 -4.147  4.019  0.046  0.077 -0.002   0.8401089526
 241 -0.289 -4.147  4.019  0.046  0.074 -0.002   0.8400980738
 257 -0.289 -4.147  4.019  0.046  0.074 -0.001   0.8400967835
 259 -0.300 -4.148  4.027  0.046  0.079  0.001   0.8399468310
 262 -0.316 -4.150  4.039  0.046  0.087  0.003   0.8398487691
 265 -0.310 -4.149  4.034  0.046  0.084  0.002   0.8397997095
 268 -0.310 -4.149  4.034  0.046  0.084  0.002   0.8397996710
 269 -0.310 -4.149  4.034  0.046  0.084  0.002   0.8397995795
 270 -0.310 -4.149  4.034  0.046  0.084  0.002   0.8397991109
 272 -0.310 -4.149  4.034  0.046  0.084  0.002   0.8397990369
  powell nthiter 3: fret = 0.839799
 280 -0.310 -4.149  4.034  0.046  0.084  0.037   0.8397313086
 282 -0.310 -4.149  4.034  0.046  0.084  0.021   0.8396965106
 283 -0.310 -4.149  4.034  0.046  0.084  0.014   0.8395051718
 298 -0.310 -4.156  4.034  0.046  0.084  0.014   0.8394893308
 300 -0.310 -4.154  4.034  0.046  0.084  0.014   0.8394849643
 301 -0.310 -4.152  4.034  0.046  0.084  0.014   0.8394839268
 315 -0.310 -4.152  4.033  0.046  0.084  0.014   0.8394823193
 331 -0.310 -4.152  4.033  0.047  0.084  0.014   0.8394761844
 338 -0.310 -4.152  4.033  0.047  0.466  0.014   0.8383621066
 344 -0.310 -4.152  4.033  0.047  0.459  0.014   0.8383274232
 345 -0.310 -4.152  4.033  0.047  0.458  0.014   0.8383237362
 346 -0.310 -4.152  4.033  0.047  0.444  0.014   0.8383234131
 347 -0.310 -4.152  4.033  0.047  0.451  0.014   0.8382994997
 349 -0.310 -4.152  4.033  0.047  0.449  0.014   0.8382929006
 351 -0.310 -4.152  4.033  0.047  0.448  0.014   0.8382926304
 353 -0.320 -4.153  4.041  0.047  0.453  0.015   0.8382118298
 358 -0.322 -4.153  4.042  0.047  0.454  0.015   0.8382041511
 359 -0.323 -4.153  4.042  0.047  0.455  0.015   0.8382030102
 361 -0.323 -4.153  4.043  0.047  0.455  0.015   0.8382027843
 362 -0.323 -4.153  4.043  0.047  0.455  0.015   0.8382027817
 364 -0.323 -4.153  4.043  0.047  0.455  0.015   0.8382027527
  powell nthiter 4: fret = 0.838203
 374 -0.323 -4.153  4.043  0.047  0.455  0.065   0.8380666146
 378 -0.323 -4.153  4.043  0.047  0.455  0.080   0.8379728687
 380 -0.323 -4.153  4.043  0.047  0.455  0.078   0.8379602670
 381 -0.323 -4.153  4.043  0.047  0.455  0.073   0.8378752783
 383 -0.323 -4.153  4.043  0.047  0.455  0.072   0.8378695056
 393 -0.323 -4.172  4.043  0.047  0.455  0.072   0.8378234106
 395 -0.323 -4.167  4.043  0.047  0.455  0.072   0.8378205350
 397 -0.323 -4.168  4.043  0.047  0.455  0.072   0.8378202665
 398 -0.323 -4.169  4.043  0.047  0.455  0.072   0.8378196859
 411 -0.323 -4.169  4.050  0.047  0.455  0.072   0.8378181375
 422 -0.323 -4.169  4.050  0.044  0.455  0.072   0.8377546040
 425 -0.323 -4.169  4.050  0.025  0.455  0.072   0.8373905329
 426 -0.323 -4.169  4.050 -0.002  0.455  0.072   0.8371620874
 429 -0.323 -4.169  4.050  0.002  0.455  0.072   0.8370854482
 443 -0.323 -4.169  4.050  0.002  0.437  0.072   0.8369096419
 445 -0.323 -4.169  4.050  0.002  0.436  0.072   0.8369072115
 446 -0.323 -4.169  4.050  0.002  0.435  0.072   0.8369066492
 454 -0.324 -4.169  4.051  0.002  0.436  0.072   0.8369037140
 459 -0.324 -4.169  4.051  0.002  0.436  0.072   0.8369033995
  powell nthiter 5: fret = 0.836903
 470 -0.324 -4.169  4.051  0.002  0.436  0.060   0.8366170773
 471 -0.324 -4.169  4.051  0.002  0.436  0.055   0.8365227999
 483 -0.324 -4.168  4.051  0.002  0.436  0.055   0.8364871911
 486 -0.324 -4.158  4.051  0.002  0.436  0.055   0.8364689252
 487 -0.324 -4.163  4.051  0.002  0.436  0.055   0.8364129486
 501 -0.324 -4.163  4.044  0.002  0.436  0.055   0.8363188498
 502 -0.324 -4.163  4.045  0.002  0.436  0.055   0.8363170271
 527 -0.324 -4.163  4.045  0.002  0.431  0.055   0.8362758656
 528 -0.324 -4.163  4.045  0.002  0.430  0.055   0.8362745751
 536 -0.325 -4.163  4.045  0.002  0.430  0.055   0.8362668980
 537 -0.325 -4.163  4.046  0.002  0.430  0.055   0.8362662224
 541 -0.325 -4.163  4.046  0.002  0.430  0.055   0.8362661036
 542 -0.325 -4.163  4.046  0.002  0.430  0.055   0.8362660418
  powell nthiter 6: fret = 0.836266
 559 -0.325 -4.163  4.046  0.002  0.430  0.054   0.8362551454
 560 -0.325 -4.163  4.046  0.002  0.430  0.053   0.8362535874
 574 -0.325 -4.164  4.046  0.002  0.430  0.053   0.8362506336
 588 -0.325 -4.164  4.047  0.002  0.430  0.053   0.8362501280
 601 -0.325 -4.164  4.047  0.001  0.430  0.053   0.8362483417
 613 -0.325 -4.164  4.047  0.001  0.429  0.053   0.8362455012
 614 -0.325 -4.164  4.047  0.001  0.428  0.053   0.8362454944
 623 -0.326 -4.164  4.047  0.001  0.428  0.053   0.8362352753
 624 -0.326 -4.164  4.048  0.001  0.429  0.053   0.8362347747
 625 -0.326 -4.164  4.048  0.001  0.429  0.053   0.8362345466
 630 -0.326 -4.164  4.048  0.001  0.429  0.053   0.8362343719
Powell done niters = 6
Computing relative cost
 0  -25.0 -25.0 -25.0   0.976317
 1  -25.0 -25.0  25.0   1.004239
 2  -25.0  25.0 -25.0   0.999382
 3  -25.0  25.0  25.0   0.983951
 4   25.0 -25.0 -25.0   0.964478
 5   25.0 -25.0  25.0   0.985868
 6   25.0  25.0 -25.0   0.965358
 7   25.0  25.0  25.0   0.992025
REL:  8  0.836234    7.871618  0.983952 rel = 0.849873 
Number of iterations     6
Min cost was 0.836234
Number of FunctionCalls   633
TolPowell 0.000100
nMaxItersPowell 36
OptimizationTime 2.259241 sec
Parameters at optimum (transmm) -0.32632 -4.16427  4.04759
Parameters at optimum (rotdeg)  0.00145  0.42861  0.05282 
Final costs ----------------
Number of surface hits 3936
WM  Intensity   990.1383 +/- 604.5276
Ctx Intensity  1042.4148 +/- 640.4319
Pct Contrast      4.1023 +/-  53.6741
Cost   0.8362
RelCost   0.9275
Reg at min cost was 
-0.99977  -0.00947  -0.01908  -0.41566;
-0.01674  -0.20450   0.97872   9.45364;
 0.01317  -0.97882  -0.20430   9.18674;
 0.00000   0.00000   0.00000   1.00000;

Writing optimal reg to /localscratch/bpinsard.41451890.0/freesurfer_crosssectional_autorecon3_sub06_ses008.job/sub-06_ses-008/mri/transforms/tmp.bbregister.208058/bbr.pass1.dat, type = 14 
Original Reg 
-0.99986  -0.00233  -0.01665  -0.11522;
-0.01582  -0.20452   0.97873   13.61812;
 0.00569  -0.97886  -0.20445   5.13809;
 0.00000   0.00000   0.00000   1.00000;

Original Reg - Optimal Reg
-0.00009   0.00713   0.00243   0.30044;
 0.00092  -0.00002   0.00001   4.16448;
-0.00748  -0.00004  -0.00016  -4.04865;
 0.00000   0.00000   0.00000   0.00000;

Computing change in lh position
LH rmsDiffMean 5.668081
Computing change in rh position
Surface-RMS-Diff-mm 5.833018 0.188967 6.192421
mri_segreg done
mri_segreg --mov /localscratch/bpinsard.41451890.0/freesurfer_crosssectional_autorecon3_sub06_ses008.job/sub-06_ses-008/mri/transforms/tmp.bbregister.208058/template.nii --init-reg /localscratch/bpinsard.41451890.0/freesurfer_crosssectional_autorecon3_sub06_ses008.job/sub-06_ses-008/mri/transforms/tmp.bbregister.208058/bbr.pass1.dat --out-reg /localscratch/bpinsard.41451890.0/freesurfer_crosssectional_autorecon3_sub06_ses008.job/sub-06_ses-008/mri/transforms/T2raw.auto.dat --interp trilinear --wm-proj-abs 1 --tol 1e-8 --tol1d 1e-3 --c0 0 --mincost /localscratch/bpinsard.41451890.0/freesurfer_crosssectional_autorecon3_sub06_ses008.job/sub-06_ses-008/mri/transforms/T2raw.auto.dat.mincost --dof 6 --nmax 36 --param /localscratch/bpinsard.41451890.0/freesurfer_crosssectional_autorecon3_sub06_ses008.job/sub-06_ses-008/mri/transforms/T2raw.auto.dat.param --surf white --brute -0.1 0.1 0.1 --cur-reg /localscratch/bpinsard.41451890.0/freesurfer_crosssectional_autorecon3_sub06_ses008.job/sub-06_ses-008/mri/transforms/tmp.bbregister.208058/reg.curopt.dat --gm-proj-abs 2 --nsub 1 --gm-gt-wm 0.5
7.4.1
setenv SUBJECTS_DIR /localscratch/bpinsard.41451890.0/freesurfer_crosssectional_autorecon3_sub06_ses008.job
cd /localscratch/bpinsard.41451890.0/freesurfer_crosssectional_autorecon3_sub06_ses008.job/sub-06_ses-008/scripts
mri_segreg --mov /localscratch/bpinsard.41451890.0/freesurfer_crosssectional_autorecon3_sub06_ses008.job/sub-06_ses-008/mri/transforms/tmp.bbregister.208058/template.nii --init-reg /localscratch/bpinsard.41451890.0/freesurfer_crosssectional_autorecon3_sub06_ses008.job/sub-06_ses-008/mri/transforms/tmp.bbregister.208058/bbr.pass1.dat --out-reg /localscratch/bpinsard.41451890.0/freesurfer_crosssectional_autorecon3_sub06_ses008.job/sub-06_ses-008/mri/transforms/T2raw.auto.dat --interp trilinear --wm-proj-abs 1 --tol 1e-8 --tol1d 1e-3 --c0 0 --mincost /localscratch/bpinsard.41451890.0/freesurfer_crosssectional_autorecon3_sub06_ses008.job/sub-06_ses-008/mri/transforms/T2raw.auto.dat.mincost --dof 6 --nmax 36 --param /localscratch/bpinsard.41451890.0/freesurfer_crosssectional_autorecon3_sub06_ses008.job/sub-06_ses-008/mri/transforms/T2raw.auto.dat.param --surf white --brute -0.1 0.1 0.1 --cur-reg /localscratch/bpinsard.41451890.0/freesurfer_crosssectional_autorecon3_sub06_ses008.job/sub-06_ses-008/mri/transforms/tmp.bbregister.208058/reg.curopt.dat --gm-proj-abs 2 --nsub 1 --gm-gt-wm 0.5 
sysname  Linux
hostname bc12334.int.ets1.calculquebec.ca
machine  x86_64
user     bpinsard
movvol /localscratch/bpinsard.41451890.0/freesurfer_crosssectional_autorecon3_sub06_ses008.job/sub-06_ses-008/mri/transforms/tmp.bbregister.208058/template.nii
regfile /localscratch/bpinsard.41451890.0/freesurfer_crosssectional_autorecon3_sub06_ses008.job/sub-06_ses-008/mri/transforms/tmp.bbregister.208058/bbr.pass1.dat
subject sub-06_ses-008
dof 6
outregfile /localscratch/bpinsard.41451890.0/freesurfer_crosssectional_autorecon3_sub06_ses008.job/sub-06_ses-008/mri/transforms/T2raw.auto.dat
UseMask 0
UseLH 1
UseRH 1
nsubsamp 1
PenaltySign  -1
PenaltySlope 0.500000
PenaltyCenter 0.000000
surfname white
GMProjAbs 2.000000
WMProjAbs 1.000000
lhcostfile (null)
rhcostfile (null)
interp  trilinear (1)
frame  0
TolPowell 0.000000
nMaxItersPowell 36
n1dmin  3
Profile   0
Gdiag_no  -1
AddNoise  0 (0)
SynthSeed 1696962944
TransRandMax 0.000000
RotRandMax 0.000000
Translations 0.000000 0.000000 0.000000
Rotations   0.000000 0.000000 0.000000
Input reg
-0.99977  -0.00947  -0.01908  -0.41566;
-0.01674  -0.20450   0.97872   9.45364;
 0.01317  -0.97882  -0.20430   9.18674;
 0.00000   0.00000   0.00000   1.00000;

Loading mov
ExcludeZeroVoxels 1
Reading in targ vol /localscratch/bpinsard.41451890.0/freesurfer_crosssectional_autorecon3_sub06_ses008.job/sub-06_ses-008/mri/orig.mgz
Projecting LH Surfs
Loading lh.white surf
GM Proj: 0 0.500000 2.000000
WM Proj: 0 0.500000 1.000000
Projecting RH Surfs
Loading rh.white surf
Projecting RH Surfs
Using lh.cortex.label
Using rh.cortex.label
Computing relative cost
 0  -25.0 -25.0 -25.0   0.993032
 1  -25.0 -25.0  25.0   1.000130
 2  -25.0  25.0 -25.0   1.001733
 3  -25.0  25.0  25.0   1.011000
 4   25.0 -25.0 -25.0   0.978127
 5   25.0 -25.0  25.0   0.986706
 6   25.0  25.0 -25.0   0.984179
 7   25.0  25.0  25.0   0.986240
REL:  8  0.875791    7.941146  0.992643 rel = 0.882282 
Initial costs ----------------
Number of surface hits 393843
WM  Intensity  1008.3493 +/- 614.8923
Ctx Intensity  1045.2073 +/- 631.8562
Pct Contrast      2.9609 +/-  46.7136
Cost   0.8758
RelCost   0.8823

------------------------------------
Brute force preopt -0.1 0.1 0.1, n = 729
     0  -0.1000  -0.1000  -0.1000  -0.1000  -0.1000  -0.1000      0.8556   0.8556  0.0
     3  -0.1000  -0.1000  -0.1000  -0.1000   0.0000  -0.1000      0.8546   0.8546  0.0
     4  -0.1000  -0.1000  -0.1000  -0.1000   0.0000   0.0000      0.8543   0.8543  0.0
     8  -0.1000  -0.1000  -0.1000  -0.1000   0.1000   0.1000      0.8543   0.8543  0.0
     9  -0.1000  -0.1000  -0.1000   0.0000  -0.1000  -0.1000      0.8541   0.8541  0.0
    12  -0.1000  -0.1000  -0.1000   0.0000   0.0000  -0.1000      0.8526   0.8526  0.0
    17  -0.1000  -0.1000  -0.1000   0.0000   0.1000   0.1000      0.8518   0.8518  0.0
    19  -0.1000  -0.1000  -0.1000   0.1000  -0.1000   0.0000      0.8505   0.8505  0.0
    36  -0.1000  -0.1000   0.0000   0.0000  -0.1000  -0.1000      0.8499   0.8499  0.0
    46  -0.1000  -0.1000   0.0000   0.1000  -0.1000   0.0000      0.8450   0.8450  0.0
    47  -0.1000  -0.1000   0.0000   0.1000  -0.1000   0.1000      0.8449   0.8449  0.0
    73  -0.1000  -0.1000   0.1000   0.1000  -0.1000   0.0000      0.8433   0.8433  0.0
    74  -0.1000  -0.1000   0.1000   0.1000  -0.1000   0.1000      0.8419   0.8419  0.0
Brute Force --------------------------
Min cost was 0.841911
Number of iterations   729
Search time 2.592422 sec
Parameters at best (transmm, rotdeg)
 -0.100  -0.100   0.100  0.100 -0.100  0.100 
--------------------------------------------

Starting Powell Minimization
Init Powel Params dof = 6
0 -0.1
1 -0.1
2 0.1
3 0.1
4 -0.1
5 0.1
fs_powell::minimize
  nparams 6
  maxfev 36
  ftol   0.000000
  linmin_xtol_   0.001000
  powell nthiter 0: fret = 0.876728
   2  0.900 -0.100  0.100  0.100 -0.100  0.100   0.8742026871
   6  0.518 -0.100  0.100  0.100 -0.100  0.100   0.8726897876
   7  0.282 -0.100  0.100  0.100 -0.100  0.100   0.8726690904
   8  0.393 -0.100  0.100  0.100 -0.100  0.100   0.8724442352
  22  0.393 -0.312  0.100  0.100 -0.100  0.100   0.8719568504
  23  0.393 -0.322  0.100  0.100 -0.100  0.100   0.8719124047
  26  0.393 -0.354  0.100  0.100 -0.100  0.100   0.8718228448
  27  0.393 -0.355  0.100  0.100 -0.100  0.100   0.8718225449
  37  0.393 -0.357  0.197  0.100 -0.100  0.100   0.8716176738
  38  0.393 -0.357  0.236  0.100 -0.100  0.100   0.8714987464
  39  0.393 -0.357  0.330  0.100 -0.100  0.100   0.8714948392
  40  0.393 -0.357  0.284  0.100 -0.100  0.100   0.8714868127
  43  0.393 -0.357  0.277  0.100 -0.100  0.100   0.8714843040
  55  0.393 -0.357  0.277  0.063 -0.100  0.100   0.8713737542
  57  0.393 -0.357  0.277  0.039 -0.100  0.100   0.8713304115
  58  0.393 -0.357  0.277  0.031 -0.100  0.100   0.8713169047
  60  0.393 -0.357  0.277  0.032 -0.100  0.100   0.8713161760
  61  0.393 -0.357  0.277  0.033 -0.100  0.100   0.8713157248
  66  0.393 -0.357  0.277  0.033 -1.718  0.100   0.8686341751
  71  0.393 -0.357  0.277  0.033 -1.100  0.100   0.8686262488
  72  0.393 -0.357  0.277  0.033 -1.406  0.100   0.8684427169
  73  0.393 -0.357  0.277  0.033 -1.407  0.100   0.8684395642
  75  0.393 -0.357  0.277  0.033 -1.452  0.100   0.8684051117
  76  0.393 -0.357  0.277  0.033 -1.437  0.100   0.8684001613
  79  0.393 -0.357  0.277  0.033 -1.432  0.100   0.8683969506
  80  0.393 -0.357  0.277  0.033 -1.431  0.100   0.8683969244
  87  0.393 -0.357  0.277  0.033 -1.431  0.482   0.8681518041
  88  0.393 -0.357  0.277  0.033 -1.431  0.351   0.8675292273
  89  0.393 -0.357  0.277  0.033 -1.431  0.306   0.8674564888
  90  0.393 -0.357  0.277  0.033 -1.431  0.284   0.8673851839
  94  0.393 -0.357  0.277  0.033 -1.431  0.287   0.8673849848
  97  0.393 -0.357  0.277  0.033 -1.431  0.286   0.8673843964
  powell nthiter 1: fret = 0.867384
 103 -0.225 -0.357  0.277  0.033 -1.431  0.286   0.8658163035
 104 -0.607 -0.357  0.277  0.033 -1.431  0.286   0.8658071458
 105 -0.421 -0.357  0.277  0.033 -1.431  0.286   0.8655319479
 106 -0.418 -0.357  0.277  0.033 -1.431  0.286   0.8655262993
 109 -0.417 -0.357  0.277  0.033 -1.431  0.286   0.8655262705
 115 -0.417 -0.975  0.277  0.033 -1.431  0.286   0.8647738983
 118 -0.417 -1.121  0.277  0.033 -1.431  0.286   0.8645454398
 120 -0.417 -1.075  0.277  0.033 -1.431  0.286   0.8645118683
 121 -0.417 -1.082  0.277  0.033 -1.431  0.286   0.8644859368
 122 -0.417 -1.094  0.277  0.033 -1.431  0.286   0.8644776231
 124 -0.417 -1.092  0.277  0.033 -1.431  0.286   0.8644768470
 134 -0.417 -1.092  0.286  0.033 -1.431  0.286   0.8644583187
 139 -0.417 -1.092  0.285  0.033 -1.431  0.286   0.8644580879
 147 -0.417 -1.092  0.285  0.199 -1.431  0.286   0.8641809618
 151 -0.417 -1.092  0.285  0.196 -1.431  0.286   0.8641789689
 153 -0.417 -1.092  0.285  0.195 -1.431  0.286   0.8641788647
 157 -0.417 -1.092  0.285  0.195 -3.049  0.286   0.8588638023
 158 -0.417 -1.092  0.285  0.195 -2.573  0.286   0.8562515358
 162 -0.417 -1.092  0.285  0.195 -2.457  0.286   0.8558200209
 166 -0.417 -1.092  0.285  0.195 -2.437  0.286   0.8558099091
 168 -0.417 -1.092  0.285  0.195 -2.427  0.286   0.8558053229
 170 -0.417 -1.092  0.285  0.195 -2.431  0.286   0.8558037592
 172 -0.417 -1.092  0.285  0.195 -2.430  0.286   0.8558032372
 182 -0.417 -1.092  0.285  0.195 -2.430  0.312   0.8557020314
 183 -0.417 -1.092  0.285  0.195 -2.430  0.318   0.8556998993
 184 -0.417 -1.092  0.285  0.195 -2.430  0.317   0.8556976459
 185 -0.417 -1.092  0.285  0.195 -2.430  0.316   0.8556967480
  powell nthiter 2: fret = 0.855697
 199 -0.422 -1.092  0.285  0.195 -2.430  0.316   0.8556902855
 211 -0.422 -1.104  0.285  0.195 -2.430  0.316   0.8556591905
 213 -0.422 -1.112  0.285  0.195 -2.430  0.316   0.8556477763
 224 -0.422 -1.112  0.253  0.195 -2.430  0.316   0.8555855092
 227 -0.422 -1.112  0.252  0.195 -2.430  0.316   0.8555841441
 235 -0.422 -1.112  0.252  0.235 -2.430  0.316   0.8554756242
 237 -0.422 -1.112  0.252  0.227 -2.430  0.316   0.8554408000
 239 -0.422 -1.112  0.252  0.226 -2.430  0.316   0.8554407485
 263 -0.422 -1.112  0.252  0.226 -2.430  0.314   0.8554405044
 265 -0.422 -1.112  0.252  0.226 -2.430  0.315   0.8554398808
 266 -0.427 -1.133  0.218  0.257 -2.430  0.313   0.8554324144
 272 -0.425 -1.125  0.231  0.245 -2.430  0.314   0.8554290833
 274 -0.426 -1.128  0.226  0.249 -2.430  0.314   0.8554235318
 276 -0.426 -1.128  0.226  0.249 -2.430  0.314   0.8554233933
  powell nthiter 3: fret = 0.855423
 290 -0.427 -1.128  0.226  0.249 -2.430  0.314   0.8554228058
 292 -0.428 -1.128  0.226  0.249 -2.430  0.314   0.8554226660
 299 -0.428 -1.092  0.226  0.249 -2.430  0.314   0.8553840415
 301 -0.428 -1.087  0.226  0.249 -2.430  0.314   0.8553730934
 302 -0.428 -1.080  0.226  0.249 -2.430  0.314   0.8553661359
 303 -0.428 -1.079  0.226  0.249 -2.430  0.314   0.8553659269
 313 -0.428 -1.079  0.198  0.249 -2.430  0.314   0.8553049284
 329 -0.428 -1.079  0.197  0.249 -2.430  0.310   0.8553014699
 340 -0.428 -1.079  0.197  0.249 -2.431  0.310   0.8552997180
 342 -0.428 -1.079  0.197  0.249 -2.436  0.310   0.8552980176
 343 -0.428 -1.079  0.197  0.249 -2.434  0.310   0.8552964338
 347 -0.434 -1.100  0.164  0.280 -2.434  0.309   0.8552021727
 348 -0.442 -1.134  0.110  0.330 -2.434  0.307   0.8550961651
 355 -0.441 -1.131  0.115  0.326 -2.434  0.307   0.8550897241
 356 -0.441 -1.131  0.115  0.326 -2.434  0.307   0.8550897100
 358 -0.461 -1.150 -0.022  0.427 -2.439  0.300   0.8550076787
 365 -0.463 -1.151 -0.034  0.436 -2.439  0.299   0.8549907410
 367 -0.463 -1.152 -0.040  0.440 -2.439  0.299   0.8549805461
 369 -0.464 -1.152 -0.043  0.442 -2.439  0.299   0.8549790521
 370 -0.464 -1.152 -0.043  0.442 -2.439  0.299   0.8549790083
  powell nthiter 4: fret = 0.854979
 380 -0.628 -1.152 -0.043  0.442 -2.439  0.299   0.8549173067
 384 -0.654 -1.152 -0.043  0.442 -2.439  0.299   0.8549067307
 385 -0.669 -1.152 -0.043  0.442 -2.439  0.299   0.8549007579
 387 -0.663 -1.152 -0.043  0.442 -2.439  0.299   0.8548959967
 389 -0.666 -1.152 -0.043  0.442 -2.439  0.299   0.8548948834
 391 -0.665 -1.152 -0.043  0.442 -2.439  0.299   0.8548947265
 398 -0.665 -1.024 -0.043  0.442 -2.439  0.299   0.8543225192
 401 -0.665 -1.032 -0.043  0.442 -2.439  0.299   0.8543178604
 402 -0.665 -1.031 -0.043  0.442 -2.439  0.299   0.8543175150
 403 -0.665 -1.030 -0.043  0.442 -2.439  0.299   0.8543171899
 416 -0.665 -1.030 -0.060  0.442 -2.439  0.299   0.8542707550
 418 -0.665 -1.030 -0.059  0.442 -2.439  0.299   0.8542702568
 426 -0.665 -1.030 -0.059  0.442 -2.439  0.146   0.8541341430
 429 -0.665 -1.030 -0.059  0.442 -2.439  0.160   0.8541256972
 433 -0.665 -1.030 -0.059  0.442 -2.439  0.161   0.8541256766
 442 -0.665 -1.030 -0.059  0.442 -2.399  0.161   0.8539757022
 443 -0.665 -1.030 -0.059  0.442 -2.388  0.161   0.8539540597
 446 -0.665 -1.030 -0.059  0.442 -2.389  0.161   0.8539525333
 448 -0.665 -1.030 -0.059  0.442 -2.390  0.161   0.8539518175
 449 -0.665 -1.030 -0.059  0.442 -2.391  0.161   0.8539517059
 456 -0.659 -1.024 -0.019  0.413 -2.390  0.163   0.8539215508
 458 -0.659 -1.024 -0.017  0.412 -2.390  0.163   0.8539208196
 460 -0.658 -1.023 -0.011  0.407 -2.390  0.164   0.8539204111
 461 -0.658 -1.024 -0.013  0.409 -2.390  0.163   0.8539196813
 465 -0.875 -0.916 -0.142  0.492 -2.346  0.020   0.8539119161
 471 -0.792 -0.957 -0.093  0.460 -2.363  0.075   0.8535982532
 475 -0.791 -0.958 -0.092  0.460 -2.363  0.076   0.8535979551
 476 -0.790 -0.959 -0.091  0.459 -2.363  0.076   0.8535979222
 477 -0.790 -0.958 -0.092  0.459 -2.363  0.076   0.8535978733
  powell nthiter 5: fret = 0.853598
 487 -0.799 -0.958 -0.091  0.459 -2.363  0.076   0.8535973213
 488 -0.795 -0.958 -0.091  0.459 -2.363  0.076   0.8535938168
 490 -0.796 -0.958 -0.091  0.459 -2.363  0.076   0.8535931236
 491 -0.797 -0.958 -0.091  0.459 -2.363  0.076   0.8535928959
 498 -0.797 -0.958 -0.089  0.457 -2.363  0.076   0.8535919071
 500 -0.797 -0.958 -0.090  0.458 -2.363  0.076   0.8535918604
 501 -0.797 -0.958 -0.089  0.458 -2.363  0.076   0.8535918248
 502 -0.797 -0.958 -0.089  0.458 -2.363  0.076   0.8535918046
 512 -0.797 -0.958 -0.081  0.458 -2.363  0.076   0.8535848349
 516 -0.797 -0.958 -0.078  0.458 -2.363  0.076   0.8535847882
 518 -0.797 -0.958 -0.079  0.458 -2.363  0.076   0.8535843804
 529 -0.797 -0.958 -0.079  0.458 -2.363  0.077   0.8535835511
 543 -0.797 -0.958 -0.079  0.458 -2.364  0.077   0.8535826436
 555 -0.796 -0.959 -0.078  0.457 -2.364  0.078   0.8535824298
  powell nthiter 6: fret = 0.853582
 581 -0.796 -0.959 -0.079  0.458 -2.364  0.078   0.8535823611
 582 -0.796 -0.959 -0.079  0.458 -2.364  0.078   0.8535823388
 583 -0.796 -0.959 -0.079  0.458 -2.364  0.078   0.8535823360
 607 -0.796 -0.959 -0.079  0.458 -2.364  0.077   0.8535823010
 621 -0.796 -0.959 -0.079  0.458 -2.365  0.077   0.8535813678
 632 -0.795 -0.959 -0.079  0.458 -2.365  0.077   0.8535812225
 633 -0.795 -0.959 -0.079  0.458 -2.365  0.077   0.8535812128
 641 -0.795 -0.959 -0.079  0.458 -2.366  0.077   0.8535811460
 645 -0.795 -0.959 -0.079  0.458 -2.366  0.077   0.8535811279
  powell nthiter 7: fret = 0.853581
 670 -0.795 -0.959 -0.077  0.457 -2.366  0.077   0.8535808821
 672 -0.795 -0.959 -0.078  0.457 -2.366  0.077   0.8535807894
 708 -0.795 -0.959 -0.078  0.457 -2.366  0.077   0.8535807764
 712 -0.796 -0.958 -0.078  0.457 -2.366  0.077   0.8535807349
 714 -0.795 -0.959 -0.078  0.457 -2.367  0.076   0.8535806464
 718 -0.795 -0.959 -0.078  0.457 -2.366  0.076   0.8535805718
 719 -0.795 -0.959 -0.078  0.457 -2.366  0.076   0.8535805136
 738 -0.795 -0.959 -0.078  0.457 -2.368  0.074   0.8535804878
 739 -0.795 -0.959 -0.078  0.457 -2.368  0.074   0.8535804774
 741 -0.795 -0.959 -0.078  0.457 -2.368  0.075   0.8535804490
  powell nthiter 8: fret = 0.853580
 768 -0.796 -0.958 -0.078  0.457 -2.367  0.075   0.8535802973
 769 -0.796 -0.958 -0.077  0.457 -2.367  0.075   0.8535801874
 776 -0.796 -0.958 -0.077  0.457 -2.367  0.075   0.8535801744
 789 -0.796 -0.958 -0.076  0.457 -2.367  0.075   0.8535799800
 814 -0.795 -0.959 -0.076  0.456 -2.367  0.076   0.8535799638
 818 -0.795 -0.959 -0.076  0.456 -2.368  0.075   0.8535799627
 822 -0.795 -0.959 -0.076  0.456 -2.368  0.075   0.8535798482
 831 -0.795 -0.959 -0.076  0.456 -2.368  0.075   0.8535798406
  powell nthiter 9: fret = 0.853580
 859 -0.795 -0.959 -0.076  0.456 -2.368  0.075   0.8535798252
 862 -0.795 -0.959 -0.076  0.456 -2.368  0.075   0.8535798238
 864 -0.795 -0.959 -0.076  0.456 -2.368  0.075   0.8535798141
Powell done niters = 9
Computing relative cost
 0  -25.0 -25.0 -25.0   1.001523
 1  -25.0 -25.0  25.0   0.998638
 2  -25.0  25.0 -25.0   0.998712
 3  -25.0  25.0  25.0   0.990471
 4   25.0 -25.0 -25.0   0.975844
 5   25.0 -25.0  25.0   1.003176
 6   25.0  25.0 -25.0   0.981191
 7   25.0  25.0  25.0   0.990631
REL:  8  0.853580    7.940186  0.992523 rel = 0.86001 
Number of iterations     9
Min cost was 0.853580
Number of FunctionCalls   917
TolPowell 0.000000
nMaxItersPowell 36
OptimizationTime 128.115874 sec
Parameters at optimum (transmm) -0.79471 -0.95884 -0.07561
Parameters at optimum (rotdeg)  0.45613 -2.36759  0.07539 
Final costs ----------------
Number of surface hits 393843
WM  Intensity   994.3018 +/- 610.7724
Ctx Intensity  1041.6843 +/- 623.9769
Pct Contrast      4.6920 +/-  46.5392
Cost   0.8536
RelCost   0.8823
Reg at min cost was 
-0.99943   0.03130  -0.01223  -1.60496;
-0.01816  -0.19666   0.98030   8.42031;
-0.02828  -0.97997  -0.19712   9.16102;
 0.00000   0.00000   0.00000   1.00000;

Writing optimal reg to /localscratch/bpinsard.41451890.0/freesurfer_crosssectional_autorecon3_sub06_ses008.job/sub-06_ses-008/mri/transforms/T2raw.auto.dat, type = 14 
Original Reg 
-0.99977  -0.00947  -0.01908  -0.41566;
-0.01674  -0.20450   0.97872   9.45364;
 0.01317  -0.97882  -0.20430   9.18674;
 0.00000   0.00000   0.00000   1.00000;

Original Reg - Optimal Reg
-0.00034  -0.04077  -0.00684   1.18931;
 0.00142  -0.00784  -0.00158   1.03333;
 0.04145   0.00115  -0.00718   0.02572;
 0.00000   0.00000   0.00000   0.00000;

Computing change in lh position
LH rmsDiffMean 2.707307
Computing change in rh position
Surface-RMS-Diff-mm 2.667295 1.077002 5.165501
mri_segreg done
MinCost: 0.853580 994.301830 1041.684257 4.691997 
tkregister2_cmdl --mov /localscratch/bpinsard.41451890.0/freesurfer_crosssectional_autorecon3_sub06_ses008.job/sub-06_ses-008/mri/orig/T2raw.mgz --reg /localscratch/bpinsard.41451890.0/freesurfer_crosssectional_autorecon3_sub06_ses008.job/sub-06_ses-008/mri/transforms/T2raw.auto.dat --noedit --ltaout /localscratch/bpinsard.41451890.0/freesurfer_crosssectional_autorecon3_sub06_ses008.job/sub-06_ses-008/mri/transforms/T2raw.auto.lta
INFO: no target volume specified, assuming FreeSurfer orig volume.
target  volume orig
movable volume /localscratch/bpinsard.41451890.0/freesurfer_crosssectional_autorecon3_sub06_ses008.job/sub-06_ses-008/mri/orig/T2raw.mgz
reg file       /localscratch/bpinsard.41451890.0/freesurfer_crosssectional_autorecon3_sub06_ses008.job/sub-06_ses-008/mri/transforms/T2raw.auto.dat
LoadVol        0
ZeroCRAS       0
7.4.1
Diagnostic Level -1
---- Input registration matrix --------
-0.99943   0.03130  -0.01223  -1.60496;
-0.01816  -0.19666   0.98030   8.42031;
-0.02828  -0.97997  -0.19712   9.16102;
 0.00000   0.00000   0.00000   1.00000;
float2int = 0
---------------------------------------
INFO: loading target /localscratch/bpinsard.41451890.0/freesurfer_crosssectional_autorecon3_sub06_ses008.job/sub-06_ses-008/mri/orig.mgz
INFO: target does not conform to COR format, so I'm going to
reslice to COR. This will not affect the final registration.
Ttarg: --------------------
-1.00000   0.00000   0.00000   128.00000;
 0.00000   0.00000   1.00000  -128.00000;
 0.00000  -1.00000   0.00000   128.00000;
 0.00000   0.00000   0.00000   1.00000;
INFO: loading movable /localscratch/bpinsard.41451890.0/freesurfer_crosssectional_autorecon3_sub06_ses008.job/sub-06_ses-008/mri/orig/T2raw.mgz
Tmov: --------------------
-0.80000   0.00000   0.00000   83.19952;
 0.00000   0.00000   0.80000  -128.00000;
 0.00000  -0.80000   0.00000   120.00000;
 0.00000   0.00000   0.00000   1.00000;
mkheaderreg = 0, float2int = 0
---- Input registration matrix --------
-0.99943   0.03130  -0.01223  -1.60498;
-0.01816  -0.19666   0.98030   8.42033;
-0.02828  -0.97997  -0.19712   9.16103;
 0.00000   0.00000   0.00000   1.00000;
Determinant -1
subject = sub-06_ses-008
RegMat ---------------------------
-0.99943   0.03130  -0.01223  -1.60496;
-0.01816  -0.19666   0.98030   8.42031;
-0.02828  -0.97997  -0.19712   9.16102;
 0.00000   0.00000   0.00000   1.00000;
Cleaning up
 
Started at Sun Oct 8 06:10:08 UTC 2023 
Ended   at Sun Oct  8 06:14:25 UTC 2023
BBR-Run-Time-Sec 257
 
bbregister Done
To check results, run:
tkregisterfv --mov /localscratch/bpinsard.41451890.0/freesurfer_crosssectional_autorecon3_sub06_ses008.job/sub-06_ses-008/mri/orig/T2raw.mgz --reg /localscratch/bpinsard.41451890.0/freesurfer_crosssectional_autorecon3_sub06_ses008.job/sub-06_ses-008/mri/transforms/T2raw.auto.lta --surfs  --sd /localscratch/bpinsard.41451890.0/freesurfer_crosssectional_autorecon3_sub06_ses008.job
