status file for recon-all
Thu Oct  5 12:12:26 UTC 2023
#@# MotionCor Thu Oct  5 12:12:33 UTC 2023
#@# Talairach Thu Oct  5 12:12:46 UTC 2023
#@# Talairach Failure Detection Thu Oct  5 12:22:12 UTC 2023
#@# Talairach Thu Oct  5 12:22:12 UTC 2023
#@# Talairach Failure Detection Thu Oct  5 12:31:11 UTC 2023
#@# Nu Intensity Correction Thu Oct  5 12:31:11 UTC 2023
#@# Intensity Normalization Thu Oct  5 12:40:40 UTC 2023
#@# Skull Stripping Thu Oct  5 12:47:50 UTC 2023
recon-all -s sub-03_ses-011 finished without error at Thu Oct  5 12:52:46 UTC 2023



#New# invocation of recon-all 



status file for recon-all
Thu Oct  5 13:17:44 UTC 2023
#@# EM Registration Thu Oct  5 13:17:44 UTC 2023
#@# CA Normalize Thu Oct  5 13:21:17 UTC 2023
#@# CA Reg Thu Oct  5 13:24:45 UTC 2023
#@# SubCort Seg Thu Oct  5 14:37:19 UTC 2023
#@# CC Seg Thu Oct  5 16:25:16 UTC 2023
#@# Merge ASeg Thu Oct  5 16:26:58 UTC 2023
#@# Intensity Normalization2 Thu Oct  5 16:26:58 UTC 2023
#@# Mask BFS Thu Oct  5 16:34:48 UTC 2023
#@# WM Segmentation Thu Oct  5 16:34:51 UTC 2023
#@# Fill Thu Oct  5 16:42:38 UTC 2023
#@# Tessellate lh Thu Oct  5 16:45:15 UTC 2023
#@# Tessellate rh Thu Oct  5 16:45:23 UTC 2023
#@# Smooth1 lh Thu Oct  5 16:45:32 UTC 2023
#@# Smooth1 rh Thu Oct  5 16:45:38 UTC 2023
#@# Inflation1 lh Thu Oct  5 16:45:44 UTC 2023
#@# Inflation1 rh Thu Oct  5 16:46:15 UTC 2023
#@# QSphere lh Thu Oct  5 16:46:47 UTC 2023
#@# QSphere rh Thu Oct  5 16:49:33 UTC 2023
#@# Fix Topology lh Thu Oct  5 16:51:53 UTC 2023
#@# Fix Topology rh Thu Oct  5 16:54:10 UTC 2023
#@# Smooth2 lh Thu Oct  5 17:15:50 UTC 2023
#@# Smooth2 rh Thu Oct  5 17:15:57 UTC 2023
#@# Inflation2 lh Thu Oct  5 17:16:04 UTC 2023
#@# Inflation2 rh Thu Oct  5 17:16:39 UTC 2023
#@# Curv .H and .K lh Thu Oct  5 17:17:15 UTC 2023
#@# Curv .H and .K rh Thu Oct  5 17:19:09 UTC 2023
recon-all -s sub-03_ses-011 finished without error at Thu Oct  5 17:21:03 UTC 2023



#New# invocation of recon-all 



status file for recon-all
Thu Oct  5 17:21:46 UTC 2023
#@# Sphere lh Thu Oct  5 17:21:46 UTC 2023
#@# Sphere rh Thu Oct  5 17:32:42 UTC 2023
#@# Surf Reg lh Thu Oct  5 17:43:51 UTC 2023
#@# Surf Reg rh Thu Oct  5 17:54:34 UTC 2023
#@# Jacobian white lh Thu Oct  5 18:04:31 UTC 2023
#@# Jacobian white rh Thu Oct  5 18:04:33 UTC 2023
#@# AvgCurv lh Thu Oct  5 18:04:35 UTC 2023
#@# AvgCurv rh Thu Oct  5 18:04:36 UTC 2023
#@# Cortical Parc lh Thu Oct  5 18:04:38 UTC 2023
#@# Cortical Parc rh Thu Oct  5 18:05:02 UTC 2023
#@# white curv lh Thu Oct  5 18:25:13 UTC 2023
#@# white area lh Thu Oct  5 18:25:17 UTC 2023
#@# pial curv lh Thu Oct  5 18:25:18 UTC 2023
#@# pial area lh Thu Oct  5 18:25:23 UTC 2023
#@# thickness lh Thu Oct  5 18:25:25 UTC 2023
#@# area and vertex vol lh Thu Oct  5 18:26:43 UTC 2023
#@# white curv rh Thu Oct  5 18:26:47 UTC 2023
#@# white area rh Thu Oct  5 18:26:52 UTC 2023
#@# pial curv rh Thu Oct  5 18:26:53 UTC 2023
#@# pial area rh Thu Oct  5 18:26:58 UTC 2023
#@# thickness rh Thu Oct  5 18:27:00 UTC 2023
#@# area and vertex vol rh Thu Oct  5 18:28:18 UTC 2023
#@# Curvature Stats lh Thu Oct  5 18:28:22 UTC 2023
#@# Curvature Stats rh Thu Oct  5 18:28:28 UTC 2023
#@# Cortical ribbon mask Thu Oct  5 18:28:34 UTC 2023
#@# Cortical Parc 2 lh Thu Oct  5 19:09:58 UTC 2023
#@# Cortical Parc 2 rh Thu Oct  5 19:10:32 UTC 2023
#@# Cortical Parc 3 lh Thu Oct  5 19:11:05 UTC 2023
#@# Cortical Parc 3 rh Thu Oct  5 19:11:28 UTC 2023
#@# WM/GM Contrast lh Thu Oct  5 19:11:52 UTC 2023
#@# WM/GM Contrast rh Thu Oct  5 19:11:59 UTC 2023
#@# Relabel Hypointensities Thu Oct  5 19:12:07 UTC 2023
#@# APas-to-ASeg Thu Oct  5 19:12:53 UTC 2023
#@# AParc-to-ASeg aparc Thu Oct  5 19:13:25 UTC 2023
#@# AParc-to-ASeg aparc.a2009s Thu Oct  5 19:18:20 UTC 2023
#@# AParc-to-ASeg aparc.DKTatlas Thu Oct  5 19:23:23 UTC 2023
#@# WMParc Thu Oct  5 19:28:20 UTC 2023
#@# Parcellation Stats lh Thu Oct  5 19:34:28 UTC 2023
#@# Parcellation Stats rh Thu Oct  5 19:36:01 UTC 2023
#@# Parcellation Stats 2 lh Thu Oct  5 19:37:32 UTC 2023
#@# Parcellation Stats 2 rh Thu Oct  5 19:38:18 UTC 2023
#@# Parcellation Stats 3 lh Thu Oct  5 19:39:05 UTC 2023
#@# Parcellation Stats 3 rh Thu Oct  5 19:39:51 UTC 2023
#@# ASeg Stats Thu Oct  5 19:40:37 UTC 2023
#@# BA_exvivo Labels lh Thu Oct  5 19:42:01 UTC 2023
#@# BA_exvivo Labels rh Thu Oct  5 19:47:58 UTC 2023
recon-all -s sub-03_ses-011 finished without error at Thu Oct  5 19:54:16 UTC 2023



#New# invocation of recon-all 



status file for recon-all
Sun Oct  8 03:55:52 UTC 2023
#@# T2/FLAIR Input Sun Oct  8 03:55:52 UTC 2023
#@# Sphere lh Sun Oct  8 03:55:57 UTC 2023
#@# Sphere rh Sun Oct  8 04:05:57 UTC 2023
#@# Surf Reg lh Sun Oct  8 04:16:25 UTC 2023
#@# Surf Reg rh Sun Oct  8 04:27:03 UTC 2023
#@# Jacobian white lh Sun Oct  8 04:37:15 UTC 2023
#@# Jacobian white rh Sun Oct  8 04:37:17 UTC 2023
#@# AvgCurv lh Sun Oct  8 04:37:18 UTC 2023
#@# AvgCurv rh Sun Oct  8 04:37:20 UTC 2023
#@# Cortical Parc lh Sun Oct  8 04:37:22 UTC 2023
#@# Cortical Parc rh Sun Oct  8 04:37:44 UTC 2023
#@# Refine Pial Surfs w/ T2/FLAIR Sun Oct  8 04:57:29 UTC 2023
#@# white curv lh Sun Oct  8 07:18:07 UTC 2023
#@# white area lh Sun Oct  8 07:18:11 UTC 2023
#@# pial curv lh Sun Oct  8 07:18:12 UTC 2023
#@# pial area lh Sun Oct  8 07:18:16 UTC 2023
#@# thickness lh Sun Oct  8 07:18:18 UTC 2023
#@# area and vertex vol lh Sun Oct  8 07:19:29 UTC 2023
#@# white curv rh Sun Oct  8 07:19:32 UTC 2023
#@# white area rh Sun Oct  8 07:19:36 UTC 2023
#@# pial curv rh Sun Oct  8 07:19:38 UTC 2023
#@# pial area rh Sun Oct  8 07:19:42 UTC 2023
#@# thickness rh Sun Oct  8 07:19:43 UTC 2023
#@# area and vertex vol rh Sun Oct  8 07:20:54 UTC 2023
#@# Curvature Stats lh Sun Oct  8 07:20:57 UTC 2023
#@# Curvature Stats rh Sun Oct  8 07:21:03 UTC 2023
#@# Cortical ribbon mask Sun Oct  8 07:21:09 UTC 2023
#@# Cortical Parc 2 lh Sun Oct  8 07:49:43 UTC 2023
#@# Cortical Parc 2 rh Sun Oct  8 07:50:14 UTC 2023
#@# Cortical Parc 3 lh Sun Oct  8 07:50:45 UTC 2023
#@# Cortical Parc 3 rh Sun Oct  8 07:51:06 UTC 2023
#@# WM/GM Contrast lh Sun Oct  8 07:51:28 UTC 2023
#@# WM/GM Contrast rh Sun Oct  8 07:51:35 UTC 2023
#@# Relabel Hypointensities Sun Oct  8 07:51:42 UTC 2023
#@# APas-to-ASeg Sun Oct  8 07:52:23 UTC 2023
#@# AParc-to-ASeg aparc Sun Oct  8 07:52:54 UTC 2023
#@# AParc-to-ASeg aparc.a2009s Sun Oct  8 07:57:18 UTC 2023
#@# AParc-to-ASeg aparc.DKTatlas Sun Oct  8 08:01:37 UTC 2023
#@# WMParc Sun Oct  8 08:06:04 UTC 2023
#@# Parcellation Stats lh Sun Oct  8 08:12:27 UTC 2023
#@# Parcellation Stats rh Sun Oct  8 08:14:02 UTC 2023
#@# Parcellation Stats 2 lh Sun Oct  8 08:15:36 UTC 2023
#@# Parcellation Stats 2 rh Sun Oct  8 08:16:25 UTC 2023
#@# Parcellation Stats 3 lh Sun Oct  8 08:17:14 UTC 2023
#@# Parcellation Stats 3 rh Sun Oct  8 08:18:02 UTC 2023
#@# ASeg Stats Sun Oct  8 08:18:50 UTC 2023
#@# BA_exvivo Labels lh Sun Oct  8 08:20:34 UTC 2023
#@# BA_exvivo Labels rh Sun Oct  8 08:26:43 UTC 2023
recon-all -s sub-03_ses-011 finished without error at Sun Oct  8 08:32:28 UTC 2023
