/localscratch/bpinsard.41394473.0/freesurfer_crosssectional_autorecon1smriprep_skullstripautorecon2autorecon3_sub04_ses005.job/sub-04_ses-005/mri
/opt/freesurfer/bin/talairach_avi
--i orig_nu.mgz --xfm transforms/talairach.auto.xfm --atlas 3T18yoSchwartzReactN32_as_orig
talairach_avi 7.4.1
Linux bc12326.int.ets1.calculquebec.ca 3.10.0-1160.99.1.el7.x86_64 #1 SMP Wed Sep 13 14:19:20 UTC 2023 x86_64 x86_64 x86_64 GNU/Linux
Thu Oct  5 12:27:55 UTC 2023
mri_convert orig_nu.mgz talsrcimg.img 
reading from orig_nu.mgz...
TR=0.00, TE=0.00, TI=0.00, flip angle=0.00
i_ras = (-1, 0, 4.65661e-09)
j_ras = (4.65661e-09, 0, -1)
k_ras = (0, 1, 0)
writing to talsrcimg.img...
Analyze Output Matrix
-0.80000   0.00000   0.00000   128.56210;
 0.00000   0.00000   0.80000  -102.86742;
 0.00000  -0.80000   0.00000   114.91107;
 0.00000   0.00000   0.00000   1.00000;
--------------------
INFO: set hdr.hist.orient to -1
mpr2mni305 talsrcimg
Thu Oct  5 12:27:55 UTC 2023
/opt/freesurfer/bin/mpr2mni305 talsrcimg
mpr2mni305 7.4.1
target=3T18yoSchwartzReactN32_as_orig

---------------------------------------------------------------------
analyzeto4dfp talsrcimg -O0 -y
---------------------------------------------------------------------

freesurfer ifh2hdr.c
Thu Oct  5 12:27:56 2023
Writing: talsrcimg.4dfp.hdr
freesurfer analyzeto4dfp.c
Reading: talsrcimg.hdr
header size 348 bytes
hdr.dime.datatype	offset=70	value=2
hdr.dime.bitpix		offset=72	value=8
hdr.hist.orient		offset=252	value=-1
dimensionality     4
dimensions       320       320       320         1
Reading: talsrcimg.img
Writing: talsrcimg.4dfp.img
Writing: talsrcimg.4dfp.ifh
ifh2hdr talsrcimg -r0to215
ori=2

---------------------------------------------------------------------
gauss_4dfp talsrcimg 1.1
---------------------------------------------------------------------

freesurfer gauss_4dfp.c
Reading: talsrcimg.4dfp.img
Writing: talsrcimg_g11.4dfp.img
image dimensions 320 320 320 padded to 384 384 384
processing volume 1freesurfer ifh2hdr.c
Thu Oct  5 12:28:11 2023
Writing: talsrcimg_g11.4dfp.hdr

Writing: talsrcimg_g11.4dfp.ifh
including: talsrcimg.4dfp.img.rec in talsrcimg_g11.4dfp.img.rec

---------------------------------------------------------------------
imgreg_4dfp /opt/freesurfer/average/3T18yoSchwartzReactN32_as_orig none talsrcimg_g11 none talsrcimg_to_3T18yoSchwartzReactN32_as_orig_t4 4355
---------------------------------------------------------------------

freesurfer imgreg_4dfp.c
/opt/freesurfer/average/3T18yoSchwartzReactN32_as_orig.4dfp.img
       256       256       256         1
  1.000000  1.000000  1.000000
orientation T byte_order littleendian
Reading image: /opt/freesurfer/average/3T18yoSchwartzReactN32_as_orig.4dfp.img
dimensions:      256       256       256
mmppix:       1.0000   -1.0000   -1.0000
center:     128.0000 -129.0000 -129.0000
talsrcimg_g11.4dfp.img
       320       320       320         1
  0.800000  0.800000  0.800000
orientation T byte_order littleendian
Reading image: talsrcimg_g11.4dfp.img
dimensions:      320       320       320
mmppix:       0.8000   -0.8000   -0.8000
center:     128.0000 -128.8000 -128.8000
t4_read: open error in t4_sub.f l:  46 t4_file(1:l)talsrcimg_to_3T18yoSchwartzReactN32_as_orig_t4 
t4_read: transform initialized to I4
rotation matrix determinant  1.000000
image alignment mode   4355 decimal     1103 hex
   -7.5000  -45.0000  -45.0000 8411.9600   31.6503
    0.0000  -45.0000  -45.0000 8710.9805   31.6748
    7.5000  -45.0000  -45.0000 8329.2998   31.6474
   -7.5000  -37.5000  -45.0000 8587.2822   33.2754
    0.0000  -37.5000  -45.0000 8904.6162   33.2701
    7.5000  -37.5000  -45.0000 8507.7959   33.2277
   -7.5000  -30.0000  -45.0000 9030.1846   33.7321
    0.0000  -30.0000  -45.0000 9426.5801   33.7410
    7.5000  -30.0000  -45.0000 9001.9902   33.7018
   -7.5000  -22.5000  -45.0000 9453.7227   34.0979
    0.0000  -22.5000  -45.0000 9935.0820   34.1292
    7.5000  -22.5000  -45.0000 9484.6045   34.1027
   -7.5000  -15.0000  -45.0000 9949.4844   34.7455
    0.0000  -15.0000  -45.000010517.2334   34.7923
    7.5000  -15.0000  -45.000010011.1748   34.7724
   -7.5000   -7.5000  -45.000010518.0410   35.5186
    0.0000   -7.5000  -45.000011139.2100   35.5632
    7.5000   -7.5000  -45.000010592.3359   35.5406
   -7.5000    0.0000  -45.000011238.4492   36.7337
    0.0000    0.0000  -45.000011865.1914   36.7640
    7.5000    0.0000  -45.000011279.0469   36.7329
   -7.5000    7.5000  -45.000011165.8848   39.0963
    0.0000    7.5000  -45.000011762.9531   39.0895
    7.5000    7.5000  -45.000011227.7061   39.0389
   -7.5000   15.0000  -45.000011478.5693   41.9997
    0.0000   15.0000  -45.000012018.6572   41.9427
    7.5000   15.0000  -45.000011445.5762   41.8773
   -7.5000   22.5000  -45.000011524.3604   44.5855
    0.0000   22.5000  -45.000012028.3203   44.5202
    7.5000   22.5000  -45.000011442.0371   44.4734
   -7.5000   30.0000  -45.000011280.2344   46.6608
    0.0000   30.0000  -45.000011759.8408   46.6054
    7.5000   30.0000  -45.000011155.7715   46.5743
   -7.5000   37.5000  -45.000011398.9639   48.8492
    0.0000   37.5000  -45.000011842.8242   48.7770
    7.5000   37.5000  -45.000011249.1240   48.7510
   -7.5000   45.0000  -45.000010966.6035   50.4052
    0.0000   45.0000  -45.000011377.9072   50.3277
    7.5000   45.0000  -45.000010798.0488   50.2882
   -7.5000  -45.0000  -37.5000 8729.6533   31.6270
    0.0000  -45.0000  -37.5000 9036.2988   31.6656
    7.5000  -45.0000  -37.5000 8631.5479   31.6527
   -7.5000  -37.5000  -37.5000 8935.8848   33.2611
    0.0000  -37.5000  -37.5000 9275.2266   33.2676
    7.5000  -37.5000  -37.5000 8852.2852   33.2342
   -7.5000  -30.0000  -37.5000 9441.9570   33.7245
    0.0000  -30.0000  -37.5000 9835.7734   33.7369
    7.5000  -30.0000  -37.5000 9381.9980   33.7042
   -7.5000  -22.5000  -37.5000 9931.2021   34.0888
    0.0000  -22.5000  -37.500010401.6221   34.1222
    7.5000  -22.5000  -37.5000 9897.8057   34.1053
   -7.5000  -15.0000  -37.500010469.7764   34.7261
    0.0000  -15.0000  -37.500011013.9424   34.7796
    7.5000  -15.0000  -37.500010453.5635   34.7745
   -7.5000   -7.5000  -37.500011084.7998   35.4905
    0.0000   -7.5000  -37.500011679.6611   35.5483
    7.5000   -7.5000  -37.500011061.3428   35.5435
   -7.5000    0.0000  -37.500011848.1533   36.7057
    0.0000    0.0000  -37.500012478.2559   36.7513
    7.5000    0.0000  -37.500011805.7090   36.7366
   -7.5000    7.5000  -37.500011769.3301   39.0799
    0.0000    7.5000  -37.500012390.6533   39.0861
    7.5000    7.5000  -37.500011754.2656   39.0460
   -7.5000   15.0000  -37.500012137.0664   41.9898
    0.0000   15.0000  -37.500012722.1826   41.9366
    7.5000   15.0000  -37.500012039.3438   41.8850
   -7.5000   22.5000  -37.500012260.8848   44.6117
    0.0000   22.5000  -37.500012810.4258   44.5450
    7.5000   22.5000  -37.500012118.5000   44.5064
   -7.5000   30.0000  -37.500012017.1299   46.6484
    0.0000   30.0000  -37.500012540.0166   46.6038
    7.5000   30.0000  -37.500011843.4277   46.5888
   -7.5000   37.5000  -37.500012156.7002   48.8297
    0.0000   37.5000  -37.500012632.7402   48.7763
    7.5000   37.5000  -37.500011932.0889   48.7701
   -7.5000   45.0000  -37.500011676.1475   50.3963
    0.0000   45.0000  -37.500012123.6250   50.3374
    7.5000   45.0000  -37.500011453.5410   50.3226
   -7.5000  -45.0000  -30.0000 9201.6797   32.8335
    0.0000  -45.0000  -30.0000 9527.6992   32.8726
    7.5000  -45.0000  -30.0000 9098.6836   32.8679
   -7.5000  -37.5000  -30.0000 9441.1807   34.5084
    0.0000  -37.5000  -30.0000 9806.6426   34.5133
    7.5000  -37.5000  -30.0000 9350.8936   34.4871
   -7.5000  -30.0000  -30.0000 9989.9141   35.0160
    0.0000  -30.0000  -30.000010422.2363   35.0251
    7.5000  -30.0000  -30.0000 9924.7393   34.9978
   -7.5000  -22.5000  -30.000010542.5283   35.4418
    0.0000  -22.5000  -30.000011031.1426   35.4683
    7.5000  -22.5000  -30.000010483.3926   35.4533
   -7.5000  -15.0000  -30.000011136.8125   36.1578
    0.0000  -15.0000  -30.000011685.4404   36.2026
    7.5000  -15.0000  -30.000011076.9873   36.1977
   -7.5000   -7.5000  -30.000011811.9844   36.9929
    0.0000   -7.5000  -30.000012396.8447   37.0462
    7.5000   -7.5000  -30.000011731.8574   37.0452
   -7.5000    0.0000  -30.000012646.3438   38.2904
    0.0000    0.0000  -30.000013264.6816   38.3353
    7.5000    0.0000  -30.000012528.9707   38.3292
   -7.5000    7.5000  -30.000012592.4473   40.7441
    0.0000    7.5000  -30.000013220.9355   40.7479
    7.5000    7.5000  -30.000012514.6699   40.7154
   -7.5000   15.0000  -30.000013030.4941   43.7761
    0.0000   15.0000  -30.000013648.1787   43.7194
    7.5000   15.0000  -30.000012877.7490   43.6813
   -7.5000   22.5000  -30.000013176.0400   46.5355
    0.0000   22.5000  -30.000013780.5928   46.4586
    7.5000   22.5000  -30.000012984.6865   46.4282
   -7.5000   30.0000  -30.000012938.1250   48.6722
    0.0000   30.0000  -30.000013498.7852   48.6175
    7.5000   30.0000  -30.000012713.0225   48.6092
   -7.5000   37.5000  -30.000013071.4053   50.9532
    0.0000   37.5000  -30.000013611.4199   50.8942
    7.5000   37.5000  -30.000012809.7363   50.8913
   -7.5000   45.0000  -30.000012554.6016   52.5747
    0.0000   45.0000  -30.000013051.6445   52.5156
    7.5000   45.0000  -30.000012276.6953   52.5140
   -7.5000  -45.0000  -22.5000 9711.6982   33.7949
    0.0000  -45.0000  -22.500010091.4150   33.8193
    7.5000  -45.0000  -22.5000 9617.9336   33.8078
   -7.5000  -37.5000  -22.5000 9982.9834   35.4899
    0.0000  -37.5000  -22.500010382.8291   35.4781
    7.5000  -37.5000  -22.5000 9904.4512   35.4485
   -7.5000  -30.0000  -22.500010565.6885   36.0193
    0.0000  -30.0000  -22.500011043.8115   36.0187
    7.5000  -30.0000  -22.500010507.4814   35.9892
   -7.5000  -22.5000  -22.500011159.4199   36.4944
    0.0000  -22.5000  -22.500011700.4189   36.5101
    7.5000  -22.5000  -22.500011097.4092   36.4873
   -7.5000  -15.0000  -22.500011807.4834   37.2842
    0.0000  -15.0000  -22.500012389.5244   37.3128
    7.5000  -15.0000  -22.500011738.4082   37.2936
   -7.5000   -7.5000  -22.500012530.9512   38.1911
    0.0000   -7.5000  -22.500013147.8076   38.2263
    7.5000   -7.5000  -22.500012439.3398   38.2111
   -7.5000    0.0000  -22.500013449.3604   39.5603
    0.0000    0.0000  -22.500014086.4932   39.5879
    7.5000    0.0000  -22.500013304.0771   39.5735
   -7.5000    7.5000  -22.500013453.9414   42.0607
    0.0000    7.5000  -22.500014099.1523   42.0452
    7.5000    7.5000  -22.500013340.7500   42.0081
   -7.5000   15.0000  -22.500013970.1943   45.1771
    0.0000   15.0000  -22.500014628.3398   45.1112
    7.5000   15.0000  -22.500013783.9990   45.0736
   -7.5000   22.5000  -22.500014104.7920   48.0077
    0.0000   22.5000  -22.500014775.0840   47.9223
    7.5000   22.5000  -22.500013901.5205   47.8940
   -7.5000   30.0000  -22.500013844.0479   50.2592
    0.0000   30.0000  -22.500014482.9395   50.1857
    7.5000   30.0000  -22.500013617.7305   50.1706
   -7.5000   37.5000  -22.500013997.9932   52.6231
    0.0000   37.5000  -22.500014606.7158   52.5400
    7.5000   37.5000  -22.500013717.3340   52.5224
   -7.5000   45.0000  -22.500013456.1289   54.2709
    0.0000   45.0000  -22.500014013.1602   54.1902
    7.5000   45.0000  -22.500013157.5117   54.1759
   -7.5000  -45.0000  -15.000010223.4326   34.4620
    0.0000  -45.0000  -15.000010665.1934   34.4712
    7.5000  -45.0000  -15.000010142.9971   34.4429
   -7.5000  -37.5000  -15.000010531.9238   36.1824
    0.0000  -37.5000  -15.000010995.4043   36.1558
    7.5000  -37.5000  -15.000010470.8564   36.1129
   -7.5000  -30.0000  -15.000011154.8896   36.7231
    0.0000  -30.0000  -15.000011680.7754   36.7160
    7.5000  -30.0000  -15.000011107.0088   36.6768
   -7.5000  -22.5000  -15.000011763.2881   37.2221
    0.0000  -22.5000  -15.000012348.9795   37.2339
    7.5000  -22.5000  -15.000011722.0801   37.1999
   -7.5000  -15.0000  -15.000012456.3350   38.0555
    0.0000  -15.0000  -15.000013080.8926   38.0770
    7.5000  -15.0000  -15.000012409.4990   38.0422
   -7.5000   -7.5000  -15.000013243.0684   39.0169
    0.0000   -7.5000  -15.000013903.5195   39.0387
    7.5000   -7.5000  -15.000013164.5059   39.0042
   -7.5000    0.0000  -15.000014253.2432   40.4478
    0.0000    0.0000  -15.000014925.6133   40.4590
    7.5000    0.0000  -15.000014113.9072   40.4256
   -7.5000    7.5000  -15.000014318.1758   42.9903
    0.0000    7.5000  -15.000014999.8047   42.9582
    7.5000    7.5000  -15.000014217.3398   42.9057
   -7.5000   15.0000  -15.000014903.4326   46.1656
    0.0000   15.0000  -15.000015585.9141   46.0925
    7.5000   15.0000  -15.000014717.4365   46.0371
   -7.5000   22.5000  -15.000015051.9521   49.0149
    0.0000   22.5000  -15.000015768.3193   48.9282
    7.5000   22.5000  -15.000014854.1045   48.8898
   -7.5000   30.0000  -15.000014790.7256   51.3521
    0.0000   30.0000  -15.000015499.8809   51.2659
    7.5000   30.0000  -15.000014571.5078   51.2327
   -7.5000   37.5000  -15.000014936.3936   53.7730
    0.0000   37.5000  -15.000015613.4189   53.6658
    7.5000   37.5000  -15.000014675.8623   53.6245
   -7.5000   45.0000  -15.000014352.5400   55.4470
    0.0000   45.0000  -15.000014978.9766   55.3421
    7.5000   45.0000  -15.000014072.7373   55.2988
   -7.5000  -45.0000   -7.500010609.9092   34.8270
    0.0000  -45.0000   -7.500011117.8652   34.8371
    7.5000  -45.0000   -7.500010554.7217   34.7993
   -7.5000  -37.5000   -7.500010952.8428   36.5839
    0.0000  -37.5000   -7.500011494.8975   36.5614
    7.5000  -37.5000   -7.500010941.1914   36.5110
   -7.5000  -30.0000   -7.500011610.3701   37.1469
    0.0000  -30.0000   -7.500012201.2754   37.1465
    7.5000  -30.0000   -7.500011613.6357   37.1010
   -7.5000  -22.5000   -7.500012271.8643   37.6533
    0.0000  -22.5000   -7.500012897.4014   37.6748
    7.5000  -22.5000   -7.500012268.7295   37.6372
   -7.5000  -15.0000   -7.500013009.4814   38.4972
    0.0000  -15.0000   -7.500013675.7793   38.5297
    7.5000  -15.0000   -7.500012993.3750   38.4920
   -7.5000   -7.5000   -7.500013862.4961   39.4855
    0.0000   -7.5000   -7.500014537.6895   39.5135
    7.5000   -7.5000   -7.500013803.1709   39.4730
   -7.5000    0.0000   -7.500014958.3096   40.9676
    0.0000    0.0000   -7.500015653.2012   40.9815
    7.5000    0.0000   -7.500014855.6094   40.9376
   -7.5000    7.5000   -7.500015122.4844   43.5592
    0.0000    7.5000   -7.500015840.0361   43.5325
    7.5000    7.5000   -7.500015053.5635   43.4713
   -7.5000   15.0000   -7.500015813.1680   46.7766
    0.0000   15.0000   -7.500016498.4023   46.7064
    7.5000   15.0000   -7.500015627.3896   46.6331
   -7.5000   22.5000   -7.500015935.1982   49.6345
    0.0000   22.5000   -7.500016660.1035   49.5547
    7.5000   22.5000   -7.500015773.9912   49.5032
   -7.5000   30.0000   -7.500015670.4541   51.9919
    0.0000   30.0000   -7.500016418.6172   51.9103
    7.5000   30.0000   -7.500015468.7373   51.8650
   -7.5000   37.5000   -7.500015846.7568   54.4406
    0.0000   37.5000   -7.500016566.4512   54.3342
    7.5000   37.5000   -7.500015607.8125   54.2853
   -7.5000   45.0000   -7.500015220.8154   56.1562
    0.0000   45.0000   -7.500015881.0439   56.0493
    7.5000   45.0000   -7.500014957.3955   55.9908
   -7.5000  -45.0000    0.000010740.4023   35.0757
    0.0000  -45.0000    0.000011269.8438   35.1028
    7.5000  -45.0000    0.000010715.4766   35.0724
   -7.5000  -37.5000    0.000011180.6436   36.8766
    0.0000  -37.5000    0.000011751.3447   36.8707
    7.5000  -37.5000    0.000011203.3076   36.8238
   -7.5000  -30.0000    0.000011839.8262   37.4705
    0.0000  -30.0000    0.000012457.1543   37.4803
    7.5000  -30.0000    0.000011878.8633   37.4368
   -7.5000  -22.5000    0.000012547.0107   37.9793
    0.0000  -22.5000    0.000013172.9287   38.0141
    7.5000  -22.5000    0.000012567.1162   37.9846
   -7.5000  -15.0000    0.000013333.2354   38.8183
    0.0000  -15.0000    0.000013976.6953   38.8704
    7.5000  -15.0000    0.000013339.6250   38.8482
   -7.5000   -7.5000    0.000014234.4287   39.8234
    0.0000   -7.5000    0.000014879.4746   39.8734
    7.5000   -7.5000    0.000014191.9697   39.8480
   -7.5000    0.0000    0.000015425.5244   41.3557
    0.0000    0.0000    0.000016081.9961   41.3898
    7.5000    0.0000    0.000015339.2480   41.3548
   -7.5000    7.5000    0.000015741.6875   44.0099
    0.0000    7.5000    0.000016446.2363   44.0023
    7.5000    7.5000    0.000015685.0498   43.9454
   -7.5000   15.0000    0.000016610.4648   47.2722
    0.0000   15.0000    0.000017279.7520   47.2080
    7.5000   15.0000    0.000016459.4062   47.1344
   -7.5000   22.5000    0.000016730.7520   50.1688
    0.0000   22.5000    0.000017408.4961   50.0954
    7.5000   22.5000    0.000016685.1816   50.0427
   -7.5000   30.0000    0.000016392.8105   52.4943
    0.0000   30.0000    0.000017143.4863   52.4319
    7.5000   30.0000    0.000016323.2090   52.3969
   -7.5000   37.5000    0.000016652.7871   54.9557
    0.0000   37.5000    0.000017432.2812   54.8744
    7.5000   37.5000    0.000016488.4473   54.8451
   -7.5000   45.0000    0.000016049.3154   56.7239
    0.0000   45.0000    0.000016790.3906   56.6367
    7.5000   45.0000    0.000015836.1602   56.5922
   -7.5000  -45.0000    7.5000 9872.0527   34.9439
    0.0000  -45.0000    7.500010345.1523   34.9866
    7.5000  -45.0000    7.5000 9857.4248   34.9724
   -7.5000  -37.5000    7.500010415.6309   36.7494
    0.0000  -37.5000    7.500010902.0166   36.7566
    7.5000  -37.5000    7.500010417.8867   36.7197
   -7.5000  -30.0000    7.500011071.5996   37.3544
    0.0000  -30.0000    7.500011603.0869   37.3681
    7.5000  -30.0000    7.500011092.3184   37.3318
   -7.5000  -22.5000    7.500011747.7480   37.8651
    0.0000  -22.5000    7.500012303.3721   37.9022
    7.5000  -22.5000    7.500011777.8369   37.8835
   -7.5000  -15.0000    7.500012496.8398   38.6950
    0.0000  -15.0000    7.500013059.1748   38.7546
    7.5000  -15.0000    7.500012525.7354   38.7490
   -7.5000   -7.5000    7.500013363.5869   39.6921
    0.0000   -7.5000    7.500013919.3486   39.7567
    7.5000   -7.5000    7.500013370.8008   39.7514
   -7.5000    0.0000    7.500014526.5654   41.2244
    0.0000    0.0000    7.500015097.4482   41.2756
    7.5000    0.0000    7.500014492.9316   41.2592
   -7.5000    7.5000    7.500014910.5234   43.8851
    0.0000    7.5000    7.500015553.3555   43.8921
    7.5000    7.5000    7.500014909.3115   43.8470
   -7.5000   15.0000    7.500015870.5381   47.1505
    0.0000   15.0000    7.500016532.7500   47.0907
    7.5000   15.0000    7.500015807.5156   47.0328
   -7.5000   22.5000    7.500016248.2373   50.0852
    0.0000   22.5000    7.500016957.6270   50.0103
    7.5000   22.5000    7.500016228.9395   49.9669
   -7.5000   30.0000    7.500016002.2637   52.3674
    0.0000   30.0000    7.500016780.0625   52.3174
    7.5000   30.0000    7.500015948.4209   52.3005
   -7.5000   37.5000    7.500016179.4521   54.8162
    0.0000   37.5000    7.500016992.4707   54.7562
    7.5000   37.5000    7.500016039.2979   54.7492
   -7.5000   45.0000    7.500015519.2998   56.5977
    0.0000   45.0000    7.500016295.1211   56.5316
    7.5000   45.0000    7.500015334.0508   56.5149
   -7.5000  -45.0000   15.0000 8898.0459   34.8222
    0.0000  -45.0000   15.0000 9305.4795   34.8637
    7.5000  -45.0000   15.0000 8858.2041   34.8587
   -7.5000  -37.5000   15.0000 9478.1953   36.5973
    0.0000  -37.5000   15.0000 9923.6357   36.6025
    7.5000  -37.5000   15.0000 9478.8936   36.5747
   -7.5000  -30.0000   15.000010091.6016   37.1938
    0.0000  -30.0000   15.000010585.0010   37.2034
    7.5000  -30.0000   15.000010116.6982   37.1744
   -7.5000  -22.5000   15.000010710.3350   37.7201
    0.0000  -22.5000   15.000011237.9678   37.7483
    7.5000  -22.5000   15.000010774.0840   37.7322
   -7.5000  -15.0000   15.000011398.4971   38.5731
    0.0000  -15.0000   15.000011959.0996   38.6209
    7.5000  -15.0000   15.000011492.5342   38.6156
   -7.5000   -7.5000   15.000012243.1855   39.5789
    0.0000   -7.5000   15.000012837.3604   39.6360
    7.5000   -7.5000   15.000012345.8701   39.6348
   -7.5000    0.0000   15.000013391.5039   41.1017
    0.0000    0.0000   15.000014025.7402   41.1499
    7.5000    0.0000   15.000013451.4805   41.1434
   -7.5000    7.5000   15.000013832.0166   43.7317
    0.0000    7.5000   15.000014525.4385   43.7358
    7.5000    7.5000   15.000013930.8506   43.7009
   -7.5000   15.0000   15.000014803.5420   46.9847
    0.0000   15.0000   15.000015529.5957   46.9239
    7.5000   15.0000   15.000014841.1299   46.8830
   -7.5000   22.5000   15.000015275.3232   49.9381
    0.0000   22.5000   15.000016069.0391   49.8555
    7.5000   22.5000   15.000015283.9844   49.8230
   -7.5000   30.0000   15.000015130.5029   52.2271
    0.0000   30.0000   15.000015956.8916   52.1683
    7.5000   30.0000   15.000015069.4258   52.1594
   -7.5000   37.5000   15.000015313.3154   54.6730
    0.0000   37.5000   15.000016126.5977   54.6096
    7.5000   37.5000   15.000015187.0107   54.6067
   -7.5000   45.0000   15.000014669.4414   56.4262
    0.0000   45.0000   15.000015399.6133   56.3627
    7.5000   45.0000   15.000014523.2949   56.3612
   -7.5000  -45.0000   22.5000 7886.9580   34.8172
    0.0000  -45.0000   22.5000 8254.3096   34.8425
    7.5000  -45.0000   22.5000 7897.3032   34.8308
   -7.5000  -37.5000   22.5000 8497.3662   36.5266
    0.0000  -37.5000   22.5000 8920.0996   36.5145
    7.5000  -37.5000   22.5000 8542.4551   36.4841
   -7.5000  -30.0000   22.5000 9051.3506   37.1131
    0.0000  -30.0000   22.5000 9527.1113   37.1126
    7.5000  -30.0000   22.5000 9131.8086   37.0822
   -7.5000  -22.5000   22.5000 9626.2676   37.6590
    0.0000  -22.5000   22.500010143.0977   37.6755
    7.5000  -22.5000   22.5000 9735.9707   37.6519
   -7.5000  -15.0000   22.500010279.2471   38.5478
    0.0000  -15.0000   22.500010830.9355   38.5776
    7.5000  -15.0000   22.500010395.0322   38.5577
   -7.5000   -7.5000   22.500011073.5449   39.5795
    0.0000   -7.5000   22.500011645.8545   39.6160
    7.5000   -7.5000   22.500011173.3887   39.6004
   -7.5000    0.0000   22.500012157.6904   41.0999
    0.0000    0.0000   22.500012751.7598   41.1287
    7.5000    0.0000   22.500012211.6055   41.1139
   -7.5000    7.5000   22.500012643.3369   43.6571
    0.0000    7.5000   22.500013268.9033   43.6410
    7.5000    7.5000   22.500012720.7373   43.6025
   -7.5000   15.0000   22.500013579.4346   46.8859
    0.0000   15.0000   22.500014247.2305   46.8175
    7.5000   15.0000   22.500013619.8418   46.7785
   -7.5000   22.5000   22.500014032.3008   49.8188
    0.0000   22.5000   22.500014748.4375   49.7306
    7.5000   22.5000   22.500014061.5957   49.7013
   -7.5000   30.0000   22.500013903.9482   52.1538
    0.0000   30.0000   22.500014641.0635   52.0778
    7.5000   30.0000   22.500013898.2930   52.0624
   -7.5000   37.5000   22.500014115.0186   54.6044
    0.0000   37.5000   22.500014837.7666   54.5178
    7.5000   37.5000   22.500014048.3047   54.4996
   -7.5000   45.0000   22.500013592.9033   56.3244
    0.0000   45.0000   22.500014251.9053   56.2400
    7.5000   45.0000   22.500013502.4785   56.2251
   -7.5000  -45.0000   30.0000 7147.7334   35.7012
    0.0000  -45.0000   30.0000 7504.7285   35.7101
    7.5000  -45.0000   30.0000 7202.4897   35.6793
   -7.5000  -37.5000   30.0000 7708.7886   37.1778
    0.0000  -37.5000   30.0000 8097.7832   37.1492
    7.5000  -37.5000   30.0000 7771.5605   37.1034
   -7.5000  -30.0000   30.0000 8238.7129   37.8226
    0.0000  -30.0000   30.0000 8657.1768   37.8145
    7.5000  -30.0000   30.0000 8312.3955   37.7725
   -7.5000  -22.5000   30.0000 8791.7324   38.4386
    0.0000  -22.5000   30.0000 9239.2344   38.4503
    7.5000  -22.5000   30.0000 8875.4600   38.4134
   -7.5000  -15.0000   30.0000 9434.3506   39.4189
    0.0000  -15.0000   30.0000 9920.8633   39.4407
    7.5000  -15.0000   30.0000 9521.5078   39.4025
   -7.5000   -7.5000   30.000010204.2646   40.5318
    0.0000   -7.5000   30.000010712.7764   40.5541
    7.5000   -7.5000   30.000010275.6602   40.5163
   -7.5000    0.0000   30.000011203.7822   42.0939
    0.0000    0.0000   30.000011740.9883   42.1047
    7.5000    0.0000   30.000011243.3945   42.0681
   -7.5000    7.5000   30.000011597.1377   44.4122
    0.0000    7.5000   30.000012156.4238   44.3775
    7.5000    7.5000   30.000011645.1260   44.3212
   -7.5000   15.0000   30.000012377.0488   47.4099
    0.0000   15.0000   30.000012986.0195   47.3329
    7.5000   15.0000   30.000012396.4365   47.2738
   -7.5000   22.5000   30.000012775.2656   50.2085
    0.0000   22.5000   30.000013431.0439   50.1176
    7.5000   22.5000   30.000012786.4014   50.0763
   -7.5000   30.0000   30.000012700.8555   52.6311
    0.0000   30.0000   30.000013347.5420   52.5400
    7.5000   30.0000   30.000012677.7627   52.5037
   -7.5000   37.5000   30.000012907.2764   55.1334
    0.0000   37.5000   30.000013545.6953   55.0195
    7.5000   37.5000   30.000012866.2676   54.9741
   -7.5000   45.0000   30.000012489.1719   56.8844
    0.0000   45.0000   30.000013064.7812   56.7725
    7.5000   45.0000   30.000012409.1543   56.7251
   -7.5000  -45.0000   37.5000 6851.9673   37.4284
    0.0000  -45.0000   37.5000 7206.2192   37.4364
    7.5000  -45.0000   37.5000 6928.9771   37.3966
   -7.5000  -37.5000   37.5000 7372.1689   38.6139
    0.0000  -37.5000   37.5000 7739.0869   38.5888
    7.5000  -37.5000   37.5000 7451.8008   38.5345
   -7.5000  -30.0000   37.5000 7936.1792   39.3476
    0.0000  -30.0000   37.5000 8346.2139   39.3479
    7.5000  -30.0000   37.5000 8025.2124   39.2992
   -7.5000  -22.5000   37.5000 8512.0605   40.0479
    0.0000  -22.5000   37.5000 8968.7930   40.0723
    7.5000  -22.5000   37.5000 8611.8555   40.0327
   -7.5000  -15.0000   37.5000 9179.3027   41.1479
    0.0000  -15.0000   37.5000 9673.1250   41.1837
    7.5000  -15.0000   37.5000 9269.6338   41.1444
   -7.5000   -7.5000   37.5000 9964.5693   42.3865
    0.0000   -7.5000   37.500010478.1914   42.4156
    7.5000   -7.5000   37.500010023.2441   42.3733
   -7.5000    0.0000   37.500010916.9473   44.0359
    0.0000    0.0000   37.500011467.4189   44.0475
    7.5000    0.0000   37.500010929.5527   44.0015
   -7.5000    7.5000   37.500011174.2314   46.0733
    0.0000    7.5000   37.500011735.8496   46.0435
    7.5000    7.5000   37.500011188.0586   45.9772
   -7.5000   15.0000   37.500011753.0479   48.7115
    0.0000   15.0000   37.500012321.8145   48.6357
    7.5000   15.0000   37.500011714.8242   48.5583
   -7.5000   22.5000   37.500012022.5371   51.2476
    0.0000   22.5000   37.500012599.0732   51.1621
    7.5000   22.5000   37.500011977.9326   51.1089
   -7.5000   30.0000   37.500011949.2559   53.6409
    0.0000   30.0000   37.500012527.3730   53.5539
    7.5000   30.0000   37.500011897.0498   53.5081
   -7.5000   37.5000   37.500012183.8584   56.2085
    0.0000   37.5000   37.500012743.1123   56.0942
    7.5000   37.5000   37.500012110.9307   56.0442
   -7.5000   45.0000   37.500011830.7627   58.0518
    0.0000   45.0000   37.500012345.2256   57.9361
    7.5000   45.0000   37.500011710.4170   57.8756
   -7.5000  -45.0000   45.0000 6448.8770   40.0668
    0.0000  -45.0000   45.0000 6793.9150   40.0926
    7.5000  -45.0000   45.0000 6543.7671   40.0661
   -7.5000  -37.5000   45.0000 6918.6646   40.9953
    0.0000  -37.5000   45.0000 7272.8921   40.9867
    7.5000  -37.5000   45.0000 7005.0122   40.9360
   -7.5000  -30.0000   45.0000 7503.0503   41.8264
    0.0000  -30.0000   45.0000 7893.2275   41.8356
    7.5000  -30.0000   45.0000 7589.1562   41.7888
   -7.5000  -22.5000   45.0000 8100.0986   42.5997
    0.0000  -22.5000   45.0000 8538.4561   42.6386
    7.5000  -22.5000   45.0000 8181.3833   42.6111
   -7.5000  -15.0000   45.0000 8780.2197   43.8178
    0.0000  -15.0000   45.0000 9263.2129   43.8772
    7.5000  -15.0000   45.0000 8854.0020   43.8616
   -7.5000   -7.5000   45.0000 9546.6123   45.1887
    0.0000   -7.5000   45.000010056.4775   45.2434
    7.5000   -7.5000   45.0000 9587.3760   45.2258
   -7.5000    0.0000   45.000010418.5596   46.9628
    0.0000    0.0000   45.000010940.6270   46.9960
    7.5000    0.0000   45.000010417.4346   46.9657
   -7.5000    7.5000   45.000010580.8252   48.8082
    0.0000    7.5000   45.000011102.0488   48.7971
    7.5000    7.5000   45.000010564.2373   48.7354
   -7.5000   15.0000   45.000010904.5674   51.0873
    0.0000   15.0000   45.000011396.8486   51.0114
    7.5000   15.0000   45.000010810.7988   50.9301
   -7.5000   22.5000   45.000011003.1201   53.3405
    0.0000   22.5000   45.000011484.9150   53.2577
    7.5000   22.5000   45.000010915.2822   53.2030
   -7.5000   30.0000   45.000010890.0566   55.6008
    0.0000   30.0000   45.000011380.7471   55.5352
    7.5000   30.0000   45.000010815.2676   55.5047
   -7.5000   37.5000   45.000011113.2197   58.1322
    0.0000   37.5000   45.000011598.4443   58.0472
    7.5000   37.5000   45.000011007.5234   58.0246
   -7.5000   45.0000   45.000010800.7637   60.0217
    0.0000   45.0000   45.000011241.8516   59.9268
    7.5000   45.0000   45.000010652.2256   59.8845

---------------------------------------------------------------------
imgreg_4dfp /opt/freesurfer/average/3T18yoSchwartzReactN32_as_orig /opt/freesurfer/average/711-2B_as_mni_average_305_mask talsrcimg_g11 none talsrcimg_to_3T18yoSchwartzReactN32_as_orig_t4 4355
---------------------------------------------------------------------

freesurfer imgreg_4dfp.c
/opt/freesurfer/average/3T18yoSchwartzReactN32_as_orig.4dfp.img
       256       256       256         1
  1.000000  1.000000  1.000000
orientation T byte_order littleendian
Reading image: /opt/freesurfer/average/3T18yoSchwartzReactN32_as_orig.4dfp.img
dimensions:      256       256       256
mmppix:       1.0000   -1.0000   -1.0000
center:     128.0000 -129.0000 -129.0000
/opt/freesurfer/average/711-2B_as_mni_average_305_mask.4dfp.img
       256       256       256         1
  1.000000  1.000000  1.000000
orientation T byte_order littleendian
Reading mask: /opt/freesurfer/average/711-2B_as_mni_average_305_mask.4dfp.img (2306576 pixels)
talsrcimg_g11.4dfp.img
       320       320       320         1
  0.800000  0.800000  0.800000
orientation T byte_order littleendian
Reading image: talsrcimg_g11.4dfp.img
dimensions:      320       320       320
mmppix:       0.8000   -0.8000   -0.8000
center:     128.0000 -128.8000 -128.8000
rotation matrix determinant  1.000000
image alignment mode   4355 decimal     1103 hex
   -7.5000   -7.5000  -45.0000 2330.7668   56.1573
    0.0000   -7.5000  -45.0000 2335.3311   55.7449
    7.5000   -7.5000  -45.0000 2307.8777   56.3081
   -7.5000    0.0000  -45.0000 2358.2981   55.1082
    0.0000    0.0000  -45.0000 2363.6206   54.8648
    7.5000    0.0000  -45.0000 2332.0942   55.3505
   -7.5000    7.5000  -45.0000 2375.2344   54.1987
    0.0000    7.5000  -45.0000 2377.2097   53.9295
    7.5000    7.5000  -45.0000 2348.6536   54.3358
   -7.5000   15.0000  -45.0000 2378.1201   53.4824
    0.0000   15.0000  -45.0000 2377.9810   53.1639
    7.5000   15.0000  -45.0000 2351.8555   53.6591
   -7.5000   22.5000  -45.0000 2371.5835   53.1918
    0.0000   22.5000  -45.0000 2368.7512   52.7947
    7.5000   22.5000  -45.0000 2344.3699   53.4561
   -7.5000   30.0000  -45.0000 2360.8088   53.5740
    0.0000   30.0000  -45.0000 2360.3481   53.2183
    7.5000   30.0000  -45.0000 2327.9102   53.9627
   -7.5000   37.5000  -45.0000 2338.7900   54.7623
    0.0000   37.5000  -45.0000 2334.3123   54.3392
    7.5000   37.5000  -45.0000 2306.8518   55.2994
   -7.5000   45.0000  -45.0000 2301.6919   56.7631
    0.0000   45.0000  -45.0000 2297.0120   56.3832
    7.5000   45.0000  -45.0000 2266.5620   57.3564
   -7.5000   52.5000  -45.0000 2221.4978   59.6867
    0.0000   52.5000  -45.0000 2214.6929   59.2916
    7.5000   52.5000  -45.0000 2187.4805   60.3618
   -7.5000   60.0000  -45.0000 2098.8123   63.0096
    0.0000   60.0000  -45.0000 2091.7534   62.7021
    7.5000   60.0000  -45.0000 2060.8606   63.8719
   -7.5000   67.5000  -45.0000 1936.2837   66.6919
    0.0000   67.5000  -45.0000 1934.8903   66.2422
    7.5000   67.5000  -45.0000 1906.1390   67.5192
   -7.5000   75.0000  -45.0000 1755.1842   70.3620
    0.0000   75.0000  -45.0000 1759.0042   70.0426
    7.5000   75.0000  -45.0000 1733.5701   71.2908
   -7.5000   82.5000  -45.0000 1630.3367   79.1563
    0.0000   82.5000  -45.0000 1632.8599   78.8630
    7.5000   82.5000  -45.0000 1610.3323   80.3461
   -7.5000   -7.5000  -37.5000 2415.5935   52.2408
    0.0000   -7.5000  -37.5000 2421.7871   51.9637
    7.5000   -7.5000  -37.5000 2390.2783   52.5064
   -7.5000    0.0000  -37.5000 2442.8369   51.0963
    0.0000    0.0000  -37.5000 2448.1802   50.8834
    7.5000    0.0000  -37.5000 2415.5105   51.4025
   -7.5000    7.5000  -37.5000 2466.8250   50.1981
    0.0000    7.5000  -37.5000 2471.1494   50.0813
    7.5000    7.5000  -37.5000 2434.4211   50.5508
   -7.5000   15.0000  -37.5000 2479.1584   49.4962
    0.0000   15.0000  -37.5000 2483.0767   49.4386
    7.5000   15.0000  -37.5000 2442.8201   49.8442
   -7.5000   22.5000  -37.5000 2483.9507   49.2088
    0.0000   22.5000  -37.5000 2483.1489   49.0561
    7.5000   22.5000  -37.5000 2446.7485   49.6306
   -7.5000   30.0000  -37.5000 2478.7998   49.5276
    0.0000   30.0000  -37.5000 2483.1023   49.5167
    7.5000   30.0000  -37.5000 2440.3303   50.1536
   -7.5000   37.5000  -37.5000 2462.2146   50.7340
    0.0000   37.5000  -37.5000 2456.8201   50.5026
    7.5000   37.5000  -37.5000 2420.2188   51.4134
   -7.5000   45.0000  -37.5000 2422.6511   52.7258
    0.0000   45.0000  -37.5000 2414.8174   52.4729
    7.5000   45.0000  -37.5000 2377.7185   53.4010
   -7.5000   52.5000  -37.5000 2342.1555   55.5597
    0.0000   52.5000  -37.5000 2335.6914   55.2699
    7.5000   52.5000  -37.5000 2295.3711   56.2532
   -7.5000   60.0000  -37.5000 2211.3538   58.7747
    0.0000   60.0000  -37.5000 2204.2207   58.5448
    7.5000   60.0000  -37.5000 2166.4553   59.6143
   -7.5000   67.5000  -37.5000 2045.1947   62.2421
    0.0000   67.5000  -37.5000 2035.4496   61.9663
    7.5000   67.5000  -37.5000 2000.1239   63.0876
   -7.5000   75.0000  -37.5000 1854.0992   65.5969
    0.0000   75.0000  -37.5000 1850.3810   65.3379
    7.5000   75.0000  -37.5000 1819.7701   66.4846
   -7.5000   82.5000  -37.5000 1728.8657   73.7039
    0.0000   82.5000  -37.5000 1733.6423   73.4504
    7.5000   82.5000  -37.5000 1703.2990   74.9645
   -7.5000   -7.5000  -30.0000 2538.6487   50.0976
    0.0000   -7.5000  -30.0000 2550.9873   49.9511
    7.5000   -7.5000  -30.0000 2516.6543   50.4440
   -7.5000    0.0000  -30.0000 2569.3262   48.9279
    0.0000    0.0000  -30.0000 2581.6370   48.8279
    7.5000    0.0000  -30.0000 2543.3223   49.3613
   -7.5000    7.5000  -30.0000 2597.8782   47.7904
    0.0000    7.5000  -30.0000 2607.2776   47.7180
    7.5000    7.5000  -30.0000 2566.8381   48.3287
   -7.5000   15.0000  -30.0000 2624.2625   47.0808
    0.0000   15.0000  -30.0000 2632.0068   47.1622
    7.5000   15.0000  -30.0000 2580.9602   47.6187
   -7.5000   22.5000  -30.0000 2634.6548   46.7667
    0.0000   22.5000  -30.0000 2637.2417   46.8118
    7.5000   22.5000  -30.0000 2586.9185   47.4027
   -7.5000   30.0000  -30.0000 2642.2478   47.1713
    0.0000   30.0000  -30.0000 2644.6125   47.2643
    7.5000   30.0000  -30.0000 2590.7808   47.9808
   -7.5000   37.5000  -30.0000 2626.1379   48.4385
    0.0000   37.5000  -30.0000 2626.6772   48.3799
    7.5000   37.5000  -30.0000 2576.9834   49.2601
   -7.5000   45.0000  -30.0000 2584.4565   50.5092
    0.0000   45.0000  -30.0000 2582.6545   50.4641
    7.5000   45.0000  -30.0000 2530.5251   51.2680
   -7.5000   52.5000  -30.0000 2500.1289   53.2793
    0.0000   52.5000  -30.0000 2494.0664   53.1545
    7.5000   52.5000  -30.0000 2443.9651   54.0983
   -7.5000   60.0000  -30.0000 2365.1938   56.5900
    0.0000   60.0000  -30.0000 2358.3821   56.3163
    7.5000   60.0000  -30.0000 2308.8247   57.3358
   -7.5000   67.5000  -30.0000 2197.3708   60.1398
    0.0000   67.5000  -30.0000 2189.7556   59.8484
    7.5000   67.5000  -30.0000 2143.6638   60.8579
   -7.5000   75.0000  -30.0000 1990.0259   63.5047
    0.0000   75.0000  -30.0000 1981.6920   63.2435
    7.5000   75.0000  -30.0000 1949.1018   64.3552
   -7.5000   82.5000  -30.0000 1860.3169   71.3628
    0.0000   82.5000  -30.0000 1859.7677   71.0801
    7.5000   82.5000  -30.0000 1825.9047   72.3846
   -7.5000   -7.5000  -22.5000 2622.8376   47.9074
    0.0000   -7.5000  -22.5000 2641.8125   47.7085
    7.5000   -7.5000  -22.5000 2606.6501   48.3560
   -7.5000    0.0000  -22.5000 2652.3901   46.5113
    0.0000    0.0000  -22.5000 2668.7390   46.4088
    7.5000    0.0000  -22.5000 2630.9363   47.0887
   -7.5000    7.5000  -22.5000 2691.2146   45.3104
    0.0000    7.5000  -22.5000 2703.7332   45.2417
    7.5000    7.5000  -22.5000 2663.1260   45.9965
   -7.5000   15.0000  -22.5000 2728.4480   44.4760
    0.0000   15.0000  -22.5000 2740.9011   44.4596
    7.5000   15.0000  -22.5000 2686.4404   45.1675
   -7.5000   22.5000  -22.5000 2743.9355   44.1105
    0.0000   22.5000  -22.5000 2750.5684   44.1454
    7.5000   22.5000  -22.5000 2698.6270   44.8724
   -7.5000   30.0000  -22.5000 2759.0764   44.6668
    0.0000   30.0000  -22.5000 2767.4087   44.7588
    7.5000   30.0000  -22.5000 2707.4727   45.5030
   -7.5000   37.5000  -22.5000 2752.7881   46.1191
    0.0000   37.5000  -22.5000 2758.4539   46.1249
    7.5000   37.5000  -22.5000 2694.9873   46.8019
   -7.5000   45.0000  -22.5000 2713.5291   48.1488
    0.0000   45.0000  -22.5000 2715.7805   48.1089
    7.5000   45.0000  -22.5000 2655.3464   48.8172
   -7.5000   52.5000  -22.5000 2620.5500   50.9038
    0.0000   52.5000  -22.5000 2619.0479   50.7376
    7.5000   52.5000  -22.5000 2561.0591   51.5115
   -7.5000   60.0000  -22.5000 2472.3789   54.2514
    0.0000   60.0000  -22.5000 2471.2842   54.0050
    7.5000   60.0000  -22.5000 2417.0024   54.8585
   -7.5000   67.5000  -22.5000 2301.2512   57.8452
    0.0000   67.5000  -22.5000 2299.6975   57.6259
    7.5000   67.5000  -22.5000 2251.1763   58.5752
   -7.5000   75.0000  -22.5000 2090.9468   61.4425
    0.0000   75.0000  -22.5000 2085.6470   61.1606
    7.5000   75.0000  -22.5000 2046.4745   62.1069
   -7.5000   82.5000  -22.5000 1944.6471   69.0782
    0.0000   82.5000  -22.5000 1939.6089   68.6034
    7.5000   82.5000  -22.5000 1906.7817   69.7355
   -7.5000   -7.5000  -15.0000 2664.3931   46.1179
    0.0000   -7.5000  -15.0000 2687.2087   45.8698
    7.5000   -7.5000  -15.0000 2654.4780   46.5707
   -7.5000    0.0000  -15.0000 2703.5303   44.6003
    0.0000    0.0000  -15.0000 2720.9348   44.3997
    7.5000    0.0000  -15.0000 2684.9429   45.1783
   -7.5000    7.5000  -15.0000 2748.8206   43.3233
    0.0000    7.5000  -15.0000 2760.7891   43.1565
    7.5000    7.5000  -15.0000 2721.9739   44.0481
   -7.5000   15.0000  -15.0000 2787.9443   42.3203
    0.0000   15.0000  -15.0000 2802.8528   42.2563
    7.5000   15.0000  -15.0000 2752.6614   43.1657
   -7.5000   22.5000  -15.0000 2817.0581   41.8231
    0.0000   22.5000  -15.0000 2827.9958   41.8024
    7.5000   22.5000  -15.0000 2773.6140   42.6998
   -7.5000   30.0000  -15.0000 2846.9714   42.5271
    0.0000   30.0000  -15.0000 2857.8811   42.5195
    7.5000   30.0000  -15.0000 2794.1409   43.2875
   -7.5000   37.5000  -15.0000 2835.5864   43.9862
    0.0000   37.5000  -15.0000 2843.3982   43.9185
    7.5000   37.5000  -15.0000 2779.2258   44.6186
   -7.5000   45.0000  -15.0000 2792.9065   46.1593
    0.0000   45.0000  -15.0000 2799.8330   46.0201
    7.5000   45.0000  -15.0000 2737.4431   46.7463
   -7.5000   52.5000  -15.0000 2695.1497   48.9810
    0.0000   52.5000  -15.0000 2699.1680   48.7571
    7.5000   52.5000  -15.0000 2639.0027   49.5797
   -7.5000   60.0000  -15.0000 2542.4343   52.4473
    0.0000   60.0000  -15.0000 2543.9062   52.2710
    7.5000   60.0000  -15.0000 2490.1455   53.0565
   -7.5000   67.5000  -15.0000 2361.6001   56.0811
    0.0000   67.5000  -15.0000 2362.4541   55.8864
    7.5000   67.5000  -15.0000 2316.4370   56.7682
   -7.5000   75.0000  -15.0000 2146.8982   59.5896
    0.0000   75.0000  -15.0000 2144.1553   59.3207
    7.5000   75.0000  -15.0000 2104.9492   60.2870
   -7.5000   82.5000  -15.0000 1993.8461   67.1326
    0.0000   82.5000  -15.0000 1992.2074   66.6318
    7.5000   82.5000  -15.0000 1958.1979   67.8674
   -7.5000   -7.5000   -7.5000 2663.6152   45.1432
    0.0000   -7.5000   -7.5000 2689.8911   44.7507
    7.5000   -7.5000   -7.5000 2665.9043   45.7241
   -7.5000    0.0000   -7.5000 2711.4841   43.4246
    0.0000    0.0000   -7.5000 2734.6501   43.1089
    7.5000    0.0000   -7.5000 2706.3850   44.1010
   -7.5000    7.5000   -7.5000 2772.6311   42.2348
    0.0000    7.5000   -7.5000 2792.4038   41.9730
    7.5000    7.5000   -7.5000 2759.0369   43.0707
   -7.5000   15.0000   -7.5000 2818.5339   41.2451
    0.0000   15.0000   -7.5000 2835.0627   41.0463
    7.5000   15.0000   -7.5000 2794.2217   42.2368
   -7.5000   22.5000   -7.5000 2839.4795   40.3666
    0.0000   22.5000   -7.5000 2852.8542   40.1841
    7.5000   22.5000   -7.5000 2812.1743   41.6642
   -7.5000   30.0000   -7.5000 2879.9258   40.9842
    0.0000   30.0000   -7.5000 2895.4839   40.8397
    7.5000   30.0000   -7.5000 2831.4939   41.9196
   -7.5000   37.5000   -7.5000 2873.0044   42.3831
    0.0000   37.5000   -7.5000 2884.2781   42.1941
    7.5000   37.5000   -7.5000 2823.2278   43.2369
   -7.5000   45.0000   -7.5000 2826.0408   44.6967
    0.0000   45.0000   -7.5000 2833.1218   44.4765
    7.5000   45.0000   -7.5000 2777.2751   45.5221
   -7.5000   52.5000   -7.5000 2731.5474   47.8624
    0.0000   52.5000   -7.5000 2736.3250   47.6791
    7.5000   52.5000   -7.5000 2685.0435   48.7093
   -7.5000   60.0000   -7.5000 2576.8069   51.3762
    0.0000   60.0000   -7.5000 2580.9836   51.2218
    7.5000   60.0000   -7.5000 2534.1072   52.2302
   -7.5000   67.5000   -7.5000 2390.2170   54.8626
    0.0000   67.5000   -7.5000 2393.8650   54.7612
    7.5000   67.5000   -7.5000 2349.5059   55.7930
   -7.5000   75.0000   -7.5000 2173.3967   58.4047
    0.0000   75.0000   -7.5000 2176.4321   58.1809
    7.5000   75.0000   -7.5000 2137.7432   59.3024
   -7.5000   82.5000   -7.5000 2019.1936   65.9094
    0.0000   82.5000   -7.5000 2023.0912   65.3809
    7.5000   82.5000   -7.5000 1987.5339   66.7223
   -7.5000   -7.5000    0.0000 2638.5674   44.9566
    0.0000   -7.5000    0.0000 2660.5242   44.3398
    7.5000   -7.5000    0.0000 2646.4661   45.6846
   -7.5000    0.0000    0.0000 2697.5657   43.1936
    0.0000    0.0000    0.0000 2714.1963   42.6600
    7.5000    0.0000    0.0000 2698.8364   44.0636
   -7.5000    7.5000    0.0000 2771.9067   42.0397
    0.0000    7.5000    0.0000 2784.6060   41.5864
    7.5000    7.5000    0.0000 2759.2534   42.9252
   -7.5000   15.0000    0.0000 2852.1013   41.5217
    0.0000   15.0000    0.0000 2858.9517   41.0720
    7.5000   15.0000    0.0000 2823.7786   42.4021
   -7.5000   22.5000    0.0000 2859.4795   40.3636
    0.0000   22.5000    0.0000 2860.4355   39.9506
    7.5000   22.5000    0.0000 2847.2524   41.9100
   -7.5000   30.0000    0.0000 2867.9163   40.3263
    0.0000   30.0000    0.0000 2877.9629   40.0097
    7.5000   30.0000    0.0000 2846.2795   41.8908
   -7.5000   37.5000    0.0000 2878.3291   41.8710
    0.0000   37.5000    0.0000 2889.4009   41.6008
    7.5000   37.5000    0.0000 2839.5962   42.9533
   -7.5000   45.0000    0.0000 2844.3635   44.3646
    0.0000   45.0000    0.0000 2852.8074   44.1345
    7.5000   45.0000    0.0000 2800.0439   45.2709
   -7.5000   52.5000    0.0000 2749.8127   47.5454
    0.0000   52.5000    0.0000 2754.2002   47.3669
    7.5000   52.5000    0.0000 2701.7751   48.3030
   -7.5000   60.0000    0.0000 2591.9944   50.9903
    0.0000   60.0000    0.0000 2593.9038   50.8372
    7.5000   60.0000    0.0000 2548.7158   51.7728
   -7.5000   67.5000    0.0000 2402.1011   54.5360
    0.0000   67.5000    0.0000 2408.7771   54.3701
    7.5000   67.5000    0.0000 2356.7097   55.3515
   -7.5000   75.0000    0.0000 2183.8862   57.9395
    0.0000   75.0000    0.0000 2188.6152   57.6538
    7.5000   75.0000    0.0000 2146.5952   58.7954
   -7.5000   82.5000    0.0000 2028.1200   65.3626
    0.0000   82.5000    0.0000 2029.0072   64.7710
    7.5000   82.5000    0.0000 1997.0536   66.1890
   -7.5000   -7.5000    7.5000 2605.4099   45.7987
    0.0000   -7.5000    7.5000 2611.1108   44.7711
    7.5000   -7.5000    7.5000 2613.7847   46.4496
   -7.5000    0.0000    7.5000 2660.5100   43.8698
    0.0000    0.0000    7.5000 2661.9463   43.0224
    7.5000    0.0000    7.5000 2666.7820   44.8578
   -7.5000    7.5000    7.5000 2740.3152   42.6980
    0.0000    7.5000    7.5000 2742.2317   42.0103
    7.5000    7.5000    7.5000 2732.4016   43.6977
   -7.5000   15.0000    7.5000 2822.0315   41.9287
    0.0000   15.0000    7.5000 2829.5786   41.5000
    7.5000   15.0000    7.5000 2804.4146   42.8732
   -7.5000   22.5000    7.5000 2867.0984   41.1873
    0.0000   22.5000    7.5000 2868.9094   40.7396
    7.5000   22.5000    7.5000 2845.4885   42.5788
   -7.5000   30.0000    7.5000 2883.1738   41.5028
    0.0000   30.0000    7.5000 2892.2070   41.1646
    7.5000   30.0000    7.5000 2852.2891   42.8000
   -7.5000   37.5000    7.5000 2862.6189   42.6329
    0.0000   37.5000    7.5000 2874.4927   42.4134
    7.5000   37.5000    7.5000 2828.2942   43.6090
   -7.5000   45.0000    7.5000 2811.9573   44.7499
    0.0000   45.0000    7.5000 2820.8179   44.4240
    7.5000   45.0000    7.5000 2779.0920   45.5101
   -7.5000   52.5000    7.5000 2720.3118   47.7475
    0.0000   52.5000    7.5000 2728.8777   47.4511
    7.5000   52.5000    7.5000 2683.4780   48.3936
   -7.5000   60.0000    7.5000 2576.9958   51.1298
    0.0000   60.0000    7.5000 2581.6992   50.9152
    7.5000   60.0000    7.5000 2536.7253   51.8575
   -7.5000   67.5000    7.5000 2395.3496   54.6867
    0.0000   67.5000    7.5000 2398.2561   54.4582
    7.5000   67.5000    7.5000 2353.8809   55.5453
   -7.5000   75.0000    7.5000 2181.9268   58.2759
    0.0000   75.0000    7.5000 2187.5500   58.0235
    7.5000   75.0000    7.5000 2146.1887   59.0703
   -7.5000   82.5000    7.5000 2027.4199   65.5959
    0.0000   82.5000    7.5000 2028.6617   65.1676
    7.5000   82.5000    7.5000 1995.2606   66.3052
   -7.5000   -7.5000   15.0000 2568.9500   47.4881
    0.0000   -7.5000   15.0000 2579.5818   46.5969
    7.5000   -7.5000   15.0000 2575.9207   48.2469
   -7.5000    0.0000   15.0000 2644.3323   45.8733
    0.0000    0.0000   15.0000 2648.0366   45.1330
    7.5000    0.0000   15.0000 2640.4746   46.8023
   -7.5000    7.5000   15.0000 2725.7603   44.7076
    0.0000    7.5000   15.0000 2727.1826   44.1068
    7.5000    7.5000   15.0000 2713.0015   45.6426
   -7.5000   15.0000   15.0000 2797.2607   43.6593
    0.0000   15.0000   15.0000 2803.4536   43.2040
    7.5000   15.0000   15.0000 2783.5244   44.8525
   -7.5000   22.5000   15.0000 2837.0923   42.9188
    0.0000   22.5000   15.0000 2847.4788   42.6421
    7.5000   22.5000   15.0000 2813.5740   44.2227
   -7.5000   30.0000   15.0000 2860.6079   43.5808
    0.0000   30.0000   15.0000 2876.6292   43.3214
    7.5000   30.0000   15.0000 2820.4565   44.3798
   -7.5000   37.5000   15.0000 2837.7192   44.7210
    0.0000   37.5000   15.0000 2852.6465   44.4992
    7.5000   37.5000   15.0000 2796.2341   45.3098
   -7.5000   45.0000   15.0000 2785.9988   46.6212
    0.0000   45.0000   15.0000 2795.1885   46.3693
    7.5000   45.0000   15.0000 2754.6235   47.2276
   -7.5000   52.5000   15.0000 2694.0078   49.1877
    0.0000   52.5000   15.0000 2696.1399   48.8836
    7.5000   52.5000   15.0000 2660.5500   49.8320
   -7.5000   60.0000   15.0000 2551.0498   52.2055
    0.0000   60.0000   15.0000 2552.0981   51.8784
    7.5000   60.0000   15.0000 2515.8518   52.9075
   -7.5000   67.5000   15.0000 2366.2449   55.5379
    0.0000   67.5000   15.0000 2371.0969   55.2492
    7.5000   67.5000   15.0000 2334.4192   56.3315
   -7.5000   75.0000   15.0000 2148.7766   58.9936
    0.0000   75.0000   15.0000 2150.9783   58.6476
    7.5000   75.0000   15.0000 2126.4189   59.8074
   -7.5000   82.5000   15.0000 2011.7694   66.4616
    0.0000   82.5000   15.0000 2006.3823   65.8267
    7.5000   82.5000   15.0000 1981.7571   67.1780
   -7.5000   -7.5000   22.5000 2534.7407   50.1324
    0.0000   -7.5000   22.5000 2544.5601   49.2969
    7.5000   -7.5000   22.5000 2531.4595   50.9897
   -7.5000    0.0000   22.5000 2616.4136   48.4214
    0.0000    0.0000   22.5000 2624.9651   47.8558
    7.5000    0.0000   22.5000 2606.6772   49.4528
   -7.5000    7.5000   22.5000 2700.7158   47.2803
    0.0000    7.5000   22.5000 2704.5955   46.6390
    7.5000    7.5000   22.5000 2681.3557   48.2728
   -7.5000   15.0000   22.5000 2759.0110   46.1628
    0.0000   15.0000   22.5000 2763.6831   45.5795
    7.5000   15.0000   22.5000 2740.3118   47.3038
   -7.5000   22.5000   22.5000 2789.3953   45.5877
    0.0000   22.5000   22.5000 2797.7512   45.2144
    7.5000   22.5000   22.5000 2764.8037   46.5762
   -7.5000   30.0000   22.5000 2805.7463   46.1321
    0.0000   30.0000   22.5000 2815.3354   45.8636
    7.5000   30.0000   22.5000 2770.9460   46.9044
   -7.5000   37.5000   22.5000 2785.0432   47.3177
    0.0000   37.5000   22.5000 2795.3647   47.0593
    7.5000   37.5000   22.5000 2749.6008   47.9740
   -7.5000   45.0000   22.5000 2739.3721   49.1588
    0.0000   45.0000   22.5000 2749.9717   48.8915
    7.5000   45.0000   22.5000 2710.4985   49.7657
   -7.5000   52.5000   22.5000 2652.1555   51.5889
    0.0000   52.5000   22.5000 2663.4729   51.3692
    7.5000   52.5000   22.5000 2621.0571   52.2365
   -7.5000   60.0000   22.5000 2510.3818   54.2726
    0.0000   60.0000   22.5000 2516.5190   53.9759
    7.5000   60.0000   22.5000 2477.3923   55.0216
   -7.5000   67.5000   22.5000 2326.2798   57.2926
    0.0000   67.5000   22.5000 2332.5029   56.9693
    7.5000   67.5000   22.5000 2297.4321   58.0606
   -7.5000   75.0000   22.5000 2119.4812   60.6943
    0.0000   75.0000   22.5000 2118.3411   60.2588
    7.5000   75.0000   22.5000 2094.6206   61.4877
   -7.5000   82.5000   22.5000 1983.9325   68.1349
    0.0000   82.5000   22.5000 1977.0348   67.4357
    7.5000   82.5000   22.5000 1959.1608   68.9221
   -7.5000   -7.5000   30.0000 2491.1272   53.5705
    0.0000   -7.5000   30.0000 2501.1323   52.8655
    7.5000   -7.5000   30.0000 2481.3801   54.3816
   -7.5000    0.0000   30.0000 2573.1157   51.7086
    0.0000    0.0000   30.0000 2583.1943   51.1627
    7.5000    0.0000   30.0000 2560.9048   52.7038
   -7.5000    7.5000   30.0000 2655.9062   50.4646
    0.0000    7.5000   30.0000 2662.2207   49.7984
    7.5000    7.5000   30.0000 2637.2593   51.5063
   -7.5000   15.0000   30.0000 2710.4219   49.4574
    0.0000   15.0000   30.0000 2724.0767   49.1163
    7.5000   15.0000   30.0000 2692.2888   50.5628
   -7.5000   22.5000   30.0000 2739.3823   49.1020
    0.0000   22.5000   30.0000 2750.7681   48.8046
    7.5000   22.5000   30.0000 2716.2354   50.0466
   -7.5000   30.0000   30.0000 2754.3240   49.6072
    0.0000   30.0000   30.0000 2760.4727   49.3002
    7.5000   30.0000   30.0000 2718.8171   50.3690
   -7.5000   37.5000   30.0000 2723.5732   50.6336
    0.0000   37.5000   30.0000 2736.6428   50.3316
    7.5000   37.5000   30.0000 2701.1418   51.3971
   -7.5000   45.0000   30.0000 2680.4565   52.2826
    0.0000   45.0000   30.0000 2690.1245   51.9942
    7.5000   45.0000   30.0000 2658.5249   52.9861
   -7.5000   52.5000   30.0000 2597.1555   54.5553
    0.0000   52.5000   30.0000 2605.9060   54.2680
    7.5000   52.5000   30.0000 2567.8091   55.1834
   -7.5000   60.0000   30.0000 2460.4634   57.2566
    0.0000   60.0000   30.0000 2464.2000   56.9775
    7.5000   60.0000   30.0000 2434.0996   57.9265
   -7.5000   67.5000   30.0000 2278.6643   60.0165
    0.0000   67.5000   30.0000 2280.9548   59.7026
    7.5000   67.5000   30.0000 2254.9958   60.8451
   -7.5000   75.0000   30.0000 2077.5889   63.1624
    0.0000   75.0000   30.0000 2073.4524   62.7812
    7.5000   75.0000   30.0000 2051.5544   64.1140
   -7.5000   82.5000   30.0000 1951.0515   70.8709
    0.0000   82.5000   30.0000 1946.8722   70.1252
    7.5000   82.5000   30.0000 1929.8954   71.6252
   -7.5000   -7.5000   37.5000 2438.4915   57.7568
    0.0000   -7.5000   37.5000 2450.5427   57.1446
    7.5000   -7.5000   37.5000 2428.2905   58.5162
   -7.5000    0.0000   37.5000 2522.4092   55.8487
    0.0000    0.0000   37.5000 2536.8608   55.3759
    7.5000    0.0000   37.5000 2508.6270   56.7511
   -7.5000    7.5000   37.5000 2596.9988   54.4782
    0.0000    7.5000   37.5000 2611.6453   54.0149
    7.5000    7.5000   37.5000 2579.9778   55.4491
   -7.5000   15.0000   37.5000 2656.2419   53.6126
    0.0000   15.0000   37.5000 2668.6855   53.2964
    7.5000   15.0000   37.5000 2633.6169   54.4804
   -7.5000   22.5000   37.5000 2687.4568   53.4915
    0.0000   22.5000   37.5000 2693.6738   53.0808
    7.5000   22.5000   37.5000 2661.8752   54.2878
   -7.5000   30.0000   37.5000 2688.9668   53.8279
    0.0000   30.0000   37.5000 2696.9658   53.5229
    7.5000   30.0000   37.5000 2661.3308   54.5626
   -7.5000   37.5000   37.5000 2662.8872   54.6064
    0.0000   37.5000   37.5000 2672.3198   54.2784
    7.5000   37.5000   37.5000 2644.0039   55.4007
   -7.5000   45.0000   37.5000 2621.7559   56.1651
    0.0000   45.0000   37.5000 2632.1567   55.8731
    7.5000   45.0000   37.5000 2598.9658   56.8988
   -7.5000   52.5000   37.5000 2536.1504   58.2103
    0.0000   52.5000   37.5000 2545.3577   57.9315
    7.5000   52.5000   37.5000 2509.3604   58.8811
   -7.5000   60.0000   37.5000 2402.5300   60.8430
    0.0000   60.0000   37.5000 2408.2625   60.5835
    7.5000   60.0000   37.5000 2374.0903   61.5277
   -7.5000   67.5000   37.5000 2221.4517   63.7547
    0.0000   67.5000   37.5000 2221.2893   63.3080
    7.5000   67.5000   37.5000 2196.1060   64.3205
   -7.5000   75.0000   37.5000 2029.3153   66.7884
    0.0000   75.0000   37.5000 2025.4840   66.3399
    7.5000   75.0000   37.5000 2002.2780   67.5089
   -7.5000   82.5000   37.5000 1898.9581   74.2015
    0.0000   82.5000   37.5000 1899.0876   73.7538
    7.5000   82.5000   37.5000 1884.3646   75.0661
   -7.5000   -7.5000   45.0000 2383.7202   62.7006
    0.0000   -7.5000   45.0000 2400.9563   62.2997
    7.5000   -7.5000   45.0000 2367.8940   63.4336
   -7.5000    0.0000   45.0000 2462.2200   60.7317
    0.0000    0.0000   45.0000 2474.9905   60.1783
    7.5000    0.0000   45.0000 2446.7375   61.5111
   -7.5000    7.5000   45.0000 2535.4336   59.3727
    0.0000    7.5000   45.0000 2548.7935   58.9530
    7.5000    7.5000   45.0000 2511.1663   60.1357
   -7.5000   15.0000   45.0000 2589.1750   58.4489
    0.0000   15.0000   45.0000 2600.0781   58.1276
    7.5000   15.0000   45.0000 2561.7158   59.1209
   -7.5000   22.5000   45.0000 2620.3687   58.3447
    0.0000   22.5000   45.0000 2625.2646   57.9704
    7.5000   22.5000   45.0000 2591.7083   58.9797
   -7.5000   30.0000   45.0000 2619.3782   58.6724
    0.0000   30.0000   45.0000 2623.6577   58.3695
    7.5000   30.0000   45.0000 2591.7056   59.3024
   -7.5000   37.5000   45.0000 2599.9363   59.4597
    0.0000   37.5000   45.0000 2608.8931   59.2008
    7.5000   37.5000   45.0000 2579.6404   60.1990
   -7.5000   45.0000   45.0000 2563.9163   60.7990
    0.0000   45.0000   45.0000 2568.7371   60.4173
    7.5000   45.0000   45.0000 2536.9541   61.3958
   -7.5000   52.5000   45.0000 2481.7339   62.7006
    0.0000   52.5000   45.0000 2483.0212   62.2799
    7.5000   52.5000   45.0000 2448.2590   63.1724
   -7.5000   60.0000   45.0000 2338.6191   65.1543
    0.0000   60.0000   45.0000 2340.6553   64.8356
    7.5000   60.0000   45.0000 2309.0051   65.7432
   -7.5000   67.5000   45.0000 2168.4666   68.3130
    0.0000   67.5000   45.0000 2159.0078   67.7872
    7.5000   67.5000   45.0000 2137.9702   68.8264
   -7.5000   75.0000   45.0000 1975.9353   71.3471
    0.0000   75.0000   45.0000 1966.5364   70.6371
    7.5000   75.0000   45.0000 1944.6113   71.8296
   -7.5000   82.5000   45.0000 1849.1375   79.0846
    0.0000   82.5000   45.0000 1842.5626   78.1864
    7.5000   82.5000   45.0000 1830.1833   79.5945

---------------------------------------------------------------------
imgreg_4dfp /opt/freesurfer/average/3T18yoSchwartzReactN32_as_orig /opt/freesurfer/average/711-2B_as_mni_average_305_mask talsrcimg_g11 none talsrcimg_to_3T18yoSchwartzReactN32_as_orig_t4 1283
---------------------------------------------------------------------

freesurfer imgreg_4dfp.c
/opt/freesurfer/average/3T18yoSchwartzReactN32_as_orig.4dfp.img
       256       256       256         1
  1.000000  1.000000  1.000000
orientation T byte_order littleendian
Reading image: /opt/freesurfer/average/3T18yoSchwartzReactN32_as_orig.4dfp.img
dimensions:      256       256       256
mmppix:       1.0000   -1.0000   -1.0000
center:     128.0000 -129.0000 -129.0000
/opt/freesurfer/average/711-2B_as_mni_average_305_mask.4dfp.img
       256       256       256         1
  1.000000  1.000000  1.000000
orientation T byte_order littleendian
Reading mask: /opt/freesurfer/average/711-2B_as_mni_average_305_mask.4dfp.img (2306576 pixels)
talsrcimg_g11.4dfp.img
       320       320       320         1
  0.800000  0.800000  0.800000
orientation T byte_order littleendian
Reading image: talsrcimg_g11.4dfp.img
dimensions:      320       320       320
mmppix:       0.8000   -0.8000   -0.8000
center:     128.0000 -128.8000 -128.8000
rotation matrix determinant  1.000000
fimgreg.f
image alignment mode   1283 decimal      503 hex
parameters
    0.0000   30.0000   -7.5000    0.0000    0.0000    0.0000
eta,q 0.90576 40.73426
niter,ni,del,rscale     5    3   12.0000    1.2000
parameter  1  0.594690 ->  0.500000 qaram    1.1500
parameters
   -3.4500   29.4199   -6.1464   -1.9304    0.2089    1.4772
eta,q 0.91207 40.46277
  0.0937  0.0964  0.1010  0.0890  0.0948  0.0920
  0.0910  0.0922  0.0977  0.0877  0.0912  0.0897
  0.0899  0.0891  0.0935  0.0878  0.0888  0.0884
  0.0938  0.0903  0.0894  0.0881  0.0878  0.0880
  0.1004  0.0939  0.0882  0.0888  0.0889  0.0880
  0.1065  0.0943  0.0908  0.0900  0.0910  0.0884
  0.1117  0.0970  0.0954  0.0921  0.0935  0.0891
niter,ni,del,rscale     5    3   12.0000    1.2000
parameters
   -3.1891   29.8034   -6.1748   -2.7735    0.1374    1.6971
eta,q 0.91237 40.50083
  0.1054  0.0961  0.0972  0.0898  0.0933  0.0898
  0.1006  0.0938  0.0935  0.0878  0.0901  0.0882
  0.0923  0.0909  0.0896  0.0872  0.0881  0.0875
  0.0879  0.0878  0.0878  0.0878  0.0876  0.0876
  0.0892  0.0908  0.0899  0.0884  0.0885  0.0880
  0.0966  0.0933  0.0935  0.0894  0.0906  0.0885
  0.1051  0.0942  0.0973  0.0907  0.0932  0.0890
niter,ni,del,rscale     4    3   12.0000    1.2000
parameters
   -3.1105   30.0146   -6.2167   -3.2781    0.0691    1.4575
eta,q 0.91268 40.52069
  0.1048  0.0959  0.0968  0.0903  0.0931  0.0894
  0.0998  0.0939  0.0933  0.0879  0.0898  0.0877
  0.0917  0.0907  0.0894  0.0870  0.0878  0.0872
  0.0876  0.0876  0.0876  0.0876  0.0874  0.0874
  0.0894  0.0912  0.0897  0.0884  0.0882  0.0880
  0.0974  0.0935  0.0933  0.0892  0.0904  0.0885
  0.1059  0.0946  0.0971  0.0905  0.0930  0.0891
niter,ni,del,rscale     3    3   12.0000    1.2000
parameters
   -3.1181   30.1503   -6.2684   -3.5511    0.0584    1.3218
eta,q 0.91285 40.53223
  0.1044  0.0957  0.0967  0.0908  0.0932  0.0896
  0.0994  0.0939  0.0933  0.0881  0.0897  0.0877
  0.0913  0.0906  0.0894  0.0868  0.0877  0.0870
  0.0873  0.0873  0.0874  0.0874  0.0872  0.0872
  0.0895  0.0913  0.0894  0.0885  0.0880  0.0879
  0.0978  0.0937  0.0933  0.0893  0.0902  0.0885
  0.1062  0.0948  0.0971  0.0903  0.0929  0.0891
niter,ni,del,rscale     2    3   12.0000    1.2000
parameters
   -3.1393   30.2195   -6.3136   -3.7201    0.0759    1.2468
eta,q 0.91291 40.53794
  0.1042  0.0956  0.0968  0.0910  0.0933  0.0898
  0.0993  0.0937  0.0933  0.0883  0.0896  0.0877
  0.0912  0.0904  0.0894  0.0867  0.0876  0.0870
  0.0872  0.0872  0.0872  0.0872  0.0871  0.0871
  0.0893  0.0913  0.0894  0.0885  0.0879  0.0879
  0.0978  0.0937  0.0933  0.0894  0.0900  0.0886
  0.1062  0.0948  0.0973  0.0903  0.0928  0.0891
niter,ni,del,rscale     1    3   12.0000    1.2000
parameters
   -3.1581   30.2538   -6.3468   -3.8276    0.0905    1.1956
eta,q 0.91293 40.54040
  0.1041  0.0955  0.0968  0.0912  0.0933  0.0899
  0.0993  0.0937  0.0934  0.0884  0.0896  0.0878
  0.0912  0.0903  0.0894  0.0868  0.0875  0.0870
  0.0871  0.0871  0.0871  0.0871  0.0871  0.0871
  0.0892  0.0914  0.0893  0.0885  0.0878  0.0879
  0.0977  0.0938  0.0932  0.0894  0.0900  0.0886
  0.1061  0.0949  0.0972  0.0903  0.0928  0.0892
registration optimization eta report
parameter search radius
    6.9000    6.0000    6.0000    6.0000    6.0000    6.0000
100000*second partial in parameter space
       36.       18.       25.       10.       17.        7.
  0.1041  0.0955  0.0968  0.0912  0.0933  0.0899
  0.0993  0.0937  0.0934  0.0884  0.0896  0.0878
  0.0912  0.0903  0.0894  0.0868  0.0875  0.0870
  0.0871  0.0871  0.0871  0.0871  0.0871  0.0871
  0.0892  0.0914  0.0893  0.0885  0.0878  0.0879
  0.0977  0.0938  0.0932  0.0894  0.0900  0.0886
  0.1061  0.0949  0.0972  0.0903  0.0928  0.0892
   -3.1581   30.2538   -6.3468   -3.8276    0.0905    1.1956
eta,q 0.91293 40.54040

---------------------------------------------------------------------
imgreg_4dfp /opt/freesurfer/average/3T18yoSchwartzReactN32_as_orig /opt/freesurfer/average/711-2B_as_mni_average_305_mask talsrcimg_g11 none talsrcimg_to_3T18yoSchwartzReactN32_as_orig_t4 3335
---------------------------------------------------------------------

freesurfer imgreg_4dfp.c
/opt/freesurfer/average/3T18yoSchwartzReactN32_as_orig.4dfp.img
       256       256       256         1
  1.000000  1.000000  1.000000
orientation T byte_order littleendian
Reading image: /opt/freesurfer/average/3T18yoSchwartzReactN32_as_orig.4dfp.img
dimensions:      256       256       256
mmppix:       1.0000   -1.0000   -1.0000
center:     128.0000 -129.0000 -129.0000
/opt/freesurfer/average/711-2B_as_mni_average_305_mask.4dfp.img
       256       256       256         1
  1.000000  1.000000  1.000000
orientation T byte_order littleendian
Reading mask: /opt/freesurfer/average/711-2B_as_mni_average_305_mask.4dfp.img (2306576 pixels)
talsrcimg_g11.4dfp.img
       320       320       320         1
  0.800000  0.800000  0.800000
orientation T byte_order littleendian
Reading image: talsrcimg_g11.4dfp.img
dimensions:      320       320       320
mmppix:       0.8000   -0.8000   -0.8000
center:     128.0000 -128.8000 -128.8000
fimgreg.f
image alignment mode   3335 decimal      D07 hex
parameters
   -3.1581   30.2538   -6.3468   -0.0219   -0.2446   -0.2232
   -2.0713   -0.2968    2.0865    6.6707    0.1579   -6.6754
eta,q 0.90790 40.09174
niter,ni,del,rscale     5    3    5.0000    1.2000
parameter  2 -9.753235 -> -0.500000 qaram    1.1500
parameter  5-13.855911 -> -0.500000 qaram    1.1500
parameters
   -3.0951   31.6338   -7.2166    1.2225    3.8954    1.0978
   -2.6766    0.3297    4.4189    6.6308   -0.4154   -6.4830
eta,q 0.91139 42.01194
  0.0943  0.0947  0.0907  0.0945  0.0931  0.0985  0.0901  0.0940  0.0904  0.0902  0.0897  0.0894
  0.0931  0.0940  0.0902  0.0927  0.0932  0.0946  0.0893  0.0914  0.0897  0.0892  0.0890  0.0890
  0.0923  0.0932  0.0901  0.0909  0.0923  0.0907  0.0889  0.0896  0.0891  0.0886  0.0887  0.0887
  0.0921  0.0921  0.0903  0.0901  0.0901  0.0890  0.0888  0.0888  0.0888  0.0886  0.0886  0.0886
  0.0923  0.0910  0.0908  0.0902  0.0892  0.0891  0.0890  0.0890  0.0886  0.0888  0.0888  0.0886
  0.0930  0.0901  0.0916  0.0910  0.0887  0.0908  0.0897  0.0903  0.0887  0.0892  0.0893  0.0888
  0.0940  0.0897  0.0928  0.0924  0.0881  0.0936  0.0907  0.0925  0.0891  0.0902  0.0901  0.0894
niter,ni,del,rscale     6    3    5.0000    1.2000
parameter  3 -0.729076 -> -0.500000 qaram    1.1500
parameters
   -3.2478   31.3294   -5.8366    0.5695    7.3069    2.4459
   -3.6431    0.6388    5.4465    7.3651   -1.0392   -6.0078
eta,q 0.91349 42.70197
  0.0903  0.0890  0.0917  0.0907  0.0924  0.0963  0.0877  0.0913  0.0879  0.0888  0.0876  0.0874
  0.0892  0.0885  0.0904  0.0891  0.0909  0.0922  0.0870  0.0888  0.0873  0.0877  0.0870  0.0870
  0.0887  0.0885  0.0894  0.0880  0.0884  0.0885  0.0866  0.0872  0.0868  0.0869  0.0866  0.0867
  0.0886  0.0886  0.0886  0.0879  0.0878  0.0867  0.0866  0.0866  0.0865  0.0865  0.0865  0.0865
  0.0890  0.0885  0.0881  0.0887  0.0868  0.0869  0.0869  0.0869  0.0866  0.0866  0.0867  0.0865
  0.0896  0.0887  0.0879  0.0900  0.0872  0.0885  0.0875  0.0884  0.0869  0.0871  0.0873  0.0867
  0.0906  0.0894  0.0880  0.0918  0.0882  0.0912  0.0885  0.0905  0.0873  0.0880  0.0882  0.0873
niter,ni,del,rscale     6    3    5.0000    1.2000
parameters
   -3.1759   30.9899   -4.5228    0.1987    8.9064    3.9804
   -4.1494    1.0147    5.9302    8.2139   -1.4232   -5.7060
eta,q 0.91427 43.11955
  0.0885  0.0878  0.0898  0.0889  0.0913  0.0959  0.0872  0.0906  0.0871  0.0884  0.0869  0.0869
  0.0874  0.0872  0.0884  0.0875  0.0884  0.0918  0.0864  0.0880  0.0864  0.0873  0.0863  0.0863
  0.0867  0.0867  0.0873  0.0863  0.0874  0.0879  0.0859  0.0864  0.0859  0.0863  0.0859  0.0859
  0.0865  0.0865  0.0865  0.0861  0.0861  0.0860  0.0858  0.0858  0.0858  0.0858  0.0857  0.0857
  0.0868  0.0869  0.0861  0.0867  0.0863  0.0860  0.0860  0.0861  0.0859  0.0858  0.0859  0.0858
  0.0873  0.0877  0.0862  0.0879  0.0874  0.0875  0.0866  0.0876  0.0862  0.0864  0.0864  0.0861
  0.0882  0.0888  0.0866  0.0895  0.0882  0.0902  0.0877  0.0896  0.0867  0.0876  0.0873  0.0868
niter,ni,del,rscale     5    3    5.0000    1.2000
parameters
   -3.0061   30.9140   -3.3899   -0.0162    9.4368    5.4591
   -4.5656    1.2760    6.0177    8.4815   -1.6226   -5.5859
eta,q 0.91459 43.43140
  0.0879  0.0877  0.0889  0.0880  0.0898  0.0955  0.0869  0.0900  0.0867  0.0881  0.0865  0.0867
  0.0867  0.0867  0.0875  0.0867  0.0875  0.0912  0.0861  0.0875  0.0860  0.0868  0.0859  0.0860
  0.0860  0.0859  0.0865  0.0857  0.0862  0.0873  0.0856  0.0860  0.0855  0.0858  0.0856  0.0856
  0.0857  0.0857  0.0857  0.0854  0.0854  0.0854  0.0854  0.0854  0.0854  0.0854  0.0854  0.0854
  0.0859  0.0862  0.0854  0.0858  0.0864  0.0857  0.0857  0.0858  0.0856  0.0856  0.0855  0.0855
  0.0864  0.0869  0.0855  0.0868  0.0872  0.0872  0.0863  0.0872  0.0860  0.0864  0.0860  0.0859
  0.0873  0.0878  0.0861  0.0884  0.0885  0.0897  0.0874  0.0893  0.0866  0.0879  0.0867  0.0867
niter,ni,del,rscale     4    3    5.0000    1.2000
parameters
   -2.8622   30.8750   -2.4054   -0.0902    9.2695    6.8805
   -4.8593    1.3019    5.7527    8.4140   -1.9586   -5.2454
eta,q 0.91471 43.63982
  0.0874  0.0875  0.0882  0.0877  0.0889  0.0946  0.0869  0.0895  0.0865  0.0880  0.0863  0.0867
  0.0863  0.0863  0.0870  0.0866  0.0869  0.0902  0.0860  0.0871  0.0858  0.0866  0.0857  0.0860
  0.0856  0.0855  0.0860  0.0855  0.0857  0.0866  0.0855  0.0857  0.0854  0.0856  0.0854  0.0855
  0.0854  0.0854  0.0854  0.0851  0.0851  0.0851  0.0853  0.0853  0.0853  0.0853  0.0853  0.0853
  0.0856  0.0859  0.0851  0.0855  0.0864  0.0856  0.0855  0.0858  0.0855  0.0856  0.0854  0.0853
  0.0861  0.0866  0.0853  0.0864  0.0873  0.0868  0.0862  0.0873  0.0860  0.0866  0.0858  0.0857
  0.0869  0.0874  0.0859  0.0880  0.0889  0.0891  0.0873  0.0893  0.0867  0.0881  0.0865  0.0865
niter,ni,del,rscale     3    3    5.0000    1.2000
parameter  3 -0.511411 -> -0.500000 qaram    1.3225
parameters
   -2.9052   30.9703   -0.8184    0.5777    8.7624    8.7408
   -4.7393    1.1684    5.4501    8.1137   -2.3203   -5.8972
eta,q 0.91543 44.12041
  0.0870  0.0877  0.0879  0.0878  0.0885  0.0945  0.0864  0.0888  0.0858  0.0873  0.0857  0.0856
  0.0860  0.0865  0.0867  0.0867  0.0864  0.0902  0.0855  0.0864  0.0851  0.0858  0.0850  0.0850
  0.0854  0.0856  0.0858  0.0855  0.0854  0.0867  0.0848  0.0850  0.0847  0.0848  0.0846  0.0846
  0.0853  0.0853  0.0853  0.0849  0.0848  0.0848  0.0846  0.0846  0.0846  0.0846  0.0846  0.0846
  0.0855  0.0856  0.0850  0.0850  0.0862  0.0846  0.0847  0.0851  0.0848  0.0850  0.0847  0.0847
  0.0861  0.0864  0.0849  0.0857  0.0873  0.0855  0.0853  0.0868  0.0853  0.0861  0.0852  0.0852
  0.0870  0.0873  0.0852  0.0872  0.0889  0.0881  0.0864  0.0890  0.0860  0.0878  0.0860  0.0862
niter,ni,del,rscale     3    3    5.0000    1.2000
parameter  3 -0.503006 -> -0.500000 qaram    1.5209
parameters
   -3.0713   30.9969    1.0067    0.9156    8.0306   10.5935
   -4.4671    1.0194    5.5102    7.1189   -2.3271   -6.2472
eta,q 0.91640 44.51487
  0.0862  0.0870  0.0881  0.0867  0.0873  0.0943  0.0856  0.0881  0.0851  0.0858  0.0850  0.0848
  0.0851  0.0858  0.0866  0.0856  0.0850  0.0900  0.0846  0.0856  0.0843  0.0844  0.0842  0.0841
  0.0846  0.0849  0.0855  0.0844  0.0843  0.0860  0.0840  0.0841  0.0838  0.0837  0.0837  0.0837
  0.0846  0.0845  0.0845  0.0837  0.0837  0.0837  0.0837  0.0837  0.0837  0.0836  0.0836  0.0836
  0.0849  0.0849  0.0838  0.0839  0.0850  0.0838  0.0838  0.0842  0.0838  0.0843  0.0837  0.0837
  0.0856  0.0858  0.0838  0.0849  0.0865  0.0850  0.0844  0.0859  0.0843  0.0856  0.0842  0.0842
  0.0865  0.0868  0.0846  0.0865  0.0881  0.0874  0.0854  0.0883  0.0850  0.0874  0.0850  0.0851
niter,ni,del,rscale     3    3    5.0000    1.2000
parameters
   -3.1267   30.8475    1.6529    0.4472    7.4342   11.4878
   -4.5178    0.9330    5.5826    6.3912   -2.3966   -6.0914
eta,q 0.91634 44.44936
  0.0855  0.0857  0.0878  0.0860  0.0874  0.0922  0.0856  0.0881  0.0852  0.0859  0.0850  0.0850
  0.0843  0.0847  0.0857  0.0849  0.0847  0.0877  0.0846  0.0856  0.0844  0.0845  0.0843  0.0843
  0.0837  0.0839  0.0843  0.0838  0.0841  0.0843  0.0840  0.0841  0.0839  0.0838  0.0838  0.0838
  0.0836  0.0836  0.0836  0.0834  0.0835  0.0835  0.0837  0.0837  0.0837  0.0837  0.0837  0.0837
  0.0839  0.0840  0.0835  0.0840  0.0846  0.0841  0.0839  0.0842  0.0839  0.0842  0.0838  0.0837
  0.0846  0.0850  0.0840  0.0851  0.0863  0.0855  0.0846  0.0859  0.0844  0.0854  0.0843  0.0841
  0.0856  0.0863  0.0857  0.0869  0.0879  0.0884  0.0857  0.0882  0.0852  0.0870  0.0851  0.0850
niter,ni,del,rscale     2    3    5.0000    1.2000
parameters
   -3.1779   30.8742    2.1460    0.2417    7.0403   12.0078
   -4.5068    0.9141    5.6223    5.8492   -2.4474   -6.1063
eta,q 0.91633 44.44834
  0.0856  0.0859  0.0872  0.0861  0.0877  0.0913  0.0856  0.0881  0.0852  0.0860  0.0850  0.0849
  0.0845  0.0849  0.0852  0.0851  0.0848  0.0868  0.0846  0.0857  0.0844  0.0846  0.0843  0.0842
  0.0838  0.0841  0.0841  0.0840  0.0842  0.0840  0.0840  0.0841  0.0839  0.0838  0.0838  0.0838
  0.0837  0.0837  0.0837  0.0835  0.0835  0.0836  0.0837  0.0837  0.0837  0.0837  0.0837  0.0837
  0.0840  0.0838  0.0835  0.0839  0.0845  0.0841  0.0839  0.0842  0.0839  0.0841  0.0838  0.0838
  0.0846  0.0847  0.0840  0.0850  0.0863  0.0859  0.0845  0.0858  0.0844  0.0852  0.0843  0.0842
  0.0857  0.0860  0.0858  0.0867  0.0878  0.0889  0.0857  0.0881  0.0852  0.0868  0.0851  0.0850
niter,ni,del,rscale     1    3    5.0000    1.2000
parameters
   -3.1921   30.9016    2.4358    0.1070    6.7518   12.2763
   -4.5359    0.9230    5.6511    5.5586   -2.4933   -6.2050
eta,q 0.91633 44.42097
  0.0857  0.0858  0.0868  0.0861  0.0879  0.0906  0.0856  0.0881  0.0852  0.0861  0.0850  0.0849
  0.0845  0.0849  0.0850  0.0852  0.0848  0.0864  0.0846  0.0857  0.0844  0.0847  0.0843  0.0842
  0.0839  0.0842  0.0841  0.0841  0.0842  0.0839  0.0840  0.0841  0.0839  0.0838  0.0838  0.0838
  0.0837  0.0837  0.0837  0.0836  0.0836  0.0836  0.0837  0.0837  0.0837  0.0837  0.0837  0.0837
  0.0839  0.0838  0.0835  0.0839  0.0844  0.0842  0.0839  0.0842  0.0839  0.0841  0.0838  0.0838
  0.0846  0.0846  0.0842  0.0850  0.0862  0.0862  0.0845  0.0858  0.0844  0.0850  0.0843  0.0842
  0.0857  0.0860  0.0862  0.0867  0.0878  0.0892  0.0857  0.0880  0.0852  0.0865  0.0851  0.0850
registration optimization eta report
parameter search radius
    2.4000    2.7600    3.6501    7.2000    8.2800    7.2000
    7.2000    7.2000    7.2000    7.2000    7.2000    7.2000
100000*second partial in parameter space
       35.       28.       22.        5.        6.       12.
        4.        8.        3.        5.        3.        3.
  0.0857  0.0858  0.0868  0.0861  0.0879  0.0906  0.0856  0.0881  0.0852  0.0861  0.0850  0.0849
  0.0845  0.0849  0.0850  0.0852  0.0848  0.0864  0.0846  0.0857  0.0844  0.0847  0.0843  0.0842
  0.0839  0.0842  0.0841  0.0841  0.0842  0.0839  0.0840  0.0841  0.0839  0.0838  0.0838  0.0838
  0.0837  0.0837  0.0837  0.0836  0.0836  0.0836  0.0837  0.0837  0.0837  0.0837  0.0837  0.0837
  0.0839  0.0838  0.0835  0.0839  0.0844  0.0842  0.0839  0.0842  0.0839  0.0841  0.0838  0.0838
  0.0846  0.0846  0.0842  0.0850  0.0862  0.0862  0.0845  0.0858  0.0844  0.0850  0.0843  0.0842
  0.0857  0.0860  0.0862  0.0867  0.0878  0.0892  0.0857  0.0880  0.0852  0.0865  0.0851  0.0850
   -3.1921   30.9016    2.4358    0.1070    6.7518   12.2763
   -4.5359    0.9230    5.6511    5.5586   -2.4933   -6.2050
eta,q 0.91633 44.42097

---------------------------------------------------------------------
imgreg_4dfp /opt/freesurfer/average/3T18yoSchwartzReactN32_as_orig /opt/freesurfer/average/711-2B_as_mni_average_305_mask talsrcimg_g11 none talsrcimg_to_3T18yoSchwartzReactN32_as_orig_t4 2311
---------------------------------------------------------------------

freesurfer imgreg_4dfp.c
/opt/freesurfer/average/3T18yoSchwartzReactN32_as_orig.4dfp.img
       256       256       256         1
  1.000000  1.000000  1.000000
orientation T byte_order littleendian
Reading image: /opt/freesurfer/average/3T18yoSchwartzReactN32_as_orig.4dfp.img
dimensions:      256       256       256
mmppix:       1.0000   -1.0000   -1.0000
center:     128.0000 -129.0000 -129.0000
/opt/freesurfer/average/711-2B_as_mni_average_305_mask.4dfp.img
       256       256       256         1
  1.000000  1.000000  1.000000
orientation T byte_order littleendian
Reading mask: /opt/freesurfer/average/711-2B_as_mni_average_305_mask.4dfp.img (2306576 pixels)
talsrcimg_g11.4dfp.img
       320       320       320         1
  0.800000  0.800000  0.800000
orientation T byte_order littleendian
Reading image: talsrcimg_g11.4dfp.img
dimensions:      320       320       320
mmppix:       0.8000   -0.8000   -0.8000
center:     128.0000 -128.8000 -128.8000
fimgreg.f
image alignment mode   2311 decimal      907 hex
parameters
   -3.1921   30.9016    2.4358    0.1070    6.7518   12.2763
   -4.5359    0.9230    5.6511    5.5586   -2.4933   -6.2050
eta,q 0.91633 44.42096
niter,ni,del,rscale     5    3    5.0000    0.8000
parameter  3 -0.539420 -> -0.500000 qaram    1.1500
parameters
   -3.2176   31.1689    3.3558    0.6216    5.7373   12.8059
   -4.3444    0.8558    5.5303    4.6974   -2.2905   -6.3202
eta,q 0.91636 44.52521
  0.0846  0.0847  0.0843  0.0853  0.0843  0.0874  0.0846  0.0857  0.0843  0.0843  0.0843  0.0841
  0.0841  0.0843  0.0840  0.0845  0.0840  0.0854  0.0842  0.0845  0.0840  0.0838  0.0839  0.0839
  0.0837  0.0839  0.0838  0.0838  0.0838  0.0840  0.0838  0.0839  0.0838  0.0836  0.0837  0.0837
  0.0837  0.0837  0.0836  0.0835  0.0834  0.0836  0.0837  0.0837  0.0837  0.0837  0.0836  0.0836
  0.0838  0.0836  0.0835  0.0835  0.0837  0.0840  0.0837  0.0839  0.0838  0.0839  0.0837  0.0837
  0.0841  0.0838  0.0835  0.0840  0.0847  0.0846  0.0840  0.0847  0.0840  0.0843  0.0839  0.0839
  0.0846  0.0843  0.0836  0.0847  0.0858  0.0859  0.0845  0.0858  0.0844  0.0850  0.0842  0.0842
niter,ni,del,rscale     5    3    5.0000    0.8000
parameters
   -3.2088   31.2618    3.4218    0.5170    5.1439   12.8144
   -4.3105    0.7950    5.4364    4.6036   -2.2483   -6.4125
eta,q 0.91625 44.36072
  0.0846  0.0843  0.0844  0.0851  0.0845  0.0866  0.0846  0.0858  0.0844  0.0847  0.0844  0.0843
  0.0841  0.0840  0.0840  0.0844  0.0841  0.0849  0.0842  0.0846  0.0841  0.0841  0.0840  0.0840
  0.0837  0.0838  0.0838  0.0838  0.0840  0.0838  0.0839  0.0839  0.0838  0.0838  0.0838  0.0838
  0.0836  0.0836  0.0836  0.0836  0.0836  0.0838  0.0838  0.0838  0.0838  0.0838  0.0838  0.0837
  0.0838  0.0836  0.0836  0.0838  0.0836  0.0842  0.0838  0.0840  0.0838  0.0839  0.0838  0.0838
  0.0841  0.0838  0.0839  0.0844  0.0844  0.0850  0.0841  0.0847  0.0841  0.0842  0.0840  0.0840
  0.0846  0.0843  0.0844  0.0853  0.0856  0.0865  0.0847  0.0859  0.0845  0.0847  0.0844  0.0843
niter,ni,del,rscale     4    3    5.0000    0.7000
parameters
   -3.2020   31.5111    3.4889    0.5120    4.9808   12.7542
   -4.3022    0.7812    5.3649    4.6354   -2.2376   -6.5014
eta,q 0.91626 44.35831
  0.0845  0.0842  0.0843  0.0849  0.0845  0.0859  0.0844  0.0853  0.0843  0.0845  0.0842  0.0841
  0.0841  0.0840  0.0840  0.0843  0.0842  0.0845  0.0841  0.0844  0.0840  0.0840  0.0840  0.0839
  0.0838  0.0839  0.0838  0.0839  0.0841  0.0838  0.0838  0.0839  0.0838  0.0838  0.0838  0.0838
  0.0837  0.0837  0.0837  0.0837  0.0837  0.0838  0.0837  0.0837  0.0837  0.0837  0.0837  0.0837
  0.0838  0.0837  0.0837  0.0839  0.0835  0.0841  0.0838  0.0839  0.0838  0.0838  0.0838  0.0838
  0.0841  0.0838  0.0839  0.0843  0.0840  0.0847  0.0840  0.0844  0.0840  0.0841  0.0840  0.0839
  0.0845  0.0840  0.0843  0.0850  0.0850  0.0858  0.0844  0.0853  0.0843  0.0844  0.0842  0.0842
niter,ni,del,rscale     3    3    5.0000    0.6000
parameters
   -3.2085   31.6014    3.5284    0.5491    5.1768   12.6558
   -4.2723    0.7552    5.2823    4.6936   -2.2169   -6.5343
eta,q 0.91634 44.40867
  0.0843  0.0840  0.0842  0.0847  0.0843  0.0852  0.0841  0.0848  0.0840  0.0843  0.0840  0.0839
  0.0840  0.0839  0.0840  0.0842  0.0842  0.0842  0.0839  0.0842  0.0838  0.0839  0.0838  0.0838
  0.0838  0.0838  0.0838  0.0839  0.0840  0.0837  0.0837  0.0838  0.0837  0.0837  0.0837  0.0837
  0.0837  0.0837  0.0837  0.0837  0.0837  0.0837  0.0837  0.0837  0.0837  0.0837  0.0837  0.0837
  0.0838  0.0837  0.0837  0.0838  0.0835  0.0840  0.0837  0.0838  0.0837  0.0837  0.0837  0.0837
  0.0840  0.0838  0.0839  0.0842  0.0838  0.0845  0.0838  0.0842  0.0838  0.0839  0.0838  0.0838
  0.0843  0.0840  0.0842  0.0847  0.0845  0.0852  0.0841  0.0848  0.0841  0.0842  0.0840  0.0839
niter,ni,del,rscale     2    3    5.0000    0.5000
parameters
   -3.2252   31.6239    3.5439    0.5465    5.5456   12.5243
   -4.1795    0.7213    5.1945    4.8162   -2.2055   -6.5664
eta,q 0.91644 44.46259
  0.0840  0.0839  0.0840  0.0844  0.0842  0.0847  0.0839  0.0844  0.0838  0.0840  0.0838  0.0837
  0.0838  0.0838  0.0838  0.0840  0.0841  0.0839  0.0837  0.0839  0.0837  0.0838  0.0837  0.0836
  0.0837  0.0837  0.0837  0.0837  0.0839  0.0836  0.0836  0.0836  0.0836  0.0836  0.0836  0.0836
  0.0837  0.0837  0.0837  0.0837  0.0837  0.0836  0.0836  0.0836  0.0836  0.0836  0.0836  0.0836
  0.0837  0.0837  0.0837  0.0837  0.0835  0.0838  0.0836  0.0837  0.0836  0.0836  0.0836  0.0836
  0.0838  0.0837  0.0838  0.0840  0.0837  0.0842  0.0837  0.0839  0.0837  0.0837  0.0837  0.0836
  0.0840  0.0839  0.0840  0.0844  0.0842  0.0847  0.0839  0.0844  0.0838  0.0840  0.0838  0.0838
niter,ni,del,rscale     1    3    5.0000    0.4000
parameters
   -3.2475   31.5819    3.5266    0.5407    5.9293   12.3756
   -4.0802    0.6727    5.0920    4.9934   -2.1761   -6.5882
eta,q 0.91652 44.49417
  0.0838  0.0837  0.0838  0.0840  0.0841  0.0842  0.0837  0.0840  0.0836  0.0838  0.0837  0.0836
  0.0836  0.0836  0.0837  0.0838  0.0840  0.0837  0.0836  0.0837  0.0835  0.0836  0.0836  0.0835
  0.0836  0.0836  0.0836  0.0836  0.0838  0.0835  0.0835  0.0835  0.0835  0.0835  0.0835  0.0835
  0.0836  0.0836  0.0836  0.0836  0.0836  0.0835  0.0835  0.0835  0.0835  0.0835  0.0835  0.0835
  0.0836  0.0836  0.0836  0.0836  0.0835  0.0837  0.0835  0.0835  0.0835  0.0835  0.0835  0.0835
  0.0837  0.0837  0.0837  0.0838  0.0836  0.0839  0.0836  0.0837  0.0836  0.0836  0.0836  0.0835
  0.0838  0.0838  0.0838  0.0840  0.0840  0.0843  0.0837  0.0840  0.0837  0.0837  0.0836  0.0836
registration optimization eta report
parameter search radius
    0.8000    0.8000    0.9200    2.4000    2.4000    2.4000
    2.4000    2.4000    2.4000    2.4000    2.4000    2.4000
100000*second partial in parameter space
       39.       33.       27.        8.        8.       13.
        4.        9.        3.        5.        3.        2.
  0.0838  0.0837  0.0838  0.0840  0.0841  0.0842  0.0837  0.0840  0.0836  0.0838  0.0837  0.0836
  0.0836  0.0836  0.0837  0.0838  0.0840  0.0837  0.0836  0.0837  0.0835  0.0836  0.0836  0.0835
  0.0836  0.0836  0.0836  0.0836  0.0838  0.0835  0.0835  0.0835  0.0835  0.0835  0.0835  0.0835
  0.0836  0.0836  0.0836  0.0836  0.0836  0.0835  0.0835  0.0835  0.0835  0.0835  0.0835  0.0835
  0.0836  0.0836  0.0836  0.0836  0.0835  0.0837  0.0835  0.0835  0.0835  0.0835  0.0835  0.0835
  0.0837  0.0837  0.0837  0.0838  0.0836  0.0839  0.0836  0.0837  0.0836  0.0836  0.0836  0.0835
  0.0838  0.0838  0.0838  0.0840  0.0840  0.0843  0.0837  0.0840  0.0837  0.0837  0.0836  0.0836
   -3.2475   31.5819    3.5266    0.5407    5.9293   12.3756
   -4.0802    0.6727    5.0920    4.9934   -2.1761   -6.5882
eta,q 0.91652 44.49417

---------------------------------------------------------------------
imgreg_4dfp /opt/freesurfer/average/3T18yoSchwartzReactN32_as_orig /opt/freesurfer/average/711-2B_as_mni_average_305_mask talsrcimg_g11 none talsrcimg_to_3T18yoSchwartzReactN32_as_orig_t4 2311
---------------------------------------------------------------------

freesurfer imgreg_4dfp.c
/opt/freesurfer/average/3T18yoSchwartzReactN32_as_orig.4dfp.img
       256       256       256         1
  1.000000  1.000000  1.000000
orientation T byte_order littleendian
Reading image: /opt/freesurfer/average/3T18yoSchwartzReactN32_as_orig.4dfp.img
dimensions:      256       256       256
mmppix:       1.0000   -1.0000   -1.0000
center:     128.0000 -129.0000 -129.0000
/opt/freesurfer/average/711-2B_as_mni_average_305_mask.4dfp.img
       256       256       256         1
  1.000000  1.000000  1.000000
orientation T byte_order littleendian
Reading mask: /opt/freesurfer/average/711-2B_as_mni_average_305_mask.4dfp.img (2306576 pixels)
talsrcimg_g11.4dfp.img
       320       320       320         1
  0.800000  0.800000  0.800000
orientation T byte_order littleendian
Reading image: talsrcimg_g11.4dfp.img
dimensions:      320       320       320
mmppix:       0.8000   -0.8000   -0.8000
center:     128.0000 -128.8000 -128.8000
fimgreg.f
image alignment mode   2311 decimal      907 hex
parameters
   -3.2475   31.5819    3.5266    0.5407    5.9293   12.3756
   -4.0802    0.6727    5.0920    4.9934   -2.1761   -6.5882
eta,q 0.91652 44.49418
niter,ni,del,rscale     5    3    5.0000    0.8000
parameters
   -3.2149   31.3405    3.3211    0.5763    5.2572   12.6926
   -4.1321    0.7239    5.2379    4.8983   -2.1310   -6.5864
eta,q 0.91630 44.37774
  0.0845  0.0840  0.0840  0.0851  0.0844  0.0870  0.0846  0.0858  0.0844  0.0846  0.0843  0.0842
  0.0839  0.0838  0.0837  0.0843  0.0841  0.0851  0.0841  0.0846  0.0841  0.0841  0.0840  0.0839
  0.0836  0.0836  0.0836  0.0837  0.0839  0.0839  0.0838  0.0839  0.0838  0.0838  0.0838  0.0838
  0.0835  0.0835  0.0835  0.0835  0.0835  0.0837  0.0837  0.0837  0.0837  0.0837  0.0837  0.0837
  0.0836  0.0836  0.0836  0.0837  0.0836  0.0840  0.0838  0.0839  0.0838  0.0838  0.0838  0.0837
  0.0839  0.0840  0.0839  0.0843  0.0844  0.0847  0.0841  0.0846  0.0840  0.0841  0.0840  0.0839
  0.0844  0.0846  0.0844  0.0851  0.0856  0.0860  0.0846  0.0857  0.0844  0.0847  0.0843  0.0843
niter,ni,del,rscale     4    3    5.0000    0.7000
parameters
   -3.2209   31.5080    3.4874    0.5846    5.0758   12.7643
   -4.1726    0.7058    5.2746    4.7667   -2.1268   -6.5649
eta,q 0.91628 44.39999
  0.0845  0.0841  0.0842  0.0849  0.0844  0.0860  0.0844  0.0853  0.0843  0.0844  0.0842  0.0841
  0.0840  0.0840  0.0840  0.0843  0.0841  0.0846  0.0840  0.0844  0.0840  0.0840  0.0839  0.0839
  0.0838  0.0838  0.0838  0.0838  0.0840  0.0838  0.0838  0.0839  0.0838  0.0838  0.0838  0.0838
  0.0837  0.0837  0.0837  0.0837  0.0837  0.0837  0.0837  0.0837  0.0837  0.0837  0.0837  0.0837
  0.0838  0.0837  0.0837  0.0838  0.0835  0.0841  0.0838  0.0839  0.0838  0.0838  0.0838  0.0837
  0.0841  0.0838  0.0838  0.0843  0.0840  0.0847  0.0840  0.0844  0.0840  0.0841  0.0839  0.0839
  0.0844  0.0840  0.0840  0.0849  0.0849  0.0857  0.0844  0.0853  0.0843  0.0845  0.0842  0.0841
niter,ni,del,rscale     3    3    5.0000    0.6000
parameters
   -3.2330   31.5717    3.5603    0.5766    5.2307   12.6997
   -4.1919    0.6793    5.2453    4.7009   -2.1234   -6.5184
eta,q 0.91635 44.43413
  0.0843  0.0840  0.0841  0.0847  0.0843  0.0853  0.0841  0.0848  0.0840  0.0842  0.0840  0.0839
  0.0839  0.0839  0.0839  0.0842  0.0842  0.0842  0.0839  0.0841  0.0838  0.0839  0.0838  0.0838
  0.0838  0.0838  0.0838  0.0838  0.0840  0.0837  0.0837  0.0838  0.0837  0.0837  0.0837  0.0837
  0.0837  0.0837  0.0837  0.0837  0.0837  0.0837  0.0837  0.0837  0.0837  0.0837  0.0837  0.0837
  0.0838  0.0837  0.0837  0.0838  0.0835  0.0840  0.0837  0.0838  0.0837  0.0837  0.0837  0.0837
  0.0840  0.0838  0.0838  0.0842  0.0838  0.0845  0.0839  0.0842  0.0838  0.0839  0.0838  0.0838
  0.0843  0.0840  0.0840  0.0847  0.0845  0.0852  0.0842  0.0848  0.0841  0.0842  0.0840  0.0839
niter,ni,del,rscale     2    3    5.0000    0.5000
parameters
   -3.2445   31.5924    3.5779    0.5583    5.5661   12.5543
   -4.1463    0.6577    5.1942    4.7644   -2.1373   -6.5249
eta,q 0.91645 44.47253
  0.0840  0.0839  0.0839  0.0843  0.0842  0.0847  0.0839  0.0844  0.0838  0.0840  0.0838  0.0837
  0.0838  0.0838  0.0838  0.0840  0.0841  0.0839  0.0837  0.0839  0.0837  0.0837  0.0837  0.0836
  0.0837  0.0837  0.0837  0.0837  0.0839  0.0836  0.0836  0.0836  0.0836  0.0836  0.0836  0.0836
  0.0837  0.0837  0.0836  0.0836  0.0836  0.0836  0.0836  0.0836  0.0836  0.0836  0.0836  0.0836
  0.0837  0.0837  0.0837  0.0837  0.0835  0.0838  0.0836  0.0837  0.0836  0.0836  0.0836  0.0836
  0.0838  0.0837  0.0837  0.0840  0.0837  0.0842  0.0837  0.0839  0.0837  0.0837  0.0837  0.0836
  0.0840  0.0839  0.0839  0.0844  0.0842  0.0847  0.0839  0.0844  0.0838  0.0840  0.0838  0.0838
niter,ni,del,rscale     1    3    5.0000    0.4000
parameters
   -3.2686   31.5599    3.5570    0.5508    5.9324   12.3969
   -4.0696    0.6231    5.1206    4.9263   -2.1321   -6.5288
eta,q 0.91653 44.50051
  0.0838  0.0837  0.0837  0.0840  0.0841  0.0842  0.0837  0.0840  0.0836  0.0838  0.0837  0.0836
  0.0836  0.0836  0.0836  0.0838  0.0840  0.0837  0.0836  0.0837  0.0835  0.0836  0.0836  0.0835
  0.0836  0.0836  0.0836  0.0836  0.0837  0.0835  0.0835  0.0835  0.0835  0.0835  0.0835  0.0835
  0.0836  0.0835  0.0836  0.0836  0.0836  0.0835  0.0835  0.0835  0.0835  0.0835  0.0835  0.0835
  0.0836  0.0836  0.0836  0.0836  0.0835  0.0837  0.0835  0.0835  0.0835  0.0835  0.0835  0.0835
  0.0837  0.0836  0.0836  0.0838  0.0836  0.0840  0.0836  0.0837  0.0836  0.0836  0.0836  0.0835
  0.0838  0.0838  0.0837  0.0840  0.0840  0.0843  0.0837  0.0840  0.0837  0.0837  0.0837  0.0836
registration optimization eta report
parameter search radius
    0.8000    0.8000    0.8000    2.4000    2.4000    2.4000
    2.4000    2.4000    2.4000    2.4000    2.4000    2.4000
100000*second partial in parameter space
       39.       32.       27.        8.        8.       13.
        4.        9.        3.        5.        3.        2.
  0.0838  0.0837  0.0837  0.0840  0.0841  0.0842  0.0837  0.0840  0.0836  0.0838  0.0837  0.0836
  0.0836  0.0836  0.0836  0.0838  0.0840  0.0837  0.0836  0.0837  0.0835  0.0836  0.0836  0.0835
  0.0836  0.0836  0.0836  0.0836  0.0837  0.0835  0.0835  0.0835  0.0835  0.0835  0.0835  0.0835
  0.0836  0.0835  0.0836  0.0836  0.0836  0.0835  0.0835  0.0835  0.0835  0.0835  0.0835  0.0835
  0.0836  0.0836  0.0836  0.0836  0.0835  0.0837  0.0835  0.0835  0.0835  0.0835  0.0835  0.0835
  0.0837  0.0836  0.0836  0.0838  0.0836  0.0840  0.0836  0.0837  0.0836  0.0836  0.0836  0.0835
  0.0838  0.0838  0.0837  0.0840  0.0840  0.0843  0.0837  0.0840  0.0837  0.0837  0.0837  0.0836
   -3.2686   31.5599    3.5570    0.5508    5.9324   12.3969
   -4.0696    0.6231    5.1206    4.9263   -2.1321   -6.5288
eta,q 0.91653 44.50051

---------------------------------------------------------------------
compute_vox2vox talsrcimg talsrcimg_to_3T18yoSchwartzReactN32_as_orig_t4 /opt/freesurfer/average/3T18yoSchwartzReactN32_as_orig
---------------------------------------------------------------------

freesurfer compute_vox2vox.c
Reading: talsrcimg.4dfp.ifh
Reading: talsrcimg_to_3T18yoSchwartzReactN32_as_orig_t4
Reading: /opt/freesurfer/average/3T18yoSchwartzReactN32_as_orig.4dfp.ifh
Writing: talsrcimg_to_3T18yoSchwartzReactN32_as_orig_t4_vox2vox.txt

start time Thu Oct 5 12:27:55 UTC 2023
end		time Thu Oct 5 12:28:34 UTC 2023

mpr2mni305 success

avi2talxfm orig_nu.mgz /opt/freesurfer/average/mni305.cor.mgz talsrcimg_to_3T18yoSchwartzReactN32_as_orig_t4_vox2vox.txt transforms/talairach.auto.xfm
avi2talxfm done
mv -f /localscratch/bpinsard.41394473.0/freesurfer_crosssectional_autorecon1smriprep_skullstripautorecon2autorecon3_sub04_ses005.job/sub-04_ses-005/mri/talsrcimg_to_3T18yoSchwartzReactN32_as_orig_t4_vox2vox.txt /localscratch/bpinsard.41394473.0/freesurfer_crosssectional_autorecon1smriprep_skullstripautorecon2autorecon3_sub04_ses005.job/sub-04_ses-005/mri/transforms/talsrcimg_to_3T18yoSchwartzReactN32_as_orig_t4_vox2vox.txt
lta_convert --src orig_nu.mgz --trg /opt/freesurfer/average/mni305.cor.mgz --inxfm transforms/talairach.auto.xfm --outlta transforms/talairach.auto.xfm.lta --subject fsaverage
7.4.1

--src: orig_nu.mgz src image (geometry).
--trg: /opt/freesurfer/average/mni305.cor.mgz trg image (geometry).
--inmni: transforms/talairach.auto.xfm input MNI/XFM transform.
--outlta: transforms/talairach.auto.xfm.lta output LTA.
--s: fsaverage subject name
 LTA read, type : 1
 0.99245  -0.00715   0.03769   3.01927;
 0.01600   0.88719   0.05529  -27.37418;
-0.04872  -0.04091   0.93960  -15.60092;
 0.00000   0.00000   0.00000   1.00000;
setting subject to fsaverage
Writing  LTA to file transforms/talairach.auto.xfm.lta...
lta_convert successful.
 
 
Started at Thu Oct 5 12:27:55 UTC 2023
Ended   at Thu Oct  5 12:28:35 UTC 2023
talairach_avi done
