status file for recon-all
Thu Oct  5 13:48:17 UTC 2023
#@# MotionCor Thu Oct  5 13:48:22 UTC 2023
#@# Talairach Thu Oct  5 13:48:35 UTC 2023
#@# Talairach Failure Detection Thu Oct  5 13:56:27 UTC 2023
#@# Talairach Thu Oct  5 13:56:27 UTC 2023
#@# Talairach Failure Detection Thu Oct  5 14:03:58 UTC 2023
#@# Nu Intensity Correction Thu Oct  5 14:03:58 UTC 2023
#@# Intensity Normalization Thu Oct  5 14:11:55 UTC 2023
#@# Skull Stripping Thu Oct  5 14:16:29 UTC 2023
recon-all -s sub-01_ses-010 finished without error at Thu Oct  5 14:21:58 UTC 2023



#New# invocation of recon-all 



status file for recon-all
Thu Oct  5 14:45:26 UTC 2023
#@# EM Registration Thu Oct  5 14:45:26 UTC 2023
#@# CA Normalize Thu Oct  5 14:50:26 UTC 2023
#@# CA Reg Thu Oct  5 14:53:04 UTC 2023
#@# SubCort Seg Thu Oct  5 16:07:43 UTC 2023
#@# CC Seg Thu Oct  5 17:54:29 UTC 2023
#@# Merge ASeg Thu Oct  5 17:56:15 UTC 2023
#@# Intensity Normalization2 Thu Oct  5 17:56:15 UTC 2023
#@# Mask BFS Thu Oct  5 18:02:39 UTC 2023
#@# WM Segmentation Thu Oct  5 18:02:41 UTC 2023
#@# Fill Thu Oct  5 18:10:19 UTC 2023
#@# Tessellate lh Thu Oct  5 18:13:17 UTC 2023
#@# Tessellate rh Thu Oct  5 18:13:26 UTC 2023
#@# Smooth1 lh Thu Oct  5 18:13:34 UTC 2023
#@# Smooth1 rh Thu Oct  5 18:13:40 UTC 2023
#@# Inflation1 lh Thu Oct  5 18:13:47 UTC 2023
#@# Inflation1 rh Thu Oct  5 18:14:12 UTC 2023
#@# QSphere lh Thu Oct  5 18:14:37 UTC 2023
#@# QSphere rh Thu Oct  5 18:17:27 UTC 2023
#@# Fix Topology lh Thu Oct  5 18:20:08 UTC 2023
#@# Fix Topology rh Thu Oct  5 18:21:55 UTC 2023
#@# Smooth2 lh Thu Oct  5 18:41:34 UTC 2023
#@# Smooth2 rh Thu Oct  5 18:41:41 UTC 2023
#@# Inflation2 lh Thu Oct  5 18:41:48 UTC 2023
#@# Inflation2 rh Thu Oct  5 18:42:19 UTC 2023
#@# Curv .H and .K lh Thu Oct  5 18:42:50 UTC 2023
#@# Curv .H and .K rh Thu Oct  5 18:44:46 UTC 2023
recon-all -s sub-01_ses-010 finished without error at Thu Oct  5 18:46:42 UTC 2023
