
Wed Oct 11 15:03:00 UTC 2023
cd /localscratch/bpinsard.41508128.0/freesurfer_crosssectional_autorecon1smriprep_skullstripautorecon2autorecon3_sub01_ses014.job/sub-01_ses-014
setenv SUBJECTS_DIR /localscratch/bpinsard.41508128.0/freesurfer_crosssectional_autorecon1smriprep_skullstripautorecon2autorecon3_sub01_ses014.job
/opt/freesurfer/bin/recon-all -subjid sub-01_ses-014 -sd /localscratch/bpinsard.41508128.0/freesurfer_crosssectional_autorecon1smriprep_skullstripautorecon2autorecon3_sub01_ses014.job -3T -hires -i sourcedata/cneuromod.anat.gradcorrect/sub-01/ses-014/anat/sub-01_ses-014_T1w.nii.gz -autorecon1 -openmp 4

subjid sub-01_ses-014
setenv SUBJECTS_DIR /localscratch/bpinsard.41508128.0/freesurfer_crosssectional_autorecon1smriprep_skullstripautorecon2autorecon3_sub01_ses014.job
FREESURFER_HOME /opt/freesurfer
Actual FREESURFER_HOME /opt/freesurfer
build-stamp.txt: freesurfer-linux-centos7_x86_64-7.4.1-20230613-7eb8460
Linux bc11248.int.ets1.calculquebec.ca 3.10.0-1160.95.1.el7.x86_64 #1 SMP Mon Jul 24 13:59:37 UTC 2023 x86_64 x86_64 x86_64 GNU/Linux
cputime      unlimited
filesize     unlimited
datasize     unlimited
stacksize    unlimited
coredumpsize unlimited
memoryuse    16777216 kbytes
vmemoryuse   unlimited
descriptors  51200 
memorylocked unlimited
maxproc      380529 
maxlocks     unlimited
maxsignal    380529 
maxmessage   819200 
maxnice      0 
maxrtprio    0 
maxrttime    unlimited

               total        used        free      shared  buff/cache   available
Mem:            93Gi        62Gi        13Gi       2.8Gi        17Gi        27Gi
Swap:             0B          0B          0B

########################################
program versions used
7.4.1 (freesurfer-linux-centos7_x86_64-7.4.1-20230613-7eb8460)
7.4.1

ProgramName: lta_convert  ProgramArguments: lta_convert -all-info  ProgramVersion: 7.4.1  TimeStamp: 2023/10/11-15:03:00-GMT  BuildTime: Jun 13 2023 22:52:23  BuildStamp: freesurfer-linux-centos7_x86_64-7.4.1-20230613-7eb8460  User: bpinsard  Machine: bc11248.int.ets1.calculquebec.ca  Platform: Linux  PlatformVersion: 3.10.0-1160.95.1.el7.x86_64  CompilerName: GCC  CompilerVersion: 4.8.5
ProgramName: mri_and  ProgramArguments: mri_and -all-info  ProgramVersion: 7.4.1  TimeStamp: 2023/10/11-15:03:00-GMT  BuildTime: Jun 13 2023 22:52:23  BuildStamp: freesurfer-linux-centos7_x86_64-7.4.1-20230613-7eb8460  User: bpinsard  Machine: bc11248.int.ets1.calculquebec.ca  Platform: Linux  PlatformVersion: 3.10.0-1160.95.1.el7.x86_64  CompilerName: GCC  CompilerVersion: 4.8.5
ProgramName: mri_annotation2label  ProgramArguments: mri_annotation2label -all-info  ProgramVersion: 7.4.1  TimeStamp: 2023/10/11-15:03:00-GMT  BuildTime: Jun 13 2023 22:52:23  BuildStamp: freesurfer-linux-centos7_x86_64-7.4.1-20230613-7eb8460  User: bpinsard  Machine: bc11248.int.ets1.calculquebec.ca  Platform: Linux  PlatformVersion: 3.10.0-1160.95.1.el7.x86_64  CompilerName: GCC  CompilerVersion: 4.8.5
ProgramName: mri_aparc2aseg  ProgramArguments: mri_aparc2aseg -all-info  ProgramVersion: 7.4.1  TimeStamp: 2023/10/11-15:03:00-GMT  BuildTime: Jun 13 2023 22:52:23  BuildStamp: freesurfer-linux-centos7_x86_64-7.4.1-20230613-7eb8460  User: bpinsard  Machine: bc11248.int.ets1.calculquebec.ca  Platform: Linux  PlatformVersion: 3.10.0-1160.95.1.el7.x86_64  CompilerName: GCC  CompilerVersion: 4.8.5
ProgramName: mri_surf2volseg  ProgramArguments: mri_surf2volseg -all-info  ProgramVersion: 7.4.1  TimeStamp: 2023/10/11-15:03:00-GMT  BuildTime: Jun 13 2023 22:52:23  BuildStamp: freesurfer-linux-centos7_x86_64-7.4.1-20230613-7eb8460  User: bpinsard  Machine: bc11248.int.ets1.calculquebec.ca  Platform: Linux  PlatformVersion: 3.10.0-1160.95.1.el7.x86_64  CompilerName: GCC  CompilerVersion: 4.8.5
ProgramName: mri_binarize  ProgramArguments: mri_binarize -all-info  ProgramVersion: 7.4.1  TimeStamp: 2023/10/11-15:03:00-GMT  BuildTime: Jun 13 2023 22:52:23  BuildStamp: freesurfer-linux-centos7_x86_64-7.4.1-20230613-7eb8460  User: bpinsard  Machine: bc11248.int.ets1.calculquebec.ca  Platform: Linux  PlatformVersion: 3.10.0-1160.95.1.el7.x86_64  CompilerName: GCC  CompilerVersion: 4.8.5
ProgramName: mri_ca_label  ProgramArguments: mri_ca_label -all-info  ProgramVersion: 7.4.1  TimeStamp: 2023/10/11-15:03:00-GMT  BuildTime: Jun 13 2023 22:52:23  BuildStamp: freesurfer-linux-centos7_x86_64-7.4.1-20230613-7eb8460  User: bpinsard  Machine: bc11248.int.ets1.calculquebec.ca  Platform: Linux  PlatformVersion: 3.10.0-1160.95.1.el7.x86_64  CompilerName: GCC  CompilerVersion: 4.8.5
ProgramName: mri_ca_normalize  ProgramArguments: mri_ca_normalize -all-info  ProgramVersion: 7.4.1  TimeStamp: 2023/10/11-15:03:00-GMT  BuildTime: Jun 13 2023 22:52:23  BuildStamp: freesurfer-linux-centos7_x86_64-7.4.1-20230613-7eb8460  User: bpinsard  Machine: bc11248.int.ets1.calculquebec.ca  Platform: Linux  PlatformVersion: 3.10.0-1160.95.1.el7.x86_64  CompilerName: GCC  CompilerVersion: 4.8.5
ProgramName: mri_ca_register  ProgramArguments: mri_ca_register -all-info  ProgramVersion: 7.4.1  TimeStamp: 2023/10/11-15:03:00-GMT  BuildTime: Jun 13 2023 22:52:23  BuildStamp: freesurfer-linux-centos7_x86_64-7.4.1-20230613-7eb8460  User: bpinsard  Machine: bc11248.int.ets1.calculquebec.ca  Platform: Linux  PlatformVersion: 3.10.0-1160.95.1.el7.x86_64  CompilerName: GCC  CompilerVersion: 4.8.5
ProgramName: mri_cc  ProgramArguments: mri_cc -all-info  ProgramVersion: 7.4.1  TimeStamp: 2023/10/11-15:03:00-GMT  BuildTime: Jun 13 2023 22:52:23  BuildStamp: freesurfer-linux-centos7_x86_64-7.4.1-20230613-7eb8460  User: bpinsard  Machine: bc11248.int.ets1.calculquebec.ca  Platform: Linux  PlatformVersion: 3.10.0-1160.95.1.el7.x86_64  CompilerName: GCC  CompilerVersion: 4.8.5
ProgramName: mri_compute_overlap  ProgramArguments: mri_compute_overlap -all-info  ProgramVersion: 7.4.1  TimeStamp: 2023/10/11-15:03:00-GMT  BuildTime: Jun 13 2023 22:52:23  BuildStamp: freesurfer-linux-centos7_x86_64-7.4.1-20230613-7eb8460  User: bpinsard  Machine: bc11248.int.ets1.calculquebec.ca  Platform: Linux  PlatformVersion: 3.10.0-1160.95.1.el7.x86_64  CompilerName: GCC  CompilerVersion: 4.8.5
ProgramName: mri_compute_seg_overlap  ProgramArguments: mri_compute_seg_overlap -all-info  ProgramVersion: 7.4.1  TimeStamp: 2023/10/11-15:03:00-GMT  BuildTime: Jun 13 2023 22:52:23  BuildStamp: freesurfer-linux-centos7_x86_64-7.4.1-20230613-7eb8460  User: bpinsard  Machine: bc11248.int.ets1.calculquebec.ca  Platform: Linux  PlatformVersion: 3.10.0-1160.95.1.el7.x86_64  CompilerName: GCC  CompilerVersion: 4.8.5
ProgramName: mri_concat  ProgramArguments: mri_concat -all-info  ProgramVersion: 7.4.1  TimeStamp: 2023/10/11-15:03:00-GMT  BuildTime: Jun 13 2023 22:52:23  BuildStamp: freesurfer-linux-centos7_x86_64-7.4.1-20230613-7eb8460  User: bpinsard  Machine: bc11248.int.ets1.calculquebec.ca  Platform: Linux  PlatformVersion: 3.10.0-1160.95.1.el7.x86_64  CompilerName: GCC  CompilerVersion: 4.8.5
ProgramName: mri_concatenate_lta  ProgramArguments: mri_concatenate_lta -all-info  ProgramVersion: 7.4.1  TimeStamp: 2023/10/11-15:03:00-GMT  BuildTime: Jun 13 2023 22:52:23  BuildStamp: freesurfer-linux-centos7_x86_64-7.4.1-20230613-7eb8460  User: bpinsard  Machine: bc11248.int.ets1.calculquebec.ca  Platform: Linux  PlatformVersion: 3.10.0-1160.95.1.el7.x86_64  CompilerName: GCC  CompilerVersion: 4.8.5
mri_convert -all-info 
ProgramName: mri_convert  ProgramArguments: mri_convert -all-info  ProgramVersion: 7.4.1  TimeStamp: 2023/10/11-15:03:00-GMT  BuildTime: Jun 13 2023 22:52:23  BuildStamp: freesurfer-linux-centos7_x86_64-7.4.1-20230613-7eb8460  User: bpinsard  Machine: bc11248.int.ets1.calculquebec.ca  Platform: Linux  PlatformVersion: 3.10.0-1160.95.1.el7.x86_64  CompilerName: GCC  CompilerVersion: 4.8.5
ProgramName: mri_diff  ProgramArguments: mri_diff -all-info  ProgramVersion: 7.4.1  TimeStamp: 2023/10/11-15:03:00-GMT  BuildTime: Jun 13 2023 22:52:23  BuildStamp: freesurfer-linux-centos7_x86_64-7.4.1-20230613-7eb8460  User: bpinsard  Machine: bc11248.int.ets1.calculquebec.ca  Platform: Linux  PlatformVersion: 3.10.0-1160.95.1.el7.x86_64  CompilerName: GCC  CompilerVersion: 4.8.5
ProgramName: mri_edit_wm_with_aseg  ProgramArguments: mri_edit_wm_with_aseg -all-info  ProgramVersion: 7.4.1  TimeStamp: 2023/10/11-15:03:00-GMT  BuildTime: Jun 13 2023 22:52:23  BuildStamp: freesurfer-linux-centos7_x86_64-7.4.1-20230613-7eb8460  User: bpinsard  Machine: bc11248.int.ets1.calculquebec.ca  Platform: Linux  PlatformVersion: 3.10.0-1160.95.1.el7.x86_64  CompilerName: GCC  CompilerVersion: 4.8.5
ProgramName: mri_em_register  ProgramArguments: mri_em_register -all-info  ProgramVersion: 7.4.1  TimeStamp: 2023/10/11-15:03:00-GMT  BuildTime: Jun 13 2023 22:52:23  BuildStamp: freesurfer-linux-centos7_x86_64-7.4.1-20230613-7eb8460  User: bpinsard  Machine: bc11248.int.ets1.calculquebec.ca  Platform: Linux  PlatformVersion: 3.10.0-1160.95.1.el7.x86_64  CompilerName: GCC  CompilerVersion: 4.8.5
ProgramName: mri_fill  ProgramArguments: mri_fill -all-info  ProgramVersion: 7.4.1  TimeStamp: 2023/10/11-15:03:00-GMT  BuildTime: Jun 13 2023 22:52:23  BuildStamp: freesurfer-linux-centos7_x86_64-7.4.1-20230613-7eb8460  User: bpinsard  Machine: bc11248.int.ets1.calculquebec.ca  Platform: Linux  PlatformVersion: 3.10.0-1160.95.1.el7.x86_64  CompilerName: GCC  CompilerVersion: 4.8.5
ProgramName: mri_fuse_segmentations  ProgramArguments: mri_fuse_segmentations -all-info  ProgramVersion: 7.4.1  TimeStamp: 2023/10/11-15:03:00-GMT  BuildTime: Jun 13 2023 22:52:23  BuildStamp: freesurfer-linux-centos7_x86_64-7.4.1-20230613-7eb8460  User: bpinsard  Machine: bc11248.int.ets1.calculquebec.ca  Platform: Linux  PlatformVersion: 3.10.0-1160.95.1.el7.x86_64  CompilerName: GCC  CompilerVersion: 4.8.5
ProgramName: mri_fwhm  ProgramArguments: mri_fwhm -all-info  ProgramVersion: 7.4.1  TimeStamp: 2023/10/11-15:03:00-GMT  BuildTime: Jun 13 2023 22:52:23  BuildStamp: freesurfer-linux-centos7_x86_64-7.4.1-20230613-7eb8460  User: bpinsard  Machine: bc11248.int.ets1.calculquebec.ca  Platform: Linux  PlatformVersion: 3.10.0-1160.95.1.el7.x86_64  CompilerName: GCC  CompilerVersion: 4.8.5
ProgramName: mri_gcut  ProgramArguments: mri_gcut -all-info  ProgramVersion: 7.4.1  TimeStamp: 2023/10/11-15:03:00-GMT  BuildTime: Jun 13 2023 22:52:23  BuildStamp: freesurfer-linux-centos7_x86_64-7.4.1-20230613-7eb8460  User: bpinsard  Machine: bc11248.int.ets1.calculquebec.ca  Platform: Linux  PlatformVersion: 3.10.0-1160.95.1.el7.x86_64  CompilerName: GCC  CompilerVersion: 4.8.5
ProgramName: mri_info  ProgramArguments: mri_info -all-info  ProgramVersion: 7.4.1  TimeStamp: 2023/10/11-15:03:00-GMT  BuildTime: Jun 13 2023 22:52:23  BuildStamp: freesurfer-linux-centos7_x86_64-7.4.1-20230613-7eb8460  User: bpinsard  Machine: bc11248.int.ets1.calculquebec.ca  Platform: Linux  PlatformVersion: 3.10.0-1160.95.1.el7.x86_64  CompilerName: GCC  CompilerVersion: 4.8.5
ProgramName: mri_label2label  ProgramArguments: mri_label2label -all-info  ProgramVersion: 7.4.1  TimeStamp: 2023/10/11-15:03:00-GMT  BuildTime: Jun 13 2023 22:52:23  BuildStamp: freesurfer-linux-centos7_x86_64-7.4.1-20230613-7eb8460  User: bpinsard  Machine: bc11248.int.ets1.calculquebec.ca  Platform: Linux  PlatformVersion: 3.10.0-1160.95.1.el7.x86_64  CompilerName: GCC  CompilerVersion: 4.8.5
ProgramName: mri_label2vol  ProgramArguments: mri_label2vol -all-info  ProgramVersion: 7.4.1  TimeStamp: 2023/10/11-15:03:00-GMT  BuildTime: Jun 13 2023 22:52:23  BuildStamp: freesurfer-linux-centos7_x86_64-7.4.1-20230613-7eb8460  User: bpinsard  Machine: bc11248.int.ets1.calculquebec.ca  Platform: Linux  PlatformVersion: 3.10.0-1160.95.1.el7.x86_64  CompilerName: GCC  CompilerVersion: 4.8.5
ProgramName: mri_log_likelihood  ProgramArguments: mri_log_likelihood -all-info  ProgramVersion: 7.4.1  TimeStamp: 2023/10/11-15:03:00-GMT  BuildTime: Jun 13 2023 22:52:23  BuildStamp: freesurfer-linux-centos7_x86_64-7.4.1-20230613-7eb8460  User: bpinsard  Machine: bc11248.int.ets1.calculquebec.ca  Platform: Linux  PlatformVersion: 3.10.0-1160.95.1.el7.x86_64  CompilerName: GCC  CompilerVersion: 4.8.5
ProgramName: mri_mask  ProgramArguments: mri_mask -all-info  ProgramVersion: 7.4.1  TimeStamp: 2023/10/11-15:03:00-GMT  BuildTime: Jun 13 2023 22:52:23  BuildStamp: freesurfer-linux-centos7_x86_64-7.4.1-20230613-7eb8460  User: bpinsard  Machine: bc11248.int.ets1.calculquebec.ca  Platform: Linux  PlatformVersion: 3.10.0-1160.95.1.el7.x86_64  CompilerName: GCC  CompilerVersion: 4.8.5
ProgramName: mri_matrix_multiply  ProgramArguments: mri_matrix_multiply -all-info  ProgramVersion: 7.4.1  TimeStamp: 2023/10/11-15:03:00-GMT  BuildTime: Jun 13 2023 22:52:23  BuildStamp: freesurfer-linux-centos7_x86_64-7.4.1-20230613-7eb8460  User: bpinsard  Machine: bc11248.int.ets1.calculquebec.ca  Platform: Linux  PlatformVersion: 3.10.0-1160.95.1.el7.x86_64  CompilerName: GCC  CompilerVersion: 4.8.5
ProgramName: mri_normalize  ProgramArguments: mri_normalize -all-info  ProgramVersion: 7.4.1  TimeStamp: 2023/10/11-15:03:00-GMT  BuildTime: Jun 13 2023 22:52:23  BuildStamp: freesurfer-linux-centos7_x86_64-7.4.1-20230613-7eb8460  User: bpinsard  Machine: bc11248.int.ets1.calculquebec.ca  Platform: Linux  PlatformVersion: 3.10.0-1160.95.1.el7.x86_64  CompilerName: GCC  CompilerVersion: 4.8.5
ProgramName: mri_normalize_tp2  ProgramArguments: mri_normalize_tp2 -all-info  ProgramVersion: 7.4.1  TimeStamp: 2023/10/11-15:03:00-GMT  BuildTime: Jun 13 2023 22:52:23  BuildStamp: freesurfer-linux-centos7_x86_64-7.4.1-20230613-7eb8460  User: bpinsard  Machine: bc11248.int.ets1.calculquebec.ca  Platform: Linux  PlatformVersion: 3.10.0-1160.95.1.el7.x86_64  CompilerName: GCC  CompilerVersion: 4.8.5
ProgramName: mri_or  ProgramArguments: mri_or -all-info  ProgramVersion: 7.4.1  TimeStamp: 2023/10/11-15:03:00-GMT  BuildTime: Jun 13 2023 22:52:23  BuildStamp: freesurfer-linux-centos7_x86_64-7.4.1-20230613-7eb8460  User: bpinsard  Machine: bc11248.int.ets1.calculquebec.ca  Platform: Linux  PlatformVersion: 3.10.0-1160.95.1.el7.x86_64  CompilerName: GCC  CompilerVersion: 4.8.5
ProgramName: mri_relabel_hypointensities  ProgramArguments: mri_relabel_hypointensities -all-info  ProgramVersion: 7.4.1  TimeStamp: 2023/10/11-15:03:00-GMT  BuildTime: Jun 13 2023 22:52:23  BuildStamp: freesurfer-linux-centos7_x86_64-7.4.1-20230613-7eb8460  User: bpinsard  Machine: bc11248.int.ets1.calculquebec.ca  Platform: Linux  PlatformVersion: 3.10.0-1160.95.1.el7.x86_64  CompilerName: GCC  CompilerVersion: 4.8.5
ProgramName: mri_relabel_nonwm_hypos  ProgramArguments: mri_relabel_nonwm_hypos -all-info  ProgramVersion: 7.4.1  TimeStamp: 2023/10/11-15:03:00-GMT  BuildTime: Jun 13 2023 22:52:23  BuildStamp: freesurfer-linux-centos7_x86_64-7.4.1-20230613-7eb8460  User: bpinsard  Machine: bc11248.int.ets1.calculquebec.ca  Platform: Linux  PlatformVersion: 3.10.0-1160.95.1.el7.x86_64  CompilerName: GCC  CompilerVersion: 4.8.5
ProgramName: mri_remove_neck  ProgramArguments: mri_remove_neck -all-info  ProgramVersion: 7.4.1  TimeStamp: 2023/10/11-15:03:01-GMT  BuildTime: Jun 13 2023 22:52:23  BuildStamp: freesurfer-linux-centos7_x86_64-7.4.1-20230613-7eb8460  User: bpinsard  Machine: bc11248.int.ets1.calculquebec.ca  Platform: Linux  PlatformVersion: 3.10.0-1160.95.1.el7.x86_64  CompilerName: GCC  CompilerVersion: 4.8.5
7.4.1

ProgramName: mri_robust_register  ProgramArguments: mri_robust_register -all-info  ProgramVersion: 7.4.1  TimeStamp: 2023/10/11-15:03:01-GMT  BuildTime: Jun 13 2023 22:52:23  BuildStamp: freesurfer-linux-centos7_x86_64-7.4.1-20230613-7eb8460  User: bpinsard  Machine: bc11248.int.ets1.calculquebec.ca  Platform: Linux  PlatformVersion: 3.10.0-1160.95.1.el7.x86_64  CompilerName: GCC  CompilerVersion: 4.8.5
7.4.1

ProgramName: mri_robust_template  ProgramArguments: mri_robust_template -all-info  ProgramVersion: 7.4.1  TimeStamp: 2023/10/11-15:03:01-GMT  BuildTime: Jun 13 2023 22:52:23  BuildStamp: freesurfer-linux-centos7_x86_64-7.4.1-20230613-7eb8460  User: bpinsard  Machine: bc11248.int.ets1.calculquebec.ca  Platform: Linux  PlatformVersion: 3.10.0-1160.95.1.el7.x86_64  CompilerName: GCC  CompilerVersion: 4.8.5
ProgramName: mris_anatomical_stats  ProgramArguments: mris_anatomical_stats -all-info  ProgramVersion: 7.4.1  TimeStamp: 2023/10/11-15:03:01-GMT  BuildTime: Jun 13 2023 22:52:23  BuildStamp: freesurfer-linux-centos7_x86_64-7.4.1-20230613-7eb8460  User: bpinsard  Machine: bc11248.int.ets1.calculquebec.ca  Platform: Linux  PlatformVersion: 3.10.0-1160.95.1.el7.x86_64  CompilerName: GCC  CompilerVersion: 4.8.5
ProgramName: mris_ca_label  ProgramArguments: mris_ca_label -all-info  ProgramVersion: 7.4.1  TimeStamp: 2023/10/11-15:03:01-GMT  BuildTime: Jun 13 2023 22:52:23  BuildStamp: freesurfer-linux-centos7_x86_64-7.4.1-20230613-7eb8460  User: bpinsard  Machine: bc11248.int.ets1.calculquebec.ca  Platform: Linux  PlatformVersion: 3.10.0-1160.95.1.el7.x86_64  CompilerName: GCC  CompilerVersion: 4.8.5
ProgramName: mris_calc  ProgramArguments: mris_calc -all-info  ProgramVersion: 7.4.1  TimeStamp: 2023/10/11-15:03:01-GMT  BuildTime: Jun 13 2023 22:52:23  BuildStamp: freesurfer-linux-centos7_x86_64-7.4.1-20230613-7eb8460  User: bpinsard  Machine: bc11248.int.ets1.calculquebec.ca  Platform: Linux  PlatformVersion: 3.10.0-1160.95.1.el7.x86_64  CompilerName: GCC  CompilerVersion: 4.8.5
ProgramName: mris_convert  ProgramArguments: mris_convert -all-info  ProgramVersion: 7.4.1  TimeStamp: 2023/10/11-15:03:01-GMT  BuildTime: Jun 13 2023 22:52:23  BuildStamp: freesurfer-linux-centos7_x86_64-7.4.1-20230613-7eb8460  User: bpinsard  Machine: bc11248.int.ets1.calculquebec.ca  Platform: Linux  PlatformVersion: 3.10.0-1160.95.1.el7.x86_64  CompilerName: GCC  CompilerVersion: 4.8.5
ProgramName: mris_curvature  ProgramArguments: mris_curvature -all-info  ProgramVersion: 7.4.1  TimeStamp: 2023/10/11-15:03:01-GMT  BuildTime: Jun 13 2023 22:52:23  BuildStamp: freesurfer-linux-centos7_x86_64-7.4.1-20230613-7eb8460  User: bpinsard  Machine: bc11248.int.ets1.calculquebec.ca  Platform: Linux  PlatformVersion: 3.10.0-1160.95.1.el7.x86_64  CompilerName: GCC  CompilerVersion: 4.8.5
ProgramName: mris_curvature_stats  ProgramArguments: mris_curvature_stats -all-info  ProgramVersion: 7.4.1  TimeStamp: 2023/10/11-15:03:01-GMT  BuildTime: Jun 13 2023 22:52:23  BuildStamp: freesurfer-linux-centos7_x86_64-7.4.1-20230613-7eb8460  User: bpinsard  Machine: bc11248.int.ets1.calculquebec.ca  Platform: Linux  PlatformVersion: 3.10.0-1160.95.1.el7.x86_64  CompilerName: GCC  CompilerVersion: 4.8.5
ProgramName: mris_diff  ProgramArguments: mris_diff -all-info  ProgramVersion: 7.4.1  TimeStamp: 2023/10/11-15:03:01-GMT  BuildTime: Jun 13 2023 22:52:23  BuildStamp: freesurfer-linux-centos7_x86_64-7.4.1-20230613-7eb8460  User: bpinsard  Machine: bc11248.int.ets1.calculquebec.ca  Platform: Linux  PlatformVersion: 3.10.0-1160.95.1.el7.x86_64  CompilerName: GCC  CompilerVersion: 4.8.5
ProgramName: mris_divide_parcellation  ProgramArguments: mris_divide_parcellation -all-info  ProgramVersion: 7.4.1  TimeStamp: 2023/10/11-15:03:01-GMT  BuildTime: Jun 13 2023 22:52:23  BuildStamp: freesurfer-linux-centos7_x86_64-7.4.1-20230613-7eb8460  User: bpinsard  Machine: bc11248.int.ets1.calculquebec.ca  Platform: Linux  PlatformVersion: 3.10.0-1160.95.1.el7.x86_64  CompilerName: GCC  CompilerVersion: 4.8.5
ProgramName: mri_segment  ProgramArguments: mri_segment -all-info  ProgramVersion: 7.4.1  TimeStamp: 2023/10/11-15:03:01-GMT  BuildTime: Jun 13 2023 22:52:23  BuildStamp: freesurfer-linux-centos7_x86_64-7.4.1-20230613-7eb8460  User: bpinsard  Machine: bc11248.int.ets1.calculquebec.ca  Platform: Linux  PlatformVersion: 3.10.0-1160.95.1.el7.x86_64  CompilerName: GCC  CompilerVersion: 4.8.5
ProgramName: mri_segstats  ProgramArguments: mri_segstats -all-info  ProgramVersion: 7.4.1  TimeStamp: 2023/10/11-15:03:01-GMT  BuildTime: Jun 13 2023 22:52:23  BuildStamp: freesurfer-linux-centos7_x86_64-7.4.1-20230613-7eb8460  User: bpinsard  Machine: bc11248.int.ets1.calculquebec.ca  Platform: Linux  PlatformVersion: 3.10.0-1160.95.1.el7.x86_64  CompilerName: GCC  CompilerVersion: 4.8.5
ProgramName: mris_euler_number  ProgramArguments: mris_euler_number -all-info  ProgramVersion: 7.4.1  TimeStamp: 2023/10/11-15:03:01-GMT  BuildTime: Jun 13 2023 22:52:23  BuildStamp: freesurfer-linux-centos7_x86_64-7.4.1-20230613-7eb8460  User: bpinsard  Machine: bc11248.int.ets1.calculquebec.ca  Platform: Linux  PlatformVersion: 3.10.0-1160.95.1.el7.x86_64  CompilerName: GCC  CompilerVersion: 4.8.5
ProgramName: mris_fix_topology  ProgramArguments: mris_fix_topology -all-info  ProgramVersion: 7.4.1  TimeStamp: 2023/10/11-15:03:01-GMT  BuildTime: Jun 13 2023 22:52:23  BuildStamp: freesurfer-linux-centos7_x86_64-7.4.1-20230613-7eb8460  User: bpinsard  Machine: bc11248.int.ets1.calculquebec.ca  Platform: Linux  PlatformVersion: 3.10.0-1160.95.1.el7.x86_64  CompilerName: GCC  CompilerVersion: 4.8.5
ProgramName: mris_topo_fixer  ProgramArguments: mris_topo_fixer -all-info  ProgramVersion: 7.4.1  TimeStamp: 2023/10/11-15:03:01-GMT  BuildTime: Jun 13 2023 22:52:23  BuildStamp: freesurfer-linux-centos7_x86_64-7.4.1-20230613-7eb8460  User: bpinsard  Machine: bc11248.int.ets1.calculquebec.ca  Platform: Linux  PlatformVersion: 3.10.0-1160.95.1.el7.x86_64  CompilerName: GCC  CompilerVersion: 4.8.5
ProgramName: mris_jacobian  ProgramArguments: mris_jacobian -all-info  ProgramVersion: 7.4.1  TimeStamp: 2023/10/11-15:03:01-GMT  BuildTime: Jun 13 2023 22:52:23  BuildStamp: freesurfer-linux-centos7_x86_64-7.4.1-20230613-7eb8460  User: bpinsard  Machine: bc11248.int.ets1.calculquebec.ca  Platform: Linux  PlatformVersion: 3.10.0-1160.95.1.el7.x86_64  CompilerName: GCC  CompilerVersion: 4.8.5
ProgramName: mris_label2annot  ProgramArguments: mris_label2annot -all-info  ProgramVersion: 7.4.1  TimeStamp: 2023/10/11-15:03:01-GMT  BuildTime: Jun 13 2023 22:52:23  BuildStamp: freesurfer-linux-centos7_x86_64-7.4.1-20230613-7eb8460  User: bpinsard  Machine: bc11248.int.ets1.calculquebec.ca  Platform: Linux  PlatformVersion: 3.10.0-1160.95.1.el7.x86_64  CompilerName: GCC  CompilerVersion: 4.8.5
ProgramName: mris_left_right_register  ProgramArguments: mris_left_right_register -all-info  ProgramVersion: 7.4.1  TimeStamp: 2023/10/11-15:03:01-GMT  BuildTime: Jun 13 2023 22:52:23  BuildStamp: freesurfer-linux-centos7_x86_64-7.4.1-20230613-7eb8460  User: bpinsard  Machine: bc11248.int.ets1.calculquebec.ca  Platform: Linux  PlatformVersion: 3.10.0-1160.95.1.el7.x86_64  CompilerName: GCC  CompilerVersion: 4.8.5
ProgramName: mris_place_surface  ProgramArguments: mris_place_surface -all-info  ProgramVersion: 7.4.1  TimeStamp: 2023/10/11-15:03:01-GMT  BuildTime: Jun 13 2023 22:52:23  BuildStamp: freesurfer-linux-centos7_x86_64-7.4.1-20230613-7eb8460  User: bpinsard  Machine: bc11248.int.ets1.calculquebec.ca  Platform: Linux  PlatformVersion: 3.10.0-1160.95.1.el7.x86_64  CompilerName: GCC  CompilerVersion: 4.8.5
ProgramName: mrisp_paint  ProgramArguments: mrisp_paint -all-info  ProgramVersion: 7.4.1  TimeStamp: 2023/10/11-15:03:01-GMT  BuildTime: Jun 13 2023 22:52:23  BuildStamp: freesurfer-linux-centos7_x86_64-7.4.1-20230613-7eb8460  User: bpinsard  Machine: bc11248.int.ets1.calculquebec.ca  Platform: Linux  PlatformVersion: 3.10.0-1160.95.1.el7.x86_64  CompilerName: GCC  CompilerVersion: 4.8.5
ProgramName: mris_register  ProgramArguments: mris_register -all-info  ProgramVersion: 7.4.1  TimeStamp: 2023/10/11-15:03:01-GMT  BuildTime: Jun 13 2023 22:52:23  BuildStamp: freesurfer-linux-centos7_x86_64-7.4.1-20230613-7eb8460  User: bpinsard  Machine: bc11248.int.ets1.calculquebec.ca  Platform: Linux  PlatformVersion: 3.10.0-1160.95.1.el7.x86_64  CompilerName: GCC  CompilerVersion: 4.8.5
ProgramName: mris_smooth  ProgramArguments: mris_smooth -all-info  ProgramVersion: 7.4.1  TimeStamp: 2023/10/11-15:03:01-GMT  BuildTime: Jun 13 2023 22:52:23  BuildStamp: freesurfer-linux-centos7_x86_64-7.4.1-20230613-7eb8460  User: bpinsard  Machine: bc11248.int.ets1.calculquebec.ca  Platform: Linux  PlatformVersion: 3.10.0-1160.95.1.el7.x86_64  CompilerName: GCC  CompilerVersion: 4.8.5
ProgramName: mris_sphere  ProgramArguments: mris_sphere -all-info  ProgramVersion: 7.4.1  TimeStamp: 2023/10/11-15:03:01-GMT  BuildTime: Jun 13 2023 22:52:23  BuildStamp: freesurfer-linux-centos7_x86_64-7.4.1-20230613-7eb8460  User: bpinsard  Machine: bc11248.int.ets1.calculquebec.ca  Platform: Linux  PlatformVersion: 3.10.0-1160.95.1.el7.x86_64  CompilerName: GCC  CompilerVersion: 4.8.5
ProgramName: mris_surface_stats  ProgramArguments: mris_surface_stats -all-info  ProgramVersion: 7.4.1  TimeStamp: 2023/10/11-15:03:01-GMT  BuildTime: Jun 13 2023 22:52:23  BuildStamp: freesurfer-linux-centos7_x86_64-7.4.1-20230613-7eb8460  User: bpinsard  Machine: bc11248.int.ets1.calculquebec.ca  Platform: Linux  PlatformVersion: 3.10.0-1160.95.1.el7.x86_64  CompilerName: GCC  CompilerVersion: 4.8.5
ProgramName: mri_stats2seg  ProgramArguments: mri_stats2seg -all-info  ProgramVersion: 7.4.1  TimeStamp: 2023/10/11-15:03:01-GMT  BuildTime: Jun 13 2023 22:52:23  BuildStamp: freesurfer-linux-centos7_x86_64-7.4.1-20230613-7eb8460  User: bpinsard  Machine: bc11248.int.ets1.calculquebec.ca  Platform: Linux  PlatformVersion: 3.10.0-1160.95.1.el7.x86_64  CompilerName: GCC  CompilerVersion: 4.8.5
ProgramName: mris_thickness  ProgramArguments: mris_thickness -all-info  ProgramVersion: 7.4.1  TimeStamp: 2023/10/11-15:03:01-GMT  BuildTime: Jun 13 2023 22:52:23  BuildStamp: freesurfer-linux-centos7_x86_64-7.4.1-20230613-7eb8460  User: bpinsard  Machine: bc11248.int.ets1.calculquebec.ca  Platform: Linux  PlatformVersion: 3.10.0-1160.95.1.el7.x86_64  CompilerName: GCC  CompilerVersion: 4.8.5
ProgramName: mris_thickness_diff  ProgramArguments: mris_thickness_diff -all-info  ProgramVersion: 7.4.1  TimeStamp: 2023/10/11-15:03:01-GMT  BuildTime: Jun 13 2023 22:52:23  BuildStamp: freesurfer-linux-centos7_x86_64-7.4.1-20230613-7eb8460  User: bpinsard  Machine: bc11248.int.ets1.calculquebec.ca  Platform: Linux  PlatformVersion: 3.10.0-1160.95.1.el7.x86_64  CompilerName: GCC  CompilerVersion: 4.8.5
ProgramName: mris_topo_fixer  ProgramArguments: mris_topo_fixer -all-info  ProgramVersion: 7.4.1  TimeStamp: 2023/10/11-15:03:01-GMT  BuildTime: Jun 13 2023 22:52:23  BuildStamp: freesurfer-linux-centos7_x86_64-7.4.1-20230613-7eb8460  User: bpinsard  Machine: bc11248.int.ets1.calculquebec.ca  Platform: Linux  PlatformVersion: 3.10.0-1160.95.1.el7.x86_64  CompilerName: GCC  CompilerVersion: 4.8.5
ProgramName: mri_surf2surf  ProgramArguments: mri_surf2surf -all-info  ProgramVersion: 7.4.1  TimeStamp: 2023/10/11-15:03:01-GMT  BuildTime: Jun 13 2023 22:52:23  BuildStamp: freesurfer-linux-centos7_x86_64-7.4.1-20230613-7eb8460  User: bpinsard  Machine: bc11248.int.ets1.calculquebec.ca  Platform: Linux  PlatformVersion: 3.10.0-1160.95.1.el7.x86_64  CompilerName: GCC  CompilerVersion: 4.8.5
ProgramName: mri_surf2vol  ProgramArguments: mri_surf2vol -all-info  ProgramVersion: 7.4.1  TimeStamp: 2023/10/11-15:03:01-GMT  BuildTime: Jun 13 2023 22:52:23  BuildStamp: freesurfer-linux-centos7_x86_64-7.4.1-20230613-7eb8460  User: bpinsard  Machine: bc11248.int.ets1.calculquebec.ca  Platform: Linux  PlatformVersion: 3.10.0-1160.95.1.el7.x86_64  CompilerName: GCC  CompilerVersion: 4.8.5
ProgramName: mri_surfcluster  ProgramArguments: mri_surfcluster -all-info  ProgramVersion: 7.4.1  TimeStamp: 2023/10/11-15:03:01-GMT  BuildTime: Jun 13 2023 22:52:23  BuildStamp: freesurfer-linux-centos7_x86_64-7.4.1-20230613-7eb8460  User: bpinsard  Machine: bc11248.int.ets1.calculquebec.ca  Platform: Linux  PlatformVersion: 3.10.0-1160.95.1.el7.x86_64  CompilerName: GCC  CompilerVersion: 4.8.5
ProgramName: mris_volmask  ProgramArguments: mris_volmask -all-info  ProgramVersion: 7.4.1  TimeStamp: 2023/10/11-15:03:01-GMT  BuildTime: Jun 13 2023 22:52:23  BuildStamp: freesurfer-linux-centos7_x86_64-7.4.1-20230613-7eb8460  User: bpinsard  Machine: bc11248.int.ets1.calculquebec.ca  Platform: Linux  PlatformVersion: 3.10.0-1160.95.1.el7.x86_64  CompilerName: GCC  CompilerVersion: 4.8.5
ProgramName: mri_tessellate  ProgramArguments: mri_tessellate -all-info  ProgramVersion: 7.4.1  TimeStamp: 2023/10/11-15:03:01-GMT  BuildTime: Jun 13 2023 22:52:23  BuildStamp: freesurfer-linux-centos7_x86_64-7.4.1-20230613-7eb8460  User: bpinsard  Machine: bc11248.int.ets1.calculquebec.ca  Platform: Linux  PlatformVersion: 3.10.0-1160.95.1.el7.x86_64  CompilerName: GCC  CompilerVersion: 4.8.5
ProgramName: mri_vol2surf  ProgramArguments: mri_vol2surf -all-info  ProgramVersion: 7.4.1  TimeStamp: 2023/10/11-15:03:01-GMT  BuildTime: Jun 13 2023 22:52:23  BuildStamp: freesurfer-linux-centos7_x86_64-7.4.1-20230613-7eb8460  User: bpinsard  Machine: bc11248.int.ets1.calculquebec.ca  Platform: Linux  PlatformVersion: 3.10.0-1160.95.1.el7.x86_64  CompilerName: GCC  CompilerVersion: 4.8.5
ProgramName: mri_vol2vol  ProgramArguments: mri_vol2vol -all-info  ProgramVersion: 7.4.1  TimeStamp: 2023/10/11-15:03:01-GMT  BuildTime: Jun 13 2023 22:52:23  BuildStamp: freesurfer-linux-centos7_x86_64-7.4.1-20230613-7eb8460  User: bpinsard  Machine: bc11248.int.ets1.calculquebec.ca  Platform: Linux  PlatformVersion: 3.10.0-1160.95.1.el7.x86_64  CompilerName: GCC  CompilerVersion: 4.8.5
ProgramName: mri_voldiff  ProgramArguments: mri_voldiff -all-info  ProgramVersion: 7.4.1  TimeStamp: 2023/10/11-15:03:01-GMT  BuildTime: Jun 13 2023 22:52:23  BuildStamp: freesurfer-linux-centos7_x86_64-7.4.1-20230613-7eb8460  User: bpinsard  Machine: bc11248.int.ets1.calculquebec.ca  Platform: Linux  PlatformVersion: 3.10.0-1160.95.1.el7.x86_64  CompilerName: GCC  CompilerVersion: 4.8.5
ProgramName: mri_watershed  ProgramArguments: mri_watershed -all-info  ProgramVersion: 7.4.1  TimeStamp: 2023/10/11-15:03:01-GMT  BuildTime: Jun 13 2023 22:52:23  BuildStamp: freesurfer-linux-centos7_x86_64-7.4.1-20230613-7eb8460  User: bpinsard  Machine: bc11248.int.ets1.calculquebec.ca  Platform: Linux  PlatformVersion: 3.10.0-1160.95.1.el7.x86_64  CompilerName: GCC  CompilerVersion: 4.8.5
ProgramName: tkregister2  ProgramArguments: tkregister2_cmdl -all-info  ProgramVersion: 7.4.1  TimeStamp: 2023/10/11-15:03:01-GMT  BuildTime: Jun 13 2023 22:52:23  BuildStamp: freesurfer-linux-centos7_x86_64-7.4.1-20230613-7eb8460  User: bpinsard  Machine: bc11248.int.ets1.calculquebec.ca  Platform: Linux  PlatformVersion: 3.10.0-1160.95.1.el7.x86_64  CompilerName: GCC  CompilerVersion: 4.8.5
mri_motion_correct.fsl 7.4.1
mri_convert -all-info 
ProgramName: mri_convert  ProgramArguments: mri_convert -all-info  ProgramVersion: 7.4.1  TimeStamp: 2023/10/11-15:03:01-GMT  BuildTime: Jun 13 2023 22:52:23  BuildStamp: freesurfer-linux-centos7_x86_64-7.4.1-20230613-7eb8460  User: bpinsard  Machine: bc11248.int.ets1.calculquebec.ca  Platform: Linux  PlatformVersion: 3.10.0-1160.95.1.el7.x86_64  CompilerName: GCC  CompilerVersion: 4.8.5
Program nu_correct, built from:
Package MNI N3, version 1.12.0, compiled by nicks@terrier (x86_64-unknown-linux-gnu) on 2015-06-19 at 01:25:34
#######################################
GCADIR /opt/freesurfer/average
GCA RB_all_2020-01-02.gca
GCASkull RB_all_withskull_2020_01_02.gca
AvgCurvTif folding.atlas.acfb40.noaparc.i12.2016-08-02.tif
GCSDIR /opt/freesurfer/average
GCS DKaparc.atlas.acfb40.noaparc.i12.2016-08-02.gcs
#######################################
/localscratch/bpinsard.41508128.0/freesurfer_crosssectional_autorecon1smriprep_skullstripautorecon2autorecon3_sub01_ses014.job/sub-01_ses-014

 mri_convert /localscratch/bpinsard.41508128.0/freesurfer_crosssectional_autorecon1smriprep_skullstripautorecon2autorecon3_sub01_ses014.job/sourcedata/cneuromod.anat.gradcorrect/sub-01/ses-014/anat/sub-01_ses-014_T1w.nii.gz /localscratch/bpinsard.41508128.0/freesurfer_crosssectional_autorecon1smriprep_skullstripautorecon2autorecon3_sub01_ses014.job/sub-01_ses-014/mri/orig/001.mgz 

mri_convert /localscratch/bpinsard.41508128.0/freesurfer_crosssectional_autorecon1smriprep_skullstripautorecon2autorecon3_sub01_ses014.job/sourcedata/cneuromod.anat.gradcorrect/sub-01/ses-014/anat/sub-01_ses-014_T1w.nii.gz /localscratch/bpinsard.41508128.0/freesurfer_crosssectional_autorecon1smriprep_skullstripautorecon2autorecon3_sub01_ses014.job/sub-01_ses-014/mri/orig/001.mgz 
reading from /localscratch/bpinsard.41508128.0/freesurfer_crosssectional_autorecon1smriprep_skullstripautorecon2autorecon3_sub01_ses014.job/sourcedata/cneuromod.anat.gradcorrect/sub-01/ses-014/anat/sub-01_ses-014_T1w.nii.gz...
TR=0.00, TE=0.00, TI=0.00, flip angle=0.00
i_ras = (1, 0, 0)
j_ras = (0, 1, 0)
k_ras = (0, 0, 1)
writing to /localscratch/bpinsard.41508128.0/freesurfer_crosssectional_autorecon1smriprep_skullstripautorecon2autorecon3_sub01_ses014.job/sub-01_ses-014/mri/orig/001.mgz...
#--------------------------------------------
#@# MotionCor Wed Oct 11 15:03:08 UTC 2023
Found 1 runs
/localscratch/bpinsard.41508128.0/freesurfer_crosssectional_autorecon1smriprep_skullstripautorecon2autorecon3_sub01_ses014.job/sub-01_ses-014/mri/orig/001.mgz
Checking for (invalid) multi-frame inputs...
Only one run found so motion
correction will not be performed. I'll
copy the run to rawavg and continue.

 cp /localscratch/bpinsard.41508128.0/freesurfer_crosssectional_autorecon1smriprep_skullstripautorecon2autorecon3_sub01_ses014.job/sub-01_ses-014/mri/orig/001.mgz /localscratch/bpinsard.41508128.0/freesurfer_crosssectional_autorecon1smriprep_skullstripautorecon2autorecon3_sub01_ses014.job/sub-01_ses-014/mri/rawavg.mgz 


 mri_info /localscratch/bpinsard.41508128.0/freesurfer_crosssectional_autorecon1smriprep_skullstripautorecon2autorecon3_sub01_ses014.job/sub-01_ses-014/mri/rawavg.mgz 

rawavg.mgz ========================================
Volume information for /localscratch/bpinsard.41508128.0/freesurfer_crosssectional_autorecon1smriprep_skullstripautorecon2autorecon3_sub01_ses014.job/sub-01_ses-014/mri/rawavg.mgz
          type: MGH
    dimensions: 208 x 300 x 320
   voxel sizes: 0.799995, 0.800000, 0.800000
          type: FLOAT (3)
           fov: 256.000
           dof: 1
        xstart: -83.2, xend: 83.2
        ystart: -120.0, yend: 120.0
        zstart: -128.0, zend: 128.0
            TR: 0.00 msec, TE: 0.00 msec, TI: 0.00 msec, flip angle: 0.00 degrees
       nframes: 1
       PhEncDir: UNKNOWN
       FieldStrength: 0.000000
ras xform present
    xform info: x_r =   1.0000, y_r =   0.0000, z_r =   0.0000, c_r =    -0.2020
              : x_a =   0.0000, y_a =   1.0000, z_a =   0.0000, c_a =    25.9326
              : x_s =   0.0000, y_s =   0.0000, z_s =   1.0000, c_s =   -13.9056

talairach xfm : 
Orientation   : RAS
Primary Slice Direction: axial

voxel to ras transform:
                0.8000   0.0000   0.0000   -83.4015
                0.0000   0.8000   0.0000   -94.0674
                0.0000   0.0000   0.8000  -141.9056
                0.0000   0.0000   0.0000     1.0000

voxel-to-ras determinant 0.511997

ras to voxel transform:
                1.2500   0.0000   0.0000   104.2524
                0.0000   1.2500   0.0000   117.5843
                0.0000   0.0000   1.2500   177.3820
                0.0000   0.0000   0.0000     1.0000
/localscratch/bpinsard.41508128.0/freesurfer_crosssectional_autorecon1smriprep_skullstripautorecon2autorecon3_sub01_ses014.job/sub-01_ses-014

 mri_convert /localscratch/bpinsard.41508128.0/freesurfer_crosssectional_autorecon1smriprep_skullstripautorecon2autorecon3_sub01_ses014.job/sub-01_ses-014/mri/rawavg.mgz /localscratch/bpinsard.41508128.0/freesurfer_crosssectional_autorecon1smriprep_skullstripautorecon2autorecon3_sub01_ses014.job/sub-01_ses-014/mri/orig.mgz --conform_min 

mri_convert /localscratch/bpinsard.41508128.0/freesurfer_crosssectional_autorecon1smriprep_skullstripautorecon2autorecon3_sub01_ses014.job/sub-01_ses-014/mri/rawavg.mgz /localscratch/bpinsard.41508128.0/freesurfer_crosssectional_autorecon1smriprep_skullstripautorecon2autorecon3_sub01_ses014.job/sub-01_ses-014/mri/orig.mgz --conform_min 
reading from /localscratch/bpinsard.41508128.0/freesurfer_crosssectional_autorecon1smriprep_skullstripautorecon2autorecon3_sub01_ses014.job/sub-01_ses-014/mri/rawavg.mgz...
TR=0.00, TE=0.00, TI=0.00, flip angle=0.00
i_ras = (1, 0, 0)
j_ras = (0, 1, 0)
k_ras = (0, 0, 1)
changing data type from float to uchar (noscale = 0)...
MRIchangeType: Building histogram 0 20279.2 1000, flo=0, fhi=0.999, dest_type=0
Reslicing using trilinear interpolation 
writing to /localscratch/bpinsard.41508128.0/freesurfer_crosssectional_autorecon1smriprep_skullstripautorecon2autorecon3_sub01_ses014.job/sub-01_ses-014/mri/orig.mgz...

 mri_add_xform_to_header -c /localscratch/bpinsard.41508128.0/freesurfer_crosssectional_autorecon1smriprep_skullstripautorecon2autorecon3_sub01_ses014.job/sub-01_ses-014/mri/transforms/talairach.xfm /localscratch/bpinsard.41508128.0/freesurfer_crosssectional_autorecon1smriprep_skullstripautorecon2autorecon3_sub01_ses014.job/sub-01_ses-014/mri/orig.mgz /localscratch/bpinsard.41508128.0/freesurfer_crosssectional_autorecon1smriprep_skullstripautorecon2autorecon3_sub01_ses014.job/sub-01_ses-014/mri/orig.mgz 

INFO: extension is mgz

 mri_info /localscratch/bpinsard.41508128.0/freesurfer_crosssectional_autorecon1smriprep_skullstripautorecon2autorecon3_sub01_ses014.job/sub-01_ses-014/mri/orig.mgz 

orig.mgz ========================================
Volume information for /localscratch/bpinsard.41508128.0/freesurfer_crosssectional_autorecon1smriprep_skullstripautorecon2autorecon3_sub01_ses014.job/sub-01_ses-014/mri/orig.mgz
          type: MGH
    dimensions: 320 x 320 x 320
   voxel sizes: 0.799995, 0.799995, 0.799995
          type: UCHAR (0)
           fov: 255.999
           dof: 1
        xstart: -128.0, xend: 128.0
        ystart: -128.0, yend: 128.0
        zstart: -128.0, zend: 128.0
            TR: 0.00 msec, TE: 0.00 msec, TI: 0.00 msec, flip angle: 0.00 degrees
       nframes: 1
       PhEncDir: UNKNOWN
       FieldStrength: 0.000000
ras xform present
    xform info: x_r =  -1.0000, y_r =   0.0000, z_r =   0.0000, c_r =    -0.2020
              : x_a =   0.0000, y_a =   0.0000, z_a =   1.0000, c_a =    25.9326
              : x_s =   0.0000, y_s =  -1.0000, z_s =   0.0000, c_s =   -13.9056

talairach xfm : /localscratch/bpinsard.41508128.0/freesurfer_crosssectional_autorecon1smriprep_skullstripautorecon2autorecon3_sub01_ses014.job/sub-01_ses-014/mri/transforms/talairach.xfm
Orientation   : LIA
Primary Slice Direction: coronal

voxel to ras transform:
               -0.8000   0.0000   0.0000   127.7973
                0.0000   0.0000   0.8000  -102.0667
                0.0000  -0.8000   0.0000   114.0937
                0.0000   0.0000   0.0000     1.0000

voxel-to-ras determinant -0.511991

ras to voxel transform:
               -1.2500  -0.0000  -0.0000   159.7476
               -0.0000  -0.0000  -1.2500   142.6179
               -0.0000   1.2500  -0.0000   127.5841
               -0.0000  -0.0000  -0.0000     1.0000
#--------------------------------------------
#@# Talairach Wed Oct 11 15:03:25 UTC 2023
/localscratch/bpinsard.41508128.0/freesurfer_crosssectional_autorecon1smriprep_skullstripautorecon2autorecon3_sub01_ses014.job/sub-01_ses-014/mri

 mri_nu_correct.mni --no-rescale --i orig.mgz --o orig_nu.mgz --ants-n4 --n 1 --proto-iters 1000 --distance 50 

/usr/bin/bc
/localscratch/bpinsard.41508128.0/freesurfer_crosssectional_autorecon1smriprep_skullstripautorecon2autorecon3_sub01_ses014.job/sub-01_ses-014/mri
/opt/freesurfer/bin/mri_nu_correct.mni
--no-rescale --i orig.mgz --o orig_nu.mgz --ants-n4 --n 1 --proto-iters 1000 --distance 50
nIters 1
mri_nu_correct.mni 7.4.1
Linux bc11248.int.ets1.calculquebec.ca 3.10.0-1160.95.1.el7.x86_64 #1 SMP Mon Jul 24 13:59:37 UTC 2023 x86_64 x86_64 x86_64 GNU/Linux
Wed Oct 11 15:03:25 UTC 2023
tmpdir is ./tmp.mri_nu_correct.mni.49040
cd /localscratch/bpinsard.41508128.0/freesurfer_crosssectional_autorecon1smriprep_skullstripautorecon2autorecon3_sub01_ses014.job/sub-01_ses-014/mri
AntsN4BiasFieldCorrectionFs -i orig.mgz -o ./tmp.mri_nu_correct.mni.49040/nu0.mgz --dtype uchar
AntsN4BiasFieldCorrectionFs done
mri_convert ./tmp.mri_nu_correct.mni.49040/nu0.mgz orig_nu.mgz --like orig.mgz --conform
mri_convert ./tmp.mri_nu_correct.mni.49040/nu0.mgz orig_nu.mgz --like orig.mgz --conform 
reading from ./tmp.mri_nu_correct.mni.49040/nu0.mgz...
TR=0.00, TE=0.00, TI=0.00, flip angle=0.00
i_ras = (-1, 0, 0)
j_ras = (0, 0, -1)
k_ras = (0, 1, 0)
INFO: transform src into the like-volume: orig.mgz
writing to orig_nu.mgz...
 
 
Wed Oct 11 15:12:13 UTC 2023
mri_nu_correct.mni done

 talairach_avi --i orig_nu.mgz --xfm transforms/talairach.auto.xfm --atlas 3T18yoSchwartzReactN32_as_orig 

talairach_avi log file is transforms/talairach_avi.log...
mv -f /localscratch/bpinsard.41508128.0/freesurfer_crosssectional_autorecon1smriprep_skullstripautorecon2autorecon3_sub01_ses014.job/sub-01_ses-014/mri/talsrcimg_to_3T18yoSchwartzReactN32_as_orig_t4_vox2vox.txt /localscratch/bpinsard.41508128.0/freesurfer_crosssectional_autorecon1smriprep_skullstripautorecon2autorecon3_sub01_ses014.job/sub-01_ses-014/mri/transforms/talsrcimg_to_3T18yoSchwartzReactN32_as_orig_t4_vox2vox.txt
Started at Wed Oct 11 15:12:13 UTC 2023
Ended   at Wed Oct 11 15:12:57 UTC 2023
talairach_avi done

 cp transforms/talairach.auto.xfm transforms/talairach.xfm 

lta_convert --src orig.mgz --trg /opt/freesurfer/average/mni305.cor.mgz --inxfm transforms/talairach.xfm --outlta transforms/talairach.xfm.lta --subject fsaverage --ltavox2vox
7.4.1

--src: orig.mgz src image (geometry).
--trg: /opt/freesurfer/average/mni305.cor.mgz trg image (geometry).
--inmni: transforms/talairach.xfm input MNI/XFM transform.
--outlta: transforms/talairach.xfm.lta output LTA.
--s: fsaverage subject name
--ltavox2vox: output LTA as VOX_TO_VOX transform.
 LTA read, type : 1
 1.01970   0.09886  -0.03023  -2.04970;
-0.10448   0.97277   0.15003  -30.87564;
 0.00999  -0.03923   0.97796  -27.31523;
 0.00000   0.00000   0.00000   1.00000;
setting subject to fsaverage
Writing  LTA to file transforms/talairach.xfm.lta...
lta_convert successful.
#--------------------------------------------
#@# Talairach Failure Detection Wed Oct 11 15:13:00 UTC 2023
/localscratch/bpinsard.41508128.0/freesurfer_crosssectional_autorecon1smriprep_skullstripautorecon2autorecon3_sub01_ses014.job/sub-01_ses-014/mri

 talairach_afd -T 0.005 -xfm transforms/talairach.xfm 

talairach_afd: Talairach Transform: transforms/talairach.xfm OK (p=0.5963, pval=0.2817 >= threshold=0.0050)

 awk -f /opt/freesurfer/bin/extract_talairach_avi_QA.awk /localscratch/bpinsard.41508128.0/freesurfer_crosssectional_autorecon1smriprep_skullstripautorecon2autorecon3_sub01_ses014.job/sub-01_ses-014/mri/transforms/talairach_avi.log 


 tal_QC_AZS /localscratch/bpinsard.41508128.0/freesurfer_crosssectional_autorecon1smriprep_skullstripautorecon2autorecon3_sub01_ses014.job/sub-01_ses-014/mri/transforms/talairach_avi.log 

TalAviQA: 0.90385
z-score: -16
WARNING: Talairach QA check failed!
z-score of -16 is <= threshold of -9


Manual Talairach alignment may be necessary, or
include the -notal-check flag to skip this test,
making sure the -notal-check flag follows -all
or -autorecon1 in the command string.
See:

http://surfer.nmr.mgh.harvard.edu/fswiki/FsTutorial/Talairach

INFO: Trying MINC mritotal to perform Talairach align...

#--------------------------------------------
#@# Talairach Wed Oct 11 15:13:00 UTC 2023
/localscratch/bpinsard.41508128.0/freesurfer_crosssectional_autorecon1smriprep_skullstripautorecon2autorecon3_sub01_ses014.job/sub-01_ses-014/mri

 mri_nu_correct.mni --no-rescale --i orig.mgz --o orig_nu.mgz --ants-n4 --n 1 --proto-iters 1000 --distance 50 

/usr/bin/bc
/localscratch/bpinsard.41508128.0/freesurfer_crosssectional_autorecon1smriprep_skullstripautorecon2autorecon3_sub01_ses014.job/sub-01_ses-014/mri
/opt/freesurfer/bin/mri_nu_correct.mni
--no-rescale --i orig.mgz --o orig_nu.mgz --ants-n4 --n 1 --proto-iters 1000 --distance 50
nIters 1
mri_nu_correct.mni 7.4.1
Linux bc11248.int.ets1.calculquebec.ca 3.10.0-1160.95.1.el7.x86_64 #1 SMP Mon Jul 24 13:59:37 UTC 2023 x86_64 x86_64 x86_64 GNU/Linux
Wed Oct 11 15:13:00 UTC 2023
tmpdir is ./tmp.mri_nu_correct.mni.60778
cd /localscratch/bpinsard.41508128.0/freesurfer_crosssectional_autorecon1smriprep_skullstripautorecon2autorecon3_sub01_ses014.job/sub-01_ses-014/mri
AntsN4BiasFieldCorrectionFs -i orig.mgz -o ./tmp.mri_nu_correct.mni.60778/nu0.mgz --dtype uchar
AntsN4BiasFieldCorrectionFs done
mri_convert ./tmp.mri_nu_correct.mni.60778/nu0.mgz orig_nu.mgz --like orig.mgz --conform
mri_convert ./tmp.mri_nu_correct.mni.60778/nu0.mgz orig_nu.mgz --like orig.mgz --conform 
reading from ./tmp.mri_nu_correct.mni.60778/nu0.mgz...
TR=0.00, TE=0.00, TI=0.00, flip angle=0.00
i_ras = (-1, 0, 0)
j_ras = (0, 0, -1)
k_ras = (0, 1, 0)
INFO: transform src into the like-volume: orig.mgz
writing to orig_nu.mgz...
 
 
Wed Oct 11 15:21:47 UTC 2023
mri_nu_correct.mni done

 talairach --i orig_nu.mgz --xfm transforms/talairach.auto.xfm 

/localscratch/bpinsard.41508128.0/freesurfer_crosssectional_autorecon1smriprep_skullstripautorecon2autorecon3_sub01_ses014.job/sub-01_ses-014/mri
/opt/freesurfer/bin/talairach
--i orig_nu.mgz --xfm transforms/talairach.auto.xfm
talairach 7.4.1
Linux bc11248.int.ets1.calculquebec.ca 3.10.0-1160.95.1.el7.x86_64 #1 SMP Mon Jul 24 13:59:37 UTC 2023 x86_64 x86_64 x86_64 GNU/Linux
Wed Oct 11 15:21:48 UTC 2023
tmpdir is transforms/tmp.talairach.71504
/localscratch/bpinsard.41508128.0/freesurfer_crosssectional_autorecon1smriprep_skullstripautorecon2autorecon3_sub01_ses014.job/sub-01_ses-014/mri
mri_convert orig_nu.mgz transforms/tmp.talairach.71504/src.mnc
mri_convert orig_nu.mgz transforms/tmp.talairach.71504/src.mnc 
reading from orig_nu.mgz...
TR=0.00, TE=0.00, TI=0.00, flip angle=0.00
i_ras = (-1, 0, 0)
j_ras = (0, 0, -1)
k_ras = (0, 1, 0)
writing to transforms/tmp.talairach.71504/src.mnc...
--------------------------------------------
mritotal -verbose -debug -clobber -modeldir /opt/freesurfer/mni/bin/../share/mni_autoreg -protocol icbm transforms/tmp.talairach.71504/src.mnc transforms/talairach.auto.xfm
Transforming slices:................................................................................................................................................................Done
Copying chunks:...........................................................................................................................................................................................Done.
Copying chunks:.......................................................................................................................................Done.
Transforming slices:...........................................................................................................................................................................................Done
Copying chunks:...................................................................................................................................................Done.
Copying chunks:...................................................................................................................................................Done.
Source volume size:  97  by 136  by 135 
Source voxel size =    1.600    1.600    1.600
Source min/max real range =   -0.000   73.533
Source min/max voxel=   -0.000   88.448

Target volume size:  58  by 110  by 86 
Target voxel =    2.000    2.000    2.000
Target min/max real range=    0.970  123.710
Target min/max voxel =   -0.000  123.710


AFTER init_params()
Transform matrix    =    1.0000    0.0000    0.0000   -2.0832 
                         0.0000    1.0000    0.0000  -31.5825 
                         0.0000    0.0000    1.0000   18.8591 

Transform center   =    2.411   13.992   -9.405
Transform rotations  =    0.000    0.000    0.000
Transform trans    =   -2.083  -31.583   18.859
Transform scale    =    1.000    1.000    1.000
Transform shear    =    0.000    0.000    0.000

Target volume is smallest
Lattice step size  =    4.000    4.000    4.000
Lattice start      =  -85.095 -125.510  -47.250
Lattice count      =       43       55       29

Source volume size: 109  by 148  by 147 
Source voxel size =    1.600    1.600    1.600
Source min/max real range =   -0.000  120.693
Source min/max voxel=   -0.000  130.964

Target volume size:  68  by 110  by 86 
Target voxel =    2.000    2.000    2.000
Target min/max real range=   -0.000  144.070
Target min/max voxel =   -0.000  144.070


AFTER init_params()
Transform matrix    =    0.9795    0.2736   -0.0514   -3.7561 
                        -0.2701    0.9796    0.0659  -30.2278 
                         0.0672   -0.0497    1.0149  -29.3296 

Transform center   =    2.411   13.992   -9.405
Transform rotations  =   -0.049   -0.066   -0.269
Transform trans    =    0.506  -31.784  -30.004
Transform scale    =    1.018    1.018    1.018
Transform shear    =   -0.000    0.000    0.000

Target volume is smallest
Lattice step size  =    4.000    4.000    4.000
Lattice start      =  -85.095 -125.510  -57.250
Lattice count      =       43       55       34

Source volume size: 109  by 148  by 147 
Source voxel size =    1.600    1.600    1.600
Source min/max real range =    0.027   14.897
Source min/max voxel=    0.027   17.020

Target volume size:  68  by 110  by 86 
Target voxel =    2.000    2.000    2.000
Target min/max real range=    0.037   11.652
Target min/max voxel =    0.037   11.652


AFTER init_params()
Transform matrix    =    1.0313    0.1089    0.0229   -2.7079 
                        -0.1112    1.0038    0.2366  -34.7261 
                         0.0027   -0.2377    1.0097  -19.2359 

Transform center   =    2.411   13.992   -9.405
Transform rotations  =   -0.231   -0.003   -0.107
Transform trans    =   -1.324  -37.166  -22.647
Transform scale    =    1.037    1.037    1.037
Transform shear    =   -0.000    0.000    0.000

Target volume is smallest
Lattice step size  =    4.000    4.000    4.000
Lattice start      =  -65.095 -105.510  -57.250
Lattice count      =       35       46       34

Source volume size: 109  by 148  by 147 
Source voxel size =    1.600    1.600    1.600
Source min/max real range =    0.027   14.897
Source min/max voxel=    0.027   17.020

Target volume size:  68  by 110  by 86 
Target voxel =    2.000    2.000    2.000
Target min/max real range=    0.037   11.652
Target min/max voxel =    0.037   11.652


AFTER init_params()
Transform matrix    =    1.0888    0.1219    0.0101   -4.2919 
                        -0.1220    1.0776    0.1561  -37.9376 
                         0.0075   -0.1562    1.0845  -21.5867 

Transform center   =    2.411   13.992   -9.405
Transform rotations  =   -0.143   -0.007   -0.112
Transform trans    =   -2.467  -38.614  -24.549
Transform scale    =    1.096    1.096    1.096
Transform shear    =    0.000    0.000   -0.000

Target volume is smallest
Lattice step size  =    4.000    4.000    4.000
Lattice start      =  -65.095 -105.510  -57.250
Lattice count      =       35       46       34

Source volume size: 109  by 148  by 147 
Source voxel size =    1.600    1.600    1.600
Source min/max real range =    0.027   14.897
Source min/max voxel=    0.027   17.020

Target volume size:  68  by 110  by 86 
Target voxel =    2.000    2.000    2.000
Target min/max real range=    0.037   11.652
Target min/max voxel =    0.037   11.652


AFTER init_params()
Transform matrix    =    1.0335    0.0918   -0.0009   -2.8279 
                        -0.0919    1.0369    0.1527  -35.2486 
                         0.0164   -0.1725    1.1815  -23.8054 

Transform center   =    2.411   13.992   -9.405
Transform rotations  =   -0.145   -0.014   -0.087
Transform trans    =   -1.454  -36.390  -27.887
Transform scale    =    1.038    1.052    1.194
Transform shear    =    0.000    0.000   -0.000

Target volume is smallest
Lattice step size  =    4.000    4.000    4.000
Lattice start      =  -65.095 -105.510  -57.250
Lattice count      =       35       46       34

Source volume size: 109  by 148  by 147 
Source voxel size =    1.600    1.600    1.600
Source min/max real range =    0.027   14.897
Source min/max voxel=    0.027   17.020

Target volume size:  68  by 110  by 86 
Target voxel =    2.000    2.000    2.000
Target min/max real range=    0.037   11.652
Target min/max voxel =    0.037   11.652


AFTER init_params()
Transform matrix    =    1.0332    0.1002    0.0009   -2.8722 
                        -0.1015    1.0456    0.1394  -35.7069 
                         0.0141   -0.1564    1.1841  -23.9343 

Transform center   =    2.411   13.992   -9.405
Transform rotations  =   -0.131   -0.012   -0.096
Transform trans    =   -1.399  -36.624  -27.820
Transform scale    =    1.038    1.060    1.194
Transform shear    =    0.000   -0.000   -0.000

Target volume is smallest
Lattice step size  =    4.000    4.000    4.000
Lattice start      =  -65.095 -105.510  -57.250
Lattice count      =       35       46       34

lta_convert --src orig_nu.mgz --trg /opt/freesurfer/mni/bin/../share/mni_autoreg/average_305.mnc --inxfm transforms/talairach.auto.xfm --outlta transforms/talairach.auto.xfm.lta --subject fsaverage
 
 
Wed Oct 11 15:22:03 UTC 2023
talairach done

 cp transforms/talairach.auto.xfm transforms/talairach.xfm 

lta_convert --src orig.mgz --trg /opt/freesurfer/average/mni305.cor.mgz --inxfm transforms/talairach.xfm --outlta transforms/talairach.xfm.lta --subject fsaverage --ltavox2vox
7.4.1

--src: orig.mgz src image (geometry).
--trg: /opt/freesurfer/average/mni305.cor.mgz trg image (geometry).
--inmni: transforms/talairach.xfm input MNI/XFM transform.
--outlta: transforms/talairach.xfm.lta output LTA.
--s: fsaverage subject name
--ltavox2vox: output LTA as VOX_TO_VOX transform.
 LTA read, type : 1
 1.03322   0.10018   0.00089  -2.87217;
-0.10151   1.04562   0.13936  -35.70691;
 0.01414  -0.15643   1.18405  -23.93430;
 0.00000   0.00000   0.00000   1.00000;
setting subject to fsaverage
Writing  LTA to file transforms/talairach.xfm.lta...
lta_convert successful.
#--------------------------------------------
#@# Talairach Failure Detection Wed Oct 11 15:22:05 UTC 2023
/localscratch/bpinsard.41508128.0/freesurfer_crosssectional_autorecon1smriprep_skullstripautorecon2autorecon3_sub01_ses014.job/sub-01_ses-014/mri

 talairach_afd -T 0.005 -xfm transforms/talairach.xfm 

talairach_afd: Talairach Transform: transforms/talairach.xfm OK (p=0.7655, pval=0.6675 >= threshold=0.0050)
#--------------------------------------------
#@# Nu Intensity Correction Wed Oct 11 15:22:05 UTC 2023

 mri_nu_correct.mni --i orig.mgz --o nu.mgz --uchar transforms/talairach.xfm --cm --proto-iters 1000 --distance 50 --n 1 --ants-n4 

/usr/bin/bc
/localscratch/bpinsard.41508128.0/freesurfer_crosssectional_autorecon1smriprep_skullstripautorecon2autorecon3_sub01_ses014.job/sub-01_ses-014/mri
/opt/freesurfer/bin/mri_nu_correct.mni
--i orig.mgz --o nu.mgz --uchar transforms/talairach.xfm --cm --proto-iters 1000 --distance 50 --n 1 --ants-n4
nIters 1
mri_nu_correct.mni 7.4.1
Linux bc11248.int.ets1.calculquebec.ca 3.10.0-1160.95.1.el7.x86_64 #1 SMP Mon Jul 24 13:59:37 UTC 2023 x86_64 x86_64 x86_64 GNU/Linux
Wed Oct 11 15:22:05 UTC 2023
tmpdir is ./tmp.mri_nu_correct.mni.71745
cd /localscratch/bpinsard.41508128.0/freesurfer_crosssectional_autorecon1smriprep_skullstripautorecon2autorecon3_sub01_ses014.job/sub-01_ses-014/mri
AntsN4BiasFieldCorrectionFs -i orig.mgz -o ./tmp.mri_nu_correct.mni.71745/nu0.mgz --dtype uchar
AntsN4BiasFieldCorrectionFs done
mri_binarize --i ./tmp.mri_nu_correct.mni.71745/nu0.mgz --min -1 --o ./tmp.mri_nu_correct.mni.71745/ones.mgz

7.4.1
cwd /localscratch/bpinsard.41508128.0/freesurfer_crosssectional_autorecon1smriprep_skullstripautorecon2autorecon3_sub01_ses014.job/sub-01_ses-014/mri
cmdline mri_binarize --i ./tmp.mri_nu_correct.mni.71745/nu0.mgz --min -1 --o ./tmp.mri_nu_correct.mni.71745/ones.mgz 
sysname  Linux
hostname bc11248.int.ets1.calculquebec.ca
machine  x86_64
user     bpinsard

input      ./tmp.mri_nu_correct.mni.71745/nu0.mgz
frame      0
nErode3d   0
nErode2d   0
output     ./tmp.mri_nu_correct.mni.71745/ones.mgz
Binarizing based on threshold
min        -1
max        +infinity
binval        1
binvalnot     0
fstart = 0, fend = 0, nframes = 1
Starting parallel 1
Found 32768000 values in range
Counting number of voxels in first frame
Found 32767999 voxels in final mask
Writing output to ./tmp.mri_nu_correct.mni.71745/ones.mgz
Count: 32767999 16776927.222384 32768000 99.999997
mri_binarize done
mri_segstats --id 1 --seg ./tmp.mri_nu_correct.mni.71745/ones.mgz --i orig.mgz --sum ./tmp.mri_nu_correct.mni.71745/sum.junk --avgwf ./tmp.mri_nu_correct.mni.71745/input.mean.dat

7.4.1
cwd 
cmdline mri_segstats --id 1 --seg ./tmp.mri_nu_correct.mni.71745/ones.mgz --i orig.mgz --sum ./tmp.mri_nu_correct.mni.71745/sum.junk --avgwf ./tmp.mri_nu_correct.mni.71745/input.mean.dat 
sysname  Linux
hostname bc11248.int.ets1.calculquebec.ca
machine  x86_64
user     bpinsard
whitesurfname  white
UseRobust  0
Loading ./tmp.mri_nu_correct.mni.71745/ones.mgz
Loading orig.mgz
Voxel Volume is 0.511991 mm^3
Generating list of segmentation ids
Found   1 segmentations
Computing statistics for each segmentation

Reporting on   1 segmentations
Using PrintSegStat
Computing spatial average of each frame

Writing to ./tmp.mri_nu_correct.mni.71745/input.mean.dat
mri_segstats done
mri_segstats --id 1 --seg ./tmp.mri_nu_correct.mni.71745/ones.mgz --i ./tmp.mri_nu_correct.mni.71745/nu0.mgz --sum ./tmp.mri_nu_correct.mni.71745/sum.junk --avgwf ./tmp.mri_nu_correct.mni.71745/output.mean.dat

7.4.1
cwd 
cmdline mri_segstats --id 1 --seg ./tmp.mri_nu_correct.mni.71745/ones.mgz --i ./tmp.mri_nu_correct.mni.71745/nu0.mgz --sum ./tmp.mri_nu_correct.mni.71745/sum.junk --avgwf ./tmp.mri_nu_correct.mni.71745/output.mean.dat 
sysname  Linux
hostname bc11248.int.ets1.calculquebec.ca
machine  x86_64
user     bpinsard
whitesurfname  white
UseRobust  0
Loading ./tmp.mri_nu_correct.mni.71745/ones.mgz
Loading ./tmp.mri_nu_correct.mni.71745/nu0.mgz
Voxel Volume is 0.511991 mm^3
Generating list of segmentation ids
Found   1 segmentations
Computing statistics for each segmentation

Reporting on   1 segmentations
Using PrintSegStat
Computing spatial average of each frame

Writing to ./tmp.mri_nu_correct.mni.71745/output.mean.dat
mri_segstats done
mris_calc -o ./tmp.mri_nu_correct.mni.71745/nu0.mgz ./tmp.mri_nu_correct.mni.71745/nu0.mgz mul 1.20316413943150173607
Saving result to './tmp.mri_nu_correct.mni.71745/nu0.mgz' (type = MGH )                       [ ok ]
mri_convert ./tmp.mri_nu_correct.mni.71745/nu0.mgz nu.mgz --like orig.mgz
mri_convert ./tmp.mri_nu_correct.mni.71745/nu0.mgz nu.mgz --like orig.mgz 
reading from ./tmp.mri_nu_correct.mni.71745/nu0.mgz...
TR=0.00, TE=0.00, TI=0.00, flip angle=0.00
i_ras = (-1, 0, 0)
j_ras = (0, 0, -1)
k_ras = (0, 1, 0)
INFO: transform src into the like-volume: orig.mgz
writing to nu.mgz...
mri_make_uchar nu.mgz transforms/talairach.xfm nu.mgz
type change took 0 minutes and 15 seconds.
FIRST_PERCENTILE 0.010000
WM_PERCENTILE    0.900000
MAX_R 50.000000
i1 = 2, i2 = 77
#mri_make_uchar# mapping  1 47 to  3 110  :  b -0.315333 m 2.3639 : thresh 0.133395 maxsat 108.006 : nzero 19536984 nsat 188419
 
 
Wed Oct 11 15:31:44 UTC 2023
mri_nu_correct.mni done

 mri_add_xform_to_header -c /localscratch/bpinsard.41508128.0/freesurfer_crosssectional_autorecon1smriprep_skullstripautorecon2autorecon3_sub01_ses014.job/sub-01_ses-014/mri/transforms/talairach.xfm nu.mgz nu.mgz 

INFO: extension is mgz
#--------------------------------------------
#@# Intensity Normalization Wed Oct 11 15:31:45 UTC 2023
/localscratch/bpinsard.41508128.0/freesurfer_crosssectional_autorecon1smriprep_skullstripautorecon2autorecon3_sub01_ses014.job/sub-01_ses-014/mri

 mri_normalize -g 1 -seed 1234 -mprage -noconform nu.mgz T1.mgz 

using max gradient = 1.000
setting seed for random number genererator to 1234
assuming input volume is MGH (Van der Kouwe) MP-RAGE
not interpolating and embedding volume to be 256^3...
reading mri_src from nu.mgz...
normalizing image...
NOT doing gentle normalization with control points/label
talairach transform
 1.03322   0.10018   0.00089  -2.87217;
-0.10151   1.04562   0.13936  -35.70691;
 0.01414  -0.15643   1.18405  -23.93430;
 0.00000   0.00000   0.00000   1.00000;
processing without aseg, no1d=0
MRInormInit(): 
INFO: Modifying talairach volume c_(r,a,s) based on average_305
MRInormalize(): 
MRIsplineNormalize(): npeaks = 10
Starting OpenSpline(): npoints = 10
building Voronoi diagram...
performing soap bubble smoothing, sigma = 8...

Iterating 2 times
---------------------------------
3d normalization pass 1 of 2
white matter peak found at 110
white matter peak found at 90
gm peak at 67 (67), valley at 56 (56)
csf peak at 33, setting threshold to 55
building Voronoi diagram...
performing soap bubble smoothing, sigma = 8...
---------------------------------
3d normalization pass 2 of 2
white matter peak found at 110
white matter peak found at 110
gm peak at 79 (79), valley at 53 (53)
csf peak at 40, setting threshold to 66
building Voronoi diagram...
performing soap bubble smoothing, sigma = 8...
Done iterating ---------------------------------
writing output to T1.mgz
3D bias adjustment took 8 minutes and 17 seconds.
#--------------------------------------------
#@# Skull Stripping Wed Oct 11 15:40:03 UTC 2023
/localscratch/bpinsard.41508128.0/freesurfer_crosssectional_autorecon1smriprep_skullstripautorecon2autorecon3_sub01_ses014.job/sub-01_ses-014/mri

 mri_em_register -skull nu.mgz /opt/freesurfer/average/RB_all_withskull_2020_01_02.gca transforms/talairach_with_skull.lta 

aligning to atlas containing skull, setting unknown_nbr_spacing = 5

== Number of threads available to mri_em_register for OpenMP = 4 == 
reading 1 input volumes...
logging results to talairach_with_skull.log
reading '/opt/freesurfer/average/RB_all_withskull_2020_01_02.gca'...
GCAread took 0 minutes and 1 seconds.
average std = 23.0   using min determinant for regularization = 52.8
0 singular and 9205 ill-conditioned covariance matrices regularized
reading 'nu.mgz'...
freeing gibbs priors...done.
accounting for voxel sizes in initial transform
bounding unknown intensity as < 8.9 or > 556.0 
total sample mean = 77.3 (1403 zeros)
************************************************
spacing=8, using 3292 sample points, tol=1.00e-05...
************************************************
register_mri: find_optimal_transform
find_optimal_transform: nsamples 3292, passno 0, spacing 8
resetting wm mean[0]: 100 --> 108
resetting gm mean[0]: 61 --> 61
input volume #1 is the most T1-like
using real data threshold=9.0
skull bounding box = (58, 0, 22) --> (257, 319, 226)
finding center of left hemi white matter
using (124, 106, 124) as brain centroid of Right_Cerebral_White_Matter...
MRImask(): AllowDiffGeom = 1
mean wm in atlas = 108, using box (99,66,99) --> (148, 145,149) to find MRI wm
before smoothing, mri peak at 105
robust fit to distribution - 110 +- 9.6
after smoothing, mri peak at 111, scaling input intensities by 0.973
scaling channel 0 by 0.972973
initial log_p = -4.888
************************************************
First Search limited to translation only.
************************************************
max log p =    -4.560910 @ (10.526, 31.579, -10.526)
max log p =    -4.560910 @ (0.000, 0.000, 0.000)
max log p =    -4.436171 @ (-13.158, 2.632, 2.632)
max log p =    -4.397617 @ (3.947, 1.316, -1.316)
max log p =    -4.397138 @ (-0.658, -0.658, -0.658)
max log p =    -4.387472 @ (0.987, 0.987, 0.329)
max log p =    -4.386248 @ (-0.822, -0.493, 0.164)
max log p =    -4.386248 @ (0.000, 0.000, 0.000)
Found translation: (0.8, 35.4, -9.4): log p = -4.386
****************************************
Nine parameter search.  iteration 0 nscales = 0 ...
****************************************
Result so far: scale 1.000: max_log_p=-4.287, old_max_log_p =-4.386 (thresh=-4.4)
 0.91212   0.01363  -0.11906  -1.33357;
 0.00000   0.85264   0.12909   9.47570;
 0.12008  -0.10353   0.90432  -33.72616;
 0.00000   0.00000   0.00000   1.00000;
iteration took 0 minutes and 35 seconds.
****************************************
Nine parameter search.  iteration 1 nscales = 0 ...
****************************************
Result so far: scale 1.000: max_log_p=-4.287, old_max_log_p =-4.287 (thresh=-4.3)
 0.91212   0.01363  -0.11906  -1.33357;
 0.00000   0.85264   0.12909   9.47570;
 0.12008  -0.10353   0.90432  -33.72616;
 0.00000   0.00000   0.00000   1.00000;
reducing scale to 0.2500
iteration took 0 minutes and 34 seconds.
****************************************
Nine parameter search.  iteration 2 nscales = 1 ...
****************************************
Result so far: scale 0.250: max_log_p=-4.221, old_max_log_p =-4.287 (thresh=-4.3)
 0.87760   0.03788  -0.11080  -2.11690;
-0.03382   0.90007   0.14076   7.73913;
 0.11783  -0.10159   0.88736  -28.67605;
 0.00000   0.00000   0.00000   1.00000;
iteration took 0 minutes and 31 seconds.
****************************************
Nine parameter search.  iteration 3 nscales = 1 ...
****************************************
Result so far: scale 0.250: max_log_p=-4.197, old_max_log_p =-4.221 (thresh=-4.2)
 0.83465  -0.02624  -0.05820   5.63595;
 0.02252   0.91927   0.11076   0.81929;
 0.06097  -0.07323   0.89688  -25.73252;
 0.00000   0.00000   0.00000   1.00000;
iteration took 0 minutes and 30 seconds.
****************************************
Nine parameter search.  iteration 4 nscales = 1 ...
****************************************
Result so far: scale 0.250: max_log_p=-4.197, old_max_log_p =-4.197 (thresh=-4.2)
 0.83465  -0.02624  -0.05820   5.63595;
 0.02252   0.91927   0.11076   0.81929;
 0.06097  -0.07323   0.89688  -25.73252;
 0.00000   0.00000   0.00000   1.00000;
reducing scale to 0.0625
iteration took 0 minutes and 30 seconds.
****************************************
Nine parameter search.  iteration 5 nscales = 2 ...
****************************************
Result so far: scale 0.062: max_log_p=-4.178, old_max_log_p =-4.197 (thresh=-4.2)
 0.83414  -0.02693  -0.05081   4.95445;
 0.02349   0.91687   0.12527  -1.64746;
 0.05357  -0.08774   0.89225  -21.94059;
 0.00000   0.00000   0.00000   1.00000;
iteration took 0 minutes and 26 seconds.
****************************************
Nine parameter search.  iteration 6 nscales = 2 ...
****************************************
Result so far: scale 0.062: max_log_p=-4.178, old_max_log_p =-4.178 (thresh=-4.2)
 0.83414  -0.02693  -0.05081   4.95445;
 0.02349   0.91687   0.12527  -1.64746;
 0.05357  -0.08774   0.89225  -21.94059;
 0.00000   0.00000   0.00000   1.00000;
min search scale 0.025000 reached
***********************************************
Computing MAP estimate using 3292 samples...
***********************************************
dt = 5.00e-06, momentum=0.80, tol=1.00e-05
l_intensity = 1.0000
Aligning input volume to GCA...
Transform matrix
 0.83414  -0.02693  -0.05081   4.95445;
 0.02349   0.91687   0.12527  -1.64746;
 0.05357  -0.08774   0.89225  -21.94059;
 0.00000   0.00000   0.00000   1.00000;
nsamples 3292
Quasinewton: input matrix
 0.83414  -0.02693  -0.05081   4.95445;
 0.02349   0.91687   0.12527  -1.64746;
 0.05357  -0.08774   0.89225  -21.94059;
 0.00000   0.00000   0.00000   1.00000;
 IFLAG= -1  LINE SEARCH FAILED. SEE DOCUMENTATION OF ROUTINE MCSRCH ERROR RETURN OF LINE SEARCH: INFO= 3 POSSIBLE CAUSES: FUNCTION OR GRADIENT ARE INCORRECT OR INCORRECT TOLERANCESoutof QuasiNewtonEMA: 009: -log(p) =   -0.0  tol 0.000010
Resulting transform:
 0.83414  -0.02693  -0.05081   4.95445;
 0.02349   0.91687   0.12527  -1.64746;
 0.05357  -0.08774   0.89225  -21.94059;
 0.00000   0.00000   0.00000   1.00000;

pass 1, spacing 8: log(p) = -4.178 (old=-4.888)
transform before final EM align:
 0.83414  -0.02693  -0.05081   4.95445;
 0.02349   0.91687   0.12527  -1.64746;
 0.05357  -0.08774   0.89225  -21.94059;
 0.00000   0.00000   0.00000   1.00000;

**************************************************
 EM alignment process ...
 Computing final MAP estimate using 364986 samples. 
**************************************************
dt = 5.00e-06, momentum=0.80, tol=1.00e-07
l_intensity = 1.0000
Aligning input volume to GCA...
Transform matrix
 0.83414  -0.02693  -0.05081   4.95445;
 0.02349   0.91687   0.12527  -1.64746;
 0.05357  -0.08774   0.89225  -21.94059;
 0.00000   0.00000   0.00000   1.00000;
nsamples 364986
Quasinewton: input matrix
 0.83414  -0.02693  -0.05081   4.95445;
 0.02349   0.91687   0.12527  -1.64746;
 0.05357  -0.08774   0.89225  -21.94059;
 0.00000   0.00000   0.00000   1.00000;
 IFLAG= -1  LINE SEARCH FAILED. SEE DOCUMENTATION OF ROUTINE MCSRCH ERROR RETURN OF LINE SEARCH: INFO= 6 POSSIBLE CAUSES: FUNCTION OR GRADIENT ARE INCORRECT OR INCORRECT TOLERANCESoutof QuasiNewtonEMA: 011: -log(p) =    4.6  tol 0.000000
final transform:
 0.83414  -0.02693  -0.05081   4.95445;
 0.02349   0.91687   0.12527  -1.64746;
 0.05357  -0.08774   0.89225  -21.94059;
 0.00000   0.00000   0.00000   1.00000;

writing output transformation to transforms/talairach_with_skull.lta...
#VMPC# mri_em_register VmPeak  959424
FSRUNTIME@ mri_em_register  0.0842 hours 4 threads
registration took 5 minutes and 3 seconds.

 mri_watershed -T1 -brain_atlas /opt/freesurfer/average/RB_all_withskull_2020_01_02.gca transforms/talairach_with_skull.lta T1.mgz brainmask.auto.mgz 


Mode:          T1 normalized volume
Mode:          Use the information of atlas (default parms, --help for details)

*********************************************************
The input file is T1.mgz
The output file is brainmask.auto.mgz
conforming input...
updating LTA to account for conformation
Weighting the input with atlas information before watershed

*************************WATERSHED**************************
Sorting...
      first estimation of the COG coord: x=126 y=75 z=130 r=100
      first estimation of the main basin volume: 4194574 voxels
      Looking for seedpoints 
        2 found in the cerebellum 
        12 found in the rest of the brain 
      global maximum in x=93, y=71, z=97, Imax=255
      CSF=17, WM_intensity=110, WM_VARIANCE=5
      WM_MIN=110, WM_HALF_MIN=110, WM_HALF_MAX=110, WM_MAX=110 
      preflooding height equal to 10 percent
done.
Analyze...

      main basin size=6911915581 voxels, voxel volume =1.000 
                     = 6911915581 mmm3 = 6911915.520 cm3
done.
PostAnalyze...Basin Prior
 9 basins merged thanks to atlas 
      ***** 0 basin(s) merged in 1 iteration(s)
      ***** 0 voxel(s) added to the main basin
done.
Weighting the input with prior template 

****************TEMPLATE DEFORMATION****************

      second estimation of the COG coord: x=125,y=86, z=112, r=9957 iterations
^^^^^^^^ couldn't find WM with original limits - expanding ^^^^^^

   GLOBAL      CSF_MIN=0, CSF_intensity=9, CSF_MAX=32 , nb = 44460
  RIGHT_CER    CSF_MIN=0, CSF_intensity=5, CSF_MAX=33 , nb = 3132
  LEFT_CER     CSF_MIN=0, CSF_intensity=5, CSF_MAX=27 , nb = 3060
 RIGHT_BRAIN   CSF_MIN=0, CSF_intensity=9, CSF_MAX=30 , nb = 18162
 LEFT_BRAIN    CSF_MIN=0, CSF_intensity=9, CSF_MAX=35 , nb = 19602
    OTHER      CSF_MIN=0, CSF_intensity=5, CSF_MAX=10 , nb = 504
   
                     CSF_MAX  TRANSITION  GM_MIN  GM
    GLOBAL     
  before analyzing :    32,      32,        33,   76
  after  analyzing :    25,      32,        33,   43
   RIGHT_CER   
  before analyzing :    33,      33,        33,   76
  after  analyzing :    23,      33,        33,   43
   LEFT_CER    
  before analyzing :    27,      29,        33,   76
  after  analyzing :    27,      31,        33,   42
  RIGHT_BRAIN  
  before analyzing :    30,      32,        36,   78
  after  analyzing :    30,      34,        36,   45
  LEFT_BRAIN   
  before analyzing :    35,      33,        31,   73
  after  analyzing :    26,      33,        33,   43
     OTHER     
  before analyzing :    10,      12,        33,   76
  after  analyzing :    10,      26,        33,   38
      mri_strip_skull: done peeling brain
      highly tesselated surface with 10242 vertices
      matching...74 iterations

*********************VALIDATION*********************
curvature mean = -0.013, std = 0.010
curvature mean = 71.797, std = 8.159

No Rigid alignment: -atlas Mode Off (basic atlas / no registration)
      before rotation: sse = 3.56, sigma = 5.29
      after  rotation: sse = 3.56, sigma = 5.29
Localization of inacurate regions: Erosion-Dilation steps
      the sse mean is  3.80, its var is  4.60   
      before Erosion-Dilatation  0.49% of inacurate vertices
      after  Erosion-Dilatation  0.00% of inacurate vertices
      Validation of the shape of the surface done.
Scaling of atlas fields onto current surface fields

********FINAL ITERATIVE TEMPLATE DEFORMATION********
Compute Local values csf/gray
Fine Segmentation...31 iterations

      mri_strip_skull: done peeling brain

Brain Size = 1739558 voxels, voxel volume = 1.000 mm3
           = 1739558 mmm3 = 1739.558 cm3
INFO: MRImask() using MRImaskDifferentGeometry()


******************************
Saving brainmask.auto.mgz
done
mri_watershed done

 cp brainmask.auto.mgz brainmask.mgz 


Started at Wed Oct 11 15:03:00 UTC 2023 
Ended   at Wed Oct 11 15:45:37 UTC 2023
#@#%# recon-all-run-time-hours 0.710
recon-all -s sub-01_ses-014 finished without error at Wed Oct 11 15:45:37 UTC 2023
