status file for recon-all
Sun Oct 15 03:23:13 UTC 2023
#@# MotionCor Sun Oct 15 03:23:55 UTC 2023
#@# Talairach Sun Oct 15 03:23:55 UTC 2023
#@# Talairach Failure Detection Sun Oct 15 03:23:57 UTC 2023
#@# Nu Intensity Correction Sun Oct 15 03:23:57 UTC 2023
#@# Intensity Normalization Sun Oct 15 03:33:38 UTC 2023
#@# Skull Stripping Sun Oct 15 03:48:52 UTC 2023
#@# EM Registration Sun Oct 15 03:48:58 UTC 2023
#@# CA Normalize Sun Oct 15 03:48:58 UTC 2023
#@# CA Reg Sun Oct 15 03:53:12 UTC 2023
#@# SubCort Seg Sun Oct 15 04:18:41 UTC 2023
#@# CC Seg Sun Oct 15 04:31:24 UTC 2023
#@# Merge ASeg Sun Oct 15 04:42:19 UTC 2023
#@# Intensity Normalization2 Sun Oct 15 04:42:19 UTC 2023
#@# Mask BFS Sun Oct 15 04:49:48 UTC 2023
#@# WM Segmentation Sun Oct 15 04:49:56 UTC 2023
#@# Smooth2 lh Sun Oct 15 05:11:39 UTC 2023
#@# Smooth2 rh Sun Oct 15 05:11:47 UTC 2023
#@# Inflation2 lh Sun Oct 15 05:11:54 UTC 2023
#@# Inflation2 rh Sun Oct 15 05:12:27 UTC 2023
#@# Curv .H and .K lh Sun Oct 15 05:13:03 UTC 2023
#@# Curv .H and .K rh Sun Oct 15 05:15:01 UTC 2023
#@# Sphere lh Sun Oct 15 05:17:00 UTC 2023
#@# Sphere rh Sun Oct 15 05:17:00 UTC 2023
#@# Surf Reg lh Sun Oct 15 05:17:00 UTC 2023
#@# Surf Reg rh Sun Oct 15 05:21:43 UTC 2023
#@# Jacobian white lh Sun Oct 15 05:26:27 UTC 2023
#@# Jacobian white rh Sun Oct 15 05:26:29 UTC 2023
#@# AvgCurv lh Sun Oct 15 05:26:32 UTC 2023
#@# AvgCurv rh Sun Oct 15 05:26:34 UTC 2023
#@# Cortical Parc lh Sun Oct 15 05:26:36 UTC 2023
#@# Cortical Parc rh Sun Oct 15 05:26:57 UTC 2023
#@# white curv lh Sun Oct 15 05:47:56 UTC 2023
#@# white area lh Sun Oct 15 05:48:01 UTC 2023
#@# pial curv lh Sun Oct 15 05:48:03 UTC 2023
#@# pial area lh Sun Oct 15 05:48:07 UTC 2023
#@# thickness lh Sun Oct 15 05:48:09 UTC 2023
#@# area and vertex vol lh Sun Oct 15 05:49:30 UTC 2023
#@# white curv rh Sun Oct 15 05:49:35 UTC 2023
#@# white area rh Sun Oct 15 05:49:39 UTC 2023
#@# pial curv rh Sun Oct 15 05:49:41 UTC 2023
#@# pial area rh Sun Oct 15 05:49:46 UTC 2023
#@# thickness rh Sun Oct 15 05:49:48 UTC 2023
#@# area and vertex vol rh Sun Oct 15 05:51:11 UTC 2023
#@# Curvature Stats lh Sun Oct 15 05:51:15 UTC 2023
#@# Curvature Stats rh Sun Oct 15 05:51:22 UTC 2023
#@# Cortical ribbon mask Sun Oct 15 05:51:29 UTC 2023
#@# Cortical Parc 2 lh Sun Oct 15 06:42:32 UTC 2023
#@# Cortical Parc 2 rh Sun Oct 15 06:42:58 UTC 2023
#@# Cortical Parc 3 lh Sun Oct 15 06:43:26 UTC 2023
#@# Cortical Parc 3 rh Sun Oct 15 06:43:48 UTC 2023
#@# WM/GM Contrast lh Sun Oct 15 06:44:10 UTC 2023
#@# WM/GM Contrast rh Sun Oct 15 06:44:19 UTC 2023
#@# Relabel Hypointensities Sun Oct 15 06:44:29 UTC 2023
#@# APas-to-ASeg Sun Oct 15 06:45:18 UTC 2023
#@# AParc-to-ASeg aparc Sun Oct 15 06:45:56 UTC 2023
#@# AParc-to-ASeg aparc.a2009s Sun Oct 15 06:51:18 UTC 2023
#@# AParc-to-ASeg aparc.DKTatlas Sun Oct 15 06:56:40 UTC 2023
#@# WMParc Sun Oct 15 07:02:03 UTC 2023
#@# Parcellation Stats lh Sun Oct 15 07:10:06 UTC 2023
#@# Parcellation Stats rh Sun Oct 15 07:11:44 UTC 2023
#@# Parcellation Stats 2 lh Sun Oct 15 07:13:25 UTC 2023
#@# Parcellation Stats 2 rh Sun Oct 15 07:14:17 UTC 2023
#@# Parcellation Stats 3 lh Sun Oct 15 07:15:10 UTC 2023
#@# Parcellation Stats 3 rh Sun Oct 15 07:15:59 UTC 2023
#@# ASeg Stats Sun Oct 15 07:16:49 UTC 2023
#@# BA_exvivo Labels lh Sun Oct 15 07:18:40 UTC 2023
#@# BA_exvivo Labels rh Sun Oct 15 07:26:03 UTC 2023
recon-all -s sub-01_ses-003.long.sub-01 finished without error at Sun Oct 15 07:33:26 UTC 2023
