/localscratch/bpinsard.41396450.0/freesurfer_crosssectional_autorecon1smriprep_skullstripautorecon2autorecon3_sub01_ses010.job/sub-01_ses-010/mri
/opt/freesurfer/bin/mri_nu_correct.mni
--i orig.mgz --o nu.mgz --uchar transforms/talairach.xfm --cm --proto-iters 1000 --distance 50 --n 1 --ants-n4
nIters 1
mri_nu_correct.mni 7.4.1
Linux bc12002.int.ets1.calculquebec.ca 3.10.0-1160.90.1.el7.x86_64 #1 SMP Thu May 4 15:21:22 UTC 2023 x86_64 x86_64 x86_64 GNU/Linux
Thu Oct  5 14:03:58 UTC 2023
tmpdir is ./tmp.mri_nu_correct.mni.227905
cd /localscratch/bpinsard.41396450.0/freesurfer_crosssectional_autorecon1smriprep_skullstripautorecon2autorecon3_sub01_ses010.job/sub-01_ses-010/mri
AntsN4BiasFieldCorrectionFs -i orig.mgz -o ./tmp.mri_nu_correct.mni.227905/nu0.mgz --dtype uchar
AntsN4BiasFieldCorrectionFs done
mri_binarize --i ./tmp.mri_nu_correct.mni.227905/nu0.mgz --min -1 --o ./tmp.mri_nu_correct.mni.227905/ones.mgz

7.4.1
cwd /localscratch/bpinsard.41396450.0/freesurfer_crosssectional_autorecon1smriprep_skullstripautorecon2autorecon3_sub01_ses010.job/sub-01_ses-010/mri
cmdline mri_binarize --i ./tmp.mri_nu_correct.mni.227905/nu0.mgz --min -1 --o ./tmp.mri_nu_correct.mni.227905/ones.mgz 
sysname  Linux
hostname bc12002.int.ets1.calculquebec.ca
machine  x86_64
user     bpinsard

input      ./tmp.mri_nu_correct.mni.227905/nu0.mgz
frame      0
nErode3d   0
nErode2d   0
output     ./tmp.mri_nu_correct.mni.227905/ones.mgz
Binarizing based on threshold
min        -1
max        +infinity
binval        1
binvalnot     0
fstart = 0, fend = 0, nframes = 1
Starting parallel 1
Found 27000000 values in range
Counting number of voxels in first frame
Found 26999999 voxels in final mask
Writing output to ./tmp.mri_nu_correct.mni.227905/ones.mgz
Count: 26999999 13824000.144605 27000000 99.999996
mri_binarize done
mri_segstats --id 1 --seg ./tmp.mri_nu_correct.mni.227905/ones.mgz --i orig.mgz --sum ./tmp.mri_nu_correct.mni.227905/sum.junk --avgwf ./tmp.mri_nu_correct.mni.227905/input.mean.dat

7.4.1
cwd 
cmdline mri_segstats --id 1 --seg ./tmp.mri_nu_correct.mni.227905/ones.mgz --i orig.mgz --sum ./tmp.mri_nu_correct.mni.227905/sum.junk --avgwf ./tmp.mri_nu_correct.mni.227905/input.mean.dat 
sysname  Linux
hostname bc12002.int.ets1.calculquebec.ca
machine  x86_64
user     bpinsard
whitesurfname  white
UseRobust  0
Loading ./tmp.mri_nu_correct.mni.227905/ones.mgz
Loading orig.mgz
Voxel Volume is 0.512 mm^3
Generating list of segmentation ids
Found   1 segmentations
Computing statistics for each segmentation

Reporting on   1 segmentations
Using PrintSegStat
Computing spatial average of each frame

Writing to ./tmp.mri_nu_correct.mni.227905/input.mean.dat
mri_segstats done
mri_segstats --id 1 --seg ./tmp.mri_nu_correct.mni.227905/ones.mgz --i ./tmp.mri_nu_correct.mni.227905/nu0.mgz --sum ./tmp.mri_nu_correct.mni.227905/sum.junk --avgwf ./tmp.mri_nu_correct.mni.227905/output.mean.dat

7.4.1
cwd 
cmdline mri_segstats --id 1 --seg ./tmp.mri_nu_correct.mni.227905/ones.mgz --i ./tmp.mri_nu_correct.mni.227905/nu0.mgz --sum ./tmp.mri_nu_correct.mni.227905/sum.junk --avgwf ./tmp.mri_nu_correct.mni.227905/output.mean.dat 
sysname  Linux
hostname bc12002.int.ets1.calculquebec.ca
machine  x86_64
user     bpinsard
whitesurfname  white
UseRobust  0
Loading ./tmp.mri_nu_correct.mni.227905/ones.mgz
Loading ./tmp.mri_nu_correct.mni.227905/nu0.mgz
Voxel Volume is 0.512 mm^3
Generating list of segmentation ids
Found   1 segmentations
Computing statistics for each segmentation

Reporting on   1 segmentations
Using PrintSegStat
Computing spatial average of each frame

Writing to ./tmp.mri_nu_correct.mni.227905/output.mean.dat
mri_segstats done
mris_calc -o ./tmp.mri_nu_correct.mni.227905/nu0.mgz ./tmp.mri_nu_correct.mni.227905/nu0.mgz mul 1.13837933288095364339
mri_convert ./tmp.mri_nu_correct.mni.227905/nu0.mgz nu.mgz --like orig.mgz
mri_convert ./tmp.mri_nu_correct.mni.227905/nu0.mgz nu.mgz --like orig.mgz 
reading from ./tmp.mri_nu_correct.mni.227905/nu0.mgz...
TR=1000.00, TE=0.00, TI=0.00, flip angle=0.00
i_ras = (-1, -9.49512e-09, -2.32831e-09)
j_ras = (0, 0, -1)
k_ras = (-4.48154e-09, 1, 0)
INFO: transform src into the like-volume: orig.mgz
writing to nu.mgz...
mri_make_uchar nu.mgz transforms/talairach.xfm nu.mgz
type change took 0 minutes and 12 seconds.
FIRST_PERCENTILE 0.010000
WM_PERCENTILE    0.900000
MAX_R 50.000000
i1 = 2, i2 = 71
#mri_make_uchar# mapping  3 102 to  3 110  :  b -0.564493 m 1.08569 : thresh 0.519941 maxsat 235.395 : nzero 16265718 nsat 16
 
 
Thu Oct  5 14:11:53 UTC 2023
mri_nu_correct.mni done
