status file for recon-all
Thu Oct  5 12:47:30 UTC 2023
#@# MotionCor Thu Oct  5 12:47:36 UTC 2023
#@# Talairach Thu Oct  5 12:47:50 UTC 2023
#@# Talairach Failure Detection Thu Oct  5 12:57:14 UTC 2023
#@# Nu Intensity Correction Thu Oct  5 12:57:14 UTC 2023
#@# Intensity Normalization Thu Oct  5 13:06:40 UTC 2023
#@# Skull Stripping Thu Oct  5 13:14:14 UTC 2023
recon-all -s sub-06_ses-008 finished without error at Thu Oct  5 13:19:33 UTC 2023



#New# invocation of recon-all 



status file for recon-all
Thu Oct  5 13:44:10 UTC 2023
#@# EM Registration Thu Oct  5 13:44:10 UTC 2023
#@# CA Normalize Thu Oct  5 13:47:58 UTC 2023
#@# CA Reg Thu Oct  5 13:51:21 UTC 2023
#@# SubCort Seg Thu Oct  5 15:08:02 UTC 2023
#@# CC Seg Thu Oct  5 16:34:00 UTC 2023
#@# Merge ASeg Thu Oct  5 16:35:41 UTC 2023
#@# Intensity Normalization2 Thu Oct  5 16:35:41 UTC 2023
#@# Mask BFS Thu Oct  5 16:43:01 UTC 2023
#@# WM Segmentation Thu Oct  5 16:43:03 UTC 2023
#@# Fill Thu Oct  5 16:50:25 UTC 2023
#@# Tessellate lh Thu Oct  5 16:52:43 UTC 2023
#@# Tessellate rh Thu Oct  5 16:52:52 UTC 2023
#@# Smooth1 lh Thu Oct  5 16:52:59 UTC 2023
#@# Smooth1 rh Thu Oct  5 16:53:05 UTC 2023
#@# Inflation1 lh Thu Oct  5 16:53:10 UTC 2023
#@# Inflation1 rh Thu Oct  5 16:53:36 UTC 2023
#@# QSphere lh Thu Oct  5 16:54:02 UTC 2023
#@# QSphere rh Thu Oct  5 16:56:35 UTC 2023
#@# Fix Topology lh Thu Oct  5 16:59:08 UTC 2023
#@# Fix Topology rh Thu Oct  5 17:00:08 UTC 2023
#@# Smooth2 lh Thu Oct  5 17:16:27 UTC 2023
#@# Smooth2 rh Thu Oct  5 17:16:33 UTC 2023
#@# Inflation2 lh Thu Oct  5 17:16:39 UTC 2023
#@# Inflation2 rh Thu Oct  5 17:17:08 UTC 2023
#@# Curv .H and .K lh Thu Oct  5 17:17:37 UTC 2023
#@# Curv .H and .K rh Thu Oct  5 17:19:15 UTC 2023
recon-all -s sub-06_ses-008 finished without error at Thu Oct  5 17:20:56 UTC 2023



#New# invocation of recon-all 



status file for recon-all
Thu Oct  5 17:21:43 UTC 2023
#@# Sphere lh Thu Oct  5 17:21:43 UTC 2023
#@# Sphere rh Thu Oct  5 17:27:45 UTC 2023
#@# Surf Reg lh Thu Oct  5 17:34:20 UTC 2023
#@# Surf Reg rh Thu Oct  5 17:43:02 UTC 2023
#@# Jacobian white lh Thu Oct  5 17:53:10 UTC 2023
#@# Jacobian white rh Thu Oct  5 17:53:12 UTC 2023
#@# AvgCurv lh Thu Oct  5 17:53:14 UTC 2023
#@# AvgCurv rh Thu Oct  5 17:53:15 UTC 2023
#@# Cortical Parc lh Thu Oct  5 17:53:16 UTC 2023
#@# Cortical Parc rh Thu Oct  5 17:53:37 UTC 2023
#@# white curv lh Thu Oct  5 18:11:10 UTC 2023
#@# white area lh Thu Oct  5 18:11:13 UTC 2023
#@# pial curv lh Thu Oct  5 18:11:14 UTC 2023
#@# pial area lh Thu Oct  5 18:11:18 UTC 2023
#@# thickness lh Thu Oct  5 18:11:19 UTC 2023
#@# area and vertex vol lh Thu Oct  5 18:12:22 UTC 2023
#@# white curv rh Thu Oct  5 18:12:25 UTC 2023
#@# white area rh Thu Oct  5 18:12:28 UTC 2023
#@# pial curv rh Thu Oct  5 18:12:29 UTC 2023
#@# pial area rh Thu Oct  5 18:12:33 UTC 2023
#@# thickness rh Thu Oct  5 18:12:34 UTC 2023
#@# area and vertex vol rh Thu Oct  5 18:13:38 UTC 2023
#@# Curvature Stats lh Thu Oct  5 18:13:41 UTC 2023
#@# Curvature Stats rh Thu Oct  5 18:13:46 UTC 2023
#@# Cortical ribbon mask Thu Oct  5 18:13:51 UTC 2023
#@# Cortical Parc 2 lh Thu Oct  5 18:31:49 UTC 2023
#@# Cortical Parc 2 rh Thu Oct  5 18:32:16 UTC 2023
#@# Cortical Parc 3 lh Thu Oct  5 18:32:44 UTC 2023
#@# Cortical Parc 3 rh Thu Oct  5 18:33:04 UTC 2023
#@# WM/GM Contrast lh Thu Oct  5 18:33:23 UTC 2023
#@# WM/GM Contrast rh Thu Oct  5 18:33:29 UTC 2023
#@# Relabel Hypointensities Thu Oct  5 18:33:35 UTC 2023
#@# APas-to-ASeg Thu Oct  5 18:34:13 UTC 2023
#@# AParc-to-ASeg aparc Thu Oct  5 18:34:34 UTC 2023
#@# AParc-to-ASeg aparc.a2009s Thu Oct  5 18:38:15 UTC 2023
#@# AParc-to-ASeg aparc.DKTatlas Thu Oct  5 18:41:55 UTC 2023
#@# WMParc Thu Oct  5 18:45:36 UTC 2023
#@# Parcellation Stats lh Thu Oct  5 18:51:56 UTC 2023
#@# Parcellation Stats rh Thu Oct  5 18:53:07 UTC 2023
#@# Parcellation Stats 2 lh Thu Oct  5 18:54:25 UTC 2023
#@# Parcellation Stats 2 rh Thu Oct  5 18:55:03 UTC 2023
#@# Parcellation Stats 3 lh Thu Oct  5 18:55:43 UTC 2023
#@# Parcellation Stats 3 rh Thu Oct  5 18:56:20 UTC 2023
#@# ASeg Stats Thu Oct  5 18:56:58 UTC 2023
#@# BA_exvivo Labels lh Thu Oct  5 18:58:43 UTC 2023
#@# BA_exvivo Labels rh Thu Oct  5 19:04:13 UTC 2023
recon-all -s sub-06_ses-008 finished without error at Thu Oct  5 19:09:43 UTC 2023



#New# invocation of recon-all 



status file for recon-all
Sun Oct  8 05:20:45 UTC 2023
#@# T2/FLAIR Input Sun Oct  8 05:20:45 UTC 2023
#@# Sphere lh Sun Oct  8 05:20:50 UTC 2023
#@# Sphere rh Sun Oct  8 05:27:06 UTC 2023
#@# Surf Reg lh Sun Oct  8 05:33:50 UTC 2023
#@# Surf Reg rh Sun Oct  8 05:42:33 UTC 2023
#@# Jacobian white lh Sun Oct  8 05:52:14 UTC 2023
#@# Jacobian white rh Sun Oct  8 05:52:16 UTC 2023
#@# AvgCurv lh Sun Oct  8 05:52:18 UTC 2023
#@# AvgCurv rh Sun Oct  8 05:52:19 UTC 2023
#@# Cortical Parc lh Sun Oct  8 05:52:20 UTC 2023
#@# Cortical Parc rh Sun Oct  8 05:52:40 UTC 2023
#@# Refine Pial Surfs w/ T2/FLAIR Sun Oct  8 06:10:08 UTC 2023
#@# white curv lh Sun Oct  8 10:12:45 UTC 2023
#@# white area lh Sun Oct  8 10:12:48 UTC 2023
#@# pial curv lh Sun Oct  8 10:12:50 UTC 2023
#@# pial area lh Sun Oct  8 10:12:53 UTC 2023
#@# thickness lh Sun Oct  8 10:12:54 UTC 2023
#@# area and vertex vol lh Sun Oct  8 10:13:57 UTC 2023
#@# white curv rh Sun Oct  8 10:14:00 UTC 2023
#@# white area rh Sun Oct  8 10:14:04 UTC 2023
#@# pial curv rh Sun Oct  8 10:14:05 UTC 2023
#@# pial area rh Sun Oct  8 10:14:08 UTC 2023
#@# thickness rh Sun Oct  8 10:14:10 UTC 2023
#@# area and vertex vol rh Sun Oct  8 10:15:15 UTC 2023
#@# Curvature Stats lh Sun Oct  8 10:15:18 UTC 2023
#@# Curvature Stats rh Sun Oct  8 10:15:23 UTC 2023
#@# Cortical ribbon mask Sun Oct  8 10:15:29 UTC 2023
#@# Cortical Parc 2 lh Sun Oct  8 10:32:19 UTC 2023
#@# Cortical Parc 2 rh Sun Oct  8 10:32:48 UTC 2023
#@# Cortical Parc 3 lh Sun Oct  8 10:33:17 UTC 2023
#@# Cortical Parc 3 rh Sun Oct  8 10:33:38 UTC 2023
#@# WM/GM Contrast lh Sun Oct  8 10:33:58 UTC 2023
#@# WM/GM Contrast rh Sun Oct  8 10:34:04 UTC 2023
#@# Relabel Hypointensities Sun Oct  8 10:34:10 UTC 2023
#@# APas-to-ASeg Sun Oct  8 10:34:49 UTC 2023
#@# AParc-to-ASeg aparc Sun Oct  8 10:35:17 UTC 2023
#@# AParc-to-ASeg aparc.a2009s Sun Oct  8 10:38:19 UTC 2023
#@# AParc-to-ASeg aparc.DKTatlas Sun Oct  8 10:41:22 UTC 2023
#@# WMParc Sun Oct  8 10:44:25 UTC 2023
#@# Parcellation Stats lh Sun Oct  8 10:51:24 UTC 2023
#@# Parcellation Stats rh Sun Oct  8 10:52:35 UTC 2023
#@# Parcellation Stats 2 lh Sun Oct  8 10:53:51 UTC 2023
#@# Parcellation Stats 2 rh Sun Oct  8 10:54:28 UTC 2023
#@# Parcellation Stats 3 lh Sun Oct  8 10:55:07 UTC 2023
#@# Parcellation Stats 3 rh Sun Oct  8 10:55:43 UTC 2023
#@# ASeg Stats Sun Oct  8 10:56:21 UTC 2023
#@# BA_exvivo Labels lh Sun Oct  8 10:57:56 UTC 2023
#@# BA_exvivo Labels rh Sun Oct  8 11:03:02 UTC 2023
recon-all -s sub-06_ses-008 finished without error at Sun Oct  8 11:08:15 UTC 2023
