Logfile for bbregister
Sun Oct  8 05:15:20 UTC 2023

setenv SUBJECTS_DIR /localscratch/bpinsard.41451868.0/freesurfer_crosssectional_autorecon3_sub04_ses003.job
cd /localscratch/bpinsard.41451868.0/freesurfer_crosssectional_autorecon3_sub04_ses003.job/sub-04_ses-003/scripts
/opt/freesurfer/bin/bbregister --s sub-04_ses-003 --mov /localscratch/bpinsard.41451868.0/freesurfer_crosssectional_autorecon3_sub04_ses003.job/sub-04_ses-003/mri/orig/T2raw.mgz --lta /localscratch/bpinsard.41451868.0/freesurfer_crosssectional_autorecon3_sub04_ses003.job/sub-04_ses-003/mri/transforms/T2raw.auto.lta --init-coreg --T2 --gm-proj-abs 2 --wm-proj-abs 1 --no-coreg-ref-mask

bbregister 7.4.1
Linux bc12235.int.ets1.calculquebec.ca 3.10.0-1160.95.1.el7.x86_64 #1 SMP Mon Jul 24 13:59:37 UTC 2023 x86_64 x86_64 x86_64 GNU/Linux
FREESURFER_HOME /opt/freesurfer
mri_convert /localscratch/bpinsard.41451868.0/freesurfer_crosssectional_autorecon3_sub04_ses003.job/sub-04_ses-003/mri/orig/T2raw.mgz /localscratch/bpinsard.41451868.0/freesurfer_crosssectional_autorecon3_sub04_ses003.job/sub-04_ses-003/mri/transforms/tmp.bbregister.146663/template.nii
mri_convert /localscratch/bpinsard.41451868.0/freesurfer_crosssectional_autorecon3_sub04_ses003.job/sub-04_ses-003/mri/orig/T2raw.mgz /localscratch/bpinsard.41451868.0/freesurfer_crosssectional_autorecon3_sub04_ses003.job/sub-04_ses-003/mri/transforms/tmp.bbregister.146663/template.nii 
reading from /localscratch/bpinsard.41451868.0/freesurfer_crosssectional_autorecon3_sub04_ses003.job/sub-04_ses-003/mri/orig/T2raw.mgz...
TR=0.00, TE=0.00, TI=0.00, flip angle=0.00
i_ras = (1, 0, 0)
j_ras = (0, 1, 0)
k_ras = (0, 0, 1)
writing to /localscratch/bpinsard.41451868.0/freesurfer_crosssectional_autorecon3_sub04_ses003.job/sub-04_ses-003/mri/transforms/tmp.bbregister.146663/template.nii...
mri_coreg --s sub-04_ses-003 --mov /localscratch/bpinsard.41451868.0/freesurfer_crosssectional_autorecon3_sub04_ses003.job/sub-04_ses-003/mri/transforms/tmp.bbregister.146663/template.nii --regdat /localscratch/bpinsard.41451868.0/freesurfer_crosssectional_autorecon3_sub04_ses003.job/sub-04_ses-003/mri/transforms/tmp.bbregister.146663/reg.init.dat --reg /localscratch/bpinsard.41451868.0/freesurfer_crosssectional_autorecon3_sub04_ses003.job/sub-04_ses-003/mri/transforms/tmp.bbregister.146663/mri_coreg.lta --nthreads 4 --dof 6 --sep 4 --ftol .0001 --linmintol .01 --no-ref-mask

$Id: mri_coreg.c,v 1.27 2016/04/30 15:11:49 greve Exp $
cwd /localscratch/bpinsard.41451868.0/freesurfer_crosssectional_autorecon3_sub04_ses003.job/sub-04_ses-003/scripts
cmdline mri_coreg --s sub-04_ses-003 --mov /localscratch/bpinsard.41451868.0/freesurfer_crosssectional_autorecon3_sub04_ses003.job/sub-04_ses-003/mri/transforms/tmp.bbregister.146663/template.nii --regdat /localscratch/bpinsard.41451868.0/freesurfer_crosssectional_autorecon3_sub04_ses003.job/sub-04_ses-003/mri/transforms/tmp.bbregister.146663/reg.init.dat --reg /localscratch/bpinsard.41451868.0/freesurfer_crosssectional_autorecon3_sub04_ses003.job/sub-04_ses-003/mri/transforms/tmp.bbregister.146663/mri_coreg.lta --nthreads 4 --dof 6 --sep 4 --ftol .0001 --linmintol .01 --no-ref-mask 
sysname  Linux
hostname bc12235.int.ets1.calculquebec.ca
machine  x86_64
user     bpinsard
dof    6
nsep    1
cras0    1
ftol    0.000100
linmintol    0.010000
bf       1
bflim    30.000000
bfnsamp    30
SmoothRef 0
SatPct    99.990000
MovOOB 0
optschema 1
Seed 53
Reading in mov /localscratch/bpinsard.41451868.0/freesurfer_crosssectional_autorecon3_sub04_ses003.job/sub-04_ses-003/mri/transforms/tmp.bbregister.146663/template.nii
Reading in ref /localscratch/bpinsard.41451868.0/freesurfer_crosssectional_autorecon3_sub04_ses003.job/sub-04_ses-003/mri/brainmask.mgz
Setting cras translation parameters to align volume centers
Init matrix params -0.8000 -0.0000 -0.8000  0.0000  0.0000  0.0000  1.0000  1.0000  1.0000  0.0000  0.0000  0.0000 
Initial Matrix (RAS2RAS)
 1.00000   0.00000   0.00000   0.79998;
 0.00000   1.00000   0.00000   0.00001;
 0.00000   0.00000   1.00000   0.80000;
 0.00000   0.00000   0.00000   1.00000;
Initial parameters to be opt -0.8000 -0.0000 -0.8000  0.0000  0.0000  0.0000 
Creating random numbers for coordinate dithering
Performing intensity dithering
Performing intensity dithering on mov with computed dither
Separation list (1):  4   min = 4
DoSmoothing 1
DoCoordDither 1
DoIntensityDither 1
nitersmax 4
ftol 1.000e-04
linmintol 1.000e-02
SatPct 99.990000
Hist FWHM 7.000000 7.000000
nthreads 4
movsat = 7106.0757
mov gstd 1.9140 1.9140 1.9140
Smoothing mov
refsat = 129.0000
ref gstd 1.9140 1.9140 1.9140
Smoothing ref
COREGpreproc() done
Testing if mov and target overlap
Init cost   -1.0323622974
nhits = 309411 out of 32768000, Percent Overlap:  60.4
Initial  RefRAS-to-MovRAS
 1.00000   0.00000   0.00000  -0.79998;
 0.00000   1.00000   0.00000  -0.00001;
 0.00000   0.00000   1.00000  -0.80000;
 0.00000   0.00000   0.00000   1.00000;
Initial  RefVox-to-MovVox
-1.00000   0.00000   0.00000   263.00000;
 0.00000   0.00000   0.99999  -9.99910;
 0.00000  -0.99999   0.00000   318.99908;
 0.00000   0.00000   0.00000   1.00000;
sep = 4 -----------------------------------
COREGoptBruteForce() 30 1 30
Turning on MovOOB for BruteForce Search
#BF# sep= 4 iter=0 lim=30.0 delta=2.00  -0.79998  -0.00001  13.20000   8.00000  -2.00000   0.00000   -1.0302478
Turning  MovOOB back off after brute force search


---------------------------------
Init Powel Params dof = 6: -0.799980 -0.000008 13.200005 8.000000 -2.000000 0.000000 
Starting OpenPowel2(), sep = 4
InitialCost        -1.0337920189 
#@#  4  188  -0.79998 -0.00001 13.20000 8.00000 -2.00000 0.00000   -1.0337920
fs_powell::minimize
  nparams 6
  maxfev 4
  ftol   0.000100
  linmin_xtol_   0.010000
  powell nthiter 0: fret = -1.033792
#@#  4  195  -0.89369 -0.00001 13.20000 8.00000 -2.00000 0.00000   -1.0337923
#@#  4  196  -0.87541 -0.00001 13.20000 8.00000 -2.00000 0.00000   -1.0337924
#@#  4  200  -0.87541 -1.61804 13.20000 8.00000 -2.00000 0.00000   -1.0339435
#@#  4  203  -0.87541 -6.37587 13.20000 8.00000 -2.00000 0.00000   -1.0340025
#@#  4  205  -0.87541 -4.23158 13.20000 8.00000 -2.00000 0.00000   -1.0341022
#@#  4  206  -0.87541 -4.27222 13.20000 8.00000 -2.00000 0.00000   -1.0341027
#@#  4  207  -0.87541 -4.46392 13.20000 8.00000 -2.00000 0.00000   -1.0341047
#@#  4  209  -0.87541 -4.74287 13.20000 8.00000 -2.00000 0.00000   -1.0341054
#@#  4  210  -0.87541 -4.67876 13.20000 8.00000 -2.00000 0.00000   -1.0341057
#@#  4  217  -0.87541 -4.63724 14.20000 8.00000 -2.00000 0.00000   -1.0342979
#@#  4  218  -0.87541 -4.63724 15.81804 8.00000 -2.00000 0.00000   -1.0343865
#@#  4  219  -0.87541 -4.63724 15.52999 8.00000 -2.00000 0.00000   -1.0343951
#@#  4  223  -0.87541 -4.63724 15.50371 8.00000 -2.00000 0.00000   -1.0343952
#@#  4  224  -0.87541 -4.63724 15.48790 8.00000 -2.00000 0.00000   -1.0343953
#@#  4  229  -0.87541 -4.63724 15.47789 9.00000 -2.00000 0.00000   -1.0344230
#@#  4  230  -0.87541 -4.63724 15.47789 10.61803 -2.00000 0.00000   -1.0344234
#@#  4  231  -0.87541 -4.63724 15.47789 9.81956 -2.00000 0.00000   -1.0344250
#@#  4  234  -0.87541 -4.63724 15.47789 10.12455 -2.00000 0.00000   -1.0344265
#@#  4  240  -0.87541 -4.63724 15.47789 10.09084 -1.00000 0.00000   -1.0344290
#@#  4  244  -0.87541 -4.63724 15.47789 10.09084 -1.38197 0.00000   -1.0344325
#@#  4  245  -0.87541 -4.63724 15.47789 10.09084 -1.47835 0.00000   -1.0344330
#@#  4  253  -0.87541 -4.63724 15.47789 10.09084 -1.51529 1.00000   -1.0344439
#@#  4  258  -0.87541 -4.63724 15.47789 10.09084 -1.51529 1.04818   -1.0344440
  powell nthiter 1: fret = -1.034444
#@#  4  269  -0.49345 -4.63724 15.47789 10.09084 -1.51529 1.05818   -1.0344476
#@#  4  270  -0.59881 -4.63724 15.47789 10.09084 -1.51529 1.05818   -1.0344486
#@#  4  272  -0.62818 -4.63724 15.47789 10.09084 -1.51529 1.05818   -1.0344487
#@#  4  283  -0.64121 -4.54179 15.47789 10.09084 -1.51529 1.05818   -1.0344491
#@#  4  295  -0.64121 -4.50694 15.85986 10.09084 -1.51529 1.05818   -1.0344533
#@#  4  296  -0.64121 -4.50694 15.76410 10.09084 -1.51529 1.05818   -1.0344540
#@#  4  304  -0.64121 -4.50694 15.72904 11.09084 -1.51529 1.05818   -1.0344583
#@#  4  308  -0.64121 -4.50694 15.72904 10.70887 -1.51529 1.05818   -1.0344596
Powell done niters total = 1
OptTimeSec 12.5 sec
OptTimeMin  0.21 min
nEvals 331
Final optimized parameters  -0.64121461  -4.50693703  15.72904491  10.72405243  -1.50135589   1.06817722 
Final matrix parameters -0.6412 -4.5069 15.7290 10.7241 -1.5014  1.0782  1.0000  1.0000  1.0000  0.0000  0.0000  0.0000 
Final cost   -1.034459568809081
 

---------------------------------
Final  RefRAS-to-MovRAS
 0.99948   0.01864  -0.02620  -0.64121;
-0.01344   0.98245   0.18602  -4.50694;
 0.02921  -0.18557   0.98220   15.72904;
 0.00000   0.00000   0.00000   1.00000;
Final  RefVox-to-MovVox
-0.99948   0.02620   0.01864   256.44348;
 0.01344  -0.18601   0.98245   14.41820;
-0.02921  -0.98219  -0.18557   366.00113;
 0.00000   0.00000   0.00000   1.00000;
Final matrix parameters -0.6412 -4.5069 15.7290 10.7241 -1.5014  1.0682  0.0000  0.0000  0.0000  0.0000  0.0000  0.0000 
Final opt parameters -0.6412 -4.5069 15.7290 10.7241 -1.5014  1.0682 
nhits = 288473 out of 32768000, Percent Overlap:  56.3
mri_coreg RunTimeSec 102.8 sec
To check run:
   tkregisterfv --mov /localscratch/bpinsard.41451868.0/freesurfer_crosssectional_autorecon3_sub04_ses003.job/sub-04_ses-003/mri/transforms/tmp.bbregister.146663/template.nii --targ /localscratch/bpinsard.41451868.0/freesurfer_crosssectional_autorecon3_sub04_ses003.job/sub-04_ses-003/mri/brainmask.mgz --reg /localscratch/bpinsard.41451868.0/freesurfer_crosssectional_autorecon3_sub04_ses003.job/sub-04_ses-003/mri/transforms/tmp.bbregister.146663/mri_coreg.lta --s sub-04_ses-003 --surfs 

mri_coreg done

mri_segreg --mov /localscratch/bpinsard.41451868.0/freesurfer_crosssectional_autorecon3_sub04_ses003.job/sub-04_ses-003/mri/transforms/tmp.bbregister.146663/template.nii --init-reg /localscratch/bpinsard.41451868.0/freesurfer_crosssectional_autorecon3_sub04_ses003.job/sub-04_ses-003/mri/transforms/tmp.bbregister.146663/reg.init.dat --out-reg /localscratch/bpinsard.41451868.0/freesurfer_crosssectional_autorecon3_sub04_ses003.job/sub-04_ses-003/mri/transforms/tmp.bbregister.146663/bbr.pass1.dat --subsamp-brute 100 --subsamp 100 --tol 1e-4 --tol1d 1e-3 --brute -4 4 4 --surf white --gm-proj-abs 2 --gm-gt-wm 0.5
7.4.1
setenv SUBJECTS_DIR /localscratch/bpinsard.41451868.0/freesurfer_crosssectional_autorecon3_sub04_ses003.job
cd /localscratch/bpinsard.41451868.0/freesurfer_crosssectional_autorecon3_sub04_ses003.job/sub-04_ses-003/scripts
mri_segreg --mov /localscratch/bpinsard.41451868.0/freesurfer_crosssectional_autorecon3_sub04_ses003.job/sub-04_ses-003/mri/transforms/tmp.bbregister.146663/template.nii --init-reg /localscratch/bpinsard.41451868.0/freesurfer_crosssectional_autorecon3_sub04_ses003.job/sub-04_ses-003/mri/transforms/tmp.bbregister.146663/reg.init.dat --out-reg /localscratch/bpinsard.41451868.0/freesurfer_crosssectional_autorecon3_sub04_ses003.job/sub-04_ses-003/mri/transforms/tmp.bbregister.146663/bbr.pass1.dat --subsamp-brute 100 --subsamp 100 --tol 1e-4 --tol1d 1e-3 --brute -4 4 4 --surf white --gm-proj-abs 2 --gm-gt-wm 0.5 
sysname  Linux
hostname bc12235.int.ets1.calculquebec.ca
machine  x86_64
user     bpinsard
movvol /localscratch/bpinsard.41451868.0/freesurfer_crosssectional_autorecon3_sub04_ses003.job/sub-04_ses-003/mri/transforms/tmp.bbregister.146663/template.nii
regfile /localscratch/bpinsard.41451868.0/freesurfer_crosssectional_autorecon3_sub04_ses003.job/sub-04_ses-003/mri/transforms/tmp.bbregister.146663/reg.init.dat
subject sub-04_ses-003
dof 6
outregfile /localscratch/bpinsard.41451868.0/freesurfer_crosssectional_autorecon3_sub04_ses003.job/sub-04_ses-003/mri/transforms/tmp.bbregister.146663/bbr.pass1.dat
UseMask 0
UseLH 1
UseRH 1
nsubsamp 100
PenaltySign  -1
PenaltySlope 0.500000
PenaltyCenter 0.000000
surfname white
GMProjAbs 2.000000
WMProjAbs 2.000000
lhcostfile (null)
rhcostfile (null)
interp  trilinear (1)
frame  0
TolPowell 0.000100
nMaxItersPowell 36
n1dmin  3
Profile   0
Gdiag_no  -1
AddNoise  0 (0)
SynthSeed 1697394521
TransRandMax 0.000000
RotRandMax 0.000000
Translations 0.000000 0.000000 0.000000
Rotations   0.000000 0.000000 0.000000
Input reg
-0.99948  -0.01864   0.02620   0.24000;
 0.02921  -0.18557   0.98220   11.58937;
 0.01344  -0.98245  -0.18602   4.80118;
 0.00000   0.00000   0.00000   1.00000;

Loading mov
ExcludeZeroVoxels 1
Reading in targ vol /localscratch/bpinsard.41451868.0/freesurfer_crosssectional_autorecon3_sub04_ses003.job/sub-04_ses-003/mri/orig.mgz
Projecting LH Surfs
Loading lh.white surf
GM Proj: 0 0.500000 2.000000
WM Proj: 0 0.500000 2.000000
Projecting RH Surfs
Loading rh.white surf
Projecting RH Surfs
Using lh.cortex.label
Using rh.cortex.label
Computing relative cost
 0  -25.0 -25.0 -25.0   1.056800
 1  -25.0 -25.0  25.0   1.007771
 2  -25.0  25.0 -25.0   1.014144
 3  -25.0  25.0  25.0   1.016242
 4   25.0 -25.0 -25.0   0.975865
 5   25.0 -25.0  25.0   0.970638
 6   25.0  25.0 -25.0   0.986145
 7   25.0  25.0  25.0   0.966875
REL:  8  0.871652    7.994480  0.999310 rel = 0.872254 
Initial costs ----------------
Number of surface hits 4022
WM  Intensity  1044.0874 +/- 616.2921
Ctx Intensity  1094.2734 +/- 621.5613
Pct Contrast      4.7287 +/-  52.4542
Cost   0.8717
RelCost   0.8723

------------------------------------
Brute force preopt -4 4 4, n = 729
     0  -4.0000  -4.0000  -4.0000  -4.0000  -4.0000  -4.0000      0.9654   0.9654  0.0
     1  -4.0000  -4.0000  -4.0000  -4.0000  -4.0000   0.0000      0.9619   0.9619  0.0
     3  -4.0000  -4.0000  -4.0000  -4.0000   0.0000  -4.0000      0.9316   0.9316  0.0
     6  -4.0000  -4.0000  -4.0000  -4.0000   4.0000  -4.0000      0.9279   0.9279  0.0
    10  -4.0000  -4.0000  -4.0000   0.0000  -4.0000   0.0000      0.9249   0.9249  0.0
    12  -4.0000  -4.0000  -4.0000   0.0000   0.0000  -4.0000      0.9215   0.9215  0.0
    18  -4.0000  -4.0000  -4.0000   4.0000  -4.0000  -4.0000      0.8758   0.8758  0.0
    45  -4.0000  -4.0000   0.0000   4.0000  -4.0000  -4.0000      0.8741   0.8741  0.0
    48  -4.0000  -4.0000   0.0000   4.0000   0.0000  -4.0000      0.8454   0.8454  0.0
   310   0.0000  -4.0000   4.0000   0.0000   0.0000   0.0000      0.8405   0.8405  0.0
Brute Force --------------------------
Min cost was 0.840483
Number of iterations   729
Search time 2.906785 sec
Parameters at best (transmm, rotdeg)
  0.000  -4.000   4.000  0.000  0.000  0.000 
--------------------------------------------

Starting Powell Minimization
Init Powel Params dof = 6
0 0
1 -4
2 4
3 0
4 0
5 0
fs_powell::minimize
  nparams 6
  maxfev 36
  ftol   0.000100
  linmin_xtol_   0.001000
  powell nthiter 0: fret = 0.840483
   5 -0.618 -4.000  4.000  0.000  0.000  0.000   0.8383095865
   9 -0.662 -4.000  4.000  0.000  0.000  0.000   0.8374032551
  10 -0.684 -4.000  4.000  0.000  0.000  0.000   0.8371642888
  12 -0.681 -4.000  4.000  0.000  0.000  0.000   0.8370425054
  14 -0.679 -4.000  4.000  0.000  0.000  0.000   0.8370398251
  16 -0.680 -4.000  4.000  0.000  0.000  0.000   0.8370390965
  19 -0.680 -5.618  4.000  0.000  0.000  0.000   0.8176846111
  26 -0.680 -5.658  4.000  0.000  0.000  0.000   0.8173036503
  28 -0.680 -5.704  4.000  0.000  0.000  0.000   0.8156036291
  29 -0.680 -5.811  4.000  0.000  0.000  0.000   0.8151859327
  30 -0.680 -5.767  4.000  0.000  0.000  0.000   0.8149809865
  31 -0.680 -5.772  4.000  0.000  0.000  0.000   0.8149006972
  32 -0.680 -5.784  4.000  0.000  0.000  0.000   0.8148168796
  34 -0.680 -5.783  4.000  0.000  0.000  0.000   0.8148162956
  36 -0.680 -5.782  4.000  0.000  0.000  0.000   0.8148157610
  45 -0.680 -5.782  3.965  0.000  0.000  0.000   0.8142983723
  46 -0.680 -5.782  3.913  0.000  0.000  0.000   0.8141339392
  51 -0.680 -5.782  3.914  0.000  0.000  0.000   0.8141319465
  60 -0.680 -5.782  3.914  0.014  0.000  0.000   0.8140373880
  62 -0.680 -5.782  3.914  0.012  0.000  0.000   0.8140209213
  63 -0.680 -5.782  3.914  0.009  0.000  0.000   0.8140003010
  65 -0.680 -5.782  3.914  0.008  0.000  0.000   0.8139991024
  69 -0.680 -5.782  3.914  0.008 -1.618  0.000   0.8126880221
  70 -0.680 -5.782  3.914  0.008 -0.875  0.000   0.8126502701
  73 -0.680 -5.782  3.914  0.008 -1.159  0.000   0.8095366516
  75 -0.680 -5.782  3.914  0.008 -1.152  0.000   0.8095195316
  77 -0.680 -5.782  3.914  0.008 -1.153  0.000   0.8095182358
  85 -0.680 -5.782  3.914  0.008 -1.153 -0.213   0.8081313789
  86 -0.680 -5.782  3.914  0.008 -1.153 -0.235   0.8074090939
  89 -0.680 -5.782  3.914  0.008 -1.153 -0.257   0.8073482559
  90 -0.680 -5.782  3.914  0.008 -1.153 -0.251   0.8073195660
  91 -0.680 -5.782  3.914  0.008 -1.153 -0.249   0.8073006184
  92 -0.680 -5.782  3.914  0.008 -1.153 -0.243   0.8072867668
  93 -0.680 -5.782  3.914  0.008 -1.153 -0.244   0.8072850702
  powell nthiter 1: fret = 0.807285
 100 -1.298 -5.782  3.914  0.008 -1.153 -0.244   0.7998459803
 105 -1.291 -5.782  3.914  0.008 -1.153 -0.244   0.7998402719
 106 -1.294 -5.782  3.914  0.008 -1.153 -0.244   0.7998366857
 108 -1.293 -5.782  3.914  0.008 -1.153 -0.244   0.7998365655
 116 -1.293 -5.688  3.914  0.008 -1.153 -0.244   0.7986836012
 117 -1.293 -5.708  3.914  0.008 -1.153 -0.244   0.7986158640
 119 -1.293 -5.736  3.914  0.008 -1.153 -0.244   0.7982945599
 120 -1.293 -5.754  3.914  0.008 -1.153 -0.244   0.7982458939
 121 -1.293 -5.752  3.914  0.008 -1.153 -0.244   0.7982377170
 123 -1.293 -5.750  3.914  0.008 -1.153 -0.244   0.7982329615
 131 -1.293 -5.750  3.707  0.008 -1.153 -0.244   0.7980271539
 132 -1.293 -5.750  3.794  0.008 -1.153 -0.244   0.7967867722
 135 -1.293 -5.750  3.792  0.008 -1.153 -0.244   0.7967686963
 138 -1.293 -5.750  3.791  0.008 -1.153 -0.244   0.7967668849
 148 -1.293 -5.750  3.791  0.002 -1.153 -0.244   0.7967258209
 149 -1.293 -5.750  3.791  0.001 -1.153 -0.244   0.7967251054
 167 -1.293 -5.750  3.791  0.001 -1.153 -0.254   0.7965104830
 170 -1.293 -5.750  3.791  0.001 -1.153 -0.283   0.7956911006
  powell nthiter 2: fret = 0.795691
 186 -1.295 -5.750  3.791  0.001 -1.153 -0.283   0.7956714506
 200 -1.295 -5.748  3.791  0.001 -1.153 -0.283   0.7956579225
 210 -1.295 -5.748  3.830  0.001 -1.153 -0.283   0.7953974795
 212 -1.295 -5.748  3.815  0.001 -1.153 -0.283   0.7952883697
 213 -1.295 -5.748  3.816  0.001 -1.153 -0.283   0.7952832632
 214 -1.295 -5.748  3.818  0.001 -1.153 -0.283   0.7952814931
 226 -1.295 -5.748  3.818 -0.005 -1.153 -0.283   0.7952581469
 227 -1.295 -5.748  3.818 -0.003 -1.153 -0.283   0.7952520247
 237 -1.295 -5.748  3.818 -0.003 -1.160 -0.283   0.7951695221
 238 -1.295 -5.748  3.818 -0.003 -1.167 -0.283   0.7951656346
 240 -1.295 -5.748  3.818 -0.003 -1.163 -0.283   0.7951475645
 251 -1.295 -5.748  3.818 -0.003 -1.163 -0.288   0.7951103795
 252 -1.295 -5.748  3.818 -0.003 -1.163 -0.287   0.7951098282
  powell nthiter 3: fret = 0.795110
 279 -1.295 -5.752  3.818 -0.003 -1.163 -0.287   0.7950776761
 290 -1.295 -5.752  3.819 -0.003 -1.163 -0.287   0.7950718994
 292 -1.295 -5.752  3.823 -0.003 -1.163 -0.287   0.7950712169
 293 -1.295 -5.752  3.821 -0.003 -1.163 -0.287   0.7950677663
 305 -1.295 -5.752  3.821 -0.010 -1.163 -0.287   0.7950260662
 306 -1.295 -5.752  3.821 -0.008 -1.163 -0.287   0.7950185547
 318 -1.295 -5.752  3.821 -0.008 -1.169 -0.287   0.7950026703
 319 -1.295 -5.752  3.821 -0.008 -1.168 -0.287   0.7949989416
 320 -1.295 -5.752  3.821 -0.008 -1.167 -0.287   0.7949986553
 330 -1.295 -5.752  3.821 -0.008 -1.167 -0.289   0.7949858311
 333 -1.295 -5.756  3.825 -0.012 -1.170 -0.292   0.7949119996
 336 -1.295 -5.763  3.831 -0.020 -1.176 -0.296   0.7948754477
 337 -1.295 -5.762  3.830 -0.019 -1.175 -0.295   0.7948718916
 340 -1.295 -5.761  3.830 -0.018 -1.175 -0.295   0.7948712690
 341 -1.295 -5.761  3.830 -0.018 -1.175 -0.295   0.7948710620
  powell nthiter 4: fret = 0.794871
 385 -1.295 -5.761  3.834 -0.018 -1.175 -0.295   0.7948524299
 386 -1.295 -5.761  3.835 -0.018 -1.175 -0.295   0.7948513932
 387 -1.295 -5.761  3.836 -0.018 -1.175 -0.295   0.7948508927
 398 -1.295 -5.761  3.836 -0.018 -1.175 -0.291   0.7948293017
 399 -1.295 -5.761  3.836 -0.018 -1.175 -0.292   0.7948275581
 411 -1.295 -5.761  3.836 -0.018 -1.173 -0.292   0.7948227311
 418 -1.295 -5.763  3.837 -0.020 -1.174 -0.293   0.7948186758
 419 -1.295 -5.763  3.837 -0.020 -1.174 -0.293   0.7948186695
 421 -1.295 -5.763  3.838 -0.020 -1.174 -0.293   0.7948185770
 424 -1.295 -5.763  3.838 -0.020 -1.175 -0.293   0.7948184343
Powell done niters = 4
Computing relative cost
 0  -25.0 -25.0 -25.0   0.970980
 1  -25.0 -25.0  25.0   0.989436
 2  -25.0  25.0 -25.0   0.963203
 3  -25.0  25.0  25.0   1.011573
 4   25.0 -25.0 -25.0   0.983988
 5   25.0 -25.0  25.0   0.969596
 6   25.0  25.0 -25.0   0.970675
 7   25.0  25.0  25.0   1.003010
REL:  8  0.794818    7.862460  0.982808 rel = 0.808722 
Number of iterations     4
Min cost was 0.794818
Number of FunctionCalls   432
TolPowell 0.000100
nMaxItersPowell 36
OptimizationTime 1.536487 sec
Parameters at optimum (transmm) -1.29472 -5.76340  3.83770
Parameters at optimum (rotdeg) -0.02022 -1.17452 -0.29291 
Final costs ----------------
Number of surface hits 4022
WM  Intensity   977.6557 +/- 557.8569
Ctx Intensity  1054.9156 +/- 577.1830
Pct Contrast      7.6078 +/-  49.4729
Cost   0.7948
RelCost   0.8723
Reg at min cost was 
-0.99939   0.00055   0.03504  -1.09384;
 0.03432  -0.18592   0.98197   5.82679;
-0.00706  -0.98256  -0.18579   8.63870;
 0.00000   0.00000   0.00000   1.00000;

Writing optimal reg to /localscratch/bpinsard.41451868.0/freesurfer_crosssectional_autorecon3_sub04_ses003.job/sub-04_ses-003/mri/transforms/tmp.bbregister.146663/bbr.pass1.dat, type = 14 
Original Reg 
-0.99948  -0.01864   0.02620   0.24000;
 0.02921  -0.18557   0.98220   11.58937;
 0.01344  -0.98245  -0.18602   4.80118;
 0.00000   0.00000   0.00000   1.00000;

Original Reg - Optimal Reg
-0.00010  -0.01919  -0.00884   1.33384;
-0.00511   0.00035   0.00023   5.76258;
 0.02050   0.00011  -0.00023  -3.83752;
 0.00000   0.00000   0.00000   0.00000;

Computing change in lh position
LH rmsDiffMean 7.576172
Computing change in rh position
Surface-RMS-Diff-mm 7.168733 0.489247 8.154704
mri_segreg done
mri_segreg --mov /localscratch/bpinsard.41451868.0/freesurfer_crosssectional_autorecon3_sub04_ses003.job/sub-04_ses-003/mri/transforms/tmp.bbregister.146663/template.nii --init-reg /localscratch/bpinsard.41451868.0/freesurfer_crosssectional_autorecon3_sub04_ses003.job/sub-04_ses-003/mri/transforms/tmp.bbregister.146663/bbr.pass1.dat --out-reg /localscratch/bpinsard.41451868.0/freesurfer_crosssectional_autorecon3_sub04_ses003.job/sub-04_ses-003/mri/transforms/T2raw.auto.dat --interp trilinear --wm-proj-abs 1 --tol 1e-8 --tol1d 1e-3 --c0 0 --mincost /localscratch/bpinsard.41451868.0/freesurfer_crosssectional_autorecon3_sub04_ses003.job/sub-04_ses-003/mri/transforms/T2raw.auto.dat.mincost --dof 6 --nmax 36 --param /localscratch/bpinsard.41451868.0/freesurfer_crosssectional_autorecon3_sub04_ses003.job/sub-04_ses-003/mri/transforms/T2raw.auto.dat.param --surf white --brute -0.1 0.1 0.1 --cur-reg /localscratch/bpinsard.41451868.0/freesurfer_crosssectional_autorecon3_sub04_ses003.job/sub-04_ses-003/mri/transforms/tmp.bbregister.146663/reg.curopt.dat --gm-proj-abs 2 --nsub 1 --gm-gt-wm 0.5
7.4.1
setenv SUBJECTS_DIR /localscratch/bpinsard.41451868.0/freesurfer_crosssectional_autorecon3_sub04_ses003.job
cd /localscratch/bpinsard.41451868.0/freesurfer_crosssectional_autorecon3_sub04_ses003.job/sub-04_ses-003/scripts
mri_segreg --mov /localscratch/bpinsard.41451868.0/freesurfer_crosssectional_autorecon3_sub04_ses003.job/sub-04_ses-003/mri/transforms/tmp.bbregister.146663/template.nii --init-reg /localscratch/bpinsard.41451868.0/freesurfer_crosssectional_autorecon3_sub04_ses003.job/sub-04_ses-003/mri/transforms/tmp.bbregister.146663/bbr.pass1.dat --out-reg /localscratch/bpinsard.41451868.0/freesurfer_crosssectional_autorecon3_sub04_ses003.job/sub-04_ses-003/mri/transforms/T2raw.auto.dat --interp trilinear --wm-proj-abs 1 --tol 1e-8 --tol1d 1e-3 --c0 0 --mincost /localscratch/bpinsard.41451868.0/freesurfer_crosssectional_autorecon3_sub04_ses003.job/sub-04_ses-003/mri/transforms/T2raw.auto.dat.mincost --dof 6 --nmax 36 --param /localscratch/bpinsard.41451868.0/freesurfer_crosssectional_autorecon3_sub04_ses003.job/sub-04_ses-003/mri/transforms/T2raw.auto.dat.param --surf white --brute -0.1 0.1 0.1 --cur-reg /localscratch/bpinsard.41451868.0/freesurfer_crosssectional_autorecon3_sub04_ses003.job/sub-04_ses-003/mri/transforms/tmp.bbregister.146663/reg.curopt.dat --gm-proj-abs 2 --nsub 1 --gm-gt-wm 0.5 
sysname  Linux
hostname bc12235.int.ets1.calculquebec.ca
machine  x86_64
user     bpinsard
movvol /localscratch/bpinsard.41451868.0/freesurfer_crosssectional_autorecon3_sub04_ses003.job/sub-04_ses-003/mri/transforms/tmp.bbregister.146663/template.nii
regfile /localscratch/bpinsard.41451868.0/freesurfer_crosssectional_autorecon3_sub04_ses003.job/sub-04_ses-003/mri/transforms/tmp.bbregister.146663/bbr.pass1.dat
subject sub-04_ses-003
dof 6
outregfile /localscratch/bpinsard.41451868.0/freesurfer_crosssectional_autorecon3_sub04_ses003.job/sub-04_ses-003/mri/transforms/T2raw.auto.dat
UseMask 0
UseLH 1
UseRH 1
nsubsamp 1
PenaltySign  -1
PenaltySlope 0.500000
PenaltyCenter 0.000000
surfname white
GMProjAbs 2.000000
WMProjAbs 1.000000
lhcostfile (null)
rhcostfile (null)
interp  trilinear (1)
frame  0
TolPowell 0.000000
nMaxItersPowell 36
n1dmin  3
Profile   0
Gdiag_no  -1
AddNoise  0 (0)
SynthSeed 1697150224
TransRandMax 0.000000
RotRandMax 0.000000
Translations 0.000000 0.000000 0.000000
Rotations   0.000000 0.000000 0.000000
Input reg
-0.99939   0.00055   0.03504  -1.09384;
 0.03432  -0.18592   0.98197   5.82679;
-0.00706  -0.98256  -0.18579   8.63870;
 0.00000   0.00000   0.00000   1.00000;

Loading mov
ExcludeZeroVoxels 1
Reading in targ vol /localscratch/bpinsard.41451868.0/freesurfer_crosssectional_autorecon3_sub04_ses003.job/sub-04_ses-003/mri/orig.mgz
Projecting LH Surfs
Loading lh.white surf
GM Proj: 0 0.500000 2.000000
WM Proj: 0 0.500000 1.000000
Projecting RH Surfs
Loading rh.white surf
Projecting RH Surfs
Using lh.cortex.label
Using rh.cortex.label
Computing relative cost
 0  -25.0 -25.0 -25.0   1.005923
 1  -25.0 -25.0  25.0   0.958840
 2  -25.0  25.0 -25.0   0.955938
 3  -25.0  25.0  25.0   1.007155
 4   25.0 -25.0 -25.0   0.956007
 5   25.0 -25.0  25.0   0.989761
 6   25.0  25.0 -25.0   0.975037
 7   25.0  25.0  25.0   0.995617
REL:  8  0.833451    7.844278  0.980535 rel = 0.849996 
Initial costs ----------------
Number of surface hits 402221
WM  Intensity   986.0279 +/- 565.3949
Ctx Intensity  1038.2499 +/- 582.0755
Pct Contrast      4.8063 +/-  45.8166
Cost   0.8335
RelCost   0.8500

------------------------------------
Brute force preopt -0.1 0.1 0.1, n = 729
     0  -0.1000  -0.1000  -0.1000  -0.1000  -0.1000  -0.1000      0.8112   0.8112  0.0
     1  -0.1000  -0.1000  -0.1000  -0.1000  -0.1000   0.0000      0.8107   0.8107  0.0
     2  -0.1000  -0.1000  -0.1000  -0.1000  -0.1000   0.1000      0.8088   0.8088  0.0
     9  -0.1000  -0.1000  -0.1000   0.0000  -0.1000  -0.1000      0.8070   0.8070  0.0
    15  -0.1000  -0.1000  -0.1000   0.0000   0.1000  -0.1000      0.8066   0.8066  0.0
    18  -0.1000  -0.1000  -0.1000   0.1000  -0.1000  -0.1000      0.8052   0.8052  0.0
    20  -0.1000  -0.1000  -0.1000   0.1000  -0.1000   0.1000      0.8044   0.8044  0.0
    23  -0.1000  -0.1000  -0.1000   0.1000   0.0000   0.1000      0.8043   0.8043  0.0
    26  -0.1000  -0.1000  -0.1000   0.1000   0.1000   0.1000      0.8039   0.8039  0.0
   100  -0.1000   0.0000  -0.1000   0.1000  -0.1000   0.0000      0.8028   0.8028  0.0
   104  -0.1000   0.0000  -0.1000   0.1000   0.0000   0.1000      0.8026   0.8026  0.0
   182  -0.1000   0.1000  -0.1000   0.1000  -0.1000   0.1000      0.8022   0.8022  0.0
   312   0.0000  -0.1000   0.1000   0.0000   0.1000  -0.1000      0.8018   0.8018  0.0
   348   0.0000   0.0000  -0.1000   0.1000   0.1000  -0.1000      0.7997   0.7997  0.0
   645   0.1000   0.0000   0.1000   0.1000   0.1000  -0.1000      0.7989   0.7989  0.0
Brute Force --------------------------
Min cost was 0.798946
Number of iterations   729
Search time 2.627466 sec
Parameters at best (transmm, rotdeg)
  0.100   0.000   0.100  0.100  0.100 -0.100 
--------------------------------------------

Starting Powell Minimization
Init Powel Params dof = 6
0 0.1
1 0
2 0.1
3 0.1
4 0.1
5 -0.1
fs_powell::minimize
  nparams 6
  maxfev 36
  ftol   0.000000
  linmin_xtol_   0.001000
  powell nthiter 0: fret = 0.833706
   7 -0.156  0.000  0.100  0.100  0.100 -0.100   0.8336110398
   8 -0.081  0.000  0.100  0.100  0.100 -0.100   0.8335100355
   9 -0.048  0.000  0.100  0.100  0.100 -0.100   0.8334247829
  10  0.009  0.000  0.100  0.100  0.100 -0.100   0.8334178050
  14 -0.005  0.000  0.100  0.100  0.100 -0.100   0.8334153875
  15  0.000  0.000  0.100  0.100  0.100 -0.100   0.8334129812
  17 -0.001  0.000  0.100  0.100  0.100 -0.100   0.8334127967
  23 -0.001 -0.618  0.100  0.100  0.100 -0.100   0.8315628709
  26 -0.001 -0.617  0.100  0.100  0.100 -0.100   0.8315582133
  27 -0.001 -0.579  0.100  0.100  0.100 -0.100   0.8314231554
  29 -0.001 -0.577  0.100  0.100  0.100 -0.100   0.8314228982
  35 -0.001 -0.577 -0.518  0.100  0.100 -0.100   0.8314097632
  37 -0.001 -0.577 -0.211  0.100  0.100 -0.100   0.8301022828
  40 -0.001 -0.577 -0.246  0.100  0.100 -0.100   0.8300172365
  41 -0.001 -0.577 -0.241  0.100  0.100 -0.100   0.8300107119
  42 -0.001 -0.577 -0.238  0.100  0.100 -0.100   0.8300105693
  44 -0.001 -0.577 -0.239  0.100  0.100 -0.100   0.8300102977
  46 -0.001 -0.577 -0.239  1.100  0.100 -0.100   0.8226686116
  47 -0.001 -0.577 -0.239  2.718  0.100 -0.100   0.8128030656
  52 -0.001 -0.577 -0.239  2.971  0.100 -0.100   0.8118533766
  54 -0.001 -0.577 -0.239  2.965  0.100 -0.100   0.8118384082
  56 -0.001 -0.577 -0.239  2.929  0.100 -0.100   0.8118067959
  59 -0.001 -0.577 -0.239  2.924  0.100 -0.100   0.8117999779
  61 -0.001 -0.577 -0.239  2.922  0.100 -0.100   0.8117995478
  62 -0.001 -0.577 -0.239  2.921  0.100 -0.100   0.8117993267
  69 -0.001 -0.577 -0.239  2.921  0.482 -0.100   0.8106048631
  72 -0.001 -0.577 -0.239  2.921  0.564 -0.100   0.8105391624
  76 -0.001 -0.577 -0.239  2.921  0.559 -0.100   0.8105387283
  80 -0.001 -0.577 -0.239  2.921  0.559  0.900   0.8064843950
  85 -0.001 -0.577 -0.239  2.921  0.559  0.815   0.8063525105
  89 -0.001 -0.577 -0.239  2.921  0.559  0.821   0.8063516055
  90 -0.001 -0.577 -0.239  2.921  0.559  0.827   0.8063505804
  92 -0.001 -0.577 -0.239  2.921  0.559  0.825   0.8063504382
  94 -0.001 -0.577 -0.239  2.921  0.559  0.826   0.8063502137
  powell nthiter 1: fret = 0.806350
 101  0.381 -0.577 -0.239  2.921  0.559  0.826   0.8057980204
 107  0.373 -0.577 -0.239  2.921  0.559  0.826   0.8057893239
 110  0.374 -0.577 -0.239  2.921  0.559  0.826   0.8057893230
 114  0.374 -2.195 -0.239  2.921  0.559  0.826   0.7691795215
 115  0.374 -8.176 -0.239  2.921  0.559  0.826   0.7618984861
 116  0.374 -5.402 -0.239  2.921  0.559  0.826   0.7611540275
 121  0.374 -5.807 -0.239  2.921  0.559  0.826   0.7606063097
 123  0.374 -5.742 -0.239  2.921  0.559  0.826   0.7605581969
 125  0.374 -5.760 -0.239  2.921  0.559  0.826   0.7605245361
 126  0.374 -5.768 -0.239  2.921  0.559  0.826   0.7605133826
 129  0.374 -5.767 -0.239  2.921  0.559  0.826   0.7605131242
 136  0.374 -5.767 -0.857  2.921  0.559  0.826   0.7580837504
 142  0.374 -5.767 -0.876  2.921  0.559  0.826   0.7580761249
 143  0.374 -5.767 -0.871  2.921  0.559  0.826   0.7580727230
 148  0.374 -5.767 -0.871  3.921  0.559  0.826   0.7470866912
 153  0.374 -5.767 -0.871  3.848  0.559  0.826   0.7470388383
 154  0.374 -5.767 -0.871  3.854  0.559  0.826   0.7470300285
 155  0.374 -5.767 -0.871  3.875  0.559  0.826   0.7470232675
 156  0.374 -5.767 -0.871  3.892  0.559  0.826   0.7470087521
 158  0.374 -5.767 -0.871  3.886  0.559  0.826   0.7470028110
 159  0.374 -5.767 -0.871  3.887  0.559  0.826   0.7470025068
 167  0.374 -5.767 -0.871  3.887  0.332  0.826   0.7466339742
 168  0.374 -5.767 -0.871  3.887  0.327  0.826   0.7466166585
 171  0.374 -5.767 -0.871  3.887  0.305  0.826   0.7465820684
 173  0.374 -5.767 -0.871  3.887  0.308  0.826   0.7465811737
 184  0.374 -5.767 -0.871  3.887  0.308  0.848   0.7465696170
 185  0.374 -5.767 -0.871  3.887  0.308  0.841   0.7465686964
 186  0.374 -5.767 -0.871  3.887  0.308  0.843   0.7465684321
 187  0.374 -5.767 -0.871  3.887  0.308  0.844   0.7465684138
  powell nthiter 2: fret = 0.746568
 196  0.399 -5.767 -0.871  3.887  0.308  0.844   0.7465609298
 198  0.400 -5.767 -0.871  3.887  0.308  0.844   0.7465604242
 199  0.401 -5.767 -0.871  3.887  0.308  0.844   0.7465602634
 201  0.401 -4.767 -0.871  3.887  0.308  0.844   0.7444210218
 204  0.401 -4.149 -0.871  3.887  0.308  0.844   0.7440181570
 205  0.401 -3.767 -0.871  3.887  0.308  0.844   0.7433829121
 206  0.401 -3.530 -0.871  3.887  0.308  0.844   0.7430547860
 208  0.401 -3.597 -0.871  3.887  0.308  0.844   0.7428988191
 210  0.401 -3.575 -0.871  3.887  0.308  0.844   0.7428690548
 215  0.401 -3.572 -0.871  3.887  0.308  0.844   0.7428680674
 216  0.401 -3.571 -0.871  3.887  0.308  0.844   0.7428680442
 220  0.401 -3.571 -2.489  3.887  0.308  0.844   0.7222846571
 221  0.401 -3.571 -2.917  3.887  0.308  0.844   0.7215279375
 222  0.401 -3.571 -2.869  3.887  0.308  0.844   0.7213639575
 224  0.401 -3.571 -2.724  3.887  0.308  0.844   0.7212775376
 226  0.401 -3.571 -2.778  3.887  0.308  0.844   0.7211832407
 228  0.401 -3.571 -2.767  3.887  0.308  0.844   0.7211775635
 229  0.401 -3.571 -2.769  3.887  0.308  0.844   0.7211774506
 233  0.401 -3.571 -2.768  4.887  0.308  0.844   0.6925803156
 236  0.401 -3.571 -2.768  5.505  0.308  0.844   0.6853222086
 238  0.401 -3.571 -2.768  5.680  0.308  0.844   0.6851433981
 239  0.401 -3.571 -2.768  5.668  0.308  0.844   0.6851403680
 241  0.401 -3.571 -2.768  5.673  0.308  0.844   0.6851384755
 242  0.401 -3.571 -2.768  5.672  0.308  0.844   0.6851384035
 243  0.401 -3.571 -2.768  5.671  0.308  0.844   0.6851383424
 251  0.401 -3.571 -2.768  5.671  0.296  0.844   0.6851336740
 253  0.401 -3.571 -2.768  5.671  0.300  0.844   0.6851318307
 255  0.401 -3.571 -2.768  5.671  0.299  0.844   0.6851314194
 263  0.401 -3.571 -2.768  5.671  0.299  0.804   0.6850992675
 265  0.401 -3.571 -2.768  5.671  0.299  0.806   0.6850990810
 266  0.401 -3.571 -2.768  5.671  0.299  0.820   0.6850958443
 270  0.401 -3.571 -2.768  5.671  0.299  0.821   0.6850956652
 271  0.401 -3.571 -2.768  5.671  0.299  0.822   0.6850955380
  powell nthiter 3: fret = 0.685096
 280  0.403 -3.571 -2.768  5.671  0.299  0.822   0.6850917709
 281  0.420 -3.571 -2.768  5.671  0.299  0.822   0.6850835387
 285  0.419 -3.571 -2.768  5.671  0.299  0.822   0.6850834513
 289  0.419 -5.189 -2.768  5.671  0.299  0.822   0.6741203628
 290  0.419 -4.930 -2.768  5.671  0.299  0.822   0.6736625633
 292  0.419 -4.411 -2.768  5.671  0.299  0.822   0.6727339336
 297  0.419 -4.371 -2.768  5.671  0.299  0.822   0.6727124691
 298  0.419 -4.341 -2.768  5.671  0.299  0.822   0.6726870456
 300  0.419 -4.353 -2.768  5.671  0.299  0.822   0.6726863510
 301  0.419 -4.348 -2.768  5.671  0.299  0.822   0.6726813173
 306  0.419 -4.348 -4.386  5.671  0.299  0.822   0.6089125593
 311  0.419 -4.348 -4.686  5.671  0.299  0.822   0.6067322166
 314  0.419 -4.348 -4.734  5.671  0.299  0.822   0.6067229593
 315  0.419 -4.348 -4.712  5.671  0.299  0.822   0.6067006311
 316  0.419 -4.348 -4.713  5.671  0.299  0.822   0.6066990413
 317  0.419 -4.348 -4.719  5.671  0.299  0.822   0.6066890688
 319  0.419 -4.348 -4.721  5.671  0.299  0.822   0.6066882902
 320  0.419 -4.348 -4.722  5.671  0.299  0.822   0.6066881774
 323  0.419 -4.348 -4.722  6.671  0.299  0.822   0.5468773916
 326  0.419 -4.348 -4.722  7.289  0.299  0.822   0.5296962968
 328  0.419 -4.348 -4.722  7.474  0.299  0.822   0.5282857444
 329  0.419 -4.348 -4.722  7.476  0.299  0.822   0.5282799632
 331  0.419 -4.348 -4.722  7.503  0.299  0.822   0.5281950891
 332  0.419 -4.348 -4.722  7.520  0.299  0.822   0.5281893590
 333  0.419 -4.348 -4.722  7.514  0.299  0.822   0.5281878075
 334  0.419 -4.348 -4.722  7.515  0.299  0.822   0.5281874096
 342  0.419 -4.348 -4.722  7.515  0.279  0.822   0.5281248089
 343  0.419 -4.348 -4.722  7.515  0.214  0.822   0.5281168027
 345  0.419 -4.348 -4.722  7.515  0.245  0.822   0.5280807641
 346  0.419 -4.348 -4.722  7.515  0.246  0.822   0.5280797419
 347  0.419 -4.348 -4.722  7.515  0.258  0.822   0.5280781708
 348  0.419 -4.348 -4.722  7.515  0.253  0.822   0.5280735239
 357  0.419 -4.348 -4.722  7.515  0.253  1.008   0.5270525413
 360  0.419 -4.348 -4.722  7.515  0.253  1.035   0.5270290627
 361  0.419 -4.348 -4.722  7.515  0.253  1.030   0.5270285711
 366  0.438 -5.125 -6.676  9.359  0.207  1.237   0.2659932510
 371  0.450 -5.605 -7.884 10.499  0.179  1.365   0.2381079806
 373  0.445 -5.417 -7.411 10.052  0.190  1.315   0.2189034072
 374  0.445 -5.418 -7.413 10.055  0.190  1.315   0.2188819965
 375  0.445 -5.433 -7.452 10.091  0.189  1.319   0.2186724449
  powell nthiter 4: fret = 0.218672
 385  0.827 -5.433 -7.452 10.091  0.189  1.319   0.2025157073
 386  0.918 -5.433 -7.452 10.091  0.189  1.319   0.2017722044
 387  0.930 -5.433 -7.452 10.091  0.189  1.319   0.2017373707
 389  0.938 -5.433 -7.452 10.091  0.189  1.319   0.2017342173
 390  0.936 -5.433 -7.452 10.091  0.189  1.319   0.2017330937
 394  0.936 -4.433 -7.452 10.091  0.189  1.319   0.1491268143
 399  0.936 -4.514 -7.452 10.091  0.189  1.319   0.1486548634
 400  0.936 -4.525 -7.452 10.091  0.189  1.319   0.1486499739
 401  0.936 -4.523 -7.452 10.091  0.189  1.319   0.1486495268
 402  0.936 -4.522 -7.452 10.091  0.189  1.319   0.1486494650
 406  0.936 -4.522 -9.070 10.091  0.189  1.319   0.0405048216
 410  0.936 -4.522 -10.070 10.091  0.189  1.319   0.0339171149
 412  0.936 -4.522 -9.679 10.091  0.189  1.319   0.0337084799
 413  0.936 -4.522 -9.852 10.091  0.189  1.319   0.0329984587
 414  0.936 -4.522 -9.862 10.091  0.189  1.319   0.0329915066
 415  0.936 -4.522 -9.875 10.091  0.189  1.319   0.0329821653
 417  0.936 -4.522 -9.903 10.091  0.189  1.319   0.0329789820
 418  0.936 -4.522 -9.893 10.091  0.189  1.319   0.0329721244
 428  0.936 -4.522 -9.893 10.091  0.189  1.701   0.0327658193
 429  0.936 -4.522 -9.893 10.091  0.189  1.531   0.0326120238
 430  0.936 -4.522 -9.893 10.091  0.189  1.550   0.0325955828
 431  0.936 -4.522 -9.893 10.091  0.189  1.577   0.0325920735
 434  0.936 -4.522 -9.893 10.091  0.189  1.574   0.0325919531
 435  0.936 -4.522 -9.893 10.091  0.189  1.575   0.0325919137
 443  0.936 -4.522 -9.893 10.091  0.174  1.575   0.0325887086
 444  0.936 -4.522 -9.893 10.091  0.179  1.575   0.0325885311
 445  0.936 -4.522 -9.893 10.091  0.177  1.575   0.0325884451
 454  0.937 -4.550 -9.963 10.157  0.175  1.582   0.0323873616
 455  0.937 -4.549 -9.961 10.155  0.176  1.582   0.0323858724
 456  0.936 -4.547 -9.955 10.150  0.176  1.581   0.0323843197
 458  0.936 -4.548 -9.957 10.151  0.176  1.582   0.0323840707
  powell nthiter 5: fret = 0.032384
 467  1.061 -4.548 -9.957 10.151  0.176  1.582   0.0321960469
 468  1.034 -4.548 -9.957 10.151  0.176  1.582   0.0321419858
 469  1.020 -4.548 -9.957 10.151  0.176  1.582   0.0321403249
 470  1.026 -4.548 -9.957 10.151  0.176  1.582   0.0321395972
 473  1.027 -4.548 -9.957 10.151  0.176  1.582   0.0321395621
 482  1.027 -4.543 -9.957 10.151  0.176  1.582   0.0321326150
 483  1.027 -4.522 -9.957 10.151  0.176  1.582   0.0321206911
 485  1.027 -4.527 -9.957 10.151  0.176  1.582   0.0321193274
 486  1.027 -4.528 -9.957 10.151  0.176  1.582   0.0321192160
 495  1.027 -4.528 -9.940 10.151  0.176  1.582   0.0321072913
 506  1.027 -4.528 -9.940 10.151  0.176  1.628   0.0320896600
 507  1.027 -4.528 -9.940 10.151  0.176  1.623   0.0320858712
 508  1.027 -4.528 -9.940 10.151  0.176  1.611   0.0320799576
 510  1.027 -4.528 -9.940 10.151  0.176  1.610   0.0320798740
 518  1.027 -4.528 -9.940 10.151  0.129  1.610   0.0319852849
 519  1.027 -4.528 -9.940 10.151  0.124  1.610   0.0319836052
 521  1.027 -4.528 -9.940 10.151  0.125  1.610   0.0319835615
 530  1.027 -4.533 -9.953 10.164  0.124  1.611   0.0319792131
 531  1.027 -4.532 -9.951 10.162  0.125  1.611   0.0319781546
 532  1.027 -4.531 -9.949 10.160  0.125  1.611   0.0319777533
 534  1.117 -4.514 -9.941 10.168  0.074  1.640   0.0317782192
 539  1.173 -4.504 -9.936 10.173  0.042  1.658   0.0317422101
 541  1.168 -4.505 -9.936 10.173  0.045  1.656   0.0317397904
 543  1.160 -4.507 -9.937 10.172  0.050  1.654   0.0317380407
  powell nthiter 6: fret = 0.031738
 555  1.160 -4.513 -9.954 10.188  0.049  1.656   0.0317092687
 557  1.160 -4.514 -9.956 10.190  0.049  1.656   0.0317086301
 578  1.160 -4.514 -9.953 10.190  0.049  1.656   0.0317045499
 579  1.160 -4.514 -9.941 10.190  0.049  1.656   0.0316941911
 591  1.160 -4.514 -9.941 10.190  0.049  1.658   0.0316940417
 593  1.160 -4.514 -9.941 10.190  0.049  1.661   0.0316939357
 594  1.160 -4.514 -9.941 10.190  0.049  1.664   0.0316937160
 596  1.160 -4.514 -9.941 10.190  0.049  1.685   0.0316888181
 608  1.160 -4.514 -9.941 10.190  0.051  1.685   0.0316881568
 609  1.160 -4.514 -9.941 10.190  0.054  1.685   0.0316878459
 613  1.160 -4.514 -9.941 10.190  0.055  1.685   0.0316877479
 620  1.163 -4.514 -9.941 10.190  0.053  1.686   0.0316875251
 621  1.163 -4.514 -9.941 10.190  0.053  1.686   0.0316875010
  powell nthiter 7: fret = 0.031688
 637  1.163 -4.521 -9.959 10.207  0.053  1.687   0.0316867689
 639  1.163 -4.517 -9.950 10.198  0.053  1.687   0.0316795497
 649  1.163 -4.515 -9.950 10.198  0.053  1.687   0.0316794480
 650  1.163 -4.514 -9.950 10.198  0.053  1.687   0.0316793677
 664  1.163 -4.514 -9.944 10.198  0.053  1.687   0.0316772372
 676  1.163 -4.514 -9.944 10.198  0.053  1.690   0.0316769879
 687  1.163 -4.514 -9.944 10.198  0.057  1.690   0.0316750643
 689  1.163 -4.514 -9.944 10.198  0.058  1.690   0.0316748997
 697  1.167 -4.513 -9.944 10.199  0.056  1.692   0.0316745864
 698  1.166 -4.513 -9.944 10.199  0.056  1.692   0.0316744963
 699  1.166 -4.513 -9.944 10.199  0.057  1.691   0.0316744883
 704  1.166 -4.513 -9.944 10.199  0.057  1.691   0.0316744860
 705  1.169 -4.513 -9.947 10.208  0.060  1.697   0.0316684718
 708  1.174 -4.512 -9.952 10.222  0.066  1.707   0.0316649775
 714  1.175 -4.512 -9.953 10.225  0.067  1.709   0.0316642602
 715  1.176 -4.512 -9.953 10.226  0.067  1.709   0.0316641984
 721  1.176 -4.512 -9.953 10.226  0.067  1.709   0.0316641874
  powell nthiter 8: fret = 0.031664
 734  1.179 -4.512 -9.953 10.226  0.065  1.710   0.0316641442
 735  1.178 -4.512 -9.953 10.226  0.066  1.710   0.0316640136
 748  1.178 -4.514 -9.953 10.226  0.066  1.710   0.0316637639
 762  1.178 -4.514 -9.954 10.226  0.066  1.710   0.0316636206
 772  1.178 -4.514 -9.954 10.226  0.066  1.722   0.0316579072
 783  1.178 -4.514 -9.954 10.226  0.067  1.722   0.0316577165
  powell nthiter 9: fret = 0.031658
 808  1.182 -4.513 -9.954 10.226  0.064  1.724   0.0316569053
 813  1.182 -4.513 -9.954 10.226  0.064  1.723   0.0316568671
 825  1.182 -4.506 -9.954 10.226  0.064  1.723   0.0316563186
 826  1.182 -4.508 -9.954 10.226  0.064  1.723   0.0316561528
 827  1.182 -4.509 -9.954 10.226  0.064  1.723   0.0316561478
 839  1.182 -4.509 -9.956 10.226  0.064  1.723   0.0316557825
 850  1.182 -4.509 -9.956 10.226  0.064  1.727   0.0316556314
 851  1.182 -4.509 -9.956 10.226  0.064  1.726   0.0316555638
 861  1.182 -4.509 -9.956 10.226  0.065  1.726   0.0316554946
 872  1.182 -4.509 -9.955 10.226  0.065  1.726   0.0316554464
  powell nthiter 10: fret = 0.031655
 906  1.182 -4.508 -9.955 10.226  0.065  1.726   0.0316553578
 930  1.182 -4.508 -9.955 10.226  0.065  1.727   0.0316553354
 947  1.182 -4.507 -9.956 10.227  0.066  1.727   0.0316552583
 951  1.182 -4.507 -9.956 10.227  0.066  1.727   0.0316552448
 955  1.182 -4.506 -9.956 10.228  0.066  1.729   0.0316551994
 958  1.183 -4.503 -9.957 10.229  0.067  1.731   0.0316551805
 959  1.183 -4.504 -9.956 10.229  0.066  1.731   0.0316551706
 965  1.183 -4.504 -9.956 10.229  0.066  1.731   0.0316551355
 971  1.183 -4.504 -9.956 10.229  0.066  1.731   0.0316551337
 972  1.183 -4.504 -9.956 10.229  0.066  1.731   0.0316551272
 973  1.183 -4.504 -9.956 10.229  0.066  1.731   0.0316551269
  powell nthiter 11: fret = 0.031655
 983  1.181 -4.504 -9.957 10.229  0.068  1.730   0.0316550931
 995  1.180 -4.504 -9.956 10.227  0.067  1.729   0.0316549122
1003  1.180 -4.504 -9.956 10.227  0.067  1.729   0.0316549109
1004  1.180 -4.504 -9.956 10.227  0.067  1.729   0.0316548778
1015  1.180 -4.504 -9.957 10.227  0.067  1.729   0.0316548065
1038  1.181 -4.503 -9.958 10.228  0.068  1.731   0.0316547294
1039  1.181 -4.500 -9.958 10.230  0.068  1.734   0.0316543210
1040  1.182 -4.496 -9.959 10.232  0.069  1.738   0.0316536394
1041  1.184 -4.489 -9.960 10.236  0.071  1.745   0.0316513456
1044  1.184 -4.484 -9.961 10.239  0.071  1.749   0.0316502783
1045  1.185 -4.482 -9.962 10.240  0.072  1.751   0.0316498082
1049  1.185 -4.482 -9.962 10.240  0.072  1.751   0.0316497999
1053  1.185 -4.482 -9.962 10.240  0.072  1.751   0.0316497874
  powell nthiter 12: fret = 0.031650
1067  1.187 -4.481 -9.962 10.240  0.071  1.752   0.0316497822
1069  1.188 -4.481 -9.961 10.240  0.071  1.752   0.0316497216
1078  1.186 -4.481 -9.960 10.235  0.068  1.749   0.0316485221
1080  1.185 -4.481 -9.959 10.235  0.068  1.748   0.0316485118
1084  1.185 -4.481 -9.959 10.235  0.068  1.748   0.0316485000
1085  1.185 -4.481 -9.959 10.234  0.068  1.748   0.0316484814
1096  1.185 -4.481 -9.960 10.234  0.068  1.748   0.0316484487
1107  1.185 -4.481 -9.960 10.234  0.068  1.749   0.0316483935
1116  1.185 -4.481 -9.960 10.234  0.060  1.749   0.0316472813
1118  1.185 -4.481 -9.960 10.234  0.063  1.749   0.0316470724
1119  1.185 -4.481 -9.960 10.234  0.062  1.749   0.0316470480
1122  1.186 -4.480 -9.961 10.235  0.062  1.751   0.0316464265
1123  1.186 -4.477 -9.961 10.237  0.063  1.754   0.0316460599
1128  1.186 -4.478 -9.961 10.236  0.062  1.753   0.0316460294
1129  1.186 -4.478 -9.961 10.236  0.062  1.753   0.0316459844
1130  1.186 -4.478 -9.961 10.237  0.062  1.753   0.0316459708
1131  1.186 -4.477 -9.961 10.237  0.062  1.753   0.0316459554
1141  1.186 -4.477 -9.961 10.237  0.062  1.753   0.0316459512
  powell nthiter 13: fret = 0.031646
1149  1.202 -4.474 -9.960 10.238  0.053  1.758   0.0316444180
1150  1.202 -4.475 -9.960 10.238  0.054  1.758   0.0316443920
1151  1.200 -4.475 -9.960 10.238  0.055  1.758   0.0316442141
1154  1.199 -4.475 -9.960 10.238  0.055  1.757   0.0316442065
1163  1.200 -4.475 -9.961 10.241  0.056  1.760   0.0316441647
1164  1.200 -4.475 -9.961 10.240  0.056  1.759   0.0316440097
1165  1.200 -4.475 -9.961 10.240  0.056  1.759   0.0316440078
1188  1.200 -4.475 -9.961 10.240  0.056  1.756   0.0316438894
1190  1.200 -4.475 -9.961 10.240  0.056  1.757   0.0316438650
1199  1.200 -4.475 -9.961 10.240  0.053  1.757   0.0316435615
1203  1.200 -4.473 -9.961 10.241  0.053  1.759   0.0316430413
1206  1.200 -4.472 -9.961 10.241  0.053  1.760   0.0316428427
1209  1.200 -4.472 -9.961 10.241  0.053  1.760   0.0316427996
1218  1.215 -4.467 -9.961 10.246  0.044  1.766   0.0316426251
1223  1.223 -4.464 -9.961 10.249  0.038  1.771   0.0316414791
1225  1.224 -4.463 -9.961 10.249  0.038  1.771   0.0316414444
1226  1.225 -4.463 -9.961 10.249  0.037  1.771   0.0316414254
1228  1.225 -4.463 -9.961 10.249  0.037  1.771   0.0316414018
1229  1.225 -4.463 -9.961 10.249  0.037  1.772   0.0316413837
1234  1.225 -4.463 -9.961 10.249  0.037  1.772   0.0316413814
  powell nthiter 14: fret = 0.031641
1238  1.225 -4.466 -9.961 10.248  0.036  1.769   0.0316410000
1244  1.225 -4.466 -9.961 10.248  0.036  1.769   0.0316409687
1266  1.225 -4.466 -9.961 10.248  0.036  1.769   0.0316409568
1277  1.225 -4.466 -9.962 10.248  0.036  1.769   0.0316408640
1289  1.225 -4.466 -9.962 10.248  0.036  1.765   0.0316397586
1300  1.225 -4.466 -9.962 10.248  0.035  1.765   0.0316396204
1307  1.230 -4.464 -9.962 10.250  0.032  1.767   0.0316391875
1312  1.230 -4.464 -9.962 10.249  0.032  1.767   0.0316391611
1314  1.230 -4.464 -9.962 10.249  0.032  1.767   0.0316391608
  powell nthiter 15: fret = 0.031639
1321  1.231 -4.462 -9.962 10.250  0.032  1.769   0.0316390052
1325  1.230 -4.463 -9.962 10.250  0.032  1.768   0.0316389667
1331  1.230 -4.463 -9.962 10.250  0.032  1.768   0.0316388992
1336  1.230 -4.463 -9.962 10.250  0.032  1.768   0.0316388980
1344  1.231 -4.463 -9.963 10.251  0.032  1.769   0.0316388895
1365  1.231 -4.463 -9.964 10.251  0.032  1.769   0.0316387619
1366  1.231 -4.463 -9.965 10.251  0.032  1.769   0.0316387564
1378  1.231 -4.463 -9.965 10.251  0.032  1.766   0.0316383087
1389  1.231 -4.463 -9.965 10.251  0.031  1.766   0.0316381862
1397  1.234 -4.462 -9.965 10.252  0.029  1.767   0.0316380375
1400  1.233 -4.462 -9.965 10.252  0.029  1.767   0.0316380292
1401  1.233 -4.462 -9.965 10.252  0.029  1.767   0.0316380228
1404  1.233 -4.462 -9.965 10.252  0.029  1.767   0.0316380220
1405  1.233 -4.462 -9.965 10.252  0.029  1.767   0.0316380037
1407  1.236 -4.460 -9.967 10.254  0.027  1.767   0.0316370796
1410  1.240 -4.457 -9.971 10.258  0.023  1.767   0.0316359542
1419  1.240 -4.457 -9.971 10.258  0.023  1.767   0.0316359453
1422  1.240 -4.457 -9.971 10.258  0.023  1.767   0.0316359404
  powell nthiter 16: fret = 0.031636
1441  1.240 -4.457 -9.971 10.258  0.023  1.767   0.0316359403
1448  1.242 -4.457 -9.973 10.262  0.024  1.769   0.0316354389
1449  1.242 -4.457 -9.973 10.262  0.024  1.769   0.0316354134
1450  1.241 -4.457 -9.972 10.261  0.024  1.768   0.0316352660
1477  1.239 -4.458 -9.972 10.260  0.025  1.767   0.0316351891
1478  1.240 -4.457 -9.972 10.260  0.025  1.768   0.0316351014
1490  1.240 -4.457 -9.972 10.260  0.024  1.768   0.0316350624
1499  1.240 -4.457 -9.973 10.261  0.023  1.768   0.0316350406
1504  1.240 -4.457 -9.973 10.261  0.023  1.768   0.0316350362
1505  1.240 -4.457 -9.973 10.261  0.023  1.768   0.0316350357
  powell nthiter 17: fret = 0.031635
1523  1.240 -4.457 -9.973 10.261  0.023  1.768   0.0316350279
1527  1.240 -4.457 -9.973 10.261  0.023  1.768   0.0316350238
1540  1.240 -4.457 -9.973 10.261  0.023  1.768   0.0316350206
1593  1.240 -4.457 -9.973 10.261  0.023  1.768   0.0316350156
  powell nthiter 18: fret = 0.031635
Powell done niters = 18
Computing relative cost
 0  -25.0 -25.0 -25.0   0.972488
 1  -25.0 -25.0  25.0   0.952097
 2  -25.0  25.0 -25.0   0.978893
 3  -25.0  25.0  25.0   0.991919
 4   25.0 -25.0 -25.0   0.945540
 5   25.0 -25.0  25.0   0.974376
 6   25.0  25.0 -25.0   0.965114
 7   25.0  25.0  25.0   0.957438
REL:  8  0.031635    7.737864  0.967233 rel = 0.0327067 
Number of iterations    18
Min cost was 0.031635
Number of FunctionCalls  1680
TolPowell 0.000000
nMaxItersPowell 36
OptimizationTime 238.541700 sec
Parameters at optimum (transmm)  1.24006 -4.45712 -9.97289
Parameters at optimum (rotdeg) 10.26078  0.02322  1.76754 
Final costs ----------------
Number of surface hits 402221
WM  Intensity   792.3237 +/- 246.0039
Ctx Intensity  1197.4858 +/- 383.2838
Pct Contrast     40.4762 +/-  18.4383
Cost   0.0316
RelCost   0.8500
Reg at min cost was 
-0.99999   0.00039   0.00419   0.02122;
 0.00419  -0.00791   0.99996  -0.29794;
-0.00043  -0.99997  -0.00791  -0.43399;
 0.00000   0.00000   0.00000   1.00000;

Writing optimal reg to /localscratch/bpinsard.41451868.0/freesurfer_crosssectional_autorecon3_sub04_ses003.job/sub-04_ses-003/mri/transforms/T2raw.auto.dat, type = 14 
Original Reg 
-0.99939   0.00055   0.03504  -1.09384;
 0.03432  -0.18592   0.98197   5.82679;
-0.00706  -0.98256  -0.18579   8.63870;
 0.00000   0.00000   0.00000   1.00000;

Original Reg - Optimal Reg
 0.00061   0.00016   0.03084  -1.11506;
 0.03013  -0.17800  -0.01799   6.12473;
-0.00663   0.01740  -0.17787   9.07269;
 0.00000   0.00000   0.00000   0.00000;

Computing change in lh position
LH rmsDiffMean 11.077158
Computing change in rh position
Surface-RMS-Diff-mm 11.308442 5.257221 23.257936
mri_segreg done
MinCost: 0.031635 792.323717 1197.485776 40.476207 
tkregister2_cmdl --mov /localscratch/bpinsard.41451868.0/freesurfer_crosssectional_autorecon3_sub04_ses003.job/sub-04_ses-003/mri/orig/T2raw.mgz --reg /localscratch/bpinsard.41451868.0/freesurfer_crosssectional_autorecon3_sub04_ses003.job/sub-04_ses-003/mri/transforms/T2raw.auto.dat --noedit --ltaout /localscratch/bpinsard.41451868.0/freesurfer_crosssectional_autorecon3_sub04_ses003.job/sub-04_ses-003/mri/transforms/T2raw.auto.lta
INFO: no target volume specified, assuming FreeSurfer orig volume.
target  volume orig
movable volume /localscratch/bpinsard.41451868.0/freesurfer_crosssectional_autorecon3_sub04_ses003.job/sub-04_ses-003/mri/orig/T2raw.mgz
reg file       /localscratch/bpinsard.41451868.0/freesurfer_crosssectional_autorecon3_sub04_ses003.job/sub-04_ses-003/mri/transforms/T2raw.auto.dat
LoadVol        0
ZeroCRAS       0
7.4.1
Diagnostic Level -1
---- Input registration matrix --------
-0.99999   0.00039   0.00419   0.02122;
 0.00419  -0.00791   0.99996  -0.29794;
-0.00043  -0.99997  -0.00791  -0.43399;
 0.00000   0.00000   0.00000   1.00000;
float2int = 0
---------------------------------------
INFO: loading target /localscratch/bpinsard.41451868.0/freesurfer_crosssectional_autorecon3_sub04_ses003.job/sub-04_ses-003/mri/orig.mgz
INFO: target does not conform to COR format, so I'm going to
reslice to COR. This will not affect the final registration.
Ttarg: --------------------
-1.00000   0.00000   0.00000   128.00000;
 0.00000   0.00000   1.00000  -128.00000;
 0.00000  -1.00000   0.00000   128.00000;
 0.00000   0.00000   0.00000   1.00000;
INFO: loading movable /localscratch/bpinsard.41451868.0/freesurfer_crosssectional_autorecon3_sub04_ses003.job/sub-04_ses-003/mri/orig/T2raw.mgz
Tmov: --------------------
-0.80000   0.00000   0.00000   83.19952;
 0.00000   0.00000   0.80000  -128.00000;
 0.00000  -0.80000   0.00000   120.00000;
 0.00000   0.00000   0.00000   1.00000;
mkheaderreg = 0, float2int = 0
---- Input registration matrix --------
-0.99999   0.00039   0.00419   0.02120;
 0.00419  -0.00791   0.99996  -0.29793;
-0.00043  -0.99997  -0.00791  -0.43397;
 0.00000   0.00000   0.00000   1.00000;
Determinant -0.999999
subject = sub-04_ses-003
RegMat ---------------------------
-0.99999   0.00039   0.00419   0.02122;
 0.00419  -0.00791   0.99996  -0.29794;
-0.00043  -0.99997  -0.00791  -0.43399;
 0.00000   0.00000   0.00000   1.00000;
Cleaning up
 
Started at Sun Oct 8 05:15:20 UTC 2023 
Ended   at Sun Oct  8 05:21:27 UTC 2023
BBR-Run-Time-Sec 367
 
bbregister Done
To check results, run:
tkregisterfv --mov /localscratch/bpinsard.41451868.0/freesurfer_crosssectional_autorecon3_sub04_ses003.job/sub-04_ses-003/mri/orig/T2raw.mgz --reg /localscratch/bpinsard.41451868.0/freesurfer_crosssectional_autorecon3_sub04_ses003.job/sub-04_ses-003/mri/transforms/T2raw.auto.lta --surfs  --sd /localscratch/bpinsard.41451868.0/freesurfer_crosssectional_autorecon3_sub04_ses003.job
