/localscratch/bpinsard.41394423.0/freesurfer_crosssectional_autorecon1smriprep_skullstripautorecon2autorecon3_sub01_ses011.job/sub-01_ses-011/mri
/opt/freesurfer/bin/talairach_avi
--i orig_nu.mgz --xfm transforms/talairach.auto.xfm --atlas 3T18yoSchwartzReactN32_as_orig
talairach_avi 7.4.1
Linux bc12251.int.ets1.calculquebec.ca 3.10.0-1160.95.1.el7.x86_64 #1 SMP Mon Jul 24 13:59:37 UTC 2023 x86_64 x86_64 x86_64 GNU/Linux
Thu Oct  5 11:40:50 UTC 2023
mri_convert orig_nu.mgz talsrcimg.img 
reading from orig_nu.mgz...
TR=0.00, TE=0.00, TI=0.00, flip angle=0.00
i_ras = (-1, 0, 0)
j_ras = (0, 0, -1)
k_ras = (1.86265e-08, 1, 0)
writing to talsrcimg.img...
Analyze Output Matrix
-0.80000   0.00000   0.00000   128.50412;
 0.00000   0.00000   0.80000  -102.82732;
 0.00000  -0.80000   0.00000   114.89439;
 0.00000   0.00000   0.00000   1.00000;
--------------------
INFO: set hdr.hist.orient to -1
mpr2mni305 talsrcimg
Thu Oct  5 11:40:50 UTC 2023
/opt/freesurfer/bin/mpr2mni305 talsrcimg
mpr2mni305 7.4.1
target=3T18yoSchwartzReactN32_as_orig

---------------------------------------------------------------------
analyzeto4dfp talsrcimg -O0 -y
---------------------------------------------------------------------

freesurfer ifh2hdr.c
Thu Oct  5 11:40:51 2023
Writing: talsrcimg.4dfp.hdr
freesurfer analyzeto4dfp.c
Reading: talsrcimg.hdr
header size 348 bytes
hdr.dime.datatype	offset=70	value=2
hdr.dime.bitpix		offset=72	value=8
hdr.hist.orient		offset=252	value=-1
dimensionality     4
dimensions       320       320       320         1
Reading: talsrcimg.img
Writing: talsrcimg.4dfp.img
Writing: talsrcimg.4dfp.ifh
ifh2hdr talsrcimg -r0to203
ori=2

---------------------------------------------------------------------
gauss_4dfp talsrcimg 1.1
---------------------------------------------------------------------

freesurfer gauss_4dfp.c
Reading: talsrcimg.4dfp.img
Writing: talsrcimg_g11.4dfp.img
image dimensions 320 320 320 padded to 384 384 384
processing volume 1freesurfer ifh2hdr.c
Thu Oct  5 11:41:10 2023
Writing: talsrcimg_g11.4dfp.hdr

Writing: talsrcimg_g11.4dfp.ifh
including: talsrcimg.4dfp.img.rec in talsrcimg_g11.4dfp.img.rec

---------------------------------------------------------------------
imgreg_4dfp /opt/freesurfer/average/3T18yoSchwartzReactN32_as_orig none talsrcimg_g11 none talsrcimg_to_3T18yoSchwartzReactN32_as_orig_t4 4355
---------------------------------------------------------------------

freesurfer imgreg_4dfp.c
/opt/freesurfer/average/3T18yoSchwartzReactN32_as_orig.4dfp.img
       256       256       256         1
  1.000000  1.000000  1.000000
orientation T byte_order littleendian
Reading image: /opt/freesurfer/average/3T18yoSchwartzReactN32_as_orig.4dfp.img
dimensions:      256       256       256
mmppix:       1.0000   -1.0000   -1.0000
center:     128.0000 -129.0000 -129.0000
talsrcimg_g11.4dfp.img
       320       320       320         1
  0.800000  0.800000  0.800000
orientation T byte_order littleendian
Reading image: talsrcimg_g11.4dfp.img
dimensions:      320       320       320
mmppix:       0.8000   -0.8000   -0.8000
center:     128.0000 -128.8000 -128.8000
t4_read: open error in t4_sub.f l:  46 t4_file(1:l)talsrcimg_to_3T18yoSchwartzReactN32_as_orig_t4 
t4_read: transform initialized to I4
rotation matrix determinant  1.000000
image alignment mode   4355 decimal     1103 hex
   -7.5000  -45.0000  -45.0000 8747.5078   27.3832
    0.0000  -45.0000  -45.0000 9173.0811   27.3204
    7.5000  -45.0000  -45.0000 8805.7314   27.2309
   -7.5000  -37.5000  -45.0000 8872.6240   28.0511
    0.0000  -37.5000  -45.0000 9316.6367   27.9704
    7.5000  -37.5000  -45.0000 8933.6777   27.8767
   -7.5000  -30.0000  -45.0000 9434.3447   28.6699
    0.0000  -30.0000  -45.0000 9904.9580   28.5771
    7.5000  -30.0000  -45.0000 9518.0176   28.4849
   -7.5000  -22.5000  -45.000010041.1064   29.4467
    0.0000  -22.5000  -45.000010561.8975   29.3594
    7.5000  -22.5000  -45.000010150.4736   29.2727
   -7.5000  -15.0000  -45.000010666.7412   30.2599
    0.0000  -15.0000  -45.000011227.6572   30.1864
    7.5000  -15.0000  -45.000010768.2314   30.1004
   -7.5000   -7.5000  -45.000011276.8486   31.1124
    0.0000   -7.5000  -45.000011886.0967   31.0469
    7.5000   -7.5000  -45.000011380.4785   30.9548
   -7.5000    0.0000  -45.000011882.8145   32.1363
    0.0000    0.0000  -45.000012510.3340   32.0661
    7.5000    0.0000  -45.000011982.7344   31.9665
   -7.5000    7.5000  -45.000011672.6152   33.4139
    0.0000    7.5000  -45.000012280.1914   33.3190
    7.5000    7.5000  -45.000011747.6338   33.2095
   -7.5000   15.0000  -45.000011594.9531   35.1122
    0.0000   15.0000  -45.000012206.3623   35.0239
    7.5000   15.0000  -45.000011652.7617   34.9159
   -7.5000   22.5000  -45.000011356.7832   36.6053
    0.0000   22.5000  -45.000011953.3330   36.5284
    7.5000   22.5000  -45.000011392.2803   36.4260
   -7.5000   30.0000  -45.000010963.6387   37.9158
    0.0000   30.0000  -45.000011528.4170   37.8499
    7.5000   30.0000  -45.000010960.5771   37.7469
   -7.5000   37.5000  -45.000010895.8193   39.5212
    0.0000   37.5000  -45.000011478.9697   39.4626
    7.5000   37.5000  -45.000010911.3916   39.3545
   -7.5000   45.0000  -45.000010368.7598   40.7080
    0.0000   45.0000  -45.000010913.6602   40.6395
    7.5000   45.0000  -45.000010370.1865   40.5134
   -7.5000  -45.0000  -37.5000 9135.3496   27.2839
    0.0000  -45.0000  -37.5000 9528.2852   27.2222
    7.5000  -45.0000  -37.5000 9139.0996   27.1528
   -7.5000  -37.5000  -37.5000 9286.5264   27.9613
    0.0000  -37.5000  -37.5000 9693.2773   27.8788
    7.5000  -37.5000  -37.5000 9307.7939   27.7990
   -7.5000  -30.0000  -37.5000 9894.5029   28.5927
    0.0000  -30.0000  -37.500010348.4395   28.4950
    7.5000  -30.0000  -37.5000 9946.4482   28.4077
   -7.5000  -22.5000  -37.500010552.7012   29.3753
    0.0000  -22.5000  -37.500011061.4727   29.2814
    7.5000  -22.5000  -37.500010630.2598   29.1955
   -7.5000  -15.0000  -37.500011209.9609   30.1789
    0.0000  -15.0000  -37.500011764.7002   30.0998
    7.5000  -15.0000  -37.500011290.2891   30.0210
   -7.5000   -7.5000  -37.500011870.7109   31.0125
    0.0000   -7.5000  -37.500012465.3701   30.9446
    7.5000   -7.5000  -37.500011940.3975   30.8707
   -7.5000    0.0000  -37.500012562.7158   32.0238
    0.0000    0.0000  -37.500013186.8184   31.9550
    7.5000    0.0000  -37.500012632.3564   31.8785
   -7.5000    7.5000  -37.500012393.7500   33.3092
    0.0000    7.5000  -37.500013006.9482   33.2118
    7.5000    7.5000  -37.500012435.0225   33.1183
   -7.5000   15.0000  -37.500012332.4912   35.0168
    0.0000   15.0000  -37.500012964.2812   34.9203
    7.5000   15.0000  -37.500012368.0986   34.8178
   -7.5000   22.5000  -37.500012095.5840   36.5067
    0.0000   22.5000  -37.500012710.0283   36.4216
    7.5000   22.5000  -37.500012118.4521   36.3167
   -7.5000   30.0000  -37.500011682.0527   37.8018
    0.0000   30.0000  -37.500012265.2393   37.7327
    7.5000   30.0000  -37.500011673.5205   37.6333
   -7.5000   37.5000  -37.500011633.7979   39.3775
    0.0000   37.5000  -37.500012231.1670   39.3212
    7.5000   37.5000  -37.500011627.2637   39.2292
   -7.5000   45.0000  -37.500011069.4531   40.5409
    0.0000   45.0000  -37.500011638.3691   40.4768
    7.5000   45.0000  -37.500011060.1797   40.3762
   -7.5000  -45.0000  -30.0000 9714.0713   28.2974
    0.0000  -45.0000  -30.000010078.5225   28.2254
    7.5000  -45.0000  -30.0000 9679.0752   28.1608
   -7.5000  -37.5000  -30.0000 9879.6025   28.9942
    0.0000  -37.5000  -30.000010266.6631   28.9056
    7.5000  -37.5000  -30.0000 9865.9668   28.8347
   -7.5000  -30.0000  -30.000010549.2256   29.6773
    0.0000  -30.0000  -30.000010990.7969   29.5744
    7.5000  -30.0000  -30.000010559.2705   29.4934
   -7.5000  -22.5000  -30.000011272.3691   30.5246
    0.0000  -22.5000  -30.000011774.2939   30.4231
    7.5000  -22.5000  -30.000011299.6641   30.3381
   -7.5000  -15.0000  -30.000011973.6924   31.3963
    0.0000  -15.0000  -30.000012541.6836   31.3051
    7.5000  -15.0000  -30.000012026.7480   31.2255
   -7.5000   -7.5000  -30.000012675.6875   32.2929
    0.0000   -7.5000  -30.000013296.1562   32.2102
    7.5000   -7.5000  -30.000012728.9717   32.1373
   -7.5000    0.0000  -30.000013434.9395   33.3735
    0.0000    0.0000  -30.000014104.0830   33.2928
    7.5000    0.0000  -30.000013499.8838   33.2222
   -7.5000    7.5000  -30.000013292.6064   34.7077
    0.0000    7.5000  -30.000013940.4189   34.6028
    7.5000    7.5000  -30.000013313.3945   34.5196
   -7.5000   15.0000  -30.000013261.3428   36.4790
    0.0000   15.0000  -30.000013926.4268   36.3766
    7.5000   15.0000  -30.000013272.3418   36.2815
   -7.5000   22.5000  -30.000013022.5430   38.0352
    0.0000   22.5000  -30.000013668.4814   37.9396
    7.5000   22.5000  -30.000013013.7676   37.8372
   -7.5000   30.0000  -30.000012605.3242   39.3977
    0.0000   30.0000  -30.000013229.5820   39.3155
    7.5000   30.0000  -30.000012597.3232   39.2204
   -7.5000   37.5000  -30.000012586.5264   41.0507
    0.0000   37.5000  -30.000013215.1689   40.9813
    7.5000   37.5000  -30.000012572.7090   40.8896
   -7.5000   45.0000  -30.000011990.4199   42.2679
    0.0000   45.0000  -30.000012599.7871   42.1968
    7.5000   45.0000  -30.000011965.5898   42.1026
   -7.5000  -45.0000  -22.500010253.4219   29.1146
    0.0000  -45.0000  -22.500010614.9971   29.0287
    7.5000  -45.0000  -22.500010201.3359   28.9480
   -7.5000  -37.5000  -22.500010441.8516   29.8115
    0.0000  -37.5000  -22.500010831.0762   29.7183
    7.5000  -37.5000  -22.500010403.8486   29.6426
   -7.5000  -30.0000  -22.500011162.9502   30.5199
    0.0000  -30.0000  -22.500011614.7529   30.4178
    7.5000  -30.0000  -22.500011145.5723   30.3385
   -7.5000  -22.5000  -22.500011954.7334   31.4114
    0.0000  -22.5000  -22.500012462.0371   31.3099
    7.5000  -22.5000  -22.500011948.6318   31.2242
   -7.5000  -15.0000  -22.500012743.7539   32.3458
    0.0000  -15.0000  -22.500013307.5732   32.2482
    7.5000  -15.0000  -22.500012748.5195   32.1582
   -7.5000   -7.5000  -22.500013518.5850   33.3146
    0.0000   -7.5000  -22.500014144.7998   33.2177
    7.5000   -7.5000  -22.500013539.3809   33.1252
   -7.5000    0.0000  -22.500014354.3105   34.4650
    0.0000    0.0000  -22.500015052.1953   34.3681
    7.5000    0.0000  -22.500014394.2773   34.2793
   -7.5000    7.5000  -22.500014217.7002   35.8200
    0.0000    7.5000  -22.500014920.5908   35.7098
    7.5000    7.5000  -22.500014235.1006   35.6211
   -7.5000   15.0000  -22.500014209.0156   37.6169
    0.0000   15.0000  -22.500014931.3271   37.5190
    7.5000   15.0000  -22.500014200.1953   37.4272
   -7.5000   22.5000  -22.500013978.9971   39.2177
    0.0000   22.5000  -22.500014691.4707   39.1217
    7.5000   22.5000  -22.500013962.1484   39.0241
   -7.5000   30.0000  -22.500013590.1836   40.6398
    0.0000   30.0000  -22.500014262.4961   40.5470
    7.5000   30.0000  -22.500013569.3408   40.4510
   -7.5000   37.5000  -22.500013618.0840   42.3762
    0.0000   37.5000  -22.500014283.1162   42.2893
    7.5000   37.5000  -22.500013583.1973   42.1791
   -7.5000   45.0000  -22.500012983.1699   43.6469
    0.0000   45.0000  -22.500013617.3799   43.5624
    7.5000   45.0000  -22.500012954.7061   43.4485
   -7.5000  -45.0000  -15.000010722.2803   29.7006
    0.0000  -45.0000  -15.000011124.3223   29.6124
    7.5000  -45.0000  -15.000010698.6279   29.5085
   -7.5000  -37.5000  -15.000010931.6387   30.3961
    0.0000  -37.5000  -15.000011333.0176   30.3039
    7.5000  -37.5000  -15.000010902.5059   30.2129
   -7.5000  -30.0000  -15.000011732.1621   31.1136
    0.0000  -30.0000  -15.000012180.4814   31.0165
    7.5000  -30.0000  -15.000011710.7129   30.9314
   -7.5000  -22.5000  -15.000012611.1680   32.0284
    0.0000  -22.5000  -15.000013118.7158   31.9340
    7.5000  -22.5000  -15.000012592.3291   31.8459
   -7.5000  -15.0000  -15.000013484.2246   33.0061
    0.0000  -15.0000  -15.000014062.8711   32.9146
    7.5000  -15.0000  -15.000013469.7998   32.8136
   -7.5000   -7.5000  -15.000014364.5176   34.0369
    0.0000   -7.5000  -15.000015003.5410   33.9415
    7.5000   -7.5000  -15.000014354.8447   33.8261
   -7.5000    0.0000  -15.000015304.8633   35.2505
    0.0000    0.0000  -15.000016008.1289   35.1504
    7.5000    0.0000  -15.000015293.5420   35.0344
   -7.5000    7.5000  -15.000015172.4424   36.6157
    0.0000    7.5000  -15.000015907.3369   36.5068
    7.5000    7.5000  -15.000015160.2363   36.3997
   -7.5000   15.0000  -15.000015207.0049   38.4284
    0.0000   15.0000  -15.000015972.0742   38.3399
    7.5000   15.0000  -15.000015170.7256   38.2417
   -7.5000   22.5000  -15.000015011.3682   40.0519
    0.0000   22.5000  -15.000015767.9111   39.9663
    7.5000   22.5000  -15.000014969.2734   39.8703
   -7.5000   30.0000  -15.000014627.0146   41.5079
    0.0000   30.0000  -15.000015347.7236   41.4198
    7.5000   30.0000  -15.000014580.5928   41.3172
   -7.5000   37.5000  -15.000014659.7744   43.3042
    0.0000   37.5000  -15.000015369.3652   43.2146
    7.5000   37.5000  -15.000014613.9424   43.0824
   -7.5000   45.0000  -15.000014010.4434   44.6197
    0.0000   45.0000  -15.000014684.1865   44.5292
    7.5000   45.0000  -15.000013955.3848   44.3844
   -7.5000  -45.0000   -7.500011183.9092   30.0332
    0.0000  -45.0000   -7.500011604.9561   29.9547
    7.5000  -45.0000   -7.500011164.3174   29.8430
   -7.5000  -37.5000   -7.500011421.9980   30.7410
    0.0000  -37.5000   -7.500011846.4365   30.6521
    7.5000  -37.5000   -7.500011376.7773   30.5478
   -7.5000  -30.0000   -7.500012274.4141   31.4715
    0.0000  -30.0000   -7.500012752.9150   31.3747
    7.5000  -30.0000   -7.500012240.5537   31.2793
   -7.5000  -22.5000   -7.500013211.0674   32.4003
    0.0000  -22.5000   -7.500013747.5156   32.3091
    7.5000  -22.5000   -7.500013179.3623   32.2174
   -7.5000  -15.0000   -7.500014174.8271   33.3991
    0.0000  -15.0000   -7.500014771.4932   33.3166
    7.5000  -15.0000   -7.500014123.7529   33.2149
   -7.5000   -7.5000   -7.500015152.0146   34.4640
    0.0000   -7.5000   -7.500015813.7207   34.3823
    7.5000   -7.5000   -7.500015095.4639   34.2636
   -7.5000    0.0000   -7.500016196.8506   35.7256
    0.0000    0.0000   -7.500016919.9316   35.6363
    7.5000    0.0000   -7.500016132.2578   35.5102
   -7.5000    7.5000   -7.500016090.7734   37.1103
    0.0000    7.5000   -7.500016830.3926   37.0049
    7.5000    7.5000   -7.500016027.5537   36.8817
   -7.5000   15.0000   -7.500016152.4600   38.9512
    0.0000   15.0000   -7.500016917.6348   38.8624
    7.5000   15.0000   -7.500016050.8193   38.7507
   -7.5000   22.5000   -7.500016018.3174   40.5880
    0.0000   22.5000   -7.500016816.1309   40.5078
    7.5000   22.5000   -7.500015926.9541   40.4049
   -7.5000   30.0000   -7.500015679.1279   42.0504
    0.0000   30.0000   -7.500016457.2500   41.9727
    7.5000   30.0000   -7.500015582.4854   41.8631
   -7.5000   37.5000   -7.500015746.2471   43.8621
    0.0000   37.5000   -7.500016518.1543   43.7846
    7.5000   37.5000   -7.500015653.6670   43.6496
   -7.5000   45.0000   -7.500015033.0029   45.2009
    0.0000   45.0000   -7.500015792.8652   45.1159
    7.5000   45.0000   -7.500014941.9443   44.9591
   -7.5000  -45.0000    0.000011513.8096   30.2583
    0.0000  -45.0000    0.000011973.4346   30.1887
    7.5000  -45.0000    0.000011493.8896   30.0898
   -7.5000  -37.5000    0.000011809.4072   30.9928
    0.0000  -37.5000    0.000012264.1748   30.9037
    7.5000  -37.5000    0.000011755.5176   30.8001
   -7.5000  -30.0000    0.000012751.0791   31.7516
    0.0000  -30.0000    0.000013267.9365   31.6489
    7.5000  -30.0000    0.000012683.1875   31.5469
   -7.5000  -22.5000    0.000013759.5264   32.7013
    0.0000  -22.5000    0.000014322.9736   32.6045
    7.5000  -22.5000    0.000013671.0762   32.5082
   -7.5000  -15.0000    0.000014775.0479   33.7090
    0.0000  -15.0000    0.000015393.6709   33.6272
    7.5000  -15.0000    0.000014680.7393   33.5314
   -7.5000   -7.5000    0.000015828.7764   34.7849
    0.0000   -7.5000    0.000016520.5742   34.7117
    7.5000   -7.5000    0.000015711.0557   34.6087
   -7.5000    0.0000    0.000016984.2520   36.0787
    0.0000    0.0000    0.000017759.6406   35.9997
    7.5000    0.0000    0.000016859.1562   35.8877
   -7.5000    7.5000    0.000017002.3027   37.5022
    0.0000    7.5000    0.000017847.5723   37.3956
    7.5000    7.5000    0.000016881.5918   37.2726
   -7.5000   15.0000    0.000017149.3438   39.3945
    0.0000   15.0000    0.000017994.6133   39.2955
    7.5000   15.0000    0.000016974.8652   39.1744
   -7.5000   22.5000    0.000017005.5000   41.0519
    0.0000   22.5000    0.000017882.7969   40.9658
    7.5000   22.5000    0.000016840.3027   40.8510
   -7.5000   30.0000    0.000016672.1309   42.5098
    0.0000   30.0000    0.000017628.2305   42.4359
    7.5000   30.0000    0.000016549.2070   42.3204
   -7.5000   37.5000    0.000016739.5840   44.3056
    0.0000   37.5000    0.000017694.0742   44.2398
    7.5000   37.5000    0.000016626.0566   44.1185
   -7.5000   45.0000    0.000015939.1865   45.6448
    0.0000   45.0000    0.000016845.1562   45.5677
    7.5000   45.0000    0.000015847.3066   45.4262
   -7.5000  -45.0000    7.500010966.7217   30.1400
    0.0000  -45.0000    7.500011395.7090   30.0718
    7.5000  -45.0000    7.500010921.3320   29.9951
   -7.5000  -37.5000    7.500011277.0020   30.8879
    0.0000  -37.5000    7.500011689.4014   30.7968
    7.5000  -37.5000    7.500011205.3672   30.7086
   -7.5000  -30.0000    7.500012197.1035   31.6648
    0.0000  -30.0000    7.500012660.0410   31.5566
    7.5000  -30.0000    7.500012104.0664   31.4600
   -7.5000  -22.5000    7.500013198.7100   32.6246
    0.0000  -22.5000    7.500013719.4609   32.5204
    7.5000  -22.5000    7.500013088.0820   32.4248
   -7.5000  -15.0000    7.500014215.5645   33.6234
    0.0000  -15.0000    7.500014830.0156   33.5352
    7.5000  -15.0000    7.500014084.0986   33.4473
   -7.5000   -7.5000    7.500015273.3916   34.6787
    0.0000   -7.5000    7.500016037.4238   34.6028
    7.5000   -7.5000    7.500015123.7793   34.5200
   -7.5000    0.0000    7.500016427.6113   35.9600
    0.0000    0.0000    7.500017421.0137   35.8827
    7.5000    0.0000    7.500016291.3291   35.7967
   -7.5000    7.5000    7.500016508.2656   37.3978
    0.0000    7.5000    7.500017755.5527   37.2885
    7.5000    7.5000    7.500016417.0684   37.1835
   -7.5000   15.0000    7.500016726.6738   39.3134
    0.0000   15.0000    7.500017999.4746   39.2051
    7.5000   15.0000    7.500016634.0898   39.0899
   -7.5000   22.5000    7.500016609.4023   40.9789
    0.0000   22.5000    7.500017742.1484   40.8834
    7.5000   22.5000    7.500016498.8203   40.7655
   -7.5000   30.0000    7.500016212.4854   42.4291
    0.0000   30.0000    7.500017271.9883   42.3515
    7.5000   30.0000    7.500016130.6113   42.2398
   -7.5000   37.5000    7.500016235.7979   44.1966
    0.0000   37.5000    7.500017193.0039   44.1334
    7.5000   37.5000    7.500016165.3184   44.0299
   -7.5000   45.0000    7.500015434.1562   45.5194
    0.0000   45.0000    7.500016269.7529   45.4474
    7.5000   45.0000    7.500015382.1855   45.3343
   -7.5000  -45.0000   15.000010248.8604   30.0182
    0.0000  -45.0000   15.000010628.7939   29.9413
    7.5000  -45.0000   15.000010185.4004   29.8729
   -7.5000  -37.5000   15.000010607.3525   30.7563
    0.0000  -37.5000   15.000010966.7480   30.6618
    7.5000  -37.5000   15.000010508.7578   30.5866
   -7.5000  -30.0000   15.000011510.8623   31.5292
    0.0000  -30.0000   15.000011929.2441   31.4193
    7.5000  -30.0000   15.000011391.9639   31.3332
   -7.5000  -22.5000   15.000012513.2539   32.4924
    0.0000  -22.5000   15.000012998.0850   32.3839
    7.5000  -22.5000   15.000012357.9912   32.2934
   -7.5000  -15.0000   15.000013504.0059   33.4996
    0.0000  -15.0000   15.000014117.6553   33.4020
    7.5000  -15.0000   15.000013358.7490   33.3170
   -7.5000   -7.5000   15.000014536.1680   34.5570
    0.0000   -7.5000   15.000015290.4912   34.4681
    7.5000   -7.5000   15.000014400.7168   34.3901
   -7.5000    0.0000   15.000015634.0283   35.8307
    0.0000    0.0000   15.000016564.3008   35.7436
    7.5000    0.0000   15.000015522.8242   35.6680
   -7.5000    7.5000   15.000015669.5967   37.2594
    0.0000    7.5000   15.000016739.4941   37.1463
    7.5000    7.5000   15.000015605.5557   37.0571
   -7.5000   15.0000   15.000015832.9854   39.1606
    0.0000   15.0000   15.000016903.5371   39.0500
    7.5000   15.0000   15.000015826.8213   38.9480
   -7.5000   22.5000   15.000015738.7754   40.8253
    0.0000   22.5000   15.000016749.8301   40.7222
    7.5000   22.5000   15.000015739.8584   40.6125
   -7.5000   30.0000   15.000015397.7559   42.2856
    0.0000   30.0000   15.000016358.5654   42.1970
    7.5000   30.0000   15.000015388.9326   42.0952
   -7.5000   37.5000   15.000015435.8223   44.0593
    0.0000   37.5000   15.000016285.8838   43.9845
    7.5000   37.5000   15.000015388.5967   43.8864
   -7.5000   45.0000   15.000014665.4297   45.3769
    0.0000   45.0000   15.000015417.1387   45.3003
    7.5000   45.0000   15.000014622.0986   45.1996
   -7.5000  -45.0000   22.5000 9378.6152   29.9626
    0.0000  -45.0000   22.5000 9740.8164   29.8733
    7.5000  -45.0000   22.5000 9317.7578   29.7901
   -7.5000  -37.5000   22.5000 9754.6162   30.6765
    0.0000  -37.5000   22.500010135.9971   30.5794
    7.5000  -37.5000   22.5000 9691.8496   30.5015
   -7.5000  -30.0000   22.500010582.5254   31.4369
    0.0000  -30.0000   22.500011015.3525   31.3304
    7.5000  -30.0000   22.500010520.9414   31.2486
   -7.5000  -22.5000   22.500011521.8984   32.3970
    0.0000  -22.5000   22.500012005.2373   32.2911
    7.5000  -22.5000   22.500011438.6533   32.2026
   -7.5000  -15.0000   22.500012466.8906   33.4178
    0.0000  -15.0000   22.500013018.0088   33.3159
    7.5000  -15.0000   22.500012377.9502   33.2228
   -7.5000   -7.5000   22.500013440.7803   34.4919
    0.0000   -7.5000   22.500014070.7910   34.3906
    7.5000   -7.5000   22.500013344.1797   34.2948
   -7.5000    0.0000   22.500014490.3809   35.7655
    0.0000    0.0000   22.500015212.0479   35.6639
    7.5000    0.0000   22.500014410.2461   35.5717
   -7.5000    7.5000   22.500014558.9873   37.1688
    0.0000    7.5000   22.500015319.7812   37.0531
    7.5000    7.5000   22.500014509.7109   36.9610
   -7.5000   15.0000   22.500014740.5439   39.0340
    0.0000   15.0000   22.500015499.4512   38.9309
    7.5000   15.0000   22.500014709.7969   38.8356
   -7.5000   22.5000   22.500014643.6855   40.6917
    0.0000   22.5000   22.500015419.0645   40.5907
    7.5000   22.5000   22.500014631.1484   40.4895
   -7.5000   30.0000   22.500014325.6084   42.1670
    0.0000   30.0000   22.500015096.9736   42.0695
    7.5000   30.0000   22.500014310.5361   41.9701
   -7.5000   37.5000   22.500014379.3740   43.9670
    0.0000   37.5000   22.500015127.3154   43.8759
    7.5000   37.5000   22.500014357.2832   43.7618
   -7.5000   45.0000   22.500013707.9023   45.2942
    0.0000   45.0000   22.500014394.8447   45.2057
    7.5000   45.0000   22.500013680.6943   45.0877
   -7.5000  -45.0000   30.0000 8442.6211   30.2515
    0.0000  -45.0000   30.0000 8799.4268   30.1593
    7.5000  -45.0000   30.0000 8435.4102   30.0514
   -7.5000  -37.5000   30.0000 8821.3594   30.9607
    0.0000  -37.5000   30.0000 9188.9209   30.8638
    7.5000  -37.5000   30.0000 8821.9082   30.7689
   -7.5000  -30.0000   30.0000 9569.5586   31.7086
    0.0000  -30.0000   30.0000 9989.2646   31.6064
    7.5000  -30.0000   30.0000 9584.3701   31.5174
   -7.5000  -22.5000   30.000010411.3604   32.6641
    0.0000  -22.5000   30.000010876.4316   32.5648
    7.5000  -22.5000   30.000010424.4902   32.4728
   -7.5000  -15.0000   30.000011283.6816   33.6993
    0.0000  -15.0000   30.000011793.0381   33.6035
    7.5000  -15.0000   30.000011285.6338   33.4982
   -7.5000   -7.5000   30.000012193.0625   34.8007
    0.0000   -7.5000   30.000012750.1963   34.7010
    7.5000   -7.5000   30.000012172.6182   34.5808
   -7.5000    0.0000   30.000013182.2754   36.0974
    0.0000    0.0000   30.000013808.9404   35.9921
    7.5000    0.0000   30.000013167.6699   35.8711
   -7.5000    7.5000   30.000013286.2422   37.5086
    0.0000    7.5000   30.000013934.1279   37.3934
    7.5000    7.5000   30.000013300.7295   37.2812
   -7.5000   15.0000   30.000013534.2412   39.3877
    0.0000   15.0000   30.000014180.5605   39.2933
    7.5000   15.0000   30.000013515.1992   39.1902
   -7.5000   22.5000   30.000013475.9834   41.0716
    0.0000   22.5000   30.000014139.8662   40.9804
    7.5000   22.5000   30.000013468.1738   40.8795
   -7.5000   30.0000   30.000013196.6016   42.5885
    0.0000   30.0000   30.000013841.8516   42.4953
    7.5000   30.0000   30.000013184.1416   42.3877
   -7.5000   37.5000   30.000013268.9883   44.4529
    0.0000   37.5000   30.000013906.5986   44.3584
    7.5000   37.5000   30.000013260.4512   44.2200
   -7.5000   45.0000   30.000012693.7764   45.8389
    0.0000   45.0000   30.000013292.5078   45.7431
    7.5000   45.0000   30.000012664.3613   45.5911
   -7.5000  -45.0000   37.5000 7852.6284   30.8670
    0.0000  -45.0000   37.5000 8245.9053   30.7815
    7.5000  -45.0000   37.5000 7912.5728   30.6626
   -7.5000  -37.5000   37.5000 8227.7764   31.5847
    0.0000  -37.5000   37.5000 8615.2266   31.4872
    7.5000  -37.5000   37.5000 8286.2344   31.3759
   -7.5000  -30.0000   37.5000 8929.2617   32.3356
    0.0000  -30.0000   37.5000 9347.0215   32.2297
    7.5000  -30.0000   37.5000 8997.8291   32.1273
   -7.5000  -22.5000   37.5000 9724.9092   33.2981
    0.0000  -22.5000   37.500010173.1797   33.1986
    7.5000  -22.5000   37.5000 9794.7061   33.1002
   -7.5000  -15.0000   37.500010560.0020   34.3490
    0.0000  -15.0000   37.500011035.4814   34.2592
    7.5000  -15.0000   37.500010610.3877   34.1507
   -7.5000   -7.5000   37.500011454.8896   35.4780
    0.0000   -7.5000   37.500011953.4912   35.3891
    7.5000   -7.5000   37.500011475.1670   35.2627
   -7.5000    0.0000   37.500012403.0439   36.8116
    0.0000    0.0000   37.500012966.8115   36.7141
    7.5000    0.0000   37.500012436.2646   36.5796
   -7.5000    7.5000   37.500012533.1387   38.2507
    0.0000    7.5000   37.500013096.0527   38.1348
    7.5000    7.5000   37.500012560.6973   38.0028
   -7.5000   15.0000   37.500012796.5254   40.1961
    0.0000   15.0000   37.500013367.9209   40.0970
    7.5000   15.0000   37.500012781.2061   39.9769
   -7.5000   22.5000   37.500012778.9883   41.9366
    0.0000   22.5000   37.500013360.2080   41.8467
    7.5000   22.5000   37.500012762.9492   41.7357
   -7.5000   30.0000   37.500012531.5986   43.5050
    0.0000   30.0000   37.500013107.6592   43.4184
    7.5000   30.0000   37.500012523.1299   43.3006
   -7.5000   37.5000   37.500012608.3740   45.4355
    0.0000   37.5000   37.500013182.0986   45.3491
    7.5000   37.5000   37.500012603.0098   45.2042
   -7.5000   45.0000   37.500012095.2354   46.8941
    0.0000   45.0000   37.500012659.5576   46.7984
    7.5000   45.0000   37.500012071.3535   46.6296
   -7.5000  -45.0000   45.0000 7141.4360   32.0044
    0.0000  -45.0000   45.0000 7532.6758   31.9232
    7.5000  -45.0000   45.0000 7231.9727   31.8106
   -7.5000  -37.5000   45.0000 7434.6133   32.6313
    0.0000  -37.5000   45.0000 7817.5576   32.5281
    7.5000  -37.5000   45.0000 7521.9238   32.4112
   -7.5000  -30.0000   45.0000 8105.3521   33.4357
    0.0000  -30.0000   45.0000 8490.8174   33.3176
    7.5000  -30.0000   45.0000 8197.1943   33.2028
   -7.5000  -22.5000   45.0000 8876.3799   34.4535
    0.0000  -22.5000   45.0000 9272.6885   34.3427
    7.5000  -22.5000   45.0000 8953.5635   34.2347
   -7.5000  -15.0000   45.0000 9678.5107   35.5482
    0.0000  -15.0000   45.000010103.2080   35.4545
    7.5000  -15.0000   45.0000 9729.4150   35.3464
   -7.5000   -7.5000   45.000010535.1484   36.7223
    0.0000   -7.5000   45.000010988.1855   36.6377
    7.5000   -7.5000   45.000010565.5869   36.5210
   -7.5000    0.0000   45.000011418.2607   38.1125
    0.0000    0.0000   45.000011904.3477   38.0204
    7.5000    0.0000   45.000011438.0459   37.8931
   -7.5000    7.5000   45.000011473.3770   39.4917
    0.0000    7.5000   45.000011950.7275   39.3683
    7.5000    7.5000   45.000011464.9736   39.2296
   -7.5000   15.0000   45.000011619.4004   41.4045
    0.0000   15.0000   45.000012131.9121   41.2898
    7.5000   15.0000   45.000011592.6045   41.1549
   -7.5000   22.5000   45.000011599.4561   43.1623
    0.0000   22.5000   45.000012109.6387   43.0623
    7.5000   22.5000   45.000011570.6533   42.9342
   -7.5000   30.0000   45.000011384.5635   44.7565
    0.0000   30.0000   45.000011883.9590   44.6705
    7.5000   30.0000   45.000011361.4033   44.5417
   -7.5000   37.5000   45.000011486.3672   46.7276
    0.0000   37.5000   45.000011979.0000   46.6500
    7.5000   37.5000   45.000011450.5430   46.5137
   -7.5000   45.0000   45.000011052.2607   48.2579
    0.0000   45.0000   45.000011534.9854   48.1656
    7.5000   45.0000   45.000011019.6387   48.0050

---------------------------------------------------------------------
imgreg_4dfp /opt/freesurfer/average/3T18yoSchwartzReactN32_as_orig /opt/freesurfer/average/711-2B_as_mni_average_305_mask talsrcimg_g11 none talsrcimg_to_3T18yoSchwartzReactN32_as_orig_t4 4355
---------------------------------------------------------------------

freesurfer imgreg_4dfp.c
/opt/freesurfer/average/3T18yoSchwartzReactN32_as_orig.4dfp.img
       256       256       256         1
  1.000000  1.000000  1.000000
orientation T byte_order littleendian
Reading image: /opt/freesurfer/average/3T18yoSchwartzReactN32_as_orig.4dfp.img
dimensions:      256       256       256
mmppix:       1.0000   -1.0000   -1.0000
center:     128.0000 -129.0000 -129.0000
/opt/freesurfer/average/711-2B_as_mni_average_305_mask.4dfp.img
       256       256       256         1
  1.000000  1.000000  1.000000
orientation T byte_order littleendian
Reading mask: /opt/freesurfer/average/711-2B_as_mni_average_305_mask.4dfp.img (2306576 pixels)
talsrcimg_g11.4dfp.img
       320       320       320         1
  0.800000  0.800000  0.800000
orientation T byte_order littleendian
Reading image: talsrcimg_g11.4dfp.img
dimensions:      320       320       320
mmppix:       0.8000   -0.8000   -0.8000
center:     128.0000 -128.8000 -128.8000
rotation matrix determinant  1.000000
image alignment mode   4355 decimal     1103 hex
   -7.5000  -30.0000  -37.5000 2292.5269   47.6489
    0.0000  -30.0000  -37.5000 2315.7134   47.1567
    7.5000  -30.0000  -37.5000 2303.5674   47.0166
   -7.5000  -22.5000  -37.5000 2348.0649   47.1133
    0.0000  -22.5000  -37.5000 2371.5618   46.6658
    7.5000  -22.5000  -37.5000 2363.0073   46.5993
   -7.5000  -15.0000  -37.5000 2390.8899   46.4359
    0.0000  -15.0000  -37.5000 2407.4346   45.9037
    7.5000  -15.0000  -37.5000 2402.2258   46.0493
   -7.5000   -7.5000  -37.5000 2421.6118   45.6555
    0.0000   -7.5000  -37.5000 2430.4866   45.1182
    7.5000   -7.5000  -37.5000 2424.2485   45.3724
   -7.5000    0.0000  -37.5000 2449.8899   44.9572
    0.0000    0.0000  -37.5000 2454.7192   44.4620
    7.5000    0.0000  -37.5000 2449.7217   44.7095
   -7.5000    7.5000  -37.5000 2461.2900   44.1744
    0.0000    7.5000  -37.5000 2471.0334   43.6403
    7.5000    7.5000  -37.5000 2463.6914   43.8987
   -7.5000   15.0000  -37.5000 2464.8037   43.4399
    0.0000   15.0000  -37.5000 2478.6799   42.9891
    7.5000   15.0000  -37.5000 2463.3938   43.1783
   -7.5000   22.5000  -37.5000 2461.0420   43.3498
    0.0000   22.5000  -37.5000 2479.9807   42.9492
    7.5000   22.5000  -37.5000 2462.3901   43.1686
   -7.5000   30.0000  -37.5000 2435.3887   43.6265
    0.0000   30.0000  -37.5000 2452.3831   43.2118
    7.5000   30.0000  -37.5000 2430.9226   43.5181
   -7.5000   37.5000  -37.5000 2397.2434   44.9161
    0.0000   37.5000  -37.5000 2420.2556   44.6104
    7.5000   37.5000  -37.5000 2391.8064   44.7529
   -7.5000   45.0000  -37.5000 2342.1143   47.0133
    0.0000   45.0000  -37.5000 2366.4089   46.8537
    7.5000   45.0000  -37.5000 2339.8389   46.9844
   -7.5000   52.5000  -37.5000 2252.6025   50.0873
    0.0000   52.5000  -37.5000 2272.5320   49.8116
    7.5000   52.5000  -37.5000 2247.3521   49.9818
   -7.5000   60.0000  -37.5000 2112.8206   53.4093
    0.0000   60.0000  -37.5000 2128.4353   53.0590
    7.5000   60.0000  -37.5000 2108.7693   53.2063
   -7.5000  -30.0000  -30.0000 2418.1238   46.2799
    0.0000  -30.0000  -30.0000 2436.1313   45.5591
    7.5000  -30.0000  -30.0000 2422.8506   45.6189
   -7.5000  -22.5000  -30.0000 2471.5977   45.5820
    0.0000  -22.5000  -30.0000 2490.7993   44.8582
    7.5000  -22.5000  -30.0000 2478.1206   44.9511
   -7.5000  -15.0000  -30.0000 2507.4619   44.7243
    0.0000  -15.0000  -30.0000 2528.8320   44.1111
    7.5000  -15.0000  -30.0000 2522.7073   44.2573
   -7.5000   -7.5000  -30.0000 2541.7654   43.8904
    0.0000   -7.5000  -30.0000 2554.0486   43.3295
    7.5000   -7.5000  -30.0000 2545.1772   43.4760
   -7.5000    0.0000  -30.0000 2568.8723   42.9079
    0.0000    0.0000  -30.0000 2578.6897   42.4217
    7.5000    0.0000  -30.0000 2570.7937   42.6852
   -7.5000    7.5000  -30.0000 2591.1907   42.0359
    0.0000    7.5000  -30.0000 2602.7683   41.6187
    7.5000    7.5000  -30.0000 2593.7546   41.9520
   -7.5000   15.0000  -30.0000 2604.3635   41.3094
    0.0000   15.0000  -30.0000 2616.0256   40.8664
    7.5000   15.0000  -30.0000 2602.2085   41.2188
   -7.5000   22.5000  -30.0000 2604.3264   41.2733
    0.0000   22.5000  -30.0000 2613.6992   40.7325
    7.5000   22.5000  -30.0000 2600.7817   41.1323
   -7.5000   30.0000  -30.0000 2583.8369   41.7154
    0.0000   30.0000  -30.0000 2599.3376   41.1461
    7.5000   30.0000  -30.0000 2582.8818   41.5781
   -7.5000   37.5000  -30.0000 2553.2405   43.0270
    0.0000   37.5000  -30.0000 2571.5435   42.4827
    7.5000   37.5000  -30.0000 2548.9023   42.8601
   -7.5000   45.0000  -30.0000 2499.6858   45.0098
    0.0000   45.0000  -30.0000 2523.2988   44.6733
    7.5000   45.0000  -30.0000 2493.0154   44.9394
   -7.5000   52.5000  -30.0000 2406.8730   47.9326
    0.0000   52.5000  -30.0000 2432.6565   47.6451
    7.5000   52.5000  -30.0000 2404.5354   47.7745
   -7.5000   60.0000  -30.0000 2261.2458   51.1397
    0.0000   60.0000  -30.0000 2284.8574   50.7979
    7.5000   60.0000  -30.0000 2261.4424   50.9282
   -7.5000  -30.0000  -22.5000 2493.4612   44.7723
    0.0000  -30.0000  -22.5000 2509.5955   43.9250
    7.5000  -30.0000  -22.5000 2498.0803   44.0483
   -7.5000  -22.5000  -22.5000 2543.1306   43.9577
    0.0000  -22.5000  -22.5000 2559.8840   43.1366
    7.5000  -22.5000  -22.5000 2552.8027   43.3530
   -7.5000  -15.0000  -22.5000 2581.3728   42.8838
    0.0000  -15.0000  -22.5000 2595.5974   42.1366
    7.5000  -15.0000  -22.5000 2592.9624   42.4063
   -7.5000   -7.5000  -22.5000 2609.4553   41.8949
    0.0000   -7.5000  -22.5000 2623.4045   41.2502
    7.5000   -7.5000  -22.5000 2614.8752   41.4180
   -7.5000    0.0000  -22.5000 2642.7856   40.8472
    0.0000    0.0000  -22.5000 2654.3123   40.2780
    7.5000    0.0000  -22.5000 2642.8936   40.4333
   -7.5000    7.5000  -22.5000 2674.3870   39.8533
    0.0000    7.5000  -22.5000 2684.6958   39.2144
    7.5000    7.5000  -22.5000 2675.0186   39.5984
   -7.5000   15.0000  -22.5000 2690.7432   39.0116
    0.0000   15.0000  -22.5000 2703.9558   38.4703
    7.5000   15.0000  -22.5000 2690.8657   38.9155
   -7.5000   22.5000  -22.5000 2701.6492   38.9384
    0.0000   22.5000  -22.5000 2712.2556   38.3243
    7.5000   22.5000  -22.5000 2699.8079   38.7512
   -7.5000   30.0000  -22.5000 2698.8127   39.5435
    0.0000   30.0000  -22.5000 2707.8545   38.8609
    7.5000   30.0000  -22.5000 2695.9285   39.3057
   -7.5000   37.5000  -22.5000 2675.8652   40.8702
    0.0000   37.5000  -22.5000 2689.0071   40.2087
    7.5000   37.5000  -22.5000 2669.4556   40.6423
   -7.5000   45.0000  -22.5000 2624.3738   42.9214
    0.0000   45.0000  -22.5000 2643.1538   42.4473
    7.5000   45.0000  -22.5000 2620.3699   42.7764
   -7.5000   52.5000  -22.5000 2529.1860   45.7340
    0.0000   52.5000  -22.5000 2548.6453   45.2961
    7.5000   52.5000  -22.5000 2528.1150   45.5682
   -7.5000   60.0000  -22.5000 2379.6421   48.9410
    0.0000   60.0000  -22.5000 2399.7073   48.4341
    7.5000   60.0000  -22.5000 2379.7317   48.6547
   -7.5000  -30.0000  -15.0000 2517.6416   43.6805
    0.0000  -30.0000  -15.0000 2530.9995   42.7047
    7.5000  -30.0000  -15.0000 2528.3101   42.8712
   -7.5000  -22.5000  -15.0000 2566.9370   42.6976
    0.0000  -22.5000  -15.0000 2579.9922   41.7635
    7.5000  -22.5000  -15.0000 2583.3748   41.9948
   -7.5000  -15.0000  -15.0000 2605.9912   41.5260
    0.0000  -15.0000  -15.0000 2615.6831   40.5766
    7.5000  -15.0000  -15.0000 2619.9207   40.8535
   -7.5000   -7.5000  -15.0000 2638.2366   40.3188
    0.0000   -7.5000  -15.0000 2646.8228   39.4467
    7.5000   -7.5000  -15.0000 2645.8589   39.7127
   -7.5000    0.0000  -15.0000 2675.1257   39.1542
    0.0000    0.0000  -15.0000 2679.3369   38.3714
    7.5000    0.0000  -15.0000 2672.8887   38.5838
   -7.5000    7.5000  -15.0000 2706.4521   37.9322
    0.0000    7.5000  -15.0000 2714.7314   37.1514
    7.5000    7.5000  -15.0000 2709.1804   37.4933
   -7.5000   15.0000  -15.0000 2733.2087   36.9720
    0.0000   15.0000  -15.0000 2745.7400   36.2907
    7.5000   15.0000  -15.0000 2736.9700   36.6871
   -7.5000   22.5000  -15.0000 2758.7273   36.8919
    0.0000   22.5000  -15.0000 2769.5723   36.1952
    7.5000   22.5000  -15.0000 2762.7708   36.6655
   -7.5000   30.0000  -15.0000 2766.2935   37.6625
    0.0000   30.0000  -15.0000 2776.8081   36.8961
    7.5000   30.0000  -15.0000 2766.6187   37.3522
   -7.5000   37.5000  -15.0000 2747.3643   38.9828
    0.0000   37.5000  -15.0000 2759.4414   38.3054
    7.5000   37.5000  -15.0000 2746.5642   38.7467
   -7.5000   45.0000  -15.0000 2707.2534   41.1391
    0.0000   45.0000  -15.0000 2721.7607   40.5322
    7.5000   45.0000  -15.0000 2705.4592   40.9860
   -7.5000   52.5000  -15.0000 2607.5305   43.8472
    0.0000   52.5000  -15.0000 2624.6143   43.2812
    7.5000   52.5000  -15.0000 2611.3481   43.7037
   -7.5000   60.0000  -15.0000 2454.3408   46.9700
    0.0000   60.0000  -15.0000 2475.6143   46.4732
    7.5000   60.0000  -15.0000 2458.6360   46.7701
   -7.5000  -30.0000   -7.5000 2517.1716   43.3717
    0.0000  -30.0000   -7.5000 2521.1641   42.2458
    7.5000  -30.0000   -7.5000 2528.8008   42.4484
   -7.5000  -22.5000   -7.5000 2556.4131   42.1416
    0.0000  -22.5000   -7.5000 2560.8484   41.1134
    7.5000  -22.5000   -7.5000 2570.8679   41.2918
   -7.5000  -15.0000   -7.5000 2590.5342   40.7102
    0.0000  -15.0000   -7.5000 2593.0046   39.7793
    7.5000  -15.0000   -7.5000 2602.3643   39.9354
   -7.5000   -7.5000   -7.5000 2623.7261   39.3188
    0.0000   -7.5000   -7.5000 2625.2085   38.4768
    7.5000   -7.5000   -7.5000 2629.5122   38.5980
   -7.5000    0.0000   -7.5000 2661.9209   37.9825
    0.0000    0.0000   -7.5000 2660.4016   37.1955
    7.5000    0.0000   -7.5000 2661.4736   37.3676
   -7.5000    7.5000   -7.5000 2693.5969   36.6081
    0.0000    7.5000   -7.5000 2693.6543   35.8651
    7.5000    7.5000   -7.5000 2703.9487   36.2790
   -7.5000   15.0000   -7.5000 2726.7556   35.5935
    0.0000   15.0000   -7.5000 2726.3643   34.7186
    7.5000   15.0000   -7.5000 2729.9570   35.2690
   -7.5000   22.5000   -7.5000 2779.5627   35.5879
    0.0000   22.5000   -7.5000 2785.5015   34.7752
    7.5000   22.5000   -7.5000 2780.5264   35.2491
   -7.5000   30.0000   -7.5000 2813.2830   36.4546
    0.0000   30.0000   -7.5000 2816.7195   35.7006
    7.5000   30.0000   -7.5000 2810.1860   36.0898
   -7.5000   37.5000   -7.5000 2806.8347   37.8525
    0.0000   37.5000   -7.5000 2810.7234   37.1218
    7.5000   37.5000   -7.5000 2804.0803   37.5930
   -7.5000   45.0000   -7.5000 2761.6238   39.8349
    0.0000   45.0000   -7.5000 2768.0073   39.1603
    7.5000   45.0000   -7.5000 2759.1938   39.6498
   -7.5000   52.5000   -7.5000 2657.3035   42.6035
    0.0000   52.5000   -7.5000 2668.1814   41.9403
    7.5000   52.5000   -7.5000 2659.6233   42.3823
   -7.5000   60.0000   -7.5000 2506.4873   45.8572
    0.0000   60.0000   -7.5000 2522.3679   45.1205
    7.5000   60.0000   -7.5000 2508.4441   45.5294
   -7.5000  -30.0000    0.0000 2487.8232   43.5300
    0.0000  -30.0000    0.0000 2505.2803   42.5356
    7.5000  -30.0000    0.0000 2505.3740   42.6720
   -7.5000  -22.5000    0.0000 2522.4182   42.2191
    0.0000  -22.5000    0.0000 2529.7026   41.2194
    7.5000  -22.5000    0.0000 2532.9521   41.3152
   -7.5000  -15.0000    0.0000 2549.4702   40.6268
    0.0000  -15.0000    0.0000 2550.6201   39.7108
    7.5000  -15.0000    0.0000 2560.5129   39.8077
   -7.5000   -7.5000    0.0000 2582.2837   39.0520
    0.0000   -7.5000    0.0000 2578.3638   38.3023
    7.5000   -7.5000    0.0000 2581.9521   38.3362
   -7.5000    0.0000    0.0000 2624.4126   37.6118
    0.0000    0.0000    0.0000 2618.3406   37.0443
    7.5000    0.0000    0.0000 2621.6179   37.0821
   -7.5000    7.5000    0.0000 2683.3540   36.5115
    0.0000    7.5000    0.0000 2687.5073   36.2112
    7.5000    7.5000    0.0000 2681.3462   36.1141
   -7.5000   15.0000    0.0000 2741.3013   35.6012
    0.0000   15.0000    0.0000 2737.3977   35.1035
    7.5000   15.0000    0.0000 2739.8350   35.2561
   -7.5000   22.5000    0.0000 2799.7031   35.2609
    0.0000   22.5000    0.0000 2802.5193   34.6336
    7.5000   22.5000    0.0000 2792.8586   34.8865
   -7.5000   30.0000    0.0000 2848.1646   35.9554
    0.0000   30.0000    0.0000 2866.7949   35.4542
    7.5000   30.0000    0.0000 2844.9158   35.6032
   -7.5000   37.5000    0.0000 2846.3479   37.2266
    0.0000   37.5000    0.0000 2855.2295   36.5541
    7.5000   37.5000    0.0000 2840.3989   36.8935
   -7.5000   45.0000    0.0000 2794.6946   39.1414
    0.0000   45.0000    0.0000 2803.8677   38.5508
    7.5000   45.0000    0.0000 2790.6941   38.9700
   -7.5000   52.5000    0.0000 2686.4146   41.9120
    0.0000   52.5000    0.0000 2700.2981   41.2899
    7.5000   52.5000    0.0000 2685.8962   41.6757
   -7.5000   60.0000    0.0000 2528.0378   45.0537
    0.0000   60.0000    0.0000 2546.8970   44.4368
    7.5000   60.0000    0.0000 2529.6414   44.7413
   -7.5000  -30.0000    7.5000 2431.7161   44.4393
    0.0000  -30.0000    7.5000 2441.5066   43.1963
    7.5000  -30.0000    7.5000 2449.2761   43.5321
   -7.5000  -22.5000    7.5000 2460.1526   42.9856
    0.0000  -22.5000    7.5000 2461.3738   41.9332
    7.5000  -22.5000    7.5000 2477.0471   42.2200
   -7.5000  -15.0000    7.5000 2492.5935   41.4452
    0.0000  -15.0000    7.5000 2491.8110   40.6377
    7.5000  -15.0000    7.5000 2498.8071   40.7005
   -7.5000   -7.5000    7.5000 2529.4871   39.7460
    0.0000   -7.5000    7.5000 2542.2012   39.3545
    7.5000   -7.5000    7.5000 2528.8518   39.1548
   -7.5000    0.0000    7.5000 2578.3425   38.2523
    0.0000    0.0000    7.5000 2603.3420   38.0968
    7.5000    0.0000    7.5000 2578.3188   37.8088
   -7.5000    7.5000    7.5000 2657.2832   37.0864
    0.0000    7.5000    7.5000 2706.3984   37.4308
    7.5000    7.5000    7.5000 2660.3821   36.8837
   -7.5000   15.0000    7.5000 2747.7944   36.3038
    0.0000   15.0000    7.5000 2805.0879   36.7994
    7.5000   15.0000    7.5000 2753.8491   36.1470
   -7.5000   22.5000    7.5000 2810.6194   35.7268
    0.0000   22.5000    7.5000 2837.7773   35.4463
    7.5000   22.5000    7.5000 2813.2900   35.5266
   -7.5000   30.0000    7.5000 2841.8552   35.9493
    0.0000   30.0000    7.5000 2855.5837   35.3437
    7.5000   30.0000    7.5000 2849.1145   35.8267
   -7.5000   37.5000    7.5000 2837.7520   37.1305
    0.0000   37.5000    7.5000 2839.2449   36.3502
    7.5000   37.5000    7.5000 2838.2627   36.9541
   -7.5000   45.0000    7.5000 2790.6960   39.0317
    0.0000   45.0000    7.5000 2794.5605   38.2511
    7.5000   45.0000    7.5000 2795.3118   38.8772
   -7.5000   52.5000    7.5000 2691.0754   41.8073
    0.0000   52.5000    7.5000 2696.1069   40.9943
    7.5000   52.5000    7.5000 2693.6091   41.5651
   -7.5000   60.0000    7.5000 2538.7649   44.9324
    0.0000   60.0000    7.5000 2543.9663   44.1940
    7.5000   60.0000    7.5000 2536.5820   44.6076
   -7.5000  -30.0000   15.0000 2379.6729   46.4548
    0.0000  -30.0000   15.0000 2386.9575   45.1855
    7.5000  -30.0000   15.0000 2399.9900   45.7223
   -7.5000  -22.5000   15.0000 2416.8940   44.9740
    0.0000  -22.5000   15.0000 2417.2280   43.9664
    7.5000  -22.5000   15.0000 2429.7344   44.3272
   -7.5000  -15.0000   15.0000 2452.9783   43.2886
    0.0000  -15.0000   15.0000 2456.0840   42.5669
    7.5000  -15.0000   15.0000 2462.5667   42.7145
   -7.5000   -7.5000   15.0000 2500.8208   41.5426
    0.0000   -7.5000   15.0000 2508.8867   41.1130
    7.5000   -7.5000   15.0000 2504.0461   41.0454
   -7.5000    0.0000   15.0000 2559.3047   39.7597
    0.0000    0.0000   15.0000 2572.8213   39.5482
    7.5000    0.0000   15.0000 2561.2976   39.4866
   -7.5000    7.5000   15.0000 2629.2014   38.2189
    0.0000    7.5000   15.0000 2664.0901   38.3757
    7.5000    7.5000   15.0000 2633.5703   38.1268
   -7.5000   15.0000   15.0000 2714.7776   36.9824
    0.0000   15.0000   15.0000 2747.9170   37.0603
    7.5000   15.0000   15.0000 2732.8381   37.0860
   -7.5000   22.5000   15.0000 2786.9224   36.6043
    0.0000   22.5000   15.0000 2803.6677   35.9674
    7.5000   22.5000   15.0000 2799.2795   36.6055
   -7.5000   30.0000   15.0000 2822.1526   36.9701
    0.0000   30.0000   15.0000 2842.6377   36.2877
    7.5000   30.0000   15.0000 2829.4192   36.9294
   -7.5000   37.5000   15.0000 2822.9207   38.2101
    0.0000   37.5000   15.0000 2831.1772   37.5625
    7.5000   37.5000   15.0000 2822.2571   38.0708
   -7.5000   45.0000   15.0000 2777.1453   40.0325
    0.0000   45.0000   15.0000 2781.6333   39.3153
    7.5000   45.0000   15.0000 2781.0676   39.8185
   -7.5000   52.5000   15.0000 2677.6135   42.6530
    0.0000   52.5000   15.0000 2679.9993   41.7896
    7.5000   52.5000   15.0000 2681.1138   42.2872
   -7.5000   60.0000   15.0000 2528.6792   45.5509
    0.0000   60.0000   15.0000 2531.8533   44.7452
    7.5000   60.0000   15.0000 2527.9143   45.0701
   -7.5000  -30.0000   22.5000 2329.1772   49.4398
    0.0000  -30.0000   22.5000 2327.9592   48.1302
    7.5000  -30.0000   22.5000 2350.3535   48.7389
   -7.5000  -22.5000   22.5000 2370.8103   47.6756
    0.0000  -22.5000   22.5000 2369.2612   46.5627
    7.5000  -22.5000   22.5000 2389.5605   47.1592
   -7.5000  -15.0000   22.5000 2412.9436   45.6779
    0.0000  -15.0000   22.5000 2412.6304   44.8038
    7.5000  -15.0000   22.5000 2430.6155   45.2710
   -7.5000   -7.5000   22.5000 2463.1882   43.5760
    0.0000   -7.5000   22.5000 2467.5469   42.9663
    7.5000   -7.5000   22.5000 2475.7852   43.3073
   -7.5000    0.0000   22.5000 2527.2656   41.5816
    0.0000    0.0000   22.5000 2526.1758   41.0900
    7.5000    0.0000   22.5000 2529.6589   41.4593
   -7.5000    7.5000   22.5000 2608.8770   39.9529
    0.0000    7.5000   22.5000 2611.1479   39.7409
    7.5000    7.5000   22.5000 2604.7136   39.8787
   -7.5000   15.0000   22.5000 2689.8398   38.6390
    0.0000   15.0000   22.5000 2684.8530   38.0291
    7.5000   15.0000   22.5000 2696.5869   38.7908
   -7.5000   22.5000   22.5000 2756.9915   38.3159
    0.0000   22.5000   22.5000 2760.1179   37.4474
    7.5000   22.5000   22.5000 2761.8835   38.3132
   -7.5000   30.0000   22.5000 2785.2866   38.7952
    0.0000   30.0000   22.5000 2794.4912   37.9155
    7.5000   30.0000   22.5000 2785.0222   38.6167
   -7.5000   37.5000   22.5000 2784.1152   40.0027
    0.0000   37.5000   22.5000 2789.2773   39.1914
    7.5000   37.5000   22.5000 2785.6597   39.8024
   -7.5000   45.0000   22.5000 2748.9404   41.8284
    0.0000   45.0000   22.5000 2752.9150   41.1225
    7.5000   45.0000   22.5000 2755.3098   41.5673
   -7.5000   52.5000   22.5000 2652.8250   44.1366
    0.0000   52.5000   22.5000 2656.0310   43.4616
    7.5000   52.5000   22.5000 2657.1824   43.8390
   -7.5000   60.0000   22.5000 2504.0728   46.7319
    0.0000   60.0000   22.5000 2512.3835   46.0477
    7.5000   60.0000   22.5000 2504.6477   46.3551
   -7.5000  -30.0000   30.0000 2276.7527   53.1776
    0.0000  -30.0000   30.0000 2264.5415   51.7503
    7.5000  -30.0000   30.0000 2290.6660   52.4750
   -7.5000  -22.5000   30.0000 2318.2292   50.8915
    0.0000  -22.5000   30.0000 2309.4304   49.6387
    7.5000  -22.5000   30.0000 2334.8438   50.3798
   -7.5000  -15.0000   30.0000 2363.2212   48.2920
    0.0000  -15.0000   30.0000 2358.1963   47.3583
    7.5000  -15.0000   30.0000 2378.7964   48.1212
   -7.5000   -7.5000   30.0000 2421.7561   45.9392
    0.0000   -7.5000   30.0000 2414.8218   45.1669
    7.5000   -7.5000   30.0000 2428.8347   45.9202
   -7.5000    0.0000   30.0000 2500.0237   44.0469
    0.0000    0.0000   30.0000 2492.3743   43.4406
    7.5000    0.0000   30.0000 2496.3806   43.9333
   -7.5000    7.5000   30.0000 2585.4458   42.4177
    0.0000    7.5000   30.0000 2579.2981   41.8398
    7.5000    7.5000   30.0000 2581.6553   42.3327
   -7.5000   15.0000   30.0000 2658.2236   41.1594
    0.0000   15.0000   30.0000 2655.8796   40.3820
    7.5000   15.0000   30.0000 2657.3420   41.1930
   -7.5000   22.5000   30.0000 2715.8159   40.8356
    0.0000   22.5000   30.0000 2720.6150   39.9855
    7.5000   22.5000   30.0000 2717.5198   40.7627
   -7.5000   30.0000   30.0000 2737.9583   41.1936
    0.0000   30.0000   30.0000 2737.0854   40.3405
    7.5000   30.0000   30.0000 2735.5115   41.0493
   -7.5000   37.5000   30.0000 2734.7544   42.3061
    0.0000   37.5000   30.0000 2723.6282   41.3989
    7.5000   37.5000   30.0000 2734.5781   42.0894
   -7.5000   45.0000   30.0000 2700.2039   44.1146
    0.0000   45.0000   30.0000 2695.1917   43.2134
    7.5000   45.0000   30.0000 2701.5149   43.8644
   -7.5000   52.5000   30.0000 2607.6907   46.2672
    0.0000   52.5000   30.0000 2611.3662   45.5306
    7.5000   52.5000   30.0000 2610.1147   45.9448
   -7.5000   60.0000   30.0000 2467.4319   48.7340
    0.0000   60.0000   30.0000 2477.4326   48.0762
    7.5000   60.0000   30.0000 2466.1584   48.2557
   -7.5000  -30.0000   37.5000 2211.9155   57.4812
    0.0000  -30.0000   37.5000 2203.7778   56.0771
    7.5000  -30.0000   37.5000 2224.1680   56.7858
   -7.5000  -22.5000   37.5000 2258.7581   54.5563
    0.0000  -22.5000   37.5000 2248.6838   53.2807
    7.5000  -22.5000   37.5000 2273.8625   54.1955
   -7.5000  -15.0000   37.5000 2313.8379   51.6110
    0.0000  -15.0000   37.5000 2299.8967   50.4525
    7.5000  -15.0000   37.5000 2323.0129   51.5037
   -7.5000   -7.5000   37.5000 2381.4058   49.0675
    0.0000   -7.5000   37.5000 2370.6580   48.2293
    7.5000   -7.5000   37.5000 2383.4688   49.1246
   -7.5000    0.0000   37.5000 2465.4131   47.1495
    0.0000    0.0000   37.5000 2454.6365   46.3540
    7.5000    0.0000   37.5000 2461.5759   47.1104
   -7.5000    7.5000   37.5000 2549.3477   45.5203
    0.0000    7.5000   37.5000 2540.2212   44.6250
    7.5000    7.5000   37.5000 2545.2598   45.4658
   -7.5000   15.0000   37.5000 2616.5376   44.2654
    0.0000   15.0000   37.5000 2614.5181   43.4448
    7.5000   15.0000   37.5000 2612.7285   44.2526
   -7.5000   22.5000   37.5000 2669.9636   43.9632
    0.0000   22.5000   37.5000 2672.2861   43.1747
    7.5000   22.5000   37.5000 2663.3198   43.8070
   -7.5000   30.0000   37.5000 2679.0286   44.1726
    0.0000   30.0000   37.5000 2683.1431   43.4173
    7.5000   30.0000   37.5000 2680.2290   44.0371
   -7.5000   37.5000   37.5000 2665.8760   45.0131
    0.0000   37.5000   37.5000 2662.8079   44.2545
    7.5000   37.5000   37.5000 2671.9949   44.9512
   -7.5000   45.0000   37.5000 2635.9048   46.7125
    0.0000   45.0000   37.5000 2636.3230   45.8947
    7.5000   45.0000   37.5000 2638.7166   46.5941
   -7.5000   52.5000   37.5000 2551.8821   48.8247
    0.0000   52.5000   37.5000 2560.1409   48.0473
    7.5000   52.5000   37.5000 2555.8022   48.5713
   -7.5000   60.0000   37.5000 2412.4583   51.1544
    0.0000   60.0000   37.5000 2423.8538   50.4966
    7.5000   60.0000   37.5000 2416.3333   50.7807
   -7.5000  -30.0000   45.0000 2136.9736   62.2038
    0.0000  -30.0000   45.0000 2140.3555   60.8516
    7.5000  -30.0000   45.0000 2160.8037   61.6991
   -7.5000  -22.5000   45.0000 2191.7900   58.5627
    0.0000  -22.5000   45.0000 2189.0142   57.3610
    7.5000  -22.5000   45.0000 2213.1191   58.6148
   -7.5000  -15.0000   45.0000 2258.5256   55.3982
    0.0000  -15.0000   45.0000 2254.6189   54.2576
    7.5000  -15.0000   45.0000 2272.0393   55.5925
   -7.5000   -7.5000   45.0000 2340.3745   52.8965
    0.0000   -7.5000   45.0000 2332.4626   51.8695
    7.5000   -7.5000   45.0000 2342.3604   52.9428
   -7.5000    0.0000   45.0000 2421.6392   50.7849
    0.0000    0.0000   45.0000 2413.5020   49.7880
    7.5000    0.0000   45.0000 2422.0156   50.7932
   -7.5000    7.5000   45.0000 2502.2988   49.1706
    0.0000    7.5000   45.0000 2499.1165   48.1890
    7.5000    7.5000   45.0000 2501.0630   49.2058
   -7.5000   15.0000   45.0000 2564.8140   47.9891
    0.0000   15.0000   45.0000 2568.7810   47.1824
    7.5000   15.0000   45.0000 2560.8281   48.0383
   -7.5000   22.5000   45.0000 2609.1145   47.7214
    0.0000   22.5000   45.0000 2612.5784   46.9226
    7.5000   22.5000   45.0000 2605.4153   47.5996
   -7.5000   30.0000   45.0000 2612.2700   47.7576
    0.0000   30.0000   45.0000 2615.9292   47.0594
    7.5000   30.0000   45.0000 2616.1387   47.6890
   -7.5000   37.5000   45.0000 2601.4326   48.5252
    0.0000   37.5000   45.0000 2599.2229   47.7778
    7.5000   37.5000   45.0000 2600.8713   48.4715
   -7.5000   45.0000   45.0000 2574.6555   49.8759
    0.0000   45.0000   45.0000 2573.3542   49.1348
    7.5000   45.0000   45.0000 2573.5513   49.8621
   -7.5000   52.5000   45.0000 2495.2073   51.7899
    0.0000   52.5000   45.0000 2502.0100   51.1409
    7.5000   52.5000   45.0000 2498.8535   51.7723
   -7.5000   60.0000   45.0000 2355.9314   54.2301
    0.0000   60.0000   45.0000 2365.3940   53.5797
    7.5000   60.0000   45.0000 2355.4363   54.0407
   -7.5000  -30.0000   52.5000 2054.7527   67.2829
    0.0000  -30.0000   52.5000 2062.0310   66.1014
    7.5000  -30.0000   52.5000 2085.3162   67.4827
   -7.5000  -22.5000   52.5000 2125.9673   63.4705
    0.0000  -22.5000   52.5000 2125.3940   62.2634
    7.5000  -22.5000   52.5000 2143.7747   63.8205
   -7.5000  -15.0000   52.5000 2208.2898   60.0923
    0.0000  -15.0000   52.5000 2205.4163   58.9832
    7.5000  -15.0000   52.5000 2213.0085   60.2922
   -7.5000   -7.5000   52.5000 2292.7737   57.1514
    0.0000   -7.5000   52.5000 2293.1877   56.2032
    7.5000   -7.5000   52.5000 2293.7874   57.2924
   -7.5000    0.0000   52.5000 2374.0327   54.9922
    0.0000    0.0000   52.5000 2372.6016   53.9305
    7.5000    0.0000   52.5000 2371.6936   55.0685
   -7.5000    7.5000   52.5000 2447.1968   53.3343
    0.0000    7.5000   52.5000 2456.1824   52.5679
    7.5000    7.5000   52.5000 2445.0452   53.4811
   -7.5000   15.0000   52.5000 2507.1067   52.2578
    0.0000   15.0000   52.5000 2515.4568   51.6528
    7.5000   15.0000   52.5000 2500.6230   52.2943
   -7.5000   22.5000   52.5000 2539.5295   51.9517
    0.0000   22.5000   52.5000 2549.6685   51.3659
    7.5000   22.5000   52.5000 2543.8816   51.9270
   -7.5000   30.0000   52.5000 2545.1062   52.0576
    0.0000   30.0000   52.5000 2549.8113   51.4394
    7.5000   30.0000   52.5000 2550.4722   52.0203
   -7.5000   37.5000   52.5000 2532.3372   52.5824
    0.0000   37.5000   52.5000 2536.3879   52.0013
    7.5000   37.5000   52.5000 2529.4119   52.6392
   -7.5000   45.0000   52.5000 2512.0239   53.7838
    0.0000   45.0000   52.5000 2518.1731   53.1326
    7.5000   45.0000   52.5000 2509.2957   53.7575
   -7.5000   52.5000   52.5000 2432.4185   55.5502
    0.0000   52.5000   52.5000 2441.4058   55.0068
    7.5000   52.5000   52.5000 2429.3882   55.4677
   -7.5000   60.0000   52.5000 2289.0488   57.9087
    0.0000   60.0000   52.5000 2303.1003   57.4590
    7.5000   60.0000   52.5000 2284.8823   57.6565

---------------------------------------------------------------------
imgreg_4dfp /opt/freesurfer/average/3T18yoSchwartzReactN32_as_orig /opt/freesurfer/average/711-2B_as_mni_average_305_mask talsrcimg_g11 none talsrcimg_to_3T18yoSchwartzReactN32_as_orig_t4 1283
---------------------------------------------------------------------

freesurfer imgreg_4dfp.c
/opt/freesurfer/average/3T18yoSchwartzReactN32_as_orig.4dfp.img
       256       256       256         1
  1.000000  1.000000  1.000000
orientation T byte_order littleendian
Reading image: /opt/freesurfer/average/3T18yoSchwartzReactN32_as_orig.4dfp.img
dimensions:      256       256       256
mmppix:       1.0000   -1.0000   -1.0000
center:     128.0000 -129.0000 -129.0000
/opt/freesurfer/average/711-2B_as_mni_average_305_mask.4dfp.img
       256       256       256         1
  1.000000  1.000000  1.000000
orientation T byte_order littleendian
Reading mask: /opt/freesurfer/average/711-2B_as_mni_average_305_mask.4dfp.img (2306576 pixels)
talsrcimg_g11.4dfp.img
       320       320       320         1
  0.800000  0.800000  0.800000
orientation T byte_order littleendian
Reading image: talsrcimg_g11.4dfp.img
dimensions:      320       320       320
mmppix:       0.8000   -0.8000   -0.8000
center:     128.0000 -128.8000 -128.8000
rotation matrix determinant  1.000000
fimgreg.f
image alignment mode   1283 decimal      503 hex
parameters
    0.0000   30.0000    0.0000    0.0000    0.0000    0.0000
eta,q 0.89930 35.67621
niter,ni,del,rscale     5    3   12.0000    1.2000
parameter  1  1.452453 ->  0.500000 qaram    1.1500
parameter  2 -0.669400 -> -0.500000 qaram    1.1500
parameters
   -3.4500   33.4500    1.1805    2.6740   -0.7166    0.5055
eta,q 0.89857 36.20439
  0.1053  0.1159  0.1124  0.1072  0.1034  0.1029
  0.1053  0.1107  0.1071  0.1058  0.1027  0.1022
  0.1060  0.1088  0.1031  0.1047  0.1019  0.1018
  0.1075  0.1053  0.1022  0.1028  0.1013  0.1016
  0.1077  0.1027  0.1038  0.1014  0.1019  0.1011
  0.1090  0.1022  0.1060  0.1019  0.1037  0.1015
  0.1106  0.1040  0.1052  0.1036  0.1045  0.1028
niter,ni,del,rscale     6    3   12.0000    1.2000
parameters
   -2.7863   32.6479    1.2966    2.9651   -1.3611    1.0447
eta,q 0.89804 36.11832
  0.1161  0.1105  0.1116  0.1061  0.1033  0.1032
  0.1083  0.1062  0.1063  0.1048  0.1028  0.1029
  0.1012  0.1024  0.1022  0.1033  0.1023  0.1026
  0.1014  0.1023  0.1019  0.1020  0.1020  0.1021
  0.1049  0.1049  0.1054  0.1027  0.1020  0.1017
  0.1084  0.1098  0.1084  0.1044  0.1035  0.1022
  0.1085  0.1147  0.1082  0.1056  0.1041  0.1033
niter,ni,del,rscale     5    3   12.0000    1.2000
parameters
   -2.4572   32.2863    1.2649    3.2341   -1.9136    1.0572
eta,q 0.89773 36.07821
  0.1143  0.1118  0.1117  0.1065  0.1036  0.1033
  0.1060  0.1079  0.1064  0.1052  0.1030  0.1031
  0.1007  0.1035  0.1025  0.1036  0.1024  0.1028
  0.1020  0.1024  0.1023  0.1023  0.1022  0.1023
  0.1055  0.1047  0.1058  0.1028  0.1021  0.1020
  0.1086  0.1089  0.1090  0.1047  0.1035  0.1027
  0.1082  0.1140  0.1091  0.1061  0.1044  0.1038
niter,ni,del,rscale     4    3   12.0000    1.2000
parameters
   -2.2867   32.1464    1.2241    3.5182   -2.2019    0.8412
eta,q 0.89749 36.07273
  0.1135  0.1125  0.1122  0.1067  0.1038  0.1034
  0.1053  0.1087  0.1068  0.1055  0.1033  0.1031
  0.1009  0.1041  0.1028  0.1038  0.1026  0.1029
  0.1023  0.1025  0.1025  0.1024  0.1024  0.1024
  0.1058  0.1046  0.1060  0.1029  0.1022  0.1022
  0.1085  0.1084  0.1094  0.1049  0.1033  0.1030
  0.1083  0.1138  0.1098  0.1063  0.1045  0.1040
niter,ni,del,rscale     3    3   12.0000    1.2000
parameters
   -2.2055   32.0764    1.1938    3.7394   -2.2903    0.6275
eta,q 0.89740 36.07650
  0.1131  0.1127  0.1127  0.1068  0.1041  0.1034
  0.1051  0.1091  0.1072  0.1055  0.1035  0.1031
  0.1010  0.1043  0.1030  0.1038  0.1028  0.1030
  0.1025  0.1026  0.1026  0.1026  0.1025  0.1026
  0.1060  0.1045  0.1061  0.1031  0.1024  0.1023
  0.1086  0.1082  0.1097  0.1052  0.1032  0.1029
  0.1085  0.1139  0.1103  0.1064  0.1046  0.1040
niter,ni,del,rscale     2    3   12.0000    1.2000
parameters
   -2.1810   32.0435    1.1724    3.8521   -2.2604    0.4484
eta,q 0.89736 36.07758
  0.1130  0.1128  0.1130  0.1068  0.1041  0.1033
  0.1049  0.1092  0.1074  0.1054  0.1036  0.1031
  0.1010  0.1043  0.1032  0.1037  0.1029  0.1030
  0.1026  0.1026  0.1026  0.1026  0.1026  0.1026
  0.1061  0.1045  0.1061  0.1033  0.1024  0.1022
  0.1087  0.1081  0.1099  0.1054  0.1032  0.1029
  0.1086  0.1139  0.1106  0.1065  0.1045  0.1039
niter,ni,del,rscale     1    3   12.0000    1.2000
parameters
   -2.1733   32.0423    1.1610    3.8964   -2.1854    0.3917
eta,q 0.89733 36.08011
  0.1129  0.1129  0.1132  0.1067  0.1042  0.1033
  0.1049  0.1093  0.1075  0.1053  0.1036  0.1032
  0.1010  0.1044  0.1033  0.1036  0.1030  0.1030
  0.1026  0.1027  0.1027  0.1026  0.1026  0.1026
  0.1061  0.1045  0.1061  0.1034  0.1025  0.1022
  0.1087  0.1079  0.1100  0.1055  0.1032  0.1028
  0.1087  0.1138  0.1107  0.1065  0.1045  0.1038
registration optimization eta report
parameter search radius
    6.9000    6.9000    6.0000    6.0000    6.0000    6.0000
100000*second partial in parameter space
       17.       22.       24.       10.        5.        3.
  0.1129  0.1129  0.1132  0.1067  0.1042  0.1033
  0.1049  0.1093  0.1075  0.1053  0.1036  0.1032
  0.1010  0.1044  0.1033  0.1036  0.1030  0.1030
  0.1026  0.1027  0.1027  0.1026  0.1026  0.1026
  0.1061  0.1045  0.1061  0.1034  0.1025  0.1022
  0.1087  0.1079  0.1100  0.1055  0.1032  0.1028
  0.1087  0.1138  0.1107  0.1065  0.1045  0.1038
   -2.1733   32.0423    1.1610    3.8964   -2.1854    0.3917
eta,q 0.89733 36.08011

---------------------------------------------------------------------
imgreg_4dfp /opt/freesurfer/average/3T18yoSchwartzReactN32_as_orig /opt/freesurfer/average/711-2B_as_mni_average_305_mask talsrcimg_g11 none talsrcimg_to_3T18yoSchwartzReactN32_as_orig_t4 3335
---------------------------------------------------------------------

freesurfer imgreg_4dfp.c
/opt/freesurfer/average/3T18yoSchwartzReactN32_as_orig.4dfp.img
       256       256       256         1
  1.000000  1.000000  1.000000
orientation T byte_order littleendian
Reading image: /opt/freesurfer/average/3T18yoSchwartzReactN32_as_orig.4dfp.img
dimensions:      256       256       256
mmppix:       1.0000   -1.0000   -1.0000
center:     128.0000 -129.0000 -129.0000
/opt/freesurfer/average/711-2B_as_mni_average_305_mask.4dfp.img
       256       256       256         1
  1.000000  1.000000  1.000000
orientation T byte_order littleendian
Reading mask: /opt/freesurfer/average/711-2B_as_mni_average_305_mask.4dfp.img (2306576 pixels)
talsrcimg_g11.4dfp.img
       320       320       320         1
  0.800000  0.800000  0.800000
orientation T byte_order littleendian
Reading image: talsrcimg_g11.4dfp.img
dimensions:      320       320       320
mmppix:       0.8000   -0.8000   -0.8000
center:     128.0000 -128.8000 -128.8000
fimgreg.f
image alignment mode   3335 decimal      D07 hex
parameters
   -2.1733   32.0423    1.1610   -0.0751   -0.2317   -0.3037
   -0.4229    3.8508    0.6831   -6.7691   -3.8133    6.7903
eta,q 0.89871 36.29954
niter,ni,del,rscale     5    3    5.0000    1.2000
parameter  4  1.832591 ->  0.500000 qaram    1.1500
parameter  8  0.655322 ->  0.500000 qaram    1.1500
parameters
   -1.2065   32.0363    1.0162   -4.2151   -2.0069    0.8638
   -0.0648   -0.2892    4.1200   -7.7954   -0.7196    4.1697
eta,q 0.90188 35.89998
  0.1028  0.1024  0.1023  0.1005  0.1014  0.1063  0.1008  0.0991  0.1008  0.1007  0.1006  0.0985
  0.1021  0.1018  0.1016  0.1002  0.1005  0.1045  0.1003  0.0988  0.1000  0.0994  0.0997  0.0982
  0.1016  0.1013  0.1012  0.1005  0.1002  0.1020  0.0999  0.0990  0.0993  0.0986  0.0990  0.0981
  0.1013  0.1012  0.1012  0.1012  0.1002  0.1002  0.0998  0.0998  0.0988  0.0985  0.0985  0.0982
  0.1012  0.1013  0.1014  0.1019  0.1009  0.0997  0.0998  0.1009  0.0985  0.0992  0.0982  0.0986
  0.1012  0.1017  0.1018  0.1024  0.1020  0.1013  0.1001  0.1027  0.0986  0.1005  0.0983  0.0994
  0.1014  0.1024  0.1025  0.1025  0.1032  0.1042  0.1006  0.1046  0.0988  0.1025  0.0987  0.1006
niter,ni,del,rscale     6    3    5.0000    1.2000
parameters
   -2.1527   31.9333    1.4221   -3.9120   -3.6368    1.5499
    0.0599   -2.1668    4.8230   -7.4036    1.8541    1.5444
eta,q 0.90274 35.69188
  0.0984  0.0990  0.0997  0.1009  0.0990  0.1045  0.0988  0.0994  0.0987  0.1004  0.0995  0.0976
  0.0980  0.0984  0.0988  0.0992  0.0982  0.1018  0.0983  0.0982  0.0981  0.0990  0.0986  0.0974
  0.0979  0.0980  0.0982  0.0981  0.0978  0.0992  0.0979  0.0976  0.0977  0.0981  0.0980  0.0973
  0.0981  0.0979  0.0979  0.0979  0.0979  0.0978  0.0977  0.0977  0.0975  0.0975  0.0975  0.0974
  0.0986  0.0981  0.0979  0.0984  0.0984  0.0979  0.0978  0.0986  0.0976  0.0977  0.0974  0.0977
  0.0992  0.0985  0.0982  0.0993  0.0995  0.0998  0.0982  0.1001  0.0978  0.0985  0.0975  0.0983
  0.1000  0.0992  0.0988  0.1002  0.1008  0.1028  0.0988  0.1023  0.0983  0.1000  0.0979  0.0992
niter,ni,del,rscale     5    3    5.0000    1.2000
parameters
   -2.1658   31.8315    1.4920   -3.5263   -4.2501    1.8771
   -0.1193   -3.5598    4.6420   -6.2745    3.7952   -0.9459
eta,q 0.90316 35.57555
  0.0986  0.0982  0.0987  0.1003  0.0988  0.1036  0.0982  0.0994  0.0979  0.1003  0.0989  0.0972
  0.0978  0.0976  0.0979  0.0985  0.0979  0.1008  0.0976  0.0980  0.0974  0.0988  0.0980  0.0969
  0.0973  0.0973  0.0974  0.0974  0.0973  0.0983  0.0973  0.0972  0.0971  0.0978  0.0974  0.0968
  0.0973  0.0973  0.0972  0.0972  0.0973  0.0973  0.0972  0.0972  0.0971  0.0971  0.0970  0.0969
  0.0975  0.0974  0.0974  0.0976  0.0975  0.0977  0.0973  0.0980  0.0972  0.0971  0.0969  0.0972
  0.0979  0.0978  0.0978  0.0984  0.0982  0.0997  0.0977  0.0994  0.0975  0.0977  0.0971  0.0978
  0.0985  0.0983  0.0985  0.0995  0.0995  0.1029  0.0983  0.1016  0.0979  0.0989  0.0976  0.0986
niter,ni,del,rscale     4    3    5.0000    1.2000
parameters
   -1.9219   31.6509    1.3659   -2.7882   -3.9447    1.9569
   -0.6395   -4.9507    3.9810   -4.5272    5.4776   -3.6025
eta,q 0.90370 35.60069
  0.0985  0.0977  0.0981  0.0999  0.0987  0.1030  0.0977  0.0991  0.0973  0.1003  0.0983  0.0966
  0.0976  0.0971  0.0973  0.0981  0.0977  0.1001  0.0972  0.0976  0.0969  0.0987  0.0975  0.0964
  0.0971  0.0969  0.0969  0.0971  0.0971  0.0978  0.0969  0.0968  0.0967  0.0974  0.0968  0.0963
  0.0968  0.0968  0.0968  0.0968  0.0968  0.0968  0.0968  0.0968  0.0967  0.0967  0.0965  0.0964
  0.0969  0.0970  0.0971  0.0970  0.0970  0.0975  0.0970  0.0977  0.0968  0.0965  0.0964  0.0967
  0.0973  0.0974  0.0976  0.0977  0.0975  0.0997  0.0973  0.0992  0.0971  0.0969  0.0967  0.0973
  0.0979  0.0979  0.0983  0.0988  0.0985  0.1030  0.0980  0.1012  0.0975  0.0980  0.0972  0.0982
niter,ni,del,rscale     3    3    5.0000    1.2000
parameters
   -1.3856   31.2107    1.1597   -1.6792   -2.6938    1.7751
   -0.9526   -6.3237    2.7967   -2.4272    7.2901   -6.8351
eta,q 0.90463 35.84821
  0.0983  0.0969  0.0974  0.0994  0.0985  0.1021  0.0971  0.0988  0.0965  0.0999  0.0977  0.0956
  0.0973  0.0964  0.0966  0.0977  0.0973  0.0992  0.0965  0.0970  0.0960  0.0981  0.0967  0.0954
  0.0966  0.0962  0.0962  0.0966  0.0965  0.0969  0.0962  0.0960  0.0958  0.0967  0.0960  0.0954
  0.0963  0.0962  0.0962  0.0962  0.0961  0.0961  0.0961  0.0961  0.0959  0.0959  0.0956  0.0955
  0.0963  0.0965  0.0965  0.0962  0.0962  0.0969  0.0963  0.0972  0.0961  0.0956  0.0956  0.0959
  0.0965  0.0969  0.0970  0.0968  0.0965  0.0994  0.0967  0.0989  0.0964  0.0960  0.0958  0.0967
  0.0970  0.0975  0.0978  0.0980  0.0972  0.1030  0.0973  0.1011  0.0969  0.0970  0.0963  0.0978
niter,ni,del,rscale     2    3    5.0000    1.2000
parameters
   -0.8923   30.5785    1.1165   -1.1043   -1.0876    1.6014
   -0.1309   -7.5595    2.0605   -0.4044    8.9217  -10.2167
eta,q 0.90571 36.21274
  0.0975  0.0958  0.0966  0.0985  0.0978  0.1012  0.0967  0.0984  0.0958  0.0991  0.0967  0.0946
  0.0964  0.0954  0.0958  0.0968  0.0965  0.0984  0.0959  0.0963  0.0952  0.0972  0.0957  0.0943
  0.0957  0.0953  0.0954  0.0957  0.0956  0.0960  0.0954  0.0951  0.0949  0.0958  0.0950  0.0943
  0.0954  0.0953  0.0953  0.0952  0.0952  0.0952  0.0952  0.0952  0.0950  0.0949  0.0946  0.0945
  0.0953  0.0956  0.0954  0.0954  0.0952  0.0959  0.0952  0.0963  0.0951  0.0946  0.0946  0.0950
  0.0956  0.0960  0.0959  0.0961  0.0954  0.0984  0.0955  0.0983  0.0955  0.0949  0.0948  0.0958
  0.0962  0.0968  0.0967  0.0978  0.0962  0.1022  0.0961  0.1007  0.0962  0.0962  0.0954  0.0970
niter,ni,del,rscale     1    3    5.0000    1.2000
parameters
   -0.7546   30.1574    1.2131   -1.3823   -0.3210    1.6575
    0.7596   -8.5150    1.8143    1.2977    9.6265  -12.6992
eta,q 0.90640 36.38536
  0.0962  0.0950  0.0959  0.0973  0.0966  0.1004  0.0958  0.0980  0.0952  0.0982  0.0955  0.0941
  0.0951  0.0945  0.0950  0.0956  0.0953  0.0977  0.0950  0.0955  0.0945  0.0964  0.0946  0.0937
  0.0945  0.0943  0.0944  0.0945  0.0946  0.0952  0.0944  0.0942  0.0941  0.0949  0.0940  0.0936
  0.0943  0.0943  0.0942  0.0942  0.0942  0.0942  0.0942  0.0942  0.0940  0.0940  0.0937  0.0937
  0.0944  0.0945  0.0944  0.0946  0.0943  0.0947  0.0942  0.0953  0.0942  0.0937  0.0938  0.0941
  0.0949  0.0950  0.0948  0.0957  0.0947  0.0970  0.0945  0.0973  0.0946  0.0942  0.0942  0.0949
  0.0958  0.0958  0.0956  0.0980  0.0958  0.1007  0.0952  0.0998  0.0954  0.0957  0.0949  0.0960
registration optimization eta report
parameter search radius
    2.4000    2.4000    2.4000    8.2800    7.2000    7.2000
    7.2000    8.2800    7.2000    7.2000    7.2000    7.2000
100000*second partial in parameter space
       29.       19.       27.        5.        4.       12.
        3.        7.        2.        6.        3.        3.
  0.0962  0.0950  0.0959  0.0973  0.0966  0.1004  0.0958  0.0980  0.0952  0.0982  0.0955  0.0941
  0.0951  0.0945  0.0950  0.0956  0.0953  0.0977  0.0950  0.0955  0.0945  0.0964  0.0946  0.0937
  0.0945  0.0943  0.0944  0.0945  0.0946  0.0952  0.0944  0.0942  0.0941  0.0949  0.0940  0.0936
  0.0943  0.0943  0.0942  0.0942  0.0942  0.0942  0.0942  0.0942  0.0940  0.0940  0.0937  0.0937
  0.0944  0.0945  0.0944  0.0946  0.0943  0.0947  0.0942  0.0953  0.0942  0.0937  0.0938  0.0941
  0.0949  0.0950  0.0948  0.0957  0.0947  0.0970  0.0945  0.0973  0.0946  0.0942  0.0942  0.0949
  0.0958  0.0958  0.0956  0.0980  0.0958  0.1007  0.0952  0.0998  0.0954  0.0957  0.0949  0.0960
   -0.7546   30.1574    1.2131   -1.3823   -0.3210    1.6575
    0.7596   -8.5150    1.8143    1.2977    9.6265  -12.6992
eta,q 0.90640 36.38536

---------------------------------------------------------------------
imgreg_4dfp /opt/freesurfer/average/3T18yoSchwartzReactN32_as_orig /opt/freesurfer/average/711-2B_as_mni_average_305_mask talsrcimg_g11 none talsrcimg_to_3T18yoSchwartzReactN32_as_orig_t4 2311
---------------------------------------------------------------------

freesurfer imgreg_4dfp.c
/opt/freesurfer/average/3T18yoSchwartzReactN32_as_orig.4dfp.img
       256       256       256         1
  1.000000  1.000000  1.000000
orientation T byte_order littleendian
Reading image: /opt/freesurfer/average/3T18yoSchwartzReactN32_as_orig.4dfp.img
dimensions:      256       256       256
mmppix:       1.0000   -1.0000   -1.0000
center:     128.0000 -129.0000 -129.0000
/opt/freesurfer/average/711-2B_as_mni_average_305_mask.4dfp.img
       256       256       256         1
  1.000000  1.000000  1.000000
orientation T byte_order littleendian
Reading mask: /opt/freesurfer/average/711-2B_as_mni_average_305_mask.4dfp.img (2306576 pixels)
talsrcimg_g11.4dfp.img
       320       320       320         1
  0.800000  0.800000  0.800000
orientation T byte_order littleendian
Reading image: talsrcimg_g11.4dfp.img
dimensions:      320       320       320
mmppix:       0.8000   -0.8000   -0.8000
center:     128.0000 -128.8000 -128.8000
fimgreg.f
image alignment mode   2311 decimal      907 hex
parameters
   -0.7546   30.1574    1.2131   -1.3823   -0.3210    1.6575
    0.7596   -8.5150    1.8143    1.2977    9.6265  -12.6992
eta,q 0.90640 36.38537
niter,ni,del,rscale     5    3    5.0000    0.8000
parameters
   -0.7777   30.0781    1.2217   -1.6606   -0.1134    1.8764
    1.7001   -9.2054    1.5749    2.8178   10.1932  -14.5180
eta,q 0.90675 36.46884
  0.0944  0.0941  0.0943  0.0947  0.0945  0.0970  0.0944  0.0949  0.0940  0.0957  0.0942  0.0935
  0.0940  0.0938  0.0939  0.0940  0.0940  0.0953  0.0940  0.0940  0.0937  0.0947  0.0937  0.0933
  0.0937  0.0936  0.0937  0.0936  0.0937  0.0940  0.0937  0.0935  0.0935  0.0939  0.0935  0.0933
  0.0936  0.0936  0.0936  0.0936  0.0936  0.0936  0.0936  0.0935  0.0935  0.0935  0.0933  0.0933
  0.0937  0.0937  0.0937  0.0938  0.0936  0.0938  0.0935  0.0940  0.0936  0.0933  0.0934  0.0935
  0.0940  0.0939  0.0939  0.0942  0.0939  0.0947  0.0937  0.0948  0.0938  0.0935  0.0935  0.0938
  0.0945  0.0942  0.0943  0.0949  0.0944  0.0965  0.0940  0.0960  0.0941  0.0940  0.0938  0.0943
niter,ni,del,rscale     4    3    5.0000    0.7000
parameters
   -0.7841   30.0766    1.2060   -2.0764   -0.1802    1.9254
    2.1882   -9.5791    1.5165    3.7699   10.4226  -15.5987
eta,q 0.90691 36.45388
  0.0940  0.0937  0.0938  0.0941  0.0939  0.0957  0.0939  0.0945  0.0937  0.0948  0.0937  0.0933
  0.0936  0.0934  0.0935  0.0936  0.0935  0.0944  0.0936  0.0937  0.0934  0.0940  0.0934  0.0932
  0.0933  0.0933  0.0933  0.0933  0.0933  0.0935  0.0933  0.0933  0.0933  0.0935  0.0932  0.0931
  0.0932  0.0932  0.0932  0.0932  0.0932  0.0932  0.0932  0.0932  0.0932  0.0932  0.0931  0.0931
  0.0933  0.0933  0.0933  0.0935  0.0933  0.0935  0.0932  0.0935  0.0933  0.0931  0.0932  0.0933
  0.0936  0.0935  0.0935  0.0939  0.0935  0.0943  0.0934  0.0941  0.0934  0.0933  0.0933  0.0935
  0.0940  0.0937  0.0938  0.0945  0.0940  0.0956  0.0937  0.0950  0.0937  0.0938  0.0936  0.0938
niter,ni,del,rscale     3    3    5.0000    0.6000
parameters
   -0.7927   30.0959    1.1649   -2.2404   -0.2095    1.8986
    2.4691   -9.7524    1.5686    4.3932   10.4265  -16.3054
eta,q 0.90697 36.44891
  0.0937  0.0935  0.0935  0.0939  0.0936  0.0949  0.0936  0.0941  0.0935  0.0942  0.0934  0.0933
  0.0934  0.0933  0.0933  0.0934  0.0933  0.0939  0.0933  0.0935  0.0933  0.0936  0.0932  0.0931
  0.0932  0.0931  0.0931  0.0932  0.0932  0.0932  0.0932  0.0932  0.0931  0.0933  0.0931  0.0930
  0.0931  0.0931  0.0931  0.0931  0.0931  0.0931  0.0931  0.0931  0.0931  0.0931  0.0930  0.0930
  0.0932  0.0931  0.0932  0.0933  0.0931  0.0933  0.0931  0.0933  0.0931  0.0931  0.0931  0.0931
  0.0934  0.0932  0.0933  0.0936  0.0933  0.0939  0.0932  0.0937  0.0933  0.0932  0.0932  0.0933
  0.0937  0.0934  0.0935  0.0940  0.0937  0.0949  0.0935  0.0943  0.0935  0.0936  0.0934  0.0935
niter,ni,del,rscale     2    3    5.0000    0.5000
parameters
   -0.7943   30.1253    1.1213   -2.2945   -0.1838    1.8248
    2.5944   -9.8096    1.6912    4.8486   10.3124  -16.8154
eta,q 0.90700 36.45103
  0.0935  0.0933  0.0933  0.0937  0.0934  0.0943  0.0934  0.0938  0.0933  0.0937  0.0932  0.0932
  0.0932  0.0931  0.0931  0.0933  0.0932  0.0935  0.0932  0.0934  0.0932  0.0934  0.0931  0.0931
  0.0931  0.0931  0.0931  0.0931  0.0931  0.0931  0.0931  0.0931  0.0931  0.0931  0.0930  0.0930
  0.0930  0.0930  0.0930  0.0930  0.0930  0.0930  0.0930  0.0930  0.0930  0.0930  0.0930  0.0930
  0.0931  0.0931  0.0931  0.0931  0.0930  0.0932  0.0930  0.0931  0.0931  0.0930  0.0930  0.0931
  0.0932  0.0931  0.0932  0.0934  0.0932  0.0937  0.0931  0.0934  0.0931  0.0931  0.0931  0.0932
  0.0935  0.0933  0.0934  0.0937  0.0934  0.0944  0.0933  0.0939  0.0933  0.0934  0.0933  0.0933
niter,ni,del,rscale     1    3    5.0000    0.4000
parameters
   -0.7923   30.1574    1.0821   -2.3077   -0.1143    1.7350
    2.6356   -9.8161    1.8291    5.2284   10.1809  -17.2206
eta,q 0.90703 36.45982
  0.0933  0.0932  0.0932  0.0934  0.0933  0.0938  0.0932  0.0935  0.0932  0.0935  0.0931  0.0931
  0.0931  0.0931  0.0931  0.0932  0.0931  0.0933  0.0931  0.0932  0.0931  0.0932  0.0930  0.0930
  0.0930  0.0930  0.0930  0.0931  0.0930  0.0930  0.0930  0.0930  0.0930  0.0931  0.0930  0.0930
  0.0930  0.0930  0.0930  0.0930  0.0930  0.0930  0.0930  0.0930  0.0930  0.0930  0.0930  0.0930
  0.0930  0.0930  0.0930  0.0931  0.0930  0.0931  0.0930  0.0931  0.0930  0.0930  0.0930  0.0930
  0.0931  0.0931  0.0931  0.0932  0.0931  0.0934  0.0931  0.0932  0.0931  0.0931  0.0931  0.0931
  0.0933  0.0932  0.0932  0.0935  0.0933  0.0939  0.0932  0.0935  0.0932  0.0933  0.0931  0.0932
registration optimization eta report
parameter search radius
    0.8000    0.8000    0.8000    2.4000    2.4000    2.4000
    2.4000    2.4000    2.4000    2.4000    2.4000    2.4000
100000*second partial in parameter space
       44.       27.       29.        8.        5.       15.
        4.        9.        3.        7.        3.        3.
  0.0933  0.0932  0.0932  0.0934  0.0933  0.0938  0.0932  0.0935  0.0932  0.0935  0.0931  0.0931
  0.0931  0.0931  0.0931  0.0932  0.0931  0.0933  0.0931  0.0932  0.0931  0.0932  0.0930  0.0930
  0.0930  0.0930  0.0930  0.0931  0.0930  0.0930  0.0930  0.0930  0.0930  0.0931  0.0930  0.0930
  0.0930  0.0930  0.0930  0.0930  0.0930  0.0930  0.0930  0.0930  0.0930  0.0930  0.0930  0.0930
  0.0930  0.0930  0.0930  0.0931  0.0930  0.0931  0.0930  0.0931  0.0930  0.0930  0.0930  0.0930
  0.0931  0.0931  0.0931  0.0932  0.0931  0.0934  0.0931  0.0932  0.0931  0.0931  0.0931  0.0931
  0.0933  0.0932  0.0932  0.0935  0.0933  0.0939  0.0932  0.0935  0.0932  0.0933  0.0931  0.0932
   -0.7923   30.1574    1.0821   -2.3077   -0.1143    1.7350
    2.6356   -9.8161    1.8291    5.2284   10.1809  -17.2206
eta,q 0.90703 36.45982

---------------------------------------------------------------------
imgreg_4dfp /opt/freesurfer/average/3T18yoSchwartzReactN32_as_orig /opt/freesurfer/average/711-2B_as_mni_average_305_mask talsrcimg_g11 none talsrcimg_to_3T18yoSchwartzReactN32_as_orig_t4 2311
---------------------------------------------------------------------

freesurfer imgreg_4dfp.c
/opt/freesurfer/average/3T18yoSchwartzReactN32_as_orig.4dfp.img
       256       256       256         1
  1.000000  1.000000  1.000000
orientation T byte_order littleendian
Reading image: /opt/freesurfer/average/3T18yoSchwartzReactN32_as_orig.4dfp.img
dimensions:      256       256       256
mmppix:       1.0000   -1.0000   -1.0000
center:     128.0000 -129.0000 -129.0000
/opt/freesurfer/average/711-2B_as_mni_average_305_mask.4dfp.img
       256       256       256         1
  1.000000  1.000000  1.000000
orientation T byte_order littleendian
Reading mask: /opt/freesurfer/average/711-2B_as_mni_average_305_mask.4dfp.img (2306576 pixels)
talsrcimg_g11.4dfp.img
       320       320       320         1
  0.800000  0.800000  0.800000
orientation T byte_order littleendian
Reading image: talsrcimg_g11.4dfp.img
dimensions:      320       320       320
mmppix:       0.8000   -0.8000   -0.8000
center:     128.0000 -128.8000 -128.8000
fimgreg.f
image alignment mode   2311 decimal      907 hex
parameters
   -0.7923   30.1574    1.0821   -2.3077   -0.1143    1.7350
    2.6356   -9.8161    1.8291    5.2284   10.1809  -17.2206
eta,q 0.90703 36.45981
niter,ni,del,rscale     5    3    5.0000    0.8000
parameters
   -0.7920   30.2525    1.0326   -2.2382   -0.4348    1.7193
    2.5812   -9.6370    1.8169    5.3048   10.0449  -17.1922
eta,q 0.90702 36.39474
  0.0941  0.0938  0.0937  0.0946  0.0939  0.0962  0.0937  0.0953  0.0937  0.0945  0.0936  0.0936
  0.0935  0.0933  0.0933  0.0938  0.0934  0.0945  0.0933  0.0940  0.0933  0.0937  0.0932  0.0933
  0.0931  0.0931  0.0930  0.0932  0.0931  0.0933  0.0931  0.0932  0.0931  0.0932  0.0930  0.0930
  0.0930  0.0930  0.0930  0.0930  0.0930  0.0930  0.0930  0.0930  0.0930  0.0930  0.0930  0.0930
  0.0931  0.0930  0.0931  0.0932  0.0931  0.0934  0.0931  0.0932  0.0931  0.0931  0.0931  0.0931
  0.0935  0.0932  0.0933  0.0937  0.0935  0.0944  0.0933  0.0939  0.0933  0.0936  0.0933  0.0933
  0.0941  0.0936  0.0938  0.0945  0.0943  0.0962  0.0938  0.0949  0.0937  0.0945  0.0936  0.0936
niter,ni,del,rscale     4    3    5.0000    0.7000
parameters
   -0.7740   30.2724    0.9895   -2.1376   -0.3938    1.7129
    2.5802   -9.5943    1.8834    5.3826    9.9638  -17.2732
eta,q 0.90703 36.41432
  0.0939  0.0935  0.0935  0.0943  0.0938  0.0955  0.0936  0.0947  0.0936  0.0942  0.0934  0.0935
  0.0934  0.0932  0.0932  0.0936  0.0934  0.0942  0.0933  0.0937  0.0932  0.0936  0.0932  0.0932
  0.0931  0.0930  0.0930  0.0931  0.0931  0.0932  0.0931  0.0931  0.0930  0.0932  0.0930  0.0930
  0.0930  0.0930  0.0930  0.0930  0.0930  0.0930  0.0930  0.0930  0.0930  0.0930  0.0930  0.0930
  0.0931  0.0930  0.0931  0.0931  0.0930  0.0933  0.0930  0.0932  0.0930  0.0930  0.0930  0.0930
  0.0933  0.0932  0.0933  0.0936  0.0933  0.0941  0.0932  0.0937  0.0932  0.0934  0.0932  0.0932
  0.0938  0.0935  0.0936  0.0941  0.0938  0.0955  0.0936  0.0945  0.0935  0.0941  0.0935  0.0935
niter,ni,del,rscale     3    3    5.0000    0.6000
parameters
   -0.7687   30.2612    0.9819   -2.1519   -0.3235    1.7156
    2.5671   -9.6026    1.9510    5.4902    9.9210  -17.4197
eta,q 0.90705 36.43128
  0.0936  0.0934  0.0934  0.0939  0.0936  0.0949  0.0934  0.0942  0.0934  0.0939  0.0933  0.0933
  0.0933  0.0931  0.0932  0.0934  0.0933  0.0938  0.0932  0.0935  0.0932  0.0934  0.0931  0.0931
  0.0930  0.0930  0.0930  0.0931  0.0931  0.0932  0.0930  0.0931  0.0930  0.0931  0.0930  0.0930
  0.0930  0.0930  0.0930  0.0930  0.0930  0.0930  0.0930  0.0930  0.0930  0.0930  0.0930  0.0930
  0.0930  0.0930  0.0930  0.0931  0.0930  0.0932  0.0930  0.0931  0.0930  0.0930  0.0930  0.0930
  0.0932  0.0932  0.0932  0.0934  0.0932  0.0938  0.0932  0.0935  0.0932  0.0933  0.0931  0.0932
  0.0936  0.0934  0.0934  0.0939  0.0936  0.0949  0.0934  0.0942  0.0934  0.0938  0.0933  0.0933
niter,ni,del,rscale     2    3    5.0000    0.5000
parameters
   -0.7700   30.2548    0.9882   -2.1948   -0.2376    1.7015
    2.5453   -9.6235    2.0117    5.6131    9.8560  -17.5827
eta,q 0.90705 36.44589
  0.0934  0.0932  0.0933  0.0936  0.0934  0.0943  0.0933  0.0938  0.0933  0.0936  0.0932  0.0932
  0.0932  0.0931  0.0931  0.0933  0.0932  0.0935  0.0931  0.0933  0.0931  0.0933  0.0930  0.0930
  0.0930  0.0930  0.0930  0.0930  0.0930  0.0931  0.0930  0.0930  0.0930  0.0931  0.0930  0.0930
  0.0930  0.0930  0.0930  0.0930  0.0930  0.0930  0.0930  0.0930  0.0930  0.0930  0.0929  0.0930
  0.0930  0.0930  0.0930  0.0931  0.0930  0.0931  0.0930  0.0931  0.0930  0.0930  0.0930  0.0930
  0.0932  0.0931  0.0931  0.0933  0.0931  0.0936  0.0931  0.0933  0.0931  0.0932  0.0931  0.0931
  0.0934  0.0932  0.0933  0.0937  0.0934  0.0943  0.0933  0.0938  0.0933  0.0935  0.0932  0.0932
niter,ni,del,rscale     1    3    5.0000    0.4000
parameters
   -0.7658   30.2616    0.9936   -2.2457   -0.1655    1.6655
    2.5403   -9.6397    2.0621    5.7593    9.7990  -17.7648
eta,q 0.90706 36.45462
  0.0932  0.0931  0.0931  0.0934  0.0933  0.0938  0.0932  0.0935  0.0932  0.0934  0.0931  0.0931
  0.0931  0.0930  0.0930  0.0931  0.0931  0.0933  0.0930  0.0932  0.0930  0.0932  0.0930  0.0930
  0.0930  0.0930  0.0930  0.0930  0.0930  0.0930  0.0930  0.0930  0.0930  0.0930  0.0930  0.0930
  0.0929  0.0929  0.0929  0.0929  0.0929  0.0929  0.0929  0.0929  0.0929  0.0929  0.0929  0.0929
  0.0930  0.0930  0.0930  0.0930  0.0930  0.0931  0.0930  0.0930  0.0930  0.0930  0.0930  0.0930
  0.0931  0.0930  0.0930  0.0932  0.0931  0.0934  0.0930  0.0932  0.0930  0.0931  0.0930  0.0930
  0.0932  0.0931  0.0931  0.0934  0.0932  0.0938  0.0932  0.0935  0.0931  0.0933  0.0931  0.0931
registration optimization eta report
parameter search radius
    0.8000    0.8000    0.8000    2.4000    2.4000    2.4000
    2.4000    2.4000    2.4000    2.4000    2.4000    2.4000
100000*second partial in parameter space
       45.       29.       30.        8.        5.       15.
        4.        9.        4.        7.        3.        3.
  0.0932  0.0931  0.0931  0.0934  0.0933  0.0938  0.0932  0.0935  0.0932  0.0934  0.0931  0.0931
  0.0931  0.0930  0.0930  0.0931  0.0931  0.0933  0.0930  0.0932  0.0930  0.0932  0.0930  0.0930
  0.0930  0.0930  0.0930  0.0930  0.0930  0.0930  0.0930  0.0930  0.0930  0.0930  0.0930  0.0930
  0.0929  0.0929  0.0929  0.0929  0.0929  0.0929  0.0929  0.0929  0.0929  0.0929  0.0929  0.0929
  0.0930  0.0930  0.0930  0.0930  0.0930  0.0931  0.0930  0.0930  0.0930  0.0930  0.0930  0.0930
  0.0931  0.0930  0.0930  0.0932  0.0931  0.0934  0.0930  0.0932  0.0930  0.0931  0.0930  0.0930
  0.0932  0.0931  0.0931  0.0934  0.0932  0.0938  0.0932  0.0935  0.0931  0.0933  0.0931  0.0931
   -0.7658   30.2616    0.9936   -2.2457   -0.1655    1.6655
    2.5403   -9.6397    2.0621    5.7593    9.7990  -17.7648
eta,q 0.90706 36.45462

---------------------------------------------------------------------
compute_vox2vox talsrcimg talsrcimg_to_3T18yoSchwartzReactN32_as_orig_t4 /opt/freesurfer/average/3T18yoSchwartzReactN32_as_orig
---------------------------------------------------------------------

freesurfer compute_vox2vox.c
Reading: talsrcimg.4dfp.ifh
Reading: talsrcimg_to_3T18yoSchwartzReactN32_as_orig_t4
Reading: /opt/freesurfer/average/3T18yoSchwartzReactN32_as_orig.4dfp.ifh
Writing: talsrcimg_to_3T18yoSchwartzReactN32_as_orig_t4_vox2vox.txt

start time Thu Oct 5 11:40:50 UTC 2023
end		time Thu Oct 5 11:41:30 UTC 2023

mpr2mni305 success

avi2talxfm orig_nu.mgz /opt/freesurfer/average/mni305.cor.mgz talsrcimg_to_3T18yoSchwartzReactN32_as_orig_t4_vox2vox.txt transforms/talairach.auto.xfm
avi2talxfm done
mv -f /localscratch/bpinsard.41394423.0/freesurfer_crosssectional_autorecon1smriprep_skullstripautorecon2autorecon3_sub01_ses011.job/sub-01_ses-011/mri/talsrcimg_to_3T18yoSchwartzReactN32_as_orig_t4_vox2vox.txt /localscratch/bpinsard.41394423.0/freesurfer_crosssectional_autorecon1smriprep_skullstripautorecon2autorecon3_sub01_ses011.job/sub-01_ses-011/mri/transforms/talsrcimg_to_3T18yoSchwartzReactN32_as_orig_t4_vox2vox.txt
lta_convert --src orig_nu.mgz --trg /opt/freesurfer/average/mni305.cor.mgz --inxfm transforms/talairach.auto.xfm --outlta transforms/talairach.auto.xfm.lta --subject fsaverage
7.4.1

--src: orig_nu.mgz src image (geometry).
--trg: /opt/freesurfer/average/mni305.cor.mgz trg image (geometry).
--inmni: transforms/talairach.auto.xfm input MNI/XFM transform.
--outlta: transforms/talairach.auto.xfm.lta output LTA.
--s: fsaverage subject name
 LTA read, type : 1
 1.01347   0.09658  -0.00860  -1.31046;
-0.10033   0.96424   0.17413  -29.18524;
-0.01515  -0.05762   0.99179  -14.73013;
 0.00000   0.00000   0.00000   1.00000;
setting subject to fsaverage
Writing  LTA to file transforms/talairach.auto.xfm.lta...
lta_convert successful.
 
 
Started at Thu Oct 5 11:40:50 UTC 2023
Ended   at Thu Oct  5 11:41:31 UTC 2023
talairach_avi done
