status file for recon-all
Sat Oct 14 10:42:57 UTC 2023
#@# MotionCor Sat Oct 14 10:43:39 UTC 2023
#@# Talairach Sat Oct 14 10:43:39 UTC 2023
#@# Talairach Failure Detection Sat Oct 14 10:43:41 UTC 2023
#@# Nu Intensity Correction Sat Oct 14 10:43:41 UTC 2023
#@# Intensity Normalization Sat Oct 14 10:53:19 UTC 2023
#@# Skull Stripping Sat Oct 14 11:08:47 UTC 2023
#@# EM Registration Sat Oct 14 11:08:53 UTC 2023
#@# CA Normalize Sat Oct 14 11:08:53 UTC 2023
#@# CA Reg Sat Oct 14 11:13:01 UTC 2023
#@# SubCort Seg Sat Oct 14 11:37:09 UTC 2023
#@# CC Seg Sat Oct 14 11:49:55 UTC 2023
#@# Merge ASeg Sat Oct 14 11:51:38 UTC 2023
#@# Intensity Normalization2 Sat Oct 14 11:51:38 UTC 2023
#@# Mask BFS Sat Oct 14 11:59:01 UTC 2023
#@# WM Segmentation Sat Oct 14 11:59:09 UTC 2023
#@# Smooth2 lh Sat Oct 14 12:19:58 UTC 2023
#@# Smooth2 rh Sat Oct 14 12:20:05 UTC 2023
#@# Inflation2 lh Sat Oct 14 12:20:12 UTC 2023
#@# Inflation2 rh Sat Oct 14 12:20:42 UTC 2023
#@# Curv .H and .K lh Sat Oct 14 12:21:11 UTC 2023
#@# Curv .H and .K rh Sat Oct 14 12:23:06 UTC 2023
#@# Sphere lh Sat Oct 14 12:25:00 UTC 2023
#@# Sphere rh Sat Oct 14 12:25:00 UTC 2023
#@# Surf Reg lh Sat Oct 14 12:25:00 UTC 2023
#@# Surf Reg rh Sat Oct 14 12:29:21 UTC 2023
#@# Jacobian white lh Sat Oct 14 12:33:31 UTC 2023
#@# Jacobian white rh Sat Oct 14 12:33:33 UTC 2023
#@# AvgCurv lh Sat Oct 14 12:33:35 UTC 2023
#@# AvgCurv rh Sat Oct 14 12:33:37 UTC 2023
#@# Cortical Parc lh Sat Oct 14 12:33:38 UTC 2023
#@# Cortical Parc rh Sat Oct 14 12:34:03 UTC 2023
#@# white curv lh Sat Oct 14 12:53:15 UTC 2023
#@# white area lh Sat Oct 14 12:53:19 UTC 2023
#@# pial curv lh Sat Oct 14 12:53:20 UTC 2023
#@# pial area lh Sat Oct 14 12:53:24 UTC 2023
#@# thickness lh Sat Oct 14 12:53:26 UTC 2023
#@# area and vertex vol lh Sat Oct 14 12:54:37 UTC 2023
#@# white curv rh Sat Oct 14 12:54:41 UTC 2023
#@# white area rh Sat Oct 14 12:54:45 UTC 2023
#@# pial curv rh Sat Oct 14 12:54:46 UTC 2023
#@# pial area rh Sat Oct 14 12:54:50 UTC 2023
#@# thickness rh Sat Oct 14 12:54:52 UTC 2023
#@# area and vertex vol rh Sat Oct 14 12:56:04 UTC 2023
#@# Curvature Stats lh Sat Oct 14 12:56:07 UTC 2023
#@# Curvature Stats rh Sat Oct 14 12:56:13 UTC 2023
#@# Cortical ribbon mask Sat Oct 14 12:56:19 UTC 2023
#@# Cortical Parc 2 lh Sat Oct 14 13:21:37 UTC 2023
#@# Cortical Parc 2 rh Sat Oct 14 13:22:01 UTC 2023
#@# Cortical Parc 3 lh Sat Oct 14 13:22:23 UTC 2023
#@# Cortical Parc 3 rh Sat Oct 14 13:22:44 UTC 2023
#@# WM/GM Contrast lh Sat Oct 14 13:23:03 UTC 2023
#@# WM/GM Contrast rh Sat Oct 14 13:23:11 UTC 2023
#@# Relabel Hypointensities Sat Oct 14 13:23:20 UTC 2023
#@# APas-to-ASeg Sat Oct 14 13:24:02 UTC 2023
#@# AParc-to-ASeg aparc Sat Oct 14 13:24:34 UTC 2023
#@# AParc-to-ASeg aparc.a2009s Sat Oct 14 13:28:34 UTC 2023
#@# AParc-to-ASeg aparc.DKTatlas Sat Oct 14 13:32:38 UTC 2023
#@# WMParc Sat Oct 14 13:36:39 UTC 2023
#@# Parcellation Stats lh Sat Oct 14 13:43:38 UTC 2023
#@# Parcellation Stats rh Sat Oct 14 13:45:05 UTC 2023
#@# Parcellation Stats 2 lh Sat Oct 14 13:46:32 UTC 2023
#@# Parcellation Stats 2 rh Sat Oct 14 13:47:17 UTC 2023
#@# Parcellation Stats 3 lh Sat Oct 14 13:48:02 UTC 2023
#@# Parcellation Stats 3 rh Sat Oct 14 13:48:46 UTC 2023
#@# ASeg Stats Sat Oct 14 13:49:29 UTC 2023
#@# BA_exvivo Labels lh Sat Oct 14 13:51:06 UTC 2023
#@# BA_exvivo Labels rh Sat Oct 14 13:57:08 UTC 2023
recon-all -s sub-02_ses-011.long.sub-02 finished without error at Sat Oct 14 14:03:03 UTC 2023
