status file for recon-all
Thu Oct  5 11:48:44 UTC 2023
#@# MotionCor Thu Oct  5 11:48:50 UTC 2023
#@# Talairach Thu Oct  5 11:49:07 UTC 2023
#@# Talairach Failure Detection Thu Oct  5 11:58:44 UTC 2023
#@# Talairach Thu Oct  5 11:58:44 UTC 2023
#@# Talairach Failure Detection Thu Oct  5 12:07:50 UTC 2023
#@# Nu Intensity Correction Thu Oct  5 12:07:51 UTC 2023
#@# Intensity Normalization Thu Oct  5 12:17:31 UTC 2023
#@# Skull Stripping Thu Oct  5 12:24:46 UTC 2023
recon-all -s sub-02_ses-008 finished without error at Thu Oct  5 12:29:33 UTC 2023



#New# invocation of recon-all 



status file for recon-all
Thu Oct  5 12:53:53 UTC 2023
#@# EM Registration Thu Oct  5 12:53:54 UTC 2023
#@# CA Normalize Thu Oct  5 12:57:24 UTC 2023
#@# CA Reg Thu Oct  5 13:00:46 UTC 2023
#@# SubCort Seg Thu Oct  5 14:09:43 UTC 2023
#@# CC Seg Thu Oct  5 15:58:13 UTC 2023
#@# Merge ASeg Thu Oct  5 16:01:17 UTC 2023
#@# Intensity Normalization2 Thu Oct  5 16:01:17 UTC 2023
#@# Mask BFS Thu Oct  5 16:09:09 UTC 2023
#@# WM Segmentation Thu Oct  5 16:09:11 UTC 2023
#@# Fill Thu Oct  5 16:17:08 UTC 2023
#@# Tessellate lh Thu Oct  5 16:19:59 UTC 2023
#@# Tessellate rh Thu Oct  5 16:20:07 UTC 2023
#@# Smooth1 lh Thu Oct  5 16:20:16 UTC 2023
#@# Smooth1 rh Thu Oct  5 16:20:21 UTC 2023
#@# Inflation1 lh Thu Oct  5 16:20:27 UTC 2023
#@# Inflation1 rh Thu Oct  5 16:20:56 UTC 2023
#@# QSphere lh Thu Oct  5 16:21:25 UTC 2023
#@# QSphere rh Thu Oct  5 16:23:42 UTC 2023
#@# Fix Topology lh Thu Oct  5 16:26:18 UTC 2023
#@# Fix Topology rh Thu Oct  5 16:27:47 UTC 2023
#@# Smooth2 lh Thu Oct  5 16:45:31 UTC 2023
#@# Smooth2 rh Thu Oct  5 16:45:37 UTC 2023
#@# Inflation2 lh Thu Oct  5 16:45:44 UTC 2023
#@# Inflation2 rh Thu Oct  5 16:46:16 UTC 2023
#@# Curv .H and .K lh Thu Oct  5 16:46:51 UTC 2023
#@# Curv .H and .K rh Thu Oct  5 16:48:39 UTC 2023
recon-all -s sub-02_ses-008 finished without error at Thu Oct  5 16:50:28 UTC 2023
