00817891-60a3-4a06-a07e-6664b36025d7 bpinsard@bc12338.int.ets1.calculquebec.ca:/localscratch/bpinsard.40464324.0/freesurfer_crosssectional_sub05_ses001.job timestamp=1695086730.503171688s
038d49bf-91c7-4aee-981e-f4dfa85e06b3 bpinsard@bc12319.int.ets1.calculquebec.ca:/localscratch/bpinsard.40464305.0/freesurfer_crosssectional_sub03_ses001.job timestamp=1695086508.612671816s
0457c44e-0f1f-45a2-991a-f00c0823c18b bpinsard@bc12209.int.ets1.calculquebec.ca:/localscratch/bpinsard.40464293.0/freesurfer_crosssectional_sub02_ses003.job timestamp=1695085888.375770456s
04a7339d-23dd-4a14-b6b1-1a94b28ffa23 bpinsard@bc11947.int.ets1.calculquebec.ca:/localscratch/bpinsard.41394450.0/freesurfer_crosssectional_autorecon1smriprep_skullstripautorecon2autorecon3_sub02_ses010.job timestamp=1696506945.438375313s
05e09b3a-c683-4bc2-9ae3-c3065f741df7 bpinsard@bc11923.int.ets1.calculquebec.ca:/localscratch/bpinsard.40464298.0/freesurfer_crosssectional_sub02_ses008.job timestamp=1695086417.39305929s
067e4b21-63cf-417b-aef7-10082e58ec29 bpinsard@bc11230.int.ets1.calculquebec.ca:/localscratch/bpinsard.41149431.0/freesurfer_template_sub03.job timestamp=1695472720.194202229s
088e75a5-39fa-44f6-9d74-a4f493ce2bbc bpinsard@bc12032.int.ets1.calculquebec.ca:/localscratch/bpinsard.40464316.0/freesurfer_crosssectional_sub03_ses012.job timestamp=1695086290.007424518s
08c25ff8-22a2-4fda-9192-0cbcf23adcd9 bpinsard@bc12343.int.ets1.calculquebec.ca:/localscratch/bpinsard.40464326.0/freesurfer_crosssectional_sub05_ses003.job timestamp=1695086699.168409122s
096c9000-4702-4baf-81aa-442cedcfebbb bpinsard@bc11946.int.ets1.calculquebec.ca:/localscratch/bpinsard.41394485.0/freesurfer_crosssectional_autorecon1smriprep_skullstripautorecon2autorecon3_sub05_ses012.job timestamp=1696508492.213730246s
09f087ba-e5c8-454a-bddd-3c40b5681bd6 bpinsard@bc11947.int.ets1.calculquebec.ca:/localscratch/bpinsard.41394451.0/freesurfer_crosssectional_autorecon1smriprep_skullstripautorecon2autorecon3_sub02_ses011.job timestamp=1696506917.716929089s
0a4da610-2051-4b13-aeba-5fe44239af8d bpinsard@bc12353.int.ets1.calculquebec.ca:/localscratch/bpinsard.40464336.0/freesurfer_crosssectional_sub06_ses001.job timestamp=1695086757.146224094s
0a578317-c63e-401b-8e6d-c53f6141d671 bpinsard@bc12334.int.ets1.calculquebec.ca:/localscratch/bpinsard.41394493.0/freesurfer_crosssectional_autorecon1smriprep_skullstripautorecon2autorecon3_sub06_ses008.job timestamp=1696509965.015644914s
0bc44ef9-5cae-47de-9fc9-75b9444102a6 bpinsard@bc12324.int.ets1.calculquebec.ca:/localscratch/bpinsard.41394448.0/freesurfer_crosssectional_autorecon1smriprep_skullstripautorecon2autorecon3_sub02_ses008.job timestamp=1696506431.668147907s
0bdf2d27-24a5-42b6-a124-61c5a139581c bpinsard@bc11946.int.ets1.calculquebec.ca:/localscratch/bpinsard.41394489.0/freesurfer_crosssectional_autorecon1smriprep_skullstripautorecon2autorecon3_sub06_ses004.job timestamp=1696508441.569090655s
0cfbc144-c0ab-42d4-a1bd-e14fadaf03b3 bpinsard@bc12353.int.ets1.calculquebec.ca:/localscratch/bpinsard.40464335.0/freesurfer_crosssectional_sub05_ses012.job timestamp=1695086563.127350876s
109766f6-8195-4475-8778-76395d7c0c81 bpinsard@bc12313.int.ets1.calculquebec.ca:/localscratch/bpinsard.41394446.0/freesurfer_crosssectional_autorecon1smriprep_skullstripautorecon2autorecon3_sub02_ses007.job timestamp=1696506294.136620457s
113fa9dd-40d4-4d88-af3a-e3669fcea3f4 bpinsard@bc12335.int.ets1.calculquebec.ca:/localscratch/bpinsard.41394442.0/freesurfer_crosssectional_autorecon1smriprep_skullstripautorecon2autorecon3_sub02_ses003.job timestamp=1696505484.579840315s
11dd0551-c494-4b5e-89ff-3d28ecf92733 bpinsard@bc12307.int.ets1.calculquebec.ca:/localscratch/bpinsard.41394477.0/freesurfer_crosssectional_autorecon1smriprep_skullstripautorecon2autorecon3_sub05_ses004.job timestamp=1696508333.861102754s
160dcee3-46a3-4d82-9afa-6efa45bc0f21 bpinsard@bc11342.int.ets1.calculquebec.ca:/localscratch/bpinsard.40464284.0/freesurfer_crosssectional_sub01_ses007.job timestamp=1695086111.817471173s
191320f2-bd74-4ccb-b530-800a700ff3fb bpinsard@bc12405.int.ets1.calculquebec.ca:/localscratch/bpinsard.41394470.0/freesurfer_crosssectional_autorecon1smriprep_skullstripautorecon2autorecon3_sub04_ses002.job timestamp=1696508023.879314657s
1aee388b-1582-4407-91c8-342fea5441c7 bpinsard@bc12334.int.ets1.calculquebec.ca:/localscratch/bpinsard.41394495.0/freesurfer_crosssectional_autorecon1smriprep_skullstripautorecon2autorecon3_sub06_ses010.job timestamp=1696510018.697417955s
1c79673a-a002-45b4-bcd9-6d955b8eea12 bpinsard@bc11349.int.ets1.calculquebec.ca:/localscratch/bpinsard.40464290.0/freesurfer_crosssectional_sub01_ses013.job timestamp=1695085961.021962901s
1d3869d8-839e-461e-83b0-0a24f7c64929 bpinsard@bc12245.int.ets1.calculquebec.ca:/localscratch/bpinsard.40464345.0/freesurfer_crosssectional_sub06_ses010.job timestamp=1695086851.083805873s
1e781f16-c702-432f-96c2-10929375ee3f bpinsard@bc11934.int.ets1.calculquebec.ca:/localscratch/bpinsard.41394449.0/freesurfer_crosssectional_autorecon1smriprep_skullstripautorecon2autorecon3_sub02_ses009.job timestamp=1696506091.718363764s
1e7b592d-6866-4472-9883-95f1de57704b bpinsard@bc12405.int.ets1.calculquebec.ca:/localscratch/bpinsard.41394471.0/freesurfer_crosssectional_autorecon1smriprep_skullstripautorecon2autorecon3_sub04_ses003.job timestamp=1696508101.705824258s
2068ef07-2739-4745-91a3-61589cd90c08 bpinsard@bc11201.int.ets1.calculquebec.ca:/localscratch/bpinsard.41169683.0/freesurfer_longitudinal_sub05.job timestamp=1695577567.714674888s
213cf97f-7cf3-42ab-8c54-66c6b3f23877 bpinsard@bc12234.int.ets1.calculquebec.ca:/localscratch/bpinsard.41394416.0/freesurfer_crosssectional_autorecon1smriprep_skullstripautorecon2autorecon3_sub01_ses005.job timestamp=1696503501.518611725s
21f3d02d-a222-4452-a046-365aa14e0cf9 bpinsard@bc11342.int.ets1.calculquebec.ca:/localscratch/bpinsard.40464283.0/freesurfer_crosssectional_sub01_ses006.job timestamp=1695086024.104907813s
224cfebb-e4a5-407f-8922-dee599966fd7 bpinsard@bc12245.int.ets1.calculquebec.ca:/localscratch/bpinsard.40464347.0/freesurfer_crosssectional_sub06_ses012.job timestamp=1695086838.407552765s
28fad90a-e4cf-4b1f-bd94-ac03e084d782 bpinsard@bc21116.int.ets1.calculquebec.ca:/localscratch/bpinsard.41394413.0/freesurfer_crosssectional_autorecon1smriprep_skullstripautorecon2autorecon3_sub01_ses002.job timestamp=1696504641.744410782s
2c0211a0-b2f1-406b-999c-85991c15f79e bpinsard@bc12048.int.ets1.calculquebec.ca:/localscratch/bpinsard.41394490.0/freesurfer_crosssectional_autorecon1smriprep_skullstripautorecon2autorecon3_sub06_ses005.job timestamp=1696509346.325185179s
2d5fef49-4134-4d24-ac40-dae68e277458 bpinsard@bc12326.int.ets1.calculquebec.ca:/localscratch/bpinsard.41394473.0/freesurfer_crosssectional_autorecon1smriprep_skullstripautorecon2autorecon3_sub04_ses005.job timestamp=1696508243.562545611s
2f148a50-c233-44b6-aac0-de53eb46543f bpinsard@bc11912.int.ets1.calculquebec.ca:/scratch/bpinsard/freesurfer_crosssectional_sub01_ses010.job timestamp=1695239415.496876056s
3101c522-4065-487f-a218-621c29dd0e72 bpinsard@bc12405.int.ets1.calculquebec.ca:/localscratch/bpinsard.41394469.0/freesurfer_crosssectional_autorecon1smriprep_skullstripautorecon2autorecon3_sub04_ses001.job timestamp=1696508051.052465676s
322b5f88-7696-479e-b935-c183135f70a0 bpinsard@bc12308.int.ets1.calculquebec.ca:/localscratch/bpinsard.40464303.0/freesurfer_crosssectional_sub02_ses013.job timestamp=1695086604.861367208s
383c39ab-eac4-4caf-9faa-0591f095cfa3 bpinsard@bc12326.int.ets1.calculquebec.ca:/localscratch/bpinsard.41394474.0/freesurfer_crosssectional_autorecon1smriprep_skullstripautorecon2autorecon3_sub05_ses001.job timestamp=1696508161.725187657s
3b14ca3b-7811-4ff7-82ac-dac73cc16a8a bpinsard@bc12353.int.ets1.calculquebec.ca:/localscratch/bpinsard.40464337.0/freesurfer_crosssectional_sub06_ses002.job timestamp=1695086434.882748532s
3c64158b-df19-4116-8fda-88ff27f87125 bpinsard@bc12326.int.ets1.calculquebec.ca:/localscratch/bpinsard.40464312.0/freesurfer_crosssectional_sub03_ses008.job timestamp=1695086744.860410526s
40e22e4d-b154-4a87-8fdd-4963c095b9c1 bpinsard@bc12328.int.ets1.calculquebec.ca:/localscratch/bpinsard.40464314.0/freesurfer_crosssectional_sub03_ses010.job timestamp=1695086255.026662804s
420d7bab-bfb4-4ad3-9821-2c90fbc51e33 bpinsard@bc11242.int.ets1.calculquebec.ca:/localscratch/bpinsard.41169679.0/freesurfer_longitudinal_sub01.job timestamp=1695577405.116869236s
42d4ebca-2926-4e5c-b2f9-859f67ab7ca2 bpinsard@bc12334.int.ets1.calculquebec.ca:/localscratch/bpinsard.41394496.0/freesurfer_crosssectional_autorecon1smriprep_skullstripautorecon2autorecon3_sub06_ses011.job timestamp=1696510094.187451119s
477e9cd6-2246-4f0e-b8b8-2465199f4bc7 bpinsard@bc12245.int.ets1.calculquebec.ca:/localscratch/bpinsard.40464343.0/freesurfer_crosssectional_sub06_ses008.job timestamp=1695086799.963761699s
48ac9aff-3355-4e58-b1d8-43cf6964e1b6 bpinsard@bc12048.int.ets1.calculquebec.ca:/localscratch/bpinsard.41394467.0/freesurfer_crosssectional_autorecon1smriprep_skullstripautorecon2autorecon3_sub03_ses013.job timestamp=1696507913.952027479s
4a90f05a-c380-4a21-89d0-521ed9267dee bpinsard@bc12346.int.ets1.calculquebec.ca:/localscratch/bpinsard.40464330.0/freesurfer_crosssectional_sub05_ses007.job timestamp=1695086683.758420117s
4c657b53-a9ad-47e4-b2cf-31605a69403c bpinsard@bc11201.int.ets1.calculquebec.ca:/localscratch/bpinsard.41169681.0/freesurfer_longitudinal_sub03.job timestamp=1695577543.560556493s
4d489cec-d2fe-4fe1-9176-abbca3eb0408 bpinsard@bc11231.int.ets1.calculquebec.ca:/localscratch/bpinsard.41152056.0/freesurfer_template_sub05.job timestamp=1695490066.203070128s
4dbfff1f-ff55-41a3-ab92-ac948e561c8b bpinsard@bc11928.int.ets1.calculquebec.ca:/localscratch/bpinsard.40464301.0/freesurfer_crosssectional_sub02_ses011.job timestamp=1695086493.98204249s
4dd999d8-dd59-444b-9811-ec4266012eb4 bpinsard@bc12346.int.ets1.calculquebec.ca:/localscratch/bpinsard.40464329.0/freesurfer_crosssectional_sub05_ses006.job timestamp=1695086623.383653853s
4ec433ae-d1d1-4173-bb16-5e14a21c35e0 bpinsard@bc11337.int.ets1.calculquebec.ca:/localscratch/bpinsard.40464281.0/freesurfer_crosssectional_sub01_ses004.job timestamp=1695085870.927717482s
500b8c33-8d6c-47bf-b0d6-572429f96eb9 bpinsard@bc11956.int.ets1.calculquebec.ca:/localscratch/bpinsard.41394462.0/freesurfer_crosssectional_autorecon1smriprep_skullstripautorecon2autorecon3_sub03_ses008.job timestamp=1696507682.166452444s
501990dc-3fc6-4813-addc-f1e3b261efe7 bpinsard@bc12231.int.ets1.calculquebec.ca:/localscratch/bpinsard.40464338.0/freesurfer_crosssectional_sub06_ses003.job timestamp=1695086200.045709343s
533d9a20-0d6f-4782-9b14-011004f2a0a2 bpinsard@bc12245.int.ets1.calculquebec.ca:/localscratch/bpinsard.40464342.0/freesurfer_crosssectional_sub06_ses007.job timestamp=1695086813.373225664s
54ed7286-f1df-45c9-a574-5bc53e2a00df bpinsard@bc11340.int.ets1.calculquebec.ca:/localscratch/bpinsard.40464282.0/freesurfer_crosssectional_sub01_ses005.job timestamp=1695085924.903925749s
54f9cf26-b740-4350-840b-b44e9da78407 bpinsard@bc11319.int.ets1.calculquebec.ca:/localscratch/bpinsard.41362369.0/freesurfer_crosssectional_autorecon1_sub01_ses001.job timestamp=1696378440.94085924s
5838037b-3f36-4466-b09d-c832d7c16d81 ria-beluga-storage timestamp=1685474624.880411097s
58c06e7e-de95-4001-8cf2-341252251a1d bpinsard@bc12105.int.ets1.calculquebec.ca:/scratch/bpinsard/freesurfer_crosssectional_sub01_ses010.job_new timestamp=1695415815.548988657s
59ff54b4-f014-4f34-87e3-e19da95f9d74 bpinsard@bc11210.int.ets1.calculquebec.ca:/localscratch/bpinsard.41169684.0/freesurfer_longitudinal_sub06.job timestamp=1695577466.876137387s
5e138d92-7224-4e26-9944-d4c16b7c9030 bpinsard@bc12032.int.ets1.calculquebec.ca:/localscratch/bpinsard.40464315.0/freesurfer_crosssectional_sub03_ses011.job timestamp=1695086449.205821102s
5f5933cb-ce11-4a38-950b-4bd7c12abbe5 bpinsard@bc12209.int.ets1.calculquebec.ca:/localscratch/bpinsard.40464291.0/freesurfer_crosssectional_sub02_ses001.job timestamp=1695086053.708660983s
624c7162-4945-4f9c-9af5-7baf48b62fa7 bpinsard@bc12326.int.ets1.calculquebec.ca:/localscratch/bpinsard.40464313.0/freesurfer_crosssectional_sub03_ses009.job timestamp=1695086943.746526118s
63808c5a-e8d9-486a-a2d5-aa6d0d987b7d bpinsard@bc12326.int.ets1.calculquebec.ca:/localscratch/bpinsard.40464308.0/freesurfer_crosssectional_sub03_ses004.job timestamp=1695086712.800230809s
644b9442-0f41-48c0-83f3-91a8bc02a355 bpinsard@bc12326.int.ets1.calculquebec.ca:/localscratch/bpinsard.40464309.0/freesurfer_crosssectional_sub03_ses005.job timestamp=1695086920.00820567s
64824b98-8c00-4c5a-92ab-4230fd6b7602 bpinsard@bc11948.int.ets1.calculquebec.ca:/localscratch/bpinsard.41394454.0/freesurfer_crosssectional_autorecon1smriprep_skullstripautorecon2autorecon3_sub02_ses014.job timestamp=1696507196.989179977s
672d0d90-3b4f-48f3-85e0-92dd608cca1f bpinsard@bc11901.int.ets1.calculquebec.ca:/localscratch/bpinsard.40464295.0/freesurfer_crosssectional_sub02_ses005.job timestamp=1695085944.043930496s
685a5349-db46-451c-b81c-7cb9f6feaa5c bpinsard@bc21123.int.ets1.calculquebec.ca:/scratch/bpinsard/freesurfer_crosssectional_sub01_ses010.job timestamp=1695237073.814694196s
6b417bd0-b3e5-462f-a47d-e48ecafd0171 bpinsard@bc12308.int.ets1.calculquebec.ca:/localscratch/bpinsard.40464302.0/freesurfer_crosssectional_sub02_ses012.job timestamp=1695086668.678255378s
6b724e04-893c-4ccc-99a3-0168f3084380 bpinsard@bc11231.int.ets1.calculquebec.ca:/localscratch/bpinsard.41152055.0/freesurfer_template_sub04.job timestamp=1695490011.598145074s
6c1f21c3-6ad6-48c4-b1c8-c7ac4ad935c4 bpinsard@bc11344.int.ets1.calculquebec.ca:/localscratch/bpinsard.40464286.0/freesurfer_crosssectional_sub01_ses009.job timestamp=1695086074.883896393s
6d55a4dc-814c-4b68-9546-bcae09d932d7 bpinsard@bc12048.int.ets1.calculquebec.ca:/localscratch/bpinsard.41394468.0/freesurfer_crosssectional_autorecon1smriprep_skullstripautorecon2autorecon3_sub03_ses014.job timestamp=1696507939.16100488s
6d803279-8ee5-4f6d-a29d-18a87a102733 bpinsard@bc12353.int.ets1.calculquebec.ca:/localscratch/bpinsard.40464334.0/freesurfer_crosssectional_sub05_ses011.job timestamp=1695086522.57553743s
6dfae1e5-38d5-4071-9ed2-844093a85c46 bpinsard@bc11940.int.ets1.calculquebec.ca:/localscratch/bpinsard.40464294.0/freesurfer_crosssectional_sub02_ses004.job timestamp=1695086144.738549724s
702f410a-9d22-4c68-8bf5-ee8072daf73b bpinsard@bc11201.int.ets1.calculquebec.ca:/localscratch/bpinsard.41169682.0/freesurfer_longitudinal_sub04.job timestamp=1695577590.250972466s
71b04bdb-a9e5-44c6-b3fe-06786c919789 bpinsard@bc11342.int.ets1.calculquebec.ca:/localscratch/bpinsard.40464285.0/freesurfer_crosssectional_sub01_ses008.job timestamp=1695086093.40531704s
72911994-b847-4173-a3cd-efa02af68ebd bpinsard@bc12335.int.ets1.calculquebec.ca:/localscratch/bpinsard.41394441.0/freesurfer_crosssectional_autorecon1smriprep_skullstripautorecon2autorecon3_sub02_ses002.job timestamp=1696506969.568115442s
739e47ff-4997-45ab-8a9a-ccbeda9d497b basile@blob-XPS-9320:~/data/tests/anat.freesurfer_longitudinal timestamp=1692901042.078060693s
775820f5-4362-4d78-a3e0-2ecb33025363 bpinsard@bc12344.int.ets1.calculquebec.ca:/localscratch/bpinsard.40464328.0/freesurfer_crosssectional_sub05_ses005.job timestamp=1695086879.935837942s
77c6aa1a-975b-4739-9870-6c26510cdb13 bpinsard@bc12059.int.ets1.calculquebec.ca:/localscratch/bpinsard.40464323.0/freesurfer_crosssectional_sub04_ses005.job timestamp=1695086535.652906679s
79fd554e-00c2-4949-b4e2-98ca8e947df1 bpinsard@bc12234.int.ets1.calculquebec.ca:/localscratch/bpinsard.41394417.0/freesurfer_crosssectional_autorecon1smriprep_skullstripautorecon2autorecon3_sub01_ses006.job timestamp=1696503462.849015153s
7b0699ee-0d7a-4ded-b3f2-4336197021d7 bpinsard@bc11946.int.ets1.calculquebec.ca:/localscratch/bpinsard.41394484.0/freesurfer_crosssectional_autorecon1smriprep_skullstripautorecon2autorecon3_sub05_ses011.job timestamp=1696508466.37383688s
7dacb280-6b84-4fda-9fbf-0cdfff9865ab bpinsard@bc12344.int.ets1.calculquebec.ca:/localscratch/bpinsard.40464327.0/freesurfer_crosssectional_sub05_ses004.job timestamp=1695086382.013218039s
805e76d3-b2b5-4f36-b320-49ee207f3d8e bpinsard@bc12245.int.ets1.calculquebec.ca:/localscratch/bpinsard.40464344.0/freesurfer_crosssectional_sub06_ses009.job timestamp=1695086786.166417187s
8264aab9-5abe-4bc6-b905-ecd373b36691 bpinsard@bc11231.int.ets1.calculquebec.ca:/localscratch/bpinsard.40464280.0/freesurfer_crosssectional_sub01_ses003.job timestamp=1695085852.941855147s
83554d04-47f4-4d18-8951-d584a4de9057 bpinsard@bc12343.int.ets1.calculquebec.ca:/localscratch/bpinsard.40464325.0/freesurfer_crosssectional_sub05_ses002.job timestamp=1695086345.150284658s
851016b1-a271-4712-a6e9-768138a43bba bpinsard@bc11304.int.ets1.calculquebec.ca:/localscratch/bpinsard.41152054.0/freesurfer_template_sub01.job timestamp=1695489947.716965894s
8969d455-ae12-496b-bc30-12c50568edf2 bpinsard@bc21116.int.ets1.calculquebec.ca:/localscratch/bpinsard.41394414.0/freesurfer_crosssectional_autorecon1smriprep_skullstripautorecon2autorecon3_sub01_ses003.job timestamp=1696502437.227975468s
8bc6ec29-0309-42e4-8733-7cc9ab8a6952 bpinsard@bc11901.int.ets1.calculquebec.ca:/localscratch/bpinsard.40464297.0/freesurfer_crosssectional_sub02_ses007.job timestamp=1695086217.0703757s
8f44a712-4048-4a56-95b0-adbc71757a9d bpinsard@bc11946.int.ets1.calculquebec.ca:/localscratch/bpinsard.41394488.0/freesurfer_crosssectional_autorecon1smriprep_skullstripautorecon2autorecon3_sub06_ses003.job timestamp=1696508849.780046598s
9571d65b-392d-4a93-b5d8-b3a91c58393d bpinsard@bc12044.int.ets1.calculquebec.ca:/localscratch/bpinsard.40464320.0/freesurfer_crosssectional_sub04_ses002.job timestamp=1695086235.008674879s
97eae822-7df6-48b9-9a84-29d447b871e9 bpinsard@bc12236.int.ets1.calculquebec.ca:/localscratch/bpinsard.40464339.0/freesurfer_crosssectional_sub06_ses004.job timestamp=1695086180.439706046s
9a13789d-e030-4907-bda4-507ed4b1f2dd bpinsard@bc11946.int.ets1.calculquebec.ca:/localscratch/bpinsard.41394482.0/freesurfer_crosssectional_autorecon1smriprep_skullstripautorecon2autorecon3_sub05_ses009.job timestamp=1696508678.877234945s
9bcf680c-d472-4d6a-a5ca-cb8bc74fe808 bpinsard@bc11946.int.ets1.calculquebec.ca:/localscratch/bpinsard.41394486.0/freesurfer_crosssectional_autorecon1smriprep_skullstripautorecon2autorecon3_sub06_ses001.job timestamp=1696508415.850315626s
9dc851cc-26d5-4a95-accb-b7fa99e34a94 bpinsard@bc12326.int.ets1.calculquebec.ca:/localscratch/bpinsard.40464311.0/freesurfer_crosssectional_sub03_ses007.job timestamp=1695086931.841411955s
9e5fe59a-98dc-45d4-b8a9-db073b07ada0 bpinsard@bc12251.int.ets1.calculquebec.ca:/localscratch/bpinsard.41394425.0/freesurfer_crosssectional_autorecon1smriprep_skullstripautorecon2autorecon3_sub01_ses013.job timestamp=1696505430.432230826s
a0aa2b7d-13e0-449b-a57f-4ea1abc7b2f5 bpinsard@bc12039.int.ets1.calculquebec.ca:/localscratch/bpinsard.40464319.0/freesurfer_crosssectional_sub04_ses001.job timestamp=1695086906.089219419s
a0dedd0b-28b2-4684-a14b-449b758194c2 bpinsard@bc11958.int.ets1.calculquebec.ca:/localscratch/bpinsard.41394439.0/freesurfer_crosssectional_autorecon1smriprep_skullstripautorecon2autorecon3_sub02_ses001.job timestamp=1696505886.024237973s
a301995e-278c-4186-ba88-4db75ba75357 bpinsard@bc11340.int.ets1.calculquebec.ca:/localscratch/bpinsard.41394492.0/freesurfer_crosssectional_autorecon1smriprep_skullstripautorecon2autorecon3_sub06_ses007.job timestamp=1696509734.955871319s
a352f253-c33f-4d08-a1e2-b0956e2b54d7 bpinsard@bc11215.int.ets1.calculquebec.ca:/scratch/bpinsard/freesurfer_crosssectional_sub01_ses010.job timestamp=1695259106.072542821s
a3f3f95d-dbd5-480a-b201-7f75f6486ef6 bpinsard@bc12405.int.ets1.calculquebec.ca:/localscratch/bpinsard.41394472.0/freesurfer_crosssectional_autorecon1smriprep_skullstripautorecon2autorecon3_sub04_ses004.job timestamp=1696508076.104831143s
a4daa547-fac7-4d40-8a6c-89049ddb107e bpinsard@bc11205.int.ets1.calculquebec.ca:/scratch/bpinsard/freesurfer_crosssectional_sub01_ses010.job timestamp=1695257506.407369819s
a7acc644-114a-4108-bba4-f7174bb323f4 bpinsard@bc12251.int.ets1.calculquebec.ca:/localscratch/bpinsard.41394424.0/freesurfer_crosssectional_autorecon1smriprep_skullstripautorecon2autorecon3_sub01_ses012.job timestamp=1696505404.890159026s
a7cfb1b6-bb42-48f4-b967-bd03f4ef9f7c bpinsard@bc12335.int.ets1.calculquebec.ca:/localscratch/bpinsard.41394419.0/freesurfer_crosssectional_autorecon1smriprep_skullstripautorecon2autorecon3_sub01_ses008.job timestamp=1696504576.152225035s
ab0c4e21-8464-4427-97dc-0ece469ecf44 bpinsard@bc12326.int.ets1.calculquebec.ca:/localscratch/bpinsard.41394475.0/freesurfer_crosssectional_autorecon1smriprep_skullstripautorecon2autorecon3_sub05_ses002.job timestamp=1696508214.296432129s
adaff589-75de-4f41-9b54-4f1c0cfdd6a1 bpinsard@bc12245.int.ets1.calculquebec.ca:/localscratch/bpinsard.40464341.0/freesurfer_crosssectional_sub06_ses006.job timestamp=1695086866.051558964s
afd2c0d3-8ee0-402a-8d0a-a6a8bcd4723f bpinsard@bc11222.int.ets1.calculquebec.ca:/scratch/bpinsard/freesurfer_crosssectional_sub01_ses010.job timestamp=1695223762.746044945s
b21920ea-a125-4213-98d2-0012127389fa bpinsard@bc12059.int.ets1.calculquebec.ca:/localscratch/bpinsard.40464321.0/freesurfer_crosssectional_sub04_ses003.job timestamp=1695086399.578273187s
b2629f7b-6a98-45f0-b5b2-819432eb76ff bpinsard@bc12245.int.ets1.calculquebec.ca:/localscratch/bpinsard.40464346.0/freesurfer_crosssectional_sub06_ses011.job timestamp=1695086825.963825476s
b389f5f4-5736-49a8-b1fa-c9abc99e6648 bpinsard@bc11228.int.ets1.calculquebec.ca:/localscratch/bpinsard.40485467.0/freesurfer_crosssectional_sub01_ses010.job timestamp=1695173920.702258612s
b43cb59b-0619-476f-a76f-ca84debf6b79 bpinsard@bc12048.int.ets1.calculquebec.ca:/localscratch/bpinsard.41394491.0/freesurfer_crosssectional_autorecon1smriprep_skullstripautorecon2autorecon3_sub06_ses006.job timestamp=1696509371.679948517s
b731edf2-07d3-45f7-bbee-9c200404f163 bpinsard@bc11928.int.ets1.calculquebec.ca:/localscratch/bpinsard.40464300.0/freesurfer_crosssectional_sub02_ses010.job timestamp=1695086327.433272598s
bc67a3e9-2fa7-4562-be0b-1d6a4cb84277 bpinsard@bc11946.int.ets1.calculquebec.ca:/localscratch/bpinsard.41394483.0/freesurfer_crosssectional_autorecon1smriprep_skullstripautorecon2autorecon3_sub05_ses010.job timestamp=1696508552.885689214s
be7dc2c0-73bf-4317-a8e3-8166b396d04f bpinsard@bc11344.int.ets1.calculquebec.ca:/localscratch/bpinsard.40464288.0/freesurfer_crosssectional_sub01_ses011.job timestamp=1695085979.605839685s
c385f8d0-3d9f-43b8-b8ad-86374ecf7736 bpinsard@bc11902.int.ets1.calculquebec.ca:/localscratch/bpinsard.41386984.0/freesurfer_crosssectional_autorecon1smriprep_skullstripautorecon2autorecon3_sub01_ses001.job timestamp=1696475191.327082986s
c7256382-12dc-46b6-9ab7-27e2efa99752 bpinsard@bc12307.int.ets1.calculquebec.ca:/localscratch/bpinsard.41394479.0/freesurfer_crosssectional_autorecon1smriprep_skullstripautorecon2autorecon3_sub05_ses006.job timestamp=1696508304.878258525s
ca68dc56-c38f-49b4-9fdd-274247388cd6 bpinsard@bc12353.int.ets1.calculquebec.ca:/localscratch/bpinsard.40464333.0/freesurfer_crosssectional_sub05_ses010.job timestamp=1695086575.155240746s
ca91ee76-a444-4c4f-a1c4-2d425c8e00fc bpinsard@bc11948.int.ets1.calculquebec.ca:/localscratch/bpinsard.41394456.0/freesurfer_crosssectional_autorecon1smriprep_skullstripautorecon2autorecon3_sub03_ses002.job timestamp=1696507456.546408288s
cb444ca1-c076-4b49-bc40-cccec5d8edb9 bpinsard@bc12048.int.ets1.calculquebec.ca:/localscratch/bpinsard.41144303.0/freesurfer_template_sub02.job timestamp=1695427395.355694938s
cd4f5479-5ad8-4b84-9562-b85da8697308 bpinsard@bc12048.int.ets1.calculquebec.ca:/localscratch/bpinsard.41394466.0/freesurfer_crosssectional_autorecon1smriprep_skullstripautorecon2autorecon3_sub03_ses012.job timestamp=1696507889.152152001s
ce7db7b7-19eb-4bf0-b840-efdf2b5bcaa1 bpinsard@bc11242.int.ets1.calculquebec.ca:/localscratch/bpinsard.41152057.0/freesurfer_template_sub06.job timestamp=1695490042.057385209s
cf62ceaf-1de5-4acf-a481-bd99214ac7af bpinsard@bc12059.int.ets1.calculquebec.ca:/localscratch/bpinsard.40464322.0/freesurfer_crosssectional_sub04_ses004.job timestamp=1695086653.319384109s
d4e1a2cc-7bfa-4cde-8382-738b02c3f9ff bpinsard@bc12209.int.ets1.calculquebec.ca:/localscratch/bpinsard.40464292.0/freesurfer_crosssectional_sub02_ses002.job timestamp=1695086125.627981084s
d76624b0-ee10-4a61-88ec-ce0c8e1f1d17 bpinsard@bc12335.int.ets1.calculquebec.ca:/localscratch/bpinsard.41394420.0/freesurfer_crosssectional_autorecon1smriprep_skullstripautorecon2autorecon3_sub01_ses009.job timestamp=1696504614.99485235s
d7c68bea-f479-4259-bf60-683311d29644 bpinsard@bc12326.int.ets1.calculquebec.ca:/localscratch/bpinsard.40464310.0/freesurfer_crosssectional_sub03_ses006.job timestamp=1695086892.911359395s
d96a4666-9bcf-48a1-acfe-31a191a81859 bpinsard@bc12039.int.ets1.calculquebec.ca:/localscratch/bpinsard.40464318.0/freesurfer_crosssectional_sub03_ses014.job timestamp=1695086363.910197041s
da869936-ebc6-4bb1-b5a8-7dfc89776b2c bpinsard@bc12353.int.ets1.calculquebec.ca:/localscratch/bpinsard.40464332.0/freesurfer_crosssectional_sub05_ses009.job timestamp=1695086587.280389148s
dc712e80-49cf-4741-b635-ec968f3aa849 bpinsard@bc12245.int.ets1.calculquebec.ca:/localscratch/bpinsard.40464340.0/freesurfer_crosssectional_sub06_ses005.job timestamp=1695086162.922276645s
de05422c-35ad-45af-97f8-e8862e6ceb02 bpinsard@bc11901.int.ets1.calculquebec.ca:/localscratch/bpinsard.40464296.0/freesurfer_crosssectional_sub02_ses006.job timestamp=1695086007.593104727s
de3eb3b2-8b24-40b7-823e-6aabb9df50bb bpinsard@bc12326.int.ets1.calculquebec.ca:/localscratch/bpinsard.40464306.0/freesurfer_crosssectional_sub03_ses002.job timestamp=1695086481.156233571s
df31d887-b9ae-404a-94ef-627e025f7a17 bpinsard@beluga1.int.ets1.calculquebec.ca:/lustre04/scratch/bpinsard/anat.freesurfer_longitudinal timestamp=1685473579.884424751s
e0916c92-76d3-4f3d-b450-f0653204d081 bpinsard@bc12038.int.ets1.calculquebec.ca:/localscratch/bpinsard.40464317.0/freesurfer_crosssectional_sub03_ses013.job timestamp=1695086272.76680079s
e23fe105-daaf-442b-9746-ca0130f260c0 bpinsard@bc12326.int.ets1.calculquebec.ca:/localscratch/bpinsard.40464307.0/freesurfer_crosssectional_sub03_ses003.job timestamp=1695086466.725096263s
e2d2a172-40ed-4c05-8a1f-ecfba4db015d bpinsard@bc12216.int.ets1.calculquebec.ca:/localscratch/bpinsard.39995868.0/freesurfer_crosssectional_sub01_ses001.job timestamp=1692977730.614007482s
e40e9255-7bc9-462b-bc24-90fda5d3784f bpinsard@bc12307.int.ets1.calculquebec.ca:/localscratch/bpinsard.41394478.0/freesurfer_crosssectional_autorecon1smriprep_skullstripautorecon2autorecon3_sub05_ses005.job timestamp=1696508361.429876898s
e77e535f-d70b-4642-9f9a-45c5a867d238 bpinsard@bc11246.int.ets1.calculquebec.ca:/localscratch/bpinsard.41169680.0/freesurfer_longitudinal_sub02.job timestamp=1695577505.309308614s
ea4575df-3bb6-419d-b3ba-ec6cd1cb0a8c bpinsard@bc12252.int.ets1.calculquebec.ca:/localscratch/bpinsard.40464348.0/freesurfer_crosssectional_sub06_ses013.job timestamp=1695086772.6289612s
eafa3574-0ba2-4035-8454-27da8cef21ee bpinsard@bc11948.int.ets1.calculquebec.ca:/localscratch/bpinsard.41394452.0/freesurfer_crosssectional_autorecon1smriprep_skullstripautorecon2autorecon3_sub02_ses012.job timestamp=1696506625.088733324s
ec5e6c2e-c20a-45f9-a7dd-4ce4646e230e bpinsard@bc12356.int.ets1.calculquebec.ca:/localscratch/bpinsard.41394498.0/freesurfer_crosssectional_autorecon1smriprep_skullstripautorecon2autorecon3_sub06_ses013.job timestamp=1696510339.361304547s
ed505239-6b5f-45ff-8755-e8b17f41ad0c bpinsard@bc11220.int.ets1.calculquebec.ca:/localscratch/bpinsard.40464278.0/freesurfer_crosssectional_sub01_ses001.job timestamp=1695085821.960049558s
ef0c51f8-10e1-4248-bdfa-24560938b31c bpinsard@bc21116.int.ets1.calculquebec.ca:/localscratch/bpinsard.41394415.0/freesurfer_crosssectional_autorecon1smriprep_skullstripautorecon2autorecon3_sub01_ses004.job timestamp=1696502495.553915433s
ef525809-5da8-4450-ab96-cc502b1f425d bpinsard@bc11304.int.ets1.calculquebec.ca:/localscratch/bpinsard.40464279.0/freesurfer_crosssectional_sub01_ses002.job timestamp=1695085906.215993428s
ef694e63-fbeb-4cef-a37f-f44bb3d6952c bpinsard@bc12334.int.ets1.calculquebec.ca:/localscratch/bpinsard.41394494.0/freesurfer_crosssectional_autorecon1smriprep_skullstripautorecon2autorecon3_sub06_ses009.job timestamp=1696509993.653625848s
f159ec71-35c1-43af-a39a-0cce25724902 bpinsard@bc11946.int.ets1.calculquebec.ca:/localscratch/bpinsard.41394487.0/freesurfer_crosssectional_autorecon1smriprep_skullstripautorecon2autorecon3_sub06_ses002.job timestamp=1696508978.741255956s
f5f456f8-668b-4ce2-b1a0-a5c247c64acf bpinsard@bc11924.int.ets1.calculquebec.ca:/localscratch/bpinsard.41394445.0/freesurfer_crosssectional_autorecon1smriprep_skullstripautorecon2autorecon3_sub02_ses006.job timestamp=1696506734.406336147s
f6e989cc-cdfe-4906-9fa8-c0d0c4be85c2 bpinsard@bc11344.int.ets1.calculquebec.ca:/localscratch/bpinsard.40464289.0/freesurfer_crosssectional_sub01_ses012.job timestamp=1695085994.034331749s
f7a5ab5b-c5b6-4a05-8f94-2738463260ed bpinsard@bc12319.int.ets1.calculquebec.ca:/localscratch/bpinsard.40464304.0/freesurfer_crosssectional_sub02_ses014.job timestamp=1695086309.828251497s
f982671b-a5bd-4952-9c91-19335d6b8c69 bpinsard@bc12353.int.ets1.calculquebec.ca:/localscratch/bpinsard.40464331.0/freesurfer_crosssectional_sub05_ses008.job timestamp=1695086640.057737667s
fb7d9bfc-4820-41fc-a2fb-b7dbdf732991 bpinsard@bc11928.int.ets1.calculquebec.ca:/localscratch/bpinsard.40464299.0/freesurfer_crosssectional_sub02_ses009.job timestamp=1695086550.111932174s
fff11dbe-c8a4-4775-a3ad-2bdb866309ed bpinsard@bc12234.int.ets1.calculquebec.ca:/localscratch/bpinsard.41394418.0/freesurfer_crosssectional_autorecon1smriprep_skullstripautorecon2autorecon3_sub01_ses007.job timestamp=1696503527.207805392s
