Logfile for bbregister
Sun Oct  8 05:01:31 UTC 2023

setenv SUBJECTS_DIR /localscratch/bpinsard.41451855.0/freesurfer_crosssectional_autorecon3_sub03_ses005.job
cd /localscratch/bpinsard.41451855.0/freesurfer_crosssectional_autorecon3_sub03_ses005.job/sub-03_ses-005/scripts
/opt/freesurfer/bin/bbregister --s sub-03_ses-005 --mov /localscratch/bpinsard.41451855.0/freesurfer_crosssectional_autorecon3_sub03_ses005.job/sub-03_ses-005/mri/orig/T2raw.mgz --lta /localscratch/bpinsard.41451855.0/freesurfer_crosssectional_autorecon3_sub03_ses005.job/sub-03_ses-005/mri/transforms/T2raw.auto.lta --init-coreg --T2 --gm-proj-abs 2 --wm-proj-abs 1 --no-coreg-ref-mask

bbregister 7.4.1
Linux bc12042.int.ets1.calculquebec.ca 3.10.0-1160.99.1.el7.x86_64 #1 SMP Wed Sep 13 14:19:20 UTC 2023 x86_64 x86_64 x86_64 GNU/Linux
FREESURFER_HOME /opt/freesurfer
mri_convert /localscratch/bpinsard.41451855.0/freesurfer_crosssectional_autorecon3_sub03_ses005.job/sub-03_ses-005/mri/orig/T2raw.mgz /localscratch/bpinsard.41451855.0/freesurfer_crosssectional_autorecon3_sub03_ses005.job/sub-03_ses-005/mri/transforms/tmp.bbregister.72202/template.nii
mri_convert /localscratch/bpinsard.41451855.0/freesurfer_crosssectional_autorecon3_sub03_ses005.job/sub-03_ses-005/mri/orig/T2raw.mgz /localscratch/bpinsard.41451855.0/freesurfer_crosssectional_autorecon3_sub03_ses005.job/sub-03_ses-005/mri/transforms/tmp.bbregister.72202/template.nii 
reading from /localscratch/bpinsard.41451855.0/freesurfer_crosssectional_autorecon3_sub03_ses005.job/sub-03_ses-005/mri/orig/T2raw.mgz...
TR=0.00, TE=0.00, TI=0.00, flip angle=0.00
i_ras = (0.999925, 0.012217, 0)
j_ras = (-0.012217, 0.999925, 0)
k_ras = (0, 0, 1)
writing to /localscratch/bpinsard.41451855.0/freesurfer_crosssectional_autorecon3_sub03_ses005.job/sub-03_ses-005/mri/transforms/tmp.bbregister.72202/template.nii...
mri_coreg --s sub-03_ses-005 --mov /localscratch/bpinsard.41451855.0/freesurfer_crosssectional_autorecon3_sub03_ses005.job/sub-03_ses-005/mri/transforms/tmp.bbregister.72202/template.nii --regdat /localscratch/bpinsard.41451855.0/freesurfer_crosssectional_autorecon3_sub03_ses005.job/sub-03_ses-005/mri/transforms/tmp.bbregister.72202/reg.init.dat --reg /localscratch/bpinsard.41451855.0/freesurfer_crosssectional_autorecon3_sub03_ses005.job/sub-03_ses-005/mri/transforms/tmp.bbregister.72202/mri_coreg.lta --nthreads 4 --dof 6 --sep 4 --ftol .0001 --linmintol .01 --no-ref-mask

$Id: mri_coreg.c,v 1.27 2016/04/30 15:11:49 greve Exp $
cwd /localscratch/bpinsard.41451855.0/freesurfer_crosssectional_autorecon3_sub03_ses005.job/sub-03_ses-005/scripts
cmdline mri_coreg --s sub-03_ses-005 --mov /localscratch/bpinsard.41451855.0/freesurfer_crosssectional_autorecon3_sub03_ses005.job/sub-03_ses-005/mri/transforms/tmp.bbregister.72202/template.nii --regdat /localscratch/bpinsard.41451855.0/freesurfer_crosssectional_autorecon3_sub03_ses005.job/sub-03_ses-005/mri/transforms/tmp.bbregister.72202/reg.init.dat --reg /localscratch/bpinsard.41451855.0/freesurfer_crosssectional_autorecon3_sub03_ses005.job/sub-03_ses-005/mri/transforms/tmp.bbregister.72202/mri_coreg.lta --nthreads 4 --dof 6 --sep 4 --ftol .0001 --linmintol .01 --no-ref-mask 
sysname  Linux
hostname bc12042.int.ets1.calculquebec.ca
machine  x86_64
user     bpinsard
dof    6
nsep    1
cras0    1
ftol    0.000100
linmintol    0.010000
bf       1
bflim    30.000000
bfnsamp    30
SmoothRef 0
SatPct    99.990000
MovOOB 0
optschema 1
Seed 53
Reading in mov /localscratch/bpinsard.41451855.0/freesurfer_crosssectional_autorecon3_sub03_ses005.job/sub-03_ses-005/mri/transforms/tmp.bbregister.72202/template.nii
Reading in ref /localscratch/bpinsard.41451855.0/freesurfer_crosssectional_autorecon3_sub03_ses005.job/sub-03_ses-005/mri/brainmask.mgz
Setting cras translation parameters to align volume centers
Init matrix params -0.7951 -0.0049 -0.8000  0.0000  0.0000  0.0000  1.0000  1.0000  1.0000  0.0000  0.0000  0.0000 
Initial Matrix (RAS2RAS)
 1.00000   0.00000   0.00000   0.79509;
 0.00000   1.00000   0.00000   0.00489;
 0.00000   0.00000   1.00000   0.79999;
 0.00000   0.00000   0.00000   1.00000;
Initial parameters to be opt -0.7951 -0.0049 -0.8000  0.0000  0.0000  0.0000 
Creating random numbers for coordinate dithering
Performing intensity dithering
Performing intensity dithering on mov with computed dither
Separation list (1):  4   min = 4
DoSmoothing 1
DoCoordDither 1
DoIntensityDither 1
nitersmax 4
ftol 1.000e-04
linmintol 1.000e-02
SatPct 99.990000
Hist FWHM 7.000000 7.000000
nthreads 4
movsat = 7795.5649
mov gstd 1.9140 1.9140 1.9140
Smoothing mov
refsat = 136.0000
ref gstd 1.9140 1.9140 1.9140
Smoothing ref
COREGpreproc() done
Testing if mov and target overlap
Init cost   -1.0334042481
nhits = 308482 out of 32768000, Percent Overlap:  60.3
Initial  RefRAS-to-MovRAS
 1.00000   0.00000   0.00000  -0.79509;
 0.00000   1.00000   0.00000  -0.00489;
 0.00000   0.00000   1.00000  -0.79999;
 0.00000   0.00000   0.00000   1.00000;
Initial  RefVox-to-MovVox
-0.99992   0.00000   0.01222   261.03918;
 0.01222   0.00000   0.99993  -11.93675;
 0.00000  -1.00000   0.00000   319.00006;
 0.00000   0.00000   0.00000   1.00000;
sep = 4 -----------------------------------
COREGoptBruteForce() 30 1 30
Turning on MovOOB for BruteForce Search
#BF# sep= 4 iter=0 lim=30.0 delta=2.00  -0.79509  -0.00489  13.20001   6.00000   2.00000   0.00000   -1.0325368
Turning  MovOOB back off after brute force search


---------------------------------
Init Powel Params dof = 6: -0.795090 -0.004890 13.200012 6.000000 2.000000 0.000000 
Starting OpenPowel2(), sep = 4
InitialCost        -1.0368160009 
#@#  4  188  -0.79509 -0.00489 13.20001 6.00000 2.00000 0.00000   -1.0368160
fs_powell::minimize
  nparams 6
  maxfev 4
  ftol   0.000100
  linmin_xtol_   0.010000
  powell nthiter 0: fret = -1.036816
#@#  4  190  0.20491 -0.00489 13.20001 6.00000 2.00000 0.00000   -1.0368625
#@#  4  195  0.26619 -0.00489 13.20001 6.00000 2.00000 0.00000   -1.0368631
#@#  4  202  0.27619 -1.62292 13.20001 6.00000 2.00000 0.00000   -1.0372388
#@#  4  208  0.27619 -3.94820 13.20001 6.00000 2.00000 0.00000   -1.0376699
#@#  4  209  0.27619 -4.83895 13.20001 6.00000 2.00000 0.00000   -1.0377407
#@#  4  210  0.27619 -5.60082 13.20001 6.00000 2.00000 0.00000   -1.0377411
#@#  4  211  0.27619 -5.22479 13.20001 6.00000 2.00000 0.00000   -1.0377487
#@#  4  215  0.27619 -5.21479 14.20001 6.00000 2.00000 0.00000   -1.0378468
#@#  4  220  0.27619 -5.21479 14.41013 6.00000 2.00000 0.00000   -1.0378509
#@#  4  229  0.27619 -5.21479 14.44191 7.00000 2.00000 0.00000   -1.0379175
#@#  4  230  0.27619 -5.21479 14.44191 8.61803 2.00000 0.00000   -1.0379854
#@#  4  234  0.27619 -5.21479 14.44191 9.16108 2.00000 0.00000   -1.0379947
#@#  4  236  0.27619 -5.21479 14.44191 9.25912 2.00000 0.00000   -1.0379952
#@#  4  237  0.27619 -5.21479 14.44191 9.29449 2.00000 0.00000   -1.0379953
#@#  4  245  0.27619 -5.21479 14.44191 9.27448 0.38197 0.00000   -1.0380106
#@#  4  246  0.27619 -5.21479 14.44191 9.27448 0.86002 0.00000   -1.0380191
#@#  4  250  0.27619 -5.21479 14.44191 9.27448 0.94218 0.00000   -1.0380193
#@#  4  259  0.27619 -5.21479 14.44191 9.27448 0.91218 -0.61803   -1.0380218
#@#  4  261  0.27619 -5.21479 14.44191 9.27448 0.91218 -0.53295   -1.0380219
#@#  4  265  0.27619 -5.21479 14.44191 9.27448 0.91218 -0.49868   -1.0380220
  powell nthiter 1: fret = -1.038022
#@#  4  272  0.65815 -5.21479 14.44191 9.27448 0.91218 -0.49868   -1.0380255
#@#  4  273  0.54805 -5.21479 14.44191 9.27448 0.91218 -0.49868   -1.0380257
#@#  4  274  0.57686 -5.21479 14.44191 9.27448 0.91218 -0.49868   -1.0380259
#@#  4  281  0.58914 -5.83283 14.44191 9.27448 0.91218 -0.49868   -1.0380492
#@#  4  283  0.58914 -5.89058 14.44191 9.27448 0.91218 -0.49868   -1.0380496
#@#  4  293  0.58914 -5.89058 14.57892 9.27448 0.91218 -0.49868   -1.0380515
#@#  4  302  0.58914 -5.89058 14.60920 10.27448 0.91218 -0.49868   -1.0380564
#@#  4  306  0.58914 -5.89058 14.60920 9.89252 0.91218 -0.49868   -1.0380582
#@#  4  325  0.58914 -5.89058 14.60920 9.87329 0.91218 -1.11672   -1.0380595
#@#  4  328  0.58914 -5.89058 14.60920 9.87329 0.91218 -1.26441   -1.0380598
#@#  4  330  0.58914 -5.89058 14.60920 9.87329 0.91218 -1.27441   -1.0380599
Powell done niters total = 1
OptTimeSec 17.8 sec
OptTimeMin  0.30 min
nEvals 334
Final optimized parameters   0.58913845  -5.89058399  14.60920429   9.87329292   0.91217917  -1.28515780 
Final matrix parameters  0.5891 -5.8906 14.6092  9.8733  0.9122 -1.2852  1.0000  1.0000  1.0000  0.0000  0.0000  0.0000 
Final cost   -1.038059924415591
 

---------------------------------
Final  RefRAS-to-MovRAS
 0.99962  -0.02243   0.01592   0.58914;
 0.01937   0.98500   0.17145  -5.89058;
-0.01953  -0.17108   0.98506   14.60920;
 0.00000   0.00000   0.00000   1.00000;
Final  RefVox-to-MovVox
-0.99978  -0.01801  -0.01039   268.12338;
-0.00715  -0.17124   0.98520   10.23801;
 0.01953  -0.98506  -0.17108   354.79730;
 0.00000   0.00000   0.00000   1.00000;
Final matrix parameters  0.5891 -5.8906 14.6092  9.8733  0.9122 -1.2852  0.0000  0.0000  0.0000  0.0000  0.0000  0.0000 
Final opt parameters  0.5891 -5.8906 14.6092  9.8733  0.9122 -1.2852 
nhits = 289067 out of 32768000, Percent Overlap:  56.5
mri_coreg RunTimeSec 117.6 sec
To check run:
   tkregisterfv --mov /localscratch/bpinsard.41451855.0/freesurfer_crosssectional_autorecon3_sub03_ses005.job/sub-03_ses-005/mri/transforms/tmp.bbregister.72202/template.nii --targ /localscratch/bpinsard.41451855.0/freesurfer_crosssectional_autorecon3_sub03_ses005.job/sub-03_ses-005/mri/brainmask.mgz --reg /localscratch/bpinsard.41451855.0/freesurfer_crosssectional_autorecon3_sub03_ses005.job/sub-03_ses-005/mri/transforms/tmp.bbregister.72202/mri_coreg.lta --s sub-03_ses-005 --surfs 

mri_coreg done

mri_segreg --mov /localscratch/bpinsard.41451855.0/freesurfer_crosssectional_autorecon3_sub03_ses005.job/sub-03_ses-005/mri/transforms/tmp.bbregister.72202/template.nii --init-reg /localscratch/bpinsard.41451855.0/freesurfer_crosssectional_autorecon3_sub03_ses005.job/sub-03_ses-005/mri/transforms/tmp.bbregister.72202/reg.init.dat --out-reg /localscratch/bpinsard.41451855.0/freesurfer_crosssectional_autorecon3_sub03_ses005.job/sub-03_ses-005/mri/transforms/tmp.bbregister.72202/bbr.pass1.dat --subsamp-brute 100 --subsamp 100 --tol 1e-4 --tol1d 1e-3 --brute -4 4 4 --surf white --gm-proj-abs 2 --gm-gt-wm 0.5
7.4.1
setenv SUBJECTS_DIR /localscratch/bpinsard.41451855.0/freesurfer_crosssectional_autorecon3_sub03_ses005.job
cd /localscratch/bpinsard.41451855.0/freesurfer_crosssectional_autorecon3_sub03_ses005.job/sub-03_ses-005/scripts
mri_segreg --mov /localscratch/bpinsard.41451855.0/freesurfer_crosssectional_autorecon3_sub03_ses005.job/sub-03_ses-005/mri/transforms/tmp.bbregister.72202/template.nii --init-reg /localscratch/bpinsard.41451855.0/freesurfer_crosssectional_autorecon3_sub03_ses005.job/sub-03_ses-005/mri/transforms/tmp.bbregister.72202/reg.init.dat --out-reg /localscratch/bpinsard.41451855.0/freesurfer_crosssectional_autorecon3_sub03_ses005.job/sub-03_ses-005/mri/transforms/tmp.bbregister.72202/bbr.pass1.dat --subsamp-brute 100 --subsamp 100 --tol 1e-4 --tol1d 1e-3 --brute -4 4 4 --surf white --gm-proj-abs 2 --gm-gt-wm 0.5 
sysname  Linux
hostname bc12042.int.ets1.calculquebec.ca
machine  x86_64
user     bpinsard
movvol /localscratch/bpinsard.41451855.0/freesurfer_crosssectional_autorecon3_sub03_ses005.job/sub-03_ses-005/mri/transforms/tmp.bbregister.72202/template.nii
regfile /localscratch/bpinsard.41451855.0/freesurfer_crosssectional_autorecon3_sub03_ses005.job/sub-03_ses-005/mri/transforms/tmp.bbregister.72202/reg.init.dat
subject sub-03_ses-005
dof 6
outregfile /localscratch/bpinsard.41451855.0/freesurfer_crosssectional_autorecon3_sub03_ses005.job/sub-03_ses-005/mri/transforms/tmp.bbregister.72202/bbr.pass1.dat
UseMask 0
UseLH 1
UseRH 1
nsubsamp 100
PenaltySign  -1
PenaltySlope 0.500000
PenaltyCenter 0.000000
surfname white
GMProjAbs 2.000000
WMProjAbs 2.000000
lhcostfile (null)
rhcostfile (null)
interp  trilinear (1)
frame  0
TolPowell 0.000100
nMaxItersPowell 36
n1dmin  3
Profile   0
Gdiag_no  -1
AddNoise  0 (0)
SynthSeed 1697613719
TransRandMax 0.000000
RotRandMax 0.000000
Translations 0.000000 0.000000 0.000000
Rotations   0.000000 0.000000 0.000000
Input reg
-0.99978   0.01039  -0.01801   0.30899;
-0.01953  -0.17108   0.98506   10.35129;
-0.00715  -0.98520  -0.17124   8.53799;
 0.00000   0.00000   0.00000   1.00000;

Loading mov
ExcludeZeroVoxels 1
Reading in targ vol /localscratch/bpinsard.41451855.0/freesurfer_crosssectional_autorecon3_sub03_ses005.job/sub-03_ses-005/mri/orig.mgz
Projecting LH Surfs
Loading lh.white surf
GM Proj: 0 0.500000 2.000000
WM Proj: 0 0.500000 2.000000
Projecting RH Surfs
Loading rh.white surf
Projecting RH Surfs
Using lh.cortex.label
Using rh.cortex.label
Computing relative cost
 0  -25.0 -25.0 -25.0   1.011834
 1  -25.0 -25.0  25.0   1.023759
 2  -25.0  25.0 -25.0   0.994243
 3  -25.0  25.0  25.0   1.041380
 4   25.0 -25.0 -25.0   1.001422
 5   25.0 -25.0  25.0   0.985189
 6   25.0  25.0 -25.0   0.989432
 7   25.0  25.0  25.0   1.005690
REL:  8  0.955015    8.052949  1.006619 rel = 0.948736 
Initial costs ----------------
Number of surface hits 4667
WM  Intensity  1025.4407 +/- 561.3297
Ctx Intensity  1032.9468 +/- 565.3578
Pct Contrast      0.7864 +/-  50.5122
Cost   0.9550
RelCost   0.9487

------------------------------------
Brute force preopt -4 4 4, n = 729
     0  -4.0000  -4.0000  -4.0000  -4.0000  -4.0000  -4.0000      0.9592   0.9592  0.0
     1  -4.0000  -4.0000  -4.0000  -4.0000  -4.0000   0.0000      0.9444   0.9444  0.0
     9  -4.0000  -4.0000  -4.0000   0.0000  -4.0000  -4.0000      0.9191   0.9191  0.0
    10  -4.0000  -4.0000  -4.0000   0.0000  -4.0000   0.0000      0.9184   0.9184  0.0
    19  -4.0000  -4.0000  -4.0000   4.0000  -4.0000   0.0000      0.9103   0.9103  0.0
    46  -4.0000  -4.0000   0.0000   4.0000  -4.0000   0.0000      0.9057   0.9057  0.0
    48  -4.0000  -4.0000   0.0000   4.0000   0.0000  -4.0000      0.8806   0.8806  0.0
    51  -4.0000  -4.0000   0.0000   4.0000   4.0000  -4.0000      0.8547   0.8547  0.0
   292   0.0000  -4.0000   0.0000   4.0000   0.0000   0.0000      0.8520   0.8520  0.0
Brute Force --------------------------
Min cost was 0.851985
Number of iterations   729
Search time 4.096938 sec
Parameters at best (transmm, rotdeg)
  0.000  -4.000   0.000  4.000  0.000  0.000 
--------------------------------------------

Starting Powell Minimization
Init Powel Params dof = 6
0 0
1 -4
2 0
3 4
4 0
5 0
fs_powell::minimize
  nparams 6
  maxfev 36
  ftol   0.000100
  linmin_xtol_   0.001000
  powell nthiter 0: fret = 0.851985
   9 -0.055 -4.000  0.000  4.000  0.000  0.000   0.8504462506
  11 -0.067 -4.000  0.000  4.000  0.000  0.000   0.8502960187
  12 -0.069 -4.000  0.000  4.000  0.000  0.000   0.8502917716
  17 -0.069 -5.618  0.000  4.000  0.000  0.000   0.8062386237
  18 -0.069 -6.389  0.000  4.000  0.000  0.000   0.7916043203
  21 -0.069 -7.293  0.000  4.000  0.000  0.000   0.7872079268
  22 -0.069 -7.853  0.000  4.000  0.000  0.000   0.7750046268
  23 -0.069 -8.198  0.000  4.000  0.000  0.000   0.7714301826
  25 -0.069 -8.129  0.000  4.000  0.000  0.000   0.7688323231
  26 -0.069 -8.055  0.000  4.000  0.000  0.000   0.7679012955
  30 -0.069 -8.054  0.000  4.000  0.000  0.000   0.7679001006
  33 -0.069 -8.054 -1.618  4.000  0.000  0.000   0.7539432122
  34 -0.069 -8.054 -1.052  4.000  0.000  0.000   0.7510690993
  37 -0.069 -8.054 -1.268  4.000  0.000  0.000   0.7476324739
  39 -0.069 -8.054 -1.217  4.000  0.000  0.000   0.7459103943
  41 -0.069 -8.054 -1.225  4.000  0.000  0.000   0.7458179119
  43 -0.069 -8.054 -1.224  4.000  0.000  0.000   0.7458119537
  50 -0.069 -8.054 -1.224  4.382  0.000  0.000   0.7389655419
  52 -0.069 -8.054 -1.224  4.270  0.000  0.000   0.7343150930
  55 -0.069 -8.054 -1.224  4.251  0.000  0.000   0.7340407257
  58 -0.069 -8.054 -1.224  4.254  0.000  0.000   0.7340241020
  67 -0.069 -8.054 -1.224  4.254 -0.007  0.000   0.7340155525
  71 -0.069 -8.054 -1.224  4.254 -0.008  0.000   0.7340154310
  80 -0.069 -8.054 -1.224  4.254 -0.008 -0.020   0.7339551015
  82 -0.069 -8.054 -1.224  4.254 -0.008 -0.046   0.7337485539
  84 -0.069 -8.054 -1.224  4.254 -0.008 -0.036   0.7337300248
  85 -0.069 -8.054 -1.224  4.254 -0.008 -0.039   0.7337058808
  86 -0.069 -8.054 -1.224  4.254 -0.008 -0.040   0.7337035609
  powell nthiter 1: fret = 0.733704
  96 -0.076 -8.054 -1.224  4.254 -0.008 -0.040   0.7336682796
 100 -0.077 -8.054 -1.224  4.254 -0.008 -0.040   0.7336679971
 110 -0.077 -8.071 -1.224  4.254 -0.008 -0.040   0.7333183924
 112 -0.077 -8.077 -1.224  4.254 -0.008 -0.040   0.7333067863
 113 -0.077 -8.075 -1.224  4.254 -0.008 -0.040   0.7333052977
 121 -0.077 -8.075 -1.349  4.254 -0.008 -0.040   0.7314441007
 123 -0.077 -8.075 -1.345  4.254 -0.008 -0.040   0.7313660355
 126 -0.077 -8.075 -1.338  4.254 -0.008 -0.040   0.7312082408
 139 -0.077 -8.075 -1.338  4.274 -0.008 -0.040   0.7309366450
 140 -0.077 -8.075 -1.338  4.275 -0.008 -0.040   0.7309359305
 150 -0.077 -8.075 -1.338  4.275 -0.013 -0.040   0.7308502451
 151 -0.077 -8.075 -1.338  4.275 -0.020 -0.040   0.7308161221
 152 -0.077 -8.075 -1.338  4.275 -0.019 -0.040   0.7308160651
 164 -0.077 -8.075 -1.338  4.275 -0.019 -0.039   0.7308110282
 166 -0.085 -8.096 -1.452  4.296 -0.030 -0.037   0.7298777766
 173 -0.085 -8.095 -1.444  4.294 -0.029 -0.037   0.7297816613
 174 -0.084 -8.094 -1.437  4.293 -0.029 -0.038   0.7297660285
 176 -0.084 -8.094 -1.437  4.293 -0.029 -0.037   0.7297657201
  powell nthiter 2: fret = 0.729766
 189 -0.097 -8.094 -1.437  4.293 -0.029 -0.037   0.7297577748
 190 -0.094 -8.094 -1.437  4.293 -0.029 -0.037   0.7297463819
 191 -0.091 -8.094 -1.437  4.293 -0.029 -0.037   0.7297460641
 193 -0.092 -8.094 -1.437  4.293 -0.029 -0.037   0.7297447120
 194 -0.093 -8.094 -1.437  4.293 -0.029 -0.037   0.7297440848
 201 -0.093 -8.116 -1.437  4.293 -0.029 -0.037   0.7295107484
 204 -0.093 -8.111 -1.437  4.293 -0.029 -0.037   0.7294857159
 217 -0.093 -8.111 -1.437  4.293 -0.029 -0.042   0.7294785546
 218 -0.093 -8.111 -1.437  4.293 -0.029 -0.040   0.7294781144
 226 -0.093 -8.111 -1.437  4.347 -0.029 -0.040   0.7292578165
 227 -0.093 -8.111 -1.437  4.343 -0.029 -0.040   0.7291062718
 228 -0.093 -8.111 -1.437  4.322 -0.029 -0.040   0.7288648639
 229 -0.093 -8.111 -1.437  4.311 -0.029 -0.040   0.7288467648
 230 -0.093 -8.111 -1.437  4.314 -0.029 -0.040   0.7288149945
 231 -0.093 -8.111 -1.437  4.316 -0.029 -0.040   0.7288127235
 233 -0.093 -8.111 -1.437  4.315 -0.029 -0.040   0.7288121111
 242 -0.093 -8.111 -1.437  4.315 -0.024 -0.040   0.7287216731
 243 -0.093 -8.111 -1.437  4.315 -0.015 -0.040   0.7286644147
 244 -0.093 -8.111 -1.437  4.315 -0.016 -0.040   0.7286635544
 254 -0.092 -8.109 -1.427  4.313 -0.015 -0.040   0.7286565581
 255 -0.093 -8.109 -1.428  4.314 -0.015 -0.040   0.7286382543
 256 -0.093 -8.110 -1.432  4.314 -0.015 -0.040   0.7286193968
 258 -0.093 -8.110 -1.432  4.314 -0.015 -0.040   0.7286188039
 259 -0.093 -8.110 -1.432  4.314 -0.015 -0.040   0.7286182411
 263 -0.108 -8.145 -1.527  4.354 -0.011 -0.042   0.7284029238
 269 -0.102 -8.131 -1.491  4.339 -0.013 -0.041   0.7283823595
 270 -0.105 -8.137 -1.505  4.345 -0.012 -0.042   0.7280691553
 271 -0.105 -8.138 -1.508  4.346 -0.012 -0.042   0.7280379107
 273 -0.105 -8.138 -1.509  4.346 -0.012 -0.042   0.7280367980
 275 -0.105 -8.138 -1.509  4.346 -0.012 -0.042   0.7280366275
  powell nthiter 3: fret = 0.728037
 285 -0.158 -8.138 -1.509  4.346 -0.012 -0.042   0.7279638512
 291 -0.155 -8.138 -1.509  4.346 -0.012 -0.042   0.7279571739
 300 -0.155 -8.137 -1.509  4.346 -0.012 -0.042   0.7279211125
 303 -0.155 -8.117 -1.509  4.346 -0.012 -0.042   0.7274041040
 305 -0.155 -8.114 -1.509  4.346 -0.012 -0.042   0.7273730169
 306 -0.155 -8.112 -1.509  4.346 -0.012 -0.042   0.7273661828
 319 -0.155 -8.112 -1.509  4.346 -0.012 -0.043   0.7273627099
 327 -0.155 -8.111 -1.501  4.345 -0.011 -0.043   0.7273547067
 328 -0.155 -8.111 -1.503  4.345 -0.012 -0.043   0.7273450929
 329 -0.155 -8.111 -1.505  4.346 -0.012 -0.043   0.7273381244
 332 -0.155 -8.111 -1.505  4.346 -0.012 -0.043   0.7273380709
 342 -0.155 -8.111 -1.505  4.346 -0.007 -0.043   0.7273135873
 344 -0.155 -8.111 -1.505  4.346 -0.008 -0.043   0.7273126583
 355 -0.155 -8.112 -1.506  4.346 -0.008 -0.043   0.7273105303
 357 -0.155 -8.112 -1.506  4.346 -0.008 -0.043   0.7273102976
  powell nthiter 4: fret = 0.727310
 371 -0.157 -8.112 -1.506  4.346 -0.008 -0.043   0.7272845180
 372 -0.160 -8.112 -1.506  4.346 -0.008 -0.043   0.7272712467
 384 -0.160 -8.114 -1.506  4.346 -0.008 -0.043   0.7272706155
 386 -0.160 -8.113 -1.506  4.346 -0.008 -0.043   0.7272678375
 407 -0.160 -8.113 -1.504  4.346 -0.008 -0.043   0.7272655154
 408 -0.160 -8.113 -1.504  4.346 -0.008 -0.043   0.7272652948
 419 -0.160 -8.113 -1.504  4.346 -0.007 -0.043   0.7272552217
 421 -0.160 -8.113 -1.504  4.346 -0.004 -0.043   0.7272499073
 423 -0.160 -8.113 -1.504  4.346 -0.005 -0.043   0.7272491785
Powell done niters = 4
Computing relative cost
 0  -25.0 -25.0 -25.0   0.986967
 1  -25.0 -25.0  25.0   0.994596
 2  -25.0  25.0 -25.0   0.995598
 3  -25.0  25.0  25.0   1.012406
 4   25.0 -25.0 -25.0   0.987512
 5   25.0 -25.0  25.0   1.010727
 6   25.0  25.0 -25.0   1.003454
 7   25.0  25.0  25.0   0.975692
REL:  8  0.727249    7.966952  0.995869 rel = 0.730266 
Number of iterations     4
Min cost was 0.727249
Number of FunctionCalls   435
TolPowell 0.000100
nMaxItersPowell 36
OptimizationTime 2.475158 sec
Parameters at optimum (transmm) -0.16038 -8.11313 -1.50445
Parameters at optimum (rotdeg)  4.34575 -0.00511 -0.04315 
Final costs ----------------
Number of surface hits 4667
WM  Intensity   999.2400 +/- 509.0149
Ctx Intensity  1083.7447 +/- 553.3529
Pct Contrast      7.4142 +/-  48.0897
Cost   0.7272
RelCost   0.9487
Reg at min cost was 
-0.99980   0.01041  -0.01726   0.15507;
-0.01817  -0.09594   0.99522   1.56119;
-0.00870  -0.99533  -0.09611   7.79339;
 0.00000   0.00000   0.00000   1.00000;

Writing optimal reg to /localscratch/bpinsard.41451855.0/freesurfer_crosssectional_autorecon3_sub03_ses005.job/sub-03_ses-005/mri/transforms/tmp.bbregister.72202/bbr.pass1.dat, type = 14 
Original Reg 
-0.99978   0.01039  -0.01801   0.30899;
-0.01953  -0.17108   0.98506   10.35129;
-0.00715  -0.98520  -0.17124   8.53799;
 0.00000   0.00000   0.00000   1.00000;

Original Reg - Optimal Reg
 0.00001  -0.00002  -0.00076   0.15392;
-0.00135  -0.07514  -0.01016   8.79010;
 0.00155   0.01013  -0.07513   0.74460;
 0.00000   0.00000   0.00000   0.00000;

Computing change in lh position
LH rmsDiffMean 10.613120
Computing change in rh position
Surface-RMS-Diff-mm 10.676772 3.004010 16.209909
mri_segreg done
mri_segreg --mov /localscratch/bpinsard.41451855.0/freesurfer_crosssectional_autorecon3_sub03_ses005.job/sub-03_ses-005/mri/transforms/tmp.bbregister.72202/template.nii --init-reg /localscratch/bpinsard.41451855.0/freesurfer_crosssectional_autorecon3_sub03_ses005.job/sub-03_ses-005/mri/transforms/tmp.bbregister.72202/bbr.pass1.dat --out-reg /localscratch/bpinsard.41451855.0/freesurfer_crosssectional_autorecon3_sub03_ses005.job/sub-03_ses-005/mri/transforms/T2raw.auto.dat --interp trilinear --wm-proj-abs 1 --tol 1e-8 --tol1d 1e-3 --c0 0 --mincost /localscratch/bpinsard.41451855.0/freesurfer_crosssectional_autorecon3_sub03_ses005.job/sub-03_ses-005/mri/transforms/T2raw.auto.dat.mincost --dof 6 --nmax 36 --param /localscratch/bpinsard.41451855.0/freesurfer_crosssectional_autorecon3_sub03_ses005.job/sub-03_ses-005/mri/transforms/T2raw.auto.dat.param --surf white --brute -0.1 0.1 0.1 --cur-reg /localscratch/bpinsard.41451855.0/freesurfer_crosssectional_autorecon3_sub03_ses005.job/sub-03_ses-005/mri/transforms/tmp.bbregister.72202/reg.curopt.dat --gm-proj-abs 2 --nsub 1 --gm-gt-wm 0.5
7.4.1
setenv SUBJECTS_DIR /localscratch/bpinsard.41451855.0/freesurfer_crosssectional_autorecon3_sub03_ses005.job
cd /localscratch/bpinsard.41451855.0/freesurfer_crosssectional_autorecon3_sub03_ses005.job/sub-03_ses-005/scripts
mri_segreg --mov /localscratch/bpinsard.41451855.0/freesurfer_crosssectional_autorecon3_sub03_ses005.job/sub-03_ses-005/mri/transforms/tmp.bbregister.72202/template.nii --init-reg /localscratch/bpinsard.41451855.0/freesurfer_crosssectional_autorecon3_sub03_ses005.job/sub-03_ses-005/mri/transforms/tmp.bbregister.72202/bbr.pass1.dat --out-reg /localscratch/bpinsard.41451855.0/freesurfer_crosssectional_autorecon3_sub03_ses005.job/sub-03_ses-005/mri/transforms/T2raw.auto.dat --interp trilinear --wm-proj-abs 1 --tol 1e-8 --tol1d 1e-3 --c0 0 --mincost /localscratch/bpinsard.41451855.0/freesurfer_crosssectional_autorecon3_sub03_ses005.job/sub-03_ses-005/mri/transforms/T2raw.auto.dat.mincost --dof 6 --nmax 36 --param /localscratch/bpinsard.41451855.0/freesurfer_crosssectional_autorecon3_sub03_ses005.job/sub-03_ses-005/mri/transforms/T2raw.auto.dat.param --surf white --brute -0.1 0.1 0.1 --cur-reg /localscratch/bpinsard.41451855.0/freesurfer_crosssectional_autorecon3_sub03_ses005.job/sub-03_ses-005/mri/transforms/tmp.bbregister.72202/reg.curopt.dat --gm-proj-abs 2 --nsub 1 --gm-gt-wm 0.5 
sysname  Linux
hostname bc12042.int.ets1.calculquebec.ca
machine  x86_64
user     bpinsard
movvol /localscratch/bpinsard.41451855.0/freesurfer_crosssectional_autorecon3_sub03_ses005.job/sub-03_ses-005/mri/transforms/tmp.bbregister.72202/template.nii
regfile /localscratch/bpinsard.41451855.0/freesurfer_crosssectional_autorecon3_sub03_ses005.job/sub-03_ses-005/mri/transforms/tmp.bbregister.72202/bbr.pass1.dat
subject sub-03_ses-005
dof 6
outregfile /localscratch/bpinsard.41451855.0/freesurfer_crosssectional_autorecon3_sub03_ses005.job/sub-03_ses-005/mri/transforms/T2raw.auto.dat
UseMask 0
UseLH 1
UseRH 1
nsubsamp 1
PenaltySign  -1
PenaltySlope 0.500000
PenaltyCenter 0.000000
surfname white
GMProjAbs 2.000000
WMProjAbs 1.000000
lhcostfile (null)
rhcostfile (null)
interp  trilinear (1)
frame  0
TolPowell 0.000000
nMaxItersPowell 36
n1dmin  3
Profile   0
Gdiag_no  -1
AddNoise  0 (0)
SynthSeed 1697470143
TransRandMax 0.000000
RotRandMax 0.000000
Translations 0.000000 0.000000 0.000000
Rotations   0.000000 0.000000 0.000000
Input reg
-0.99980   0.01041  -0.01726   0.15507;
-0.01817  -0.09594   0.99522   1.56119;
-0.00870  -0.99533  -0.09611   7.79339;
 0.00000   0.00000   0.00000   1.00000;

Loading mov
ExcludeZeroVoxels 1
Reading in targ vol /localscratch/bpinsard.41451855.0/freesurfer_crosssectional_autorecon3_sub03_ses005.job/sub-03_ses-005/mri/orig.mgz
Projecting LH Surfs
Loading lh.white surf
GM Proj: 0 0.500000 2.000000
WM Proj: 0 0.500000 1.000000
Projecting RH Surfs
Loading rh.white surf
Projecting RH Surfs
Using lh.cortex.label
Using rh.cortex.label
Computing relative cost
 0  -25.0 -25.0 -25.0   1.003901
 1  -25.0 -25.0  25.0   0.990285
 2  -25.0  25.0 -25.0   0.993746
 3  -25.0  25.0  25.0   0.994135
 4   25.0 -25.0 -25.0   0.981436
 5   25.0 -25.0  25.0   0.998384
 6   25.0  25.0 -25.0   0.996919
 7   25.0  25.0  25.0   0.987826
REL:  8  0.752336    7.946632  0.993329 rel = 0.757389 
Initial costs ----------------
Number of surface hits 465892
WM  Intensity  1005.8077 +/- 507.9417
Ctx Intensity  1073.6421 +/- 533.4845
Pct Contrast      6.5332 +/-  42.3335
Cost   0.7523
RelCost   0.7574

------------------------------------
Brute force preopt -0.1 0.1 0.1, n = 729
     0  -0.1000  -0.1000  -0.1000  -0.1000  -0.1000  -0.1000      0.7260   0.7260  0.0
     3  -0.1000  -0.1000  -0.1000  -0.1000   0.0000  -0.1000      0.7255   0.7255  0.0
     4  -0.1000  -0.1000  -0.1000  -0.1000   0.0000   0.0000      0.7252   0.7252  0.0
     7  -0.1000  -0.1000  -0.1000  -0.1000   0.1000   0.0000      0.7249   0.7249  0.0
     9  -0.1000  -0.1000  -0.1000   0.0000  -0.1000  -0.1000      0.7245   0.7245  0.0
    18  -0.1000  -0.1000  -0.1000   0.1000  -0.1000  -0.1000      0.7233   0.7233  0.0
    84  -0.1000   0.0000  -0.1000  -0.1000   0.0000  -0.1000      0.7221   0.7221  0.0
    93  -0.1000   0.0000  -0.1000   0.0000   0.0000  -0.1000      0.7220   0.7220  0.0
   102  -0.1000   0.0000  -0.1000   0.1000   0.0000  -0.1000      0.7214   0.7214  0.0
   162  -0.1000   0.1000  -0.1000  -0.1000  -0.1000  -0.1000      0.7203   0.7203  0.0
   165  -0.1000   0.1000  -0.1000  -0.1000   0.0000  -0.1000      0.7178   0.7178  0.0
   657   0.1000   0.1000  -0.1000   0.0000  -0.1000  -0.1000      0.7174   0.7174  0.1
Brute Force --------------------------
Min cost was 0.717390
Number of iterations   729
Search time 4.074368 sec
Parameters at best (transmm, rotdeg)
  0.100   0.100  -0.100  0.000 -0.100 -0.100 
--------------------------------------------

Starting Powell Minimization
Init Powel Params dof = 6
0 0.1
1 0.1
2 -0.1
3 0
4 -0.1
5 -0.1
fs_powell::minimize
  nparams 6
  maxfev 36
  ftol   0.000000
  linmin_xtol_   0.001000
  powell nthiter 0: fret = 0.749268
   6  0.482  0.100 -0.100  0.000 -0.100 -0.100   0.7488112449
   7  0.354  0.100 -0.100  0.000 -0.100 -0.100   0.7482823695
  10  0.360  0.100 -0.100  0.000 -0.100 -0.100   0.7482726160
  13  0.361  0.100 -0.100  0.000 -0.100 -0.100   0.7482724950
  20  0.361  0.147 -0.100  0.000 -0.100 -0.100   0.7481431672
  22  0.361  0.143 -0.100  0.000 -0.100 -0.100   0.7481313465
  24  0.361  0.139 -0.100  0.000 -0.100 -0.100   0.7481280979
  25  0.361  0.138 -0.100  0.000 -0.100 -0.100   0.7481280787
  34  0.361  0.138 -0.142  0.000 -0.100 -0.100   0.7481168491
  35  0.361  0.138 -0.131  0.000 -0.100 -0.100   0.7481153316
  36  0.361  0.138 -0.132  0.000 -0.100 -0.100   0.7481141705
  37  0.361  0.138 -0.136  0.000 -0.100 -0.100   0.7481124732
  39  0.361  0.138 -0.135  0.000 -0.100 -0.100   0.7481124198
  46  0.361  0.138 -0.135  0.382 -0.100 -0.100   0.7410537552
  47  0.361  0.138 -0.135  0.557 -0.100 -0.100   0.7408983368
  48  0.361  0.138 -0.135  0.483 -0.100 -0.100   0.7408412186
  50  0.361  0.138 -0.135  0.445 -0.100 -0.100   0.7408324688
  51  0.361  0.138 -0.135  0.453 -0.100 -0.100   0.7408271349
  53  0.361  0.138 -0.135  0.454 -0.100 -0.100   0.7408268423
  54  0.361  0.138 -0.135  0.455 -0.100 -0.100   0.7408268130
  58  0.361  0.138 -0.135  0.455  0.900 -0.100   0.7389244090
  68  0.361  0.138 -0.135  0.455  0.902 -0.100   0.7389232464
  74  0.361  0.138 -0.135  0.455  0.902 -0.718   0.7354949625
  76  0.361  0.138 -0.135  0.455  0.902 -0.513   0.7343930397
  77  0.361  0.138 -0.135  0.455  0.902 -0.514   0.7343906886
  79  0.361  0.138 -0.135  0.455  0.902 -0.524   0.7343848161
  80  0.361  0.138 -0.135  0.455  0.902 -0.521   0.7343837098
  82  0.361  0.138 -0.135  0.455  0.902 -0.522   0.7343836899
  powell nthiter 1: fret = 0.734384
  91  0.340  0.138 -0.135  0.455  0.902 -0.522   0.7343065339
  94  0.339  0.138 -0.135  0.455  0.902 -0.522   0.7343061471
  98  0.339 -1.480 -0.135  0.455  0.902 -0.522   0.7341898352
  99  0.339 -0.675 -0.135  0.455  0.902 -0.522   0.7336357600
 101  0.339 -0.364 -0.135  0.455  0.902 -0.522   0.7329219862
 103  0.339 -0.332 -0.135  0.455  0.902 -0.522   0.7328014866
 104  0.339 -0.282 -0.135  0.455  0.902 -0.522   0.7325691710
 108  0.339 -0.281 -0.135  0.455  0.902 -0.522   0.7325690693
 113  0.339 -0.281 -1.753  0.455  0.902 -0.522   0.7283053180
 114  0.339 -0.281 -1.051  0.455  0.902 -0.522   0.7248112927
 118  0.339 -0.281 -1.155  0.455  0.902 -0.522   0.7247133314
 121  0.339 -0.281 -1.141  0.455  0.902 -0.522   0.7247043051
 123  0.339 -0.281 -1.144  0.455  0.902 -0.522   0.7247037943
 124  0.339 -0.281 -1.143  0.455  0.902 -0.522   0.7247036091
 127  0.339 -0.281 -1.143  1.455  0.902 -0.522   0.7006041693
 132  0.339 -0.281 -1.143  1.318  0.902 -0.522   0.6998035050
 141  0.339 -0.281 -1.143  1.319  1.006 -0.522   0.6996157009
 145  0.339 -0.281 -1.143  1.319  1.007 -0.522   0.6996146703
 147  0.339 -0.281 -1.143  1.319  1.010 -0.522   0.6996143535
 156  0.339 -0.281 -1.143  1.319  1.010 -0.524   0.6996100093
 158  0.339 -0.281 -1.143  1.319  1.010 -0.545   0.6995851574
 159  0.339 -0.281 -1.143  1.319  1.010 -0.543   0.6995837222
 161  0.339 -0.281 -1.143  1.319  1.010 -0.542   0.6995834722
 163  0.317 -0.700 -2.151  2.184  1.118 -0.561   0.6396725385
 166  0.281 -1.379 -3.783  3.583  1.292 -0.592   0.4412898507
 169  0.259 -1.799 -4.791  4.447  1.400 -0.612   0.3299722544
 170  0.245 -2.058 -5.414  4.982  1.467 -0.624   0.3219444569
 171  0.250 -1.973 -5.210  4.807  1.445 -0.620   0.3165032276
 173  0.250 -1.967 -5.196  4.795  1.444 -0.619   0.3164907417
 174  0.250 -1.968 -5.198  4.796  1.444 -0.620   0.3164899782
 175  0.250 -1.968 -5.199  4.797  1.444 -0.620   0.3164864150
  powell nthiter 2: fret = 0.316486
 183 -0.368 -1.968 -5.199  4.797  1.444 -0.620   0.3141608689
 185 -0.088 -1.968 -5.199  4.797  1.444 -0.620   0.3094585627
 186 -0.090 -1.968 -5.199  4.797  1.444 -0.620   0.3094542873
 187 -0.103 -1.968 -5.199  4.797  1.444 -0.620   0.3094393780
 189 -0.108 -1.968 -5.199  4.797  1.444 -0.620   0.3094372459
 194 -0.108 -0.968 -5.199  4.797  1.444 -0.620   0.2733948510
 198 -0.108 -1.350 -5.199  4.797  1.444 -0.620   0.2690836776
 199 -0.108 -1.236 -5.199  4.797  1.444 -0.620   0.2680577661
 200 -0.108 -1.234 -5.199  4.797  1.444 -0.620   0.2680549540
 201 -0.108 -1.223 -5.199  4.797  1.444 -0.620   0.2680462737
 203 -0.108 -1.221 -5.199  4.797  1.444 -0.620   0.2680458171
 204 -0.108 -1.219 -5.199  4.797  1.444 -0.620   0.2680455334
 208 -0.108 -1.218 -5.199  4.797  1.444 -0.620   0.2680455019
 212 -0.108 -1.218 -6.817  4.797  1.444 -0.620   0.0760684015
 213 -0.108 -1.218 -6.945  4.797  1.444 -0.620   0.0710257425
 214 -0.108 -1.218 -7.315  4.797  1.444 -0.620   0.0614490313
 215 -0.108 -1.218 -7.608  4.797  1.444 -0.620   0.0578930531
 219 -0.108 -1.218 -7.664  4.797  1.444 -0.620   0.0576941771
 221 -0.108 -1.218 -7.673  4.797  1.444 -0.620   0.0576914392
 222 -0.108 -1.218 -7.672  4.797  1.444 -0.620   0.0576913285
 223 -0.108 -1.218 -7.671  4.797  1.444 -0.620   0.0576913078
 232 -0.108 -1.218 -7.671  4.797  1.444 -0.899   0.0557406590
 233 -0.108 -1.218 -7.671  4.797  1.444 -0.889   0.0557127085
 234 -0.108 -1.218 -7.671  4.797  1.444 -0.857   0.0557042554
 236 -0.108 -1.218 -7.671  4.797  1.444 -0.870   0.0556910060
 245 -0.108 -1.218 -7.671  4.797  1.270 -0.870   0.0541751292
 246 -0.108 -1.218 -7.671  4.797  1.264 -0.870   0.0541710768
 255 -0.116 -1.378 -8.056  5.127  1.305 -0.878   0.0522467878
 256 -0.112 -1.310 -7.892  4.987  1.288 -0.875   0.0514989102
 258 -0.112 -1.306 -7.882  4.978  1.287 -0.874   0.0514977705
 259 -0.112 -1.307 -7.885  4.981  1.287 -0.874   0.0514961113
 260 -0.112 -1.307 -7.887  4.982  1.287 -0.874   0.0514959259
 261 -0.112 -1.308 -7.888  4.983  1.287 -0.875   0.0514959114
  powell nthiter 3: fret = 0.051496
 270 -0.209 -1.308 -7.888  4.983  1.287 -0.875   0.0512899927
 272 -0.207 -1.308 -7.888  4.983  1.287 -0.875   0.0512899634
 281 -0.206 -1.184 -7.888  4.983  1.287 -0.875   0.0508817619
 284 -0.206 -1.177 -7.888  4.983  1.287 -0.875   0.0508803415
 294 -0.206 -1.177 -7.929  4.983  1.287 -0.875   0.0508261507
 297 -0.206 -1.177 -7.937  4.983  1.287 -0.875   0.0508149854
 298 -0.206 -1.177 -7.947  4.983  1.287 -0.875   0.0508061233
 300 -0.206 -1.177 -7.948  4.983  1.287 -0.875   0.0508060785
 308 -0.206 -1.177 -7.948  4.983  1.287 -1.049   0.0503847086
 310 -0.206 -1.177 -7.948  4.983  1.287 -1.070   0.0503836785
 326 -0.206 -1.177 -7.948  4.983  1.281 -1.071   0.0503810515
 327 -0.206 -1.177 -7.948  4.983  1.278 -1.071   0.0503803560
 329 -0.206 -1.177 -7.948  4.983  1.274 -1.071   0.0503794223
 334 -0.206 -1.177 -7.948  4.983  1.272 -1.071   0.0503792464
 343 -0.210 -1.244 -8.108  5.120  1.289 -1.074   0.0498408506
 346 -0.210 -1.240 -8.098  5.111  1.288 -1.074   0.0498327680
 350 -0.307 -1.172 -8.308  5.240  1.289 -1.273   0.0497228139
  powell nthiter 4: fret = 0.049833
 357 -0.347 -1.240 -8.098  5.111  1.288 -1.074   0.0494557640
 360 -0.356 -1.240 -8.098  5.111  1.288 -1.074   0.0494532101
 369 -0.356 -1.098 -8.098  5.111  1.288 -1.074   0.0490658599
 370 -0.356 -1.110 -8.098  5.111  1.288 -1.074   0.0490446723
 371 -0.356 -1.129 -8.098  5.111  1.288 -1.074   0.0490264717
 384 -0.356 -1.129 -8.099  5.111  1.288 -1.074   0.0490264464
 393 -0.356 -1.129 -8.099  5.111  1.288 -1.113   0.0490140535
 394 -0.356 -1.129 -8.099  5.111  1.288 -1.109   0.0490113339
 395 -0.356 -1.129 -8.099  5.111  1.288 -1.099   0.0490104067
 405 -0.356 -1.129 -8.099  5.111  1.354 -1.099   0.0489423742
 406 -0.356 -1.129 -8.099  5.111  1.337 -1.099   0.0489142170
 418 -0.356 -1.143 -8.131  5.138  1.340 -1.100   0.0488851522
 419 -0.356 -1.143 -8.132  5.139  1.340 -1.100   0.0488836268
 421 -0.357 -1.149 -8.146  5.151  1.342 -1.100   0.0488762961
 422 -0.356 -1.148 -8.143  5.149  1.342 -1.100   0.0488743234
 423 -0.356 -1.147 -8.141  5.147  1.341 -1.100   0.0488740604
 425 -0.503 -1.054 -8.185  5.183  1.395 -1.127   0.0485383120
 432 -0.515 -1.047 -8.189  5.186  1.399 -1.129   0.0485248459
 434 -0.522 -1.042 -8.191  5.188  1.401 -1.130   0.0485215230
 436 -0.522 -1.042 -8.191  5.188  1.401 -1.130   0.0485214911
  powell nthiter 5: fret = 0.048521
 450 -0.517 -1.042 -8.191  5.188  1.401 -1.130   0.0485193822
 462 -0.517 -1.047 -8.201  5.197  1.402 -1.130   0.0485103504
 474 -0.517 -1.047 -8.184  5.197  1.402 -1.130   0.0485085205
 476 -0.517 -1.047 -8.191  5.197  1.402 -1.130   0.0485062850
 486 -0.517 -1.047 -8.191  5.197  1.402 -1.171   0.0484681979
 487 -0.517 -1.047 -8.191  5.197  1.402 -1.170   0.0484678892
 488 -0.517 -1.047 -8.191  5.197  1.402 -1.166   0.0484672189
 499 -0.517 -1.047 -8.191  5.197  1.360 -1.166   0.0484491879
 505 -0.517 -1.047 -8.191  5.197  1.366 -1.166   0.0484489598
 506 -0.517 -1.047 -8.191  5.197  1.364 -1.166   0.0484486176
 516 -0.524 -1.042 -8.193  5.198  1.366 -1.167   0.0484481972
 518 -0.521 -1.044 -8.192  5.198  1.365 -1.166   0.0484478446
  powell nthiter 6: fret = 0.048448
 533 -0.520 -1.044 -8.192  5.198  1.365 -1.166   0.0484477737
 544 -0.520 -1.048 -8.203  5.207  1.366 -1.166   0.0484457850
 545 -0.520 -1.047 -8.200  5.205  1.366 -1.166   0.0484454101
 556 -0.520 -1.047 -8.187  5.205  1.366 -1.166   0.0484317875
 558 -0.520 -1.047 -8.184  5.205  1.366 -1.166   0.0484312330
 568 -0.520 -1.047 -8.184  5.205  1.366 -1.185   0.0484221787
 570 -0.520 -1.047 -8.184  5.205  1.366 -1.182   0.0484221547
 571 -0.520 -1.047 -8.184  5.205  1.366 -1.176   0.0484215088
 573 -0.520 -1.047 -8.184  5.205  1.366 -1.179   0.0484211193
 583 -0.520 -1.047 -8.184  5.205  1.358 -1.179   0.0484097712
 588 -0.520 -1.047 -8.184  5.205  1.352 -1.179   0.0484063007
 598 -0.529 -1.042 -8.187  5.207  1.355 -1.180   0.0484051282
 600 -0.526 -1.044 -8.186  5.206  1.354 -1.180   0.0484047230
 606 -0.530 -1.044 -8.180  5.215  1.344 -1.193   0.0484027472
  powell nthiter 7: fret = 0.048405
 653 -0.523 -1.045 -8.187  5.208  1.355 -1.190   0.0483981474
 655 -0.523 -1.045 -8.187  5.208  1.355 -1.188   0.0483976263
 665 -0.523 -1.045 -8.187  5.208  1.351 -1.188   0.0483943791
 669 -0.523 -1.045 -8.187  5.208  1.348 -1.188   0.0483936936
 670 -0.523 -1.045 -8.187  5.208  1.349 -1.188   0.0483936931
 678 -0.524 -1.045 -8.187  5.209  1.350 -1.188   0.0483934761
 679 -0.531 -1.041 -8.189  5.210  1.352 -1.189   0.0483917764
 681 -0.530 -1.041 -8.189  5.210  1.352 -1.189   0.0483917497
 683 -0.530 -1.041 -8.189  5.210  1.352 -1.189   0.0483916462
 686 -0.534 -1.038 -8.192  5.214  1.349 -1.198   0.0483845991
 689 -0.541 -1.033 -8.197  5.221  1.345 -1.213   0.0483786153
 690 -0.544 -1.031 -8.199  5.223  1.343 -1.219   0.0483768878
 691 -0.556 -1.023 -8.208  5.235  1.336 -1.246   0.0483721630
 692 -0.562 -1.019 -8.212  5.240  1.333 -1.258   0.0483704651
  powell nthiter 8: fret = 0.048370
 715 -0.550 -1.019 -8.212  5.240  1.333 -1.258   0.0483604081
 717 -0.552 -1.019 -8.212  5.240  1.333 -1.258   0.0483602576
 728 -0.552 -1.021 -8.216  5.244  1.333 -1.259   0.0483596490
 729 -0.552 -1.020 -8.215  5.243  1.333 -1.259   0.0483594977
 740 -0.552 -1.020 -8.207  5.243  1.333 -1.259   0.0483536597
 754 -0.552 -1.020 -8.207  5.243  1.333 -1.259   0.0483536164
 774 -0.551 -1.021 -8.206  5.242  1.334 -1.256   0.0483535408
 777 -0.551 -1.021 -8.206  5.242  1.334 -1.256   0.0483535239
 778 -0.551 -1.021 -8.206  5.242  1.334 -1.256   0.0483535233
 785 -0.551 -1.021 -8.206  5.242  1.334 -1.256   0.0483535105
  powell nthiter 9: fret = 0.048354
 797 -0.550 -1.021 -8.206  5.242  1.334 -1.256   0.0483532102
 808 -0.550 -1.022 -8.208  5.243  1.334 -1.256   0.0483531450
 810 -0.550 -1.021 -8.207  5.243  1.334 -1.256   0.0483531216
 820 -0.550 -1.021 -8.206  5.243  1.334 -1.256   0.0483530240
 830 -0.551 -1.021 -8.206  5.243  1.334 -1.256   0.0483529950
 835 -0.551 -1.021 -8.206  5.243  1.334 -1.256   0.0483529932
 853 -0.550 -1.021 -8.206  5.242  1.335 -1.255   0.0483528983
 863 -0.549 -1.021 -8.206  5.243  1.335 -1.254   0.0483526205
 866 -0.548 -1.022 -8.206  5.244  1.337 -1.252   0.0483523602
 869 -0.548 -1.022 -8.206  5.244  1.336 -1.253   0.0483523358
 872 -0.548 -1.022 -8.206  5.244  1.336 -1.253   0.0483523231
 879 -0.548 -1.022 -8.206  5.244  1.336 -1.253   0.0483523139
  powell nthiter 10: fret = 0.048352
 892 -0.548 -1.022 -8.206  5.244  1.336 -1.253   0.0483523072
 895 -0.548 -1.022 -8.206  5.244  1.336 -1.253   0.0483523024
 929 -0.550 -1.020 -8.206  5.244  1.337 -1.253   0.0483522710
 932 -0.551 -1.020 -8.207  5.244  1.337 -1.253   0.0483522401
 934 -0.551 -1.020 -8.207  5.244  1.337 -1.253   0.0483522158
 948 -0.550 -1.020 -8.207  5.245  1.338 -1.252   0.0483518764
 963 -0.550 -1.020 -8.207  5.245  1.338 -1.252   0.0483518738
 971 -0.550 -1.020 -8.207  5.246  1.339 -1.251   0.0483518718
 973 -0.550 -1.020 -8.207  5.246  1.340 -1.251   0.0483518334
  powell nthiter 11: fret = 0.048352
 989 -0.551 -1.019 -8.208  5.248  1.339 -1.254   0.0483518293
 990 -0.551 -1.019 -8.208  5.247  1.339 -1.253   0.0483518179
 991 -0.551 -1.019 -8.208  5.247  1.339 -1.253   0.0483517873
 992 -0.551 -1.019 -8.208  5.247  1.339 -1.253   0.0483517737
 994 -0.551 -1.019 -8.208  5.247  1.339 -1.253   0.0483517684
 996 -0.551 -1.019 -8.208  5.247  1.339 -1.253   0.0483517656
 997 -0.551 -1.019 -8.208  5.247  1.339 -1.253   0.0483517601
1001 -0.551 -1.019 -8.208  5.247  1.339 -1.253   0.0483517598
1025 -0.551 -1.019 -8.211  5.247  1.339 -1.253   0.0483516399
1027 -0.551 -1.019 -8.210  5.247  1.339 -1.253   0.0483515218
1035 -0.555 -1.016 -8.211  5.248  1.341 -1.254   0.0483513077
1039 -0.555 -1.017 -8.211  5.248  1.341 -1.254   0.0483512776
1051 -0.555 -1.017 -8.211  5.248  1.343 -1.254   0.0483509457
1055 -0.555 -1.016 -8.212  5.251  1.346 -1.251   0.0483489747
1058 -0.554 -1.015 -8.212  5.252  1.348 -1.250   0.0483489319
1060 -0.555 -1.015 -8.212  5.252  1.347 -1.251   0.0483488311
1061 -0.555 -1.015 -8.212  5.252  1.347 -1.251   0.0483487960
1063 -0.555 -1.016 -8.212  5.251  1.347 -1.251   0.0483487593
1065 -0.555 -1.016 -8.212  5.251  1.347 -1.251   0.0483487521
1071 -0.555 -1.016 -8.212  5.251  1.347 -1.251   0.0483487510
1073 -0.559 -1.011 -8.217  5.258  1.356 -1.250   0.0483469346
1079 -0.557 -1.013 -8.215  5.256  1.353 -1.250   0.0483468961
1080 -0.558 -1.012 -8.216  5.257  1.355 -1.250   0.0483467915
  powell nthiter 12: fret = 0.048347
1088 -0.563 -1.009 -8.219  5.261  1.352 -1.259   0.0483436318
1095 -0.563 -1.009 -8.219  5.261  1.352 -1.259   0.0483436298
1103 -0.563 -1.009 -8.219  5.261  1.352 -1.259   0.0483436270
1104 -0.563 -1.009 -8.219  5.261  1.352 -1.259   0.0483436251
1114 -0.563 -1.009 -8.221  5.262  1.352 -1.259   0.0483433200
1128 -0.563 -1.009 -8.223  5.262  1.352 -1.259   0.0483430262
1137 -0.569 -1.006 -8.225  5.264  1.354 -1.261   0.0483422849
1139 -0.567 -1.007 -8.224  5.264  1.354 -1.260   0.0483421336
1140 -0.567 -1.007 -8.224  5.264  1.354 -1.260   0.0483421010
1143 -0.567 -1.007 -8.224  5.263  1.354 -1.260   0.0483420898
1154 -0.567 -1.007 -8.224  5.263  1.357 -1.260   0.0483417457
1155 -0.567 -1.007 -8.224  5.263  1.356 -1.260   0.0483416065
1162 -0.569 -1.005 -8.226  5.266  1.359 -1.260   0.0483407433
1164 -0.569 -1.005 -8.226  5.266  1.359 -1.260   0.0483406990
  powell nthiter 13: fret = 0.048341
1206 -0.569 -1.005 -8.228  5.266  1.359 -1.260   0.0483405144
1208 -0.569 -1.005 -8.229  5.266  1.359 -1.260   0.0483404927
1217 -0.571 -1.004 -8.229  5.267  1.360 -1.260   0.0483402973
1218 -0.570 -1.004 -8.229  5.266  1.360 -1.260   0.0483402457
1238 -0.571 -1.003 -8.230  5.267  1.361 -1.260   0.0483401671
1239 -0.571 -1.003 -8.230  5.267  1.361 -1.260   0.0483401485
1243 -0.571 -1.003 -8.230  5.267  1.361 -1.260   0.0483401419
  powell nthiter 14: fret = 0.048340
1285 -0.571 -1.003 -8.229  5.267  1.361 -1.260   0.0483401321
1309 -0.571 -1.003 -8.229  5.267  1.360 -1.260   0.0483399823
1323 -0.571 -1.003 -8.229  5.267  1.360 -1.260   0.0483399740
1325 -0.571 -1.003 -8.229  5.267  1.360 -1.260   0.0483399726
1328 -0.571 -1.003 -8.229  5.267  1.360 -1.260   0.0483399439
  powell nthiter 15: fret = 0.048340
1396 -0.571 -1.003 -8.229  5.268  1.361 -1.260   0.0483399111
1417 -0.571 -1.003 -8.229  5.268  1.361 -1.260   0.0483399008
1418 -0.571 -1.003 -8.229  5.268  1.361 -1.260   0.0483398993
1419 -0.571 -1.003 -8.229  5.268  1.361 -1.260   0.0483398955
  powell nthiter 16: fret = 0.048340
Powell done niters = 16
Computing relative cost
 0  -25.0 -25.0 -25.0   0.976044
 1  -25.0 -25.0  25.0   0.995384
 2  -25.0  25.0 -25.0   0.992687
 3  -25.0  25.0  25.0   0.979350
 4   25.0 -25.0 -25.0   0.986462
 5   25.0 -25.0  25.0   0.996002
 6   25.0  25.0 -25.0   1.001357
 7   25.0  25.0  25.0   0.989217
REL:  8  0.048340    7.916504  0.989563 rel = 0.0488497 
Number of iterations    16
Min cost was 0.048340
Number of FunctionCalls  1499
TolPowell 0.000000
nMaxItersPowell 36
OptimizationTime 248.695571 sec
Parameters at optimum (transmm) -0.57128 -1.00296 -8.22933
Parameters at optimum (rotdeg)  5.26763  1.36053 -1.25975 
Final costs ----------------
Number of surface hits 465892
WM  Intensity   813.8667 +/- 267.1915
Ctx Intensity  1245.9786 +/- 428.4349
Pct Contrast     41.3505 +/-  22.4082
Cost   0.0483
RelCost   0.7574
Reg at min cost was 
-0.99990  -0.01343   0.00463  -0.21023;
 0.00468  -0.00386   0.99998  -0.17159;
 0.01341  -0.99990  -0.00392  -0.33143;
 0.00000   0.00000   0.00000   1.00000;

Writing optimal reg to /localscratch/bpinsard.41451855.0/freesurfer_crosssectional_autorecon3_sub03_ses005.job/sub-03_ses-005/mri/transforms/T2raw.auto.dat, type = 14 
Original Reg 
-0.99980   0.01041  -0.01726   0.15507;
-0.01817  -0.09594   0.99522   1.56119;
-0.00870  -0.99533  -0.09611   7.79339;
 0.00000   0.00000   0.00000   1.00000;

Original Reg - Optimal Reg
 0.00010   0.02383  -0.02189   0.36529;
-0.02286  -0.09208  -0.00476   1.73278;
-0.02211   0.00457  -0.09219   8.12482;
 0.00000   0.00000   0.00000   0.00000;

Computing change in lh position
LH rmsDiffMean 7.055856
Computing change in rh position
Surface-RMS-Diff-mm 6.419898 2.598586 12.805800
mri_segreg done
MinCost: 0.048340 813.866688 1245.978586 41.350519 
tkregister2_cmdl --mov /localscratch/bpinsard.41451855.0/freesurfer_crosssectional_autorecon3_sub03_ses005.job/sub-03_ses-005/mri/orig/T2raw.mgz --reg /localscratch/bpinsard.41451855.0/freesurfer_crosssectional_autorecon3_sub03_ses005.job/sub-03_ses-005/mri/transforms/T2raw.auto.dat --noedit --ltaout /localscratch/bpinsard.41451855.0/freesurfer_crosssectional_autorecon3_sub03_ses005.job/sub-03_ses-005/mri/transforms/T2raw.auto.lta
INFO: no target volume specified, assuming FreeSurfer orig volume.
target  volume orig
movable volume /localscratch/bpinsard.41451855.0/freesurfer_crosssectional_autorecon3_sub03_ses005.job/sub-03_ses-005/mri/orig/T2raw.mgz
reg file       /localscratch/bpinsard.41451855.0/freesurfer_crosssectional_autorecon3_sub03_ses005.job/sub-03_ses-005/mri/transforms/T2raw.auto.dat
LoadVol        0
ZeroCRAS       0
7.4.1
Diagnostic Level -1
---- Input registration matrix --------
-0.99990  -0.01343   0.00463  -0.21023;
 0.00468  -0.00386   0.99998  -0.17159;
 0.01341  -0.99990  -0.00392  -0.33143;
 0.00000   0.00000   0.00000   1.00000;
float2int = 0
---------------------------------------
INFO: loading target /localscratch/bpinsard.41451855.0/freesurfer_crosssectional_autorecon3_sub03_ses005.job/sub-03_ses-005/mri/orig.mgz
INFO: target does not conform to COR format, so I'm going to
reslice to COR. This will not affect the final registration.
Ttarg: --------------------
-1.00000   0.00000   0.00000   128.00000;
 0.00000   0.00000   1.00000  -128.00000;
 0.00000  -1.00000   0.00000   128.00000;
 0.00000   0.00000   0.00000   1.00000;
INFO: loading movable /localscratch/bpinsard.41451855.0/freesurfer_crosssectional_autorecon3_sub03_ses005.job/sub-03_ses-005/mri/orig/T2raw.mgz
Tmov: --------------------
-0.80000   0.00000   0.00000   83.20019;
 0.00000   0.00000   0.80000  -128.00000;
 0.00000  -0.80000   0.00000   120.00000;
 0.00000   0.00000   0.00000   1.00000;
mkheaderreg = 0, float2int = 0
---- Input registration matrix --------
-0.99990  -0.01343   0.00463  -0.21024;
 0.00468  -0.00386   0.99998  -0.17159;
 0.01341  -0.99990  -0.00392  -0.33143;
 0.00000   0.00000   0.00000   1.00000;
Determinant -1
subject = sub-03_ses-005
RegMat ---------------------------
-0.99990  -0.01343   0.00463  -0.21023;
 0.00468  -0.00386   0.99998  -0.17159;
 0.01341  -0.99990  -0.00392  -0.33143;
 0.00000   0.00000   0.00000   1.00000;
Cleaning up
 
Started at Sun Oct 8 05:01:31 UTC 2023 
Ended   at Sun Oct  8 05:08:10 UTC 2023
BBR-Run-Time-Sec 399
 
bbregister Done
To check results, run:
tkregisterfv --mov /localscratch/bpinsard.41451855.0/freesurfer_crosssectional_autorecon3_sub03_ses005.job/sub-03_ses-005/mri/orig/T2raw.mgz --reg /localscratch/bpinsard.41451855.0/freesurfer_crosssectional_autorecon3_sub03_ses005.job/sub-03_ses-005/mri/transforms/T2raw.auto.lta --surfs  --sd /localscratch/bpinsard.41451855.0/freesurfer_crosssectional_autorecon3_sub03_ses005.job
