status file for recon-all
Thu Oct  5 11:57:02 UTC 2023
#@# MotionCor Thu Oct  5 11:57:08 UTC 2023
#@# Talairach Thu Oct  5 11:57:21 UTC 2023
#@# Talairach Failure Detection Thu Oct  5 12:06:50 UTC 2023
#@# Talairach Thu Oct  5 12:06:50 UTC 2023
#@# Talairach Failure Detection Thu Oct  5 12:15:48 UTC 2023
#@# Nu Intensity Correction Thu Oct  5 12:15:49 UTC 2023
#@# Intensity Normalization Thu Oct  5 12:25:19 UTC 2023
#@# Skull Stripping Thu Oct  5 12:33:18 UTC 2023
recon-all -s sub-02_ses-010 finished without error at Thu Oct  5 12:38:31 UTC 2023



#New# invocation of recon-all 



status file for recon-all
Thu Oct  5 13:02:23 UTC 2023
#@# EM Registration Thu Oct  5 13:02:23 UTC 2023
#@# CA Normalize Thu Oct  5 13:07:46 UTC 2023
#@# CA Reg Thu Oct  5 13:11:23 UTC 2023
#@# SubCort Seg Thu Oct  5 14:18:23 UTC 2023
#@# CC Seg Thu Oct  5 16:00:58 UTC 2023
#@# Merge ASeg Thu Oct  5 16:02:30 UTC 2023
#@# Intensity Normalization2 Thu Oct  5 16:02:30 UTC 2023
#@# Mask BFS Thu Oct  5 16:10:16 UTC 2023
#@# WM Segmentation Thu Oct  5 16:10:18 UTC 2023
#@# Fill Thu Oct  5 16:18:11 UTC 2023
#@# Tessellate lh Thu Oct  5 16:20:41 UTC 2023
#@# Tessellate rh Thu Oct  5 16:20:50 UTC 2023
#@# Smooth1 lh Thu Oct  5 16:20:59 UTC 2023
#@# Smooth1 rh Thu Oct  5 16:21:05 UTC 2023
#@# Inflation1 lh Thu Oct  5 16:21:11 UTC 2023
#@# Inflation1 rh Thu Oct  5 16:21:35 UTC 2023
#@# QSphere lh Thu Oct  5 16:21:59 UTC 2023
#@# QSphere rh Thu Oct  5 16:24:23 UTC 2023
#@# Fix Topology lh Thu Oct  5 16:26:46 UTC 2023
#@# Fix Topology rh Thu Oct  5 16:28:52 UTC 2023
#@# Smooth2 lh Thu Oct  5 16:46:49 UTC 2023
#@# Smooth2 rh Thu Oct  5 16:46:56 UTC 2023
#@# Inflation2 lh Thu Oct  5 16:47:02 UTC 2023
#@# Inflation2 rh Thu Oct  5 16:47:31 UTC 2023
#@# Curv .H and .K lh Thu Oct  5 16:47:57 UTC 2023
#@# Curv .H and .K rh Thu Oct  5 16:49:49 UTC 2023
recon-all -s sub-02_ses-010 finished without error at Thu Oct  5 16:51:41 UTC 2023



#New# invocation of recon-all 



status file for recon-all
Thu Oct  5 16:52:26 UTC 2023
#@# Sphere lh Thu Oct  5 16:52:26 UTC 2023
#@# Sphere rh Thu Oct  5 17:01:13 UTC 2023
#@# Surf Reg lh Thu Oct  5 17:08:50 UTC 2023
#@# Surf Reg rh Thu Oct  5 17:20:12 UTC 2023
#@# Jacobian white lh Thu Oct  5 17:30:49 UTC 2023
#@# Jacobian white rh Thu Oct  5 17:30:51 UTC 2023
#@# AvgCurv lh Thu Oct  5 17:30:53 UTC 2023
#@# AvgCurv rh Thu Oct  5 17:30:55 UTC 2023
#@# Cortical Parc lh Thu Oct  5 17:30:56 UTC 2023
#@# Cortical Parc rh Thu Oct  5 17:31:20 UTC 2023
#@# white curv lh Thu Oct  5 17:51:14 UTC 2023
#@# white area lh Thu Oct  5 17:51:18 UTC 2023
#@# pial curv lh Thu Oct  5 17:51:19 UTC 2023
#@# pial area lh Thu Oct  5 17:51:23 UTC 2023
#@# thickness lh Thu Oct  5 17:51:25 UTC 2023
#@# area and vertex vol lh Thu Oct  5 17:52:39 UTC 2023
#@# white curv rh Thu Oct  5 17:52:43 UTC 2023
#@# white area rh Thu Oct  5 17:52:47 UTC 2023
#@# pial curv rh Thu Oct  5 17:52:48 UTC 2023
#@# pial area rh Thu Oct  5 17:52:52 UTC 2023
#@# thickness rh Thu Oct  5 17:52:54 UTC 2023
#@# area and vertex vol rh Thu Oct  5 17:54:07 UTC 2023
#@# Curvature Stats lh Thu Oct  5 17:54:11 UTC 2023
#@# Curvature Stats rh Thu Oct  5 17:54:17 UTC 2023
#@# Cortical ribbon mask Thu Oct  5 17:54:23 UTC 2023
#@# Cortical Parc 2 lh Thu Oct  5 18:14:43 UTC 2023
#@# Cortical Parc 2 rh Thu Oct  5 18:15:15 UTC 2023
#@# Cortical Parc 3 lh Thu Oct  5 18:15:48 UTC 2023
#@# Cortical Parc 3 rh Thu Oct  5 18:16:11 UTC 2023
#@# WM/GM Contrast lh Thu Oct  5 18:16:34 UTC 2023
#@# WM/GM Contrast rh Thu Oct  5 18:16:42 UTC 2023
#@# Relabel Hypointensities Thu Oct  5 18:16:49 UTC 2023
#@# APas-to-ASeg Thu Oct  5 18:17:32 UTC 2023
#@# AParc-to-ASeg aparc Thu Oct  5 18:18:04 UTC 2023
#@# AParc-to-ASeg aparc.a2009s Thu Oct  5 18:22:06 UTC 2023
#@# AParc-to-ASeg aparc.DKTatlas Thu Oct  5 18:26:09 UTC 2023
#@# WMParc Thu Oct  5 18:30:13 UTC 2023
#@# Parcellation Stats lh Thu Oct  5 18:36:50 UTC 2023
#@# Parcellation Stats rh Thu Oct  5 18:38:18 UTC 2023
#@# Parcellation Stats 2 lh Thu Oct  5 18:39:46 UTC 2023
#@# Parcellation Stats 2 rh Thu Oct  5 18:40:32 UTC 2023
#@# Parcellation Stats 3 lh Thu Oct  5 18:41:17 UTC 2023
#@# Parcellation Stats 3 rh Thu Oct  5 18:42:01 UTC 2023
#@# ASeg Stats Thu Oct  5 18:42:44 UTC 2023
#@# BA_exvivo Labels lh Thu Oct  5 18:44:18 UTC 2023
#@# BA_exvivo Labels rh Thu Oct  5 18:50:43 UTC 2023
recon-all -s sub-02_ses-010 finished without error at Thu Oct  5 18:57:10 UTC 2023



#New# invocation of recon-all 



status file for recon-all
Sun Oct  8 02:47:43 UTC 2023
#@# T2/FLAIR Input Sun Oct  8 02:47:43 UTC 2023
#@# Sphere lh Sun Oct  8 02:47:48 UTC 2023
#@# Sphere rh Sun Oct  8 02:58:17 UTC 2023
#@# Surf Reg lh Sun Oct  8 03:06:55 UTC 2023
#@# Surf Reg rh Sun Oct  8 03:19:46 UTC 2023
#@# Jacobian white lh Sun Oct  8 03:31:38 UTC 2023
#@# Jacobian white rh Sun Oct  8 03:31:41 UTC 2023
#@# AvgCurv lh Sun Oct  8 03:31:43 UTC 2023
#@# AvgCurv rh Sun Oct  8 03:31:45 UTC 2023
#@# Cortical Parc lh Sun Oct  8 03:31:47 UTC 2023
#@# Cortical Parc rh Sun Oct  8 03:32:12 UTC 2023
#@# Refine Pial Surfs w/ T2/FLAIR Sun Oct  8 03:54:19 UTC 2023
#@# white curv lh Sun Oct  8 07:21:07 UTC 2023
#@# white area lh Sun Oct  8 07:21:12 UTC 2023
#@# pial curv lh Sun Oct  8 07:21:14 UTC 2023
#@# pial area lh Sun Oct  8 07:21:18 UTC 2023
#@# thickness lh Sun Oct  8 07:21:20 UTC 2023
#@# area and vertex vol lh Sun Oct  8 07:22:40 UTC 2023
#@# white curv rh Sun Oct  8 07:22:44 UTC 2023
#@# white area rh Sun Oct  8 07:22:48 UTC 2023
#@# pial curv rh Sun Oct  8 07:22:50 UTC 2023
#@# pial area rh Sun Oct  8 07:22:54 UTC 2023
#@# thickness rh Sun Oct  8 07:22:56 UTC 2023
#@# area and vertex vol rh Sun Oct  8 07:24:12 UTC 2023
#@# Curvature Stats lh Sun Oct  8 07:24:15 UTC 2023
#@# Curvature Stats rh Sun Oct  8 07:24:22 UTC 2023
#@# Cortical ribbon mask Sun Oct  8 07:24:29 UTC 2023
#@# Cortical Parc 2 lh Sun Oct  8 07:50:55 UTC 2023
#@# Cortical Parc 2 rh Sun Oct  8 07:51:31 UTC 2023
#@# Cortical Parc 3 lh Sun Oct  8 07:52:06 UTC 2023
#@# Cortical Parc 3 rh Sun Oct  8 07:52:31 UTC 2023
#@# WM/GM Contrast lh Sun Oct  8 07:52:56 UTC 2023
#@# WM/GM Contrast rh Sun Oct  8 07:53:03 UTC 2023
#@# Relabel Hypointensities Sun Oct  8 07:53:11 UTC 2023
#@# APas-to-ASeg Sun Oct  8 07:53:56 UTC 2023
#@# AParc-to-ASeg aparc Sun Oct  8 07:54:40 UTC 2023
#@# AParc-to-ASeg aparc.a2009s Sun Oct  8 07:58:14 UTC 2023
#@# AParc-to-ASeg aparc.DKTatlas Sun Oct  8 08:01:39 UTC 2023
#@# WMParc Sun Oct  8 08:05:08 UTC 2023
#@# Parcellation Stats lh Sun Oct  8 08:13:01 UTC 2023
#@# Parcellation Stats rh Sun Oct  8 08:14:36 UTC 2023
#@# Parcellation Stats 2 lh Sun Oct  8 08:16:09 UTC 2023
#@# Parcellation Stats 2 rh Sun Oct  8 08:16:55 UTC 2023
#@# Parcellation Stats 3 lh Sun Oct  8 08:17:45 UTC 2023
#@# Parcellation Stats 3 rh Sun Oct  8 08:18:33 UTC 2023
#@# ASeg Stats Sun Oct  8 08:19:21 UTC 2023
#@# BA_exvivo Labels lh Sun Oct  8 08:21:15 UTC 2023
#@# BA_exvivo Labels rh Sun Oct  8 08:28:25 UTC 2023
recon-all -s sub-02_ses-010 finished without error at Sun Oct  8 08:35:27 UTC 2023
