status file for recon-all
Wed Oct 11 00:44:07 UTC 2023
#@# MotionCor Wed Oct 11 00:44:13 UTC 2023
#@# Talairach Wed Oct 11 00:44:32 UTC 2023
#@# Talairach Failure Detection Wed Oct 11 00:54:16 UTC 2023
#@# Nu Intensity Correction Wed Oct 11 00:54:16 UTC 2023
#@# Intensity Normalization Wed Oct 11 01:04:03 UTC 2023
#@# Skull Stripping Wed Oct 11 01:10:20 UTC 2023
recon-all -s sub-03_ses-015 finished without error at Wed Oct 11 01:17:38 UTC 2023



#New# invocation of recon-all 



status file for recon-all
Wed Oct 11 01:45:05 UTC 2023
#@# EM Registration Wed Oct 11 01:45:05 UTC 2023
#@# CA Normalize Wed Oct 11 01:49:49 UTC 2023
#@# CA Reg Wed Oct 11 01:53:10 UTC 2023
#@# SubCort Seg Wed Oct 11 03:18:10 UTC 2023
#@# CC Seg Wed Oct 11 05:01:46 UTC 2023
#@# Merge ASeg Wed Oct 11 05:03:22 UTC 2023
#@# Intensity Normalization2 Wed Oct 11 05:03:22 UTC 2023
#@# Mask BFS Wed Oct 11 05:10:49 UTC 2023
#@# WM Segmentation Wed Oct 11 05:10:51 UTC 2023
#@# Fill Wed Oct 11 05:18:35 UTC 2023
#@# Tessellate lh Wed Oct 11 05:21:26 UTC 2023
#@# Tessellate rh Wed Oct 11 05:21:34 UTC 2023
#@# Smooth1 lh Wed Oct 11 05:21:42 UTC 2023
#@# Smooth1 rh Wed Oct 11 05:21:48 UTC 2023
#@# Inflation1 lh Wed Oct 11 05:21:55 UTC 2023
#@# Inflation1 rh Wed Oct 11 05:22:26 UTC 2023
#@# QSphere lh Wed Oct 11 05:22:57 UTC 2023
#@# QSphere rh Wed Oct 11 05:25:31 UTC 2023
#@# Fix Topology lh Wed Oct 11 05:28:15 UTC 2023
#@# Fix Topology rh Wed Oct 11 05:31:38 UTC 2023
#@# Smooth2 lh Wed Oct 11 05:51:35 UTC 2023
#@# Smooth2 rh Wed Oct 11 05:51:42 UTC 2023
#@# Inflation2 lh Wed Oct 11 05:51:49 UTC 2023
#@# Inflation2 rh Wed Oct 11 05:52:23 UTC 2023
#@# Curv .H and .K lh Wed Oct 11 05:52:59 UTC 2023
#@# Curv .H and .K rh Wed Oct 11 05:54:53 UTC 2023
recon-all -s sub-03_ses-015 finished without error at Wed Oct 11 05:56:50 UTC 2023
