status file for recon-all
Thu Oct  5 12:01:13 UTC 2023
#@# MotionCor Thu Oct  5 12:01:19 UTC 2023
#@# Talairach Thu Oct  5 12:01:33 UTC 2023
#@# Talairach Failure Detection Thu Oct  5 12:10:56 UTC 2023
#@# Nu Intensity Correction Thu Oct  5 12:10:56 UTC 2023
#@# Intensity Normalization Thu Oct  5 12:20:25 UTC 2023
#@# Skull Stripping Thu Oct  5 12:28:03 UTC 2023
recon-all -s sub-02_ses-014 finished without error at Thu Oct  5 12:32:55 UTC 2023



#New# invocation of recon-all 



status file for recon-all
Thu Oct  5 12:57:55 UTC 2023
#@# EM Registration Thu Oct  5 12:57:55 UTC 2023
#@# CA Normalize Thu Oct  5 13:01:46 UTC 2023
#@# CA Reg Thu Oct  5 13:05:02 UTC 2023
#@# SubCort Seg Thu Oct  5 14:15:12 UTC 2023
#@# CC Seg Thu Oct  5 15:56:58 UTC 2023
#@# Merge ASeg Thu Oct  5 15:58:40 UTC 2023
#@# Intensity Normalization2 Thu Oct  5 15:58:40 UTC 2023
#@# Mask BFS Thu Oct  5 16:05:32 UTC 2023
#@# WM Segmentation Thu Oct  5 16:05:34 UTC 2023
#@# Fill Thu Oct  5 16:13:28 UTC 2023
#@# Tessellate lh Thu Oct  5 16:16:02 UTC 2023
#@# Tessellate rh Thu Oct  5 16:16:12 UTC 2023
#@# Smooth1 lh Thu Oct  5 16:16:21 UTC 2023
#@# Smooth1 rh Thu Oct  5 16:16:27 UTC 2023
#@# Inflation1 lh Thu Oct  5 16:16:33 UTC 2023
#@# Inflation1 rh Thu Oct  5 16:16:56 UTC 2023
#@# QSphere lh Thu Oct  5 16:17:20 UTC 2023
#@# QSphere rh Thu Oct  5 16:20:10 UTC 2023
#@# Fix Topology lh Thu Oct  5 16:23:06 UTC 2023
#@# Fix Topology rh Thu Oct  5 16:23:56 UTC 2023
#@# Smooth2 lh Thu Oct  5 16:41:38 UTC 2023
#@# Smooth2 rh Thu Oct  5 16:41:45 UTC 2023
#@# Inflation2 lh Thu Oct  5 16:41:51 UTC 2023
#@# Inflation2 rh Thu Oct  5 16:42:18 UTC 2023
#@# Curv .H and .K lh Thu Oct  5 16:42:45 UTC 2023
#@# Curv .H and .K rh Thu Oct  5 16:44:36 UTC 2023
recon-all -s sub-02_ses-014 finished without error at Thu Oct  5 16:46:29 UTC 2023



#New# invocation of recon-all 



status file for recon-all
Thu Oct  5 16:47:18 UTC 2023
#@# Sphere lh Thu Oct  5 16:47:18 UTC 2023
#@# Sphere rh Thu Oct  5 16:55:22 UTC 2023
#@# Surf Reg lh Thu Oct  5 17:02:34 UTC 2023
#@# Surf Reg rh Thu Oct  5 17:14:38 UTC 2023
#@# Jacobian white lh Thu Oct  5 17:25:40 UTC 2023
#@# Jacobian white rh Thu Oct  5 17:25:42 UTC 2023
#@# AvgCurv lh Thu Oct  5 17:25:44 UTC 2023
#@# AvgCurv rh Thu Oct  5 17:25:46 UTC 2023
#@# Cortical Parc lh Thu Oct  5 17:25:48 UTC 2023
#@# Cortical Parc rh Thu Oct  5 17:26:12 UTC 2023
#@# white curv lh Thu Oct  5 17:47:06 UTC 2023
#@# white area lh Thu Oct  5 17:47:10 UTC 2023
#@# pial curv lh Thu Oct  5 17:47:12 UTC 2023
#@# pial area lh Thu Oct  5 17:47:16 UTC 2023
#@# thickness lh Thu Oct  5 17:47:18 UTC 2023
#@# area and vertex vol lh Thu Oct  5 17:48:33 UTC 2023
#@# white curv rh Thu Oct  5 17:48:37 UTC 2023
#@# white area rh Thu Oct  5 17:48:42 UTC 2023
#@# pial curv rh Thu Oct  5 17:48:43 UTC 2023
#@# pial area rh Thu Oct  5 17:48:48 UTC 2023
#@# thickness rh Thu Oct  5 17:48:49 UTC 2023
#@# area and vertex vol rh Thu Oct  5 17:50:05 UTC 2023
#@# Curvature Stats lh Thu Oct  5 17:50:09 UTC 2023
#@# Curvature Stats rh Thu Oct  5 17:50:15 UTC 2023
#@# Cortical ribbon mask Thu Oct  5 17:50:21 UTC 2023
#@# Cortical Parc 2 lh Thu Oct  5 18:19:25 UTC 2023
#@# Cortical Parc 2 rh Thu Oct  5 18:19:58 UTC 2023
#@# Cortical Parc 3 lh Thu Oct  5 18:20:32 UTC 2023
#@# Cortical Parc 3 rh Thu Oct  5 18:20:56 UTC 2023
#@# WM/GM Contrast lh Thu Oct  5 18:21:19 UTC 2023
#@# WM/GM Contrast rh Thu Oct  5 18:21:26 UTC 2023
#@# Relabel Hypointensities Thu Oct  5 18:21:33 UTC 2023
#@# APas-to-ASeg Thu Oct  5 18:22:18 UTC 2023
#@# AParc-to-ASeg aparc Thu Oct  5 18:22:47 UTC 2023
#@# AParc-to-ASeg aparc.a2009s Thu Oct  5 18:26:51 UTC 2023
#@# AParc-to-ASeg aparc.DKTatlas Thu Oct  5 18:30:52 UTC 2023
#@# WMParc Thu Oct  5 18:34:51 UTC 2023
#@# Parcellation Stats lh Thu Oct  5 18:42:21 UTC 2023
#@# Parcellation Stats rh Thu Oct  5 18:43:49 UTC 2023
#@# Parcellation Stats 2 lh Thu Oct  5 18:45:19 UTC 2023
#@# Parcellation Stats 2 rh Thu Oct  5 18:46:05 UTC 2023
#@# Parcellation Stats 3 lh Thu Oct  5 18:46:51 UTC 2023
#@# Parcellation Stats 3 rh Thu Oct  5 18:47:35 UTC 2023
#@# ASeg Stats Thu Oct  5 18:48:20 UTC 2023
#@# BA_exvivo Labels lh Thu Oct  5 18:49:59 UTC 2023
#@# BA_exvivo Labels rh Thu Oct  5 18:55:57 UTC 2023
recon-all -s sub-02_ses-014 finished without error at Thu Oct  5 19:01:59 UTC 2023



#New# invocation of recon-all 



status file for recon-all
Sun Oct  8 03:42:31 UTC 2023
#@# T2/FLAIR Input Sun Oct  8 03:42:31 UTC 2023
#@# Sphere lh Sun Oct  8 03:42:36 UTC 2023
#@# Sphere rh Sun Oct  8 03:50:13 UTC 2023
#@# Surf Reg lh Sun Oct  8 03:57:02 UTC 2023
#@# Surf Reg rh Sun Oct  8 04:08:32 UTC 2023
#@# Jacobian white lh Sun Oct  8 04:19:01 UTC 2023
#@# Jacobian white rh Sun Oct  8 04:19:03 UTC 2023
#@# AvgCurv lh Sun Oct  8 04:19:04 UTC 2023
#@# AvgCurv rh Sun Oct  8 04:19:06 UTC 2023
#@# Cortical Parc lh Sun Oct  8 04:19:07 UTC 2023
#@# Cortical Parc rh Sun Oct  8 04:19:30 UTC 2023
#@# Refine Pial Surfs w/ T2/FLAIR Sun Oct  8 04:38:52 UTC 2023
#@# white curv lh Sun Oct  8 07:59:49 UTC 2023
#@# white area lh Sun Oct  8 07:59:53 UTC 2023
#@# pial curv lh Sun Oct  8 07:59:54 UTC 2023
#@# pial area lh Sun Oct  8 07:59:58 UTC 2023
#@# thickness lh Sun Oct  8 07:59:59 UTC 2023
#@# area and vertex vol lh Sun Oct  8 08:01:07 UTC 2023
#@# white curv rh Sun Oct  8 08:01:10 UTC 2023
#@# white area rh Sun Oct  8 08:01:13 UTC 2023
#@# pial curv rh Sun Oct  8 08:01:15 UTC 2023
#@# pial area rh Sun Oct  8 08:01:18 UTC 2023
#@# thickness rh Sun Oct  8 08:01:20 UTC 2023
#@# area and vertex vol rh Sun Oct  8 08:02:27 UTC 2023
#@# Curvature Stats lh Sun Oct  8 08:02:31 UTC 2023
#@# Curvature Stats rh Sun Oct  8 08:02:36 UTC 2023
#@# Cortical ribbon mask Sun Oct  8 08:02:42 UTC 2023
#@# Cortical Parc 2 lh Sun Oct  8 08:19:54 UTC 2023
#@# Cortical Parc 2 rh Sun Oct  8 08:20:23 UTC 2023
#@# Cortical Parc 3 lh Sun Oct  8 08:20:53 UTC 2023
#@# Cortical Parc 3 rh Sun Oct  8 08:21:14 UTC 2023
#@# WM/GM Contrast lh Sun Oct  8 08:21:34 UTC 2023
#@# WM/GM Contrast rh Sun Oct  8 08:21:41 UTC 2023
#@# Relabel Hypointensities Sun Oct  8 08:21:47 UTC 2023
#@# APas-to-ASeg Sun Oct  8 08:22:27 UTC 2023
#@# AParc-to-ASeg aparc Sun Oct  8 08:22:51 UTC 2023
#@# AParc-to-ASeg aparc.a2009s Sun Oct  8 08:25:24 UTC 2023
#@# AParc-to-ASeg aparc.DKTatlas Sun Oct  8 08:27:55 UTC 2023
#@# WMParc Sun Oct  8 08:30:29 UTC 2023
#@# Parcellation Stats lh Sun Oct  8 08:36:44 UTC 2023
#@# Parcellation Stats rh Sun Oct  8 08:38:08 UTC 2023
#@# Parcellation Stats 2 lh Sun Oct  8 08:39:34 UTC 2023
#@# Parcellation Stats 2 rh Sun Oct  8 08:40:16 UTC 2023
#@# Parcellation Stats 3 lh Sun Oct  8 08:40:59 UTC 2023
#@# Parcellation Stats 3 rh Sun Oct  8 08:41:42 UTC 2023
#@# ASeg Stats Sun Oct  8 08:42:24 UTC 2023
#@# BA_exvivo Labels lh Sun Oct  8 08:43:53 UTC 2023
#@# BA_exvivo Labels rh Sun Oct  8 08:49:13 UTC 2023
recon-all -s sub-02_ses-014 finished without error at Sun Oct  8 08:54:28 UTC 2023
