status file for recon-all
Fri Oct 13 12:06:49 UTC 2023
#@# MotionCor Fri Oct 13 12:07:31 UTC 2023
#@# Talairach Fri Oct 13 12:07:31 UTC 2023
#@# Talairach Failure Detection Fri Oct 13 12:07:34 UTC 2023
#@# Nu Intensity Correction Fri Oct 13 12:07:34 UTC 2023
#@# Intensity Normalization Fri Oct 13 12:17:11 UTC 2023
#@# Skull Stripping Fri Oct 13 12:32:05 UTC 2023
#@# EM Registration Fri Oct 13 12:32:11 UTC 2023
#@# CA Normalize Fri Oct 13 12:32:12 UTC 2023
#@# CA Reg Fri Oct 13 12:36:20 UTC 2023
#@# SubCort Seg Fri Oct 13 13:01:38 UTC 2023
#@# CC Seg Fri Oct 13 13:14:24 UTC 2023
#@# Merge ASeg Fri Oct 13 13:15:44 UTC 2023
#@# Intensity Normalization2 Fri Oct 13 13:15:44 UTC 2023
#@# Mask BFS Fri Oct 13 13:22:58 UTC 2023
#@# WM Segmentation Fri Oct 13 13:23:06 UTC 2023
#@# Smooth2 lh Fri Oct 13 13:44:01 UTC 2023
#@# Smooth2 rh Fri Oct 13 13:44:08 UTC 2023
#@# Inflation2 lh Fri Oct 13 13:44:15 UTC 2023
#@# Inflation2 rh Fri Oct 13 13:44:48 UTC 2023
#@# Curv .H and .K lh Fri Oct 13 13:45:20 UTC 2023
#@# Curv .H and .K rh Fri Oct 13 13:47:17 UTC 2023
#@# Sphere lh Fri Oct 13 13:49:17 UTC 2023
#@# Sphere rh Fri Oct 13 13:49:17 UTC 2023
#@# Surf Reg lh Fri Oct 13 13:49:17 UTC 2023
#@# Surf Reg rh Fri Oct 13 13:53:33 UTC 2023
#@# Jacobian white lh Fri Oct 13 13:58:12 UTC 2023
#@# Jacobian white rh Fri Oct 13 13:58:15 UTC 2023
#@# AvgCurv lh Fri Oct 13 13:58:17 UTC 2023
#@# AvgCurv rh Fri Oct 13 13:58:18 UTC 2023
#@# Cortical Parc lh Fri Oct 13 13:58:20 UTC 2023
#@# Cortical Parc rh Fri Oct 13 13:58:39 UTC 2023
#@# white curv lh Fri Oct 13 14:19:15 UTC 2023
#@# white area lh Fri Oct 13 14:19:20 UTC 2023
#@# pial curv lh Fri Oct 13 14:19:21 UTC 2023
#@# pial area lh Fri Oct 13 14:19:26 UTC 2023
#@# thickness lh Fri Oct 13 14:19:28 UTC 2023
#@# area and vertex vol lh Fri Oct 13 14:20:47 UTC 2023
#@# white curv rh Fri Oct 13 14:20:51 UTC 2023
#@# white area rh Fri Oct 13 14:20:56 UTC 2023
#@# pial curv rh Fri Oct 13 14:20:57 UTC 2023
#@# pial area rh Fri Oct 13 14:21:02 UTC 2023
#@# thickness rh Fri Oct 13 14:21:03 UTC 2023
#@# area and vertex vol rh Fri Oct 13 14:22:24 UTC 2023
#@# Curvature Stats lh Fri Oct 13 14:22:28 UTC 2023
#@# Curvature Stats rh Fri Oct 13 14:22:34 UTC 2023
#@# Cortical ribbon mask Fri Oct 13 14:22:41 UTC 2023
#@# Cortical Parc 2 lh Fri Oct 13 15:00:37 UTC 2023
#@# Cortical Parc 2 rh Fri Oct 13 15:01:02 UTC 2023
#@# Cortical Parc 3 lh Fri Oct 13 15:01:28 UTC 2023
#@# Cortical Parc 3 rh Fri Oct 13 15:01:49 UTC 2023
#@# WM/GM Contrast lh Fri Oct 13 15:02:10 UTC 2023
#@# WM/GM Contrast rh Fri Oct 13 15:02:19 UTC 2023
#@# Relabel Hypointensities Fri Oct 13 15:02:27 UTC 2023
#@# APas-to-ASeg Fri Oct 13 15:03:12 UTC 2023
#@# AParc-to-ASeg aparc Fri Oct 13 15:03:47 UTC 2023
#@# AParc-to-ASeg aparc.a2009s Fri Oct 13 15:08:52 UTC 2023
#@# AParc-to-ASeg aparc.DKTatlas Fri Oct 13 15:14:08 UTC 2023
#@# WMParc Fri Oct 13 15:19:26 UTC 2023
#@# Parcellation Stats lh Fri Oct 13 15:27:27 UTC 2023
#@# Parcellation Stats rh Fri Oct 13 15:29:13 UTC 2023
#@# Parcellation Stats 2 lh Fri Oct 13 15:31:03 UTC 2023
#@# Parcellation Stats 2 rh Fri Oct 13 15:31:59 UTC 2023
#@# Parcellation Stats 3 lh Fri Oct 13 15:32:57 UTC 2023
#@# Parcellation Stats 3 rh Fri Oct 13 15:33:51 UTC 2023
#@# ASeg Stats Fri Oct 13 15:34:45 UTC 2023
#@# BA_exvivo Labels lh Fri Oct 13 15:36:33 UTC 2023
#@# BA_exvivo Labels rh Fri Oct 13 15:43:40 UTC 2023
recon-all -s sub-03_ses-014.long.sub-03 finished without error at Fri Oct 13 15:50:54 UTC 2023
