/localscratch/bpinsard.41498737.0/freesurfer_crosssectional_autorecon1smriprep_skullstripautorecon2autorecon3_sub06_ses014.job/sub-06_ses-014/mri
/opt/freesurfer/bin/talairach_avi
--i orig_nu.mgz --xfm transforms/talairach.auto.xfm --atlas 3T18yoSchwartzReactN32_as_orig
talairach_avi 7.4.1
Linux bc12203.int.ets1.calculquebec.ca 3.10.0-1160.95.1.el7.x86_64 #1 SMP Mon Jul 24 13:59:37 UTC 2023 x86_64 x86_64 x86_64 GNU/Linux
Wed Oct 11 01:17:57 UTC 2023
mri_convert orig_nu.mgz talsrcimg.img 
reading from orig_nu.mgz...
TR=0.00, TE=0.00, TI=0.00, flip angle=0.00
i_ras = (-1, 0, 0)
j_ras = (0, 0, -1)
k_ras = (0, 1, 0)
writing to talsrcimg.img...
Analyze Output Matrix
-0.80000   0.00000   0.00000   128.59731;
 0.00000   0.00000   0.80000  -102.86667;
 0.00000  -0.80000   0.00000   114.89365;
 0.00000   0.00000   0.00000   1.00000;
--------------------
INFO: set hdr.hist.orient to -1
mpr2mni305 talsrcimg
Wed Oct 11 01:17:58 UTC 2023
/opt/freesurfer/bin/mpr2mni305 talsrcimg
mpr2mni305 7.4.1
target=3T18yoSchwartzReactN32_as_orig

---------------------------------------------------------------------
analyzeto4dfp talsrcimg -O0 -y
---------------------------------------------------------------------

freesurfer ifh2hdr.c
Wed Oct 11 01:17:58 2023
Writing: talsrcimg.4dfp.hdr
freesurfer analyzeto4dfp.c
Reading: talsrcimg.hdr
header size 348 bytes
hdr.dime.datatype	offset=70	value=2
hdr.dime.bitpix		offset=72	value=8
hdr.hist.orient		offset=252	value=-1
dimensionality     4
dimensions       320       320       320         1
Reading: talsrcimg.img
Writing: talsrcimg.4dfp.img
Writing: talsrcimg.4dfp.ifh
ifh2hdr talsrcimg -r0to212
ori=2

---------------------------------------------------------------------
gauss_4dfp talsrcimg 1.1
---------------------------------------------------------------------

freesurfer gauss_4dfp.c
Reading: talsrcimg.4dfp.img
Writing: talsrcimg_g11.4dfp.img
image dimensions 320 320 320 padded to 384 384 384
processing volume 1freesurfer ifh2hdr.c
Wed Oct 11 01:18:16 2023
Writing: talsrcimg_g11.4dfp.hdr

Writing: talsrcimg_g11.4dfp.ifh
including: talsrcimg.4dfp.img.rec in talsrcimg_g11.4dfp.img.rec

---------------------------------------------------------------------
imgreg_4dfp /opt/freesurfer/average/3T18yoSchwartzReactN32_as_orig none talsrcimg_g11 none talsrcimg_to_3T18yoSchwartzReactN32_as_orig_t4 4355
---------------------------------------------------------------------

freesurfer imgreg_4dfp.c
/opt/freesurfer/average/3T18yoSchwartzReactN32_as_orig.4dfp.img
       256       256       256         1
  1.000000  1.000000  1.000000
orientation T byte_order littleendian
Reading image: /opt/freesurfer/average/3T18yoSchwartzReactN32_as_orig.4dfp.img
dimensions:      256       256       256
mmppix:       1.0000   -1.0000   -1.0000
center:     128.0000 -129.0000 -129.0000
talsrcimg_g11.4dfp.img
       320       320       320         1
  0.799995  0.799995  0.799995
orientation T byte_order littleendian
Reading image: talsrcimg_g11.4dfp.img
dimensions:      320       320       320
mmppix:       0.8000   -0.8000   -0.8000
center:     127.9992 -128.7992 -128.7992
t4_read: open error in t4_sub.f l:  46 t4_file(1:l)talsrcimg_to_3T18yoSchwartzReactN32_as_orig_t4 
t4_read: transform initialized to I4
rotation matrix determinant  1.000000
image alignment mode   4355 decimal     1103 hex
   -7.5000  -45.0000  -45.0000 8542.1123   34.0385
    0.0000  -45.0000  -45.0000 8845.8418   34.0575
    7.5000  -45.0000  -45.0000 8437.4092   34.0354
   -7.5000  -37.5000  -45.0000 8708.0742   36.3606
    0.0000  -37.5000  -45.0000 9035.9111   36.3606
    7.5000  -37.5000  -45.0000 8637.6221   36.3425
   -7.5000  -30.0000  -45.0000 9146.0527   36.7585
    0.0000  -30.0000  -45.0000 9505.8457   36.7643
    7.5000  -30.0000  -45.0000 9055.3447   36.7313
   -7.5000  -22.5000  -45.0000 9623.0303   37.3386
    0.0000  -22.5000  -45.0000 9990.3174   37.3481
    7.5000  -22.5000  -45.0000 9495.5596   37.3105
   -7.5000  -15.0000  -45.000010070.4619   38.0479
    0.0000  -15.0000  -45.000010458.5293   38.0591
    7.5000  -15.0000  -45.0000 9918.4033   38.0229
   -7.5000   -7.5000  -45.000010506.0410   38.7592
    0.0000   -7.5000  -45.000010942.4111   38.7756
    7.5000   -7.5000  -45.000010359.9824   38.7465
   -7.5000    0.0000  -45.000011086.3477   39.8603
    0.0000    0.0000  -45.000011571.6787   39.8803
    7.5000    0.0000  -45.000010963.2754   39.8575
   -7.5000    7.5000  -45.000011037.4336   43.0454
    0.0000    7.5000  -45.000011528.0166   43.0422
    7.5000    7.5000  -45.000010948.9375   43.0212
   -7.5000   15.0000  -45.000011293.3438   47.0423
    0.0000   15.0000  -45.000011802.0029   47.0125
    7.5000   15.0000  -45.000011244.8711   47.0181
   -7.5000   22.5000  -45.000011209.2471   50.2507
    0.0000   22.5000  -45.000011727.2695   50.2107
    7.5000   22.5000  -45.000011177.3369   50.1954
   -7.5000   30.0000  -45.000010846.0566   52.5079
    0.0000   30.0000  -45.000011340.7852   52.4683
    7.5000   30.0000  -45.000010809.6680   52.4706
   -7.5000   37.5000  -45.000010826.1025   54.8886
    0.0000   37.5000  -45.000011334.2480   54.8616
    7.5000   37.5000  -45.000010831.2783   54.8911
   -7.5000   45.0000  -45.000010344.6514   56.6589
    0.0000   45.0000  -45.000010815.6064   56.6405
    7.5000   45.0000  -45.000010335.4082   56.6880
   -7.5000  -45.0000  -37.5000 8881.8477   34.0668
    0.0000  -45.0000  -37.5000 9203.9648   34.0758
    7.5000  -45.0000  -37.5000 8780.1182   34.0480
   -7.5000  -37.5000  -37.5000 9073.0977   36.3435
    0.0000  -37.5000  -37.5000 9429.7588   36.3319
    7.5000  -37.5000  -37.5000 8995.7051   36.3133
   -7.5000  -30.0000  -37.5000 9564.1172   36.7530
    0.0000  -30.0000  -37.5000 9954.5449   36.7509
    7.5000  -30.0000  -37.5000 9463.8389   36.7166
   -7.5000  -22.5000  -37.500010076.9746   37.3638
    0.0000  -22.5000  -37.500010485.3066   37.3688
    7.5000  -22.5000  -37.5000 9955.6562   37.3266
   -7.5000  -15.0000  -37.500010564.9844   38.0992
    0.0000  -15.0000  -37.500010996.1582   38.1048
    7.5000  -15.0000  -37.500010423.4785   38.0608
   -7.5000   -7.5000  -37.500011047.2266   38.8114
    0.0000   -7.5000  -37.500011520.3877   38.8184
    7.5000   -7.5000  -37.500010912.7148   38.7801
   -7.5000    0.0000  -37.500011677.8193   39.8892
    0.0000    0.0000  -37.500012193.2881   39.8973
    7.5000    0.0000  -37.500011550.0840   39.8672
   -7.5000    7.5000  -37.500011627.4551   43.0231
    0.0000    7.5000  -37.500012156.3506   43.0070
    7.5000    7.5000  -37.500011530.3887   42.9860
   -7.5000   15.0000  -37.500011957.0518   47.0293
    0.0000   15.0000  -37.500012517.8789   46.9833
    7.5000   15.0000  -37.500011908.6787   46.9871
   -7.5000   22.5000  -37.500011905.3125   50.3031
    0.0000   22.5000  -37.500012489.7412   50.2511
    7.5000   22.5000  -37.500011884.2412   50.2262
   -7.5000   30.0000  -37.500011528.0908   52.5931
    0.0000   30.0000  -37.500012109.3623   52.5362
    7.5000   30.0000  -37.500011508.4072   52.5164
   -7.5000   37.5000  -37.500011528.8789   54.9597
    0.0000   37.5000  -37.500012122.2207   54.9198
    7.5000   37.5000  -37.500011539.1699   54.9305
   -7.5000   45.0000  -37.500011021.8291   56.6790
    0.0000   45.0000  -37.500011575.0039   56.6444
    7.5000   45.0000  -37.500011024.0752   56.6876
   -7.5000  -45.0000  -30.0000 9384.0801   35.4235
    0.0000  -45.0000  -30.0000 9736.8135   35.4331
    7.5000  -45.0000  -30.0000 9292.6387   35.4031
   -7.5000  -37.5000  -30.0000 9619.0859   37.7276
    0.0000  -37.5000  -30.0000 9988.7773   37.7094
    7.5000  -37.5000  -30.0000 9536.4980   37.6958
   -7.5000  -30.0000  -30.000010151.7939   38.1861
    0.0000  -30.0000  -30.000010559.2568   38.1759
    7.5000  -30.0000  -30.000010057.7305   38.1460
   -7.5000  -22.5000  -30.000010705.9033   38.8832
    0.0000  -22.5000  -30.000011146.1768   38.8826
    7.5000  -22.5000  -30.000010594.8398   38.8407
   -7.5000  -15.0000  -30.000011239.3252   39.7238
    0.0000  -15.0000  -30.000011723.7832   39.7295
    7.5000  -15.0000  -30.000011100.2539   39.6828
   -7.5000   -7.5000  -30.000011788.5098   40.5218
    0.0000   -7.5000  -30.000012315.7998   40.5318
    7.5000   -7.5000  -30.000011640.3232   40.4906
   -7.5000    0.0000  -30.000012490.6699   41.6763
    0.0000    0.0000  -30.000013061.7783   41.6849
    7.5000    0.0000  -30.000012346.2900   41.6526
   -7.5000    7.5000  -30.000012459.4688   44.8776
    0.0000    7.5000  -30.000013044.6807   44.8540
    7.5000    7.5000  -30.000012350.5664   44.8393
   -7.5000   15.0000  -30.000012857.2568   49.0653
    0.0000   15.0000  -30.000013488.5010   49.0082
    7.5000   15.0000  -30.000012797.6895   49.0178
   -7.5000   22.5000  -30.000012819.2998   52.5277
    0.0000   22.5000  -30.000013482.9951   52.4679
    7.5000   22.5000  -30.000012822.8379   52.4492
   -7.5000   30.0000  -30.000012444.9883   54.9729
    0.0000   30.0000  -30.000013106.0449   54.9067
    7.5000   30.0000  -30.000012443.7451   54.8788
   -7.5000   37.5000  -30.000012455.0234   57.4605
    0.0000   37.5000  -30.000013124.7578   57.4208
    7.5000   37.5000  -30.000012449.8857   57.4280
   -7.5000   45.0000  -30.000011882.7520   59.2385
    0.0000   45.0000  -30.000012516.2314   59.2023
    7.5000   45.0000  -30.000011866.3691   59.2503
   -7.5000  -45.0000  -22.5000 9914.0996   36.4577
    0.0000  -45.0000  -22.500010289.6885   36.4785
    7.5000  -45.0000  -22.5000 9814.2451   36.4532
   -7.5000  -37.5000  -22.500010187.7305   38.8170
    0.0000  -37.5000  -22.500010584.3916   38.8037
    7.5000  -37.5000  -22.500010103.2480   38.7957
   -7.5000  -30.0000  -22.500010769.9434   39.2962
    0.0000  -30.0000  -22.500011203.3721   39.2840
    7.5000  -30.0000  -22.500010667.6504   39.2611
   -7.5000  -22.5000  -22.500011363.1543   40.0332
    0.0000  -22.5000  -22.500011839.2217   40.0298
    7.5000  -22.5000  -22.500011252.5234   39.9947
   -7.5000  -15.0000  -22.500011946.6592   40.9380
    0.0000  -15.0000  -22.500012467.8105   40.9482
    7.5000  -15.0000  -22.500011812.8438   40.9089
   -7.5000   -7.5000  -22.500012558.8369   41.8140
    0.0000   -7.5000  -22.500013124.8926   41.8371
    7.5000   -7.5000  -22.500012408.2256   41.8035
   -7.5000    0.0000  -22.500013340.2568   43.0568
    0.0000    0.0000  -22.500013955.9180   43.0785
    7.5000    0.0000  -22.500013183.8672   43.0528
   -7.5000    7.5000  -22.500013365.2871   46.3477
    0.0000    7.5000  -22.500014002.4268   46.3297
    7.5000    7.5000  -22.500013245.7939   46.3217
   -7.5000   15.0000  -22.500013848.1162   50.6673
    0.0000   15.0000  -22.500014531.2109   50.6118
    7.5000   15.0000  -22.500013761.0586   50.6288
   -7.5000   22.5000  -22.500013819.9346   54.2168
    0.0000   22.5000  -22.500014548.0537   54.1586
    7.5000   22.5000  -22.500013800.9131   54.1586
   -7.5000   30.0000  -22.500013445.3105   56.7636
    0.0000   30.0000  -22.500014178.5254   56.7036
    7.5000   30.0000  -22.500013426.7061   56.6922
   -7.5000   37.5000  -22.500013448.4443   59.3727
    0.0000   37.5000  -22.500014188.7979   59.3451
    7.5000   37.5000  -22.500013425.3945   59.3666
   -7.5000   45.0000  -22.500012815.3633   61.2411
    0.0000   45.0000  -22.500013508.1113   61.2158
    7.5000   45.0000  -22.500012778.4775   61.2721
   -7.5000  -45.0000  -15.000010443.3770   37.1149
    0.0000  -45.0000  -15.000010849.5186   37.1470
    7.5000  -45.0000  -15.000010308.1709   37.1281
   -7.5000  -37.5000  -15.000010771.7529   39.5697
    0.0000  -37.5000  -15.000011201.8174   39.5694
    7.5000  -37.5000  -15.000010674.3604   39.5627
   -7.5000  -30.0000  -15.000011392.4316   40.0559
    0.0000  -30.0000  -15.000011871.1777   40.0538
    7.5000  -30.0000  -15.000011286.3955   40.0323
   -7.5000  -22.5000  -15.000012042.4756   40.7916
    0.0000  -22.5000  -15.000012549.1855   40.7938
    7.5000  -22.5000  -15.000011919.1064   40.7630
   -7.5000  -15.0000  -15.000012687.2725   41.7059
    0.0000  -15.0000  -15.000013236.5752   41.7218
    7.5000  -15.0000  -15.000012549.6387   41.6895
   -7.5000   -7.5000  -15.000013339.7920   42.6265
    0.0000   -7.5000  -15.000013928.5381   42.6591
    7.5000   -7.5000  -15.000013201.6396   42.6346
   -7.5000    0.0000  -15.000014220.4482   43.9527
    0.0000    0.0000  -15.000014856.5898   43.9880
    7.5000    0.0000  -15.000014074.0947   43.9705
   -7.5000    7.5000  -15.000014341.6006   47.3698
    0.0000    7.5000  -15.000015012.2090   47.3664
    7.5000    7.5000  -15.000014230.5303   47.3593
   -7.5000   15.0000  -15.000014918.8936   51.7708
    0.0000   15.0000  -15.000015651.6182   51.7327
    7.5000   15.0000  -15.000014831.6045   51.7518
   -7.5000   22.5000  -15.000014905.2002   55.3255
    0.0000   22.5000  -15.000015676.8779   55.2783
    7.5000   22.5000  -15.000014875.1035   55.2856
   -7.5000   30.0000  -15.000014487.8613   57.8920
    0.0000   30.0000  -15.000015275.4961   57.8483
    7.5000   30.0000  -15.000014466.2793   57.8566
   -7.5000   37.5000  -15.000014480.6543   60.5794
    0.0000   37.5000  -15.000015261.4199   60.5642
    7.5000   37.5000  -15.000014430.5332   60.6013
   -7.5000   45.0000  -15.000013801.0596   62.5455
    0.0000   45.0000  -15.000014544.7305   62.5354
    7.5000   45.0000  -15.000013739.2539   62.5946
   -7.5000  -45.0000   -7.500010861.9541   37.4562
    0.0000  -45.0000   -7.500011291.6055   37.4887
    7.5000  -45.0000   -7.500010710.0820   37.4702
   -7.5000  -37.5000   -7.500011281.3955   39.9980
    0.0000  -37.5000   -7.500011717.9531   40.0052
    7.5000  -37.5000   -7.500011159.8633   39.9923
   -7.5000  -30.0000   -7.500011939.8145   40.5030
    0.0000  -30.0000   -7.500012404.0732   40.5110
    7.5000  -30.0000   -7.500011795.7695   40.4830
   -7.5000  -22.5000   -7.500012634.8154   41.2342
    0.0000  -22.5000   -7.500013142.4980   41.2446
    7.5000  -22.5000   -7.500012480.7471   41.2104
   -7.5000  -15.0000   -7.500013330.7139   42.1374
    0.0000  -15.0000   -7.500013880.1670   42.1556
    7.5000  -15.0000   -7.500013167.8555   42.1229
   -7.5000   -7.5000   -7.500014041.7754   43.0716
    0.0000   -7.5000   -7.500014641.8076   43.1024
    7.5000   -7.5000   -7.500013899.2734   43.0784
   -7.5000    0.0000   -7.500015030.9219   44.4575
    0.0000    0.0000   -7.500015696.3193   44.4936
    7.5000    0.0000   -7.500014895.0918   44.4760
   -7.5000    7.5000   -7.500015313.0674   47.9857
    0.0000    7.5000   -7.500016025.3809   47.9907
    7.5000    7.5000   -7.500015201.1426   47.9757
   -7.5000   15.0000   -7.500015993.7188   52.4325
    0.0000   15.0000   -7.500016792.2637   52.4082
    7.5000   15.0000   -7.500015901.2510   52.4223
   -7.5000   22.5000   -7.500015979.9062   55.9799
    0.0000   22.5000   -7.500016814.2637   55.9418
    7.5000   22.5000   -7.500015949.9570   55.9404
   -7.5000   30.0000   -7.500015520.7949   58.5139
    0.0000   30.0000   -7.500016348.8037   58.4808
    7.5000   30.0000   -7.500015487.9658   58.4959
   -7.5000   37.5000   -7.500015482.9258   61.2084
    0.0000   37.5000   -7.500016306.5137   61.1945
    7.5000   37.5000   -7.500015432.8135   61.2378
   -7.5000   45.0000   -7.500014742.5742   63.2285
    0.0000   45.0000   -7.500015541.3945   63.2242
    7.5000   45.0000   -7.500014702.7002   63.2816
   -7.5000  -45.0000    0.000011028.2031   37.7266
    0.0000  -45.0000    0.000011474.0156   37.7477
    7.5000  -45.0000    0.000010876.1201   37.7233
   -7.5000  -37.5000    0.000011575.3154   40.3004
    0.0000  -37.5000    0.000012032.4072   40.3004
    7.5000  -37.5000    0.000011450.8428   40.2803
   -7.5000  -30.0000    0.000012242.0225   40.8367
    0.0000  -30.0000    0.000012723.7373   40.8432
    7.5000  -30.0000    0.000012106.8359   40.8065
   -7.5000  -22.5000    0.000012964.3262   41.5932
    0.0000  -22.5000    0.000013486.0615   41.6039
    7.5000  -22.5000    0.000012817.2666   41.5620
   -7.5000  -15.0000    0.000013682.2461   42.5123
    0.0000  -15.0000    0.000014242.3301   42.5249
    7.5000  -15.0000    0.000013527.9326   42.4844
   -7.5000   -7.5000    0.000014468.9111   43.4616
    0.0000   -7.5000    0.000015076.4043   43.4799
    7.5000   -7.5000    0.000014323.7969   43.4473
   -7.5000    0.0000    0.000015583.4131   44.8805
    0.0000    0.0000    0.000016268.9082   44.9031
    7.5000    0.0000    0.000015462.7061   44.8774
   -7.5000    7.5000    0.000016043.6133   48.4608
    0.0000    7.5000    0.000016801.7383   48.4572
    7.5000    7.5000    0.000015954.7256   48.4335
   -7.5000   15.0000    0.000016856.8242   52.9539
    0.0000   15.0000    0.000017632.0469   52.9204
    7.5000   15.0000    0.000016756.1250   52.9267
   -7.5000   22.5000    0.000016874.9043   56.5506
    0.0000   22.5000    0.000017674.5820   56.5056
    7.5000   22.5000    0.000016813.5156   56.4884
   -7.5000   30.0000    0.000016419.3105   59.0806
    0.0000   30.0000    0.000017240.1523   59.0360
    7.5000   30.0000    0.000016372.5566   59.0386
   -7.5000   37.5000    0.000016418.7891   61.7592
    0.0000   37.5000    0.000017241.4883   61.7289
    7.5000   37.5000    0.000016365.8984   61.7621
   -7.5000   45.0000    0.000015653.6797   63.7713
    0.0000   45.0000    0.000016453.2168   63.7506
    7.5000   45.0000    0.000015585.1328   63.8040
   -7.5000  -45.0000    7.500010149.0518   37.6396
    0.0000  -45.0000    7.500010584.7266   37.6495
    7.5000  -45.0000    7.500010045.3027   37.6189
   -7.5000  -37.5000    7.500010757.1699   40.1551
    0.0000  -37.5000    7.500011225.1338   40.1422
    7.5000  -37.5000    7.500010686.1816   40.1217
   -7.5000  -30.0000    7.500011424.5312   40.7088
    0.0000  -30.0000    7.500011911.4688   40.7065
    7.5000  -30.0000    7.500011347.4961   40.6685
   -7.5000  -22.5000    7.500012149.7119   41.5029
    0.0000  -22.5000    7.500012679.6670   41.5085
    7.5000  -22.5000    7.500012074.8613   41.4615
   -7.5000  -15.0000    7.500012876.2783   42.4536
    0.0000  -15.0000    7.500013420.9023   42.4599
    7.5000  -15.0000    7.500012797.9443   42.4109
   -7.5000   -7.5000    7.500013690.5684   43.4061
    0.0000   -7.5000    7.500014240.8027   43.4140
    7.5000   -7.5000    7.500013584.7988   43.3711
   -7.5000    0.0000    7.500014839.9326   44.7998
    0.0000    0.0000    7.500015438.9531   44.8089
    7.5000    0.0000    7.500014716.3457   44.7751
   -7.5000    7.5000    7.500015435.0166   48.3132
    0.0000    7.5000    7.500016072.8818   48.2951
    7.5000    7.5000    7.500015306.8975   48.2714
   -7.5000   15.0000    7.500016404.5195   52.8093
    0.0000   15.0000    7.500016972.6855   52.7577
    7.5000   15.0000    7.500016202.4893   52.7620
   -7.5000   22.5000    7.500016514.9492   56.4749
    0.0000   22.5000    7.500017096.0078   56.4165
    7.5000   22.5000    7.500016318.7959   56.3885
   -7.5000   30.0000    7.500016069.0674   59.0409
    0.0000   30.0000    7.500016782.7324   58.9771
    7.5000   30.0000    7.500015909.6689   58.9548
   -7.5000   37.5000    7.500016061.7051   61.6976
    0.0000   37.5000    7.500016856.6113   61.6528
    7.5000   37.5000    7.500015936.1279   61.6649
   -7.5000   45.0000    7.500015312.4502   63.6535
    0.0000   45.0000    7.500016106.2988   63.6146
    7.5000   45.0000    7.500015190.8262   63.6631
   -7.5000  -45.0000   15.0000 9177.6670   37.5829
    0.0000  -45.0000   15.0000 9581.3643   37.5929
    7.5000  -45.0000   15.0000 9141.7158   37.5609
   -7.5000  -37.5000   15.0000 9836.5508   40.0249
    0.0000  -37.5000   15.000010263.1016   40.0055
    7.5000  -37.5000   15.0000 9821.4229   39.9911
   -7.5000  -30.0000   15.000010480.3154   40.5737
    0.0000  -30.0000   15.000010925.5449   40.5627
    7.5000  -30.0000   15.000010443.2314   40.5309
   -7.5000  -22.5000   15.000011200.5254   41.3932
    0.0000  -22.5000   15.000011664.4756   41.3924
    7.5000  -22.5000   15.000011143.8750   41.3478
   -7.5000  -15.0000   15.000011950.6035   42.3884
    0.0000  -15.0000   15.000012422.1260   42.3943
    7.5000  -15.0000   15.000011862.0264   42.3444
   -7.5000   -7.5000   15.000012793.2236   43.3676
    0.0000   -7.5000   15.000013279.9463   43.3780
    7.5000   -7.5000   15.000012650.0566   43.3336
   -7.5000    0.0000   15.000013901.9307   44.7512
    0.0000    0.0000   15.000014437.0713   44.7602
    7.5000    0.0000   15.000013713.9961   44.7253
   -7.5000    7.5000   15.000014499.3398   48.1831
    0.0000    7.5000   15.000015088.3428   48.1578
    7.5000    7.5000   15.000014293.7520   48.1419
   -7.5000   15.0000   15.000015537.9062   52.6740
    0.0000   15.0000   15.000016136.6182   52.6126
    7.5000   15.0000   15.000015257.8691   52.6228
   -7.5000   22.5000   15.000015753.2832   56.3768
    0.0000   22.5000   15.000016383.7539   56.3126
    7.5000   22.5000   15.000015510.4805   56.2925
   -7.5000   30.0000   15.000015316.5625   58.9953
    0.0000   30.0000   15.000016003.3311   58.9243
    7.5000   30.0000   15.000015132.5254   58.8943
   -7.5000   37.5000   15.000015290.8447   61.6619
    0.0000   37.5000   15.000016013.6621   61.6192
    7.5000   37.5000   15.000015141.3818   61.6269
   -7.5000   45.0000   15.000014572.9717   63.5844
    0.0000   45.0000   15.000015294.0977   63.5455
    7.5000   45.0000   15.000014450.0830   63.5972
   -7.5000  -45.0000   22.5000 8292.2490   37.5807
    0.0000  -45.0000   22.5000 8609.5400   37.6028
    7.5000  -45.0000   22.5000 8237.6328   37.5762
   -7.5000  -37.5000   22.5000 8984.6953   39.9827
    0.0000  -37.5000   22.5000 9341.4990   39.9689
    7.5000  -37.5000   22.5000 8921.6738   39.9606
   -7.5000  -30.0000   22.5000 9571.5928   40.5178
    0.0000  -30.0000   22.5000 9974.2666   40.5054
    7.5000  -30.0000   22.5000 9464.9639   40.4816
   -7.5000  -22.5000   22.500010217.1611   41.3309
    0.0000  -22.5000   22.500010676.9951   41.3277
    7.5000  -22.5000   22.500010088.4102   41.2915
   -7.5000  -15.0000   22.500010881.7998   42.3437
    0.0000  -15.0000   22.500011394.5742   42.3551
    7.5000  -15.0000   22.500010746.1475   42.3144
   -7.5000   -7.5000   22.500011620.3965   43.3535
    0.0000   -7.5000   22.500012174.3506   43.3784
    7.5000   -7.5000   22.500011481.7920   43.3433
   -7.5000    0.0000   22.500012641.7139   44.7539
    0.0000    0.0000   22.500013238.2930   44.7773
    7.5000    0.0000   22.500012482.4736   44.7500
   -7.5000    7.5000   22.500013185.6768   48.1412
    0.0000    7.5000   22.500013795.1084   48.1224
    7.5000    7.5000   22.500013013.5469   48.1140
   -7.5000   15.0000   22.500014144.4062   52.6173
    0.0000   15.0000   22.500014775.3174   52.5599
    7.5000   15.0000   22.500013937.1328   52.5780
   -7.5000   22.5000   22.500014388.1699   56.2851
    0.0000   22.5000   22.500015096.6211   56.2254
    7.5000   22.5000   22.500014253.9229   56.2262
   -7.5000   30.0000   22.500014072.2627   58.9260
    0.0000   30.0000   22.500014786.6484   58.8647
    7.5000   30.0000   22.500013979.5518   58.8539
   -7.5000   37.5000   22.500014168.5918   61.6289
    0.0000   37.5000   22.500014866.0059   61.6015
    7.5000   37.5000   22.500014078.3955   61.6248
   -7.5000   45.0000   22.500013572.8750   63.5781
    0.0000   45.0000   22.500014249.6826   63.5528
    7.5000   45.0000   22.500013496.7891   63.6124
   -7.5000  -45.0000   30.0000 7540.4487   38.2502
    0.0000  -45.0000   30.0000 7894.7451   38.2821
    7.5000  -45.0000   30.0000 7476.8643   38.2609
   -7.5000  -37.5000   30.0000 8117.5093   40.4184
    0.0000  -37.5000   30.0000 8531.7578   40.4185
    7.5000  -37.5000   30.0000 8044.8462   40.4118
   -7.5000  -30.0000   30.0000 8665.3057   41.0034
    0.0000  -30.0000   30.0000 9120.3848   41.0019
    7.5000  -30.0000   30.0000 8570.3662   40.9804
   -7.5000  -22.5000   30.0000 9282.3652   41.8494
    0.0000  -22.5000   30.0000 9757.2666   41.8527
    7.5000  -22.5000   30.0000 9187.6670   41.8222
   -7.5000  -15.0000   30.0000 9919.0596   42.9238
    0.0000  -15.0000   30.000010404.0459   42.9411
    7.5000  -15.0000   30.0000 9838.6113   42.9088
   -7.5000   -7.5000   30.000010626.1025   44.0340
    0.0000   -7.5000   30.000011130.6045   44.0674
    7.5000   -7.5000   30.000010569.1309   44.0417
   -7.5000    0.0000   30.000011555.4805   45.5217
    0.0000    0.0000   30.000012086.4189   45.5569
    7.5000    0.0000   30.000011500.7568   45.5371
   -7.5000    7.5000   30.000011977.8408   48.6574
    0.0000    7.5000   30.000012498.9492   48.6545
    7.5000    7.5000   30.000011905.8535   48.6475
   -7.5000   15.0000   30.000012800.5908   52.8371
    0.0000   15.0000   30.000013320.7676   52.7995
    7.5000   15.0000   30.000012688.5781   52.8203
   -7.5000   22.5000   30.000013000.6143   56.2442
    0.0000   22.5000   30.000013556.4893   56.1981
    7.5000   22.5000   30.000012924.7480   56.2069
   -7.5000   30.0000   30.000012754.2666   58.8255
    0.0000   30.0000   30.000013297.4258   58.7833
    7.5000   30.0000   30.000012683.3984   58.7935
   -7.5000   37.5000   30.000012897.4229   61.5482
    0.0000   37.5000   30.000013435.0967   61.5353
    7.5000   37.5000   30.000012812.0342   61.5749
   -7.5000   45.0000   30.000012411.2695   63.5573
    0.0000   45.0000   30.000012950.2598   63.5492
    7.5000   45.0000   30.000012343.9277   63.6112
   -7.5000  -45.0000   37.5000 7229.5864   40.0449
    0.0000  -45.0000   37.5000 7585.2251   40.0770
    7.5000  -45.0000   37.5000 7179.8022   40.0547
   -7.5000  -37.5000   37.5000 7723.3574   41.9362
    0.0000  -37.5000   37.5000 8105.6401   41.9436
    7.5000  -37.5000   37.5000 7685.1572   41.9304
   -7.5000  -30.0000   37.5000 8289.6318   42.6278
    0.0000  -30.0000   37.5000 8711.3896   42.6363
    7.5000  -30.0000   37.5000 8254.4170   42.6059
   -7.5000  -22.5000   37.5000 8931.8066   43.5619
    0.0000  -22.5000   37.5000 9378.3320   43.5736
    7.5000  -22.5000   37.5000 8898.0557   43.5361
   -7.5000  -15.0000   37.5000 9604.3916   44.7352
    0.0000  -15.0000   37.500010072.4893   44.7553
    7.5000  -15.0000   37.5000 9569.3105   44.7187
   -7.5000   -7.5000   37.500010327.7295   45.9661
    0.0000   -7.5000   37.500010824.4170   45.9982
    7.5000   -7.5000   37.500010300.1201   45.9704
   -7.5000    0.0000   37.500011217.7891   47.5731
    0.0000    0.0000   37.500011739.4668   47.6091
    7.5000    0.0000   37.500011189.6699   47.5878
   -7.5000    7.5000   37.500011494.5723   50.4372
    0.0000    7.5000   37.500011995.3164   50.4423
    7.5000    7.5000   37.500011444.5771   50.4270
   -7.5000   15.0000   37.500012093.1963   54.2721
    0.0000   15.0000   37.500012601.8613   54.2487
    7.5000   15.0000   37.500012022.4668   54.2662
   -7.5000   22.5000   37.500012189.0566   57.3550
    0.0000   22.5000   37.500012703.9287   57.3194
    7.5000   22.5000   37.500012122.0254   57.3205
   -7.5000   30.0000   37.500011962.3076   59.7867
    0.0000   30.0000   37.500012451.4326   59.7561
    7.5000   30.0000   37.500011880.9395   59.7748
   -7.5000   37.5000   37.500012105.0234   62.4908
    0.0000   37.5000   37.500012625.2725   62.4796
    7.5000   37.5000   37.500012043.0967   62.5289
   -7.5000   45.0000   37.500011697.1377   64.5849
    0.0000   45.0000   37.500012223.5820   64.5833
    7.5000   45.0000   37.500011649.1709   64.6483
   -7.5000  -45.0000   45.0000 6773.1650   42.6323
    0.0000  -45.0000   45.0000 7098.7139   42.6405
    7.5000  -45.0000   45.0000 6743.2466   42.6105
   -7.5000  -37.5000   45.0000 7151.8853   44.1775
    0.0000  -37.5000   45.0000 7488.4912   44.1704
    7.5000  -37.5000   45.0000 7135.6279   44.1509
   -7.5000  -30.0000   45.0000 7732.6807   44.9810
    0.0000  -30.0000   45.0000 8107.9111   44.9836
    7.5000  -30.0000   45.0000 7722.6792   44.9447
   -7.5000  -22.5000   45.0000 8387.3076   46.0521
    0.0000  -22.5000   45.0000 8800.0889   46.0610
    7.5000  -22.5000   45.0000 8370.3818   46.0147
   -7.5000  -15.0000   45.0000 9093.2119   47.3871
    0.0000  -15.0000   45.0000 9541.2773   47.3954
    7.5000  -15.0000   45.0000 9072.9805   47.3484
   -7.5000   -7.5000   45.0000 9818.5137   48.7729
    0.0000   -7.5000   45.000010301.5420   48.7810
    7.5000   -7.5000   45.0000 9802.3467   48.7413
   -7.5000    0.0000   45.000010640.5781   50.4989
    0.0000    0.0000   45.000011147.6934   50.5068
    7.5000    0.0000   45.000010627.2803   50.4758
   -7.5000    7.5000   45.000010750.1621   53.0502
    0.0000    7.5000   45.000011223.6113   53.0380
    7.5000    7.5000   45.000010719.6689   53.0150
   -7.5000   15.0000   45.000011077.2217   56.5184
    0.0000   15.0000   45.000011554.5977   56.4842
    7.5000   15.0000   45.000011046.6611   56.5012
   -7.5000   22.5000   45.000011059.9258   59.3759
    0.0000   22.5000   45.000011544.8555   59.3346
    7.5000   22.5000   45.000011038.3428   59.3239
   -7.5000   30.0000   45.000010871.6016   61.7663
    0.0000   30.0000   45.000011352.1074   61.7233
    7.5000   30.0000   45.000010843.4053   61.7334
   -7.5000   37.5000   45.000010995.1387   64.3876
    0.0000   37.5000   45.000011507.2754   64.3580
    7.5000   37.5000   45.000010980.6924   64.4019
   -7.5000   45.0000   45.000010627.3916   66.4141
    0.0000   45.0000   45.000011125.0752   66.3936
    7.5000   45.0000   45.000010621.9424   66.4595

---------------------------------------------------------------------
imgreg_4dfp /opt/freesurfer/average/3T18yoSchwartzReactN32_as_orig /opt/freesurfer/average/711-2B_as_mni_average_305_mask talsrcimg_g11 none talsrcimg_to_3T18yoSchwartzReactN32_as_orig_t4 4355
---------------------------------------------------------------------

freesurfer imgreg_4dfp.c
/opt/freesurfer/average/3T18yoSchwartzReactN32_as_orig.4dfp.img
       256       256       256         1
  1.000000  1.000000  1.000000
orientation T byte_order littleendian
Reading image: /opt/freesurfer/average/3T18yoSchwartzReactN32_as_orig.4dfp.img
dimensions:      256       256       256
mmppix:       1.0000   -1.0000   -1.0000
center:     128.0000 -129.0000 -129.0000
/opt/freesurfer/average/711-2B_as_mni_average_305_mask.4dfp.img
       256       256       256         1
  1.000000  1.000000  1.000000
orientation T byte_order littleendian
Reading mask: /opt/freesurfer/average/711-2B_as_mni_average_305_mask.4dfp.img (2306576 pixels)
talsrcimg_g11.4dfp.img
       320       320       320         1
  0.799995  0.799995  0.799995
orientation T byte_order littleendian
Reading image: talsrcimg_g11.4dfp.img
dimensions:      320       320       320
mmppix:       0.8000   -0.8000   -0.8000
center:     127.9992 -128.7992 -128.7992
rotation matrix determinant  1.000000
image alignment mode   4355 decimal     1103 hex
   -7.5000  -22.5000  -45.0000 2175.9631   63.3785
    0.0000  -22.5000  -45.0000 2174.5322   63.0557
    7.5000  -22.5000  -45.0000 2152.2134   63.6441
   -7.5000  -15.0000  -45.0000 2225.8523   63.3979
    0.0000  -15.0000  -45.0000 2228.5496   63.2562
    7.5000  -15.0000  -45.0000 2201.8110   63.7083
   -7.5000   -7.5000  -45.0000 2262.8765   63.1879
    0.0000   -7.5000  -45.0000 2268.8381   63.1688
    7.5000   -7.5000  -45.0000 2235.5469   63.4140
   -7.5000    0.0000  -45.0000 2282.7981   62.9144
    0.0000    0.0000  -45.0000 2291.3552   62.8853
    7.5000    0.0000  -45.0000 2257.0791   62.9834
   -7.5000    7.5000  -45.0000 2291.2129   62.7822
    0.0000    7.5000  -45.0000 2296.9036   62.4830
    7.5000    7.5000  -45.0000 2268.0413   62.6695
   -7.5000   15.0000  -45.0000 2282.4585   62.7045
    0.0000   15.0000  -45.0000 2288.0154   62.2064
    7.5000   15.0000  -45.0000 2259.6851   62.3631
   -7.5000   22.5000  -45.0000 2270.0874   63.0107
    0.0000   22.5000  -45.0000 2280.7419   62.4848
    7.5000   22.5000  -45.0000 2251.8074   62.5344
   -7.5000   30.0000  -45.0000 2243.3508   63.8864
    0.0000   30.0000  -45.0000 2250.7297   63.1258
    7.5000   30.0000  -45.0000 2226.2249   63.3385
   -7.5000   37.5000  -45.0000 2203.5576   65.8753
    0.0000   37.5000  -45.0000 2218.1799   65.0067
    7.5000   37.5000  -45.0000 2200.1272   65.2668
   -7.5000   45.0000  -45.0000 2163.1477   69.0088
    0.0000   45.0000  -45.0000 2174.0562   68.0246
    7.5000   45.0000  -45.0000 2152.0515   68.5089
   -7.5000   52.5000  -45.0000 2078.4434   73.4117
    0.0000   52.5000  -45.0000 2087.1602   72.2788
    7.5000   52.5000  -45.0000 2068.1543   72.9427
   -7.5000   60.0000  -45.0000 1945.0002   78.6147
    0.0000   60.0000  -45.0000 1957.5596   77.3643
    7.5000   60.0000  -45.0000 1942.2627   78.2999
   -7.5000   67.5000  -45.0000 1782.2197   84.3171
    0.0000   67.5000  -45.0000 1796.7625   82.9316
    7.5000   67.5000  -45.0000 1783.4445   83.6774
   -7.5000  -22.5000  -37.5000 2275.5825   59.1704
    0.0000  -22.5000  -37.5000 2288.4932   59.0872
    7.5000  -22.5000  -37.5000 2251.8140   59.5620
   -7.5000  -15.0000  -37.5000 2327.1511   59.0406
    0.0000  -15.0000  -37.5000 2334.9219   58.8684
    7.5000  -15.0000  -37.5000 2298.8345   59.1626
   -7.5000   -7.5000  -37.5000 2357.0571   58.5323
    0.0000   -7.5000  -37.5000 2368.5498   58.3931
    7.5000   -7.5000  -37.5000 2335.5474   58.5766
   -7.5000    0.0000  -37.5000 2380.4858   58.2598
    0.0000    0.0000  -37.5000 2388.6802   58.0336
    7.5000    0.0000  -37.5000 2356.2061   58.0601
   -7.5000    7.5000  -37.5000 2391.5818   57.9879
    0.0000    7.5000  -37.5000 2404.1162   57.7738
    7.5000    7.5000  -37.5000 2368.8662   57.6926
   -7.5000   15.0000  -37.5000 2392.0676   57.8411
    0.0000   15.0000  -37.5000 2406.6333   57.5066
    7.5000   15.0000  -37.5000 2370.6040   57.3490
   -7.5000   22.5000  -37.5000 2389.3054   58.2925
    0.0000   22.5000  -37.5000 2401.8374   57.7903
    7.5000   22.5000  -37.5000 2370.0251   57.7149
   -7.5000   30.0000  -37.5000 2362.5718   59.0818
    0.0000   30.0000  -37.5000 2382.6155   58.5433
    7.5000   30.0000  -37.5000 2347.5466   58.4863
   -7.5000   37.5000  -37.5000 2324.9341   60.9000
    0.0000   37.5000  -37.5000 2349.2493   60.3381
    7.5000   37.5000  -37.5000 2320.9207   60.2770
   -7.5000   45.0000  -37.5000 2283.1548   63.7716
    0.0000   45.0000  -37.5000 2302.4902   63.0771
    7.5000   45.0000  -37.5000 2278.2766   63.2717
   -7.5000   52.5000  -37.5000 2195.9180   67.8052
    0.0000   52.5000  -37.5000 2210.6914   66.9436
    7.5000   52.5000  -37.5000 2191.9229   67.4124
   -7.5000   60.0000  -37.5000 2051.8423   72.7230
    0.0000   60.0000  -37.5000 2069.0811   71.8059
    7.5000   60.0000  -37.5000 2051.7483   72.4027
   -7.5000   67.5000  -37.5000 1882.4888   78.3019
    0.0000   67.5000  -37.5000 1906.0149   77.2746
    7.5000   67.5000  -37.5000 1888.5034   77.6817
   -7.5000  -22.5000  -30.0000 2404.4441   57.2720
    0.0000  -22.5000  -30.0000 2412.1355   56.9446
    7.5000  -22.5000  -30.0000 2389.7510   57.3804
   -7.5000  -15.0000  -30.0000 2458.2207   56.8709
    0.0000  -15.0000  -30.0000 2470.5957   56.6036
    7.5000  -15.0000  -30.0000 2440.0723   56.8604
   -7.5000   -7.5000  -30.0000 2495.6448   56.2306
    0.0000   -7.5000  -30.0000 2508.0273   55.9061
    7.5000   -7.5000  -30.0000 2472.2629   56.0959
   -7.5000    0.0000  -30.0000 2520.9626   55.5913
    0.0000    0.0000  -30.0000 2533.9238   55.2541
    7.5000    0.0000  -30.0000 2499.5571   55.3666
   -7.5000    7.5000  -30.0000 2538.3381   55.0905
    0.0000    7.5000  -30.0000 2557.1252   54.8953
    7.5000    7.5000  -30.0000 2519.0427   54.8852
   -7.5000   15.0000  -30.0000 2546.3450   54.9541
    0.0000   15.0000  -30.0000 2568.9370   54.6732
    7.5000   15.0000  -30.0000 2530.9504   54.5522
   -7.5000   22.5000  -30.0000 2546.1516   55.3100
    0.0000   22.5000  -30.0000 2569.3984   54.9111
    7.5000   22.5000  -30.0000 2537.0725   54.7818
   -7.5000   30.0000  -30.0000 2530.4001   56.3208
    0.0000   30.0000  -30.0000 2555.5110   55.8468
    7.5000   30.0000  -30.0000 2521.9468   55.7104
   -7.5000   37.5000  -30.0000 2497.2058   58.1978
    0.0000   37.5000  -30.0000 2524.6135   57.7140
    7.5000   37.5000  -30.0000 2492.6450   57.5927
   -7.5000   45.0000  -30.0000 2448.0195   61.0064
    0.0000   45.0000  -30.0000 2473.3269   60.4388
    7.5000   45.0000  -30.0000 2442.8918   60.4701
   -7.5000   52.5000  -30.0000 2357.4604   64.8946
    0.0000   52.5000  -30.0000 2379.9441   64.1718
    7.5000   52.5000  -30.0000 2353.1013   64.4143
   -7.5000   60.0000  -30.0000 2213.7312   69.8112
    0.0000   60.0000  -30.0000 2233.4204   68.9861
    7.5000   60.0000  -30.0000 2208.3645   69.3603
   -7.5000   67.5000  -30.0000 2037.9996   75.3854
    0.0000   67.5000  -30.0000 2051.3474   74.4044
    7.5000   67.5000  -30.0000 2035.8854   74.7600
   -7.5000  -22.5000  -22.5000 2494.5117   55.0236
    0.0000  -22.5000  -22.5000 2500.9197   54.5313
    7.5000  -22.5000  -22.5000 2475.3875   54.9779
   -7.5000  -15.0000  -22.5000 2545.3328   54.2381
    0.0000  -15.0000  -22.5000 2557.1741   53.8424
    7.5000  -15.0000  -22.5000 2525.6763   54.1366
   -7.5000   -7.5000  -22.5000 2584.1807   53.3279
    0.0000   -7.5000  -22.5000 2600.9553   52.9929
    7.5000   -7.5000  -22.5000 2564.6426   53.1458
   -7.5000    0.0000  -22.5000 2620.9138   52.6148
    0.0000    0.0000  -22.5000 2635.7986   52.2288
    7.5000    0.0000  -22.5000 2597.6406   52.3691
   -7.5000    7.5000  -22.5000 2650.6653   51.9982
    0.0000    7.5000  -22.5000 2670.1956   51.6311
    7.5000    7.5000  -22.5000 2630.7585   51.7035
   -7.5000   15.0000  -22.5000 2670.7244   51.6590
    0.0000   15.0000  -22.5000 2693.6704   51.3569
    7.5000   15.0000  -22.5000 2655.6511   51.3793
   -7.5000   22.5000  -22.5000 2676.4692   51.9586
    0.0000   22.5000  -22.5000 2705.0735   51.5746
    7.5000   22.5000  -22.5000 2671.8696   51.6166
   -7.5000   30.0000  -22.5000 2674.8530   53.1314
    0.0000   30.0000  -22.5000 2704.6729   52.7362
    7.5000   30.0000  -22.5000 2667.3188   52.5964
   -7.5000   37.5000  -22.5000 2638.3508   55.0588
    0.0000   37.5000  -22.5000 2669.6235   54.6346
    7.5000   37.5000  -22.5000 2633.2444   54.4808
   -7.5000   45.0000  -22.5000 2585.8611   57.9321
    0.0000   45.0000  -22.5000 2613.6599   57.4342
    7.5000   45.0000  -22.5000 2580.6462   57.3866
   -7.5000   52.5000  -22.5000 2489.5012   61.7643
    0.0000   52.5000  -22.5000 2512.2346   61.1612
    7.5000   52.5000  -22.5000 2480.4700   61.2126
   -7.5000   60.0000  -22.5000 2349.1365   66.5852
    0.0000   60.0000  -22.5000 2371.6819   65.9121
    7.5000   60.0000  -22.5000 2339.9839   65.9545
   -7.5000   67.5000  -22.5000 2164.6936   71.8754
    0.0000   67.5000  -22.5000 2180.2622   71.0092
    7.5000   67.5000  -22.5000 2160.9834   71.1834
   -7.5000  -22.5000  -15.0000 2524.9207   52.7021
    0.0000  -22.5000  -15.0000 2539.3806   52.3087
    7.5000  -22.5000  -15.0000 2513.3076   52.9296
   -7.5000  -15.0000  -15.0000 2582.9365   51.6983
    0.0000  -15.0000  -15.0000 2597.0391   51.2760
    7.5000  -15.0000  -15.0000 2570.9678   51.8564
   -7.5000   -7.5000  -15.0000 2634.4951   50.6983
    0.0000   -7.5000  -15.0000 2650.6775   50.2836
    7.5000   -7.5000  -15.0000 2622.9080   50.6993
   -7.5000    0.0000  -15.0000 2684.8574   49.8949
    0.0000    0.0000  -15.0000 2698.3079   49.4074
    7.5000    0.0000  -15.0000 2669.7966   49.7674
   -7.5000    7.5000  -15.0000 2733.8364   49.3654
    0.0000    7.5000  -15.0000 2750.6838   48.8022
    7.5000    7.5000  -15.0000 2721.3450   49.0957
   -7.5000   15.0000  -15.0000 2764.8567   48.9234
    0.0000   15.0000  -15.0000 2791.2402   48.4599
    7.5000   15.0000  -15.0000 2757.1060   48.7115
   -7.5000   22.5000  -15.0000 2783.6853   49.0717
    0.0000   22.5000  -15.0000 2817.9363   48.6680
    7.5000   22.5000  -15.0000 2783.6235   48.7838
   -7.5000   30.0000  -15.0000 2782.1323   50.1145
    0.0000   30.0000  -15.0000 2818.4258   49.8231
    7.5000   30.0000  -15.0000 2781.2627   49.7104
   -7.5000   37.5000  -15.0000 2746.5918   52.1432
    0.0000   37.5000  -15.0000 2776.4824   51.7408
    7.5000   37.5000  -15.0000 2739.9351   51.6178
   -7.5000   45.0000  -15.0000 2692.4490   55.1656
    0.0000   45.0000  -15.0000 2717.8826   54.6464
    7.5000   45.0000  -15.0000 2683.5925   54.5992
   -7.5000   52.5000  -15.0000 2589.5437   59.1686
    0.0000   52.5000  -15.0000 2616.8271   58.6516
    7.5000   52.5000  -15.0000 2577.4663   58.5181
   -7.5000   60.0000  -15.0000 2436.9324   63.8979
    0.0000   60.0000  -15.0000 2465.3713   63.3286
    7.5000   60.0000  -15.0000 2430.0579   63.2474
   -7.5000   67.5000  -15.0000 2249.8481   68.8328
    0.0000   67.5000  -15.0000 2279.6111   68.2228
    7.5000   67.5000  -15.0000 2248.2004   68.0996
   -7.5000  -22.5000   -7.5000 2525.2576   51.2940
    0.0000  -22.5000   -7.5000 2532.4204   50.6909
    7.5000  -22.5000   -7.5000 2510.4133   51.6440
   -7.5000  -15.0000   -7.5000 2584.5273   50.0435
    0.0000  -15.0000   -7.5000 2593.1729   49.4593
    7.5000  -15.0000   -7.5000 2571.6086   50.2705
   -7.5000   -7.5000   -7.5000 2646.5125   48.9445
    0.0000   -7.5000   -7.5000 2659.1667   48.3596
    7.5000   -7.5000   -7.5000 2637.8481   49.0817
   -7.5000    0.0000   -7.5000 2715.9214   48.0569
    0.0000    0.0000   -7.5000 2729.4712   47.4850
    7.5000    0.0000   -7.5000 2707.5706   48.0789
   -7.5000    7.5000   -7.5000 2786.0186   47.6269
    0.0000    7.5000   -7.5000 2806.6436   47.0095
    7.5000    7.5000   -7.5000 2778.2126   47.4821
   -7.5000   15.0000   -7.5000 2830.9785   47.0833
    0.0000   15.0000   -7.5000 2862.0078   46.4957
    7.5000   15.0000   -7.5000 2826.1067   46.9145
   -7.5000   22.5000   -7.5000 2852.3821   47.0269
    0.0000   22.5000   -7.5000 2895.1038   46.6176
    7.5000   22.5000   -7.5000 2857.6873   46.7880
   -7.5000   30.0000   -7.5000 2847.2302   47.9369
    0.0000   30.0000   -7.5000 2893.9746   47.6995
    7.5000   30.0000   -7.5000 2852.9009   47.6781
   -7.5000   37.5000   -7.5000 2807.2649   49.9770
    0.0000   37.5000   -7.5000 2841.4905   49.4771
    7.5000   37.5000   -7.5000 2803.9116   49.4682
   -7.5000   45.0000   -7.5000 2748.9365   53.2034
    0.0000   45.0000   -7.5000 2777.0168   52.5386
    7.5000   45.0000   -7.5000 2744.9832   52.6254
   -7.5000   52.5000   -7.5000 2642.7502   57.2640
    0.0000   52.5000   -7.5000 2670.1748   56.6590
    7.5000   52.5000   -7.5000 2633.3230   56.7410
   -7.5000   60.0000   -7.5000 2487.5576   61.9418
    0.0000   60.0000   -7.5000 2515.9243   61.3356
    7.5000   60.0000   -7.5000 2481.7852   61.3524
   -7.5000   67.5000   -7.5000 2293.9915   66.6898
    0.0000   67.5000   -7.5000 2319.9600   65.9934
    7.5000   67.5000   -7.5000 2296.0544   66.0014
   -7.5000  -22.5000    0.0000 2500.9084   51.1619
    0.0000  -22.5000    0.0000 2514.4458   50.3077
    7.5000  -22.5000    0.0000 2491.8569   51.3157
   -7.5000  -15.0000    0.0000 2556.2791   49.7670
    0.0000  -15.0000    0.0000 2567.8672   48.8728
    7.5000  -15.0000    0.0000 2548.9077   49.8262
   -7.5000   -7.5000    0.0000 2629.0747   48.5059
    0.0000   -7.5000    0.0000 2642.1575   47.6016
    7.5000   -7.5000    0.0000 2622.7065   48.4914
   -7.5000    0.0000    0.0000 2712.3074   47.5100
    0.0000    0.0000    0.0000 2728.5225   46.6603
    7.5000    0.0000    0.0000 2709.8899   47.4147
   -7.5000    7.5000    0.0000 2803.2019   47.0968
    0.0000    7.5000    0.0000 2828.1218   46.2838
    7.5000    7.5000    0.0000 2803.7744   46.9242
   -7.5000   15.0000    0.0000 2855.2483   46.4435
    0.0000   15.0000    0.0000 2879.8423   45.4049
    7.5000   15.0000    0.0000 2859.0095   46.3408
   -7.5000   22.5000    0.0000 2867.1323   45.9027
    0.0000   22.5000    0.0000 2906.3569   44.8264
    7.5000   22.5000    0.0000 2878.5679   45.6511
   -7.5000   30.0000    0.0000 2873.2856   46.9902
    0.0000   30.0000    0.0000 2918.8621   46.0771
    7.5000   30.0000    0.0000 2882.9297   46.4400
   -7.5000   37.5000    0.0000 2840.1406   49.0846
    0.0000   37.5000    0.0000 2873.6106   48.1491
    7.5000   37.5000    0.0000 2843.3469   48.4447
   -7.5000   45.0000    0.0000 2784.1780   52.2525
    0.0000   45.0000    0.0000 2810.1133   51.3323
    7.5000   45.0000    0.0000 2783.3042   51.6412
   -7.5000   52.5000    0.0000 2676.2490   56.3648
    0.0000   52.5000    0.0000 2701.2607   55.5055
    7.5000   52.5000    0.0000 2670.9341   55.7656
   -7.5000   60.0000    0.0000 2511.4104   60.9412
    0.0000   60.0000    0.0000 2543.0474   60.1985
    7.5000   60.0000    0.0000 2507.7085   60.3504
   -7.5000   67.5000    0.0000 2318.6960   65.7317
    0.0000   67.5000    0.0000 2349.9319   64.9491
    7.5000   67.5000    0.0000 2321.3396   65.0490
   -7.5000  -22.5000    7.5000 2459.2783   52.0365
    0.0000  -22.5000    7.5000 2482.4902   50.9787
    7.5000  -22.5000    7.5000 2466.9216   52.1624
   -7.5000  -15.0000    7.5000 2521.6938   50.6778
    0.0000  -15.0000    7.5000 2536.4673   49.5152
    7.5000  -15.0000    7.5000 2533.7410   50.7574
   -7.5000   -7.5000    7.5000 2596.6055   49.2830
    0.0000   -7.5000    7.5000 2600.4607   47.9221
    7.5000   -7.5000    7.5000 2609.8704   49.2552
   -7.5000    0.0000    7.5000 2686.3550   48.2313
    0.0000    0.0000    7.5000 2689.3918   46.8282
    7.5000    0.0000    7.5000 2694.8865   47.9336
   -7.5000    7.5000    7.5000 2786.9380   47.7767
    0.0000    7.5000    7.5000 2796.1802   46.4760
    7.5000    7.5000    7.5000 2797.6245   47.3806
   -7.5000   15.0000    7.5000 2856.0347   47.1074
    0.0000   15.0000    7.5000 2854.3555   45.4253
    7.5000   15.0000    7.5000 2862.3879   46.6150
   -7.5000   22.5000    7.5000 2862.8750   46.4536
    0.0000   22.5000    7.5000 2863.1040   44.4402
    7.5000   22.5000    7.5000 2869.2837   45.6976
   -7.5000   30.0000    7.5000 2862.8774   47.2119
    0.0000   30.0000    7.5000 2896.6177   45.8040
    7.5000   30.0000    7.5000 2872.8979   46.4342
   -7.5000   37.5000    7.5000 2833.2930   49.2451
    0.0000   37.5000    7.5000 2872.6584   48.1862
    7.5000   37.5000    7.5000 2844.8313   48.4854
   -7.5000   45.0000    7.5000 2785.9712   52.3718
    0.0000   45.0000    7.5000 2817.8660   51.3943
    7.5000   45.0000    7.5000 2790.2485   51.6227
   -7.5000   52.5000    7.5000 2682.3271   56.2357
    0.0000   52.5000    7.5000 2712.5906   55.3687
    7.5000   52.5000    7.5000 2684.2854   55.5375
   -7.5000   60.0000    7.5000 2518.3025   60.6622
    0.0000   60.0000    7.5000 2549.9246   59.8323
    7.5000   60.0000    7.5000 2521.2488   59.9576
   -7.5000   67.5000    7.5000 2318.8333   65.2138
    0.0000   67.5000    7.5000 2354.2932   64.3805
    7.5000   67.5000    7.5000 2327.8511   64.4322
   -7.5000  -22.5000   15.0000 2414.4060   54.1795
    0.0000  -22.5000   15.0000 2427.2422   52.8553
    7.5000  -22.5000   15.0000 2431.0935   54.1895
   -7.5000  -15.0000   15.0000 2481.4895   52.7225
    0.0000  -15.0000   15.0000 2485.4678   51.2045
    7.5000  -15.0000   15.0000 2497.6521   52.5176
   -7.5000   -7.5000   15.0000 2569.5208   51.4307
    0.0000   -7.5000   15.0000 2562.6597   49.7075
    7.5000   -7.5000   15.0000 2577.8572   50.9447
   -7.5000    0.0000   15.0000 2658.4214   50.2044
    0.0000    0.0000   15.0000 2651.4727   48.5587
    7.5000    0.0000   15.0000 2668.9448   49.6345
   -7.5000    7.5000   15.0000 2748.1904   49.3784
    0.0000    7.5000   15.0000 2753.6033   48.0125
    7.5000    7.5000   15.0000 2764.7009   48.8516
   -7.5000   15.0000   15.0000 2810.5955   48.6218
    0.0000   15.0000   15.0000 2814.0112   46.9389
    7.5000   15.0000   15.0000 2817.5610   47.7106
   -7.5000   22.5000   15.0000 2832.8650   48.2472
    0.0000   22.5000   15.0000 2836.7808   46.4832
    7.5000   22.5000   15.0000 2835.0891   47.0803
   -7.5000   30.0000   15.0000 2823.7339   48.7092
    0.0000   30.0000   15.0000 2847.1016   47.4028
    7.5000   30.0000   15.0000 2836.5449   47.7784
   -7.5000   37.5000   15.0000 2791.6775   50.4129
    0.0000   37.5000   15.0000 2815.2683   49.3735
    7.5000   37.5000   15.0000 2804.5664   49.6295
   -7.5000   45.0000   15.0000 2745.2358   53.1114
    0.0000   45.0000   15.0000 2766.8320   52.1392
    7.5000   45.0000   15.0000 2752.4753   52.3304
   -7.5000   52.5000   15.0000 2649.2886   56.7599
    0.0000   52.5000   15.0000 2677.5344   55.8213
    7.5000   52.5000   15.0000 2661.0415   56.0061
   -7.5000   60.0000   15.0000 2498.5320   61.0525
    0.0000   60.0000   15.0000 2529.2080   60.0305
    7.5000   60.0000   15.0000 2510.6760   60.2680
   -7.5000   67.5000   15.0000 2305.3630   65.5818
    0.0000   67.5000   15.0000 2335.3643   64.6406
    7.5000   67.5000   15.0000 2313.4185   64.7668
   -7.5000  -22.5000   22.5000 2373.1597   57.7647
    0.0000  -22.5000   22.5000 2384.5735   56.6715
    7.5000  -22.5000   22.5000 2382.4604   57.4063
   -7.5000  -15.0000   22.5000 2445.0774   56.0233
    0.0000  -15.0000   22.5000 2453.9280   54.7276
    7.5000  -15.0000   22.5000 2454.9297   55.5349
   -7.5000   -7.5000   22.5000 2524.2476   54.4175
    0.0000   -7.5000   22.5000 2535.2373   53.1008
    7.5000   -7.5000   22.5000 2537.3250   53.8441
   -7.5000    0.0000   22.5000 2615.6985   53.0599
    0.0000    0.0000   22.5000 2624.6777   51.7348
    7.5000    0.0000   22.5000 2624.7412   52.3205
   -7.5000    7.5000   22.5000 2688.9688   51.9410
    0.0000    7.5000   22.5000 2698.8120   50.4635
    7.5000    7.5000   22.5000 2702.6855   51.0572
   -7.5000   15.0000   22.5000 2736.2717   51.0187
    0.0000   15.0000   22.5000 2741.6907   49.1459
    7.5000   15.0000   22.5000 2746.1443   49.8723
   -7.5000   22.5000   22.5000 2764.1365   50.6653
    0.0000   22.5000   22.5000 2778.8689   49.1149
    7.5000   22.5000   22.5000 2774.3867   49.5188
   -7.5000   30.0000   22.5000 2758.6726   51.1884
    0.0000   30.0000   22.5000 2780.3025   49.9987
    7.5000   30.0000   22.5000 2773.8962   50.1873
   -7.5000   37.5000   22.5000 2737.5212   52.8533
    0.0000   37.5000   22.5000 2758.4407   51.9162
    7.5000   37.5000   22.5000 2749.3218   51.9729
   -7.5000   45.0000   22.5000 2696.9072   55.4053
    0.0000   45.0000   22.5000 2722.1001   54.6094
    7.5000   45.0000   22.5000 2706.9851   54.6040
   -7.5000   52.5000   22.5000 2608.3770   58.6730
    0.0000   52.5000   22.5000 2633.4377   57.7882
    7.5000   52.5000   22.5000 2618.6216   57.8848
   -7.5000   60.0000   22.5000 2462.3967   62.4711
    0.0000   60.0000   22.5000 2491.4829   61.5464
    7.5000   60.0000   22.5000 2472.1106   61.5590
   -7.5000   67.5000   22.5000 2270.6145   66.8698
    0.0000   67.5000   22.5000 2288.2700   65.7179
    7.5000   67.5000   22.5000 2273.7917   65.8042
   -7.5000  -22.5000   30.0000 2323.1025   62.5166
    0.0000  -22.5000   30.0000 2339.8936   61.2694
    7.5000  -22.5000   30.0000 2331.3918   61.7802
   -7.5000  -15.0000   30.0000 2392.1255   60.1892
    0.0000  -15.0000   30.0000 2408.4727   58.8420
    7.5000  -15.0000   30.0000 2409.7104   59.5499
   -7.5000   -7.5000   30.0000 2475.6665   58.3699
    0.0000   -7.5000   30.0000 2490.6936   56.8922
    7.5000   -7.5000   30.0000 2496.5237   57.7290
   -7.5000    0.0000   30.0000 2561.0608   56.8753
    0.0000    0.0000   30.0000 2574.7791   55.3307
    7.5000    0.0000   30.0000 2578.2903   56.0386
   -7.5000    7.5000   30.0000 2629.5945   55.6634
    0.0000    7.5000   30.0000 2642.8518   53.8891
    7.5000    7.5000   30.0000 2649.4822   54.5771
   -7.5000   15.0000   30.0000 2676.5688   54.6785
    0.0000   15.0000   30.0000 2686.0403   52.8460
    7.5000   15.0000   30.0000 2693.6575   53.5039
   -7.5000   22.5000   30.0000 2702.1370   54.4128
    0.0000   22.5000   30.0000 2714.0930   52.7766
    7.5000   22.5000   30.0000 2718.1509   53.2529
   -7.5000   30.0000   30.0000 2692.6711   54.8408
    0.0000   30.0000   30.0000 2704.0354   53.3561
    7.5000   30.0000   30.0000 2710.4414   53.7385
   -7.5000   37.5000   30.0000 2673.0603   56.1721
    0.0000   37.5000   30.0000 2682.9556   54.8776
    7.5000   37.5000   30.0000 2682.8335   55.0481
   -7.5000   45.0000   30.0000 2637.6379   58.4901
    0.0000   45.0000   30.0000 2658.6494   57.4629
    7.5000   45.0000   30.0000 2647.7822   57.5211
   -7.5000   52.5000   30.0000 2557.6106   61.6471
    0.0000   52.5000   30.0000 2582.4634   60.7260
    7.5000   52.5000   30.0000 2565.9832   60.7423
   -7.5000   60.0000   30.0000 2409.9124   65.1713
    0.0000   60.0000   30.0000 2440.1506   64.3576
    7.5000   60.0000   30.0000 2417.7659   64.1933
   -7.5000   67.5000   30.0000 2210.6760   69.1026
    0.0000   67.5000   30.0000 2239.9526   68.2554
    7.5000   67.5000   30.0000 2219.8103   68.1151
   -7.5000  -22.5000   37.5000 2262.4231   67.8852
    0.0000  -22.5000   37.5000 2288.5315   66.5341
    7.5000  -22.5000   37.5000 2281.7461   67.0915
   -7.5000  -15.0000   37.5000 2342.2622   65.2143
    0.0000  -15.0000   37.5000 2367.6665   63.8281
    7.5000  -15.0000   37.5000 2362.6118   64.3601
   -7.5000   -7.5000   37.5000 2425.5872   63.1630
    0.0000   -7.5000   37.5000 2452.2412   61.7543
    7.5000   -7.5000   37.5000 2447.2600   62.2527
   -7.5000    0.0000   37.5000 2509.5488   61.6026
    0.0000    0.0000   37.5000 2528.0051   59.8967
    7.5000    0.0000   37.5000 2528.7473   60.4714
   -7.5000    7.5000   37.5000 2571.2651   60.2134
    0.0000    7.5000   37.5000 2592.2366   58.4940
    7.5000    7.5000   37.5000 2595.3833   59.0655
   -7.5000   15.0000   37.5000 2607.1658   59.0537
    0.0000   15.0000   37.5000 2626.4670   57.4504
    7.5000   15.0000   37.5000 2631.9910   57.9028
   -7.5000   22.5000   37.5000 2635.4675   58.9472
    0.0000   22.5000   37.5000 2652.9163   57.4083
    7.5000   22.5000   37.5000 2655.9856   57.7728
   -7.5000   30.0000   37.5000 2629.7646   59.2831
    0.0000   30.0000   37.5000 2641.2253   57.8287
    7.5000   30.0000   37.5000 2641.5647   58.0704
   -7.5000   37.5000   37.5000 2608.3606   60.3437
    0.0000   37.5000   37.5000 2624.1958   58.9495
    7.5000   37.5000   37.5000 2619.6938   59.1205
   -7.5000   45.0000   37.5000 2575.3208   62.3748
    0.0000   45.0000   37.5000 2595.4819   61.1375
    7.5000   45.0000   37.5000 2583.1467   61.1720
   -7.5000   52.5000   37.5000 2492.2498   65.2168
    0.0000   52.5000   37.5000 2517.6060   64.2881
    7.5000   52.5000   37.5000 2499.7827   64.1494
   -7.5000   60.0000   37.5000 2345.2512   68.9905
    0.0000   60.0000   37.5000 2371.8127   68.0751
    7.5000   60.0000   37.5000 2350.5486   67.8932
   -7.5000   67.5000   37.5000 2151.0422   72.9869
    0.0000   67.5000   37.5000 2175.1096   72.1207
    7.5000   67.5000   37.5000 2153.6003   71.9105
   -7.5000  -22.5000   45.0000 2200.4092   74.2361
    0.0000  -22.5000   45.0000 2227.5549   72.7712
    7.5000  -22.5000   45.0000 2216.1018   73.0590
   -7.5000  -15.0000   45.0000 2287.7080   71.2665
    0.0000  -15.0000   45.0000 2317.3108   69.9286
    7.5000  -15.0000   45.0000 2308.2036   70.1715
   -7.5000   -7.5000   45.0000 2371.2925   68.8121
    0.0000   -7.5000   45.0000 2398.7070   67.3608
    7.5000   -7.5000   45.0000 2391.6885   67.7379
   -7.5000    0.0000   45.0000 2446.6328   66.9359
    0.0000    0.0000   45.0000 2472.4263   65.2412
    7.5000    0.0000   45.0000 2467.0623   65.5549
   -7.5000    7.5000   45.0000 2504.4688   65.4356
    0.0000    7.5000   45.0000 2530.9856   63.8105
    7.5000    7.5000   45.0000 2529.0767   64.1511
   -7.5000   15.0000   45.0000 2537.6880   64.2384
    0.0000   15.0000   45.0000 2560.5396   62.7270
    7.5000   15.0000   45.0000 2560.0095   63.0559
   -7.5000   22.5000   45.0000 2563.0662   64.1209
    0.0000   22.5000   45.0000 2583.7529   62.6671
    7.5000   22.5000   45.0000 2581.9961   62.8214
   -7.5000   30.0000   45.0000 2560.6272   64.4092
    0.0000   30.0000   45.0000 2581.0044   63.0835
    7.5000   30.0000   45.0000 2578.6921   63.1852
   -7.5000   37.5000   45.0000 2541.1711   65.3152
    0.0000   37.5000   45.0000 2565.6135   64.0692
    7.5000   37.5000   45.0000 2557.9873   64.0729
   -7.5000   45.0000   45.0000 2505.7830   67.0571
    0.0000   45.0000   45.0000 2527.3025   65.7734
    7.5000   45.0000   45.0000 2518.5574   65.7043
   -7.5000   52.5000   45.0000 2416.6982   69.6642
    0.0000   52.5000   45.0000 2440.6172   68.5986
    7.5000   52.5000   45.0000 2424.7012   68.4726
   -7.5000   60.0000   45.0000 2269.8298   73.4010
    0.0000   60.0000   45.0000 2293.8306   72.4550
    7.5000   60.0000   45.0000 2274.7043   72.3721
   -7.5000   67.5000   45.0000 2090.2068   77.8047
    0.0000   67.5000   45.0000 2112.8022   76.9008
    7.5000   67.5000   45.0000 2091.4568   76.7098

---------------------------------------------------------------------
imgreg_4dfp /opt/freesurfer/average/3T18yoSchwartzReactN32_as_orig /opt/freesurfer/average/711-2B_as_mni_average_305_mask talsrcimg_g11 none talsrcimg_to_3T18yoSchwartzReactN32_as_orig_t4 1283
---------------------------------------------------------------------

freesurfer imgreg_4dfp.c
/opt/freesurfer/average/3T18yoSchwartzReactN32_as_orig.4dfp.img
       256       256       256         1
  1.000000  1.000000  1.000000
orientation T byte_order littleendian
Reading image: /opt/freesurfer/average/3T18yoSchwartzReactN32_as_orig.4dfp.img
dimensions:      256       256       256
mmppix:       1.0000   -1.0000   -1.0000
center:     128.0000 -129.0000 -129.0000
/opt/freesurfer/average/711-2B_as_mni_average_305_mask.4dfp.img
       256       256       256         1
  1.000000  1.000000  1.000000
orientation T byte_order littleendian
Reading mask: /opt/freesurfer/average/711-2B_as_mni_average_305_mask.4dfp.img (2306576 pixels)
talsrcimg_g11.4dfp.img
       320       320       320         1
  0.799995  0.799995  0.799995
orientation T byte_order littleendian
Reading image: talsrcimg_g11.4dfp.img
dimensions:      320       320       320
mmppix:       0.8000   -0.8000   -0.8000
center:     127.9992 -128.7992 -128.7992
rotation matrix determinant  1.000000
fimgreg.f
image alignment mode   1283 decimal      503 hex
parameters
    0.0000   30.0000    0.0000    0.0000    0.0000    0.0000
eta,q 0.91659 45.97013
niter,ni,del,rscale     5    3   12.0000    1.2000
parameter  2  0.548935 ->  0.500000 qaram    1.1500
parameter  4  0.645481 ->  0.500000 qaram    1.1500
parameter  5  0.545736 ->  0.500000 qaram    1.1500
parameters
    1.0045   26.5500   -1.0603   -3.4500   -3.4500   -0.5973
eta,q 0.91938 45.18434
  0.0938  0.0852  0.0893  0.0833  0.0823  0.0847
  0.0895  0.0828  0.0870  0.0828  0.0807  0.0827
  0.0864  0.0857  0.0841  0.0827  0.0810  0.0812
  0.0858  0.0852  0.0834  0.0834  0.0828  0.0806
  0.0849  0.0862  0.0854  0.0859  0.0855  0.0818
  0.0859  0.0889  0.0907  0.0883  0.0896  0.0843
  0.0898  0.0924  0.0969  0.0897  0.0949  0.0864
niter,ni,del,rscale     7    3   12.0000    1.2000
parameters
    1.5990   24.7364   -2.6063   -4.6524   -3.6296   -0.6423
eta,q 0.92117 45.25489
  0.0949  0.0837  0.0855  0.0809  0.0871  0.0843
  0.0883  0.0813  0.0812  0.0794  0.0829  0.0816
  0.0832  0.0801  0.0793  0.0788  0.0797  0.0795
  0.0806  0.0804  0.0799  0.0792  0.0789  0.0788
  0.0811  0.0842  0.0839  0.0800  0.0801  0.0799
  0.0851  0.0850  0.0886  0.0806  0.0835  0.0820
  0.0904  0.0850  0.0948  0.0824  0.0880  0.0842
niter,ni,del,rscale     6    3   12.0000    1.2000
parameters
    1.6778   24.1224   -2.9357   -4.4767   -3.7013   -0.7063
eta,q 0.92128 45.29786
  0.0917  0.0859  0.0892  0.0824  0.0869  0.0839
  0.0854  0.0828  0.0822  0.0792  0.0828  0.0812
  0.0806  0.0797  0.0796  0.0786  0.0796  0.0792
  0.0788  0.0788  0.0787  0.0787  0.0787  0.0787
  0.0810  0.0815  0.0811  0.0794  0.0798  0.0799
  0.0856  0.0865  0.0856  0.0802  0.0829  0.0817
  0.0905  0.0866  0.0900  0.0810  0.0873  0.0836
niter,ni,del,rscale     5    3   12.0000    1.2000
parameters
    1.6544   23.7922   -3.0144   -4.4093   -3.7009   -0.7590
eta,q 0.92133 45.28733
  0.0913  0.0871  0.0901  0.0823  0.0869  0.0838
  0.0852  0.0834  0.0825  0.0791  0.0827  0.0810
  0.0804  0.0805  0.0793  0.0785  0.0796  0.0791
  0.0787  0.0787  0.0786  0.0786  0.0787  0.0787
  0.0813  0.0808  0.0805  0.0793  0.0796  0.0799
  0.0860  0.0861  0.0848  0.0802  0.0826  0.0816
  0.0908  0.0875  0.0891  0.0811  0.0869  0.0834
niter,ni,del,rscale     4    3   12.0000    1.2000
parameters
    1.6288   23.6495   -3.0448   -4.3755   -3.6937   -0.7778
eta,q 0.92133 45.28284
  0.0914  0.0878  0.0903  0.0823  0.0868  0.0838
  0.0853  0.0837  0.0825  0.0791  0.0827  0.0810
  0.0805  0.0810  0.0792  0.0785  0.0795  0.0791
  0.0787  0.0787  0.0787  0.0787  0.0787  0.0787
  0.0814  0.0804  0.0803  0.0793  0.0796  0.0799
  0.0861  0.0856  0.0846  0.0803  0.0826  0.0816
  0.0909  0.0878  0.0888  0.0812  0.0869  0.0833
niter,ni,del,rscale     3    3   12.0000    1.2000
parameters
    1.6174   23.5874   -3.0557   -4.3573   -3.6918   -0.7848
eta,q 0.92132 45.28042
  0.0915  0.0882  0.0903  0.0823  0.0868  0.0838
  0.0855  0.0838  0.0825  0.0791  0.0827  0.0810
  0.0806  0.0812  0.0791  0.0785  0.0795  0.0791
  0.0787  0.0787  0.0787  0.0787  0.0787  0.0787
  0.0814  0.0803  0.0803  0.0794  0.0796  0.0799
  0.0862  0.0854  0.0845  0.0803  0.0826  0.0816
  0.0909  0.0879  0.0888  0.0812  0.0869  0.0833
registration optimization eta report
parameter search radius
    6.0000    6.9000    6.0000    6.9000    6.9000    6.0000
100000*second partial in parameter space
       33.       18.       30.        7.       17.       13.
  0.0915  0.0882  0.0903  0.0823  0.0868  0.0838
  0.0855  0.0838  0.0825  0.0791  0.0827  0.0810
  0.0806  0.0812  0.0791  0.0785  0.0795  0.0791
  0.0787  0.0787  0.0787  0.0787  0.0787  0.0787
  0.0814  0.0803  0.0803  0.0794  0.0796  0.0799
  0.0862  0.0854  0.0845  0.0803  0.0826  0.0816
  0.0909  0.0879  0.0888  0.0812  0.0869  0.0833
    1.6174   23.5874   -3.0557   -4.3573   -3.6918   -0.7848
eta,q 0.92132 45.28042

---------------------------------------------------------------------
imgreg_4dfp /opt/freesurfer/average/3T18yoSchwartzReactN32_as_orig /opt/freesurfer/average/711-2B_as_mni_average_305_mask talsrcimg_g11 none talsrcimg_to_3T18yoSchwartzReactN32_as_orig_t4 3335
---------------------------------------------------------------------

freesurfer imgreg_4dfp.c
/opt/freesurfer/average/3T18yoSchwartzReactN32_as_orig.4dfp.img
       256       256       256         1
  1.000000  1.000000  1.000000
orientation T byte_order littleendian
Reading image: /opt/freesurfer/average/3T18yoSchwartzReactN32_as_orig.4dfp.img
dimensions:      256       256       256
mmppix:       1.0000   -1.0000   -1.0000
center:     128.0000 -129.0000 -129.0000
/opt/freesurfer/average/711-2B_as_mni_average_305_mask.4dfp.img
       256       256       256         1
  1.000000  1.000000  1.000000
orientation T byte_order littleendian
Reading mask: /opt/freesurfer/average/711-2B_as_mni_average_305_mask.4dfp.img (2306576 pixels)
talsrcimg_g11.4dfp.img
       320       320       320         1
  0.799995  0.799995  0.799995
orientation T byte_order littleendian
Reading image: talsrcimg_g11.4dfp.img
dimensions:      320       320       320
mmppix:       0.8000   -0.8000   -0.8000
center:     127.9992 -128.7992 -128.7992
fimgreg.f
image alignment mode   3335 decimal      D07 hex
parameters
    1.6174   23.5874   -3.0557   -0.2169   -0.2917   -0.4959
    0.8767    6.5237   -1.3669    7.5089   -6.4389   -7.5818
eta,q 0.91740 45.47329
niter,ni,del,rscale     5    3    5.0000    1.2000
parameter  2 -0.685926 -> -0.500000 qaram    1.1500
parameter  4  0.661961 ->  0.500000 qaram    1.1500
parameter  5 -0.259355 ->  0.500000 qaram    1.1500
parameter 10  1.186151 ->  0.500000 qaram    1.1500
parameter 12  0.739956 ->  0.500000 qaram    1.1500
parameters
    1.3166   24.9674   -2.8675   -4.3569   -4.4317   -1.0133
   -2.0928    6.4353   -4.6173    3.3689   -6.1629  -11.7218
eta,q 0.92302 44.91380
  0.0843  0.0850  0.0842  0.0815  0.0752  0.0847  0.0794  0.0831  0.0794  0.0776  0.0798  0.0771
  0.0831  0.0842  0.0833  0.0811  0.0788  0.0818  0.0793  0.0809  0.0791  0.0776  0.0787  0.0770
  0.0825  0.0832  0.0826  0.0813  0.0802  0.0801  0.0793  0.0796  0.0791  0.0781  0.0779  0.0771
  0.0826  0.0825  0.0821  0.0821  0.0811  0.0794  0.0793  0.0793  0.0793  0.0790  0.0777  0.0777
  0.0831  0.0821  0.0822  0.0834  0.0816  0.0811  0.0795  0.0799  0.0796  0.0804  0.0779  0.0786
  0.0840  0.0821  0.0827  0.0849  0.0800  0.0827  0.0798  0.0813  0.0801  0.0819  0.0786  0.0797
  0.0851  0.0822  0.0838  0.0868  0.0799  0.0864  0.0804  0.0831  0.0807  0.0831  0.0794  0.0809
niter,ni,del,rscale     7    3    5.0000    1.2000
parameter  2  0.701691 ->  0.500000 qaram    1.3225
parameter  5-10.285080 ->  0.500000 qaram    1.3225
parameter  7 -0.503602 -> -0.500000 qaram    1.1500
parameter  9 -0.559252 -> -0.500000 qaram    1.1500
parameter 10 -0.782523 -> -0.500000 qaram    1.3225
parameter 12 -0.956816 -> -0.500000 qaram    1.3225
parameters
    1.8727   23.3804   -2.3831   -5.1410   -9.1927   -0.5990
    2.0472    5.9364   -0.4773    8.1299   -5.1667   -6.9608
eta,q 0.93188 44.26505
  0.0805  0.0761  0.0791  0.0798  0.0694  0.0768  0.0736  0.0737  0.0737  0.0751  0.0711  0.0707
  0.0790  0.0762  0.0777  0.0777  0.0704  0.0739  0.0725  0.0718  0.0723  0.0729  0.0699  0.0698
  0.0778  0.0765  0.0767  0.0765  0.0728  0.0716  0.0716  0.0708  0.0713  0.0713  0.0691  0.0691
  0.0770  0.0768  0.0763  0.0762  0.0762  0.0709  0.0709  0.0705  0.0705  0.0699  0.0687  0.0687
  0.0768  0.0773  0.0763  0.0774  0.0780  0.0714  0.0706  0.0714  0.0700  0.0690  0.0689  0.0684
  0.0773  0.0784  0.0767  0.0791  0.0799  0.0734  0.0705  0.0727  0.0700  0.0687  0.0693  0.0681
  0.0784  0.0801  0.0774  0.0809  0.0814  0.0754  0.0710  0.0745  0.0703  0.0688  0.0700  0.0681
niter,ni,del,rscale     7    3    5.0000    1.2000
parameter  5  0.624724 ->  0.500000 qaram    1.5209
parameter 12 -0.852742 -> -0.500000 qaram    1.5209
parameters
    2.0453   22.1279   -1.3332   -6.8919  -14.6678   -1.7457
    1.4260    5.3476   -1.2301    8.9016   -6.6798   -1.4857
eta,q 0.93696 43.44484
  0.0716  0.0692  0.0714  0.0698  0.0658  0.0659  0.0675  0.0664  0.0671  0.0693  0.0648  0.0679
  0.0700  0.0678  0.0699  0.0678  0.0641  0.0653  0.0658  0.0650  0.0654  0.0668  0.0643  0.0663
  0.0688  0.0674  0.0685  0.0669  0.0642  0.0646  0.0647  0.0643  0.0645  0.0650  0.0641  0.0650
  0.0681  0.0681  0.0674  0.0670  0.0668  0.0639  0.0644  0.0644  0.0643  0.0643  0.0642  0.0642
  0.0682  0.0700  0.0670  0.0686  0.0721  0.0646  0.0650  0.0648  0.0650  0.0645  0.0645  0.0634
  0.0692  0.0729  0.0672  0.0708  0.0798  0.0663  0.0665  0.0657  0.0663  0.0657  0.0648  0.0630
  0.0709  0.0766  0.0678  0.0726  0.0849  0.0681  0.0685  0.0670  0.0683  0.0680  0.0654  0.0631
niter,ni,del,rscale     7    3    5.0000    1.2000
parameters
    2.1647   23.3162   -0.2630   -6.4938  -16.5452   -2.9162
    1.1607    5.0759   -1.1056    7.5864   -8.1367    0.0817
eta,q 0.93758 42.96252
  0.0667  0.0711  0.0646  0.0684  0.0702  0.0631  0.0661  0.0649  0.0661  0.0663  0.0629  0.0656
  0.0648  0.0675  0.0634  0.0651  0.0664  0.0637  0.0643  0.0632  0.0642  0.0640  0.0625  0.0639
  0.0636  0.0648  0.0627  0.0630  0.0635  0.0629  0.0630  0.0626  0.0631  0.0627  0.0624  0.0628
  0.0630  0.0630  0.0624  0.0622  0.0623  0.0627  0.0627  0.0627  0.0626  0.0626  0.0625  0.0624
  0.0632  0.0624  0.0623  0.0630  0.0640  0.0623  0.0632  0.0632  0.0630  0.0637  0.0627  0.0625
  0.0643  0.0628  0.0622  0.0651  0.0712  0.0638  0.0646  0.0639  0.0641  0.0659  0.0630  0.0631
  0.0662  0.0643  0.0623  0.0668  0.0811  0.0648  0.0666  0.0647  0.0659  0.0691  0.0632  0.0640
niter,ni,del,rscale     6    3    5.0000    1.2000
parameters
    2.5307   23.6082   -0.2717   -6.0922  -17.0949   -3.6987
    0.7530    4.9722   -0.8604    6.9635   -9.2462    0.6775
eta,q 0.93758 42.82359
  0.0667  0.0676  0.0635  0.0688  0.0717  0.0635  0.0660  0.0655  0.0660  0.0670  0.0632  0.0655
  0.0647  0.0649  0.0629  0.0654  0.0677  0.0632  0.0641  0.0634  0.0642  0.0644  0.0626  0.0638
  0.0632  0.0631  0.0625  0.0632  0.0644  0.0632  0.0629  0.0624  0.0630  0.0629  0.0624  0.0627
  0.0624  0.0623  0.0623  0.0623  0.0623  0.0625  0.0625  0.0625  0.0625  0.0625  0.0625  0.0624
  0.0624  0.0625  0.0623  0.0632  0.0623  0.0625  0.0631  0.0632  0.0628  0.0634  0.0628  0.0628
  0.0632  0.0638  0.0628  0.0656  0.0671  0.0631  0.0646  0.0641  0.0639  0.0653  0.0632  0.0635
  0.0648  0.0660  0.0636  0.0671  0.0766  0.0649  0.0666  0.0650  0.0656  0.0683  0.0636  0.0648
niter,ni,del,rscale     5    3    5.0000    1.2000
parameters
    2.7091   23.7158   -0.3347   -5.8585  -17.1880   -3.9748
    0.5210    5.0230   -0.6177    6.7168   -9.5463    0.9925
eta,q 0.93751 42.80057
  0.0664  0.0671  0.0638  0.0690  0.0724  0.0641  0.0661  0.0661  0.0660  0.0674  0.0636  0.0655
  0.0645  0.0645  0.0631  0.0656  0.0683  0.0631  0.0642  0.0637  0.0641  0.0647  0.0629  0.0638
  0.0631  0.0630  0.0625  0.0632  0.0648  0.0632  0.0629  0.0625  0.0629  0.0630  0.0625  0.0628
  0.0624  0.0624  0.0624  0.0624  0.0624  0.0624  0.0625  0.0625  0.0625  0.0625  0.0625  0.0625
  0.0626  0.0628  0.0626  0.0637  0.0621  0.0626  0.0630  0.0632  0.0628  0.0632  0.0628  0.0629
  0.0636  0.0642  0.0632  0.0661  0.0661  0.0630  0.0645  0.0643  0.0639  0.0651  0.0632  0.0637
  0.0656  0.0664  0.0639  0.0675  0.0753  0.0649  0.0665  0.0654  0.0656  0.0679  0.0636  0.0650
niter,ni,del,rscale     4    3    5.0000    1.2000
parameters
    2.7767   23.7283   -0.3717   -5.7536  -17.1868   -4.0395
    0.3686    5.0434   -0.4944    6.5924   -9.6537    1.1567
eta,q 0.93750 42.80648
  0.0662  0.0669  0.0640  0.0690  0.0725  0.0644  0.0661  0.0662  0.0658  0.0675  0.0638  0.0655
  0.0644  0.0644  0.0632  0.0655  0.0685  0.0632  0.0642  0.0638  0.0641  0.0648  0.0630  0.0637
  0.0631  0.0629  0.0626  0.0632  0.0649  0.0632  0.0629  0.0625  0.0629  0.0631  0.0626  0.0628
  0.0625  0.0625  0.0625  0.0625  0.0625  0.0625  0.0625  0.0625  0.0625  0.0625  0.0625  0.0625
  0.0627  0.0630  0.0628  0.0640  0.0621  0.0626  0.0630  0.0633  0.0629  0.0632  0.0628  0.0629
  0.0639  0.0644  0.0633  0.0664  0.0660  0.0630  0.0644  0.0644  0.0639  0.0650  0.0632  0.0638
  0.0660  0.0667  0.0640  0.0677  0.0751  0.0649  0.0664  0.0655  0.0656  0.0678  0.0637  0.0651
niter,ni,del,rscale     3    3    5.0000    1.2000
parameters
    2.8079   23.7186   -0.3793   -5.7199  -17.1814   -4.0701
    0.2858    5.0630   -0.4440    6.5156   -9.7024    1.2469
eta,q 0.93749 42.80908
  0.0662  0.0668  0.0641  0.0689  0.0726  0.0645  0.0662  0.0663  0.0658  0.0676  0.0638  0.0654
  0.0644  0.0644  0.0632  0.0655  0.0685  0.0632  0.0643  0.0638  0.0640  0.0649  0.0630  0.0637
  0.0631  0.0630  0.0626  0.0632  0.0649  0.0632  0.0629  0.0625  0.0629  0.0631  0.0626  0.0628
  0.0625  0.0625  0.0625  0.0625  0.0625  0.0625  0.0625  0.0625  0.0625  0.0625  0.0625  0.0625
  0.0628  0.0630  0.0628  0.0641  0.0621  0.0626  0.0630  0.0633  0.0629  0.0632  0.0628  0.0630
  0.0641  0.0645  0.0633  0.0665  0.0660  0.0630  0.0644  0.0644  0.0640  0.0650  0.0632  0.0638
  0.0662  0.0668  0.0640  0.0678  0.0751  0.0649  0.0664  0.0656  0.0657  0.0678  0.0637  0.0652
niter,ni,del,rscale     2    3    5.0000    1.2000
parameters
    2.8223   23.7095   -0.3796   -5.7116  -17.1773   -4.0908
    0.2484    5.0751   -0.4215    6.4641   -9.7286    1.3099
eta,q 0.93748 42.80916
  0.0662  0.0668  0.0641  0.0689  0.0726  0.0645  0.0662  0.0663  0.0658  0.0677  0.0639  0.0654
  0.0643  0.0644  0.0632  0.0655  0.0685  0.0632  0.0643  0.0638  0.0640  0.0649  0.0630  0.0637
  0.0631  0.0630  0.0627  0.0632  0.0649  0.0632  0.0630  0.0625  0.0629  0.0631  0.0626  0.0628
  0.0625  0.0625  0.0625  0.0625  0.0625  0.0625  0.0625  0.0625  0.0625  0.0625  0.0625  0.0625
  0.0629  0.0630  0.0628  0.0642  0.0621  0.0626  0.0630  0.0633  0.0629  0.0632  0.0628  0.0630
  0.0641  0.0645  0.0633  0.0665  0.0660  0.0630  0.0643  0.0645  0.0640  0.0650  0.0632  0.0638
  0.0662  0.0668  0.0640  0.0678  0.0751  0.0649  0.0663  0.0656  0.0657  0.0678  0.0637  0.0652
registration optimization eta report
parameter search radius
    2.4000    3.1740    2.4000    8.2800   10.9503    7.2000
    8.2800    7.2000    8.2800    9.5220    7.2000   10.9503
100000*second partial in parameter space
       63.       43.       26.        8.       10.        4.
        5.        7.        5.        6.        2.        2.
  0.0662  0.0668  0.0641  0.0689  0.0726  0.0645  0.0662  0.0663  0.0658  0.0677  0.0639  0.0654
  0.0643  0.0644  0.0632  0.0655  0.0685  0.0632  0.0643  0.0638  0.0640  0.0649  0.0630  0.0637
  0.0631  0.0630  0.0627  0.0632  0.0649  0.0632  0.0630  0.0625  0.0629  0.0631  0.0626  0.0628
  0.0625  0.0625  0.0625  0.0625  0.0625  0.0625  0.0625  0.0625  0.0625  0.0625  0.0625  0.0625
  0.0629  0.0630  0.0628  0.0642  0.0621  0.0626  0.0630  0.0633  0.0629  0.0632  0.0628  0.0630
  0.0641  0.0645  0.0633  0.0665  0.0660  0.0630  0.0643  0.0645  0.0640  0.0650  0.0632  0.0638
  0.0662  0.0668  0.0640  0.0678  0.0751  0.0649  0.0663  0.0656  0.0657  0.0678  0.0637  0.0652
    2.8223   23.7095   -0.3796   -5.7116  -17.1773   -4.0908
    0.2484    5.0751   -0.4215    6.4641   -9.7286    1.3099
eta,q 0.93748 42.80916

---------------------------------------------------------------------
imgreg_4dfp /opt/freesurfer/average/3T18yoSchwartzReactN32_as_orig /opt/freesurfer/average/711-2B_as_mni_average_305_mask talsrcimg_g11 none talsrcimg_to_3T18yoSchwartzReactN32_as_orig_t4 2311
---------------------------------------------------------------------

freesurfer imgreg_4dfp.c
/opt/freesurfer/average/3T18yoSchwartzReactN32_as_orig.4dfp.img
       256       256       256         1
  1.000000  1.000000  1.000000
orientation T byte_order littleendian
Reading image: /opt/freesurfer/average/3T18yoSchwartzReactN32_as_orig.4dfp.img
dimensions:      256       256       256
mmppix:       1.0000   -1.0000   -1.0000
center:     128.0000 -129.0000 -129.0000
/opt/freesurfer/average/711-2B_as_mni_average_305_mask.4dfp.img
       256       256       256         1
  1.000000  1.000000  1.000000
orientation T byte_order littleendian
Reading mask: /opt/freesurfer/average/711-2B_as_mni_average_305_mask.4dfp.img (2306576 pixels)
talsrcimg_g11.4dfp.img
       320       320       320         1
  0.799995  0.799995  0.799995
orientation T byte_order littleendian
Reading image: talsrcimg_g11.4dfp.img
dimensions:      320       320       320
mmppix:       0.8000   -0.8000   -0.8000
center:     127.9992 -128.7992 -128.7992
fimgreg.f
image alignment mode   2311 decimal      907 hex
parameters
    2.8223   23.7095   -0.3796   -5.7116  -17.1773   -4.0908
    0.2484    5.0751   -0.4215    6.4641   -9.7286    1.3099
eta,q 0.93748 42.80914
niter,ni,del,rscale     5    3    5.0000    0.8000
parameter  5 -0.501126 -> -0.500000 qaram    1.1500
parameters
    2.8792   23.6885   -0.4635   -6.2926  -14.4173   -5.6271
    0.1821    4.0632   -0.4896    6.4150  -10.4550    1.0998
eta,q 0.93799 43.04039
  0.0643  0.0636  0.0632  0.0648  0.0660  0.0620  0.0637  0.0633  0.0633  0.0638  0.0625  0.0627
  0.0634  0.0630  0.0628  0.0635  0.0646  0.0622  0.0629  0.0624  0.0626  0.0628  0.0622  0.0623
  0.0628  0.0626  0.0626  0.0627  0.0634  0.0623  0.0624  0.0620  0.0622  0.0622  0.0620  0.0620
  0.0625  0.0625  0.0625  0.0625  0.0625  0.0618  0.0622  0.0622  0.0621  0.0621  0.0621  0.0620
  0.0626  0.0627  0.0627  0.0632  0.0619  0.0620  0.0624  0.0628  0.0622  0.0623  0.0622  0.0622
  0.0632  0.0630  0.0630  0.0646  0.0619  0.0624  0.0630  0.0635  0.0627  0.0629  0.0625  0.0624
  0.0641  0.0637  0.0633  0.0660  0.0626  0.0628  0.0638  0.0643  0.0634  0.0638  0.0629  0.0627
niter,ni,del,rscale     5    3    5.0000    0.8000
parameters
    2.8158   23.3541    0.1630   -6.5087  -14.5769   -4.6859
    0.2361    4.5321   -0.5242    5.9884  -10.2662    1.2153
eta,q 0.93817 43.14254
  0.0638  0.0628  0.0627  0.0650  0.0652  0.0631  0.0635  0.0646  0.0631  0.0633  0.0626  0.0626
  0.0628  0.0622  0.0623  0.0635  0.0637  0.0620  0.0626  0.0630  0.0624  0.0624  0.0621  0.0621
  0.0622  0.0620  0.0621  0.0623  0.0625  0.0618  0.0620  0.0621  0.0620  0.0619  0.0619  0.0619
  0.0620  0.0620  0.0620  0.0619  0.0619  0.0620  0.0618  0.0618  0.0619  0.0618  0.0618  0.0618
  0.0623  0.0624  0.0619  0.0625  0.0621  0.0616  0.0620  0.0621  0.0620  0.0622  0.0619  0.0619
  0.0630  0.0630  0.0619  0.0639  0.0634  0.0616  0.0625  0.0627  0.0624  0.0628  0.0621  0.0621
  0.0641  0.0639  0.0620  0.0657  0.0662  0.0622  0.0634  0.0634  0.0632  0.0639  0.0624  0.0624
niter,ni,del,rscale     4    3    5.0000    0.7000
parameters
    2.8266   23.2142   -0.2819   -6.6129  -14.5971   -4.8458
    0.2434    4.3880   -0.5404    5.9899  -10.4032    1.3203
eta,q 0.93821 43.10561
  0.0633  0.0627  0.0620  0.0642  0.0643  0.0620  0.0630  0.0634  0.0628  0.0631  0.0623  0.0624
  0.0625  0.0622  0.0618  0.0630  0.0631  0.0620  0.0624  0.0624  0.0622  0.0624  0.0620  0.0620
  0.0620  0.0619  0.0618  0.0621  0.0622  0.0621  0.0620  0.0618  0.0619  0.0619  0.0618  0.0618
  0.0618  0.0618  0.0618  0.0618  0.0618  0.0618  0.0618  0.0618  0.0618  0.0618  0.0618  0.0618
  0.0620  0.0620  0.0620  0.0621  0.0618  0.0615  0.0619  0.0622  0.0619  0.0620  0.0619  0.0619
  0.0625  0.0624  0.0621  0.0631  0.0627  0.0619  0.0623  0.0627  0.0622  0.0624  0.0621  0.0621
  0.0633  0.0631  0.0623  0.0646  0.0648  0.0623  0.0630  0.0634  0.0628  0.0631  0.0623  0.0623
niter,ni,del,rscale     3    3    5.0000    0.6000
parameters
    2.7953   23.2543   -0.2549   -6.5834  -14.4290   -4.8503
    0.3079    4.2304   -0.5152    5.9661  -10.3610    1.2608
eta,q 0.93824 43.13299
  0.0628  0.0626  0.0622  0.0638  0.0638  0.0619  0.0627  0.0630  0.0625  0.0627  0.0622  0.0622
  0.0623  0.0622  0.0619  0.0628  0.0629  0.0619  0.0622  0.0622  0.0621  0.0622  0.0619  0.0619
  0.0619  0.0619  0.0618  0.0621  0.0622  0.0620  0.0619  0.0618  0.0618  0.0619  0.0618  0.0618
  0.0618  0.0618  0.0618  0.0618  0.0618  0.0618  0.0618  0.0618  0.0618  0.0618  0.0618  0.0618
  0.0619  0.0619  0.0619  0.0620  0.0618  0.0615  0.0619  0.0620  0.0618  0.0619  0.0618  0.0618
  0.0623  0.0621  0.0620  0.0627  0.0624  0.0617  0.0621  0.0625  0.0621  0.0622  0.0620  0.0620
  0.0629  0.0625  0.0621  0.0639  0.0638  0.0622  0.0627  0.0630  0.0625  0.0628  0.0621  0.0621
niter,ni,del,rscale     2    3    5.0000    0.5000
parameters
    2.7826   23.2199   -0.2839   -6.5268  -14.2593   -4.2082
    0.4037    4.1348   -0.4850    6.1565  -10.2764    1.0146
eta,q 0.93845 43.25282
  0.0625  0.0623  0.0620  0.0633  0.0632  0.0618  0.0622  0.0624  0.0621  0.0624  0.0619  0.0618
  0.0621  0.0620  0.0618  0.0625  0.0625  0.0619  0.0619  0.0619  0.0618  0.0619  0.0617  0.0617
  0.0618  0.0618  0.0618  0.0620  0.0620  0.0619  0.0616  0.0616  0.0616  0.0617  0.0616  0.0616
  0.0618  0.0618  0.0618  0.0618  0.0618  0.0617  0.0616  0.0616  0.0616  0.0616  0.0615  0.0616
  0.0618  0.0618  0.0618  0.0619  0.0618  0.0615  0.0616  0.0617  0.0616  0.0616  0.0616  0.0616
  0.0621  0.0620  0.0619  0.0624  0.0622  0.0616  0.0618  0.0621  0.0618  0.0618  0.0617  0.0617
  0.0625  0.0623  0.0620  0.0632  0.0631  0.0620  0.0622  0.0625  0.0621  0.0622  0.0618  0.0619
niter,ni,del,rscale     1    3    5.0000    0.4000
parameters
    2.7738   23.1527   -0.2946   -6.5578  -14.1790   -3.8833
    0.4232    4.0878   -0.5168    6.2859  -10.2842    0.8362
eta,q 0.93853 43.31510
  0.0620  0.0618  0.0618  0.0625  0.0625  0.0620  0.0619  0.0621  0.0618  0.0620  0.0617  0.0617
  0.0618  0.0617  0.0616  0.0620  0.0620  0.0619  0.0617  0.0617  0.0616  0.0617  0.0616  0.0615
  0.0616  0.0616  0.0616  0.0617  0.0617  0.0618  0.0615  0.0615  0.0615  0.0615  0.0615  0.0615
  0.0615  0.0615  0.0615  0.0615  0.0615  0.0615  0.0615  0.0615  0.0615  0.0615  0.0615  0.0615
  0.0616  0.0616  0.0616  0.0616  0.0616  0.0615  0.0615  0.0616  0.0615  0.0615  0.0615  0.0615
  0.0618  0.0618  0.0617  0.0620  0.0619  0.0616  0.0617  0.0618  0.0616  0.0617  0.0616  0.0616
  0.0621  0.0620  0.0618  0.0626  0.0624  0.0619  0.0619  0.0621  0.0618  0.0619  0.0617  0.0617
registration optimization eta report
parameter search radius
    0.8000    0.8000    0.8000    2.4000    2.7600    2.4000
    2.4000    2.4000    2.4000    2.4000    2.4000    2.4000
100000*second partial in parameter space
       78.       55.       35.       17.       12.        7.
        7.       10.        6.        8.        4.        4.
  0.0620  0.0618  0.0618  0.0625  0.0625  0.0620  0.0619  0.0621  0.0618  0.0620  0.0617  0.0617
  0.0618  0.0617  0.0616  0.0620  0.0620  0.0619  0.0617  0.0617  0.0616  0.0617  0.0616  0.0615
  0.0616  0.0616  0.0616  0.0617  0.0617  0.0618  0.0615  0.0615  0.0615  0.0615  0.0615  0.0615
  0.0615  0.0615  0.0615  0.0615  0.0615  0.0615  0.0615  0.0615  0.0615  0.0615  0.0615  0.0615
  0.0616  0.0616  0.0616  0.0616  0.0616  0.0615  0.0615  0.0616  0.0615  0.0615  0.0615  0.0615
  0.0618  0.0618  0.0617  0.0620  0.0619  0.0616  0.0617  0.0618  0.0616  0.0617  0.0616  0.0616
  0.0621  0.0620  0.0618  0.0626  0.0624  0.0619  0.0619  0.0621  0.0618  0.0619  0.0617  0.0617
    2.7738   23.1527   -0.2946   -6.5578  -14.1790   -3.8833
    0.4232    4.0878   -0.5168    6.2859  -10.2842    0.8362
eta,q 0.93853 43.31510

---------------------------------------------------------------------
imgreg_4dfp /opt/freesurfer/average/3T18yoSchwartzReactN32_as_orig /opt/freesurfer/average/711-2B_as_mni_average_305_mask talsrcimg_g11 none talsrcimg_to_3T18yoSchwartzReactN32_as_orig_t4 2311
---------------------------------------------------------------------

freesurfer imgreg_4dfp.c
/opt/freesurfer/average/3T18yoSchwartzReactN32_as_orig.4dfp.img
       256       256       256         1
  1.000000  1.000000  1.000000
orientation T byte_order littleendian
Reading image: /opt/freesurfer/average/3T18yoSchwartzReactN32_as_orig.4dfp.img
dimensions:      256       256       256
mmppix:       1.0000   -1.0000   -1.0000
center:     128.0000 -129.0000 -129.0000
/opt/freesurfer/average/711-2B_as_mni_average_305_mask.4dfp.img
       256       256       256         1
  1.000000  1.000000  1.000000
orientation T byte_order littleendian
Reading mask: /opt/freesurfer/average/711-2B_as_mni_average_305_mask.4dfp.img (2306576 pixels)
talsrcimg_g11.4dfp.img
       320       320       320         1
  0.799995  0.799995  0.799995
orientation T byte_order littleendian
Reading image: talsrcimg_g11.4dfp.img
dimensions:      320       320       320
mmppix:       0.8000   -0.8000   -0.8000
center:     127.9992 -128.7992 -128.7992
fimgreg.f
image alignment mode   2311 decimal      907 hex
parameters
    2.7738   23.1527   -0.2946   -6.5578  -14.1790   -3.8833
    0.4232    4.0878   -0.5168    6.2859  -10.2842    0.8362
eta,q 0.93852 43.31513
niter,ni,del,rscale     5    3    5.0000    0.8000
parameters
    2.7265   23.1141   -0.1457   -6.7272  -14.5447   -4.7469
    0.2917    4.5301   -0.6036    6.0439  -10.2356    1.3023
eta,q 0.93819 43.10941
  0.0633  0.0628  0.0626  0.0646  0.0638  0.0620  0.0633  0.0644  0.0631  0.0634  0.0625  0.0626
  0.0623  0.0621  0.0620  0.0630  0.0626  0.0619  0.0624  0.0629  0.0624  0.0625  0.0621  0.0622
  0.0617  0.0616  0.0616  0.0619  0.0618  0.0620  0.0619  0.0620  0.0619  0.0619  0.0618  0.0619
  0.0615  0.0615  0.0615  0.0615  0.0615  0.0615  0.0618  0.0618  0.0618  0.0618  0.0618  0.0618
  0.0617  0.0617  0.0616  0.0620  0.0617  0.0617  0.0620  0.0621  0.0620  0.0621  0.0619  0.0619
  0.0624  0.0622  0.0618  0.0633  0.0628  0.0622  0.0626  0.0627  0.0624  0.0627  0.0621  0.0621
  0.0635  0.0630  0.0622  0.0651  0.0651  0.0627  0.0635  0.0634  0.0632  0.0637  0.0624  0.0623
niter,ni,del,rscale     4    3    5.0000    0.7000
parameters
    2.7706   23.2303   -0.1910   -6.6887  -14.4231   -5.1105
    0.2868    4.3184   -0.5800    5.8879  -10.3269    1.3854
eta,q 0.93815 43.08772
  0.0633  0.0630  0.0622  0.0644  0.0639  0.0619  0.0631  0.0634  0.0629  0.0631  0.0623  0.0624
  0.0625  0.0624  0.0619  0.0631  0.0629  0.0618  0.0624  0.0624  0.0623  0.0624  0.0620  0.0621
  0.0620  0.0620  0.0618  0.0622  0.0622  0.0620  0.0620  0.0619  0.0620  0.0620  0.0619  0.0619
  0.0618  0.0618  0.0618  0.0618  0.0618  0.0618  0.0619  0.0619  0.0619  0.0619  0.0619  0.0619
  0.0619  0.0619  0.0619  0.0620  0.0618  0.0615  0.0620  0.0622  0.0620  0.0621  0.0619  0.0619
  0.0624  0.0621  0.0620  0.0630  0.0625  0.0619  0.0624  0.0628  0.0623  0.0625  0.0621  0.0621
  0.0632  0.0627  0.0622  0.0644  0.0639  0.0623  0.0631  0.0634  0.0629  0.0633  0.0623  0.0623
niter,ni,del,rscale     3    3    5.0000    0.6000
parameters
    2.7747   23.2309   -0.0957   -6.6080  -14.2235   -5.3469
    0.3030    4.1059   -0.5550    5.7363  -10.3622    1.2541
eta,q 0.93815 43.10853
  0.0629  0.0626  0.0621  0.0640  0.0635  0.0618  0.0628  0.0630  0.0626  0.0628  0.0622  0.0622
  0.0624  0.0622  0.0620  0.0629  0.0627  0.0617  0.0623  0.0623  0.0622  0.0623  0.0620  0.0620
  0.0620  0.0619  0.0619  0.0622  0.0622  0.0619  0.0620  0.0619  0.0620  0.0619  0.0619  0.0619
  0.0619  0.0619  0.0619  0.0619  0.0619  0.0618  0.0619  0.0619  0.0619  0.0619  0.0619  0.0619
  0.0620  0.0619  0.0619  0.0620  0.0619  0.0615  0.0620  0.0621  0.0619  0.0620  0.0619  0.0619
  0.0623  0.0622  0.0619  0.0627  0.0623  0.0616  0.0623  0.0626  0.0622  0.0624  0.0620  0.0621
  0.0629  0.0626  0.0620  0.0639  0.0633  0.0620  0.0628  0.0632  0.0626  0.0630  0.0622  0.0622
niter,ni,del,rscale     2    3    5.0000    0.5000
parameter  6 -0.013543 ->  0.500000 qaram    1.1500
parameters
    2.7625   23.1842    0.1567   -6.5555  -14.0147   -7.0719
    0.2798    4.2279   -0.5069    5.2877   -9.4716    0.7496
eta,q 0.93845 42.94386
  0.0626  0.0623  0.0620  0.0634  0.0630  0.0616  0.0622  0.0627  0.0622  0.0621  0.0619  0.0618
  0.0622  0.0621  0.0619  0.0626  0.0625  0.0616  0.0619  0.0621  0.0619  0.0618  0.0618  0.0616
  0.0619  0.0619  0.0619  0.0621  0.0621  0.0617  0.0617  0.0617  0.0617  0.0616  0.0616  0.0616
  0.0619  0.0619  0.0619  0.0619  0.0619  0.0618  0.0616  0.0616  0.0616  0.0616  0.0616  0.0616
  0.0619  0.0619  0.0619  0.0620  0.0619  0.0617  0.0617  0.0617  0.0617  0.0618  0.0616  0.0616
  0.0622  0.0621  0.0619  0.0625  0.0622  0.0615  0.0619  0.0620  0.0618  0.0621  0.0616  0.0618
  0.0626  0.0625  0.0619  0.0633  0.0628  0.0616  0.0623  0.0625  0.0621  0.0626  0.0617  0.0619
niter,ni,del,rscale     2    3    5.0000    0.5000
parameter  3 -1.161315 -> -0.500000 qaram    1.1500
parameter 11 -1.389140 -> -0.500000 qaram    1.1500
parameters
    2.6404   23.1865    0.7317   -6.8726  -13.6161   -7.3103
    0.6049    4.9063   -0.5600    5.1763   -7.7466    0.4170
eta,q 0.93901 42.99564
  0.0621  0.0621  0.0624  0.0624  0.0626  0.0621  0.0620  0.0625  0.0617  0.0619  0.0616  0.0613
  0.0618  0.0618  0.0621  0.0618  0.0620  0.0614  0.0616  0.0618  0.0614  0.0615  0.0614  0.0611
  0.0616  0.0616  0.0618  0.0614  0.0615  0.0611  0.0613  0.0614  0.0612  0.0612  0.0613  0.0610
  0.0616  0.0615  0.0615  0.0613  0.0613  0.0612  0.0612  0.0612  0.0611  0.0611  0.0611  0.0610
  0.0617  0.0616  0.0614  0.0615  0.0612  0.0617  0.0612  0.0612  0.0612  0.0613  0.0611  0.0611
  0.0620  0.0618  0.0613  0.0621  0.0615  0.0619  0.0614  0.0613  0.0614  0.0616  0.0610  0.0612
  0.0625  0.0621  0.0612  0.0630  0.0621  0.0618  0.0617  0.0616  0.0617  0.0621  0.0609  0.0614
niter,ni,del,rscale     3    3    5.0000    0.6000
parameter  3 -0.953090 -> -0.500000 qaram    1.3225
parameter  8 -0.810300 -> -0.500000 qaram    1.1500
parameter 11 -0.985521 -> -0.500000 qaram    1.3225
parameters
    2.3246   23.0892    1.5252   -8.6601  -13.0987   -8.4331
    1.0849    6.9763   -0.6448    4.5569   -5.3661    0.6798
eta,q 0.94211 43.12560
  0.0614  0.0617  0.0625  0.0605  0.0621  0.0612  0.0609  0.0635  0.0594  0.0596  0.0606  0.0587
  0.0611  0.0612  0.0619  0.0601  0.0612  0.0598  0.0602  0.0620  0.0589  0.0589  0.0598  0.0582
  0.0609  0.0610  0.0614  0.0601  0.0605  0.0595  0.0597  0.0606  0.0586  0.0585  0.0591  0.0580
  0.0610  0.0609  0.0609  0.0605  0.0600  0.0599  0.0595  0.0595  0.0585  0.0585  0.0585  0.0579
  0.0613  0.0611  0.0606  0.0612  0.0599  0.0610  0.0596  0.0588  0.0587  0.0589  0.0581  0.0579
  0.0617  0.0614  0.0605  0.0623  0.0603  0.0619  0.0598  0.0585  0.0590  0.0596  0.0578  0.0581
  0.0624  0.0619  0.0605  0.0637  0.0613  0.0621  0.0603  0.0586  0.0595  0.0606  0.0578  0.0585
niter,ni,del,rscale     5    3    5.0000    0.8000
parameters
    2.1339   23.1033    1.8972   -8.8555  -12.8786   -7.7740
    1.6041    6.6054   -0.9660    4.4050   -3.8949    0.7803
eta,q 0.94232 43.24277
  0.0597  0.0595  0.0610  0.0622  0.0613  0.0659  0.0605  0.0618  0.0593  0.0605  0.0606  0.0591
  0.0586  0.0586  0.0595  0.0598  0.0597  0.0615  0.0592  0.0595  0.0584  0.0589  0.0593  0.0583
  0.0579  0.0580  0.0584  0.0582  0.0585  0.0585  0.0583  0.0582  0.0579  0.0581  0.0584  0.0578
  0.0579  0.0578  0.0578  0.0578  0.0578  0.0577  0.0579  0.0578  0.0578  0.0578  0.0578  0.0577
  0.0584  0.0580  0.0578  0.0587  0.0577  0.0588  0.0579  0.0586  0.0581  0.0582  0.0577  0.0578
  0.0594  0.0586  0.0583  0.0605  0.0588  0.0608  0.0585  0.0604  0.0587  0.0592  0.0580  0.0582
  0.0608  0.0595  0.0594  0.0627  0.0612  0.0618  0.0596  0.0629  0.0597  0.0608  0.0589  0.0589
niter,ni,del,rscale     4    3    5.0000    0.7000
parameters
    2.0721   23.0009    2.1095   -8.9346  -12.7578   -7.5741
    1.8788    6.0343   -1.2140    4.1510   -3.3688    0.9028
eta,q 0.94243 43.30065
  0.0594  0.0588  0.0598  0.0614  0.0604  0.0632  0.0596  0.0606  0.0588  0.0596  0.0594  0.0587
  0.0584  0.0581  0.0587  0.0594  0.0591  0.0598  0.0586  0.0588  0.0581  0.0584  0.0585  0.0580
  0.0578  0.0578  0.0580  0.0580  0.0582  0.0580  0.0580  0.0578  0.0577  0.0578  0.0579  0.0577
  0.0577  0.0577  0.0577  0.0576  0.0576  0.0576  0.0577  0.0577  0.0576  0.0576  0.0576  0.0576
  0.0580  0.0579  0.0577  0.0583  0.0577  0.0587  0.0578  0.0585  0.0578  0.0579  0.0577  0.0577
  0.0587  0.0584  0.0582  0.0597  0.0585  0.0604  0.0583  0.0601  0.0583  0.0588  0.0581  0.0580
  0.0597  0.0592  0.0590  0.0615  0.0605  0.0614  0.0592  0.0622  0.0591  0.0601  0.0589  0.0585
niter,ni,del,rscale     3    3    5.0000    0.6000
parameters
    1.9550   22.9213    2.2398   -8.9862  -12.5981   -7.7209
    2.0991    5.6006   -1.3428    3.9109   -3.1872    1.0906
eta,q 0.94257 43.33606
  0.0587  0.0584  0.0591  0.0604  0.0597  0.0613  0.0590  0.0599  0.0583  0.0589  0.0587  0.0583
  0.0580  0.0579  0.0583  0.0589  0.0587  0.0589  0.0582  0.0584  0.0578  0.0580  0.0581  0.0578
  0.0576  0.0576  0.0578  0.0579  0.0580  0.0577  0.0577  0.0576  0.0575  0.0575  0.0576  0.0575
  0.0576  0.0576  0.0575  0.0575  0.0575  0.0575  0.0575  0.0575  0.0574  0.0574  0.0574  0.0574
  0.0578  0.0577  0.0576  0.0580  0.0576  0.0584  0.0576  0.0581  0.0576  0.0577  0.0575  0.0575
  0.0584  0.0581  0.0580  0.0591  0.0582  0.0600  0.0580  0.0594  0.0579  0.0583  0.0579  0.0577
  0.0593  0.0586  0.0587  0.0606  0.0596  0.0611  0.0586  0.0611  0.0585  0.0593  0.0586  0.0581
niter,ni,del,rscale     2    3    5.0000    0.5000
parameters
    1.8635   22.8667    2.2262   -9.0052  -12.3951   -8.0033
    2.2443    5.3341   -1.4003    3.7291   -3.0923    1.2751
eta,q 0.94268 43.34759
  0.0583  0.0580  0.0583  0.0596  0.0590  0.0600  0.0584  0.0593  0.0580  0.0583  0.0582  0.0579
  0.0578  0.0577  0.0578  0.0584  0.0583  0.0583  0.0578  0.0582  0.0576  0.0577  0.0578  0.0576
  0.0575  0.0575  0.0575  0.0577  0.0577  0.0575  0.0575  0.0575  0.0574  0.0574  0.0574  0.0574
  0.0574  0.0574  0.0574  0.0574  0.0574  0.0574  0.0573  0.0573  0.0573  0.0573  0.0573  0.0573
  0.0576  0.0575  0.0575  0.0577  0.0574  0.0581  0.0574  0.0577  0.0574  0.0575  0.0574  0.0574
  0.0580  0.0578  0.0578  0.0585  0.0578  0.0593  0.0577  0.0586  0.0577  0.0579  0.0577  0.0575
  0.0586  0.0582  0.0584  0.0596  0.0587  0.0606  0.0582  0.0600  0.0580  0.0586  0.0582  0.0578
niter,ni,del,rscale     1    3    5.0000    0.4000
parameters
    1.8082   22.8212    2.1290   -9.0091  -12.1967   -8.2688
    2.3280    5.1884   -1.4312    3.6188   -3.0171    1.4009
eta,q 0.94274 43.34543
  0.0579  0.0577  0.0578  0.0588  0.0584  0.0590  0.0579  0.0586  0.0577  0.0579  0.0579  0.0576
  0.0576  0.0575  0.0575  0.0580  0.0579  0.0579  0.0576  0.0579  0.0575  0.0575  0.0575  0.0574
  0.0574  0.0573  0.0573  0.0575  0.0575  0.0574  0.0573  0.0574  0.0573  0.0573  0.0573  0.0573
  0.0573  0.0573  0.0573  0.0573  0.0573  0.0573  0.0573  0.0573  0.0573  0.0573  0.0573  0.0573
  0.0574  0.0574  0.0574  0.0575  0.0573  0.0577  0.0573  0.0575  0.0573  0.0574  0.0573  0.0573
  0.0577  0.0575  0.0576  0.0580  0.0576  0.0586  0.0575  0.0581  0.0575  0.0576  0.0575  0.0574
  0.0581  0.0578  0.0580  0.0588  0.0581  0.0597  0.0578  0.0590  0.0577  0.0581  0.0578  0.0575
registration optimization eta report
parameter search radius
    0.8000    0.8000    1.0580    2.4000    2.4000    2.7600
    2.4000    2.7600    2.4000    2.4000    3.1740    2.4000
100000*second partial in parameter space
      104.       68.       53.       25.       17.       27.
       10.       20.        8.       13.        6.        6.
  0.0579  0.0577  0.0578  0.0588  0.0584  0.0590  0.0579  0.0586  0.0577  0.0579  0.0579  0.0576
  0.0576  0.0575  0.0575  0.0580  0.0579  0.0579  0.0576  0.0579  0.0575  0.0575  0.0575  0.0574
  0.0574  0.0573  0.0573  0.0575  0.0575  0.0574  0.0573  0.0574  0.0573  0.0573  0.0573  0.0573
  0.0573  0.0573  0.0573  0.0573  0.0573  0.0573  0.0573  0.0573  0.0573  0.0573  0.0573  0.0573
  0.0574  0.0574  0.0574  0.0575  0.0573  0.0577  0.0573  0.0575  0.0573  0.0574  0.0573  0.0573
  0.0577  0.0575  0.0576  0.0580  0.0576  0.0586  0.0575  0.0581  0.0575  0.0576  0.0575  0.0574
  0.0581  0.0578  0.0580  0.0588  0.0581  0.0597  0.0578  0.0590  0.0577  0.0581  0.0578  0.0575
    1.8082   22.8212    2.1290   -9.0091  -12.1967   -8.2688
    2.3280    5.1884   -1.4312    3.6188   -3.0171    1.4009
eta,q 0.94274 43.34543

---------------------------------------------------------------------
compute_vox2vox talsrcimg talsrcimg_to_3T18yoSchwartzReactN32_as_orig_t4 /opt/freesurfer/average/3T18yoSchwartzReactN32_as_orig
---------------------------------------------------------------------

freesurfer compute_vox2vox.c
Reading: talsrcimg.4dfp.ifh
Reading: talsrcimg_to_3T18yoSchwartzReactN32_as_orig_t4
Reading: /opt/freesurfer/average/3T18yoSchwartzReactN32_as_orig.4dfp.ifh
Writing: talsrcimg_to_3T18yoSchwartzReactN32_as_orig_t4_vox2vox.txt

start time Wed Oct 11 01:17:58 UTC 2023
end		time Wed Oct 11 01:18:38 UTC 2023

mpr2mni305 success

avi2talxfm orig_nu.mgz /opt/freesurfer/average/mni305.cor.mgz talsrcimg_to_3T18yoSchwartzReactN32_as_orig_t4_vox2vox.txt transforms/talairach.auto.xfm
avi2talxfm done
mv -f /localscratch/bpinsard.41498737.0/freesurfer_crosssectional_autorecon1smriprep_skullstripautorecon2autorecon3_sub06_ses014.job/sub-06_ses-014/mri/talsrcimg_to_3T18yoSchwartzReactN32_as_orig_t4_vox2vox.txt /localscratch/bpinsard.41498737.0/freesurfer_crosssectional_autorecon1smriprep_skullstripautorecon2autorecon3_sub06_ses014.job/sub-06_ses-014/mri/transforms/talsrcimg_to_3T18yoSchwartzReactN32_as_orig_t4_vox2vox.txt
lta_convert --src orig_nu.mgz --trg /opt/freesurfer/average/mni305.cor.mgz --inxfm transforms/talairach.auto.xfm --outlta transforms/talairach.auto.xfm.lta --subject fsaverage
7.4.1

--src: orig_nu.mgz src image (geometry).
--trg: /opt/freesurfer/average/mni305.cor.mgz trg image (geometry).
--inmni: transforms/talairach.auto.xfm input MNI/XFM transform.
--outlta: transforms/talairach.auto.xfm.lta output LTA.
--s: fsaverage subject name
 LTA read, type : 1
 1.09654  -0.06091  -0.02810   0.15062;
 0.03582   1.08883  -0.01832  -30.57828;
 0.01640  -0.04587   1.13920  -8.93172;
 0.00000   0.00000   0.00000   1.00000;
setting subject to fsaverage
Writing  LTA to file transforms/talairach.auto.xfm.lta...
lta_convert successful.
 
 
Started at Wed Oct 11 01:17:57 UTC 2023
Ended   at Wed Oct 11 01:18:39 UTC 2023
talairach_avi done
