Log file for defect2seg
Thu Oct  5 16:47:31 UTC 2023

setenv SUBJECTS_DIR /localscratch/bpinsard.41394488.0/freesurfer_crosssectional_autorecon1smriprep_skullstripautorecon2autorecon3_sub06_ses003.job
cd /localscratch/bpinsard.41394488.0/freesurfer_crosssectional_autorecon1smriprep_skullstripautorecon2autorecon3_sub06_ses003.job/sub-06_ses-003/scripts
/opt/freesurfer/bin/defect2seg --s sub-06_ses-003 --cortex

freesurfer-linux-centos7_x86_64-7.4.1-20230613-7eb8460
defect2seg 7.4.1
Linux bc11946.int.ets1.calculquebec.ca 3.10.0-1160.95.1.el7.x86_64 #1 SMP Mon Jul 24 13:59:37 UTC 2023 x86_64 x86_64 x86_64 GNU/Linux
pid 127178
mri_label2label --label-cortex /localscratch/bpinsard.41394488.0/freesurfer_crosssectional_autorecon1smriprep_skullstripautorecon2autorecon3_sub06_ses003.job/sub-06_ses-003/surf/lh.orig.nofix /localscratch/bpinsard.41394488.0/freesurfer_crosssectional_autorecon1smriprep_skullstripautorecon2autorecon3_sub06_ses003.job/sub-06_ses-003/mri/aseg.presurf.mgz 0 /localscratch/bpinsard.41394488.0/freesurfer_crosssectional_autorecon1smriprep_skullstripautorecon2autorecon3_sub06_ses003.job/sub-06_ses-003/label/lh.nofix.cortex.label

 Generating cortex label... RemoveHipAmgy=0
 NucAccIsMedialWall=0
 mris->useRealRAS=0
31 non-cortical segments detected
only using segment with 10402 vertices
erasing segment 0 (vno[0] = 7123)
erasing segment 1 (vno[0] = 14761)
erasing segment 2 (vno[0] = 14806)
erasing segment 3 (vno[0] = 14828)
erasing segment 4 (vno[0] = 14884)
erasing segment 5 (vno[0] = 43544)
erasing segment 6 (vno[0] = 50284)
erasing segment 7 (vno[0] = 63143)
erasing segment 9 (vno[0] = 64410)
erasing segment 10 (vno[0] = 65610)
erasing segment 11 (vno[0] = 91953)
erasing segment 12 (vno[0] = 91974)
erasing segment 13 (vno[0] = 128252)
erasing segment 14 (vno[0] = 128267)
erasing segment 15 (vno[0] = 128274)
erasing segment 16 (vno[0] = 128359)
erasing segment 17 (vno[0] = 129608)
erasing segment 18 (vno[0] = 129659)
erasing segment 19 (vno[0] = 129670)
erasing segment 20 (vno[0] = 129715)
erasing segment 21 (vno[0] = 129716)
erasing segment 22 (vno[0] = 132302)
erasing segment 23 (vno[0] = 132387)
erasing segment 24 (vno[0] = 132402)
erasing segment 25 (vno[0] = 134907)
erasing segment 26 (vno[0] = 137617)
erasing segment 27 (vno[0] = 145017)
erasing segment 28 (vno[0] = 156922)
erasing segment 29 (vno[0] = 173141)
erasing segment 30 (vno[0] = 180333)
mri_label2vol --defects /localscratch/bpinsard.41394488.0/freesurfer_crosssectional_autorecon1smriprep_skullstripautorecon2autorecon3_sub06_ses003.job/sub-06_ses-003/surf/lh.orig.nofix /localscratch/bpinsard.41394488.0/freesurfer_crosssectional_autorecon1smriprep_skullstripautorecon2autorecon3_sub06_ses003.job/sub-06_ses-003/surf/lh.defect_labels /localscratch/bpinsard.41394488.0/freesurfer_crosssectional_autorecon1smriprep_skullstripautorecon2autorecon3_sub06_ses003.job/sub-06_ses-003/mri/orig.mgz 1000 0 /localscratch/bpinsard.41394488.0/freesurfer_crosssectional_autorecon1smriprep_skullstripautorecon2autorecon3_sub06_ses003.job/sub-06_ses-003/mri/surface.defects.mgz /localscratch/bpinsard.41394488.0/freesurfer_crosssectional_autorecon1smriprep_skullstripautorecon2autorecon3_sub06_ses003.job/sub-06_ses-003/label/lh.nofix.cortex.label
mri_label2vol supposed to be reproducible but seed not set
Contraining to label /localscratch/bpinsard.41394488.0/freesurfer_crosssectional_autorecon1smriprep_skullstripautorecon2autorecon3_sub06_ses003.job/sub-06_ses-003/label/lh.nofix.cortex.label
Changing input type 0 to MRI_INT
Converting defects to volume: offset=1000, merge=0
Writing to /localscratch/bpinsard.41394488.0/freesurfer_crosssectional_autorecon1smriprep_skullstripautorecon2autorecon3_sub06_ses003.job/sub-06_ses-003/mri/surface.defects.mgz
mris_defects_pointset -s /localscratch/bpinsard.41394488.0/freesurfer_crosssectional_autorecon1smriprep_skullstripautorecon2autorecon3_sub06_ses003.job/sub-06_ses-003/surf/lh.orig.nofix -d /localscratch/bpinsard.41394488.0/freesurfer_crosssectional_autorecon1smriprep_skullstripautorecon2autorecon3_sub06_ses003.job/sub-06_ses-003/surf/lh.defect_labels -o /localscratch/bpinsard.41394488.0/freesurfer_crosssectional_autorecon1smriprep_skullstripautorecon2autorecon3_sub06_ses003.job/sub-06_ses-003/surf/lh.defects.pointset --label /localscratch/bpinsard.41394488.0/freesurfer_crosssectional_autorecon1smriprep_skullstripautorecon2autorecon3_sub06_ses003.job/sub-06_ses-003/label/lh.nofix.cortex.label
Reading in surface /localscratch/bpinsard.41394488.0/freesurfer_crosssectional_autorecon1smriprep_skullstripautorecon2autorecon3_sub06_ses003.job/sub-06_ses-003/surf/lh.orig.nofix
Reading in defect segmentation /localscratch/bpinsard.41394488.0/freesurfer_crosssectional_autorecon1smriprep_skullstripautorecon2autorecon3_sub06_ses003.job/sub-06_ses-003/surf/lh.defect_labels
Reading in label /localscratch/bpinsard.41394488.0/freesurfer_crosssectional_autorecon1smriprep_skullstripautorecon2autorecon3_sub06_ses003.job/sub-06_ses-003/label/lh.nofix.cortex.label
#VMPC# mris_defects_pointset 579268
mris_defects_pointset done
mri_label2label --label-cortex /localscratch/bpinsard.41394488.0/freesurfer_crosssectional_autorecon1smriprep_skullstripautorecon2autorecon3_sub06_ses003.job/sub-06_ses-003/surf/rh.orig.nofix /localscratch/bpinsard.41394488.0/freesurfer_crosssectional_autorecon1smriprep_skullstripautorecon2autorecon3_sub06_ses003.job/sub-06_ses-003/mri/aseg.presurf.mgz 0 /localscratch/bpinsard.41394488.0/freesurfer_crosssectional_autorecon1smriprep_skullstripautorecon2autorecon3_sub06_ses003.job/sub-06_ses-003/label/rh.nofix.cortex.label

 Generating cortex label... RemoveHipAmgy=0
 NucAccIsMedialWall=0
 mris->useRealRAS=0
33 non-cortical segments detected
only using segment with 10761 vertices
erasing segment 0 (vno[0] = 35803)
erasing segment 1 (vno[0] = 44821)
erasing segment 2 (vno[0] = 46309)
erasing segment 3 (vno[0] = 49358)
erasing segment 4 (vno[0] = 50388)
erasing segment 5 (vno[0] = 51765)
erasing segment 7 (vno[0] = 70281)
erasing segment 8 (vno[0] = 83321)
erasing segment 9 (vno[0] = 91654)
erasing segment 10 (vno[0] = 92923)
erasing segment 11 (vno[0] = 123471)
erasing segment 12 (vno[0] = 130507)
erasing segment 13 (vno[0] = 133135)
erasing segment 14 (vno[0] = 133137)
erasing segment 15 (vno[0] = 133183)
erasing segment 16 (vno[0] = 133206)
erasing segment 17 (vno[0] = 134712)
erasing segment 18 (vno[0] = 134778)
erasing segment 19 (vno[0] = 134809)
erasing segment 20 (vno[0] = 136002)
erasing segment 21 (vno[0] = 136036)
erasing segment 22 (vno[0] = 136070)
erasing segment 23 (vno[0] = 137383)
erasing segment 24 (vno[0] = 137557)
erasing segment 25 (vno[0] = 138678)
erasing segment 26 (vno[0] = 138690)
erasing segment 27 (vno[0] = 140103)
erasing segment 28 (vno[0] = 140352)
erasing segment 29 (vno[0] = 140369)
erasing segment 30 (vno[0] = 142549)
erasing segment 31 (vno[0] = 146202)
erasing segment 32 (vno[0] = 148703)
mri_label2vol --defects /localscratch/bpinsard.41394488.0/freesurfer_crosssectional_autorecon1smriprep_skullstripautorecon2autorecon3_sub06_ses003.job/sub-06_ses-003/surf/rh.orig.nofix /localscratch/bpinsard.41394488.0/freesurfer_crosssectional_autorecon1smriprep_skullstripautorecon2autorecon3_sub06_ses003.job/sub-06_ses-003/surf/rh.defect_labels /localscratch/bpinsard.41394488.0/freesurfer_crosssectional_autorecon1smriprep_skullstripautorecon2autorecon3_sub06_ses003.job/sub-06_ses-003/mri/surface.defects.mgz 2000 1 /localscratch/bpinsard.41394488.0/freesurfer_crosssectional_autorecon1smriprep_skullstripautorecon2autorecon3_sub06_ses003.job/sub-06_ses-003/mri/surface.defects.mgz /localscratch/bpinsard.41394488.0/freesurfer_crosssectional_autorecon1smriprep_skullstripautorecon2autorecon3_sub06_ses003.job/sub-06_ses-003/label/rh.nofix.cortex.label
mri_label2vol supposed to be reproducible but seed not set
Contraining to label /localscratch/bpinsard.41394488.0/freesurfer_crosssectional_autorecon1smriprep_skullstripautorecon2autorecon3_sub06_ses003.job/sub-06_ses-003/label/rh.nofix.cortex.label
Converting defects to volume: offset=2000, merge=1
Writing to /localscratch/bpinsard.41394488.0/freesurfer_crosssectional_autorecon1smriprep_skullstripautorecon2autorecon3_sub06_ses003.job/sub-06_ses-003/mri/surface.defects.mgz
mris_defects_pointset -s /localscratch/bpinsard.41394488.0/freesurfer_crosssectional_autorecon1smriprep_skullstripautorecon2autorecon3_sub06_ses003.job/sub-06_ses-003/surf/rh.orig.nofix -d /localscratch/bpinsard.41394488.0/freesurfer_crosssectional_autorecon1smriprep_skullstripautorecon2autorecon3_sub06_ses003.job/sub-06_ses-003/surf/rh.defect_labels -o /localscratch/bpinsard.41394488.0/freesurfer_crosssectional_autorecon1smriprep_skullstripautorecon2autorecon3_sub06_ses003.job/sub-06_ses-003/surf/rh.defects.pointset --label /localscratch/bpinsard.41394488.0/freesurfer_crosssectional_autorecon1smriprep_skullstripautorecon2autorecon3_sub06_ses003.job/sub-06_ses-003/label/rh.nofix.cortex.label
Reading in surface /localscratch/bpinsard.41394488.0/freesurfer_crosssectional_autorecon1smriprep_skullstripautorecon2autorecon3_sub06_ses003.job/sub-06_ses-003/surf/rh.orig.nofix
Reading in defect segmentation /localscratch/bpinsard.41394488.0/freesurfer_crosssectional_autorecon1smriprep_skullstripautorecon2autorecon3_sub06_ses003.job/sub-06_ses-003/surf/rh.defect_labels
Reading in label /localscratch/bpinsard.41394488.0/freesurfer_crosssectional_autorecon1smriprep_skullstripautorecon2autorecon3_sub06_ses003.job/sub-06_ses-003/label/rh.nofix.cortex.label
#VMPC# mris_defects_pointset 584332
mris_defects_pointset done
 
Started at Thu Oct 5 16:47:31 UTC 2023 
Ended   at Thu Oct  5 16:48:45 UTC 2023
Defect2seg-Run-Time-Sec 74
Defect2seg-Run-Time-Min 1.48
Defect2seg-Run-Time-Hours 0.02
 
defect2seg Done
