status file for recon-all
Thu Oct  5 12:29:06 UTC 2023
#@# MotionCor Thu Oct  5 12:29:12 UTC 2023
#@# Talairach Thu Oct  5 12:29:25 UTC 2023
#@# Talairach Failure Detection Thu Oct  5 12:38:49 UTC 2023
#@# Nu Intensity Correction Thu Oct  5 12:38:49 UTC 2023
#@# Intensity Normalization Thu Oct  5 12:48:18 UTC 2023
#@# Skull Stripping Thu Oct  5 12:54:37 UTC 2023
recon-all -s sub-06_ses-003 finished without error at Thu Oct  5 12:59:27 UTC 2023



#New# invocation of recon-all 



status file for recon-all
Thu Oct  5 13:25:04 UTC 2023
#@# EM Registration Thu Oct  5 13:25:04 UTC 2023
#@# CA Normalize Thu Oct  5 13:30:07 UTC 2023
#@# CA Reg Thu Oct  5 13:33:30 UTC 2023
#@# SubCort Seg Thu Oct  5 14:47:37 UTC 2023
#@# CC Seg Thu Oct  5 16:18:09 UTC 2023
#@# Merge ASeg Thu Oct  5 16:20:13 UTC 2023
#@# Intensity Normalization2 Thu Oct  5 16:20:13 UTC 2023
#@# Mask BFS Thu Oct  5 16:27:45 UTC 2023
#@# WM Segmentation Thu Oct  5 16:27:47 UTC 2023
#@# Fill Thu Oct  5 16:35:13 UTC 2023
#@# Tessellate lh Thu Oct  5 16:38:00 UTC 2023
#@# Tessellate rh Thu Oct  5 16:38:09 UTC 2023
#@# Smooth1 lh Thu Oct  5 16:38:18 UTC 2023
#@# Smooth1 rh Thu Oct  5 16:38:23 UTC 2023
#@# Inflation1 lh Thu Oct  5 16:38:29 UTC 2023
#@# Inflation1 rh Thu Oct  5 16:38:51 UTC 2023
#@# QSphere lh Thu Oct  5 16:39:14 UTC 2023
#@# QSphere rh Thu Oct  5 16:41:32 UTC 2023
#@# Fix Topology lh Thu Oct  5 16:43:46 UTC 2023
#@# Fix Topology rh Thu Oct  5 16:44:42 UTC 2023
#@# Smooth2 lh Thu Oct  5 17:02:36 UTC 2023
#@# Smooth2 rh Thu Oct  5 17:02:42 UTC 2023
#@# Inflation2 lh Thu Oct  5 17:02:48 UTC 2023
#@# Inflation2 rh Thu Oct  5 17:03:12 UTC 2023
#@# Curv .H and .K lh Thu Oct  5 17:03:39 UTC 2023
#@# Curv .H and .K rh Thu Oct  5 17:05:20 UTC 2023
recon-all -s sub-06_ses-003 finished without error at Thu Oct  5 17:07:05 UTC 2023
