status file for recon-all
Thu Oct  5 12:12:45 UTC 2023
#@# MotionCor Thu Oct  5 12:12:52 UTC 2023
#@# Talairach Thu Oct  5 12:13:05 UTC 2023
#@# Talairach Failure Detection Thu Oct  5 12:22:29 UTC 2023
#@# Nu Intensity Correction Thu Oct  5 12:22:30 UTC 2023
#@# Intensity Normalization Thu Oct  5 12:31:58 UTC 2023
#@# Skull Stripping Thu Oct  5 12:39:08 UTC 2023
recon-all -s sub-03_ses-012 finished without error at Thu Oct  5 12:44:02 UTC 2023



#New# invocation of recon-all 



status file for recon-all
Thu Oct  5 13:08:53 UTC 2023
#@# EM Registration Thu Oct  5 13:08:54 UTC 2023
#@# CA Normalize Thu Oct  5 13:13:03 UTC 2023
#@# CA Reg Thu Oct  5 13:16:34 UTC 2023
#@# SubCort Seg Thu Oct  5 14:28:40 UTC 2023
#@# CC Seg Thu Oct  5 16:13:22 UTC 2023
#@# Merge ASeg Thu Oct  5 16:14:54 UTC 2023
#@# Intensity Normalization2 Thu Oct  5 16:14:54 UTC 2023
#@# Mask BFS Thu Oct  5 16:23:15 UTC 2023
#@# WM Segmentation Thu Oct  5 16:23:17 UTC 2023
#@# Fill Thu Oct  5 16:31:18 UTC 2023
#@# Tessellate lh Thu Oct  5 16:33:48 UTC 2023
#@# Tessellate rh Thu Oct  5 16:33:56 UTC 2023
#@# Smooth1 lh Thu Oct  5 16:34:05 UTC 2023
#@# Smooth1 rh Thu Oct  5 16:34:11 UTC 2023
#@# Inflation1 lh Thu Oct  5 16:34:17 UTC 2023
#@# Inflation1 rh Thu Oct  5 16:34:48 UTC 2023
#@# QSphere lh Thu Oct  5 16:35:20 UTC 2023
#@# QSphere rh Thu Oct  5 16:37:52 UTC 2023
#@# Fix Topology lh Thu Oct  5 16:40:30 UTC 2023
#@# Fix Topology rh Thu Oct  5 16:42:22 UTC 2023
#@# Smooth2 lh Thu Oct  5 17:04:35 UTC 2023
#@# Smooth2 rh Thu Oct  5 17:04:41 UTC 2023
#@# Inflation2 lh Thu Oct  5 17:04:48 UTC 2023
#@# Inflation2 rh Thu Oct  5 17:05:26 UTC 2023
#@# Curv .H and .K lh Thu Oct  5 17:06:04 UTC 2023
#@# Curv .H and .K rh Thu Oct  5 17:08:00 UTC 2023
recon-all -s sub-03_ses-012 finished without error at Thu Oct  5 17:09:58 UTC 2023
