Log file for rca-base-init
Tue Oct 10 19:39:58 UTC 2023

setenv SUBJECTS_DIR /localscratch/bpinsard.41493768.0/freesurfer_template_autoreconall_sub04.job
cd /localscratch/bpinsard.41493768.0/freesurfer_template_autoreconall_sub04.job/sub-04
/opt/freesurfer/bin/rca-base-init -base sub-04 -tp sub-04_ses-004 -tp sub-04_ses-002 -tp sub-04_ses-003 -tp sub-04_ses-005 -tp sub-04_ses-001 -log /localscratch/bpinsard.41493768.0/freesurfer_template_autoreconall_sub04.job/sub-04/scripts/recon-all.log -cf /localscratch/bpinsard.41493768.0/freesurfer_template_autoreconall_sub04.job/sub-04/scripts/recon-all.cmd -sf /localscratch/bpinsard.41493768.0/freesurfer_template_autoreconall_sub04.job/sub-04/scripts/recon-all-status.log

freesurfer-linux-centos7_x86_64-7.4.1-20230613-7eb8460
rca-base-init 7.4.1
Linux bc11221.int.ets1.calculquebec.ca 3.10.0-1160.90.1.el7.x86_64 #1 SMP Thu May 4 15:21:22 UTC 2023 x86_64 x86_64 x86_64 GNU/Linux
pid 96875
#@# Longitudinal Base Subject Creation Tue Oct 10 19:39:58 UTC 2023
/localscratch/bpinsard.41493768.0/freesurfer_template_autoreconall_sub04.job/sub-04

 mri_diff --notallow-pix --notallow-geo /localscratch/bpinsard.41493768.0/freesurfer_template_autoreconall_sub04.job/sub-04_ses-002/mri/rawavg.mgz /localscratch/bpinsard.41493768.0/freesurfer_template_autoreconall_sub04.job/sub-04_ses-004/mri/rawavg.mgz 


 mri_diff --notallow-pix --notallow-geo /localscratch/bpinsard.41493768.0/freesurfer_template_autoreconall_sub04.job/sub-04_ses-003/mri/rawavg.mgz /localscratch/bpinsard.41493768.0/freesurfer_template_autoreconall_sub04.job/sub-04_ses-004/mri/rawavg.mgz 

Volumes differ in resolution
v1res 0.799995 0.800000 0.800000
v2res 0.800003 0.800000 0.800000
diff -0.000008 0.000000 0.000000

 mri_diff --notallow-pix --notallow-geo /localscratch/bpinsard.41493768.0/freesurfer_template_autoreconall_sub04.job/sub-04_ses-005/mri/rawavg.mgz /localscratch/bpinsard.41493768.0/freesurfer_template_autoreconall_sub04.job/sub-04_ses-004/mri/rawavg.mgz 

Volumes differ in resolution
v1res 0.800002 0.800000 0.800000
v2res 0.800003 0.800000 0.800000
diff -0.000001 0.000000 0.000000

 mri_diff --notallow-pix --notallow-geo /localscratch/bpinsard.41493768.0/freesurfer_template_autoreconall_sub04.job/sub-04_ses-001/mri/rawavg.mgz /localscratch/bpinsard.41493768.0/freesurfer_template_autoreconall_sub04.job/sub-04_ses-004/mri/rawavg.mgz 

Volumes differ in resolution
v1res 0.800006 0.800000 0.800000
v2res 0.800003 0.800000 0.800000
diff 0.000003 0.000000 0.000000

*******************************************************************************
WARNING: Image parameters differ across time, maybe due to aquisition changes?
         Consistent changes in, e.g., resolution can potentially bias a 
         longitudinal study! You can check image parameters by running mri_info
         on each input image. Will continue in 10 seconds ...
*******************************************************************************


 mri_robust_template --mov /localscratch/bpinsard.41493768.0/freesurfer_template_autoreconall_sub04.job/sub-04_ses-004/mri/norm.mgz /localscratch/bpinsard.41493768.0/freesurfer_template_autoreconall_sub04.job/sub-04_ses-002/mri/norm.mgz /localscratch/bpinsard.41493768.0/freesurfer_template_autoreconall_sub04.job/sub-04_ses-003/mri/norm.mgz /localscratch/bpinsard.41493768.0/freesurfer_template_autoreconall_sub04.job/sub-04_ses-005/mri/norm.mgz /localscratch/bpinsard.41493768.0/freesurfer_template_autoreconall_sub04.job/sub-04_ses-001/mri/norm.mgz --lta /localscratch/bpinsard.41493768.0/freesurfer_template_autoreconall_sub04.job/sub-04/mri/transforms/sub-04_ses-004_to_sub-04.lta /localscratch/bpinsard.41493768.0/freesurfer_template_autoreconall_sub04.job/sub-04/mri/transforms/sub-04_ses-002_to_sub-04.lta /localscratch/bpinsard.41493768.0/freesurfer_template_autoreconall_sub04.job/sub-04/mri/transforms/sub-04_ses-003_to_sub-04.lta /localscratch/bpinsard.41493768.0/freesurfer_template_autoreconall_sub04.job/sub-04/mri/transforms/sub-04_ses-005_to_sub-04.lta /localscratch/bpinsard.41493768.0/freesurfer_template_autoreconall_sub04.job/sub-04/mri/transforms/sub-04_ses-001_to_sub-04.lta --template /localscratch/bpinsard.41493768.0/freesurfer_template_autoreconall_sub04.job/sub-04/mri/norm_template.mgz --average 1 --sat 4.685 

7.4.1

--mov: Using /localscratch/bpinsard.41493768.0/freesurfer_template_autoreconall_sub04.job/sub-04_ses-004/mri/norm.mgz as movable/source volume.
--mov: Using /localscratch/bpinsard.41493768.0/freesurfer_template_autoreconall_sub04.job/sub-04_ses-002/mri/norm.mgz as movable/source volume.
--mov: Using /localscratch/bpinsard.41493768.0/freesurfer_template_autoreconall_sub04.job/sub-04_ses-003/mri/norm.mgz as movable/source volume.
--mov: Using /localscratch/bpinsard.41493768.0/freesurfer_template_autoreconall_sub04.job/sub-04_ses-005/mri/norm.mgz as movable/source volume.
--mov: Using /localscratch/bpinsard.41493768.0/freesurfer_template_autoreconall_sub04.job/sub-04_ses-001/mri/norm.mgz as movable/source volume.
    Total: 5 input volumes
--lta: Will output LTA transforms
--template: Using /localscratch/bpinsard.41493768.0/freesurfer_template_autoreconall_sub04.job/sub-04/mri/norm_template.mgz as template output volume.
--average: Using method 1 for template computation.
--sat: Using saturation 4.685 in M-estimator!
reading source '/localscratch/bpinsard.41493768.0/freesurfer_template_autoreconall_sub04.job/sub-04_ses-004/mri/norm.mgz'...
converting source '/localscratch/bpinsard.41493768.0/freesurfer_template_autoreconall_sub04.job/sub-04_ses-004/mri/norm.mgz' to bspline ...
MRItoBSpline degree 3
reading source '/localscratch/bpinsard.41493768.0/freesurfer_template_autoreconall_sub04.job/sub-04_ses-002/mri/norm.mgz'...
converting source '/localscratch/bpinsard.41493768.0/freesurfer_template_autoreconall_sub04.job/sub-04_ses-002/mri/norm.mgz' to bspline ...
MRItoBSpline degree 3
reading source '/localscratch/bpinsard.41493768.0/freesurfer_template_autoreconall_sub04.job/sub-04_ses-003/mri/norm.mgz'...
converting source '/localscratch/bpinsard.41493768.0/freesurfer_template_autoreconall_sub04.job/sub-04_ses-003/mri/norm.mgz' to bspline ...
MRItoBSpline degree 3
reading source '/localscratch/bpinsard.41493768.0/freesurfer_template_autoreconall_sub04.job/sub-04_ses-005/mri/norm.mgz'...
converting source '/localscratch/bpinsard.41493768.0/freesurfer_template_autoreconall_sub04.job/sub-04_ses-005/mri/norm.mgz' to bspline ...
MRItoBSpline degree 3
reading source '/localscratch/bpinsard.41493768.0/freesurfer_template_autoreconall_sub04.job/sub-04_ses-001/mri/norm.mgz'...
converting source '/localscratch/bpinsard.41493768.0/freesurfer_template_autoreconall_sub04.job/sub-04_ses-001/mri/norm.mgz' to bspline ...
MRItoBSpline degree 3
Will use TP 2 as random initial target (seed 15874 ).

MultiRegistration::initializing Xforms (init 2 , maxres 0 , iterate 5 , epsit 0.01 ) : 

[init] ========================= TP 1 to TP 2 ==============================
         Register TP 1 ( /localscratch/bpinsard.41493768.0/freesurfer_template_autoreconall_sub04.job/sub-04_ses-004/mri/norm.mgz )
          to      TP 2 ( /localscratch/bpinsard.41493768.0/freesurfer_template_autoreconall_sub04.job/sub-04_ses-002/mri/norm.mgz )


[init] ========================= TP 4 to TP 2 ==============================
         Register TP 4 ( /localscratch/bpinsard.41493768.0/freesurfer_template_autoreconall_sub04.job/sub-04_ses-005/mri/norm.mgz )
          to      TP 2 ( /localscratch/bpinsard.41493768.0/freesurfer_template_autoreconall_sub04.job/sub-04_ses-002/mri/norm.mgz )


[init] ========================= TP 5 to TP 2 ==============================
         Register TP 5 ( /localscratch/bpinsard.41493768.0/freesurfer_template_autoreconall_sub04.job/sub-04_ses-001/mri/norm.mgz )
          to      TP 2 ( /localscratch/bpinsard.41493768.0/freesurfer_template_autoreconall_sub04.job/sub-04_ses-002/mri/norm.mgz )


[init] ========================= TP 3 to TP 2 ==============================
         Register TP 3 ( /localscratch/bpinsard.41493768.0/freesurfer_template_autoreconall_sub04.job/sub-04_ses-003/mri/norm.mgz )
          to      TP 2 ( /localscratch/bpinsard.41493768.0/freesurfer_template_autoreconall_sub04.job/sub-04_ses-002/mri/norm.mgz )

Input rotation's max deviation from rotation is: 2.00467e-05
 Cosines of input transforms not identical !
 Cosines of input transforms not identical !
 Cosines of input transforms not identical !
 Cosines of input transforms not identical !
 Cosines of input transforms not identical !
 Cosines of input transforms not identical !
 Cosines of input transforms not identical !
 Cosines of input transforms not identical !
  computing mean coord of TP 2 ( /localscratch/bpinsard.41493768.0/freesurfer_template_autoreconall_sub04.job/sub-04_ses-002/mri/norm.mgz ) 
   mapping back to rot, err = 2.22045e-16
  computing mean coord of TP 1 ( /localscratch/bpinsard.41493768.0/freesurfer_template_autoreconall_sub04.job/sub-04_ses-004/mri/norm.mgz ) 
   mapping back to rot, err = 7.17799e-08
  computing mean coord of TP 3 ( /localscratch/bpinsard.41493768.0/freesurfer_template_autoreconall_sub04.job/sub-04_ses-003/mri/norm.mgz ) 
   mapping back to rot, err = 1.00235e-05
  computing mean coord of TP 4 ( /localscratch/bpinsard.41493768.0/freesurfer_template_autoreconall_sub04.job/sub-04_ses-005/mri/norm.mgz ) 
   mapping back to rot, err = 3.87469e-07
  computing mean coord of TP 5 ( /localscratch/bpinsard.41493768.0/freesurfer_template_autoreconall_sub04.job/sub-04_ses-001/mri/norm.mgz ) 
   mapping back to rot, err = 1.65432e-07

Computing first template
mapping movs and creating initial template...
 using median 
       -- Template : (0.8, 0.8, 0.8)mm and (320, 320, 320) voxels.

=======================================================

Working on global iteration : 1

=======================================================
  noxformits = 3

Working on TP 2


Working on TP 1


Working on TP 4


Working on TP 3

 - running multi-resolutional registration on TP 1...
 - running multi-resolutional registration on TP 4...
 - running multi-resolutional registration on TP 3...
 - running multi-resolutional registration on TP 2...
   tp 1 distance: 0.0122966
   tp 4 distance: 0.00696935
   tp 3 distance: 0.0111932
 - mapping tp 1 to template (cubic bspline) ...
 - mapping tp 4 to template (cubic bspline) ...
 - mapping tp 3 to template (cubic bspline) ...
   tp 2 distance: 0.00370857
 - mapping tp 2 to template (cubic bspline) ...

Finished TP : 4

=====================================================

Finished TP : 1

=====================================================

Working on TP 5


Finished TP : 2

=====================================================

Finished TP : 3

=====================================================
 - running multi-resolutional registration on TP 5...
   tp 5 distance: 0.00901936
 - mapping tp 5 to template (cubic bspline) ...

Finished TP : 5

=====================================================

Global Iteration 1 Distances: 
0.0122966 0.00370857 0.0111932 0.00696935 0.00901936 
Maxchange: 0.0122966

Computing new template 1
 using median 
       -- Template : (0.8, 0.8, 0.8)mm and (320, 320, 320) voxels.
 DONE : computeTemplate 
Writing final template: /localscratch/bpinsard.41493768.0/freesurfer_template_autoreconall_sub04.job/sub-04/mri/norm_template.mgz
Writing final transforms (warps etc.)...
 Determinant( lta[ 0 ]) : 1

 Determinant( lta[ 1 ]) : 1

 Determinant( lta[ 2 ]) : 0.999983

 Determinant( lta[ 3 ]) : 1

 Determinant( lta[ 4 ]) : 1

registration took 8 minutes and 26 seconds.

 Thank you for using RobustTemplate! 
 If you find it useful and use it for a publication, please cite: 

 Within-Subject Template Estimation for Unbiased Longitudinal Image Analysis
 M. Reuter, N.J. Schmansky, H.D. Rosas, B. Fischl. NeuroImage 2012.
 http://dx.doi.org/10.1016/j.neuroimage.2012.02.084
 http://reuter.mit.edu/papers/reuter-long12.pdf


 mri_robust_template --mov /localscratch/bpinsard.41493768.0/freesurfer_template_autoreconall_sub04.job/sub-04_ses-004/mri/orig.mgz /localscratch/bpinsard.41493768.0/freesurfer_template_autoreconall_sub04.job/sub-04_ses-002/mri/orig.mgz /localscratch/bpinsard.41493768.0/freesurfer_template_autoreconall_sub04.job/sub-04_ses-003/mri/orig.mgz /localscratch/bpinsard.41493768.0/freesurfer_template_autoreconall_sub04.job/sub-04_ses-005/mri/orig.mgz /localscratch/bpinsard.41493768.0/freesurfer_template_autoreconall_sub04.job/sub-04_ses-001/mri/orig.mgz --average 1 --ixforms /localscratch/bpinsard.41493768.0/freesurfer_template_autoreconall_sub04.job/sub-04/mri/transforms/sub-04_ses-004_to_sub-04.lta /localscratch/bpinsard.41493768.0/freesurfer_template_autoreconall_sub04.job/sub-04/mri/transforms/sub-04_ses-002_to_sub-04.lta /localscratch/bpinsard.41493768.0/freesurfer_template_autoreconall_sub04.job/sub-04/mri/transforms/sub-04_ses-003_to_sub-04.lta /localscratch/bpinsard.41493768.0/freesurfer_template_autoreconall_sub04.job/sub-04/mri/transforms/sub-04_ses-005_to_sub-04.lta /localscratch/bpinsard.41493768.0/freesurfer_template_autoreconall_sub04.job/sub-04/mri/transforms/sub-04_ses-001_to_sub-04.lta --noit --template /localscratch/bpinsard.41493768.0/freesurfer_template_autoreconall_sub04.job/sub-04/mri/orig.mgz 

7.4.1

--mov: Using /localscratch/bpinsard.41493768.0/freesurfer_template_autoreconall_sub04.job/sub-04_ses-004/mri/orig.mgz as movable/source volume.
--mov: Using /localscratch/bpinsard.41493768.0/freesurfer_template_autoreconall_sub04.job/sub-04_ses-002/mri/orig.mgz as movable/source volume.
--mov: Using /localscratch/bpinsard.41493768.0/freesurfer_template_autoreconall_sub04.job/sub-04_ses-003/mri/orig.mgz as movable/source volume.
--mov: Using /localscratch/bpinsard.41493768.0/freesurfer_template_autoreconall_sub04.job/sub-04_ses-005/mri/orig.mgz as movable/source volume.
--mov: Using /localscratch/bpinsard.41493768.0/freesurfer_template_autoreconall_sub04.job/sub-04_ses-001/mri/orig.mgz as movable/source volume.
    Total: 5 input volumes
--average: Using method 1 for template computation.
--ixforms: Will use init XFORMS.
--noit: Will output only first template (no iterations)!
--template: Using /localscratch/bpinsard.41493768.0/freesurfer_template_autoreconall_sub04.job/sub-04/mri/orig.mgz as template output volume.
reading source '/localscratch/bpinsard.41493768.0/freesurfer_template_autoreconall_sub04.job/sub-04_ses-004/mri/orig.mgz'...
converting source '/localscratch/bpinsard.41493768.0/freesurfer_template_autoreconall_sub04.job/sub-04_ses-004/mri/orig.mgz' to bspline ...
MRItoBSpline degree 3
reading source '/localscratch/bpinsard.41493768.0/freesurfer_template_autoreconall_sub04.job/sub-04_ses-002/mri/orig.mgz'...
converting source '/localscratch/bpinsard.41493768.0/freesurfer_template_autoreconall_sub04.job/sub-04_ses-002/mri/orig.mgz' to bspline ...
MRItoBSpline degree 3
reading source '/localscratch/bpinsard.41493768.0/freesurfer_template_autoreconall_sub04.job/sub-04_ses-003/mri/orig.mgz'...
converting source '/localscratch/bpinsard.41493768.0/freesurfer_template_autoreconall_sub04.job/sub-04_ses-003/mri/orig.mgz' to bspline ...
MRItoBSpline degree 3
reading source '/localscratch/bpinsard.41493768.0/freesurfer_template_autoreconall_sub04.job/sub-04_ses-005/mri/orig.mgz'...
converting source '/localscratch/bpinsard.41493768.0/freesurfer_template_autoreconall_sub04.job/sub-04_ses-005/mri/orig.mgz' to bspline ...
MRItoBSpline degree 3
reading source '/localscratch/bpinsard.41493768.0/freesurfer_template_autoreconall_sub04.job/sub-04_ses-001/mri/orig.mgz'...
converting source '/localscratch/bpinsard.41493768.0/freesurfer_template_autoreconall_sub04.job/sub-04_ses-001/mri/orig.mgz' to bspline ...
MRItoBSpline degree 3
mapping movs and creating initial template...
 using median 
       -- Template : (0.8, 0.8, 0.8)mm and (320, 320, 320) voxels.
Writing final template: /localscratch/bpinsard.41493768.0/freesurfer_template_autoreconall_sub04.job/sub-04/mri/orig.mgz
Writing final transforms (warps etc.)...
registration took 1 minutes and 40 seconds.

 Thank you for using RobustTemplate! 
 If you find it useful and use it for a publication, please cite: 

 Within-Subject Template Estimation for Unbiased Longitudinal Image Analysis
 M. Reuter, N.J. Schmansky, H.D. Rosas, B. Fischl. NeuroImage 2012.
 http://dx.doi.org/10.1016/j.neuroimage.2012.02.084
 http://reuter.mit.edu/papers/reuter-long12.pdf


 mri_concatenate_lta -invert1 sub-04_ses-004_to_sub-04.lta identity.nofile sub-04_to_sub-04_ses-004.lta 

invert the first LTA before applying it 
Read individual LTAs
Writing  LTA to file sub-04_to_sub-04_ses-004.lta...
mri_concatenate_lta successful.

 mri_concatenate_lta -invert1 sub-04_ses-002_to_sub-04.lta identity.nofile sub-04_to_sub-04_ses-002.lta 

invert the first LTA before applying it 
Read individual LTAs
Writing  LTA to file sub-04_to_sub-04_ses-002.lta...
mri_concatenate_lta successful.

 mri_concatenate_lta -invert1 sub-04_ses-003_to_sub-04.lta identity.nofile sub-04_to_sub-04_ses-003.lta 

invert the first LTA before applying it 
Read individual LTAs
Writing  LTA to file sub-04_to_sub-04_ses-003.lta...
mri_concatenate_lta successful.

 mri_concatenate_lta -invert1 sub-04_ses-005_to_sub-04.lta identity.nofile sub-04_to_sub-04_ses-005.lta 

invert the first LTA before applying it 
Read individual LTAs
Writing  LTA to file sub-04_to_sub-04_ses-005.lta...
mri_concatenate_lta successful.

 mri_concatenate_lta -invert1 sub-04_ses-001_to_sub-04.lta identity.nofile sub-04_to_sub-04_ses-001.lta 

invert the first LTA before applying it 
Read individual LTAs
Writing  LTA to file sub-04_to_sub-04_ses-001.lta...
mri_concatenate_lta successful.
Preparing for skull stripping

 mri_robust_template --mov /localscratch/bpinsard.41493768.0/freesurfer_template_autoreconall_sub04.job/sub-04_ses-004/mri/brainmask.mgz /localscratch/bpinsard.41493768.0/freesurfer_template_autoreconall_sub04.job/sub-04_ses-002/mri/brainmask.mgz /localscratch/bpinsard.41493768.0/freesurfer_template_autoreconall_sub04.job/sub-04_ses-003/mri/brainmask.mgz /localscratch/bpinsard.41493768.0/freesurfer_template_autoreconall_sub04.job/sub-04_ses-005/mri/brainmask.mgz /localscratch/bpinsard.41493768.0/freesurfer_template_autoreconall_sub04.job/sub-04_ses-001/mri/brainmask.mgz --average 0 --ixforms /localscratch/bpinsard.41493768.0/freesurfer_template_autoreconall_sub04.job/sub-04/mri/transforms/sub-04_ses-004_to_sub-04.lta /localscratch/bpinsard.41493768.0/freesurfer_template_autoreconall_sub04.job/sub-04/mri/transforms/sub-04_ses-002_to_sub-04.lta /localscratch/bpinsard.41493768.0/freesurfer_template_autoreconall_sub04.job/sub-04/mri/transforms/sub-04_ses-003_to_sub-04.lta /localscratch/bpinsard.41493768.0/freesurfer_template_autoreconall_sub04.job/sub-04/mri/transforms/sub-04_ses-005_to_sub-04.lta /localscratch/bpinsard.41493768.0/freesurfer_template_autoreconall_sub04.job/sub-04/mri/transforms/sub-04_ses-001_to_sub-04.lta --noit --finalnearest --template /localscratch/bpinsard.41493768.0/freesurfer_template_autoreconall_sub04.job/sub-04/mri/brainmask_template.mgz 

7.4.1

--mov: Using /localscratch/bpinsard.41493768.0/freesurfer_template_autoreconall_sub04.job/sub-04_ses-004/mri/brainmask.mgz as movable/source volume.
--mov: Using /localscratch/bpinsard.41493768.0/freesurfer_template_autoreconall_sub04.job/sub-04_ses-002/mri/brainmask.mgz as movable/source volume.
--mov: Using /localscratch/bpinsard.41493768.0/freesurfer_template_autoreconall_sub04.job/sub-04_ses-003/mri/brainmask.mgz as movable/source volume.
--mov: Using /localscratch/bpinsard.41493768.0/freesurfer_template_autoreconall_sub04.job/sub-04_ses-005/mri/brainmask.mgz as movable/source volume.
--mov: Using /localscratch/bpinsard.41493768.0/freesurfer_template_autoreconall_sub04.job/sub-04_ses-001/mri/brainmask.mgz as movable/source volume.
    Total: 5 input volumes
--average: Using method 0 for template computation.
--ixforms: Will use init XFORMS.
--noit: Will output only first template (no iterations)!
--finalnearest: Use nearest neighbor interpolation for final average!
--template: Using /localscratch/bpinsard.41493768.0/freesurfer_template_autoreconall_sub04.job/sub-04/mri/brainmask_template.mgz as template output volume.
reading source '/localscratch/bpinsard.41493768.0/freesurfer_template_autoreconall_sub04.job/sub-04_ses-004/mri/brainmask.mgz'...
converting source '/localscratch/bpinsard.41493768.0/freesurfer_template_autoreconall_sub04.job/sub-04_ses-004/mri/brainmask.mgz' to bspline ...
MRItoBSpline degree 3
reading source '/localscratch/bpinsard.41493768.0/freesurfer_template_autoreconall_sub04.job/sub-04_ses-002/mri/brainmask.mgz'...
converting source '/localscratch/bpinsard.41493768.0/freesurfer_template_autoreconall_sub04.job/sub-04_ses-002/mri/brainmask.mgz' to bspline ...
MRItoBSpline degree 3
reading source '/localscratch/bpinsard.41493768.0/freesurfer_template_autoreconall_sub04.job/sub-04_ses-003/mri/brainmask.mgz'...
converting source '/localscratch/bpinsard.41493768.0/freesurfer_template_autoreconall_sub04.job/sub-04_ses-003/mri/brainmask.mgz' to bspline ...
MRItoBSpline degree 3
reading source '/localscratch/bpinsard.41493768.0/freesurfer_template_autoreconall_sub04.job/sub-04_ses-005/mri/brainmask.mgz'...
converting source '/localscratch/bpinsard.41493768.0/freesurfer_template_autoreconall_sub04.job/sub-04_ses-005/mri/brainmask.mgz' to bspline ...
MRItoBSpline degree 3
reading source '/localscratch/bpinsard.41493768.0/freesurfer_template_autoreconall_sub04.job/sub-04_ses-001/mri/brainmask.mgz'...
converting source '/localscratch/bpinsard.41493768.0/freesurfer_template_autoreconall_sub04.job/sub-04_ses-001/mri/brainmask.mgz' to bspline ...
MRItoBSpline degree 3
mapping movs and creating initial template...
    using mean
       -- Template : (0.8, 0.8, 0.8)mm and (320, 320, 320) voxels.
Writing final template: /localscratch/bpinsard.41493768.0/freesurfer_template_autoreconall_sub04.job/sub-04/mri/brainmask_template.mgz
Writing final transforms (warps etc.)...
registration took 0 minutes and 42 seconds.

 Thank you for using RobustTemplate! 
 If you find it useful and use it for a publication, please cite: 

 Within-Subject Template Estimation for Unbiased Longitudinal Image Analysis
 M. Reuter, N.J. Schmansky, H.D. Rosas, B. Fischl. NeuroImage 2012.
 http://dx.doi.org/10.1016/j.neuroimage.2012.02.084
 http://reuter.mit.edu/papers/reuter-long12.pdf

