status file for recon-all
Tue Oct 10 19:39:58 UTC 2023
#@# Longitudinal Base Subject Creation Tue Oct 10 19:39:58 UTC 2023
#@# Longitudinal Base Subject Creation Tue Oct 10 19:39:58 UTC 2023
#@# MotionCor Tue Oct 10 19:51:04 UTC 2023
#@# Talairach Tue Oct 10 19:51:04 UTC 2023
#@# Talairach Failure Detection Tue Oct 10 20:00:38 UTC 2023
#@# Nu Intensity Correction Tue Oct 10 20:00:39 UTC 2023
#@# Intensity Normalization Tue Oct 10 20:10:17 UTC 2023
#@# Skull Stripping Tue Oct 10 20:17:37 UTC 2023
#@# EM Registration Tue Oct 10 20:17:44 UTC 2023
#@# CA Normalize Tue Oct 10 20:22:37 UTC 2023
#@# CA Reg Tue Oct 10 20:25:45 UTC 2023
#@# SubCort Seg Tue Oct 10 21:55:38 UTC 2023
#@# CC Seg Tue Oct 10 23:32:10 UTC 2023
#@# Merge ASeg Tue Oct 10 23:34:21 UTC 2023
#@# Intensity Normalization2 Tue Oct 10 23:34:21 UTC 2023
#@# Mask BFS Tue Oct 10 23:41:40 UTC 2023
#@# WM Segmentation Tue Oct 10 23:41:43 UTC 2023
#@# Fill Tue Oct 10 23:49:40 UTC 2023
#@# Tessellate lh Tue Oct 10 23:52:52 UTC 2023
#@# Tessellate rh Tue Oct 10 23:53:01 UTC 2023
#@# Smooth1 lh Tue Oct 10 23:53:11 UTC 2023
#@# Smooth1 rh Tue Oct 10 23:53:16 UTC 2023
#@# Inflation1 lh Tue Oct 10 23:53:22 UTC 2023
#@# Inflation1 rh Tue Oct 10 23:53:46 UTC 2023
#@# QSphere lh Tue Oct 10 23:54:11 UTC 2023
#@# QSphere rh Tue Oct 10 23:56:34 UTC 2023
#@# Fix Topology lh Tue Oct 10 23:58:57 UTC 2023
#@# Fix Topology rh Wed Oct 11 00:00:44 UTC 2023
#@# Smooth2 lh Wed Oct 11 00:19:04 UTC 2023
#@# Smooth2 rh Wed Oct 11 00:19:10 UTC 2023
#@# Inflation2 lh Wed Oct 11 00:19:17 UTC 2023
#@# Inflation2 rh Wed Oct 11 00:19:45 UTC 2023
#@# Curv .H and .K lh Wed Oct 11 00:20:13 UTC 2023
#@# Curv .H and .K rh Wed Oct 11 00:21:54 UTC 2023
#@# Sphere lh Wed Oct 11 00:23:36 UTC 2023
#@# Sphere rh Wed Oct 11 00:30:51 UTC 2023
#@# Surf Reg lh Wed Oct 11 00:38:13 UTC 2023
#@# Surf Reg rh Wed Oct 11 00:49:07 UTC 2023
#@# Jacobian white lh Wed Oct 11 01:00:24 UTC 2023
#@# Jacobian white rh Wed Oct 11 01:00:26 UTC 2023
#@# AvgCurv lh Wed Oct 11 01:00:28 UTC 2023
#@# AvgCurv rh Wed Oct 11 01:00:30 UTC 2023
#@# Cortical Parc lh Wed Oct 11 01:00:31 UTC 2023
#@# Cortical Parc rh Wed Oct 11 01:00:53 UTC 2023
#@# white curv lh Wed Oct 11 01:21:11 UTC 2023
#@# white area lh Wed Oct 11 01:21:15 UTC 2023
#@# pial curv lh Wed Oct 11 01:21:17 UTC 2023
#@# pial area lh Wed Oct 11 01:21:20 UTC 2023
#@# thickness lh Wed Oct 11 01:21:22 UTC 2023
#@# area and vertex vol lh Wed Oct 11 01:22:28 UTC 2023
#@# white curv rh Wed Oct 11 01:22:32 UTC 2023
#@# white area rh Wed Oct 11 01:22:36 UTC 2023
#@# pial curv rh Wed Oct 11 01:22:37 UTC 2023
#@# pial area rh Wed Oct 11 01:22:41 UTC 2023
#@# thickness rh Wed Oct 11 01:22:43 UTC 2023
#@# area and vertex vol rh Wed Oct 11 01:23:49 UTC 2023
#@# Curvature Stats lh Wed Oct 11 01:23:53 UTC 2023
#@# Curvature Stats rh Wed Oct 11 01:23:59 UTC 2023
#@# Cortical ribbon mask Wed Oct 11 01:24:04 UTC 2023
#@# Cortical Parc 2 lh Wed Oct 11 01:42:09 UTC 2023
#@# Cortical Parc 2 rh Wed Oct 11 01:42:41 UTC 2023
#@# Cortical Parc 3 lh Wed Oct 11 01:43:15 UTC 2023
#@# Cortical Parc 3 rh Wed Oct 11 01:43:38 UTC 2023
#@# Relabel Hypointensities Wed Oct 11 01:44:01 UTC 2023
#@# APas-to-ASeg Wed Oct 11 01:44:46 UTC 2023
#@# AParc-to-ASeg aparc Wed Oct 11 01:45:14 UTC 2023
#@# AParc-to-ASeg aparc.a2009s Wed Oct 11 01:49:55 UTC 2023
#@# AParc-to-ASeg aparc.DKTatlas Wed Oct 11 01:54:37 UTC 2023
#@# WMParc Wed Oct 11 01:59:16 UTC 2023
#@# Parcellation Stats lh Wed Oct 11 02:06:36 UTC 2023
#@# Parcellation Stats rh Wed Oct 11 02:07:53 UTC 2023
#@# Parcellation Stats 2 lh Wed Oct 11 02:09:10 UTC 2023
#@# Parcellation Stats 2 rh Wed Oct 11 02:09:49 UTC 2023
#@# Parcellation Stats 3 lh Wed Oct 11 02:10:29 UTC 2023
#@# Parcellation Stats 3 rh Wed Oct 11 02:11:07 UTC 2023
#@# ASeg Stats Wed Oct 11 02:11:45 UTC 2023
#@# BA_exvivo Labels lh Wed Oct 11 02:13:27 UTC 2023
#@# BA_exvivo Labels rh Wed Oct 11 02:19:38 UTC 2023
recon-all -s sub-04 finished without error at Wed Oct 11 02:25:47 UTC 2023
