status file for recon-all
Thu Oct  5 12:02:27 UTC 2023
#@# MotionCor Thu Oct  5 12:02:33 UTC 2023
#@# Talairach Thu Oct  5 12:02:47 UTC 2023
#@# Talairach Failure Detection Thu Oct  5 12:12:11 UTC 2023
#@# Nu Intensity Correction Thu Oct  5 12:12:11 UTC 2023
#@# Intensity Normalization Thu Oct  5 12:21:39 UTC 2023
#@# Skull Stripping Thu Oct  5 12:28:17 UTC 2023
recon-all -s sub-03_ses-004 finished without error at Thu Oct  5 12:33:35 UTC 2023



#New# invocation of recon-all 



status file for recon-all
Thu Oct  5 12:58:41 UTC 2023
#@# EM Registration Thu Oct  5 12:58:41 UTC 2023
#@# CA Normalize Thu Oct  5 13:02:34 UTC 2023
#@# CA Reg Thu Oct  5 13:05:55 UTC 2023
#@# SubCort Seg Thu Oct  5 14:18:32 UTC 2023
#@# CC Seg Thu Oct  5 16:02:43 UTC 2023
#@# Merge ASeg Thu Oct  5 16:05:14 UTC 2023
#@# Intensity Normalization2 Thu Oct  5 16:05:14 UTC 2023
#@# Mask BFS Thu Oct  5 16:13:35 UTC 2023
#@# WM Segmentation Thu Oct  5 16:13:38 UTC 2023
#@# Fill Thu Oct  5 16:21:49 UTC 2023
#@# Tessellate lh Thu Oct  5 16:24:35 UTC 2023
#@# Tessellate rh Thu Oct  5 16:24:45 UTC 2023
#@# Smooth1 lh Thu Oct  5 16:24:54 UTC 2023
#@# Smooth1 rh Thu Oct  5 16:25:00 UTC 2023
#@# Inflation1 lh Thu Oct  5 16:25:07 UTC 2023
#@# Inflation1 rh Thu Oct  5 16:25:33 UTC 2023
#@# QSphere lh Thu Oct  5 16:26:01 UTC 2023
#@# QSphere rh Thu Oct  5 16:28:56 UTC 2023
#@# Fix Topology lh Thu Oct  5 16:31:55 UTC 2023
#@# Fix Topology rh Thu Oct  5 16:33:47 UTC 2023
#@# Smooth2 lh Thu Oct  5 17:18:38 UTC 2023
#@# Smooth2 rh Thu Oct  5 17:18:45 UTC 2023
#@# Inflation2 lh Thu Oct  5 17:18:53 UTC 2023
#@# Inflation2 rh Thu Oct  5 17:19:23 UTC 2023
#@# Curv .H and .K lh Thu Oct  5 17:19:57 UTC 2023
#@# Curv .H and .K rh Thu Oct  5 17:21:57 UTC 2023
recon-all -s sub-03_ses-004 finished without error at Thu Oct  5 17:23:59 UTC 2023



#New# invocation of recon-all 



status file for recon-all
Thu Oct  5 17:24:45 UTC 2023
#@# Sphere lh Thu Oct  5 17:24:45 UTC 2023
#@# Sphere rh Thu Oct  5 17:35:06 UTC 2023
#@# Surf Reg lh Thu Oct  5 17:45:52 UTC 2023
#@# Surf Reg rh Thu Oct  5 17:56:48 UTC 2023
#@# Jacobian white lh Thu Oct  5 18:08:45 UTC 2023
#@# Jacobian white rh Thu Oct  5 18:08:47 UTC 2023
#@# AvgCurv lh Thu Oct  5 18:08:49 UTC 2023
#@# AvgCurv rh Thu Oct  5 18:08:51 UTC 2023
#@# Cortical Parc lh Thu Oct  5 18:08:53 UTC 2023
#@# Cortical Parc rh Thu Oct  5 18:09:19 UTC 2023
#@# white curv lh Thu Oct  5 18:29:52 UTC 2023
#@# white area lh Thu Oct  5 18:29:56 UTC 2023
#@# pial curv lh Thu Oct  5 18:29:58 UTC 2023
#@# pial area lh Thu Oct  5 18:30:02 UTC 2023
#@# thickness lh Thu Oct  5 18:30:04 UTC 2023
#@# area and vertex vol lh Thu Oct  5 18:31:23 UTC 2023
#@# white curv rh Thu Oct  5 18:31:27 UTC 2023
#@# white area rh Thu Oct  5 18:31:31 UTC 2023
#@# pial curv rh Thu Oct  5 18:31:33 UTC 2023
#@# pial area rh Thu Oct  5 18:31:37 UTC 2023
#@# thickness rh Thu Oct  5 18:31:39 UTC 2023
#@# area and vertex vol rh Thu Oct  5 18:32:57 UTC 2023
#@# Curvature Stats lh Thu Oct  5 18:33:01 UTC 2023
#@# Curvature Stats rh Thu Oct  5 18:33:08 UTC 2023
#@# Cortical ribbon mask Thu Oct  5 18:33:14 UTC 2023
#@# Cortical Parc 2 lh Thu Oct  5 19:16:08 UTC 2023
#@# Cortical Parc 2 rh Thu Oct  5 19:16:45 UTC 2023
#@# Cortical Parc 3 lh Thu Oct  5 19:17:21 UTC 2023
#@# Cortical Parc 3 rh Thu Oct  5 19:17:46 UTC 2023
#@# WM/GM Contrast lh Thu Oct  5 19:18:12 UTC 2023
#@# WM/GM Contrast rh Thu Oct  5 19:18:19 UTC 2023
#@# Relabel Hypointensities Thu Oct  5 19:18:27 UTC 2023
#@# APas-to-ASeg Thu Oct  5 19:19:16 UTC 2023
#@# AParc-to-ASeg aparc Thu Oct  5 19:19:47 UTC 2023
#@# AParc-to-ASeg aparc.a2009s Thu Oct  5 19:25:43 UTC 2023
#@# AParc-to-ASeg aparc.DKTatlas Thu Oct  5 19:31:48 UTC 2023
#@# WMParc Thu Oct  5 19:37:49 UTC 2023
#@# Parcellation Stats lh Thu Oct  5 19:45:32 UTC 2023
#@# Parcellation Stats rh Thu Oct  5 19:47:11 UTC 2023
#@# Parcellation Stats 2 lh Thu Oct  5 19:48:52 UTC 2023
#@# Parcellation Stats 2 rh Thu Oct  5 19:49:43 UTC 2023
#@# Parcellation Stats 3 lh Thu Oct  5 19:50:37 UTC 2023
#@# Parcellation Stats 3 rh Thu Oct  5 19:51:27 UTC 2023
#@# ASeg Stats Thu Oct  5 19:52:18 UTC 2023
#@# BA_exvivo Labels lh Thu Oct  5 19:53:58 UTC 2023
#@# BA_exvivo Labels rh Thu Oct  5 20:00:27 UTC 2023
recon-all -s sub-03_ses-004 finished without error at Thu Oct  5 20:07:14 UTC 2023



#New# invocation of recon-all 



status file for recon-all
Sun Oct  8 03:00:38 UTC 2023
#@# T2/FLAIR Input Sun Oct  8 03:00:38 UTC 2023
#@# Sphere lh Sun Oct  8 03:00:43 UTC 2023
#@# Sphere rh Sun Oct  8 03:10:44 UTC 2023
#@# Surf Reg lh Sun Oct  8 03:21:02 UTC 2023
#@# Surf Reg rh Sun Oct  8 03:31:45 UTC 2023
#@# Jacobian white lh Sun Oct  8 03:43:27 UTC 2023
#@# Jacobian white rh Sun Oct  8 03:43:29 UTC 2023
#@# AvgCurv lh Sun Oct  8 03:43:31 UTC 2023
#@# AvgCurv rh Sun Oct  8 03:43:33 UTC 2023
#@# Cortical Parc lh Sun Oct  8 03:43:34 UTC 2023
#@# Cortical Parc rh Sun Oct  8 03:44:00 UTC 2023
#@# Refine Pial Surfs w/ T2/FLAIR Sun Oct  8 04:04:39 UTC 2023
#@# white curv lh Sun Oct  8 06:36:35 UTC 2023
#@# white area lh Sun Oct  8 06:36:39 UTC 2023
#@# pial curv lh Sun Oct  8 06:36:41 UTC 2023
#@# pial area lh Sun Oct  8 06:36:46 UTC 2023
#@# thickness lh Sun Oct  8 06:36:48 UTC 2023
#@# area and vertex vol lh Sun Oct  8 06:38:12 UTC 2023
#@# white curv rh Sun Oct  8 06:38:16 UTC 2023
#@# white area rh Sun Oct  8 06:38:21 UTC 2023
#@# pial curv rh Sun Oct  8 06:38:23 UTC 2023
#@# pial area rh Sun Oct  8 06:38:27 UTC 2023
#@# thickness rh Sun Oct  8 06:38:29 UTC 2023
#@# area and vertex vol rh Sun Oct  8 06:39:55 UTC 2023
#@# Curvature Stats lh Sun Oct  8 06:40:00 UTC 2023
#@# Curvature Stats rh Sun Oct  8 06:40:06 UTC 2023
#@# Cortical ribbon mask Sun Oct  8 06:40:13 UTC 2023
#@# Cortical Parc 2 lh Sun Oct  8 07:27:15 UTC 2023
#@# Cortical Parc 2 rh Sun Oct  8 07:27:53 UTC 2023
#@# Cortical Parc 3 lh Sun Oct  8 07:28:31 UTC 2023
#@# Cortical Parc 3 rh Sun Oct  8 07:28:58 UTC 2023
#@# WM/GM Contrast lh Sun Oct  8 07:29:26 UTC 2023
#@# WM/GM Contrast rh Sun Oct  8 07:29:34 UTC 2023
#@# Relabel Hypointensities Sun Oct  8 07:29:43 UTC 2023
#@# APas-to-ASeg Sun Oct  8 07:30:35 UTC 2023
#@# AParc-to-ASeg aparc Sun Oct  8 07:31:14 UTC 2023
#@# AParc-to-ASeg aparc.a2009s Sun Oct  8 07:38:41 UTC 2023
#@# AParc-to-ASeg aparc.DKTatlas Sun Oct  8 07:46:12 UTC 2023
#@# WMParc Sun Oct  8 07:53:41 UTC 2023
#@# Parcellation Stats lh Sun Oct  8 08:02:19 UTC 2023
#@# Parcellation Stats rh Sun Oct  8 08:04:24 UTC 2023
#@# Parcellation Stats 2 lh Sun Oct  8 08:06:32 UTC 2023
#@# Parcellation Stats 2 rh Sun Oct  8 08:07:39 UTC 2023
#@# Parcellation Stats 3 lh Sun Oct  8 08:08:46 UTC 2023
#@# Parcellation Stats 3 rh Sun Oct  8 08:09:51 UTC 2023
#@# ASeg Stats Sun Oct  8 08:10:54 UTC 2023
#@# BA_exvivo Labels lh Sun Oct  8 08:12:44 UTC 2023
#@# BA_exvivo Labels rh Sun Oct  8 08:20:13 UTC 2023
recon-all -s sub-03_ses-004 finished without error at Sun Oct  8 08:28:02 UTC 2023
