/localscratch/bpinsard.41394413.0/freesurfer_crosssectional_autorecon1smriprep_skullstripautorecon2autorecon3_sub01_ses002.job/sub-01_ses-002/mri
/opt/freesurfer/bin/talairach_avi
--i orig_nu.mgz --xfm transforms/talairach.auto.xfm --atlas 3T18yoSchwartzReactN32_as_orig
talairach_avi 7.4.1
Linux bc21116.int.ets1.calculquebec.ca 3.10.0-1160.90.1.el7.x86_64 #1 SMP Thu May 4 15:21:22 UTC 2023 x86_64 x86_64 x86_64 GNU/Linux
Thu Oct  5 11:28:10 UTC 2023
mri_convert orig_nu.mgz talsrcimg.img 
reading from orig_nu.mgz...
TR=0.00, TE=0.00, TI=0.00, flip angle=0.00
i_ras = (-1, 0, 0)
j_ras = (0, 0, -1)
k_ras = (0, 1, 0)
writing to talsrcimg.img...
Analyze Output Matrix
-0.80000   0.00000   0.00000   130.40454;
 0.00000   0.00000   0.80000  -102.86667;
 0.00000  -0.80000   0.00000   117.30328;
 0.00000   0.00000   0.00000   1.00000;
--------------------
INFO: set hdr.hist.orient to -1
mpr2mni305 talsrcimg
Thu Oct  5 11:28:11 UTC 2023
/opt/freesurfer/bin/mpr2mni305 talsrcimg
mpr2mni305 7.4.1
target=3T18yoSchwartzReactN32_as_orig

---------------------------------------------------------------------
analyzeto4dfp talsrcimg -O0 -y
---------------------------------------------------------------------

freesurfer ifh2hdr.c
Thu Oct  5 11:28:12 2023
Writing: talsrcimg.4dfp.hdr
freesurfer analyzeto4dfp.c
Reading: talsrcimg.hdr
header size 348 bytes
hdr.dime.datatype	offset=70	value=2
hdr.dime.bitpix		offset=72	value=8
hdr.hist.orient		offset=252	value=-1
dimensionality     4
dimensions       320       320       320         1
Reading: talsrcimg.img
Writing: talsrcimg.4dfp.img
Writing: talsrcimg.4dfp.ifh
ifh2hdr talsrcimg -r0to215
ori=2

---------------------------------------------------------------------
gauss_4dfp talsrcimg 1.1
---------------------------------------------------------------------

freesurfer gauss_4dfp.c
Reading: talsrcimg.4dfp.img
Writing: talsrcimg_g11.4dfp.img
image dimensions 320 320 320 padded to 384 384 384
processing volume 1freesurfer ifh2hdr.c
Thu Oct  5 11:28:33 2023
Writing: talsrcimg_g11.4dfp.hdr

Writing: talsrcimg_g11.4dfp.ifh
including: talsrcimg.4dfp.img.rec in talsrcimg_g11.4dfp.img.rec

---------------------------------------------------------------------
imgreg_4dfp /opt/freesurfer/average/3T18yoSchwartzReactN32_as_orig none talsrcimg_g11 none talsrcimg_to_3T18yoSchwartzReactN32_as_orig_t4 4355
---------------------------------------------------------------------

freesurfer imgreg_4dfp.c
/opt/freesurfer/average/3T18yoSchwartzReactN32_as_orig.4dfp.img
       256       256       256         1
  1.000000  1.000000  1.000000
orientation T byte_order littleendian
Reading image: /opt/freesurfer/average/3T18yoSchwartzReactN32_as_orig.4dfp.img
dimensions:      256       256       256
mmppix:       1.0000   -1.0000   -1.0000
center:     128.0000 -129.0000 -129.0000
talsrcimg_g11.4dfp.img
       320       320       320         1
  0.799995  0.799995  0.799995
orientation T byte_order littleendian
Reading image: talsrcimg_g11.4dfp.img
dimensions:      320       320       320
mmppix:       0.8000   -0.8000   -0.8000
center:     127.9992 -128.7992 -128.7992
t4_read: open error in t4_sub.f l:  46 t4_file(1:l)talsrcimg_to_3T18yoSchwartzReactN32_as_orig_t4 
t4_read: transform initialized to I4
rotation matrix determinant  1.000000
image alignment mode   4355 decimal     1103 hex
   -7.5000  -45.0000  -45.0000 8801.0498   23.9901
    0.0000  -45.0000  -45.0000 9121.7734   24.0357
    7.5000  -45.0000  -45.0000 8637.4951   24.0588
   -7.5000  -37.5000  -45.0000 8916.7637   24.3613
    0.0000  -37.5000  -45.0000 9264.2656   24.4224
    7.5000  -37.5000  -45.0000 8794.4521   24.4534
   -7.5000  -30.0000  -45.0000 9504.0400   24.8682
    0.0000  -30.0000  -45.0000 9870.8818   24.9308
    7.5000  -30.0000  -45.0000 9359.6748   24.9769
   -7.5000  -22.5000  -45.000010093.1445   25.3919
    0.0000  -22.5000  -45.000010475.9102   25.4452
    7.5000  -22.5000  -45.0000 9921.8506   25.4853
   -7.5000  -15.0000  -45.000010766.3438   26.1049
    0.0000  -15.0000  -45.000011152.1797   26.1460
    7.5000  -15.0000  -45.000010549.2422   26.1672
   -7.5000   -7.5000  -45.000011415.2715   26.8016
    0.0000   -7.5000  -45.000011825.2832   26.8386
    7.5000   -7.5000  -45.000011167.3760   26.8517
   -7.5000    0.0000  -45.000012054.4980   27.6157
    0.0000    0.0000  -45.000012527.4727   27.6614
    7.5000    0.0000  -45.000011817.5381   27.6851
   -7.5000    7.5000  -45.000011872.3584   28.5397
    0.0000    7.5000  -45.000012352.7842   28.6070
    7.5000    7.5000  -45.000011668.3018   28.6426
   -7.5000   15.0000  -45.000011692.8789   29.6979
    0.0000   15.0000  -45.000012187.0244   29.7686
    7.5000   15.0000  -45.000011503.4678   29.7932
   -7.5000   22.5000  -45.000011423.8975   30.8709
    0.0000   22.5000  -45.000011928.4736   30.9339
    7.5000   22.5000  -45.000011272.3320   30.9411
   -7.5000   30.0000  -45.000011041.7148   31.9614
    0.0000   30.0000  -45.000011553.8604   32.0133
    7.5000   30.0000  -45.000010923.8330   31.9926
   -7.5000   37.5000  -45.000011008.7471   33.0947
    0.0000   37.5000  -45.000011538.6562   33.1349
    7.5000   37.5000  -45.000010903.1924   33.0947
   -7.5000   45.0000  -45.000010477.3145   33.8584
    0.0000   45.0000  -45.000010990.4922   33.8905
    7.5000   45.0000  -45.000010402.1240   33.8597
   -7.5000  -45.0000  -37.5000 9149.3535   23.9193
    0.0000  -45.0000  -37.5000 9493.6133   23.9617
    7.5000  -45.0000  -37.5000 9006.0654   23.9814
   -7.5000  -37.5000  -37.5000 9278.2090   24.2803
    0.0000  -37.5000  -37.5000 9638.7422   24.3364
    7.5000  -37.5000  -37.5000 9168.5088   24.3587
   -7.5000  -30.0000  -37.5000 9910.6943   24.7978
    0.0000  -30.0000  -37.500010290.4033   24.8505
    7.5000  -30.0000  -37.5000 9785.2529   24.8871
   -7.5000  -22.5000  -37.500010570.4570   25.3281
    0.0000  -22.5000  -37.500010954.0039   25.3700
    7.5000  -22.5000  -37.500010392.0498   25.4041
   -7.5000  -15.0000  -37.500011320.4668   26.0420
    0.0000  -15.0000  -37.500011707.9688   26.0744
    7.5000  -15.0000  -37.500011089.9980   26.0954
   -7.5000   -7.5000  -37.500012022.7139   26.7340
    0.0000   -7.5000  -37.500012432.1689   26.7674
    7.5000   -7.5000  -37.500011763.7393   26.7815
   -7.5000    0.0000  -37.500012724.5547   27.5410
    0.0000    0.0000  -37.500013175.5107   27.5847
    7.5000    0.0000  -37.500012462.5273   27.6049
   -7.5000    7.5000  -37.500012565.7900   28.4508
    0.0000    7.5000  -37.500013032.4092   28.5122
    7.5000    7.5000  -37.500012328.7686   28.5380
   -7.5000   15.0000  -37.500012424.7686   29.6039
    0.0000   15.0000  -37.500012901.9404   29.6683
    7.5000   15.0000  -37.500012206.7588   29.6855
   -7.5000   22.5000  -37.500012171.6680   30.7745
    0.0000   22.5000  -37.500012679.0342   30.8328
    7.5000   22.5000  -37.500011982.8154   30.8417
   -7.5000   30.0000  -37.500011790.9570   31.8521
    0.0000   30.0000  -37.500012320.0166   31.9029
    7.5000   30.0000  -37.500011652.1133   31.8879
   -7.5000   37.5000  -37.500011747.3555   32.9693
    0.0000   37.5000  -37.500012288.5762   33.0165
    7.5000   37.5000  -37.500011624.4688   32.9838
   -7.5000   45.0000  -37.500011185.6250   33.7271
    0.0000   45.0000  -37.500011723.0137   33.7669
    7.5000   45.0000  -37.500011092.8330   33.7399
   -7.5000  -45.0000  -30.0000 9659.9287   24.8817
    0.0000  -45.0000  -30.000010027.1377   24.9320
    7.5000  -45.0000  -30.0000 9545.7832   24.9527
   -7.5000  -37.5000  -30.0000 9829.9229   25.2516
    0.0000  -37.5000  -30.000010206.8750   25.3125
    7.5000  -37.5000  -30.0000 9729.5947   25.3252
   -7.5000  -30.0000  -30.000010530.3486   25.8123
    0.0000  -30.0000  -30.000010908.0264   25.8661
    7.5000  -30.0000  -30.000010385.5713   25.8902
   -7.5000  -22.5000  -30.000011253.6016   26.3827
    0.0000  -22.5000  -30.000011644.1133   26.4259
    7.5000  -22.5000  -30.000011068.8184   26.4528
   -7.5000  -15.0000  -30.000012059.5713   27.1540
    0.0000  -15.0000  -30.000012469.9443   27.1919
    7.5000  -15.0000  -30.000011818.9385   27.2146
   -7.5000   -7.5000  -30.000012847.5723   27.9095
    0.0000   -7.5000  -30.000013274.1357   27.9528
    7.5000   -7.5000  -30.000012559.5244   27.9729
   -7.5000    0.0000  -30.000013632.0342   28.7902
    0.0000    0.0000  -30.000014109.3691   28.8437
    7.5000    0.0000  -30.000013334.6152   28.8660
   -7.5000    7.5000  -30.000013506.5752   29.7328
    0.0000    7.5000  -30.000013993.2568   29.8001
    7.5000    7.5000  -30.000013220.2744   29.8152
   -7.5000   15.0000  -30.000013358.8369   30.9254
    0.0000   15.0000  -30.000013844.4678   30.9921
    7.5000   15.0000  -30.000013091.7051   30.9975
   -7.5000   22.5000  -30.000013110.1357   32.1406
    0.0000   22.5000  -30.000013637.3672   32.2022
    7.5000   22.5000  -30.000012888.7559   32.2021
   -7.5000   30.0000  -30.000012730.0342   33.2602
    0.0000   30.0000  -30.000013260.7617   33.3181
    7.5000   30.0000  -30.000012544.7871   33.3038
   -7.5000   37.5000  -30.000012704.5635   34.4407
    0.0000   37.5000  -30.000013248.8613   34.5000
    7.5000   37.5000  -30.000012552.7441   34.4695
   -7.5000   45.0000  -30.000012112.6143   35.2581
    0.0000   45.0000  -30.000012671.4395   35.3093
    7.5000   45.0000  -30.000011994.3486   35.2777
   -7.5000  -45.0000  -22.500010141.2861   25.6429
    0.0000  -45.0000  -22.500010530.7383   25.7055
    7.5000  -45.0000  -22.500010061.8184   25.7285
   -7.5000  -37.5000  -22.500010355.9092   26.0290
    0.0000  -37.5000  -22.500010750.0625   26.1013
    7.5000  -37.5000  -22.500010280.0029   26.1110
   -7.5000  -30.0000  -22.500011145.8066   26.6106
    0.0000  -30.0000  -22.500011523.3389   26.6764
    7.5000  -30.0000  -22.500010988.8193   26.6951
   -7.5000  -22.5000  -22.500011940.8535   27.1999
    0.0000  -22.5000  -22.500012328.0400   27.2560
    7.5000  -22.5000  -22.500011739.3633   27.2800
   -7.5000  -15.0000  -22.500012807.1738   28.0110
    0.0000  -15.0000  -22.500013215.3467   28.0623
    7.5000  -15.0000  -22.500012557.8994   28.0854
   -7.5000   -7.5000  -22.500013654.5361   28.8277
    0.0000   -7.5000  -22.500014101.2803   28.8844
    7.5000   -7.5000  -22.500013374.9365   28.9079
   -7.5000    0.0000  -22.500014536.8340   29.7828
    0.0000    0.0000  -22.500015034.4023   29.8498
    7.5000    0.0000  -22.500014216.4834   29.8752
   -7.5000    7.5000  -22.500014455.3779   30.7604
    0.0000    7.5000  -22.500014982.6084   30.8413
    7.5000    7.5000  -22.500014142.9668   30.8529
   -7.5000   15.0000  -22.500014334.2061   31.9793
    0.0000   15.0000  -22.500014856.0332   32.0559
    7.5000   15.0000  -22.500014015.2666   32.0541
   -7.5000   22.5000  -22.500014080.9551   33.2184
    0.0000   22.5000  -22.500014640.5303   33.2878
    7.5000   22.5000  -22.500013817.0977   33.2748
   -7.5000   30.0000  -22.500013697.1436   34.3701
    0.0000   30.0000  -22.500014260.6270   34.4356
    7.5000   30.0000  -22.500013469.8848   34.4147
   -7.5000   37.5000  -22.500013718.6328   35.6127
    0.0000   37.5000  -22.500014286.0713   35.6767
    7.5000   37.5000  -22.500013518.6230   35.6392
   -7.5000   45.0000  -22.500013103.0273   36.4818
    0.0000   45.0000  -22.500013668.7520   36.5389
    7.5000   45.0000  -22.500012947.9805   36.4969
   -7.5000  -45.0000  -15.000010632.1621   26.1252
    0.0000  -45.0000  -15.000011029.3457   26.1928
    7.5000  -45.0000  -15.000010561.5859   26.2177
   -7.5000  -37.5000  -15.000010869.8633   26.5302
    0.0000  -37.5000  -15.000011289.0752   26.6111
    7.5000  -37.5000  -15.000010821.2139   26.6290
   -7.5000  -30.0000  -15.000011710.9883   27.1205
    0.0000  -30.0000  -15.000012116.3809   27.1992
    7.5000  -30.0000  -15.000011582.5322   27.2270
   -7.5000  -22.5000  -15.000012586.3135   27.7251
    0.0000  -22.5000  -15.000012992.6523   27.7941
    7.5000  -22.5000  -15.000012400.4219   27.8222
   -7.5000  -15.0000  -15.000013537.7510   28.5611
    0.0000  -15.0000  -15.000013950.6465   28.6208
    7.5000  -15.0000  -15.000013284.4775   28.6415
   -7.5000   -7.5000  -15.000014464.6865   29.4155
    0.0000   -7.5000  -15.000014919.7666   29.4758
    7.5000   -7.5000  -15.000014152.7109   29.4959
   -7.5000    0.0000  -15.000015433.6816   30.4205
    0.0000    0.0000  -15.000015955.8682   30.4914
    7.5000    0.0000  -15.000015086.4111   30.5188
   -7.5000    7.5000  -15.000015396.3047   31.4301
    0.0000    7.5000  -15.000015945.1709   31.5211
    7.5000    7.5000  -15.000015062.9668   31.5422
   -7.5000   15.0000  -15.000015312.2373   32.6740
    0.0000   15.0000  -15.000015881.3506   32.7602
    7.5000   15.0000  -15.000014957.1885   32.7646
   -7.5000   22.5000  -15.000015097.8311   33.9335
    0.0000   22.5000  -15.000015703.2666   34.0076
    7.5000   22.5000  -15.000014786.1846   33.9892
   -7.5000   30.0000  -15.000014720.7344   35.1109
    0.0000   30.0000  -15.000015330.3008   35.1766
    7.5000   30.0000  -15.000014453.5449   35.1456
   -7.5000   37.5000  -15.000014766.3584   36.3856
    0.0000   37.5000  -15.000015375.6328   36.4422
    7.5000   37.5000  -15.000014534.9004   36.3938
   -7.5000   45.0000  -15.000014116.6201   37.2735
    0.0000   45.0000  -15.000014712.9316   37.3251
    7.5000   45.0000  -15.000013932.6758   37.2772
   -7.5000  -45.0000   -7.500011092.1807   26.3420
    0.0000  -45.0000   -7.500011489.8057   26.4025
    7.5000  -45.0000   -7.500010989.1592   26.4288
   -7.5000  -37.5000   -7.500011375.8877   26.7562
    0.0000  -37.5000   -7.500011781.2139   26.8327
    7.5000  -37.5000   -7.500011299.3223   26.8635
   -7.5000  -30.0000   -7.500012285.5732   27.3610
    0.0000  -30.0000   -7.500012676.0283   27.4400
    7.5000  -30.0000   -7.500012140.7031   27.4842
   -7.5000  -22.5000   -7.500013214.6182   27.9903
    0.0000  -22.5000   -7.500013620.2715   28.0603
    7.5000  -22.5000   -7.500013016.0615   28.0985
   -7.5000  -15.0000   -7.500014218.7070   28.8468
    0.0000  -15.0000   -7.500014637.2842   28.9037
    7.5000  -15.0000   -7.500013937.0781   28.9245
   -7.5000   -7.5000   -7.500015241.3027   29.7151
    0.0000   -7.5000   -7.500015692.9053   29.7675
    7.5000   -7.5000   -7.500014887.9629   29.7834
   -7.5000    0.0000   -7.500016306.4326   30.7393
    0.0000    0.0000   -7.500016831.5723   30.8013
    7.5000    0.0000   -7.500015913.5352   30.8295
   -7.5000    7.5000   -7.500016283.7822   31.7658
    0.0000    7.5000   -7.500016859.8672   31.8520
    7.5000    7.5000   -7.500015925.4717   31.8880
   -7.5000   15.0000   -7.500016253.0186   33.0342
    0.0000   15.0000   -7.500016831.1719   33.1196
    7.5000   15.0000   -7.500015863.2666   33.1393
   -7.5000   22.5000   -7.500016049.9648   34.3148
    0.0000   22.5000   -7.500016663.5840   34.3885
    7.5000   22.5000   -7.500015666.9365   34.3805
   -7.5000   30.0000   -7.500015727.1650   35.5109
    0.0000   30.0000   -7.500016357.4619   35.5719
    7.5000   30.0000   -7.500015384.1826   35.5401
   -7.5000   37.5000   -7.500015820.2676   36.7834
    0.0000   37.5000   -7.500016465.1680   36.8293
    7.5000   37.5000   -7.500015523.0830   36.7784
   -7.5000   45.0000   -7.500015158.9062   37.6589
    0.0000   45.0000   -7.500015785.2773   37.6980
    7.5000   45.0000   -7.500014901.7754   37.6545
   -7.5000  -45.0000    0.000011428.1475   26.4969
    0.0000  -45.0000    0.000011822.8867   26.5470
    7.5000  -45.0000    0.000011271.1660   26.5721
   -7.5000  -37.5000    0.000011755.1113   26.9062
    0.0000  -37.5000    0.000012172.6240   26.9734
    7.5000  -37.5000    0.000011624.5928   27.0071
   -7.5000  -30.0000    0.000012729.7666   27.5339
    0.0000  -30.0000    0.000013151.9824   27.6030
    7.5000  -30.0000    0.000012532.6631   27.6535
   -7.5000  -22.5000    0.000013734.0264   28.1923
    0.0000  -22.5000    0.000014174.0215   28.2511
    7.5000  -22.5000    0.000013466.2461   28.2950
   -7.5000  -15.0000    0.000014814.7100   29.0724
    0.0000  -15.0000    0.000015270.0137   29.1179
    7.5000  -15.0000    0.000014474.9619   29.1411
   -7.5000   -7.5000    0.000015882.9795   29.9547
    0.0000   -7.5000    0.000016387.3828   29.9959
    7.5000   -7.5000    0.000015484.0127   30.0101
   -7.5000    0.0000    0.000017031.7969   30.9919
    0.0000    0.0000    0.000017599.8652   31.0430
    7.5000    0.0000    0.000016591.4844   31.0691
   -7.5000    7.5000    0.000017079.4805   32.0219
    0.0000    7.5000    0.000017682.3672   32.0971
    7.5000    7.5000    0.000016653.7031   32.1364
   -7.5000   15.0000    0.000017158.4844   33.3136
    0.0000   15.0000    0.000017804.7266   33.3926
    7.5000   15.0000    0.000016720.8379   33.4195
   -7.5000   22.5000    0.000017009.5957   34.6153
    0.0000   22.5000    0.000017624.6250   34.6856
    7.5000   22.5000    0.000016532.7285   34.6930
   -7.5000   30.0000    0.000016682.7188   35.8254
    0.0000   30.0000    0.000017352.6445   35.8832
    7.5000   30.0000    0.000016253.5820   35.8595
   -7.5000   37.5000    0.000016861.3926   37.0891
    0.0000   37.5000    0.000017613.0039   37.1338
    7.5000   37.5000    0.000016466.4805   37.0883
   -7.5000   45.0000    0.000016158.9639   37.9513
    0.0000   45.0000    0.000016901.9199   37.9871
    7.5000   45.0000    0.000015804.7627   37.9521
   -7.5000  -45.0000    7.500010849.9512   26.4224
    0.0000  -45.0000    7.500011223.1484   26.4692
    7.5000  -45.0000    7.500010665.5781   26.4909
   -7.5000  -37.5000    7.500011222.5586   26.8201
    0.0000  -37.5000    7.500011592.8887   26.8821
    7.5000  -37.5000    7.500011036.1426   26.9066
   -7.5000  -30.0000    7.500012146.4756   27.4597
    0.0000  -30.0000    7.500012534.2559   27.5181
    7.5000  -30.0000    7.500011915.8926   27.5587
   -7.5000  -22.5000    7.500013104.3574   28.1275
    0.0000  -22.5000    7.500013509.2480   28.1740
    7.5000  -22.5000    7.500012841.6699   28.2119
   -7.5000  -15.0000    7.500014160.9922   29.0129
    0.0000  -15.0000    7.500014617.5518   29.0491
    7.5000  -15.0000    7.500013848.3604   29.0725
   -7.5000   -7.5000    7.500015230.9209   29.8938
    0.0000   -7.5000    7.500015773.4180   29.9311
    7.5000   -7.5000    7.500014845.8340   29.9468
   -7.5000    0.0000    7.500016397.1035   30.9255
    0.0000    0.0000    7.500017039.4453   30.9745
    7.5000    0.0000    7.500015933.6318   30.9971
   -7.5000    7.5000    7.500016538.4668   31.9414
    0.0000    7.5000    7.500017319.2598   32.0103
    7.5000    7.5000    7.500016009.0488   32.0392
   -7.5000   15.0000    7.500016737.2793   33.2334
    0.0000   15.0000    7.500017712.6016   33.3057
    7.5000   15.0000    7.500016184.6104   33.3250
   -7.5000   22.5000    7.500016719.7793   34.5415
    0.0000   22.5000    7.500017605.9434   34.6070
    7.5000   22.5000    7.500016124.5791   34.6170
   -7.5000   30.0000    7.500016436.5078   35.7493
    0.0000   30.0000    7.500017234.9434   35.8064
    7.5000   30.0000    7.500015872.0967   35.7895
   -7.5000   37.5000    7.500016557.3555   37.0034
    0.0000   37.5000    7.500017361.9258   37.0565
    7.5000   37.5000    7.500016069.0605   37.0197
   -7.5000   45.0000    7.500015802.0859   37.8680
    0.0000   45.0000    7.500016532.5586   37.9126
    7.5000   45.0000    7.500015410.1172   37.8823
   -7.5000  -45.0000   15.000010050.5508   26.3864
    0.0000  -45.0000   15.000010418.5859   26.4400
    7.5000  -45.0000   15.0000 9951.8506   26.4620
   -7.5000  -37.5000   15.000010488.7129   26.7770
    0.0000  -37.5000   15.000010846.9365   26.8418
    7.5000  -37.5000   15.000010351.1895   26.8554
   -7.5000  -30.0000   15.000011365.0264   27.4144
    0.0000  -30.0000   15.000011740.6777   27.4718
    7.5000  -30.0000   15.000011177.6855   27.4975
   -7.5000  -22.5000   15.000012293.9502   28.0756
    0.0000  -22.5000   15.000012695.1475   28.1219
    7.5000  -22.5000   15.000012067.5020   28.1508
   -7.5000  -15.0000   15.000013339.3496   28.9654
    0.0000  -15.0000   15.000013790.1963   29.0061
    7.5000  -15.0000   15.000013037.1855   29.0306
   -7.5000   -7.5000   15.000014417.2861   29.8586
    0.0000   -7.5000   15.000014965.5713   29.9052
    7.5000   -7.5000   15.000014061.1846   29.9269
   -7.5000    0.0000   15.000015573.3916   30.9021
    0.0000    0.0000   15.000016215.6680   30.9598
    7.5000    0.0000   15.000015139.8604   30.9838
   -7.5000    7.5000   15.000015745.3496   31.9099
    0.0000    7.5000   15.000016497.9023   31.9825
    7.5000    7.5000   15.000015243.3691   31.9988
   -7.5000   15.0000   15.000015889.5566   33.1885
    0.0000   15.0000   15.000016754.4297   33.2604
    7.5000   15.0000   15.000015376.8760   33.2662
   -7.5000   22.5000   15.000015894.2881   34.4868
    0.0000   22.5000   15.000016716.1367   34.5532
    7.5000   22.5000   15.000015395.7383   34.5531
   -7.5000   30.0000   15.000015655.5176   35.6858
    0.0000   30.0000   15.000016447.3379   35.7483
    7.5000   30.0000   15.000015206.0625   35.7329
   -7.5000   37.5000   15.000015771.0293   36.9518
    0.0000   37.5000   15.000016531.7891   37.0157
    7.5000   37.5000   15.000015373.6865   36.9829
   -7.5000   45.0000   15.000015016.0791   37.8381
    0.0000   45.0000   15.000015697.8008   37.8932
    7.5000   45.0000   15.000014715.6719   37.8593
   -7.5000  -45.0000   22.5000 9158.2471   26.3814
    0.0000  -45.0000   22.5000 9532.6885   26.4467
    7.5000  -45.0000   22.5000 9113.2754   26.4709
   -7.5000  -37.5000   22.5000 9630.4541   26.7730
    0.0000  -37.5000   22.5000 9993.7119   26.8484
    7.5000  -37.5000   22.5000 9524.2480   26.8587
   -7.5000  -30.0000   22.500010479.0605   27.4002
    0.0000  -30.0000   22.500010851.1152   27.4689
    7.5000  -30.0000   22.500010307.4092   27.4886
   -7.5000  -22.5000   22.500011385.1396   28.0463
    0.0000  -22.5000   22.500011758.0039   28.1052
    7.5000  -22.5000   22.500011156.4277   28.1302
   -7.5000  -15.0000   22.500012378.7021   28.9347
    0.0000  -15.0000   22.500012779.1592   28.9886
    7.5000  -15.0000   22.500012099.0723   29.0128
   -7.5000   -7.5000   22.500013391.9678   29.8424
    0.0000   -7.5000   22.500013843.5840   29.9021
    7.5000   -7.5000   22.500013089.4932   29.9268
   -7.5000    0.0000   22.500014466.5293   30.9020
    0.0000    0.0000   22.500015001.7588   30.9725
    7.5000    0.0000   22.500014144.5420   30.9994
   -7.5000    7.5000   22.500014675.4219   31.9104
    0.0000    7.5000   22.500015266.5342   31.9955
    7.5000    7.5000   22.500014311.7861   32.0081
   -7.5000   15.0000   22.500014786.0000   33.1733
    0.0000   15.0000   22.500015371.3125   33.2540
    7.5000   15.0000   22.500014397.2881   33.2523
   -7.5000   22.5000   22.500014766.7754   34.4558
    0.0000   22.5000   22.500015342.8418   34.5289
    7.5000   22.5000   22.500014403.0293   34.5152
   -7.5000   30.0000   22.500014542.5801   35.6509
    0.0000   30.0000   22.500015146.5322   35.7199
    7.5000   30.0000   22.500014229.2324   35.6979
   -7.5000   37.5000   22.500014669.7480   36.9386
    0.0000   37.5000   22.500015304.4346   37.0059
    7.5000   37.5000   22.500014393.8379   36.9667
   -7.5000   45.0000   22.500014027.8799   37.8465
    0.0000   45.0000   22.500014635.2607   37.9068
    7.5000   45.0000   22.500013802.8867   37.8632
   -7.5000  -45.0000   30.0000 8336.5352   26.5622
    0.0000  -45.0000   30.0000 8662.7998   26.6339
    7.5000  -45.0000   30.0000 8233.7979   26.6609
   -7.5000  -37.5000   30.0000 8780.8379   26.9644
    0.0000  -37.5000   30.0000 9115.9688   27.0499
    7.5000  -37.5000   30.0000 8656.0557   27.0694
   -7.5000  -30.0000   30.0000 9570.6357   27.5829
    0.0000  -30.0000   30.0000 9926.7295   27.6660
    7.5000  -30.0000   30.0000 9418.6729   27.6953
   -7.5000  -22.5000   30.000010386.4004   28.2242
    0.0000  -22.5000   30.000010751.8926   28.2974
    7.5000  -22.5000   30.000010209.4912   28.3269
   -7.5000  -15.0000   30.000011274.4531   29.1149
    0.0000  -15.0000   30.000011666.6592   29.1788
    7.5000  -15.0000   30.000011093.2695   29.2009
   -7.5000   -7.5000   30.000012197.0645   30.0291
    0.0000   -7.5000   30.000012627.1914   30.0938
    7.5000   -7.5000   30.000012014.8428   30.1159
   -7.5000    0.0000   30.000013192.4668   31.1016
    0.0000    0.0000   30.000013699.5244   31.1774
    7.5000    0.0000   30.000013013.1807   31.2074
   -7.5000    7.5000   30.000013417.0654   32.1322
    0.0000    7.5000   30.000013956.1143   32.2292
    7.5000    7.5000   30.000013217.0576   32.2523
   -7.5000   15.0000   30.000013577.0586   33.4136
    0.0000   15.0000   30.000014076.8232   33.5054
    7.5000   15.0000   30.000013300.2744   33.5105
   -7.5000   22.5000   30.000013600.6338   34.7148
    0.0000   22.5000   30.000014086.1650   34.7939
    7.5000   22.5000   30.000013318.7490   34.7745
   -7.5000   30.0000   30.000013393.0352   35.9366
    0.0000   30.0000   30.000013896.9209   36.0071
    7.5000   30.0000   30.000013153.8916   35.9745
   -7.5000   37.5000   30.000013503.5186   37.2505
    0.0000   37.5000   30.000014043.4160   37.3121
    7.5000   37.5000   30.000013309.0049   37.2621
   -7.5000   45.0000   30.000012959.4014   38.1789
    0.0000   45.0000   30.000013484.5908   38.2357
    7.5000   45.0000   30.000012789.5225   38.1867
   -7.5000  -45.0000   37.5000 7806.0679   27.0791
    0.0000  -45.0000   37.5000 8135.8286   27.1445
    7.5000  -45.0000   37.5000 7705.3779   27.1737
   -7.5000  -37.5000   37.5000 8193.8994   27.4055
    0.0000  -37.5000   37.5000 8541.9492   27.4880
    7.5000  -37.5000   37.5000 8105.1685   27.5218
   -7.5000  -30.0000   37.5000 8925.4229   28.0412
    0.0000  -30.0000   37.5000 9306.0303   28.1267
    7.5000  -30.0000   37.5000 8845.9424   28.1742
   -7.5000  -22.5000   37.5000 9705.2461   28.7156
    0.0000  -22.5000   37.500010083.4150   28.7918
    7.5000  -22.5000   37.5000 9604.0312   28.8328
   -7.5000  -15.0000   37.500010571.3008   29.6451
    0.0000  -15.0000   37.500010965.2100   29.7078
    7.5000  -15.0000   37.500010455.3770   29.7305
   -7.5000   -7.5000   37.500011483.1621   30.5876
    0.0000   -7.5000   37.500011898.1953   30.6453
    7.5000   -7.5000   37.500011357.3721   30.6632
   -7.5000    0.0000   37.500012451.6191   31.6786
    0.0000    0.0000   37.500012920.5303   31.7461
    7.5000    0.0000   37.500012346.7529   31.7773
   -7.5000    7.5000   37.500012633.5303   32.6453
    0.0000    7.5000   37.500013115.0938   32.7387
    7.5000    7.5000   37.500012510.8066   32.7781
   -7.5000   15.0000   37.500012827.9287   33.9470
    0.0000   15.0000   37.500013278.2529   34.0403
    7.5000   15.0000   37.500012632.5703   34.0619
   -7.5000   22.5000   37.500012864.4062   35.2931
    0.0000   22.5000   37.500013320.3945   35.3742
    7.5000   22.5000   37.500012654.5508   35.3656
   -7.5000   30.0000   37.500012694.9463   36.5623
    0.0000   30.0000   37.500013154.1729   36.6302
    7.5000   30.0000   37.500012512.6592   36.5958
   -7.5000   37.5000   37.500012804.6855   37.8983
    0.0000   37.5000   37.500013285.6973   37.9503
    7.5000   37.5000   37.500012660.9561   37.8957
   -7.5000   45.0000   37.500012321.8184   38.8375
    0.0000   45.0000   37.500012799.4219   38.8818
    7.5000   45.0000   37.500012190.8184   38.8359
   -7.5000  -45.0000   45.0000 7123.4663   28.0783
    0.0000  -45.0000   45.0000 7422.3975   28.1336
    7.5000  -45.0000   45.0000 7043.9990   28.1639
   -7.5000  -37.5000   45.0000 7423.7378   28.2291
    0.0000  -37.5000   45.0000 7750.7827   28.3035
    7.5000  -37.5000   45.0000 7363.8916   28.3419
   -7.5000  -30.0000   45.0000 8113.3228   28.9089
    0.0000  -30.0000   45.0000 8476.0547   28.9856
    7.5000  -30.0000   45.0000 8076.3599   29.0422
   -7.5000  -22.5000   45.0000 8874.6660   29.6411
    0.0000  -22.5000   45.0000 9250.1768   29.7070
    7.5000  -22.5000   45.0000 8825.8633   29.7571
   -7.5000  -15.0000   45.0000 9737.3662   30.6451
    0.0000  -15.0000   45.000010119.7617   30.6969
    7.5000  -15.0000   45.0000 9668.9824   30.7252
   -7.5000   -7.5000   45.000010613.9795   31.6486
    0.0000   -7.5000   45.000011027.6475   31.6951
    7.5000   -7.5000   45.000010554.6787   31.7139
   -7.5000    0.0000   45.000011517.5752   32.7775
    0.0000    0.0000   45.000011964.4834   32.8338
    7.5000    0.0000   45.000011461.0684   32.8653
   -7.5000    7.5000   45.000011596.2197   33.5962
    0.0000    7.5000   45.000012042.5527   33.6797
    7.5000    7.5000   45.000011496.8662   33.7243
   -7.5000   15.0000   45.000011647.6289   34.7670
    0.0000   15.0000   45.000012067.6250   34.8543
    7.5000   15.0000   45.000011484.0898   34.8839
   -7.5000   22.5000   45.000011625.1289   36.0342
    0.0000   22.5000   45.000012054.5352   36.1120
    7.5000   22.5000   45.000011451.9297   36.1204
   -7.5000   30.0000   45.000011482.0723   37.3016
    0.0000   30.0000   45.000011908.7021   37.3659
    7.5000   30.0000   45.000011318.6221   37.3397
   -7.5000   37.5000   45.000011601.3906   38.6722
    0.0000   37.5000   45.000012046.7539   38.7218
    7.5000   37.5000   45.000011472.6768   38.6717
   -7.5000   45.0000   45.000011180.5840   39.6519
    0.0000   45.0000   45.000011627.9346   39.6908
    7.5000   45.0000   45.000011083.9814   39.6521

---------------------------------------------------------------------
imgreg_4dfp /opt/freesurfer/average/3T18yoSchwartzReactN32_as_orig /opt/freesurfer/average/711-2B_as_mni_average_305_mask talsrcimg_g11 none talsrcimg_to_3T18yoSchwartzReactN32_as_orig_t4 4355
---------------------------------------------------------------------

freesurfer imgreg_4dfp.c
/opt/freesurfer/average/3T18yoSchwartzReactN32_as_orig.4dfp.img
       256       256       256         1
  1.000000  1.000000  1.000000
orientation T byte_order littleendian
Reading image: /opt/freesurfer/average/3T18yoSchwartzReactN32_as_orig.4dfp.img
dimensions:      256       256       256
mmppix:       1.0000   -1.0000   -1.0000
center:     128.0000 -129.0000 -129.0000
/opt/freesurfer/average/711-2B_as_mni_average_305_mask.4dfp.img
       256       256       256         1
  1.000000  1.000000  1.000000
orientation T byte_order littleendian
Reading mask: /opt/freesurfer/average/711-2B_as_mni_average_305_mask.4dfp.img (2306576 pixels)
talsrcimg_g11.4dfp.img
       320       320       320         1
  0.799995  0.799995  0.799995
orientation T byte_order littleendian
Reading image: talsrcimg_g11.4dfp.img
dimensions:      320       320       320
mmppix:       0.8000   -0.8000   -0.8000
center:     127.9992 -128.7992 -128.7992
rotation matrix determinant  1.000000
image alignment mode   4355 decimal     1103 hex
   -7.5000  -30.0000  -45.0000 2195.0339   44.2817
    0.0000  -30.0000  -45.0000 2200.6853   44.3264
    7.5000  -30.0000  -45.0000 2178.9570   44.5199
   -7.5000  -22.5000  -45.0000 2235.3445   43.8883
    0.0000  -22.5000  -45.0000 2241.0127   43.8490
    7.5000  -22.5000  -45.0000 2219.9390   43.9717
   -7.5000  -15.0000  -45.0000 2280.1787   43.3126
    0.0000  -15.0000  -45.0000 2284.0906   43.1191
    7.5000  -15.0000  -45.0000 2264.8042   43.3102
   -7.5000   -7.5000  -45.0000 2318.6775   42.7406
    0.0000   -7.5000  -45.0000 2320.9817   42.5211
    7.5000   -7.5000  -45.0000 2303.1638   42.7317
   -7.5000    0.0000  -45.0000 2341.4229   42.1223
    0.0000    0.0000  -45.0000 2349.3616   41.8946
    7.5000    0.0000  -45.0000 2328.0847   42.0737
   -7.5000    7.5000  -45.0000 2357.4312   41.5370
    0.0000    7.5000  -45.0000 2364.5586   41.2428
    7.5000    7.5000  -45.0000 2342.9792   41.3662
   -7.5000   15.0000  -45.0000 2357.7087   40.7747
    0.0000   15.0000  -45.0000 2370.4663   40.5486
    7.5000   15.0000  -45.0000 2345.2583   40.5901
   -7.5000   22.5000  -45.0000 2356.8357   40.4232
    0.0000   22.5000  -45.0000 2368.2920   40.0228
    7.5000   22.5000  -45.0000 2347.2668   40.0505
   -7.5000   30.0000  -45.0000 2338.3254   40.1508
    0.0000   30.0000  -45.0000 2353.2981   39.8267
    7.5000   30.0000  -45.0000 2333.4170   39.8352
   -7.5000   37.5000  -45.0000 2318.2659   40.7941
    0.0000   37.5000  -45.0000 2330.9827   40.3265
    7.5000   37.5000  -45.0000 2304.5811   40.3063
   -7.5000   45.0000  -45.0000 2273.4666   42.0423
    0.0000   45.0000  -45.0000 2289.3191   41.7380
    7.5000   45.0000  -45.0000 2264.5684   41.6459
   -7.5000   52.5000  -45.0000 2192.6584   43.9398
    0.0000   52.5000  -45.0000 2207.1128   43.7100
    7.5000   52.5000  -45.0000 2181.5811   43.6377
   -7.5000   60.0000  -45.0000 2064.0132   46.3767
    0.0000   60.0000  -45.0000 2077.3335   46.0834
    7.5000   60.0000  -45.0000 2060.9612   46.1724
   -7.5000  -30.0000  -37.5000 2257.1658   41.3347
    0.0000  -30.0000  -37.5000 2262.5056   41.2094
    7.5000  -30.0000  -37.5000 2246.4207   41.4870
   -7.5000  -22.5000  -37.5000 2306.9341   40.9284
    0.0000  -22.5000  -37.5000 2315.3892   40.7323
    7.5000  -22.5000  -37.5000 2294.0527   40.9482
   -7.5000  -15.0000  -37.5000 2364.4202   40.3302
    0.0000  -15.0000  -37.5000 2370.9187   40.0451
    7.5000  -15.0000  -37.5000 2350.9380   40.2181
   -7.5000   -7.5000  -37.5000 2401.5864   39.6205
    0.0000   -7.5000  -37.5000 2404.3748   39.3216
    7.5000   -7.5000  -37.5000 2388.6355   39.5610
   -7.5000    0.0000  -37.5000 2424.9683   38.9158
    0.0000    0.0000  -37.5000 2424.4500   38.5773
    7.5000    0.0000  -37.5000 2413.8699   38.8698
   -7.5000    7.5000  -37.5000 2442.3926   38.3531
    0.0000    7.5000  -37.5000 2442.9343   37.9637
    7.5000    7.5000  -37.5000 2434.6494   38.2156
   -7.5000   15.0000  -37.5000 2451.2185   37.6544
    0.0000   15.0000  -37.5000 2456.8152   37.2958
    7.5000   15.0000  -37.5000 2445.4648   37.5337
   -7.5000   22.5000  -37.5000 2461.0320   37.2619
    0.0000   22.5000  -37.5000 2466.7744   36.8485
    7.5000   22.5000  -37.5000 2450.2715   37.0211
   -7.5000   30.0000  -37.5000 2451.6155   37.2381
    0.0000   30.0000  -37.5000 2467.0330   36.8947
    7.5000   30.0000  -37.5000 2446.7625   36.9774
   -7.5000   37.5000  -37.5000 2423.9028   37.6992
    0.0000   37.5000  -37.5000 2443.6880   37.4069
    7.5000   37.5000  -37.5000 2417.7649   37.4002
   -7.5000   45.0000  -37.5000 2384.2859   38.8324
    0.0000   45.0000  -37.5000 2407.3086   38.6212
    7.5000   45.0000  -37.5000 2379.3235   38.5626
   -7.5000   52.5000  -37.5000 2304.1440   40.6056
    0.0000   52.5000  -37.5000 2324.6997   40.4468
    7.5000   52.5000  -37.5000 2297.5225   40.4139
   -7.5000   60.0000  -37.5000 2176.2590   42.9052
    0.0000   60.0000  -37.5000 2193.9678   42.6614
    7.5000   60.0000  -37.5000 2172.6216   42.7974
   -7.5000  -30.0000  -30.0000 2377.2048   40.2020
    0.0000  -30.0000  -30.0000 2379.0220   39.8891
    7.5000  -30.0000  -30.0000 2366.9399   40.4196
   -7.5000  -22.5000  -30.0000 2427.4412   39.6747
    0.0000  -22.5000  -30.0000 2432.5098   39.2828
    7.5000  -22.5000  -30.0000 2416.3777   39.6962
   -7.5000  -15.0000  -30.0000 2480.9766   38.8596
    0.0000  -15.0000  -30.0000 2488.5762   38.4889
    7.5000  -15.0000  -30.0000 2470.9863   38.8434
   -7.5000   -7.5000  -30.0000 2524.0740   38.0333
    0.0000   -7.5000  -30.0000 2530.2041   37.7373
    7.5000   -7.5000  -30.0000 2515.6274   38.0129
   -7.5000    0.0000  -30.0000 2554.0383   37.3155
    0.0000    0.0000  -30.0000 2552.4436   36.9247
    7.5000    0.0000  -30.0000 2540.4688   37.1539
   -7.5000    7.5000  -30.0000 2573.0559   36.5459
    0.0000    7.5000  -30.0000 2575.1155   36.1882
    7.5000    7.5000  -30.0000 2565.1262   36.4356
   -7.5000   15.0000  -30.0000 2590.5325   35.9290
    0.0000   15.0000  -30.0000 2596.7649   35.5688
    7.5000   15.0000  -30.0000 2587.0220   35.8105
   -7.5000   22.5000  -30.0000 2603.1240   35.3427
    0.0000   22.5000  -30.0000 2613.1287   34.9877
    7.5000   22.5000  -30.0000 2597.7693   35.2418
   -7.5000   30.0000  -30.0000 2604.2988   35.4263
    0.0000   30.0000  -30.0000 2617.4360   35.0246
    7.5000   30.0000  -30.0000 2602.2449   35.2569
   -7.5000   37.5000  -30.0000 2580.9912   35.9731
    0.0000   37.5000  -30.0000 2597.5596   35.5791
    7.5000   37.5000  -30.0000 2581.6079   35.7444
   -7.5000   45.0000  -30.0000 2541.9419   37.2297
    0.0000   45.0000  -30.0000 2565.4656   36.8074
    7.5000   45.0000  -30.0000 2541.7007   37.0298
   -7.5000   52.5000  -30.0000 2462.6611   38.9582
    0.0000   52.5000  -30.0000 2481.5044   38.6211
    7.5000   52.5000  -30.0000 2454.7693   38.7391
   -7.5000   60.0000  -30.0000 2335.0603   41.1232
    0.0000   60.0000  -30.0000 2354.1189   40.8078
    7.5000   60.0000  -30.0000 2331.4036   40.9479
   -7.5000  -30.0000  -22.5000 2456.2424   38.9981
    0.0000  -30.0000  -22.5000 2455.9243   38.5691
    7.5000  -30.0000  -22.5000 2448.9282   39.2199
   -7.5000  -22.5000  -22.5000 2513.5750   38.3034
    0.0000  -22.5000  -22.5000 2514.6460   37.8311
    7.5000  -22.5000  -22.5000 2507.4956   38.4031
   -7.5000  -15.0000  -22.5000 2565.5498   37.3384
    0.0000  -15.0000  -22.5000 2566.5186   36.8785
    7.5000  -15.0000  -22.5000 2558.1199   37.3400
   -7.5000   -7.5000  -22.5000 2604.4370   36.3364
    0.0000   -7.5000  -22.5000 2606.8677   35.9087
    7.5000   -7.5000  -22.5000 2598.8965   36.2513
   -7.5000    0.0000  -22.5000 2631.4805   35.4600
    0.0000    0.0000  -22.5000 2637.7991   35.1161
    7.5000    0.0000  -22.5000 2622.2354   35.2829
   -7.5000    7.5000  -22.5000 2660.9558   34.6132
    0.0000    7.5000  -22.5000 2669.1985   34.3040
    7.5000    7.5000  -22.5000 2657.3547   34.4541
   -7.5000   15.0000  -22.5000 2688.5083   33.8515
    0.0000   15.0000  -22.5000 2699.9761   33.4796
    7.5000   15.0000  -22.5000 2689.5747   33.7737
   -7.5000   22.5000  -22.5000 2703.8408   33.2601
    0.0000   22.5000  -22.5000 2716.3845   32.8823
    7.5000   22.5000  -22.5000 2702.5864   33.2062
   -7.5000   30.0000  -22.5000 2713.7983   33.3474
    0.0000   30.0000  -22.5000 2727.1772   32.8872
    7.5000   30.0000  -22.5000 2714.7944   33.2853
   -7.5000   37.5000  -22.5000 2705.6235   34.0319
    0.0000   37.5000  -22.5000 2716.0454   33.5143
    7.5000   37.5000  -22.5000 2704.5366   33.9018
   -7.5000   45.0000  -22.5000 2672.9880   35.3508
    0.0000   45.0000  -22.5000 2688.5327   34.8525
    7.5000   45.0000  -22.5000 2668.7197   35.1776
   -7.5000   52.5000  -22.5000 2587.5520   37.1394
    0.0000   52.5000  -22.5000 2605.5295   36.7089
    7.5000   52.5000  -22.5000 2582.7356   36.9713
   -7.5000   60.0000  -22.5000 2451.0671   39.2531
    0.0000   60.0000  -22.5000 2470.3616   38.8586
    7.5000   60.0000  -22.5000 2449.1011   39.0252
   -7.5000  -30.0000  -15.0000 2491.0471   38.0241
    0.0000  -30.0000  -15.0000 2493.7190   37.5959
    7.5000  -30.0000  -15.0000 2490.5417   38.2653
   -7.5000  -22.5000  -15.0000 2542.8350   37.1235
    0.0000  -22.5000  -15.0000 2547.8723   36.6789
    7.5000  -22.5000  -15.0000 2545.7637   37.1895
   -7.5000  -15.0000  -15.0000 2594.3240   35.9519
    0.0000  -15.0000  -15.0000 2599.9163   35.5478
    7.5000  -15.0000  -15.0000 2595.1223   35.9691
   -7.5000   -7.5000  -15.0000 2637.3142   34.8329
    0.0000   -7.5000  -15.0000 2639.6177   34.3726
    7.5000   -7.5000  -15.0000 2634.5471   34.8170
   -7.5000    0.0000  -15.0000 2669.1787   33.7983
    0.0000    0.0000  -15.0000 2676.6897   33.4191
    7.5000    0.0000  -15.0000 2665.1484   33.7437
   -7.5000    7.5000  -15.0000 2704.0371   32.8558
    0.0000    7.5000  -15.0000 2710.5542   32.4956
    7.5000    7.5000  -15.0000 2702.7256   32.7949
   -7.5000   15.0000  -15.0000 2738.5376   31.9525
    0.0000   15.0000  -15.0000 2752.9080   31.5885
    7.5000   15.0000  -15.0000 2740.0713   31.9279
   -7.5000   22.5000  -15.0000 2761.3562   31.2854
    0.0000   22.5000  -15.0000 2779.8411   30.9004
    7.5000   22.5000  -15.0000 2769.7634   31.2963
   -7.5000   30.0000  -15.0000 2782.9392   31.4592
    0.0000   30.0000  -15.0000 2800.2712   30.9577
    7.5000   30.0000  -15.0000 2792.6863   31.4112
   -7.5000   37.5000  -15.0000 2784.3477   32.3018
    0.0000   37.5000  -15.0000 2797.3530   31.7080
    7.5000   37.5000  -15.0000 2786.9775   32.2105
   -7.5000   45.0000  -15.0000 2753.5735   33.6337
    0.0000   45.0000  -15.0000 2769.8743   33.1252
    7.5000   45.0000  -15.0000 2754.6580   33.5806
   -7.5000   52.5000  -15.0000 2670.6387   35.4465
    0.0000   52.5000  -15.0000 2691.3755   35.0189
    7.5000   52.5000  -15.0000 2674.8120   35.4375
   -7.5000   60.0000  -15.0000 2534.3206   37.6332
    0.0000   60.0000  -15.0000 2551.4600   37.2321
    7.5000   60.0000  -15.0000 2535.2588   37.5835
   -7.5000  -30.0000   -7.5000 2509.8579   37.3836
    0.0000  -30.0000   -7.5000 2507.8582   36.9365
    7.5000  -30.0000   -7.5000 2509.3889   37.7270
   -7.5000  -22.5000   -7.5000 2553.5896   36.3550
    0.0000  -22.5000   -7.5000 2552.7183   35.8630
    7.5000  -22.5000   -7.5000 2559.1211   36.5218
   -7.5000  -15.0000   -7.5000 2593.0935   35.0687
    0.0000  -15.0000   -7.5000 2588.2603   34.5495
    7.5000  -15.0000   -7.5000 2596.1599   35.1323
   -7.5000   -7.5000   -7.5000 2634.2402   33.8362
    0.0000   -7.5000   -7.5000 2628.4568   33.2962
    7.5000   -7.5000   -7.5000 2632.9275   33.7459
   -7.5000    0.0000   -7.5000 2671.4172   32.6846
    0.0000    0.0000   -7.5000 2671.9622   32.2230
    7.5000    0.0000   -7.5000 2669.5769   32.5493
   -7.5000    7.5000   -7.5000 2708.4509   31.5753
    0.0000    7.5000   -7.5000 2714.8650   31.2209
    7.5000    7.5000   -7.5000 2714.3911   31.5635
   -7.5000   15.0000   -7.5000 2745.7864   30.5861
    0.0000   15.0000   -7.5000 2752.3391   30.2006
    7.5000   15.0000   -7.5000 2755.0081   30.6493
   -7.5000   22.5000   -7.5000 2771.1238   29.8552
    0.0000   22.5000   -7.5000 2785.0149   29.3373
    7.5000   22.5000   -7.5000 2784.0725   29.9129
   -7.5000   30.0000   -7.5000 2820.0222   30.1619
    0.0000   30.0000   -7.5000 2833.4500   29.5988
    7.5000   30.0000   -7.5000 2828.6340   30.1268
   -7.5000   37.5000   -7.5000 2832.0503   31.0585
    0.0000   37.5000   -7.5000 2842.9473   30.4943
    7.5000   37.5000   -7.5000 2836.6401   30.9615
   -7.5000   45.0000   -7.5000 2808.1665   32.4592
    0.0000   45.0000   -7.5000 2819.4465   31.8965
    7.5000   45.0000   -7.5000 2810.7244   32.3880
   -7.5000   52.5000   -7.5000 2728.9736   34.3037
    0.0000   52.5000   -7.5000 2739.1929   33.7819
    7.5000   52.5000   -7.5000 2730.4124   34.2688
   -7.5000   60.0000   -7.5000 2587.3462   36.5235
    0.0000   60.0000   -7.5000 2601.6335   35.9965
    7.5000   60.0000   -7.5000 2589.2268   36.4998
   -7.5000  -30.0000    0.0000 2485.2461   37.1550
    0.0000  -30.0000    0.0000 2492.7788   36.8055
    7.5000  -30.0000    0.0000 2492.1357   37.6408
   -7.5000  -22.5000    0.0000 2523.9597   36.0315
    0.0000  -22.5000    0.0000 2532.0127   35.6336
    7.5000  -22.5000    0.0000 2528.0178   36.3089
   -7.5000  -15.0000    0.0000 2564.7258   34.7124
    0.0000  -15.0000    0.0000 2563.9956   34.2709
    7.5000  -15.0000    0.0000 2565.1592   34.8093
   -7.5000   -7.5000    0.0000 2603.7488   33.3566
    0.0000   -7.5000    0.0000 2604.4607   32.9653
    7.5000   -7.5000    0.0000 2602.9434   33.2939
   -7.5000    0.0000    0.0000 2638.0735   32.0460
    0.0000    0.0000    0.0000 2648.6897   31.7766
    7.5000    0.0000    0.0000 2650.1313   32.0266
   -7.5000    7.5000    0.0000 2682.2925   31.0067
    0.0000    7.5000    0.0000 2690.8484   30.7345
    7.5000    7.5000    0.0000 2696.1719   30.9652
   -7.5000   15.0000    0.0000 2739.2573   30.2127
    0.0000   15.0000    0.0000 2752.9109   30.0481
    7.5000   15.0000    0.0000 2756.4551   30.2183
   -7.5000   22.5000    0.0000 2783.5713   29.4814
    0.0000   22.5000    0.0000 2788.3701   29.1115
    7.5000   22.5000    0.0000 2797.1482   29.5386
   -7.5000   30.0000    0.0000 2840.2495   29.6501
    0.0000   30.0000    0.0000 2861.3218   29.2756
    7.5000   30.0000    0.0000 2851.4631   29.5752
   -7.5000   37.5000    0.0000 2871.1631   30.5916
    0.0000   37.5000    0.0000 2898.6501   30.1812
    7.5000   37.5000    0.0000 2876.2629   30.3684
   -7.5000   45.0000    0.0000 2852.7839   31.9206
    0.0000   45.0000    0.0000 2868.4497   31.3339
    7.5000   45.0000    0.0000 2849.3220   31.6268
   -7.5000   52.5000    0.0000 2761.9382   33.6614
    0.0000   52.5000    0.0000 2777.2964   33.1503
    7.5000   52.5000    0.0000 2759.5608   33.4945
   -7.5000   60.0000    0.0000 2616.3914   35.9186
    0.0000   60.0000    0.0000 2631.9436   35.3859
    7.5000   60.0000    0.0000 2614.4663   35.7548
   -7.5000  -30.0000    7.5000 2442.3884   37.7022
    0.0000  -30.0000    7.5000 2451.7886   37.4487
    7.5000  -30.0000    7.5000 2457.5415   38.3860
   -7.5000  -22.5000    7.5000 2475.5032   36.4271
    0.0000  -22.5000    7.5000 2478.5056   36.0777
    7.5000  -22.5000    7.5000 2492.8711   36.9738
   -7.5000  -15.0000    7.5000 2508.0125   34.9937
    0.0000  -15.0000    7.5000 2508.5432   34.6403
    7.5000  -15.0000    7.5000 2525.9490   35.3582
   -7.5000   -7.5000    7.5000 2546.3877   33.5808
    0.0000   -7.5000    7.5000 2549.4905   33.3344
    7.5000   -7.5000    7.5000 2554.7637   33.6851
   -7.5000    0.0000    7.5000 2587.5957   32.2617
    0.0000    0.0000    7.5000 2607.8052   32.1883
    7.5000    0.0000    7.5000 2602.2300   32.2071
   -7.5000    7.5000    7.5000 2644.1506   31.2599
    0.0000    7.5000    7.5000 2673.8506   31.2845
    7.5000    7.5000    7.5000 2649.7568   31.0675
   -7.5000   15.0000    7.5000 2730.1755   30.7032
    0.0000   15.0000    7.5000 2786.0264   31.0390
    7.5000   15.0000    7.5000 2735.1382   30.5300
   -7.5000   22.5000    7.5000 2808.2754   30.1520
    0.0000   22.5000    7.5000 2858.7310   30.3980
    7.5000   22.5000    7.5000 2805.7024   29.9895
   -7.5000   30.0000    7.5000 2861.7991   30.0344
    0.0000   30.0000    7.5000 2890.7417   29.7783
    7.5000   30.0000    7.5000 2861.0559   29.9210
   -7.5000   37.5000    7.5000 2878.0413   30.6457
    0.0000   37.5000    7.5000 2894.6633   30.1788
    7.5000   37.5000    7.5000 2881.9729   30.4913
   -7.5000   45.0000    7.5000 2855.0974   31.7912
    0.0000   45.0000    7.5000 2860.9258   31.1333
    7.5000   45.0000    7.5000 2853.7710   31.5943
   -7.5000   52.5000    7.5000 2766.9712   33.4999
    0.0000   52.5000    7.5000 2774.9668   32.8838
    7.5000   52.5000    7.5000 2767.5244   33.4110
   -7.5000   60.0000    7.5000 2624.7231   35.7697
    0.0000   60.0000    7.5000 2630.3342   35.1500
    7.5000   60.0000    7.5000 2620.0505   35.6317
   -7.5000  -30.0000   15.0000 2374.5352   39.0987
    0.0000  -30.0000   15.0000 2390.8489   38.9436
    7.5000  -30.0000   15.0000 2412.1802   40.0899
   -7.5000  -22.5000   15.0000 2410.9294   37.6900
    0.0000  -22.5000   15.0000 2422.7891   37.4250
    7.5000  -22.5000   15.0000 2448.0833   38.4491
   -7.5000  -15.0000   15.0000 2454.7666   36.2736
    0.0000  -15.0000   15.0000 2461.0828   35.9969
    7.5000  -15.0000   15.0000 2477.5408   36.6436
   -7.5000   -7.5000   15.0000 2500.4827   34.8824
    0.0000   -7.5000   15.0000 2511.9343   34.7395
    7.5000   -7.5000   15.0000 2521.0898   35.0521
   -7.5000    0.0000   15.0000 2556.4546   33.5408
    0.0000    0.0000   15.0000 2576.7300   33.4816
    7.5000    0.0000   15.0000 2573.4700   33.5360
   -7.5000    7.5000   15.0000 2625.8870   32.4327
    0.0000    7.5000   15.0000 2650.6587   32.4051
    7.5000    7.5000   15.0000 2632.5447   32.2956
   -7.5000   15.0000   15.0000 2712.4146   31.5339
    0.0000   15.0000   15.0000 2759.7666   31.8577
    7.5000   15.0000   15.0000 2719.9092   31.4972
   -7.5000   22.5000   15.0000 2797.4573   30.8640
    0.0000   22.5000   15.0000 2832.8877   30.8478
    7.5000   22.5000   15.0000 2799.9399   30.9054
   -7.5000   30.0000   15.0000 2854.7261   30.9509
    0.0000   30.0000   15.0000 2877.1946   30.4761
    7.5000   30.0000   15.0000 2850.3442   30.9043
   -7.5000   37.5000   15.0000 2871.5381   31.6129
    0.0000   37.5000   15.0000 2888.4548   31.0976
    7.5000   37.5000   15.0000 2862.1597   31.4171
   -7.5000   45.0000   15.0000 2838.5181   32.6856
    0.0000   45.0000   15.0000 2848.7974   32.1586
    7.5000   45.0000   15.0000 2832.7317   32.5135
   -7.5000   52.5000   15.0000 2749.2397   34.2935
    0.0000   52.5000   15.0000 2750.2444   33.6443
    7.5000   52.5000   15.0000 2747.6978   34.1077
   -7.5000   60.0000   15.0000 2610.1641   36.4340
    0.0000   60.0000   15.0000 2610.8398   35.6512
    7.5000   60.0000   15.0000 2608.6638   36.1261
   -7.5000  -30.0000   22.5000 2308.3813   41.6245
    0.0000  -30.0000   22.5000 2321.7515   41.4183
    7.5000  -30.0000   22.5000 2346.8047   42.3459
   -7.5000  -22.5000   22.5000 2353.7898   40.0425
    0.0000  -22.5000   22.5000 2363.4771   39.6974
    7.5000  -22.5000   22.5000 2388.2537   40.5127
   -7.5000  -15.0000   22.5000 2404.1646   38.3856
    0.0000  -15.0000   22.5000 2413.5864   38.0096
    7.5000  -15.0000   22.5000 2436.5967   38.7075
   -7.5000   -7.5000   22.5000 2462.1680   36.6868
    0.0000   -7.5000   22.5000 2471.0508   36.3206
    7.5000   -7.5000   22.5000 2491.7261   36.8496
   -7.5000    0.0000   22.5000 2527.8494   35.1612
    0.0000    0.0000   22.5000 2537.8396   34.8270
    7.5000    0.0000   22.5000 2550.3884   35.2160
   -7.5000    7.5000   22.5000 2607.2024   33.9215
    0.0000    7.5000   22.5000 2618.9724   33.6955
    7.5000    7.5000   22.5000 2615.2280   33.8805
   -7.5000   15.0000   22.5000 2688.2344   32.7497
    0.0000   15.0000   22.5000 2704.2805   32.6370
    7.5000   15.0000   22.5000 2695.5127   32.8313
   -7.5000   22.5000   22.5000 2768.1948   32.0768
    0.0000   22.5000   22.5000 2773.1455   31.5600
    7.5000   22.5000   22.5000 2774.0779   32.2271
   -7.5000   30.0000   22.5000 2819.1970   32.3054
    0.0000   30.0000   22.5000 2828.6226   31.6447
    7.5000   30.0000   22.5000 2818.1299   32.2489
   -7.5000   37.5000   22.5000 2830.3416   33.0120
    0.0000   37.5000   22.5000 2842.6777   32.3237
    7.5000   37.5000   22.5000 2824.2812   32.8054
   -7.5000   45.0000   22.5000 2802.4187   34.2515
    0.0000   45.0000   22.5000 2810.6121   33.6194
    7.5000   45.0000   22.5000 2800.1943   33.9965
   -7.5000   52.5000   22.5000 2721.1624   35.8126
    0.0000   52.5000   22.5000 2725.0510   35.2391
    7.5000   52.5000   22.5000 2719.9087   35.5203
   -7.5000   60.0000   22.5000 2581.4839   37.5643
    0.0000   60.0000   22.5000 2587.3491   36.9595
    7.5000   60.0000   22.5000 2584.5037   37.2396
   -7.5000  -30.0000   30.0000 2251.6492   45.0038
    0.0000  -30.0000   30.0000 2257.6572   44.6324
    7.5000  -30.0000   30.0000 2278.3860   45.4771
   -7.5000  -22.5000   30.0000 2299.2168   42.9277
    0.0000  -22.5000   30.0000 2303.5251   42.4304
    7.5000  -22.5000   30.0000 2330.4121   43.3083
   -7.5000  -15.0000   30.0000 2356.3438   40.7764
    0.0000  -15.0000   30.0000 2360.2520   40.2539
    7.5000  -15.0000   30.0000 2386.5166   41.0643
   -7.5000   -7.5000   30.0000 2422.4812   38.7175
    0.0000   -7.5000   30.0000 2422.7070   38.1751
    7.5000   -7.5000   30.0000 2449.7627   38.9829
   -7.5000    0.0000   30.0000 2498.3010   37.0646
    0.0000    0.0000   30.0000 2504.2002   36.6433
    7.5000    0.0000   30.0000 2517.9587   37.2085
   -7.5000    7.5000   30.0000 2583.4902   35.7200
    0.0000    7.5000   30.0000 2587.8472   35.3519
    7.5000    7.5000   30.0000 2592.7419   35.7256
   -7.5000   15.0000   30.0000 2671.7473   34.7213
    0.0000   15.0000   30.0000 2670.7947   34.1406
    7.5000   15.0000   30.0000 2672.5552   34.7098
   -7.5000   22.5000   30.0000 2736.3376   34.0386
    0.0000   22.5000   30.0000 2738.6846   33.3996
    7.5000   22.5000   30.0000 2737.0801   34.0798
   -7.5000   30.0000   30.0000 2774.7761   34.1734
    0.0000   30.0000   30.0000 2781.2056   33.5103
    7.5000   30.0000   30.0000 2777.6353   34.1247
   -7.5000   37.5000   30.0000 2775.6025   34.8447
    0.0000   37.5000   30.0000 2780.9011   34.1218
    7.5000   37.5000   30.0000 2780.6292   34.6588
   -7.5000   45.0000   30.0000 2750.6523   36.0428
    0.0000   45.0000   30.0000 2748.3142   35.2595
    7.5000   45.0000   30.0000 2751.2322   35.7740
   -7.5000   52.5000   30.0000 2670.9573   37.5288
    0.0000   52.5000   30.0000 2671.2004   36.8020
    7.5000   52.5000   30.0000 2673.5281   37.2195
   -7.5000   60.0000   30.0000 2545.7844   39.2653
    0.0000   60.0000   30.0000 2553.4280   38.6720
    7.5000   60.0000   30.0000 2544.2209   38.9002
   -7.5000  -30.0000   37.5000 2192.0173   48.6987
    0.0000  -30.0000   37.5000 2199.5471   48.4072
    7.5000  -30.0000   37.5000 2208.4731   49.1999
   -7.5000  -22.5000   37.5000 2247.5684   46.1087
    0.0000  -22.5000   37.5000 2248.0215   45.6354
    7.5000  -22.5000   37.5000 2266.1768   46.5295
   -7.5000  -15.0000   37.5000 2308.8621   43.4589
    0.0000  -15.0000   37.5000 2307.2986   42.8419
    7.5000  -15.0000   37.5000 2332.3499   43.9157
   -7.5000   -7.5000   37.5000 2386.1326   41.2254
    0.0000   -7.5000   37.5000 2379.7380   40.5427
    7.5000   -7.5000   37.5000 2403.4590   41.5362
   -7.5000    0.0000   37.5000 2469.2007   39.4182
    0.0000    0.0000   37.5000 2469.8230   38.8621
    7.5000    0.0000   37.5000 2484.5317   39.6477
   -7.5000    7.5000   37.5000 2560.7949   38.0592
    0.0000    7.5000   37.5000 2558.2219   37.4460
    7.5000    7.5000   37.5000 2566.6099   38.1423
   -7.5000   15.0000   37.5000 2641.1633   37.0726
    0.0000   15.0000   37.5000 2639.7092   36.3595
    7.5000   15.0000   37.5000 2641.1628   37.1068
   -7.5000   22.5000   37.5000 2693.2932   36.4188
    0.0000   22.5000   37.5000 2698.5667   35.7867
    7.5000   22.5000   37.5000 2696.6013   36.4596
   -7.5000   30.0000   37.5000 2723.8257   36.5543
    0.0000   30.0000   37.5000 2730.3530   35.8628
    7.5000   30.0000   37.5000 2731.2427   36.4583
   -7.5000   37.5000   37.5000 2718.1707   37.0949
    0.0000   37.5000   37.5000 2722.0254   36.3602
    7.5000   37.5000   37.5000 2727.4861   36.8836
   -7.5000   45.0000   37.5000 2693.5054   38.2785
    0.0000   45.0000   37.5000 2689.7244   37.4357
    7.5000   45.0000   37.5000 2695.6101   37.9324
   -7.5000   52.5000   37.5000 2616.8430   39.6551
    0.0000   52.5000   37.5000 2615.4592   38.7848
    7.5000   52.5000   37.5000 2616.5156   39.2970
   -7.5000   60.0000   37.5000 2491.3718   41.2086
    0.0000   60.0000   37.5000 2501.0122   40.5409
    7.5000   60.0000   37.5000 2494.8811   40.9064
   -7.5000  -30.0000   45.0000 2113.8462   52.6000
    0.0000  -30.0000   45.0000 2131.5144   52.5152
    7.5000  -30.0000   45.0000 2137.9280   53.5945
   -7.5000  -22.5000   45.0000 2185.2905   49.4965
    0.0000  -22.5000   45.0000 2192.1201   49.1760
    7.5000  -22.5000   45.0000 2202.3425   50.4016
   -7.5000  -15.0000   45.0000 2262.9692   46.5603
    0.0000  -15.0000   45.0000 2262.9951   46.0355
    7.5000  -15.0000   45.0000 2279.9575   47.3325
   -7.5000   -7.5000   45.0000 2344.9673   44.2086
    0.0000   -7.5000   45.0000 2345.0701   43.5418
    7.5000   -7.5000   45.0000 2359.1338   44.6611
   -7.5000    0.0000   45.0000 2428.9771   42.2786
    0.0000    0.0000   45.0000 2427.3303   41.5849
    7.5000    0.0000   45.0000 2440.7026   42.5657
   -7.5000    7.5000   45.0000 2519.4810   40.8966
    0.0000    7.5000   45.0000 2518.0823   40.1540
    7.5000    7.5000   45.0000 2517.9580   40.9428
   -7.5000   15.0000   45.0000 2594.3745   39.9060
    0.0000   15.0000   45.0000 2597.0117   39.2030
    7.5000   15.0000   45.0000 2588.6782   39.9380
   -7.5000   22.5000   45.0000 2642.0203   39.3589
    0.0000   22.5000   45.0000 2650.6021   38.7429
    7.5000   22.5000   45.0000 2642.5547   39.4225
   -7.5000   30.0000   45.0000 2667.7241   39.4351
    0.0000   30.0000   45.0000 2672.0571   38.7640
    7.5000   30.0000   45.0000 2666.3518   39.2984
   -7.5000   37.5000   45.0000 2655.3047   39.9117
    0.0000   37.5000   45.0000 2660.0420   39.2100
    7.5000   37.5000   45.0000 2661.1182   39.6653
   -7.5000   45.0000   45.0000 2625.9302   40.8339
    0.0000   45.0000   45.0000 2628.7971   40.0961
    7.5000   45.0000   45.0000 2632.5342   40.6173
   -7.5000   52.5000   45.0000 2555.8806   42.0815
    0.0000   52.5000   45.0000 2559.0361   41.4052
    7.5000   52.5000   45.0000 2557.4695   41.9157
   -7.5000   60.0000   45.0000 2429.9148   43.6333
    0.0000   60.0000   45.0000 2440.0188   42.9756
    7.5000   60.0000   45.0000 2437.0247   43.4913

---------------------------------------------------------------------
imgreg_4dfp /opt/freesurfer/average/3T18yoSchwartzReactN32_as_orig /opt/freesurfer/average/711-2B_as_mni_average_305_mask talsrcimg_g11 none talsrcimg_to_3T18yoSchwartzReactN32_as_orig_t4 1283
---------------------------------------------------------------------

freesurfer imgreg_4dfp.c
/opt/freesurfer/average/3T18yoSchwartzReactN32_as_orig.4dfp.img
       256       256       256         1
  1.000000  1.000000  1.000000
orientation T byte_order littleendian
Reading image: /opt/freesurfer/average/3T18yoSchwartzReactN32_as_orig.4dfp.img
dimensions:      256       256       256
mmppix:       1.0000   -1.0000   -1.0000
center:     128.0000 -129.0000 -129.0000
/opt/freesurfer/average/711-2B_as_mni_average_305_mask.4dfp.img
       256       256       256         1
  1.000000  1.000000  1.000000
orientation T byte_order littleendian
Reading mask: /opt/freesurfer/average/711-2B_as_mni_average_305_mask.4dfp.img (2306576 pixels)
talsrcimg_g11.4dfp.img
       320       320       320         1
  0.799995  0.799995  0.799995
orientation T byte_order littleendian
Reading image: talsrcimg_g11.4dfp.img
dimensions:      320       320       320
mmppix:       0.8000   -0.8000   -0.8000
center:     127.9992 -128.7992 -128.7992
rotation matrix determinant  1.000000
fimgreg.f
image alignment mode   1283 decimal      503 hex
parameters
    0.0000   37.5000    0.0000    0.0000    0.0000    0.0000
eta,q 0.90857 30.27136
niter,ni,del,rscale     5    3   12.0000    1.2000
parameter  1  0.972371 ->  0.500000 qaram    1.1500
parameter  3 -0.636225 -> -0.500000 qaram    1.1500
parameter  4  2.664938 -> -0.500000 qaram    1.1500
parameters
   -3.4500   37.6435    3.4500    3.4500    0.0684   -0.2991
eta,q 0.90512 30.24604
  0.0962  0.1034  0.1073  0.0971  0.0980  0.0958
  0.0959  0.0999  0.1019  0.0963  0.0966  0.0951
  0.0959  0.0961  0.0983  0.0957  0.0955  0.0947
  0.0965  0.0957  0.0959  0.0962  0.0948  0.0948
  0.0965  0.0971  0.0956  0.0958  0.0957  0.0951
  0.0975  0.0995  0.0964  0.0946  0.0973  0.0951
  0.0972  0.1022  0.0941  0.0943  0.0972  0.0960
niter,ni,del,rscale     7    3   12.0000    1.2000
parameter  4  0.729087 ->  0.500000 qaram    1.3225
parameters
   -1.7700   36.6354    5.5955   -0.5175    2.5474   -0.5753
eta,q 0.90445 29.61858
  0.1076  0.1005  0.1032  0.0956  0.0995  0.0978
  0.1002  0.0974  0.0993  0.0960  0.0984  0.0962
  0.0964  0.0946  0.0958  0.0962  0.0974  0.0955
  0.0949  0.0953  0.0945  0.0966  0.0961  0.0956
  0.0958  0.0984  0.0967  0.0976  0.0957  0.0961
  0.0979  0.1006  0.0972  0.0989  0.0955  0.0966
  0.0978  0.1039  0.0960  0.1011  0.0969  0.0979
niter,ni,del,rscale     7    3   12.0000    1.2000
parameter  3 -1.070075 -> -0.500000 qaram    1.3225
parameters
   -2.0766   36.3090    9.5630   -4.0059    0.5464    2.1260
eta,q 0.90783 29.93143
  0.0992  0.0990  0.0977  0.0946  0.0946  0.0984
  0.0966  0.0974  0.0943  0.0939  0.0932  0.0956
  0.0958  0.0965  0.0951  0.0933  0.0929  0.0938
  0.0956  0.0956  0.0957  0.0938  0.0934  0.0929
  0.0957  0.0953  0.0944  0.0960  0.0943  0.0923
  0.0983  0.0973  0.0937  0.0981  0.0974  0.0921
  0.0992  0.1010  0.0939  0.1008  0.1014  0.0931
niter,ni,del,rscale     7    3   12.0000    1.2000
parameters
   -2.4535   34.6371    9.0758   -3.1646    0.0393    1.9963
eta,q 0.90742 29.75459
  0.1014  0.0920  0.1034  0.0962  0.0970  0.0954
  0.0962  0.0929  0.0990  0.0945  0.0943  0.0939
  0.0939  0.0930  0.0943  0.0935  0.0926  0.0931
  0.0922  0.0923  0.0930  0.0930  0.0926  0.0926
  0.0942  0.0913  0.0951  0.0920  0.0932  0.0928
  0.0992  0.0927  0.1004  0.0925  0.0951  0.0939
  0.1024  0.0972  0.1067  0.0958  0.0992  0.0959
niter,ni,del,rscale     6    3   12.0000    1.2000
parameters
   -2.0266   35.6022    8.6477   -3.6661   -0.1293    2.1147
eta,q 0.90761 29.76748
  0.1050  0.0919  0.0999  0.0957  0.0974  0.0956
  0.0988  0.0924  0.0986  0.0940  0.0945  0.0939
  0.0946  0.0930  0.0945  0.0932  0.0925  0.0929
  0.0926  0.0925  0.0921  0.0923  0.0925  0.0924
  0.0941  0.0914  0.0930  0.0916  0.0930  0.0924
  0.0987  0.0908  0.0978  0.0945  0.0946  0.0937
  0.1013  0.0932  0.1042  0.0978  0.0981  0.0955
niter,ni,del,rscale     5    3   12.0000    1.2000
parameters
   -2.1226   35.0033    8.6972   -3.5156   -0.0824    1.8916
eta,q 0.90737 29.72909
  0.1028  0.0919  0.1023  0.0960  0.0981  0.0954
  0.0971  0.0931  0.1003  0.0943  0.0951  0.0939
  0.0938  0.0930  0.0955  0.0932  0.0929  0.0931
  0.0924  0.0924  0.0927  0.0927  0.0926  0.0926
  0.0950  0.0910  0.0934  0.0918  0.0931  0.0929
  0.0994  0.0912  0.0978  0.0933  0.0946  0.0941
  0.1017  0.0947  0.1043  0.0966  0.0981  0.0960
niter,ni,del,rscale     4    3   12.0000    1.2000
parameters
   -1.9885   35.4354    8.5663   -3.7443   -0.0581    1.9772
eta,q 0.90740 29.74266
  0.1040  0.0919  0.1009  0.0959  0.0979  0.0957
  0.0979  0.0926  0.0996  0.0942  0.0949  0.0941
  0.0942  0.0931  0.0952  0.0932  0.0928  0.0931
  0.0926  0.0926  0.0925  0.0925  0.0926  0.0926
  0.0949  0.0914  0.0931  0.0918  0.0931  0.0927
  0.0994  0.0909  0.0976  0.0940  0.0945  0.0939
  0.1016  0.0935  0.1039  0.0973  0.0979  0.0957
niter,ni,del,rscale     3    3   12.0000    1.2000
parameters
   -2.0839   34.8202    8.7458   -3.5300   -0.0340    1.7252
eta,q 0.90733 29.72028
  0.1030  0.0919  0.1029  0.0959  0.0981  0.0954
  0.0972  0.0929  0.1007  0.0942  0.0951  0.0938
  0.0939  0.0931  0.0957  0.0931  0.0929  0.0930
  0.0926  0.0926  0.0928  0.0927  0.0926  0.0927
  0.0953  0.0912  0.0935  0.0919  0.0931  0.0930
  0.0996  0.0911  0.0977  0.0931  0.0947  0.0942
  0.1017  0.0942  0.1042  0.0964  0.0982  0.0960
niter,ni,del,rscale     2    3   12.0000    1.2000
parameters
   -1.8963   37.2308    7.8507   -4.2217    0.2099    2.6701
eta,q 0.90846 29.73939
  0.1043  0.0918  0.0969  0.0966  0.0973  0.0961
  0.0981  0.0923  0.0968  0.0944  0.0941  0.0942
  0.0943  0.0931  0.0933  0.0926  0.0919  0.0929
  0.0927  0.0927  0.0913  0.0917  0.0918  0.0919
  0.0950  0.0916  0.0924  0.0922  0.0924  0.0914
  0.0995  0.0910  0.0971  0.0959  0.0934  0.0924
  0.1016  0.0932  0.1025  0.0991  0.0963  0.0944
niter,ni,del,rscale     1    3   12.0000    1.2000
parameters
   -2.4934   36.3959    7.8664   -3.8214    0.2224    2.8466
eta,q 0.90797 29.68120
  0.0996  0.0934  0.0995  0.0973  0.0980  0.0960
  0.0952  0.0938  0.0992  0.0955  0.0948  0.0944
  0.0925  0.0930  0.0953  0.0936  0.0924  0.0931
  0.0915  0.0914  0.0922  0.0922  0.0921  0.0921
  0.0945  0.0906  0.0926  0.0917  0.0929  0.0922
  0.0987  0.0929  0.0966  0.0942  0.0946  0.0938
  0.1011  0.0990  0.1020  0.0972  0.0979  0.0959
registration optimization eta report
parameter search radius
    6.9000    6.0000    7.9350    7.9350    6.0000    6.0000
100000*second partial in parameter space
       17.       13.       13.        8.       16.       11.
  0.0996  0.0934  0.0995  0.0973  0.0980  0.0960
  0.0952  0.0938  0.0992  0.0955  0.0948  0.0944
  0.0925  0.0930  0.0953  0.0936  0.0924  0.0931
  0.0915  0.0914  0.0922  0.0922  0.0921  0.0921
  0.0945  0.0906  0.0926  0.0917  0.0929  0.0922
  0.0987  0.0929  0.0966  0.0942  0.0946  0.0938
  0.1011  0.0990  0.1020  0.0972  0.0979  0.0959
   -2.4934   36.3959    7.8664   -3.8214    0.2224    2.8466
eta,q 0.90797 29.68120

---------------------------------------------------------------------
imgreg_4dfp /opt/freesurfer/average/3T18yoSchwartzReactN32_as_orig /opt/freesurfer/average/711-2B_as_mni_average_305_mask talsrcimg_g11 none talsrcimg_to_3T18yoSchwartzReactN32_as_orig_t4 3335
---------------------------------------------------------------------

freesurfer imgreg_4dfp.c
/opt/freesurfer/average/3T18yoSchwartzReactN32_as_orig.4dfp.img
       256       256       256         1
  1.000000  1.000000  1.000000
orientation T byte_order littleendian
Reading image: /opt/freesurfer/average/3T18yoSchwartzReactN32_as_orig.4dfp.img
dimensions:      256       256       256
mmppix:       1.0000   -1.0000   -1.0000
center:     128.0000 -129.0000 -129.0000
/opt/freesurfer/average/711-2B_as_mni_average_305_mask.4dfp.img
       256       256       256         1
  1.000000  1.000000  1.000000
orientation T byte_order littleendian
Reading mask: /opt/freesurfer/average/711-2B_as_mni_average_305_mask.4dfp.img (2306576 pixels)
talsrcimg_g11.4dfp.img
       320       320       320         1
  0.799995  0.799995  0.799995
orientation T byte_order littleendian
Reading image: talsrcimg_g11.4dfp.img
dimensions:      320       320       320
mmppix:       0.8000   -0.8000   -0.8000
center:     127.9992 -128.7992 -128.7992
fimgreg.f
image alignment mode   3335 decimal      D07 hex
parameters
   -2.4934   36.3959    7.8664   -0.1241   -0.3442   -0.2231
   -4.9294   -0.7178    4.9662    6.6372    0.3881   -6.6646
eta,q 0.90984 30.29904
niter,ni,del,rscale     5    3    5.0000    1.2000
parameter  9  1.972571 ->  0.500000 qaram    1.1500
parameter 10 -1.015829 -> -0.500000 qaram    1.1500
parameter 12 -1.161638 -> -0.500000 qaram    1.1500
parameters
   -2.1924   35.5803    8.8314   -2.8452    2.6502    0.1162
   -6.7978    0.5089    0.8262   10.7772    3.6218   -2.5246
eta,q 0.91479 31.01004
  0.0917  0.0904  0.0913  0.0904  0.0925  0.0933  0.0896  0.0931  0.0877  0.0915  0.0898  0.0908
  0.0909  0.0902  0.0908  0.0898  0.0915  0.0911  0.0894  0.0914  0.0880  0.0904  0.0885  0.0893
  0.0904  0.0901  0.0904  0.0896  0.0903  0.0896  0.0893  0.0901  0.0885  0.0892  0.0875  0.0878
  0.0902  0.0902  0.0901  0.0899  0.0896  0.0893  0.0894  0.0893  0.0892  0.0881  0.0869  0.0866
  0.0903  0.0904  0.0899  0.0906  0.0893  0.0903  0.0895  0.0893  0.0900  0.0873  0.0866  0.0857
  0.0906  0.0909  0.0899  0.0914  0.0894  0.0914  0.0898  0.0900  0.0908  0.0868  0.0867  0.0851
  0.0910  0.0916  0.0903  0.0919  0.0900  0.0920  0.0901  0.0913  0.0916  0.0871  0.0870  0.0850
niter,ni,del,rscale     7    3    5.0000    1.2000
parameter  5  1.382924 ->  0.500000 qaram    1.1500
parameter  9  0.611524 ->  0.500000 qaram    1.3225
parameter 12 -0.621644 -> -0.500000 qaram    1.3225
parameters
   -1.3410   34.8988    9.4452   -3.1772   -1.4898   -0.2828
   -7.0759   -0.7449   -3.9348   10.3389    3.6409    2.2364
eta,q 0.91873 30.50344
  0.0887  0.0855  0.0884  0.0883  0.0823  0.0918  0.0841  0.0867  0.0827  0.0860  0.0841  0.0868
  0.0872  0.0850  0.0868  0.0866  0.0831  0.0880  0.0835  0.0840  0.0822  0.0838  0.0829  0.0848
  0.0860  0.0848  0.0856  0.0853  0.0835  0.0847  0.0833  0.0829  0.0823  0.0825  0.0823  0.0832
  0.0852  0.0849  0.0848  0.0846  0.0847  0.0832  0.0832  0.0832  0.0829  0.0821  0.0821  0.0821
  0.0849  0.0853  0.0847  0.0852  0.0862  0.0850  0.0834  0.0847  0.0839  0.0828  0.0824  0.0815
  0.0852  0.0860  0.0851  0.0870  0.0878  0.0893  0.0837  0.0868  0.0850  0.0844  0.0830  0.0813
  0.0859  0.0868  0.0860  0.0892  0.0898  0.0941  0.0841  0.0894  0.0862  0.0869  0.0839  0.0816
niter,ni,del,rscale     7    3    5.0000    1.2000
parameter  5  1.872252 ->  0.500000 qaram    1.3225
parameter  7 -0.722188 -> -0.500000 qaram    1.1500
parameters
   -1.0139   34.5688    9.4165   -3.1655   -6.2508   -0.1655
   -2.9359   -1.7165   -4.1493   11.2561    3.2178    3.9188
eta,q 0.92195 29.88601
  0.0844  0.0820  0.0835  0.0863  0.0778  0.0890  0.0826  0.0832  0.0807  0.0844  0.0801  0.0828
  0.0829  0.0814  0.0823  0.0842  0.0788  0.0850  0.0812  0.0799  0.0791  0.0813  0.0789  0.0804
  0.0818  0.0812  0.0815  0.0823  0.0798  0.0813  0.0800  0.0783  0.0782  0.0790  0.0782  0.0789
  0.0813  0.0812  0.0812  0.0812  0.0812  0.0791  0.0791  0.0784  0.0782  0.0782  0.0781  0.0781
  0.0813  0.0814  0.0815  0.0817  0.0825  0.0802  0.0786  0.0801  0.0786  0.0784  0.0785  0.0782
  0.0819  0.0819  0.0823  0.0839  0.0845  0.0840  0.0784  0.0826  0.0795  0.0797  0.0793  0.0790
  0.0831  0.0826  0.0837  0.0866  0.0866  0.0891  0.0785  0.0858  0.0806  0.0821  0.0805  0.0802
niter,ni,del,rscale     7    3    5.0000    1.2000
parameter  2  0.592964 ->  0.500000 qaram    1.1500
parameter  5  0.773838 ->  0.500000 qaram    1.5209
parameter  7 -0.932567 -> -0.500000 qaram    1.3225
parameters
   -0.9979   33.1888    9.6238   -3.5698  -11.7259    0.6941
    1.8251   -2.6861   -2.0996    9.9051    4.2484    2.0452
eta,q 0.92717 29.45648
  0.0808  0.0779  0.0804  0.0826  0.0765  0.0864  0.0811  0.0796  0.0784  0.0780  0.0761  0.0751
  0.0794  0.0775  0.0790  0.0801  0.0757  0.0824  0.0790  0.0758  0.0761  0.0749  0.0746  0.0735
  0.0784  0.0777  0.0780  0.0782  0.0758  0.0783  0.0770  0.0738  0.0744  0.0732  0.0735  0.0729
  0.0781  0.0780  0.0775  0.0775  0.0775  0.0756  0.0754  0.0737  0.0735  0.0734  0.0731  0.0730
  0.0783  0.0785  0.0777  0.0786  0.0798  0.0759  0.0742  0.0756  0.0734  0.0752  0.0731  0.0739
  0.0793  0.0792  0.0784  0.0811  0.0820  0.0788  0.0736  0.0790  0.0742  0.0782  0.0737  0.0754
  0.0809  0.0802  0.0796  0.0838  0.0840  0.0831  0.0737  0.0833  0.0754  0.0817  0.0747  0.0772
niter,ni,del,rscale     7    3    5.0000    1.2000
parameter  2  0.503618 ->  0.500000 qaram    1.3225
parameters
   -0.8119   31.6018    8.9237   -5.0234  -14.7938    0.8011
    3.3836   -2.6260   -2.0172    6.1492    5.2318   -0.1886
eta,q 0.93103 29.39635
  0.0768  0.0729  0.0730  0.0767  0.0751  0.0803  0.0783  0.0791  0.0766  0.0713  0.0726  0.0710
  0.0748  0.0721  0.0722  0.0734  0.0723  0.0761  0.0751  0.0746  0.0735  0.0697  0.0710  0.0695
  0.0734  0.0721  0.0719  0.0716  0.0708  0.0723  0.0724  0.0716  0.0713  0.0694  0.0699  0.0689
  0.0728  0.0728  0.0720  0.0719  0.0714  0.0708  0.0708  0.0705  0.0705  0.0705  0.0694  0.0693
  0.0731  0.0743  0.0727  0.0743  0.0741  0.0721  0.0707  0.0716  0.0712  0.0731  0.0694  0.0702
  0.0740  0.0762  0.0740  0.0781  0.0786  0.0758  0.0722  0.0745  0.0734  0.0770  0.0700  0.0717
  0.0758  0.0786  0.0758  0.0817  0.0824  0.0797  0.0750  0.0787  0.0764  0.0812  0.0712  0.0736
niter,ni,del,rscale     7    3    5.0000    1.2000
parameters
   -0.7331   30.7083    7.9748   -4.9447  -15.6918   -0.1022
    3.1442   -2.9686   -2.4169    5.8423    5.7174   -0.5033
eta,q 0.93221 29.37930
  0.0740  0.0717  0.0689  0.0764  0.0776  0.0761  0.0744  0.0757  0.0740  0.0746  0.0711  0.0714
  0.0714  0.0692  0.0681  0.0724  0.0736  0.0716  0.0711  0.0714  0.0707  0.0706  0.0694  0.0692
  0.0696  0.0683  0.0679  0.0693  0.0699  0.0684  0.0687  0.0686  0.0685  0.0684  0.0683  0.0680
  0.0690  0.0690  0.0683  0.0679  0.0679  0.0681  0.0679  0.0679  0.0679  0.0678  0.0678  0.0678
  0.0694  0.0709  0.0693  0.0688  0.0697  0.0707  0.0689  0.0694  0.0689  0.0688  0.0680  0.0685
  0.0710  0.0739  0.0708  0.0720  0.0757  0.0757  0.0715  0.0726  0.0715  0.0714  0.0689  0.0698
  0.0734  0.0777  0.0728  0.0763  0.0823  0.0803  0.0751  0.0771  0.0750  0.0755  0.0704  0.0716
niter,ni,del,rscale     6    3    5.0000    1.2000
parameters
   -0.7446   30.8167    7.5100   -4.5656  -15.9681   -0.7213
    3.2450   -3.2083   -2.6435    6.2125    6.0761   -0.6859
eta,q 0.93244 29.31703
  0.0727  0.0745  0.0695  0.0767  0.0782  0.0767  0.0745  0.0756  0.0739  0.0755  0.0708  0.0713
  0.0700  0.0709  0.0683  0.0726  0.0742  0.0720  0.0711  0.0713  0.0706  0.0711  0.0691  0.0690
  0.0683  0.0686  0.0677  0.0693  0.0702  0.0684  0.0686  0.0685  0.0683  0.0686  0.0680  0.0678
  0.0678  0.0678  0.0678  0.0677  0.0676  0.0677  0.0676  0.0676  0.0676  0.0676  0.0676  0.0676
  0.0684  0.0684  0.0685  0.0683  0.0684  0.0699  0.0684  0.0690  0.0686  0.0681  0.0678  0.0682
  0.0701  0.0704  0.0697  0.0712  0.0739  0.0749  0.0708  0.0722  0.0710  0.0703  0.0687  0.0694
  0.0728  0.0736  0.0715  0.0753  0.0808  0.0799  0.0742  0.0766  0.0745  0.0742  0.0703  0.0713
niter,ni,del,rscale     5    3    5.0000    1.2000
parameters
   -0.7923   30.9115    7.2028   -4.2971  -15.9980   -1.1107
    3.4191   -3.3841   -2.7356    6.5120    6.2996   -0.8480
eta,q 0.93258 29.29243
  0.0723  0.0742  0.0696  0.0764  0.0783  0.0774  0.0743  0.0757  0.0739  0.0753  0.0706  0.0712
  0.0697  0.0706  0.0683  0.0723  0.0743  0.0725  0.0709  0.0712  0.0705  0.0710  0.0689  0.0689
  0.0680  0.0684  0.0676  0.0690  0.0703  0.0686  0.0684  0.0684  0.0682  0.0684  0.0679  0.0677
  0.0676  0.0676  0.0676  0.0675  0.0675  0.0675  0.0675  0.0675  0.0674  0.0674  0.0674  0.0674
  0.0682  0.0682  0.0681  0.0684  0.0680  0.0694  0.0682  0.0687  0.0684  0.0680  0.0677  0.0680
  0.0700  0.0702  0.0693  0.0714  0.0731  0.0743  0.0706  0.0719  0.0707  0.0703  0.0687  0.0693
  0.0727  0.0734  0.0711  0.0754  0.0801  0.0795  0.0739  0.0764  0.0741  0.0742  0.0702  0.0712
niter,ni,del,rscale     4    3    5.0000    1.2000
parameters
   -0.8481   30.9541    7.0165   -4.1449  -15.9646   -1.3515
    3.5540   -3.5143   -2.7628    6.7023    6.4549   -0.9582
eta,q 0.93264 29.28490
  0.0722  0.0739  0.0698  0.0761  0.0783  0.0779  0.0742  0.0758  0.0739  0.0751  0.0704  0.0712
  0.0695  0.0704  0.0684  0.0720  0.0742  0.0728  0.0708  0.0712  0.0705  0.0708  0.0688  0.0689
  0.0679  0.0681  0.0676  0.0688  0.0702  0.0687  0.0683  0.0683  0.0682  0.0683  0.0678  0.0676
  0.0674  0.0674  0.0674  0.0674  0.0674  0.0674  0.0674  0.0674  0.0674  0.0674  0.0674  0.0674
  0.0681  0.0682  0.0679  0.0684  0.0678  0.0691  0.0681  0.0686  0.0682  0.0680  0.0677  0.0679
  0.0699  0.0702  0.0690  0.0715  0.0729  0.0739  0.0705  0.0718  0.0706  0.0704  0.0686  0.0692
  0.0726  0.0734  0.0707  0.0754  0.0798  0.0793  0.0738  0.0763  0.0740  0.0744  0.0702  0.0711
niter,ni,del,rscale     3    3    5.0000    1.2000
parameters
   -0.8948   30.9745    6.9032   -4.0617  -15.9278   -1.4978
    3.6405   -3.6110   -2.7664    6.8209    6.5569   -1.0269
eta,q 0.93268 29.28225
  0.0721  0.0738  0.0699  0.0759  0.0783  0.0782  0.0741  0.0759  0.0739  0.0750  0.0704  0.0712
  0.0695  0.0702  0.0685  0.0718  0.0742  0.0731  0.0707  0.0713  0.0705  0.0707  0.0688  0.0689
  0.0678  0.0680  0.0676  0.0686  0.0702  0.0689  0.0682  0.0683  0.0682  0.0682  0.0677  0.0676
  0.0674  0.0673  0.0674  0.0674  0.0674  0.0673  0.0673  0.0673  0.0673  0.0673  0.0673  0.0673
  0.0680  0.0681  0.0677  0.0684  0.0678  0.0689  0.0681  0.0685  0.0682  0.0680  0.0676  0.0679
  0.0698  0.0702  0.0688  0.0716  0.0728  0.0737  0.0705  0.0717  0.0705  0.0705  0.0686  0.0692
  0.0725  0.0735  0.0705  0.0755  0.0798  0.0792  0.0738  0.0762  0.0739  0.0746  0.0702  0.0711
niter,ni,del,rscale     2    3    5.0000    1.2000
parameters
   -0.9281   30.9853    6.8339   -4.0181  -15.9010   -1.5866
    3.6943   -3.6789   -2.7614    6.8911    6.6229   -1.0644
eta,q 0.93270 29.28105
  0.0722  0.0737  0.0700  0.0758  0.0783  0.0784  0.0740  0.0759  0.0739  0.0749  0.0703  0.0712
  0.0695  0.0702  0.0685  0.0716  0.0742  0.0733  0.0706  0.0713  0.0705  0.0707  0.0687  0.0689
  0.0678  0.0680  0.0676  0.0685  0.0701  0.0690  0.0682  0.0683  0.0681  0.0682  0.0677  0.0676
  0.0673  0.0673  0.0673  0.0673  0.0673  0.0673  0.0673  0.0673  0.0673  0.0673  0.0673  0.0673
  0.0680  0.0681  0.0677  0.0684  0.0678  0.0688  0.0681  0.0685  0.0682  0.0680  0.0676  0.0678
  0.0697  0.0702  0.0687  0.0716  0.0729  0.0736  0.0705  0.0716  0.0705  0.0705  0.0686  0.0691
  0.0724  0.0735  0.0704  0.0755  0.0798  0.0791  0.0738  0.0761  0.0739  0.0747  0.0702  0.0711
niter,ni,del,rscale     1    3    5.0000    1.2000
parameters
   -0.9510   30.9923    6.7926   -3.9940  -15.8838   -1.6397
    3.7264   -3.7256   -2.7564    6.9320    6.6703   -1.0847
eta,q 0.93271 29.28024
  0.0722  0.0737  0.0701  0.0757  0.0783  0.0785  0.0739  0.0760  0.0739  0.0749  0.0703  0.0712
  0.0695  0.0702  0.0685  0.0716  0.0741  0.0734  0.0706  0.0713  0.0705  0.0706  0.0687  0.0689
  0.0678  0.0680  0.0676  0.0685  0.0701  0.0690  0.0682  0.0683  0.0681  0.0681  0.0677  0.0676
  0.0673  0.0673  0.0673  0.0673  0.0673  0.0673  0.0673  0.0673  0.0673  0.0673  0.0673  0.0673
  0.0679  0.0681  0.0676  0.0684  0.0678  0.0687  0.0681  0.0685  0.0681  0.0680  0.0676  0.0678
  0.0696  0.0702  0.0686  0.0716  0.0729  0.0735  0.0705  0.0716  0.0705  0.0706  0.0686  0.0691
  0.0723  0.0735  0.0703  0.0755  0.0798  0.0790  0.0738  0.0761  0.0739  0.0747  0.0702  0.0711
registration optimization eta report
parameter search radius
    2.4000    3.1740    2.4000    7.2000   10.9503    7.2000
    9.5220    7.2000    9.5220    8.2800    7.2000    9.5220
100000*second partial in parameter space
       86.       62.       51.       16.       10.       22.
        7.       17.        7.       11.        6.        4.
  0.0722  0.0737  0.0701  0.0757  0.0783  0.0785  0.0739  0.0760  0.0739  0.0749  0.0703  0.0712
  0.0695  0.0702  0.0685  0.0716  0.0741  0.0734  0.0706  0.0713  0.0705  0.0706  0.0687  0.0689
  0.0678  0.0680  0.0676  0.0685  0.0701  0.0690  0.0682  0.0683  0.0681  0.0681  0.0677  0.0676
  0.0673  0.0673  0.0673  0.0673  0.0673  0.0673  0.0673  0.0673  0.0673  0.0673  0.0673  0.0673
  0.0679  0.0681  0.0676  0.0684  0.0678  0.0687  0.0681  0.0685  0.0681  0.0680  0.0676  0.0678
  0.0696  0.0702  0.0686  0.0716  0.0729  0.0735  0.0705  0.0716  0.0705  0.0706  0.0686  0.0691
  0.0723  0.0735  0.0703  0.0755  0.0798  0.0790  0.0738  0.0761  0.0739  0.0747  0.0702  0.0711
   -0.9510   30.9923    6.7926   -3.9940  -15.8838   -1.6397
    3.7264   -3.7256   -2.7564    6.9320    6.6703   -1.0847
eta,q 0.93271 29.28024

---------------------------------------------------------------------
imgreg_4dfp /opt/freesurfer/average/3T18yoSchwartzReactN32_as_orig /opt/freesurfer/average/711-2B_as_mni_average_305_mask talsrcimg_g11 none talsrcimg_to_3T18yoSchwartzReactN32_as_orig_t4 2311
---------------------------------------------------------------------

freesurfer imgreg_4dfp.c
/opt/freesurfer/average/3T18yoSchwartzReactN32_as_orig.4dfp.img
       256       256       256         1
  1.000000  1.000000  1.000000
orientation T byte_order littleendian
Reading image: /opt/freesurfer/average/3T18yoSchwartzReactN32_as_orig.4dfp.img
dimensions:      256       256       256
mmppix:       1.0000   -1.0000   -1.0000
center:     128.0000 -129.0000 -129.0000
/opt/freesurfer/average/711-2B_as_mni_average_305_mask.4dfp.img
       256       256       256         1
  1.000000  1.000000  1.000000
orientation T byte_order littleendian
Reading mask: /opt/freesurfer/average/711-2B_as_mni_average_305_mask.4dfp.img (2306576 pixels)
talsrcimg_g11.4dfp.img
       320       320       320         1
  0.799995  0.799995  0.799995
orientation T byte_order littleendian
Reading image: talsrcimg_g11.4dfp.img
dimensions:      320       320       320
mmppix:       0.8000   -0.8000   -0.8000
center:     127.9992 -128.7992 -128.7992
fimgreg.f
image alignment mode   2311 decimal      907 hex
parameters
   -0.9510   30.9923    6.7926   -3.9940  -15.8838   -1.6397
    3.7264   -3.7256   -2.7564    6.9320    6.6703   -1.0847
eta,q 0.93271 29.28026
niter,ni,del,rscale     5    3    5.0000    0.8000
parameters
   -0.9746   30.9526    6.7874   -3.9794  -14.6578   -1.7861
    3.7918   -3.7883   -2.7437    6.9869    6.7364   -1.5533
eta,q 0.93304 29.41460
  0.0695  0.0689  0.0686  0.0716  0.0714  0.0728  0.0690  0.0711  0.0689  0.0698  0.0684  0.0678
  0.0682  0.0680  0.0679  0.0693  0.0697  0.0698  0.0679  0.0688  0.0679  0.0683  0.0676  0.0673
  0.0675  0.0674  0.0674  0.0678  0.0683  0.0676  0.0672  0.0674  0.0672  0.0673  0.0671  0.0670
  0.0673  0.0673  0.0673  0.0673  0.0673  0.0670  0.0670  0.0670  0.0670  0.0670  0.0670  0.0670
  0.0676  0.0675  0.0674  0.0678  0.0670  0.0678  0.0672  0.0675  0.0672  0.0672  0.0671  0.0672
  0.0683  0.0681  0.0679  0.0693  0.0674  0.0701  0.0678  0.0690  0.0678  0.0681  0.0676  0.0676
  0.0696  0.0690  0.0686  0.0716  0.0688  0.0738  0.0689  0.0713  0.0689  0.0697  0.0683  0.0683
niter,ni,del,rscale     4    3    5.0000    0.7000
parameters
   -0.9939   30.6934    6.8043   -4.0885  -14.3101   -1.7359
    3.8016   -3.8349   -2.7181    6.9296    6.8027   -1.6240
eta,q 0.93315 29.48466
  0.0686  0.0679  0.0680  0.0701  0.0698  0.0720  0.0684  0.0701  0.0684  0.0691  0.0680  0.0677
  0.0677  0.0672  0.0674  0.0684  0.0684  0.0694  0.0675  0.0683  0.0676  0.0679  0.0674  0.0672
  0.0671  0.0669  0.0670  0.0673  0.0674  0.0675  0.0670  0.0672  0.0670  0.0671  0.0670  0.0669
  0.0670  0.0670  0.0669  0.0669  0.0669  0.0668  0.0668  0.0668  0.0668  0.0668  0.0669  0.0669
  0.0672  0.0673  0.0670  0.0673  0.0669  0.0674  0.0670  0.0673  0.0670  0.0671  0.0670  0.0670
  0.0678  0.0679  0.0673  0.0686  0.0677  0.0690  0.0675  0.0684  0.0675  0.0679  0.0673  0.0673
  0.0687  0.0688  0.0679  0.0705  0.0691  0.0719  0.0684  0.0703  0.0684  0.0693  0.0679  0.0677
niter,ni,del,rscale     3    3    5.0000    0.6000
parameters
   -1.0090   30.6149    6.8539   -4.1489  -14.1539   -1.6651
    3.8078   -3.8750   -2.7229    6.8760    6.8386   -1.6351
eta,q 0.93318 29.51297
  0.0681  0.0678  0.0677  0.0693  0.0689  0.0708  0.0680  0.0693  0.0680  0.0685  0.0676  0.0675
  0.0674  0.0672  0.0672  0.0679  0.0679  0.0687  0.0673  0.0679  0.0673  0.0676  0.0672  0.0671
  0.0670  0.0669  0.0670  0.0671  0.0672  0.0673  0.0670  0.0671  0.0670  0.0670  0.0669  0.0669
  0.0668  0.0668  0.0668  0.0668  0.0668  0.0668  0.0668  0.0668  0.0668  0.0668  0.0668  0.0668
  0.0670  0.0670  0.0669  0.0671  0.0669  0.0672  0.0669  0.0671  0.0670  0.0670  0.0669  0.0669
  0.0674  0.0674  0.0671  0.0680  0.0675  0.0684  0.0673  0.0680  0.0674  0.0676  0.0672  0.0671
  0.0682  0.0681  0.0676  0.0695  0.0687  0.0706  0.0680  0.0694  0.0680  0.0686  0.0676  0.0675
niter,ni,del,rscale     2    3    5.0000    0.5000
parameters
   -1.0182   30.5709    6.9020   -4.1813  -14.0598   -1.6092
    3.8163   -3.8984   -2.7205    6.8340    6.8539   -1.6404
eta,q 0.93318 29.53091
  0.0677  0.0675  0.0674  0.0686  0.0683  0.0696  0.0676  0.0686  0.0676  0.0680  0.0674  0.0673
  0.0672  0.0671  0.0671  0.0676  0.0676  0.0681  0.0672  0.0676  0.0672  0.0674  0.0671  0.0670
  0.0669  0.0669  0.0669  0.0670  0.0670  0.0671  0.0669  0.0670  0.0669  0.0670  0.0669  0.0669
  0.0668  0.0668  0.0668  0.0668  0.0668  0.0668  0.0668  0.0668  0.0668  0.0668  0.0668  0.0668
  0.0669  0.0669  0.0669  0.0670  0.0669  0.0671  0.0669  0.0670  0.0669  0.0670  0.0669  0.0669
  0.0672  0.0672  0.0670  0.0676  0.0674  0.0679  0.0672  0.0676  0.0672  0.0674  0.0671  0.0670
  0.0677  0.0677  0.0673  0.0686  0.0682  0.0694  0.0676  0.0686  0.0676  0.0681  0.0674  0.0673
niter,ni,del,rscale     1    3    5.0000    0.4000
parameters
   -1.0244   30.5365    6.9434   -4.1961  -13.9813   -1.5804
    3.8227   -3.9078   -2.7330    6.8070    6.8584   -1.6601
eta,q 0.93319 29.54529
  0.0674  0.0673  0.0672  0.0679  0.0678  0.0686  0.0673  0.0680  0.0673  0.0676  0.0672  0.0671
  0.0671  0.0670  0.0670  0.0673  0.0673  0.0676  0.0670  0.0673  0.0670  0.0672  0.0670  0.0669
  0.0669  0.0669  0.0669  0.0669  0.0670  0.0670  0.0669  0.0669  0.0669  0.0669  0.0668  0.0668
  0.0668  0.0668  0.0668  0.0668  0.0668  0.0668  0.0668  0.0668  0.0668  0.0668  0.0668  0.0668
  0.0669  0.0669  0.0668  0.0669  0.0669  0.0670  0.0669  0.0669  0.0669  0.0669  0.0669  0.0668
  0.0671  0.0671  0.0669  0.0673  0.0672  0.0676  0.0670  0.0673  0.0671  0.0672  0.0670  0.0669
  0.0674  0.0673  0.0671  0.0680  0.0677  0.0685  0.0673  0.0680  0.0673  0.0677  0.0672  0.0671
registration optimization eta report
parameter search radius
    0.8000    0.8000    0.8000    2.4000    2.4000    2.4000
    2.4000    2.4000    2.4000    2.4000    2.4000    2.4000
100000*second partial in parameter space
       91.       77.       55.       20.       16.       30.
        9.       20.        9.       14.        6.        5.
  0.0674  0.0673  0.0672  0.0679  0.0678  0.0686  0.0673  0.0680  0.0673  0.0676  0.0672  0.0671
  0.0671  0.0670  0.0670  0.0673  0.0673  0.0676  0.0670  0.0673  0.0670  0.0672  0.0670  0.0669
  0.0669  0.0669  0.0669  0.0669  0.0670  0.0670  0.0669  0.0669  0.0669  0.0669  0.0668  0.0668
  0.0668  0.0668  0.0668  0.0668  0.0668  0.0668  0.0668  0.0668  0.0668  0.0668  0.0668  0.0668
  0.0669  0.0669  0.0668  0.0669  0.0669  0.0670  0.0669  0.0669  0.0669  0.0669  0.0669  0.0668
  0.0671  0.0671  0.0669  0.0673  0.0672  0.0676  0.0670  0.0673  0.0671  0.0672  0.0670  0.0669
  0.0674  0.0673  0.0671  0.0680  0.0677  0.0685  0.0673  0.0680  0.0673  0.0677  0.0672  0.0671
   -1.0244   30.5365    6.9434   -4.1961  -13.9813   -1.5804
    3.8227   -3.9078   -2.7330    6.8070    6.8584   -1.6601
eta,q 0.93319 29.54529

---------------------------------------------------------------------
imgreg_4dfp /opt/freesurfer/average/3T18yoSchwartzReactN32_as_orig /opt/freesurfer/average/711-2B_as_mni_average_305_mask talsrcimg_g11 none talsrcimg_to_3T18yoSchwartzReactN32_as_orig_t4 2311
---------------------------------------------------------------------

freesurfer imgreg_4dfp.c
/opt/freesurfer/average/3T18yoSchwartzReactN32_as_orig.4dfp.img
       256       256       256         1
  1.000000  1.000000  1.000000
orientation T byte_order littleendian
Reading image: /opt/freesurfer/average/3T18yoSchwartzReactN32_as_orig.4dfp.img
dimensions:      256       256       256
mmppix:       1.0000   -1.0000   -1.0000
center:     128.0000 -129.0000 -129.0000
/opt/freesurfer/average/711-2B_as_mni_average_305_mask.4dfp.img
       256       256       256         1
  1.000000  1.000000  1.000000
orientation T byte_order littleendian
Reading mask: /opt/freesurfer/average/711-2B_as_mni_average_305_mask.4dfp.img (2306576 pixels)
talsrcimg_g11.4dfp.img
       320       320       320         1
  0.799995  0.799995  0.799995
orientation T byte_order littleendian
Reading image: talsrcimg_g11.4dfp.img
dimensions:      320       320       320
mmppix:       0.8000   -0.8000   -0.8000
center:     127.9992 -128.7992 -128.7992
fimgreg.f
image alignment mode   2311 decimal      907 hex
parameters
   -1.0244   30.5365    6.9434   -4.1961  -13.9813   -1.5804
    3.8227   -3.9078   -2.7330    6.8070    6.8584   -1.6601
eta,q 0.93319 29.54528
niter,ni,del,rscale     5    3    5.0000    0.8000
parameters
   -1.0187   30.5335    6.9399   -4.2877  -14.2273   -1.6067
    3.8036   -3.9253   -2.7221    6.7315    6.8801   -1.5475
eta,q 0.93317 29.51417
  0.0691  0.0688  0.0682  0.0709  0.0699  0.0731  0.0688  0.0712  0.0689  0.0698  0.0682  0.0680
  0.0678  0.0677  0.0674  0.0687  0.0684  0.0700  0.0677  0.0688  0.0678  0.0682  0.0675  0.0674
  0.0671  0.0670  0.0670  0.0673  0.0673  0.0676  0.0671  0.0673  0.0671  0.0672  0.0670  0.0670
  0.0668  0.0668  0.0668  0.0668  0.0668  0.0668  0.0668  0.0668  0.0668  0.0668  0.0668  0.0668
  0.0671  0.0671  0.0670  0.0673  0.0672  0.0675  0.0671  0.0674  0.0671  0.0672  0.0670  0.0669
  0.0678  0.0677  0.0674  0.0689  0.0686  0.0698  0.0678  0.0689  0.0678  0.0683  0.0674  0.0673
  0.0691  0.0688  0.0682  0.0713  0.0709  0.0735  0.0689  0.0712  0.0688  0.0700  0.0682  0.0679
niter,ni,del,rscale     4    3    5.0000    0.7000
parameters
   -1.0193   30.5848    6.9148   -4.2436  -14.2213   -1.6173
    3.7984   -3.9273   -2.7278    6.7604    6.8868   -1.5536
eta,q 0.93317 29.50884
  0.0686  0.0684  0.0678  0.0702  0.0694  0.0718  0.0684  0.0702  0.0684  0.0692  0.0679  0.0677
  0.0676  0.0676  0.0673  0.0685  0.0682  0.0692  0.0675  0.0684  0.0675  0.0679  0.0673  0.0672
  0.0670  0.0670  0.0669  0.0673  0.0673  0.0674  0.0670  0.0672  0.0670  0.0671  0.0670  0.0669
  0.0668  0.0668  0.0668  0.0668  0.0668  0.0668  0.0668  0.0668  0.0668  0.0668  0.0668  0.0668
  0.0670  0.0670  0.0669  0.0672  0.0670  0.0674  0.0670  0.0672  0.0670  0.0671  0.0670  0.0669
  0.0676  0.0674  0.0673  0.0683  0.0679  0.0691  0.0675  0.0684  0.0675  0.0679  0.0673  0.0672
  0.0686  0.0682  0.0679  0.0701  0.0696  0.0720  0.0684  0.0702  0.0684  0.0692  0.0679  0.0677
niter,ni,del,rscale     3    3    5.0000    0.6000
parameters
   -1.0204   30.5773    6.9192   -4.2159  -14.1436   -1.5993
    3.8087   -3.9244   -2.7319    6.7756    6.8852   -1.5833
eta,q 0.93318 29.52035
  0.0681  0.0679  0.0676  0.0694  0.0688  0.0707  0.0680  0.0693  0.0680  0.0686  0.0676  0.0675
  0.0674  0.0673  0.0672  0.0680  0.0679  0.0686  0.0673  0.0680  0.0673  0.0676  0.0672  0.0671
  0.0670  0.0669  0.0669  0.0672  0.0672  0.0672  0.0669  0.0671  0.0669  0.0671  0.0669  0.0669
  0.0668  0.0668  0.0668  0.0668  0.0668  0.0668  0.0668  0.0668  0.0668  0.0668  0.0668  0.0668
  0.0670  0.0670  0.0669  0.0671  0.0670  0.0672  0.0669  0.0671  0.0670  0.0670  0.0669  0.0669
  0.0674  0.0673  0.0672  0.0679  0.0676  0.0685  0.0673  0.0680  0.0674  0.0676  0.0672  0.0671
  0.0681  0.0679  0.0676  0.0693  0.0688  0.0706  0.0680  0.0693  0.0680  0.0686  0.0676  0.0675
niter,ni,del,rscale     2    3    5.0000    0.5000
parameters
   -1.0239   30.5518    6.9379   -4.2083  -14.0567   -1.5763
    3.8183   -3.9249   -2.7308    6.7784    6.8794   -1.6068
eta,q 0.93319 29.53455
  0.0677  0.0675  0.0674  0.0686  0.0683  0.0696  0.0676  0.0686  0.0676  0.0680  0.0674  0.0673
  0.0672  0.0671  0.0671  0.0676  0.0676  0.0680  0.0672  0.0676  0.0672  0.0674  0.0671  0.0670
  0.0669  0.0669  0.0669  0.0670  0.0670  0.0671  0.0669  0.0670  0.0669  0.0670  0.0669  0.0669
  0.0668  0.0668  0.0668  0.0668  0.0668  0.0668  0.0668  0.0668  0.0668  0.0668  0.0668  0.0668
  0.0669  0.0669  0.0669  0.0670  0.0669  0.0671  0.0669  0.0670  0.0669  0.0669  0.0669  0.0669
  0.0672  0.0672  0.0670  0.0676  0.0674  0.0680  0.0672  0.0676  0.0672  0.0674  0.0671  0.0670
  0.0677  0.0676  0.0673  0.0686  0.0682  0.0695  0.0676  0.0686  0.0676  0.0681  0.0674  0.0673
niter,ni,del,rscale     1    3    5.0000    0.4000
parameters
   -1.0265   30.5272    6.9634   -4.2077  -13.9795   -1.5633
    3.8295   -3.9218   -2.7407    6.7727    6.8700   -1.6328
eta,q 0.93319 29.54698
  0.0674  0.0673  0.0672  0.0680  0.0678  0.0686  0.0673  0.0680  0.0673  0.0676  0.0672  0.0671
  0.0671  0.0670  0.0670  0.0673  0.0673  0.0676  0.0670  0.0673  0.0670  0.0672  0.0670  0.0669
  0.0669  0.0669  0.0669  0.0669  0.0670  0.0670  0.0669  0.0669  0.0669  0.0669  0.0668  0.0668
  0.0668  0.0668  0.0668  0.0668  0.0668  0.0668  0.0668  0.0668  0.0668  0.0668  0.0668  0.0668
  0.0669  0.0669  0.0668  0.0669  0.0669  0.0670  0.0669  0.0669  0.0669  0.0669  0.0669  0.0668
  0.0671  0.0671  0.0670  0.0673  0.0672  0.0676  0.0670  0.0673  0.0671  0.0672  0.0670  0.0669
  0.0674  0.0673  0.0671  0.0680  0.0677  0.0685  0.0673  0.0680  0.0673  0.0676  0.0672  0.0671
registration optimization eta report
parameter search radius
    0.8000    0.8000    0.8000    2.4000    2.4000    2.4000
    2.4000    2.4000    2.4000    2.4000    2.4000    2.4000
100000*second partial in parameter space
       91.       78.       55.       20.       16.       30.
        9.       20.        9.       14.        6.        5.
  0.0674  0.0673  0.0672  0.0680  0.0678  0.0686  0.0673  0.0680  0.0673  0.0676  0.0672  0.0671
  0.0671  0.0670  0.0670  0.0673  0.0673  0.0676  0.0670  0.0673  0.0670  0.0672  0.0670  0.0669
  0.0669  0.0669  0.0669  0.0669  0.0670  0.0670  0.0669  0.0669  0.0669  0.0669  0.0668  0.0668
  0.0668  0.0668  0.0668  0.0668  0.0668  0.0668  0.0668  0.0668  0.0668  0.0668  0.0668  0.0668
  0.0669  0.0669  0.0668  0.0669  0.0669  0.0670  0.0669  0.0669  0.0669  0.0669  0.0669  0.0668
  0.0671  0.0671  0.0670  0.0673  0.0672  0.0676  0.0670  0.0673  0.0671  0.0672  0.0670  0.0669
  0.0674  0.0673  0.0671  0.0680  0.0677  0.0685  0.0673  0.0680  0.0673  0.0676  0.0672  0.0671
   -1.0265   30.5272    6.9634   -4.2077  -13.9795   -1.5633
    3.8295   -3.9218   -2.7407    6.7727    6.8700   -1.6328
eta,q 0.93319 29.54698

---------------------------------------------------------------------
compute_vox2vox talsrcimg talsrcimg_to_3T18yoSchwartzReactN32_as_orig_t4 /opt/freesurfer/average/3T18yoSchwartzReactN32_as_orig
---------------------------------------------------------------------

freesurfer compute_vox2vox.c
Reading: talsrcimg.4dfp.ifh
Reading: talsrcimg_to_3T18yoSchwartzReactN32_as_orig_t4
Reading: /opt/freesurfer/average/3T18yoSchwartzReactN32_as_orig.4dfp.ifh
Writing: talsrcimg_to_3T18yoSchwartzReactN32_as_orig_t4_vox2vox.txt

start time Thu Oct 5 11:28:11 UTC 2023
end		time Thu Oct 5 11:28:57 UTC 2023

mpr2mni305 success

avi2talxfm orig_nu.mgz /opt/freesurfer/average/mni305.cor.mgz talsrcimg_to_3T18yoSchwartzReactN32_as_orig_t4_vox2vox.txt transforms/talairach.auto.xfm
avi2talxfm done
mv -f /localscratch/bpinsard.41394413.0/freesurfer_crosssectional_autorecon1smriprep_skullstripautorecon2autorecon3_sub01_ses002.job/sub-01_ses-002/mri/talsrcimg_to_3T18yoSchwartzReactN32_as_orig_t4_vox2vox.txt /localscratch/bpinsard.41394413.0/freesurfer_crosssectional_autorecon1smriprep_skullstripautorecon2autorecon3_sub01_ses002.job/sub-01_ses-002/mri/transforms/talsrcimg_to_3T18yoSchwartzReactN32_as_orig_t4_vox2vox.txt
lta_convert --src orig_nu.mgz --trg /opt/freesurfer/average/mni305.cor.mgz --inxfm transforms/talairach.auto.xfm --outlta transforms/talairach.auto.xfm.lta --subject fsaverage
7.4.1

--src: orig_nu.mgz src image (geometry).
--trg: /opt/freesurfer/average/mni305.cor.mgz trg image (geometry).
--inmni: transforms/talairach.auto.xfm input MNI/XFM transform.
--outlta: transforms/talairach.auto.xfm.lta output LTA.
--s: fsaverage subject name
 LTA read, type : 1
 1.03943   0.04454  -0.04543  -1.16581;
-0.07190   1.01147   0.02240  -33.84949;
 0.03878  -0.07822   1.15929  -19.57405;
 0.00000   0.00000   0.00000   1.00000;
setting subject to fsaverage
Writing  LTA to file transforms/talairach.auto.xfm.lta...
lta_convert successful.
 
 
Started at Thu Oct 5 11:28:10 UTC 2023
Ended   at Thu Oct  5 11:28:58 UTC 2023
talairach_avi done
