Log file for defect2seg
Thu Oct  5 17:16:09 UTC 2023

setenv SUBJECTS_DIR /localscratch/bpinsard.41394459.0/freesurfer_crosssectional_autorecon1smriprep_skullstripautorecon2autorecon3_sub03_ses005.job
cd /localscratch/bpinsard.41394459.0/freesurfer_crosssectional_autorecon1smriprep_skullstripautorecon2autorecon3_sub03_ses005.job/sub-03_ses-005/scripts
/opt/freesurfer/bin/defect2seg --s sub-03_ses-005 --cortex

freesurfer-linux-centos7_x86_64-7.4.1-20230613-7eb8460
defect2seg 7.4.1
Linux bc11948.int.ets1.calculquebec.ca 3.10.0-1160.95.1.el7.x86_64 #1 SMP Mon Jul 24 13:59:37 UTC 2023 x86_64 x86_64 x86_64 GNU/Linux
pid 133331
mri_label2label --label-cortex /localscratch/bpinsard.41394459.0/freesurfer_crosssectional_autorecon1smriprep_skullstripautorecon2autorecon3_sub03_ses005.job/sub-03_ses-005/surf/lh.orig.nofix /localscratch/bpinsard.41394459.0/freesurfer_crosssectional_autorecon1smriprep_skullstripautorecon2autorecon3_sub03_ses005.job/sub-03_ses-005/mri/aseg.presurf.mgz 0 /localscratch/bpinsard.41394459.0/freesurfer_crosssectional_autorecon1smriprep_skullstripautorecon2autorecon3_sub03_ses005.job/sub-03_ses-005/label/lh.nofix.cortex.label

 Generating cortex label... RemoveHipAmgy=0
 NucAccIsMedialWall=0
 mris->useRealRAS=0
39 non-cortical segments detected
only using segment with 10978 vertices
erasing segment 0 (vno[0] = 2867)
erasing segment 1 (vno[0] = 2911)
erasing segment 2 (vno[0] = 3448)
erasing segment 3 (vno[0] = 5008)
erasing segment 4 (vno[0] = 7484)
erasing segment 5 (vno[0] = 7629)
erasing segment 6 (vno[0] = 7876)
erasing segment 7 (vno[0] = 9606)
erasing segment 8 (vno[0] = 11373)
erasing segment 9 (vno[0] = 11433)
erasing segment 10 (vno[0] = 11824)
erasing segment 11 (vno[0] = 18256)
erasing segment 12 (vno[0] = 19422)
erasing segment 13 (vno[0] = 21587)
erasing segment 14 (vno[0] = 73662)
erasing segment 16 (vno[0] = 144055)
erasing segment 17 (vno[0] = 154083)
erasing segment 18 (vno[0] = 154084)
erasing segment 19 (vno[0] = 154086)
erasing segment 20 (vno[0] = 155519)
erasing segment 21 (vno[0] = 155567)
erasing segment 22 (vno[0] = 156891)
erasing segment 23 (vno[0] = 158127)
erasing segment 24 (vno[0] = 158382)
erasing segment 25 (vno[0] = 158399)
erasing segment 26 (vno[0] = 159799)
erasing segment 27 (vno[0] = 161307)
erasing segment 28 (vno[0] = 161367)
erasing segment 29 (vno[0] = 162819)
erasing segment 30 (vno[0] = 165569)
erasing segment 31 (vno[0] = 165632)
erasing segment 32 (vno[0] = 165647)
erasing segment 33 (vno[0] = 168077)
erasing segment 34 (vno[0] = 169236)
erasing segment 35 (vno[0] = 175702)
erasing segment 36 (vno[0] = 177905)
erasing segment 37 (vno[0] = 212673)
erasing segment 38 (vno[0] = 213472)
mri_label2vol --defects /localscratch/bpinsard.41394459.0/freesurfer_crosssectional_autorecon1smriprep_skullstripautorecon2autorecon3_sub03_ses005.job/sub-03_ses-005/surf/lh.orig.nofix /localscratch/bpinsard.41394459.0/freesurfer_crosssectional_autorecon1smriprep_skullstripautorecon2autorecon3_sub03_ses005.job/sub-03_ses-005/surf/lh.defect_labels /localscratch/bpinsard.41394459.0/freesurfer_crosssectional_autorecon1smriprep_skullstripautorecon2autorecon3_sub03_ses005.job/sub-03_ses-005/mri/orig.mgz 1000 0 /localscratch/bpinsard.41394459.0/freesurfer_crosssectional_autorecon1smriprep_skullstripautorecon2autorecon3_sub03_ses005.job/sub-03_ses-005/mri/surface.defects.mgz /localscratch/bpinsard.41394459.0/freesurfer_crosssectional_autorecon1smriprep_skullstripautorecon2autorecon3_sub03_ses005.job/sub-03_ses-005/label/lh.nofix.cortex.label
mri_label2vol supposed to be reproducible but seed not set
Contraining to label /localscratch/bpinsard.41394459.0/freesurfer_crosssectional_autorecon1smriprep_skullstripautorecon2autorecon3_sub03_ses005.job/sub-03_ses-005/label/lh.nofix.cortex.label
Changing input type 0 to MRI_INT
Converting defects to volume: offset=1000, merge=0
Writing to /localscratch/bpinsard.41394459.0/freesurfer_crosssectional_autorecon1smriprep_skullstripautorecon2autorecon3_sub03_ses005.job/sub-03_ses-005/mri/surface.defects.mgz
mris_defects_pointset -s /localscratch/bpinsard.41394459.0/freesurfer_crosssectional_autorecon1smriprep_skullstripautorecon2autorecon3_sub03_ses005.job/sub-03_ses-005/surf/lh.orig.nofix -d /localscratch/bpinsard.41394459.0/freesurfer_crosssectional_autorecon1smriprep_skullstripautorecon2autorecon3_sub03_ses005.job/sub-03_ses-005/surf/lh.defect_labels -o /localscratch/bpinsard.41394459.0/freesurfer_crosssectional_autorecon1smriprep_skullstripautorecon2autorecon3_sub03_ses005.job/sub-03_ses-005/surf/lh.defects.pointset --label /localscratch/bpinsard.41394459.0/freesurfer_crosssectional_autorecon1smriprep_skullstripautorecon2autorecon3_sub03_ses005.job/sub-03_ses-005/label/lh.nofix.cortex.label
Reading in surface /localscratch/bpinsard.41394459.0/freesurfer_crosssectional_autorecon1smriprep_skullstripautorecon2autorecon3_sub03_ses005.job/sub-03_ses-005/surf/lh.orig.nofix
Reading in defect segmentation /localscratch/bpinsard.41394459.0/freesurfer_crosssectional_autorecon1smriprep_skullstripautorecon2autorecon3_sub03_ses005.job/sub-03_ses-005/surf/lh.defect_labels
Reading in label /localscratch/bpinsard.41394459.0/freesurfer_crosssectional_autorecon1smriprep_skullstripautorecon2autorecon3_sub03_ses005.job/sub-03_ses-005/label/lh.nofix.cortex.label
#VMPC# mris_defects_pointset 475312
mris_defects_pointset done
mri_label2label --label-cortex /localscratch/bpinsard.41394459.0/freesurfer_crosssectional_autorecon1smriprep_skullstripautorecon2autorecon3_sub03_ses005.job/sub-03_ses-005/surf/rh.orig.nofix /localscratch/bpinsard.41394459.0/freesurfer_crosssectional_autorecon1smriprep_skullstripautorecon2autorecon3_sub03_ses005.job/sub-03_ses-005/mri/aseg.presurf.mgz 0 /localscratch/bpinsard.41394459.0/freesurfer_crosssectional_autorecon1smriprep_skullstripautorecon2autorecon3_sub03_ses005.job/sub-03_ses-005/label/rh.nofix.cortex.label

 Generating cortex label... RemoveHipAmgy=0
 NucAccIsMedialWall=0
 mris->useRealRAS=0
42 non-cortical segments detected
only using segment with 11676 vertices
erasing segment 0 (vno[0] = 2712)
erasing segment 1 (vno[0] = 3182)
erasing segment 2 (vno[0] = 4570)
erasing segment 3 (vno[0] = 5235)
erasing segment 4 (vno[0] = 5240)
erasing segment 5 (vno[0] = 5323)
erasing segment 6 (vno[0] = 5452)
erasing segment 7 (vno[0] = 8315)
erasing segment 8 (vno[0] = 20044)
erasing segment 9 (vno[0] = 21590)
erasing segment 10 (vno[0] = 21664)
erasing segment 11 (vno[0] = 21776)
erasing segment 12 (vno[0] = 21800)
erasing segment 13 (vno[0] = 28771)
erasing segment 14 (vno[0] = 32671)
erasing segment 15 (vno[0] = 39750)
erasing segment 16 (vno[0] = 70249)
erasing segment 17 (vno[0] = 71825)
erasing segment 19 (vno[0] = 102124)
erasing segment 20 (vno[0] = 103976)
erasing segment 21 (vno[0] = 105371)
erasing segment 22 (vno[0] = 128956)
erasing segment 23 (vno[0] = 139511)
erasing segment 24 (vno[0] = 139578)
erasing segment 25 (vno[0] = 142494)
erasing segment 26 (vno[0] = 152344)
erasing segment 27 (vno[0] = 152710)
erasing segment 28 (vno[0] = 165540)
erasing segment 29 (vno[0] = 166693)
erasing segment 30 (vno[0] = 167078)
erasing segment 31 (vno[0] = 169078)
erasing segment 32 (vno[0] = 169535)
erasing segment 33 (vno[0] = 170850)
erasing segment 34 (vno[0] = 172226)
erasing segment 35 (vno[0] = 172279)
erasing segment 36 (vno[0] = 172422)
erasing segment 37 (vno[0] = 172457)
erasing segment 38 (vno[0] = 174983)
erasing segment 39 (vno[0] = 175046)
erasing segment 40 (vno[0] = 175182)
erasing segment 41 (vno[0] = 208315)
mri_label2vol --defects /localscratch/bpinsard.41394459.0/freesurfer_crosssectional_autorecon1smriprep_skullstripautorecon2autorecon3_sub03_ses005.job/sub-03_ses-005/surf/rh.orig.nofix /localscratch/bpinsard.41394459.0/freesurfer_crosssectional_autorecon1smriprep_skullstripautorecon2autorecon3_sub03_ses005.job/sub-03_ses-005/surf/rh.defect_labels /localscratch/bpinsard.41394459.0/freesurfer_crosssectional_autorecon1smriprep_skullstripautorecon2autorecon3_sub03_ses005.job/sub-03_ses-005/mri/surface.defects.mgz 2000 1 /localscratch/bpinsard.41394459.0/freesurfer_crosssectional_autorecon1smriprep_skullstripautorecon2autorecon3_sub03_ses005.job/sub-03_ses-005/mri/surface.defects.mgz /localscratch/bpinsard.41394459.0/freesurfer_crosssectional_autorecon1smriprep_skullstripautorecon2autorecon3_sub03_ses005.job/sub-03_ses-005/label/rh.nofix.cortex.label
mri_label2vol supposed to be reproducible but seed not set
Contraining to label /localscratch/bpinsard.41394459.0/freesurfer_crosssectional_autorecon1smriprep_skullstripautorecon2autorecon3_sub03_ses005.job/sub-03_ses-005/label/rh.nofix.cortex.label
Converting defects to volume: offset=2000, merge=1
Writing to /localscratch/bpinsard.41394459.0/freesurfer_crosssectional_autorecon1smriprep_skullstripautorecon2autorecon3_sub03_ses005.job/sub-03_ses-005/mri/surface.defects.mgz
mris_defects_pointset -s /localscratch/bpinsard.41394459.0/freesurfer_crosssectional_autorecon1smriprep_skullstripautorecon2autorecon3_sub03_ses005.job/sub-03_ses-005/surf/rh.orig.nofix -d /localscratch/bpinsard.41394459.0/freesurfer_crosssectional_autorecon1smriprep_skullstripautorecon2autorecon3_sub03_ses005.job/sub-03_ses-005/surf/rh.defect_labels -o /localscratch/bpinsard.41394459.0/freesurfer_crosssectional_autorecon1smriprep_skullstripautorecon2autorecon3_sub03_ses005.job/sub-03_ses-005/surf/rh.defects.pointset --label /localscratch/bpinsard.41394459.0/freesurfer_crosssectional_autorecon1smriprep_skullstripautorecon2autorecon3_sub03_ses005.job/sub-03_ses-005/label/rh.nofix.cortex.label
Reading in surface /localscratch/bpinsard.41394459.0/freesurfer_crosssectional_autorecon1smriprep_skullstripautorecon2autorecon3_sub03_ses005.job/sub-03_ses-005/surf/rh.orig.nofix
Reading in defect segmentation /localscratch/bpinsard.41394459.0/freesurfer_crosssectional_autorecon1smriprep_skullstripautorecon2autorecon3_sub03_ses005.job/sub-03_ses-005/surf/rh.defect_labels
Reading in label /localscratch/bpinsard.41394459.0/freesurfer_crosssectional_autorecon1smriprep_skullstripautorecon2autorecon3_sub03_ses005.job/sub-03_ses-005/label/rh.nofix.cortex.label
#VMPC# mris_defects_pointset 482768
mris_defects_pointset done
 
Started at Thu Oct 5 17:16:09 UTC 2023 
Ended   at Thu Oct  5 17:17:42 UTC 2023
Defect2seg-Run-Time-Sec 93
Defect2seg-Run-Time-Min 1.86
Defect2seg-Run-Time-Hours 0.03
 
defect2seg Done
