status file for recon-all
Fri Oct 13 21:05:01 UTC 2023
#@# MotionCor Fri Oct 13 21:05:44 UTC 2023
#@# Talairach Fri Oct 13 21:05:44 UTC 2023
#@# Talairach Failure Detection Fri Oct 13 21:05:46 UTC 2023
#@# Nu Intensity Correction Fri Oct 13 21:05:46 UTC 2023
#@# Intensity Normalization Fri Oct 13 21:15:27 UTC 2023
#@# Skull Stripping Fri Oct 13 21:29:31 UTC 2023
#@# EM Registration Fri Oct 13 21:29:38 UTC 2023
#@# CA Normalize Fri Oct 13 21:29:38 UTC 2023
#@# CA Reg Fri Oct 13 21:33:52 UTC 2023
#@# SubCort Seg Fri Oct 13 21:59:27 UTC 2023
#@# CC Seg Fri Oct 13 22:11:44 UTC 2023
#@# Merge ASeg Fri Oct 13 22:18:31 UTC 2023
#@# Intensity Normalization2 Fri Oct 13 22:18:31 UTC 2023
#@# Mask BFS Fri Oct 13 22:25:52 UTC 2023
#@# WM Segmentation Fri Oct 13 22:25:59 UTC 2023
#@# Smooth2 lh Fri Oct 13 22:44:48 UTC 2023
#@# Smooth2 rh Fri Oct 13 22:44:54 UTC 2023
#@# Inflation2 lh Fri Oct 13 22:45:01 UTC 2023
#@# Inflation2 rh Fri Oct 13 22:45:29 UTC 2023
#@# Curv .H and .K lh Fri Oct 13 22:45:59 UTC 2023
#@# Curv .H and .K rh Fri Oct 13 22:47:41 UTC 2023
#@# Sphere lh Fri Oct 13 22:49:28 UTC 2023
#@# Sphere rh Fri Oct 13 22:49:28 UTC 2023
#@# Surf Reg lh Fri Oct 13 22:49:28 UTC 2023
#@# Surf Reg rh Fri Oct 13 22:53:12 UTC 2023
#@# Jacobian white lh Fri Oct 13 23:03:49 UTC 2023
#@# Jacobian white rh Fri Oct 13 23:03:51 UTC 2023
#@# AvgCurv lh Fri Oct 13 23:03:53 UTC 2023
#@# AvgCurv rh Fri Oct 13 23:03:55 UTC 2023
#@# Cortical Parc lh Fri Oct 13 23:03:57 UTC 2023
#@# Cortical Parc rh Fri Oct 13 23:04:15 UTC 2023
#@# white curv lh Fri Oct 13 23:20:46 UTC 2023
#@# white area lh Fri Oct 13 23:20:50 UTC 2023
#@# pial curv lh Fri Oct 13 23:20:51 UTC 2023
#@# pial area lh Fri Oct 13 23:20:55 UTC 2023
#@# thickness lh Fri Oct 13 23:20:57 UTC 2023
#@# area and vertex vol lh Fri Oct 13 23:22:07 UTC 2023
#@# white curv rh Fri Oct 13 23:22:11 UTC 2023
#@# white area rh Fri Oct 13 23:22:15 UTC 2023
#@# pial curv rh Fri Oct 13 23:22:17 UTC 2023
#@# pial area rh Fri Oct 13 23:22:21 UTC 2023
#@# thickness rh Fri Oct 13 23:22:22 UTC 2023
#@# area and vertex vol rh Fri Oct 13 23:23:36 UTC 2023
#@# Curvature Stats lh Fri Oct 13 23:23:39 UTC 2023
#@# Curvature Stats rh Fri Oct 13 23:23:45 UTC 2023
#@# Cortical ribbon mask Fri Oct 13 23:23:51 UTC 2023
#@# Cortical Parc 2 lh Fri Oct 13 23:55:57 UTC 2023
#@# Cortical Parc 2 rh Fri Oct 13 23:56:20 UTC 2023
#@# Cortical Parc 3 lh Fri Oct 13 23:56:44 UTC 2023
#@# Cortical Parc 3 rh Fri Oct 13 23:57:03 UTC 2023
#@# WM/GM Contrast lh Fri Oct 13 23:57:24 UTC 2023
#@# WM/GM Contrast rh Fri Oct 13 23:57:32 UTC 2023
#@# Relabel Hypointensities Fri Oct 13 23:57:41 UTC 2023
#@# APas-to-ASeg Fri Oct 13 23:58:26 UTC 2023
#@# AParc-to-ASeg aparc Fri Oct 13 23:59:04 UTC 2023
#@# AParc-to-ASeg aparc.a2009s Sat Oct 14 00:04:17 UTC 2023
#@# AParc-to-ASeg aparc.DKTatlas Sat Oct 14 00:09:28 UTC 2023
#@# WMParc Sat Oct 14 00:14:22 UTC 2023
#@# Parcellation Stats lh Sat Oct 14 00:22:14 UTC 2023
#@# Parcellation Stats rh Sat Oct 14 00:23:34 UTC 2023
#@# Parcellation Stats 2 lh Sat Oct 14 00:24:58 UTC 2023
#@# Parcellation Stats 2 rh Sat Oct 14 00:25:40 UTC 2023
#@# Parcellation Stats 3 lh Sat Oct 14 00:26:23 UTC 2023
#@# Parcellation Stats 3 rh Sat Oct 14 00:27:04 UTC 2023
#@# ASeg Stats Sat Oct 14 00:27:45 UTC 2023
#@# BA_exvivo Labels lh Sat Oct 14 00:29:34 UTC 2023
#@# BA_exvivo Labels rh Sat Oct 14 00:35:57 UTC 2023
recon-all -s sub-06_ses-006.long.sub-06 finished without error at Sat Oct 14 00:42:35 UTC 2023
