Logfile for bbregister
Sun Oct  8 06:13:53 UTC 2023

setenv SUBJECTS_DIR /localscratch/bpinsard.41451889.0/freesurfer_crosssectional_autorecon3_sub06_ses007.job
cd /localscratch/bpinsard.41451889.0/freesurfer_crosssectional_autorecon3_sub06_ses007.job/sub-06_ses-007/scripts
/opt/freesurfer/bin/bbregister --s sub-06_ses-007 --mov /localscratch/bpinsard.41451889.0/freesurfer_crosssectional_autorecon3_sub06_ses007.job/sub-06_ses-007/mri/orig/T2raw.mgz --lta /localscratch/bpinsard.41451889.0/freesurfer_crosssectional_autorecon3_sub06_ses007.job/sub-06_ses-007/mri/transforms/T2raw.auto.lta --init-coreg --T2 --gm-proj-abs 2 --wm-proj-abs 1 --no-coreg-ref-mask

bbregister 7.4.1
Linux bc12334.int.ets1.calculquebec.ca 3.10.0-1160.99.1.el7.x86_64 #1 SMP Wed Sep 13 14:19:20 UTC 2023 x86_64 x86_64 x86_64 GNU/Linux
FREESURFER_HOME /opt/freesurfer
mri_convert /localscratch/bpinsard.41451889.0/freesurfer_crosssectional_autorecon3_sub06_ses007.job/sub-06_ses-007/mri/orig/T2raw.mgz /localscratch/bpinsard.41451889.0/freesurfer_crosssectional_autorecon3_sub06_ses007.job/sub-06_ses-007/mri/transforms/tmp.bbregister.211637/template.nii
mri_convert /localscratch/bpinsard.41451889.0/freesurfer_crosssectional_autorecon3_sub06_ses007.job/sub-06_ses-007/mri/orig/T2raw.mgz /localscratch/bpinsard.41451889.0/freesurfer_crosssectional_autorecon3_sub06_ses007.job/sub-06_ses-007/mri/transforms/tmp.bbregister.211637/template.nii 
reading from /localscratch/bpinsard.41451889.0/freesurfer_crosssectional_autorecon3_sub06_ses007.job/sub-06_ses-007/mri/orig/T2raw.mgz...
TR=0.00, TE=0.00, TI=0.00, flip angle=0.00
i_ras = (1, 0, 0)
j_ras = (0, 1, 0)
k_ras = (0, 0, 1)
writing to /localscratch/bpinsard.41451889.0/freesurfer_crosssectional_autorecon3_sub06_ses007.job/sub-06_ses-007/mri/transforms/tmp.bbregister.211637/template.nii...
mri_coreg --s sub-06_ses-007 --mov /localscratch/bpinsard.41451889.0/freesurfer_crosssectional_autorecon3_sub06_ses007.job/sub-06_ses-007/mri/transforms/tmp.bbregister.211637/template.nii --regdat /localscratch/bpinsard.41451889.0/freesurfer_crosssectional_autorecon3_sub06_ses007.job/sub-06_ses-007/mri/transforms/tmp.bbregister.211637/reg.init.dat --reg /localscratch/bpinsard.41451889.0/freesurfer_crosssectional_autorecon3_sub06_ses007.job/sub-06_ses-007/mri/transforms/tmp.bbregister.211637/mri_coreg.lta --nthreads 4 --dof 6 --sep 4 --ftol .0001 --linmintol .01 --no-ref-mask

$Id: mri_coreg.c,v 1.27 2016/04/30 15:11:49 greve Exp $
cwd /localscratch/bpinsard.41451889.0/freesurfer_crosssectional_autorecon3_sub06_ses007.job/sub-06_ses-007/scripts
cmdline mri_coreg --s sub-06_ses-007 --mov /localscratch/bpinsard.41451889.0/freesurfer_crosssectional_autorecon3_sub06_ses007.job/sub-06_ses-007/mri/transforms/tmp.bbregister.211637/template.nii --regdat /localscratch/bpinsard.41451889.0/freesurfer_crosssectional_autorecon3_sub06_ses007.job/sub-06_ses-007/mri/transforms/tmp.bbregister.211637/reg.init.dat --reg /localscratch/bpinsard.41451889.0/freesurfer_crosssectional_autorecon3_sub06_ses007.job/sub-06_ses-007/mri/transforms/tmp.bbregister.211637/mri_coreg.lta --nthreads 4 --dof 6 --sep 4 --ftol .0001 --linmintol .01 --no-ref-mask 
sysname  Linux
hostname bc12334.int.ets1.calculquebec.ca
machine  x86_64
user     bpinsard
dof    6
nsep    1
cras0    1
ftol    0.000100
linmintol    0.010000
bf       1
bflim    30.000000
bfnsamp    30
SmoothRef 0
SatPct    99.990000
MovOOB 0
optschema 1
Seed 53
Reading in mov /localscratch/bpinsard.41451889.0/freesurfer_crosssectional_autorecon3_sub06_ses007.job/sub-06_ses-007/mri/transforms/tmp.bbregister.211637/template.nii
Reading in ref /localscratch/bpinsard.41451889.0/freesurfer_crosssectional_autorecon3_sub06_ses007.job/sub-06_ses-007/mri/brainmask.mgz
Setting cras translation parameters to align volume centers
Init matrix params -0.8000 -0.0000 -0.8000  0.0000  0.0000  0.0000  1.0000  1.0000  1.0000  0.0000  0.0000  0.0000 
Initial Matrix (RAS2RAS)
 1.00000   0.00000   0.00000   0.79998;
 0.00000   1.00000   0.00000   0.00001;
 0.00000   0.00000   1.00000   0.80000;
 0.00000   0.00000   0.00000   1.00000;
Initial parameters to be opt -0.8000 -0.0000 -0.8000  0.0000  0.0000  0.0000 
Creating random numbers for coordinate dithering
Performing intensity dithering
Performing intensity dithering on mov with computed dither
Separation list (1):  4   min = 4
DoSmoothing 1
DoCoordDither 1
DoIntensityDither 1
nitersmax 4
ftol 1.000e-04
linmintol 1.000e-02
SatPct 99.990000
Hist FWHM 7.000000 7.000000
nthreads 4
movsat = 12333.7432
mov gstd 1.9140 1.9140 1.9140
Smoothing mov
refsat = 118.0000
ref gstd 1.9140 1.9140 1.9140
Smoothing ref
COREGpreproc() done
Testing if mov and target overlap
Init cost   -1.0280611565
nhits = 309411 out of 32768000, Percent Overlap:  60.4
Initial  RefRAS-to-MovRAS
 1.00000   0.00000   0.00000  -0.79998;
 0.00000   1.00000   0.00000  -0.00001;
 0.00000   0.00000   1.00000  -0.80000;
 0.00000   0.00000   0.00000   1.00000;
Initial  RefVox-to-MovVox
-1.00000   0.00000   0.00000   263.00000;
 0.00000   0.00000   0.99999  -9.99910;
 0.00000  -0.99999   0.00000   318.99908;
 0.00000   0.00000   0.00000   1.00000;
sep = 4 -----------------------------------
COREGoptBruteForce() 30 1 30
Turning on MovOOB for BruteForce Search
#BF# sep= 4 iter=0 lim=30.0 delta=2.00   1.20002  -0.00001  15.20000   4.00000   2.00000  -2.00000   -1.0269538
Turning  MovOOB back off after brute force search


---------------------------------
Init Powel Params dof = 6: 1.200020 -0.000008 15.200005 4.000000 2.000000 -2.000000 
Starting OpenPowel2(), sep = 4
InitialCost        -1.0298312902 
#@#  4  188  1.20002 -0.00001 15.20000 4.00000 2.00000 -2.00000   -1.0298313
fs_powell::minimize
  nparams 6
  maxfev 4
  ftol   0.000100
  linmin_xtol_   0.010000
  powell nthiter 0: fret = -1.029831
#@#  4  193  0.58199 -0.00001 15.20000 4.00000 2.00000 -2.00000   -1.0298381
#@#  4  195  0.77375 -0.00001 15.20000 4.00000 2.00000 -2.00000   -1.0298394
#@#  4  197  0.74960 -0.00001 15.20000 4.00000 2.00000 -2.00000   -1.0298395
#@#  4  206  0.73514 -0.61804 15.20000 4.00000 2.00000 -2.00000   -1.0298636
#@#  4  208  0.73514 -0.78248 15.20000 4.00000 2.00000 -2.00000   -1.0298648
#@#  4  215  0.73514 -0.80248 16.20000 4.00000 2.00000 -2.00000   -1.0299592
#@#  4  218  0.73514 -0.80248 16.81804 4.00000 2.00000 -2.00000   -1.0299662
#@#  4  220  0.73514 -0.80248 16.62782 4.00000 2.00000 -2.00000   -1.0299686
#@#  4  225  0.73514 -0.80248 16.63783 5.00000 2.00000 -2.00000   -1.0299871
#@#  4  226  0.73514 -0.80248 16.63783 6.61803 2.00000 -2.00000   -1.0299964
#@#  4  227  0.73514 -0.80248 16.63783 6.39991 2.00000 -2.00000   -1.0299983
#@#  4  241  0.73514 -0.80248 16.63783 6.35193 0.38197 -2.00000   -1.0299996
#@#  4  242  0.73514 -0.80248 16.63783 6.35193 1.13839 -2.00000   -1.0300080
#@#  4  246  0.73514 -0.80248 16.63783 6.35193 1.27238 -2.00000   -1.0300084
#@#  4  248  0.73514 -0.80248 16.63783 6.35193 1.29238 -2.00000   -1.0300086
#@#  4  254  0.73514 -0.80248 16.63783 6.35193 1.34169 -1.00000   -1.0300099
#@#  4  258  0.73514 -0.80248 16.63783 6.35193 1.34169 -1.38197   -1.0300112
  powell nthiter 1: fret = -1.030011
#@#  4  279  0.75284 -0.42051 16.63783 6.35193 1.34169 -1.36942   -1.0300177
#@#  4  285  0.75284 -0.40896 17.63783 6.35193 1.34169 -1.36942   -1.0300310
#@#  4  289  0.75284 -0.40896 17.25586 6.35193 1.34169 -1.36942   -1.0300357
#@#  4  292  0.75284 -0.40896 17.23363 6.35193 1.34169 -1.36942   -1.0300359
#@#  4  301  0.75284 -0.40896 17.21363 6.73389 1.34169 -1.36942   -1.0300382
#@#  4  303  0.75284 -0.40896 17.21363 6.67715 1.34169 -1.36942   -1.0300385
#@#  4  318  0.75284 -0.40896 17.21363 6.62886 1.41464 -1.36942   -1.0300387
Powell done niters total = 1
OptTimeSec 12.6 sec
OptTimeMin  0.21 min
nEvals 335
Final optimized parameters   0.75284439  -0.40895772  17.21363068   6.62885523   1.39463985  -1.27289915 
Final matrix parameters  0.7528 -0.4090 17.2136  6.6289  1.3946 -1.2729  1.0000  1.0000  1.0000  0.0000  0.0000  0.0000 
Final cost   -1.030038660040923
 

---------------------------------
Final  RefRAS-to-MovRAS
 0.99946  -0.02221   0.02434   0.75284;
 0.01926   0.99313   0.11540  -0.40896;
-0.02673  -0.11487   0.99302   17.21363;
 0.00000   0.00000   0.00000   1.00000;
Final  RefVox-to-MovVox
-0.99946  -0.02434  -0.02221   271.24203;
-0.01926  -0.11540   0.99313   9.94103;
 0.02673  -0.99301  -0.11487   351.31812;
 0.00000   0.00000   0.00000   1.00000;
Final matrix parameters  0.7528 -0.4090 17.2136  6.6289  1.3946 -1.2729  0.0000  0.0000  0.0000  0.0000  0.0000  0.0000 
Final opt parameters  0.7528 -0.4090 17.2136  6.6289  1.3946 -1.2729 
nhits = 290277 out of 32768000, Percent Overlap:  56.7
mri_coreg RunTimeSec 101.7 sec
To check run:
   tkregisterfv --mov /localscratch/bpinsard.41451889.0/freesurfer_crosssectional_autorecon3_sub06_ses007.job/sub-06_ses-007/mri/transforms/tmp.bbregister.211637/template.nii --targ /localscratch/bpinsard.41451889.0/freesurfer_crosssectional_autorecon3_sub06_ses007.job/sub-06_ses-007/mri/brainmask.mgz --reg /localscratch/bpinsard.41451889.0/freesurfer_crosssectional_autorecon3_sub06_ses007.job/sub-06_ses-007/mri/transforms/tmp.bbregister.211637/mri_coreg.lta --s sub-06_ses-007 --surfs 

mri_coreg done

mri_segreg --mov /localscratch/bpinsard.41451889.0/freesurfer_crosssectional_autorecon3_sub06_ses007.job/sub-06_ses-007/mri/transforms/tmp.bbregister.211637/template.nii --init-reg /localscratch/bpinsard.41451889.0/freesurfer_crosssectional_autorecon3_sub06_ses007.job/sub-06_ses-007/mri/transforms/tmp.bbregister.211637/reg.init.dat --out-reg /localscratch/bpinsard.41451889.0/freesurfer_crosssectional_autorecon3_sub06_ses007.job/sub-06_ses-007/mri/transforms/tmp.bbregister.211637/bbr.pass1.dat --subsamp-brute 100 --subsamp 100 --tol 1e-4 --tol1d 1e-3 --brute -4 4 4 --surf white --gm-proj-abs 2 --gm-gt-wm 0.5
7.4.1
setenv SUBJECTS_DIR /localscratch/bpinsard.41451889.0/freesurfer_crosssectional_autorecon3_sub06_ses007.job
cd /localscratch/bpinsard.41451889.0/freesurfer_crosssectional_autorecon3_sub06_ses007.job/sub-06_ses-007/scripts
mri_segreg --mov /localscratch/bpinsard.41451889.0/freesurfer_crosssectional_autorecon3_sub06_ses007.job/sub-06_ses-007/mri/transforms/tmp.bbregister.211637/template.nii --init-reg /localscratch/bpinsard.41451889.0/freesurfer_crosssectional_autorecon3_sub06_ses007.job/sub-06_ses-007/mri/transforms/tmp.bbregister.211637/reg.init.dat --out-reg /localscratch/bpinsard.41451889.0/freesurfer_crosssectional_autorecon3_sub06_ses007.job/sub-06_ses-007/mri/transforms/tmp.bbregister.211637/bbr.pass1.dat --subsamp-brute 100 --subsamp 100 --tol 1e-4 --tol1d 1e-3 --brute -4 4 4 --surf white --gm-proj-abs 2 --gm-gt-wm 0.5 
sysname  Linux
hostname bc12334.int.ets1.calculquebec.ca
machine  x86_64
user     bpinsard
movvol /localscratch/bpinsard.41451889.0/freesurfer_crosssectional_autorecon3_sub06_ses007.job/sub-06_ses-007/mri/transforms/tmp.bbregister.211637/template.nii
regfile /localscratch/bpinsard.41451889.0/freesurfer_crosssectional_autorecon3_sub06_ses007.job/sub-06_ses-007/mri/transforms/tmp.bbregister.211637/reg.init.dat
subject sub-06_ses-007
dof 6
outregfile /localscratch/bpinsard.41451889.0/freesurfer_crosssectional_autorecon3_sub06_ses007.job/sub-06_ses-007/mri/transforms/tmp.bbregister.211637/bbr.pass1.dat
UseMask 0
UseLH 1
UseRH 1
nsubsamp 100
PenaltySign  -1
PenaltySlope 0.500000
PenaltyCenter 0.000000
surfname white
GMProjAbs 2.000000
WMProjAbs 2.000000
lhcostfile (null)
rhcostfile (null)
interp  trilinear (1)
frame  0
TolPowell 0.000100
nMaxItersPowell 36
n1dmin  3
Profile   0
Gdiag_no  -1
AddNoise  0 (0)
SynthSeed 1696776273
TransRandMax 0.000000
RotRandMax 0.000000
Translations 0.000000 0.000000 0.000000
Rotations   0.000000 0.000000 0.000000
Input reg
-0.99946   0.02221  -0.02434   0.09483;
-0.02673  -0.11487   0.99302   14.66702;
-0.01926  -0.99313  -0.11540   2.16344;
 0.00000   0.00000   0.00000   1.00000;

Loading mov
ExcludeZeroVoxels 1
Reading in targ vol /localscratch/bpinsard.41451889.0/freesurfer_crosssectional_autorecon3_sub06_ses007.job/sub-06_ses-007/mri/orig.mgz
Projecting LH Surfs
Loading lh.white surf
GM Proj: 0 0.500000 2.000000
WM Proj: 0 0.500000 2.000000
Projecting RH Surfs
Loading rh.white surf
Projecting RH Surfs
Using lh.cortex.label
Using rh.cortex.label
Computing relative cost
 0  -25.0 -25.0 -25.0   0.997946
 1  -25.0 -25.0  25.0   1.001803
 2  -25.0  25.0 -25.0   0.998035
 3  -25.0  25.0  25.0   1.007480
 4   25.0 -25.0 -25.0   0.998689
 5   25.0 -25.0  25.0   0.997307
 6   25.0  25.0 -25.0   0.986492
 7   25.0  25.0  25.0   0.961027
REL:  8  0.900091    7.948779  0.993597 rel = 0.905891 
Initial costs ----------------
Number of surface hits 3955
WM  Intensity  1033.3110 +/- 616.3322
Ctx Intensity  1078.2067 +/- 643.6703
Pct Contrast      3.3944 +/-  53.8347
Cost   0.9001
RelCost   0.9059

------------------------------------
Brute force preopt -4 4 4, n = 729
     0  -4.0000  -4.0000  -4.0000  -4.0000  -4.0000  -4.0000      0.9743   0.9743  0.0
     2  -4.0000  -4.0000  -4.0000  -4.0000  -4.0000   4.0000      0.9291   0.9291  0.0
    29  -4.0000  -4.0000   0.0000  -4.0000  -4.0000   4.0000      0.9144   0.9144  0.0
    55  -4.0000  -4.0000   4.0000  -4.0000  -4.0000   0.0000      0.9137   0.9137  0.0
    57  -4.0000  -4.0000   4.0000  -4.0000   0.0000  -4.0000      0.9087   0.9087  0.0
   119  -4.0000   0.0000   0.0000   0.0000  -4.0000   4.0000      0.9060   0.9060  0.0
   357   0.0000   0.0000   0.0000  -4.0000   4.0000  -4.0000      0.9052   0.9052  0.0
   358   0.0000   0.0000   0.0000  -4.0000   4.0000   0.0000      0.9052   0.9052  0.0
   364   0.0000   0.0000   0.0000   0.0000   0.0000   0.0000      0.9001   0.9001  0.0
   370   0.0000   0.0000   0.0000   4.0000  -4.0000   0.0000      0.8911   0.8911  0.0
Brute Force --------------------------
Min cost was 0.891052
Number of iterations   729
Search time 2.684417 sec
Parameters at best (transmm, rotdeg)
  0.000   0.000   0.000  4.000 -4.000  0.000 
--------------------------------------------

Starting Powell Minimization
Init Powel Params dof = 6
0 0
1 0
2 0
3 4
4 -4
5 0
fs_powell::minimize
  nparams 6
  maxfev 36
  ftol   0.000100
  linmin_xtol_   0.001000
  powell nthiter 0: fret = 0.891052
   2  1.000  0.000  0.000  4.000 -4.000  0.000   0.8876940331
   6  0.618  0.000  0.000  4.000 -4.000  0.000   0.8823418168
   7  0.639  0.000  0.000  4.000 -4.000  0.000   0.8822362759
   9  0.634  0.000  0.000  4.000 -4.000  0.000   0.8822121600
  10  0.632  0.000  0.000  4.000 -4.000  0.000   0.8822078587
  11  0.631  0.000  0.000  4.000 -4.000  0.000   0.8822071114
  19  0.631 -0.072  0.000  4.000 -4.000  0.000   0.8814049156
  21  0.631 -0.053  0.000  4.000 -4.000  0.000   0.8810243774
  23  0.631 -0.057  0.000  4.000 -4.000  0.000   0.8809818686
  24  0.631 -0.058  0.000  4.000 -4.000  0.000   0.8809805733
  34  0.631 -0.058 -0.080  4.000 -4.000  0.000   0.8796751318
  35  0.631 -0.058 -0.077  4.000 -4.000  0.000   0.8796295339
  36  0.631 -0.058 -0.057  4.000 -4.000  0.000   0.8792048155
  37  0.631 -0.058 -0.035  4.000 -4.000  0.000   0.8789025475
  41  0.631 -0.058 -0.038  4.000 -4.000  0.000   0.8788917053
  57  0.631 -0.058 -0.038  4.003 -4.000  0.000   0.8788001983
  58  0.631 -0.058 -0.038  4.007 -4.000  0.000   0.8787549170
  67  0.631 -0.058 -0.038  4.007 -3.941  0.000   0.8774773427
  69  0.631 -0.058 -0.038  4.007 -3.939  0.000   0.8774064053
  71  0.631 -0.058 -0.038  4.007 -3.928  0.000   0.8774005364
  72  0.631 -0.058 -0.038  4.007 -3.933  0.000   0.8773137146
  82  0.631 -0.058 -0.038  4.007 -3.933  0.086   0.8759010276
  powell nthiter 1: fret = 0.875901
  98  0.620 -0.058 -0.038  4.007 -3.933  0.086   0.8757476791
  99  0.619 -0.058 -0.038  4.007 -3.933  0.086   0.8757398380
 101  0.618 -0.058 -0.038  4.007 -3.933  0.086   0.8757383065
 111  0.618 -0.050 -0.038  4.007 -3.933  0.086   0.8756828117
 112  0.618 -0.051 -0.038  4.007 -3.933  0.086   0.8756782596
 113  0.618 -0.052 -0.038  4.007 -3.933  0.086   0.8756747388
 124  0.618 -0.052 -0.091  4.007 -3.933  0.086   0.8740474085
 126  0.618 -0.052 -0.083  4.007 -3.933  0.086   0.8739931261
 128  0.618 -0.052 -0.084  4.007 -3.933  0.086   0.8739912739
 143  0.618 -0.052 -0.084  4.001 -3.933  0.086   0.8739437234
 145  0.618 -0.052 -0.084  4.000 -3.933  0.086   0.8739432060
 153  0.618 -0.052 -0.084  4.000 -3.891  0.086   0.8735776858
 156  0.618 -0.052 -0.084  4.000 -3.887  0.086   0.8735042107
 157  0.618 -0.052 -0.084  4.000 -3.875  0.086   0.8732873449
 159  0.618 -0.052 -0.084  4.000 -3.878  0.086   0.8732481774
 161  0.618 -0.052 -0.084  4.000 -3.879  0.086   0.8732406455
 173  0.618 -0.052 -0.084  4.000 -3.879  0.091   0.8732182060
 174  0.618 -0.052 -0.084  4.000 -3.879  0.089   0.8732155036
  powell nthiter 2: fret = 0.873215
 189  0.619 -0.052 -0.084  4.000 -3.879  0.089   0.8732134234
 203  0.619 -0.049 -0.084  4.000 -3.879  0.089   0.8732008344
 204  0.619 -0.050 -0.084  4.000 -3.879  0.089   0.8731984707
 215  0.619 -0.050 -0.089  4.000 -3.879  0.089   0.8731575826
 216  0.619 -0.050 -0.091  4.000 -3.879  0.089   0.8731560468
 218  0.619 -0.050 -0.090  4.000 -3.879  0.089   0.8731553902
 241  0.619 -0.050 -0.090  4.000 -3.877  0.089   0.8731471614
 253  0.619 -0.050 -0.090  4.000 -3.877  0.096   0.8730810372
 254  0.619 -0.050 -0.090  4.000 -3.877  0.099   0.8730796051
 256  0.619 -0.050 -0.090  4.000 -3.877  0.098   0.8730743245
  powell nthiter 3: fret = 0.873074
 269  0.620 -0.050 -0.090  4.000 -3.877  0.098   0.8730718162
 281  0.620 -0.045 -0.090  4.000 -3.877  0.098   0.8729174586
 282  0.620 -0.040 -0.090  4.000 -3.877  0.098   0.8729112379
 283  0.620 -0.042 -0.090  4.000 -3.877  0.098   0.8728959412
 295  0.620 -0.042 -0.093  4.000 -3.877  0.098   0.8728635553
 296  0.620 -0.042 -0.096  4.000 -3.877  0.098   0.8728578588
 311  0.620 -0.042 -0.095  4.003 -3.877  0.098   0.8728498842
 312  0.620 -0.042 -0.095  4.004 -3.877  0.098   0.8728483593
 320  0.620 -0.042 -0.095  4.004 -3.871  0.098   0.8727577687
 324  0.620 -0.042 -0.095  4.004 -3.873  0.098   0.8727486283
 334  0.620 -0.042 -0.095  4.004 -3.873  0.100   0.8727391406
  powell nthiter 4: fret = 0.872739
 363  0.620 -0.043 -0.095  4.004 -3.873  0.100   0.8727323124
 374  0.620 -0.043 -0.096  4.004 -3.873  0.100   0.8727216961
 375  0.620 -0.043 -0.100  4.004 -3.873  0.100   0.8727045787
 377  0.620 -0.043 -0.099  4.004 -3.873  0.100   0.8727038491
 393  0.620 -0.043 -0.099  4.002 -3.873  0.100   0.8727007168
 405  0.620 -0.043 -0.099  4.002 -3.871  0.100   0.8726928736
Powell done niters = 4
Computing relative cost
 0  -25.0 -25.0 -25.0   1.000384
 1  -25.0 -25.0  25.0   1.026644
 2  -25.0  25.0 -25.0   1.014624
 3  -25.0  25.0  25.0   1.013437
 4   25.0 -25.0 -25.0   0.989404
 5   25.0 -25.0  25.0   1.017575
 6   25.0  25.0 -25.0   1.000586
 7   25.0  25.0  25.0   0.942324
REL:  8  0.872693    8.004978  1.000622 rel = 0.87215 
Number of iterations     4
Min cost was 0.872693
Number of FunctionCalls   419
TolPowell 0.000100
nMaxItersPowell 36
OptimizationTime 1.424570 sec
Parameters at optimum (transmm)  0.61973 -0.04332 -0.09942
Parameters at optimum (rotdeg)  4.00173 -3.87098  0.09991 
Final costs ----------------
Number of surface hits 3955
WM  Intensity  1025.5410 +/- 620.0473
Ctx Intensity  1073.0752 +/- 633.4156
Pct Contrast      4.9378 +/-  53.7107
Cost   0.8727
RelCost   0.9059
Reg at min cost was 
-0.99571   0.08966  -0.02293   0.47429;
-0.02706  -0.04513   0.99861   14.43673;
-0.08850  -0.99495  -0.04736   3.08145;
 0.00000   0.00000   0.00000   1.00000;

Writing optimal reg to /localscratch/bpinsard.41451889.0/freesurfer_crosssectional_autorecon3_sub06_ses007.job/sub-06_ses-007/mri/transforms/tmp.bbregister.211637/bbr.pass1.dat, type = 14 
Original Reg 
-0.99946   0.02221  -0.02434   0.09483;
-0.02673  -0.11487   0.99302   14.66702;
-0.01926  -0.99313  -0.11540   2.16344;
 0.00000   0.00000   0.00000   1.00000;

Original Reg - Optimal Reg
-0.00375  -0.06745  -0.00141  -0.37946;
 0.00033  -0.06974  -0.00559   0.23029;
 0.06924   0.00182  -0.06804  -0.91801;
 0.00000   0.00000   0.00000   0.00000;

Computing change in lh position
LH rmsDiffMean 6.149866
Computing change in rh position
Surface-RMS-Diff-mm 5.121321 1.997100 9.092476
mri_segreg done
mri_segreg --mov /localscratch/bpinsard.41451889.0/freesurfer_crosssectional_autorecon3_sub06_ses007.job/sub-06_ses-007/mri/transforms/tmp.bbregister.211637/template.nii --init-reg /localscratch/bpinsard.41451889.0/freesurfer_crosssectional_autorecon3_sub06_ses007.job/sub-06_ses-007/mri/transforms/tmp.bbregister.211637/bbr.pass1.dat --out-reg /localscratch/bpinsard.41451889.0/freesurfer_crosssectional_autorecon3_sub06_ses007.job/sub-06_ses-007/mri/transforms/T2raw.auto.dat --interp trilinear --wm-proj-abs 1 --tol 1e-8 --tol1d 1e-3 --c0 0 --mincost /localscratch/bpinsard.41451889.0/freesurfer_crosssectional_autorecon3_sub06_ses007.job/sub-06_ses-007/mri/transforms/T2raw.auto.dat.mincost --dof 6 --nmax 36 --param /localscratch/bpinsard.41451889.0/freesurfer_crosssectional_autorecon3_sub06_ses007.job/sub-06_ses-007/mri/transforms/T2raw.auto.dat.param --surf white --brute -0.1 0.1 0.1 --cur-reg /localscratch/bpinsard.41451889.0/freesurfer_crosssectional_autorecon3_sub06_ses007.job/sub-06_ses-007/mri/transforms/tmp.bbregister.211637/reg.curopt.dat --gm-proj-abs 2 --nsub 1 --gm-gt-wm 0.5
7.4.1
setenv SUBJECTS_DIR /localscratch/bpinsard.41451889.0/freesurfer_crosssectional_autorecon3_sub06_ses007.job
cd /localscratch/bpinsard.41451889.0/freesurfer_crosssectional_autorecon3_sub06_ses007.job/sub-06_ses-007/scripts
mri_segreg --mov /localscratch/bpinsard.41451889.0/freesurfer_crosssectional_autorecon3_sub06_ses007.job/sub-06_ses-007/mri/transforms/tmp.bbregister.211637/template.nii --init-reg /localscratch/bpinsard.41451889.0/freesurfer_crosssectional_autorecon3_sub06_ses007.job/sub-06_ses-007/mri/transforms/tmp.bbregister.211637/bbr.pass1.dat --out-reg /localscratch/bpinsard.41451889.0/freesurfer_crosssectional_autorecon3_sub06_ses007.job/sub-06_ses-007/mri/transforms/T2raw.auto.dat --interp trilinear --wm-proj-abs 1 --tol 1e-8 --tol1d 1e-3 --c0 0 --mincost /localscratch/bpinsard.41451889.0/freesurfer_crosssectional_autorecon3_sub06_ses007.job/sub-06_ses-007/mri/transforms/T2raw.auto.dat.mincost --dof 6 --nmax 36 --param /localscratch/bpinsard.41451889.0/freesurfer_crosssectional_autorecon3_sub06_ses007.job/sub-06_ses-007/mri/transforms/T2raw.auto.dat.param --surf white --brute -0.1 0.1 0.1 --cur-reg /localscratch/bpinsard.41451889.0/freesurfer_crosssectional_autorecon3_sub06_ses007.job/sub-06_ses-007/mri/transforms/tmp.bbregister.211637/reg.curopt.dat --gm-proj-abs 2 --nsub 1 --gm-gt-wm 0.5 
sysname  Linux
hostname bc12334.int.ets1.calculquebec.ca
machine  x86_64
user     bpinsard
movvol /localscratch/bpinsard.41451889.0/freesurfer_crosssectional_autorecon3_sub06_ses007.job/sub-06_ses-007/mri/transforms/tmp.bbregister.211637/template.nii
regfile /localscratch/bpinsard.41451889.0/freesurfer_crosssectional_autorecon3_sub06_ses007.job/sub-06_ses-007/mri/transforms/tmp.bbregister.211637/bbr.pass1.dat
subject sub-06_ses-007
dof 6
outregfile /localscratch/bpinsard.41451889.0/freesurfer_crosssectional_autorecon3_sub06_ses007.job/sub-06_ses-007/mri/transforms/T2raw.auto.dat
UseMask 0
UseLH 1
UseRH 1
nsubsamp 1
PenaltySign  -1
PenaltySlope 0.500000
PenaltyCenter 0.000000
surfname white
GMProjAbs 2.000000
WMProjAbs 1.000000
lhcostfile (null)
rhcostfile (null)
interp  trilinear (1)
frame  0
TolPowell 0.000000
nMaxItersPowell 36
n1dmin  3
Profile   0
Gdiag_no  -1
AddNoise  0 (0)
SynthSeed 1696925479
TransRandMax 0.000000
RotRandMax 0.000000
Translations 0.000000 0.000000 0.000000
Rotations   0.000000 0.000000 0.000000
Input reg
-0.99571   0.08966  -0.02293   0.47429;
-0.02706  -0.04513   0.99861   14.43673;
-0.08850  -0.99495  -0.04736   3.08145;
 0.00000   0.00000   0.00000   1.00000;

Loading mov
ExcludeZeroVoxels 1
Reading in targ vol /localscratch/bpinsard.41451889.0/freesurfer_crosssectional_autorecon3_sub06_ses007.job/sub-06_ses-007/mri/orig.mgz
Projecting LH Surfs
Loading lh.white surf
GM Proj: 0 0.500000 2.000000
WM Proj: 0 0.500000 1.000000
Projecting RH Surfs
Loading rh.white surf
Projecting RH Surfs
Using lh.cortex.label
Using rh.cortex.label
Computing relative cost
 0  -25.0 -25.0 -25.0   1.010972
 1  -25.0 -25.0  25.0   1.006217
 2  -25.0  25.0 -25.0   0.998511
 3  -25.0  25.0  25.0   1.007255
 4   25.0 -25.0 -25.0   0.984189
 5   25.0 -25.0  25.0   0.993386
 6   25.0  25.0 -25.0   0.989768
 7   25.0  25.0  25.0   0.982114
REL:  8  0.930187    7.972411  0.996551 rel = 0.933406 
Initial costs ----------------
Number of surface hits 394020
WM  Intensity  1026.4815 +/- 615.5759
Ctx Intensity  1047.1164 +/- 621.0982
Pct Contrast      2.0481 +/-  47.1539
Cost   0.9302
RelCost   0.9334

------------------------------------
Brute force preopt -0.1 0.1 0.1, n = 729
     0  -0.1000  -0.1000  -0.1000  -0.1000  -0.1000  -0.1000      0.8967   0.8967  0.0
     9  -0.1000  -0.1000  -0.1000   0.0000  -0.1000  -0.1000      0.8962   0.8962  0.0
    18  -0.1000  -0.1000  -0.1000   0.1000  -0.1000  -0.1000      0.8948   0.8948  0.0
    27  -0.1000  -0.1000   0.0000  -0.1000  -0.1000  -0.1000      0.8940   0.8940  0.0
    36  -0.1000  -0.1000   0.0000   0.0000  -0.1000  -0.1000      0.8938   0.8938  0.0
    37  -0.1000  -0.1000   0.0000   0.0000  -0.1000   0.0000      0.8933   0.8933  0.0
    38  -0.1000  -0.1000   0.0000   0.0000  -0.1000   0.1000      0.8923   0.8923  0.0
    54  -0.1000  -0.1000   0.1000  -0.1000  -0.1000  -0.1000      0.8910   0.8910  0.0
    73  -0.1000  -0.1000   0.1000   0.1000  -0.1000   0.0000      0.8908   0.8908  0.0
   118  -0.1000   0.0000   0.0000   0.0000  -0.1000   0.0000      0.8893   0.8893  0.0
   135  -0.1000   0.0000   0.1000  -0.1000  -0.1000  -0.1000      0.8878   0.8878  0.0
   153  -0.1000   0.0000   0.1000   0.1000  -0.1000  -0.1000      0.8872   0.8872  0.0
   189  -0.1000   0.1000   0.0000  -0.1000  -0.1000  -0.1000      0.8866   0.8866  0.0
   216  -0.1000   0.1000   0.1000  -0.1000  -0.1000  -0.1000      0.8863   0.8863  0.0
   461   0.0000   0.1000   0.1000  -0.1000  -0.1000   0.1000      0.8859   0.8859  0.0
Brute Force --------------------------
Min cost was 0.885875
Number of iterations   729
Search time 2.435861 sec
Parameters at best (transmm, rotdeg)
  0.000   0.100   0.100 -0.100 -0.100  0.100 
--------------------------------------------

Starting Powell Minimization
Init Powel Params dof = 6
0 0
1 0.1
2 0.1
3 -0.1
4 -0.1
5 0.1
fs_powell::minimize
  nparams 6
  maxfev 36
  ftol   0.000000
  linmin_xtol_   0.001000
  powell nthiter 0: fret = 0.929780
   5 -0.618  0.100  0.100 -0.100 -0.100  0.100   0.9290947821
   7 -0.380  0.100  0.100 -0.100 -0.100  0.100   0.9284926652
   8 -0.367  0.100  0.100 -0.100 -0.100  0.100   0.9284773721
  13 -0.366  0.100  0.100 -0.100 -0.100  0.100   0.9284770159
  21 -0.366  0.244  0.100 -0.100 -0.100  0.100   0.9282071335
  23 -0.366  0.200  0.100 -0.100 -0.100  0.100   0.9281734713
  25 -0.366  0.213  0.100 -0.100 -0.100  0.100   0.9281401160
  26 -0.366  0.218  0.100 -0.100 -0.100  0.100   0.9281374402
  27 -0.366  0.219  0.100 -0.100 -0.100  0.100   0.9281368443
  29 -0.366  0.223  0.100 -0.100 -0.100  0.100   0.9281361039
  31 -0.366  0.225  0.100 -0.100 -0.100  0.100   0.9281356017
  32 -0.366  0.226  0.100 -0.100 -0.100  0.100   0.9281355883
  40 -0.366  0.226  0.053 -0.100 -0.100  0.100   0.9281214345
  44 -0.366  0.226  0.021 -0.100 -0.100  0.100   0.9279928282
  46 -0.366  0.226  0.024 -0.100 -0.100  0.100   0.9279907565
  55 -0.366  0.226  0.024  0.029 -0.100  0.100   0.9278115159
  56 -0.366  0.226  0.024  0.034 -0.100  0.100   0.9277995562
  57 -0.366  0.226  0.024  0.129 -0.100  0.100   0.9277703894
  65 -0.366  0.226  0.024  0.128 -0.100  0.100   0.9277703877
  73 -0.366  0.226  0.024  0.128  0.026  0.100   0.9271749677
  75 -0.366  0.226  0.024  0.128  0.007  0.100   0.9271196534
  78 -0.366  0.226  0.024  0.128  0.010  0.100   0.9271176632
  80 -0.366  0.226  0.024  0.128  0.009  0.100   0.9271176521
  85 -0.366  0.226  0.024  0.128  0.009 -0.518   0.9261217000
  92 -0.366  0.226  0.024  0.128  0.009 -0.517   0.9261200919
  93 -0.366  0.226  0.024  0.128  0.009 -0.515   0.9261181101
  powell nthiter 1: fret = 0.926118
 101 -0.984  0.226  0.024  0.128  0.009 -0.515   0.9254126845
 103 -0.730  0.226  0.024  0.128  0.009 -0.515   0.9249264007
 105 -0.591  0.226  0.024  0.128  0.009 -0.515   0.9248816539
 106 -0.644  0.226  0.024  0.128  0.009 -0.515   0.9248509405
 107 -0.645  0.226  0.024  0.128  0.009 -0.515   0.9248500461
 108 -0.677  0.226  0.024  0.128  0.009 -0.515   0.9248441295
 110 -0.697  0.226  0.024  0.128  0.009 -0.515   0.9248255258
 112 -0.690  0.226  0.024  0.128  0.009 -0.515   0.9248109578
 122 -0.690  0.249  0.024  0.128  0.009 -0.515   0.9248073748
 123 -0.690  0.243  0.024  0.128  0.009 -0.515   0.9248003542
 125 -0.690  0.244  0.024  0.128  0.009 -0.515   0.9247996705
 134 -0.690  0.244 -0.194  0.128  0.009 -0.515   0.9240477747
 136 -0.690  0.244 -0.195  0.128  0.009 -0.515   0.9240437789
 138 -0.690  0.244 -0.199  0.128  0.009 -0.515   0.9240414866
 140 -0.690  0.244 -0.198  0.128  0.009 -0.515   0.9240412658
 151 -0.690  0.244 -0.198  0.122  0.009 -0.515   0.9240368746
 152 -0.690  0.244 -0.198  0.123  0.009 -0.515   0.9240362047
 163 -0.690  0.244 -0.198  0.124  0.006 -0.515   0.9240350325
 164 -0.690  0.244 -0.198  0.124  0.005 -0.515   0.9240347854
 174 -0.690  0.244 -0.198  0.124  0.005 -0.662   0.9235237889
 177 -0.690  0.244 -0.198  0.124  0.005 -0.671   0.9235151958
 179 -0.690  0.244 -0.198  0.124  0.005 -0.668   0.9235130346
  powell nthiter 2: fret = 0.923513
 189 -0.855  0.244 -0.198  0.124  0.005 -0.668   0.9233888112
 192 -0.939  0.244 -0.198  0.124  0.005 -0.668   0.9231728006
 193 -0.941  0.244 -0.198  0.124  0.005 -0.668   0.9231681028
 196 -0.946  0.244 -0.198  0.124  0.005 -0.668   0.9231643377
 197 -0.945  0.244 -0.198  0.124  0.005 -0.668   0.9231634105
 207 -0.945  0.229 -0.198  0.124  0.005 -0.668   0.9231271618
 221 -0.945  0.229 -0.196  0.124  0.005 -0.668   0.9231239389
 235 -0.945  0.229 -0.196  0.131  0.005 -0.668   0.9231102303
 246 -0.945  0.229 -0.196  0.131  0.011 -0.668   0.9230997938
 248 -0.945  0.229 -0.196  0.131  0.015 -0.668   0.9230991642
 249 -0.945  0.229 -0.196  0.131  0.016 -0.668   0.9230988933
 250 -0.945  0.229 -0.196  0.131  0.017 -0.668   0.9230988663
 262 -0.945  0.229 -0.196  0.131  0.017 -0.703   0.9230535406
 263 -0.945  0.229 -0.196  0.131  0.017 -0.700   0.9230521576
 265 -0.945  0.229 -0.196  0.131  0.017 -0.699   0.9230516075
  powell nthiter 3: fret = 0.923052
 276 -0.999  0.229 -0.196  0.131  0.017 -0.699   0.9230211972
 277 -0.980  0.229 -0.196  0.131  0.017 -0.699   0.9230042288
 279 -0.987  0.229 -0.196  0.131  0.017 -0.699   0.9229976411
 293 -0.987  0.226 -0.196  0.131  0.017 -0.699   0.9229919465
 296 -0.987  0.225 -0.196  0.131  0.017 -0.699   0.9229919226
 305 -0.987  0.225 -0.211  0.131  0.017 -0.699   0.9229791720
 306 -0.987  0.225 -0.207  0.131  0.017 -0.699   0.9229720224
 307 -0.987  0.225 -0.205  0.131  0.017 -0.699   0.9229716062
 309 -0.987  0.225 -0.206  0.131  0.017 -0.699   0.9229713929
 319 -0.987  0.225 -0.206  0.132  0.017 -0.699   0.9229695722
 320 -0.987  0.225 -0.206  0.137  0.017 -0.699   0.9229656592
 322 -0.987  0.225 -0.206  0.138  0.017 -0.699   0.9229656458
 332 -0.987  0.225 -0.206  0.138  0.004 -0.699   0.9229490841
 334 -0.987  0.225 -0.206  0.138 -0.012 -0.699   0.9229328339
 336 -0.987  0.225 -0.206  0.138 -0.008 -0.699   0.9229326859
 337 -0.987  0.225 -0.206  0.138 -0.010 -0.699   0.9229319413
 350 -0.987  0.225 -0.206  0.138 -0.011 -0.716   0.9228881508
 351 -0.987  0.225 -0.206  0.138 -0.011 -0.715   0.9228875342
 352 -0.987  0.225 -0.206  0.138 -0.011 -0.714   0.9228872935
  powell nthiter 4: fret = 0.922887
 369 -0.990  0.225 -0.206  0.138 -0.011 -0.714   0.9228863436
 370 -0.989  0.225 -0.206  0.138 -0.011 -0.714   0.9228857819
 381 -0.989  0.221 -0.206  0.138 -0.011 -0.714   0.9228823366
 383 -0.989  0.222 -0.206  0.138 -0.011 -0.714   0.9228812770
 395 -0.989  0.222 -0.209  0.138 -0.011 -0.714   0.9228799435
 419 -0.989  0.222 -0.208  0.138 -0.023 -0.714   0.9228707656
 421 -0.989  0.222 -0.208  0.138 -0.019 -0.714   0.9228663856
 437 -0.989  0.222 -0.208  0.138 -0.019 -0.718   0.9228617548
 438 -0.989  0.222 -0.208  0.138 -0.019 -0.717   0.9228616217
 440 -0.991  0.219 -0.209  0.138 -0.027 -0.721   0.9228615769
 446 -0.990  0.221 -0.209  0.138 -0.024 -0.720   0.9228604845
 447 -0.990  0.221 -0.208  0.138 -0.023 -0.719   0.9228603101
 448 -0.989  0.221 -0.208  0.138 -0.022 -0.719   0.9228602438
 450 -0.989  0.221 -0.208  0.138 -0.022 -0.719   0.9228601962
 451 -0.989  0.221 -0.208  0.138 -0.022 -0.719   0.9228601944
 452 -0.989  0.221 -0.208  0.138 -0.022 -0.719   0.9228601716
  powell nthiter 5: fret = 0.922860
 470 -0.992  0.221 -0.208  0.138 -0.022 -0.719   0.9228584861
 471 -0.993  0.221 -0.208  0.138 -0.022 -0.719   0.9228583066
 497 -0.993  0.221 -0.220  0.138 -0.022 -0.719   0.9228564345
 499 -0.993  0.221 -0.214  0.138 -0.022 -0.719   0.9228521338
 512 -0.993  0.221 -0.215  0.146 -0.022 -0.719   0.9228501066
 513 -0.993  0.221 -0.215  0.143 -0.022 -0.719   0.9228482113
 528 -0.993  0.221 -0.215  0.143 -0.022 -0.722   0.9228430433
 532 -0.995  0.219 -0.217  0.143 -0.030 -0.725   0.9228369700
 539 -0.995  0.218 -0.217  0.143 -0.030 -0.726   0.9228369355
 541 -0.995  0.218 -0.217  0.143 -0.031 -0.726   0.9228368802
 546 -0.995  0.218 -0.217  0.143 -0.031 -0.726   0.9228368453
 549 -1.001  0.214 -0.226  0.148 -0.042 -0.734   0.9228295395
  powell nthiter 6: fret = 0.922837
 578 -0.998  0.216 -0.217  0.143 -0.031 -0.726   0.9228291421
 579 -0.998  0.214 -0.217  0.143 -0.031 -0.726   0.9228287556
 591 -0.998  0.214 -0.222  0.143 -0.031 -0.726   0.9228203098
 604 -0.998  0.214 -0.222  0.153 -0.031 -0.726   0.9228179394
 605 -0.998  0.214 -0.222  0.149 -0.031 -0.726   0.9228153488
 607 -0.998  0.214 -0.222  0.150 -0.031 -0.726   0.9228153101
 621 -0.998  0.214 -0.222  0.150 -0.031 -0.727   0.9228149668
 629 -0.997  0.214 -0.222  0.150 -0.030 -0.726   0.9228147268
 637 -0.997  0.214 -0.222  0.150 -0.030 -0.726   0.9228147251
 638 -0.997  0.214 -0.222  0.150 -0.030 -0.726   0.9228146898
  powell nthiter 7: fret = 0.922815
 654 -0.999  0.214 -0.222  0.150 -0.030 -0.726   0.9228117397
 681 -0.999  0.214 -0.228  0.150 -0.030 -0.726   0.9228077852
 682 -0.999  0.214 -0.227  0.150 -0.030 -0.726   0.9228073728
 695 -0.999  0.214 -0.227  0.151 -0.030 -0.726   0.9228073062
 708 -0.999  0.214 -0.227  0.151 -0.030 -0.727   0.9228068493
 716 -1.000  0.214 -0.227  0.151 -0.030 -0.728   0.9228065549
 717 -1.000  0.214 -0.227  0.151 -0.031 -0.728   0.9228064811
 718 -1.000  0.214 -0.227  0.151 -0.031 -0.728   0.9228064703
 721 -1.000  0.214 -0.227  0.151 -0.031 -0.728   0.9228064564
 722 -1.000  0.214 -0.227  0.151 -0.031 -0.728   0.9228064499
 724 -1.000  0.214 -0.227  0.151 -0.031 -0.728   0.9228064410
 727 -1.000  0.214 -0.227  0.151 -0.031 -0.728   0.9228064261
 728 -1.002  0.213 -0.232  0.152 -0.032 -0.730   0.9228026852
 733 -1.004  0.213 -0.235  0.153 -0.033 -0.730   0.9228017557
 735 -1.003  0.213 -0.234  0.153 -0.033 -0.730   0.9228016209
 736 -1.003  0.213 -0.234  0.153 -0.033 -0.730   0.9228015849
 737 -1.003  0.213 -0.234  0.153 -0.033 -0.730   0.9228015715
  powell nthiter 8: fret = 0.922802
 754 -1.005  0.213 -0.234  0.153 -0.033 -0.730   0.9228015561
 767 -1.005  0.212 -0.234  0.153 -0.033 -0.730   0.9228015557
 775 -1.005  0.213 -0.234  0.153 -0.031 -0.729   0.9228007496
 776 -1.005  0.213 -0.234  0.153 -0.031 -0.730   0.9228006615
 810 -1.005  0.213 -0.234  0.153 -0.031 -0.731   0.9227996737
 817 -1.006  0.213 -0.235  0.153 -0.032 -0.732   0.9227995158
 818 -1.005  0.213 -0.235  0.153 -0.031 -0.731   0.9227993216
 819 -1.005  0.213 -0.235  0.153 -0.031 -0.731   0.9227992303
 826 -1.005  0.213 -0.235  0.153 -0.031 -0.731   0.9227992272
  powell nthiter 9: fret = 0.922799
 861 -1.005  0.213 -0.235  0.153 -0.031 -0.731   0.9227992150
Powell done niters = 9
Computing relative cost
 0  -25.0 -25.0 -25.0   1.011378
 1  -25.0 -25.0  25.0   1.009506
 2  -25.0  25.0 -25.0   0.997152
 3  -25.0  25.0  25.0   1.006447
 4   25.0 -25.0 -25.0   0.983397
 5   25.0 -25.0  25.0   0.994536
 6   25.0  25.0 -25.0   0.991513
 7   25.0  25.0  25.0   0.984976
REL:  8  0.922799    7.978904  0.997363 rel = 0.925239 
Number of iterations     9
Min cost was 0.922799
Number of FunctionCalls   915
TolPowell 0.000000
nMaxItersPowell 36
OptimizationTime 126.893255 sec
Parameters at optimum (transmm) -1.00513  0.21294 -0.23459
Parameters at optimum (rotdeg)  0.15283 -0.03085 -0.73101 
Final costs ----------------
Number of surface hits 394020
WM  Intensity  1024.2795 +/- 615.7145
Ctx Intensity  1048.1739 +/- 623.8188
Pct Contrast      2.3323 +/-  47.1670
Cost   0.9228
RelCost   0.9334
Reg at min cost was 
-0.99592   0.08965  -0.01016  -0.34847;
-0.01412  -0.04362   0.99895   14.63420;
-0.08911  -0.99502  -0.04471   2.88561;
 0.00000   0.00000   0.00000   1.00000;

Writing optimal reg to /localscratch/bpinsard.41451889.0/freesurfer_crosssectional_autorecon3_sub06_ses007.job/sub-06_ses-007/mri/transforms/T2raw.auto.dat, type = 14 
Original Reg 
-0.99571   0.08966  -0.02293   0.47429;
-0.02706  -0.04513   0.99861   14.43673;
-0.08850  -0.99495  -0.04736   3.08145;
 0.00000   0.00000   0.00000   1.00000;

Original Reg - Optimal Reg
 0.00021   0.00001  -0.01277   0.82277;
-0.01294  -0.00151  -0.00033  -0.19747;
 0.00061   0.00007  -0.00265   0.19584;
 0.00000   0.00000   0.00000   0.00000;

Computing change in lh position
LH rmsDiffMean 0.548646
Computing change in rh position
Surface-RMS-Diff-mm 0.651236 0.283439 1.360973
mri_segreg done
MinCost: 0.922799 1024.279508 1048.173887 2.332311 
tkregister2_cmdl --mov /localscratch/bpinsard.41451889.0/freesurfer_crosssectional_autorecon3_sub06_ses007.job/sub-06_ses-007/mri/orig/T2raw.mgz --reg /localscratch/bpinsard.41451889.0/freesurfer_crosssectional_autorecon3_sub06_ses007.job/sub-06_ses-007/mri/transforms/T2raw.auto.dat --noedit --ltaout /localscratch/bpinsard.41451889.0/freesurfer_crosssectional_autorecon3_sub06_ses007.job/sub-06_ses-007/mri/transforms/T2raw.auto.lta
INFO: no target volume specified, assuming FreeSurfer orig volume.
target  volume orig
movable volume /localscratch/bpinsard.41451889.0/freesurfer_crosssectional_autorecon3_sub06_ses007.job/sub-06_ses-007/mri/orig/T2raw.mgz
reg file       /localscratch/bpinsard.41451889.0/freesurfer_crosssectional_autorecon3_sub06_ses007.job/sub-06_ses-007/mri/transforms/T2raw.auto.dat
LoadVol        0
ZeroCRAS       0
7.4.1
Diagnostic Level -1
---- Input registration matrix --------
-0.99592   0.08965  -0.01016  -0.34847;
-0.01412  -0.04362   0.99895   14.63420;
-0.08911  -0.99502  -0.04471   2.88561;
 0.00000   0.00000   0.00000   1.00000;
float2int = 0
---------------------------------------
INFO: loading target /localscratch/bpinsard.41451889.0/freesurfer_crosssectional_autorecon3_sub06_ses007.job/sub-06_ses-007/mri/orig.mgz
INFO: target does not conform to COR format, so I'm going to
reslice to COR. This will not affect the final registration.
Ttarg: --------------------
-1.00000   0.00000   0.00000   128.00000;
 0.00000   0.00000   1.00000  -128.00000;
 0.00000  -1.00000   0.00000   128.00000;
 0.00000   0.00000   0.00000   1.00000;
INFO: loading movable /localscratch/bpinsard.41451889.0/freesurfer_crosssectional_autorecon3_sub06_ses007.job/sub-06_ses-007/mri/orig/T2raw.mgz
Tmov: --------------------
-0.80000   0.00000   0.00000   83.19952;
 0.00000   0.00000   0.80000  -128.00000;
 0.00000  -0.80000   0.00000   120.00000;
 0.00000   0.00000   0.00000   1.00000;
mkheaderreg = 0, float2int = 0
---- Input registration matrix --------
-0.99592   0.08965  -0.01016  -0.34849;
-0.01412  -0.04362   0.99895   14.63421;
-0.08911  -0.99502  -0.04471   2.88563;
 0.00000   0.00000   0.00000   1.00000;
Determinant -1
subject = sub-06_ses-007
RegMat ---------------------------
-0.99592   0.08965  -0.01016  -0.34847;
-0.01412  -0.04362   0.99895   14.63420;
-0.08911  -0.99502  -0.04471   2.88561;
 0.00000   0.00000   0.00000   1.00000;
Cleaning up
 
Started at Sun Oct 8 06:13:53 UTC 2023 
Ended   at Sun Oct  8 06:18:05 UTC 2023
BBR-Run-Time-Sec 252
 
bbregister Done
To check results, run:
tkregisterfv --mov /localscratch/bpinsard.41451889.0/freesurfer_crosssectional_autorecon3_sub06_ses007.job/sub-06_ses-007/mri/orig/T2raw.mgz --reg /localscratch/bpinsard.41451889.0/freesurfer_crosssectional_autorecon3_sub06_ses007.job/sub-06_ses-007/mri/transforms/T2raw.auto.lta --surfs  --sd /localscratch/bpinsard.41451889.0/freesurfer_crosssectional_autorecon3_sub06_ses007.job
