status file for recon-all
Sat Oct 14 11:04:06 UTC 2023
#@# MotionCor Sat Oct 14 11:04:48 UTC 2023
#@# Talairach Sat Oct 14 11:04:48 UTC 2023
#@# Talairach Failure Detection Sat Oct 14 11:04:51 UTC 2023
#@# Nu Intensity Correction Sat Oct 14 11:04:51 UTC 2023
#@# Intensity Normalization Sat Oct 14 11:14:30 UTC 2023
#@# Skull Stripping Sat Oct 14 11:29:28 UTC 2023
#@# EM Registration Sat Oct 14 11:29:34 UTC 2023
#@# CA Normalize Sat Oct 14 11:29:34 UTC 2023
#@# CA Reg Sat Oct 14 11:33:47 UTC 2023
#@# SubCort Seg Sat Oct 14 12:00:36 UTC 2023
#@# CC Seg Sat Oct 14 12:13:18 UTC 2023
#@# Merge ASeg Sat Oct 14 12:25:03 UTC 2023
#@# Intensity Normalization2 Sat Oct 14 12:25:03 UTC 2023
#@# Mask BFS Sat Oct 14 12:32:31 UTC 2023
#@# WM Segmentation Sat Oct 14 12:32:38 UTC 2023
#@# Smooth2 lh Sat Oct 14 12:54:07 UTC 2023
#@# Smooth2 rh Sat Oct 14 12:54:15 UTC 2023
#@# Inflation2 lh Sat Oct 14 12:54:22 UTC 2023
#@# Inflation2 rh Sat Oct 14 12:54:54 UTC 2023
#@# Curv .H and .K lh Sat Oct 14 12:55:28 UTC 2023
#@# Curv .H and .K rh Sat Oct 14 12:57:26 UTC 2023
#@# Sphere lh Sat Oct 14 12:59:25 UTC 2023
#@# Sphere rh Sat Oct 14 12:59:25 UTC 2023
#@# Surf Reg lh Sat Oct 14 12:59:25 UTC 2023
#@# Surf Reg rh Sat Oct 14 13:04:00 UTC 2023
#@# Jacobian white lh Sat Oct 14 13:08:37 UTC 2023
#@# Jacobian white rh Sat Oct 14 13:08:39 UTC 2023
#@# AvgCurv lh Sat Oct 14 13:08:41 UTC 2023
#@# AvgCurv rh Sat Oct 14 13:08:43 UTC 2023
#@# Cortical Parc lh Sat Oct 14 13:08:45 UTC 2023
#@# Cortical Parc rh Sat Oct 14 13:09:05 UTC 2023
#@# white curv lh Sat Oct 14 13:29:22 UTC 2023
#@# white area lh Sat Oct 14 13:29:26 UTC 2023
#@# pial curv lh Sat Oct 14 13:29:28 UTC 2023
#@# pial area lh Sat Oct 14 13:29:32 UTC 2023
#@# thickness lh Sat Oct 14 13:29:34 UTC 2023
#@# area and vertex vol lh Sat Oct 14 13:30:55 UTC 2023
#@# white curv rh Sat Oct 14 13:30:59 UTC 2023
#@# white area rh Sat Oct 14 13:31:04 UTC 2023
#@# pial curv rh Sat Oct 14 13:31:05 UTC 2023
#@# pial area rh Sat Oct 14 13:31:10 UTC 2023
#@# thickness rh Sat Oct 14 13:31:12 UTC 2023
#@# area and vertex vol rh Sat Oct 14 13:32:34 UTC 2023
#@# Curvature Stats lh Sat Oct 14 13:32:38 UTC 2023
#@# Curvature Stats rh Sat Oct 14 13:32:45 UTC 2023
#@# Cortical ribbon mask Sat Oct 14 13:32:52 UTC 2023
#@# Cortical Parc 2 lh Sat Oct 14 14:21:47 UTC 2023
#@# Cortical Parc 2 rh Sat Oct 14 14:22:12 UTC 2023
#@# Cortical Parc 3 lh Sat Oct 14 14:22:40 UTC 2023
#@# Cortical Parc 3 rh Sat Oct 14 14:23:02 UTC 2023
#@# WM/GM Contrast lh Sat Oct 14 14:23:24 UTC 2023
#@# WM/GM Contrast rh Sat Oct 14 14:23:33 UTC 2023
#@# Relabel Hypointensities Sat Oct 14 14:23:43 UTC 2023
#@# APas-to-ASeg Sat Oct 14 14:24:32 UTC 2023
#@# AParc-to-ASeg aparc Sat Oct 14 14:25:07 UTC 2023
#@# AParc-to-ASeg aparc.a2009s Sat Oct 14 14:30:36 UTC 2023
#@# AParc-to-ASeg aparc.DKTatlas Sat Oct 14 14:36:06 UTC 2023
#@# WMParc Sat Oct 14 14:41:36 UTC 2023
#@# Parcellation Stats lh Sat Oct 14 14:49:33 UTC 2023
#@# Parcellation Stats rh Sat Oct 14 14:51:11 UTC 2023
#@# Parcellation Stats 2 lh Sat Oct 14 14:52:52 UTC 2023
#@# Parcellation Stats 2 rh Sat Oct 14 14:53:45 UTC 2023
#@# Parcellation Stats 3 lh Sat Oct 14 14:54:38 UTC 2023
#@# Parcellation Stats 3 rh Sat Oct 14 14:55:24 UTC 2023
#@# ASeg Stats Sat Oct 14 14:56:13 UTC 2023
#@# BA_exvivo Labels lh Sat Oct 14 14:58:02 UTC 2023
#@# BA_exvivo Labels rh Sat Oct 14 15:05:17 UTC 2023
recon-all -s sub-01_ses-005.long.sub-01 finished without error at Sat Oct 14 15:12:34 UTC 2023
