status file for recon-all
Fri Oct 13 01:13:33 UTC 2023
#@# MotionCor Fri Oct 13 01:14:16 UTC 2023
#@# Talairach Fri Oct 13 01:14:16 UTC 2023
#@# Talairach Failure Detection Fri Oct 13 01:14:19 UTC 2023
#@# Nu Intensity Correction Fri Oct 13 01:14:19 UTC 2023
#@# Intensity Normalization Fri Oct 13 01:24:00 UTC 2023
#@# Skull Stripping Fri Oct 13 01:38:30 UTC 2023
#@# EM Registration Fri Oct 13 01:38:36 UTC 2023
#@# CA Normalize Fri Oct 13 01:38:36 UTC 2023
#@# CA Reg Fri Oct 13 01:42:50 UTC 2023
#@# SubCort Seg Fri Oct 13 02:09:04 UTC 2023
#@# CC Seg Fri Oct 13 02:22:07 UTC 2023
#@# Merge ASeg Fri Oct 13 02:26:55 UTC 2023
#@# Intensity Normalization2 Fri Oct 13 02:26:55 UTC 2023
#@# Mask BFS Fri Oct 13 02:34:26 UTC 2023
#@# WM Segmentation Fri Oct 13 02:34:34 UTC 2023
#@# Smooth2 lh Fri Oct 13 02:56:52 UTC 2023
#@# Smooth2 rh Fri Oct 13 02:57:00 UTC 2023
#@# Inflation2 lh Fri Oct 13 02:57:07 UTC 2023
#@# Inflation2 rh Fri Oct 13 02:57:41 UTC 2023
#@# Curv .H and .K lh Fri Oct 13 02:58:17 UTC 2023
#@# Curv .H and .K rh Fri Oct 13 03:00:16 UTC 2023
#@# Sphere lh Fri Oct 13 03:02:16 UTC 2023
#@# Sphere rh Fri Oct 13 03:02:16 UTC 2023
#@# Surf Reg lh Fri Oct 13 03:02:16 UTC 2023
#@# Surf Reg rh Fri Oct 13 03:07:04 UTC 2023
#@# Jacobian white lh Fri Oct 13 03:11:55 UTC 2023
#@# Jacobian white rh Fri Oct 13 03:11:57 UTC 2023
#@# AvgCurv lh Fri Oct 13 03:11:59 UTC 2023
#@# AvgCurv rh Fri Oct 13 03:12:01 UTC 2023
#@# Cortical Parc lh Fri Oct 13 03:12:03 UTC 2023
#@# Cortical Parc rh Fri Oct 13 03:12:26 UTC 2023
#@# white curv lh Fri Oct 13 03:34:59 UTC 2023
#@# white area lh Fri Oct 13 03:35:03 UTC 2023
#@# pial curv lh Fri Oct 13 03:35:05 UTC 2023
#@# pial area lh Fri Oct 13 03:35:10 UTC 2023
#@# thickness lh Fri Oct 13 03:35:11 UTC 2023
#@# area and vertex vol lh Fri Oct 13 03:36:35 UTC 2023
#@# white curv rh Fri Oct 13 03:36:39 UTC 2023
#@# white area rh Fri Oct 13 03:36:44 UTC 2023
#@# pial curv rh Fri Oct 13 03:36:46 UTC 2023
#@# pial area rh Fri Oct 13 03:36:50 UTC 2023
#@# thickness rh Fri Oct 13 03:36:52 UTC 2023
#@# area and vertex vol rh Fri Oct 13 03:38:16 UTC 2023
#@# Curvature Stats lh Fri Oct 13 03:38:21 UTC 2023
#@# Curvature Stats rh Fri Oct 13 03:38:28 UTC 2023
#@# Cortical ribbon mask Fri Oct 13 03:38:34 UTC 2023
#@# Cortical Parc 2 lh Fri Oct 13 04:30:57 UTC 2023
#@# Cortical Parc 2 rh Fri Oct 13 04:31:23 UTC 2023
#@# Cortical Parc 3 lh Fri Oct 13 04:31:50 UTC 2023
#@# Cortical Parc 3 rh Fri Oct 13 04:32:13 UTC 2023
#@# WM/GM Contrast lh Fri Oct 13 04:32:37 UTC 2023
#@# WM/GM Contrast rh Fri Oct 13 04:32:46 UTC 2023
#@# Relabel Hypointensities Fri Oct 13 04:32:55 UTC 2023
#@# APas-to-ASeg Fri Oct 13 04:33:45 UTC 2023
#@# AParc-to-ASeg aparc Fri Oct 13 04:34:24 UTC 2023
#@# AParc-to-ASeg aparc.a2009s Fri Oct 13 04:39:52 UTC 2023
#@# AParc-to-ASeg aparc.DKTatlas Fri Oct 13 04:45:21 UTC 2023
#@# WMParc Fri Oct 13 04:50:52 UTC 2023
#@# Parcellation Stats lh Fri Oct 13 04:59:17 UTC 2023
#@# Parcellation Stats rh Fri Oct 13 05:00:57 UTC 2023
#@# Parcellation Stats 2 lh Fri Oct 13 05:02:38 UTC 2023
#@# Parcellation Stats 2 rh Fri Oct 13 05:03:28 UTC 2023
#@# Parcellation Stats 3 lh Fri Oct 13 05:04:18 UTC 2023
#@# Parcellation Stats 3 rh Fri Oct 13 05:05:08 UTC 2023
#@# ASeg Stats Fri Oct 13 05:05:59 UTC 2023
#@# BA_exvivo Labels lh Fri Oct 13 05:07:52 UTC 2023
#@# BA_exvivo Labels rh Fri Oct 13 05:15:21 UTC 2023
recon-all -s sub-01_ses-004.long.sub-01 finished without error at Fri Oct 13 05:22:50 UTC 2023
