status file for recon-all
Thu Oct  5 12:24:17 UTC 2023
#@# MotionCor Thu Oct  5 12:24:24 UTC 2023
#@# Talairach Thu Oct  5 12:24:37 UTC 2023
#@# Talairach Failure Detection Thu Oct  5 12:34:03 UTC 2023
#@# Nu Intensity Correction Thu Oct  5 12:34:03 UTC 2023
#@# Intensity Normalization Thu Oct  5 12:43:32 UTC 2023
#@# Skull Stripping Thu Oct  5 12:50:58 UTC 2023
recon-all -s sub-05_ses-010 finished without error at Thu Oct  5 12:55:21 UTC 2023



#New# invocation of recon-all 



status file for recon-all
Thu Oct  5 13:24:59 UTC 2023
#@# EM Registration Thu Oct  5 13:24:59 UTC 2023
#@# CA Normalize Thu Oct  5 13:29:43 UTC 2023
#@# CA Reg Thu Oct  5 13:33:13 UTC 2023
#@# SubCort Seg Thu Oct  5 14:47:21 UTC 2023
#@# CC Seg Thu Oct  5 16:26:03 UTC 2023
#@# Merge ASeg Thu Oct  5 16:28:36 UTC 2023
#@# Intensity Normalization2 Thu Oct  5 16:28:36 UTC 2023
#@# Mask BFS Thu Oct  5 16:36:26 UTC 2023
#@# WM Segmentation Thu Oct  5 16:36:28 UTC 2023
#@# Fill Thu Oct  5 16:44:29 UTC 2023
#@# Tessellate lh Thu Oct  5 16:47:15 UTC 2023
#@# Tessellate rh Thu Oct  5 16:47:24 UTC 2023
#@# Smooth1 lh Thu Oct  5 16:47:32 UTC 2023
#@# Smooth1 rh Thu Oct  5 16:47:38 UTC 2023
#@# Inflation1 lh Thu Oct  5 16:47:44 UTC 2023
#@# Inflation1 rh Thu Oct  5 16:48:14 UTC 2023
#@# QSphere lh Thu Oct  5 16:48:44 UTC 2023
#@# QSphere rh Thu Oct  5 16:51:02 UTC 2023
#@# Fix Topology lh Thu Oct  5 16:53:18 UTC 2023
#@# Fix Topology rh Thu Oct  5 16:55:51 UTC 2023
#@# Smooth2 lh Thu Oct  5 17:15:03 UTC 2023
#@# Smooth2 rh Thu Oct  5 17:15:10 UTC 2023
#@# Inflation2 lh Thu Oct  5 17:15:17 UTC 2023
#@# Inflation2 rh Thu Oct  5 17:15:51 UTC 2023
#@# Curv .H and .K lh Thu Oct  5 17:16:26 UTC 2023
#@# Curv .H and .K rh Thu Oct  5 17:18:16 UTC 2023
recon-all -s sub-05_ses-010 finished without error at Thu Oct  5 17:20:05 UTC 2023
