status file for recon-all
Thu Oct  5 12:18:13 UTC 2023
#@# MotionCor Thu Oct  5 12:18:20 UTC 2023
#@# Talairach Thu Oct  5 12:18:33 UTC 2023
#@# Talairach Failure Detection Thu Oct  5 12:27:58 UTC 2023
#@# Talairach Thu Oct  5 12:27:58 UTC 2023
#@# Talairach Failure Detection Thu Oct  5 12:36:57 UTC 2023
#@# Nu Intensity Correction Thu Oct  5 12:36:57 UTC 2023
#@# Intensity Normalization Thu Oct  5 12:46:25 UTC 2023
#@# Skull Stripping Thu Oct  5 12:54:05 UTC 2023
recon-all -s sub-05_ses-002 finished without error at Thu Oct  5 12:59:54 UTC 2023



#New# invocation of recon-all 



status file for recon-all
Thu Oct  5 13:24:58 UTC 2023
#@# EM Registration Thu Oct  5 13:24:58 UTC 2023
#@# CA Normalize Thu Oct  5 13:29:44 UTC 2023
#@# CA Reg Thu Oct  5 13:33:13 UTC 2023
#@# SubCort Seg Thu Oct  5 14:44:53 UTC 2023
#@# CC Seg Thu Oct  5 16:25:12 UTC 2023
#@# Merge ASeg Thu Oct  5 16:26:59 UTC 2023
#@# Intensity Normalization2 Thu Oct  5 16:26:59 UTC 2023
#@# Mask BFS Thu Oct  5 16:34:58 UTC 2023
#@# WM Segmentation Thu Oct  5 16:35:00 UTC 2023
#@# Fill Thu Oct  5 16:43:01 UTC 2023
#@# Tessellate lh Thu Oct  5 16:45:46 UTC 2023
#@# Tessellate rh Thu Oct  5 16:45:56 UTC 2023
#@# Smooth1 lh Thu Oct  5 16:46:04 UTC 2023
#@# Smooth1 rh Thu Oct  5 16:46:10 UTC 2023
#@# Inflation1 lh Thu Oct  5 16:46:16 UTC 2023
#@# Inflation1 rh Thu Oct  5 16:46:46 UTC 2023
#@# QSphere lh Thu Oct  5 16:47:16 UTC 2023
#@# QSphere rh Thu Oct  5 16:49:58 UTC 2023
#@# Fix Topology lh Thu Oct  5 16:52:30 UTC 2023
#@# Fix Topology rh Thu Oct  5 16:54:15 UTC 2023
#@# Smooth2 lh Thu Oct  5 17:11:56 UTC 2023
#@# Smooth2 rh Thu Oct  5 17:12:03 UTC 2023
#@# Inflation2 lh Thu Oct  5 17:12:09 UTC 2023
#@# Inflation2 rh Thu Oct  5 17:12:44 UTC 2023
#@# Curv .H and .K lh Thu Oct  5 17:13:16 UTC 2023
#@# Curv .H and .K rh Thu Oct  5 17:15:03 UTC 2023
recon-all -s sub-05_ses-002 finished without error at Thu Oct  5 17:16:49 UTC 2023



#New# invocation of recon-all 



status file for recon-all
Thu Oct  5 17:17:58 UTC 2023
#@# Sphere lh Thu Oct  5 17:17:58 UTC 2023
#@# Sphere rh Thu Oct  5 17:28:34 UTC 2023
#@# Surf Reg lh Thu Oct  5 17:39:21 UTC 2023
#@# Surf Reg rh Thu Oct  5 17:49:23 UTC 2023
#@# Jacobian white lh Thu Oct  5 18:00:20 UTC 2023
#@# Jacobian white rh Thu Oct  5 18:00:22 UTC 2023
#@# AvgCurv lh Thu Oct  5 18:00:24 UTC 2023
#@# AvgCurv rh Thu Oct  5 18:00:26 UTC 2023
#@# Cortical Parc lh Thu Oct  5 18:00:28 UTC 2023
#@# Cortical Parc rh Thu Oct  5 18:00:52 UTC 2023
#@# white curv lh Thu Oct  5 18:21:04 UTC 2023
#@# white area lh Thu Oct  5 18:21:08 UTC 2023
#@# pial curv lh Thu Oct  5 18:21:10 UTC 2023
#@# pial area lh Thu Oct  5 18:21:14 UTC 2023
#@# thickness lh Thu Oct  5 18:21:15 UTC 2023
#@# area and vertex vol lh Thu Oct  5 18:22:27 UTC 2023
#@# white curv rh Thu Oct  5 18:22:31 UTC 2023
#@# white area rh Thu Oct  5 18:22:34 UTC 2023
#@# pial curv rh Thu Oct  5 18:22:36 UTC 2023
#@# pial area rh Thu Oct  5 18:22:40 UTC 2023
#@# thickness rh Thu Oct  5 18:22:42 UTC 2023
#@# area and vertex vol rh Thu Oct  5 18:23:53 UTC 2023
#@# Curvature Stats lh Thu Oct  5 18:23:56 UTC 2023
#@# Curvature Stats rh Thu Oct  5 18:24:02 UTC 2023
#@# Cortical ribbon mask Thu Oct  5 18:24:08 UTC 2023
#@# Cortical Parc 2 lh Thu Oct  5 18:48:45 UTC 2023
#@# Cortical Parc 2 rh Thu Oct  5 18:49:19 UTC 2023
#@# Cortical Parc 3 lh Thu Oct  5 18:49:52 UTC 2023
#@# Cortical Parc 3 rh Thu Oct  5 18:50:15 UTC 2023
#@# WM/GM Contrast lh Thu Oct  5 18:50:39 UTC 2023
#@# WM/GM Contrast rh Thu Oct  5 18:50:46 UTC 2023
#@# Relabel Hypointensities Thu Oct  5 18:50:54 UTC 2023
#@# APas-to-ASeg Thu Oct  5 18:51:40 UTC 2023
#@# AParc-to-ASeg aparc Thu Oct  5 18:52:09 UTC 2023
#@# AParc-to-ASeg aparc.a2009s Thu Oct  5 18:57:14 UTC 2023
#@# AParc-to-ASeg aparc.DKTatlas Thu Oct  5 19:02:13 UTC 2023
#@# WMParc Thu Oct  5 19:07:03 UTC 2023
#@# Parcellation Stats lh Thu Oct  5 19:14:20 UTC 2023
#@# Parcellation Stats rh Thu Oct  5 19:15:45 UTC 2023
#@# Parcellation Stats 2 lh Thu Oct  5 19:17:11 UTC 2023
#@# Parcellation Stats 2 rh Thu Oct  5 19:17:57 UTC 2023
#@# Parcellation Stats 3 lh Thu Oct  5 19:18:42 UTC 2023
#@# Parcellation Stats 3 rh Thu Oct  5 19:19:26 UTC 2023
#@# ASeg Stats Thu Oct  5 19:20:10 UTC 2023
#@# BA_exvivo Labels lh Thu Oct  5 19:21:53 UTC 2023
#@# BA_exvivo Labels rh Thu Oct  5 19:28:00 UTC 2023
recon-all -s sub-05_ses-002 finished without error at Thu Oct  5 19:33:59 UTC 2023



#New# invocation of recon-all 



status file for recon-all
Sun Oct  8 04:17:16 UTC 2023
#@# T2/FLAIR Input Sun Oct  8 04:17:16 UTC 2023
#@# Sphere lh Sun Oct  8 04:17:21 UTC 2023
#@# Sphere rh Sun Oct  8 04:28:03 UTC 2023
#@# Surf Reg lh Sun Oct  8 04:38:59 UTC 2023
#@# Surf Reg rh Sun Oct  8 04:48:58 UTC 2023
#@# Jacobian white lh Sun Oct  8 04:59:55 UTC 2023
#@# Jacobian white rh Sun Oct  8 04:59:57 UTC 2023
#@# AvgCurv lh Sun Oct  8 04:59:59 UTC 2023
#@# AvgCurv rh Sun Oct  8 05:00:00 UTC 2023
#@# Cortical Parc lh Sun Oct  8 05:00:02 UTC 2023
#@# Cortical Parc rh Sun Oct  8 05:00:26 UTC 2023
#@# Refine Pial Surfs w/ T2/FLAIR Sun Oct  8 05:20:47 UTC 2023
#@# white curv lh Sun Oct  8 08:34:51 UTC 2023
#@# white area lh Sun Oct  8 08:34:55 UTC 2023
#@# pial curv lh Sun Oct  8 08:34:57 UTC 2023
#@# pial area lh Sun Oct  8 08:35:01 UTC 2023
#@# thickness lh Sun Oct  8 08:35:02 UTC 2023
#@# area and vertex vol lh Sun Oct  8 08:36:16 UTC 2023
#@# white curv rh Sun Oct  8 08:36:20 UTC 2023
#@# white area rh Sun Oct  8 08:36:24 UTC 2023
#@# pial curv rh Sun Oct  8 08:36:26 UTC 2023
#@# pial area rh Sun Oct  8 08:36:30 UTC 2023
#@# thickness rh Sun Oct  8 08:36:31 UTC 2023
#@# area and vertex vol rh Sun Oct  8 08:37:45 UTC 2023
#@# Curvature Stats lh Sun Oct  8 08:37:49 UTC 2023
#@# Curvature Stats rh Sun Oct  8 08:37:55 UTC 2023
#@# Cortical ribbon mask Sun Oct  8 08:38:01 UTC 2023
#@# Cortical Parc 2 lh Sun Oct  8 09:01:14 UTC 2023
#@# Cortical Parc 2 rh Sun Oct  8 09:01:48 UTC 2023
#@# Cortical Parc 3 lh Sun Oct  8 09:02:21 UTC 2023
#@# Cortical Parc 3 rh Sun Oct  8 09:02:45 UTC 2023
#@# WM/GM Contrast lh Sun Oct  8 09:03:08 UTC 2023
#@# WM/GM Contrast rh Sun Oct  8 09:03:16 UTC 2023
#@# Relabel Hypointensities Sun Oct  8 09:03:23 UTC 2023
#@# APas-to-ASeg Sun Oct  8 09:04:08 UTC 2023
#@# AParc-to-ASeg aparc Sun Oct  8 09:04:40 UTC 2023
#@# AParc-to-ASeg aparc.a2009s Sun Oct  8 09:08:14 UTC 2023
#@# AParc-to-ASeg aparc.DKTatlas Sun Oct  8 09:11:58 UTC 2023
#@# WMParc Sun Oct  8 09:15:29 UTC 2023
#@# Parcellation Stats lh Sun Oct  8 09:23:04 UTC 2023
#@# Parcellation Stats rh Sun Oct  8 09:24:31 UTC 2023
#@# Parcellation Stats 2 lh Sun Oct  8 09:25:57 UTC 2023
#@# Parcellation Stats 2 rh Sun Oct  8 09:26:43 UTC 2023
#@# Parcellation Stats 3 lh Sun Oct  8 09:27:28 UTC 2023
#@# Parcellation Stats 3 rh Sun Oct  8 09:28:12 UTC 2023
#@# ASeg Stats Sun Oct  8 09:28:55 UTC 2023
#@# BA_exvivo Labels lh Sun Oct  8 09:30:40 UTC 2023
#@# BA_exvivo Labels rh Sun Oct  8 09:37:06 UTC 2023
recon-all -s sub-05_ses-002 finished without error at Sun Oct  8 09:43:30 UTC 2023
