Log file for defect2seg
Thu Oct  5 16:53:41 UTC 2023

setenv SUBJECTS_DIR /localscratch/bpinsard.41394490.0/freesurfer_crosssectional_autorecon1smriprep_skullstripautorecon2autorecon3_sub06_ses005.job
cd /localscratch/bpinsard.41394490.0/freesurfer_crosssectional_autorecon1smriprep_skullstripautorecon2autorecon3_sub06_ses005.job/sub-06_ses-005/scripts
/opt/freesurfer/bin/defect2seg --s sub-06_ses-005 --cortex

freesurfer-linux-centos7_x86_64-7.4.1-20230613-7eb8460
defect2seg 7.4.1
Linux bc12048.int.ets1.calculquebec.ca 3.10.0-1160.95.1.el7.x86_64 #1 SMP Mon Jul 24 13:59:37 UTC 2023 x86_64 x86_64 x86_64 GNU/Linux
pid 181890
mri_label2label --label-cortex /localscratch/bpinsard.41394490.0/freesurfer_crosssectional_autorecon1smriprep_skullstripautorecon2autorecon3_sub06_ses005.job/sub-06_ses-005/surf/lh.orig.nofix /localscratch/bpinsard.41394490.0/freesurfer_crosssectional_autorecon1smriprep_skullstripautorecon2autorecon3_sub06_ses005.job/sub-06_ses-005/mri/aseg.presurf.mgz 0 /localscratch/bpinsard.41394490.0/freesurfer_crosssectional_autorecon1smriprep_skullstripautorecon2autorecon3_sub06_ses005.job/sub-06_ses-005/label/lh.nofix.cortex.label

 Generating cortex label... RemoveHipAmgy=0
 NucAccIsMedialWall=0
 mris->useRealRAS=0
27 non-cortical segments detected
only using segment with 10732 vertices
erasing segment 0 (vno[0] = 15009)
erasing segment 1 (vno[0] = 15765)
erasing segment 2 (vno[0] = 15783)
erasing segment 3 (vno[0] = 43670)
erasing segment 5 (vno[0] = 64403)
erasing segment 6 (vno[0] = 65658)
erasing segment 7 (vno[0] = 65679)
erasing segment 8 (vno[0] = 67190)
erasing segment 9 (vno[0] = 70805)
erasing segment 10 (vno[0] = 88895)
erasing segment 11 (vno[0] = 91357)
erasing segment 12 (vno[0] = 98656)
erasing segment 13 (vno[0] = 126535)
erasing segment 14 (vno[0] = 126556)
erasing segment 15 (vno[0] = 128017)
erasing segment 16 (vno[0] = 128082)
erasing segment 17 (vno[0] = 129362)
erasing segment 18 (vno[0] = 129451)
erasing segment 19 (vno[0] = 131986)
erasing segment 20 (vno[0] = 131996)
erasing segment 21 (vno[0] = 133210)
erasing segment 22 (vno[0] = 134477)
erasing segment 23 (vno[0] = 137212)
erasing segment 24 (vno[0] = 145695)
erasing segment 25 (vno[0] = 169698)
erasing segment 26 (vno[0] = 179754)
mri_label2vol --defects /localscratch/bpinsard.41394490.0/freesurfer_crosssectional_autorecon1smriprep_skullstripautorecon2autorecon3_sub06_ses005.job/sub-06_ses-005/surf/lh.orig.nofix /localscratch/bpinsard.41394490.0/freesurfer_crosssectional_autorecon1smriprep_skullstripautorecon2autorecon3_sub06_ses005.job/sub-06_ses-005/surf/lh.defect_labels /localscratch/bpinsard.41394490.0/freesurfer_crosssectional_autorecon1smriprep_skullstripautorecon2autorecon3_sub06_ses005.job/sub-06_ses-005/mri/orig.mgz 1000 0 /localscratch/bpinsard.41394490.0/freesurfer_crosssectional_autorecon1smriprep_skullstripautorecon2autorecon3_sub06_ses005.job/sub-06_ses-005/mri/surface.defects.mgz /localscratch/bpinsard.41394490.0/freesurfer_crosssectional_autorecon1smriprep_skullstripautorecon2autorecon3_sub06_ses005.job/sub-06_ses-005/label/lh.nofix.cortex.label
mri_label2vol supposed to be reproducible but seed not set
Contraining to label /localscratch/bpinsard.41394490.0/freesurfer_crosssectional_autorecon1smriprep_skullstripautorecon2autorecon3_sub06_ses005.job/sub-06_ses-005/label/lh.nofix.cortex.label
Changing input type 0 to MRI_INT
Converting defects to volume: offset=1000, merge=0
Writing to /localscratch/bpinsard.41394490.0/freesurfer_crosssectional_autorecon1smriprep_skullstripautorecon2autorecon3_sub06_ses005.job/sub-06_ses-005/mri/surface.defects.mgz
mris_defects_pointset -s /localscratch/bpinsard.41394490.0/freesurfer_crosssectional_autorecon1smriprep_skullstripautorecon2autorecon3_sub06_ses005.job/sub-06_ses-005/surf/lh.orig.nofix -d /localscratch/bpinsard.41394490.0/freesurfer_crosssectional_autorecon1smriprep_skullstripautorecon2autorecon3_sub06_ses005.job/sub-06_ses-005/surf/lh.defect_labels -o /localscratch/bpinsard.41394490.0/freesurfer_crosssectional_autorecon1smriprep_skullstripautorecon2autorecon3_sub06_ses005.job/sub-06_ses-005/surf/lh.defects.pointset --label /localscratch/bpinsard.41394490.0/freesurfer_crosssectional_autorecon1smriprep_skullstripautorecon2autorecon3_sub06_ses005.job/sub-06_ses-005/label/lh.nofix.cortex.label
Reading in surface /localscratch/bpinsard.41394490.0/freesurfer_crosssectional_autorecon1smriprep_skullstripautorecon2autorecon3_sub06_ses005.job/sub-06_ses-005/surf/lh.orig.nofix
Reading in defect segmentation /localscratch/bpinsard.41394490.0/freesurfer_crosssectional_autorecon1smriprep_skullstripautorecon2autorecon3_sub06_ses005.job/sub-06_ses-005/surf/lh.defect_labels
Reading in label /localscratch/bpinsard.41394490.0/freesurfer_crosssectional_autorecon1smriprep_skullstripautorecon2autorecon3_sub06_ses005.job/sub-06_ses-005/label/lh.nofix.cortex.label
#VMPC# mris_defects_pointset 579388
mris_defects_pointset done
mri_label2label --label-cortex /localscratch/bpinsard.41394490.0/freesurfer_crosssectional_autorecon1smriprep_skullstripautorecon2autorecon3_sub06_ses005.job/sub-06_ses-005/surf/rh.orig.nofix /localscratch/bpinsard.41394490.0/freesurfer_crosssectional_autorecon1smriprep_skullstripautorecon2autorecon3_sub06_ses005.job/sub-06_ses-005/mri/aseg.presurf.mgz 0 /localscratch/bpinsard.41394490.0/freesurfer_crosssectional_autorecon1smriprep_skullstripautorecon2autorecon3_sub06_ses005.job/sub-06_ses-005/label/rh.nofix.cortex.label

 Generating cortex label... RemoveHipAmgy=0
 NucAccIsMedialWall=0
 mris->useRealRAS=0
30 non-cortical segments detected
only using segment with 11089 vertices
erasing segment 0 (vno[0] = 45169)
erasing segment 2 (vno[0] = 72917)
erasing segment 3 (vno[0] = 78635)
erasing segment 4 (vno[0] = 111149)
erasing segment 5 (vno[0] = 126247)
erasing segment 6 (vno[0] = 130880)
erasing segment 7 (vno[0] = 132367)
erasing segment 8 (vno[0] = 133564)
erasing segment 9 (vno[0] = 134995)
erasing segment 10 (vno[0] = 135072)
erasing segment 11 (vno[0] = 135099)
erasing segment 12 (vno[0] = 136278)
erasing segment 13 (vno[0] = 136390)
erasing segment 14 (vno[0] = 136460)
erasing segment 15 (vno[0] = 136562)
erasing segment 16 (vno[0] = 139173)
erasing segment 17 (vno[0] = 139186)
erasing segment 18 (vno[0] = 139263)
erasing segment 19 (vno[0] = 139477)
erasing segment 20 (vno[0] = 140046)
erasing segment 21 (vno[0] = 140458)
erasing segment 22 (vno[0] = 140584)
erasing segment 23 (vno[0] = 146503)
erasing segment 24 (vno[0] = 146508)
erasing segment 25 (vno[0] = 175021)
erasing segment 26 (vno[0] = 175025)
erasing segment 27 (vno[0] = 175888)
erasing segment 28 (vno[0] = 177620)
erasing segment 29 (vno[0] = 178470)
mri_label2vol --defects /localscratch/bpinsard.41394490.0/freesurfer_crosssectional_autorecon1smriprep_skullstripautorecon2autorecon3_sub06_ses005.job/sub-06_ses-005/surf/rh.orig.nofix /localscratch/bpinsard.41394490.0/freesurfer_crosssectional_autorecon1smriprep_skullstripautorecon2autorecon3_sub06_ses005.job/sub-06_ses-005/surf/rh.defect_labels /localscratch/bpinsard.41394490.0/freesurfer_crosssectional_autorecon1smriprep_skullstripautorecon2autorecon3_sub06_ses005.job/sub-06_ses-005/mri/surface.defects.mgz 2000 1 /localscratch/bpinsard.41394490.0/freesurfer_crosssectional_autorecon1smriprep_skullstripautorecon2autorecon3_sub06_ses005.job/sub-06_ses-005/mri/surface.defects.mgz /localscratch/bpinsard.41394490.0/freesurfer_crosssectional_autorecon1smriprep_skullstripautorecon2autorecon3_sub06_ses005.job/sub-06_ses-005/label/rh.nofix.cortex.label
mri_label2vol supposed to be reproducible but seed not set
Contraining to label /localscratch/bpinsard.41394490.0/freesurfer_crosssectional_autorecon1smriprep_skullstripautorecon2autorecon3_sub06_ses005.job/sub-06_ses-005/label/rh.nofix.cortex.label
Converting defects to volume: offset=2000, merge=1
Writing to /localscratch/bpinsard.41394490.0/freesurfer_crosssectional_autorecon1smriprep_skullstripautorecon2autorecon3_sub06_ses005.job/sub-06_ses-005/mri/surface.defects.mgz
mris_defects_pointset -s /localscratch/bpinsard.41394490.0/freesurfer_crosssectional_autorecon1smriprep_skullstripautorecon2autorecon3_sub06_ses005.job/sub-06_ses-005/surf/rh.orig.nofix -d /localscratch/bpinsard.41394490.0/freesurfer_crosssectional_autorecon1smriprep_skullstripautorecon2autorecon3_sub06_ses005.job/sub-06_ses-005/surf/rh.defect_labels -o /localscratch/bpinsard.41394490.0/freesurfer_crosssectional_autorecon1smriprep_skullstripautorecon2autorecon3_sub06_ses005.job/sub-06_ses-005/surf/rh.defects.pointset --label /localscratch/bpinsard.41394490.0/freesurfer_crosssectional_autorecon1smriprep_skullstripautorecon2autorecon3_sub06_ses005.job/sub-06_ses-005/label/rh.nofix.cortex.label
Reading in surface /localscratch/bpinsard.41394490.0/freesurfer_crosssectional_autorecon1smriprep_skullstripautorecon2autorecon3_sub06_ses005.job/sub-06_ses-005/surf/rh.orig.nofix
Reading in defect segmentation /localscratch/bpinsard.41394490.0/freesurfer_crosssectional_autorecon1smriprep_skullstripautorecon2autorecon3_sub06_ses005.job/sub-06_ses-005/surf/rh.defect_labels
Reading in label /localscratch/bpinsard.41394490.0/freesurfer_crosssectional_autorecon1smriprep_skullstripautorecon2autorecon3_sub06_ses005.job/sub-06_ses-005/label/rh.nofix.cortex.label
#VMPC# mris_defects_pointset 584204
mris_defects_pointset done
 
Started at Thu Oct 5 16:53:40 UTC 2023 
Ended   at Thu Oct  5 16:54:48 UTC 2023
Defect2seg-Run-Time-Sec 68
Defect2seg-Run-Time-Min 1.36
Defect2seg-Run-Time-Hours 0.02
 
defect2seg Done
