status file for recon-all
Thu Oct  5 12:37:05 UTC 2023
#@# MotionCor Thu Oct  5 12:37:11 UTC 2023
#@# Talairach Thu Oct  5 12:37:23 UTC 2023
#@# Talairach Failure Detection Thu Oct  5 12:46:51 UTC 2023
#@# Nu Intensity Correction Thu Oct  5 12:46:51 UTC 2023
#@# Intensity Normalization Thu Oct  5 12:56:18 UTC 2023
#@# Skull Stripping Thu Oct  5 13:02:36 UTC 2023
recon-all -s sub-06_ses-005 finished without error at Thu Oct  5 13:07:15 UTC 2023



#New# invocation of recon-all 



status file for recon-all
Thu Oct  5 13:32:22 UTC 2023
#@# EM Registration Thu Oct  5 13:32:22 UTC 2023
#@# CA Normalize Thu Oct  5 13:36:49 UTC 2023
#@# CA Reg Thu Oct  5 13:40:14 UTC 2023
#@# SubCort Seg Thu Oct  5 14:56:34 UTC 2023
#@# CC Seg Thu Oct  5 16:25:38 UTC 2023
#@# Merge ASeg Thu Oct  5 16:27:21 UTC 2023
#@# Intensity Normalization2 Thu Oct  5 16:27:21 UTC 2023
#@# Mask BFS Thu Oct  5 16:34:47 UTC 2023
#@# WM Segmentation Thu Oct  5 16:34:49 UTC 2023
#@# Fill Thu Oct  5 16:42:19 UTC 2023
#@# Tessellate lh Thu Oct  5 16:44:47 UTC 2023
#@# Tessellate rh Thu Oct  5 16:44:55 UTC 2023
#@# Smooth1 lh Thu Oct  5 16:45:03 UTC 2023
#@# Smooth1 rh Thu Oct  5 16:45:08 UTC 2023
#@# Inflation1 lh Thu Oct  5 16:45:14 UTC 2023
#@# Inflation1 rh Thu Oct  5 16:45:40 UTC 2023
#@# QSphere lh Thu Oct  5 16:46:05 UTC 2023
#@# QSphere rh Thu Oct  5 16:48:12 UTC 2023
#@# Fix Topology lh Thu Oct  5 16:50:31 UTC 2023
#@# Fix Topology rh Thu Oct  5 16:51:43 UTC 2023
#@# Smooth2 lh Thu Oct  5 17:07:47 UTC 2023
#@# Smooth2 rh Thu Oct  5 17:07:53 UTC 2023
#@# Inflation2 lh Thu Oct  5 17:07:59 UTC 2023
#@# Inflation2 rh Thu Oct  5 17:08:28 UTC 2023
#@# Curv .H and .K lh Thu Oct  5 17:08:58 UTC 2023
#@# Curv .H and .K rh Thu Oct  5 17:10:36 UTC 2023
recon-all -s sub-06_ses-005 finished without error at Thu Oct  5 17:12:17 UTC 2023
