/localscratch/bpinsard.41510479.0/freesurfer_template_autoreconall_sub02.job/sub-02/mri
/opt/freesurfer/bin/talairach_avi
--i orig_nu.mgz --xfm transforms/talairach.auto.xfm
talairach_avi 7.4.1
Linux bc11352.int.ets1.calculquebec.ca 3.10.0-1160.90.1.el7.x86_64 #1 SMP Thu May 4 15:21:22 UTC 2023 x86_64 x86_64 x86_64 GNU/Linux
Wed Oct 11 19:54:20 UTC 2023
mri_convert orig_nu.mgz talsrcimg.img 
reading from orig_nu.mgz...
TR=0.00, TE=0.00, TI=0.00, flip angle=0.00
i_ras = (-1, 2.52252e-10, -1.89735e-18)
j_ras = (-4.50706e-18, -2.42535e-12, -1)
k_ras = (2.52252e-10, 1, -2.42539e-12)
writing to talsrcimg.img...
Analyze Output Matrix
-0.80000  -0.00000   0.00000   130.08083;
 0.00000  -0.00000   0.80000  -129.62903;
-0.00000  -0.80000  -0.00000   126.28724;
 0.00000   0.00000   0.00000   1.00000;
--------------------
INFO: set hdr.hist.orient to -1
mpr2mni305 talsrcimg
Wed Oct 11 19:54:21 UTC 2023
/opt/freesurfer/bin/mpr2mni305 talsrcimg
mpr2mni305 7.4.1
target=711-2C_as_mni_average_305

---------------------------------------------------------------------
analyzeto4dfp talsrcimg -O0 -y
---------------------------------------------------------------------

freesurfer ifh2hdr.c
Wed Oct 11 19:54:22 2023
Writing: talsrcimg.4dfp.hdr
freesurfer analyzeto4dfp.c
Reading: talsrcimg.hdr
header size 348 bytes
hdr.dime.datatype	offset=70	value=2
hdr.dime.bitpix		offset=72	value=8
hdr.hist.orient		offset=252	value=-1
dimensionality     4
dimensions       320       320       320         1
Reading: talsrcimg.img
Writing: talsrcimg.4dfp.img
Writing: talsrcimg.4dfp.ifh
ifh2hdr talsrcimg -r0to145
ori=2

---------------------------------------------------------------------
gauss_4dfp talsrcimg 1.1
---------------------------------------------------------------------

freesurfer gauss_4dfp.c
Reading: talsrcimg.4dfp.img
Writing: talsrcimg_g11.4dfp.img
image dimensions 320 320 320 padded to 384 384 384
processing volume 1freesurfer ifh2hdr.c
Wed Oct 11 19:54:40 2023
Writing: talsrcimg_g11.4dfp.hdr

Writing: talsrcimg_g11.4dfp.ifh
including: talsrcimg.4dfp.img.rec in talsrcimg_g11.4dfp.img.rec

---------------------------------------------------------------------
imgreg_4dfp /opt/freesurfer/average/711-2C_as_mni_average_305 none talsrcimg_g11 none talsrcimg_to_711-2C_as_mni_average_305_t4 4355
---------------------------------------------------------------------

freesurfer imgreg_4dfp.c
/opt/freesurfer/average/711-2C_as_mni_average_305.4dfp.img
       256       256       256         1
  1.000000  1.000000  1.000000
orientation T byte_order littleendian
Reading image: /opt/freesurfer/average/711-2C_as_mni_average_305.4dfp.img
dimensions:      256       256       256
mmppix:       1.0000   -1.0000   -1.0000
center:     128.0000 -129.0000 -129.0000
talsrcimg_g11.4dfp.img
       320       320       320         1
  0.800000  0.800000  0.800000
orientation T byte_order littleendian
Reading image: talsrcimg_g11.4dfp.img
dimensions:      320       320       320
mmppix:       0.8000   -0.8000   -0.8000
center:     128.0000 -128.8000 -128.8000
t4_read: open error in t4_sub.f l:  41 t4_file(1:l)talsrcimg_to_711-2C_as_mni_average_305_t4 
t4_read: transform initialized to I4
rotation matrix determinant  1.000000
image alignment mode   4355 decimal     1103 hex
   -7.5000  -45.0000  -45.0000 9091.0322   29.2466
    0.0000  -45.0000  -45.0000 9478.0498   29.2354
    7.5000  -45.0000  -45.0000 8995.8223   29.2221
   -7.5000  -37.5000  -45.0000 9179.7598   30.5354
    0.0000  -37.5000  -45.0000 9577.3730   30.5188
    7.5000  -37.5000  -45.0000 9076.3770   30.4936
   -7.5000  -30.0000  -45.0000 9195.1602   30.0932
    0.0000  -30.0000  -45.0000 9620.3193   30.0791
    7.5000  -30.0000  -45.0000 9108.7607   30.0590
   -7.5000  -22.5000  -45.0000 9242.9854   29.6709
    0.0000  -22.5000  -45.0000 9692.4619   29.6629
    7.5000  -22.5000  -45.0000 9171.0400   29.6549
   -7.5000  -15.0000  -45.0000 9264.2900   29.3275
    0.0000  -15.0000  -45.0000 9709.1367   29.3234
    7.5000  -15.0000  -45.0000 9203.1025   29.3230
   -7.5000   -7.5000  -45.0000 9246.3115   29.1166
    0.0000   -7.5000  -45.0000 9672.4209   29.1101
    7.5000   -7.5000  -45.0000 9194.8047   29.1058
   -7.5000    0.0000  -45.0000 9200.3789   29.1253
    0.0000    0.0000  -45.0000 9642.4746   29.1139
    7.5000    0.0000  -45.0000 9163.5361   29.1017
   -7.5000    7.5000  -45.0000 8780.8799   30.4449
    0.0000    7.5000  -45.0000 9195.5361   30.4282
    7.5000    7.5000  -45.0000 8752.1924   30.4039
   -7.5000   15.0000  -45.0000 8543.8818   32.2510
    0.0000   15.0000  -45.0000 8969.8672   32.2424
    7.5000   15.0000  -45.0000 8547.5889   32.2300
   -7.5000   22.5000  -45.0000 8219.7871   33.9911
    0.0000   22.5000  -45.0000 8646.5244   33.9953
    7.5000   22.5000  -45.0000 8219.3135   34.0008
   -7.5000   30.0000  -45.0000 7862.1870   35.2938
    0.0000   30.0000  -45.0000 8246.5791   35.2945
    7.5000   30.0000  -45.0000 7846.9189   35.3081
   -7.5000   37.5000  -45.0000 7726.9497   37.1253
    0.0000   37.5000  -45.0000 8119.1016   37.1063
    7.5000   37.5000  -45.0000 7717.9575   37.1095
   -7.5000   45.0000  -45.0000 7303.3994   38.0787
    0.0000   45.0000  -45.0000 7650.7598   38.0314
    7.5000   45.0000  -45.0000 7256.9609   38.0084
   -7.5000  -45.0000  -37.5000 9612.4551   28.9276
    0.0000  -45.0000  -37.500010024.3076   28.9202
    7.5000  -45.0000  -37.5000 9470.0869   28.8984
   -7.5000  -37.5000  -37.5000 9690.9932   30.2086
    0.0000  -37.5000  -37.500010130.9648   30.1988
    7.5000  -37.5000  -37.5000 9561.5439   30.1676
   -7.5000  -30.0000  -37.5000 9688.7588   29.7763
    0.0000  -30.0000  -37.500010160.6670   29.7680
    7.5000  -30.0000  -37.5000 9586.1436   29.7419
   -7.5000  -22.5000  -37.5000 9731.9111   29.3633
    0.0000  -22.5000  -37.500010217.6748   29.3585
    7.5000  -22.5000  -37.5000 9647.4541   29.3426
   -7.5000  -15.0000  -37.5000 9745.2764   29.0206
    0.0000  -15.0000  -37.500010237.5713   29.0186
    7.5000  -15.0000  -37.5000 9680.5518   29.0084
   -7.5000   -7.5000  -37.5000 9724.5303   28.8038
    0.0000   -7.5000  -37.500010206.8975   28.8001
    7.5000   -7.5000  -37.5000 9654.9297   28.7860
   -7.5000    0.0000  -37.5000 9688.5068   28.8090
    0.0000    0.0000  -37.500010185.5068   28.8013
    7.5000    0.0000  -37.5000 9655.0596   28.7807
   -7.5000    7.5000  -37.5000 9257.9365   30.1203
    0.0000    7.5000  -37.5000 9729.6201   30.1104
    7.5000    7.5000  -37.5000 9242.3232   30.0801
   -7.5000   15.0000  -37.5000 9027.6455   31.9212
    0.0000   15.0000  -37.5000 9509.2627   31.9191
    7.5000   15.0000  -37.5000 9026.5078   31.9046
   -7.5000   22.5000  -37.5000 8701.5264   33.6344
    0.0000   22.5000  -37.5000 9162.7402   33.6402
    7.5000   22.5000  -37.5000 8675.2461   33.6393
   -7.5000   30.0000  -37.5000 8311.4346   34.8985
    0.0000   30.0000  -37.5000 8751.0332   34.9014
    7.5000   30.0000  -37.5000 8289.9814   34.9053
   -7.5000   37.5000  -37.5000 8146.7495   36.6830
    0.0000   37.5000  -37.5000 8599.1680   36.6690
    7.5000   37.5000  -37.5000 8130.5874   36.6584
   -7.5000   45.0000  -37.5000 7673.9243   37.5898
    0.0000   45.0000  -37.5000 8089.3208   37.5497
    7.5000   45.0000  -37.5000 7647.8433   37.5181
   -7.5000  -45.0000  -30.000010317.8281   29.9502
    0.0000  -45.0000  -30.000010781.1084   29.9518
    7.5000  -45.0000  -30.000010186.1807   29.9340
   -7.5000  -37.5000  -30.000010400.5801   31.2676
    0.0000  -37.5000  -30.000010884.2275   31.2664
    7.5000  -37.5000  -30.000010251.9277   31.2378
   -7.5000  -30.0000  -30.000010406.1445   30.8317
    0.0000  -30.0000  -30.000010916.7734   30.8283
    7.5000  -30.0000  -30.000010259.5547   30.8008
   -7.5000  -22.5000  -30.000010487.2090   30.4139
    0.0000  -22.5000  -30.000010978.6338   30.4124
    7.5000  -22.5000  -30.000010312.8076   30.3933
   -7.5000  -15.0000  -30.000010499.7129   30.0599
    0.0000  -15.0000  -30.000011016.5986   30.0622
    7.5000  -15.0000  -30.000010354.7168   30.0509
   -7.5000   -7.5000  -30.000010454.5176   29.8285
    0.0000   -7.5000  -30.000010984.8887   29.8322
    7.5000   -7.5000  -30.000010341.5381   29.8201
   -7.5000    0.0000  -30.000010446.9229   29.8279
    0.0000    0.0000  -30.000010994.7754   29.8291
    7.5000    0.0000  -30.000010375.2871   29.8124
   -7.5000    7.5000  -30.0000 9973.7969   31.1770
    0.0000    7.5000  -30.000010502.2100   31.1756
    7.5000    7.5000  -30.0000 9926.7373   31.1479
   -7.5000   15.0000  -30.0000 9721.8721   33.0364
    0.0000   15.0000  -30.000010264.9629   33.0404
    7.5000   15.0000  -30.0000 9701.1074   33.0248
   -7.5000   22.5000  -30.0000 9361.5625   34.8068
    0.0000   22.5000  -30.0000 9874.7393   34.8151
    7.5000   22.5000  -30.0000 9333.5498   34.8105
   -7.5000   30.0000  -30.0000 8942.7988   36.0997
    0.0000   30.0000  -30.0000 9420.1807   36.1086
    7.5000   30.0000  -30.0000 8904.0498   36.1113
   -7.5000   37.5000  -30.0000 8777.2588   37.9268
    0.0000   37.5000  -30.0000 9244.7754   37.9270
    7.5000   37.5000  -30.0000 8721.5869   37.9181
   -7.5000   45.0000  -30.0000 8221.0400   38.8515
    0.0000   45.0000  -30.0000 8676.5352   38.8296
    7.5000   45.0000  -30.0000 8183.2852   38.8054
   -7.5000  -45.0000  -22.500011124.4160   30.8712
    0.0000  -45.0000  -22.500011612.4385   30.8784
    7.5000  -45.0000  -22.500010932.3672   30.8759
   -7.5000  -37.5000  -22.500011225.9346   32.2215
    0.0000  -37.5000  -22.500011736.7158   32.2216
    7.5000  -37.5000  -22.500011001.8652   32.2038
   -7.5000  -30.0000  -22.500011239.4131   31.7752
    0.0000  -30.0000  -22.500011780.9658   31.7696
    7.5000  -30.0000  -22.500011006.3418   31.7492
   -7.5000  -22.5000  -22.500011290.5518   31.3436
    0.0000  -22.5000  -22.500011842.4824   31.3403
    7.5000  -22.5000  -22.500011049.4053   31.3303
   -7.5000  -15.0000  -22.500011285.6768   30.9779
    0.0000  -15.0000  -22.500011857.8252   30.9813
    7.5000  -15.0000  -22.500011092.2979   30.9828
   -7.5000   -7.5000  -22.500011217.6631   30.7429
    0.0000   -7.5000  -22.500011811.7246   30.7506
    7.5000   -7.5000  -22.500011063.9268   30.7539
   -7.5000    0.0000  -22.500011249.1973   30.7452
    0.0000    0.0000  -22.500011836.5869   30.7520
    7.5000    0.0000  -22.500011126.6748   30.7504
   -7.5000    7.5000  -22.500010738.7109   32.1284
    0.0000    7.5000  -22.500011289.2129   32.1283
    7.5000    7.5000  -22.500010660.7510   32.1114
   -7.5000   15.0000  -22.500010457.7178   34.0408
    0.0000   15.0000  -22.500011025.9932   34.0438
    7.5000   15.0000  -22.500010425.5840   34.0344
   -7.5000   22.5000  -22.500010063.5781   35.8557
    0.0000   22.5000  -22.500010609.1211   35.8630
    7.5000   22.5000  -22.500010046.4814   35.8680
   -7.5000   30.0000  -22.5000 9597.8496   37.1788
    0.0000   30.0000  -22.500010112.1416   37.1896
    7.5000   30.0000  -22.5000 9576.2246   37.2083
   -7.5000   37.5000  -22.5000 9389.5547   39.0575
    0.0000   37.5000  -22.5000 9887.1182   39.0653
    7.5000   37.5000  -22.5000 9359.5137   39.0782
   -7.5000   45.0000  -22.5000 8797.2148   40.0245
    0.0000   45.0000  -22.5000 9277.1094   40.0146
    7.5000   45.0000  -22.5000 8771.5303   40.0118
   -7.5000  -45.0000  -15.000012022.6836   31.5967
    0.0000  -45.0000  -15.000012507.2441   31.6015
    7.5000  -45.0000  -15.000011731.5029   31.6102
   -7.5000  -37.5000  -15.000012123.3096   32.9758
    0.0000  -37.5000  -15.000012634.9678   32.9704
    7.5000  -37.5000  -15.000011805.4102   32.9626
   -7.5000  -30.0000  -15.000012134.0586   32.5154
    0.0000  -30.0000  -15.000012687.8662   32.5041
    7.5000  -30.0000  -15.000011841.2148   32.4948
   -7.5000  -22.5000  -15.000012142.9375   32.0668
    0.0000  -22.5000  -15.000012747.6533   32.0595
    7.5000  -22.5000  -15.000011868.8535   32.0625
   -7.5000  -15.0000  -15.000012116.8730   31.6912
    0.0000  -15.0000  -15.000012721.2578   31.6920
    7.5000  -15.0000  -15.000011873.2822   31.7070
   -7.5000   -7.5000  -15.000012051.0566   31.4581
    0.0000   -7.5000  -15.000012670.9746   31.4637
    7.5000   -7.5000  -15.000011847.7549   31.4796
   -7.5000    0.0000  -15.000012124.7764   31.4678
    0.0000    0.0000  -15.000012760.6924   31.4722
    7.5000    0.0000  -15.000011981.0303   31.4818
   -7.5000    7.5000  -15.000011592.4609   32.8803
    0.0000    7.5000  -15.000012208.1357   32.8747
    7.5000    7.5000  -15.000011519.0693   32.8677
   -7.5000   15.0000  -15.000011289.2598   34.8368
    0.0000   15.0000  -15.000011904.5127   34.8345
    7.5000   15.0000  -15.000011257.1475   34.8349
   -7.5000   22.5000  -15.000010847.6582   36.6815
    0.0000   22.5000  -15.000011422.7891   36.6873
    7.5000   22.5000  -15.000010817.7617   36.7068
   -7.5000   30.0000  -15.000010323.5830   38.0400
    0.0000   30.0000  -15.000010866.5732   38.0480
    7.5000   30.0000  -15.000010298.2598   38.0836
   -7.5000   37.5000  -15.000010087.7344   39.9642
    0.0000   37.5000  -15.000010605.9150   39.9669
    7.5000   37.5000  -15.000010058.9043   39.9987
   -7.5000   45.0000  -15.0000 9424.4248   40.9883
    0.0000   45.0000  -15.0000 9915.5273   40.9726
    7.5000   45.0000  -15.0000 9398.2988   40.9835
   -7.5000  -45.0000   -7.500012906.7891   31.9690
    0.0000  -45.0000   -7.500013396.0176   31.9643
    7.5000  -45.0000   -7.500012562.9648   31.9683
   -7.5000  -37.5000   -7.500013030.2168   33.3597
    0.0000  -37.5000   -7.500013545.5117   33.3458
    7.5000  -37.5000   -7.500012662.0010   33.3358
   -7.5000  -30.0000   -7.500013059.7031   32.8882
    0.0000  -30.0000   -7.500013636.0049   32.8717
    7.5000  -30.0000   -7.500012714.3555   32.8643
   -7.5000  -22.5000   -7.500013063.6270   32.4344
    0.0000  -22.5000   -7.500013701.7441   32.4227
    7.5000  -22.5000   -7.500012751.6338   32.4283
   -7.5000  -15.0000   -7.500013021.8682   32.0600
    0.0000  -15.0000   -7.500013654.9639   32.0547
    7.5000  -15.0000   -7.500012735.5850   32.0698
   -7.5000   -7.5000   -7.500012940.4609   31.8296
    0.0000   -7.5000   -7.500013603.7412   31.8267
    7.5000   -7.5000   -7.500012716.3682   31.8390
   -7.5000    0.0000   -7.500013041.9072   31.8388
    0.0000    0.0000   -7.500013739.8408   31.8337
    7.5000    0.0000   -7.500012919.5820   31.8388
   -7.5000    7.5000   -7.500012488.9639   33.2628
    0.0000    7.5000   -7.500013159.9248   33.2488
    7.5000    7.5000   -7.500012424.9990   33.2396
   -7.5000   15.0000   -7.500012164.0986   35.2382
    0.0000   15.0000   -7.500012821.2861   35.2300
    7.5000   15.0000   -7.500012138.4883   35.2321
   -7.5000   22.5000   -7.500011691.9600   37.0944
    0.0000   22.5000   -7.500012297.9863   37.0974
    7.5000   22.5000   -7.500011656.4727   37.1206
   -7.5000   30.0000   -7.500011110.5742   38.4870
    0.0000   30.0000   -7.500011672.5801   38.4873
    7.5000   30.0000   -7.500011089.9492   38.5227
   -7.5000   37.5000   -7.500010861.2559   40.4319
    0.0000   37.5000   -7.500011416.7305   40.4195
    7.5000   37.5000   -7.500010846.7432   40.4480
   -7.5000   45.0000   -7.500010127.6123   41.4872
    0.0000   45.0000   -7.500010639.4092   41.4523
    7.5000   45.0000   -7.500010092.0508   41.4554
   -7.5000  -45.0000    0.000013694.0498   32.0287
    0.0000  -45.0000    0.000014184.9668   32.0169
    7.5000  -45.0000    0.000013331.1895   32.0036
   -7.5000  -37.5000    0.000013844.7324   33.4259
    0.0000  -37.5000    0.000014378.2422   33.4086
    7.5000  -37.5000    0.000013469.8818   33.3846
   -7.5000  -30.0000    0.000013931.5713   32.9516
    0.0000  -30.0000    0.000014529.3916   32.9355
    7.5000  -30.0000    0.000013572.1318   32.9173
   -7.5000  -22.5000    0.000013943.7676   32.4982
    0.0000  -22.5000    0.000014629.6309   32.4868
    7.5000  -22.5000    0.000013632.0352   32.4804
   -7.5000  -15.0000    0.000013873.6162   32.1246
    0.0000  -15.0000    0.000014565.3477   32.1173
    7.5000  -15.0000    0.000013610.4336   32.1171
   -7.5000   -7.5000    0.000013808.0146   31.8918
    0.0000   -7.5000    0.000014500.5918   31.8833
    7.5000   -7.5000    0.000013609.7998   31.8784
   -7.5000    0.0000    0.000013920.9258   31.8987
    0.0000    0.0000    0.000014669.1846   31.8866
    7.5000    0.0000    0.000013808.5410   31.8745
   -7.5000    7.5000    0.000013312.3945   33.3290
    0.0000    7.5000    0.000014050.1572   33.3116
    7.5000    7.5000    0.000013277.5137   33.2885
   -7.5000   15.0000    0.000012980.4795   35.3023
    0.0000   15.0000    0.000013684.3730   35.2933
    7.5000   15.0000    0.000012958.1289   35.2861
   -7.5000   22.5000    0.000012487.7842   37.1587
    0.0000   22.5000    0.000013129.3203   37.1608
    7.5000   22.5000    0.000012454.3936   37.1717
   -7.5000   30.0000    0.000011880.3682   38.5622
    0.0000   30.0000    0.000012476.9902   38.5592
    7.5000   30.0000    0.000011864.6885   38.5760
   -7.5000   37.5000    0.000011608.9072   40.5061
    0.0000   37.5000    0.000012197.1543   40.4833
    7.5000   37.5000    0.000011611.8994   40.4876
   -7.5000   45.0000    0.000010810.3760   41.5678
    0.0000   45.0000    0.000011353.2158   41.5182
    7.5000   45.0000    0.000010782.7910   41.4971
   -7.5000  -45.0000    7.500013363.7617   32.0202
    0.0000  -45.0000    7.500013808.9688   32.0123
    7.5000  -45.0000    7.500013042.8027   31.9881
   -7.5000  -37.5000    7.500013538.7119   33.4220
    0.0000  -37.5000    7.500014017.4561   33.4118
    7.5000  -37.5000    7.500013189.6992   33.3784
   -7.5000  -30.0000    7.500013679.0947   32.9513
    0.0000  -30.0000    7.500014243.7529   32.9428
    7.5000  -30.0000    7.500013347.5645   32.9146
   -7.5000  -22.5000    7.500013749.0742   32.5022
    0.0000  -22.5000    7.500014445.1465   32.4969
    7.5000  -22.5000    7.500013503.5586   32.4783
   -7.5000  -15.0000    7.500013677.4082   32.1274
    0.0000  -15.0000    7.500014369.6045   32.1247
    7.5000  -15.0000    7.500013506.7676   32.1112
   -7.5000   -7.5000    7.500013599.0020   31.8874
    0.0000   -7.5000    7.500014261.9502   31.8830
    7.5000   -7.5000    7.500013463.1826   31.8657
   -7.5000    0.0000    7.500013690.2607   31.8903
    0.0000    0.0000    7.500014386.4619   31.8821
    7.5000    0.0000    7.500013612.5322   31.8591
   -7.5000    7.5000    7.500013133.6719   33.3253
    0.0000    7.5000    7.500013826.8564   33.3151
    7.5000    7.5000    7.500013089.8066   33.2827
   -7.5000   15.0000    7.500012835.9160   35.2969
    0.0000   15.0000    7.500013527.2793   35.2952
    7.5000   15.0000    7.500012806.2871   35.2797
   -7.5000   22.5000    7.500012369.5000   37.1593
    0.0000   22.5000    7.500013010.2461   37.1656
    7.5000   22.5000    7.500012338.7451   37.1630
   -7.5000   30.0000    7.500011800.4521   38.5596
    0.0000   30.0000    7.500012393.8418   38.5619
    7.5000   30.0000    7.500011765.2236   38.5629
   -7.5000   37.5000    7.500011552.7441   40.5000
    0.0000   37.5000    7.500012145.4727   40.4843
    7.5000   37.5000    7.500011524.2148   40.4698
   -7.5000   45.0000    7.500010721.2373   41.5483
    0.0000   45.0000    7.500011284.3467   41.5051
    7.5000   45.0000    7.500010679.4883   41.4700
   -7.5000  -45.0000   15.000012853.9238   32.0172
    0.0000  -45.0000   15.000013295.6377   32.0192
    7.5000  -45.0000   15.000012635.8916   32.0008
   -7.5000  -37.5000   15.000013035.1201   33.4197
    0.0000  -37.5000   15.000013497.6396   33.4187
    7.5000  -37.5000   15.000012781.6113   33.3887
   -7.5000  -30.0000   15.000013209.4014   32.9544
    0.0000  -30.0000   15.000013749.6875   32.9511
    7.5000  -30.0000   15.000012950.3799   32.9220
   -7.5000  -22.5000   15.000013413.4385   32.5078
    0.0000  -22.5000   15.000014134.2871   32.5064
    7.5000  -22.5000   15.000013216.0596   32.4861
   -7.5000  -15.0000   15.000013477.5928   32.1304
    0.0000  -15.0000   15.000014247.3936   32.1331
    7.5000  -15.0000   15.000013326.2510   32.1210
   -7.5000   -7.5000   15.000013406.1143   31.8856
    0.0000   -7.5000   15.000014103.4180   31.8897
    7.5000   -7.5000   15.000013259.3477   31.8770
   -7.5000    0.0000   15.000013486.6602   31.8870
    0.0000    0.0000   15.000014135.0332   31.8885
    7.5000    0.0000   15.000013315.3701   31.8713
   -7.5000    7.5000   15.000012945.3516   33.3233
    0.0000    7.5000   15.000013595.3516   33.3221
    7.5000    7.5000   15.000012780.9297   33.2931
   -7.5000   15.0000   15.000012680.9492   35.2992
    0.0000   15.0000   15.000013335.9375   35.3037
    7.5000   15.0000   15.000012524.5635   35.2874
   -7.5000   22.5000   15.000012241.1572   37.1698
    0.0000   22.5000   15.000012872.1494   37.1791
    7.5000   22.5000   15.000012088.4287   37.1741
   -7.5000   30.0000   15.000011680.3135   38.5589
    0.0000   30.0000   15.000012293.1729   38.5687
    7.5000   30.0000   15.000011556.6709   38.5715
   -7.5000   37.5000   15.000011427.3330   40.5013
    0.0000   37.5000   15.000012050.2832   40.5017
    7.5000   37.5000   15.000011331.0596   40.4926
   -7.5000   45.0000   15.000010577.3213   41.5353
    0.0000   45.0000   15.000011186.1260   41.5124
    7.5000   45.0000   15.000010524.9219   41.4875
   -7.5000  -45.0000   22.500012298.9873   32.0231
    0.0000  -45.0000   22.500012768.1650   32.0307
    7.5000  -45.0000   22.500012153.9199   32.0281
   -7.5000  -37.5000   22.500012505.1816   33.4256
    0.0000  -37.5000   22.500012985.3428   33.4258
    7.5000  -37.5000   22.500012272.1396   33.4074
   -7.5000  -30.0000   22.500012688.7959   32.9620
    0.0000  -30.0000   22.500013209.5068   32.9564
    7.5000  -30.0000   22.500012397.1562   32.9353
   -7.5000  -22.5000   22.500012994.9600   32.5111
    0.0000  -22.5000   22.500013699.8125   32.5078
    7.5000  -22.5000   22.500012687.6387   32.4976
   -7.5000  -15.0000   22.500013300.0674   32.1294
    0.0000  -15.0000   22.500014195.2207   32.1331
    7.5000  -15.0000   22.500012946.1650   32.1347
   -7.5000   -7.5000   22.500013370.5605   31.8866
    0.0000   -7.5000   22.500014249.7422   31.8948
    7.5000   -7.5000   22.500012933.9180   31.8983
   -7.5000    0.0000   22.500013364.3340   31.8925
    0.0000    0.0000   22.500014096.9043   31.8996
    7.5000    0.0000   22.500012900.4463   31.8980
   -7.5000    7.5000   22.500012673.5264   33.3291
    0.0000    7.5000   22.500013319.4346   33.3291
    7.5000    7.5000   22.500012291.3623   33.3116
   -7.5000   15.0000   22.500012354.5947   35.3106
    0.0000   15.0000   22.500012986.3486   35.3138
    7.5000   15.0000   22.500012058.5928   35.3041
   -7.5000   22.5000   22.500011902.6855   37.1813
    0.0000   22.5000   22.500012539.2646   37.1892
    7.5000   22.5000   22.500011686.4854   37.1944
   -7.5000   30.0000   22.500011343.7510   38.5588
    0.0000   30.0000   22.500011986.3154   38.5704
    7.5000   30.0000   22.500011216.1172   38.5900
   -7.5000   37.5000   22.500011086.2236   40.5064
    0.0000   37.5000   22.500011716.7686   40.5148
    7.5000   37.5000   22.500011001.9443   40.5282
   -7.5000   45.0000   22.500010270.6191   41.5432
    0.0000   45.0000   22.500010865.7119   41.5332
    7.5000   45.0000   22.500010214.6211   41.5304
   -7.5000  -45.0000   30.000011727.0859   32.0303
    0.0000  -45.0000   30.000012210.3496   32.0352
    7.5000  -45.0000   30.000011453.2314   32.0440
   -7.5000  -37.5000   30.000011932.8789   33.4284
    0.0000  -37.5000   30.000012436.9023   33.4229
    7.5000  -37.5000   30.000011537.0996   33.4150
   -7.5000  -30.0000   30.000012082.7930   32.9616
    0.0000  -30.0000   30.000012593.8184   32.9501
    7.5000  -30.0000   30.000011620.4365   32.9407
   -7.5000  -22.5000   30.000012316.8750   32.5069
    0.0000  -22.5000   30.000012974.5430   32.4995
    7.5000  -22.5000   30.000011862.3496   32.5025
   -7.5000  -15.0000   30.000012569.8594   32.1261
    0.0000  -15.0000   30.000013549.6123   32.1269
    7.5000  -15.0000   30.000012159.6064   32.1422
   -7.5000   -7.5000   30.000012641.6465   31.8899
    0.0000   -7.5000   30.000013637.5176   31.8955
    7.5000   -7.5000   30.000012228.5039   31.9116
   -7.5000    0.0000   30.000012617.2090   31.8996
    0.0000    0.0000   30.000013434.3223   31.9041
    7.5000    0.0000   30.000012217.1143   31.9138
   -7.5000    7.5000   30.000011981.7930   33.3315
    0.0000    7.5000   30.000012703.1357   33.3258
    7.5000    7.5000   30.000011672.9102   33.3188
   -7.5000   15.0000   30.000011668.9492   35.3149
    0.0000   15.0000   30.000012370.5146   35.3125
    7.5000   15.0000   30.000011455.6387   35.3130
   -7.5000   22.5000   30.000011249.2334   37.1809
    0.0000   22.5000   30.000011933.0850   37.1868
    7.5000   22.5000   30.000011110.0762   37.2066
   -7.5000   30.0000   30.000010742.9463   38.5621
    0.0000   30.0000   30.000011392.7559   38.5701
    7.5000   30.0000   30.000010673.6387   38.6062
   -7.5000   37.5000   30.000010520.2139   40.5127
    0.0000   37.5000   30.000011147.8350   40.5154
    7.5000   37.5000   30.000010494.8613   40.5476
   -7.5000   45.0000   30.0000 9771.3623   41.5617
    0.0000   45.0000   30.000010350.2393   41.5458
    7.5000   45.0000   30.0000 9772.0137   41.5569
   -7.5000  -45.0000   37.500011384.1865   32.0340
    0.0000  -45.0000   37.500011878.4238   32.0292
    7.5000  -45.0000   37.500011080.5752   32.0333
   -7.5000  -37.5000   37.500011517.7695   33.4275
    0.0000  -37.5000   37.500012046.9102   33.4137
    7.5000  -37.5000   37.500011167.0293   33.4036
   -7.5000  -30.0000   37.500011616.6855   32.9550
    0.0000  -30.0000   37.500012172.0781   32.9385
    7.5000  -30.0000   37.500011263.8340   32.9311
   -7.5000  -22.5000   37.500011788.6377   32.5004
    0.0000  -22.5000   37.500012499.7549   32.4886
    7.5000  -22.5000   37.500011517.6680   32.4942
   -7.5000  -15.0000   37.500011912.4453   32.1252
    0.0000  -15.0000   37.500012814.8779   32.1199
    7.5000  -15.0000   37.500011761.7676   32.1350
   -7.5000   -7.5000   37.500011883.6514   31.8943
    0.0000   -7.5000   37.500012672.5342   31.8914
    7.5000   -7.5000   37.500011780.2852   31.9037
   -7.5000    0.0000   37.500011911.4951   31.9035
    0.0000    0.0000   37.500012571.7178   31.8985
    7.5000    0.0000   37.500011809.5957   31.9035
   -7.5000    7.5000   37.500011479.0527   33.3304
    0.0000    7.5000   37.500012108.7539   33.3164
    7.5000    7.5000   37.500011387.6602   33.3072
   -7.5000   15.0000   37.500011274.9727   35.3098
    0.0000   15.0000   37.500011916.9941   35.3016
    7.5000   15.0000   37.500011192.6172   35.3036
   -7.5000   22.5000   37.500010924.6650   37.1697
    0.0000   22.5000   37.500011545.6357   37.1727
    7.5000   22.5000   37.500010843.8555   37.1960
   -7.5000   30.0000   37.500010425.8486   38.5661
    0.0000   30.0000   37.500011007.2803   38.5664
    7.5000   30.0000   37.500010365.0791   38.6019
   -7.5000   37.5000   37.500010196.7432   40.5149
    0.0000   37.5000   37.500010789.0586   40.5025
    7.5000   37.5000   37.500010172.1738   40.5310
   -7.5000   45.0000   37.5000 9491.0049   41.5744
    0.0000   45.0000   37.500010052.8535   41.5394
    7.5000   45.0000   37.5000 9496.9941   41.5425
   -7.5000  -45.0000   45.000010327.6318   32.0393
    0.0000  -45.0000   45.000010804.4463   32.0276
    7.5000  -45.0000   45.000010187.9961   32.0142
   -7.5000  -37.5000   45.000010442.9199   33.4407
    0.0000  -37.5000   45.000010944.5488   33.4235
    7.5000  -37.5000   45.000010275.8174   33.3992
   -7.5000  -30.0000   45.000010556.3662   32.9642
    0.0000  -30.0000   45.000011075.9229   32.9483
    7.5000  -30.0000   45.000010374.4902   32.9299
   -7.5000  -22.5000   45.000010704.1377   32.5089
    0.0000  -22.5000   45.000011318.9463   32.4976
    7.5000  -22.5000   45.000010570.5469   32.4911
   -7.5000  -15.0000   45.000010805.6602   32.1341
    0.0000  -15.0000   45.000011484.6475   32.1269
    7.5000  -15.0000   45.000010738.5195   32.1267
   -7.5000   -7.5000   45.000010809.1494   31.9011
    0.0000   -7.5000   45.000011355.4834   31.8926
    7.5000   -7.5000   45.000010742.2734   31.8877
   -7.5000    0.0000   45.000010905.4170   31.9083
    0.0000    0.0000   45.000011389.8730   31.8963
    7.5000    0.0000   45.000010825.2607   31.8841
   -7.5000    7.5000   45.000010538.0176   33.3430
    0.0000    7.5000   45.000011043.0566   33.3258
    7.5000    7.5000   45.000010475.8145   33.3024
   -7.5000   15.0000   45.000010356.9727   35.3221
    0.0000   15.0000   45.000010860.9600   35.3134
    7.5000   15.0000   45.000010302.1367   35.3060
   -7.5000   22.5000   45.000010037.2510   37.1850
    0.0000   22.5000   45.000010524.0684   37.1873
    7.5000   22.5000   45.0000 9982.6904   37.1983
   -7.5000   30.0000   45.0000 9605.0391   38.5931
    0.0000   30.0000   45.000010098.8613   38.5903
    7.5000   30.0000   45.0000 9562.5889   38.6074
   -7.5000   37.5000   45.0000 9402.0918   40.5471
    0.0000   37.5000   45.0000 9916.2256   40.5245
    7.5000   37.5000   45.0000 9402.6611   40.5290
   -7.5000   45.0000   45.0000 8745.4512   41.6422
    0.0000   45.0000   45.0000 9224.6553   41.5925
    7.5000   45.0000   45.0000 8772.4951   41.5711

---------------------------------------------------------------------
imgreg_4dfp /opt/freesurfer/average/711-2C_as_mni_average_305 /opt/freesurfer/average/711-2B_as_mni_average_305_mask talsrcimg_g11 none talsrcimg_to_711-2C_as_mni_average_305_t4 4355
---------------------------------------------------------------------

freesurfer imgreg_4dfp.c
/opt/freesurfer/average/711-2C_as_mni_average_305.4dfp.img
       256       256       256         1
  1.000000  1.000000  1.000000
orientation T byte_order littleendian
Reading image: /opt/freesurfer/average/711-2C_as_mni_average_305.4dfp.img
dimensions:      256       256       256
mmppix:       1.0000   -1.0000   -1.0000
center:     128.0000 -129.0000 -129.0000
/opt/freesurfer/average/711-2B_as_mni_average_305_mask.4dfp.img
       256       256       256         1
  1.000000  1.000000  1.000000
orientation T byte_order littleendian
Reading mask: /opt/freesurfer/average/711-2B_as_mni_average_305_mask.4dfp.img (2306576 pixels)
talsrcimg_g11.4dfp.img
       320       320       320         1
  0.800000  0.800000  0.800000
orientation T byte_order littleendian
Reading image: talsrcimg_g11.4dfp.img
dimensions:      320       320       320
mmppix:       0.8000   -0.8000   -0.8000
center:     128.0000 -128.8000 -128.8000
rotation matrix determinant  1.000000
image alignment mode   4355 decimal     1103 hex
   -7.5000  -45.0000  -45.0000 2141.3721   48.4317
    0.0000  -45.0000  -45.0000 2152.2954   48.1733
    7.5000  -45.0000  -45.0000 2132.0264   48.6199
   -7.5000  -37.5000  -45.0000 2149.4487   48.1106
    0.0000  -37.5000  -45.0000 2158.5339   47.8574
    7.5000  -37.5000  -45.0000 2141.3091   48.3003
   -7.5000  -30.0000  -45.0000 2158.1106   47.7471
    0.0000  -30.0000  -45.0000 2170.0535   47.5795
    7.5000  -30.0000  -45.0000 2153.8074   47.8393
   -7.5000  -22.5000  -45.0000 2172.9299   47.7199
    0.0000  -22.5000  -45.0000 2180.6143   47.5034
    7.5000  -22.5000  -45.0000 2170.5439   47.7810
   -7.5000  -15.0000  -45.0000 2176.0718   48.1296
    0.0000  -15.0000  -45.0000 2181.4395   47.8972
    7.5000  -15.0000  -45.0000 2176.7290   48.0259
   -7.5000   -7.5000  -45.0000 2162.0276   48.9129
    0.0000   -7.5000  -45.0000 2166.5811   48.6585
    7.5000   -7.5000  -45.0000 2161.6340   48.6473
   -7.5000    0.0000  -45.0000 2133.4558   49.8843
    0.0000    0.0000  -45.0000 2138.0522   49.6395
    7.5000    0.0000  -45.0000 2128.9683   49.7002
   -7.5000    7.5000  -45.0000 2095.9861   51.7145
    0.0000    7.5000  -45.0000 2106.3276   51.2894
    7.5000    7.5000  -45.0000 2091.2288   51.3361
   -7.5000   15.0000  -45.0000 2044.8889   54.0224
    0.0000   15.0000  -45.0000 2056.3108   53.5390
    7.5000   15.0000  -45.0000 2043.0511   53.7346
   -7.5000   22.5000  -45.0000 1982.8494   57.2913
    0.0000   22.5000  -45.0000 1997.7686   56.7061
    7.5000   22.5000  -45.0000 1979.5782   56.9945
   -7.5000   30.0000  -45.0000 1915.7095   61.8925
    0.0000   30.0000  -45.0000 1922.6696   61.1687
    7.5000   30.0000  -45.0000 1909.7096   61.4579
   -7.5000   37.5000  -45.0000 1835.0586   67.7326
    0.0000   37.5000  -45.0000 1844.0450   66.9635
    7.5000   37.5000  -45.0000 1831.0420   67.4916
   -7.5000   45.0000  -45.0000 1742.6121   75.3752
    0.0000   45.0000  -45.0000 1750.2045   74.3053
    7.5000   45.0000  -45.0000 1738.6226   75.0568
   -7.5000  -45.0000  -37.5000 2225.2646   44.9088
    0.0000  -45.0000  -37.5000 2229.0518   44.7856
    7.5000  -45.0000  -37.5000 2210.1055   44.9056
   -7.5000  -37.5000  -37.5000 2240.3955   44.6399
    0.0000  -37.5000  -37.5000 2245.4033   44.5499
    7.5000  -37.5000  -37.5000 2228.3774   44.6318
   -7.5000  -30.0000  -37.5000 2247.7061   44.2021
    0.0000  -30.0000  -37.5000 2256.0322   44.1793
    7.5000  -30.0000  -37.5000 2246.0398   44.2262
   -7.5000  -22.5000  -37.5000 2263.1516   43.8314
    0.0000  -22.5000  -37.5000 2274.9304   43.7725
    7.5000  -22.5000  -37.5000 2264.6211   43.7569
   -7.5000  -15.0000  -37.5000 2268.6555   43.9751
    0.0000  -15.0000  -37.5000 2277.8071   43.8074
    7.5000  -15.0000  -37.5000 2269.4531   43.6619
   -7.5000   -7.5000  -37.5000 2255.6931   44.5710
    0.0000   -7.5000  -37.5000 2267.4451   44.3139
    7.5000   -7.5000  -37.5000 2256.1594   44.1884
   -7.5000    0.0000  -37.5000 2228.4673   45.3944
    0.0000    0.0000  -37.5000 2242.0161   45.2725
    7.5000    0.0000  -37.5000 2229.0977   45.1983
   -7.5000    7.5000  -37.5000 2196.8328   47.1228
    0.0000    7.5000  -37.5000 2211.9199   46.8761
    7.5000    7.5000  -37.5000 2197.8416   46.7604
   -7.5000   15.0000  -37.5000 2147.0493   49.2908
    0.0000   15.0000  -37.5000 2164.2000   49.0276
    7.5000   15.0000  -37.5000 2150.1182   48.8186
   -7.5000   22.5000  -37.5000 2086.8311   52.2347
    0.0000   22.5000  -37.5000 2104.5918   51.9211
    7.5000   22.5000  -37.5000 2087.8303   51.7741
   -7.5000   30.0000  -37.5000 2013.8607   56.3671
    0.0000   30.0000  -37.5000 2025.6873   55.9143
    7.5000   30.0000  -37.5000 2013.4520   55.9732
   -7.5000   37.5000  -37.5000 1921.8013   61.6819
    0.0000   37.5000  -37.5000 1931.1027   61.0652
    7.5000   37.5000  -37.5000 1920.3705   61.4301
   -7.5000   45.0000  -37.5000 1822.7037   68.5484
    0.0000   45.0000  -37.5000 1829.8035   67.5860
    7.5000   45.0000  -37.5000 1824.0353   68.0010
   -7.5000  -45.0000  -30.0000 2334.8726   42.6770
    0.0000  -45.0000  -30.0000 2342.0198   42.7052
    7.5000  -45.0000  -30.0000 2329.8979   42.6605
   -7.5000  -37.5000  -30.0000 2355.5591   42.5037
    0.0000  -37.5000  -30.0000 2361.6877   42.5645
    7.5000  -37.5000  -30.0000 2347.3340   42.4792
   -7.5000  -30.0000  -30.0000 2373.5786   42.2370
    0.0000  -30.0000  -30.0000 2381.5310   42.1718
    7.5000  -30.0000  -30.0000 2366.9895   42.1290
   -7.5000  -22.5000  -30.0000 2400.3528   41.7935
    0.0000  -22.5000  -30.0000 2410.3760   41.6639
    7.5000  -22.5000  -30.0000 2391.7991   41.6150
   -7.5000  -15.0000  -30.0000 2409.3601   41.6477
    0.0000  -15.0000  -30.0000 2422.3796   41.5273
    7.5000  -15.0000  -30.0000 2408.2273   41.4539
   -7.5000   -7.5000  -30.0000 2400.9065   42.1782
    0.0000   -7.5000  -30.0000 2417.9871   41.9070
    7.5000   -7.5000  -30.0000 2405.6685   41.9168
   -7.5000    0.0000  -30.0000 2372.7087   43.1197
    0.0000    0.0000  -30.0000 2391.7686   42.9266
    7.5000    0.0000  -30.0000 2380.7791   42.9415
   -7.5000    7.5000  -30.0000 2338.9746   44.7253
    0.0000    7.5000  -30.0000 2359.0869   44.4728
    7.5000    7.5000  -30.0000 2346.5493   44.3275
   -7.5000   15.0000  -30.0000 2290.9143   46.6133
    0.0000   15.0000  -30.0000 2313.0552   46.3414
    7.5000   15.0000  -30.0000 2294.7122   46.2165
   -7.5000   22.5000  -30.0000 2231.1021   49.2881
    0.0000   22.5000  -30.0000 2248.7539   49.0273
    7.5000   22.5000  -30.0000 2235.2114   48.9306
   -7.5000   30.0000  -30.0000 2153.7590   53.1007
    0.0000   30.0000  -30.0000 2166.9050   52.7237
    7.5000   30.0000  -30.0000 2154.1074   52.6133
   -7.5000   37.5000  -30.0000 2061.9688   58.0362
    0.0000   37.5000  -30.0000 2068.3191   57.5467
    7.5000   37.5000  -30.0000 2055.4395   57.7156
   -7.5000   45.0000  -30.0000 1948.6732   64.4740
    0.0000   45.0000  -30.0000 1961.0657   63.7401
    7.5000   45.0000  -30.0000 1946.8195   63.9410
   -7.5000  -45.0000  -22.5000 2443.1990   40.5192
    0.0000  -45.0000  -22.5000 2454.5991   40.5712
    7.5000  -45.0000  -22.5000 2437.5869   40.3899
   -7.5000  -37.5000  -22.5000 2466.9246   40.4515
    0.0000  -37.5000  -22.5000 2478.0251   40.4842
    7.5000  -37.5000  -22.5000 2460.8674   40.3369
   -7.5000  -30.0000  -22.5000 2484.9495   40.0152
    0.0000  -30.0000  -22.5000 2498.9243   39.9362
    7.5000  -30.0000  -22.5000 2480.4910   39.9286
   -7.5000  -22.5000  -22.5000 2508.4619   39.5783
    0.0000  -22.5000  -22.5000 2523.3247   39.3063
    7.5000  -22.5000  -22.5000 2502.3303   39.4065
   -7.5000  -15.0000  -22.5000 2522.8672   39.3297
    0.0000  -15.0000  -22.5000 2538.7871   39.0778
    7.5000  -15.0000  -22.5000 2518.9861   39.1965
   -7.5000   -7.5000  -22.5000 2524.5754   39.7467
    0.0000   -7.5000  -22.5000 2538.3035   39.4699
    7.5000   -7.5000  -22.5000 2522.2219   39.6167
   -7.5000    0.0000  -22.5000 2505.6382   40.7160
    0.0000    0.0000  -22.5000 2520.3130   40.4665
    7.5000    0.0000  -22.5000 2503.8096   40.6114
   -7.5000    7.5000  -22.5000 2471.3750   41.9258
    0.0000    7.5000  -22.5000 2488.9314   41.6514
    7.5000    7.5000  -22.5000 2469.3733   41.7540
   -7.5000   15.0000  -22.5000 2417.6492   43.5451
    0.0000   15.0000  -22.5000 2440.0723   43.2998
    7.5000   15.0000  -22.5000 2418.3669   43.3477
   -7.5000   22.5000  -22.5000 2351.0481   45.9071
    0.0000   22.5000  -22.5000 2375.7661   45.7464
    7.5000   22.5000  -22.5000 2358.0500   45.8142
   -7.5000   30.0000  -22.5000 2272.7268   49.3857
    0.0000   30.0000  -22.5000 2292.0005   49.2137
    7.5000   30.0000  -22.5000 2272.1887   49.2525
   -7.5000   37.5000  -22.5000 2168.8972   54.1146
    0.0000   37.5000  -22.5000 2184.9866   53.8386
    7.5000   37.5000  -22.5000 2167.5398   53.8978
   -7.5000   45.0000  -22.5000 2055.3843   59.9912
    0.0000   45.0000  -22.5000 2073.9705   59.6114
    7.5000   45.0000  -22.5000 2057.3496   59.6305
   -7.5000  -45.0000  -15.0000 2541.7173   38.4929
    0.0000  -45.0000  -15.0000 2551.5630   38.4746
    7.5000  -45.0000  -15.0000 2529.5095   38.4440
   -7.5000  -37.5000  -15.0000 2563.6660   38.5423
    0.0000  -37.5000  -15.0000 2575.2024   38.4308
    7.5000  -37.5000  -15.0000 2552.7258   38.3782
   -7.5000  -30.0000  -15.0000 2584.1548   38.0818
    0.0000  -30.0000  -15.0000 2591.4927   37.8930
    7.5000  -30.0000  -15.0000 2573.6399   37.8829
   -7.5000  -22.5000  -15.0000 2600.9631   37.5590
    0.0000  -22.5000  -15.0000 2612.8010   37.2889
    7.5000  -22.5000  -15.0000 2593.4258   37.3549
   -7.5000  -15.0000  -15.0000 2616.0315   37.1898
    0.0000  -15.0000  -15.0000 2629.8206   36.9552
    7.5000  -15.0000  -15.0000 2609.0842   37.1678
   -7.5000   -7.5000  -15.0000 2620.4971   37.3886
    0.0000   -7.5000  -15.0000 2635.1792   37.1357
    7.5000   -7.5000  -15.0000 2615.5933   37.4006
   -7.5000    0.0000  -15.0000 2613.8184   38.2396
    0.0000    0.0000  -15.0000 2631.3342   37.9845
    7.5000    0.0000  -15.0000 2609.6682   38.2079
   -7.5000    7.5000  -15.0000 2584.4297   39.2318
    0.0000    7.5000  -15.0000 2602.7314   38.9526
    7.5000    7.5000  -15.0000 2583.4844   39.1801
   -7.5000   15.0000  -15.0000 2530.4282   40.7441
    0.0000   15.0000  -15.0000 2557.1213   40.4881
    7.5000   15.0000  -15.0000 2532.9102   40.6751
   -7.5000   22.5000  -15.0000 2462.5181   42.9227
    0.0000   22.5000  -15.0000 2486.2336   42.7081
    7.5000   22.5000  -15.0000 2463.1650   42.8934
   -7.5000   30.0000  -15.0000 2378.3096   46.1324
    0.0000   30.0000  -15.0000 2398.3752   45.9238
    7.5000   30.0000  -15.0000 2377.3801   46.1732
   -7.5000   37.5000  -15.0000 2271.6604   50.5107
    0.0000   37.5000  -15.0000 2288.0051   50.2097
    7.5000   37.5000  -15.0000 2267.6067   50.5080
   -7.5000   45.0000  -15.0000 2145.6895   55.9995
    0.0000   45.0000  -15.0000 2165.7551   55.6489
    7.5000   45.0000  -15.0000 2147.6538   55.7723
   -7.5000  -45.0000   -7.5000 2612.4426   36.7315
    0.0000  -45.0000   -7.5000 2622.2039   36.5606
    7.5000  -45.0000   -7.5000 2603.1934   36.6152
   -7.5000  -37.5000   -7.5000 2633.3315   36.7218
    0.0000  -37.5000   -7.5000 2645.8547   36.5378
    7.5000  -37.5000   -7.5000 2625.0466   36.5696
   -7.5000  -30.0000   -7.5000 2654.0586   36.2044
    0.0000  -30.0000   -7.5000 2664.5745   36.0672
    7.5000  -30.0000   -7.5000 2644.7776   36.0847
   -7.5000  -22.5000   -7.5000 2668.4148   35.6442
    0.0000  -22.5000   -7.5000 2683.6289   35.4730
    7.5000  -22.5000   -7.5000 2664.6531   35.5111
   -7.5000  -15.0000   -7.5000 2684.6650   35.2131
    0.0000  -15.0000   -7.5000 2698.6716   34.9294
    7.5000  -15.0000   -7.5000 2680.5112   35.2053
   -7.5000   -7.5000   -7.5000 2697.0073   35.2408
    0.0000   -7.5000   -7.5000 2712.9465   34.9715
    7.5000   -7.5000   -7.5000 2694.2058   35.3210
   -7.5000    0.0000   -7.5000 2700.0312   35.9681
    0.0000    0.0000   -7.5000 2722.1204   35.6506
    7.5000    0.0000   -7.5000 2705.8323   35.9143
   -7.5000    7.5000   -7.5000 2676.7617   36.8276
    0.0000    7.5000   -7.5000 2697.5823   36.4895
    7.5000    7.5000   -7.5000 2683.0730   36.8251
   -7.5000   15.0000   -7.5000 2626.6274   38.2318
    0.0000   15.0000   -7.5000 2651.4072   37.8651
    7.5000   15.0000   -7.5000 2632.8872   38.1738
   -7.5000   22.5000   -7.5000 2556.7402   40.3097
    0.0000   22.5000   -7.5000 2576.1792   39.9424
    7.5000   22.5000   -7.5000 2555.4851   40.2816
   -7.5000   30.0000   -7.5000 2467.3743   43.4193
    0.0000   30.0000   -7.5000 2483.1221   42.9825
    7.5000   30.0000   -7.5000 2467.8157   43.3477
   -7.5000   37.5000   -7.5000 2359.4097   47.5663
    0.0000   37.5000   -7.5000 2376.5391   47.0753
    7.5000   37.5000   -7.5000 2355.6106   47.3701
   -7.5000   45.0000   -7.5000 2225.3660   52.6680
    0.0000   45.0000   -7.5000 2244.2341   52.1962
    7.5000   45.0000   -7.5000 2221.0757   52.3171
   -7.5000  -45.0000    0.0000 2655.8933   35.4242
    0.0000  -45.0000    0.0000 2671.9360   35.1557
    7.5000  -45.0000    0.0000 2654.7280   35.3294
   -7.5000  -37.5000    0.0000 2684.9519   35.3197
    0.0000  -37.5000    0.0000 2699.8330   35.0660
    7.5000  -37.5000    0.0000 2680.7205   35.2345
   -7.5000  -30.0000    0.0000 2706.3562   34.8091
    0.0000  -30.0000    0.0000 2720.8276   34.6074
    7.5000  -30.0000    0.0000 2700.9185   34.7518
   -7.5000  -22.5000    0.0000 2718.2544   34.2508
    0.0000  -22.5000    0.0000 2734.9783   34.0279
    7.5000  -22.5000    0.0000 2717.3679   34.1646
   -7.5000  -15.0000    0.0000 2736.9346   33.6058
    0.0000  -15.0000    0.0000 2755.6379   33.3022
    7.5000  -15.0000    0.0000 2738.6084   33.6508
   -7.5000   -7.5000    0.0000 2755.6338   33.5172
    0.0000   -7.5000    0.0000 2771.3074   33.1550
    7.5000   -7.5000    0.0000 2756.7456   33.6061
   -7.5000    0.0000    0.0000 2762.9858   34.1195
    0.0000    0.0000    0.0000 2782.5747   33.6998
    7.5000    0.0000    0.0000 2771.0293   34.0785
   -7.5000    7.5000    0.0000 2740.5247   34.9566
    0.0000    7.5000    0.0000 2764.6384   34.5484
    7.5000    7.5000    0.0000 2755.6921   34.9031
   -7.5000   15.0000    0.0000 2702.6755   36.3374
    0.0000   15.0000    0.0000 2728.5107   35.8446
    7.5000   15.0000    0.0000 2713.1438   36.2148
   -7.5000   22.5000    0.0000 2639.2263   38.3043
    0.0000   22.5000    0.0000 2655.8796   37.8179
    7.5000   22.5000    0.0000 2637.7126   38.2217
   -7.5000   30.0000    0.0000 2543.6890   41.2603
    0.0000   30.0000    0.0000 2556.1975   40.7979
    7.5000   30.0000    0.0000 2540.4404   41.2002
   -7.5000   37.5000    0.0000 2430.6475   45.1669
    0.0000   37.5000    0.0000 2444.4255   44.6731
    7.5000   37.5000    0.0000 2429.0200   44.9885
   -7.5000   45.0000    0.0000 2291.8547   50.1534
    0.0000   45.0000    0.0000 2308.8464   49.5657
    7.5000   45.0000    0.0000 2289.6589   49.7382
   -7.5000  -45.0000    7.5000 2669.6863   34.5076
    0.0000  -45.0000    7.5000 2684.3540   34.0582
    7.5000  -45.0000    7.5000 2675.2109   34.5682
   -7.5000  -37.5000    7.5000 2702.1382   34.4045
    0.0000  -37.5000    7.5000 2711.1965   33.9946
    7.5000  -37.5000    7.5000 2704.5881   34.4284
   -7.5000  -30.0000    7.5000 2727.7981   33.9559
    0.0000  -30.0000    7.5000 2739.6599   33.5936
    7.5000  -30.0000    7.5000 2728.5605   33.9852
   -7.5000  -22.5000    7.5000 2743.6033   33.3220
    0.0000  -22.5000    7.5000 2763.9707   33.0855
    7.5000  -22.5000    7.5000 2753.8459   33.3998
   -7.5000  -15.0000    7.5000 2762.0432   32.6305
    0.0000  -15.0000    7.5000 2784.9170   32.3805
    7.5000  -15.0000    7.5000 2775.9016   32.8681
   -7.5000   -7.5000    7.5000 2781.8503   32.2998
    0.0000   -7.5000    7.5000 2800.8899   31.8020
    7.5000   -7.5000    7.5000 2791.5647   32.5640
   -7.5000    0.0000    7.5000 2794.9185   32.7375
    0.0000    0.0000    7.5000 2812.8286   32.2844
    7.5000    0.0000    7.5000 2806.6555   32.9052
   -7.5000    7.5000    7.5000 2783.0132   33.6191
    0.0000    7.5000    7.5000 2809.3455   33.1051
    7.5000    7.5000    7.5000 2801.3613   33.6553
   -7.5000   15.0000    7.5000 2755.2458   34.9281
    0.0000   15.0000    7.5000 2779.3093   34.4182
    7.5000   15.0000    7.5000 2764.5188   34.8706
   -7.5000   22.5000    7.5000 2692.3916   36.8438
    0.0000   22.5000    7.5000 2713.5586   36.3709
    7.5000   22.5000    7.5000 2699.8857   36.8630
   -7.5000   30.0000    7.5000 2600.4475   39.7055
    0.0000   30.0000    7.5000 2618.5525   39.1920
    7.5000   30.0000    7.5000 2607.0244   39.7605
   -7.5000   37.5000    7.5000 2487.0842   43.5347
    0.0000   37.5000    7.5000 2505.4016   42.9443
    7.5000   37.5000    7.5000 2493.1335   43.4794
   -7.5000   45.0000    7.5000 2344.7432   48.3582
    0.0000   45.0000    7.5000 2363.7551   47.7436
    7.5000   45.0000    7.5000 2346.8616   48.1132
   -7.5000  -45.0000   15.0000 2663.9844   34.1888
    0.0000  -45.0000   15.0000 2667.8687   33.5680
    7.5000  -45.0000   15.0000 2671.4402   34.3235
   -7.5000  -37.5000   15.0000 2692.9707   34.0703
    0.0000  -37.5000   15.0000 2700.2935   33.5652
    7.5000  -37.5000   15.0000 2704.1409   34.1744
   -7.5000  -30.0000   15.0000 2724.3696   33.6915
    0.0000  -30.0000   15.0000 2733.0220   33.2953
    7.5000  -30.0000   15.0000 2737.7092   33.7875
   -7.5000  -22.5000   15.0000 2754.3521   33.1925
    0.0000  -22.5000   15.0000 2771.2937   32.9189
    7.5000  -22.5000   15.0000 2775.5120   33.3427
   -7.5000  -15.0000   15.0000 2783.9565   32.7185
    0.0000  -15.0000   15.0000 2812.4683   32.5368
    7.5000  -15.0000   15.0000 2808.9412   32.8913
   -7.5000   -7.5000   15.0000 2803.9417   32.0517
    0.0000   -7.5000   15.0000 2826.3538   31.7175
    7.5000   -7.5000   15.0000 2818.3560   32.3224
   -7.5000    0.0000   15.0000 2821.7600   32.0432
    0.0000    0.0000   15.0000 2836.4360   31.5458
    7.5000    0.0000   15.0000 2825.9353   32.2968
   -7.5000    7.5000   15.0000 2815.8042   32.8627
    0.0000    7.5000   15.0000 2838.3325   32.3586
    7.5000    7.5000   15.0000 2824.9558   32.8749
   -7.5000   15.0000   15.0000 2795.2527   34.1911
    0.0000   15.0000   15.0000 2818.4832   33.7227
    7.5000   15.0000   15.0000 2799.7351   34.1075
   -7.5000   22.5000   15.0000 2736.9900   36.2030
    0.0000   22.5000   15.0000 2758.1240   35.7104
    7.5000   22.5000   15.0000 2742.1470   36.0874
   -7.5000   30.0000   15.0000 2650.0703   39.0400
    0.0000   30.0000   15.0000 2670.6731   38.5243
    7.5000   30.0000   15.0000 2655.3533   38.9055
   -7.5000   37.5000   15.0000 2539.0874   42.8472
    0.0000   37.5000   15.0000 2558.8923   42.2577
    7.5000   37.5000   15.0000 2544.0581   42.6401
   -7.5000   45.0000   15.0000 2393.0193   47.5723
    0.0000   45.0000   15.0000 2410.2983   46.9451
    7.5000   45.0000   15.0000 2400.4492   47.2347
   -7.5000  -45.0000   22.5000 2639.9290   34.6113
    0.0000  -45.0000   22.5000 2639.1023   34.0709
    7.5000  -45.0000   22.5000 2655.4497   34.8404
   -7.5000  -37.5000   22.5000 2685.4534   34.5980
    0.0000  -37.5000   22.5000 2687.5645   34.1913
    7.5000  -37.5000   22.5000 2702.6814   34.7002
   -7.5000  -30.0000   22.5000 2727.0557   34.3011
    0.0000  -30.0000   22.5000 2732.6860   33.9560
    7.5000  -30.0000   22.5000 2747.7183   34.2768
   -7.5000  -22.5000   22.5000 2774.6990   34.0088
    0.0000  -22.5000   22.5000 2788.7163   33.7372
    7.5000  -22.5000   22.5000 2794.2515   33.8252
   -7.5000  -15.0000   22.5000 2826.6848   33.7825
    0.0000  -15.0000   22.5000 2854.5378   33.7306
    7.5000  -15.0000   22.5000 2836.4321   33.3710
   -7.5000   -7.5000   22.5000 2853.9124   33.0753
    0.0000   -7.5000   22.5000 2886.9119   32.9728
    7.5000   -7.5000   22.5000 2845.3599   32.6828
   -7.5000    0.0000   22.5000 2853.2507   32.5444
    0.0000    0.0000   22.5000 2875.1223   32.2063
    7.5000    0.0000   22.5000 2842.6672   32.2981
   -7.5000    7.5000   22.5000 2837.2778   32.7914
    0.0000    7.5000   22.5000 2861.1501   32.4183
    7.5000    7.5000   22.5000 2838.6030   32.5990
   -7.5000   15.0000   22.5000 2814.7107   34.0322
    0.0000   15.0000   22.5000 2836.8647   33.5795
    7.5000   15.0000   22.5000 2815.2173   33.8420
   -7.5000   22.5000   22.5000 2757.2598   36.1075
    0.0000   22.5000   22.5000 2780.9919   35.6299
    7.5000   22.5000   22.5000 2761.8440   35.9350
   -7.5000   30.0000   22.5000 2672.0889   38.9166
    0.0000   30.0000   22.5000 2695.4160   38.4962
    7.5000   30.0000   22.5000 2678.4392   38.7806
   -7.5000   37.5000   22.5000 2560.1528   42.7109
    0.0000   37.5000   22.5000 2582.0161   42.1736
    7.5000   37.5000   22.5000 2567.5447   42.3888
   -7.5000   45.0000   22.5000 2420.4233   47.3073
    0.0000   45.0000   22.5000 2437.4893   46.8355
    7.5000   45.0000   22.5000 2425.8618   46.8659
   -7.5000  -45.0000   30.0000 2613.6453   36.2351
    0.0000  -45.0000   30.0000 2606.5994   35.7904
    7.5000  -45.0000   30.0000 2614.3889   36.0794
   -7.5000  -37.5000   30.0000 2674.4675   36.2471
    0.0000  -37.5000   30.0000 2674.5574   35.8972
    7.5000  -37.5000   30.0000 2669.5049   35.8319
   -7.5000  -30.0000   30.0000 2733.0049   35.8573
    0.0000  -30.0000   30.0000 2741.0427   35.6265
    7.5000  -30.0000   30.0000 2726.0022   35.3568
   -7.5000  -22.5000   30.0000 2791.9287   35.3795
    0.0000  -22.5000   30.0000 2805.6538   35.1904
    7.5000  -22.5000   30.0000 2775.7527   34.7613
   -7.5000  -15.0000   30.0000 2839.4956   34.8742
    0.0000  -15.0000   30.0000 2867.3271   34.9205
    7.5000  -15.0000   30.0000 2828.2288   34.2308
   -7.5000   -7.5000   30.0000 2867.2698   34.3332
    0.0000   -7.5000   30.0000 2915.1001   34.4197
    7.5000   -7.5000   30.0000 2857.6877   33.7382
   -7.5000    0.0000   30.0000 2865.2751   33.7512
    0.0000    0.0000   30.0000 2900.8296   33.4359
    7.5000    0.0000   30.0000 2851.4736   33.2919
   -7.5000    7.5000   30.0000 2848.8726   33.8813
    0.0000    7.5000   30.0000 2876.1533   33.4141
    7.5000    7.5000   30.0000 2842.7749   33.4979
   -7.5000   15.0000   30.0000 2818.0637   34.9106
    0.0000   15.0000   30.0000 2841.3030   34.4286
    7.5000   15.0000   30.0000 2815.0281   34.6007
   -7.5000   22.5000   30.0000 2751.3171   36.7321
    0.0000   22.5000   30.0000 2771.7246   36.2907
    7.5000   22.5000   30.0000 2755.4255   36.5380
   -7.5000   30.0000   30.0000 2667.8149   39.3696
    0.0000   30.0000   30.0000 2683.1074   38.9003
    7.5000   30.0000   30.0000 2673.5007   39.1867
   -7.5000   37.5000   30.0000 2556.8718   43.0754
    0.0000   37.5000   30.0000 2574.7117   42.4806
    7.5000   37.5000   30.0000 2567.3398   42.7491
   -7.5000   45.0000   30.0000 2419.7537   47.6035
    0.0000   45.0000   30.0000 2440.2720   47.0641
    7.5000   45.0000   30.0000 2433.2744   47.2561
   -7.5000  -45.0000   37.5000 2586.4971   38.5247
    0.0000  -45.0000   37.5000 2581.2334   38.1823
    7.5000  -45.0000   37.5000 2571.2822   38.1871
   -7.5000  -37.5000   37.5000 2647.0911   38.2888
    0.0000  -37.5000   37.5000 2648.2161   37.9941
    7.5000  -37.5000   37.5000 2631.4868   37.7786
   -7.5000  -30.0000   37.5000 2707.0417   37.5542
    0.0000  -30.0000   37.5000 2714.5366   37.3535
    7.5000  -30.0000   37.5000 2690.5928   37.0362
   -7.5000  -22.5000   37.5000 2765.5461   36.7195
    0.0000  -22.5000   37.5000 2786.9453   36.5582
    7.5000  -22.5000   37.5000 2752.2986   36.2342
   -7.5000  -15.0000   37.5000 2816.9216   35.8216
    0.0000  -15.0000   37.5000 2845.7705   35.8451
    7.5000  -15.0000   37.5000 2813.0388   35.5252
   -7.5000   -7.5000   37.5000 2839.0630   35.1435
    0.0000   -7.5000   37.5000 2884.7898   35.0252
    7.5000   -7.5000   37.5000 2845.1826   34.9896
   -7.5000    0.0000   37.5000 2842.7566   34.8337
    0.0000    0.0000   37.5000 2864.0347   33.9720
    7.5000    0.0000   37.5000 2840.0776   34.5592
   -7.5000    7.5000   37.5000 2839.1047   35.3751
    0.0000    7.5000   37.5000 2859.0122   34.5225
    7.5000    7.5000   37.5000 2837.9307   34.9898
   -7.5000   15.0000   37.5000 2810.8235   36.6289
    0.0000   15.0000   37.5000 2830.7876   35.9599
    7.5000   15.0000   37.5000 2809.0132   36.2427
   -7.5000   22.5000   37.5000 2746.3079   38.4549
    0.0000   22.5000   37.5000 2760.4968   37.9276
    7.5000   22.5000   37.5000 2743.2832   38.1184
   -7.5000   30.0000   37.5000 2651.2051   40.9312
    0.0000   30.0000   37.5000 2657.8123   40.4081
    7.5000   30.0000   37.5000 2649.8318   40.5661
   -7.5000   37.5000   37.5000 2540.1738   44.4090
    0.0000   37.5000   37.5000 2554.0728   43.7320
    7.5000   37.5000   37.5000 2544.0266   43.9303
   -7.5000   45.0000   37.5000 2407.6208   48.7216
    0.0000   45.0000   37.5000 2425.7517   48.1369
    7.5000   45.0000   37.5000 2415.5266   48.1727
   -7.5000  -45.0000   45.0000 2548.5369   40.9150
    0.0000  -45.0000   45.0000 2548.8965   40.5647
    7.5000  -45.0000   45.0000 2534.6960   40.8519
   -7.5000  -37.5000   45.0000 2603.7422   40.3807
    0.0000  -37.5000   45.0000 2608.0178   40.1059
    7.5000  -37.5000   45.0000 2591.7046   40.2673
   -7.5000  -30.0000   45.0000 2667.6045   39.5927
    0.0000  -30.0000   45.0000 2673.9460   39.2535
    7.5000  -30.0000   45.0000 2652.5137   39.2767
   -7.5000  -22.5000   45.0000 2725.1594   38.4903
    0.0000  -22.5000   45.0000 2739.7256   38.2356
    7.5000  -22.5000   45.0000 2714.0364   38.1801
   -7.5000  -15.0000   45.0000 2769.5164   37.4933
    0.0000  -15.0000   45.0000 2790.3889   37.2950
    7.5000  -15.0000   45.0000 2768.6819   37.2495
   -7.5000   -7.5000   45.0000 2799.7908   36.7032
    0.0000   -7.5000   45.0000 2827.1030   36.0556
    7.5000   -7.5000   45.0000 2803.4092   36.5698
   -7.5000    0.0000   45.0000 2818.6777   36.5656
    0.0000    0.0000   45.0000 2831.1763   35.4618
    7.5000    0.0000   45.0000 2813.5850   36.2218
   -7.5000    7.5000   45.0000 2811.0657   37.1920
    0.0000    7.5000   45.0000 2829.6145   36.3369
    7.5000    7.5000   45.0000 2810.5554   36.7616
   -7.5000   15.0000   45.0000 2779.1499   38.4895
    0.0000   15.0000   45.0000 2793.3120   37.6749
    7.5000   15.0000   45.0000 2777.2537   38.0692
   -7.5000   22.5000   45.0000 2716.7156   40.4268
    0.0000   22.5000   45.0000 2724.6335   39.6879
    7.5000   22.5000   45.0000 2712.3286   40.0052
   -7.5000   30.0000   45.0000 2626.0603   43.0492
    0.0000   30.0000   45.0000 2637.9905   42.4055
    7.5000   30.0000   45.0000 2623.8323   42.5947
   -7.5000   37.5000   45.0000 2511.2078   46.3800
    0.0000   37.5000   45.0000 2530.7930   45.7586
    7.5000   37.5000   45.0000 2521.3672   45.8332
   -7.5000   45.0000   45.0000 2375.3052   50.4533
    0.0000   45.0000   45.0000 2396.2566   49.9740
    7.5000   45.0000   45.0000 2386.2424   49.8483

---------------------------------------------------------------------
imgreg_4dfp /opt/freesurfer/average/711-2C_as_mni_average_305 /opt/freesurfer/average/711-2B_as_mni_average_305_mask talsrcimg_g11 none talsrcimg_to_711-2C_as_mni_average_305_t4 1283
---------------------------------------------------------------------

freesurfer imgreg_4dfp.c
/opt/freesurfer/average/711-2C_as_mni_average_305.4dfp.img
       256       256       256         1
  1.000000  1.000000  1.000000
orientation T byte_order littleendian
Reading image: /opt/freesurfer/average/711-2C_as_mni_average_305.4dfp.img
dimensions:      256       256       256
mmppix:       1.0000   -1.0000   -1.0000
center:     128.0000 -129.0000 -129.0000
/opt/freesurfer/average/711-2B_as_mni_average_305_mask.4dfp.img
       256       256       256         1
  1.000000  1.000000  1.000000
orientation T byte_order littleendian
Reading mask: /opt/freesurfer/average/711-2B_as_mni_average_305_mask.4dfp.img (2306576 pixels)
talsrcimg_g11.4dfp.img
       320       320       320         1
  0.800000  0.800000  0.800000
orientation T byte_order littleendian
Reading image: talsrcimg_g11.4dfp.img
dimensions:      320       320       320
mmppix:       0.8000   -0.8000   -0.8000
center:     128.0000 -128.8000 -128.8000
rotation matrix determinant  1.000000
fimgreg.f
image alignment mode   1283 decimal      503 hex
parameters
    0.0000   -7.5000   30.0000    0.0000    0.0000    0.0000
eta,q 0.91532 34.73537
niter,ni,del,rscale     5    3   12.0000    1.2000
parameter  2 -0.578031 -> -0.500000 qaram    1.1500
parameter  4********** ->  0.500000 qaram    1.1500
parameter  6  0.846567 ->  0.500000 qaram    1.1500
parameters
   -0.4553   -4.0500   29.0068   -3.4500   -1.8718   -3.4500
eta,q 0.92166 34.02963
  0.0947  0.0980  0.0907  0.0756  0.0801  0.0788
  0.0899  0.0937  0.0861  0.0790  0.0792  0.0782
  0.0881  0.0907  0.0849  0.0824  0.0798  0.0789
  0.0887  0.0884  0.0861  0.0853  0.0800  0.0799
  0.0882  0.0868  0.0879  0.0881  0.0796  0.0807
  0.0911  0.0859  0.0899  0.0918  0.0804  0.0818
  0.0980  0.0879  0.0937  0.0948  0.0831  0.0836
niter,ni,del,rscale     7    3   12.0000    1.2000
parameter  4  3.955202 ->  0.500000 qaram    1.3225
parameters
   -0.2856   -3.9745   28.7955   -7.4175   -0.6780   -2.0628
eta,q 0.92697 33.88667
  0.0897  0.0877  0.0861  0.0693  0.0804  0.0793
  0.0835  0.0838  0.0812  0.0715  0.0760  0.0759
  0.0795  0.0809  0.0786  0.0746  0.0730  0.0737
  0.0783  0.0784  0.0783  0.0783  0.0723  0.0729
  0.0797  0.0783  0.0791  0.0819  0.0734  0.0733
  0.0823  0.0835  0.0821  0.0861  0.0739  0.0741
  0.0886  0.0881  0.0872  0.0898  0.0751  0.0753
niter,ni,del,rscale     7    3   12.0000    1.2000
parameter  4  5.146606 ->  0.500000 qaram    1.5209
parameters
   -0.4641   -3.8593   27.7028  -11.9801   -0.2347   -1.5370
eta,q 0.93393 34.19289
  0.0838  0.0836  0.0786  0.0630  0.0714  0.0712
  0.0764  0.0784  0.0737  0.0652  0.0680  0.0683
  0.0728  0.0752  0.0724  0.0694  0.0663  0.0668
  0.0730  0.0729  0.0729  0.0726  0.0661  0.0661
  0.0744  0.0742  0.0745  0.0767  0.0660  0.0663
  0.0773  0.0783  0.0788  0.0803  0.0664  0.0675
  0.0848  0.0830  0.0847  0.0847  0.0702  0.0698
niter,ni,del,rscale     7    3   12.0000    1.2000
parameter  4  0.977287 ->  0.500000 qaram    1.7490
parameters
   -0.5091   -3.0529   26.4364  -17.2272   -0.0404   -2.0539
eta,q 0.94101 33.95142
  0.0780  0.0814  0.0721  0.0600  0.0661  0.0646
  0.0709  0.0744  0.0663  0.0592  0.0622  0.0610
  0.0665  0.0697  0.0642  0.0601  0.0597  0.0590
  0.0661  0.0660  0.0655  0.0644  0.0591  0.0591
  0.0673  0.0663  0.0689  0.0702  0.0594  0.0602
  0.0706  0.0703  0.0735  0.0753  0.0612  0.0624
  0.0786  0.0762  0.0790  0.0802  0.0654  0.0663
niter,ni,del,rscale     7    3   12.0000    1.2000
parameters
   -0.5297   -1.5358   25.7567  -20.5747   -0.1214   -2.2026
eta,q 0.94371 34.06147
  0.0749  0.0807  0.0688  0.0619  0.0621  0.0628
  0.0656  0.0710  0.0616  0.0587  0.0587  0.0593
  0.0600  0.0637  0.0577  0.0563  0.0571  0.0566
  0.0590  0.0590  0.0582  0.0577  0.0563  0.0564
  0.0613  0.0589  0.0616  0.0615  0.0566  0.0580
  0.0661  0.0625  0.0667  0.0686  0.0585  0.0597
  0.0745  0.0677  0.0731  0.0753  0.0629  0.0629
niter,ni,del,rscale     6    3   12.0000    1.2000
parameters
   -0.6611   -0.8199   24.9899  -21.3177    0.2751   -2.2604
eta,q 0.94504 33.83443
  0.0725  0.0771  0.0651  0.0667  0.0625  0.0619
  0.0634  0.0675  0.0585  0.0598  0.0583  0.0584
  0.0572  0.0606  0.0556  0.0565  0.0563  0.0557
  0.0563  0.0562  0.0559  0.0554  0.0551  0.0550
  0.0593  0.0578  0.0591  0.0578  0.0551  0.0564
  0.0643  0.0631  0.0633  0.0629  0.0568  0.0583
  0.0736  0.0701  0.0697  0.0698  0.0611  0.0620
niter,ni,del,rscale     5    3   12.0000    1.2000
parameters
   -0.8806   -0.6735   24.9164  -21.5976    0.5403   -2.3389
eta,q 0.94539 33.80641
  0.0718  0.0745  0.0676  0.0672  0.0621  0.0616
  0.0623  0.0652  0.0596  0.0607  0.0581  0.0581
  0.0558  0.0586  0.0557  0.0566  0.0559  0.0554
  0.0550  0.0548  0.0547  0.0547  0.0547  0.0546
  0.0586  0.0578  0.0571  0.0574  0.0548  0.0560
  0.0641  0.0646  0.0614  0.0614  0.0569  0.0581
  0.0737  0.0728  0.0668  0.0686  0.0613  0.0620
niter,ni,del,rscale     4    3   12.0000    1.2000
parameters
   -0.9675   -0.6402   24.8747  -21.7035    0.6522   -2.3709
eta,q 0.94550 33.79565
  0.0726  0.0741  0.0676  0.0673  0.0617  0.0616
  0.0629  0.0648  0.0595  0.0612  0.0579  0.0582
  0.0558  0.0581  0.0556  0.0567  0.0557  0.0554
  0.0546  0.0545  0.0545  0.0545  0.0545  0.0545
  0.0581  0.0578  0.0569  0.0572  0.0548  0.0558
  0.0636  0.0651  0.0613  0.0610  0.0572  0.0579
  0.0730  0.0735  0.0666  0.0680  0.0617  0.0618
niter,ni,del,rscale     3    3   12.0000    1.2000
parameters
   -1.0008   -0.6295   24.8566  -21.7454    0.6951   -2.3817
eta,q 0.94554 33.79191
  0.0729  0.0740  0.0677  0.0674  0.0616  0.0616
  0.0632  0.0647  0.0596  0.0613  0.0578  0.0582
  0.0559  0.0580  0.0556  0.0567  0.0556  0.0554
  0.0545  0.0545  0.0545  0.0545  0.0545  0.0545
  0.0579  0.0578  0.0568  0.0571  0.0548  0.0557
  0.0634  0.0651  0.0612  0.0609  0.0573  0.0578
  0.0727  0.0736  0.0665  0.0679  0.0618  0.0618
registration optimization eta report
parameter search radius
    6.0000    6.9000    6.0000   10.4940    6.0000    6.9000
100000*second partial in parameter space
       50.       39.       34.       11.       20.       15.
  0.0729  0.0740  0.0677  0.0674  0.0616  0.0616
  0.0632  0.0647  0.0596  0.0613  0.0578  0.0582
  0.0559  0.0580  0.0556  0.0567  0.0556  0.0554
  0.0545  0.0545  0.0545  0.0545  0.0545  0.0545
  0.0579  0.0578  0.0568  0.0571  0.0548  0.0557
  0.0634  0.0651  0.0612  0.0609  0.0573  0.0578
  0.0727  0.0736  0.0665  0.0679  0.0618  0.0618
   -1.0008   -0.6295   24.8566  -21.7454    0.6951   -2.3817
eta,q 0.94554 33.79191

---------------------------------------------------------------------
imgreg_4dfp /opt/freesurfer/average/711-2C_as_mni_average_305 /opt/freesurfer/average/711-2B_as_mni_average_305_mask talsrcimg_g11 none talsrcimg_to_711-2C_as_mni_average_305_t4 3335
---------------------------------------------------------------------

freesurfer imgreg_4dfp.c
/opt/freesurfer/average/711-2C_as_mni_average_305.4dfp.img
       256       256       256         1
  1.000000  1.000000  1.000000
orientation T byte_order littleendian
Reading image: /opt/freesurfer/average/711-2C_as_mni_average_305.4dfp.img
dimensions:      256       256       256
mmppix:       1.0000   -1.0000   -1.0000
center:     128.0000 -129.0000 -129.0000
/opt/freesurfer/average/711-2B_as_mni_average_305_mask.4dfp.img
       256       256       256         1
  1.000000  1.000000  1.000000
orientation T byte_order littleendian
Reading mask: /opt/freesurfer/average/711-2B_as_mni_average_305_mask.4dfp.img (2306576 pixels)
talsrcimg_g11.4dfp.img
       320       320       320         1
  0.800000  0.800000  0.800000
orientation T byte_order littleendian
Reading image: talsrcimg_g11.4dfp.img
dimensions:      320       320       320
mmppix:       0.8000   -0.8000   -0.8000
center:     128.0000 -128.8000 -128.8000
fimgreg.f
image alignment mode   3335 decimal      D07 hex
parameters
   -1.0008   -0.6295   24.8566   -0.0937   -7.2150   -7.1229
    4.3091    0.4137   -4.1554   37.0631    1.2132  -37.0455
eta,q 0.94774 34.14835
niter,ni,del,rscale     5    3    5.0000    1.2000
parameter  4  0.703618 ->  0.500000 qaram    1.1500
parameter  9 -0.529236 -> -0.500000 qaram    1.1500
parameters
   -0.7476   -0.9590   24.3950   -4.2337   -9.0121   -6.9266
    4.1566    1.1256   -0.0154   39.3800    4.2087  -33.7075
eta,q 0.95338 34.19809
  0.0569  0.0545  0.0535  0.0505  0.0519  0.0565  0.0521  0.0573  0.0536  0.0539  0.0513  0.0509
  0.0546  0.0531  0.0524  0.0492  0.0504  0.0538  0.0504  0.0534  0.0516  0.0516  0.0496  0.0489
  0.0530  0.0523  0.0520  0.0497  0.0492  0.0513  0.0493  0.0506  0.0499  0.0495  0.0482  0.0477
  0.0523  0.0522  0.0521  0.0520  0.0491  0.0491  0.0489  0.0489  0.0488  0.0481  0.0474  0.0470
  0.0524  0.0529  0.0527  0.0556  0.0507  0.0490  0.0494  0.0491  0.0481  0.0474  0.0470  0.0467
  0.0534  0.0543  0.0537  0.0598  0.0540  0.0519  0.0505  0.0512  0.0481  0.0477  0.0471  0.0467
  0.0554  0.0563  0.0550  0.0638  0.0579  0.0572  0.0524  0.0549  0.0487  0.0497  0.0478  0.0470
niter,ni,del,rscale     6    3    5.0000    1.2000
parameters
   -0.2868   -0.1685   23.2734   -4.7928   -9.9633   -7.2594
    3.0024    0.6374    0.2250   38.9247    5.0510  -32.0011
eta,q 0.95426 33.89624
  0.0529  0.0517  0.0464  0.0532  0.0493  0.0535  0.0480  0.0525  0.0489  0.0493  0.0482  0.0481
  0.0499  0.0493  0.0457  0.0498  0.0478  0.0506  0.0466  0.0489  0.0472  0.0476  0.0470  0.0468
  0.0478  0.0476  0.0456  0.0469  0.0463  0.0476  0.0459  0.0465  0.0462  0.0464  0.0462  0.0461
  0.0466  0.0465  0.0461  0.0455  0.0456  0.0457  0.0458  0.0457  0.0457  0.0457  0.0458  0.0458
  0.0466  0.0461  0.0472  0.0469  0.0465  0.0469  0.0465  0.0472  0.0460  0.0460  0.0459  0.0458
  0.0475  0.0465  0.0489  0.0510  0.0491  0.0505  0.0479  0.0503  0.0470  0.0479  0.0464  0.0460
  0.0495  0.0476  0.0508  0.0562  0.0528  0.0564  0.0500  0.0545  0.0486  0.0510  0.0473  0.0465
niter,ni,del,rscale     5    3    5.0000    1.2000
parameters
   -0.2944    0.3520   22.7521   -4.6511  -10.5721   -7.5999
    3.0627    0.3115    0.2112   39.0767    5.5095  -31.3283
eta,q 0.95436 33.72082
  0.0501  0.0496  0.0469  0.0539  0.0491  0.0529  0.0488  0.0526  0.0484  0.0494  0.0477  0.0471
  0.0477  0.0477  0.0460  0.0506  0.0477  0.0501  0.0471  0.0490  0.0469  0.0477  0.0466  0.0462
  0.0462  0.0465  0.0455  0.0475  0.0464  0.0473  0.0461  0.0466  0.0460  0.0464  0.0459  0.0458
  0.0457  0.0457  0.0456  0.0455  0.0454  0.0456  0.0457  0.0457  0.0457  0.0457  0.0456  0.0456
  0.0463  0.0456  0.0462  0.0460  0.0459  0.0467  0.0460  0.0469  0.0460  0.0456  0.0458  0.0457
  0.0478  0.0462  0.0474  0.0493  0.0481  0.0501  0.0470  0.0499  0.0469  0.0470  0.0463  0.0461
  0.0501  0.0473  0.0489  0.0544  0.0515  0.0556  0.0487  0.0539  0.0484  0.0497  0.0472  0.0465
niter,ni,del,rscale     4    3    5.0000    1.2000
parameters
   -0.3634    0.7100   22.4272   -4.5708  -11.1504   -7.9438
    3.2300    0.0596    0.2295   39.5273    5.7879  -31.1686
eta,q 0.95436 33.59700
  0.0498  0.0488  0.0472  0.0537  0.0489  0.0526  0.0488  0.0526  0.0482  0.0495  0.0475  0.0468
  0.0474  0.0473  0.0462  0.0505  0.0477  0.0500  0.0472  0.0491  0.0469  0.0477  0.0465  0.0461
  0.0460  0.0462  0.0456  0.0475  0.0464  0.0474  0.0462  0.0467  0.0460  0.0465  0.0459  0.0457
  0.0456  0.0456  0.0456  0.0455  0.0455  0.0456  0.0457  0.0457  0.0457  0.0457  0.0456  0.0456
  0.0463  0.0456  0.0460  0.0461  0.0459  0.0467  0.0460  0.0469  0.0460  0.0456  0.0458  0.0458
  0.0478  0.0462  0.0470  0.0494  0.0479  0.0500  0.0469  0.0498  0.0468  0.0467  0.0463  0.0461
  0.0501  0.0474  0.0484  0.0544  0.0511  0.0553  0.0486  0.0537  0.0482  0.0491  0.0472  0.0466
niter,ni,del,rscale     3    3    5.0000    1.2000
parameters
   -0.4299    1.0227   22.1235   -4.5576  -11.7591   -8.3234
    3.3835   -0.1393    0.2869   40.1723    6.0181  -31.1992
eta,q 0.95435 33.48007
  0.0497  0.0486  0.0472  0.0534  0.0487  0.0524  0.0487  0.0526  0.0481  0.0495  0.0474  0.0466
  0.0474  0.0471  0.0462  0.0504  0.0476  0.0499  0.0472  0.0492  0.0469  0.0478  0.0465  0.0460
  0.0460  0.0462  0.0457  0.0474  0.0465  0.0474  0.0462  0.0468  0.0461  0.0466  0.0459  0.0457
  0.0456  0.0456  0.0456  0.0455  0.0455  0.0457  0.0458  0.0458  0.0458  0.0458  0.0457  0.0457
  0.0463  0.0457  0.0460  0.0461  0.0459  0.0467  0.0460  0.0469  0.0460  0.0456  0.0458  0.0458
  0.0478  0.0463  0.0469  0.0495  0.0479  0.0499  0.0469  0.0497  0.0468  0.0465  0.0463  0.0461
  0.0500  0.0474  0.0483  0.0543  0.0510  0.0552  0.0486  0.0535  0.0481  0.0488  0.0472  0.0466
niter,ni,del,rscale     2    3    5.0000    1.2000
parameters
   -0.4849    1.3499   21.7808   -4.5947  -12.4546   -8.7667
    3.5402   -0.3159    0.3530   40.9770    6.2892  -31.2742
eta,q 0.95434 33.34697
  0.0496  0.0485  0.0471  0.0531  0.0485  0.0522  0.0486  0.0526  0.0480  0.0495  0.0474  0.0466
  0.0473  0.0471  0.0462  0.0502  0.0474  0.0498  0.0471  0.0492  0.0468  0.0478  0.0465  0.0460
  0.0460  0.0461  0.0457  0.0473  0.0464  0.0473  0.0462  0.0468  0.0461  0.0466  0.0459  0.0457
  0.0456  0.0456  0.0456  0.0456  0.0456  0.0457  0.0458  0.0458  0.0458  0.0458  0.0457  0.0457
  0.0463  0.0457  0.0460  0.0462  0.0459  0.0468  0.0460  0.0469  0.0460  0.0456  0.0458  0.0458
  0.0477  0.0462  0.0469  0.0494  0.0478  0.0500  0.0469  0.0496  0.0467  0.0464  0.0463  0.0461
  0.0499  0.0473  0.0482  0.0542  0.0509  0.0552  0.0485  0.0533  0.0480  0.0485  0.0472  0.0465
niter,ni,del,rscale     1    3    5.0000    1.2000
parameters
   -0.5318    1.7324   21.3648   -4.6823  -13.2874   -9.2990
    3.7128   -0.4860    0.3881   41.9166    6.6354  -31.3986
eta,q 0.95438 33.18693
  0.0495  0.0484  0.0469  0.0528  0.0483  0.0519  0.0485  0.0524  0.0479  0.0495  0.0474  0.0465
  0.0473  0.0471  0.0461  0.0500  0.0472  0.0496  0.0471  0.0491  0.0467  0.0479  0.0465  0.0459
  0.0460  0.0461  0.0456  0.0472  0.0463  0.0472  0.0462  0.0468  0.0461  0.0466  0.0459  0.0456
  0.0457  0.0457  0.0456  0.0455  0.0455  0.0457  0.0458  0.0458  0.0458  0.0458  0.0456  0.0456
  0.0462  0.0456  0.0461  0.0461  0.0459  0.0468  0.0460  0.0469  0.0460  0.0455  0.0457  0.0458
  0.0476  0.0461  0.0470  0.0493  0.0478  0.0501  0.0468  0.0495  0.0467  0.0463  0.0462  0.0460
  0.0497  0.0471  0.0483  0.0541  0.0508  0.0553  0.0483  0.0531  0.0479  0.0483  0.0471  0.0464
registration optimization eta report
parameter search radius
    2.4000    2.4000    2.4000    8.2800    7.2000    7.2000
    7.2000    7.2000    8.2800    7.2000    7.2000    7.2000
100000*second partial in parameter space
       69.       37.       35.       11.        8.       15.
        5.       13.        3.        6.        3.        2.
  0.0495  0.0484  0.0469  0.0528  0.0483  0.0519  0.0485  0.0524  0.0479  0.0495  0.0474  0.0465
  0.0473  0.0471  0.0461  0.0500  0.0472  0.0496  0.0471  0.0491  0.0467  0.0479  0.0465  0.0459
  0.0460  0.0461  0.0456  0.0472  0.0463  0.0472  0.0462  0.0468  0.0461  0.0466  0.0459  0.0456
  0.0457  0.0457  0.0456  0.0455  0.0455  0.0457  0.0458  0.0458  0.0458  0.0458  0.0456  0.0456
  0.0462  0.0456  0.0461  0.0461  0.0459  0.0468  0.0460  0.0469  0.0460  0.0455  0.0457  0.0458
  0.0476  0.0461  0.0470  0.0493  0.0478  0.0501  0.0468  0.0495  0.0467  0.0463  0.0462  0.0460
  0.0497  0.0471  0.0483  0.0541  0.0508  0.0553  0.0483  0.0531  0.0479  0.0483  0.0471  0.0464
   -0.5318    1.7324   21.3648   -4.6823  -13.2874   -9.2990
    3.7128   -0.4860    0.3881   41.9166    6.6354  -31.3986
eta,q 0.95438 33.18693

---------------------------------------------------------------------
imgreg_4dfp /opt/freesurfer/average/711-2C_as_mni_average_305 /opt/freesurfer/average/711-2B_as_mni_average_305_mask talsrcimg_g11 none talsrcimg_to_711-2C_as_mni_average_305_t4 2311
---------------------------------------------------------------------

freesurfer imgreg_4dfp.c
/opt/freesurfer/average/711-2C_as_mni_average_305.4dfp.img
       256       256       256         1
  1.000000  1.000000  1.000000
orientation T byte_order littleendian
Reading image: /opt/freesurfer/average/711-2C_as_mni_average_305.4dfp.img
dimensions:      256       256       256
mmppix:       1.0000   -1.0000   -1.0000
center:     128.0000 -129.0000 -129.0000
/opt/freesurfer/average/711-2B_as_mni_average_305_mask.4dfp.img
       256       256       256         1
  1.000000  1.000000  1.000000
orientation T byte_order littleendian
Reading mask: /opt/freesurfer/average/711-2B_as_mni_average_305_mask.4dfp.img (2306576 pixels)
talsrcimg_g11.4dfp.img
       320       320       320         1
  0.800000  0.800000  0.800000
orientation T byte_order littleendian
Reading image: talsrcimg_g11.4dfp.img
dimensions:      320       320       320
mmppix:       0.8000   -0.8000   -0.8000
center:     128.0000 -128.8000 -128.8000
fimgreg.f
image alignment mode   2311 decimal      907 hex
parameters
   -0.5318    1.7324   21.3648   -4.6823  -13.2874   -9.2990
    3.7128   -0.4860    0.3881   41.9166    6.6354  -31.3986
eta,q 0.95438 33.18692
niter,ni,del,rscale     5    3    5.0000    0.8000
parameters
   -0.5967    2.2128   20.8877   -4.1967  -13.7120   -9.5580
    3.7459   -0.5448    0.1859   42.6546    7.0839  -32.0914
eta,q 0.95474 33.13416
  0.0472  0.0470  0.0459  0.0490  0.0468  0.0489  0.0466  0.0488  0.0461  0.0472  0.0462  0.0456
  0.0463  0.0464  0.0456  0.0475  0.0462  0.0474  0.0460  0.0471  0.0457  0.0464  0.0458  0.0454
  0.0457  0.0459  0.0454  0.0462  0.0457  0.0460  0.0456  0.0459  0.0455  0.0458  0.0455  0.0453
  0.0456  0.0456  0.0455  0.0454  0.0453  0.0454  0.0454  0.0454  0.0454  0.0454  0.0453  0.0453
  0.0459  0.0455  0.0458  0.0455  0.0455  0.0461  0.0455  0.0458  0.0455  0.0453  0.0453  0.0454
  0.0465  0.0456  0.0463  0.0463  0.0464  0.0476  0.0459  0.0471  0.0458  0.0456  0.0455  0.0456
  0.0475  0.0460  0.0470  0.0481  0.0479  0.0501  0.0466  0.0490  0.0462  0.0465  0.0460  0.0459
niter,ni,del,rscale     4    3    5.0000    0.7000
parameters
   -0.6266    2.4655   20.7833   -4.1186  -14.1143   -9.7142
    3.8688   -0.6532    0.0916   43.1478    7.3592  -32.4580
eta,q 0.95481 33.09383
  0.0466  0.0463  0.0459  0.0478  0.0464  0.0483  0.0462  0.0478  0.0458  0.0466  0.0459  0.0456
  0.0458  0.0458  0.0455  0.0466  0.0459  0.0469  0.0457  0.0465  0.0455  0.0460  0.0456  0.0453
  0.0454  0.0455  0.0453  0.0457  0.0455  0.0457  0.0454  0.0456  0.0453  0.0455  0.0453  0.0452
  0.0453  0.0453  0.0452  0.0452  0.0452  0.0453  0.0453  0.0452  0.0452  0.0453  0.0452  0.0452
  0.0455  0.0453  0.0454  0.0454  0.0454  0.0458  0.0453  0.0456  0.0453  0.0452  0.0452  0.0453
  0.0459  0.0454  0.0457  0.0463  0.0461  0.0470  0.0456  0.0466  0.0455  0.0455  0.0454  0.0455
  0.0467  0.0458  0.0461  0.0478  0.0473  0.0489  0.0462  0.0482  0.0459  0.0462  0.0458  0.0457
niter,ni,del,rscale     3    3    5.0000    0.6000
parameters
   -0.6571    2.6208   20.7049   -4.0619  -14.3265   -9.8292
    3.9417   -0.7358    0.0205   43.4240    7.5466  -32.7006
eta,q 0.95483 33.07265
  0.0461  0.0459  0.0457  0.0471  0.0462  0.0476  0.0459  0.0471  0.0456  0.0461  0.0457  0.0455
  0.0456  0.0456  0.0454  0.0462  0.0457  0.0464  0.0455  0.0461  0.0454  0.0457  0.0454  0.0453
  0.0453  0.0453  0.0452  0.0455  0.0454  0.0455  0.0453  0.0454  0.0452  0.0454  0.0453  0.0452
  0.0452  0.0452  0.0452  0.0452  0.0452  0.0452  0.0452  0.0452  0.0452  0.0452  0.0452  0.0452
  0.0453  0.0452  0.0453  0.0453  0.0453  0.0456  0.0452  0.0454  0.0452  0.0452  0.0452  0.0452
  0.0457  0.0454  0.0455  0.0460  0.0458  0.0466  0.0455  0.0462  0.0454  0.0454  0.0453  0.0454
  0.0462  0.0456  0.0458  0.0471  0.0466  0.0480  0.0459  0.0474  0.0456  0.0460  0.0456  0.0455
niter,ni,del,rscale     2    3    5.0000    0.5000
parameters
   -0.6861    2.6989   20.6599   -4.0086  -14.3780   -9.9079
    4.0121   -0.7957   -0.0516   43.6010    7.6808  -32.8375
eta,q 0.95485 33.06846
  0.0458  0.0456  0.0455  0.0466  0.0459  0.0470  0.0457  0.0466  0.0454  0.0458  0.0455  0.0454
  0.0454  0.0454  0.0453  0.0459  0.0456  0.0460  0.0454  0.0458  0.0453  0.0455  0.0453  0.0452
  0.0452  0.0452  0.0452  0.0454  0.0453  0.0454  0.0452  0.0453  0.0452  0.0453  0.0452  0.0452
  0.0452  0.0452  0.0452  0.0452  0.0452  0.0452  0.0452  0.0452  0.0452  0.0452  0.0452  0.0451
  0.0453  0.0452  0.0452  0.0453  0.0452  0.0455  0.0452  0.0453  0.0452  0.0452  0.0452  0.0452
  0.0455  0.0453  0.0454  0.0457  0.0455  0.0462  0.0454  0.0459  0.0453  0.0454  0.0453  0.0453
  0.0459  0.0455  0.0456  0.0465  0.0461  0.0472  0.0456  0.0467  0.0455  0.0457  0.0455  0.0454
niter,ni,del,rscale     1    3    5.0000    0.4000
parameters
   -0.7106    2.7125   20.6359   -3.9701  -14.3213   -9.9796
    4.0505   -0.8325   -0.1121   43.7272    7.7420  -32.9023
eta,q 0.95486 33.07512
  0.0456  0.0454  0.0454  0.0461  0.0457  0.0464  0.0455  0.0461  0.0453  0.0456  0.0454  0.0453
  0.0453  0.0453  0.0453  0.0456  0.0455  0.0457  0.0453  0.0456  0.0452  0.0454  0.0453  0.0452
  0.0452  0.0452  0.0452  0.0453  0.0453  0.0453  0.0452  0.0453  0.0452  0.0452  0.0452  0.0452
  0.0451  0.0451  0.0451  0.0451  0.0451  0.0451  0.0451  0.0451  0.0451  0.0451  0.0451  0.0451
  0.0452  0.0452  0.0452  0.0452  0.0452  0.0454  0.0452  0.0452  0.0452  0.0452  0.0452  0.0452
  0.0454  0.0453  0.0453  0.0455  0.0454  0.0458  0.0453  0.0456  0.0452  0.0453  0.0452  0.0452
  0.0456  0.0454  0.0454  0.0460  0.0457  0.0465  0.0455  0.0462  0.0454  0.0455  0.0454  0.0453
registration optimization eta report
parameter search radius
    0.8000    0.8000    0.8000    2.4000    2.4000    2.4000
    2.4000    2.4000    2.4000    2.4000    2.4000    2.4000
100000*second partial in parameter space
       69.       42.       42.       16.       10.       22.
        6.       17.        4.        7.        4.        3.
  0.0456  0.0454  0.0454  0.0461  0.0457  0.0464  0.0455  0.0461  0.0453  0.0456  0.0454  0.0453
  0.0453  0.0453  0.0453  0.0456  0.0455  0.0457  0.0453  0.0456  0.0452  0.0454  0.0453  0.0452
  0.0452  0.0452  0.0452  0.0453  0.0453  0.0453  0.0452  0.0453  0.0452  0.0452  0.0452  0.0452
  0.0451  0.0451  0.0451  0.0451  0.0451  0.0451  0.0451  0.0451  0.0451  0.0451  0.0451  0.0451
  0.0452  0.0452  0.0452  0.0452  0.0452  0.0454  0.0452  0.0452  0.0452  0.0452  0.0452  0.0452
  0.0454  0.0453  0.0453  0.0455  0.0454  0.0458  0.0453  0.0456  0.0452  0.0453  0.0452  0.0452
  0.0456  0.0454  0.0454  0.0460  0.0457  0.0465  0.0455  0.0462  0.0454  0.0455  0.0454  0.0453
   -0.7106    2.7125   20.6359   -3.9701  -14.3213   -9.9796
    4.0505   -0.8325   -0.1121   43.7272    7.7420  -32.9023
eta,q 0.95486 33.07512

---------------------------------------------------------------------
imgreg_4dfp /opt/freesurfer/average/711-2C_as_mni_average_305 /opt/freesurfer/average/711-2B_as_mni_average_305_mask talsrcimg_g11 none talsrcimg_to_711-2C_as_mni_average_305_t4 2311
---------------------------------------------------------------------

freesurfer imgreg_4dfp.c
/opt/freesurfer/average/711-2C_as_mni_average_305.4dfp.img
       256       256       256         1
  1.000000  1.000000  1.000000
orientation T byte_order littleendian
Reading image: /opt/freesurfer/average/711-2C_as_mni_average_305.4dfp.img
dimensions:      256       256       256
mmppix:       1.0000   -1.0000   -1.0000
center:     128.0000 -129.0000 -129.0000
/opt/freesurfer/average/711-2B_as_mni_average_305_mask.4dfp.img
       256       256       256         1
  1.000000  1.000000  1.000000
orientation T byte_order littleendian
Reading mask: /opt/freesurfer/average/711-2B_as_mni_average_305_mask.4dfp.img (2306576 pixels)
talsrcimg_g11.4dfp.img
       320       320       320         1
  0.800000  0.800000  0.800000
orientation T byte_order littleendian
Reading image: talsrcimg_g11.4dfp.img
dimensions:      320       320       320
mmppix:       0.8000   -0.8000   -0.8000
center:     128.0000 -128.8000 -128.8000
fimgreg.f
image alignment mode   2311 decimal      907 hex
parameters
   -0.7106    2.7125   20.6359   -3.9701  -14.3213   -9.9796
    4.0505   -0.8325   -0.1121   43.7272    7.7420  -32.9023
eta,q 0.95486 33.07514
niter,ni,del,rscale     5    3    5.0000    0.8000
parameters
   -0.6874    2.6732   20.6032   -4.1978  -14.7255  -10.1496
    4.1170   -0.8984   -0.0137   43.7301    7.7298  -32.7439
eta,q 0.95480 33.01394
  0.0470  0.0462  0.0461  0.0480  0.0467  0.0489  0.0464  0.0486  0.0460  0.0467  0.0460  0.0458
  0.0459  0.0456  0.0456  0.0466  0.0460  0.0473  0.0458  0.0468  0.0455  0.0460  0.0456  0.0455
  0.0453  0.0452  0.0453  0.0455  0.0455  0.0458  0.0454  0.0456  0.0453  0.0455  0.0453  0.0453
  0.0451  0.0451  0.0451  0.0451  0.0452  0.0452  0.0452  0.0452  0.0452  0.0452  0.0452  0.0452
  0.0453  0.0453  0.0453  0.0455  0.0454  0.0458  0.0453  0.0456  0.0453  0.0453  0.0453  0.0453
  0.0459  0.0457  0.0456  0.0468  0.0462  0.0473  0.0457  0.0469  0.0455  0.0458  0.0456  0.0454
  0.0468  0.0463  0.0462  0.0489  0.0477  0.0498  0.0464  0.0488  0.0459  0.0469  0.0461  0.0457
niter,ni,del,rscale     4    3    5.0000    0.7000
parameters
   -0.7069    2.8236   20.4526   -4.1014  -14.8346  -10.2109
    4.1107   -0.9154    0.0393   43.7601    7.7376  -32.8230
eta,q 0.95483 32.98636
  0.0465  0.0461  0.0458  0.0477  0.0465  0.0483  0.0461  0.0479  0.0458  0.0463  0.0458  0.0456
  0.0457  0.0457  0.0454  0.0465  0.0459  0.0469  0.0456  0.0465  0.0454  0.0458  0.0455  0.0454
  0.0453  0.0453  0.0452  0.0456  0.0455  0.0457  0.0453  0.0455  0.0453  0.0454  0.0453  0.0452
  0.0452  0.0452  0.0452  0.0452  0.0452  0.0452  0.0452  0.0452  0.0452  0.0452  0.0452  0.0452
  0.0454  0.0452  0.0453  0.0454  0.0453  0.0457  0.0453  0.0455  0.0452  0.0452  0.0452  0.0452
  0.0458  0.0454  0.0457  0.0462  0.0458  0.0468  0.0456  0.0465  0.0454  0.0456  0.0455  0.0454
  0.0465  0.0458  0.0461  0.0477  0.0469  0.0487  0.0461  0.0479  0.0457  0.0464  0.0459  0.0456
niter,ni,del,rscale     3    3    5.0000    0.6000
parameters
   -0.7306    2.9017   20.4222   -4.0211  -14.8456  -10.1996
    4.1009   -0.9340    0.0637   43.7804    7.7600  -32.8910
eta,q 0.95483 32.98484
  0.0461  0.0458  0.0457  0.0471  0.0462  0.0477  0.0459  0.0472  0.0456  0.0460  0.0457  0.0455
  0.0456  0.0455  0.0454  0.0462  0.0458  0.0465  0.0455  0.0461  0.0454  0.0456  0.0454  0.0453
  0.0453  0.0453  0.0452  0.0455  0.0454  0.0456  0.0453  0.0454  0.0452  0.0453  0.0452  0.0452
  0.0452  0.0452  0.0452  0.0452  0.0452  0.0452  0.0452  0.0452  0.0452  0.0452  0.0452  0.0452
  0.0453  0.0452  0.0453  0.0453  0.0452  0.0455  0.0452  0.0454  0.0452  0.0452  0.0452  0.0452
  0.0456  0.0454  0.0455  0.0459  0.0456  0.0464  0.0455  0.0461  0.0453  0.0455  0.0454  0.0453
  0.0462  0.0457  0.0458  0.0471  0.0464  0.0477  0.0459  0.0473  0.0456  0.0461  0.0457  0.0455
niter,ni,del,rscale     2    3    5.0000    0.5000
parameters
   -0.7503    2.9196   20.4411   -3.9647  -14.7671  -10.1727
    4.0927   -0.9427    0.0400   43.7978    7.7916  -32.9387
eta,q 0.95484 32.99871
  0.0458  0.0456  0.0456  0.0466  0.0460  0.0471  0.0456  0.0466  0.0455  0.0457  0.0455  0.0454
  0.0454  0.0454  0.0454  0.0459  0.0456  0.0461  0.0454  0.0458  0.0453  0.0454  0.0453  0.0453
  0.0452  0.0452  0.0452  0.0454  0.0453  0.0454  0.0452  0.0454  0.0452  0.0452  0.0452  0.0452
  0.0452  0.0452  0.0452  0.0452  0.0452  0.0452  0.0452  0.0452  0.0452  0.0452  0.0452  0.0452
  0.0453  0.0452  0.0452  0.0453  0.0452  0.0454  0.0452  0.0453  0.0452  0.0452  0.0452  0.0452
  0.0455  0.0453  0.0453  0.0457  0.0455  0.0461  0.0454  0.0458  0.0453  0.0454  0.0453  0.0453
  0.0459  0.0456  0.0456  0.0465  0.0460  0.0470  0.0457  0.0466  0.0455  0.0458  0.0455  0.0454
niter,ni,del,rscale     1    3    5.0000    0.4000
parameters
   -0.7607    2.8855   20.4832   -3.9294  -14.6206  -10.1517
    4.0942   -0.9413   -0.0257   43.8415    7.8267  -32.9797
eta,q 0.95485 33.02345
  0.0456  0.0454  0.0455  0.0461  0.0458  0.0465  0.0455  0.0461  0.0453  0.0455  0.0454  0.0453
  0.0453  0.0453  0.0453  0.0456  0.0455  0.0458  0.0453  0.0456  0.0452  0.0453  0.0453  0.0452
  0.0452  0.0452  0.0452  0.0453  0.0453  0.0453  0.0452  0.0453  0.0452  0.0452  0.0452  0.0452
  0.0452  0.0452  0.0452  0.0452  0.0452  0.0451  0.0451  0.0451  0.0451  0.0451  0.0452  0.0451
  0.0452  0.0452  0.0452  0.0452  0.0452  0.0453  0.0452  0.0452  0.0452  0.0452  0.0452  0.0452
  0.0454  0.0453  0.0453  0.0455  0.0453  0.0458  0.0453  0.0456  0.0452  0.0453  0.0453  0.0452
  0.0456  0.0454  0.0454  0.0461  0.0457  0.0464  0.0455  0.0461  0.0454  0.0455  0.0454  0.0453
registration optimization eta report
parameter search radius
    0.8000    0.8000    0.8000    2.4000    2.4000    2.4000
    2.4000    2.4000    2.4000    2.4000    2.4000    2.4000
100000*second partial in parameter space
       68.       41.       41.       16.       10.       22.
        6.       17.        3.        7.        4.        3.
  0.0456  0.0454  0.0455  0.0461  0.0458  0.0465  0.0455  0.0461  0.0453  0.0455  0.0454  0.0453
  0.0453  0.0453  0.0453  0.0456  0.0455  0.0458  0.0453  0.0456  0.0452  0.0453  0.0453  0.0452
  0.0452  0.0452  0.0452  0.0453  0.0453  0.0453  0.0452  0.0453  0.0452  0.0452  0.0452  0.0452
  0.0452  0.0452  0.0452  0.0452  0.0452  0.0451  0.0451  0.0451  0.0451  0.0451  0.0452  0.0451
  0.0452  0.0452  0.0452  0.0452  0.0452  0.0453  0.0452  0.0452  0.0452  0.0452  0.0452  0.0452
  0.0454  0.0453  0.0453  0.0455  0.0453  0.0458  0.0453  0.0456  0.0452  0.0453  0.0453  0.0452
  0.0456  0.0454  0.0454  0.0461  0.0457  0.0464  0.0455  0.0461  0.0454  0.0455  0.0454  0.0453
   -0.7607    2.8855   20.4832   -3.9294  -14.6206  -10.1517
    4.0942   -0.9413   -0.0257   43.8415    7.8267  -32.9797
eta,q 0.95485 33.02345

---------------------------------------------------------------------
compute_vox2vox talsrcimg talsrcimg_to_711-2C_as_mni_average_305_t4 /opt/freesurfer/average/711-2C_as_mni_average_305
---------------------------------------------------------------------

freesurfer compute_vox2vox.c
Reading: talsrcimg.4dfp.ifh
Reading: talsrcimg_to_711-2C_as_mni_average_305_t4
Reading: /opt/freesurfer/average/711-2C_as_mni_average_305.4dfp.ifh
Writing: talsrcimg_to_711-2C_as_mni_average_305_t4_vox2vox.txt

start time Wed Oct 11 19:54:21 UTC 2023
end		time Wed Oct 11 19:55:00 UTC 2023

mpr2mni305 success

avi2talxfm orig_nu.mgz /opt/freesurfer/average/mni305.cor.mgz talsrcimg_to_711-2C_as_mni_average_305_t4_vox2vox.txt transforms/talairach.auto.xfm
avi2talxfm done
mv -f /localscratch/bpinsard.41510479.0/freesurfer_template_autoreconall_sub02.job/sub-02/mri/talsrcimg_to_711-2C_as_mni_average_305_t4_vox2vox.txt /localscratch/bpinsard.41510479.0/freesurfer_template_autoreconall_sub02.job/sub-02/mri/transforms/talsrcimg_to_711-2C_as_mni_average_305_t4_vox2vox.txt
lta_convert --src orig_nu.mgz --trg /opt/freesurfer/average/mni305.cor.mgz --inxfm transforms/talairach.auto.xfm --outlta transforms/talairach.auto.xfm.lta --subject fsaverage
7.4.1

--src: orig_nu.mgz src image (geometry).
--trg: /opt/freesurfer/average/mni305.cor.mgz trg image (geometry).
--inmni: transforms/talairach.auto.xfm input MNI/XFM transform.
--outlta: transforms/talairach.auto.xfm.lta output LTA.
--s: fsaverage subject name
 LTA read, type : 1
 1.03848   0.02960  -0.03836  -1.08402;
-0.07602   0.93431   0.36454  -18.71201;
 0.03935  -0.47975   0.98404   8.65811;
 0.00000   0.00000   0.00000   1.00000;
setting subject to fsaverage
Writing  LTA to file transforms/talairach.auto.xfm.lta...
lta_convert successful.
 
 
Started at Wed Oct 11 19:54:20 UTC 2023
Ended   at Wed Oct 11 19:55:00 UTC 2023
talairach_avi done
