status file for recon-all
Thu Oct  5 12:20:19 UTC 2023
#@# MotionCor Thu Oct  5 12:20:26 UTC 2023
#@# Talairach Thu Oct  5 12:20:39 UTC 2023
#@# Talairach Failure Detection Thu Oct  5 12:30:01 UTC 2023
#@# Nu Intensity Correction Thu Oct  5 12:30:01 UTC 2023
#@# Intensity Normalization Thu Oct  5 12:39:29 UTC 2023
#@# Skull Stripping Thu Oct  5 12:46:25 UTC 2023
recon-all -s sub-05_ses-004 finished without error at Thu Oct  5 12:51:13 UTC 2023



#New# invocation of recon-all 



status file for recon-all
Thu Oct  5 13:15:38 UTC 2023
#@# EM Registration Thu Oct  5 13:15:38 UTC 2023
#@# CA Normalize Thu Oct  5 13:19:26 UTC 2023
#@# CA Reg Thu Oct  5 13:22:52 UTC 2023
#@# SubCort Seg Thu Oct  5 14:27:43 UTC 2023
#@# CC Seg Thu Oct  5 16:00:25 UTC 2023
#@# Merge ASeg Thu Oct  5 16:02:29 UTC 2023
#@# Intensity Normalization2 Thu Oct  5 16:02:29 UTC 2023
#@# Mask BFS Thu Oct  5 16:09:57 UTC 2023
#@# WM Segmentation Thu Oct  5 16:09:59 UTC 2023
#@# Fill Thu Oct  5 16:17:46 UTC 2023
#@# Tessellate lh Thu Oct  5 16:20:15 UTC 2023
#@# Tessellate rh Thu Oct  5 16:20:24 UTC 2023
#@# Smooth1 lh Thu Oct  5 16:20:34 UTC 2023
#@# Smooth1 rh Thu Oct  5 16:20:39 UTC 2023
#@# Inflation1 lh Thu Oct  5 16:20:45 UTC 2023
#@# Inflation1 rh Thu Oct  5 16:21:12 UTC 2023
#@# QSphere lh Thu Oct  5 16:21:41 UTC 2023
#@# QSphere rh Thu Oct  5 16:24:00 UTC 2023
#@# Fix Topology lh Thu Oct  5 16:26:14 UTC 2023
#@# Fix Topology rh Thu Oct  5 16:28:36 UTC 2023
#@# Smooth2 lh Thu Oct  5 16:46:13 UTC 2023
#@# Smooth2 rh Thu Oct  5 16:46:19 UTC 2023
#@# Inflation2 lh Thu Oct  5 16:46:25 UTC 2023
#@# Inflation2 rh Thu Oct  5 16:46:55 UTC 2023
#@# Curv .H and .K lh Thu Oct  5 16:47:27 UTC 2023
#@# Curv .H and .K rh Thu Oct  5 16:49:11 UTC 2023
recon-all -s sub-05_ses-004 finished without error at Thu Oct  5 16:50:58 UTC 2023
