status file for recon-all
Thu Oct  5 12:01:39 UTC 2023
#@# MotionCor Thu Oct  5 12:01:46 UTC 2023
#@# Talairach Thu Oct  5 12:01:59 UTC 2023
#@# Talairach Failure Detection Thu Oct  5 12:11:23 UTC 2023
#@# Nu Intensity Correction Thu Oct  5 12:11:23 UTC 2023
#@# Intensity Normalization Thu Oct  5 12:20:51 UTC 2023
#@# Skull Stripping Thu Oct  5 12:27:24 UTC 2023
recon-all -s sub-03_ses-003 finished without error at Thu Oct  5 12:31:50 UTC 2023



#New# invocation of recon-all 



status file for recon-all
Thu Oct  5 12:57:12 UTC 2023
#@# EM Registration Thu Oct  5 12:57:12 UTC 2023
#@# CA Normalize Thu Oct  5 13:02:19 UTC 2023
#@# CA Reg Thu Oct  5 13:05:50 UTC 2023
#@# SubCort Seg Thu Oct  5 14:19:02 UTC 2023
#@# CC Seg Thu Oct  5 16:03:25 UTC 2023
#@# Merge ASeg Thu Oct  5 16:05:01 UTC 2023
#@# Intensity Normalization2 Thu Oct  5 16:05:01 UTC 2023
#@# Mask BFS Thu Oct  5 16:12:57 UTC 2023
#@# WM Segmentation Thu Oct  5 16:12:59 UTC 2023
#@# Fill Thu Oct  5 16:21:10 UTC 2023
#@# Tessellate lh Thu Oct  5 16:23:46 UTC 2023
#@# Tessellate rh Thu Oct  5 16:23:55 UTC 2023
#@# Smooth1 lh Thu Oct  5 16:24:04 UTC 2023
#@# Smooth1 rh Thu Oct  5 16:24:10 UTC 2023
#@# Inflation1 lh Thu Oct  5 16:24:17 UTC 2023
#@# Inflation1 rh Thu Oct  5 16:24:50 UTC 2023
#@# QSphere lh Thu Oct  5 16:25:25 UTC 2023
#@# QSphere rh Thu Oct  5 16:28:03 UTC 2023
#@# Fix Topology lh Thu Oct  5 16:31:06 UTC 2023
#@# Fix Topology rh Thu Oct  5 16:32:22 UTC 2023
#@# Smooth2 lh Thu Oct  5 17:03:51 UTC 2023
#@# Smooth2 rh Thu Oct  5 17:03:59 UTC 2023
#@# Inflation2 lh Thu Oct  5 17:04:06 UTC 2023
#@# Inflation2 rh Thu Oct  5 17:04:47 UTC 2023
#@# Curv .H and .K lh Thu Oct  5 17:05:29 UTC 2023
#@# Curv .H and .K rh Thu Oct  5 17:07:29 UTC 2023
recon-all -s sub-03_ses-003 finished without error at Thu Oct  5 17:09:33 UTC 2023
