status file for recon-all
Sat Oct 14 06:53:36 UTC 2023
#@# MotionCor Sat Oct 14 06:54:18 UTC 2023
#@# Talairach Sat Oct 14 06:54:18 UTC 2023
#@# Talairach Failure Detection Sat Oct 14 06:54:20 UTC 2023
#@# Nu Intensity Correction Sat Oct 14 06:54:20 UTC 2023
#@# Intensity Normalization Sat Oct 14 07:04:01 UTC 2023
#@# Skull Stripping Sat Oct 14 07:18:45 UTC 2023
#@# EM Registration Sat Oct 14 07:18:51 UTC 2023
#@# CA Normalize Sat Oct 14 07:18:51 UTC 2023
#@# CA Reg Sat Oct 14 07:23:07 UTC 2023
#@# SubCort Seg Sat Oct 14 07:49:45 UTC 2023
#@# CC Seg Sat Oct 14 08:02:34 UTC 2023
#@# Merge ASeg Sat Oct 14 08:13:19 UTC 2023
#@# Intensity Normalization2 Sat Oct 14 08:13:19 UTC 2023
#@# Mask BFS Sat Oct 14 08:20:27 UTC 2023
#@# WM Segmentation Sat Oct 14 08:20:34 UTC 2023
#@# Smooth2 lh Sat Oct 14 08:42:14 UTC 2023
#@# Smooth2 rh Sat Oct 14 08:42:21 UTC 2023
#@# Inflation2 lh Sat Oct 14 08:42:29 UTC 2023
#@# Inflation2 rh Sat Oct 14 08:43:01 UTC 2023
#@# Curv .H and .K lh Sat Oct 14 08:43:36 UTC 2023
#@# Curv .H and .K rh Sat Oct 14 08:45:34 UTC 2023
#@# Sphere lh Sat Oct 14 08:47:34 UTC 2023
#@# Sphere rh Sat Oct 14 08:47:34 UTC 2023
#@# Surf Reg lh Sat Oct 14 08:47:34 UTC 2023
#@# Surf Reg rh Sat Oct 14 08:52:14 UTC 2023
#@# Jacobian white lh Sat Oct 14 08:56:54 UTC 2023
#@# Jacobian white rh Sat Oct 14 08:56:56 UTC 2023
#@# AvgCurv lh Sat Oct 14 08:56:59 UTC 2023
#@# AvgCurv rh Sat Oct 14 08:57:01 UTC 2023
#@# Cortical Parc lh Sat Oct 14 08:57:03 UTC 2023
#@# Cortical Parc rh Sat Oct 14 08:57:24 UTC 2023
#@# white curv lh Sat Oct 14 09:18:40 UTC 2023
#@# white area lh Sat Oct 14 09:18:44 UTC 2023
#@# pial curv lh Sat Oct 14 09:18:46 UTC 2023
#@# pial area lh Sat Oct 14 09:18:50 UTC 2023
#@# thickness lh Sat Oct 14 09:18:52 UTC 2023
#@# area and vertex vol lh Sat Oct 14 09:20:13 UTC 2023
#@# white curv rh Sat Oct 14 09:20:18 UTC 2023
#@# white area rh Sat Oct 14 09:20:22 UTC 2023
#@# pial curv rh Sat Oct 14 09:20:24 UTC 2023
#@# pial area rh Sat Oct 14 09:20:29 UTC 2023
#@# thickness rh Sat Oct 14 09:20:30 UTC 2023
#@# area and vertex vol rh Sat Oct 14 09:21:53 UTC 2023
#@# Curvature Stats lh Sat Oct 14 09:21:57 UTC 2023
#@# Curvature Stats rh Sat Oct 14 09:22:04 UTC 2023
#@# Cortical ribbon mask Sat Oct 14 09:22:11 UTC 2023
#@# Cortical Parc 2 lh Sat Oct 14 10:13:08 UTC 2023
#@# Cortical Parc 2 rh Sat Oct 14 10:13:34 UTC 2023
#@# Cortical Parc 3 lh Sat Oct 14 10:14:02 UTC 2023
#@# Cortical Parc 3 rh Sat Oct 14 10:14:24 UTC 2023
#@# WM/GM Contrast lh Sat Oct 14 10:14:46 UTC 2023
#@# WM/GM Contrast rh Sat Oct 14 10:14:55 UTC 2023
#@# Relabel Hypointensities Sat Oct 14 10:15:04 UTC 2023
#@# APas-to-ASeg Sat Oct 14 10:15:54 UTC 2023
#@# AParc-to-ASeg aparc Sat Oct 14 10:16:31 UTC 2023
#@# AParc-to-ASeg aparc.a2009s Sat Oct 14 10:22:03 UTC 2023
#@# AParc-to-ASeg aparc.DKTatlas Sat Oct 14 10:27:34 UTC 2023
#@# WMParc Sat Oct 14 10:33:04 UTC 2023
#@# Parcellation Stats lh Sat Oct 14 10:41:11 UTC 2023
#@# Parcellation Stats rh Sat Oct 14 10:42:49 UTC 2023
#@# Parcellation Stats 2 lh Sat Oct 14 10:44:29 UTC 2023
#@# Parcellation Stats 2 rh Sat Oct 14 10:45:22 UTC 2023
#@# Parcellation Stats 3 lh Sat Oct 14 10:46:15 UTC 2023
#@# Parcellation Stats 3 rh Sat Oct 14 10:47:04 UTC 2023
#@# ASeg Stats Sat Oct 14 10:47:54 UTC 2023
#@# BA_exvivo Labels lh Sat Oct 14 10:49:45 UTC 2023
#@# BA_exvivo Labels rh Sat Oct 14 10:56:57 UTC 2023
recon-all -s sub-01_ses-012.long.sub-01 finished without error at Sat Oct 14 11:04:05 UTC 2023
