status file for recon-all
Thu Oct  5 11:18:37 UTC 2023
#@# MotionCor Thu Oct  5 11:18:44 UTC 2023
#@# Talairach Thu Oct  5 11:18:59 UTC 2023
#@# Talairach Failure Detection Thu Oct  5 11:28:26 UTC 2023
#@# Talairach Thu Oct  5 11:28:26 UTC 2023
#@# Talairach Failure Detection Thu Oct  5 11:37:25 UTC 2023
#@# Nu Intensity Correction Thu Oct  5 11:37:26 UTC 2023
#@# Intensity Normalization Thu Oct  5 11:46:58 UTC 2023
#@# Skull Stripping Thu Oct  5 11:53:33 UTC 2023
recon-all -s sub-01_ses-008 finished without error at Thu Oct  5 12:00:03 UTC 2023



#New# invocation of recon-all 



status file for recon-all
Thu Oct  5 12:24:47 UTC 2023
#@# EM Registration Thu Oct  5 12:24:47 UTC 2023
#@# CA Normalize Thu Oct  5 12:28:45 UTC 2023
#@# CA Reg Thu Oct  5 12:32:20 UTC 2023
#@# SubCort Seg Thu Oct  5 13:44:52 UTC 2023
#@# CC Seg Thu Oct  5 15:32:58 UTC 2023
#@# Merge ASeg Thu Oct  5 15:38:08 UTC 2023
#@# Intensity Normalization2 Thu Oct  5 15:38:08 UTC 2023
#@# Mask BFS Thu Oct  5 15:45:41 UTC 2023
#@# WM Segmentation Thu Oct  5 15:45:43 UTC 2023
#@# Fill Thu Oct  5 15:54:14 UTC 2023
#@# Tessellate lh Thu Oct  5 15:56:59 UTC 2023
#@# Tessellate rh Thu Oct  5 15:57:08 UTC 2023
#@# Smooth1 lh Thu Oct  5 15:57:17 UTC 2023
#@# Smooth1 rh Thu Oct  5 15:57:23 UTC 2023
#@# Inflation1 lh Thu Oct  5 15:57:29 UTC 2023
#@# Inflation1 rh Thu Oct  5 15:58:00 UTC 2023
#@# QSphere lh Thu Oct  5 15:58:30 UTC 2023
#@# QSphere rh Thu Oct  5 16:00:54 UTC 2023
#@# Fix Topology lh Thu Oct  5 16:03:34 UTC 2023
#@# Fix Topology rh Thu Oct  5 16:08:13 UTC 2023
#@# Smooth2 lh Thu Oct  5 16:26:34 UTC 2023
#@# Smooth2 rh Thu Oct  5 16:26:41 UTC 2023
#@# Inflation2 lh Thu Oct  5 16:26:48 UTC 2023
#@# Inflation2 rh Thu Oct  5 16:27:22 UTC 2023
#@# Curv .H and .K lh Thu Oct  5 16:27:59 UTC 2023
#@# Curv .H and .K rh Thu Oct  5 16:29:52 UTC 2023
recon-all -s sub-01_ses-008 finished without error at Thu Oct  5 16:31:46 UTC 2023
