Logfile for bbregister
Sun Oct  8 04:49:17 UTC 2023

setenv SUBJECTS_DIR /localscratch/bpinsard.41451852.0/freesurfer_crosssectional_autorecon3_sub03_ses002.job
cd /localscratch/bpinsard.41451852.0/freesurfer_crosssectional_autorecon3_sub03_ses002.job/sub-03_ses-002/scripts
/opt/freesurfer/bin/bbregister --s sub-03_ses-002 --mov /localscratch/bpinsard.41451852.0/freesurfer_crosssectional_autorecon3_sub03_ses002.job/sub-03_ses-002/mri/orig/T2raw.mgz --lta /localscratch/bpinsard.41451852.0/freesurfer_crosssectional_autorecon3_sub03_ses002.job/sub-03_ses-002/mri/transforms/T2raw.auto.lta --init-coreg --T2 --gm-proj-abs 2 --wm-proj-abs 1 --no-coreg-ref-mask

bbregister 7.4.1
Linux bc12148.int.ets1.calculquebec.ca 3.10.0-1160.90.1.el7.x86_64 #1 SMP Thu May 4 15:21:22 UTC 2023 x86_64 x86_64 x86_64 GNU/Linux
FREESURFER_HOME /opt/freesurfer
mri_convert /localscratch/bpinsard.41451852.0/freesurfer_crosssectional_autorecon3_sub03_ses002.job/sub-03_ses-002/mri/orig/T2raw.mgz /localscratch/bpinsard.41451852.0/freesurfer_crosssectional_autorecon3_sub03_ses002.job/sub-03_ses-002/mri/transforms/tmp.bbregister.192664/template.nii
mri_convert /localscratch/bpinsard.41451852.0/freesurfer_crosssectional_autorecon3_sub03_ses002.job/sub-03_ses-002/mri/orig/T2raw.mgz /localscratch/bpinsard.41451852.0/freesurfer_crosssectional_autorecon3_sub03_ses002.job/sub-03_ses-002/mri/transforms/tmp.bbregister.192664/template.nii 
reading from /localscratch/bpinsard.41451852.0/freesurfer_crosssectional_autorecon3_sub03_ses002.job/sub-03_ses-002/mri/orig/T2raw.mgz...
TR=0.00, TE=0.00, TI=0.00, flip angle=0.00
i_ras = (1, 0, 0)
j_ras = (0, 1, 0)
k_ras = (0, 0, 1)
writing to /localscratch/bpinsard.41451852.0/freesurfer_crosssectional_autorecon3_sub03_ses002.job/sub-03_ses-002/mri/transforms/tmp.bbregister.192664/template.nii...
mri_coreg --s sub-03_ses-002 --mov /localscratch/bpinsard.41451852.0/freesurfer_crosssectional_autorecon3_sub03_ses002.job/sub-03_ses-002/mri/transforms/tmp.bbregister.192664/template.nii --regdat /localscratch/bpinsard.41451852.0/freesurfer_crosssectional_autorecon3_sub03_ses002.job/sub-03_ses-002/mri/transforms/tmp.bbregister.192664/reg.init.dat --reg /localscratch/bpinsard.41451852.0/freesurfer_crosssectional_autorecon3_sub03_ses002.job/sub-03_ses-002/mri/transforms/tmp.bbregister.192664/mri_coreg.lta --nthreads 4 --dof 6 --sep 4 --ftol .0001 --linmintol .01 --no-ref-mask

$Id: mri_coreg.c,v 1.27 2016/04/30 15:11:49 greve Exp $
cwd /localscratch/bpinsard.41451852.0/freesurfer_crosssectional_autorecon3_sub03_ses002.job/sub-03_ses-002/scripts
cmdline mri_coreg --s sub-03_ses-002 --mov /localscratch/bpinsard.41451852.0/freesurfer_crosssectional_autorecon3_sub03_ses002.job/sub-03_ses-002/mri/transforms/tmp.bbregister.192664/template.nii --regdat /localscratch/bpinsard.41451852.0/freesurfer_crosssectional_autorecon3_sub03_ses002.job/sub-03_ses-002/mri/transforms/tmp.bbregister.192664/reg.init.dat --reg /localscratch/bpinsard.41451852.0/freesurfer_crosssectional_autorecon3_sub03_ses002.job/sub-03_ses-002/mri/transforms/tmp.bbregister.192664/mri_coreg.lta --nthreads 4 --dof 6 --sep 4 --ftol .0001 --linmintol .01 --no-ref-mask 
sysname  Linux
hostname bc12148.int.ets1.calculquebec.ca
machine  x86_64
user     bpinsard
dof    6
nsep    1
cras0    1
ftol    0.000100
linmintol    0.010000
bf       1
bflim    30.000000
bfnsamp    30
SmoothRef 0
SatPct    99.990000
MovOOB 0
optschema 1
Seed 53
Reading in mov /localscratch/bpinsard.41451852.0/freesurfer_crosssectional_autorecon3_sub03_ses002.job/sub-03_ses-002/mri/transforms/tmp.bbregister.192664/template.nii
Reading in ref /localscratch/bpinsard.41451852.0/freesurfer_crosssectional_autorecon3_sub03_ses002.job/sub-03_ses-002/mri/brainmask.mgz
Setting cras translation parameters to align volume centers
Init matrix params -0.8000  0.0000 -0.8000  0.0000  0.0000  0.0000  1.0000  1.0000  1.0000  0.0000  0.0000  0.0000 
Initial Matrix (RAS2RAS)
 1.00000   0.00000   0.00000   0.80000;
 0.00000   1.00000   0.00000   0.00000;
 0.00000   0.00000   1.00000   0.80000;
 0.00000   0.00000   0.00000   1.00000;
Initial parameters to be opt -0.8000  0.0000 -0.8000  0.0000  0.0000  0.0000 
Creating random numbers for coordinate dithering
Performing intensity dithering
Performing intensity dithering on mov with computed dither
Separation list (1):  4   min = 4
DoSmoothing 1
DoCoordDither 1
DoIntensityDither 1
nitersmax 4
ftol 1.000e-04
linmintol 1.000e-02
SatPct 99.990000
Hist FWHM 7.000000 7.000000
nthreads 4
movsat = 3461.0500
mov gstd 1.9140 1.9140 1.9140
Smoothing mov
refsat = 141.0000
ref gstd 1.9140 1.9140 1.9140
Smoothing ref
COREGpreproc() done
Testing if mov and target overlap
Init cost   -1.0357549186
nhits = 309411 out of 32768000, Percent Overlap:  60.4
Initial  RefRAS-to-MovRAS
 1.00000   0.00000   0.00000  -0.80000;
 0.00000   1.00000   0.00000   0.00000;
 0.00000   0.00000   1.00000  -0.80000;
 0.00000   0.00000   0.00000   1.00000;
Initial  RefVox-to-MovVox
-1.00000   0.00000   0.00000   263.00000;
 0.00000   0.00000   0.99999  -9.99911;
 0.00000  -0.99999   0.00000   318.99908;
 0.00000   0.00000   0.00000   1.00000;
sep = 4 -----------------------------------
COREGoptBruteForce() 30 1 30
Turning on MovOOB for BruteForce Search
#BF# sep= 4 iter=0 lim=30.0 delta=2.00  -0.80000   0.00000   3.20000   2.00000   0.00000   0.00000   -1.0324557
Turning  MovOOB back off after brute force search


---------------------------------
Init Powel Params dof = 6: -0.799995 0.000000 3.200005 2.000000 0.000000 0.000000 
Starting OpenPowel2(), sep = 4
InitialCost        -1.0364670753 
#@#  4  188  -0.80000 0.00000 3.20000 2.00000 0.00000 0.00000   -1.0364671
fs_powell::minimize
  nparams 6
  maxfev 4
  ftol   0.000100
  linmin_xtol_   0.010000
  powell nthiter 0: fret = -1.036467
#@#  4  190  0.20000 0.00000 3.20000 2.00000 0.00000 0.00000   -1.0367490
#@#  4  203  0.20000 -0.21892 3.20000 2.00000 0.00000 0.00000   -1.0367556
#@#  4  215  0.20000 -0.18783 2.90786 2.00000 0.00000 0.00000   -1.0367689
#@#  4  222  0.20000 -0.18783 2.89786 1.38197 0.00000 0.00000   -1.0368072
#@#  4  224  0.20000 -0.18783 2.89786 1.29640 0.00000 0.00000   -1.0368079
#@#  4  246  0.20000 -0.18783 2.89786 1.29640 0.01000 0.02387   -1.0368080
  powell nthiter 1: fret = -1.036808
#@#  4  276  0.23000 -0.18783 2.65535 1.29640 0.01000 0.01387   -1.0368168
#@#  4  285  0.23000 -0.18783 2.66535 1.11302 0.01000 0.01387   -1.0368201
#@#  4  286  0.23000 -0.18783 2.66535 1.10171 0.01000 0.01387   -1.0368202
#@#  4  296  0.23000 -0.18783 2.66535 1.10171 -0.05389 0.01387   -1.0368205
#@#  4  297  0.23000 -0.18783 2.66535 1.10171 -0.04389 0.01387   -1.0368207
#@#  4  305  0.23000 -0.18783 2.66535 1.10171 -0.04389 0.06492   -1.0368209
Powell done niters total = 1
OptTimeSec 12.1 sec
OptTimeMin  0.20 min
nEvals 309
Final optimized parameters   0.23000458  -0.18783200   2.66534805   1.10170555  -0.04388594   0.06492183 
Final matrix parameters  0.2300 -0.1878  2.6653  1.1017 -0.0439  0.0834  1.0000  1.0000  1.0000  0.0000  0.0000  0.0000 
Final cost   -1.036820853409058
 

---------------------------------
Final  RefRAS-to-MovRAS
 1.00000   0.00113  -0.00077   0.23000;
-0.00112   0.99981   0.01923  -0.18783;
 0.00079  -0.01923   0.99981   2.66535;
 0.00000   0.00000   0.00000   1.00000;
Final  RefVox-to-MovVox
-1.00000   0.00077   0.00113   264.02008;
 0.00112  -0.01923   0.99981  -7.46005;
-0.00079  -0.99981  -0.01923   325.98447;
 0.00000   0.00000   0.00000   1.00000;
Final matrix parameters  0.2300 -0.1878  2.6653  1.1017 -0.0439  0.0649  0.0000  0.0000  0.0000  0.0000  0.0000  0.0000 
Final opt parameters  0.2300 -0.1878  2.6653  1.1017 -0.0439  0.0649 
nhits = 305748 out of 32768000, Percent Overlap:  59.7
mri_coreg RunTimeSec 106.5 sec
To check run:
   tkregisterfv --mov /localscratch/bpinsard.41451852.0/freesurfer_crosssectional_autorecon3_sub03_ses002.job/sub-03_ses-002/mri/transforms/tmp.bbregister.192664/template.nii --targ /localscratch/bpinsard.41451852.0/freesurfer_crosssectional_autorecon3_sub03_ses002.job/sub-03_ses-002/mri/brainmask.mgz --reg /localscratch/bpinsard.41451852.0/freesurfer_crosssectional_autorecon3_sub03_ses002.job/sub-03_ses-002/mri/transforms/tmp.bbregister.192664/mri_coreg.lta --s sub-03_ses-002 --surfs 

mri_coreg done

mri_segreg --mov /localscratch/bpinsard.41451852.0/freesurfer_crosssectional_autorecon3_sub03_ses002.job/sub-03_ses-002/mri/transforms/tmp.bbregister.192664/template.nii --init-reg /localscratch/bpinsard.41451852.0/freesurfer_crosssectional_autorecon3_sub03_ses002.job/sub-03_ses-002/mri/transforms/tmp.bbregister.192664/reg.init.dat --out-reg /localscratch/bpinsard.41451852.0/freesurfer_crosssectional_autorecon3_sub03_ses002.job/sub-03_ses-002/mri/transforms/tmp.bbregister.192664/bbr.pass1.dat --subsamp-brute 100 --subsamp 100 --tol 1e-4 --tol1d 1e-3 --brute -4 4 4 --surf white --gm-proj-abs 2 --gm-gt-wm 0.5
7.4.1
setenv SUBJECTS_DIR /localscratch/bpinsard.41451852.0/freesurfer_crosssectional_autorecon3_sub03_ses002.job
cd /localscratch/bpinsard.41451852.0/freesurfer_crosssectional_autorecon3_sub03_ses002.job/sub-03_ses-002/scripts
mri_segreg --mov /localscratch/bpinsard.41451852.0/freesurfer_crosssectional_autorecon3_sub03_ses002.job/sub-03_ses-002/mri/transforms/tmp.bbregister.192664/template.nii --init-reg /localscratch/bpinsard.41451852.0/freesurfer_crosssectional_autorecon3_sub03_ses002.job/sub-03_ses-002/mri/transforms/tmp.bbregister.192664/reg.init.dat --out-reg /localscratch/bpinsard.41451852.0/freesurfer_crosssectional_autorecon3_sub03_ses002.job/sub-03_ses-002/mri/transforms/tmp.bbregister.192664/bbr.pass1.dat --subsamp-brute 100 --subsamp 100 --tol 1e-4 --tol1d 1e-3 --brute -4 4 4 --surf white --gm-proj-abs 2 --gm-gt-wm 0.5 
sysname  Linux
hostname bc12148.int.ets1.calculquebec.ca
machine  x86_64
user     bpinsard
movvol /localscratch/bpinsard.41451852.0/freesurfer_crosssectional_autorecon3_sub03_ses002.job/sub-03_ses-002/mri/transforms/tmp.bbregister.192664/template.nii
regfile /localscratch/bpinsard.41451852.0/freesurfer_crosssectional_autorecon3_sub03_ses002.job/sub-03_ses-002/mri/transforms/tmp.bbregister.192664/reg.init.dat
subject sub-03_ses-002
dof 6
outregfile /localscratch/bpinsard.41451852.0/freesurfer_crosssectional_autorecon3_sub03_ses002.job/sub-03_ses-002/mri/transforms/tmp.bbregister.192664/bbr.pass1.dat
UseMask 0
UseLH 1
UseRH 1
nsubsamp 100
PenaltySign  -1
PenaltySlope 0.500000
PenaltyCenter 0.000000
surfname white
GMProjAbs 2.000000
WMProjAbs 2.000000
lhcostfile (null)
rhcostfile (null)
interp  trilinear (1)
frame  0
TolPowell 0.000100
nMaxItersPowell 36
n1dmin  3
Profile   0
Gdiag_no  -1
AddNoise  0 (0)
SynthSeed 1697344032
TransRandMax 0.000000
RotRandMax 0.000000
Translations 0.000000 0.000000 0.000000
Rotations   0.000000 0.000000 0.000000
Input reg
-1.00000  -0.00113   0.00077  -0.25925;
 0.00079  -0.01923   0.99981   2.25024;
 0.00112  -0.99981  -0.01923   0.31044;
 0.00000   0.00000   0.00000   1.00000;

Loading mov
ExcludeZeroVoxels 1
Reading in targ vol /localscratch/bpinsard.41451852.0/freesurfer_crosssectional_autorecon3_sub03_ses002.job/sub-03_ses-002/mri/orig.mgz
Projecting LH Surfs
Loading lh.white surf
GM Proj: 0 0.500000 2.000000
WM Proj: 0 0.500000 2.000000
Projecting RH Surfs
Loading rh.white surf
Projecting RH Surfs
Using lh.cortex.label
Using rh.cortex.label
Computing relative cost
 0  -25.0 -25.0 -25.0   0.997969
 1  -25.0 -25.0  25.0   0.968788
 2  -25.0  25.0 -25.0   1.001677
 3  -25.0  25.0  25.0   1.006202
 4   25.0 -25.0 -25.0   0.964854
 5   25.0 -25.0  25.0   0.993412
 6   25.0  25.0 -25.0   0.988007
 7   25.0  25.0  25.0   0.974065
REL:  8  0.568036    7.894975  0.986872 rel = 0.575592 
Initial costs ----------------
Number of surface hits 4649
WM  Intensity   905.3607 +/- 358.5933
Ctx Intensity  1091.0197 +/- 471.1758
Pct Contrast     16.7865 +/-  38.8353
Cost   0.5680
RelCost   0.5756

------------------------------------
Brute force preopt -4 4 4, n = 729
     0  -4.0000  -4.0000  -4.0000  -4.0000  -4.0000  -4.0000      0.9144   0.9144  0.0
    15  -4.0000  -4.0000  -4.0000   0.0000   4.0000  -4.0000      0.8445   0.8445  0.0
    16  -4.0000  -4.0000  -4.0000   0.0000   4.0000   0.0000      0.8275   0.8275  0.0
    19  -4.0000  -4.0000  -4.0000   4.0000  -4.0000   0.0000      0.8271   0.8271  0.0
    21  -4.0000  -4.0000  -4.0000   4.0000   0.0000  -4.0000      0.7277   0.7277  0.0
    39  -4.0000  -4.0000   0.0000   0.0000   0.0000  -4.0000      0.6758   0.6758  0.0
   265   0.0000  -4.0000  -4.0000   4.0000   0.0000   0.0000      0.6170   0.6170  0.0
   283   0.0000  -4.0000   0.0000   0.0000   0.0000   0.0000      0.2392   0.2392  0.0
Brute Force --------------------------
Min cost was 0.239215
Number of iterations   729
Search time 4.088564 sec
Parameters at best (transmm, rotdeg)
  0.000  -4.000   0.000  0.000  0.000  0.000 
--------------------------------------------

Starting Powell Minimization
Init Powel Params dof = 6
0 0
1 -4
2 0
3 0
4 0
5 0
fs_powell::minimize
  nparams 6
  maxfev 36
  ftol   0.000100
  linmin_xtol_   0.001000
  powell nthiter 0: fret = 0.239215
   7  0.165 -4.000  0.000  0.000  0.000  0.000   0.2389463870
   8  0.111 -4.000  0.000  0.000  0.000  0.000   0.2387034510
   9  0.097 -4.000  0.000  0.000  0.000  0.000   0.2384904312
  10  0.060 -4.000  0.000  0.000  0.000  0.000   0.2383747068
  11  0.072 -4.000  0.000  0.000  0.000  0.000   0.2383228927
  15  0.072 -3.000  0.000  0.000  0.000  0.000   0.1423599813
  20  0.072 -2.720  0.000  0.000  0.000  0.000   0.1373417416
  21  0.072 -2.725  0.000  0.000  0.000  0.000   0.1372335081
  22  0.072 -2.799  0.000  0.000  0.000  0.000   0.1368516396
  24  0.072 -2.773  0.000  0.000  0.000  0.000   0.1368164257
  25  0.072 -2.781  0.000  0.000  0.000  0.000   0.1367812264
  26  0.072 -2.784  0.000  0.000  0.000  0.000   0.1367744226
  27  0.072 -2.787  0.000  0.000  0.000  0.000   0.1367729700
  28  0.072 -2.786  0.000  0.000  0.000  0.000   0.1367722675
  35  0.072 -2.786  0.382  0.000  0.000  0.000   0.1322756754
  36  0.072 -2.786  0.276  0.000  0.000  0.000   0.1308101017
  38  0.072 -2.786  0.300  0.000  0.000  0.000   0.1307222066
  39  0.072 -2.786  0.294  0.000  0.000  0.000   0.1307006892
  40  0.072 -2.786  0.293  0.000  0.000  0.000   0.1307004053
  43  0.072 -2.786  0.293  1.000  0.000  0.000   0.0688336072
  51  0.072 -2.786  0.293  0.975  0.000  0.000   0.0687375090
  64  0.072 -2.786  0.293  0.975  0.122  0.000   0.0681172553
  68  0.072 -2.786  0.293  0.975  0.160  0.000   0.0675873316
  70  0.072 -2.786  0.293  0.975  0.164  0.000   0.0675482441
  72  0.072 -2.786  0.293  0.975  0.166  0.000   0.0675440130
  83  0.072 -2.786  0.293  0.975  0.166 -0.003   0.0675408332
  84  0.072 -2.786  0.293  0.975  0.166 -0.004   0.0675407660
  powell nthiter 1: fret = 0.067541
  93  0.106 -2.786  0.293  0.975  0.166 -0.004   0.0673335568
  98  0.105 -2.786  0.293  0.975  0.166 -0.004   0.0673331224
 105  0.105 -2.404  0.293  0.975  0.166 -0.004   0.0597340141
 108  0.105 -2.400  0.293  0.975  0.166 -0.004   0.0597184379
 110  0.105 -2.399  0.293  0.975  0.166 -0.004   0.0597175844
 116  0.105 -2.399 -0.325  0.975  0.166 -0.004   0.0441461154
 118  0.105 -2.399 -0.305  0.975  0.166 -0.004   0.0438922445
 120  0.105 -2.399 -0.257  0.975  0.166 -0.004   0.0438249568
 121  0.105 -2.399 -0.277  0.975  0.166 -0.004   0.0436776438
 123  0.105 -2.399 -0.275  0.975  0.166 -0.004   0.0436757422
 125  0.105 -2.399 -0.274  0.975  0.166 -0.004   0.0436754406
 132  0.105 -2.399 -0.274  1.357  0.166 -0.004   0.0398717523
 136  0.105 -2.399 -0.274  1.326  0.166 -0.004   0.0397613369
 137  0.105 -2.399 -0.274  1.332  0.166 -0.004   0.0396802390
 138  0.105 -2.399 -0.274  1.339  0.166 -0.004   0.0396450897
 150  0.105 -2.399 -0.274  1.339  0.179 -0.004   0.0395337517
 159  0.105 -2.399 -0.274  1.339  0.179 -0.015   0.0394826997
 162  0.105 -2.399 -0.274  1.339  0.179 -0.025   0.0394688890
 163  0.105 -2.399 -0.274  1.339  0.179 -0.024   0.0394688587
  powell nthiter 2: fret = 0.039469
 175  0.104 -2.399 -0.274  1.339  0.179 -0.024   0.0394673239
 176  0.102 -2.399 -0.274  1.339  0.179 -0.024   0.0394667730
 200  0.102 -2.399 -0.375  1.339  0.179 -0.024   0.0390822289
 201  0.102 -2.399 -0.370  1.339  0.179 -0.024   0.0390749636
 202  0.102 -2.399 -0.360  1.339  0.179 -0.024   0.0390242785
 204  0.102 -2.399 -0.348  1.339  0.179 -0.024   0.0389793727
 206  0.102 -2.399 -0.349  1.339  0.179 -0.024   0.0389777638
 207  0.102 -2.399 -0.350  1.339  0.179 -0.024   0.0389772945
 220  0.102 -2.399 -0.350  1.340  0.179 -0.024   0.0389768498
 228  0.102 -2.399 -0.350  1.340  0.147 -0.024   0.0387758646
 230  0.102 -2.399 -0.350  1.340  0.134 -0.024   0.0387342095
 231  0.102 -2.399 -0.350  1.340  0.116 -0.024   0.0386983055
 234  0.102 -2.399 -0.350  1.340  0.113 -0.024   0.0386887186
 235  0.102 -2.399 -0.350  1.340  0.110 -0.024   0.0386863236
 236  0.102 -2.399 -0.350  1.340  0.111 -0.024   0.0386862127
 244  0.102 -2.399 -0.350  1.340  0.111 -0.036   0.0386248263
 247  0.102 -2.399 -0.350  1.340  0.111 -0.040   0.0386147531
 248  0.102 -2.399 -0.350  1.340  0.111 -0.043   0.0386147530
 250  0.102 -2.399 -0.350  1.340  0.111 -0.042   0.0386140494
  powell nthiter 3: fret = 0.038614
 260  0.111 -2.399 -0.350  1.340  0.111 -0.042   0.0386140011
 261  0.107 -2.399 -0.350  1.340  0.111 -0.042   0.0386072954
 274  0.107 -2.396 -0.350  1.340  0.111 -0.042   0.0385750099
 275  0.107 -2.389 -0.350  1.340  0.111 -0.042   0.0385452444
 277  0.107 -2.391 -0.350  1.340  0.111 -0.042   0.0385415003
 287  0.107 -2.391 -0.416  1.340  0.111 -0.042   0.0383610333
 301  0.107 -2.391 -0.416  1.314  0.111 -0.042   0.0381745531
 303  0.107 -2.391 -0.416  1.319  0.111 -0.042   0.0381564705
 305  0.107 -2.391 -0.416  1.322  0.111 -0.042   0.0381509910
 316  0.107 -2.391 -0.416  1.322  0.114 -0.042   0.0381496211
 317  0.107 -2.391 -0.416  1.322  0.113 -0.042   0.0381485628
 328  0.107 -2.391 -0.416  1.322  0.113 -0.057   0.0381389866
 329  0.107 -2.391 -0.416  1.322  0.113 -0.051   0.0381337146
 332  0.107 -2.391 -0.416  1.322  0.113 -0.050   0.0381334247
  powell nthiter 4: fret = 0.038133
 341  0.127 -2.391 -0.416  1.322  0.113 -0.050   0.0381160150
 342  0.124 -2.391 -0.416  1.322  0.113 -0.050   0.0380963506
 343  0.118 -2.391 -0.416  1.322  0.113 -0.050   0.0380815054
 354  0.118 -2.388 -0.416  1.322  0.113 -0.050   0.0380662022
 355  0.118 -2.378 -0.416  1.322  0.113 -0.050   0.0380483064
 357  0.118 -2.380 -0.416  1.322  0.113 -0.050   0.0380475017
 366  0.118 -2.380 -0.432  1.322  0.113 -0.050   0.0379804815
 368  0.118 -2.380 -0.431  1.322  0.113 -0.050   0.0379790418
 369  0.118 -2.380 -0.430  1.322  0.113 -0.050   0.0379779654
 371  0.118 -2.380 -0.429  1.322  0.113 -0.050   0.0379778930
 381  0.118 -2.380 -0.429  1.314  0.113 -0.050   0.0379704327
 383  0.118 -2.380 -0.429  1.315  0.113 -0.050   0.0379703573
 394  0.118 -2.380 -0.429  1.315  0.109 -0.050   0.0379669878
 399  0.118 -2.380 -0.429  1.315  0.108 -0.050   0.0379667918
 409  0.118 -2.380 -0.429  1.315  0.108 -0.054   0.0379664305
 410  0.118 -2.380 -0.429  1.315  0.108 -0.052   0.0379655661
 412  0.129 -2.369 -0.441  1.309  0.102 -0.054   0.0379180032
 415  0.147 -2.352 -0.462  1.298  0.094 -0.058   0.0378433375
 420  0.173 -2.327 -0.491  1.282  0.081 -0.064   0.0377134509
 424  0.171 -2.329 -0.488  1.283  0.082 -0.063   0.0377100307
 425  0.172 -2.329 -0.489  1.283  0.082 -0.064   0.0377091762
 426  0.172 -2.328 -0.489  1.283  0.082 -0.064   0.0377091208
 427  0.172 -2.328 -0.489  1.283  0.082 -0.064   0.0377091067
 428  0.172 -2.328 -0.489  1.283  0.082 -0.064   0.0377090691
  powell nthiter 5: fret = 0.037709
 449  0.172 -2.369 -0.489  1.283  0.082 -0.064   0.0376944358
 456  0.172 -2.370 -0.489  1.283  0.082 -0.064   0.0376937186
 466  0.172 -2.370 -0.489  1.283  0.082 -0.059   0.0376911314
 468  0.172 -2.370 -0.489  1.283  0.082 -0.055   0.0376907972
 469  0.172 -2.370 -0.489  1.283  0.082 -0.056   0.0376906994
 480  0.172 -2.370 -0.489  1.297  0.082 -0.056   0.0376606078
 481  0.172 -2.370 -0.489  1.292  0.082 -0.056   0.0376485755
 493  0.172 -2.370 -0.489  1.292  0.070 -0.056   0.0376075542
 494  0.172 -2.370 -0.489  1.292  0.069 -0.056   0.0376053683
 496  0.172 -2.370 -0.489  1.292  0.066 -0.056   0.0376016264
 500  0.183 -2.360 -0.502  1.285  0.061 -0.058   0.0375568152
 503  0.190 -2.353 -0.509  1.281  0.057 -0.060   0.0375133224
 508  0.190 -2.353 -0.509  1.281  0.057 -0.060   0.0375131651
  powell nthiter 6: fret = 0.037513
 524  0.188 -2.353 -0.509  1.281  0.057 -0.060   0.0375122480
 534  0.188 -2.354 -0.509  1.281  0.057 -0.060   0.0375095754
 536  0.188 -2.358 -0.509  1.281  0.057 -0.060   0.0375061571
 537  0.188 -2.357 -0.509  1.281  0.057 -0.060   0.0375060342
 547  0.188 -2.357 -0.509  1.281  0.057 -0.071   0.0374569787
 549  0.188 -2.357 -0.509  1.281  0.057 -0.085   0.0374402833
 550  0.188 -2.357 -0.509  1.281  0.057 -0.083   0.0374396794
 561  0.188 -2.357 -0.509  1.290  0.057 -0.083   0.0374039939
 562  0.188 -2.357 -0.509  1.289  0.057 -0.083   0.0374027428
 563  0.188 -2.357 -0.509  1.288  0.057 -0.083   0.0374027402
 575  0.188 -2.357 -0.509  1.288  0.052 -0.083   0.0373852291
 576  0.188 -2.357 -0.509  1.288  0.050 -0.083   0.0373846235
 578  0.188 -2.357 -0.509  1.288  0.051 -0.083   0.0373844252
 584  0.192 -2.353 -0.514  1.285  0.049 -0.084   0.0373335333
 586  0.192 -2.353 -0.513  1.285  0.049 -0.084   0.0373329107
 587  0.192 -2.353 -0.513  1.285  0.049 -0.084   0.0373327854
 594  0.192 -2.353 -0.513  1.285  0.049 -0.084   0.0373327679
 595  0.194 -2.353 -0.518  1.290  0.041 -0.109   0.0373079592
  powell nthiter 7: fret = 0.037333
 667  0.193 -2.349 -0.518  1.286  0.044 -0.091   0.0373017757
 668  0.192 -2.351 -0.516  1.287  0.044 -0.090   0.0372869961
 669  0.192 -2.351 -0.516  1.287  0.044 -0.090   0.0372865988
 670  0.191 -2.351 -0.516  1.287  0.045 -0.090   0.0372864057
 676  0.191 -2.349 -0.518  1.288  0.040 -0.096   0.0372632478
 681  0.190 -2.348 -0.520  1.289  0.037 -0.100   0.0372627160
 683  0.191 -2.349 -0.519  1.289  0.039 -0.098   0.0372614514
 688  0.191 -2.349 -0.519  1.289  0.039 -0.098   0.0372614344
 689  0.191 -2.349 -0.519  1.289  0.039 -0.098   0.0372614148
  powell nthiter 8: fret = 0.037261
 700  0.192 -2.349 -0.519  1.289  0.039 -0.098   0.0372609146
 712  0.192 -2.350 -0.519  1.289  0.039 -0.098   0.0372584430
 723  0.192 -2.350 -0.519  1.289  0.039 -0.096   0.0372574845
 724  0.192 -2.350 -0.519  1.289  0.039 -0.095   0.0372574207
 748  0.192 -2.350 -0.519  1.289  0.040 -0.095   0.0372568942
 755  0.191 -2.350 -0.520  1.289  0.038 -0.098   0.0372547809
 759  0.191 -2.350 -0.520  1.289  0.038 -0.098   0.0372546697
 760  0.191 -2.350 -0.520  1.289  0.038 -0.098   0.0372546294
  powell nthiter 9: fret = 0.037255
 772  0.193 -2.350 -0.520  1.289  0.038 -0.098   0.0372528455
 795  0.193 -2.350 -0.520  1.289  0.038 -0.094   0.0372505533
 796  0.193 -2.350 -0.520  1.289  0.038 -0.093   0.0372505171
 808  0.193 -2.350 -0.520  1.291  0.038 -0.093   0.0372505059
 820  0.193 -2.350 -0.520  1.291  0.040 -0.093   0.0372483029
 827  0.193 -2.349 -0.521  1.292  0.038 -0.096   0.0372453880
 828  0.193 -2.349 -0.521  1.292  0.038 -0.096   0.0372451925
 831  0.193 -2.349 -0.521  1.292  0.038 -0.096   0.0372451711
 833  0.193 -2.349 -0.521  1.292  0.038 -0.096   0.0372450292
 836  0.194 -2.348 -0.522  1.294  0.038 -0.095   0.0372425028
  powell nthiter 10: fret = 0.037245
 868  0.194 -2.349 -0.521  1.292  0.038 -0.094   0.0372418210
 869  0.194 -2.349 -0.521  1.292  0.038 -0.093   0.0372417745
 893  0.194 -2.349 -0.521  1.292  0.039 -0.093   0.0372412404
 900  0.194 -2.348 -0.522  1.292  0.037 -0.095   0.0372399565
 901  0.194 -2.348 -0.522  1.292  0.037 -0.095   0.0372396792
 909  0.195 -2.347 -0.522  1.293  0.037 -0.094   0.0372353403
 912  0.197 -2.346 -0.524  1.293  0.036 -0.092   0.0372309299
 913  0.199 -2.345 -0.525  1.294  0.036 -0.090   0.0372293765
 914  0.200 -2.345 -0.525  1.294  0.036 -0.090   0.0372292127
 920  0.200 -2.345 -0.525  1.294  0.036 -0.090   0.0372292108
 921  0.200 -2.345 -0.525  1.294  0.036 -0.090   0.0372291710
 925  0.200 -2.345 -0.525  1.294  0.036 -0.090   0.0372291673
  powell nthiter 11: fret = 0.037229
 933  0.199 -2.344 -0.526  1.295  0.034 -0.092   0.0372285386
 934  0.200 -2.345 -0.525  1.295  0.035 -0.091   0.0372283271
 956  0.200 -2.347 -0.525  1.294  0.035 -0.091   0.0372270198
 967  0.200 -2.347 -0.525  1.294  0.035 -0.088   0.0372253280
 995  0.201 -2.346 -0.526  1.295  0.034 -0.087   0.0372240441
 998  0.202 -2.346 -0.527  1.295  0.034 -0.086   0.0372239578
1000  0.202 -2.345 -0.527  1.295  0.034 -0.086   0.0372239463
1001  0.202 -2.345 -0.527  1.295  0.034 -0.086   0.0372238993
1002  0.202 -2.345 -0.527  1.295  0.034 -0.086   0.0372238826
  powell nthiter 12: fret = 0.037224
1015  0.202 -2.345 -0.528  1.296  0.032 -0.088   0.0372223696
1016  0.202 -2.345 -0.528  1.296  0.033 -0.088   0.0372222761
1044  0.202 -2.345 -0.528  1.296  0.033 -0.086   0.0372211432
1070  0.202 -2.345 -0.528  1.296  0.034 -0.086   0.0372210834
1077  0.202 -2.344 -0.528  1.296  0.033 -0.085   0.0372210276
Powell done niters = 12
Computing relative cost
 0  -25.0 -25.0 -25.0   0.997445
 1  -25.0 -25.0  25.0   0.994279
 2  -25.0  25.0 -25.0   1.009484
 3  -25.0  25.0  25.0   0.988050
 4   25.0 -25.0 -25.0   0.917236
 5   25.0 -25.0  25.0   1.007101
 6   25.0  25.0 -25.0   0.971688
 7   25.0  25.0  25.0   0.958481
REL:  8  0.037221    7.843765  0.980471 rel = 0.0379624 
Number of iterations    12
Min cost was 0.037221
Number of FunctionCalls  1090
TolPowell 0.000100
nMaxItersPowell 36
OptimizationTime 6.026536 sec
Parameters at optimum (transmm)  0.20229 -2.34439 -0.52788
Parameters at optimum (rotdeg)  1.29599  0.03337 -0.08512 
Final costs ----------------
Number of surface hits 4649
WM  Intensity   766.0831 +/- 238.3083
Ctx Intensity  1179.5391 +/- 354.6781
Pct Contrast     42.3730 +/-  23.7160
Cost   0.0372
RelCost   0.5756
Reg at min cost was 
-1.00000  -0.00171   0.00225  -0.05342;
 0.00225   0.00339   0.99999  -0.10136;
 0.00172  -0.99999   0.00339  -0.16647;
 0.00000   0.00000   0.00000   1.00000;

Writing optimal reg to /localscratch/bpinsard.41451852.0/freesurfer_crosssectional_autorecon3_sub03_ses002.job/sub-03_ses-002/mri/transforms/tmp.bbregister.192664/bbr.pass1.dat, type = 14 
Original Reg 
-1.00000  -0.00113   0.00077  -0.25925;
 0.00079  -0.01923   0.99981   2.25024;
 0.00112  -0.99981  -0.01923   0.31044;
 0.00000   0.00000   0.00000   1.00000;

Original Reg - Optimal Reg
-0.00000   0.00058  -0.00149  -0.20584;
-0.00146  -0.02262  -0.00018   2.35160;
-0.00060   0.00018  -0.02262   0.47691;
 0.00000   0.00000   0.00000   0.00000;

Computing change in lh position
LH rmsDiffMean 2.839864
Computing change in rh position
Surface-RMS-Diff-mm 2.842949 0.893735 4.508431
mri_segreg done
mri_segreg --mov /localscratch/bpinsard.41451852.0/freesurfer_crosssectional_autorecon3_sub03_ses002.job/sub-03_ses-002/mri/transforms/tmp.bbregister.192664/template.nii --init-reg /localscratch/bpinsard.41451852.0/freesurfer_crosssectional_autorecon3_sub03_ses002.job/sub-03_ses-002/mri/transforms/tmp.bbregister.192664/bbr.pass1.dat --out-reg /localscratch/bpinsard.41451852.0/freesurfer_crosssectional_autorecon3_sub03_ses002.job/sub-03_ses-002/mri/transforms/T2raw.auto.dat --interp trilinear --wm-proj-abs 1 --tol 1e-8 --tol1d 1e-3 --c0 0 --mincost /localscratch/bpinsard.41451852.0/freesurfer_crosssectional_autorecon3_sub03_ses002.job/sub-03_ses-002/mri/transforms/T2raw.auto.dat.mincost --dof 6 --nmax 36 --param /localscratch/bpinsard.41451852.0/freesurfer_crosssectional_autorecon3_sub03_ses002.job/sub-03_ses-002/mri/transforms/T2raw.auto.dat.param --surf white --brute -0.1 0.1 0.1 --cur-reg /localscratch/bpinsard.41451852.0/freesurfer_crosssectional_autorecon3_sub03_ses002.job/sub-03_ses-002/mri/transforms/tmp.bbregister.192664/reg.curopt.dat --gm-proj-abs 2 --nsub 1 --gm-gt-wm 0.5
7.4.1
setenv SUBJECTS_DIR /localscratch/bpinsard.41451852.0/freesurfer_crosssectional_autorecon3_sub03_ses002.job
cd /localscratch/bpinsard.41451852.0/freesurfer_crosssectional_autorecon3_sub03_ses002.job/sub-03_ses-002/scripts
mri_segreg --mov /localscratch/bpinsard.41451852.0/freesurfer_crosssectional_autorecon3_sub03_ses002.job/sub-03_ses-002/mri/transforms/tmp.bbregister.192664/template.nii --init-reg /localscratch/bpinsard.41451852.0/freesurfer_crosssectional_autorecon3_sub03_ses002.job/sub-03_ses-002/mri/transforms/tmp.bbregister.192664/bbr.pass1.dat --out-reg /localscratch/bpinsard.41451852.0/freesurfer_crosssectional_autorecon3_sub03_ses002.job/sub-03_ses-002/mri/transforms/T2raw.auto.dat --interp trilinear --wm-proj-abs 1 --tol 1e-8 --tol1d 1e-3 --c0 0 --mincost /localscratch/bpinsard.41451852.0/freesurfer_crosssectional_autorecon3_sub03_ses002.job/sub-03_ses-002/mri/transforms/T2raw.auto.dat.mincost --dof 6 --nmax 36 --param /localscratch/bpinsard.41451852.0/freesurfer_crosssectional_autorecon3_sub03_ses002.job/sub-03_ses-002/mri/transforms/T2raw.auto.dat.param --surf white --brute -0.1 0.1 0.1 --cur-reg /localscratch/bpinsard.41451852.0/freesurfer_crosssectional_autorecon3_sub03_ses002.job/sub-03_ses-002/mri/transforms/tmp.bbregister.192664/reg.curopt.dat --gm-proj-abs 2 --nsub 1 --gm-gt-wm 0.5 
sysname  Linux
hostname bc12148.int.ets1.calculquebec.ca
machine  x86_64
user     bpinsard
movvol /localscratch/bpinsard.41451852.0/freesurfer_crosssectional_autorecon3_sub03_ses002.job/sub-03_ses-002/mri/transforms/tmp.bbregister.192664/template.nii
regfile /localscratch/bpinsard.41451852.0/freesurfer_crosssectional_autorecon3_sub03_ses002.job/sub-03_ses-002/mri/transforms/tmp.bbregister.192664/bbr.pass1.dat
subject sub-03_ses-002
dof 6
outregfile /localscratch/bpinsard.41451852.0/freesurfer_crosssectional_autorecon3_sub03_ses002.job/sub-03_ses-002/mri/transforms/T2raw.auto.dat
UseMask 0
UseLH 1
UseRH 1
nsubsamp 1
PenaltySign  -1
PenaltySlope 0.500000
PenaltyCenter 0.000000
surfname white
GMProjAbs 2.000000
WMProjAbs 1.000000
lhcostfile (null)
rhcostfile (null)
interp  trilinear (1)
frame  0
TolPowell 0.000000
nMaxItersPowell 36
n1dmin  3
Profile   0
Gdiag_no  -1
AddNoise  0 (0)
SynthSeed 1697324552
TransRandMax 0.000000
RotRandMax 0.000000
Translations 0.000000 0.000000 0.000000
Rotations   0.000000 0.000000 0.000000
Input reg
-1.00000  -0.00171   0.00225  -0.05342;
 0.00225   0.00339   0.99999  -0.10136;
 0.00172  -0.99999   0.00339  -0.16647;
 0.00000   0.00000   0.00000   1.00000;

Loading mov
ExcludeZeroVoxels 1
Reading in targ vol /localscratch/bpinsard.41451852.0/freesurfer_crosssectional_autorecon3_sub03_ses002.job/sub-03_ses-002/mri/orig.mgz
Projecting LH Surfs
Loading lh.white surf
GM Proj: 0 0.500000 2.000000
WM Proj: 0 0.500000 1.000000
Projecting RH Surfs
Loading rh.white surf
Projecting RH Surfs
Using lh.cortex.label
Using rh.cortex.label
Computing relative cost
 0  -25.0 -25.0 -25.0   0.994569
 1  -25.0 -25.0  25.0   0.967725
 2  -25.0  25.0 -25.0   0.987596
 3  -25.0  25.0  25.0   0.979719
 4   25.0 -25.0 -25.0   0.961907
 5   25.0 -25.0  25.0   0.981914
 6   25.0  25.0 -25.0   0.982252
 7   25.0  25.0  25.0   0.952741
REL:  8  0.037554    7.808422  0.976053 rel = 0.0384755 
Initial costs ----------------
Number of surface hits 462923
WM  Intensity   743.1883 +/- 232.1791
Ctx Intensity  1179.5525 +/- 357.5149
Pct Contrast     45.1061 +/-  23.4070
Cost   0.0376
RelCost   0.0385

------------------------------------
Brute force preopt -0.1 0.1 0.1, n = 729
     0  -0.1000  -0.1000  -0.1000  -0.1000  -0.1000  -0.1000      0.0354   0.0354  0.0
     3  -0.1000  -0.1000  -0.1000  -0.1000   0.0000  -0.1000      0.0343   0.0343  0.0
     5  -0.1000  -0.1000  -0.1000  -0.1000   0.0000   0.1000      0.0339   0.0339  0.0
     6  -0.1000  -0.1000  -0.1000  -0.1000   0.1000  -0.1000      0.0337   0.0337  0.0
     7  -0.1000  -0.1000  -0.1000  -0.1000   0.1000   0.0000      0.0334   0.0334  0.0
    33  -0.1000  -0.1000   0.0000  -0.1000   0.1000  -0.1000      0.0331   0.0331  0.0
   124  -0.1000   0.0000   0.0000   0.0000   0.1000   0.0000      0.0329   0.0329  0.0
   169  -0.1000   0.1000  -0.1000  -0.1000   0.1000   0.0000      0.0329   0.0329  0.0
   249   0.0000  -0.1000  -0.1000  -0.1000   0.1000  -0.1000      0.0329   0.0329  0.0
   250   0.0000  -0.1000  -0.1000  -0.1000   0.1000   0.0000      0.0327   0.0327  0.0
   251   0.0000  -0.1000  -0.1000  -0.1000   0.1000   0.1000      0.0324   0.0324  0.0
   278   0.0000  -0.1000   0.0000  -0.1000   0.1000   0.1000      0.0324   0.0324  0.0
   340   0.0000   0.0000  -0.1000   0.0000   0.1000   0.0000      0.0323   0.0323  0.0
Brute Force --------------------------
Min cost was 0.032280
Number of iterations   729
Search time 4.003445 sec
Parameters at best (transmm, rotdeg)
  0.000   0.000  -0.100  0.000  0.100  0.000 
--------------------------------------------

Starting Powell Minimization
Init Powel Params dof = 6
0 0
1 0
2 -0.1
3 0
4 0.1
5 0
fs_powell::minimize
  nparams 6
  maxfev 36
  ftol   0.000000
  linmin_xtol_   0.001000
  powell nthiter 0: fret = 0.036967
   8 -0.022  0.000 -0.100  0.000  0.100  0.000   0.0369577769
   9 -0.021  0.000 -0.100  0.000  0.100  0.000   0.0369577094
  10 -0.020  0.000 -0.100  0.000  0.100  0.000   0.0369576693
  11 -0.013  0.000 -0.100  0.000  0.100  0.000   0.0369572681
  15 -0.014  0.000 -0.100  0.000  0.100  0.000   0.0369572287
  21 -0.014  0.382 -0.100  0.000  0.100  0.000   0.0364483554
  22 -0.014  0.221 -0.100  0.000  0.100  0.000   0.0361183034
  25 -0.014  0.200 -0.100  0.000  0.100  0.000   0.0361162696
  26 -0.014  0.208 -0.100  0.000  0.100  0.000   0.0361122712
  35 -0.014  0.208 -0.260  0.000  0.100  0.000   0.0357091241
  36 -0.014  0.208 -0.272  0.000  0.100  0.000   0.0356854441
  37 -0.014  0.208 -0.442  0.000  0.100  0.000   0.0355647520
  43 -0.014  0.208 -0.444  0.000  0.100  0.000   0.0355641748
  53 -0.014  0.208 -0.444 -0.034  0.100  0.000   0.0355311364
  55 -0.014  0.208 -0.444 -0.037  0.100  0.000   0.0355306287
  56 -0.014  0.208 -0.444 -0.038  0.100  0.000   0.0355306258
  64 -0.014  0.208 -0.444 -0.038  0.053  0.000   0.0354442692
  69 -0.014  0.208 -0.444 -0.038  0.054  0.000   0.0354440447
  powell nthiter 1: fret = 0.035444
  90  0.003  0.208 -0.444 -0.038  0.054  0.000   0.0354347490
  92  0.001  0.208 -0.444 -0.038  0.054  0.000   0.0354346040
  95  0.002  0.208 -0.444 -0.038  0.054  0.000   0.0354345616
 102  0.002  0.209 -0.444 -0.038  0.054  0.000   0.0354329871
 103  0.002  0.238 -0.444 -0.038  0.054  0.000   0.0354214715
 105  0.002  0.229 -0.444 -0.038  0.054  0.000   0.0354195357
 118  0.002  0.229 -0.431 -0.038  0.054  0.000   0.0354086318
 119  0.002  0.229 -0.432 -0.038  0.054  0.000   0.0354083778
 120  0.002  0.229 -0.433 -0.038  0.054  0.000   0.0354083012
 131  0.002  0.229 -0.433 -0.029  0.054  0.000   0.0354035231
 140  0.002  0.229 -0.433 -0.029  0.048  0.000   0.0353980517
 142  0.002  0.229 -0.433 -0.029  0.042  0.000   0.0353976412
 143  0.002  0.229 -0.433 -0.029  0.044  0.000   0.0353971337
 145  0.002  0.229 -0.433 -0.029  0.043  0.000   0.0353971221
 153  0.002  0.229 -0.433 -0.029  0.043  0.030   0.0353952264
 154  0.002  0.229 -0.433 -0.029  0.043  0.024   0.0353934239
 155  0.002  0.229 -0.433 -0.029  0.043  0.017   0.0353917919
 157  0.002  0.229 -0.433 -0.029  0.043  0.015   0.0353916255
 158  0.002  0.229 -0.433 -0.029  0.043  0.014   0.0353916131
 160  0.017  0.249 -0.421 -0.021  0.032  0.029   0.0353773091
  powell nthiter 2: fret = 0.035392
 167  0.036  0.229 -0.433 -0.029  0.043  0.014   0.0353766057
 179  0.036  0.261 -0.433 -0.029  0.043  0.014   0.0353599340
 182  0.036  0.263 -0.433 -0.029  0.043  0.014   0.0353599076
 183  0.036  0.264 -0.433 -0.029  0.043  0.014   0.0353598100
 189  0.036  0.265 -0.433 -0.029  0.043  0.014   0.0353598027
 201  0.036  0.265 -0.430 -0.029  0.043  0.014   0.0353591631
 213  0.036  0.265 -0.430 -0.027  0.043  0.014   0.0353590269
 214  0.036  0.265 -0.430 -0.028  0.043  0.014   0.0353589677
 240  0.036  0.265 -0.430 -0.028  0.043  0.019   0.0353587884
  powell nthiter 3: fret = 0.035359
 250  0.039  0.265 -0.430 -0.028  0.043  0.019   0.0353566404
 252  0.044  0.265 -0.430 -0.028  0.043  0.019   0.0353549881
 264  0.044  0.266 -0.430 -0.028  0.043  0.019   0.0353549770
 289  0.044  0.267 -0.430 -0.029  0.043  0.019   0.0353549570
 298  0.044  0.267 -0.430 -0.029  0.042  0.019   0.0353546265
 299  0.044  0.267 -0.430 -0.029  0.040  0.019   0.0353544869
 312  0.044  0.267 -0.430 -0.029  0.040  0.017   0.0353544205
  powell nthiter 4: fret = 0.035354
 322  0.045  0.267 -0.430 -0.029  0.040  0.017   0.0353543460
 332  0.045  0.265 -0.430 -0.029  0.040  0.017   0.0353542016
 344  0.045  0.265 -0.429 -0.029  0.040  0.017   0.0353541729
 365  0.045  0.265 -0.429 -0.029  0.039  0.017   0.0353541222
  powell nthiter 5: fret = 0.035354
 388  0.046  0.265 -0.429 -0.029  0.039  0.017   0.0353540779
 398  0.046  0.264 -0.429 -0.029  0.039  0.017   0.0353540261
 440  0.046  0.264 -0.429 -0.029  0.039  0.019   0.0353539761
  powell nthiter 6: fret = 0.035354
Powell done niters = 6
Computing relative cost
 0  -25.0 -25.0 -25.0   0.999107
 1  -25.0 -25.0  25.0   0.964757
 2  -25.0  25.0 -25.0   0.984763
 3  -25.0  25.0  25.0   0.977943
 4   25.0 -25.0 -25.0   0.961826
 5   25.0 -25.0  25.0   0.980479
 6   25.0  25.0 -25.0   0.983678
 7   25.0  25.0  25.0   0.956543
REL:  8  0.035354    7.809094  0.976137 rel = 0.0362183 
Number of iterations     6
Min cost was 0.035354
Number of FunctionCalls   505
TolPowell 0.000000
nMaxItersPowell 36
OptimizationTime 86.389654 sec
Parameters at optimum (transmm)  0.04611  0.26356 -0.42908
Parameters at optimum (rotdeg) -0.02888  0.03900  0.01892 
Final costs ----------------
Number of surface hits 462923
WM  Intensity   755.0459 +/- 233.2492
Ctx Intensity  1181.2847 +/- 369.9582
Pct Contrast     43.5801 +/-  20.9425
Cost   0.0354
RelCost   0.0385
Reg at min cost was 
-1.00000  -0.00239   0.00193  -0.00739;
 0.00192   0.00289   0.99999   0.16210;
 0.00240  -0.99999   0.00288  -0.59547;
 0.00000   0.00000   0.00000   1.00000;

Writing optimal reg to /localscratch/bpinsard.41451852.0/freesurfer_crosssectional_autorecon3_sub03_ses002.job/sub-03_ses-002/mri/transforms/T2raw.auto.dat, type = 14 
Original Reg 
-1.00000  -0.00171   0.00225  -0.05342;
 0.00225   0.00339   0.99999  -0.10136;
 0.00172  -0.99999   0.00339  -0.16647;
 0.00000   0.00000   0.00000   1.00000;

Original Reg - Optimal Reg
-0.00000   0.00068   0.00033  -0.04603;
 0.00033   0.00050  -0.00000  -0.26346;
-0.00068   0.00000   0.00051   0.42900;
 0.00000   0.00000   0.00000   0.00000;

Computing change in lh position
LH rmsDiffMean 0.544869
Computing change in rh position
Surface-RMS-Diff-mm 0.524324 0.028044 0.581027
mri_segreg done
MinCost: 0.035354 755.045887 1181.284715 43.580082 
tkregister2_cmdl --mov /localscratch/bpinsard.41451852.0/freesurfer_crosssectional_autorecon3_sub03_ses002.job/sub-03_ses-002/mri/orig/T2raw.mgz --reg /localscratch/bpinsard.41451852.0/freesurfer_crosssectional_autorecon3_sub03_ses002.job/sub-03_ses-002/mri/transforms/T2raw.auto.dat --noedit --ltaout /localscratch/bpinsard.41451852.0/freesurfer_crosssectional_autorecon3_sub03_ses002.job/sub-03_ses-002/mri/transforms/T2raw.auto.lta
INFO: no target volume specified, assuming FreeSurfer orig volume.
target  volume orig
movable volume /localscratch/bpinsard.41451852.0/freesurfer_crosssectional_autorecon3_sub03_ses002.job/sub-03_ses-002/mri/orig/T2raw.mgz
reg file       /localscratch/bpinsard.41451852.0/freesurfer_crosssectional_autorecon3_sub03_ses002.job/sub-03_ses-002/mri/transforms/T2raw.auto.dat
LoadVol        0
ZeroCRAS       0
7.4.1
Diagnostic Level -1
---- Input registration matrix --------
-1.00000  -0.00239   0.00193  -0.00739;
 0.00192   0.00289   0.99999   0.16210;
 0.00240  -0.99999   0.00288  -0.59547;
 0.00000   0.00000   0.00000   1.00000;
float2int = 0
---------------------------------------
INFO: loading target /localscratch/bpinsard.41451852.0/freesurfer_crosssectional_autorecon3_sub03_ses002.job/sub-03_ses-002/mri/orig.mgz
INFO: target does not conform to COR format, so I'm going to
reslice to COR. This will not affect the final registration.
Ttarg: --------------------
-1.00000   0.00000   0.00000   128.00000;
 0.00000   0.00000   1.00000  -128.00000;
 0.00000  -1.00000   0.00000   128.00000;
 0.00000   0.00000   0.00000   1.00000;
INFO: loading movable /localscratch/bpinsard.41451852.0/freesurfer_crosssectional_autorecon3_sub03_ses002.job/sub-03_ses-002/mri/orig/T2raw.mgz
Tmov: --------------------
-0.80000   0.00000   0.00000   83.19952;
 0.00000   0.00000   0.80000  -128.00000;
 0.00000  -0.80000   0.00000   120.00000;
 0.00000   0.00000   0.00000   1.00000;
mkheaderreg = 0, float2int = 0
---- Input registration matrix --------
-1.00000  -0.00239   0.00193  -0.00740;
 0.00192   0.00289   0.99999   0.16212;
 0.00240  -0.99999   0.00288  -0.59545;
 0.00000   0.00000   0.00000   1.00000;
Determinant -1
subject = sub-03_ses-002
RegMat ---------------------------
-1.00000  -0.00239   0.00193  -0.00739;
 0.00192   0.00289   0.99999   0.16210;
 0.00240  -0.99999   0.00288  -0.59547;
 0.00000   0.00000   0.00000   1.00000;
Cleaning up
 
Started at Sun Oct 8 04:49:17 UTC 2023 
Ended   at Sun Oct  8 04:53:05 UTC 2023
BBR-Run-Time-Sec 228
 
bbregister Done
To check results, run:
tkregisterfv --mov /localscratch/bpinsard.41451852.0/freesurfer_crosssectional_autorecon3_sub03_ses002.job/sub-03_ses-002/mri/orig/T2raw.mgz --reg /localscratch/bpinsard.41451852.0/freesurfer_crosssectional_autorecon3_sub03_ses002.job/sub-03_ses-002/mri/transforms/T2raw.auto.lta --surfs  --sd /localscratch/bpinsard.41451852.0/freesurfer_crosssectional_autorecon3_sub03_ses002.job
