/localscratch/bpinsard.41394468.0/freesurfer_crosssectional_autorecon1smriprep_skullstripautorecon2autorecon3_sub03_ses014.job/sub-03_ses-014/mri
/opt/freesurfer/bin/talairach_avi
--i orig_nu.mgz --xfm transforms/talairach.auto.xfm --atlas 3T18yoSchwartzReactN32_as_orig
talairach_avi 7.4.1
Linux bc12048.int.ets1.calculquebec.ca 3.10.0-1160.95.1.el7.x86_64 #1 SMP Mon Jul 24 13:59:37 UTC 2023 x86_64 x86_64 x86_64 GNU/Linux
Thu Oct  5 12:22:40 UTC 2023
mri_convert orig_nu.mgz talsrcimg.img 
reading from orig_nu.mgz...
TR=0.00, TE=0.00, TI=0.00, flip angle=0.00
i_ras = (-1, -3.55785e-09, 1.16416e-09)
j_ras = (0, -3.638e-11, -1)
k_ras = (3.55898e-09, 1, 0)
writing to talsrcimg.img...
Analyze Output Matrix
-0.80000   0.00000   0.00000   130.37477;
-0.00000  -0.00000   0.80000  -108.27010;
 0.00000  -0.80000   0.00000   130.55203;
 0.00000   0.00000   0.00000   1.00000;
--------------------
INFO: set hdr.hist.orient to -1
mpr2mni305 talsrcimg
Thu Oct  5 12:22:40 UTC 2023
/opt/freesurfer/bin/mpr2mni305 talsrcimg
mpr2mni305 7.4.1
target=3T18yoSchwartzReactN32_as_orig

---------------------------------------------------------------------
analyzeto4dfp talsrcimg -O0 -y
---------------------------------------------------------------------

freesurfer ifh2hdr.c
Thu Oct  5 12:22:41 2023
Writing: talsrcimg.4dfp.hdr
freesurfer analyzeto4dfp.c
Reading: talsrcimg.hdr
header size 348 bytes
hdr.dime.datatype	offset=70	value=2
hdr.dime.bitpix		offset=72	value=8
hdr.hist.orient		offset=252	value=-1
dimensionality     4
dimensions       320       320       320         1
Reading: talsrcimg.img
Writing: talsrcimg.4dfp.img
Writing: talsrcimg.4dfp.ifh
ifh2hdr talsrcimg -r0to211
ori=2

---------------------------------------------------------------------
gauss_4dfp talsrcimg 1.1
---------------------------------------------------------------------

freesurfer gauss_4dfp.c
Reading: talsrcimg.4dfp.img
Writing: talsrcimg_g11.4dfp.img
image dimensions 320 320 320 padded to 384 384 384
processing volume 1freesurfer ifh2hdr.c
Thu Oct  5 12:22:58 2023
Writing: talsrcimg_g11.4dfp.hdr

Writing: talsrcimg_g11.4dfp.ifh
including: talsrcimg.4dfp.img.rec in talsrcimg_g11.4dfp.img.rec

---------------------------------------------------------------------
imgreg_4dfp /opt/freesurfer/average/3T18yoSchwartzReactN32_as_orig none talsrcimg_g11 none talsrcimg_to_3T18yoSchwartzReactN32_as_orig_t4 4355
---------------------------------------------------------------------

freesurfer imgreg_4dfp.c
/opt/freesurfer/average/3T18yoSchwartzReactN32_as_orig.4dfp.img
       256       256       256         1
  1.000000  1.000000  1.000000
orientation T byte_order littleendian
Reading image: /opt/freesurfer/average/3T18yoSchwartzReactN32_as_orig.4dfp.img
dimensions:      256       256       256
mmppix:       1.0000   -1.0000   -1.0000
center:     128.0000 -129.0000 -129.0000
talsrcimg_g11.4dfp.img
       320       320       320         1
  0.799996  0.799996  0.799996
orientation T byte_order littleendian
Reading image: talsrcimg_g11.4dfp.img
dimensions:      320       320       320
mmppix:       0.8000   -0.8000   -0.8000
center:     127.9994 -128.7994 -128.7994
t4_read: open error in t4_sub.f l:  46 t4_file(1:l)talsrcimg_to_3T18yoSchwartzReactN32_as_orig_t4 
t4_read: transform initialized to I4
rotation matrix determinant  1.000000
image alignment mode   4355 decimal     1103 hex
   -7.5000  -45.0000  -45.0000 8218.1670   20.9258
    0.0000  -45.0000  -45.0000 8590.6875   20.9039
    7.5000  -45.0000  -45.0000 8262.7568   20.8633
   -7.5000  -37.5000  -45.0000 8418.8770   21.1899
    0.0000  -37.5000  -45.0000 8806.7490   21.1702
    7.5000  -37.5000  -45.0000 8476.0693   21.1311
   -7.5000  -30.0000  -45.0000 9084.6094   21.6765
    0.0000  -30.0000  -45.0000 9524.6621   21.6555
    7.5000  -30.0000  -45.0000 9157.3750   21.6216
   -7.5000  -22.5000  -45.0000 9845.1523   22.2989
    0.0000  -22.5000  -45.000010336.2959   22.2801
    7.5000  -22.5000  -45.0000 9934.6182   22.2494
   -7.5000  -15.0000  -45.000010602.9375   22.9086
    0.0000  -15.0000  -45.000011127.3799   22.8889
    7.5000  -15.0000  -45.000010706.5840   22.8557
   -7.5000   -7.5000  -45.000011304.9121   23.5258
    0.0000   -7.5000  -45.000011877.7637   23.5028
    7.5000   -7.5000  -45.000011425.1533   23.4646
   -7.5000    0.0000  -45.000011982.4541   24.2966
    0.0000    0.0000  -45.000012580.8965   24.2736
    7.5000    0.0000  -45.000012107.0684   24.2333
   -7.5000    7.5000  -45.000011823.0713   25.0471
    0.0000    7.5000  -45.000012420.1230   25.0234
    7.5000    7.5000  -45.000011923.3750   24.9801
   -7.5000   15.0000  -45.000011562.5947   25.8052
    0.0000   15.0000  -45.000012167.4424   25.7825
    7.5000   15.0000  -45.000011673.6260   25.7468
   -7.5000   22.5000  -45.000011206.9141   26.4012
    0.0000   22.5000  -45.000011802.2588   26.3810
    7.5000   22.5000  -45.000011316.7432   26.3409
   -7.5000   30.0000  -45.000010761.9775   26.8719
    0.0000   30.0000  -45.000011327.8799   26.8552
    7.5000   30.0000  -45.000010871.5352   26.8141
   -7.5000   37.5000  -45.000010699.2041   27.5370
    0.0000   37.5000  -45.000011244.1943   27.5120
    7.5000   37.5000  -45.000010808.3164   27.4672
   -7.5000   45.0000  -45.000010137.3350   27.9885
    0.0000   45.0000  -45.000010670.8789   27.9549
    7.5000   45.0000  -45.000010254.9102   27.9078
   -7.5000  -45.0000  -37.5000 8656.9619   20.8823
    0.0000  -45.0000  -37.5000 9060.8604   20.8621
    7.5000  -45.0000  -37.5000 8701.0566   20.8147
   -7.5000  -37.5000  -37.5000 8894.6270   21.1341
    0.0000  -37.5000  -37.5000 9316.9707   21.1173
    7.5000  -37.5000  -37.5000 8959.8135   21.0733
   -7.5000  -30.0000  -37.5000 9611.8721   21.6129
    0.0000  -30.0000  -37.500010073.0840   21.5932
    7.5000  -30.0000  -37.5000 9676.3867   21.5546
   -7.5000  -22.5000  -37.500010435.3760   22.2368
    0.0000  -22.5000  -37.500010949.4902   22.2177
    7.5000  -22.5000  -37.500010506.8467   22.1811
   -7.5000  -15.0000  -37.500011229.7627   22.8549
    0.0000  -15.0000  -37.500011782.5234   22.8352
    7.5000  -15.0000  -37.500011311.1172   22.7946
   -7.5000   -7.5000  -37.500011983.8447   23.4794
    0.0000   -7.5000  -37.500012597.8086   23.4578
    7.5000   -7.5000  -37.500012097.2402   23.4112
   -7.5000    0.0000  -37.500012750.2129   24.2460
    0.0000    0.0000  -37.500013411.7852   24.2253
    7.5000    0.0000  -37.500012883.1328   24.1775
   -7.5000    7.5000  -37.500012591.9473   24.9826
    0.0000    7.5000  -37.500013253.3672   24.9624
    7.5000    7.5000  -37.500012714.4707   24.9137
   -7.5000   15.0000  -37.500012378.0459   25.7449
    0.0000   15.0000  -37.500013043.4082   25.7235
    7.5000   15.0000  -37.500012496.3164   25.6803
   -7.5000   22.5000  -37.500012019.9072   26.3334
    0.0000   22.5000  -37.500012678.5352   26.3145
    7.5000   22.5000  -37.500012144.8574   26.2685
   -7.5000   30.0000  -37.500011543.3018   26.8001
    0.0000   30.0000  -37.500012179.6465   26.7857
    7.5000   30.0000  -37.500011673.4521   26.7372
   -7.5000   37.5000  -37.500011472.8906   27.4634
    0.0000   37.5000  -37.500012094.2031   27.4421
    7.5000   37.5000  -37.500011608.4785   27.3864
   -7.5000   45.0000  -37.500010885.7744   27.9059
    0.0000   45.0000  -37.500011482.0117   27.8760
    7.5000   45.0000  -37.500011023.9170   27.8174
   -7.5000  -45.0000  -30.0000 9252.0342   21.7139
    0.0000  -45.0000  -30.0000 9676.0713   21.6835
    7.5000  -45.0000  -30.0000 9284.7080   21.6325
   -7.5000  -37.5000  -30.0000 9532.4814   21.9636
    0.0000  -37.5000  -30.0000 9977.9531   21.9391
    7.5000  -37.5000  -30.0000 9590.6592   21.8934
   -7.5000  -30.0000  -30.000010305.3906   22.4826
    0.0000  -30.0000  -30.000010790.2871   22.4558
    7.5000  -30.0000  -30.000010372.8174   22.4157
   -7.5000  -22.5000  -30.000011178.6953   23.1618
    0.0000  -22.5000  -30.000011716.8096   23.1349
    7.5000  -22.5000  -30.000011259.3447   23.0950
   -7.5000  -15.0000  -30.000012023.5469   23.8373
    0.0000  -15.0000  -30.000012616.9746   23.8075
    7.5000  -15.0000  -30.000012123.3750   23.7609
   -7.5000   -7.5000  -30.000012857.0557   24.5125
    0.0000   -7.5000  -30.000013530.9316   24.4797
    7.5000   -7.5000  -30.000012977.1709   24.4263
   -7.5000    0.0000  -30.000013708.2412   25.3305
    0.0000    0.0000  -30.000014441.9951   25.2990
    7.5000    0.0000  -30.000013849.4092   25.2471
   -7.5000    7.5000  -30.000013601.8877   26.0895
    0.0000    7.5000  -30.000014333.5127   26.0604
    7.5000    7.5000  -30.000013728.6504   26.0092
   -7.5000   15.0000  -30.000013367.1035   26.8905
    0.0000   15.0000  -30.000014115.5977   26.8602
    7.5000   15.0000  -30.000013501.0146   26.8125
   -7.5000   22.5000  -30.000012993.1445   27.5145
    0.0000   22.5000  -30.000013737.9980   27.4853
    7.5000   22.5000  -30.000013132.1455   27.4345
   -7.5000   30.0000  -30.000012484.8555   28.0129
    0.0000   30.0000  -30.000013197.1230   27.9849
    7.5000   30.0000  -30.000012622.0312   27.9279
   -7.5000   37.5000  -30.000012408.0576   28.7049
    0.0000   37.5000  -30.000013117.8721   28.6697
    7.5000   37.5000  -30.000012547.0098   28.6029
   -7.5000   45.0000  -30.000011805.6357   29.1550
    0.0000   45.0000  -30.000012452.5859   29.1119
    7.5000   45.0000  -30.000011929.7080   29.0449
   -7.5000  -45.0000  -22.5000 9862.5283   22.3763
    0.0000  -45.0000  -22.500010302.4014   22.3332
    7.5000  -45.0000  -22.5000 9875.2061   22.2858
   -7.5000  -37.5000  -22.500010174.5205   22.6320
    0.0000  -37.5000  -22.500010642.6201   22.5950
    7.5000  -37.5000  -22.500010220.6631   22.5528
   -7.5000  -30.0000  -22.500011011.4404   23.1881
    0.0000  -30.0000  -22.500011518.4062   23.1508
    7.5000  -30.0000  -22.500011065.5547   23.1145
   -7.5000  -22.5000  -22.500011950.1240   23.9089
    0.0000  -22.5000  -22.500012517.5312   23.8730
    7.5000  -22.5000  -22.500012028.8008   23.8366
   -7.5000  -15.0000  -22.500012860.3389   24.6224
    0.0000  -15.0000  -22.500013481.7090   24.5825
    7.5000  -15.0000  -22.500012966.1738   24.5380
   -7.5000   -7.5000  -22.500013765.2900   25.3355
    0.0000   -7.5000  -22.500014453.3164   25.2902
    7.5000   -7.5000  -22.500013880.5137   25.2393
   -7.5000    0.0000  -22.500014712.0713   26.2005
    0.0000    0.0000  -22.500015471.8672   26.1547
    7.5000    0.0000  -22.500014848.1768   26.1071
   -7.5000    7.5000  -22.500014644.7725   26.9847
    0.0000    7.5000  -22.500015430.8281   26.9407
    7.5000    7.5000  -22.500014763.4854   26.8929
   -7.5000   15.0000  -22.500014392.8447   27.8086
    0.0000   15.0000  -22.500015195.8789   27.7651
    7.5000   15.0000  -22.500014511.4160   27.7210
   -7.5000   22.5000  -22.500014016.7598   28.4664
    0.0000   22.5000  -22.500014807.0332   28.4231
    7.5000   22.5000  -22.500014119.6553   28.3744
   -7.5000   30.0000  -22.500013499.1084   28.9917
    0.0000   30.0000  -22.500014269.0381   28.9466
    7.5000   30.0000  -22.500013616.3867   28.8895
   -7.5000   37.5000  -22.500013416.6621   29.7056
    0.0000   37.5000  -22.500014188.0127   29.6523
    7.5000   37.5000  -22.500013547.6846   29.5863
   -7.5000   45.0000  -22.500012720.9980   30.1635
    0.0000   45.0000  -22.500013438.3828   30.1021
    7.5000   45.0000  -22.500012847.5010   30.0391
   -7.5000  -45.0000  -15.000010473.7314   22.8077
    0.0000  -45.0000  -15.000010935.6650   22.7625
    7.5000  -45.0000  -15.000010493.2988   22.7219
   -7.5000  -37.5000  -15.000010840.7803   23.0794
    0.0000  -37.5000  -15.000011317.7080   23.0381
    7.5000  -37.5000  -15.000010875.1572   22.9999
   -7.5000  -30.0000  -15.000011736.0557   23.6602
    0.0000  -30.0000  -15.000012263.8672   23.6194
    7.5000  -30.0000  -15.000011787.7930   23.5866
   -7.5000  -22.5000  -15.000012755.6729   24.4023
    0.0000  -22.5000  -15.000013357.9053   24.3650
    7.5000  -22.5000  -15.000012833.9307   24.3336
   -7.5000  -15.0000  -15.000013738.0547   25.1321
    0.0000  -15.0000  -15.000014409.2314   25.0917
    7.5000  -15.0000  -15.000013855.3818   25.0541
   -7.5000   -7.5000  -15.000014716.7295   25.8694
    0.0000   -7.5000  -15.000015446.8936   25.8225
    7.5000   -7.5000  -15.000014845.2842   25.7803
   -7.5000    0.0000  -15.000015741.5664   26.7779
    0.0000    0.0000  -15.000016542.3262   26.7290
    7.5000    0.0000  -15.000015885.4902   26.6890
   -7.5000    7.5000  -15.000015724.6650   27.5886
    0.0000    7.5000  -15.000016558.3379   27.5390
    7.5000    7.5000  -15.000015860.7373   27.4956
   -7.5000   15.0000  -15.000015460.7139   28.4202
    0.0000   15.0000  -15.000016301.3203   28.3726
    7.5000   15.0000  -15.000015583.8896   28.3349
   -7.5000   22.5000  -15.000015068.0586   29.0974
    0.0000   22.5000  -15.000015920.1523   29.0503
    7.5000   22.5000  -15.000015186.0635   29.0063
   -7.5000   30.0000  -15.000014541.5596   29.6326
    0.0000   30.0000  -15.000015387.8174   29.5845
    7.5000   30.0000  -15.000014668.2979   29.5338
   -7.5000   37.5000  -15.000014448.3975   30.3591
    0.0000   37.5000  -15.000015271.5527   30.3017
    7.5000   37.5000  -15.000014567.3086   30.2473
   -7.5000   45.0000  -15.000013696.3428   30.8355
    0.0000   45.0000  -15.000014460.7939   30.7694
    7.5000   45.0000  -15.000013804.2363   30.7187
   -7.5000  -45.0000   -7.500011031.2627   23.0075
    0.0000  -45.0000   -7.500011535.5176   22.9722
    7.5000  -45.0000   -7.500011056.8301   22.9334
   -7.5000  -37.5000   -7.500011443.4326   23.2961
    0.0000  -37.5000   -7.500011955.1748   23.2634
    7.5000  -37.5000   -7.500011476.5635   23.2250
   -7.5000  -30.0000   -7.500012418.4590   23.8893
    0.0000  -30.0000   -7.500012966.7471   23.8567
    7.5000  -30.0000   -7.500012462.1787   23.8236
   -7.5000  -22.5000   -7.500013534.2441   24.6396
    0.0000  -22.5000   -7.500014130.5234   24.6105
    7.5000  -22.5000   -7.500013590.0127   24.5805
   -7.5000  -15.0000   -7.500014639.2188   25.3778
    0.0000  -15.0000   -7.500015303.2881   25.3464
    7.5000  -15.0000   -7.500014723.0273   25.3129
   -7.5000   -7.5000   -7.500015712.8672   26.1324
    0.0000   -7.5000   -7.500016439.2930   26.0953
    7.5000   -7.5000   -7.500015804.5303   26.0578
   -7.5000    0.0000   -7.500016812.7422   27.0763
    0.0000    0.0000   -7.500017607.3691   27.0380
    7.5000    0.0000   -7.500016926.5020   26.9997
   -7.5000    7.5000   -7.500016800.9648   27.9069
    0.0000    7.5000   -7.500017664.4707   27.8673
    7.5000    7.5000   -7.500016932.4316   27.8240
   -7.5000   15.0000   -7.500016547.3965   28.7417
    0.0000   15.0000   -7.500017429.5156   28.7045
    7.5000   15.0000   -7.500016654.4961   28.6694
   -7.5000   22.5000   -7.500016144.7432   29.4153
    0.0000   22.5000   -7.500017033.1309   29.3796
    7.5000   22.5000   -7.500016262.8193   29.3379
   -7.5000   30.0000   -7.500015551.4229   29.9450
    0.0000   30.0000   -7.500016420.4746   29.9103
    7.5000   30.0000   -7.500015686.1934   29.8659
   -7.5000   37.5000   -7.500015445.6289   30.6794
    0.0000   37.5000   -7.500016272.2119   30.6351
    7.5000   37.5000   -7.500015549.9375   30.5893
   -7.5000   45.0000   -7.500014651.5869   31.1784
    0.0000   45.0000   -7.500015407.5850   31.1255
    7.5000   45.0000   -7.500014724.0840   31.0804
   -7.5000  -45.0000    0.000011526.2041   23.1424
    0.0000  -45.0000    0.000012046.2256   23.1183
    7.5000  -45.0000    0.000011517.0283   23.0734
   -7.5000  -37.5000    0.000011962.6182   23.4340
    0.0000  -37.5000    0.000012485.2617   23.4123
    7.5000  -37.5000    0.000011964.7451   23.3690
   -7.5000  -30.0000    0.000012985.7090   24.0298
    0.0000  -30.0000    0.000013528.2236   24.0067
    7.5000  -30.0000    0.000012994.2080   23.9691
   -7.5000  -22.5000    0.000014153.9346   24.7874
    0.0000  -22.5000    0.000014764.9053   24.7667
    7.5000  -22.5000    0.000014203.1289   24.7326
   -7.5000  -15.0000    0.000015344.5479   25.5432
    0.0000  -15.0000    0.000016028.3545   25.5213
    7.5000  -15.0000    0.000015410.4609   25.4844
   -7.5000   -7.5000    0.000016519.7988   26.3253
    0.0000   -7.5000    0.000017237.9492   26.2997
    7.5000   -7.5000    0.000016579.9590   26.2570
   -7.5000    0.0000    0.000017729.7812   27.2999
    0.0000    0.0000    0.000018529.7871   27.2741
    7.5000    0.0000    0.000017839.1738   27.2289
   -7.5000    7.5000    0.000017776.9238   28.1378
    0.0000    7.5000    0.000018689.2969   28.1113
    7.5000    7.5000    0.000017912.1562   28.0626
   -7.5000   15.0000    0.000017585.8398   28.9842
    0.0000   15.0000    0.000018419.3633   28.9587
    7.5000   15.0000    0.000017617.0703   28.9186
   -7.5000   22.5000    0.000017136.9316   29.6439
    0.0000   22.5000    0.000017925.5098   29.6213
    7.5000   22.5000    0.000017172.1406   29.5764
   -7.5000   30.0000    0.000016526.7441   30.1654
    0.0000   30.0000    0.000017296.2715   30.1467
    7.5000   30.0000    0.000016571.2715   30.1007
   -7.5000   37.5000    0.000016416.2617   30.9099
    0.0000   37.5000    0.000017146.3457   30.8821
    7.5000   37.5000    0.000016424.9961   30.8318
   -7.5000   45.0000    0.000015548.8330   31.4244
    0.0000   45.0000    0.000016256.3896   31.3869
    7.5000   45.0000    0.000015539.4189   31.3341
   -7.5000  -45.0000    7.500011080.3467   23.0697
    0.0000  -45.0000    7.500011565.5244   23.0474
    7.5000  -45.0000    7.500011054.1279   22.9950
   -7.5000  -37.5000    7.500011517.5869   23.3478
    0.0000  -37.5000    7.500012017.7119   23.3292
    7.5000  -37.5000    7.500011513.0762   23.2806
   -7.5000  -30.0000    7.500012509.5117   23.9363
    0.0000  -30.0000    7.500013040.9307   23.9144
    7.5000  -30.0000    7.500012506.0635   23.8718
   -7.5000  -22.5000    7.500013652.5107   24.6972
    0.0000  -22.5000    7.500014238.4395   24.6760
    7.5000  -22.5000    7.500013682.1387   24.6354
   -7.5000  -15.0000    7.500014807.3711   25.4642
    0.0000  -15.0000    7.500015443.3164   25.4423
    7.5000  -15.0000    7.500014845.3486   25.3971
   -7.5000   -7.5000    7.500015977.3838   26.2562
    0.0000   -7.5000    7.500016618.4707   26.2321
    7.5000   -7.5000    7.500015987.5752   26.1800
   -7.5000    0.0000    7.500017202.7617   27.2279
    0.0000    0.0000    7.500017930.8691   27.2047
    7.5000    0.0000    7.500017237.7676   27.1510
   -7.5000    7.5000    7.500017304.7363   28.0511
    0.0000    7.5000    7.500018179.6289   28.0285
    7.5000    7.5000    7.500017413.1250   27.9738
   -7.5000   15.0000    7.500017207.0176   28.9054
    0.0000   15.0000    7.500017972.6758   28.8813
    7.5000   15.0000    7.500017211.5742   28.8330
   -7.5000   22.5000    7.500016775.4922   29.5605
    0.0000   22.5000    7.500017392.8809   29.5393
    7.5000   22.5000    7.500016682.9570   29.4878
   -7.5000   30.0000    7.500016186.5303   30.0820
    0.0000   30.0000    7.500016830.5078   30.0658
    7.5000   30.0000    7.500016124.9209   30.0114
   -7.5000   37.5000    7.500016047.6807   30.8265
    0.0000   37.5000    7.500016746.2070   30.8027
    7.5000   37.5000    7.500016027.9814   30.7401
   -7.5000   45.0000    7.500015191.9326   31.3358
    0.0000   45.0000    7.500015899.8896   31.3022
    7.5000   45.0000    7.500015202.5996   31.2365
   -7.5000  -45.0000   15.000010522.5527   23.0297
    0.0000  -45.0000   15.000010955.4238   22.9977
    7.5000  -45.0000   15.000010484.3623   22.9439
   -7.5000  -37.5000   15.000010973.1875   23.2946
    0.0000  -37.5000   15.000011444.0742   23.2687
    7.5000  -37.5000   15.000010970.5918   23.2206
   -7.5000  -30.0000   15.000011890.0850   23.8825
    0.0000  -30.0000   15.000012409.4902   23.8542
    7.5000  -30.0000   15.000011894.0010   23.8119
   -7.5000  -22.5000   15.000012954.0840   24.6517
    0.0000  -22.5000   15.000013523.1279   24.6231
    7.5000  -22.5000   15.000012981.2373   24.5810
   -7.5000  -15.0000   15.000014054.9805   25.4307
    0.0000  -15.0000   15.000014649.6680   25.3990
    7.5000  -15.0000   15.000014079.3076   25.3497
   -7.5000   -7.5000   15.000015206.6602   26.2273
    0.0000   -7.5000   15.000015810.4717   26.1924
    7.5000   -7.5000   15.000015203.3076   26.1357
   -7.5000    0.0000   15.000016447.1328   27.1914
    0.0000    0.0000   15.000017096.3555   27.1578
    7.5000    0.0000   15.000016429.3301   27.1026
   -7.5000    7.5000   15.000016569.8574   28.0043
    0.0000    7.5000   15.000017293.0254   27.9731
    7.5000    7.5000   15.000016633.9062   27.9186
   -7.5000   15.0000   15.000016463.4785   28.8634
    0.0000   15.0000   15.000017187.5762   28.8311
    7.5000   15.0000   15.000016590.0430   28.7803
   -7.5000   22.5000   15.000016120.0381   29.5286
    0.0000   22.5000   15.000016864.2188   29.4975
    7.5000   22.5000   15.000016229.0420   29.4434
   -7.5000   30.0000   15.000015550.5977   30.0616
    0.0000   30.0000   15.000016287.9355   30.0318
    7.5000   30.0000   15.000015611.7598   29.9711
   -7.5000   37.5000   15.000015372.5059   30.8038
    0.0000   37.5000   15.000016108.4766   30.7664
    7.5000   37.5000   15.000015429.6357   30.6952
   -7.5000   45.0000   15.000014553.6172   31.2947
    0.0000   45.0000   15.000015301.9648   31.2489
    7.5000   45.0000   15.000014627.8740   31.1774
   -7.5000  -45.0000   22.5000 9808.6172   23.0228
    0.0000  -45.0000   22.500010254.7773   22.9783
    7.5000  -45.0000   22.5000 9800.8740   22.9299
   -7.5000  -37.5000   22.500010305.1836   23.2859
    0.0000  -37.5000   22.500010779.7139   23.2478
    7.5000  -37.5000   22.500010319.8652   23.2049
   -7.5000  -30.0000   22.500011177.8662   23.8831
    0.0000  -30.0000   22.500011681.2568   23.8446
    7.5000  -30.0000   22.500011192.2197   23.8078
   -7.5000  -22.5000   22.500012194.3926   24.6569
    0.0000  -22.5000   22.500012728.9033   24.6198
    7.5000  -22.5000   22.500012205.1396   24.5828
   -7.5000  -15.0000   22.500013244.3262   25.4362
    0.0000  -15.0000   22.500013804.1064   25.3948
    7.5000  -15.0000   22.500013234.1729   25.3492
   -7.5000   -7.5000   22.500014361.1885   26.2283
    0.0000   -7.5000   22.500014941.8018   26.1813
    7.5000   -7.5000   22.500014338.5312   26.1289
   -7.5000    0.0000   22.500015545.8223   27.1859
    0.0000    0.0000   22.500016174.7041   27.1383
    7.5000    0.0000   22.500015540.9990   27.0893
   -7.5000    7.5000   22.500015717.6562   27.9995
    0.0000    7.5000   22.500016360.5186   27.9539
    7.5000    7.5000   22.500015748.0752   27.9049
   -7.5000   15.0000   22.500015576.0625   28.8547
    0.0000   15.0000   22.500016222.5195   28.8096
    7.5000   15.0000   22.500015616.7998   28.7645
   -7.5000   22.5000   22.500015250.2031   29.5346
    0.0000   22.5000   22.500015955.5020   29.4898
    7.5000   22.5000   22.500015324.1045   29.4400
   -7.5000   30.0000   22.500014719.5352   30.0796
    0.0000   30.0000   22.500015450.6689   30.0330
    7.5000   30.0000   22.500014820.7676   29.9743
   -7.5000   37.5000   22.500014591.0596   30.8191
    0.0000   37.5000   22.500015324.8662   30.7640
    7.5000   37.5000   22.500014704.9229   30.6961
   -7.5000   45.0000   22.500013841.1787   31.2996
    0.0000   45.0000   22.500014543.2100   31.2360
    7.5000   45.0000   22.500013942.0801   31.1715
   -7.5000  -45.0000   30.0000 9047.2559   23.0258
    0.0000  -45.0000   30.0000 9466.2656   22.9794
    7.5000  -45.0000   30.0000 9022.6523   22.9384
   -7.5000  -37.5000   30.0000 9533.3252   23.2995
    0.0000  -37.5000   30.000010001.2793   23.2573
    7.5000  -37.5000   30.0000 9536.3281   23.2190
   -7.5000  -30.0000   30.000010361.8867   23.9063
    0.0000  -30.0000   30.000010861.5430   23.8644
    7.5000  -30.0000   30.000010362.5957   23.8316
   -7.5000  -22.5000   30.000011347.4561   24.6782
    0.0000  -22.5000   30.000011877.8818   24.6397
    7.5000  -22.5000   30.000011346.5898   24.6081
   -7.5000  -15.0000   30.000012333.9355   25.4476
    0.0000  -15.0000   30.000012883.4395   25.4060
    7.5000  -15.0000   30.000012322.1523   25.3678
   -7.5000   -7.5000   30.000013357.1289   26.2313
    0.0000   -7.5000   30.000013932.6328   26.1829
    7.5000   -7.5000   30.000013337.6074   26.1401
   -7.5000    0.0000   30.000014449.8447   27.1927
    0.0000    0.0000   30.000015073.9629   27.1423
    7.5000    0.0000   30.000014439.0156   27.1018
   -7.5000    7.5000   30.000014612.4287   28.0184
    0.0000    7.5000   30.000015256.0898   27.9675
    7.5000    7.5000   30.000014600.5869   27.9239
   -7.5000   15.0000   30.000014476.2822   28.8666
    0.0000   15.0000   30.000015134.5869   28.8177
    7.5000   15.0000   30.000014470.8896   28.7800
   -7.5000   22.5000   30.000014173.1621   29.5561
    0.0000   22.5000   30.000014843.9229   29.5078
    7.5000   22.5000   30.000014204.3799   29.4634
   -7.5000   30.0000   30.000013679.8506   30.1035
    0.0000   30.0000   30.000014341.4951   30.0543
    7.5000   30.0000   30.000013736.9277   30.0031
   -7.5000   37.5000   30.000013611.5146   30.8398
    0.0000   37.5000   30.000014276.5352   30.7812
    7.5000   37.5000   30.000013672.4297   30.7263
   -7.5000   45.0000   30.000012914.4912   31.3304
    0.0000   45.0000   30.000013569.7607   31.2631
    7.5000   45.0000   30.000012987.8223   31.2123
   -7.5000  -45.0000   37.5000 8633.0254   23.3109
    0.0000  -45.0000   37.5000 9015.9639   23.2735
    7.5000  -45.0000   37.5000 8584.3311   23.2337
   -7.5000  -37.5000   37.5000 9121.3779   23.5998
    0.0000  -37.5000   37.5000 9547.0898   23.5650
    7.5000  -37.5000   37.5000 9100.0410   23.5259
   -7.5000  -30.0000   37.5000 9918.6172   24.2130
    0.0000  -30.0000   37.500010389.2852   24.1780
    7.5000  -30.0000   37.5000 9897.8936   24.1442
   -7.5000  -22.5000   37.500010855.9219   24.9857
    0.0000  -22.5000   37.500011369.2695   24.9542
    7.5000  -22.5000   37.500010835.0596   24.9238
   -7.5000  -15.0000   37.500011816.4082   25.7519
    0.0000  -15.0000   37.500012358.9561   25.7180
    7.5000  -15.0000   37.500011767.7764   25.6842
   -7.5000   -7.5000   37.500012777.8174   26.5397
    0.0000   -7.5000   37.500013356.1768   26.5001
    7.5000   -7.5000   37.500012705.6846   26.4620
   -7.5000    0.0000   37.500013776.5908   27.5222
    0.0000    0.0000   37.500014417.6270   27.4815
    7.5000    0.0000   37.500013702.4141   27.4424
   -7.5000    7.5000   37.500013909.5859   28.3719
    0.0000    7.5000   37.500014580.0889   28.3297
    7.5000    7.5000   37.500013849.7549   28.2856
   -7.5000   15.0000   37.500013798.8418   29.2332
    0.0000   15.0000   37.500014474.6221   29.1931
    7.5000   15.0000   37.500013765.7080   29.1575
   -7.5000   22.5000   37.500013521.5732   29.9284
    0.0000   22.5000   37.500014187.7910   29.8899
    7.5000   22.5000   37.500013520.6025   29.8479
   -7.5000   30.0000   37.500013069.9453   30.4776
    0.0000   30.0000   37.500013717.8301   30.4403
    7.5000   30.0000   37.500013094.8174   30.3959
   -7.5000   37.5000   37.500013043.2178   31.2276
    0.0000   37.5000   37.500013692.4307   31.1809
    7.5000   37.5000   37.500013077.8232   31.1352
   -7.5000   45.0000   37.500012402.4111   31.7498
    0.0000   45.0000   37.500013040.7363   31.6944
    7.5000   45.0000   37.500012449.6641   31.6493
   -7.5000  -45.0000   45.0000 7885.1187   23.8570
    0.0000  -45.0000   45.0000 8210.8447   23.8292
    7.5000  -45.0000   45.0000 7810.0830   23.7810
   -7.5000  -37.5000   45.0000 8298.6865   23.9879
    0.0000  -37.5000   45.0000 8660.7637   23.9632
    7.5000  -37.5000   45.0000 8238.8691   23.9189
   -7.5000  -30.0000   45.0000 9031.8066   24.6084
    0.0000  -30.0000   45.0000 9450.2109   24.5828
    7.5000  -30.0000   45.0000 8978.4082   24.5444
   -7.5000  -22.5000   45.0000 9902.9951   25.4164
    0.0000  -22.5000   45.000010374.8555   25.3942
    7.5000  -22.5000   45.0000 9834.2998   25.3591
   -7.5000  -15.0000   45.000010810.1982   26.2434
    0.0000  -15.0000   45.000011326.1963   26.2200
    7.5000  -15.0000   45.000010722.8525   26.1813
   -7.5000   -7.5000   45.000011717.9902   27.1056
    0.0000   -7.5000   45.000012261.4307   27.0773
    7.5000   -7.5000   45.000011611.8672   27.0320
   -7.5000    0.0000   45.000012613.7090   28.1349
    0.0000    0.0000   45.000013208.2012   28.1052
    7.5000    0.0000   45.000012495.1025   28.0572
   -7.5000    7.5000   45.000012610.1826   28.8267
    0.0000    7.5000   45.000013226.8613   28.7967
    7.5000    7.5000   45.000012518.7900   28.7472
   -7.5000   15.0000   45.000012553.0684   29.7119
    0.0000   15.0000   45.000013171.6992   29.6835
    7.5000   15.0000   45.000012481.8018   29.6432
   -7.5000   22.5000   45.000012317.9014   30.4196
    0.0000   22.5000   45.000012912.6914   30.3958
    7.5000   22.5000   45.000012275.5859   30.3504
   -7.5000   30.0000   45.000011938.0205   30.9825
    0.0000   30.0000   45.000012513.1475   30.9631
    7.5000   30.0000   45.000011926.5586   30.9165
   -7.5000   37.5000   45.000011925.8086   31.7606
    0.0000   37.5000   45.000012521.6240   31.7309
    7.5000   37.5000   45.000011933.5078   31.6802
   -7.5000   45.0000   45.000011363.9199   32.3221
    0.0000   45.0000   45.000011951.2197   32.2811
    7.5000   45.0000   45.000011402.2568   32.2284

---------------------------------------------------------------------
imgreg_4dfp /opt/freesurfer/average/3T18yoSchwartzReactN32_as_orig /opt/freesurfer/average/711-2B_as_mni_average_305_mask talsrcimg_g11 none talsrcimg_to_3T18yoSchwartzReactN32_as_orig_t4 4355
---------------------------------------------------------------------

freesurfer imgreg_4dfp.c
/opt/freesurfer/average/3T18yoSchwartzReactN32_as_orig.4dfp.img
       256       256       256         1
  1.000000  1.000000  1.000000
orientation T byte_order littleendian
Reading image: /opt/freesurfer/average/3T18yoSchwartzReactN32_as_orig.4dfp.img
dimensions:      256       256       256
mmppix:       1.0000   -1.0000   -1.0000
center:     128.0000 -129.0000 -129.0000
/opt/freesurfer/average/711-2B_as_mni_average_305_mask.4dfp.img
       256       256       256         1
  1.000000  1.000000  1.000000
orientation T byte_order littleendian
Reading mask: /opt/freesurfer/average/711-2B_as_mni_average_305_mask.4dfp.img (2306576 pixels)
talsrcimg_g11.4dfp.img
       320       320       320         1
  0.799996  0.799996  0.799996
orientation T byte_order littleendian
Reading image: talsrcimg_g11.4dfp.img
dimensions:      320       320       320
mmppix:       0.8000   -0.8000   -0.8000
center:     127.9994 -128.7994 -128.7994
rotation matrix determinant  1.000000
image alignment mode   4355 decimal     1103 hex
   -7.5000  -37.5000  -45.0000 2052.9648   36.1272
    0.0000  -37.5000  -45.0000 2069.5615   35.5734
    7.5000  -37.5000  -45.0000 2055.8154   35.6391
   -7.5000  -30.0000  -45.0000 2101.5754   35.1518
    0.0000  -30.0000  -45.0000 2123.1382   34.6595
    7.5000  -30.0000  -45.0000 2105.9395   34.6519
   -7.5000  -22.5000  -45.0000 2149.1106   34.0563
    0.0000  -22.5000  -45.0000 2174.5342   33.5653
    7.5000  -22.5000  -45.0000 2158.3137   33.6094
   -7.5000  -15.0000  -45.0000 2198.3274   32.9599
    0.0000  -15.0000  -45.0000 2219.6499   32.5363
    7.5000  -15.0000  -45.0000 2206.6729   32.5259
   -7.5000   -7.5000  -45.0000 2237.9243   31.9769
    0.0000   -7.5000  -45.0000 2260.8174   31.6062
    7.5000   -7.5000  -45.0000 2248.3071   31.5338
   -7.5000    0.0000  -45.0000 2262.6816   31.1195
    0.0000    0.0000  -45.0000 2282.4480   30.7216
    7.5000    0.0000  -45.0000 2270.8713   30.6253
   -7.5000    7.5000  -45.0000 2272.6580   30.3356
    0.0000    7.5000  -45.0000 2295.7209   29.9292
    7.5000    7.5000  -45.0000 2280.7043   29.8781
   -7.5000   15.0000  -45.0000 2272.3877   29.8681
    0.0000   15.0000  -45.0000 2289.0574   29.2698
    7.5000   15.0000  -45.0000 2274.1396   29.2029
   -7.5000   22.5000  -45.0000 2258.0920   29.5608
    0.0000   22.5000  -45.0000 2281.7722   28.9539
    7.5000   22.5000  -45.0000 2272.1338   28.9351
   -7.5000   30.0000  -45.0000 2239.0208   29.7597
    0.0000   30.0000  -45.0000 2263.6265   29.1112
    7.5000   30.0000  -45.0000 2252.8945   29.0516
   -7.5000   37.5000  -45.0000 2211.5649   30.6023
    0.0000   37.5000  -45.0000 2230.8782   29.8744
    7.5000   37.5000  -45.0000 2222.8503   29.7559
   -7.5000   45.0000  -45.0000 2159.9570   32.0871
    0.0000   45.0000  -45.0000 2184.2009   31.3464
    7.5000   45.0000  -45.0000 2174.3965   31.2135
   -7.5000   52.5000  -45.0000 2072.4675   34.1549
    0.0000   52.5000  -45.0000 2100.4072   33.3830
    7.5000   52.5000  -45.0000 2091.8557   33.2623
   -7.5000  -37.5000  -37.5000 2134.6406   33.4407
    0.0000  -37.5000  -37.5000 2153.2170   32.9688
    7.5000  -37.5000  -37.5000 2139.6069   32.9932
   -7.5000  -30.0000  -37.5000 2191.5015   32.5964
    0.0000  -30.0000  -37.5000 2212.4028   32.1220
    7.5000  -30.0000  -37.5000 2195.7966   32.0981
   -7.5000  -22.5000  -37.5000 2252.6162   31.5074
    0.0000  -22.5000  -37.5000 2274.1982   31.0433
    7.5000  -22.5000  -37.5000 2256.7737   31.0456
   -7.5000  -15.0000  -37.5000 2297.1790   30.4033
    0.0000  -15.0000  -37.5000 2316.0427   29.9520
    7.5000  -15.0000  -37.5000 2299.2524   29.9727
   -7.5000   -7.5000  -37.5000 2331.6050   29.4753
    0.0000   -7.5000  -37.5000 2353.6294   29.0414
    7.5000   -7.5000  -37.5000 2336.1604   28.9823
   -7.5000    0.0000  -37.5000 2359.8303   28.6240
    0.0000    0.0000  -37.5000 2379.9976   28.2355
    7.5000    0.0000  -37.5000 2367.4102   28.1745
   -7.5000    7.5000  -37.5000 2370.3823   27.9179
    0.0000    7.5000  -37.5000 2393.9307   27.4963
    7.5000    7.5000  -37.5000 2380.0444   27.4424
   -7.5000   15.0000  -37.5000 2379.1611   27.4188
    0.0000   15.0000  -37.5000 2399.4976   26.9479
    7.5000   15.0000  -37.5000 2384.8442   26.8799
   -7.5000   22.5000  -37.5000 2379.9021   27.2705
    0.0000   22.5000  -37.5000 2404.3652   26.7562
    7.5000   22.5000  -37.5000 2395.5225   26.7064
   -7.5000   30.0000  -37.5000 2362.6274   27.4709
    0.0000   30.0000  -37.5000 2393.1179   26.8656
    7.5000   30.0000  -37.5000 2383.1401   26.8466
   -7.5000   37.5000  -37.5000 2335.7839   28.2898
    0.0000   37.5000  -37.5000 2361.3796   27.6070
    7.5000   37.5000  -37.5000 2353.9980   27.5251
   -7.5000   45.0000  -37.5000 2287.3267   29.7268
    0.0000   45.0000  -37.5000 2315.8391   29.0705
    7.5000   45.0000  -37.5000 2305.0959   28.9296
   -7.5000   52.5000  -37.5000 2202.3379   31.6615
    0.0000   52.5000  -37.5000 2226.5442   30.9903
    7.5000   52.5000  -37.5000 2220.3389   30.9117
   -7.5000  -37.5000  -30.0000 2258.9478   32.3050
    0.0000  -37.5000  -30.0000 2276.8647   31.7829
    7.5000  -37.5000  -30.0000 2265.3777   31.8743
   -7.5000  -30.0000  -30.0000 2314.0989   31.3235
    0.0000  -30.0000  -30.0000 2336.6384   30.8172
    7.5000  -30.0000  -30.0000 2325.0356   30.8457
   -7.5000  -22.5000  -30.0000 2379.6055   30.2573
    0.0000  -22.5000  -30.0000 2401.3728   29.7863
    7.5000  -22.5000  -30.0000 2389.6567   29.7983
   -7.5000  -15.0000  -30.0000 2433.4106   29.2150
    0.0000  -15.0000  -30.0000 2453.7190   28.7707
    7.5000  -15.0000  -30.0000 2445.1792   28.7702
   -7.5000   -7.5000  -30.0000 2473.7993   28.2286
    0.0000   -7.5000  -30.0000 2500.8137   27.8032
    7.5000   -7.5000  -30.0000 2482.0637   27.6860
   -7.5000    0.0000  -30.0000 2504.7429   27.3791
    0.0000    0.0000  -30.0000 2530.7212   26.9183
    7.5000    0.0000  -30.0000 2512.5715   26.7694
   -7.5000    7.5000  -30.0000 2528.0078   26.6501
    0.0000    7.5000  -30.0000 2555.8660   26.2400
    7.5000    7.5000  -30.0000 2538.9565   26.1316
   -7.5000   15.0000  -30.0000 2535.9961   26.0684
    0.0000   15.0000  -30.0000 2567.6826   25.6714
    7.5000   15.0000  -30.0000 2549.3528   25.6096
   -7.5000   22.5000  -30.0000 2545.3176   25.9686
    0.0000   22.5000  -30.0000 2579.1748   25.5338
    7.5000   22.5000  -30.0000 2566.5066   25.4805
   -7.5000   30.0000  -30.0000 2529.6389   26.2688
    0.0000   30.0000  -30.0000 2565.4910   25.7287
    7.5000   30.0000  -30.0000 2553.8594   25.6920
   -7.5000   37.5000  -30.0000 2501.7937   27.1442
    0.0000   37.5000  -30.0000 2536.0950   26.5520
    7.5000   37.5000  -30.0000 2523.5635   26.4673
   -7.5000   45.0000  -30.0000 2458.7925   28.5014
    0.0000   45.0000  -30.0000 2487.3323   27.9077
    7.5000   45.0000  -30.0000 2479.5740   27.8331
   -7.5000   52.5000  -30.0000 2366.7178   30.3877
    0.0000   52.5000  -30.0000 2397.9658   29.7830
    7.5000   52.5000  -30.0000 2389.7971   29.7490
   -7.5000  -37.5000  -22.5000 2359.9707   31.1596
    0.0000  -37.5000  -22.5000 2378.5894   30.5997
    7.5000  -37.5000  -22.5000 2367.7302   30.7629
   -7.5000  -30.0000  -22.5000 2417.4209   30.0619
    0.0000  -30.0000  -22.5000 2440.5327   29.5446
    7.5000  -30.0000  -22.5000 2431.9875   29.6641
   -7.5000  -22.5000  -22.5000 2476.6914   28.9332
    0.0000  -22.5000  -22.5000 2502.6064   28.4291
    7.5000  -22.5000  -22.5000 2493.8430   28.4891
   -7.5000  -15.0000  -22.5000 2530.4973   27.8172
    0.0000  -15.0000  -22.5000 2556.1843   27.3793
    7.5000  -15.0000  -22.5000 2550.5850   27.3929
   -7.5000   -7.5000  -22.5000 2573.5923   26.7946
    0.0000   -7.5000  -22.5000 2604.6987   26.4405
    7.5000   -7.5000  -22.5000 2592.6387   26.3776
   -7.5000    0.0000  -22.5000 2610.7639   25.9002
    0.0000    0.0000  -22.5000 2645.0889   25.5233
    7.5000    0.0000  -22.5000 2629.5073   25.4393
   -7.5000    7.5000  -22.5000 2642.8389   25.2186
    0.0000    7.5000  -22.5000 2676.4021   24.7883
    7.5000    7.5000  -22.5000 2658.1592   24.7106
   -7.5000   15.0000  -22.5000 2660.0835   24.6421
    0.0000   15.0000  -22.5000 2698.1787   24.2877
    7.5000   15.0000  -22.5000 2678.5972   24.1980
   -7.5000   22.5000  -22.5000 2675.8997   24.5330
    0.0000   22.5000  -22.5000 2715.9587   24.1326
    7.5000   22.5000  -22.5000 2697.2078   24.0787
   -7.5000   30.0000  -22.5000 2669.7124   24.8981
    0.0000   30.0000  -22.5000 2710.3748   24.4392
    7.5000   30.0000  -22.5000 2697.3120   24.3997
   -7.5000   37.5000  -22.5000 2641.0366   25.7773
    0.0000   37.5000  -22.5000 2682.4849   25.2592
    7.5000   37.5000  -22.5000 2671.2900   25.2107
   -7.5000   45.0000  -22.5000 2587.6677   27.1761
    0.0000   45.0000  -22.5000 2623.2969   26.5757
    7.5000   45.0000  -22.5000 2616.8311   26.5651
   -7.5000   52.5000  -22.5000 2495.1562   29.0588
    0.0000   52.5000  -22.5000 2524.1526   28.4167
    7.5000   52.5000  -22.5000 2515.8816   28.3748
   -7.5000  -37.5000  -15.0000 2429.8313   30.1888
    0.0000  -37.5000  -15.0000 2447.8582   29.5948
    7.5000  -37.5000  -15.0000 2438.5847   29.7776
   -7.5000  -30.0000  -15.0000 2481.6101   29.0120
    0.0000  -30.0000  -15.0000 2505.7937   28.4016
    7.5000  -30.0000  -15.0000 2499.5596   28.6166
   -7.5000  -22.5000  -15.0000 2539.1531   27.7515
    0.0000  -22.5000  -15.0000 2569.0818   27.1878
    7.5000  -22.5000  -15.0000 2563.9304   27.3697
   -7.5000  -15.0000  -15.0000 2588.1855   26.5163
    0.0000  -15.0000  -15.0000 2623.4963   26.0061
    7.5000  -15.0000  -15.0000 2619.5586   26.1537
   -7.5000   -7.5000  -15.0000 2636.4685   25.4406
    0.0000   -7.5000  -15.0000 2674.5645   25.0218
    7.5000   -7.5000  -15.0000 2665.0449   25.0797
   -7.5000    0.0000  -15.0000 2680.7493   24.5475
    0.0000    0.0000  -15.0000 2719.3103   24.1274
    7.5000    0.0000  -15.0000 2705.1814   24.1169
   -7.5000    7.5000  -15.0000 2721.1267   23.8419
    0.0000    7.5000  -15.0000 2764.2959   23.4091
    7.5000    7.5000  -15.0000 2741.5183   23.3581
   -7.5000   15.0000  -15.0000 2745.5117   23.2420
    0.0000   15.0000  -15.0000 2789.2422   22.8216
    7.5000   15.0000  -15.0000 2768.6777   22.8103
   -7.5000   22.5000  -15.0000 2764.4482   23.1394
    0.0000   22.5000  -15.0000 2816.8828   22.7486
    7.5000   22.5000  -15.0000 2797.6760   22.7205
   -7.5000   30.0000  -15.0000 2770.0320   23.5805
    0.0000   30.0000  -15.0000 2825.6548   23.1721
    7.5000   30.0000  -15.0000 2807.1199   23.1075
   -7.5000   37.5000  -15.0000 2741.8564   24.4635
    0.0000   37.5000  -15.0000 2789.9741   23.9636
    7.5000   37.5000  -15.0000 2774.3054   23.9366
   -7.5000   45.0000  -15.0000 2686.5669   25.8960
    0.0000   45.0000  -15.0000 2725.3284   25.3160
    7.5000   45.0000  -15.0000 2714.8101   25.2962
   -7.5000   52.5000  -15.0000 2579.6318   27.8106
    0.0000   52.5000  -15.0000 2617.8845   27.2056
    7.5000   52.5000  -15.0000 2605.5979   27.1464
   -7.5000  -37.5000   -7.5000 2464.3892   29.4518
    0.0000  -37.5000   -7.5000 2488.7964   28.8718
    7.5000  -37.5000   -7.5000 2476.9553   29.0891
   -7.5000  -30.0000   -7.5000 2512.2090   28.2230
    0.0000  -30.0000   -7.5000 2536.3928   27.5741
    7.5000  -30.0000   -7.5000 2530.5225   27.8483
   -7.5000  -22.5000   -7.5000 2565.2097   26.8662
    0.0000  -22.5000   -7.5000 2587.6685   26.1842
    7.5000  -22.5000   -7.5000 2586.0620   26.4676
   -7.5000  -15.0000   -7.5000 2617.5891   25.5240
    0.0000  -15.0000   -7.5000 2645.5798   24.9250
    7.5000  -15.0000   -7.5000 2644.9717   25.1322
   -7.5000   -7.5000   -7.5000 2676.1270   24.4004
    0.0000   -7.5000   -7.5000 2706.0234   23.8379
    7.5000   -7.5000   -7.5000 2699.3674   23.9755
   -7.5000    0.0000   -7.5000 2728.8469   23.5017
    0.0000    0.0000   -7.5000 2760.1934   22.9389
    7.5000    0.0000   -7.5000 2749.0425   23.0190
   -7.5000    7.5000   -7.5000 2774.2646   22.7927
    0.0000    7.5000   -7.5000 2817.8455   22.2939
    7.5000    7.5000   -7.5000 2800.1467   22.3011
   -7.5000   15.0000   -7.5000 2801.2856   22.1770
    0.0000   15.0000   -7.5000 2848.9197   21.6136
    7.5000   15.0000   -7.5000 2829.5068   21.6644
   -7.5000   22.5000   -7.5000 2831.1091   22.0320
    0.0000   22.5000   -7.5000 2890.1917   21.5305
    7.5000   22.5000   -7.5000 2869.2031   21.5599
   -7.5000   30.0000   -7.5000 2830.4541   22.4594
    0.0000   30.0000   -7.5000 2891.0935   21.9735
    7.5000   30.0000   -7.5000 2874.9270   21.9437
   -7.5000   37.5000   -7.5000 2799.3562   23.4015
    0.0000   37.5000   -7.5000 2847.3977   22.8131
    7.5000   37.5000   -7.5000 2836.0645   22.7995
   -7.5000   45.0000   -7.5000 2740.8064   24.8901
    0.0000   45.0000   -7.5000 2779.1821   24.2428
    7.5000   45.0000   -7.5000 2772.3921   24.2261
   -7.5000   52.5000   -7.5000 2632.2698   26.8697
    0.0000   52.5000   -7.5000 2669.8333   26.1982
    7.5000   52.5000   -7.5000 2657.3618   26.1596
   -7.5000  -37.5000    0.0000 2489.5315   29.3147
    0.0000  -37.5000    0.0000 2509.9341   28.6168
    7.5000  -37.5000    0.0000 2496.3777   28.9317
   -7.5000  -30.0000    0.0000 2526.0225   27.9209
    0.0000  -30.0000    0.0000 2543.0964   27.1631
    7.5000  -30.0000    0.0000 2536.1074   27.5198
   -7.5000  -22.5000    0.0000 2568.2793   26.4360
    0.0000  -22.5000    0.0000 2589.7402   25.7059
    7.5000  -22.5000    0.0000 2583.0588   26.0232
   -7.5000  -15.0000    0.0000 2621.6184   25.0074
    0.0000  -15.0000    0.0000 2647.6133   24.3286
    7.5000  -15.0000    0.0000 2640.7561   24.5929
   -7.5000   -7.5000    0.0000 2681.0315   23.7745
    0.0000   -7.5000    0.0000 2708.9639   23.1140
    7.5000   -7.5000    0.0000 2700.2849   23.2969
   -7.5000    0.0000    0.0000 2745.5256   22.8288
    0.0000    0.0000    0.0000 2774.4602   22.1633
    7.5000    0.0000    0.0000 2766.7761   22.3110
   -7.5000    7.5000    0.0000 2810.2915   22.1618
    0.0000    7.5000    0.0000 2858.1409   21.6295
    7.5000    7.5000    0.0000 2842.4382   21.6906
   -7.5000   15.0000    0.0000 2846.5271   21.6322
    0.0000   15.0000    0.0000 2889.8159   20.9013
    7.5000   15.0000    0.0000 2870.2000   20.9915
   -7.5000   22.5000    0.0000 2870.7957   21.4807
    0.0000   22.5000    0.0000 2918.7429   20.6459
    7.5000   22.5000    0.0000 2903.8391   20.7424
   -7.5000   30.0000    0.0000 2873.5337   21.9211
    0.0000   30.0000    0.0000 2921.5752   21.1726
    7.5000   30.0000    0.0000 2911.1458   21.1626
   -7.5000   37.5000    0.0000 2839.0352   22.8383
    0.0000   37.5000    0.0000 2877.7812   22.0923
    7.5000   37.5000    0.0000 2868.3511   22.0657
   -7.5000   45.0000    0.0000 2770.1189   24.3500
    0.0000   45.0000    0.0000 2807.1099   23.6319
    7.5000   45.0000    0.0000 2797.8047   23.5847
   -7.5000   52.5000    0.0000 2653.3259   26.3053
    0.0000   52.5000    0.0000 2694.0288   25.6527
    7.5000   52.5000    0.0000 2681.6118   25.5648
   -7.5000  -37.5000    7.5000 2489.3706   29.3168
    0.0000  -37.5000    7.5000 2508.5710   28.6385
    7.5000  -37.5000    7.5000 2491.4719   28.9941
   -7.5000  -30.0000    7.5000 2527.0273   27.9737
    0.0000  -30.0000    7.5000 2542.8838   27.2310
    7.5000  -30.0000    7.5000 2532.4490   27.5783
   -7.5000  -22.5000    7.5000 2569.4431   26.5333
    0.0000  -22.5000    7.5000 2588.7910   25.7641
    7.5000  -22.5000    7.5000 2582.6421   26.1183
   -7.5000  -15.0000    7.5000 2613.4973   25.0382
    0.0000  -15.0000    7.5000 2636.2246   24.2882
    7.5000  -15.0000    7.5000 2632.6497   24.6298
   -7.5000   -7.5000    7.5000 2669.7212   23.6829
    0.0000   -7.5000    7.5000 2691.7878   22.9273
    7.5000   -7.5000    7.5000 2685.7769   23.1841
   -7.5000    0.0000    7.5000 2732.9653   22.6920
    0.0000    0.0000    7.5000 2758.6140   21.9001
    7.5000    0.0000    7.5000 2749.9841   22.1196
   -7.5000    7.5000    7.5000 2813.1880   22.1454
    0.0000    7.5000    7.5000 2857.1157   21.4654
    7.5000    7.5000    7.5000 2836.6367   21.5589
   -7.5000   15.0000    7.5000 2875.7219   21.7568
    0.0000   15.0000    7.5000 2921.9761   21.0005
    7.5000   15.0000    7.5000 2894.1489   21.0687
   -7.5000   22.5000    7.5000 2884.4729   21.5079
    0.0000   22.5000    7.5000 2914.5061   20.5408
    7.5000   22.5000    7.5000 2897.5596   20.7126
   -7.5000   30.0000    7.5000 2877.8745   21.8675
    0.0000   30.0000    7.5000 2915.4739   20.9792
    7.5000   30.0000    7.5000 2903.2190   21.0486
   -7.5000   37.5000    7.5000 2838.6040   22.7178
    0.0000   37.5000    7.5000 2877.4763   21.9675
    7.5000   37.5000    7.5000 2864.6465   21.9268
   -7.5000   45.0000    7.5000 2775.2490   24.2235
    0.0000   45.0000    7.5000 2808.8511   23.4969
    7.5000   45.0000    7.5000 2799.3335   23.4122
   -7.5000   52.5000    7.5000 2671.2449   26.2730
    0.0000   52.5000    7.5000 2701.4988   25.5513
    7.5000   52.5000    7.5000 2695.2832   25.4397
   -7.5000  -37.5000   15.0000 2468.2490   29.7185
    0.0000  -37.5000   15.0000 2485.8662   29.0441
    7.5000  -37.5000   15.0000 2470.0229   29.4282
   -7.5000  -30.0000   15.0000 2504.4336   28.3076
    0.0000  -30.0000   15.0000 2524.4656   27.5728
    7.5000  -30.0000   15.0000 2511.4697   27.9271
   -7.5000  -22.5000   15.0000 2541.9199   26.8519
    0.0000  -22.5000   15.0000 2565.6528   26.0798
    7.5000  -22.5000   15.0000 2556.3911   26.4184
   -7.5000  -15.0000   15.0000 2588.6467   25.4077
    0.0000  -15.0000   15.0000 2609.5469   24.6121
    7.5000  -15.0000   15.0000 2602.2104   24.9056
   -7.5000   -7.5000   15.0000 2649.7761   24.1238
    0.0000   -7.5000   15.0000 2667.2283   23.2803
    7.5000   -7.5000   15.0000 2661.6128   23.5787
   -7.5000    0.0000   15.0000 2725.7605   23.2235
    0.0000    0.0000   15.0000 2742.0530   22.3116
    7.5000    0.0000   15.0000 2731.7922   22.6080
   -7.5000    7.5000   15.0000 2804.8940   22.6270
    0.0000    7.5000   15.0000 2830.8523   21.8078
    7.5000    7.5000   15.0000 2815.2163   22.0396
   -7.5000   15.0000   15.0000 2859.8669   22.1404
    0.0000   15.0000   15.0000 2890.6929   21.3006
    7.5000   15.0000   15.0000 2883.7561   21.6705
   -7.5000   22.5000   15.0000 2885.3967   22.1088
    0.0000   22.5000   15.0000 2920.8232   21.2645
    7.5000   22.5000   15.0000 2903.0813   21.5532
   -7.5000   30.0000   15.0000 2866.2324   22.3642
    0.0000   30.0000   15.0000 2901.3950   21.6174
    7.5000   30.0000   15.0000 2882.8374   21.7053
   -7.5000   37.5000   15.0000 2816.3362   23.1546
    0.0000   37.5000   15.0000 2843.0286   22.3720
    7.5000   37.5000   15.0000 2831.0168   22.3845
   -7.5000   45.0000   15.0000 2758.6902   24.6071
    0.0000   45.0000   15.0000 2784.1912   23.8262
    7.5000   45.0000   15.0000 2773.1606   23.7456
   -7.5000   52.5000   15.0000 2655.2327   26.5137
    0.0000   52.5000   15.0000 2682.5933   25.7914
    7.5000   52.5000   15.0000 2674.3916   25.6340
   -7.5000  -37.5000   22.5000 2421.5095   30.4382
    0.0000  -37.5000   22.5000 2449.2366   29.8320
    7.5000  -37.5000   22.5000 2431.3691   30.1923
   -7.5000  -30.0000   22.5000 2460.7830   28.9709
    0.0000  -30.0000   22.5000 2487.5376   28.2441
    7.5000  -30.0000   22.5000 2469.1033   28.5598
   -7.5000  -22.5000   22.5000 2504.3821   27.5527
    0.0000  -22.5000   22.5000 2526.3679   26.7305
    7.5000  -22.5000   22.5000 2511.4565   27.0862
   -7.5000  -15.0000   22.5000 2559.5078   26.1722
    0.0000  -15.0000   22.5000 2576.1399   25.3020
    7.5000  -15.0000   22.5000 2563.5122   25.6589
   -7.5000   -7.5000   22.5000 2630.3101   24.9914
    0.0000   -7.5000   22.5000 2646.6821   24.1404
    7.5000   -7.5000   22.5000 2634.4807   24.4935
   -7.5000    0.0000   22.5000 2709.7656   24.1733
    0.0000    0.0000   22.5000 2725.2371   23.3350
    7.5000    0.0000   22.5000 2711.1218   23.6428
   -7.5000    7.5000   22.5000 2785.5762   23.5734
    0.0000    7.5000   22.5000 2802.2546   22.7659
    7.5000    7.5000   22.5000 2787.3621   23.0448
   -7.5000   15.0000   22.5000 2828.1265   23.1175
    0.0000   15.0000   22.5000 2842.6567   22.1874
    7.5000   15.0000   22.5000 2832.2437   22.5726
   -7.5000   22.5000   22.5000 2850.8384   23.0753
    0.0000   22.5000   22.5000 2878.0271   22.3526
    7.5000   22.5000   22.5000 2856.5383   22.5127
   -7.5000   30.0000   22.5000 2834.7097   23.3959
    0.0000   30.0000   22.5000 2860.8987   22.7321
    7.5000   30.0000   22.5000 2843.6863   22.7744
   -7.5000   37.5000   22.5000 2788.0437   24.1806
    0.0000   37.5000   22.5000 2809.3665   23.4771
    7.5000   37.5000   22.5000 2798.9221   23.4878
   -7.5000   45.0000   22.5000 2729.0144   25.4672
    0.0000   45.0000   22.5000 2747.4827   24.7580
    7.5000   45.0000   22.5000 2739.1599   24.7509
   -7.5000   52.5000   22.5000 2631.5579   27.2233
    0.0000   52.5000   22.5000 2648.0938   26.4851
    7.5000   52.5000   22.5000 2635.4011   26.3980
   -7.5000  -37.5000   30.0000 2353.5908   31.6663
    0.0000  -37.5000   30.0000 2386.3967   31.0109
    7.5000  -37.5000   30.0000 2365.8215   31.4247
   -7.5000  -30.0000   30.0000 2400.0112   30.1685
    0.0000  -30.0000   30.0000 2432.6538   29.4839
    7.5000  -30.0000   30.0000 2408.5444   29.8230
   -7.5000  -22.5000   30.0000 2457.8818   28.7632
    0.0000  -22.5000   30.0000 2485.7659   28.0318
    7.5000  -22.5000   30.0000 2463.5247   28.4055
   -7.5000  -15.0000   30.0000 2519.7241   27.3864
    0.0000  -15.0000   30.0000 2542.0845   26.6443
    7.5000  -15.0000   30.0000 2522.8716   27.0173
   -7.5000   -7.5000   30.0000 2600.9641   26.3033
    0.0000   -7.5000   30.0000 2624.5479   25.6133
    7.5000   -7.5000   30.0000 2603.1287   25.8873
   -7.5000    0.0000   30.0000 2685.3557   25.5437
    0.0000    0.0000   30.0000 2703.6252   24.8438
    7.5000    0.0000   30.0000 2683.8860   25.0511
   -7.5000    7.5000   30.0000 2753.8506   25.0348
    0.0000    7.5000   30.0000 2765.2090   24.1558
    7.5000    7.5000   30.0000 2746.9949   24.4615
   -7.5000   15.0000   30.0000 2791.5029   24.6253
    0.0000   15.0000   30.0000 2806.5796   23.8620
    7.5000   15.0000   30.0000 2787.1948   24.0751
   -7.5000   22.5000   30.0000 2813.2725   24.6327
    0.0000   22.5000   30.0000 2833.2803   23.9582
    7.5000   22.5000   30.0000 2813.5693   24.0742
   -7.5000   30.0000   30.0000 2792.0271   24.9409
    0.0000   30.0000   30.0000 2809.0779   24.2495
    7.5000   30.0000   30.0000 2795.3918   24.3134
   -7.5000   37.5000   30.0000 2752.4648   25.6500
    0.0000   37.5000   30.0000 2759.4607   24.9009
    7.5000   37.5000   30.0000 2746.8718   24.9099
   -7.5000   45.0000   30.0000 2691.3066   26.8128
    0.0000   45.0000   30.0000 2701.1743   26.0877
    7.5000   45.0000   30.0000 2688.6064   26.0523
   -7.5000   52.5000   30.0000 2589.3577   28.4393
    0.0000   52.5000   30.0000 2605.8274   27.7782
    7.5000   52.5000   30.0000 2591.7964   27.7112
   -7.5000  -37.5000   37.5000 2285.6116   33.6421
    0.0000  -37.5000   37.5000 2314.2302   32.9619
    7.5000  -37.5000   37.5000 2294.5288   33.4632
   -7.5000  -30.0000   37.5000 2336.2234   32.0089
    0.0000  -30.0000   37.5000 2369.8062   31.3971
    7.5000  -30.0000   37.5000 2345.3962   31.7677
   -7.5000  -22.5000   37.5000 2401.9321   30.4740
    0.0000  -22.5000   37.5000 2429.0337   29.8437
    7.5000  -22.5000   37.5000 2405.4990   30.1440
   -7.5000  -15.0000   37.5000 2479.0247   29.1073
    0.0000  -15.0000   37.5000 2502.2754   28.4750
    7.5000  -15.0000   37.5000 2475.1384   28.7072
   -7.5000   -7.5000   37.5000 2558.0701   27.9605
    0.0000   -7.5000   37.5000 2582.6150   27.3770
    7.5000   -7.5000   37.5000 2554.0972   27.5601
   -7.5000    0.0000   37.5000 2639.3545   27.1867
    0.0000    0.0000   37.5000 2659.7942   26.5569
    7.5000    0.0000   37.5000 2632.8545   26.7253
   -7.5000    7.5000   37.5000 2701.3821   26.7246
    0.0000    7.5000   37.5000 2726.8511   26.1044
    7.5000    7.5000   37.5000 2696.1055   26.2396
   -7.5000   15.0000   37.5000 2740.5957   26.4911
    0.0000   15.0000   37.5000 2763.9382   25.9347
    7.5000   15.0000   37.5000 2737.5354   26.0121
   -7.5000   22.5000   37.5000 2759.5813   26.5522
    0.0000   22.5000   37.5000 2778.6345   26.0055
    7.5000   22.5000   37.5000 2756.5339   26.0304
   -7.5000   30.0000   37.5000 2737.6099   26.7258
    0.0000   30.0000   37.5000 2755.4390   26.1595
    7.5000   30.0000   37.5000 2736.7031   26.1922
   -7.5000   37.5000   37.5000 2699.2368   27.3273
    0.0000   37.5000   37.5000 2710.3533   26.7295
    7.5000   37.5000   37.5000 2694.0945   26.7255
   -7.5000   45.0000   37.5000 2640.9446   28.4559
    0.0000   45.0000   37.5000 2649.7092   27.8098
    7.5000   45.0000   37.5000 2631.7290   27.7806
   -7.5000   52.5000   37.5000 2542.5063   30.0429
    0.0000   52.5000   37.5000 2554.0850   29.4256
    7.5000   52.5000   37.5000 2539.0149   29.3844
   -7.5000  -37.5000   45.0000 2210.9036   36.3117
    0.0000  -37.5000   45.0000 2230.6206   35.6405
    7.5000  -37.5000   45.0000 2213.3660   36.1103
   -7.5000  -30.0000   45.0000 2271.1284   34.4444
    0.0000  -30.0000   45.0000 2296.3713   33.8305
    7.5000  -30.0000   45.0000 2273.8257   34.1495
   -7.5000  -22.5000   45.0000 2350.0588   32.7550
    0.0000  -22.5000   45.0000 2371.4817   32.1293
    7.5000  -22.5000   45.0000 2342.6003   32.3167
   -7.5000  -15.0000   45.0000 2433.5471   31.2176
    0.0000  -15.0000   45.0000 2459.0642   30.6869
    7.5000  -15.0000   45.0000 2423.9014   30.7850
   -7.5000   -7.5000   45.0000 2509.9871   30.0184
    0.0000   -7.5000   45.0000 2533.2104   29.4822
    7.5000   -7.5000   45.0000 2501.0684   29.5882
   -7.5000    0.0000   45.0000 2584.2764   29.2729
    0.0000    0.0000   45.0000 2606.9631   28.6865
    7.5000    0.0000   45.0000 2572.7073   28.7650
   -7.5000    7.5000   45.0000 2642.0286   28.8878
    0.0000    7.5000   45.0000 2669.0620   28.3859
    7.5000    7.5000   45.0000 2630.7568   28.3298
   -7.5000   15.0000   45.0000 2679.5127   28.6996
    0.0000   15.0000   45.0000 2704.1902   28.2831
    7.5000   15.0000   45.0000 2669.1267   28.1756
   -7.5000   22.5000   45.0000 2694.1414   28.7615
    0.0000   22.5000   45.0000 2710.8601   28.3138
    7.5000   22.5000   45.0000 2683.9744   28.2246
   -7.5000   30.0000   45.0000 2677.5188   28.9199
    0.0000   30.0000   45.0000 2693.5637   28.4973
    7.5000   30.0000   45.0000 2673.8384   28.4321
   -7.5000   37.5000   45.0000 2638.9993   29.4372
    0.0000   37.5000   45.0000 2654.8008   28.9154
    7.5000   37.5000   45.0000 2633.2412   28.8795
   -7.5000   45.0000   45.0000 2582.2764   30.4601
    0.0000   45.0000   45.0000 2592.4678   29.9307
    7.5000   45.0000   45.0000 2577.7454   29.8791
   -7.5000   52.5000   45.0000 2475.8557   31.9776
    0.0000   52.5000   45.0000 2490.9277   31.4804
    7.5000   52.5000   45.0000 2473.6982   31.4131

---------------------------------------------------------------------
imgreg_4dfp /opt/freesurfer/average/3T18yoSchwartzReactN32_as_orig /opt/freesurfer/average/711-2B_as_mni_average_305_mask talsrcimg_g11 none talsrcimg_to_3T18yoSchwartzReactN32_as_orig_t4 1283
---------------------------------------------------------------------

freesurfer imgreg_4dfp.c
/opt/freesurfer/average/3T18yoSchwartzReactN32_as_orig.4dfp.img
       256       256       256         1
  1.000000  1.000000  1.000000
orientation T byte_order littleendian
Reading image: /opt/freesurfer/average/3T18yoSchwartzReactN32_as_orig.4dfp.img
dimensions:      256       256       256
mmppix:       1.0000   -1.0000   -1.0000
center:     128.0000 -129.0000 -129.0000
/opt/freesurfer/average/711-2B_as_mni_average_305_mask.4dfp.img
       256       256       256         1
  1.000000  1.000000  1.000000
orientation T byte_order littleendian
Reading mask: /opt/freesurfer/average/711-2B_as_mni_average_305_mask.4dfp.img (2306576 pixels)
talsrcimg_g11.4dfp.img
       320       320       320         1
  0.799996  0.799996  0.799996
orientation T byte_order littleendian
Reading image: talsrcimg_g11.4dfp.img
dimensions:      320       320       320
mmppix:       0.8000   -0.8000   -0.8000
center:     127.9994 -128.7994 -128.7994
rotation matrix determinant  1.000000
fimgreg.f
image alignment mode   1283 decimal      503 hex
parameters
    0.0000   15.0000    7.5000    0.0000    0.0000    0.0000
eta,q 0.92004 21.09655
niter,ni,del,rscale     5    3   12.0000    1.2000
parameter  4  0.967247 ->  0.500000 qaram    1.1500
parameters
   -0.1300   17.0885    7.5479   -3.4500    0.0323    1.0900
eta,q 0.91819 20.98711
  0.0897  0.0986  0.0868  0.0835  0.0862  0.0867
  0.0862  0.0900  0.0831  0.0822  0.0839  0.0847
  0.0857  0.0863  0.0844  0.0830  0.0824  0.0835
  0.0856  0.0854  0.0845  0.0844  0.0821  0.0821
  0.0854  0.0845  0.0821  0.0861  0.0828  0.0819
  0.0868  0.0855  0.0834  0.0871  0.0840  0.0827
  0.0900  0.0861  0.0871  0.0883  0.0858  0.0847
niter,ni,del,rscale     5    3   12.0000    1.2000
parameters
   -0.2404   18.8313    6.4539   -5.3868   -1.3288    1.6974
eta,q 0.91987 20.83829
  0.0885  0.0944  0.0842  0.0852  0.0838  0.0865
  0.0830  0.0890  0.0809  0.0828  0.0818  0.0838
  0.0820  0.0846  0.0812  0.0809  0.0803  0.0815
  0.0818  0.0818  0.0810  0.0815  0.0807  0.0802
  0.0824  0.0811  0.0806  0.0852  0.0828  0.0805
  0.0845  0.0831  0.0844  0.0880  0.0853  0.0821
  0.0882  0.0852  0.0890  0.0889  0.0871  0.0847
niter,ni,del,rscale     4    3   12.0000    1.2000
parameters
   -0.3544   19.7130    6.1207   -6.2268   -2.0416    2.1556
eta,q 0.91964 20.73953
  0.0885  0.0894  0.0860  0.0858  0.0839  0.0862
  0.0824  0.0863  0.0832  0.0836  0.0826  0.0836
  0.0807  0.0829  0.0806  0.0812  0.0811  0.0815
  0.0801  0.0801  0.0801  0.0803  0.0803  0.0804
  0.0814  0.0812  0.0792  0.0825  0.0813  0.0806
  0.0841  0.0839  0.0830  0.0864  0.0838  0.0822
  0.0881  0.0855  0.0895  0.0881  0.0866  0.0850
niter,ni,del,rscale     3    3   12.0000    1.2000
parameters
   -0.3386   20.1817    5.9197   -6.7804   -2.6403    2.6223
eta,q 0.91933 20.71296
  0.0897  0.0878  0.0860  0.0855  0.0838  0.0861
  0.0830  0.0852  0.0837  0.0839  0.0825  0.0837
  0.0807  0.0819  0.0808  0.0815  0.0815  0.0819
  0.0804  0.0804  0.0805  0.0805  0.0806  0.0808
  0.0817  0.0821  0.0793  0.0820  0.0811  0.0809
  0.0846  0.0843  0.0823  0.0851  0.0831  0.0824
  0.0881  0.0856  0.0891  0.0872  0.0862  0.0850
niter,ni,del,rscale     2    3   12.0000    1.2000
parameters
   -0.2996   20.5592    5.7370   -7.1835   -3.1641    2.9943
eta,q 0.91914 20.71010
  0.0908  0.0873  0.0858  0.0852  0.0840  0.0859
  0.0836  0.0847  0.0837  0.0839  0.0822  0.0840
  0.0808  0.0816  0.0808  0.0817  0.0813  0.0821
  0.0807  0.0807  0.0808  0.0809  0.0809  0.0810
  0.0823  0.0823  0.0799  0.0820  0.0813  0.0811
  0.0854  0.0842  0.0822  0.0844  0.0828  0.0827
  0.0887  0.0853  0.0884  0.0865  0.0858  0.0853
niter,ni,del,rscale     1    3   12.0000    1.2000
parameters
   -0.2769   20.8543    5.5808   -7.4697   -3.4450    3.1616
eta,q 0.91906 20.70330
  0.0917  0.0868  0.0857  0.0851  0.0846  0.0857
  0.0842  0.0842  0.0836  0.0837  0.0822  0.0840
  0.0808  0.0814  0.0807  0.0818  0.0812  0.0821
  0.0809  0.0809  0.0810  0.0810  0.0810  0.0810
  0.0827  0.0823  0.0805  0.0819  0.0814  0.0813
  0.0861  0.0840  0.0822  0.0840  0.0827  0.0831
  0.0896  0.0852  0.0878  0.0859  0.0854  0.0857
registration optimization eta report
parameter search radius
    6.0000    6.0000    6.0000    6.9000    6.0000    6.0000
100000*second partial in parameter space
       27.       13.       18.        9.       11.       13.
  0.0917  0.0868  0.0857  0.0851  0.0846  0.0857
  0.0842  0.0842  0.0836  0.0837  0.0822  0.0840
  0.0808  0.0814  0.0807  0.0818  0.0812  0.0821
  0.0809  0.0809  0.0810  0.0810  0.0810  0.0810
  0.0827  0.0823  0.0805  0.0819  0.0814  0.0813
  0.0861  0.0840  0.0822  0.0840  0.0827  0.0831
  0.0896  0.0852  0.0878  0.0859  0.0854  0.0857
   -0.2769   20.8543    5.5808   -7.4697   -3.4450    3.1616
eta,q 0.91906 20.70330

---------------------------------------------------------------------
imgreg_4dfp /opt/freesurfer/average/3T18yoSchwartzReactN32_as_orig /opt/freesurfer/average/711-2B_as_mni_average_305_mask talsrcimg_g11 none talsrcimg_to_3T18yoSchwartzReactN32_as_orig_t4 3335
---------------------------------------------------------------------

freesurfer imgreg_4dfp.c
/opt/freesurfer/average/3T18yoSchwartzReactN32_as_orig.4dfp.img
       256       256       256         1
  1.000000  1.000000  1.000000
orientation T byte_order littleendian
Reading image: /opt/freesurfer/average/3T18yoSchwartzReactN32_as_orig.4dfp.img
dimensions:      256       256       256
mmppix:       1.0000   -1.0000   -1.0000
center:     128.0000 -129.0000 -129.0000
/opt/freesurfer/average/711-2B_as_mni_average_305_mask.4dfp.img
       256       256       256         1
  1.000000  1.000000  1.000000
orientation T byte_order littleendian
Reading mask: /opt/freesurfer/average/711-2B_as_mni_average_305_mask.4dfp.img (2306576 pixels)
talsrcimg_g11.4dfp.img
       320       320       320         1
  0.799996  0.799996  0.799996
orientation T byte_order littleendian
Reading image: talsrcimg_g11.4dfp.img
dimensions:      320       320       320
mmppix:       0.8000   -0.8000   -0.8000
center:     127.9994 -128.7994 -128.7994
fimgreg.f
image alignment mode   3335 decimal      D07 hex
parameters
   -0.2769   20.8543    5.5808   -0.3326   -1.0426   -1.0278
   -6.2485    5.2319    5.5053   13.3089   -6.0090  -12.9766
eta,q 0.91666 20.77378
niter,ni,del,rscale     5    3    5.0000    1.2000
parameter  2 -6.181498 ->  0.500000 qaram    1.1500
parameter  3 -0.736426 -> -0.500000 qaram    1.1500
parameter  5 15.412537 ->  0.500000 qaram    1.1500
parameter  7 -2.318640 -> -0.500000 qaram    1.1500
parameter 11 -0.594329 -> -0.500000 qaram    1.1500
parameters
   -0.8433   19.4743    6.9608   -1.7651   -5.1826   -0.5669
   -2.1085    2.1322    4.5441   12.8035   -1.8690   -9.7684
eta,q 0.92957 20.80235
  0.0843  0.0807  0.0842  0.0831  0.0721  0.0798  0.0780  0.0731  0.0735  0.0753  0.0751  0.0765
  0.0835  0.0813  0.0834  0.0814  0.0734  0.0767  0.0767  0.0720  0.0724  0.0732  0.0737  0.0741
  0.0832  0.0822  0.0824  0.0804  0.0761  0.0746  0.0754  0.0716  0.0718  0.0719  0.0725  0.0722
  0.0833  0.0832  0.0815  0.0808  0.0804  0.0740  0.0741  0.0724  0.0716  0.0716  0.0716  0.0709
  0.0839  0.0842  0.0809  0.0820  0.0852  0.0757  0.0731  0.0744  0.0721  0.0724  0.0710  0.0704
  0.0847  0.0849  0.0808  0.0835  0.0884  0.0767  0.0722  0.0774  0.0732  0.0741  0.0709  0.0706
  0.0859  0.0853  0.0811  0.0857  0.0895  0.0777  0.0717  0.0811  0.0749  0.0764  0.0713  0.0713
niter,ni,del,rscale     7    3    5.0000    1.2000
parameter  4  0.528108 ->  0.500000 qaram    1.1500
parameter  5  0.565411 ->  0.500000 qaram    1.3225
parameter 12 -0.530219 -> -0.500000 qaram    1.1500
parameters
    0.0087   20.0770    6.0648   -5.9051   -9.9436    2.1013
    0.2999   -0.5912    1.2048   10.5544    1.5269   -5.6284
eta,q 0.93537 20.39328
  0.0748  0.0750  0.0711  0.0699  0.0682  0.0740  0.0721  0.0678  0.0665  0.0667  0.0680  0.0684
  0.0729  0.0727  0.0701  0.0686  0.0668  0.0705  0.0700  0.0667  0.0658  0.0658  0.0670  0.0669
  0.0714  0.0710  0.0696  0.0685  0.0667  0.0681  0.0683  0.0662  0.0657  0.0654  0.0661  0.0659
  0.0704  0.0701  0.0699  0.0696  0.0685  0.0666  0.0671  0.0666  0.0662  0.0656  0.0654  0.0651
  0.0701  0.0700  0.0711  0.0715  0.0729  0.0671  0.0666  0.0684  0.0674  0.0665  0.0651  0.0647
  0.0704  0.0707  0.0727  0.0737  0.0793  0.0668  0.0671  0.0711  0.0691  0.0681  0.0652  0.0647
  0.0712  0.0721  0.0747  0.0752  0.0844  0.0678  0.0687  0.0744  0.0713  0.0703  0.0658  0.0650
niter,ni,del,rscale     7    3    5.0000    1.2000
parameters
    0.2401   21.1437    5.4662   -4.9278  -12.4769    1.9028
    0.7722   -1.6525    0.3803    8.9855    1.6343   -4.1397
eta,q 0.93597 20.15933
  0.0693  0.0712  0.0645  0.0733  0.0687  0.0653  0.0683  0.0665  0.0665  0.0657  0.0653  0.0662
  0.0671  0.0682  0.0639  0.0687  0.0661  0.0640  0.0664  0.0655  0.0651  0.0648  0.0648  0.0653
  0.0654  0.0660  0.0639  0.0651  0.0643  0.0636  0.0649  0.0646  0.0643  0.0642  0.0643  0.0646
  0.0646  0.0646  0.0640  0.0639  0.0642  0.0641  0.0642  0.0641  0.0642  0.0642  0.0641  0.0641
  0.0648  0.0640  0.0641  0.0653  0.0668  0.0639  0.0643  0.0646  0.0648  0.0648  0.0642  0.0640
  0.0660  0.0643  0.0645  0.0672  0.0726  0.0649  0.0655  0.0664  0.0660  0.0663  0.0646  0.0644
  0.0679  0.0655  0.0653  0.0690  0.0801  0.0648  0.0678  0.0691  0.0677  0.0683  0.0654  0.0652
niter,ni,del,rscale     6    3    5.0000    1.2000
parameter 10  0.936018 ->  0.500000 qaram    1.1500
parameters
   -0.0260   21.4136    6.2799   -4.3869  -13.4026   -1.6496
    2.2921   -2.1300    0.4976    4.8455    0.7856   -6.4167
eta,q 0.93998 20.00555
  0.0668  0.0683  0.0650  0.0716  0.0706  0.0645  0.0681  0.0664  0.0656  0.0606  0.0624  0.0616
  0.0651  0.0661  0.0643  0.0670  0.0677  0.0631  0.0659  0.0650  0.0641  0.0602  0.0612  0.0604
  0.0642  0.0646  0.0640  0.0640  0.0654  0.0630  0.0641  0.0634  0.0631  0.0610  0.0605  0.0600
  0.0640  0.0640  0.0639  0.0639  0.0642  0.0643  0.0630  0.0627  0.0628  0.0628  0.0603  0.0603
  0.0647  0.0642  0.0638  0.0656  0.0650  0.0644  0.0628  0.0633  0.0631  0.0651  0.0608  0.0612
  0.0662  0.0652  0.0638  0.0673  0.0687  0.0650  0.0637  0.0652  0.0640  0.0677  0.0619  0.0626
  0.0683  0.0669  0.0641  0.0685  0.0753  0.0646  0.0656  0.0681  0.0654  0.0705  0.0636  0.0643
niter,ni,del,rscale     6    3    5.0000    1.2000
parameter  3 -0.547386 -> -0.500000 qaram    1.3225
parameters
   -0.1452   21.7658    7.8669   -4.7055  -13.8118   -1.5685
    1.5406   -3.3316   -0.0795    4.3842   -0.3950   -7.6635
eta,q 0.94189 20.05946
  0.0637  0.0653  0.0659  0.0662  0.0679  0.0684  0.0630  0.0633  0.0610  0.0659  0.0608  0.0609
  0.0617  0.0626  0.0634  0.0613  0.0640  0.0637  0.0608  0.0603  0.0595  0.0612  0.0593  0.0590
  0.0604  0.0608  0.0614  0.0584  0.0607  0.0598  0.0592  0.0586  0.0586  0.0587  0.0584  0.0582
  0.0600  0.0600  0.0599  0.0589  0.0587  0.0588  0.0588  0.0588  0.0585  0.0585  0.0584  0.0583
  0.0606  0.0601  0.0591  0.0613  0.0590  0.0609  0.0597  0.0607  0.0590  0.0601  0.0592  0.0592
  0.0622  0.0612  0.0589  0.0636  0.0635  0.0649  0.0619  0.0635  0.0601  0.0632  0.0606  0.0608
  0.0645  0.0632  0.0597  0.0653  0.0717  0.0666  0.0649  0.0668  0.0619  0.0668  0.0625  0.0626
niter,ni,del,rscale     6    3    5.0000    1.2000
parameters
    0.1403   21.9194    8.1555   -5.4563  -14.1369   -1.7605
    0.9317   -3.2306   -0.2425    4.6372   -1.0228   -8.2850
eta,q 0.94288 20.04458
  0.0636  0.0628  0.0641  0.0657  0.0671  0.0681  0.0620  0.0658  0.0601  0.0667  0.0607  0.0606
  0.0610  0.0602  0.0615  0.0602  0.0630  0.0628  0.0594  0.0617  0.0584  0.0614  0.0587  0.0584
  0.0591  0.0586  0.0593  0.0570  0.0594  0.0583  0.0576  0.0584  0.0575  0.0582  0.0575  0.0573
  0.0581  0.0580  0.0580  0.0578  0.0572  0.0573  0.0572  0.0572  0.0572  0.0572  0.0572  0.0572
  0.0582  0.0583  0.0580  0.0614  0.0574  0.0607  0.0582  0.0585  0.0576  0.0584  0.0580  0.0580
  0.0594  0.0596  0.0597  0.0644  0.0621  0.0653  0.0605  0.0615  0.0586  0.0613  0.0596  0.0595
  0.0617  0.0618  0.0627  0.0658  0.0708  0.0672  0.0637  0.0652  0.0603  0.0651  0.0618  0.0614
niter,ni,del,rscale     5    3    5.0000    1.2000
parameters
    0.3132   22.1012    8.0764   -5.4961  -14.2922   -1.9085
    0.7746   -2.9119   -0.2664    5.0723   -1.3989   -8.6907
eta,q 0.94298 20.02854
  0.0632  0.0618  0.0627  0.0676  0.0672  0.0684  0.0625  0.0663  0.0600  0.0671  0.0608  0.0608
  0.0603  0.0593  0.0600  0.0616  0.0631  0.0629  0.0597  0.0622  0.0584  0.0617  0.0587  0.0584
  0.0581  0.0577  0.0580  0.0574  0.0594  0.0583  0.0577  0.0586  0.0574  0.0582  0.0574  0.0572
  0.0571  0.0571  0.0571  0.0571  0.0571  0.0571  0.0570  0.0570  0.0570  0.0570  0.0571  0.0571
  0.0575  0.0574  0.0577  0.0603  0.0571  0.0605  0.0578  0.0582  0.0574  0.0581  0.0578  0.0578
  0.0591  0.0586  0.0601  0.0637  0.0616  0.0652  0.0599  0.0612  0.0584  0.0609  0.0593  0.0593
  0.0618  0.0607  0.0636  0.0655  0.0702  0.0675  0.0630  0.0649  0.0601  0.0648  0.0615  0.0612
niter,ni,del,rscale     4    3    5.0000    1.2000
parameters
    0.4058   22.2242    7.9833   -5.4428  -14.3578   -2.0198
    0.7116   -2.6675   -0.2773    5.4160   -1.6708   -8.9933
eta,q 0.94298 20.01920
  0.0628  0.0615  0.0626  0.0678  0.0673  0.0685  0.0626  0.0661  0.0600  0.0669  0.0609  0.0609
  0.0599  0.0590  0.0599  0.0618  0.0631  0.0630  0.0598  0.0621  0.0583  0.0615  0.0588  0.0584
  0.0579  0.0575  0.0579  0.0575  0.0595  0.0583  0.0578  0.0585  0.0573  0.0581  0.0574  0.0572
  0.0570  0.0570  0.0570  0.0570  0.0571  0.0571  0.0570  0.0570  0.0570  0.0570  0.0570  0.0570
  0.0575  0.0574  0.0577  0.0602  0.0570  0.0604  0.0577  0.0582  0.0574  0.0581  0.0577  0.0578
  0.0593  0.0586  0.0601  0.0635  0.0613  0.0651  0.0598  0.0612  0.0583  0.0610  0.0592  0.0592
  0.0621  0.0607  0.0636  0.0653  0.0698  0.0675  0.0629  0.0650  0.0600  0.0650  0.0614  0.0611
niter,ni,del,rscale     3    3    5.0000    1.2000
parameters
    0.4647   22.3060    7.9159   -5.3942  -14.3981   -2.1011
    0.6764   -2.4917   -0.2896    5.6668   -1.8646   -9.2190
eta,q 0.94297 20.01312
  0.0626  0.0613  0.0627  0.0677  0.0673  0.0686  0.0626  0.0659  0.0600  0.0667  0.0610  0.0610
  0.0598  0.0589  0.0599  0.0617  0.0631  0.0631  0.0598  0.0619  0.0583  0.0614  0.0588  0.0585
  0.0578  0.0575  0.0579  0.0574  0.0595  0.0584  0.0578  0.0584  0.0573  0.0581  0.0574  0.0572
  0.0570  0.0570  0.0570  0.0570  0.0571  0.0571  0.0570  0.0570  0.0570  0.0570  0.0571  0.0570
  0.0575  0.0574  0.0577  0.0602  0.0570  0.0604  0.0577  0.0583  0.0574  0.0582  0.0577  0.0577
  0.0594  0.0587  0.0600  0.0635  0.0612  0.0650  0.0597  0.0613  0.0583  0.0612  0.0592  0.0592
  0.0622  0.0608  0.0635  0.0653  0.0697  0.0675  0.0628  0.0651  0.0600  0.0652  0.0613  0.0610
niter,ni,del,rscale     2    3    5.0000    1.2000
parameters
    0.5045   22.3638    7.8680   -5.3594  -14.4251   -2.1599
    0.6541   -2.3700   -0.3047    5.8505   -1.9955   -9.3841
eta,q 0.94296 20.00903
  0.0625  0.0613  0.0628  0.0676  0.0673  0.0687  0.0626  0.0658  0.0600  0.0666  0.0611  0.0611
  0.0598  0.0589  0.0600  0.0616  0.0631  0.0632  0.0598  0.0618  0.0583  0.0613  0.0589  0.0585
  0.0578  0.0575  0.0579  0.0574  0.0595  0.0584  0.0578  0.0584  0.0574  0.0580  0.0575  0.0572
  0.0570  0.0570  0.0570  0.0570  0.0571  0.0571  0.0570  0.0570  0.0570  0.0570  0.0571  0.0571
  0.0576  0.0574  0.0577  0.0602  0.0570  0.0603  0.0577  0.0583  0.0574  0.0583  0.0576  0.0577
  0.0594  0.0587  0.0600  0.0635  0.0612  0.0649  0.0597  0.0614  0.0583  0.0613  0.0591  0.0592
  0.0623  0.0609  0.0635  0.0652  0.0696  0.0675  0.0628  0.0652  0.0600  0.0653  0.0612  0.0610
niter,ni,del,rscale     1    3    5.0000    1.2000
parameters
    0.5327   22.4067    7.8347   -5.3354  -14.4484   -2.2002
    0.6404   -2.2855   -0.3158    5.9876   -2.0887   -9.5067
eta,q 0.94294 20.00596
  0.0625  0.0612  0.0629  0.0676  0.0673  0.0688  0.0626  0.0657  0.0600  0.0665  0.0611  0.0612
  0.0597  0.0589  0.0601  0.0616  0.0631  0.0633  0.0599  0.0617  0.0584  0.0612  0.0589  0.0586
  0.0578  0.0575  0.0580  0.0574  0.0595  0.0585  0.0578  0.0583  0.0574  0.0580  0.0575  0.0573
  0.0570  0.0570  0.0570  0.0570  0.0571  0.0571  0.0571  0.0571  0.0571  0.0571  0.0571  0.0571
  0.0576  0.0575  0.0577  0.0602  0.0570  0.0603  0.0577  0.0584  0.0574  0.0583  0.0576  0.0577
  0.0595  0.0587  0.0599  0.0635  0.0612  0.0649  0.0597  0.0615  0.0584  0.0614  0.0591  0.0591
  0.0623  0.0609  0.0634  0.0652  0.0696  0.0675  0.0628  0.0653  0.0600  0.0654  0.0612  0.0610
registration optimization eta report
parameter search radius
    2.4000    2.7600    3.1740    8.2800    9.5220    7.2000
    8.2800    7.2000    7.2000    8.2800    8.2800    8.2800
100000*second partial in parameter space
       92.       53.       60.       13.       13.       20.
        8.       16.        6.       13.        6.        6.
  0.0625  0.0612  0.0629  0.0676  0.0673  0.0688  0.0626  0.0657  0.0600  0.0665  0.0611  0.0612
  0.0597  0.0589  0.0601  0.0616  0.0631  0.0633  0.0599  0.0617  0.0584  0.0612  0.0589  0.0586
  0.0578  0.0575  0.0580  0.0574  0.0595  0.0585  0.0578  0.0583  0.0574  0.0580  0.0575  0.0573
  0.0570  0.0570  0.0570  0.0570  0.0571  0.0571  0.0571  0.0571  0.0571  0.0571  0.0571  0.0571
  0.0576  0.0575  0.0577  0.0602  0.0570  0.0603  0.0577  0.0584  0.0574  0.0583  0.0576  0.0577
  0.0595  0.0587  0.0599  0.0635  0.0612  0.0649  0.0597  0.0615  0.0584  0.0614  0.0591  0.0591
  0.0623  0.0609  0.0634  0.0652  0.0696  0.0675  0.0628  0.0653  0.0600  0.0654  0.0612  0.0610
    0.5327   22.4067    7.8347   -5.3354  -14.4484   -2.2002
    0.6404   -2.2855   -0.3158    5.9876   -2.0887   -9.5067
eta,q 0.94294 20.00596

---------------------------------------------------------------------
imgreg_4dfp /opt/freesurfer/average/3T18yoSchwartzReactN32_as_orig /opt/freesurfer/average/711-2B_as_mni_average_305_mask talsrcimg_g11 none talsrcimg_to_3T18yoSchwartzReactN32_as_orig_t4 2311
---------------------------------------------------------------------

freesurfer imgreg_4dfp.c
/opt/freesurfer/average/3T18yoSchwartzReactN32_as_orig.4dfp.img
       256       256       256         1
  1.000000  1.000000  1.000000
orientation T byte_order littleendian
Reading image: /opt/freesurfer/average/3T18yoSchwartzReactN32_as_orig.4dfp.img
dimensions:      256       256       256
mmppix:       1.0000   -1.0000   -1.0000
center:     128.0000 -129.0000 -129.0000
/opt/freesurfer/average/711-2B_as_mni_average_305_mask.4dfp.img
       256       256       256         1
  1.000000  1.000000  1.000000
orientation T byte_order littleendian
Reading mask: /opt/freesurfer/average/711-2B_as_mni_average_305_mask.4dfp.img (2306576 pixels)
talsrcimg_g11.4dfp.img
       320       320       320         1
  0.799996  0.799996  0.799996
orientation T byte_order littleendian
Reading image: talsrcimg_g11.4dfp.img
dimensions:      320       320       320
mmppix:       0.8000   -0.8000   -0.8000
center:     127.9994 -128.7994 -128.7994
fimgreg.f
image alignment mode   2311 decimal      907 hex
parameters
    0.5327   22.4067    7.8347   -5.3354  -14.4484   -2.2002
    0.6404   -2.2855   -0.3158    5.9876   -2.0887   -9.5067
eta,q 0.94294 20.00596
niter,ni,del,rscale     5    3    5.0000    0.8000
parameters
    0.5728   22.4111    7.9195   -6.2430  -12.6012   -2.6121
    0.7834   -2.3644   -0.3227    5.9375   -2.1934   -9.8074
eta,q 0.94420 20.12665
  0.0597  0.0584  0.0590  0.0602  0.0612  0.0624  0.0582  0.0609  0.0573  0.0594  0.0574  0.0572
  0.0583  0.0576  0.0580  0.0578  0.0594  0.0589  0.0570  0.0582  0.0565  0.0573  0.0565  0.0563
  0.0574  0.0572  0.0573  0.0567  0.0578  0.0564  0.0562  0.0564  0.0560  0.0561  0.0560  0.0559
  0.0571  0.0571  0.0571  0.0570  0.0567  0.0560  0.0558  0.0558  0.0558  0.0558  0.0558  0.0558
  0.0573  0.0572  0.0572  0.0587  0.0560  0.0580  0.0560  0.0566  0.0560  0.0563  0.0560  0.0561
  0.0581  0.0576  0.0577  0.0608  0.0562  0.0610  0.0568  0.0585  0.0565  0.0576  0.0566  0.0567
  0.0595  0.0584  0.0586  0.0627  0.0575  0.0643  0.0580  0.0611  0.0573  0.0594  0.0576  0.0575
niter,ni,del,rscale     4    3    5.0000    0.7000
parameters
    0.5886   22.1501    7.7822   -6.5415  -12.3852   -2.7505
    0.7737   -2.3550   -0.3364    5.8007   -2.2190   -9.9008
eta,q 0.94439 20.12904
  0.0581  0.0565  0.0570  0.0596  0.0586  0.0616  0.0574  0.0599  0.0568  0.0583  0.0569  0.0568
  0.0569  0.0560  0.0563  0.0574  0.0573  0.0586  0.0564  0.0576  0.0561  0.0567  0.0562  0.0561
  0.0561  0.0558  0.0559  0.0560  0.0563  0.0563  0.0558  0.0561  0.0557  0.0558  0.0557  0.0557
  0.0558  0.0558  0.0558  0.0558  0.0557  0.0557  0.0556  0.0556  0.0556  0.0556  0.0556  0.0556
  0.0560  0.0561  0.0560  0.0567  0.0557  0.0570  0.0558  0.0562  0.0558  0.0561  0.0558  0.0558
  0.0568  0.0566  0.0566  0.0585  0.0565  0.0594  0.0564  0.0577  0.0561  0.0570  0.0562  0.0562
  0.0580  0.0574  0.0576  0.0605  0.0584  0.0621  0.0574  0.0598  0.0568  0.0585  0.0569  0.0568
niter,ni,del,rscale     3    3    5.0000    0.6000
parameters
    0.5946   22.0781    7.7058   -6.6062  -12.1970   -2.8744
    0.7962   -2.3625   -0.3454    5.7619   -2.2247   -9.9547
eta,q 0.94446 20.13431
  0.0573  0.0564  0.0566  0.0590  0.0578  0.0603  0.0569  0.0588  0.0564  0.0576  0.0565  0.0564
  0.0564  0.0559  0.0560  0.0571  0.0568  0.0579  0.0562  0.0570  0.0559  0.0564  0.0560  0.0559
  0.0558  0.0557  0.0557  0.0560  0.0560  0.0561  0.0557  0.0559  0.0556  0.0557  0.0556  0.0556
  0.0556  0.0556  0.0556  0.0556  0.0556  0.0556  0.0555  0.0555  0.0555  0.0555  0.0555  0.0555
  0.0558  0.0557  0.0558  0.0561  0.0556  0.0566  0.0557  0.0560  0.0556  0.0558  0.0557  0.0557
  0.0564  0.0561  0.0562  0.0574  0.0562  0.0585  0.0561  0.0571  0.0559  0.0566  0.0560  0.0560
  0.0573  0.0566  0.0569  0.0591  0.0576  0.0608  0.0569  0.0588  0.0564  0.0576  0.0565  0.0564
niter,ni,del,rscale     2    3    5.0000    0.5000
parameters
    0.5912   22.0333    7.6460   -6.6403  -12.0245   -2.9827
    0.8200   -2.3845   -0.3451    5.7311   -2.2060   -9.9840
eta,q 0.94449 20.13965
  0.0567  0.0561  0.0562  0.0580  0.0571  0.0591  0.0565  0.0578  0.0561  0.0570  0.0562  0.0561
  0.0561  0.0558  0.0558  0.0567  0.0564  0.0572  0.0559  0.0565  0.0558  0.0561  0.0558  0.0557
  0.0557  0.0556  0.0556  0.0558  0.0558  0.0559  0.0556  0.0557  0.0556  0.0556  0.0556  0.0555
  0.0555  0.0555  0.0555  0.0555  0.0555  0.0555  0.0555  0.0555  0.0555  0.0555  0.0555  0.0555
  0.0557  0.0556  0.0557  0.0559  0.0556  0.0562  0.0556  0.0558  0.0556  0.0557  0.0556  0.0556
  0.0561  0.0559  0.0560  0.0568  0.0560  0.0577  0.0559  0.0566  0.0558  0.0562  0.0558  0.0558
  0.0567  0.0562  0.0564  0.0581  0.0569  0.0595  0.0564  0.0579  0.0561  0.0570  0.0562  0.0561
niter,ni,del,rscale     1    3    5.0000    0.4000
parameters
    0.5846   21.9972    7.5904   -6.6609  -11.8738   -3.0744
    0.8439   -2.4159   -0.3441    5.7019   -2.1880   -9.9982
eta,q 0.94452 20.14375
  0.0563  0.0559  0.0559  0.0572  0.0566  0.0580  0.0561  0.0570  0.0559  0.0564  0.0559  0.0559
  0.0558  0.0557  0.0557  0.0563  0.0561  0.0566  0.0558  0.0562  0.0557  0.0559  0.0557  0.0556
  0.0556  0.0555  0.0555  0.0557  0.0557  0.0557  0.0556  0.0556  0.0555  0.0556  0.0555  0.0555
  0.0555  0.0555  0.0555  0.0555  0.0555  0.0555  0.0555  0.0555  0.0555  0.0555  0.0555  0.0555
  0.0556  0.0556  0.0556  0.0557  0.0555  0.0559  0.0555  0.0557  0.0555  0.0556  0.0555  0.0555
  0.0559  0.0557  0.0558  0.0563  0.0558  0.0569  0.0557  0.0562  0.0557  0.0559  0.0557  0.0557
  0.0563  0.0560  0.0561  0.0572  0.0564  0.0583  0.0561  0.0570  0.0559  0.0564  0.0559  0.0559
registration optimization eta report
parameter search radius
    0.8000    0.8000    0.8000    2.4000    2.4000    2.4000
    2.4000    2.4000    2.4000    2.4000    2.4000    2.4000
100000*second partial in parameter space
      119.       66.       80.       29.       17.       45.
       11.       27.        7.       17.        8.        7.
  0.0563  0.0559  0.0559  0.0572  0.0566  0.0580  0.0561  0.0570  0.0559  0.0564  0.0559  0.0559
  0.0558  0.0557  0.0557  0.0563  0.0561  0.0566  0.0558  0.0562  0.0557  0.0559  0.0557  0.0556
  0.0556  0.0555  0.0555  0.0557  0.0557  0.0557  0.0556  0.0556  0.0555  0.0556  0.0555  0.0555
  0.0555  0.0555  0.0555  0.0555  0.0555  0.0555  0.0555  0.0555  0.0555  0.0555  0.0555  0.0555
  0.0556  0.0556  0.0556  0.0557  0.0555  0.0559  0.0555  0.0557  0.0555  0.0556  0.0555  0.0555
  0.0559  0.0557  0.0558  0.0563  0.0558  0.0569  0.0557  0.0562  0.0557  0.0559  0.0557  0.0557
  0.0563  0.0560  0.0561  0.0572  0.0564  0.0583  0.0561  0.0570  0.0559  0.0564  0.0559  0.0559
    0.5846   21.9972    7.5904   -6.6609  -11.8738   -3.0744
    0.8439   -2.4159   -0.3441    5.7019   -2.1880   -9.9982
eta,q 0.94452 20.14375

---------------------------------------------------------------------
imgreg_4dfp /opt/freesurfer/average/3T18yoSchwartzReactN32_as_orig /opt/freesurfer/average/711-2B_as_mni_average_305_mask talsrcimg_g11 none talsrcimg_to_3T18yoSchwartzReactN32_as_orig_t4 2311
---------------------------------------------------------------------

freesurfer imgreg_4dfp.c
/opt/freesurfer/average/3T18yoSchwartzReactN32_as_orig.4dfp.img
       256       256       256         1
  1.000000  1.000000  1.000000
orientation T byte_order littleendian
Reading image: /opt/freesurfer/average/3T18yoSchwartzReactN32_as_orig.4dfp.img
dimensions:      256       256       256
mmppix:       1.0000   -1.0000   -1.0000
center:     128.0000 -129.0000 -129.0000
/opt/freesurfer/average/711-2B_as_mni_average_305_mask.4dfp.img
       256       256       256         1
  1.000000  1.000000  1.000000
orientation T byte_order littleendian
Reading mask: /opt/freesurfer/average/711-2B_as_mni_average_305_mask.4dfp.img (2306576 pixels)
talsrcimg_g11.4dfp.img
       320       320       320         1
  0.799996  0.799996  0.799996
orientation T byte_order littleendian
Reading image: talsrcimg_g11.4dfp.img
dimensions:      320       320       320
mmppix:       0.8000   -0.8000   -0.8000
center:     127.9994 -128.7994 -128.7994
fimgreg.f
image alignment mode   2311 decimal      907 hex
parameters
    0.5846   21.9972    7.5904   -6.6609  -11.8738   -3.0744
    0.8439   -2.4159   -0.3441    5.7019   -2.1880   -9.9982
eta,q 0.94452 20.14375
niter,ni,del,rscale     5    3    5.0000    0.8000
parameters
    0.5804   21.9530    7.5481   -6.5308  -12.3025   -2.9722
    0.7822   -2.3521   -0.3419    5.7790   -2.1992   -9.9299
eta,q 0.94444 20.11793
  0.0584  0.0571  0.0574  0.0614  0.0586  0.0636  0.0578  0.0610  0.0572  0.0595  0.0573  0.0572
  0.0568  0.0562  0.0563  0.0584  0.0571  0.0598  0.0566  0.0582  0.0563  0.0572  0.0563  0.0562
  0.0558  0.0556  0.0557  0.0563  0.0560  0.0568  0.0558  0.0562  0.0557  0.0559  0.0557  0.0557
  0.0555  0.0555  0.0555  0.0555  0.0555  0.0555  0.0556  0.0556  0.0556  0.0556  0.0556  0.0556
  0.0558  0.0557  0.0557  0.0563  0.0559  0.0569  0.0558  0.0563  0.0557  0.0560  0.0558  0.0558
  0.0568  0.0563  0.0565  0.0583  0.0575  0.0596  0.0566  0.0581  0.0563  0.0572  0.0563  0.0563
  0.0584  0.0573  0.0576  0.0606  0.0606  0.0628  0.0579  0.0607  0.0572  0.0590  0.0572  0.0570
niter,ni,del,rscale     4    3    5.0000    0.7000
parameters
    0.5915   22.0546    7.5774   -6.5264  -12.2852   -2.9732
    0.7913   -2.3493   -0.3446    5.8115   -2.2173   -9.9674
eta,q 0.94445 20.12012
  0.0579  0.0570  0.0571  0.0601  0.0583  0.0619  0.0574  0.0598  0.0568  0.0585  0.0569  0.0568
  0.0566  0.0562  0.0563  0.0577  0.0570  0.0588  0.0564  0.0576  0.0561  0.0568  0.0561  0.0560
  0.0558  0.0558  0.0558  0.0561  0.0561  0.0564  0.0558  0.0560  0.0557  0.0558  0.0557  0.0556
  0.0556  0.0556  0.0556  0.0555  0.0555  0.0555  0.0555  0.0555  0.0555  0.0555  0.0555  0.0556
  0.0558  0.0556  0.0557  0.0562  0.0557  0.0567  0.0557  0.0561  0.0557  0.0559  0.0557  0.0557
  0.0566  0.0560  0.0562  0.0579  0.0566  0.0590  0.0564  0.0576  0.0561  0.0568  0.0562  0.0561
  0.0578  0.0566  0.0570  0.0599  0.0587  0.0617  0.0574  0.0597  0.0568  0.0583  0.0569  0.0567
niter,ni,del,rscale     3    3    5.0000    0.6000
parameters
    0.5944   22.0607    7.5808   -6.5687  -12.1520   -3.0155
    0.8081   -2.3600   -0.3474    5.8085   -2.2195   -9.9978
eta,q 0.94448 20.12771
  0.0573  0.0565  0.0567  0.0590  0.0577  0.0605  0.0569  0.0588  0.0564  0.0577  0.0565  0.0564
  0.0563  0.0560  0.0561  0.0571  0.0567  0.0580  0.0561  0.0570  0.0559  0.0564  0.0559  0.0559
  0.0557  0.0557  0.0557  0.0559  0.0560  0.0562  0.0557  0.0559  0.0556  0.0557  0.0556  0.0556
  0.0555  0.0555  0.0555  0.0555  0.0556  0.0555  0.0555  0.0555  0.0555  0.0555  0.0555  0.0555
  0.0557  0.0556  0.0557  0.0561  0.0556  0.0564  0.0557  0.0560  0.0556  0.0558  0.0556  0.0557
  0.0563  0.0559  0.0561  0.0573  0.0562  0.0583  0.0561  0.0571  0.0559  0.0565  0.0560  0.0559
  0.0572  0.0565  0.0567  0.0590  0.0577  0.0606  0.0569  0.0588  0.0564  0.0576  0.0565  0.0564
niter,ni,del,rscale     2    3    5.0000    0.5000
parameters
    0.5912   22.0342    7.5645   -6.6145  -12.0006   -3.0725
    0.8206   -2.3837   -0.3435    5.7754   -2.2120  -10.0269
eta,q 0.94451 20.13484
  0.0567  0.0561  0.0563  0.0580  0.0571  0.0592  0.0564  0.0578  0.0561  0.0570  0.0562  0.0561
  0.0560  0.0558  0.0559  0.0566  0.0564  0.0573  0.0559  0.0565  0.0558  0.0561  0.0558  0.0557
  0.0557  0.0556  0.0556  0.0558  0.0558  0.0560  0.0556  0.0557  0.0556  0.0556  0.0556  0.0555
  0.0555  0.0555  0.0555  0.0555  0.0555  0.0555  0.0555  0.0555  0.0555  0.0555  0.0555  0.0555
  0.0557  0.0556  0.0556  0.0559  0.0555  0.0561  0.0556  0.0558  0.0556  0.0557  0.0556  0.0556
  0.0561  0.0558  0.0559  0.0568  0.0560  0.0576  0.0559  0.0566  0.0558  0.0562  0.0558  0.0558
  0.0567  0.0562  0.0563  0.0581  0.0570  0.0594  0.0564  0.0578  0.0561  0.0570  0.0562  0.0561
niter,ni,del,rscale     1    3    5.0000    0.4000
parameters
    0.5843   22.0022    7.5377   -6.6441  -11.8655   -3.1312
    0.8445   -2.4121   -0.3461    5.7411   -2.1804  -10.0437
eta,q 0.94453 20.14049
  0.0562  0.0559  0.0560  0.0572  0.0565  0.0580  0.0561  0.0570  0.0559  0.0564  0.0559  0.0559
  0.0558  0.0557  0.0557  0.0562  0.0560  0.0567  0.0558  0.0561  0.0557  0.0559  0.0557  0.0556
  0.0556  0.0555  0.0555  0.0557  0.0557  0.0558  0.0556  0.0556  0.0555  0.0556  0.0555  0.0555
  0.0555  0.0555  0.0555  0.0555  0.0555  0.0555  0.0555  0.0555  0.0555  0.0555  0.0555  0.0555
  0.0556  0.0556  0.0556  0.0557  0.0555  0.0559  0.0555  0.0557  0.0555  0.0556  0.0555  0.0555
  0.0559  0.0557  0.0557  0.0563  0.0558  0.0569  0.0557  0.0562  0.0557  0.0559  0.0557  0.0557
  0.0563  0.0559  0.0560  0.0572  0.0564  0.0582  0.0561  0.0570  0.0559  0.0564  0.0559  0.0559
registration optimization eta report
parameter search radius
    0.8000    0.8000    0.8000    2.4000    2.4000    2.4000
    2.4000    2.4000    2.4000    2.4000    2.4000    2.4000
100000*second partial in parameter space
      120.       66.       80.       29.       17.       46.
       11.       27.        7.       17.        8.        7.
  0.0562  0.0559  0.0560  0.0572  0.0565  0.0580  0.0561  0.0570  0.0559  0.0564  0.0559  0.0559
  0.0558  0.0557  0.0557  0.0562  0.0560  0.0567  0.0558  0.0561  0.0557  0.0559  0.0557  0.0556
  0.0556  0.0555  0.0555  0.0557  0.0557  0.0558  0.0556  0.0556  0.0555  0.0556  0.0555  0.0555
  0.0555  0.0555  0.0555  0.0555  0.0555  0.0555  0.0555  0.0555  0.0555  0.0555  0.0555  0.0555
  0.0556  0.0556  0.0556  0.0557  0.0555  0.0559  0.0555  0.0557  0.0555  0.0556  0.0555  0.0555
  0.0559  0.0557  0.0557  0.0563  0.0558  0.0569  0.0557  0.0562  0.0557  0.0559  0.0557  0.0557
  0.0563  0.0559  0.0560  0.0572  0.0564  0.0582  0.0561  0.0570  0.0559  0.0564  0.0559  0.0559
    0.5843   22.0022    7.5377   -6.6441  -11.8655   -3.1312
    0.8445   -2.4121   -0.3461    5.7411   -2.1804  -10.0437
eta,q 0.94453 20.14049

---------------------------------------------------------------------
compute_vox2vox talsrcimg talsrcimg_to_3T18yoSchwartzReactN32_as_orig_t4 /opt/freesurfer/average/3T18yoSchwartzReactN32_as_orig
---------------------------------------------------------------------

freesurfer compute_vox2vox.c
Reading: talsrcimg.4dfp.ifh
Reading: talsrcimg_to_3T18yoSchwartzReactN32_as_orig_t4
Reading: /opt/freesurfer/average/3T18yoSchwartzReactN32_as_orig.4dfp.ifh
Writing: talsrcimg_to_3T18yoSchwartzReactN32_as_orig_t4_vox2vox.txt

start time Thu Oct 5 12:22:40 UTC 2023
end		time Thu Oct 5 12:23:17 UTC 2023

mpr2mni305 success

avi2talxfm orig_nu.mgz /opt/freesurfer/average/mni305.cor.mgz talsrcimg_to_3T18yoSchwartzReactN32_as_orig_t4_vox2vox.txt transforms/talairach.auto.xfm
avi2talxfm done
mv -f /localscratch/bpinsard.41394468.0/freesurfer_crosssectional_autorecon1smriprep_skullstripautorecon2autorecon3_sub03_ses014.job/sub-03_ses-014/mri/talsrcimg_to_3T18yoSchwartzReactN32_as_orig_t4_vox2vox.txt /localscratch/bpinsard.41394468.0/freesurfer_crosssectional_autorecon1smriprep_skullstripautorecon2autorecon3_sub03_ses014.job/sub-03_ses-014/mri/transforms/talsrcimg_to_3T18yoSchwartzReactN32_as_orig_t4_vox2vox.txt
lta_convert --src orig_nu.mgz --trg /opt/freesurfer/average/mni305.cor.mgz --inxfm transforms/talairach.auto.xfm --outlta transforms/talairach.auto.xfm.lta --subject fsaverage
7.4.1

--src: orig_nu.mgz src image (geometry).
--trg: /opt/freesurfer/average/mni305.cor.mgz trg image (geometry).
--inmni: transforms/talairach.auto.xfm input MNI/XFM transform.
--outlta: transforms/talairach.auto.xfm.lta output LTA.
--s: fsaverage subject name
 LTA read, type : 1
 1.07177   0.02711  -0.00718  -2.88280;
 0.02440   1.02601   0.11669  -31.80144;
 0.00262  -0.06673   1.12699  -24.95708;
 0.00000   0.00000   0.00000   1.00000;
setting subject to fsaverage
Writing  LTA to file transforms/talairach.auto.xfm.lta...
lta_convert successful.
 
 
Started at Thu Oct 5 12:22:40 UTC 2023
Ended   at Thu Oct  5 12:23:18 UTC 2023
talairach_avi done
