/localscratch/bpinsard.41508128.0/freesurfer_crosssectional_autorecon1smriprep_skullstripautorecon2autorecon3_sub01_ses014.job/sub-01_ses-014/mri
/opt/freesurfer/bin/talairach_avi
--i orig_nu.mgz --xfm transforms/talairach.auto.xfm --atlas 3T18yoSchwartzReactN32_as_orig
talairach_avi 7.4.1
Linux bc11248.int.ets1.calculquebec.ca 3.10.0-1160.95.1.el7.x86_64 #1 SMP Mon Jul 24 13:59:37 UTC 2023 x86_64 x86_64 x86_64 GNU/Linux
Wed Oct 11 15:12:13 UTC 2023
mri_convert orig_nu.mgz talsrcimg.img 
reading from orig_nu.mgz...
TR=0.00, TE=0.00, TI=0.00, flip angle=0.00
i_ras = (-1, 0, 0)
j_ras = (0, 0, -1)
k_ras = (0, 1, 0)
writing to talsrcimg.img...
Analyze Output Matrix
-0.80000   0.00000   0.00000   128.59731;
 0.00000   0.00000   0.80000  -102.86667;
 0.00000  -0.80000   0.00000   114.89365;
 0.00000   0.00000   0.00000   1.00000;
--------------------
INFO: set hdr.hist.orient to -1
mpr2mni305 talsrcimg
Wed Oct 11 15:12:14 UTC 2023
/opt/freesurfer/bin/mpr2mni305 talsrcimg
mpr2mni305 7.4.1
target=3T18yoSchwartzReactN32_as_orig

---------------------------------------------------------------------
analyzeto4dfp talsrcimg -O0 -y
---------------------------------------------------------------------

freesurfer ifh2hdr.c
Wed Oct 11 15:12:15 2023
Writing: talsrcimg.4dfp.hdr
freesurfer analyzeto4dfp.c
Reading: talsrcimg.hdr
header size 348 bytes
hdr.dime.datatype	offset=70	value=2
hdr.dime.bitpix		offset=72	value=8
hdr.hist.orient		offset=252	value=-1
dimensionality     4
dimensions       320       320       320         1
Reading: talsrcimg.img
Writing: talsrcimg.4dfp.img
Writing: talsrcimg.4dfp.ifh
ifh2hdr talsrcimg -r0to211
ori=2

---------------------------------------------------------------------
gauss_4dfp talsrcimg 1.1
---------------------------------------------------------------------

freesurfer gauss_4dfp.c
Reading: talsrcimg.4dfp.img
Writing: talsrcimg_g11.4dfp.img
image dimensions 320 320 320 padded to 384 384 384
processing volume 1freesurfer ifh2hdr.c
Wed Oct 11 15:12:35 2023
Writing: talsrcimg_g11.4dfp.hdr

Writing: talsrcimg_g11.4dfp.ifh
including: talsrcimg.4dfp.img.rec in talsrcimg_g11.4dfp.img.rec

---------------------------------------------------------------------
imgreg_4dfp /opt/freesurfer/average/3T18yoSchwartzReactN32_as_orig none talsrcimg_g11 none talsrcimg_to_3T18yoSchwartzReactN32_as_orig_t4 4355
---------------------------------------------------------------------

freesurfer imgreg_4dfp.c
/opt/freesurfer/average/3T18yoSchwartzReactN32_as_orig.4dfp.img
       256       256       256         1
  1.000000  1.000000  1.000000
orientation T byte_order littleendian
Reading image: /opt/freesurfer/average/3T18yoSchwartzReactN32_as_orig.4dfp.img
dimensions:      256       256       256
mmppix:       1.0000   -1.0000   -1.0000
center:     128.0000 -129.0000 -129.0000
talsrcimg_g11.4dfp.img
       320       320       320         1
  0.799995  0.799995  0.799995
orientation T byte_order littleendian
Reading image: talsrcimg_g11.4dfp.img
dimensions:      320       320       320
mmppix:       0.8000   -0.8000   -0.8000
center:     127.9992 -128.7992 -128.7992
t4_read: open error in t4_sub.f l:  46 t4_file(1:l)talsrcimg_to_3T18yoSchwartzReactN32_as_orig_t4 
t4_read: transform initialized to I4
rotation matrix determinant  1.000000
image alignment mode   4355 decimal     1103 hex
   -7.5000  -45.0000  -45.0000 8543.6104   23.0505
    0.0000  -45.0000  -45.0000 8930.2744   22.9529
    7.5000  -45.0000  -45.0000 8603.3096   22.8939
   -7.5000  -37.5000  -45.0000 8569.5215   23.6376
    0.0000  -37.5000  -45.0000 8972.9883   23.5516
    7.5000  -37.5000  -45.0000 8646.0029   23.4937
   -7.5000  -30.0000  -45.0000 9085.4502   23.8607
    0.0000  -30.0000  -45.0000 9532.3662   23.7793
    7.5000  -30.0000  -45.0000 9164.6582   23.7140
   -7.5000  -22.5000  -45.0000 9605.4854   24.1411
    0.0000  -22.5000  -45.000010091.2168   24.0608
    7.5000  -22.5000  -45.0000 9684.5508   23.9877
   -7.5000  -15.0000  -45.000010160.7539   24.4876
    0.0000  -15.0000  -45.000010660.3691   24.3978
    7.5000  -15.0000  -45.000010230.4531   24.3205
   -7.5000   -7.5000  -45.000010824.6084   25.0529
    0.0000   -7.5000  -45.000011359.3486   24.9513
    7.5000   -7.5000  -45.000010905.6143   24.8787
   -7.5000    0.0000  -45.000011544.3643   25.7661
    0.0000    0.0000  -45.000012105.7607   25.6611
    7.5000    0.0000  -45.000011621.2344   25.5967
   -7.5000    7.5000  -45.000011443.8262   27.0178
    0.0000    7.5000  -45.000012010.7314   26.9225
    7.5000    7.5000  -45.000011519.1445   26.8573
   -7.5000   15.0000  -45.000011366.6123   28.4016
    0.0000   15.0000  -45.000011937.6240   28.3162
    7.5000   15.0000  -45.000011434.0586   28.2378
   -7.5000   22.5000  -45.000011180.3818   29.5793
    0.0000   22.5000  -45.000011748.2988   29.4800
    7.5000   22.5000  -45.000011247.2520   29.3841
   -7.5000   30.0000  -45.000010917.6846   30.5804
    0.0000   30.0000  -45.000011476.9189   30.4643
    7.5000   30.0000  -45.000010970.2393   30.3587
   -7.5000   37.5000  -45.000010998.5078   31.5659
    0.0000   37.5000  -45.000011563.2354   31.4316
    7.5000   37.5000  -45.000011038.3174   31.3304
   -7.5000   45.0000  -45.000010573.4180   32.2013
    0.0000   45.0000  -45.000011115.1543   32.0523
    7.5000   45.0000  -45.000010602.9102   31.9638
   -7.5000  -45.0000  -37.5000 8827.7510   23.0029
    0.0000  -45.0000  -37.5000 9232.5693   22.9069
    7.5000  -45.0000  -37.5000 8881.4004   22.8478
   -7.5000  -37.5000  -37.5000 8873.1240   23.5826
    0.0000  -37.5000  -37.5000 9275.5537   23.4950
    7.5000  -37.5000  -37.5000 8933.2344   23.4368
   -7.5000  -30.0000  -37.5000 9421.6973   23.8012
    0.0000  -30.0000  -37.5000 9862.0186   23.7246
    7.5000  -30.0000  -37.5000 9487.4893   23.6641
   -7.5000  -22.5000  -37.5000 9996.9053   24.0742
    0.0000  -22.5000  -37.500010463.9170   24.0068
    7.5000  -22.5000  -37.500010068.5195   23.9449
   -7.5000  -15.0000  -37.500010605.3164   24.4193
    0.0000  -15.0000  -37.500011103.5283   24.3443
    7.5000  -15.0000  -37.500010671.0977   24.2793
   -7.5000   -7.5000  -37.500011334.3398   24.9945
    0.0000   -7.5000  -37.500011863.0303   24.9012
    7.5000   -7.5000  -37.500011388.6318   24.8352
   -7.5000    0.0000  -37.500012130.3799   25.7182
    0.0000    0.0000  -37.500012682.1973   25.6138
    7.5000    0.0000  -37.500012170.8867   25.5496
   -7.5000    7.5000  -37.500012046.7773   26.9600
    0.0000    7.5000  -37.500012601.9756   26.8628
    7.5000    7.5000  -37.500012076.6543   26.7967
   -7.5000   15.0000  -37.500012005.0391   28.3230
    0.0000   15.0000  -37.500012570.2256   28.2411
    7.5000   15.0000  -37.500012035.5283   28.1688
   -7.5000   22.5000  -37.500011855.1230   29.4899
    0.0000   22.5000  -37.500012436.8975   29.4069
    7.5000   22.5000  -37.500011883.7334   29.3258
   -7.5000   30.0000  -37.500011594.7012   30.4672
    0.0000   30.0000  -37.500012186.0771   30.3692
    7.5000   30.0000  -37.500011621.1309   30.2822
   -7.5000   37.5000  -37.500011699.3945   31.4544
    0.0000   37.5000  -37.500012293.5801   31.3270
    7.5000   37.5000  -37.500011720.1699   31.2376
   -7.5000   45.0000  -37.500011252.9795   32.0993
    0.0000   45.0000  -37.500011821.8809   31.9482
    7.5000   45.0000  -37.500011272.3584   31.8653
   -7.5000  -45.0000  -30.0000 9284.5928   23.8734
    0.0000  -45.0000  -30.0000 9699.1084   23.7889
    7.5000  -45.0000  -30.0000 9350.3691   23.7320
   -7.5000  -37.5000  -30.0000 9377.3770   24.4607
    0.0000  -37.5000  -30.0000 9778.1689   24.3786
    7.5000  -37.5000  -30.0000 9403.5537   24.3219
   -7.5000  -30.0000  -30.0000 9965.3857   24.7124
    0.0000  -30.0000  -30.000010406.3828   24.6396
    7.5000  -30.0000  -30.0000 9999.2041   24.5838
   -7.5000  -22.5000  -30.000010584.3252   25.0201
    0.0000  -22.5000  -30.000011045.1240   24.9585
    7.5000  -22.5000  -30.000010621.5869   24.9062
   -7.5000  -15.0000  -30.000011241.0449   25.4022
    0.0000  -15.0000  -30.000011734.6885   25.3390
    7.5000  -15.0000  -30.000011271.4482   25.2855
   -7.5000   -7.5000  -30.000012029.2832   26.0302
    0.0000   -7.5000  -30.000012573.7051   25.9516
    7.5000   -7.5000  -30.000012058.2822   25.8937
   -7.5000    0.0000  -30.000012884.1211   26.8188
    0.0000    0.0000  -30.000013479.0723   26.7254
    7.5000    0.0000  -30.000012924.8486   26.6637
   -7.5000    7.5000  -30.000012818.4600   28.1015
    0.0000    7.5000  -30.000013430.6504   28.0097
    7.5000    7.5000  -30.000012853.8301   27.9446
   -7.5000   15.0000  -30.000012819.4141   29.5264
    0.0000   15.0000  -30.000013438.7881   29.4472
    7.5000   15.0000  -30.000012841.5332   29.3788
   -7.5000   22.5000  -30.000012704.5400   30.7302
    0.0000   22.5000  -30.000013322.8242   30.6557
    7.5000   22.5000  -30.000012708.1230   30.5850
   -7.5000   30.0000  -30.000012448.8818   31.7320
    0.0000   30.0000  -30.000013083.9023   31.6493
    7.5000   30.0000  -30.000012457.6279   31.5785
   -7.5000   37.5000  -30.000012584.1875   32.7697
    0.0000   37.5000  -30.000013225.3057   32.6540
    7.5000   37.5000  -30.000012579.6309   32.5774
   -7.5000   45.0000  -30.000012130.0557   33.4598
    0.0000   45.0000  -30.000012747.7334   33.3134
    7.5000   45.0000  -30.000012138.4355   33.2374
   -7.5000  -45.0000  -22.5000 9731.3389   24.5562
    0.0000  -45.0000  -22.500010150.8369   24.4825
    7.5000  -45.0000  -22.5000 9779.1377   24.4252
   -7.5000  -37.5000  -22.5000 9833.0234   25.1518
    0.0000  -37.5000  -22.500010248.7129   25.0778
    7.5000  -37.5000  -22.5000 9855.2178   25.0204
   -7.5000  -30.0000  -22.500010496.5469   25.4327
    0.0000  -30.0000  -22.500010928.1152   25.3585
    7.5000  -30.0000  -22.500010495.5439   25.3003
   -7.5000  -22.5000  -22.500011165.9941   25.7749
    0.0000  -22.5000  -22.500011627.8574   25.7045
    7.5000  -22.5000  -22.500011162.1436   25.6488
   -7.5000  -15.0000  -22.500011873.0107   26.1870
    0.0000  -15.0000  -22.500012381.5840   26.1186
    7.5000  -15.0000  -22.500011874.4873   26.0630
   -7.5000   -7.5000  -22.500012736.9873   26.8510
    0.0000   -7.5000  -22.500013283.1240   26.7780
    7.5000   -7.5000  -22.500012726.1006   26.7199
   -7.5000    0.0000  -22.500013688.6211   27.6856
    0.0000    0.0000  -22.500014288.7129   27.6034
    7.5000    0.0000  -22.500013696.0293   27.5416
   -7.5000    7.5000  -22.500013648.9131   29.0032
    0.0000    7.5000  -22.500014297.0137   28.9196
    7.5000    7.5000  -22.500013674.9580   28.8540
   -7.5000   15.0000  -22.500013693.7822   30.4918
    0.0000   15.0000  -22.500014361.9531   30.4112
    7.5000   15.0000  -22.500013704.1172   30.3384
   -7.5000   22.5000  -22.500013584.5986   31.7250
    0.0000   22.5000  -22.500014263.9727   31.6397
    7.5000   22.5000  -22.500013592.9395   31.5615
   -7.5000   30.0000  -22.500013328.4648   32.7615
    0.0000   30.0000  -22.500014017.3408   32.6743
    7.5000   30.0000  -22.500013335.2451   32.5996
   -7.5000   37.5000  -22.500013528.4248   33.8354
    0.0000   37.5000  -22.500014228.0098   33.7248
    7.5000   37.5000  -22.500013525.0664   33.6483
   -7.5000   45.0000  -22.500013089.0713   34.5490
    0.0000   45.0000  -22.500013752.4082   34.4107
    7.5000   45.0000  -22.500013084.1602   34.3336
   -7.5000  -45.0000  -15.000010181.2812   25.0328
    0.0000  -45.0000  -15.000010596.9248   24.9558
    7.5000  -45.0000  -15.000010198.6064   24.8954
   -7.5000  -37.5000  -15.000010282.9590   25.6455
    0.0000  -37.5000  -15.000010701.6426   25.5724
    7.5000  -37.5000  -15.000010292.7744   25.5114
   -7.5000  -30.0000  -15.000010980.1318   25.9426
    0.0000  -30.0000  -15.000011422.7812   25.8621
    7.5000  -30.0000  -15.000010987.6621   25.7948
   -7.5000  -22.5000  -15.000011719.9756   26.3099
    0.0000  -22.5000  -15.000012187.6016   26.2241
    7.5000  -22.5000  -15.000011711.4180   26.1535
   -7.5000  -15.0000  -15.000012522.5234   26.7453
    0.0000  -15.0000  -15.000013026.2178   26.6585
    7.5000  -15.0000  -15.000012491.5273   26.5881
   -7.5000   -7.5000  -15.000013471.1387   27.4321
    0.0000   -7.5000  -15.000014015.1455   27.3474
    7.5000   -7.5000  -15.000013428.5947   27.2802
   -7.5000    0.0000  -15.000014512.7744   28.2949
    0.0000    0.0000  -15.000015122.1006   28.2099
    7.5000    0.0000  -15.000014480.2832   28.1444
   -7.5000    7.5000  -15.000014529.7012   29.6459
    0.0000    7.5000  -15.000015182.3633   29.5633
    7.5000    7.5000  -15.000014507.0498   29.4940
   -7.5000   15.0000  -15.000014617.1846   31.1813
    0.0000   15.0000  -15.000015293.3594   31.0959
    7.5000   15.0000  -15.000014589.6289   31.0114
   -7.5000   22.5000  -15.000014508.4658   32.4447
    0.0000   22.5000  -15.000015214.5908   32.3383
    7.5000   22.5000  -15.000014495.8555   32.2386
   -7.5000   30.0000  -15.000014291.1182   33.5225
    0.0000   30.0000  -15.000015005.0586   33.4124
    7.5000   30.0000  -15.000014273.7656   33.3153
   -7.5000   37.5000  -15.000014547.4932   34.6136
    0.0000   37.5000  -15.000015288.4717   34.4929
    7.5000   37.5000  -15.000014519.6699   34.4023
   -7.5000   45.0000  -15.000014093.7324   35.3333
    0.0000   45.0000  -15.000014797.8252   35.1949
    7.5000   45.0000  -15.000014051.5068   35.1085
   -7.5000  -45.0000   -7.500010563.9131   25.3029
    0.0000  -45.0000   -7.500011019.5947   25.2101
    7.5000  -45.0000   -7.500010546.7744   25.1480
   -7.5000  -37.5000   -7.500010703.5674   25.9352
    0.0000  -37.5000   -7.500011123.0859   25.8528
    7.5000  -37.5000   -7.500010677.2441   25.7909
   -7.5000  -30.0000   -7.500011492.1602   26.2402
    0.0000  -30.0000   -7.500011939.4600   26.1530
    7.5000  -30.0000   -7.500011457.8408   26.0808
   -7.5000  -22.5000   -7.500012304.3896   26.6212
    0.0000  -22.5000   -7.500012790.7246   26.5276
    7.5000  -22.5000   -7.500012264.0117   26.4463
   -7.5000  -15.0000   -7.500013161.6328   27.0765
    0.0000  -15.0000   -7.500013686.8408   26.9757
    7.5000  -15.0000   -7.500013115.5059   26.8919
   -7.5000   -7.5000   -7.500014166.9561   27.7815
    0.0000   -7.5000   -7.500014729.2354   27.6786
    7.5000   -7.5000   -7.500014096.6699   27.6017
   -7.5000    0.0000   -7.500015288.3135   28.6666
    0.0000    0.0000   -7.500015925.6943   28.5656
    7.5000    0.0000   -7.500015215.6865   28.4972
   -7.5000    7.5000   -7.500015353.3506   30.0438
    0.0000    7.5000   -7.500016022.3828   29.9510
    7.5000    7.5000   -7.500015274.9014   29.8806
   -7.5000   15.0000   -7.500015476.2637   31.5930
    0.0000   15.0000   -7.500016168.1455   31.5015
    7.5000   15.0000   -7.500015396.9609   31.4121
   -7.5000   22.5000   -7.500015396.0508   32.8855
    0.0000   22.5000   -7.500016099.3027   32.7683
    7.5000   22.5000   -7.500015328.4980   32.6568
   -7.5000   30.0000   -7.500015196.8232   33.9943
    0.0000   30.0000   -7.500015919.0498   33.8651
    7.5000   30.0000   -7.500015101.2402   33.7484
   -7.5000   37.5000   -7.500015525.1289   35.0914
    0.0000   37.5000   -7.500016315.3594   34.9526
    7.5000   37.5000   -7.500015452.8643   34.8456
   -7.5000   45.0000   -7.500015082.7275   35.8078
    0.0000   45.0000   -7.500015853.7217   35.6576
    7.5000   45.0000   -7.500015014.9883   35.5628
   -7.5000  -45.0000    0.000010865.3486   25.4990
    0.0000  -45.0000    0.000011370.7969   25.3913
    7.5000  -45.0000    0.000010831.8418   25.3259
   -7.5000  -37.5000    0.000010992.4160   26.1459
    0.0000  -37.5000    0.000011480.7012   26.0511
    7.5000  -37.5000    0.000010962.9678   25.9873
   -7.5000  -30.0000    0.000011833.8701   26.4554
    0.0000  -30.0000    0.000012359.8398   26.3654
    7.5000  -30.0000    0.000011809.3379   26.2933
   -7.5000  -22.5000    0.000012732.5889   26.8406
    0.0000  -22.5000    0.000013289.8418   26.7516
    7.5000  -22.5000    0.000012689.9951   26.6704
   -7.5000  -15.0000    0.000013664.9932   27.3111
    0.0000  -15.0000    0.000014243.8701   27.2111
    7.5000  -15.0000    0.000013608.0635   27.1250
   -7.5000   -7.5000    0.000014722.1826   28.0428
    0.0000   -7.5000    0.000015341.2227   27.9292
    7.5000   -7.5000    0.000014652.2705   27.8479
   -7.5000    0.0000    0.000015921.7031   28.9602
    0.0000    0.0000    0.000016614.3711   28.8425
    7.5000    0.0000    0.000015827.8574   28.7702
   -7.5000    7.5000    0.000016022.8467   30.3592
    0.0000    7.5000    0.000016739.4883   30.2526
    7.5000    7.5000    0.000015903.5605   30.1795
   -7.5000   15.0000    0.000016215.4922   31.9056
    0.0000   15.0000    0.000016979.2988   31.8100
    7.5000   15.0000    0.000016112.1631   31.7223
   -7.5000   22.5000    0.000016254.0791   33.2170
    0.0000   22.5000    0.000017089.5020   33.1059
    7.5000   22.5000    0.000016170.9004   32.9983
   -7.5000   30.0000    0.000016092.4150   34.3341
    0.0000   30.0000    0.000016872.7148   34.2040
    7.5000   30.0000    0.000015919.1631   34.0856
   -7.5000   37.5000    0.000016428.9570   35.4396
    0.0000   37.5000    0.000017329.0898   35.2889
    7.5000   37.5000    0.000016315.6064   35.1754
   -7.5000   45.0000    0.000015975.2832   36.1618
    0.0000   45.0000    0.000016943.2539   35.9949
    7.5000   45.0000    0.000015943.2227   35.8955
   -7.5000  -45.0000    7.500010206.4189   25.4151
    0.0000  -45.0000    7.500010705.5791   25.3091
    7.5000  -45.0000    7.500010210.4424   25.2438
   -7.5000  -37.5000    7.500010392.2188   26.0555
    0.0000  -37.5000    7.500010878.0557   25.9588
    7.5000  -37.5000    7.500010391.9150   25.8944
   -7.5000  -30.0000    7.500011205.5576   26.3626
    0.0000  -30.0000    7.500011705.9902   26.2779
    7.5000  -30.0000    7.500011195.5654   26.2108
   -7.5000  -22.5000    7.500012070.5811   26.7408
    0.0000  -22.5000    7.500012595.9775   26.6659
    7.5000  -22.5000    7.500012036.2705   26.5971
   -7.5000  -15.0000    7.500012970.7812   27.2100
    0.0000  -15.0000    7.500013512.7793   27.1264
    7.5000  -15.0000    7.500012914.9580   27.0539
   -7.5000   -7.5000    7.500014034.0928   27.9532
    0.0000   -7.5000    7.500014636.2852   27.8489
    7.5000   -7.5000    7.500013965.7119   27.7751
   -7.5000    0.0000    7.500015243.8545   28.8840
    0.0000    0.0000    7.500015943.7617   28.7668
    7.5000    0.0000    7.500015143.0811   28.6947
   -7.5000    7.5000    7.500015398.9365   30.2746
    0.0000    7.5000    7.500016230.2812   30.1654
    7.5000    7.5000    7.500015303.5850   30.0912
   -7.5000   15.0000    7.500015611.9580   31.8036
    0.0000   15.0000    7.500016672.5527   31.7115
    7.5000   15.0000    7.500015588.3145   31.6304
   -7.5000   22.5000    7.500015711.0508   33.1076
    0.0000   22.5000    7.500017015.6133   33.0144
    7.5000   22.5000    7.500015817.1982   32.9234
   -7.5000   30.0000    7.500015634.4541   34.2021
    0.0000   30.0000    7.500016820.9570   34.0920
    7.5000   30.0000    7.500015647.4805   33.9944
   -7.5000   37.5000    7.500015988.3418   35.3103
    0.0000   37.5000    7.500017120.9805   35.1673
    7.5000   37.5000    7.500015990.7598   35.0669
   -7.5000   45.0000    7.500015505.7402   36.0488
    0.0000   45.0000    7.500016572.9707   35.8791
    7.5000   45.0000    7.500015553.4453   35.7859
   -7.5000  -45.0000   15.0000 9366.6348   25.3156
    0.0000  -45.0000   15.0000 9803.2568   25.2261
    7.5000  -45.0000   15.0000 9404.0654   25.1657
   -7.5000  -37.5000   15.0000 9631.7139   25.9374
    0.0000  -37.5000   15.000010049.8154   25.8504
    7.5000  -37.5000   15.0000 9642.8662   25.7903
   -7.5000  -30.0000   15.000010402.0693   26.2447
    0.0000  -30.0000   15.000010828.3018   26.1676
    7.5000  -30.0000   15.000010383.1826   26.1083
   -7.5000  -22.5000   15.000011226.5664   26.6236
    0.0000  -22.5000   15.000011674.8730   26.5582
    7.5000  -22.5000   15.000011183.8975   26.5026
   -7.5000  -15.0000   15.000012113.2344   27.0951
    0.0000  -15.0000   15.000012593.3506   27.0278
    7.5000  -15.0000   15.000012048.9326   26.9708
   -7.5000   -7.5000   15.000013195.0381   27.8470
    0.0000   -7.5000   15.000013762.3936   27.7630
    7.5000   -7.5000   15.000013110.6133   27.7012
   -7.5000    0.0000   15.000014402.6279   28.7848
    0.0000    0.0000   15.000015100.2559   28.6846
    7.5000    0.0000   15.000014319.1475   28.6184
   -7.5000    7.5000   15.000014624.5830   30.1590
    0.0000    7.5000   15.000015436.7842   30.0604
    7.5000    7.5000   15.000014550.1475   29.9906
   -7.5000   15.0000   15.000014849.7705   31.6879
    0.0000   15.0000   15.000015823.2910   31.6030
    7.5000   15.0000   15.000014835.2988   31.5296
   -7.5000   22.5000   15.000014902.2959   32.9752
    0.0000   22.5000   15.000016005.2529   32.8954
    7.5000   22.5000   15.000014995.8721   32.8195
   -7.5000   30.0000   15.000014793.0449   34.0483
    0.0000   30.0000   15.000015805.6572   33.9597
    7.5000   30.0000   15.000014890.3633   33.8837
   -7.5000   37.5000   15.000015140.7119   35.1607
    0.0000   37.5000   15.000016174.8740   35.0366
    7.5000   37.5000   15.000015259.5898   34.9544
   -7.5000   45.0000   15.000014720.3740   35.9094
    0.0000   45.0000   15.000015667.4355   35.7523
    7.5000   45.0000   15.000014813.5254   35.6708
   -7.5000  -45.0000   22.5000 8504.4775   25.2602
    0.0000  -45.0000   22.5000 8828.1514   25.1845
    7.5000  -45.0000   22.5000 8502.4873   25.1255
   -7.5000  -37.5000   22.5000 8801.6846   25.8705
    0.0000  -37.5000   22.5000 9134.5938   25.7945
    7.5000  -37.5000   22.5000 8787.6328   25.7352
   -7.5000  -30.0000   22.5000 9489.5479   26.1853
    0.0000  -30.0000   22.5000 9857.1992   26.1089
    7.5000  -30.0000   22.5000 9455.7471   26.0488
   -7.5000  -22.5000   22.500010240.1523   26.5734
    0.0000  -22.5000   22.500010657.1250   26.5007
    7.5000  -22.5000   22.500010208.7344   26.4431
   -7.5000  -15.0000   22.500011067.3818   27.0461
    0.0000  -15.0000   22.500011523.3193   26.9755
    7.5000  -15.0000   22.500011013.7607   26.9180
   -7.5000   -7.5000   22.500012062.1514   27.7937
    0.0000   -7.5000   22.500012601.2676   27.7181
    7.5000   -7.5000   22.500012010.3203   27.6580
   -7.5000    0.0000   22.500013204.4941   28.7231
    0.0000    0.0000   22.500013841.4980   28.6379
    7.5000    0.0000   22.500013163.9756   28.5738
   -7.5000    7.5000   22.500013475.4307   30.0896
    0.0000    7.5000   22.500014169.9443   30.0030
    7.5000    7.5000   22.500013451.7773   29.9347
   -7.5000   15.0000   22.500013764.7803   31.6362
    0.0000   15.0000   22.500014522.8164   31.5528
    7.5000   15.0000   22.500013774.1436   31.4770
   -7.5000   22.5000   22.500013839.1211   32.9144
    0.0000   22.5000   22.500014598.1885   32.8260
    7.5000   22.5000   22.500013874.3984   32.7448
   -7.5000   30.0000   22.500013743.6035   33.9898
    0.0000   30.0000   22.500014465.4238   33.8994
    7.5000   30.0000   22.500013767.9502   33.8219
   -7.5000   37.5000   22.500014055.4922   35.1017
    0.0000   37.5000   22.500014845.7393   34.9870
    7.5000   37.5000   22.500014117.7568   34.9075
   -7.5000   45.0000   22.500013677.3770   35.8477
    0.0000   45.0000   22.500014452.7686   35.7042
    7.5000   45.0000   22.500013736.4375   35.6239
   -7.5000  -45.0000   30.0000 7595.3433   25.4715
    0.0000  -45.0000   30.0000 7930.3252   25.3918
    7.5000  -45.0000   30.0000 7573.6201   25.3294
   -7.5000  -37.5000   30.0000 7894.0122   26.0937
    0.0000  -37.5000   30.0000 8277.7764   26.0184
    7.5000  -37.5000   30.0000 7891.0493   25.9551
   -7.5000  -30.0000   30.0000 8494.4834   26.4072
    0.0000  -30.0000   30.0000 8906.5137   26.3244
    7.5000  -30.0000   30.0000 8509.3184   26.2546
   -7.5000  -22.5000   30.0000 9185.0781   26.8006
    0.0000  -22.5000   30.0000 9614.1221   26.7120
    7.5000  -22.5000   30.0000 9208.1084   26.6391
   -7.5000  -15.0000   30.0000 9920.4570   27.2759
    0.0000  -15.0000   30.000010364.6963   27.1860
    7.5000  -15.0000   30.0000 9942.5547   27.1136
   -7.5000   -7.5000   30.000010820.3809   28.0199
    0.0000   -7.5000   30.000011304.8398   27.9320
    7.5000   -7.5000   30.000010847.2783   27.8627
   -7.5000    0.0000   30.000011870.7754   28.9439
    0.0000    0.0000   30.000012408.6055   28.8558
    7.5000    0.0000   30.000011898.4102   28.7879
   -7.5000    7.5000   30.000012196.9717   30.3386
    0.0000    7.5000   30.000012769.6738   30.2531
    7.5000    7.5000   30.000012228.7822   30.1808
   -7.5000   15.0000   30.000012537.0859   31.9306
    0.0000   15.0000   30.000013153.9424   31.8425
    7.5000   15.0000   30.000012584.2539   31.7545
   -7.5000   22.5000   30.000012657.8770   33.2404
    0.0000   22.5000   30.000013267.2314   33.1305
    7.5000   22.5000   30.000012683.8643   33.0270
   -7.5000   30.0000   30.000012616.4326   34.3609
    0.0000   30.0000   30.000013216.4609   34.2469
    7.5000   30.0000   30.000012613.9824   34.1465
   -7.5000   37.5000   30.000012927.3418   35.4869
    0.0000   37.5000   30.000013566.4014   35.3615
    7.5000   37.5000   30.000012937.5625   35.2676
   -7.5000   45.0000   30.000012591.7061   36.2430
    0.0000   45.0000   30.000013207.0781   36.0990
    7.5000   45.0000   30.000012614.6826   36.0087
   -7.5000  -45.0000   37.5000 6971.4390   26.1316
    0.0000  -45.0000   37.5000 7329.5103   26.0322
    7.5000  -45.0000   37.5000 7003.7144   25.9658
   -7.5000  -37.5000   37.5000 7248.8301   26.6722
    0.0000  -37.5000   37.5000 7633.7573   26.5855
    7.5000  -37.5000   37.5000 7302.2744   26.5194
   -7.5000  -30.0000   37.5000 7843.9580   27.0002
    0.0000  -30.0000   37.5000 8241.2285   26.9086
    7.5000  -30.0000   37.5000 7903.6494   26.8316
   -7.5000  -22.5000   37.5000 8520.8691   27.4180
    0.0000  -22.5000   37.5000 8936.6582   27.3191
    7.5000  -22.5000   37.5000 8579.6416   27.2327
   -7.5000  -15.0000   37.5000 9239.2246   27.9261
    0.0000  -15.0000   37.5000 9653.5889   27.8192
    7.5000  -15.0000   37.5000 9293.9072   27.7303
   -7.5000   -7.5000   37.500010110.2490   28.7054
    0.0000   -7.5000   37.500010543.4688   28.5955
    7.5000   -7.5000   37.500010161.8730   28.5139
   -7.5000    0.0000   37.500011124.2520   29.6508
    0.0000    0.0000   37.500011599.4600   29.5429
    7.5000    0.0000   37.500011165.2178   29.4698
   -7.5000    7.5000   37.500011440.0186   30.9858
    0.0000    7.5000   37.500011930.3008   30.8881
    7.5000    7.5000   37.500011477.0703   30.8128
   -7.5000   15.0000   37.500011772.5996   32.5621
    0.0000   15.0000   37.500012301.5742   32.4667
    7.5000   15.0000   37.500011821.7227   32.3714
   -7.5000   22.5000   37.500011934.4316   33.9260
    0.0000   22.5000   37.500012450.5664   33.8033
    7.5000   22.5000   37.500011936.9697   33.6845
   -7.5000   30.0000   37.500011924.8184   35.1050
    0.0000   30.0000   37.500012441.9453   34.9691
    7.5000   30.0000   37.500011898.5879   34.8452
   -7.5000   37.5000   37.500012229.4346   36.2585
    0.0000   37.5000   37.500012773.3789   36.1117
    7.5000   37.5000   37.500012212.2539   35.9983
   -7.5000   45.0000   37.500011905.1113   37.0340
    0.0000   45.0000   37.500012449.1543   36.8744
    7.5000   45.0000   37.500011918.5596   36.7730
   -7.5000  -45.0000   45.0000 6200.0493   27.2363
    0.0000  -45.0000   45.0000 6509.4634   27.1131
    7.5000  -45.0000   45.0000 6233.1064   27.0372
   -7.5000  -37.5000   45.0000 6445.2964   27.6210
    0.0000  -37.5000   45.0000 6771.5894   27.5153
    7.5000  -37.5000   45.0000 6480.0161   27.4424
   -7.5000  -30.0000   45.0000 7014.4136   27.9538
    0.0000  -30.0000   45.0000 7360.9355   27.8522
    7.5000  -30.0000   45.0000 7054.6426   27.7691
   -7.5000  -22.5000   45.0000 7651.7095   28.4004
    0.0000  -22.5000   45.0000 8025.7783   28.2990
    7.5000  -22.5000   45.0000 7711.9731   28.2052
   -7.5000  -15.0000   45.0000 8355.8330   28.9614
    0.0000  -15.0000   45.0000 8738.6982   28.8477
    7.5000  -15.0000   45.0000 8408.9961   28.7480
   -7.5000   -7.5000   45.0000 9191.9932   29.8128
    0.0000   -7.5000   45.0000 9580.1602   29.6838
    7.5000   -7.5000   45.0000 9227.8545   29.5896
   -7.5000    0.0000   45.000010123.4834   30.8025
    0.0000    0.0000   45.000010540.6621   30.6692
    7.5000    0.0000   45.000010140.2373   30.5858
   -7.5000    7.5000   45.000010356.0479   32.0291
    0.0000    7.5000   45.000010786.2939   31.9107
    7.5000    7.5000   45.000010379.1973   31.8275
   -7.5000   15.0000   45.000010652.3232   33.5506
    0.0000   15.0000   45.000011107.4609   33.4449
    7.5000   15.0000   45.000010670.2412   33.3452
   -7.5000   22.5000   45.000010800.6768   34.8951
    0.0000   22.5000   45.000011251.0605   34.7724
    7.5000   22.5000   45.000010779.4766   34.6504
   -7.5000   30.0000   45.000010775.8740   36.0608
    0.0000   30.0000   45.000011238.0215   35.9182
    7.5000   30.0000   45.000010745.4561   35.7845
   -7.5000   37.5000   45.000011053.5371   37.2356
    0.0000   37.5000   45.000011536.5859   37.0711
    7.5000   37.5000   45.000011024.8604   36.9435
   -7.5000   45.0000   45.000010780.0898   38.0405
    0.0000   45.0000   45.000011258.6631   37.8582
    7.5000   45.0000   45.000010779.6191   37.7459

---------------------------------------------------------------------
imgreg_4dfp /opt/freesurfer/average/3T18yoSchwartzReactN32_as_orig /opt/freesurfer/average/711-2B_as_mni_average_305_mask talsrcimg_g11 none talsrcimg_to_3T18yoSchwartzReactN32_as_orig_t4 4355
---------------------------------------------------------------------

freesurfer imgreg_4dfp.c
/opt/freesurfer/average/3T18yoSchwartzReactN32_as_orig.4dfp.img
       256       256       256         1
  1.000000  1.000000  1.000000
orientation T byte_order littleendian
Reading image: /opt/freesurfer/average/3T18yoSchwartzReactN32_as_orig.4dfp.img
dimensions:      256       256       256
mmppix:       1.0000   -1.0000   -1.0000
center:     128.0000 -129.0000 -129.0000
/opt/freesurfer/average/711-2B_as_mni_average_305_mask.4dfp.img
       256       256       256         1
  1.000000  1.000000  1.000000
orientation T byte_order littleendian
Reading mask: /opt/freesurfer/average/711-2B_as_mni_average_305_mask.4dfp.img (2306576 pixels)
talsrcimg_g11.4dfp.img
       320       320       320         1
  0.799995  0.799995  0.799995
orientation T byte_order littleendian
Reading image: talsrcimg_g11.4dfp.img
dimensions:      320       320       320
mmppix:       0.8000   -0.8000   -0.8000
center:     127.9992 -128.7992 -128.7992
rotation matrix determinant  1.000000
image alignment mode   4355 decimal     1103 hex
   -7.5000   -7.5000  -45.0000 2253.5244   42.0717
    0.0000   -7.5000  -45.0000 2274.7842   41.5560
    7.5000   -7.5000  -45.0000 2278.5281   41.5536
   -7.5000    0.0000  -45.0000 2291.1309   41.0203
    0.0000    0.0000  -45.0000 2312.2585   40.6054
    7.5000    0.0000  -45.0000 2314.3726   40.6603
   -7.5000    7.5000  -45.0000 2319.5930   40.1520
    0.0000    7.5000  -45.0000 2336.5708   39.7328
    7.5000    7.5000  -45.0000 2337.2292   39.7463
   -7.5000   15.0000  -45.0000 2335.1350   39.3457
    0.0000   15.0000  -45.0000 2351.1431   38.9096
    7.5000   15.0000  -45.0000 2351.3330   38.9293
   -7.5000   22.5000  -45.0000 2339.0618   38.5939
    0.0000   22.5000  -45.0000 2358.1008   38.2177
    7.5000   22.5000  -45.0000 2354.4561   38.1594
   -7.5000   30.0000  -45.0000 2341.0022   38.2314
    0.0000   30.0000  -45.0000 2358.3120   37.7799
    7.5000   30.0000  -45.0000 2349.7100   37.6643
   -7.5000   37.5000  -45.0000 2322.3643   37.9029
    0.0000   37.5000  -45.0000 2341.9294   37.4966
    7.5000   37.5000  -45.0000 2332.0933   37.3891
   -7.5000   45.0000  -45.0000 2305.2241   38.4168
    0.0000   45.0000  -45.0000 2324.3704   38.0041
    7.5000   45.0000  -45.0000 2306.7861   37.8340
   -7.5000   52.5000  -45.0000 2234.4626   39.2395
    0.0000   52.5000  -45.0000 2256.6553   38.9908
    7.5000   52.5000  -45.0000 2242.7004   38.8607
   -7.5000   60.0000  -45.0000 2124.8108   40.4750
    0.0000   60.0000  -45.0000 2142.4280   40.2916
    7.5000   60.0000  -45.0000 2127.6694   40.1910
   -7.5000   67.5000  -45.0000 1980.4218   42.0820
    0.0000   67.5000  -45.0000 1989.2069   41.7723
    7.5000   67.5000  -45.0000 1978.6215   41.7646
   -7.5000   75.0000  -45.0000 1808.2920   43.6969
    0.0000   75.0000  -45.0000 1823.9055   43.2405
    7.5000   75.0000  -45.0000 1816.4688   43.3740
   -7.5000   82.5000  -45.0000 1717.4846   48.3127
    0.0000   82.5000  -45.0000 1742.4044   47.8017
    7.5000   82.5000  -45.0000 1733.6256   47.9286
   -7.5000   -7.5000  -37.5000 2334.8733   39.2008
    0.0000   -7.5000  -37.5000 2360.4075   38.8096
    7.5000   -7.5000  -37.5000 2357.8582   38.7358
   -7.5000    0.0000  -37.5000 2372.9724   38.1253
    0.0000    0.0000  -37.5000 2391.1833   37.6851
    7.5000    0.0000  -37.5000 2389.2964   37.7346
   -7.5000    7.5000  -37.5000 2403.3069   37.1563
    0.0000    7.5000  -37.5000 2415.3625   36.6857
    7.5000    7.5000  -37.5000 2412.9399   36.8070
   -7.5000   15.0000  -37.5000 2426.9973   36.3927
    0.0000   15.0000  -37.5000 2435.1677   36.0122
    7.5000   15.0000  -37.5000 2432.6997   36.0658
   -7.5000   22.5000  -37.5000 2435.6292   35.7001
    0.0000   22.5000  -37.5000 2450.8105   35.3410
    7.5000   22.5000  -37.5000 2442.9648   35.3664
   -7.5000   30.0000  -37.5000 2440.8315   35.2436
    0.0000   30.0000  -37.5000 2458.3281   34.9003
    7.5000   30.0000  -37.5000 2444.4202   34.8937
   -7.5000   37.5000  -37.5000 2429.0796   35.0863
    0.0000   37.5000  -37.5000 2451.6802   34.7408
    7.5000   37.5000  -37.5000 2440.1296   34.8406
   -7.5000   45.0000  -37.5000 2409.7825   35.5212
    0.0000   45.0000  -37.5000 2434.1812   35.1764
    7.5000   45.0000  -37.5000 2417.5137   35.2156
   -7.5000   52.5000  -37.5000 2347.1367   36.3024
    0.0000   52.5000  -37.5000 2374.6726   36.0492
    7.5000   52.5000  -37.5000 2356.1638   36.0099
   -7.5000   60.0000  -37.5000 2234.6978   37.4247
    0.0000   60.0000  -37.5000 2258.1284   37.2544
    7.5000   60.0000  -37.5000 2240.7229   37.2414
   -7.5000   67.5000  -37.5000 2091.0693   38.9465
    0.0000   67.5000  -37.5000 2104.0505   38.6568
    7.5000   67.5000  -37.5000 2089.7153   38.7304
   -7.5000   75.0000  -37.5000 1913.8771   40.4753
    0.0000   75.0000  -37.5000 1925.7418   40.1409
    7.5000   75.0000  -37.5000 1914.6232   40.3081
   -7.5000   82.5000  -37.5000 1818.5292   44.8483
    0.0000   82.5000  -37.5000 1841.4070   44.3923
    7.5000   82.5000  -37.5000 1832.7168   44.5104
   -7.5000   -7.5000  -30.0000 2455.9885   37.9139
    0.0000   -7.5000  -30.0000 2477.9546   37.3426
    7.5000   -7.5000  -30.0000 2471.2285   37.3054
   -7.5000    0.0000  -30.0000 2496.0850   36.7262
    0.0000    0.0000  -30.0000 2517.2393   36.2896
    7.5000    0.0000  -30.0000 2513.1194   36.2916
   -7.5000    7.5000  -30.0000 2528.3364   35.6919
    0.0000    7.5000  -30.0000 2541.6775   35.2238
    7.5000    7.5000  -30.0000 2533.0422   35.2109
   -7.5000   15.0000  -30.0000 2547.8481   34.6858
    0.0000   15.0000  -30.0000 2561.5403   34.2878
    7.5000   15.0000  -30.0000 2555.8477   34.3676
   -7.5000   22.5000  -30.0000 2571.1792   33.9683
    0.0000   22.5000  -30.0000 2581.5569   33.5856
    7.5000   22.5000  -30.0000 2574.7019   33.7195
   -7.5000   30.0000  -30.0000 2579.7634   33.3896
    0.0000   30.0000  -30.0000 2594.3135   33.0362
    7.5000   30.0000  -30.0000 2579.3232   33.1553
   -7.5000   37.5000  -30.0000 2576.0278   33.3907
    0.0000   37.5000  -30.0000 2592.4980   32.9582
    7.5000   37.5000  -30.0000 2579.3413   33.1157
   -7.5000   45.0000  -30.0000 2564.0415   33.9167
    0.0000   45.0000  -30.0000 2584.6912   33.4444
    7.5000   45.0000  -30.0000 2570.7751   33.6089
   -7.5000   52.5000  -30.0000 2500.2712   34.7823
    0.0000   52.5000  -30.0000 2528.9519   34.3389
    7.5000   52.5000  -30.0000 2510.0811   34.4231
   -7.5000   60.0000  -30.0000 2388.2991   35.8649
    0.0000   60.0000  -30.0000 2414.4258   35.5514
    7.5000   60.0000  -30.0000 2395.1355   35.5620
   -7.5000   67.5000  -30.0000 2240.5996   37.3189
    0.0000   67.5000  -30.0000 2260.5752   37.0148
    7.5000   67.5000  -30.0000 2243.6936   37.0376
   -7.5000   75.0000  -30.0000 2057.3850   38.8455
    0.0000   75.0000  -30.0000 2078.6096   38.5923
    7.5000   75.0000  -30.0000 2061.3228   38.6081
   -7.5000   82.5000  -30.0000 1955.7212   43.0848
    0.0000   82.5000  -30.0000 1976.6846   42.7050
    7.5000   82.5000  -30.0000 1961.3843   42.6766
   -7.5000   -7.5000  -22.5000 2533.6985   36.5728
    0.0000   -7.5000  -22.5000 2551.1338   35.9303
    7.5000   -7.5000  -22.5000 2539.9409   35.8516
   -7.5000    0.0000  -22.5000 2575.1606   35.2342
    0.0000    0.0000  -22.5000 2590.7666   34.6476
    7.5000    0.0000  -22.5000 2585.6008   34.6496
   -7.5000    7.5000  -22.5000 2600.0264   33.9838
    0.0000    7.5000  -22.5000 2622.7629   33.5319
    7.5000    7.5000  -22.5000 2611.1108   33.4720
   -7.5000   15.0000  -22.5000 2630.6013   32.9331
    0.0000   15.0000  -22.5000 2644.1699   32.4063
    7.5000   15.0000  -22.5000 2634.8467   32.4202
   -7.5000   22.5000  -22.5000 2653.7268   32.0840
    0.0000   22.5000  -22.5000 2671.7451   31.5827
    7.5000   22.5000  -22.5000 2663.0732   31.6799
   -7.5000   30.0000  -22.5000 2664.9753   31.4536
    0.0000   30.0000  -22.5000 2682.3000   30.9678
    7.5000   30.0000  -22.5000 2671.0046   31.1193
   -7.5000   37.5000  -22.5000 2681.5667   31.5213
    0.0000   37.5000  -22.5000 2698.0693   30.9787
    7.5000   37.5000  -22.5000 2688.2913   31.1780
   -7.5000   45.0000  -22.5000 2684.2393   32.1185
    0.0000   45.0000  -22.5000 2700.8706   31.5596
    7.5000   45.0000  -22.5000 2690.8428   31.7259
   -7.5000   52.5000  -22.5000 2626.2290   33.0239
    0.0000   52.5000  -22.5000 2646.5542   32.4609
    7.5000   52.5000  -22.5000 2633.4529   32.6300
   -7.5000   60.0000  -22.5000 2507.1235   34.2305
    0.0000   60.0000  -22.5000 2532.4231   33.7867
    7.5000   60.0000  -22.5000 2518.2368   33.8494
   -7.5000   67.5000  -22.5000 2353.2332   35.6466
    0.0000   67.5000  -22.5000 2374.3821   35.2346
    7.5000   67.5000  -22.5000 2360.2715   35.2866
   -7.5000   75.0000  -22.5000 2169.3608   37.2475
    0.0000   75.0000  -22.5000 2190.9563   36.8735
    7.5000   75.0000  -22.5000 2176.9111   36.8525
   -7.5000   82.5000  -22.5000 2061.1255   41.2451
    0.0000   82.5000  -22.5000 2083.4067   40.9082
    7.5000   82.5000  -22.5000 2067.6279   40.8868
   -7.5000   -7.5000  -15.0000 2559.9998   35.5213
    0.0000   -7.5000  -15.0000 2572.5793   34.7417
    7.5000   -7.5000  -15.0000 2576.4993   34.7277
   -7.5000    0.0000  -15.0000 2604.0037   34.0727
    0.0000    0.0000  -15.0000 2613.6941   33.2955
    7.5000    0.0000  -15.0000 2619.3696   33.3310
   -7.5000    7.5000  -15.0000 2637.0693   32.6962
    0.0000    7.5000  -15.0000 2648.6289   32.0274
    7.5000    7.5000  -15.0000 2648.7263   32.0474
   -7.5000   15.0000  -15.0000 2670.6914   31.5106
    0.0000   15.0000  -15.0000 2680.2783   30.8615
    7.5000   15.0000  -15.0000 2677.1299   30.8676
   -7.5000   22.5000  -15.0000 2696.0178   30.4918
    0.0000   22.5000  -15.0000 2709.5457   29.7923
    7.5000   22.5000  -15.0000 2706.9082   29.8484
   -7.5000   30.0000  -15.0000 2716.6025   29.7847
    0.0000   30.0000  -15.0000 2729.8076   29.1289
    7.5000   30.0000  -15.0000 2727.6401   29.2657
   -7.5000   37.5000  -15.0000 2748.6003   29.9387
    0.0000   37.5000  -15.0000 2765.3977   29.2643
    7.5000   37.5000  -15.0000 2759.0537   29.4535
   -7.5000   45.0000  -15.0000 2758.0010   30.6281
    0.0000   45.0000  -15.0000 2772.8416   29.9289
    7.5000   45.0000  -15.0000 2760.9932   30.0814
   -7.5000   52.5000  -15.0000 2702.4912   31.5464
    0.0000   52.5000  -15.0000 2720.3977   30.9403
    7.5000   52.5000  -15.0000 2710.3394   31.0937
   -7.5000   60.0000  -15.0000 2588.1946   32.8417
    0.0000   60.0000  -15.0000 2609.5005   32.2495
    7.5000   60.0000  -15.0000 2600.1514   32.4366
   -7.5000   67.5000  -15.0000 2426.9678   34.2779
    0.0000   67.5000  -15.0000 2447.4919   33.7618
    7.5000   67.5000  -15.0000 2439.5034   33.8894
   -7.5000   75.0000  -15.0000 2238.9944   35.8953
    0.0000   75.0000  -15.0000 2262.6584   35.4424
    7.5000   75.0000  -15.0000 2253.7444   35.5116
   -7.5000   82.5000  -15.0000 2132.1199   39.8472
    0.0000   82.5000  -15.0000 2152.9375   39.3875
    7.5000   82.5000  -15.0000 2143.5610   39.4795
   -7.5000   -7.5000   -7.5000 2547.5049   35.0138
    0.0000   -7.5000   -7.5000 2548.1687   34.1013
    7.5000   -7.5000   -7.5000 2563.4995   34.1452
   -7.5000    0.0000   -7.5000 2587.9031   33.3611
    0.0000    0.0000   -7.5000 2590.3604   32.5659
    7.5000    0.0000   -7.5000 2601.1426   32.5377
   -7.5000    7.5000   -7.5000 2626.1804   31.8385
    0.0000    7.5000   -7.5000 2632.3162   31.1839
    7.5000    7.5000   -7.5000 2636.6824   31.1164
   -7.5000   15.0000   -7.5000 2667.4565   30.5176
    0.0000   15.0000   -7.5000 2669.6858   29.8578
    7.5000   15.0000   -7.5000 2675.7568   29.8712
   -7.5000   22.5000   -7.5000 2695.6538   29.3449
    0.0000   22.5000   -7.5000 2701.9143   28.6624
    7.5000   22.5000   -7.5000 2708.1992   28.7783
   -7.5000   30.0000   -7.5000 2726.8367   28.6816
    0.0000   30.0000   -7.5000 2730.6726   27.8186
    7.5000   30.0000   -7.5000 2731.4080   27.9818
   -7.5000   37.5000   -7.5000 2781.2136   28.9299
    0.0000   37.5000   -7.5000 2794.7222   28.1466
    7.5000   37.5000   -7.5000 2788.3455   28.2577
   -7.5000   45.0000   -7.5000 2805.3230   29.6160
    0.0000   45.0000   -7.5000 2815.6604   28.8902
    7.5000   45.0000   -7.5000 2809.5459   29.0355
   -7.5000   52.5000   -7.5000 2758.4197   30.6132
    0.0000   52.5000   -7.5000 2768.9600   29.8962
    7.5000   52.5000   -7.5000 2762.6331   30.1000
   -7.5000   60.0000   -7.5000 2641.2390   31.8481
    0.0000   60.0000   -7.5000 2654.5332   31.1919
    7.5000   60.0000   -7.5000 2649.7256   31.3853
   -7.5000   67.5000   -7.5000 2474.3191   33.3949
    0.0000   67.5000   -7.5000 2491.7126   32.8131
    7.5000   67.5000   -7.5000 2483.6428   32.9722
   -7.5000   75.0000   -7.5000 2285.5923   35.1061
    0.0000   75.0000   -7.5000 2305.9216   34.4695
    7.5000   75.0000   -7.5000 2296.0764   34.5989
   -7.5000   82.5000   -7.5000 2174.2849   38.8112
    0.0000   82.5000   -7.5000 2191.4907   38.2330
    7.5000   82.5000   -7.5000 2181.9841   38.3040
   -7.5000   -7.5000    0.0000 2512.0740   35.0414
    0.0000   -7.5000    0.0000 2517.9854   34.1318
    7.5000   -7.5000    0.0000 2521.4844   34.1333
   -7.5000    0.0000    0.0000 2549.2727   33.2300
    0.0000    0.0000    0.0000 2555.7786   32.5285
    7.5000    0.0000    0.0000 2555.0327   32.4453
   -7.5000    7.5000    0.0000 2590.0513   31.5533
    0.0000    7.5000    0.0000 2594.1892   31.0048
    7.5000    7.5000    0.0000 2589.8271   30.8566
   -7.5000   15.0000    0.0000 2643.6868   30.2059
    0.0000   15.0000    0.0000 2642.2490   29.7471
    7.5000   15.0000    0.0000 2640.2341   29.6077
   -7.5000   22.5000    0.0000 2699.9961   29.2111
    0.0000   22.5000    0.0000 2707.6465   28.9035
    7.5000   22.5000    0.0000 2703.0493   28.7524
   -7.5000   30.0000    0.0000 2745.4182   28.5083
    0.0000   30.0000    0.0000 2730.7390   27.7828
    7.5000   30.0000    0.0000 2732.8357   27.8317
   -7.5000   37.5000    0.0000 2803.5647   28.5122
    0.0000   37.5000    0.0000 2821.0532   27.9534
    7.5000   37.5000    0.0000 2800.9836   27.8504
   -7.5000   45.0000    0.0000 2836.3801   29.1845
    0.0000   45.0000    0.0000 2865.2422   28.6152
    7.5000   45.0000    0.0000 2844.7666   28.5514
   -7.5000   52.5000    0.0000 2796.0759   30.1088
    0.0000   52.5000    0.0000 2814.2971   29.4349
    7.5000   52.5000    0.0000 2800.7131   29.5258
   -7.5000   60.0000    0.0000 2671.5212   31.2760
    0.0000   60.0000    0.0000 2689.3223   30.7306
    7.5000   60.0000    0.0000 2678.3579   30.8688
   -7.5000   67.5000    0.0000 2501.0520   32.8510
    0.0000   67.5000    0.0000 2516.3528   32.3346
    7.5000   67.5000    0.0000 2503.7058   32.4520
   -7.5000   75.0000    0.0000 2300.7356   34.4460
    0.0000   75.0000    0.0000 2325.1492   34.0090
    7.5000   75.0000    0.0000 2310.7983   34.0610
   -7.5000   82.5000    0.0000 2193.8984   38.2305
    0.0000   82.5000    0.0000 2208.6160   37.7462
    7.5000   82.5000    0.0000 2196.9666   37.7359
   -7.5000   -7.5000    7.5000 2451.6714   35.7092
    0.0000   -7.5000    7.5000 2449.0835   34.6867
    7.5000   -7.5000    7.5000 2461.7742   34.8486
   -7.5000    0.0000    7.5000 2491.8772   33.8667
    0.0000    0.0000    7.5000 2491.9121   33.1651
    7.5000    0.0000    7.5000 2492.0952   33.1297
   -7.5000    7.5000    7.5000 2537.7627   32.0757
    0.0000    7.5000    7.5000 2555.8086   31.7086
    7.5000    7.5000    7.5000 2540.6318   31.5136
   -7.5000   15.0000    7.5000 2596.2710   30.6094
    0.0000   15.0000    7.5000 2625.4568   30.4757
    7.5000   15.0000    7.5000 2600.0972   30.1781
   -7.5000   22.5000    7.5000 2676.2930   29.5686
    0.0000   22.5000    7.5000 2738.1475   29.9692
    7.5000   22.5000    7.5000 2696.3167   29.4371
   -7.5000   30.0000    7.5000 2749.1309   28.8510
    0.0000   30.0000    7.5000 2788.9834   28.9002
    7.5000   30.0000    7.5000 2751.9048   28.5427
   -7.5000   37.5000    7.5000 2806.4138   28.6899
    0.0000   37.5000    7.5000 2830.5691   28.1568
    7.5000   37.5000    7.5000 2813.2273   28.2444
   -7.5000   45.0000    7.5000 2832.2437   29.1791
    0.0000   45.0000    7.5000 2847.2683   28.3970
    7.5000   45.0000    7.5000 2844.3684   28.6307
   -7.5000   52.5000    7.5000 2788.6807   30.0521
    0.0000   52.5000    7.5000 2800.0422   29.2457
    7.5000   52.5000    7.5000 2796.8186   29.4604
   -7.5000   60.0000    7.5000 2670.1514   31.2541
    0.0000   60.0000    7.5000 2679.7966   30.5120
    7.5000   60.0000    7.5000 2677.6023   30.7383
   -7.5000   67.5000    7.5000 2505.9377   32.7708
    0.0000   67.5000    7.5000 2513.0107   32.1376
    7.5000   67.5000    7.5000 2506.3733   32.3433
   -7.5000   75.0000    7.5000 2310.0859   34.3863
    0.0000   75.0000    7.5000 2326.4006   33.8424
    7.5000   75.0000    7.5000 2316.0693   34.0368
   -7.5000   82.5000    7.5000 2198.7083   38.1835
    0.0000   82.5000    7.5000 2218.2981   37.6543
    7.5000   82.5000    7.5000 2207.2129   37.7251
   -7.5000   -7.5000   15.0000 2404.2563   37.3754
    0.0000   -7.5000   15.0000 2402.7935   36.4781
    7.5000   -7.5000   15.0000 2419.4514   36.7046
   -7.5000    0.0000   15.0000 2451.2332   35.4478
    0.0000    0.0000   15.0000 2454.1130   34.7809
    7.5000    0.0000   15.0000 2462.5237   34.8887
   -7.5000    7.5000   15.0000 2507.0493   33.4561
    0.0000    7.5000   15.0000 2520.1052   33.0349
    7.5000    7.5000   15.0000 2519.5747   33.0385
   -7.5000   15.0000   15.0000 2569.1240   31.7542
    0.0000   15.0000   15.0000 2592.5400   31.5034
    7.5000   15.0000   15.0000 2581.3257   31.4428
   -7.5000   22.5000   15.0000 2645.3870   30.3751
    0.0000   22.5000   15.0000 2689.2031   30.5063
    7.5000   22.5000   15.0000 2667.5337   30.2967
   -7.5000   30.0000   15.0000 2718.7461   29.4839
    0.0000   30.0000   15.0000 2740.0308   29.1217
    7.5000   30.0000   15.0000 2740.5586   29.3419
   -7.5000   37.5000   15.0000 2783.5674   29.4866
    0.0000   37.5000   15.0000 2805.9114   28.7372
    7.5000   37.5000   15.0000 2801.8127   29.1422
   -7.5000   45.0000   15.0000 2811.3093   29.9703
    0.0000   45.0000   15.0000 2839.3450   29.2890
    7.5000   45.0000   15.0000 2829.6902   29.5894
   -7.5000   52.5000   15.0000 2767.1289   30.8596
    0.0000   52.5000   15.0000 2787.1689   30.2086
    7.5000   52.5000   15.0000 2779.0361   30.3512
   -7.5000   60.0000   15.0000 2651.7705   31.9755
    0.0000   60.0000   15.0000 2660.1377   31.2484
    7.5000   60.0000   15.0000 2658.4448   31.3990
   -7.5000   67.5000   15.0000 2491.9155   33.4013
    0.0000   67.5000   15.0000 2495.8525   32.6456
    7.5000   67.5000   15.0000 2493.7622   32.7815
   -7.5000   75.0000   15.0000 2302.2996   34.7669
    0.0000   75.0000   15.0000 2313.6831   34.1660
    7.5000   75.0000   15.0000 2307.3159   34.3105
   -7.5000   82.5000   15.0000 2187.3718   38.3341
    0.0000   82.5000   15.0000 2203.2915   37.7628
    7.5000   82.5000   15.0000 2197.2622   37.8974
   -7.5000   -7.5000   22.5000 2353.9458   39.6179
    0.0000   -7.5000   22.5000 2353.1956   38.7157
    7.5000   -7.5000   22.5000 2370.5405   39.0531
   -7.5000    0.0000   22.5000 2410.5803   37.3621
    0.0000    0.0000   22.5000 2413.2468   36.5872
    7.5000    0.0000   22.5000 2426.8057   36.8604
   -7.5000    7.5000   22.5000 2469.5896   35.1232
    0.0000    7.5000   22.5000 2475.0183   34.4508
    7.5000    7.5000   22.5000 2486.6841   34.7864
   -7.5000   15.0000   22.5000 2544.6987   33.3050
    0.0000   15.0000   22.5000 2550.1218   32.7639
    7.5000   15.0000   22.5000 2551.7666   32.9763
   -7.5000   22.5000   22.5000 2622.8113   31.8481
    0.0000   22.5000   22.5000 2633.7527   31.4463
    7.5000   22.5000   22.5000 2634.1721   31.6410
   -7.5000   30.0000   22.5000 2697.0129   31.0492
    0.0000   30.0000   22.5000 2691.8315   30.1579
    7.5000   30.0000   22.5000 2704.7607   30.7458
   -7.5000   37.5000   22.5000 2748.2449   30.9579
    0.0000   37.5000   22.5000 2762.3564   30.1081
    7.5000   37.5000   22.5000 2759.3984   30.5449
   -7.5000   45.0000   22.5000 2771.8352   31.4329
    0.0000   45.0000   22.5000 2790.3762   30.6354
    7.5000   45.0000   22.5000 2784.5835   30.9584
   -7.5000   52.5000   22.5000 2729.1077   32.2741
    0.0000   52.5000   22.5000 2744.6670   31.5883
    7.5000   52.5000   22.5000 2742.8816   31.7940
   -7.5000   60.0000   22.5000 2618.7637   33.2879
    0.0000   60.0000   22.5000 2627.2390   32.6640
    7.5000   60.0000   22.5000 2630.1196   32.8068
   -7.5000   67.5000   22.5000 2458.7837   34.4030
    0.0000   67.5000   22.5000 2470.9058   33.8269
    7.5000   67.5000   22.5000 2469.5115   33.8920
   -7.5000   75.0000   22.5000 2273.7585   35.6237
    0.0000   75.0000   22.5000 2291.7324   35.0459
    7.5000   75.0000   22.5000 2282.5247   35.1111
   -7.5000   82.5000   22.5000 2164.0256   39.1624
    0.0000   82.5000   22.5000 2179.3804   38.5749
    7.5000   82.5000   22.5000 2171.6929   38.6861
   -7.5000   -7.5000   30.0000 2298.4788   42.2046
    0.0000   -7.5000   30.0000 2294.9373   41.2298
    7.5000   -7.5000   30.0000 2321.7703   41.8019
   -7.5000    0.0000   30.0000 2360.8896   39.5018
    0.0000    0.0000   30.0000 2358.7524   38.6284
    7.5000    0.0000   30.0000 2377.2964   39.2300
   -7.5000    7.5000   30.0000 2432.6816   37.1227
    0.0000    7.5000   30.0000 2429.3594   36.3418
    7.5000    7.5000   30.0000 2443.3408   36.9305
   -7.5000   15.0000   30.0000 2518.4768   35.3167
    0.0000   15.0000   30.0000 2517.4512   34.6153
    7.5000   15.0000   30.0000 2520.2439   34.9185
   -7.5000   22.5000   30.0000 2599.8149   34.0209
    0.0000   22.5000   30.0000 2598.1113   33.1690
    7.5000   22.5000   30.0000 2604.7544   33.5900
   -7.5000   30.0000   30.0000 2663.3389   33.2108
    0.0000   30.0000   30.0000 2664.3750   32.3099
    7.5000   30.0000   30.0000 2665.0522   32.7430
   -7.5000   37.5000   30.0000 2708.6428   33.0490
    0.0000   37.5000   30.0000 2716.1672   32.2131
    7.5000   37.5000   30.0000 2713.1423   32.5968
   -7.5000   45.0000   30.0000 2725.1741   33.4041
    0.0000   45.0000   30.0000 2724.9653   32.6022
    7.5000   45.0000   30.0000 2733.2561   32.9479
   -7.5000   52.5000   30.0000 2679.0393   34.1920
    0.0000   52.5000   30.0000 2676.7341   33.3353
    7.5000   52.5000   30.0000 2688.2908   33.6750
   -7.5000   60.0000   30.0000 2571.3247   35.1267
    0.0000   60.0000   30.0000 2573.4255   34.3395
    7.5000   60.0000   30.0000 2582.1458   34.6145
   -7.5000   67.5000   30.0000 2422.6421   36.1023
    0.0000   67.5000   30.0000 2432.9836   35.4930
    7.5000   67.5000   30.0000 2427.7764   35.5428
   -7.5000   75.0000   30.0000 2235.3013   37.1099
    0.0000   75.0000   30.0000 2253.1829   36.5565
    7.5000   75.0000   30.0000 2245.6248   36.5357
   -7.5000   82.5000   30.0000 2120.9026   40.4176
    0.0000   82.5000   30.0000 2142.3435   39.9062
    7.5000   82.5000   30.0000 2132.9910   39.8948
   -7.5000   -7.5000   37.5000 2245.3750   45.2419
    0.0000   -7.5000   37.5000 2240.3979   44.0894
    7.5000   -7.5000   37.5000 2264.4878   44.8478
   -7.5000    0.0000   37.5000 2317.4272   42.2707
    0.0000    0.0000   37.5000 2310.7820   41.2047
    7.5000    0.0000   37.5000 2328.4744   42.0328
   -7.5000    7.5000   37.5000 2397.4109   39.7288
    0.0000    7.5000   37.5000 2390.8728   38.8155
    7.5000    7.5000   37.5000 2402.2539   39.5127
   -7.5000   15.0000   37.5000 2485.6128   37.8649
    0.0000   15.0000   37.5000 2480.8848   36.9394
    7.5000   15.0000   37.5000 2489.0989   37.5389
   -7.5000   22.5000   37.5000 2558.9910   36.5590
    0.0000   22.5000   37.5000 2561.8110   35.6225
    7.5000   22.5000   37.5000 2564.1602   36.1498
   -7.5000   30.0000   37.5000 2620.5295   35.8108
    0.0000   30.0000   37.5000 2623.6260   34.9195
    7.5000   30.0000   37.5000 2619.0508   35.3296
   -7.5000   37.5000   37.5000 2661.8884   35.6830
    0.0000   37.5000   37.5000 2665.4492   34.8443
    7.5000   37.5000   37.5000 2657.9844   35.1347
   -7.5000   45.0000   37.5000 2662.9905   35.8684
    0.0000   45.0000   37.5000 2668.1943   35.1116
    7.5000   45.0000   37.5000 2672.2507   35.3979
   -7.5000   52.5000   37.5000 2617.2410   36.4161
    0.0000   52.5000   37.5000 2617.8398   35.6540
    7.5000   52.5000   37.5000 2625.9397   35.9406
   -7.5000   60.0000   37.5000 2511.9470   37.2493
    0.0000   60.0000   37.5000 2519.9082   36.4585
    7.5000   60.0000   37.5000 2521.9492   36.7227
   -7.5000   67.5000   37.5000 2369.2720   38.0837
    0.0000   67.5000   37.5000 2382.1921   37.4472
    7.5000   67.5000   37.5000 2378.7654   37.6066
   -7.5000   75.0000   37.5000 2184.3738   38.9636
    0.0000   75.0000   37.5000 2202.9902   38.4349
    7.5000   75.0000   37.5000 2197.6284   38.4549
   -7.5000   82.5000   37.5000 2070.5581   42.2051
    0.0000   82.5000   37.5000 2093.6072   41.6791
    7.5000   82.5000   37.5000 2084.0830   41.7347
   -7.5000   -7.5000   45.0000 2190.8801   48.3758
    0.0000   -7.5000   45.0000 2188.8760   47.1593
    7.5000   -7.5000   45.0000 2211.7734   48.2098
   -7.5000    0.0000   45.0000 2272.6172   45.3912
    0.0000    0.0000   45.0000 2268.0149   44.1545
    7.5000    0.0000   45.0000 2280.0984   45.1130
   -7.5000    7.5000   45.0000 2356.7312   42.8452
    0.0000    7.5000   45.0000 2351.0874   41.7200
    7.5000    7.5000   45.0000 2359.4795   42.5382
   -7.5000   15.0000   45.0000 2441.3589   40.9322
    0.0000   15.0000   45.0000 2438.7642   39.7990
    7.5000   15.0000   45.0000 2447.3826   40.5949
   -7.5000   22.5000   45.0000 2510.4248   39.5200
    0.0000   22.5000   45.0000 2518.4897   38.5762
    7.5000   22.5000   45.0000 2518.5190   39.2065
   -7.5000   30.0000   45.0000 2565.7708   38.8311
    0.0000   30.0000   45.0000 2573.7803   37.9454
    7.5000   30.0000   45.0000 2568.8008   38.4332
   -7.5000   37.5000   45.0000 2595.8618   38.6482
    0.0000   37.5000   45.0000 2603.7173   37.8418
    7.5000   37.5000   45.0000 2595.3796   38.1348
   -7.5000   45.0000   45.0000 2596.5730   38.8040
    0.0000   45.0000   45.0000 2605.2976   38.0812
    7.5000   45.0000   45.0000 2607.1160   38.3982
   -7.5000   52.5000   45.0000 2552.4197   39.1993
    0.0000   52.5000   45.0000 2557.3201   38.4396
    7.5000   52.5000   45.0000 2556.6399   38.7422
   -7.5000   60.0000   45.0000 2456.5952   39.7018
    0.0000   60.0000   45.0000 2462.8755   39.0207
    7.5000   60.0000   45.0000 2457.0901   39.2741
   -7.5000   67.5000   45.0000 2313.5872   40.3486
    0.0000   67.5000   45.0000 2323.0212   39.7984
    7.5000   67.5000   45.0000 2321.6196   40.0706
   -7.5000   75.0000   45.0000 2126.9604   41.2606
    0.0000   75.0000   45.0000 2144.2004   40.7168
    7.5000   75.0000   45.0000 2135.1326   40.8209
   -7.5000   82.5000   45.0000 2021.9927   44.7266
    0.0000   82.5000   45.0000 2044.5712   44.2264
    7.5000   82.5000   45.0000 2033.7344   44.2066

---------------------------------------------------------------------
imgreg_4dfp /opt/freesurfer/average/3T18yoSchwartzReactN32_as_orig /opt/freesurfer/average/711-2B_as_mni_average_305_mask talsrcimg_g11 none talsrcimg_to_3T18yoSchwartzReactN32_as_orig_t4 1283
---------------------------------------------------------------------

freesurfer imgreg_4dfp.c
/opt/freesurfer/average/3T18yoSchwartzReactN32_as_orig.4dfp.img
       256       256       256         1
  1.000000  1.000000  1.000000
orientation T byte_order littleendian
Reading image: /opt/freesurfer/average/3T18yoSchwartzReactN32_as_orig.4dfp.img
dimensions:      256       256       256
mmppix:       1.0000   -1.0000   -1.0000
center:     128.0000 -129.0000 -129.0000
/opt/freesurfer/average/711-2B_as_mni_average_305_mask.4dfp.img
       256       256       256         1
  1.000000  1.000000  1.000000
orientation T byte_order littleendian
Reading mask: /opt/freesurfer/average/711-2B_as_mni_average_305_mask.4dfp.img (2306576 pixels)
talsrcimg_g11.4dfp.img
       320       320       320         1
  0.799995  0.799995  0.799995
orientation T byte_order littleendian
Reading image: talsrcimg_g11.4dfp.img
dimensions:      320       320       320
mmppix:       0.8000   -0.8000   -0.8000
center:     127.9992 -128.7992 -128.7992
rotation matrix determinant  1.000000
fimgreg.f
image alignment mode   1283 decimal      503 hex
parameters
    0.0000   45.0000    0.0000    0.0000    0.0000    0.0000
eta,q 0.89848 28.64948
niter,ni,del,rscale     5    3   12.0000    1.2000
parameter  1  0.650031 ->  0.500000 qaram    1.1500
parameter  4 -0.952611 -> -0.500000 qaram    1.1500
parameters
   -3.4500   45.5616    1.3551    3.4500   -0.0308   -0.9560
eta,q 0.89811 28.92816
  0.1074  0.1145  0.1147  0.1099  0.1064  0.1032
  0.1040  0.1102  0.1084  0.1084  0.1050  0.1025
  0.1042  0.1052  0.1042  0.1073  0.1029  0.1021
  0.1066  0.1036  0.1038  0.1051  0.1017  0.1017
  0.1090  0.1044  0.1059  0.1024  0.1024  0.1021
  0.1095  0.1074  0.1075  0.1019  0.1045  0.1034
  0.1089  0.1113  0.1060  0.1038  0.1070  0.1049
niter,ni,del,rscale     6    3   12.0000    1.2000
parameters
   -2.1359   45.2901    1.4674    4.1741   -0.7492   -1.4856
eta,q 0.89705 28.90367
  0.1218  0.1122  0.1139  0.1087  0.1054  0.1040
  0.1153  0.1069  0.1076  0.1070  0.1040  0.1032
  0.1064  0.1036  0.1029  0.1045  0.1029  0.1032
  0.1019  0.1027  0.1027  0.1028  0.1029  0.1028
  0.1041  0.1046  0.1071  0.1039  0.1033  0.1027
  0.1082  0.1085  0.1100  0.1060  0.1052  0.1035
  0.1113  0.1135  0.1099  0.1068  0.1069  0.1050
niter,ni,del,rscale     5    3   12.0000    1.2000
parameters
   -1.5427   45.0435    1.4198    4.6147   -1.0758   -2.0327
eta,q 0.89627 28.86461
  0.1189  0.1130  0.1144  0.1088  0.1059  0.1043
  0.1112  0.1078  0.1082  0.1069  0.1046  0.1037
  0.1033  0.1044  0.1037  0.1047  0.1036  0.1037
  0.1029  0.1037  0.1036  0.1035  0.1037  0.1036
  0.1064  0.1055  0.1080  0.1049  0.1039  0.1034
  0.1102  0.1091  0.1114  0.1066  0.1051  0.1039
  0.1120  0.1143  0.1112  0.1074  0.1064  0.1051
niter,ni,del,rscale     4    3   12.0000    1.2000
parameters
   -1.3144   44.9560    1.3719    4.7695   -0.9352   -2.6890
eta,q 0.89591 28.82389
  0.1173  0.1138  0.1151  0.1089  0.1064  0.1044
  0.1090  0.1088  0.1088  0.1068  0.1051  0.1041
  0.1027  0.1050  0.1043  0.1047  0.1039  0.1039
  0.1037  0.1040  0.1040  0.1040  0.1040  0.1040
  0.1073  0.1057  0.1082  0.1054  0.1041  0.1037
  0.1108  0.1090  0.1121  0.1072  0.1050  0.1041
  0.1123  0.1143  0.1121  0.1079  0.1061  0.1051
niter,ni,del,rscale     3    3   12.0000    1.2000
parameters
   -1.2656   44.9955    1.3573    4.7846   -0.4499   -3.5746
eta,q 0.89586 28.79520
  0.1164  0.1141  0.1154  0.1089  0.1067  0.1044
  0.1079  0.1094  0.1089  0.1067  0.1052  0.1043
  0.1024  0.1053  0.1044  0.1046  0.1040  0.1040
  0.1041  0.1041  0.1042  0.1041  0.1041  0.1042
  0.1076  0.1057  0.1081  0.1057  0.1043  0.1040
  0.1110  0.1087  0.1121  0.1073  0.1050  0.1042
  0.1122  0.1141  0.1122  0.1082  0.1057  0.1052
niter,ni,del,rscale     2    3   12.0000    1.2000
parameters
   -1.2962   45.1317    1.3450    4.6152    0.3212   -4.0107
eta,q 0.89596 28.79481
  0.1160  0.1143  0.1153  0.1088  0.1069  0.1045
  0.1072  0.1098  0.1085  0.1064  0.1051  0.1044
  0.1023  0.1056  0.1042  0.1045  0.1039  0.1041
  0.1041  0.1041  0.1041  0.1041  0.1040  0.1041
  0.1077  0.1058  0.1080  0.1058  0.1042  0.1041
  0.1111  0.1085  0.1118  0.1072  0.1049  0.1041
  0.1119  0.1137  0.1120  0.1085  0.1052  0.1051
niter,ni,del,rscale     1    3   12.0000    1.2000
parameters
   -1.2543   45.1995    1.3074    4.2496    1.0435   -3.9360
eta,q 0.89610 28.77543
  0.1157  0.1139  0.1147  0.1085  0.1064  0.1049
  0.1067  0.1093  0.1080  0.1059  0.1046  0.1046
  0.1021  0.1053  0.1038  0.1043  0.1038  0.1040
  0.1040  0.1041  0.1041  0.1041  0.1039  0.1039
  0.1075  0.1060  0.1079  0.1059  0.1042  0.1040
  0.1106  0.1086  0.1112  0.1072  0.1048  0.1041
  0.1109  0.1135  0.1115  0.1084  0.1048  0.1052
registration optimization eta report
parameter search radius
    6.9000    6.0000    6.0000    6.9000    6.0000    6.0000
100000*second partial in parameter space
       20.       26.       24.        8.        5.        3.
  0.1157  0.1139  0.1147  0.1085  0.1064  0.1049
  0.1067  0.1093  0.1080  0.1059  0.1046  0.1046
  0.1021  0.1053  0.1038  0.1043  0.1038  0.1040
  0.1040  0.1041  0.1041  0.1041  0.1039  0.1039
  0.1075  0.1060  0.1079  0.1059  0.1042  0.1040
  0.1106  0.1086  0.1112  0.1072  0.1048  0.1041
  0.1109  0.1135  0.1115  0.1084  0.1048  0.1052
   -1.2543   45.1995    1.3074    4.2496    1.0435   -3.9360
eta,q 0.89610 28.77543

---------------------------------------------------------------------
imgreg_4dfp /opt/freesurfer/average/3T18yoSchwartzReactN32_as_orig /opt/freesurfer/average/711-2B_as_mni_average_305_mask talsrcimg_g11 none talsrcimg_to_3T18yoSchwartzReactN32_as_orig_t4 3335
---------------------------------------------------------------------

freesurfer imgreg_4dfp.c
/opt/freesurfer/average/3T18yoSchwartzReactN32_as_orig.4dfp.img
       256       256       256         1
  1.000000  1.000000  1.000000
orientation T byte_order littleendian
Reading image: /opt/freesurfer/average/3T18yoSchwartzReactN32_as_orig.4dfp.img
dimensions:      256       256       256
mmppix:       1.0000   -1.0000   -1.0000
center:     128.0000 -129.0000 -129.0000
/opt/freesurfer/average/711-2B_as_mni_average_305_mask.4dfp.img
       256       256       256         1
  1.000000  1.000000  1.000000
orientation T byte_order littleendian
Reading mask: /opt/freesurfer/average/711-2B_as_mni_average_305_mask.4dfp.img (2306576 pixels)
talsrcimg_g11.4dfp.img
       320       320       320         1
  0.799995  0.799995  0.799995
orientation T byte_order littleendian
Reading image: talsrcimg_g11.4dfp.img
dimensions:      320       320       320
mmppix:       0.8000   -0.8000   -0.8000
center:     127.9992 -128.7992 -128.7992
fimgreg.f
image alignment mode   3335 decimal      D07 hex
parameters
   -1.2543   45.1995    1.3074   -0.2524   -0.5009   -0.2915
    6.7108   -2.3206   -6.8631   -7.2681    1.8212    7.4090
eta,q 0.89727 28.82574
niter,ni,del,rscale     5    3    5.0000    1.2000
parameter  1 -0.866192 -> -0.500000 qaram    1.1500
parameter  4  0.797097 ->  0.500000 qaram    1.1500
parameter  9 -0.599459 -> -0.500000 qaram    1.1500
parameters
    0.1257   44.7292    0.8559   -4.3924   -1.0569    0.4535
    6.4512   -5.7766   -2.7231   -7.9867    5.1780    4.2954
eta,q 0.90049 28.67521
  0.1051  0.1028  0.1029  0.1016  0.1030  0.1075  0.1019  0.1011  0.1028  0.1022  0.1025  0.0998
  0.1042  0.1023  0.1022  0.1012  0.1019  0.1053  0.1013  0.1004  0.1017  0.1010  0.1014  0.0995
  0.1034  0.1020  0.1019  0.1013  0.1014  0.1028  0.1010  0.1004  0.1009  0.1002  0.1005  0.0995
  0.1027  0.1021  0.1020  0.1019  0.1012  0.1012  0.1009  0.1009  0.1003  0.0999  0.0999  0.0996
  0.1023  0.1025  0.1024  0.1028  0.1017  0.1012  0.1011  0.1020  0.1000  0.1004  0.0997  0.1002
  0.1021  0.1030  0.1030  0.1037  0.1025  0.1032  0.1014  0.1036  0.0999  0.1016  0.0997  0.1011
  0.1021  0.1036  0.1038  0.1042  0.1034  0.1060  0.1020  0.1055  0.1001  0.1035  0.1001  0.1023
niter,ni,del,rscale     7    3    5.0000    1.2000
parameters
   -0.2163   44.0931    1.1371   -4.0230   -1.5945    0.8569
    4.5611   -6.6636   -1.2176   -7.1830    6.9811    1.8107
eta,q 0.90113 28.57181
  0.1009  0.1000  0.1013  0.1025  0.1010  0.1058  0.0998  0.1014  0.1008  0.1022  0.1010  0.0993
  0.1000  0.0995  0.1003  0.1008  0.0999  0.1031  0.0994  0.0999  0.1000  0.1007  0.1000  0.0990
  0.0995  0.0993  0.0996  0.0997  0.0995  0.1007  0.0991  0.0991  0.0993  0.0997  0.0994  0.0989
  0.0995  0.0994  0.0993  0.0993  0.0993  0.0993  0.0992  0.0991  0.0990  0.0991  0.0990  0.0989
  0.0999  0.0998  0.0995  0.0996  0.0997  0.0997  0.0996  0.0998  0.0992  0.0991  0.0990  0.0993
  0.1007  0.1004  0.0999  0.1005  0.1006  0.1018  0.1002  0.1010  0.0994  0.0998  0.0992  0.1000
  0.1017  0.1011  0.1005  0.1019  0.1014  0.1049  0.1010  0.1027  0.0999  0.1012  0.0996  0.1011
niter,ni,del,rscale     6    3    5.0000    1.2000
parameters
   -0.0630   43.8245    1.1754   -3.3285   -1.4079    0.9793
    3.1332   -7.3728   -0.7628   -5.7694    8.4650   -0.8492
eta,q 0.90155 28.59393
  0.1011  0.0997  0.1004  0.1022  0.1009  0.1051  0.0995  0.1013  0.1001  0.1022  0.1004  0.0988
  0.0999  0.0992  0.0995  0.1004  0.0997  0.1023  0.0990  0.0997  0.0994  0.1006  0.0995  0.0985
  0.0991  0.0989  0.0990  0.0993  0.0991  0.0999  0.0988  0.0988  0.0988  0.0995  0.0989  0.0984
  0.0989  0.0989  0.0989  0.0989  0.0989  0.0989  0.0988  0.0988  0.0987  0.0987  0.0986  0.0985
  0.0991  0.0991  0.0991  0.0990  0.0990  0.0994  0.0991  0.0994  0.0989  0.0986  0.0986  0.0989
  0.0997  0.0995  0.0996  0.0998  0.0997  0.1017  0.0996  0.1006  0.0992  0.0991  0.0988  0.0996
  0.1006  0.1002  0.1002  0.1012  0.1006  0.1050  0.1004  0.1023  0.0998  0.1004  0.0993  0.1006
niter,ni,del,rscale     5    3    5.0000    1.2000
parameters
    0.2185   43.4762    1.1069   -2.6210   -0.7030    0.9691
    2.6189   -8.1209   -0.9337   -4.0872    9.8019   -3.8847
eta,q 0.90211 28.72125
  0.1009  0.0992  0.0997  0.1017  0.1007  0.1044  0.0994  0.1011  0.0995  0.1020  0.0999  0.0982
  0.0996  0.0987  0.0989  0.1000  0.0994  0.1016  0.0988  0.0993  0.0988  0.1003  0.0990  0.0979
  0.0988  0.0985  0.0985  0.0989  0.0987  0.0993  0.0984  0.0984  0.0983  0.0991  0.0984  0.0979
  0.0985  0.0984  0.0984  0.0984  0.0984  0.0984  0.0984  0.0984  0.0983  0.0983  0.0981  0.0980
  0.0986  0.0986  0.0987  0.0985  0.0985  0.0989  0.0986  0.0991  0.0985  0.0981  0.0981  0.0984
  0.0991  0.0991  0.0991  0.0993  0.0990  0.1014  0.0990  0.1004  0.0989  0.0986  0.0983  0.0991
  0.1000  0.0999  0.0997  0.1007  0.0999  0.1048  0.0997  0.1022  0.0996  0.0997  0.0989  0.1002
niter,ni,del,rscale     4    3    5.0000    1.2000
parameters
    0.4163   43.0555    1.1431   -2.2469    0.2072    0.9904
    2.9110   -8.8343   -1.1983   -2.3644   10.7666   -6.9796
eta,q 0.90278 28.90443
  0.1003  0.0985  0.0992  0.1011  0.1002  0.1038  0.0991  0.1007  0.0990  0.1016  0.0992  0.0976
  0.0991  0.0981  0.0984  0.0993  0.0989  0.1011  0.0984  0.0989  0.0982  0.0999  0.0983  0.0973
  0.0982  0.0979  0.0980  0.0983  0.0982  0.0987  0.0979  0.0978  0.0977  0.0986  0.0977  0.0972
  0.0979  0.0979  0.0979  0.0979  0.0979  0.0978  0.0978  0.0978  0.0977  0.0977  0.0975  0.0974
  0.0980  0.0981  0.0980  0.0981  0.0978  0.0982  0.0979  0.0986  0.0979  0.0975  0.0975  0.0979
  0.0986  0.0986  0.0984  0.0990  0.0984  0.1006  0.0982  0.1000  0.0983  0.0979  0.0978  0.0986
  0.0997  0.0994  0.0991  0.1006  0.0992  0.1042  0.0989  0.1019  0.0992  0.0992  0.0984  0.0996
niter,ni,del,rscale     3    3    5.0000    1.2000
parameters
    0.4712   42.7369    1.2517   -2.3353    0.8267    1.1081
    3.4714   -9.3421   -1.3154   -0.7453   11.0153   -9.5810
eta,q 0.90326 29.02706
  0.0997  0.0981  0.0988  0.1005  0.0995  0.1032  0.0986  0.1005  0.0986  0.1011  0.0984  0.0972
  0.0983  0.0976  0.0979  0.0986  0.0983  0.1006  0.0978  0.0984  0.0977  0.0993  0.0976  0.0968
  0.0975  0.0973  0.0974  0.0976  0.0976  0.0981  0.0973  0.0973  0.0972  0.0980  0.0971  0.0967
  0.0972  0.0972  0.0972  0.0972  0.0972  0.0972  0.0971  0.0971  0.0971  0.0971  0.0969  0.0969
  0.0975  0.0974  0.0973  0.0976  0.0972  0.0976  0.0972  0.0979  0.0973  0.0969  0.0970  0.0973
  0.0982  0.0980  0.0978  0.0986  0.0980  0.0997  0.0975  0.0993  0.0978  0.0974  0.0974  0.0980
  0.0995  0.0988  0.0985  0.1007  0.0988  0.1033  0.0982  0.1013  0.0987  0.0988  0.0982  0.0990
niter,ni,del,rscale     2    3    5.0000    1.2000
parameters
    0.4623   42.6064    1.3109   -2.5647    1.0354    1.2104
    3.9479   -9.5012   -1.3332    0.5734   10.8941  -11.3126
eta,q 0.90354 29.06404
  0.0993  0.0979  0.0983  0.1002  0.0989  0.1027  0.0982  0.1006  0.0984  0.1006  0.0979  0.0972
  0.0979  0.0972  0.0975  0.0982  0.0977  0.1001  0.0974  0.0983  0.0974  0.0989  0.0971  0.0967
  0.0970  0.0969  0.0969  0.0971  0.0971  0.0977  0.0969  0.0970  0.0968  0.0975  0.0967  0.0965
  0.0967  0.0967  0.0967  0.0967  0.0967  0.0967  0.0967  0.0967  0.0967  0.0967  0.0965  0.0965
  0.0970  0.0969  0.0969  0.0973  0.0968  0.0972  0.0968  0.0973  0.0969  0.0966  0.0967  0.0969
  0.0979  0.0974  0.0974  0.0984  0.0977  0.0992  0.0972  0.0987  0.0974  0.0972  0.0972  0.0975
  0.0993  0.0982  0.0982  0.1007  0.0987  0.1029  0.0979  0.1007  0.0984  0.0987  0.0980  0.0984
niter,ni,del,rscale     1    3    5.0000    1.2000
parameters
    0.4642   42.6218    1.2958   -2.6914    1.0428    1.2332
    4.2040   -9.4826   -1.2715    1.4970   10.7391  -12.3781
eta,q 0.90364 29.06343
  0.0992  0.0978  0.0980  0.1002  0.0987  0.1023  0.0980  0.1007  0.0983  0.1001  0.0977  0.0973
  0.0977  0.0971  0.0972  0.0982  0.0974  0.0997  0.0972  0.0982  0.0973  0.0985  0.0970  0.0967
  0.0968  0.0966  0.0967  0.0969  0.0968  0.0974  0.0967  0.0968  0.0966  0.0972  0.0965  0.0964
  0.0965  0.0965  0.0965  0.0965  0.0965  0.0965  0.0965  0.0965  0.0965  0.0965  0.0964  0.0964
  0.0968  0.0966  0.0966  0.0970  0.0966  0.0971  0.0966  0.0970  0.0967  0.0965  0.0965  0.0967
  0.0977  0.0970  0.0972  0.0982  0.0975  0.0991  0.0970  0.0984  0.0973  0.0972  0.0970  0.0972
  0.0992  0.0978  0.0981  0.1005  0.0987  0.1027  0.0978  0.1004  0.0982  0.0988  0.0979  0.0980
registration optimization eta report
parameter search radius
    2.7600    2.4000    2.4000    8.2800    7.2000    7.2000
    7.2000    7.2000    8.2800    7.2000    7.2000    7.2000
100000*second partial in parameter space
       36.       24.       27.        6.        4.       12.
        3.        8.        3.        6.        3.        2.
  0.0992  0.0978  0.0980  0.1002  0.0987  0.1023  0.0980  0.1007  0.0983  0.1001  0.0977  0.0973
  0.0977  0.0971  0.0972  0.0982  0.0974  0.0997  0.0972  0.0982  0.0973  0.0985  0.0970  0.0967
  0.0968  0.0966  0.0967  0.0969  0.0968  0.0974  0.0967  0.0968  0.0966  0.0972  0.0965  0.0964
  0.0965  0.0965  0.0965  0.0965  0.0965  0.0965  0.0965  0.0965  0.0965  0.0965  0.0964  0.0964
  0.0968  0.0966  0.0966  0.0970  0.0966  0.0971  0.0966  0.0970  0.0967  0.0965  0.0965  0.0967
  0.0977  0.0970  0.0972  0.0982  0.0975  0.0991  0.0970  0.0984  0.0973  0.0972  0.0970  0.0972
  0.0992  0.0978  0.0981  0.1005  0.0987  0.1027  0.0978  0.1004  0.0982  0.0988  0.0979  0.0980
    0.4642   42.6218    1.2958   -2.6914    1.0428    1.2332
    4.2040   -9.4826   -1.2715    1.4970   10.7391  -12.3781
eta,q 0.90364 29.06343

---------------------------------------------------------------------
imgreg_4dfp /opt/freesurfer/average/3T18yoSchwartzReactN32_as_orig /opt/freesurfer/average/711-2B_as_mni_average_305_mask talsrcimg_g11 none talsrcimg_to_3T18yoSchwartzReactN32_as_orig_t4 2311
---------------------------------------------------------------------

freesurfer imgreg_4dfp.c
/opt/freesurfer/average/3T18yoSchwartzReactN32_as_orig.4dfp.img
       256       256       256         1
  1.000000  1.000000  1.000000
orientation T byte_order littleendian
Reading image: /opt/freesurfer/average/3T18yoSchwartzReactN32_as_orig.4dfp.img
dimensions:      256       256       256
mmppix:       1.0000   -1.0000   -1.0000
center:     128.0000 -129.0000 -129.0000
/opt/freesurfer/average/711-2B_as_mni_average_305_mask.4dfp.img
       256       256       256         1
  1.000000  1.000000  1.000000
orientation T byte_order littleendian
Reading mask: /opt/freesurfer/average/711-2B_as_mni_average_305_mask.4dfp.img (2306576 pixels)
talsrcimg_g11.4dfp.img
       320       320       320         1
  0.799995  0.799995  0.799995
orientation T byte_order littleendian
Reading image: talsrcimg_g11.4dfp.img
dimensions:      320       320       320
mmppix:       0.8000   -0.8000   -0.8000
center:     127.9992 -128.7992 -128.7992
fimgreg.f
image alignment mode   2311 decimal      907 hex
parameters
    0.4642   42.6218    1.2958   -2.6914    1.0428    1.2332
    4.2040   -9.4826   -1.2715    1.4970   10.7391  -12.3781
eta,q 0.90364 29.06343
niter,ni,del,rscale     5    3    5.0000    0.8000
parameters
    0.4757   42.6968    1.2865   -2.7217    1.0746    1.4552
    4.3345   -9.5671   -1.2549    2.2908   10.8279  -13.2503
eta,q 0.90370 29.10110
  0.0973  0.0970  0.0971  0.0977  0.0973  0.0996  0.0970  0.0983  0.0970  0.0982  0.0970  0.0967
  0.0968  0.0967  0.0967  0.0970  0.0968  0.0979  0.0967  0.0971  0.0966  0.0973  0.0966  0.0964
  0.0965  0.0964  0.0964  0.0965  0.0965  0.0967  0.0965  0.0965  0.0964  0.0967  0.0964  0.0963
  0.0964  0.0964  0.0964  0.0964  0.0964  0.0964  0.0964  0.0964  0.0964  0.0964  0.0963  0.0963
  0.0965  0.0964  0.0964  0.0965  0.0964  0.0967  0.0964  0.0966  0.0964  0.0964  0.0964  0.0965
  0.0968  0.0966  0.0967  0.0970  0.0967  0.0975  0.0966  0.0973  0.0966  0.0967  0.0966  0.0967
  0.0973  0.0969  0.0971  0.0977  0.0975  0.0990  0.0970  0.0983  0.0970  0.0973  0.0969  0.0971
niter,ni,del,rscale     4    3    5.0000    0.7000
parameters
    0.4822   42.6978    1.2605   -2.9049    1.1086    1.4832
    4.4442   -9.6597   -1.1512    2.8040   10.8646  -13.8184
eta,q 0.90374 29.10564
  0.0971  0.0968  0.0968  0.0973  0.0971  0.0987  0.0968  0.0978  0.0968  0.0976  0.0967  0.0966
  0.0966  0.0965  0.0965  0.0967  0.0967  0.0973  0.0966  0.0969  0.0965  0.0970  0.0965  0.0964
  0.0964  0.0963  0.0964  0.0964  0.0965  0.0964  0.0964  0.0964  0.0963  0.0965  0.0963  0.0963
  0.0963  0.0963  0.0963  0.0963  0.0963  0.0963  0.0963  0.0963  0.0963  0.0963  0.0963  0.0963
  0.0964  0.0963  0.0964  0.0965  0.0963  0.0966  0.0963  0.0965  0.0963  0.0963  0.0963  0.0964
  0.0966  0.0965  0.0965  0.0969  0.0966  0.0973  0.0965  0.0970  0.0965  0.0966  0.0965  0.0966
  0.0971  0.0968  0.0969  0.0975  0.0972  0.0985  0.0968  0.0978  0.0968  0.0971  0.0967  0.0968
niter,ni,del,rscale     3    3    5.0000    0.6000
parameters
    0.4869   42.7256    1.2444   -2.9807    1.2505    1.4196
    4.4980   -9.7187   -1.0167    3.1815   10.8164  -14.2184
eta,q 0.90377 29.12111
  0.0968  0.0966  0.0966  0.0971  0.0969  0.0979  0.0966  0.0973  0.0967  0.0973  0.0966  0.0965
  0.0965  0.0964  0.0964  0.0966  0.0966  0.0969  0.0964  0.0967  0.0964  0.0968  0.0964  0.0963
  0.0963  0.0963  0.0963  0.0963  0.0964  0.0963  0.0963  0.0963  0.0963  0.0964  0.0963  0.0962
  0.0963  0.0963  0.0963  0.0963  0.0963  0.0962  0.0962  0.0962  0.0962  0.0962  0.0962  0.0962
  0.0963  0.0963  0.0963  0.0964  0.0962  0.0966  0.0963  0.0964  0.0963  0.0963  0.0963  0.0963
  0.0965  0.0964  0.0964  0.0967  0.0964  0.0971  0.0964  0.0968  0.0964  0.0965  0.0964  0.0964
  0.0968  0.0966  0.0967  0.0972  0.0969  0.0979  0.0966  0.0974  0.0966  0.0969  0.0966  0.0966
niter,ni,del,rscale     2    3    5.0000    0.5000
parameters
    0.4971   42.7537    1.2365   -3.0143    1.4391    1.2978
    4.5231   -9.7554   -0.8901    3.4756   10.7622  -14.5418
eta,q 0.90381 29.13951
  0.0966  0.0965  0.0965  0.0968  0.0967  0.0974  0.0965  0.0970  0.0965  0.0969  0.0964  0.0964
  0.0964  0.0964  0.0964  0.0965  0.0965  0.0966  0.0963  0.0965  0.0963  0.0966  0.0963  0.0963
  0.0963  0.0963  0.0963  0.0963  0.0963  0.0962  0.0962  0.0963  0.0962  0.0963  0.0962  0.0962
  0.0962  0.0962  0.0962  0.0962  0.0962  0.0962  0.0962  0.0962  0.0962  0.0962  0.0962  0.0962
  0.0963  0.0962  0.0963  0.0963  0.0962  0.0965  0.0962  0.0963  0.0962  0.0962  0.0962  0.0962
  0.0964  0.0963  0.0964  0.0965  0.0963  0.0969  0.0963  0.0966  0.0963  0.0964  0.0963  0.0963
  0.0966  0.0965  0.0965  0.0969  0.0967  0.0974  0.0965  0.0970  0.0965  0.0967  0.0964  0.0965
niter,ni,del,rscale     1    3    5.0000    0.4000
parameters
    0.5093   42.7962    1.2201   -3.0137    1.6211    1.1493
    4.5404   -9.7918   -0.7194    3.7168   10.7367  -14.7532
eta,q 0.90385 29.15521
  0.0965  0.0964  0.0964  0.0966  0.0965  0.0969  0.0963  0.0966  0.0964  0.0966  0.0963  0.0963
  0.0963  0.0963  0.0963  0.0964  0.0964  0.0964  0.0962  0.0964  0.0963  0.0964  0.0962  0.0962
  0.0962  0.0962  0.0962  0.0962  0.0963  0.0962  0.0962  0.0962  0.0962  0.0962  0.0962  0.0962
  0.0962  0.0962  0.0962  0.0962  0.0962  0.0962  0.0962  0.0962  0.0962  0.0962  0.0962  0.0962
  0.0962  0.0962  0.0962  0.0962  0.0962  0.0964  0.0962  0.0962  0.0962  0.0962  0.0962  0.0962
  0.0963  0.0963  0.0963  0.0964  0.0963  0.0967  0.0962  0.0964  0.0962  0.0963  0.0962  0.0962
  0.0964  0.0964  0.0964  0.0966  0.0965  0.0970  0.0963  0.0967  0.0963  0.0965  0.0963  0.0963
registration optimization eta report
parameter search radius
    0.8000    0.8000    0.8000    2.4000    2.4000    2.4000
    2.4000    2.4000    2.4000    2.4000    2.4000    2.4000
100000*second partial in parameter space
       39.       29.       29.        7.        6.       14.
        3.        8.        3.        7.        2.        3.
  0.0965  0.0964  0.0964  0.0966  0.0965  0.0969  0.0963  0.0966  0.0964  0.0966  0.0963  0.0963
  0.0963  0.0963  0.0963  0.0964  0.0964  0.0964  0.0962  0.0964  0.0963  0.0964  0.0962  0.0962
  0.0962  0.0962  0.0962  0.0962  0.0963  0.0962  0.0962  0.0962  0.0962  0.0962  0.0962  0.0962
  0.0962  0.0962  0.0962  0.0962  0.0962  0.0962  0.0962  0.0962  0.0962  0.0962  0.0962  0.0962
  0.0962  0.0962  0.0962  0.0962  0.0962  0.0964  0.0962  0.0962  0.0962  0.0962  0.0962  0.0962
  0.0963  0.0963  0.0963  0.0964  0.0963  0.0967  0.0962  0.0964  0.0962  0.0963  0.0962  0.0962
  0.0964  0.0964  0.0964  0.0966  0.0965  0.0970  0.0963  0.0967  0.0963  0.0965  0.0963  0.0963
    0.5093   42.7962    1.2201   -3.0137    1.6211    1.1493
    4.5404   -9.7918   -0.7194    3.7168   10.7367  -14.7532
eta,q 0.90385 29.15521

---------------------------------------------------------------------
imgreg_4dfp /opt/freesurfer/average/3T18yoSchwartzReactN32_as_orig /opt/freesurfer/average/711-2B_as_mni_average_305_mask talsrcimg_g11 none talsrcimg_to_3T18yoSchwartzReactN32_as_orig_t4 2311
---------------------------------------------------------------------

freesurfer imgreg_4dfp.c
/opt/freesurfer/average/3T18yoSchwartzReactN32_as_orig.4dfp.img
       256       256       256         1
  1.000000  1.000000  1.000000
orientation T byte_order littleendian
Reading image: /opt/freesurfer/average/3T18yoSchwartzReactN32_as_orig.4dfp.img
dimensions:      256       256       256
mmppix:       1.0000   -1.0000   -1.0000
center:     128.0000 -129.0000 -129.0000
/opt/freesurfer/average/711-2B_as_mni_average_305_mask.4dfp.img
       256       256       256         1
  1.000000  1.000000  1.000000
orientation T byte_order littleendian
Reading mask: /opt/freesurfer/average/711-2B_as_mni_average_305_mask.4dfp.img (2306576 pixels)
talsrcimg_g11.4dfp.img
       320       320       320         1
  0.799995  0.799995  0.799995
orientation T byte_order littleendian
Reading image: talsrcimg_g11.4dfp.img
dimensions:      320       320       320
mmppix:       0.8000   -0.8000   -0.8000
center:     127.9992 -128.7992 -128.7992
fimgreg.f
image alignment mode   2311 decimal      907 hex
parameters
    0.5093   42.7962    1.2201   -3.0137    1.6211    1.1493
    4.5404   -9.7918   -0.7194    3.7168   10.7367  -14.7532
eta,q 0.90385 29.15520
niter,ni,del,rscale     5    3    5.0000    0.8000
parameters
    0.5024   42.8455    1.1504   -2.9477    1.1081    1.3495
    4.4483   -9.5972   -0.8213    3.7488   10.5658  -14.8018
eta,q 0.90379 29.09927
  0.0971  0.0969  0.0968  0.0977  0.0971  0.0994  0.0969  0.0984  0.0969  0.0976  0.0968  0.0968
  0.0966  0.0965  0.0965  0.0968  0.0967  0.0978  0.0965  0.0972  0.0965  0.0969  0.0964  0.0965
  0.0963  0.0963  0.0962  0.0963  0.0963  0.0966  0.0963  0.0965  0.0963  0.0964  0.0963  0.0963
  0.0962  0.0961  0.0962  0.0962  0.0962  0.0962  0.0962  0.0962  0.0962  0.0962  0.0962  0.0962
  0.0963  0.0962  0.0962  0.0963  0.0963  0.0966  0.0963  0.0964  0.0963  0.0964  0.0963  0.0963
  0.0966  0.0965  0.0965  0.0968  0.0969  0.0974  0.0965  0.0970  0.0965  0.0968  0.0965  0.0965
  0.0972  0.0968  0.0970  0.0976  0.0978  0.0989  0.0969  0.0980  0.0970  0.0977  0.0969  0.0968
niter,ni,del,rscale     4    3    5.0000    0.7000
parameters
    0.5131   42.8502    1.1343   -2.9174    1.0921    1.3774
    4.4632   -9.5518   -0.7867    3.8304   10.5000  -14.9280
eta,q 0.90378 29.10416
  0.0970  0.0967  0.0967  0.0974  0.0970  0.0986  0.0967  0.0978  0.0968  0.0974  0.0967  0.0967
  0.0966  0.0964  0.0965  0.0968  0.0967  0.0973  0.0965  0.0969  0.0965  0.0968  0.0964  0.0964
  0.0963  0.0963  0.0963  0.0964  0.0964  0.0964  0.0963  0.0964  0.0963  0.0964  0.0963  0.0963
  0.0962  0.0962  0.0962  0.0962  0.0962  0.0962  0.0962  0.0962  0.0962  0.0962  0.0962  0.0962
  0.0963  0.0963  0.0963  0.0963  0.0962  0.0966  0.0963  0.0964  0.0963  0.0963  0.0963  0.0963
  0.0965  0.0964  0.0965  0.0968  0.0965  0.0973  0.0964  0.0969  0.0965  0.0967  0.0964  0.0965
  0.0970  0.0967  0.0968  0.0974  0.0972  0.0984  0.0967  0.0977  0.0968  0.0973  0.0967  0.0967
niter,ni,del,rscale     3    3    5.0000    0.6000
parameters
    0.5166   42.8512    1.1370   -2.9312    1.2433    1.3343
    4.4612   -9.5680   -0.7105    3.9469   10.4984  -15.0422
eta,q 0.90380 29.12373
  0.0968  0.0966  0.0966  0.0971  0.0969  0.0979  0.0966  0.0973  0.0966  0.0971  0.0965  0.0965
  0.0965  0.0964  0.0964  0.0966  0.0966  0.0969  0.0964  0.0967  0.0964  0.0966  0.0963  0.0963
  0.0963  0.0963  0.0963  0.0963  0.0964  0.0963  0.0962  0.0963  0.0962  0.0963  0.0962  0.0962
  0.0962  0.0962  0.0962  0.0962  0.0962  0.0962  0.0962  0.0962  0.0962  0.0962  0.0962  0.0962
  0.0963  0.0963  0.0963  0.0963  0.0962  0.0965  0.0962  0.0963  0.0962  0.0963  0.0962  0.0963
  0.0965  0.0964  0.0964  0.0966  0.0964  0.0971  0.0964  0.0967  0.0964  0.0966  0.0963  0.0964
  0.0968  0.0966  0.0966  0.0971  0.0969  0.0979  0.0966  0.0973  0.0966  0.0970  0.0965  0.0966
niter,ni,del,rscale     2    3    5.0000    0.5000
parameters
    0.5222   42.8631    1.1364   -2.9539    1.4207    1.2410
    4.4597   -9.6206   -0.6368    4.0502   10.4990  -15.1394
eta,q 0.90383 29.14220
  0.0966  0.0965  0.0965  0.0968  0.0967  0.0974  0.0964  0.0969  0.0965  0.0968  0.0964  0.0964
  0.0964  0.0963  0.0963  0.0965  0.0965  0.0966  0.0963  0.0965  0.0963  0.0965  0.0963  0.0963
  0.0962  0.0962  0.0962  0.0963  0.0963  0.0962  0.0962  0.0962  0.0962  0.0963  0.0962  0.0962
  0.0962  0.0962  0.0962  0.0962  0.0962  0.0962  0.0962  0.0962  0.0962  0.0962  0.0962  0.0962
  0.0962  0.0962  0.0962  0.0963  0.0962  0.0964  0.0962  0.0963  0.0962  0.0962  0.0962  0.0962
  0.0964  0.0963  0.0963  0.0965  0.0963  0.0969  0.0963  0.0965  0.0963  0.0964  0.0963  0.0963
  0.0966  0.0965  0.0965  0.0968  0.0967  0.0974  0.0964  0.0970  0.0965  0.0967  0.0964  0.0964
niter,ni,del,rscale     1    3    5.0000    0.4000
parameters
    0.5243   42.8874    1.1432   -2.9683    1.5978    1.1177
    4.4843   -9.6805   -0.5694    4.1547   10.5093  -15.1880
eta,q 0.90385 29.15533
  0.0964  0.0964  0.0964  0.0966  0.0965  0.0969  0.0963  0.0966  0.0963  0.0966  0.0963  0.0963
  0.0963  0.0963  0.0963  0.0963  0.0964  0.0964  0.0962  0.0963  0.0962  0.0964  0.0962  0.0962
  0.0962  0.0962  0.0962  0.0962  0.0963  0.0962  0.0962  0.0962  0.0962  0.0962  0.0962  0.0962
  0.0962  0.0962  0.0962  0.0962  0.0962  0.0962  0.0961  0.0961  0.0961  0.0961  0.0961  0.0961
  0.0962  0.0962  0.0962  0.0962  0.0962  0.0963  0.0962  0.0962  0.0962  0.0962  0.0962  0.0962
  0.0963  0.0962  0.0962  0.0963  0.0963  0.0966  0.0962  0.0964  0.0962  0.0963  0.0962  0.0962
  0.0964  0.0963  0.0964  0.0966  0.0965  0.0970  0.0963  0.0967  0.0963  0.0965  0.0963  0.0963
registration optimization eta report
parameter search radius
    0.8000    0.8000    0.8000    2.4000    2.4000    2.4000
    2.4000    2.4000    2.4000    2.4000    2.4000    2.4000
100000*second partial in parameter space
       39.       28.       29.        7.        6.       14.
        3.        9.        3.        7.        3.        3.
  0.0964  0.0964  0.0964  0.0966  0.0965  0.0969  0.0963  0.0966  0.0963  0.0966  0.0963  0.0963
  0.0963  0.0963  0.0963  0.0963  0.0964  0.0964  0.0962  0.0963  0.0962  0.0964  0.0962  0.0962
  0.0962  0.0962  0.0962  0.0962  0.0963  0.0962  0.0962  0.0962  0.0962  0.0962  0.0962  0.0962
  0.0962  0.0962  0.0962  0.0962  0.0962  0.0962  0.0961  0.0961  0.0961  0.0961  0.0961  0.0961
  0.0962  0.0962  0.0962  0.0962  0.0962  0.0963  0.0962  0.0962  0.0962  0.0962  0.0962  0.0962
  0.0963  0.0962  0.0962  0.0963  0.0963  0.0966  0.0962  0.0964  0.0962  0.0963  0.0962  0.0962
  0.0964  0.0963  0.0964  0.0966  0.0965  0.0970  0.0963  0.0967  0.0963  0.0965  0.0963  0.0963
    0.5243   42.8874    1.1432   -2.9683    1.5978    1.1177
    4.4843   -9.6805   -0.5694    4.1547   10.5093  -15.1880
eta,q 0.90385 29.15533

---------------------------------------------------------------------
compute_vox2vox talsrcimg talsrcimg_to_3T18yoSchwartzReactN32_as_orig_t4 /opt/freesurfer/average/3T18yoSchwartzReactN32_as_orig
---------------------------------------------------------------------

freesurfer compute_vox2vox.c
Reading: talsrcimg.4dfp.ifh
Reading: talsrcimg_to_3T18yoSchwartzReactN32_as_orig_t4
Reading: /opt/freesurfer/average/3T18yoSchwartzReactN32_as_orig.4dfp.ifh
Writing: talsrcimg_to_3T18yoSchwartzReactN32_as_orig_t4_vox2vox.txt

start time Wed Oct 11 15:12:14 UTC 2023
end		time Wed Oct 11 15:12:57 UTC 2023

mpr2mni305 success

avi2talxfm orig_nu.mgz /opt/freesurfer/average/mni305.cor.mgz talsrcimg_to_3T18yoSchwartzReactN32_as_orig_t4_vox2vox.txt transforms/talairach.auto.xfm
avi2talxfm done
mv -f /localscratch/bpinsard.41508128.0/freesurfer_crosssectional_autorecon1smriprep_skullstripautorecon2autorecon3_sub01_ses014.job/sub-01_ses-014/mri/talsrcimg_to_3T18yoSchwartzReactN32_as_orig_t4_vox2vox.txt /localscratch/bpinsard.41508128.0/freesurfer_crosssectional_autorecon1smriprep_skullstripautorecon2autorecon3_sub01_ses014.job/sub-01_ses-014/mri/transforms/talsrcimg_to_3T18yoSchwartzReactN32_as_orig_t4_vox2vox.txt
lta_convert --src orig_nu.mgz --trg /opt/freesurfer/average/mni305.cor.mgz --inxfm transforms/talairach.auto.xfm --outlta transforms/talairach.auto.xfm.lta --subject fsaverage
7.4.1

--src: orig_nu.mgz src image (geometry).
--trg: /opt/freesurfer/average/mni305.cor.mgz trg image (geometry).
--inmni: transforms/talairach.auto.xfm input MNI/XFM transform.
--outlta: transforms/talairach.auto.xfm.lta output LTA.
--s: fsaverage subject name
 LTA read, type : 1
 1.01970   0.09886  -0.03023  -2.04970;
-0.10448   0.97277   0.15003  -30.87564;
 0.00999  -0.03923   0.97796  -27.31523;
 0.00000   0.00000   0.00000   1.00000;
setting subject to fsaverage
Writing  LTA to file transforms/talairach.auto.xfm.lta...
lta_convert successful.
 
 
Started at Wed Oct 11 15:12:13 UTC 2023
Ended   at Wed Oct 11 15:12:57 UTC 2023
talairach_avi done
