Log file for defect2seg
Thu Oct  5 16:16:09 UTC 2023

setenv SUBJECTS_DIR /localscratch/bpinsard.41394449.0/freesurfer_crosssectional_autorecon1smriprep_skullstripautorecon2autorecon3_sub02_ses009.job
cd /localscratch/bpinsard.41394449.0/freesurfer_crosssectional_autorecon1smriprep_skullstripautorecon2autorecon3_sub02_ses009.job/sub-02_ses-009/scripts
/opt/freesurfer/bin/defect2seg --s sub-02_ses-009 --cortex

freesurfer-linux-centos7_x86_64-7.4.1-20230613-7eb8460
defect2seg 7.4.1
Linux bc11934.int.ets1.calculquebec.ca 3.10.0-1160.95.1.el7.x86_64 #1 SMP Mon Jul 24 13:59:37 UTC 2023 x86_64 x86_64 x86_64 GNU/Linux
pid 268852
mri_label2label --label-cortex /localscratch/bpinsard.41394449.0/freesurfer_crosssectional_autorecon1smriprep_skullstripautorecon2autorecon3_sub02_ses009.job/sub-02_ses-009/surf/lh.orig.nofix /localscratch/bpinsard.41394449.0/freesurfer_crosssectional_autorecon1smriprep_skullstripautorecon2autorecon3_sub02_ses009.job/sub-02_ses-009/mri/aseg.presurf.mgz 0 /localscratch/bpinsard.41394449.0/freesurfer_crosssectional_autorecon1smriprep_skullstripautorecon2autorecon3_sub02_ses009.job/sub-02_ses-009/label/lh.nofix.cortex.label

 Generating cortex label... RemoveHipAmgy=0
 NucAccIsMedialWall=0
 mris->useRealRAS=0
25 non-cortical segments detected
only using segment with 13269 vertices
erasing segment 0 (vno[0] = 7344)
erasing segment 1 (vno[0] = 8398)
erasing segment 2 (vno[0] = 9556)
erasing segment 3 (vno[0] = 10804)
erasing segment 4 (vno[0] = 12045)
erasing segment 5 (vno[0] = 13067)
erasing segment 6 (vno[0] = 14388)
erasing segment 7 (vno[0] = 18465)
erasing segment 8 (vno[0] = 18554)
erasing segment 10 (vno[0] = 123419)
erasing segment 11 (vno[0] = 156541)
erasing segment 12 (vno[0] = 165817)
erasing segment 13 (vno[0] = 168268)
erasing segment 14 (vno[0] = 169505)
erasing segment 15 (vno[0] = 171737)
erasing segment 16 (vno[0] = 171796)
erasing segment 17 (vno[0] = 171825)
erasing segment 18 (vno[0] = 171879)
erasing segment 19 (vno[0] = 172991)
erasing segment 20 (vno[0] = 173263)
erasing segment 21 (vno[0] = 175318)
erasing segment 22 (vno[0] = 179010)
erasing segment 23 (vno[0] = 180046)
erasing segment 24 (vno[0] = 187266)
mri_label2vol --defects /localscratch/bpinsard.41394449.0/freesurfer_crosssectional_autorecon1smriprep_skullstripautorecon2autorecon3_sub02_ses009.job/sub-02_ses-009/surf/lh.orig.nofix /localscratch/bpinsard.41394449.0/freesurfer_crosssectional_autorecon1smriprep_skullstripautorecon2autorecon3_sub02_ses009.job/sub-02_ses-009/surf/lh.defect_labels /localscratch/bpinsard.41394449.0/freesurfer_crosssectional_autorecon1smriprep_skullstripautorecon2autorecon3_sub02_ses009.job/sub-02_ses-009/mri/orig.mgz 1000 0 /localscratch/bpinsard.41394449.0/freesurfer_crosssectional_autorecon1smriprep_skullstripautorecon2autorecon3_sub02_ses009.job/sub-02_ses-009/mri/surface.defects.mgz /localscratch/bpinsard.41394449.0/freesurfer_crosssectional_autorecon1smriprep_skullstripautorecon2autorecon3_sub02_ses009.job/sub-02_ses-009/label/lh.nofix.cortex.label
mri_label2vol supposed to be reproducible but seed not set
Contraining to label /localscratch/bpinsard.41394449.0/freesurfer_crosssectional_autorecon1smriprep_skullstripautorecon2autorecon3_sub02_ses009.job/sub-02_ses-009/label/lh.nofix.cortex.label
Changing input type 0 to MRI_INT
Converting defects to volume: offset=1000, merge=0
Writing to /localscratch/bpinsard.41394449.0/freesurfer_crosssectional_autorecon1smriprep_skullstripautorecon2autorecon3_sub02_ses009.job/sub-02_ses-009/mri/surface.defects.mgz
mris_defects_pointset -s /localscratch/bpinsard.41394449.0/freesurfer_crosssectional_autorecon1smriprep_skullstripautorecon2autorecon3_sub02_ses009.job/sub-02_ses-009/surf/lh.orig.nofix -d /localscratch/bpinsard.41394449.0/freesurfer_crosssectional_autorecon1smriprep_skullstripautorecon2autorecon3_sub02_ses009.job/sub-02_ses-009/surf/lh.defect_labels -o /localscratch/bpinsard.41394449.0/freesurfer_crosssectional_autorecon1smriprep_skullstripautorecon2autorecon3_sub02_ses009.job/sub-02_ses-009/surf/lh.defects.pointset --label /localscratch/bpinsard.41394449.0/freesurfer_crosssectional_autorecon1smriprep_skullstripautorecon2autorecon3_sub02_ses009.job/sub-02_ses-009/label/lh.nofix.cortex.label
Reading in surface /localscratch/bpinsard.41394449.0/freesurfer_crosssectional_autorecon1smriprep_skullstripautorecon2autorecon3_sub02_ses009.job/sub-02_ses-009/surf/lh.orig.nofix
Reading in defect segmentation /localscratch/bpinsard.41394449.0/freesurfer_crosssectional_autorecon1smriprep_skullstripautorecon2autorecon3_sub02_ses009.job/sub-02_ses-009/surf/lh.defect_labels
Reading in label /localscratch/bpinsard.41394449.0/freesurfer_crosssectional_autorecon1smriprep_skullstripautorecon2autorecon3_sub02_ses009.job/sub-02_ses-009/label/lh.nofix.cortex.label
#VMPC# mris_defects_pointset 601432
mris_defects_pointset done
mri_label2label --label-cortex /localscratch/bpinsard.41394449.0/freesurfer_crosssectional_autorecon1smriprep_skullstripautorecon2autorecon3_sub02_ses009.job/sub-02_ses-009/surf/rh.orig.nofix /localscratch/bpinsard.41394449.0/freesurfer_crosssectional_autorecon1smriprep_skullstripautorecon2autorecon3_sub02_ses009.job/sub-02_ses-009/mri/aseg.presurf.mgz 0 /localscratch/bpinsard.41394449.0/freesurfer_crosssectional_autorecon1smriprep_skullstripautorecon2autorecon3_sub02_ses009.job/sub-02_ses-009/label/rh.nofix.cortex.label

 Generating cortex label... RemoveHipAmgy=0
 NucAccIsMedialWall=0
 mris->useRealRAS=0
36 non-cortical segments detected
only using segment with 12459 vertices
erasing segment 0 (vno[0] = 4668)
erasing segment 1 (vno[0] = 6117)
erasing segment 2 (vno[0] = 8528)
erasing segment 3 (vno[0] = 16369)
erasing segment 4 (vno[0] = 26510)
erasing segment 5 (vno[0] = 35247)
erasing segment 7 (vno[0] = 93643)
erasing segment 8 (vno[0] = 97322)
erasing segment 9 (vno[0] = 106468)
erasing segment 10 (vno[0] = 113445)
erasing segment 11 (vno[0] = 118848)
erasing segment 12 (vno[0] = 151641)
erasing segment 13 (vno[0] = 159815)
erasing segment 14 (vno[0] = 159838)
erasing segment 15 (vno[0] = 161016)
erasing segment 16 (vno[0] = 161106)
erasing segment 17 (vno[0] = 161128)
erasing segment 18 (vno[0] = 161141)
erasing segment 19 (vno[0] = 161153)
erasing segment 20 (vno[0] = 161166)
erasing segment 21 (vno[0] = 162287)
erasing segment 22 (vno[0] = 162466)
erasing segment 23 (vno[0] = 162497)
erasing segment 24 (vno[0] = 162523)
erasing segment 25 (vno[0] = 162925)
erasing segment 26 (vno[0] = 163811)
erasing segment 27 (vno[0] = 163857)
erasing segment 28 (vno[0] = 163890)
erasing segment 29 (vno[0] = 165302)
erasing segment 30 (vno[0] = 179580)
erasing segment 31 (vno[0] = 179600)
erasing segment 32 (vno[0] = 180829)
erasing segment 33 (vno[0] = 180847)
erasing segment 34 (vno[0] = 181968)
erasing segment 35 (vno[0] = 184386)
mri_label2vol --defects /localscratch/bpinsard.41394449.0/freesurfer_crosssectional_autorecon1smriprep_skullstripautorecon2autorecon3_sub02_ses009.job/sub-02_ses-009/surf/rh.orig.nofix /localscratch/bpinsard.41394449.0/freesurfer_crosssectional_autorecon1smriprep_skullstripautorecon2autorecon3_sub02_ses009.job/sub-02_ses-009/surf/rh.defect_labels /localscratch/bpinsard.41394449.0/freesurfer_crosssectional_autorecon1smriprep_skullstripautorecon2autorecon3_sub02_ses009.job/sub-02_ses-009/mri/surface.defects.mgz 2000 1 /localscratch/bpinsard.41394449.0/freesurfer_crosssectional_autorecon1smriprep_skullstripautorecon2autorecon3_sub02_ses009.job/sub-02_ses-009/mri/surface.defects.mgz /localscratch/bpinsard.41394449.0/freesurfer_crosssectional_autorecon1smriprep_skullstripautorecon2autorecon3_sub02_ses009.job/sub-02_ses-009/label/rh.nofix.cortex.label
mri_label2vol supposed to be reproducible but seed not set
Contraining to label /localscratch/bpinsard.41394449.0/freesurfer_crosssectional_autorecon1smriprep_skullstripautorecon2autorecon3_sub02_ses009.job/sub-02_ses-009/label/rh.nofix.cortex.label
Converting defects to volume: offset=2000, merge=1
Writing to /localscratch/bpinsard.41394449.0/freesurfer_crosssectional_autorecon1smriprep_skullstripautorecon2autorecon3_sub02_ses009.job/sub-02_ses-009/mri/surface.defects.mgz
mris_defects_pointset -s /localscratch/bpinsard.41394449.0/freesurfer_crosssectional_autorecon1smriprep_skullstripautorecon2autorecon3_sub02_ses009.job/sub-02_ses-009/surf/rh.orig.nofix -d /localscratch/bpinsard.41394449.0/freesurfer_crosssectional_autorecon1smriprep_skullstripautorecon2autorecon3_sub02_ses009.job/sub-02_ses-009/surf/rh.defect_labels -o /localscratch/bpinsard.41394449.0/freesurfer_crosssectional_autorecon1smriprep_skullstripautorecon2autorecon3_sub02_ses009.job/sub-02_ses-009/surf/rh.defects.pointset --label /localscratch/bpinsard.41394449.0/freesurfer_crosssectional_autorecon1smriprep_skullstripautorecon2autorecon3_sub02_ses009.job/sub-02_ses-009/label/rh.nofix.cortex.label
Reading in surface /localscratch/bpinsard.41394449.0/freesurfer_crosssectional_autorecon1smriprep_skullstripautorecon2autorecon3_sub02_ses009.job/sub-02_ses-009/surf/rh.orig.nofix
Reading in defect segmentation /localscratch/bpinsard.41394449.0/freesurfer_crosssectional_autorecon1smriprep_skullstripautorecon2autorecon3_sub02_ses009.job/sub-02_ses-009/surf/rh.defect_labels
Reading in label /localscratch/bpinsard.41394449.0/freesurfer_crosssectional_autorecon1smriprep_skullstripautorecon2autorecon3_sub02_ses009.job/sub-02_ses-009/label/rh.nofix.cortex.label
#VMPC# mris_defects_pointset 600072
mris_defects_pointset done
 
Started at Thu Oct 5 16:16:09 UTC 2023 
Ended   at Thu Oct  5 16:17:35 UTC 2023
Defect2seg-Run-Time-Sec 86
Defect2seg-Run-Time-Min 1.72
Defect2seg-Run-Time-Hours 0.02
 
defect2seg Done
