status file for recon-all
Thu Oct  5 11:46:20 UTC 2023
#@# MotionCor Thu Oct  5 11:46:26 UTC 2023
#@# Talairach Thu Oct  5 11:46:39 UTC 2023
#@# Talairach Failure Detection Thu Oct  5 11:56:04 UTC 2023
#@# Nu Intensity Correction Thu Oct  5 11:56:04 UTC 2023
#@# Intensity Normalization Thu Oct  5 12:05:37 UTC 2023
#@# Skull Stripping Thu Oct  5 12:14:21 UTC 2023
recon-all -s sub-02_ses-007 finished without error at Thu Oct  5 12:18:53 UTC 2023



#New# invocation of recon-all 



status file for recon-all
Thu Oct  5 12:41:54 UTC 2023
#@# EM Registration Thu Oct  5 12:41:54 UTC 2023
#@# CA Normalize Thu Oct  5 12:45:21 UTC 2023
#@# CA Reg Thu Oct  5 12:48:48 UTC 2023
#@# SubCort Seg Thu Oct  5 14:05:37 UTC 2023
#@# CC Seg Thu Oct  5 15:49:17 UTC 2023
#@# Merge ASeg Thu Oct  5 15:52:52 UTC 2023
#@# Intensity Normalization2 Thu Oct  5 15:52:52 UTC 2023
#@# Mask BFS Thu Oct  5 16:00:17 UTC 2023
#@# WM Segmentation Thu Oct  5 16:00:19 UTC 2023
#@# Fill Thu Oct  5 16:07:41 UTC 2023
#@# Tessellate lh Thu Oct  5 16:10:16 UTC 2023
#@# Tessellate rh Thu Oct  5 16:10:25 UTC 2023
#@# Smooth1 lh Thu Oct  5 16:10:35 UTC 2023
#@# Smooth1 rh Thu Oct  5 16:10:40 UTC 2023
#@# Inflation1 lh Thu Oct  5 16:10:46 UTC 2023
#@# Inflation1 rh Thu Oct  5 16:11:15 UTC 2023
#@# QSphere lh Thu Oct  5 16:11:45 UTC 2023
#@# QSphere rh Thu Oct  5 16:14:00 UTC 2023
#@# Fix Topology lh Thu Oct  5 16:16:55 UTC 2023
#@# Fix Topology rh Thu Oct  5 16:25:35 UTC 2023
#@# Smooth2 lh Thu Oct  5 16:43:21 UTC 2023
#@# Smooth2 rh Thu Oct  5 16:43:27 UTC 2023
#@# Inflation2 lh Thu Oct  5 16:43:34 UTC 2023
#@# Inflation2 rh Thu Oct  5 16:44:05 UTC 2023
#@# Curv .H and .K lh Thu Oct  5 16:44:40 UTC 2023
#@# Curv .H and .K rh Thu Oct  5 16:46:24 UTC 2023
recon-all -s sub-02_ses-007 finished without error at Thu Oct  5 16:48:11 UTC 2023



#New# invocation of recon-all 



status file for recon-all
Thu Oct  5 16:49:01 UTC 2023
#@# Sphere lh Thu Oct  5 16:49:01 UTC 2023
#@# Sphere rh Thu Oct  5 16:59:32 UTC 2023
#@# Surf Reg lh Thu Oct  5 17:18:18 UTC 2023
#@# Surf Reg rh Thu Oct  5 17:28:08 UTC 2023
#@# Jacobian white lh Thu Oct  5 17:44:02 UTC 2023
#@# Jacobian white rh Thu Oct  5 17:44:04 UTC 2023
#@# AvgCurv lh Thu Oct  5 17:44:05 UTC 2023
#@# AvgCurv rh Thu Oct  5 17:44:07 UTC 2023
#@# Cortical Parc lh Thu Oct  5 17:44:08 UTC 2023
#@# Cortical Parc rh Thu Oct  5 17:44:30 UTC 2023
#@# white curv lh Thu Oct  5 18:03:49 UTC 2023
#@# white area lh Thu Oct  5 18:03:53 UTC 2023
#@# pial curv lh Thu Oct  5 18:03:54 UTC 2023
#@# pial area lh Thu Oct  5 18:03:58 UTC 2023
#@# thickness lh Thu Oct  5 18:03:59 UTC 2023
#@# area and vertex vol lh Thu Oct  5 18:05:06 UTC 2023
#@# white curv rh Thu Oct  5 18:05:09 UTC 2023
#@# white area rh Thu Oct  5 18:05:13 UTC 2023
#@# pial curv rh Thu Oct  5 18:05:14 UTC 2023
#@# pial area rh Thu Oct  5 18:05:18 UTC 2023
#@# thickness rh Thu Oct  5 18:05:19 UTC 2023
#@# area and vertex vol rh Thu Oct  5 18:06:28 UTC 2023
#@# Curvature Stats lh Thu Oct  5 18:06:31 UTC 2023
#@# Curvature Stats rh Thu Oct  5 18:06:37 UTC 2023
#@# Cortical ribbon mask Thu Oct  5 18:06:42 UTC 2023
#@# Cortical Parc 2 lh Thu Oct  5 18:27:34 UTC 2023
#@# Cortical Parc 2 rh Thu Oct  5 18:28:05 UTC 2023
#@# Cortical Parc 3 lh Thu Oct  5 18:28:35 UTC 2023
#@# Cortical Parc 3 rh Thu Oct  5 18:28:57 UTC 2023
#@# WM/GM Contrast lh Thu Oct  5 18:29:18 UTC 2023
#@# WM/GM Contrast rh Thu Oct  5 18:29:25 UTC 2023
#@# Relabel Hypointensities Thu Oct  5 18:29:32 UTC 2023
#@# APas-to-ASeg Thu Oct  5 18:30:15 UTC 2023
#@# AParc-to-ASeg aparc Thu Oct  5 18:30:43 UTC 2023
#@# AParc-to-ASeg aparc.a2009s Thu Oct  5 18:34:43 UTC 2023
#@# AParc-to-ASeg aparc.DKTatlas Thu Oct  5 18:38:41 UTC 2023
#@# WMParc Thu Oct  5 18:42:33 UTC 2023
#@# Parcellation Stats lh Thu Oct  5 18:49:04 UTC 2023
#@# Parcellation Stats rh Thu Oct  5 18:50:25 UTC 2023
#@# Parcellation Stats 2 lh Thu Oct  5 18:51:49 UTC 2023
#@# Parcellation Stats 2 rh Thu Oct  5 18:52:31 UTC 2023
#@# Parcellation Stats 3 lh Thu Oct  5 18:53:14 UTC 2023
#@# Parcellation Stats 3 rh Thu Oct  5 18:53:54 UTC 2023
#@# ASeg Stats Thu Oct  5 18:54:36 UTC 2023
#@# BA_exvivo Labels lh Thu Oct  5 18:56:01 UTC 2023
#@# BA_exvivo Labels rh Thu Oct  5 19:01:31 UTC 2023
recon-all -s sub-02_ses-007 finished without error at Thu Oct  5 19:07:16 UTC 2023
