/localscratch/bpinsard.41394470.0/freesurfer_crosssectional_autorecon1smriprep_skullstripautorecon2autorecon3_sub04_ses002.job/sub-04_ses-002/mri
/opt/freesurfer/bin/talairach_avi
--i orig_nu.mgz --xfm transforms/talairach.auto.xfm --atlas 3T18yoSchwartzReactN32_as_orig
talairach_avi 7.4.1
Linux bc12405.int.ets1.calculquebec.ca 3.10.0-1160.90.1.el7.x86_64 #1 SMP Thu May 4 15:21:22 UTC 2023 x86_64 x86_64 x86_64 GNU/Linux
Thu Oct  5 12:24:26 UTC 2023
mri_convert orig_nu.mgz talsrcimg.img 
reading from orig_nu.mgz...
TR=0.00, TE=0.00, TI=0.00, flip angle=0.00
i_ras = (-1, 0, 0)
j_ras = (0, 0, -1)
k_ras = (0, 1, 0)
writing to talsrcimg.img...
Analyze Output Matrix
-0.80000   0.00000   0.00000   124.98282;
 0.00000   0.00000   0.80000  -104.07222;
 0.00000  -0.80000   0.00000   122.12332;
 0.00000   0.00000   0.00000   1.00000;
--------------------
INFO: set hdr.hist.orient to -1
mpr2mni305 talsrcimg
Thu Oct  5 12:24:26 UTC 2023
/opt/freesurfer/bin/mpr2mni305 talsrcimg
mpr2mni305 7.4.1
target=3T18yoSchwartzReactN32_as_orig

---------------------------------------------------------------------
analyzeto4dfp talsrcimg -O0 -y
---------------------------------------------------------------------

freesurfer ifh2hdr.c
Thu Oct  5 12:24:27 2023
Writing: talsrcimg.4dfp.hdr
freesurfer analyzeto4dfp.c
Reading: talsrcimg.hdr
header size 348 bytes
hdr.dime.datatype	offset=70	value=2
hdr.dime.bitpix		offset=72	value=8
hdr.hist.orient		offset=252	value=-1
dimensionality     4
dimensions       320       320       320         1
Reading: talsrcimg.img
Writing: talsrcimg.4dfp.img
Writing: talsrcimg.4dfp.ifh
ifh2hdr talsrcimg -r0to217
ori=2

---------------------------------------------------------------------
gauss_4dfp talsrcimg 1.1
---------------------------------------------------------------------

freesurfer gauss_4dfp.c
Reading: talsrcimg.4dfp.img
Writing: talsrcimg_g11.4dfp.img
image dimensions 320 320 320 padded to 384 384 384
processing volume 1freesurfer ifh2hdr.c
Thu Oct  5 12:24:46 2023
Writing: talsrcimg_g11.4dfp.hdr

Writing: talsrcimg_g11.4dfp.ifh
including: talsrcimg.4dfp.img.rec in talsrcimg_g11.4dfp.img.rec

---------------------------------------------------------------------
imgreg_4dfp /opt/freesurfer/average/3T18yoSchwartzReactN32_as_orig none talsrcimg_g11 none talsrcimg_to_3T18yoSchwartzReactN32_as_orig_t4 4355
---------------------------------------------------------------------

freesurfer imgreg_4dfp.c
/opt/freesurfer/average/3T18yoSchwartzReactN32_as_orig.4dfp.img
       256       256       256         1
  1.000000  1.000000  1.000000
orientation T byte_order littleendian
Reading image: /opt/freesurfer/average/3T18yoSchwartzReactN32_as_orig.4dfp.img
dimensions:      256       256       256
mmppix:       1.0000   -1.0000   -1.0000
center:     128.0000 -129.0000 -129.0000
talsrcimg_g11.4dfp.img
       320       320       320         1
  0.800000  0.800000  0.800000
orientation T byte_order littleendian
Reading image: talsrcimg_g11.4dfp.img
dimensions:      320       320       320
mmppix:       0.8000   -0.8000   -0.8000
center:     128.0000 -128.8000 -128.8000
t4_read: open error in t4_sub.f l:  46 t4_file(1:l)talsrcimg_to_3T18yoSchwartzReactN32_as_orig_t4 
t4_read: transform initialized to I4
rotation matrix determinant  1.000000
image alignment mode   4355 decimal     1103 hex
   -7.5000  -45.0000  -45.0000 8577.1455   25.3391
    0.0000  -45.0000  -45.0000 8959.7100   25.2959
    7.5000  -45.0000  -45.0000 8630.4248   25.2363
   -7.5000  -37.5000  -45.0000 8864.6533   26.2322
    0.0000  -37.5000  -45.0000 9254.4326   26.2138
    7.5000  -37.5000  -45.0000 8895.2471   26.1729
   -7.5000  -30.0000  -45.0000 9391.9395   26.7995
    0.0000  -30.0000  -45.0000 9845.9912   26.7706
    7.5000  -30.0000  -45.0000 9473.0322   26.7256
   -7.5000  -22.5000  -45.0000 9918.6670   27.4170
    0.0000  -22.5000  -45.000010453.9492   27.3801
    7.5000  -22.5000  -45.000010068.5518   27.3261
   -7.5000  -15.0000  -45.000010456.5781   28.0908
    0.0000  -15.0000  -45.000011070.8340   28.0465
    7.5000  -15.0000  -45.000010675.8711   27.9824
   -7.5000   -7.5000  -45.000011005.5391   28.7780
    0.0000   -7.5000  -45.000011684.9570   28.7266
    7.5000   -7.5000  -45.000011262.9287   28.6557
   -7.5000    0.0000  -45.000011661.1123   29.6794
    0.0000    0.0000  -45.000012386.7939   29.6260
    7.5000    0.0000  -45.000011948.9219   29.5581
   -7.5000    7.5000  -45.000011671.1240   31.1221
    0.0000    7.5000  -45.000012376.5225   31.0991
    7.5000    7.5000  -45.000011954.8369   31.0513
   -7.5000   15.0000  -45.000011675.2061   32.6812
    0.0000   15.0000  -45.000012369.2939   32.6738
    7.5000   15.0000  -45.000011939.1348   32.6507
   -7.5000   22.5000  -45.000011390.9268   34.1044
    0.0000   22.5000  -45.000012057.0293   34.0956
    7.5000   22.5000  -45.000011610.6377   34.0687
   -7.5000   30.0000  -45.000011034.7266   35.4139
    0.0000   30.0000  -45.000011637.4443   35.4182
    7.5000   30.0000  -45.000011197.7100   35.3913
   -7.5000   37.5000  -45.000011037.0000   36.8104
    0.0000   37.5000  -45.000011605.6885   36.8223
    7.5000   37.5000  -45.000011165.0732   36.8068
   -7.5000   45.0000  -45.000010524.8848   37.8012
    0.0000   45.0000  -45.000011054.2510   37.8250
    7.5000   45.0000  -45.000010628.5840   37.8198
   -7.5000  -45.0000  -37.5000 8968.1025   25.2932
    0.0000  -45.0000  -37.5000 9394.7451   25.2471
    7.5000  -45.0000  -37.5000 9040.5742   25.1950
   -7.5000  -37.5000  -37.5000 9293.0566   26.1900
    0.0000  -37.5000  -37.5000 9726.2432   26.1744
    7.5000  -37.5000  -37.5000 9354.7920   26.1427
   -7.5000  -30.0000  -37.5000 9882.9756   26.7629
    0.0000  -30.0000  -37.500010361.6660   26.7385
    7.5000  -30.0000  -37.5000 9983.3760   26.7022
   -7.5000  -22.5000  -37.500010501.7139   27.3682
    0.0000  -22.5000  -37.500011040.4346   27.3347
    7.5000  -22.5000  -37.500010632.3848   27.2892
   -7.5000  -15.0000  -37.500011093.0918   28.0249
    0.0000  -15.0000  -37.500011695.3584   27.9809
    7.5000  -15.0000  -37.500011260.9717   27.9249
   -7.5000   -7.5000  -37.500011668.5527   28.7101
    0.0000   -7.5000  -37.500012343.3496   28.6550
    7.5000   -7.5000  -37.500011877.7217   28.5918
   -7.5000    0.0000  -37.500012365.6592   29.6274
    0.0000    0.0000  -37.500013099.9727   29.5703
    7.5000    0.0000  -37.500012619.6768   29.5108
   -7.5000    7.5000  -37.500012382.2188   31.0733
    0.0000    7.5000  -37.500013128.2129   31.0532
    7.5000    7.5000  -37.500012642.3535   31.0154
   -7.5000   15.0000  -37.500012389.9531   32.6451
    0.0000   15.0000  -37.500013144.0254   32.6492
    7.5000   15.0000  -37.500012645.4229   32.6373
   -7.5000   22.5000  -37.500012111.3818   34.0622
    0.0000   22.5000  -37.500012850.9150   34.0673
    7.5000   22.5000  -37.500012360.7627   34.0522
   -7.5000   30.0000  -37.500011751.3496   35.3441
    0.0000   30.0000  -37.500012430.4902   35.3598
    7.5000   30.0000  -37.500011948.0117   35.3466
   -7.5000   37.5000  -37.500011766.4238   36.7205
    0.0000   37.5000  -37.500012429.3535   36.7375
    7.5000   37.5000  -37.500011922.4902   36.7319
   -7.5000   45.0000  -37.500011204.8467   37.7194
    0.0000   45.0000  -37.500011821.2695   37.7488
    7.5000   45.0000  -37.500011355.8408   37.7557
   -7.5000  -45.0000  -30.0000 9559.5020   26.2793
    0.0000  -45.0000  -30.000010026.5078   26.2430
    7.5000  -45.0000  -30.0000 9651.1729   26.1993
   -7.5000  -37.5000  -30.0000 9883.0000   27.2179
    0.0000  -37.5000  -30.000010363.8633   27.2150
    7.5000  -37.5000  -30.0000 9956.4033   27.1888
   -7.5000  -30.0000  -30.000010541.6768   27.8467
    0.0000  -30.0000  -30.000011062.8574   27.8413
    7.5000  -30.0000  -30.000010649.5996   27.8119
   -7.5000  -22.5000  -30.000011238.5166   28.4951
    0.0000  -22.5000  -30.000011804.0547   28.4818
    7.5000  -22.5000  -30.000011356.9043   28.4444
   -7.5000  -15.0000  -30.000011893.3721   29.1941
    0.0000  -15.0000  -30.000012521.4980   29.1660
    7.5000  -15.0000  -30.000012042.5498   29.1189
   -7.5000   -7.5000  -30.000012540.8096   29.9314
    0.0000   -7.5000  -30.000013223.8115   29.8872
    7.5000   -7.5000  -30.000012711.1465   29.8333
   -7.5000    0.0000  -30.000013287.9658   30.9306
    0.0000    0.0000  -30.000014041.5713   30.8836
    7.5000    0.0000  -30.000013502.4395   30.8328
   -7.5000    7.5000  -30.000013291.6426   32.4489
    0.0000    7.5000  -30.000014069.6465   32.4430
    7.5000    7.5000  -30.000013525.2920   32.4113
   -7.5000   15.0000  -30.000013347.5176   34.1321
    0.0000   15.0000  -30.000014162.6738   34.1630
    7.5000   15.0000  -30.000013589.6982   34.1613
   -7.5000   22.5000  -30.000013060.3242   35.5907
    0.0000   22.5000  -30.000013876.6748   35.6295
    7.5000   22.5000  -30.000013299.4229   35.6285
   -7.5000   30.0000  -30.000012668.2793   36.8967
    0.0000   30.0000  -30.000013428.0439   36.9447
    7.5000   30.0000  -30.000012874.5771   36.9516
   -7.5000   37.5000  -30.000012663.3662   38.3230
    0.0000   37.5000  -30.000013404.0078   38.3607
    7.5000   37.5000  -30.000012838.3115   38.3729
   -7.5000   45.0000  -30.000012073.0859   39.3879
    0.0000   45.0000  -30.000012760.5342   39.4354
    7.5000   45.0000  -30.000012219.2178   39.4609
   -7.5000  -45.0000  -22.500010107.6279   27.0840
    0.0000  -45.0000  -22.500010614.8799   27.0604
    7.5000  -45.0000  -22.500010232.0449   27.0173
   -7.5000  -37.5000  -22.500010470.3389   28.0566
    0.0000  -37.5000  -22.500010974.3330   28.0638
    7.5000  -37.5000  -22.500010552.0801   28.0349
   -7.5000  -30.0000  -22.500011181.6611   28.7217
    0.0000  -30.0000  -22.500011742.0957   28.7323
    7.5000  -30.0000  -22.500011295.5225   28.7014
   -7.5000  -22.5000  -22.500011936.9307   29.4108
    0.0000  -22.5000  -22.500012552.7783   29.4157
    7.5000  -22.5000  -22.500012064.2969   29.3780
   -7.5000  -15.0000  -22.500012673.6484   30.1542
    0.0000  -15.0000  -22.500013348.4561   30.1427
    7.5000  -15.0000  -22.500012828.1533   30.0960
   -7.5000   -7.5000  -22.500013391.1191   30.9380
    0.0000   -7.5000  -22.500014109.2197   30.9088
    7.5000   -7.5000  -22.500013552.9658   30.8556
   -7.5000    0.0000  -22.500014214.3574   31.9953
    0.0000    0.0000  -22.500014996.3613   31.9622
    7.5000    0.0000  -22.500014410.6582   31.9116
   -7.5000    7.5000  -22.500014238.5059   33.5724
    0.0000    7.5000  -22.500015064.6191   33.5783
    7.5000    7.5000  -22.500014440.7041   33.5437
   -7.5000   15.0000  -22.500014360.3467   35.3400
    0.0000   15.0000  -22.500015232.0967   35.3871
    7.5000   15.0000  -22.500014585.6582   35.3841
   -7.5000   22.5000  -22.500014051.8662   36.8284
    0.0000   22.5000  -22.500014925.5840   36.8871
    7.5000   22.5000  -22.500014291.1387   36.8874
   -7.5000   30.0000  -22.500013624.1943   38.1652
    0.0000   30.0000  -22.500014464.3711   38.2329
    7.5000   30.0000  -22.500013839.6904   38.2444
   -7.5000   37.5000  -22.500013627.4912   39.6465
    0.0000   37.5000  -22.500014449.6758   39.7001
    7.5000   37.5000  -22.500013803.0820   39.7179
   -7.5000   45.0000  -22.500012964.9814   40.7566
    0.0000   45.0000  -22.500013734.8154   40.8178
    7.5000   45.0000  -22.500013125.8799   40.8489
   -7.5000  -45.0000  -15.000010644.3926   27.6341
    0.0000  -45.0000  -15.000011183.1562   27.6116
    7.5000  -45.0000  -15.000010798.2676   27.5582
   -7.5000  -37.5000  -15.000011076.2295   28.6257
    0.0000  -37.5000  -15.000011611.8203   28.6269
    7.5000  -37.5000  -15.000011178.0078   28.5861
   -7.5000  -30.0000  -15.000011837.9287   29.3047
    0.0000  -30.0000  -15.000012439.4355   29.3079
    7.5000  -30.0000  -15.000011973.7656   29.2653
   -7.5000  -22.5000  -15.000012634.5967   30.0294
    0.0000  -22.5000  -15.000013291.4883   30.0293
    7.5000  -22.5000  -15.000012786.2236   29.9806
   -7.5000  -15.0000  -15.000013420.8311   30.8175
    0.0000  -15.0000  -15.000014145.4814   30.8048
    7.5000  -15.0000  -15.000013606.8486   30.7473
   -7.5000   -7.5000  -15.000014214.6465   31.6395
    0.0000   -7.5000  -15.000014985.9355   31.6127
    7.5000   -7.5000  -15.000014412.6445   31.5492
   -7.5000    0.0000  -15.000015142.5713   32.7289
    0.0000    0.0000  -15.000015974.3008   32.6971
    7.5000    0.0000  -15.000015348.2568   32.6351
   -7.5000    7.5000  -15.000015225.5137   34.3397
    0.0000    7.5000  -15.000016089.8281   34.3388
    7.5000    7.5000  -15.000015423.3750   34.2909
   -7.5000   15.0000  -15.000015396.8203   36.1291
    0.0000   15.0000  -15.000016313.6133   36.1613
    7.5000   15.0000  -15.000015607.1377   36.1429
   -7.5000   22.5000  -15.000015052.8428   37.6505
    0.0000   22.5000  -15.000015998.9053   37.6931
    7.5000   22.5000  -15.000015305.4326   37.6784
   -7.5000   30.0000  -15.000014601.9082   39.0399
    0.0000   30.0000  -15.000015529.3311   39.0938
    7.5000   30.0000  -15.000014846.7861   39.0887
   -7.5000   37.5000  -15.000014584.8057   40.5724
    0.0000   37.5000  -15.000015484.9824   40.6188
    7.5000   37.5000  -15.000014801.0645   40.6241
   -7.5000   45.0000  -15.000013881.4941   41.6975
    0.0000   45.0000  -15.000014727.5996   41.7518
    7.5000   45.0000  -15.000014077.7861   41.7686
   -7.5000  -45.0000   -7.500011098.3320   27.9112
    0.0000  -45.0000   -7.500011685.6191   27.8775
    7.5000  -45.0000   -7.500011285.3223   27.8132
   -7.5000  -37.5000   -7.500011619.7148   28.9019
    0.0000  -37.5000   -7.500012213.6543   28.8892
    7.5000  -37.5000   -7.500011764.3418   28.8399
   -7.5000  -30.0000   -7.500012447.2979   29.5874
    0.0000  -30.0000   -7.500013085.3379   29.5688
    7.5000  -30.0000   -7.500012608.4170   29.5167
   -7.5000  -22.5000   -7.500013297.9902   30.3409
    0.0000  -22.5000   -7.500013988.3955   30.3174
    7.5000  -22.5000   -7.500013470.6592   30.2579
   -7.5000  -15.0000   -7.500014143.1924   31.1674
    0.0000  -15.0000   -7.500014872.6807   31.1359
    7.5000  -15.0000   -7.500014325.6729   31.0668
   -7.5000   -7.5000   -7.500015006.9150   32.0205
    0.0000   -7.5000   -7.500015773.9502   31.9805
    7.5000   -7.5000   -7.500015189.4932   31.9047
   -7.5000    0.0000   -7.500016060.9580   33.1314
    0.0000    0.0000   -7.500016887.8203   33.0873
    7.5000    0.0000   -7.500016255.4980   33.0130
   -7.5000    7.5000   -7.500016252.5361   34.7459
    0.0000    7.5000   -7.500017113.0195   34.7292
    7.5000    7.5000   -7.500016433.3301   34.6714
   -7.5000   15.0000   -7.500016429.2109   36.5072
    0.0000   15.0000   -7.500017336.9629   36.5111
    7.5000   15.0000   -7.500016604.0859   36.4815
   -7.5000   22.5000   -7.500016035.8887   38.0667
    0.0000   22.5000   -7.500017024.6719   38.0745
    7.5000   22.5000   -7.500016286.3418   38.0449
   -7.5000   30.0000   -7.500015556.2334   39.5110
    0.0000   30.0000   -7.500016538.9902   39.5336
    7.5000   30.0000   -7.500015816.0850   39.5081
   -7.5000   37.5000   -7.500015522.4873   41.0746
    0.0000   37.5000   -7.500016474.1934   41.1005
    7.5000   37.5000   -7.500015775.9980   41.0890
   -7.5000   45.0000   -7.500014771.0342   42.1968
    0.0000   45.0000   -7.500015667.6367   42.2327
    7.5000   45.0000   -7.500014994.0693   42.2310
   -7.5000  -45.0000    0.000011391.0127   28.0716
    0.0000  -45.0000    0.000012024.9678   28.0238
    7.5000  -45.0000    0.000011620.3613   27.9577
   -7.5000  -37.5000    0.000012027.6709   29.0608
    0.0000  -37.5000    0.000012654.8057   29.0404
    7.5000  -37.5000    0.000012217.8096   28.9951
   -7.5000  -30.0000    0.000012899.6953   29.7589
    0.0000  -30.0000    0.000013537.7900   29.7268
    7.5000  -30.0000    0.000013068.4814   29.6768
   -7.5000  -22.5000    0.000013785.5645   30.5268
    0.0000  -22.5000    0.000014463.9336   30.4858
    7.5000  -22.5000    0.000013963.2734   30.4256
   -7.5000  -15.0000    0.000014674.6094   31.3723
    0.0000  -15.0000    0.000015383.1309   31.3228
    7.5000  -15.0000    0.000014847.8301   31.2511
   -7.5000   -7.5000    0.000015609.3555   32.2546
    0.0000   -7.5000    0.000016328.5713   32.1970
    7.5000   -7.5000    0.000015762.3428   32.1176
   -7.5000    0.0000    0.000016796.9336   33.4026
    0.0000    0.0000    0.000017595.6406   33.3425
    7.5000    0.0000    0.000016972.8301   33.2660
   -7.5000    7.5000    0.000017192.2148   35.0213
    0.0000    7.5000    0.000018075.1348   34.9954
    7.5000    7.5000    0.000017388.8652   34.9416
   -7.5000   15.0000    0.000017417.6641   36.7701
    0.0000   15.0000    0.000018255.5234   36.7617
    7.5000   15.0000    0.000017527.8438   36.7357
   -7.5000   22.5000    0.000016934.0039   38.3599
    0.0000   22.5000    0.000017818.8984   38.3499
    7.5000   22.5000    0.000017101.7773   38.3197
   -7.5000   30.0000    0.000016406.4707   39.8246
    0.0000   30.0000    0.000017387.9160   39.8293
    7.5000   30.0000    0.000016661.7227   39.7990
   -7.5000   37.5000    0.000016404.5957   41.3943
    0.0000   37.5000    0.000017400.9160   41.4077
    7.5000   37.5000    0.000016684.4277   41.3901
   -7.5000   45.0000    0.000015608.9199   42.5216
    0.0000   45.0000    0.000016567.6484   42.5484
    7.5000   45.0000    0.000015874.9023   42.5424
   -7.5000  -45.0000    7.500010690.2363   27.9456
    0.0000  -45.0000    7.500011245.0488   27.8947
    7.5000  -45.0000    7.500010873.8691   27.8372
   -7.5000  -37.5000    7.500011412.2188   28.9365
    0.0000  -37.5000    7.500011986.2256   28.9192
    7.5000  -37.5000    7.500011579.1279   28.8842
   -7.5000  -30.0000    7.500012256.7393   29.6432
    0.0000  -30.0000    7.500012834.0508   29.6162
    7.5000  -30.0000    7.500012391.7236   29.5760
   -7.5000  -22.5000    7.500013135.7275   30.3998
    0.0000  -22.5000    7.500013737.0947   30.3626
    7.5000  -22.5000    7.500013262.0654   30.3121
   -7.5000  -15.0000    7.500014002.4980   31.2277
    0.0000  -15.0000    7.500014626.6064   31.1787
    7.5000  -15.0000    7.500014113.0283   31.1163
   -7.5000   -7.5000    7.500014923.0801   32.1088
    0.0000   -7.5000    7.500015556.1309   32.0471
    7.5000   -7.5000    7.500015004.0605   31.9765
   -7.5000    0.0000    7.500016058.1172   33.2746
    0.0000    0.0000    7.500016781.4512   33.2104
    7.5000    0.0000    7.500016180.3066   33.1435
   -7.5000    7.5000    7.500016530.4336   34.8937
    0.0000    7.5000    7.500017365.6836   34.8711
    7.5000    7.5000    7.500016749.3125   34.8287
   -7.5000   15.0000    7.500016898.4473   36.6570
    0.0000   15.0000    7.500017688.3516   36.6616
    7.5000   15.0000    7.500017093.0137   36.6482
   -7.5000   22.5000    7.500016551.8398   38.2411
    0.0000   22.5000    7.500017377.1992   38.2468
    7.5000   22.5000    7.500016761.8223   38.2298
   -7.5000   30.0000    7.500016036.2539   39.6769
    0.0000   30.0000    7.500016943.4902   39.6946
    7.5000   30.0000    7.500016313.2979   39.6798
   -7.5000   37.5000    7.500015982.8750   41.2221
    0.0000   37.5000    7.500016960.1836   41.2411
    7.5000   37.5000    7.500016314.7422   41.2349
   -7.5000   45.0000    7.500015176.2773   42.3605
    0.0000   45.0000    7.500016147.7881   42.3935
    7.5000   45.0000    7.500015518.7480   42.4013
   -7.5000  -45.0000   15.0000 9838.4268   27.8650
    0.0000  -45.0000   15.000010357.4297   27.8266
    7.5000  -45.0000   15.0000 9993.0215   27.7803
   -7.5000  -37.5000   15.000010624.5557   28.8592
    0.0000  -37.5000   15.000011166.8115   28.8561
    7.5000  -37.5000   15.000010741.4717   28.8285
   -7.5000  -30.0000   15.000011423.7090   29.5721
    0.0000  -30.0000   15.000011985.0439   29.5665
    7.5000  -30.0000   15.000011536.3135   29.5353
   -7.5000  -22.5000   15.000012249.0557   30.3198
    0.0000  -22.5000   15.000012830.2100   30.3058
    7.5000  -22.5000   15.000012357.5703   30.2661
   -7.5000  -15.0000   15.000013073.0430   31.1375
    0.0000  -15.0000   15.000013684.8115   31.1077
    7.5000  -15.0000   15.000013200.8555   31.0575
   -7.5000   -7.5000   15.000013956.7295   32.0173
    0.0000   -7.5000   15.000014614.8926   31.9702
    7.5000   -7.5000   15.000014091.2402   31.9125
   -7.5000    0.0000   15.000015049.6055   33.1949
    0.0000    0.0000   15.000015808.6748   33.1445
    7.5000    0.0000   15.000015246.6045   33.0900
   -7.5000    7.5000   15.000015499.0059   34.8206
    0.0000    7.5000   15.000016355.7119   34.8144
    7.5000    7.5000   15.000015800.2598   34.7805
   -7.5000   15.0000   15.000015921.7070   36.6259
    0.0000   15.0000   15.000016844.7715   36.6592
    7.5000   15.0000   15.000016270.4316   36.6576
   -7.5000   22.5000   15.000015697.3027   38.1857
    0.0000   22.5000   15.000016736.5566   38.2276
    7.5000   22.5000   15.000016114.3604   38.2267
   -7.5000   30.0000   15.000015265.8848   39.5853
    0.0000   30.0000   15.000016328.7666   39.6370
    7.5000   30.0000   15.000015685.7344   39.6445
   -7.5000   37.5000   15.000015217.8438   41.1149
    0.0000   37.5000   15.000016234.1123   41.1556
    7.5000   37.5000   15.000015591.1963   41.1687
   -7.5000   45.0000   15.000014457.7314   42.2675
    0.0000   45.0000   15.000015398.0654   42.3187
    7.5000   45.0000   15.000014788.9639   42.3462
   -7.5000  -45.0000   22.5000 8940.3496   27.8536
    0.0000  -45.0000   22.5000 9418.2383   27.8295
    7.5000  -45.0000   22.5000 9078.6582   27.7851
   -7.5000  -37.5000   22.5000 9680.1475   28.8505
    0.0000  -37.5000   22.500010203.6719   28.8582
    7.5000  -37.5000   22.5000 9820.3838   28.8286
   -7.5000  -30.0000   22.500010403.2842   29.5658
    0.0000  -30.0000   22.500010955.5020   29.5771
    7.5000  -30.0000   22.500010561.5010   29.5455
   -7.5000  -22.5000   22.500011171.5732   30.3163
    0.0000  -22.5000   22.500011755.0020   30.3218
    7.5000  -22.5000   22.500011355.8066   30.2830
   -7.5000  -15.0000   22.500011958.8242   31.1365
    0.0000  -15.0000   22.500012586.6016   31.1250
    7.5000  -15.0000   22.500012163.0176   31.0767
   -7.5000   -7.5000   22.500012810.2002   32.0139
    0.0000   -7.5000   22.500013477.7051   31.9839
    7.5000   -7.5000   22.500013017.4736   31.9288
   -7.5000    0.0000   22.500013858.1113   33.1840
    0.0000    0.0000   22.500014595.4160   33.1498
    7.5000    0.0000   22.500014081.6797   33.0972
   -7.5000    7.5000   22.500014298.9141   34.8155
    0.0000    7.5000   22.500015107.8760   34.8220
    7.5000    7.5000   22.500014566.2256   34.7862
   -7.5000   15.0000   22.500014750.1875   36.6488
    0.0000   15.0000   22.500015605.4443   36.6982
    7.5000   15.0000   22.500015042.3340   36.6952
   -7.5000   22.5000   22.500014569.5654   38.1907
    0.0000   22.5000   22.500015470.1445   38.2522
    7.5000   22.5000   22.500014889.5039   38.2528
   -7.5000   30.0000   22.500014195.7881   39.5787
    0.0000   30.0000   22.500015105.8711   39.6497
    7.5000   30.0000   22.500014529.0137   39.6619
   -7.5000   37.5000   22.500014220.2373   41.1137
    0.0000   37.5000   22.500015099.6807   41.1700
    7.5000   37.5000   22.500014519.8779   41.1888
   -7.5000   45.0000   22.500013581.5938   42.2726
    0.0000   45.0000   22.500014373.5889   42.3369
    7.5000   45.0000   22.500013817.0254   42.3696
   -7.5000  -45.0000   30.0000 8059.0449   28.1209
    0.0000  -45.0000   30.0000 8490.4131   28.0986
    7.5000  -45.0000   30.0000 8177.4976   28.0423
   -7.5000  -37.5000   30.0000 8779.6680   29.0253
    0.0000  -37.5000   30.0000 9234.1270   29.0270
    7.5000  -37.5000   30.0000 8893.8701   28.9843
   -7.5000  -30.0000   30.0000 9446.8740   29.7549
    0.0000  -30.0000   30.0000 9922.9551   29.7587
    7.5000  -30.0000   30.0000 9546.8643   29.7140
   -7.5000  -22.5000   30.000010142.3516   30.5388
    0.0000  -22.5000   30.000010662.0869   30.5391
    7.5000  -22.5000   30.000010269.9307   30.4881
   -7.5000  -15.0000   30.000010859.1777   31.4016
    0.0000  -15.0000   30.000011423.9268   31.3891
    7.5000  -15.0000   30.000011017.1094   31.3289
   -7.5000   -7.5000   30.000011637.6494   32.3123
    0.0000   -7.5000   30.000012249.8535   32.2855
    7.5000   -7.5000   30.000011820.5137   32.2188
   -7.5000    0.0000   30.000012612.2949   33.4906
    0.0000    0.0000   30.000013291.1162   33.4588
    7.5000    0.0000   30.000012806.0205   33.3931
   -7.5000    7.5000   30.000013027.1133   35.0248
    0.0000    7.5000   30.000013758.7129   35.0245
    7.5000    7.5000   30.000013249.7812   34.9740
   -7.5000   15.0000   30.000013451.6025   36.7954
    0.0000   15.0000   30.000014233.2578   36.8295
    7.5000   15.0000   30.000013708.5801   36.8098
   -7.5000   22.5000   30.000013329.0107   38.3532
    0.0000   22.5000   30.000014131.0127   38.3980
    7.5000   22.5000   30.000013596.7578   38.3821
   -7.5000   30.0000   30.000013032.8408   39.7834
    0.0000   30.0000   30.000013818.1318   39.8398
    7.5000   30.0000   30.000013289.4736   39.8338
   -7.5000   37.5000   30.000013127.4434   41.3507
    0.0000   37.5000   30.000013883.1680   41.3997
    7.5000   37.5000   30.000013343.2812   41.4042
   -7.5000   45.0000   30.000012563.8965   42.5149
    0.0000   45.0000   30.000013278.7090   42.5724
    7.5000   45.0000   30.000012758.3340   42.5886
   -7.5000  -45.0000   37.5000 7723.5664   29.0832
    0.0000  -45.0000   37.5000 8126.6895   29.0475
    7.5000  -45.0000   37.5000 7821.2109   28.9765
   -7.5000  -37.5000   37.5000 8347.9951   29.7361
    0.0000  -37.5000   37.5000 8783.1035   29.7236
    7.5000  -37.5000   37.5000 8454.6719   29.6720
   -7.5000  -30.0000   37.5000 9018.4365   30.5221
    0.0000  -30.0000   37.5000 9489.3252   30.5040
    7.5000  -30.0000   37.5000 9121.2705   30.4489
   -7.5000  -22.5000   37.5000 9716.1338   31.4028
    0.0000  -22.5000   37.500010245.3867   31.3795
    7.5000  -22.5000   37.5000 9852.5752   31.3156
   -7.5000  -15.0000   37.500010450.0254   32.3810
    0.0000  -15.0000   37.500011026.3555   32.3485
    7.5000  -15.0000   37.500010619.6006   32.2728
   -7.5000   -7.5000   37.500011223.3457   33.3858
    0.0000   -7.5000   37.500011856.6865   33.3435
    7.5000   -7.5000   37.500011412.3369   33.2598
   -7.5000    0.0000   37.500012141.2705   34.5970
    0.0000    0.0000   37.500012838.3135   34.5502
    7.5000    0.0000   37.500012331.1650   34.4680
   -7.5000    7.5000   37.500012419.6660   35.8658
    0.0000    7.5000   37.500013157.2314   35.8492
    7.5000    7.5000   37.500012635.1377   35.7885
   -7.5000   15.0000   37.500012659.5889   37.3745
    0.0000   15.0000   37.500013436.3760   37.3808
    7.5000   15.0000   37.500012893.6387   37.3509
   -7.5000   22.5000   37.500012579.0947   38.9392
    0.0000   22.5000   37.500013334.7383   38.9498
    7.5000   22.5000   37.500012799.6094   38.9196
   -7.5000   30.0000   37.500012342.7354   40.4509
    0.0000   30.0000   37.500013062.2656   40.4770
    7.5000   30.0000   37.500012542.2246   40.4510
   -7.5000   37.5000   37.500012489.4668   42.0771
    0.0000   37.5000   37.500013186.6885   42.1063
    7.5000   37.5000   37.500012650.5000   42.0952
   -7.5000   45.0000   37.500012001.9355   43.2662
    0.0000   45.0000   37.500012651.8359   43.3060
    7.5000   45.0000   37.500012138.3447   43.3054
   -7.5000  -45.0000   45.0000 7234.8496   30.5465
    0.0000  -45.0000   45.0000 7627.9648   30.5006
    7.5000  -45.0000   45.0000 7341.7378   30.4199
   -7.5000  -37.5000   45.0000 7723.9702   30.9245
    0.0000  -37.5000   45.0000 8146.3682   30.9063
    7.5000  -37.5000   45.0000 7840.4268   30.8547
   -7.5000  -30.0000   45.0000 8410.0859   31.8039
    0.0000  -30.0000   45.0000 8870.9854   31.7740
    7.5000  -30.0000   45.0000 8523.1650   31.7170
   -7.5000  -22.5000   45.0000 9138.4814   32.7914
    0.0000  -22.5000   45.0000 9669.1357   32.7542
    7.5000  -22.5000   45.0000 9282.5986   32.6850
   -7.5000  -15.0000   45.0000 9890.7178   33.8770
    0.0000  -15.0000   45.000010471.8506   33.8315
    7.5000  -15.0000   45.000010063.0625   33.7473
   -7.5000   -7.5000   45.000010655.8389   34.9820
    0.0000   -7.5000   45.000011273.3770   34.9270
    7.5000   -7.5000   45.000010824.6973   34.8315
   -7.5000    0.0000   45.000011477.2598   36.2632
    0.0000    0.0000   45.000012142.0537   36.2045
    7.5000    0.0000   45.000011658.0645   36.1116
   -7.5000    7.5000   45.000011581.6523   37.2661
    0.0000    7.5000   45.000012271.9512   37.2426
    7.5000    7.5000   45.000011776.4043   37.1812
   -7.5000   15.0000   45.000011560.8643   38.4390
    0.0000   15.0000   45.000012251.3193   38.4384
    7.5000   15.0000   45.000011757.4141   38.4130
   -7.5000   22.5000   45.000011434.1807   39.8781
    0.0000   22.5000   45.000012081.4326   39.8783
    7.5000   22.5000   45.000011597.2041   39.8496
   -7.5000   30.0000   45.000011216.2588   41.3549
    0.0000   30.0000   45.000011834.6006   41.3724
    7.5000   30.0000   45.000011361.3691   41.3432
   -7.5000   37.5000   45.000011350.9307   42.9650
    0.0000   37.5000   45.000011973.4971   42.9910
    7.5000   37.5000   45.000011479.8623   42.9735
   -7.5000   45.0000   45.000010930.3174   44.1781
    0.0000   45.0000   45.000011498.2568   44.2178
    7.5000   45.0000   45.000011021.9443   44.2116

---------------------------------------------------------------------
imgreg_4dfp /opt/freesurfer/average/3T18yoSchwartzReactN32_as_orig /opt/freesurfer/average/711-2B_as_mni_average_305_mask talsrcimg_g11 none talsrcimg_to_3T18yoSchwartzReactN32_as_orig_t4 4355
---------------------------------------------------------------------

freesurfer imgreg_4dfp.c
/opt/freesurfer/average/3T18yoSchwartzReactN32_as_orig.4dfp.img
       256       256       256         1
  1.000000  1.000000  1.000000
orientation T byte_order littleendian
Reading image: /opt/freesurfer/average/3T18yoSchwartzReactN32_as_orig.4dfp.img
dimensions:      256       256       256
mmppix:       1.0000   -1.0000   -1.0000
center:     128.0000 -129.0000 -129.0000
/opt/freesurfer/average/711-2B_as_mni_average_305_mask.4dfp.img
       256       256       256         1
  1.000000  1.000000  1.000000
orientation T byte_order littleendian
Reading mask: /opt/freesurfer/average/711-2B_as_mni_average_305_mask.4dfp.img (2306576 pixels)
talsrcimg_g11.4dfp.img
       320       320       320         1
  0.800000  0.800000  0.800000
orientation T byte_order littleendian
Reading image: talsrcimg_g11.4dfp.img
dimensions:      320       320       320
mmppix:       0.8000   -0.8000   -0.8000
center:     128.0000 -128.8000 -128.8000
rotation matrix determinant  1.000000
image alignment mode   4355 decimal     1103 hex
   -7.5000  -30.0000  -45.0000 2144.3979   43.6172
    0.0000  -30.0000  -45.0000 2172.8542   42.8058
    7.5000  -30.0000  -45.0000 2172.1255   42.8127
   -7.5000  -22.5000  -45.0000 2195.3037   43.2519
    0.0000  -22.5000  -45.0000 2226.9189   42.4994
    7.5000  -22.5000  -45.0000 2223.1777   42.4923
   -7.5000  -15.0000  -45.0000 2243.9236   42.6765
    0.0000  -15.0000  -45.0000 2273.8726   41.9692
    7.5000  -15.0000  -45.0000 2271.6389   42.0827
   -7.5000   -7.5000  -45.0000 2276.0613   41.8611
    0.0000   -7.5000  -45.0000 2306.9595   41.3377
    7.5000   -7.5000  -45.0000 2304.3772   41.4580
   -7.5000    0.0000  -45.0000 2299.6033   41.0790
    0.0000    0.0000  -45.0000 2329.0330   40.5944
    7.5000    0.0000  -45.0000 2325.0981   40.7395
   -7.5000    7.5000  -45.0000 2315.1091   40.5605
    0.0000    7.5000  -45.0000 2339.0601   39.9816
    7.5000    7.5000  -45.0000 2336.7358   40.1546
   -7.5000   15.0000  -45.0000 2324.4346   40.3724
    0.0000   15.0000  -45.0000 2344.5564   39.6567
    7.5000   15.0000  -45.0000 2337.6055   39.8353
   -7.5000   22.5000  -45.0000 2317.6531   40.6101
    0.0000   22.5000  -45.0000 2343.6770   39.8467
    7.5000   22.5000  -45.0000 2334.6633   40.0414
   -7.5000   30.0000  -45.0000 2289.2756   41.1266
    0.0000   30.0000  -45.0000 2314.6724   40.3381
    7.5000   30.0000  -45.0000 2308.7825   40.5425
   -7.5000   37.5000  -45.0000 2260.9055   42.4715
    0.0000   37.5000  -45.0000 2283.0056   41.6286
    7.5000   37.5000  -45.0000 2278.4534   41.8421
   -7.5000   45.0000  -45.0000 2219.3245   44.5560
    0.0000   45.0000  -45.0000 2239.2642   43.7089
    7.5000   45.0000  -45.0000 2230.6367   43.9421
   -7.5000   52.5000  -45.0000 2134.7627   47.3537
    0.0000   52.5000  -45.0000 2151.1265   46.3952
    7.5000   52.5000  -45.0000 2141.4739   46.7995
   -7.5000   60.0000  -45.0000 1995.8402   50.6262
    0.0000   60.0000  -45.0000 2017.8136   49.6037
    7.5000   60.0000  -45.0000 2005.5741   49.9837
   -7.5000  -30.0000  -37.5000 2228.7644   40.5045
    0.0000  -30.0000  -37.5000 2263.2380   39.8996
    7.5000  -30.0000  -37.5000 2263.4170   39.9161
   -7.5000  -22.5000  -37.5000 2290.8203   40.1305
    0.0000  -22.5000  -37.5000 2320.8230   39.5449
    7.5000  -22.5000  -37.5000 2320.8005   39.5957
   -7.5000  -15.0000  -37.5000 2337.3882   39.4425
    0.0000  -15.0000  -37.5000 2364.6921   38.8528
    7.5000  -15.0000  -37.5000 2363.8398   38.9137
   -7.5000   -7.5000  -37.5000 2373.1458   38.6125
    0.0000   -7.5000  -37.5000 2400.2239   38.0179
    7.5000   -7.5000  -37.5000 2398.1904   38.1404
   -7.5000    0.0000  -37.5000 2397.8201   37.8622
    0.0000    0.0000  -37.5000 2427.1111   37.4303
    7.5000    0.0000  -37.5000 2424.9172   37.5484
   -7.5000    7.5000  -37.5000 2417.5625   37.4524
    0.0000    7.5000  -37.5000 2446.7534   37.0476
    7.5000    7.5000  -37.5000 2439.3772   37.1109
   -7.5000   15.0000  -37.5000 2426.6558   37.2477
    0.0000   15.0000  -37.5000 2450.8977   36.7675
    7.5000   15.0000  -37.5000 2440.7244   36.8529
   -7.5000   22.5000  -37.5000 2426.3389   37.4612
    0.0000   22.5000  -37.5000 2457.0251   36.9382
    7.5000   22.5000  -37.5000 2448.5408   37.0756
   -7.5000   30.0000  -37.5000 2405.6785   37.9294
    0.0000   30.0000  -37.5000 2438.5339   37.3620
    7.5000   30.0000  -37.5000 2430.1899   37.5402
   -7.5000   37.5000  -37.5000 2381.2632   39.1755
    0.0000   37.5000  -37.5000 2414.1311   38.5527
    7.5000   37.5000  -37.5000 2402.0088   38.7672
   -7.5000   45.0000  -37.5000 2333.5784   41.2064
    0.0000   45.0000  -37.5000 2363.7820   40.5309
    7.5000   45.0000  -37.5000 2354.0312   40.7877
   -7.5000   52.5000  -37.5000 2243.0076   43.9286
    0.0000   52.5000  -37.5000 2268.1252   43.1164
    7.5000   52.5000  -37.5000 2258.0725   43.5114
   -7.5000   60.0000  -37.5000 2103.0728   46.9533
    0.0000   60.0000  -37.5000 2130.1111   46.1806
    7.5000   60.0000  -37.5000 2111.1519   46.4640
   -7.5000  -30.0000  -30.0000 2370.5071   39.2951
    0.0000  -30.0000  -30.0000 2404.6101   38.6561
    7.5000  -30.0000  -30.0000 2400.1133   38.6958
   -7.5000  -22.5000  -30.0000 2426.9592   38.6213
    0.0000  -22.5000  -30.0000 2461.5254   38.0881
    7.5000  -22.5000  -30.0000 2457.3457   38.1303
   -7.5000  -15.0000  -30.0000 2472.7371   37.7960
    0.0000  -15.0000  -30.0000 2508.2734   37.3698
    7.5000  -15.0000  -30.0000 2504.2964   37.4241
   -7.5000   -7.5000  -30.0000 2515.6663   36.9907
    0.0000   -7.5000  -30.0000 2545.5894   36.5343
    7.5000   -7.5000  -30.0000 2539.2715   36.6332
   -7.5000    0.0000  -30.0000 2541.6733   36.1949
    0.0000    0.0000  -30.0000 2571.3572   35.7779
    7.5000    0.0000  -30.0000 2563.3027   35.9245
   -7.5000    7.5000  -30.0000 2564.9893   35.6939
    0.0000    7.5000  -30.0000 2597.0916   35.3682
    7.5000    7.5000  -30.0000 2587.5347   35.4821
   -7.5000   15.0000  -30.0000 2581.7468   35.4749
    0.0000   15.0000  -30.0000 2612.3738   35.1603
    7.5000   15.0000  -30.0000 2598.6384   35.2790
   -7.5000   22.5000  -30.0000 2589.0991   35.6116
    0.0000   22.5000  -30.0000 2624.1230   35.2646
    7.5000   22.5000  -30.0000 2605.4175   35.4347
   -7.5000   30.0000  -30.0000 2572.3569   36.1105
    0.0000   30.0000  -30.0000 2608.9854   35.7170
    7.5000   30.0000  -30.0000 2593.5393   35.9499
   -7.5000   37.5000  -30.0000 2544.7878   37.4259
    0.0000   37.5000  -30.0000 2580.1968   36.9594
    7.5000   37.5000  -30.0000 2564.3484   37.2010
   -7.5000   45.0000  -30.0000 2497.4521   39.4950
    0.0000   45.0000  -30.0000 2528.9897   38.9573
    7.5000   45.0000  -30.0000 2511.9939   39.2431
   -7.5000   52.5000  -30.0000 2400.7737   42.2240
    0.0000   52.5000  -30.0000 2434.3264   41.5822
    7.5000   52.5000  -30.0000 2417.0083   41.9774
   -7.5000   60.0000  -30.0000 2255.5518   45.2686
    0.0000   60.0000  -30.0000 2282.6233   44.6321
    7.5000   60.0000  -30.0000 2265.9861   44.9692
   -7.5000  -30.0000  -22.5000 2474.4529   37.9869
    0.0000  -30.0000  -22.5000 2502.2571   37.2656
    7.5000  -30.0000  -22.5000 2496.9685   37.3756
   -7.5000  -22.5000  -22.5000 2529.6926   37.2084
    0.0000  -22.5000  -22.5000 2562.2046   36.5457
    7.5000  -22.5000  -22.5000 2558.5051   36.6873
   -7.5000  -15.0000  -22.5000 2574.0278   36.2138
    0.0000  -15.0000  -22.5000 2611.3091   35.6811
    7.5000  -15.0000  -22.5000 2605.3657   35.8029
   -7.5000   -7.5000  -22.5000 2611.9578   35.2644
    0.0000   -7.5000  -22.5000 2645.0447   34.8148
    7.5000   -7.5000  -22.5000 2635.5122   34.9797
   -7.5000    0.0000  -22.5000 2644.6714   34.4666
    0.0000    0.0000  -22.5000 2673.5562   34.0057
    7.5000    0.0000  -22.5000 2662.2139   34.1671
   -7.5000    7.5000  -22.5000 2677.1873   33.8574
    0.0000    7.5000  -22.5000 2712.6760   33.4464
    7.5000    7.5000  -22.5000 2693.5957   33.5863
   -7.5000   15.0000  -22.5000 2702.5503   33.5490
    0.0000   15.0000  -22.5000 2740.6230   33.2360
    7.5000   15.0000  -22.5000 2720.8530   33.3259
   -7.5000   22.5000  -22.5000 2712.0474   33.6150
    0.0000   22.5000  -22.5000 2747.7026   33.2961
    7.5000   22.5000  -22.5000 2729.8455   33.4952
   -7.5000   30.0000  -22.5000 2706.5688   34.2724
    0.0000   30.0000  -22.5000 2745.1987   33.9489
    7.5000   30.0000  -22.5000 2723.9731   34.1678
   -7.5000   37.5000  -22.5000 2683.6543   35.6530
    0.0000   37.5000  -22.5000 2720.3792   35.2868
    7.5000   37.5000  -22.5000 2695.2524   35.4768
   -7.5000   45.0000  -22.5000 2627.3557   37.6685
    0.0000   45.0000  -22.5000 2661.2502   37.1950
    7.5000   45.0000  -22.5000 2638.9097   37.4573
   -7.5000   52.5000  -22.5000 2518.8706   40.3012
    0.0000   52.5000  -22.5000 2552.8828   39.8173
    7.5000   52.5000  -22.5000 2534.9937   40.0815
   -7.5000   60.0000  -22.5000 2367.8665   43.4217
    0.0000   60.0000  -22.5000 2396.2405   42.8755
    7.5000   60.0000  -22.5000 2378.5742   43.1830
   -7.5000  -30.0000  -15.0000 2535.2229   36.9033
    0.0000  -30.0000  -15.0000 2564.3694   36.0378
    7.5000  -30.0000  -15.0000 2560.3669   36.1692
   -7.5000  -22.5000  -15.0000 2586.4915   35.9838
    0.0000  -22.5000  -15.0000 2620.8413   35.2276
    7.5000  -22.5000  -15.0000 2617.0603   35.3559
   -7.5000  -15.0000  -15.0000 2627.0178   34.9384
    0.0000  -15.0000  -15.0000 2668.5608   34.2914
    7.5000  -15.0000  -15.0000 2666.1301   34.4078
   -7.5000   -7.5000  -15.0000 2667.4492   33.8968
    0.0000   -7.5000  -15.0000 2707.1467   33.3167
    7.5000   -7.5000  -15.0000 2701.2363   33.4560
   -7.5000    0.0000  -15.0000 2704.5383   32.9493
    0.0000    0.0000  -15.0000 2742.1536   32.3954
    7.5000    0.0000  -15.0000 2728.0593   32.5369
   -7.5000    7.5000  -15.0000 2748.4749   32.2867
    0.0000    7.5000  -15.0000 2787.1873   31.7013
    7.5000    7.5000  -15.0000 2763.2136   31.8611
   -7.5000   15.0000  -15.0000 2781.9255   31.8897
    0.0000   15.0000  -15.0000 2826.0867   31.3268
    7.5000   15.0000  -15.0000 2799.6931   31.4722
   -7.5000   22.5000  -15.0000 2795.2087   31.8837
    0.0000   22.5000  -15.0000 2844.0469   31.4627
    7.5000   22.5000  -15.0000 2818.8845   31.6390
   -7.5000   30.0000  -15.0000 2800.0916   32.6253
    0.0000   30.0000  -15.0000 2847.5254   32.2851
    7.5000   30.0000  -15.0000 2822.2122   32.4368
   -7.5000   37.5000  -15.0000 2774.0020   34.0030
    0.0000   37.5000  -15.0000 2815.9944   33.6586
    7.5000   37.5000  -15.0000 2790.1130   33.8034
   -7.5000   45.0000  -15.0000 2713.8855   36.0435
    0.0000   45.0000  -15.0000 2754.3787   35.6386
    7.5000   45.0000  -15.0000 2732.0146   35.7879
   -7.5000   52.5000  -15.0000 2602.5708   38.7527
    0.0000   52.5000  -15.0000 2640.8892   38.3057
    7.5000   52.5000  -15.0000 2619.9619   38.4316
   -7.5000   60.0000  -15.0000 2443.7991   41.8799
    0.0000   60.0000  -15.0000 2475.8025   41.4144
    7.5000   60.0000  -15.0000 2459.1934   41.6237
   -7.5000  -30.0000   -7.5000 2549.8562   36.3554
    0.0000  -30.0000   -7.5000 2583.3628   35.2911
    7.5000  -30.0000   -7.5000 2584.4958   35.4108
   -7.5000  -22.5000   -7.5000 2598.3503   35.3509
    0.0000  -22.5000   -7.5000 2635.8726   34.3080
    7.5000  -22.5000   -7.5000 2637.0078   34.4661
   -7.5000  -15.0000   -7.5000 2640.6074   34.1438
    0.0000  -15.0000   -7.5000 2677.2532   33.1668
    7.5000  -15.0000   -7.5000 2676.1946   33.3128
   -7.5000   -7.5000   -7.5000 2690.8960   32.9567
    0.0000   -7.5000   -7.5000 2725.1982   32.0271
    7.5000   -7.5000   -7.5000 2721.8215   32.2130
   -7.5000    0.0000   -7.5000 2743.3997   32.0304
    0.0000    0.0000   -7.5000 2775.4421   31.1567
    7.5000    0.0000   -7.5000 2770.5112   31.3703
   -7.5000    7.5000   -7.5000 2790.4055   31.3303
    0.0000    7.5000   -7.5000 2822.7007   30.4396
    7.5000    7.5000   -7.5000 2810.8337   30.6598
   -7.5000   15.0000   -7.5000 2825.7944   30.8542
    0.0000   15.0000   -7.5000 2865.2490   29.8652
    7.5000   15.0000   -7.5000 2842.6055   30.0749
   -7.5000   22.5000   -7.5000 2838.8574   30.7093
    0.0000   22.5000   -7.5000 2900.3914   30.0225
    7.5000   22.5000   -7.5000 2870.2925   30.1529
   -7.5000   30.0000   -7.5000 2844.4211   31.3888
    0.0000   30.0000   -7.5000 2904.3813   30.8887
    7.5000   30.0000   -7.5000 2875.1343   30.9276
   -7.5000   37.5000   -7.5000 2811.6506   32.7903
    0.0000   37.5000   -7.5000 2861.8772   32.2546
    7.5000   37.5000   -7.5000 2840.0623   32.3537
   -7.5000   45.0000   -7.5000 2756.4084   34.9645
    0.0000   45.0000   -7.5000 2799.0752   34.3775
    7.5000   45.0000   -7.5000 2778.0540   34.4845
   -7.5000   52.5000   -7.5000 2648.8284   37.8291
    0.0000   52.5000   -7.5000 2689.5161   37.1964
    7.5000   52.5000   -7.5000 2666.5144   37.3408
   -7.5000   60.0000   -7.5000 2483.6113   40.8968
    0.0000   60.0000   -7.5000 2518.0266   40.2272
    7.5000   60.0000   -7.5000 2499.5039   40.4351
   -7.5000  -30.0000    0.0000 2546.9922   36.4558
    0.0000  -30.0000    0.0000 2575.3052   35.0775
    7.5000  -30.0000    0.0000 2582.2585   35.2538
   -7.5000  -22.5000    0.0000 2587.8994   35.2639
    0.0000  -22.5000    0.0000 2616.0320   33.9209
    7.5000  -22.5000    0.0000 2622.6328   34.0866
   -7.5000  -15.0000    0.0000 2630.2783   33.9004
    0.0000  -15.0000    0.0000 2656.1995   32.5997
    7.5000  -15.0000    0.0000 2663.6633   32.7852
   -7.5000   -7.5000    0.0000 2685.7090   32.5838
    0.0000   -7.5000    0.0000 2706.8350   31.3472
    7.5000   -7.5000    0.0000 2712.9829   31.5985
   -7.5000    0.0000    0.0000 2748.6836   31.6001
    0.0000    0.0000    0.0000 2773.2432   30.4351
    7.5000    0.0000    0.0000 2774.4077   30.6569
   -7.5000    7.5000    0.0000 2820.2065   31.0791
    0.0000    7.5000    0.0000 2850.6450   30.0466
    7.5000    7.5000    0.0000 2844.1909   30.2306
   -7.5000   15.0000    0.0000 2861.7595   30.6698
    0.0000   15.0000    0.0000 2887.6782   29.4355
    7.5000   15.0000    0.0000 2874.0369   29.6952
   -7.5000   22.5000    0.0000 2853.0583   30.2253
    0.0000   22.5000    0.0000 2892.9375   29.0703
    7.5000   22.5000    0.0000 2871.1646   29.2890
   -7.5000   30.0000    0.0000 2856.3855   30.8629
    0.0000   30.0000    0.0000 2909.3904   29.9373
    7.5000   30.0000    0.0000 2886.7427   30.1260
   -7.5000   37.5000    0.0000 2834.8176   32.3178
    0.0000   37.5000    0.0000 2884.0500   31.4998
    7.5000   37.5000    0.0000 2864.4949   31.6804
   -7.5000   45.0000    0.0000 2779.8765   34.5518
    0.0000   45.0000    0.0000 2824.9399   33.8250
    7.5000   45.0000    0.0000 2805.5950   33.9851
   -7.5000   52.5000    0.0000 2669.0266   37.3275
    0.0000   52.5000    0.0000 2708.9983   36.6338
    7.5000   52.5000    0.0000 2688.0181   36.8089
   -7.5000   60.0000    0.0000 2495.0901   40.3156
    0.0000   60.0000    0.0000 2532.3936   39.6301
    7.5000   60.0000    0.0000 2515.8948   39.8184
   -7.5000  -30.0000    7.5000 2519.0940   36.9952
    0.0000  -30.0000    7.5000 2544.8245   35.4141
    7.5000  -30.0000    7.5000 2545.9199   35.4996
   -7.5000  -22.5000    7.5000 2564.4431   35.7201
    0.0000  -22.5000    7.5000 2587.3704   34.1917
    7.5000  -22.5000    7.5000 2591.9141   34.3382
   -7.5000  -15.0000    7.5000 2613.5486   34.3337
    0.0000  -15.0000    7.5000 2633.1118   32.8629
    7.5000  -15.0000    7.5000 2634.9111   33.0084
   -7.5000   -7.5000    7.5000 2669.1355   32.9256
    0.0000   -7.5000    7.5000 2682.0122   31.4796
    7.5000   -7.5000    7.5000 2682.2346   31.6753
   -7.5000    0.0000    7.5000 2732.6602   31.8293
    0.0000    0.0000    7.5000 2739.1213   30.4183
    7.5000    0.0000    7.5000 2737.4187   30.6628
   -7.5000    7.5000    7.5000 2809.1624   31.2499
    0.0000    7.5000    7.5000 2827.0869   30.1230
    7.5000    7.5000    7.5000 2819.8896   30.2954
   -7.5000   15.0000    7.5000 2871.5688   31.0062
    0.0000   15.0000    7.5000 2888.6853   29.7837
    7.5000   15.0000    7.5000 2885.8750   30.0980
   -7.5000   22.5000    7.5000 2872.9888   30.7617
    0.0000   22.5000    7.5000 2894.9124   29.3870
    7.5000   22.5000    7.5000 2885.2505   29.7702
   -7.5000   30.0000    7.5000 2858.7703   31.1785
    0.0000   30.0000    7.5000 2893.8960   30.1428
    7.5000   30.0000    7.5000 2880.5376   30.4004
   -7.5000   37.5000    7.5000 2824.9470   32.4210
    0.0000   37.5000    7.5000 2863.2656   31.5490
    7.5000   37.5000    7.5000 2850.7332   31.7336
   -7.5000   45.0000    7.5000 2764.0122   34.5321
    0.0000   45.0000    7.5000 2802.9353   33.7134
    7.5000   45.0000    7.5000 2790.0789   33.8692
   -7.5000   52.5000    7.5000 2655.4727   37.2642
    0.0000   52.5000    7.5000 2689.6338   36.5042
    7.5000   52.5000    7.5000 2674.9763   36.6961
   -7.5000   60.0000    7.5000 2491.4841   40.2966
    0.0000   60.0000    7.5000 2525.5081   39.5746
    7.5000   60.0000    7.5000 2511.0742   39.8353
   -7.5000  -30.0000   15.0000 2477.2214   38.1913
    0.0000  -30.0000   15.0000 2497.4163   36.6042
    7.5000  -30.0000   15.0000 2495.2659   36.6322
   -7.5000  -22.5000   15.0000 2524.5417   36.6780
    0.0000  -22.5000   15.0000 2539.5330   35.1799
    7.5000  -22.5000   15.0000 2537.2866   35.2280
   -7.5000  -15.0000   15.0000 2577.1460   35.1303
    0.0000  -15.0000   15.0000 2583.9238   33.6935
    7.5000  -15.0000   15.0000 2587.8291   33.8592
   -7.5000   -7.5000   15.0000 2646.9287   33.8462
    0.0000   -7.5000   15.0000 2649.6323   32.4165
    7.5000   -7.5000   15.0000 2649.1460   32.6578
   -7.5000    0.0000   15.0000 2719.6155   32.8513
    0.0000    0.0000   15.0000 2726.4993   31.5476
    7.5000    0.0000   15.0000 2718.4558   31.8345
   -7.5000    7.5000   15.0000 2788.7319   32.1437
    0.0000    7.5000   15.0000 2806.4500   31.1467
    7.5000    7.5000   15.0000 2799.4683   31.4528
   -7.5000   15.0000   15.0000 2847.1472   31.8601
    0.0000   15.0000   15.0000 2866.8818   30.6966
    7.5000   15.0000   15.0000 2864.2568   31.2012
   -7.5000   22.5000   15.0000 2858.1707   31.8321
    0.0000   22.5000   15.0000 2905.2141   30.9691
    7.5000   22.5000   15.0000 2882.2947   31.1462
   -7.5000   30.0000   15.0000 2844.5613   32.3135
    0.0000   30.0000   15.0000 2897.4595   31.6950
    7.5000   30.0000   15.0000 2873.0906   31.8020
   -7.5000   37.5000   15.0000 2806.5112   33.5098
    0.0000   37.5000   15.0000 2848.6606   32.8455
    7.5000   37.5000   15.0000 2829.2449   32.9641
   -7.5000   45.0000   15.0000 2744.9702   35.4387
    0.0000   45.0000   15.0000 2776.0542   34.7175
    7.5000   45.0000   15.0000 2762.9026   34.8524
   -7.5000   52.5000   15.0000 2634.6799   38.0119
    0.0000   52.5000   15.0000 2666.8428   37.2485
    7.5000   52.5000   15.0000 2654.8999   37.4352
   -7.5000   60.0000   15.0000 2472.3899   40.8747
    0.0000   60.0000   15.0000 2502.0581   40.1153
    7.5000   60.0000   15.0000 2492.5386   40.4098
   -7.5000  -30.0000   22.5000 2412.1663   39.8994
    0.0000  -30.0000   22.5000 2428.1902   38.3922
    7.5000  -30.0000   22.5000 2425.8940   38.4457
   -7.5000  -22.5000   22.5000 2468.0120   38.1794
    0.0000  -22.5000   22.5000 2479.2136   36.7643
    7.5000  -22.5000   22.5000 2480.5876   36.9410
   -7.5000  -15.0000   22.5000 2532.8406   36.6498
    0.0000  -15.0000   22.5000 2543.2466   35.3160
    7.5000  -15.0000   22.5000 2543.3203   35.6159
   -7.5000   -7.5000   22.5000 2613.6873   35.4135
    0.0000   -7.5000   22.5000 2624.6370   34.1466
    7.5000   -7.5000   22.5000 2616.5930   34.4466
   -7.5000    0.0000   22.5000 2691.9312   34.4198
    0.0000    0.0000   22.5000 2709.8855   33.3454
    7.5000    0.0000   22.5000 2694.3206   33.6088
   -7.5000    7.5000   22.5000 2758.6113   33.8319
    0.0000    7.5000   22.5000 2781.3862   32.7295
    7.5000    7.5000   22.5000 2768.5564   33.0397
   -7.5000   15.0000   22.5000 2804.6335   33.4035
    0.0000   15.0000   22.5000 2829.4341   32.3467
    7.5000   15.0000   22.5000 2813.3186   32.6305
   -7.5000   22.5000   22.5000 2814.5964   33.4163
    0.0000   22.5000   22.5000 2849.3323   32.6250
    7.5000   22.5000   22.5000 2825.7903   32.7311
   -7.5000   30.0000   22.5000 2798.8657   33.9923
    0.0000   30.0000   22.5000 2838.8188   33.3471
    7.5000   30.0000   22.5000 2816.7217   33.4138
   -7.5000   37.5000   22.5000 2763.9204   35.2038
    0.0000   37.5000   22.5000 2796.9502   34.5094
    7.5000   37.5000   22.5000 2778.0249   34.5694
   -7.5000   45.0000   22.5000 2710.6401   37.0474
    0.0000   45.0000   22.5000 2738.2627   36.4044
    7.5000   45.0000   22.5000 2722.9070   36.4528
   -7.5000   52.5000   22.5000 2602.3855   39.4533
    0.0000   52.5000   22.5000 2632.9517   38.7618
    7.5000   52.5000   22.5000 2620.7705   38.8669
   -7.5000   60.0000   22.5000 2444.3154   42.1122
    0.0000   60.0000   22.5000 2475.2815   41.3857
    7.5000   60.0000   22.5000 2460.7434   41.6245
   -7.5000  -30.0000   30.0000 2347.7336   42.4094
    0.0000  -30.0000   30.0000 2354.4055   40.8674
    7.5000  -30.0000   30.0000 2345.1667   40.8361
   -7.5000  -22.5000   30.0000 2413.1965   40.5566
    0.0000  -22.5000   30.0000 2425.0339   39.1798
    7.5000  -22.5000   30.0000 2417.0222   39.2872
   -7.5000  -15.0000   30.0000 2482.4299   38.8772
    0.0000  -15.0000   30.0000 2500.4094   37.6459
    7.5000  -15.0000   30.0000 2491.9529   37.8876
   -7.5000   -7.5000   30.0000 2565.7429   37.5216
    0.0000   -7.5000   30.0000 2584.1724   36.4025
    7.5000   -7.5000   30.0000 2574.6526   36.6409
   -7.5000    0.0000   30.0000 2649.4219   36.5389
    0.0000    0.0000   30.0000 2668.7983   35.4261
    7.5000    0.0000   30.0000 2654.6096   35.7229
   -7.5000    7.5000   30.0000 2715.6682   35.9619
    0.0000    7.5000   30.0000 2738.2583   34.8397
    7.5000    7.5000   30.0000 2720.6570   35.0847
   -7.5000   15.0000   30.0000 2751.1062   35.5385
    0.0000   15.0000   30.0000 2777.0171   34.6227
    7.5000   15.0000   30.0000 2759.5095   34.8130
   -7.5000   22.5000   30.0000 2763.8767   35.6553
    0.0000   22.5000   30.0000 2794.8660   34.8755
    7.5000   22.5000   30.0000 2773.0059   35.0042
   -7.5000   30.0000   30.0000 2742.9585   36.1719
    0.0000   30.0000   30.0000 2777.0642   35.4857
    7.5000   30.0000   30.0000 2760.5845   35.6163
   -7.5000   37.5000   30.0000 2712.1484   37.3681
    0.0000   37.5000   30.0000 2738.5505   36.6211
    7.5000   37.5000   30.0000 2721.8726   36.7024
   -7.5000   45.0000   30.0000 2657.0471   39.0776
    0.0000   45.0000   30.0000 2688.6128   38.3881
    7.5000   45.0000   30.0000 2671.1526   38.4850
   -7.5000   52.5000   30.0000 2559.0769   41.4304
    0.0000   52.5000   30.0000 2590.4409   40.7493
    7.5000   52.5000   30.0000 2574.2126   40.8618
   -7.5000   60.0000   30.0000 2406.2354   43.9255
    0.0000   60.0000   30.0000 2428.9048   43.2403
    7.5000   60.0000   30.0000 2412.3850   43.3770
   -7.5000  -30.0000   37.5000 2274.0500   45.5391
    0.0000  -30.0000   37.5000 2284.8396   43.9486
    7.5000  -30.0000   37.5000 2270.0142   43.8865
   -7.5000  -22.5000   37.5000 2349.1882   43.3961
    0.0000  -22.5000   37.5000 2369.5017   42.1242
    7.5000  -22.5000   37.5000 2355.4993   42.1652
   -7.5000  -15.0000   37.5000 2430.3374   41.6324
    0.0000  -15.0000   37.5000 2452.8838   40.5375
    7.5000  -15.0000   37.5000 2444.5803   40.6690
   -7.5000   -7.5000   37.5000 2510.5505   40.1729
    0.0000   -7.5000   37.5000 2534.6250   39.1222
    7.5000   -7.5000   37.5000 2525.1128   39.3659
   -7.5000    0.0000   37.5000 2591.0896   39.0887
    0.0000    0.0000   37.5000 2619.5271   38.1374
    7.5000    0.0000   37.5000 2603.2229   38.3379
   -7.5000    7.5000   37.5000 2656.2839   38.5150
    0.0000    7.5000   37.5000 2686.6680   37.6336
    7.5000    7.5000   37.5000 2669.5876   37.7907
   -7.5000   15.0000   37.5000 2691.4070   38.2649
    0.0000   15.0000   37.5000 2723.3887   37.4842
    7.5000   15.0000   37.5000 2702.1057   37.6004
   -7.5000   22.5000   37.5000 2707.0298   38.5057
    0.0000   22.5000   37.5000 2735.0737   37.7006
    7.5000   22.5000   37.5000 2715.0984   37.8076
   -7.5000   30.0000   37.5000 2683.7380   38.8619
    0.0000   30.0000   37.5000 2709.9685   38.0508
    7.5000   30.0000   37.5000 2695.3989   38.2695
   -7.5000   37.5000   37.5000 2654.0742   39.8635
    0.0000   37.5000   37.5000 2678.8689   39.1170
    7.5000   37.5000   37.5000 2665.3586   39.2928
   -7.5000   45.0000   37.5000 2600.5383   41.5399
    0.0000   45.0000   37.5000 2631.0903   40.8251
    7.5000   45.0000   37.5000 2615.8860   40.9682
   -7.5000   52.5000   37.5000 2505.8110   43.7580
    0.0000   52.5000   37.5000 2527.2561   43.0767
    7.5000   52.5000   37.5000 2515.0576   43.2933
   -7.5000   60.0000   37.5000 2351.4446   46.2642
    0.0000   60.0000   37.5000 2372.4458   45.5619
    7.5000   60.0000   37.5000 2357.0542   45.7990
   -7.5000  -30.0000   45.0000 2196.3660   49.2625
    0.0000  -30.0000   45.0000 2212.4883   47.8469
    7.5000  -30.0000   45.0000 2200.1982   47.8320
   -7.5000  -22.5000   45.0000 2281.7832   46.8866
    0.0000  -22.5000   45.0000 2309.8931   45.7523
    7.5000  -22.5000   45.0000 2298.6555   45.8567
   -7.5000  -15.0000   45.0000 2368.4216   44.9005
    0.0000  -15.0000   45.0000 2399.8306   43.8916
    7.5000  -15.0000   45.0000 2390.5928   44.0746
   -7.5000   -7.5000   45.0000 2448.6965   43.2878
    0.0000   -7.5000   45.0000 2480.1956   42.3857
    7.5000   -7.5000   45.0000 2466.9646   42.6024
   -7.5000    0.0000   45.0000 2524.7109   42.2539
    0.0000    0.0000   45.0000 2558.3398   41.3845
    7.5000    0.0000   45.0000 2543.6113   41.6060
   -7.5000    7.5000   45.0000 2585.7681   41.6399
    0.0000    7.5000   45.0000 2622.0266   40.9125
    7.5000    7.5000   45.0000 2602.4089   41.0433
   -7.5000   15.0000   45.0000 2624.8054   41.5205
    0.0000   15.0000   45.0000 2658.3975   40.8283
    7.5000   15.0000   45.0000 2638.0403   40.9112
   -7.5000   22.5000   45.0000 2641.2073   41.7792
    0.0000   22.5000   45.0000 2664.2598   41.0500
    7.5000   22.5000   45.0000 2645.2158   41.1058
   -7.5000   30.0000   45.0000 2620.3167   42.0557
    0.0000   30.0000   45.0000 2643.5339   41.3703
    7.5000   30.0000   45.0000 2628.6851   41.4766
   -7.5000   37.5000   45.0000 2593.1465   42.8933
    0.0000   37.5000   45.0000 2617.8928   42.1842
    7.5000   37.5000   45.0000 2602.0295   42.3297
   -7.5000   45.0000   45.0000 2543.9565   44.4417
    0.0000   45.0000   45.0000 2564.6086   43.7604
    7.5000   45.0000   45.0000 2552.5002   43.9163
   -7.5000   52.5000   45.0000 2445.5571   46.5753
    0.0000   52.5000   45.0000 2467.0508   45.9853
    7.5000   52.5000   45.0000 2453.5386   46.1281
   -7.5000   60.0000   45.0000 2288.6208   49.1974
    0.0000   60.0000   45.0000 2306.9480   48.5594
    7.5000   60.0000   45.0000 2292.8484   48.7992

---------------------------------------------------------------------
imgreg_4dfp /opt/freesurfer/average/3T18yoSchwartzReactN32_as_orig /opt/freesurfer/average/711-2B_as_mni_average_305_mask talsrcimg_g11 none talsrcimg_to_3T18yoSchwartzReactN32_as_orig_t4 1283
---------------------------------------------------------------------

freesurfer imgreg_4dfp.c
/opt/freesurfer/average/3T18yoSchwartzReactN32_as_orig.4dfp.img
       256       256       256         1
  1.000000  1.000000  1.000000
orientation T byte_order littleendian
Reading image: /opt/freesurfer/average/3T18yoSchwartzReactN32_as_orig.4dfp.img
dimensions:      256       256       256
mmppix:       1.0000   -1.0000   -1.0000
center:     128.0000 -129.0000 -129.0000
/opt/freesurfer/average/711-2B_as_mni_average_305_mask.4dfp.img
       256       256       256         1
  1.000000  1.000000  1.000000
orientation T byte_order littleendian
Reading mask: /opt/freesurfer/average/711-2B_as_mni_average_305_mask.4dfp.img (2306576 pixels)
talsrcimg_g11.4dfp.img
       320       320       320         1
  0.800000  0.800000  0.800000
orientation T byte_order littleendian
Reading image: talsrcimg_g11.4dfp.img
dimensions:      320       320       320
mmppix:       0.8000   -0.8000   -0.8000
center:     128.0000 -128.8000 -128.8000
rotation matrix determinant  1.000000
fimgreg.f
image alignment mode   1283 decimal      503 hex
parameters
    0.0000   30.0000    0.0000    0.0000    0.0000    0.0000
eta,q 0.91129 29.83953
niter,ni,del,rscale     5    3   12.0000    1.2000
parameter  3  0.548586 ->  0.500000 qaram    1.1500
parameter  4 -1.014944 ->  0.500000 qaram    1.1500
parameters
    1.5943   27.7575   -3.4500   -3.4500    1.1360    0.6076
eta,q 0.91505 29.86735
  0.1018  0.0887  0.0905  0.0830  0.0921  0.0876
  0.0966  0.0882  0.0882  0.0846  0.0894  0.0860
  0.0922  0.0891  0.0862  0.0867  0.0870  0.0847
  0.0895  0.0884  0.0888  0.0873  0.0853  0.0847
  0.0880  0.0894  0.0935  0.0873  0.0850  0.0856
  0.0902  0.0887  0.0980  0.0879  0.0867  0.0861
  0.0936  0.0919  0.0967  0.0888  0.0887  0.0860
niter,ni,del,rscale     6    3   12.0000    1.2000
parameters
    1.3963   26.3831   -3.4341   -5.2689    1.6345    0.9100
eta,q 0.91900 29.68838
  0.0966  0.0883  0.0924  0.0844  0.0894  0.0858
  0.0915  0.0850  0.0891  0.0817  0.0852  0.0833
  0.0864  0.0816  0.0852  0.0808  0.0818  0.0815
  0.0850  0.0849  0.0820  0.0820  0.0808  0.0810
  0.0872  0.0876  0.0849  0.0842  0.0818  0.0819
  0.0920  0.0892  0.0890  0.0852  0.0839  0.0833
  0.0985  0.0907  0.0924  0.0861  0.0866  0.0844
niter,ni,del,rscale     5    3   12.0000    1.2000
parameters
    1.3508   26.6389   -3.3802   -5.6291    1.7241    0.9616
eta,q 0.91895 29.69245
  0.0966  0.0909  0.0924  0.0862  0.0886  0.0856
  0.0908  0.0886  0.0891  0.0833  0.0843  0.0831
  0.0839  0.0846  0.0839  0.0813  0.0813  0.0814
  0.0810  0.0810  0.0811  0.0811  0.0810  0.0810
  0.0834  0.0848  0.0845  0.0831  0.0823  0.0821
  0.0901  0.0881  0.0890  0.0850  0.0846  0.0837
  0.0979  0.0892  0.0918  0.0859  0.0874  0.0848
niter,ni,del,rscale     4    3   12.0000    1.2000
parameters
    1.3294   26.8326   -3.3205   -5.9321    1.7720    1.0017
eta,q 0.91887 29.68612
  0.0967  0.0907  0.0926  0.0865  0.0887  0.0857
  0.0910  0.0884  0.0893  0.0836  0.0843  0.0833
  0.0840  0.0841  0.0840  0.0815  0.0814  0.0815
  0.0811  0.0811  0.0812  0.0812  0.0811  0.0811
  0.0834  0.0852  0.0847  0.0832  0.0824  0.0822
  0.0900  0.0881  0.0892  0.0852  0.0847  0.0837
  0.0979  0.0891  0.0919  0.0861  0.0876  0.0850
niter,ni,del,rscale     3    3   12.0000    1.2000
parameters
    1.3192   27.0056   -3.2729   -6.1915    1.8066    1.0228
eta,q 0.91875 29.68009
  0.0967  0.0905  0.0928  0.0868  0.0888  0.0857
  0.0910  0.0881  0.0894  0.0837  0.0843  0.0834
  0.0841  0.0837  0.0841  0.0816  0.0815  0.0816
  0.0811  0.0811  0.0813  0.0813  0.0812  0.0812
  0.0834  0.0853  0.0849  0.0832  0.0825  0.0823
  0.0901  0.0879  0.0894  0.0854  0.0849  0.0838
  0.0978  0.0888  0.0920  0.0862  0.0878  0.0852
niter,ni,del,rscale     2    3   12.0000    1.2000
parameters
    1.3083   27.1628   -3.2366   -6.4189    1.8345    1.0503
eta,q 0.91861 29.67374
  0.0968  0.0903  0.0929  0.0870  0.0889  0.0858
  0.0911  0.0879  0.0895  0.0839  0.0844  0.0836
  0.0841  0.0834  0.0842  0.0818  0.0816  0.0818
  0.0812  0.0813  0.0814  0.0815  0.0814  0.0814
  0.0836  0.0854  0.0852  0.0833  0.0827  0.0824
  0.0902  0.0878  0.0896  0.0856  0.0850  0.0839
  0.0978  0.0887  0.0922  0.0864  0.0880  0.0853
niter,ni,del,rscale     1    3   12.0000    1.2000
parameters
    1.3010   27.3094   -3.2078   -6.6326    1.8589    1.0714
eta,q 0.91847 29.66641
  0.0969  0.0902  0.0930  0.0872  0.0890  0.0858
  0.0912  0.0877  0.0897  0.0840  0.0845  0.0837
  0.0842  0.0832  0.0843  0.0819  0.0818  0.0819
  0.0814  0.0814  0.0816  0.0816  0.0815  0.0815
  0.0838  0.0855  0.0854  0.0833  0.0828  0.0824
  0.0903  0.0876  0.0898  0.0857  0.0851  0.0840
  0.0977  0.0885  0.0923  0.0865  0.0881  0.0854
registration optimization eta report
parameter search radius
    6.0000    6.0000    6.9000    6.9000    6.0000    6.0000
100000*second partial in parameter space
       43.       18.       20.       10.       20.       11.
  0.0969  0.0902  0.0930  0.0872  0.0890  0.0858
  0.0912  0.0877  0.0897  0.0840  0.0845  0.0837
  0.0842  0.0832  0.0843  0.0819  0.0818  0.0819
  0.0814  0.0814  0.0816  0.0816  0.0815  0.0815
  0.0838  0.0855  0.0854  0.0833  0.0828  0.0824
  0.0903  0.0876  0.0898  0.0857  0.0851  0.0840
  0.0977  0.0885  0.0923  0.0865  0.0881  0.0854
    1.3010   27.3094   -3.2078   -6.6326    1.8589    1.0714
eta,q 0.91847 29.66641

---------------------------------------------------------------------
imgreg_4dfp /opt/freesurfer/average/3T18yoSchwartzReactN32_as_orig /opt/freesurfer/average/711-2B_as_mni_average_305_mask talsrcimg_g11 none talsrcimg_to_3T18yoSchwartzReactN32_as_orig_t4 3335
---------------------------------------------------------------------

freesurfer imgreg_4dfp.c
/opt/freesurfer/average/3T18yoSchwartzReactN32_as_orig.4dfp.img
       256       256       256         1
  1.000000  1.000000  1.000000
orientation T byte_order littleendian
Reading image: /opt/freesurfer/average/3T18yoSchwartzReactN32_as_orig.4dfp.img
dimensions:      256       256       256
mmppix:       1.0000   -1.0000   -1.0000
center:     128.0000 -129.0000 -129.0000
/opt/freesurfer/average/711-2B_as_mni_average_305_mask.4dfp.img
       256       256       256         1
  1.000000  1.000000  1.000000
orientation T byte_order littleendian
Reading mask: /opt/freesurfer/average/711-2B_as_mni_average_305_mask.4dfp.img (2306576 pixels)
talsrcimg_g11.4dfp.img
       320       320       320         1
  0.800000  0.800000  0.800000
orientation T byte_order littleendian
Reading image: talsrcimg_g11.4dfp.img
dimensions:      320       320       320
mmppix:       0.8000   -0.8000   -0.8000
center:     128.0000 -128.8000 -128.8000
fimgreg.f
image alignment mode   3335 decimal      D07 hex
parameters
    1.3010   27.3094   -3.2078   -0.0701   -0.6796   -0.7215
   -1.4828   -3.4375    1.8689   11.4879    3.2438  -11.5441
eta,q 0.91350 29.19738
niter,ni,del,rscale     5    3    5.0000    1.2000
parameter  2 -2.875344 -> -0.500000 qaram    1.1500
parameter  3  0.808961 ->  0.500000 qaram    1.1500
parameter  5 -1.619123 -> -0.500000 qaram    1.1500
parameters
    1.3387   28.6894   -4.5878    0.4645    3.4604    1.1818
   -2.3136   -3.1318    2.8346   12.0601    2.5824  -13.2332
eta,q 0.91680 30.72120
  0.0885  0.0887  0.0845  0.0882  0.0883  0.0928  0.0845  0.0878  0.0846  0.0845  0.0843  0.0836
  0.0874  0.0882  0.0844  0.0866  0.0880  0.0896  0.0838  0.0854  0.0839  0.0838  0.0836  0.0833
  0.0868  0.0874  0.0846  0.0849  0.0866  0.0856  0.0834  0.0838  0.0835  0.0834  0.0833  0.0832
  0.0865  0.0865  0.0852  0.0844  0.0845  0.0836  0.0833  0.0833  0.0833  0.0833  0.0832  0.0832
  0.0867  0.0856  0.0860  0.0849  0.0839  0.0834  0.0836  0.0835  0.0833  0.0832  0.0834  0.0834
  0.0874  0.0851  0.0870  0.0857  0.0834  0.0846  0.0842  0.0849  0.0836  0.0835  0.0839  0.0837
  0.0884  0.0850  0.0882  0.0874  0.0832  0.0868  0.0853  0.0870  0.0841  0.0842  0.0847  0.0844
niter,ni,del,rscale     7    3    5.0000    1.2000
parameter  3 -0.756420 -> -0.500000 qaram    1.3225
parameters
    1.2086   27.4333   -3.0008    0.1530    6.9056    2.8082
   -2.9607   -3.0694    2.9719   11.6471    2.5233  -12.3822
eta,q 0.91885 31.23023
  0.0847  0.0831  0.0869  0.0850  0.0865  0.0909  0.0825  0.0855  0.0823  0.0825  0.0823  0.0823
  0.0837  0.0830  0.0853  0.0836  0.0855  0.0871  0.0817  0.0831  0.0816  0.0818  0.0816  0.0818
  0.0833  0.0831  0.0840  0.0823  0.0830  0.0832  0.0813  0.0816  0.0813  0.0813  0.0813  0.0814
  0.0832  0.0832  0.0831  0.0822  0.0821  0.0814  0.0812  0.0812  0.0812  0.0812  0.0812  0.0812
  0.0834  0.0833  0.0824  0.0828  0.0815  0.0814  0.0815  0.0815  0.0813  0.0814  0.0813  0.0812
  0.0840  0.0838  0.0821  0.0838  0.0816  0.0827  0.0821  0.0831  0.0816  0.0820  0.0816  0.0814
  0.0850  0.0848  0.0823  0.0855  0.0828  0.0852  0.0831  0.0852  0.0822  0.0829  0.0824  0.0819
niter,ni,del,rscale     7    3    5.0000    1.2000
parameter  3 -0.537097 -> -0.500000 qaram    1.5209
parameters
    1.3572   27.0898   -1.1758   -0.2024    7.8653    4.7961
   -3.2878   -2.9450    3.1158   11.2247    2.7282  -11.7117
eta,q 0.92005 31.49929
  0.0831  0.0823  0.0857  0.0829  0.0853  0.0904  0.0816  0.0843  0.0812  0.0819  0.0811  0.0814
  0.0820  0.0818  0.0838  0.0819  0.0824  0.0867  0.0807  0.0820  0.0805  0.0808  0.0805  0.0807
  0.0814  0.0814  0.0823  0.0807  0.0812  0.0826  0.0802  0.0805  0.0801  0.0801  0.0801  0.0802
  0.0811  0.0812  0.0812  0.0805  0.0805  0.0803  0.0800  0.0800  0.0800  0.0800  0.0800  0.0800
  0.0813  0.0814  0.0806  0.0811  0.0806  0.0801  0.0802  0.0804  0.0801  0.0804  0.0800  0.0800
  0.0818  0.0821  0.0806  0.0820  0.0819  0.0814  0.0809  0.0818  0.0805  0.0811  0.0804  0.0803
  0.0826  0.0833  0.0811  0.0836  0.0832  0.0836  0.0819  0.0839  0.0811  0.0824  0.0810  0.0810
niter,ni,del,rscale     7    3    5.0000    1.2000
parameters
    1.5481   26.9120   -0.1352   -0.7586    7.9343    6.3709
   -3.5545   -2.9525    2.9880   10.6132    2.6669  -10.8478
eta,q 0.92033 31.60982
  0.0820  0.0816  0.0847  0.0816  0.0838  0.0890  0.0815  0.0838  0.0810  0.0816  0.0807  0.0813
  0.0809  0.0808  0.0826  0.0809  0.0810  0.0848  0.0805  0.0816  0.0803  0.0805  0.0801  0.0806
  0.0802  0.0802  0.0810  0.0799  0.0803  0.0812  0.0800  0.0802  0.0799  0.0798  0.0798  0.0800
  0.0800  0.0799  0.0800  0.0797  0.0796  0.0796  0.0797  0.0797  0.0797  0.0797  0.0797  0.0797
  0.0800  0.0802  0.0797  0.0802  0.0802  0.0801  0.0800  0.0802  0.0799  0.0802  0.0798  0.0797
  0.0805  0.0810  0.0801  0.0810  0.0817  0.0812  0.0807  0.0817  0.0803  0.0810  0.0801  0.0801
  0.0814  0.0822  0.0813  0.0826  0.0832  0.0832  0.0818  0.0838  0.0811  0.0823  0.0808  0.0808
niter,ni,del,rscale     6    3    5.0000    1.2000
parameters
    1.5599   26.9022    1.1709   -0.5776    7.6353    7.9861
   -3.6046   -3.0805    2.7084   10.3197    2.4239  -10.9901
eta,q 0.92084 31.83284
  0.0815  0.0816  0.0839  0.0814  0.0832  0.0884  0.0811  0.0833  0.0805  0.0815  0.0804  0.0806
  0.0806  0.0808  0.0819  0.0809  0.0806  0.0842  0.0801  0.0811  0.0797  0.0801  0.0797  0.0798
  0.0799  0.0801  0.0806  0.0799  0.0799  0.0808  0.0794  0.0796  0.0793  0.0793  0.0793  0.0794
  0.0797  0.0797  0.0797  0.0793  0.0793  0.0793  0.0792  0.0792  0.0792  0.0792  0.0792  0.0792
  0.0799  0.0798  0.0793  0.0796  0.0801  0.0793  0.0794  0.0797  0.0793  0.0796  0.0794  0.0793
  0.0805  0.0806  0.0795  0.0802  0.0817  0.0801  0.0801  0.0813  0.0799  0.0805  0.0798  0.0799
  0.0815  0.0818  0.0804  0.0816  0.0833  0.0828  0.0812  0.0835  0.0807  0.0818  0.0805  0.0807
niter,ni,del,rscale     5    3    5.0000    1.2000
parameters
    1.4283   27.0161    2.5202   -0.5416    7.0184    9.5005
   -3.3485   -3.1857    2.6747    9.5814    2.1082  -10.8121
eta,q 0.92179 32.00614
  0.0808  0.0812  0.0834  0.0803  0.0820  0.0880  0.0804  0.0826  0.0797  0.0804  0.0795  0.0798
  0.0799  0.0804  0.0817  0.0799  0.0794  0.0839  0.0793  0.0803  0.0789  0.0790  0.0788  0.0790
  0.0793  0.0797  0.0803  0.0789  0.0788  0.0805  0.0786  0.0787  0.0785  0.0783  0.0784  0.0785
  0.0792  0.0792  0.0791  0.0783  0.0783  0.0784  0.0783  0.0783  0.0783  0.0783  0.0782  0.0782
  0.0794  0.0792  0.0784  0.0786  0.0792  0.0786  0.0784  0.0788  0.0784  0.0788  0.0785  0.0783
  0.0802  0.0799  0.0786  0.0793  0.0809  0.0800  0.0791  0.0805  0.0789  0.0798  0.0790  0.0789
  0.0813  0.0812  0.0800  0.0808  0.0827  0.0825  0.0802  0.0828  0.0798  0.0813  0.0798  0.0797
niter,ni,del,rscale     4    3    5.0000    1.2000
parameters
    1.3120   26.9153    3.2703   -0.8591    6.6215   10.4768
   -3.2120   -3.2455    2.8282    8.7099    1.8470  -10.0596
eta,q 0.92176 32.03246
  0.0800  0.0799  0.0829  0.0798  0.0820  0.0870  0.0804  0.0826  0.0799  0.0802  0.0795  0.0800
  0.0790  0.0792  0.0810  0.0794  0.0791  0.0827  0.0793  0.0804  0.0791  0.0790  0.0788  0.0792
  0.0784  0.0786  0.0793  0.0785  0.0784  0.0793  0.0786  0.0788  0.0786  0.0783  0.0784  0.0786
  0.0782  0.0782  0.0782  0.0780  0.0780  0.0781  0.0783  0.0783  0.0783  0.0783  0.0783  0.0783
  0.0785  0.0783  0.0781  0.0784  0.0786  0.0789  0.0785  0.0789  0.0785  0.0788  0.0784  0.0783
  0.0792  0.0791  0.0789  0.0791  0.0805  0.0803  0.0792  0.0805  0.0789  0.0798  0.0789  0.0787
  0.0804  0.0805  0.0804  0.0807  0.0823  0.0830  0.0803  0.0827  0.0798  0.0813  0.0797  0.0795
niter,ni,del,rscale     3    3    5.0000    1.2000
parameters
    1.2225   26.8029    3.8385   -1.0020    6.3561   11.1327
   -3.1838   -3.2646    2.9774    7.8721    1.6417   -9.5440
eta,q 0.92165 32.06067
  0.0801  0.0798  0.0825  0.0800  0.0823  0.0864  0.0805  0.0827  0.0800  0.0802  0.0796  0.0800
  0.0791  0.0791  0.0803  0.0796  0.0794  0.0819  0.0794  0.0805  0.0792  0.0791  0.0789  0.0792
  0.0785  0.0786  0.0789  0.0788  0.0785  0.0789  0.0787  0.0789  0.0787  0.0784  0.0785  0.0786
  0.0782  0.0782  0.0783  0.0782  0.0782  0.0783  0.0784  0.0784  0.0784  0.0784  0.0784  0.0784
  0.0785  0.0783  0.0783  0.0785  0.0786  0.0790  0.0786  0.0790  0.0785  0.0789  0.0785  0.0784
  0.0793  0.0791  0.0789  0.0792  0.0805  0.0804  0.0793  0.0806  0.0790  0.0798  0.0790  0.0789
  0.0804  0.0804  0.0805  0.0807  0.0824  0.0836  0.0805  0.0827  0.0799  0.0813  0.0798  0.0796
niter,ni,del,rscale     2    3    5.0000    1.2000
parameters
    1.1534   26.7149    4.2562   -1.0953    6.1269   11.5628
   -3.1742   -3.2794    3.0811    7.2792    1.5293   -9.3338
eta,q 0.92160 32.06768
  0.0802  0.0799  0.0820  0.0801  0.0824  0.0859  0.0805  0.0827  0.0800  0.0803  0.0797  0.0799
  0.0793  0.0792  0.0800  0.0797  0.0795  0.0815  0.0794  0.0805  0.0792  0.0791  0.0790  0.0791
  0.0786  0.0787  0.0789  0.0789  0.0785  0.0788  0.0787  0.0789  0.0787  0.0785  0.0785  0.0786
  0.0784  0.0784  0.0784  0.0783  0.0783  0.0783  0.0784  0.0784  0.0784  0.0784  0.0784  0.0784
  0.0786  0.0784  0.0783  0.0785  0.0786  0.0790  0.0786  0.0790  0.0786  0.0788  0.0786  0.0785
  0.0793  0.0791  0.0790  0.0792  0.0806  0.0806  0.0793  0.0806  0.0791  0.0797  0.0790  0.0790
  0.0805  0.0804  0.0807  0.0807  0.0824  0.0839  0.0806  0.0827  0.0800  0.0811  0.0798  0.0798
niter,ni,del,rscale     1    3    5.0000    1.2000
parameters
    1.1102   26.6640    4.5248   -1.1769    5.9363   11.8217
   -3.1845   -3.2966    3.1461    6.9488    1.4904   -9.3206
eta,q 0.92159 32.05834
  0.0803  0.0799  0.0816  0.0801  0.0825  0.0855  0.0805  0.0827  0.0800  0.0805  0.0798  0.0798
  0.0793  0.0792  0.0799  0.0798  0.0796  0.0812  0.0794  0.0805  0.0792  0.0792  0.0790  0.0790
  0.0787  0.0787  0.0789  0.0790  0.0785  0.0788  0.0787  0.0789  0.0786  0.0785  0.0786  0.0786
  0.0784  0.0784  0.0784  0.0783  0.0783  0.0784  0.0784  0.0784  0.0784  0.0784  0.0784  0.0784
  0.0786  0.0784  0.0783  0.0786  0.0786  0.0791  0.0786  0.0790  0.0786  0.0788  0.0786  0.0786
  0.0794  0.0790  0.0791  0.0793  0.0806  0.0808  0.0793  0.0805  0.0791  0.0795  0.0790  0.0790
  0.0805  0.0804  0.0810  0.0807  0.0825  0.0842  0.0806  0.0826  0.0800  0.0808  0.0798  0.0799
registration optimization eta report
parameter search radius
    2.4000    2.7600    3.6501    7.2000    8.2800    7.2000
    7.2000    7.2000    7.2000    7.2000    7.2000    7.2000
100000*second partial in parameter space
       35.       23.       23.        4.        6.       13.
        4.        8.        3.        4.        3.        3.
  0.0803  0.0799  0.0816  0.0801  0.0825  0.0855  0.0805  0.0827  0.0800  0.0805  0.0798  0.0798
  0.0793  0.0792  0.0799  0.0798  0.0796  0.0812  0.0794  0.0805  0.0792  0.0792  0.0790  0.0790
  0.0787  0.0787  0.0789  0.0790  0.0785  0.0788  0.0787  0.0789  0.0786  0.0785  0.0786  0.0786
  0.0784  0.0784  0.0784  0.0783  0.0783  0.0784  0.0784  0.0784  0.0784  0.0784  0.0784  0.0784
  0.0786  0.0784  0.0783  0.0786  0.0786  0.0791  0.0786  0.0790  0.0786  0.0788  0.0786  0.0786
  0.0794  0.0790  0.0791  0.0793  0.0806  0.0808  0.0793  0.0805  0.0791  0.0795  0.0790  0.0790
  0.0805  0.0804  0.0810  0.0807  0.0825  0.0842  0.0806  0.0826  0.0800  0.0808  0.0798  0.0799
    1.1102   26.6640    4.5248   -1.1769    5.9363   11.8217
   -3.1845   -3.2966    3.1461    6.9488    1.4904   -9.3206
eta,q 0.92159 32.05834

---------------------------------------------------------------------
imgreg_4dfp /opt/freesurfer/average/3T18yoSchwartzReactN32_as_orig /opt/freesurfer/average/711-2B_as_mni_average_305_mask talsrcimg_g11 none talsrcimg_to_3T18yoSchwartzReactN32_as_orig_t4 2311
---------------------------------------------------------------------

freesurfer imgreg_4dfp.c
/opt/freesurfer/average/3T18yoSchwartzReactN32_as_orig.4dfp.img
       256       256       256         1
  1.000000  1.000000  1.000000
orientation T byte_order littleendian
Reading image: /opt/freesurfer/average/3T18yoSchwartzReactN32_as_orig.4dfp.img
dimensions:      256       256       256
mmppix:       1.0000   -1.0000   -1.0000
center:     128.0000 -129.0000 -129.0000
/opt/freesurfer/average/711-2B_as_mni_average_305_mask.4dfp.img
       256       256       256         1
  1.000000  1.000000  1.000000
orientation T byte_order littleendian
Reading mask: /opt/freesurfer/average/711-2B_as_mni_average_305_mask.4dfp.img (2306576 pixels)
talsrcimg_g11.4dfp.img
       320       320       320         1
  0.800000  0.800000  0.800000
orientation T byte_order littleendian
Reading image: talsrcimg_g11.4dfp.img
dimensions:      320       320       320
mmppix:       0.8000   -0.8000   -0.8000
center:     128.0000 -128.8000 -128.8000
fimgreg.f
image alignment mode   2311 decimal      907 hex
parameters
    1.1102   26.6640    4.5248   -1.1769    5.9363   11.8217
   -3.1845   -3.2966    3.1461    6.9488    1.4904   -9.3206
eta,q 0.92159 32.05833
niter,ni,del,rscale     5    3    5.0000    0.8000
parameters
    1.1426   27.0193    5.3201   -0.4872    4.8209   12.2570
   -3.0881   -3.1995    3.1335    6.7408    1.5329   -9.7841
eta,q 0.92165 32.12367
  0.0794  0.0790  0.0792  0.0796  0.0787  0.0819  0.0793  0.0805  0.0790  0.0791  0.0790  0.0788
  0.0789  0.0788  0.0788  0.0792  0.0784  0.0800  0.0788  0.0793  0.0787  0.0787  0.0786  0.0785
  0.0786  0.0786  0.0786  0.0785  0.0784  0.0788  0.0785  0.0786  0.0784  0.0784  0.0784  0.0784
  0.0784  0.0784  0.0783  0.0782  0.0782  0.0783  0.0784  0.0783  0.0783  0.0783  0.0784  0.0783
  0.0785  0.0783  0.0782  0.0783  0.0782  0.0787  0.0784  0.0786  0.0784  0.0785  0.0784  0.0784
  0.0788  0.0784  0.0782  0.0786  0.0790  0.0794  0.0787  0.0792  0.0786  0.0788  0.0786  0.0787
  0.0794  0.0787  0.0784  0.0791  0.0802  0.0807  0.0793  0.0804  0.0791  0.0793  0.0790  0.0791
niter,ni,del,rscale     4    3    5.0000    0.7000
parameters
    1.1381   26.6514    5.6303    0.2201    5.0543   12.3712
   -3.0062   -3.1376    3.1177    6.7874    1.5686   -9.8130
eta,q 0.92170 32.25541
  0.0791  0.0784  0.0790  0.0797  0.0790  0.0809  0.0790  0.0799  0.0788  0.0789  0.0788  0.0787
  0.0787  0.0784  0.0787  0.0791  0.0783  0.0795  0.0786  0.0790  0.0785  0.0786  0.0785  0.0785
  0.0784  0.0783  0.0785  0.0785  0.0782  0.0785  0.0784  0.0785  0.0784  0.0784  0.0784  0.0783
  0.0783  0.0784  0.0783  0.0783  0.0783  0.0783  0.0783  0.0783  0.0783  0.0783  0.0783  0.0783
  0.0784  0.0784  0.0783  0.0784  0.0782  0.0787  0.0784  0.0784  0.0784  0.0784  0.0784  0.0783
  0.0787  0.0785  0.0784  0.0786  0.0782  0.0794  0.0786  0.0790  0.0785  0.0785  0.0785  0.0785
  0.0791  0.0787  0.0786  0.0790  0.0788  0.0805  0.0790  0.0798  0.0788  0.0789  0.0788  0.0788
niter,ni,del,rscale     3    3    5.0000    0.6000
parameters
    1.1082   26.3018    5.7810    0.5491    5.2275   12.4359
   -2.8130   -3.1406    3.1178    6.6676    1.5996   -9.6307
eta,q 0.92170 32.30100
  0.0788  0.0783  0.0788  0.0792  0.0786  0.0803  0.0789  0.0794  0.0787  0.0787  0.0787  0.0787
  0.0785  0.0783  0.0786  0.0787  0.0782  0.0792  0.0786  0.0788  0.0785  0.0785  0.0785  0.0785
  0.0784  0.0783  0.0784  0.0784  0.0782  0.0784  0.0784  0.0784  0.0783  0.0783  0.0783  0.0784
  0.0783  0.0783  0.0783  0.0783  0.0783  0.0783  0.0783  0.0783  0.0783  0.0783  0.0783  0.0783
  0.0784  0.0783  0.0783  0.0784  0.0783  0.0786  0.0783  0.0784  0.0783  0.0784  0.0783  0.0783
  0.0785  0.0784  0.0784  0.0786  0.0782  0.0793  0.0785  0.0788  0.0785  0.0785  0.0785  0.0784
  0.0788  0.0785  0.0786  0.0789  0.0785  0.0800  0.0788  0.0794  0.0787  0.0788  0.0786  0.0786
niter,ni,del,rscale     2    3    5.0000    0.5000
parameters
    1.0496   26.1836    5.8659    0.5551    4.0133   12.5980
   -2.5661   -3.1834    3.1720    6.8003    1.5941   -9.8138
eta,q 0.92181 32.09381
  0.0786  0.0784  0.0786  0.0789  0.0783  0.0799  0.0786  0.0789  0.0785  0.0786  0.0784  0.0784
  0.0784  0.0783  0.0785  0.0785  0.0781  0.0789  0.0784  0.0785  0.0783  0.0784  0.0783  0.0783
  0.0783  0.0783  0.0784  0.0783  0.0782  0.0783  0.0783  0.0783  0.0782  0.0783  0.0782  0.0782
  0.0783  0.0783  0.0783  0.0783  0.0783  0.0782  0.0782  0.0782  0.0782  0.0782  0.0782  0.0782
  0.0784  0.0783  0.0783  0.0784  0.0783  0.0784  0.0782  0.0783  0.0782  0.0782  0.0782  0.0782
  0.0785  0.0783  0.0784  0.0785  0.0782  0.0788  0.0783  0.0785  0.0783  0.0783  0.0783  0.0783
  0.0787  0.0784  0.0786  0.0788  0.0783  0.0794  0.0785  0.0790  0.0784  0.0786  0.0784  0.0785
niter,ni,del,rscale     1    3    5.0000    0.4000
parameters
    0.9798   25.9797    5.9167    1.0205    4.2515   12.4651
   -2.4532   -3.1444    3.3290    6.9091    1.5405   -9.8695
eta,q 0.92184 32.16688
  0.0784  0.0783  0.0784  0.0787  0.0787  0.0791  0.0784  0.0786  0.0784  0.0785  0.0783  0.0783
  0.0783  0.0782  0.0783  0.0784  0.0783  0.0785  0.0783  0.0784  0.0783  0.0783  0.0782  0.0782
  0.0782  0.0782  0.0782  0.0782  0.0781  0.0782  0.0782  0.0782  0.0782  0.0782  0.0782  0.0782
  0.0782  0.0782  0.0782  0.0782  0.0782  0.0782  0.0782  0.0782  0.0782  0.0782  0.0782  0.0782
  0.0782  0.0782  0.0782  0.0782  0.0783  0.0784  0.0782  0.0782  0.0782  0.0782  0.0782  0.0782
  0.0783  0.0783  0.0782  0.0782  0.0784  0.0788  0.0783  0.0783  0.0782  0.0783  0.0782  0.0782
  0.0784  0.0784  0.0784  0.0784  0.0784  0.0792  0.0784  0.0786  0.0783  0.0784  0.0783  0.0784
registration optimization eta report
parameter search radius
    0.8000    0.8000    0.8000    2.4000    2.4000    2.4000
    2.4000    2.4000    2.4000    2.4000    2.4000    2.4000
100000*second partial in parameter space
       32.       23.       33.        6.        7.       16.
        4.        8.        3.        5.        3.        3.
  0.0784  0.0783  0.0784  0.0787  0.0787  0.0791  0.0784  0.0786  0.0784  0.0785  0.0783  0.0783
  0.0783  0.0782  0.0783  0.0784  0.0783  0.0785  0.0783  0.0784  0.0783  0.0783  0.0782  0.0782
  0.0782  0.0782  0.0782  0.0782  0.0781  0.0782  0.0782  0.0782  0.0782  0.0782  0.0782  0.0782
  0.0782  0.0782  0.0782  0.0782  0.0782  0.0782  0.0782  0.0782  0.0782  0.0782  0.0782  0.0782
  0.0782  0.0782  0.0782  0.0782  0.0783  0.0784  0.0782  0.0782  0.0782  0.0782  0.0782  0.0782
  0.0783  0.0783  0.0782  0.0782  0.0784  0.0788  0.0783  0.0783  0.0782  0.0783  0.0782  0.0782
  0.0784  0.0784  0.0784  0.0784  0.0784  0.0792  0.0784  0.0786  0.0783  0.0784  0.0783  0.0784
    0.9798   25.9797    5.9167    1.0205    4.2515   12.4651
   -2.4532   -3.1444    3.3290    6.9091    1.5405   -9.8695
eta,q 0.92184 32.16688

---------------------------------------------------------------------
imgreg_4dfp /opt/freesurfer/average/3T18yoSchwartzReactN32_as_orig /opt/freesurfer/average/711-2B_as_mni_average_305_mask talsrcimg_g11 none talsrcimg_to_3T18yoSchwartzReactN32_as_orig_t4 2311
---------------------------------------------------------------------

freesurfer imgreg_4dfp.c
/opt/freesurfer/average/3T18yoSchwartzReactN32_as_orig.4dfp.img
       256       256       256         1
  1.000000  1.000000  1.000000
orientation T byte_order littleendian
Reading image: /opt/freesurfer/average/3T18yoSchwartzReactN32_as_orig.4dfp.img
dimensions:      256       256       256
mmppix:       1.0000   -1.0000   -1.0000
center:     128.0000 -129.0000 -129.0000
/opt/freesurfer/average/711-2B_as_mni_average_305_mask.4dfp.img
       256       256       256         1
  1.000000  1.000000  1.000000
orientation T byte_order littleendian
Reading mask: /opt/freesurfer/average/711-2B_as_mni_average_305_mask.4dfp.img (2306576 pixels)
talsrcimg_g11.4dfp.img
       320       320       320         1
  0.800000  0.800000  0.800000
orientation T byte_order littleendian
Reading image: talsrcimg_g11.4dfp.img
dimensions:      320       320       320
mmppix:       0.8000   -0.8000   -0.8000
center:     128.0000 -128.8000 -128.8000
fimgreg.f
image alignment mode   2311 decimal      907 hex
parameters
    0.9798   25.9797    5.9167    1.0205    4.2515   12.4651
   -2.4532   -3.1444    3.3290    6.9091    1.5405   -9.8695
eta,q 0.92184 32.16692
niter,ni,del,rscale     5    3    5.0000    0.8000
parameters
    0.9519   26.0846    5.8068    1.0169    5.5016   12.5240
   -2.7598   -3.1839    3.4113    6.6423    1.5909   -9.5816
eta,q 0.92165 32.43728
  0.0790  0.0789  0.0789  0.0796  0.0806  0.0817  0.0791  0.0804  0.0790  0.0791  0.0790  0.0790
  0.0785  0.0784  0.0785  0.0788  0.0791  0.0798  0.0787  0.0792  0.0787  0.0787  0.0786  0.0787
  0.0782  0.0782  0.0783  0.0783  0.0782  0.0786  0.0784  0.0786  0.0784  0.0784  0.0784  0.0785
  0.0782  0.0782  0.0782  0.0782  0.0782  0.0783  0.0783  0.0784  0.0784  0.0784  0.0784  0.0784
  0.0783  0.0783  0.0783  0.0784  0.0784  0.0789  0.0785  0.0785  0.0784  0.0784  0.0784  0.0784
  0.0786  0.0784  0.0786  0.0788  0.0783  0.0799  0.0788  0.0792  0.0786  0.0787  0.0786  0.0785
  0.0790  0.0787  0.0792  0.0796  0.0786  0.0813  0.0794  0.0804  0.0790  0.0793  0.0789  0.0789
niter,ni,del,rscale     4    3    5.0000    0.7000
parameters
    0.9421   26.0581    5.8710    0.6558    5.3340   12.6236
   -2.6870   -3.2574    3.3563    6.4129    1.5969   -9.3976
eta,q 0.92168 32.34725
  0.0790  0.0785  0.0789  0.0792  0.0789  0.0811  0.0790  0.0798  0.0788  0.0789  0.0788  0.0788
  0.0786  0.0784  0.0787  0.0786  0.0782  0.0795  0.0787  0.0789  0.0785  0.0786  0.0785  0.0786
  0.0784  0.0784  0.0785  0.0783  0.0782  0.0785  0.0784  0.0785  0.0784  0.0784  0.0784  0.0784
  0.0783  0.0784  0.0783  0.0783  0.0783  0.0783  0.0783  0.0783  0.0783  0.0783  0.0783  0.0783
  0.0784  0.0784  0.0784  0.0785  0.0783  0.0788  0.0784  0.0785  0.0784  0.0784  0.0784  0.0783
  0.0786  0.0784  0.0785  0.0789  0.0783  0.0796  0.0786  0.0790  0.0785  0.0786  0.0785  0.0785
  0.0790  0.0785  0.0789  0.0795  0.0789  0.0806  0.0790  0.0799  0.0788  0.0791  0.0788  0.0788
niter,ni,del,rscale     3    3    5.0000    0.6000
parameters
    0.9386   26.1153    5.9172    0.5477    5.0901   12.6051
   -2.6315   -3.2768    3.2986    6.3809    1.5985   -9.4017
eta,q 0.92171 32.28324
  0.0788  0.0785  0.0788  0.0791  0.0785  0.0803  0.0788  0.0794  0.0786  0.0787  0.0786  0.0786
  0.0785  0.0784  0.0786  0.0786  0.0782  0.0791  0.0785  0.0788  0.0784  0.0785  0.0784  0.0785
  0.0784  0.0783  0.0784  0.0783  0.0782  0.0784  0.0784  0.0784  0.0783  0.0784  0.0783  0.0784
  0.0783  0.0783  0.0783  0.0783  0.0783  0.0783  0.0783  0.0783  0.0783  0.0783  0.0783  0.0783
  0.0784  0.0783  0.0783  0.0784  0.0783  0.0787  0.0783  0.0784  0.0783  0.0783  0.0783  0.0783
  0.0785  0.0784  0.0785  0.0787  0.0783  0.0793  0.0785  0.0788  0.0785  0.0785  0.0784  0.0784
  0.0788  0.0784  0.0787  0.0791  0.0786  0.0801  0.0788  0.0795  0.0787  0.0788  0.0786  0.0787
niter,ni,del,rscale     2    3    5.0000    0.5000
parameters
    0.9455   25.9990    5.9349    0.6777    4.8370   12.5546
   -2.5602   -3.2565    3.3477    6.5261    1.6161   -9.4724
eta,q 0.92175 32.22815
  0.0786  0.0784  0.0786  0.0789  0.0784  0.0797  0.0786  0.0790  0.0785  0.0786  0.0785  0.0785
  0.0784  0.0783  0.0785  0.0785  0.0781  0.0788  0.0784  0.0786  0.0784  0.0784  0.0784  0.0784
  0.0783  0.0783  0.0783  0.0783  0.0782  0.0783  0.0783  0.0784  0.0783  0.0783  0.0783  0.0783
  0.0783  0.0783  0.0783  0.0783  0.0783  0.0783  0.0783  0.0783  0.0783  0.0783  0.0783  0.0783
  0.0783  0.0783  0.0783  0.0784  0.0783  0.0786  0.0783  0.0783  0.0783  0.0783  0.0783  0.0783
  0.0784  0.0783  0.0784  0.0785  0.0783  0.0791  0.0784  0.0786  0.0784  0.0784  0.0784  0.0784
  0.0786  0.0784  0.0786  0.0788  0.0783  0.0796  0.0786  0.0790  0.0785  0.0786  0.0785  0.0785
niter,ni,del,rscale     1    3    5.0000    0.4000
parameters
    0.9116   25.8379    5.9395    0.9112    4.1373   12.5525
   -2.4648   -3.2317    3.4132    6.5233    1.5765   -9.5834
eta,q 0.92185 32.12323
  0.0784  0.0783  0.0785  0.0787  0.0784  0.0792  0.0784  0.0786  0.0783  0.0784  0.0783  0.0783
  0.0783  0.0783  0.0784  0.0784  0.0782  0.0786  0.0783  0.0784  0.0782  0.0783  0.0782  0.0782
  0.0783  0.0782  0.0783  0.0783  0.0782  0.0782  0.0782  0.0782  0.0782  0.0782  0.0782  0.0782
  0.0783  0.0783  0.0782  0.0782  0.0782  0.0782  0.0782  0.0782  0.0782  0.0782  0.0782  0.0782
  0.0783  0.0783  0.0783  0.0783  0.0783  0.0783  0.0782  0.0782  0.0782  0.0782  0.0782  0.0782
  0.0784  0.0783  0.0783  0.0784  0.0784  0.0787  0.0783  0.0783  0.0782  0.0783  0.0782  0.0782
  0.0785  0.0784  0.0785  0.0785  0.0783  0.0791  0.0784  0.0786  0.0783  0.0785  0.0783  0.0784
registration optimization eta report
parameter search radius
    0.8000    0.8000    0.8000    2.4000    2.4000    2.4000
    2.4000    2.4000    2.4000    2.4000    2.4000    2.4000
100000*second partial in parameter space
       33.       13.       33.        6.        2.       17.
        4.        8.        3.        5.        3.        3.
  0.0784  0.0783  0.0785  0.0787  0.0784  0.0792  0.0784  0.0786  0.0783  0.0784  0.0783  0.0783
  0.0783  0.0783  0.0784  0.0784  0.0782  0.0786  0.0783  0.0784  0.0782  0.0783  0.0782  0.0782
  0.0783  0.0782  0.0783  0.0783  0.0782  0.0782  0.0782  0.0782  0.0782  0.0782  0.0782  0.0782
  0.0783  0.0783  0.0782  0.0782  0.0782  0.0782  0.0782  0.0782  0.0782  0.0782  0.0782  0.0782
  0.0783  0.0783  0.0783  0.0783  0.0783  0.0783  0.0782  0.0782  0.0782  0.0782  0.0782  0.0782
  0.0784  0.0783  0.0783  0.0784  0.0784  0.0787  0.0783  0.0783  0.0782  0.0783  0.0782  0.0782
  0.0785  0.0784  0.0785  0.0785  0.0783  0.0791  0.0784  0.0786  0.0783  0.0785  0.0783  0.0784
    0.9116   25.8379    5.9395    0.9112    4.1373   12.5525
   -2.4648   -3.2317    3.4132    6.5233    1.5765   -9.5834
eta,q 0.92185 32.12323

---------------------------------------------------------------------
compute_vox2vox talsrcimg talsrcimg_to_3T18yoSchwartzReactN32_as_orig_t4 /opt/freesurfer/average/3T18yoSchwartzReactN32_as_orig
---------------------------------------------------------------------

freesurfer compute_vox2vox.c
Reading: talsrcimg.4dfp.ifh
Reading: talsrcimg_to_3T18yoSchwartzReactN32_as_orig_t4
Reading: /opt/freesurfer/average/3T18yoSchwartzReactN32_as_orig.4dfp.ifh
Writing: talsrcimg_to_3T18yoSchwartzReactN32_as_orig_t4_vox2vox.txt

start time Thu Oct 5 12:24:26 UTC 2023
end		time Thu Oct 5 12:25:08 UTC 2023

mpr2mni305 success

avi2talxfm orig_nu.mgz /opt/freesurfer/average/mni305.cor.mgz talsrcimg_to_3T18yoSchwartzReactN32_as_orig_t4_vox2vox.txt transforms/talairach.auto.xfm
avi2talxfm done
mv -f /localscratch/bpinsard.41394470.0/freesurfer_crosssectional_autorecon1smriprep_skullstripautorecon2autorecon3_sub04_ses002.job/sub-04_ses-002/mri/talsrcimg_to_3T18yoSchwartzReactN32_as_orig_t4_vox2vox.txt /localscratch/bpinsard.41394470.0/freesurfer_crosssectional_autorecon1smriprep_skullstripautorecon2autorecon3_sub04_ses002.job/sub-04_ses-002/mri/transforms/talsrcimg_to_3T18yoSchwartzReactN32_as_orig_t4_vox2vox.txt
lta_convert --src orig_nu.mgz --trg /opt/freesurfer/average/mni305.cor.mgz --inxfm transforms/talairach.auto.xfm --outlta transforms/talairach.auto.xfm.lta --subject fsaverage
7.4.1

--src: orig_nu.mgz src image (geometry).
--trg: /opt/freesurfer/average/mni305.cor.mgz trg image (geometry).
--inmni: transforms/talairach.auto.xfm input MNI/XFM transform.
--outlta: transforms/talairach.auto.xfm.lta output LTA.
--s: fsaverage subject name
 LTA read, type : 1
 0.98967   0.02692   0.02590   1.57533;
-0.01654   0.88331   0.08090  -28.98030;
-0.03140  -0.05621   0.95436  -16.69887;
 0.00000   0.00000   0.00000   1.00000;
setting subject to fsaverage
Writing  LTA to file transforms/talairach.auto.xfm.lta...
lta_convert successful.
 
 
Started at Thu Oct 5 12:24:26 UTC 2023
Ended   at Thu Oct  5 12:25:08 UTC 2023
talairach_avi done
