status file for recon-all
Thu Oct 12 17:41:31 UTC 2023
#@# MotionCor Thu Oct 12 17:42:13 UTC 2023
#@# Talairach Thu Oct 12 17:42:13 UTC 2023
#@# Talairach Failure Detection Thu Oct 12 17:42:15 UTC 2023
#@# Nu Intensity Correction Thu Oct 12 17:42:15 UTC 2023
#@# Intensity Normalization Thu Oct 12 17:51:51 UTC 2023
#@# Skull Stripping Thu Oct 12 18:06:03 UTC 2023
#@# EM Registration Thu Oct 12 18:06:09 UTC 2023
#@# CA Normalize Thu Oct 12 18:06:09 UTC 2023
#@# CA Reg Thu Oct 12 18:10:20 UTC 2023
#@# SubCort Seg Thu Oct 12 18:35:48 UTC 2023
#@# CC Seg Thu Oct 12 18:47:21 UTC 2023
#@# Merge ASeg Thu Oct 12 18:48:53 UTC 2023
#@# Intensity Normalization2 Thu Oct 12 18:48:53 UTC 2023
#@# Mask BFS Thu Oct 12 18:55:51 UTC 2023
#@# WM Segmentation Thu Oct 12 18:55:59 UTC 2023
#@# Smooth2 lh Thu Oct 12 19:14:19 UTC 2023
#@# Smooth2 rh Thu Oct 12 19:14:25 UTC 2023
#@# Inflation2 lh Thu Oct 12 19:14:31 UTC 2023
#@# Inflation2 rh Thu Oct 12 19:14:56 UTC 2023
#@# Curv .H and .K lh Thu Oct 12 19:15:25 UTC 2023
#@# Curv .H and .K rh Thu Oct 12 19:17:06 UTC 2023
#@# Sphere lh Thu Oct 12 19:18:51 UTC 2023
#@# Sphere rh Thu Oct 12 19:18:51 UTC 2023
#@# Surf Reg lh Thu Oct 12 19:18:51 UTC 2023
#@# Surf Reg rh Thu Oct 12 19:22:25 UTC 2023
#@# Jacobian white lh Thu Oct 12 19:32:09 UTC 2023
#@# Jacobian white rh Thu Oct 12 19:32:11 UTC 2023
#@# AvgCurv lh Thu Oct 12 19:32:13 UTC 2023
#@# AvgCurv rh Thu Oct 12 19:32:14 UTC 2023
#@# Cortical Parc lh Thu Oct 12 19:32:16 UTC 2023
#@# Cortical Parc rh Thu Oct 12 19:32:34 UTC 2023
#@# white curv lh Thu Oct 12 19:50:14 UTC 2023
#@# white area lh Thu Oct 12 19:50:18 UTC 2023
#@# pial curv lh Thu Oct 12 19:50:19 UTC 2023
#@# pial area lh Thu Oct 12 19:50:23 UTC 2023
#@# thickness lh Thu Oct 12 19:50:24 UTC 2023
#@# area and vertex vol lh Thu Oct 12 19:51:32 UTC 2023
#@# white curv rh Thu Oct 12 19:51:36 UTC 2023
#@# white area rh Thu Oct 12 19:51:40 UTC 2023
#@# pial curv rh Thu Oct 12 19:51:42 UTC 2023
#@# pial area rh Thu Oct 12 19:51:46 UTC 2023
#@# thickness rh Thu Oct 12 19:51:47 UTC 2023
#@# area and vertex vol rh Thu Oct 12 19:52:58 UTC 2023
#@# Curvature Stats lh Thu Oct 12 19:53:01 UTC 2023
#@# Curvature Stats rh Thu Oct 12 19:53:07 UTC 2023
#@# Cortical ribbon mask Thu Oct 12 19:53:13 UTC 2023
#@# Cortical Parc 2 lh Thu Oct 12 20:21:13 UTC 2023
#@# Cortical Parc 2 rh Thu Oct 12 20:21:35 UTC 2023
#@# Cortical Parc 3 lh Thu Oct 12 20:21:59 UTC 2023
#@# Cortical Parc 3 rh Thu Oct 12 20:22:18 UTC 2023
#@# WM/GM Contrast lh Thu Oct 12 20:22:38 UTC 2023
#@# WM/GM Contrast rh Thu Oct 12 20:22:47 UTC 2023
#@# Relabel Hypointensities Thu Oct 12 20:22:55 UTC 2023
#@# APas-to-ASeg Thu Oct 12 20:23:39 UTC 2023
#@# AParc-to-ASeg aparc Thu Oct 12 20:24:17 UTC 2023
#@# AParc-to-ASeg aparc.a2009s Thu Oct 12 20:29:21 UTC 2023
#@# AParc-to-ASeg aparc.DKTatlas Thu Oct 12 20:34:23 UTC 2023
#@# WMParc Thu Oct 12 20:39:17 UTC 2023
#@# Parcellation Stats lh Thu Oct 12 20:46:59 UTC 2023
#@# Parcellation Stats rh Thu Oct 12 20:48:15 UTC 2023
#@# Parcellation Stats 2 lh Thu Oct 12 20:49:35 UTC 2023
#@# Parcellation Stats 2 rh Thu Oct 12 20:50:15 UTC 2023
#@# Parcellation Stats 3 lh Thu Oct 12 20:50:57 UTC 2023
#@# Parcellation Stats 3 rh Thu Oct 12 20:51:34 UTC 2023
#@# ASeg Stats Thu Oct 12 20:52:14 UTC 2023
#@# BA_exvivo Labels lh Thu Oct 12 20:53:58 UTC 2023
#@# BA_exvivo Labels rh Thu Oct 12 21:00:14 UTC 2023
recon-all -s sub-06_ses-013.long.sub-06 finished without error at Thu Oct 12 21:06:32 UTC 2023
