status file for recon-all
Fri Oct 13 08:22:33 UTC 2023
#@# MotionCor Fri Oct 13 08:23:12 UTC 2023
#@# Talairach Fri Oct 13 08:23:12 UTC 2023
#@# Talairach Failure Detection Fri Oct 13 08:23:14 UTC 2023
#@# Nu Intensity Correction Fri Oct 13 08:23:14 UTC 2023
#@# Intensity Normalization Fri Oct 13 08:32:52 UTC 2023
#@# Skull Stripping Fri Oct 13 08:47:54 UTC 2023
#@# EM Registration Fri Oct 13 08:48:01 UTC 2023
#@# CA Normalize Fri Oct 13 08:48:01 UTC 2023
#@# CA Reg Fri Oct 13 08:52:09 UTC 2023
#@# SubCort Seg Fri Oct 13 09:18:44 UTC 2023
#@# CC Seg Fri Oct 13 09:31:28 UTC 2023
#@# Merge ASeg Fri Oct 13 09:32:48 UTC 2023
#@# Intensity Normalization2 Fri Oct 13 09:32:48 UTC 2023
#@# Mask BFS Fri Oct 13 09:40:26 UTC 2023
#@# WM Segmentation Fri Oct 13 09:40:33 UTC 2023
#@# Smooth2 lh Fri Oct 13 10:01:05 UTC 2023
#@# Smooth2 rh Fri Oct 13 10:01:12 UTC 2023
#@# Inflation2 lh Fri Oct 13 10:01:19 UTC 2023
#@# Inflation2 rh Fri Oct 13 10:01:51 UTC 2023
#@# Curv .H and .K lh Fri Oct 13 10:02:21 UTC 2023
#@# Curv .H and .K rh Fri Oct 13 10:04:16 UTC 2023
#@# Sphere lh Fri Oct 13 10:06:14 UTC 2023
#@# Sphere rh Fri Oct 13 10:06:14 UTC 2023
#@# Surf Reg lh Fri Oct 13 10:06:14 UTC 2023
#@# Surf Reg rh Fri Oct 13 10:10:46 UTC 2023
#@# Jacobian white lh Fri Oct 13 10:15:32 UTC 2023
#@# Jacobian white rh Fri Oct 13 10:15:34 UTC 2023
#@# AvgCurv lh Fri Oct 13 10:15:36 UTC 2023
#@# AvgCurv rh Fri Oct 13 10:15:38 UTC 2023
#@# Cortical Parc lh Fri Oct 13 10:15:40 UTC 2023
#@# Cortical Parc rh Fri Oct 13 10:15:59 UTC 2023
#@# white curv lh Fri Oct 13 10:36:54 UTC 2023
#@# white area lh Fri Oct 13 10:36:59 UTC 2023
#@# pial curv lh Fri Oct 13 10:37:00 UTC 2023
#@# pial area lh Fri Oct 13 10:37:05 UTC 2023
#@# thickness lh Fri Oct 13 10:37:06 UTC 2023
#@# area and vertex vol lh Fri Oct 13 10:38:21 UTC 2023
#@# white curv rh Fri Oct 13 10:38:25 UTC 2023
#@# white area rh Fri Oct 13 10:38:29 UTC 2023
#@# pial curv rh Fri Oct 13 10:38:31 UTC 2023
#@# pial area rh Fri Oct 13 10:38:35 UTC 2023
#@# thickness rh Fri Oct 13 10:38:37 UTC 2023
#@# area and vertex vol rh Fri Oct 13 10:39:51 UTC 2023
#@# Curvature Stats lh Fri Oct 13 10:39:55 UTC 2023
#@# Curvature Stats rh Fri Oct 13 10:40:01 UTC 2023
#@# Cortical ribbon mask Fri Oct 13 10:40:07 UTC 2023
#@# Cortical Parc 2 lh Fri Oct 13 11:17:20 UTC 2023
#@# Cortical Parc 2 rh Fri Oct 13 11:17:47 UTC 2023
#@# Cortical Parc 3 lh Fri Oct 13 11:18:14 UTC 2023
#@# Cortical Parc 3 rh Fri Oct 13 11:18:36 UTC 2023
#@# WM/GM Contrast lh Fri Oct 13 11:18:58 UTC 2023
#@# WM/GM Contrast rh Fri Oct 13 11:19:06 UTC 2023
#@# Relabel Hypointensities Fri Oct 13 11:19:15 UTC 2023
#@# APas-to-ASeg Fri Oct 13 11:20:02 UTC 2023
#@# AParc-to-ASeg aparc Fri Oct 13 11:20:37 UTC 2023
#@# AParc-to-ASeg aparc.a2009s Fri Oct 13 11:26:10 UTC 2023
#@# AParc-to-ASeg aparc.DKTatlas Fri Oct 13 11:31:22 UTC 2023
#@# WMParc Fri Oct 13 11:36:57 UTC 2023
#@# Parcellation Stats lh Fri Oct 13 11:44:25 UTC 2023
#@# Parcellation Stats rh Fri Oct 13 11:46:07 UTC 2023
#@# Parcellation Stats 2 lh Fri Oct 13 11:47:49 UTC 2023
#@# Parcellation Stats 2 rh Fri Oct 13 11:48:42 UTC 2023
#@# Parcellation Stats 3 lh Fri Oct 13 11:49:36 UTC 2023
#@# Parcellation Stats 3 rh Fri Oct 13 11:50:26 UTC 2023
#@# ASeg Stats Fri Oct 13 11:51:19 UTC 2023
#@# BA_exvivo Labels lh Fri Oct 13 11:53:04 UTC 2023
#@# BA_exvivo Labels rh Fri Oct 13 11:59:53 UTC 2023
recon-all -s sub-03_ses-011.long.sub-03 finished without error at Fri Oct 13 12:06:48 UTC 2023
