Log file for defect2seg
Wed Oct 11 05:59:28 UTC 2023

setenv SUBJECTS_DIR /localscratch/bpinsard.41498736.0/freesurfer_crosssectional_autorecon1smriprep_skullstripautorecon2autorecon3_sub05_ses013.job
cd /localscratch/bpinsard.41498736.0/freesurfer_crosssectional_autorecon1smriprep_skullstripautorecon2autorecon3_sub05_ses013.job/sub-05_ses-013/scripts
/opt/freesurfer/bin/defect2seg --s sub-05_ses-013 --cortex

freesurfer-linux-centos7_x86_64-7.4.1-20230613-7eb8460
defect2seg 7.4.1
Linux bc12123.int.ets1.calculquebec.ca 3.10.0-1160.90.1.el7.x86_64 #1 SMP Thu May 4 15:21:22 UTC 2023 x86_64 x86_64 x86_64 GNU/Linux
pid 160192
mri_label2label --label-cortex /localscratch/bpinsard.41498736.0/freesurfer_crosssectional_autorecon1smriprep_skullstripautorecon2autorecon3_sub05_ses013.job/sub-05_ses-013/surf/lh.orig.nofix /localscratch/bpinsard.41498736.0/freesurfer_crosssectional_autorecon1smriprep_skullstripautorecon2autorecon3_sub05_ses013.job/sub-05_ses-013/mri/aseg.presurf.mgz 0 /localscratch/bpinsard.41498736.0/freesurfer_crosssectional_autorecon1smriprep_skullstripautorecon2autorecon3_sub05_ses013.job/sub-05_ses-013/label/lh.nofix.cortex.label

 Generating cortex label... RemoveHipAmgy=0
 NucAccIsMedialWall=0
 mris->useRealRAS=0
26 non-cortical segments detected
only using segment with 11975 vertices
erasing segment 0 (vno[0] = 12174)
erasing segment 1 (vno[0] = 18827)
erasing segment 2 (vno[0] = 35920)
erasing segment 3 (vno[0] = 55134)
erasing segment 4 (vno[0] = 59108)
erasing segment 5 (vno[0] = 59137)
erasing segment 6 (vno[0] = 60439)
erasing segment 7 (vno[0] = 61674)
erasing segment 8 (vno[0] = 61704)
erasing segment 10 (vno[0] = 90463)
erasing segment 11 (vno[0] = 99176)
erasing segment 12 (vno[0] = 155867)
erasing segment 13 (vno[0] = 158546)
erasing segment 14 (vno[0] = 160976)
erasing segment 15 (vno[0] = 162205)
erasing segment 16 (vno[0] = 163322)
erasing segment 17 (vno[0] = 165689)
erasing segment 18 (vno[0] = 165706)
erasing segment 19 (vno[0] = 165721)
erasing segment 20 (vno[0] = 165726)
erasing segment 21 (vno[0] = 166804)
erasing segment 22 (vno[0] = 169025)
erasing segment 23 (vno[0] = 171480)
erasing segment 24 (vno[0] = 178281)
erasing segment 25 (vno[0] = 193726)
mri_label2vol --defects /localscratch/bpinsard.41498736.0/freesurfer_crosssectional_autorecon1smriprep_skullstripautorecon2autorecon3_sub05_ses013.job/sub-05_ses-013/surf/lh.orig.nofix /localscratch/bpinsard.41498736.0/freesurfer_crosssectional_autorecon1smriprep_skullstripautorecon2autorecon3_sub05_ses013.job/sub-05_ses-013/surf/lh.defect_labels /localscratch/bpinsard.41498736.0/freesurfer_crosssectional_autorecon1smriprep_skullstripautorecon2autorecon3_sub05_ses013.job/sub-05_ses-013/mri/orig.mgz 1000 0 /localscratch/bpinsard.41498736.0/freesurfer_crosssectional_autorecon1smriprep_skullstripautorecon2autorecon3_sub05_ses013.job/sub-05_ses-013/mri/surface.defects.mgz /localscratch/bpinsard.41498736.0/freesurfer_crosssectional_autorecon1smriprep_skullstripautorecon2autorecon3_sub05_ses013.job/sub-05_ses-013/label/lh.nofix.cortex.label
mri_label2vol supposed to be reproducible but seed not set
Contraining to label /localscratch/bpinsard.41498736.0/freesurfer_crosssectional_autorecon1smriprep_skullstripautorecon2autorecon3_sub05_ses013.job/sub-05_ses-013/label/lh.nofix.cortex.label
Changing input type 0 to MRI_INT
Converting defects to volume: offset=1000, merge=0
Writing to /localscratch/bpinsard.41498736.0/freesurfer_crosssectional_autorecon1smriprep_skullstripautorecon2autorecon3_sub05_ses013.job/sub-05_ses-013/mri/surface.defects.mgz
mris_defects_pointset -s /localscratch/bpinsard.41498736.0/freesurfer_crosssectional_autorecon1smriprep_skullstripautorecon2autorecon3_sub05_ses013.job/sub-05_ses-013/surf/lh.orig.nofix -d /localscratch/bpinsard.41498736.0/freesurfer_crosssectional_autorecon1smriprep_skullstripautorecon2autorecon3_sub05_ses013.job/sub-05_ses-013/surf/lh.defect_labels -o /localscratch/bpinsard.41498736.0/freesurfer_crosssectional_autorecon1smriprep_skullstripautorecon2autorecon3_sub05_ses013.job/sub-05_ses-013/surf/lh.defects.pointset --label /localscratch/bpinsard.41498736.0/freesurfer_crosssectional_autorecon1smriprep_skullstripautorecon2autorecon3_sub05_ses013.job/sub-05_ses-013/label/lh.nofix.cortex.label
Reading in surface /localscratch/bpinsard.41498736.0/freesurfer_crosssectional_autorecon1smriprep_skullstripautorecon2autorecon3_sub05_ses013.job/sub-05_ses-013/surf/lh.orig.nofix
Reading in defect segmentation /localscratch/bpinsard.41498736.0/freesurfer_crosssectional_autorecon1smriprep_skullstripautorecon2autorecon3_sub05_ses013.job/sub-05_ses-013/surf/lh.defect_labels
Reading in label /localscratch/bpinsard.41498736.0/freesurfer_crosssectional_autorecon1smriprep_skullstripautorecon2autorecon3_sub05_ses013.job/sub-05_ses-013/label/lh.nofix.cortex.label
#VMPC# mris_defects_pointset 463248
mris_defects_pointset done
mri_label2label --label-cortex /localscratch/bpinsard.41498736.0/freesurfer_crosssectional_autorecon1smriprep_skullstripautorecon2autorecon3_sub05_ses013.job/sub-05_ses-013/surf/rh.orig.nofix /localscratch/bpinsard.41498736.0/freesurfer_crosssectional_autorecon1smriprep_skullstripautorecon2autorecon3_sub05_ses013.job/sub-05_ses-013/mri/aseg.presurf.mgz 0 /localscratch/bpinsard.41498736.0/freesurfer_crosssectional_autorecon1smriprep_skullstripautorecon2autorecon3_sub05_ses013.job/sub-05_ses-013/label/rh.nofix.cortex.label

 Generating cortex label... RemoveHipAmgy=0
 NucAccIsMedialWall=0
 mris->useRealRAS=0
41 non-cortical segments detected
only using segment with 11065 vertices
erasing segment 0 (vno[0] = 2501)
erasing segment 1 (vno[0] = 2956)
erasing segment 2 (vno[0] = 3443)
erasing segment 3 (vno[0] = 4469)
erasing segment 4 (vno[0] = 4536)
erasing segment 5 (vno[0] = 5160)
erasing segment 6 (vno[0] = 5801)
erasing segment 7 (vno[0] = 5997)
erasing segment 8 (vno[0] = 7344)
erasing segment 9 (vno[0] = 26117)
erasing segment 10 (vno[0] = 27000)
erasing segment 11 (vno[0] = 29795)
erasing segment 12 (vno[0] = 32104)
erasing segment 13 (vno[0] = 32806)
erasing segment 14 (vno[0] = 34256)
erasing segment 15 (vno[0] = 64772)
erasing segment 17 (vno[0] = 132053)
erasing segment 18 (vno[0] = 141472)
erasing segment 19 (vno[0] = 148444)
erasing segment 20 (vno[0] = 156433)
erasing segment 21 (vno[0] = 156489)
erasing segment 22 (vno[0] = 156544)
erasing segment 23 (vno[0] = 159090)
erasing segment 24 (vno[0] = 159213)
erasing segment 25 (vno[0] = 159298)
erasing segment 26 (vno[0] = 160483)
erasing segment 27 (vno[0] = 160777)
erasing segment 28 (vno[0] = 162139)
erasing segment 29 (vno[0] = 162215)
erasing segment 30 (vno[0] = 162321)
erasing segment 31 (vno[0] = 163491)
erasing segment 32 (vno[0] = 163774)
erasing segment 33 (vno[0] = 164990)
erasing segment 34 (vno[0] = 165154)
erasing segment 35 (vno[0] = 165182)
erasing segment 36 (vno[0] = 166471)
erasing segment 37 (vno[0] = 182143)
erasing segment 38 (vno[0] = 182157)
erasing segment 39 (vno[0] = 184237)
erasing segment 40 (vno[0] = 196446)
mri_label2vol --defects /localscratch/bpinsard.41498736.0/freesurfer_crosssectional_autorecon1smriprep_skullstripautorecon2autorecon3_sub05_ses013.job/sub-05_ses-013/surf/rh.orig.nofix /localscratch/bpinsard.41498736.0/freesurfer_crosssectional_autorecon1smriprep_skullstripautorecon2autorecon3_sub05_ses013.job/sub-05_ses-013/surf/rh.defect_labels /localscratch/bpinsard.41498736.0/freesurfer_crosssectional_autorecon1smriprep_skullstripautorecon2autorecon3_sub05_ses013.job/sub-05_ses-013/mri/surface.defects.mgz 2000 1 /localscratch/bpinsard.41498736.0/freesurfer_crosssectional_autorecon1smriprep_skullstripautorecon2autorecon3_sub05_ses013.job/sub-05_ses-013/mri/surface.defects.mgz /localscratch/bpinsard.41498736.0/freesurfer_crosssectional_autorecon1smriprep_skullstripautorecon2autorecon3_sub05_ses013.job/sub-05_ses-013/label/rh.nofix.cortex.label
mri_label2vol supposed to be reproducible but seed not set
Contraining to label /localscratch/bpinsard.41498736.0/freesurfer_crosssectional_autorecon1smriprep_skullstripautorecon2autorecon3_sub05_ses013.job/sub-05_ses-013/label/rh.nofix.cortex.label
Converting defects to volume: offset=2000, merge=1
Writing to /localscratch/bpinsard.41498736.0/freesurfer_crosssectional_autorecon1smriprep_skullstripautorecon2autorecon3_sub05_ses013.job/sub-05_ses-013/mri/surface.defects.mgz
mris_defects_pointset -s /localscratch/bpinsard.41498736.0/freesurfer_crosssectional_autorecon1smriprep_skullstripautorecon2autorecon3_sub05_ses013.job/sub-05_ses-013/surf/rh.orig.nofix -d /localscratch/bpinsard.41498736.0/freesurfer_crosssectional_autorecon1smriprep_skullstripautorecon2autorecon3_sub05_ses013.job/sub-05_ses-013/surf/rh.defect_labels -o /localscratch/bpinsard.41498736.0/freesurfer_crosssectional_autorecon1smriprep_skullstripautorecon2autorecon3_sub05_ses013.job/sub-05_ses-013/surf/rh.defects.pointset --label /localscratch/bpinsard.41498736.0/freesurfer_crosssectional_autorecon1smriprep_skullstripautorecon2autorecon3_sub05_ses013.job/sub-05_ses-013/label/rh.nofix.cortex.label
Reading in surface /localscratch/bpinsard.41498736.0/freesurfer_crosssectional_autorecon1smriprep_skullstripautorecon2autorecon3_sub05_ses013.job/sub-05_ses-013/surf/rh.orig.nofix
Reading in defect segmentation /localscratch/bpinsard.41498736.0/freesurfer_crosssectional_autorecon1smriprep_skullstripautorecon2autorecon3_sub05_ses013.job/sub-05_ses-013/surf/rh.defect_labels
Reading in label /localscratch/bpinsard.41498736.0/freesurfer_crosssectional_autorecon1smriprep_skullstripautorecon2autorecon3_sub05_ses013.job/sub-05_ses-013/label/rh.nofix.cortex.label
#VMPC# mris_defects_pointset 515516
mris_defects_pointset done
 
Started at Wed Oct 11 05:59:28 UTC 2023 
Ended   at Wed Oct 11 06:00:48 UTC 2023
Defect2seg-Run-Time-Sec 80
Defect2seg-Run-Time-Min 1.60
Defect2seg-Run-Time-Hours 0.02
 
defect2seg Done
