/localscratch/bpinsard.41394467.0/freesurfer_crosssectional_autorecon1smriprep_skullstripautorecon2autorecon3_sub03_ses013.job/sub-03_ses-013/mri
/opt/freesurfer/bin/talairach_avi
--i orig_nu.mgz --xfm transforms/talairach.auto.xfm --atlas 3T18yoSchwartzReactN32_as_orig
talairach_avi 7.4.1
Linux bc12048.int.ets1.calculquebec.ca 3.10.0-1160.95.1.el7.x86_64 #1 SMP Mon Jul 24 13:59:37 UTC 2023 x86_64 x86_64 x86_64 GNU/Linux
Thu Oct  5 12:22:13 UTC 2023
mri_convert orig_nu.mgz talsrcimg.img 
reading from orig_nu.mgz...
TR=0.00, TE=0.00, TI=0.00, flip angle=0.00
i_ras = (-1, 0, 0)
j_ras = (-1.16416e-09, 0, -1)
k_ras = (0, 1, 0)
writing to talsrcimg.img...
Analyze Output Matrix
-0.80000  -0.00000   0.00000   130.41844;
 0.00000   0.00000   0.80000  -102.86664;
 0.00000  -0.80000   0.00000   114.88651;
 0.00000   0.00000   0.00000   1.00000;
--------------------
INFO: set hdr.hist.orient to -1
mpr2mni305 talsrcimg
Thu Oct  5 12:22:14 UTC 2023
/opt/freesurfer/bin/mpr2mni305 talsrcimg
mpr2mni305 7.4.1
target=3T18yoSchwartzReactN32_as_orig

---------------------------------------------------------------------
analyzeto4dfp talsrcimg -O0 -y
---------------------------------------------------------------------

freesurfer ifh2hdr.c
Thu Oct  5 12:22:14 2023
Writing: talsrcimg.4dfp.hdr
freesurfer analyzeto4dfp.c
Reading: talsrcimg.hdr
header size 348 bytes
hdr.dime.datatype	offset=70	value=2
hdr.dime.bitpix		offset=72	value=8
hdr.hist.orient		offset=252	value=-1
dimensionality     4
dimensions       320       320       320         1
Reading: talsrcimg.img
Writing: talsrcimg.4dfp.img
Writing: talsrcimg.4dfp.ifh
ifh2hdr talsrcimg -r0to218
ori=2

---------------------------------------------------------------------
gauss_4dfp talsrcimg 1.1
---------------------------------------------------------------------

freesurfer gauss_4dfp.c
Reading: talsrcimg.4dfp.img
Writing: talsrcimg_g11.4dfp.img
image dimensions 320 320 320 padded to 384 384 384
processing volume 1freesurfer ifh2hdr.c
Thu Oct  5 12:22:27 2023
Writing: talsrcimg_g11.4dfp.hdr

Writing: talsrcimg_g11.4dfp.ifh
including: talsrcimg.4dfp.img.rec in talsrcimg_g11.4dfp.img.rec

---------------------------------------------------------------------
imgreg_4dfp /opt/freesurfer/average/3T18yoSchwartzReactN32_as_orig none talsrcimg_g11 none talsrcimg_to_3T18yoSchwartzReactN32_as_orig_t4 4355
---------------------------------------------------------------------

freesurfer imgreg_4dfp.c
/opt/freesurfer/average/3T18yoSchwartzReactN32_as_orig.4dfp.img
       256       256       256         1
  1.000000  1.000000  1.000000
orientation T byte_order littleendian
Reading image: /opt/freesurfer/average/3T18yoSchwartzReactN32_as_orig.4dfp.img
dimensions:      256       256       256
mmppix:       1.0000   -1.0000   -1.0000
center:     128.0000 -129.0000 -129.0000
talsrcimg_g11.4dfp.img
       320       320       320         1
  0.799995  0.799995  0.799995
orientation T byte_order littleendian
Reading image: talsrcimg_g11.4dfp.img
dimensions:      320       320       320
mmppix:       0.8000   -0.8000   -0.8000
center:     127.9992 -128.7992 -128.7992
t4_read: open error in t4_sub.f l:  46 t4_file(1:l)talsrcimg_to_3T18yoSchwartzReactN32_as_orig_t4 
t4_read: transform initialized to I4
rotation matrix determinant  1.000000
image alignment mode   4355 decimal     1103 hex
   -7.5000  -45.0000  -45.0000 7495.2417   36.4435
    0.0000  -45.0000  -45.0000 7839.2832   36.4242
    7.5000  -45.0000  -45.0000 7505.0991   36.3804
   -7.5000  -37.5000  -45.0000 7965.4351   39.1056
    0.0000  -37.5000  -45.0000 8342.6279   39.0558
    7.5000  -37.5000  -45.0000 8010.0562   39.0160
   -7.5000  -30.0000  -45.0000 8430.1006   39.4359
    0.0000  -30.0000  -45.0000 8867.5361   39.3976
    7.5000  -30.0000  -45.0000 8492.2910   39.3724
   -7.5000  -22.5000  -45.0000 8852.9570   39.7601
    0.0000  -22.5000  -45.0000 9305.5508   39.7383
    7.5000  -22.5000  -45.0000 8909.9023   39.7277
   -7.5000  -15.0000  -45.0000 9295.3574   40.3066
    0.0000  -15.0000  -45.0000 9777.2383   40.2969
    7.5000  -15.0000  -45.0000 9346.9785   40.2893
   -7.5000   -7.5000  -45.0000 9803.1357   40.9130
    0.0000   -7.5000  -45.000010307.3574   40.9030
    7.5000   -7.5000  -45.0000 9876.3760   40.8827
   -7.5000    0.0000  -45.000010569.9180   42.0425
    0.0000    0.0000  -45.000011126.7100   42.0198
    7.5000    0.0000  -45.000010684.6797   41.9806
   -7.5000    7.5000  -45.000011092.4873   45.7371
    0.0000    7.5000  -45.000011667.9043   45.6812
    7.5000    7.5000  -45.000011205.4482   45.6431
   -7.5000   15.0000  -45.000011771.4707   49.2177
    0.0000   15.0000  -45.000012379.6279   49.1635
    7.5000   15.0000  -45.000011853.8330   49.1335
   -7.5000   22.5000  -45.000011689.8867   51.2009
    0.0000   22.5000  -45.000012285.0156   51.1561
    7.5000   22.5000  -45.000011731.2197   51.1289
   -7.5000   30.0000  -45.000011321.4746   52.5963
    0.0000   30.0000  -45.000011900.9053   52.5656
    7.5000   30.0000  -45.000011365.2764   52.5436
   -7.5000   37.5000  -45.000011308.8730   54.1758
    0.0000   37.5000  -45.000011890.7881   54.1354
    7.5000   37.5000  -45.000011366.4219   54.0914
   -7.5000   45.0000  -45.000010826.2539   55.2000
    0.0000   45.0000  -45.000011365.4971   55.1245
    7.5000   45.0000  -45.000010881.4395   55.0266
   -7.5000  -45.0000  -37.5000 7757.0781   36.4932
    0.0000  -45.0000  -37.5000 8120.9434   36.4807
    7.5000  -45.0000  -37.5000 7746.0205   36.4242
   -7.5000  -37.5000  -37.5000 8308.4502   39.1913
    0.0000  -37.5000  -37.5000 8701.2422   39.1370
    7.5000  -37.5000  -37.5000 8323.6611   39.0927
   -7.5000  -30.0000  -37.5000 8836.1426   39.5080
    0.0000  -30.0000  -37.5000 9280.8213   39.4644
    7.5000  -30.0000  -37.5000 8865.2275   39.4370
   -7.5000  -22.5000  -37.5000 9296.2451   39.8063
    0.0000  -22.5000  -37.5000 9758.0098   39.7844
    7.5000  -22.5000  -37.5000 9334.2900   39.7687
   -7.5000  -15.0000  -37.5000 9754.4600   40.3378
    0.0000  -15.0000  -37.500010242.1182   40.3328
    7.5000  -15.0000  -37.5000 9794.9424   40.3125
   -7.5000   -7.5000  -37.500010256.4443   40.9513
    0.0000   -7.5000  -37.500010784.4883   40.9501
    7.5000   -7.5000  -37.500010328.9053   40.9126
   -7.5000    0.0000  -37.500011078.8662   42.1018
    0.0000    0.0000  -37.500011675.9502   42.0860
    7.5000    0.0000  -37.500011177.9570   42.0323
   -7.5000    7.5000  -37.500011690.7549   45.8365
    0.0000    7.5000  -37.500012322.4326   45.7755
    7.5000    7.5000  -37.500011812.3174   45.7330
   -7.5000   15.0000  -37.500012486.1152   49.3031
    0.0000   15.0000  -37.500013148.0264   49.2385
    7.5000   15.0000  -37.500012577.7686   49.2110
   -7.5000   22.5000  -37.500012366.9873   51.2589
    0.0000   22.5000  -37.500013026.1133   51.2031
    7.5000   22.5000  -37.500012412.8242   51.1793
   -7.5000   30.0000  -37.500012022.1641   52.6738
    0.0000   30.0000  -37.500012668.8330   52.6358
    7.5000   30.0000  -37.500012055.8076   52.6175
   -7.5000   37.5000  -37.500012039.7900   54.2648
    0.0000   37.5000  -37.500012680.5488   54.2167
    7.5000   37.5000  -37.500012080.0156   54.1702
   -7.5000   45.0000  -37.500011521.2041   55.2859
    0.0000   45.0000  -37.500012114.9980   55.2003
    7.5000   45.0000  -37.500011551.3701   55.1025
   -7.5000  -45.0000  -30.0000 8225.9893   37.9069
    0.0000  -45.0000  -30.0000 8618.4219   37.9090
    7.5000  -45.0000  -30.0000 8207.0889   37.8559
   -7.5000  -37.5000  -30.0000 8819.1777   40.7309
    0.0000  -37.5000  -30.0000 9235.0879   40.6928
    7.5000  -37.5000  -30.0000 8812.9189   40.6617
   -7.5000  -30.0000  -30.0000 9387.0078   41.1315
    0.0000  -30.0000  -30.0000 9846.9961   41.1005
    7.5000  -30.0000  -30.0000 9399.8096   41.0858
   -7.5000  -22.5000  -30.0000 9914.9229   41.4872
    0.0000  -22.5000  -30.000010400.9238   41.4753
    7.5000  -22.5000  -30.0000 9936.2305   41.4705
   -7.5000  -15.0000  -30.000010421.1670   42.0568
    0.0000  -15.0000  -30.000010935.1855   42.0599
    7.5000  -15.0000  -30.000010448.5479   42.0462
   -7.5000   -7.5000  -30.000010957.2754   42.7033
    0.0000   -7.5000  -30.000011506.0303   42.7135
    7.5000   -7.5000  -30.000011011.2334   42.6781
   -7.5000    0.0000  -30.000011820.8496   43.9378
    0.0000    0.0000  -30.000012431.6006   43.9384
    7.5000    0.0000  -30.000011899.1904   43.8887
   -7.5000    7.5000  -30.000012483.8193   47.8689
    0.0000    7.5000  -30.000013141.6240   47.8251
    7.5000    7.5000  -30.000012590.2979   47.7969
   -7.5000   15.0000  -30.000013378.9717   51.4855
    0.0000   15.0000  -30.000014082.7695   51.4388
    7.5000   15.0000  -30.000013457.8340   51.4294
   -7.5000   22.5000  -30.000013247.7559   53.5275
    0.0000   22.5000  -30.000013961.6562   53.4824
    7.5000   22.5000  -30.000013302.3145   53.4797
   -7.5000   30.0000  -30.000012923.0820   55.0340
    0.0000   30.0000  -30.000013622.0322   55.0036
    7.5000   30.0000  -30.000012952.4521   55.0026
   -7.5000   37.5000  -30.000012949.4648   56.6566
    0.0000   37.5000  -30.000013658.4980   56.6182
    7.5000   37.5000  -30.000012990.7607   56.5843
   -7.5000   45.0000  -30.000012385.8545   57.7018
    0.0000   45.0000  -30.000013059.0840   57.6310
    7.5000   45.0000  -30.000012421.5615   57.5533
   -7.5000  -45.0000  -22.5000 8746.0859   38.9473
    0.0000  -45.0000  -22.5000 9140.0889   38.9552
    7.5000  -45.0000  -22.5000 8705.9229   38.9195
   -7.5000  -37.5000  -22.5000 9343.3232   41.8421
    0.0000  -37.5000  -22.5000 9768.0068   41.8243
    7.5000  -37.5000  -22.5000 9335.6611   41.8092
   -7.5000  -30.0000  -22.5000 9956.9814   42.3311
    0.0000  -30.0000  -22.500010416.5225   42.3148
    7.5000  -30.0000  -22.5000 9961.5625   42.3123
   -7.5000  -22.5000  -22.500010538.4580   42.7602
    0.0000  -22.5000  -22.500011031.8242   42.7539
    7.5000  -22.5000  -22.500010555.1533   42.7634
   -7.5000  -15.0000  -22.500011110.5244   43.3654
    0.0000  -15.0000  -22.500011647.7832   43.3681
    7.5000  -15.0000  -22.500011138.5264   43.3734
   -7.5000   -7.5000  -22.500011700.8242   44.0239
    0.0000   -7.5000  -22.500012269.8369   44.0338
    7.5000   -7.5000  -22.500011746.5430   44.0195
   -7.5000    0.0000  -22.500012618.5742   45.3054
    0.0000    0.0000  -22.500013251.1191   45.3135
    7.5000    0.0000  -22.500012683.3975   45.2839
   -7.5000    7.5000  -22.500013305.7227   49.3609
    0.0000    7.5000  -22.500013985.7881   49.3390
    7.5000    7.5000  -22.500013396.3057   49.3277
   -7.5000   15.0000  -22.500014290.6182   53.1131
    0.0000   15.0000  -22.500015021.4434   53.0902
    7.5000   15.0000  -22.500014366.4473   53.0908
   -7.5000   22.5000  -22.500014183.9707   55.2490
    0.0000   22.5000  -22.500014930.2842   55.2199
    7.5000   22.5000  -22.500014241.7373   55.2313
   -7.5000   30.0000  -22.500013827.1582   56.8027
    0.0000   30.0000  -22.500014581.0146   56.7838
    7.5000   30.0000  -22.500013859.7158   56.7933
   -7.5000   37.5000  -22.500013889.1777   58.4223
    0.0000   37.5000  -22.500014660.4795   58.4009
    7.5000   37.5000  -22.500013922.4248   58.3810
   -7.5000   45.0000  -22.500013288.9658   59.4838
    0.0000   45.0000  -22.500014011.5508   59.4400
    7.5000   45.0000  -22.500013314.5967   59.3812
   -7.5000  -45.0000  -15.0000 9223.2676   39.6256
    0.0000  -45.0000  -15.0000 9660.8867   39.6250
    7.5000  -45.0000  -15.0000 9194.3428   39.6023
   -7.5000  -37.5000  -15.0000 9858.3770   42.5415
    0.0000  -37.5000  -15.000010316.1758   42.5257
    7.5000  -37.5000  -15.0000 9855.9951   42.5140
   -7.5000  -30.0000  -15.000010473.7559   43.0635
    0.0000  -30.0000  -15.000010958.5713   43.0487
    7.5000  -30.0000  -15.000010487.7402   43.0474
   -7.5000  -22.5000  -15.000011075.0127   43.5450
    0.0000  -22.5000  -15.000011591.2402   43.5341
    7.5000  -22.5000  -15.000011110.0908   43.5478
   -7.5000  -15.0000  -15.000011715.8320   44.1979
    0.0000  -15.0000  -15.000012275.1924   44.1920
    7.5000  -15.0000  -15.000011753.9268   44.2097
   -7.5000   -7.5000  -15.000012401.6348   44.8922
    0.0000   -7.5000  -15.000012995.9922   44.8904
    7.5000   -7.5000  -15.000012442.6885   44.8940
   -7.5000    0.0000  -15.000013421.8369   46.2137
    0.0000    0.0000  -15.000014071.2842   46.2127
    7.5000    0.0000  -15.000013480.3164   46.1979
   -7.5000    7.5000  -15.000014142.7734   50.3154
    0.0000    7.5000  -15.000014842.1064   50.2956
    7.5000    7.5000  -15.000014230.0176   50.2873
   -7.5000   15.0000  -15.000015181.7861   54.1675
    0.0000   15.0000  -15.000015957.3145   54.1500
    7.5000   15.0000  -15.000015267.8818   54.1436
   -7.5000   22.5000  -15.000015161.0195   56.3698
    0.0000   22.5000  -15.000015952.0020   56.3448
    7.5000   22.5000  -15.000015216.3496   56.3499
   -7.5000   30.0000  -15.000014772.0752   57.9285
    0.0000   30.0000  -15.000015556.5518   57.9099
    7.5000   30.0000  -15.000014812.4590   57.9123
   -7.5000   37.5000  -15.000014809.2871   59.5676
    0.0000   37.5000  -15.000015602.7275   59.5500
    7.5000   37.5000  -15.000014845.3594   59.5315
   -7.5000   45.0000  -15.000014161.1367   60.6647
    0.0000   45.0000  -15.000014905.4346   60.6295
    7.5000   45.0000  -15.000014178.2480   60.5665
   -7.5000  -45.0000   -7.5000 9604.4326   40.0306
    0.0000  -45.0000   -7.500010063.9248   40.0163
    7.5000  -45.0000   -7.5000 9587.1016   39.9880
   -7.5000  -37.5000   -7.500010328.6533   42.9483
    0.0000  -37.5000   -7.500010818.4443   42.9150
    7.5000  -37.5000   -7.500010328.2363   42.8907
   -7.5000  -30.0000   -7.500010940.3096   43.4476
    0.0000  -30.0000   -7.500011451.6416   43.4224
    7.5000  -30.0000   -7.500010948.9385   43.4105
   -7.5000  -22.5000   -7.500011537.7822   43.9419
    0.0000  -22.5000   -7.500012064.1953   43.9249
    7.5000  -22.5000   -7.500011554.8066   43.9295
   -7.5000  -15.0000   -7.500012189.3242   44.6503
    0.0000  -15.0000   -7.500012739.9092   44.6398
    7.5000  -15.0000   -7.500012217.0020   44.6513
   -7.5000   -7.5000   -7.500012935.0098   45.4150
    0.0000   -7.5000   -7.500013529.9248   45.4040
    7.5000   -7.5000   -7.500012966.8975   45.4043
   -7.5000    0.0000   -7.500014082.6387   46.7961
    0.0000    0.0000   -7.500014726.1084   46.7794
    7.5000    0.0000   -7.500014129.5283   46.7585
   -7.5000    7.5000   -7.500014942.0400   50.9047
    0.0000    7.5000   -7.500015655.9512   50.8658
    7.5000    7.5000   -7.500015042.2480   50.8439
   -7.5000   15.0000   -7.500016096.9961   54.7959
    0.0000   15.0000   -7.500016898.2578   54.7633
    7.5000   15.0000   -7.500016169.7715   54.7435
   -7.5000   22.5000   -7.500016126.1768   57.0214
    0.0000   22.5000   -7.500016866.8555   56.9903
    7.5000   22.5000   -7.500016129.7051   56.9772
   -7.5000   30.0000   -7.500015675.5127   58.5727
    0.0000   30.0000   -7.500016423.6426   58.5496
    7.5000   30.0000   -7.500015704.6807   58.5370
   -7.5000   37.5000   -7.500015721.6348   60.2772
    0.0000   37.5000   -7.500016468.2852   60.2491
    7.5000   37.5000   -7.500015721.9092   60.2178
   -7.5000   45.0000   -7.500015046.6445   61.4158
    0.0000   45.0000   -7.500015715.0586   61.3607
    7.5000   45.0000   -7.500014993.8516   61.2751
   -7.5000  -45.0000    0.0000 9777.1680   40.3871
    0.0000  -45.0000    0.000010249.0928   40.3657
    7.5000  -45.0000    0.0000 9782.3252   40.3172
   -7.5000  -37.5000    0.000010649.8848   43.3370
    0.0000  -37.5000    0.000011154.9805   43.2819
    7.5000  -37.5000    0.000010647.4707   43.2377
   -7.5000  -30.0000    0.000011256.3301   43.8052
    0.0000  -30.0000    0.000011759.8252   43.7627
    7.5000  -30.0000    0.000011266.8779   43.7347
   -7.5000  -22.5000    0.000011840.4082   44.2846
    0.0000  -22.5000    0.000012365.0654   44.2603
    7.5000  -22.5000    0.000011846.8115   44.2484
   -7.5000  -15.0000    0.000012478.9531   45.0298
    0.0000  -15.0000    0.000013040.9141   45.0189
    7.5000  -15.0000    0.000012503.1650   45.0105
   -7.5000   -7.5000    0.000013246.7764   45.8707
    0.0000   -7.5000    0.000013856.1289   45.8595
    7.5000   -7.5000    0.000013289.6025   45.8367
   -7.5000    0.0000    0.000014493.7246   47.3318
    0.0000    0.0000    0.000015137.6113   47.3063
    7.5000    0.0000    0.000014538.0693   47.2622
   -7.5000    7.5000    0.000015594.8291   51.4845
    0.0000    7.5000    0.000016314.7432   51.4217
    7.5000    7.5000    0.000015660.7422   51.3787
   -7.5000   15.0000    0.000016962.3789   55.3947
    0.0000   15.0000    0.000017780.9980   55.3337
    7.5000   15.0000    0.000016977.1738   55.3000
   -7.5000   22.5000    0.000017020.2891   57.6106
    0.0000   22.5000    0.000017664.7051   57.5602
    7.5000   22.5000    0.000016894.2949   57.5295
   -7.5000   30.0000    0.000016546.6680   59.1699
    0.0000   30.0000    0.000017065.8438   59.1353
    7.5000   30.0000    0.000016399.0703   59.1105
   -7.5000   37.5000    0.000016619.6387   60.9469
    0.0000   37.5000    0.000017209.8125   60.9015
    7.5000   37.5000    0.000016503.4570   60.8519
   -7.5000   45.0000    0.000015901.3271   62.1191
    0.0000   45.0000    0.000016503.7637   62.0342
    7.5000   45.0000    0.000015783.7725   61.9241
   -7.5000  -45.0000    7.5000 9041.0908   40.3205
    0.0000  -45.0000    7.5000 9464.6094   40.3067
    7.5000  -45.0000    7.5000 9056.1338   40.2442
   -7.5000  -37.5000    7.500010013.4473   43.3015
    0.0000  -37.5000    7.500010484.8262   43.2415
    7.5000  -37.5000    7.500010034.5830   43.1926
   -7.5000  -30.0000    7.500010600.9521   43.7604
    0.0000  -30.0000    7.500011081.5342   43.7121
    7.5000  -30.0000    7.500010625.5449   43.6818
   -7.5000  -22.5000    7.500011169.9199   44.2160
    0.0000  -22.5000    7.500011667.7793   44.1916
    7.5000  -22.5000    7.500011181.1982   44.1742
   -7.5000  -15.0000    7.500011743.0996   44.9481
    0.0000  -15.0000    7.500012257.9639   44.9425
    7.5000  -15.0000    7.500011764.1641   44.9199
   -7.5000   -7.5000    7.500012461.6592   45.7994
    0.0000   -7.5000    7.500012999.3564   45.7981
    7.5000   -7.5000    7.500012499.4014   45.7561
   -7.5000    0.0000    7.500013677.5996   47.2848
    0.0000    0.0000    7.500014250.2012   47.2671
    7.5000    0.0000    7.500013713.7988   47.2068
   -7.5000    7.5000    7.500014897.8291   51.4724
    0.0000    7.5000    7.500015537.4414   51.4040
    7.5000    7.5000    7.500014916.9072   51.3562
   -7.5000   15.0000    7.500016323.3203   55.3626
    0.0000   15.0000    7.500017060.2207   55.2901
    7.5000   15.0000    7.500016334.7881   55.2591
   -7.5000   22.5000    7.500016361.2559   57.5479
    0.0000   22.5000    7.500017052.1289   57.4852
    7.5000   22.5000    7.500016378.9170   57.4585
   -7.5000   30.0000    7.500015997.1963   59.1315
    0.0000   30.0000    7.500016646.6973   59.0888
    7.5000   30.0000    7.500015982.1709   59.0683
   -7.5000   37.5000    7.500016066.9482   60.9175
    0.0000   37.5000    7.500016728.8105   60.8635
    7.5000   37.5000    7.500016020.6973   60.8113
   -7.5000   45.0000    7.500015306.0713   62.0890
    0.0000   45.0000    7.500015971.0771   61.9928
    7.5000   45.0000    7.500015274.1934   61.8830
   -7.5000  -45.0000   15.0000 8187.9766   40.2094
    0.0000  -45.0000   15.0000 8561.2422   40.2115
    7.5000  -45.0000   15.0000 8189.2773   40.1547
   -7.5000  -37.5000   15.0000 9202.5010   43.2025
    0.0000  -37.5000   15.0000 9646.1973   43.1619
    7.5000  -37.5000   15.0000 9234.3369   43.1285
   -7.5000  -30.0000   15.0000 9768.6553   43.6959
    0.0000  -30.0000   15.000010213.2314   43.6627
    7.5000  -30.0000   15.0000 9791.7607   43.6466
   -7.5000  -22.5000   15.000010325.8447   44.1613
    0.0000  -22.5000   15.000010773.3359   44.1484
    7.5000  -22.5000   15.000010341.8730   44.1427
   -7.5000  -15.0000   15.000010880.6582   44.8744
    0.0000  -15.0000   15.000011337.4189   44.8775
    7.5000  -15.0000   15.000010879.3076   44.8621
   -7.5000   -7.5000   15.000011560.7598   45.6975
    0.0000   -7.5000   15.000012044.1094   45.7082
    7.5000   -7.5000   15.000011555.5439   45.6697
   -7.5000    0.0000   15.000012764.9443   47.1728
    0.0000    0.0000   15.000013268.6826   47.1733
    7.5000    0.0000   15.000012732.3027   47.1194
   -7.5000    7.5000   15.000014039.8750   51.3877
    0.0000    7.5000   15.000014608.9150   51.3405
    7.5000    7.5000   15.000014013.4482   51.3097
   -7.5000   15.0000   15.000015499.2090   55.2671
    0.0000   15.0000   15.000016120.5488   55.2167
    7.5000   15.0000   15.000015466.5645   55.2062
   -7.5000   22.5000   15.000015515.8271   57.4484
    0.0000   22.5000   15.000016151.1504   57.3999
    7.5000   22.5000   15.000015490.1709   57.3966
   -7.5000   30.0000   15.000015192.7207   59.0613
    0.0000   30.0000   15.000015889.4551   59.0286
    7.5000   30.0000   15.000015193.1377   59.0272
   -7.5000   37.5000   15.000015271.5713   60.8013
    0.0000   37.5000   15.000016015.9473   60.7602
    7.5000   37.5000   15.000015267.3613   60.7234
   -7.5000   45.0000   15.000014589.9180   61.9375
    0.0000   45.0000   15.000015303.0713   61.8616
    7.5000   45.0000   15.000014584.1758   61.7779
   -7.5000  -45.0000   22.5000 7343.5073   40.1036
    0.0000  -45.0000   22.5000 7672.4326   40.1117
    7.5000  -45.0000   22.5000 7319.7759   40.0731
   -7.5000  -37.5000   22.5000 8351.2754   43.0798
    0.0000  -37.5000   22.5000 8735.8203   43.0615
    7.5000  -37.5000   22.5000 8337.1201   43.0443
   -7.5000  -30.0000   22.5000 8857.9424   43.6290
    0.0000  -30.0000   22.5000 9266.0234   43.6120
    7.5000  -30.0000   22.5000 8851.5703   43.6075
   -7.5000  -22.5000   22.5000 9394.0615   44.1333
    0.0000  -22.5000   22.5000 9821.3242   44.1264
    7.5000  -22.5000   22.5000 9392.8721   44.1340
   -7.5000  -15.0000   22.5000 9978.8545   44.8367
    0.0000  -15.0000   22.500010418.2852   44.8391
    7.5000  -15.0000   22.5000 9965.6572   44.8422
   -7.5000   -7.5000   22.500010659.8613   45.6146
    0.0000   -7.5000   22.500011099.4375   45.6245
    7.5000   -7.5000   22.500010620.4189   45.6073
   -7.5000    0.0000   22.500011777.8506   47.0498
    0.0000    0.0000   22.500012239.5576   47.0580
    7.5000    0.0000   22.500011707.1475   47.0249
   -7.5000    7.5000   22.500013009.9551   51.2571
    0.0000    7.5000   22.500013529.4111   51.2342
    7.5000    7.5000   22.500012944.4209   51.2203
   -7.5000   15.0000   22.500014462.5381   55.1535
    0.0000   15.0000   22.500015046.3682   55.1295
    7.5000   15.0000   22.500014365.3613   55.1279
   -7.5000   22.5000   22.500014542.2334   57.3634
    0.0000   22.5000   22.500015166.2432   57.3330
    7.5000   22.5000   22.500014452.4658   57.3429
   -7.5000   30.0000   22.500014217.5723   58.9753
    0.0000   30.0000   22.500014852.7949   58.9557
    7.5000   30.0000   22.500014145.0068   58.9638
   -7.5000   37.5000   22.500014273.2861   60.6539
    0.0000   37.5000   22.500014941.2656   60.6320
    7.5000   37.5000   22.500014227.4824   60.6096
   -7.5000   45.0000   22.500013676.0518   61.7652
    0.0000   45.0000   22.500014317.5029   61.7201
    7.5000   45.0000   22.500013643.1963   61.6573
   -7.5000  -45.0000   30.0000 6631.5835   40.7103
    0.0000  -45.0000   30.0000 6934.9551   40.7112
    7.5000  -45.0000   30.0000 6584.5820   40.6839
   -7.5000  -37.5000   30.0000 7570.6831   43.3349
    0.0000  -37.5000   30.0000 7907.0693   43.3190
    7.5000  -37.5000   30.0000 7521.5312   43.3039
   -7.5000  -30.0000   30.0000 8018.9683   43.9205
    0.0000  -30.0000   30.0000 8365.3369   43.9052
    7.5000  -30.0000   30.0000 7978.5127   43.9003
   -7.5000  -22.5000   30.0000 8511.3955   44.5135
    0.0000  -22.5000   30.0000 8887.4102   44.5021
    7.5000  -22.5000   30.0000 8481.3857   44.5121
   -7.5000  -15.0000   30.0000 9096.8965   45.3453
    0.0000  -15.0000   30.0000 9486.3066   45.3398
    7.5000  -15.0000   30.0000 9047.8340   45.3538
   -7.5000   -7.5000   30.0000 9806.7100   46.2427
    0.0000   -7.5000   30.000010217.5127   46.2424
    7.5000   -7.5000   30.0000 9729.1260   46.2417
   -7.5000    0.0000   30.000010859.8096   47.7214
    0.0000    0.0000   30.000011311.4482   47.7217
    7.5000    0.0000   30.000010756.8320   47.7019
   -7.5000    7.5000   30.000011897.5791   51.5547
    0.0000    7.5000   30.000012418.8350   51.5344
    7.5000    7.5000   30.000011776.5215   51.5220
   -7.5000   15.0000   30.000013249.3799   55.5208
    0.0000   15.0000   30.000013837.1602   55.5031
    7.5000   15.0000   30.000013099.1162   55.4924
   -7.5000   22.5000   30.000013425.0254   57.7942
    0.0000   22.5000   30.000014042.6699   57.7685
    7.5000   22.5000   30.000013300.5469   57.7705
   -7.5000   30.0000   30.000013118.9561   59.4133
    0.0000   30.0000   30.000013733.9795   59.3941
    7.5000   30.0000   30.000013032.6562   59.3938
   -7.5000   37.5000   30.000013182.8496   61.1041
    0.0000   37.5000   30.000013804.5938   61.0863
    7.5000   37.5000   30.000013115.3740   61.0644
   -7.5000   45.0000   30.000012650.9180   62.2561
    0.0000   45.0000   30.000013266.5146   62.2207
    7.5000   45.0000   30.000012599.3320   62.1524
   -7.5000  -45.0000   37.5000 6378.0464   42.5243
    0.0000  -45.0000   37.5000 6647.8867   42.5029
    7.5000  -45.0000   37.5000 6329.4478   42.4651
   -7.5000  -37.5000   37.5000 7260.5566   44.7150
    0.0000  -37.5000   37.5000 7573.7305   44.6766
    7.5000  -37.5000   37.5000 7194.1021   44.6464
   -7.5000  -30.0000   37.5000 7770.3955   45.4235
    0.0000  -30.0000   37.5000 8100.7285   45.3940
    7.5000  -30.0000   37.5000 7705.2119   45.3753
   -7.5000  -22.5000   37.5000 8298.3965   46.1475
    0.0000  -22.5000   37.5000 8661.8711   46.1271
    7.5000  -22.5000   37.5000 8229.7090   46.1258
   -7.5000  -15.0000   37.5000 8897.4658   47.1356
    0.0000  -15.0000   37.5000 9286.2617   47.1226
    7.5000  -15.0000   37.5000 8794.4785   47.1296
   -7.5000   -7.5000   37.5000 9597.9023   48.1780
    0.0000   -7.5000   37.500010018.3711   48.1624
    7.5000   -7.5000   37.5000 9478.4717   48.1567
   -7.5000    0.0000   37.500010585.9355   49.7503
    0.0000    0.0000   37.500011049.1250   49.7253
    7.5000    0.0000   37.500010458.0439   49.6946
   -7.5000    7.5000   37.500011440.0469   53.1438
    0.0000    7.5000   37.500011959.2822   53.0985
    7.5000    7.5000   37.500011310.3262   53.0696
   -7.5000   15.0000   37.500012462.6025   56.5490
    0.0000   15.0000   37.500013043.5566   56.5110
    7.5000   15.0000   37.500012315.4893   56.4862
   -7.5000   22.5000   37.500012670.1650   58.8527
    0.0000   22.5000   37.500013286.8711   58.8171
    7.5000   22.5000   37.500012541.4922   58.8026
   -7.5000   30.0000   37.500012375.4336   60.4954
    0.0000   30.0000   37.500012983.6260   60.4687
    7.5000   30.0000   37.500012284.0547   60.4570
   -7.5000   37.5000   37.500012491.0400   62.2845
    0.0000   37.5000   37.500013089.2314   62.2521
    7.5000   37.5000   37.500012417.6807   62.2203
   -7.5000   45.0000   37.500012013.9990   63.5149
    0.0000   45.0000   37.500012608.5479   63.4532
    7.5000   45.0000   37.500011954.7803   63.3618
   -7.5000  -45.0000   45.0000 5992.4834   45.1148
    0.0000  -45.0000   45.0000 6258.9741   45.0920
    7.5000  -45.0000   45.0000 5956.5166   45.0228
   -7.5000  -37.5000   45.0000 6787.6436   46.8823
    0.0000  -37.5000   45.0000 7099.3208   46.8155
    7.5000  -37.5000   45.0000 6728.5786   46.7528
   -7.5000  -30.0000   45.0000 7345.0156   47.7223
    0.0000  -30.0000   45.0000 7669.0386   47.6717
    7.5000  -30.0000   45.0000 7271.6284   47.6270
   -7.5000  -22.5000   45.0000 7894.3184   48.5837
    0.0000  -22.5000   45.0000 8243.0557   48.5593
    7.5000  -22.5000   45.0000 7807.8184   48.5338
   -7.5000  -15.0000   45.0000 8507.1084   49.7445
    0.0000  -15.0000   45.0000 8891.4727   49.7421
    7.5000  -15.0000   45.0000 8411.6855   49.7220
   -7.5000   -7.5000   45.0000 9180.4082   50.9360
    0.0000   -7.5000   45.0000 9598.2793   50.9327
    7.5000   -7.5000   45.0000 9072.5039   50.8954
   -7.5000    0.0000   45.000010077.8086   52.6156
    0.0000    0.0000   45.000010538.2783   52.5878
    7.5000    0.0000   45.0000 9962.0693   52.5229
   -7.5000    7.5000   45.000010776.2881   55.6237
    0.0000    7.5000   45.000011271.8418   55.5474
    7.5000    7.5000   45.000010655.0361   55.4840
   -7.5000   15.0000   45.000011423.9561   58.4048
    0.0000   15.0000   45.000011951.6084   58.3330
    7.5000   15.0000   45.000011284.3369   58.2858
   -7.5000   22.5000   45.000011419.5088   60.2593
    0.0000   22.5000   45.000011956.7812   60.2033
    7.5000   22.5000   45.000011285.2002   60.1624
   -7.5000   30.0000   45.000011171.6660   61.9278
    0.0000   30.0000   45.000011701.2334   61.8931
    7.5000   30.0000   45.000011070.7148   61.8601
   -7.5000   37.5000   45.000011325.6514   63.8460
    0.0000   37.5000   45.000011860.8818   63.7997
    7.5000   37.5000   45.000011242.9131   63.7392
   -7.5000   45.0000   45.000010938.1445   65.1830
    0.0000   45.0000   45.000011461.1953   65.0895
    7.5000   45.0000   45.000010867.4990   64.9614

---------------------------------------------------------------------
imgreg_4dfp /opt/freesurfer/average/3T18yoSchwartzReactN32_as_orig /opt/freesurfer/average/711-2B_as_mni_average_305_mask talsrcimg_g11 none talsrcimg_to_3T18yoSchwartzReactN32_as_orig_t4 4355
---------------------------------------------------------------------

freesurfer imgreg_4dfp.c
/opt/freesurfer/average/3T18yoSchwartzReactN32_as_orig.4dfp.img
       256       256       256         1
  1.000000  1.000000  1.000000
orientation T byte_order littleendian
Reading image: /opt/freesurfer/average/3T18yoSchwartzReactN32_as_orig.4dfp.img
dimensions:      256       256       256
mmppix:       1.0000   -1.0000   -1.0000
center:     128.0000 -129.0000 -129.0000
/opt/freesurfer/average/711-2B_as_mni_average_305_mask.4dfp.img
       256       256       256         1
  1.000000  1.000000  1.000000
orientation T byte_order littleendian
Reading mask: /opt/freesurfer/average/711-2B_as_mni_average_305_mask.4dfp.img (2306576 pixels)
talsrcimg_g11.4dfp.img
       320       320       320         1
  0.799995  0.799995  0.799995
orientation T byte_order littleendian
Reading image: talsrcimg_g11.4dfp.img
dimensions:      320       320       320
mmppix:       0.8000   -0.8000   -0.8000
center:     127.9992 -128.7992 -128.7992
rotation matrix determinant  1.000000
image alignment mode   4355 decimal     1103 hex
   -7.5000  -30.0000  -45.0000 2078.6389   66.5919
    0.0000  -30.0000  -45.0000 2098.3098   65.4891
    7.5000  -30.0000  -45.0000 2079.7263   65.7569
   -7.5000  -22.5000  -45.0000 2146.9634   65.1511
    0.0000  -22.5000  -45.0000 2164.6707   64.1785
    7.5000  -22.5000  -45.0000 2145.9631   64.2990
   -7.5000  -15.0000  -45.0000 2217.3506   63.4568
    0.0000  -15.0000  -45.0000 2237.1187   62.4439
    7.5000  -15.0000  -45.0000 2218.7029   62.7061
   -7.5000   -7.5000  -45.0000 2266.4702   61.6953
    0.0000   -7.5000  -45.0000 2288.4810   60.7829
    7.5000   -7.5000  -45.0000 2268.9626   60.9787
   -7.5000    0.0000  -45.0000 2303.6099   60.1638
    0.0000    0.0000  -45.0000 2327.6482   59.4154
    7.5000    0.0000  -45.0000 2308.9746   59.2865
   -7.5000    7.5000  -45.0000 2334.5010   58.5388
    0.0000    7.5000  -45.0000 2355.7417   57.9015
    7.5000    7.5000  -45.0000 2339.3096   57.7086
   -7.5000   15.0000  -45.0000 2345.6406   57.0708
    0.0000   15.0000  -45.0000 2373.1497   56.5123
    7.5000   15.0000  -45.0000 2353.4778   56.3398
   -7.5000   22.5000  -45.0000 2361.2385   56.4336
    0.0000   22.5000  -45.0000 2381.6672   55.6112
    7.5000   22.5000  -45.0000 2362.9966   55.4671
   -7.5000   30.0000  -45.0000 2354.9536   56.2840
    0.0000   30.0000  -45.0000 2377.6721   55.4099
    7.5000   30.0000  -45.0000 2366.4368   55.3699
   -7.5000   37.5000  -45.0000 2334.3718   56.9917
    0.0000   37.5000  -45.0000 2361.8560   56.0199
    7.5000   37.5000  -45.0000 2348.2183   56.0182
   -7.5000   45.0000  -45.0000 2307.6099   58.9387
    0.0000   45.0000  -45.0000 2331.1592   57.7693
    7.5000   45.0000  -45.0000 2318.1233   57.6655
   -7.5000   52.5000  -45.0000 2234.2712   61.8265
    0.0000   52.5000  -45.0000 2254.5835   60.7570
    7.5000   52.5000  -45.0000 2241.7629   60.5139
   -7.5000   60.0000  -45.0000 2115.9045   65.2747
    0.0000   60.0000  -45.0000 2129.4197   64.2108
    7.5000   60.0000  -45.0000 2116.1711   63.9945
   -7.5000  -30.0000  -37.5000 2149.6272   62.3219
    0.0000  -30.0000  -37.5000 2164.5713   61.4056
    7.5000  -30.0000  -37.5000 2148.0557   61.7585
   -7.5000  -22.5000  -37.5000 2214.7542   60.7955
    0.0000  -22.5000  -37.5000 2230.2610   59.9250
    7.5000  -22.5000  -37.5000 2214.5574   60.1227
   -7.5000  -15.0000  -37.5000 2290.3708   59.2217
    0.0000  -15.0000  -37.5000 2309.2507   58.3604
    7.5000  -15.0000  -37.5000 2295.4785   58.6028
   -7.5000   -7.5000  -37.5000 2341.6750   57.4484
    0.0000   -7.5000  -37.5000 2363.4983   56.6879
    7.5000   -7.5000  -37.5000 2353.5627   56.8383
   -7.5000    0.0000  -37.5000 2388.2512   55.7848
    0.0000    0.0000  -37.5000 2413.8274   55.0340
    7.5000    0.0000  -37.5000 2394.1821   54.9940
   -7.5000    7.5000  -37.5000 2421.2490   54.2949
    0.0000    7.5000  -37.5000 2448.8845   53.6349
    7.5000    7.5000  -37.5000 2430.9963   53.4442
   -7.5000   15.0000  -37.5000 2445.7893   53.0433
    0.0000   15.0000  -37.5000 2473.4871   52.4729
    7.5000   15.0000  -37.5000 2453.8381   52.2616
   -7.5000   22.5000  -37.5000 2460.4360   52.1617
    0.0000   22.5000  -37.5000 2489.1670   51.6000
    7.5000   22.5000  -37.5000 2466.7117   51.4537
   -7.5000   30.0000  -37.5000 2466.8052   52.1969
    0.0000   30.0000  -37.5000 2496.5579   51.5425
    7.5000   30.0000  -37.5000 2479.1294   51.4383
   -7.5000   37.5000  -37.5000 2453.3203   53.0088
    0.0000   37.5000  -37.5000 2483.3726   52.1738
    7.5000   37.5000  -37.5000 2465.3379   52.1167
   -7.5000   45.0000  -37.5000 2425.0105   54.9585
    0.0000   45.0000  -37.5000 2449.5293   54.0276
    7.5000   45.0000  -37.5000 2430.6599   53.8586
   -7.5000   52.5000  -37.5000 2348.7671   57.6837
    0.0000   52.5000  -37.5000 2370.8240   56.7190
    7.5000   52.5000  -37.5000 2357.3418   56.5418
   -7.5000   60.0000  -37.5000 2219.9968   60.9046
    0.0000   60.0000  -37.5000 2242.8416   59.9700
    7.5000   60.0000  -37.5000 2231.2773   59.8919
   -7.5000  -30.0000  -30.0000 2269.5872   60.8512
    0.0000  -30.0000  -30.0000 2281.9663   59.8262
    7.5000  -30.0000  -30.0000 2268.2314   60.4054
   -7.5000  -22.5000  -30.0000 2338.0239   58.9765
    0.0000  -22.5000  -30.0000 2355.2717   58.1149
    7.5000  -22.5000  -30.0000 2336.6802   58.4568
   -7.5000  -15.0000  -30.0000 2406.8638   56.9049
    0.0000  -15.0000  -30.0000 2427.1172   56.1834
    7.5000  -15.0000  -30.0000 2409.7930   56.4161
   -7.5000   -7.5000  -30.0000 2466.3113   54.9757
    0.0000   -7.5000  -30.0000 2488.3882   54.3886
    7.5000   -7.5000  -30.0000 2475.7810   54.5994
   -7.5000    0.0000  -30.0000 2516.8076   53.2495
    0.0000    0.0000  -30.0000 2540.3137   52.7703
    7.5000    0.0000  -30.0000 2522.1409   52.7296
   -7.5000    7.5000  -30.0000 2556.7234   51.7541
    0.0000    7.5000  -30.0000 2583.8081   51.1935
    7.5000    7.5000  -30.0000 2564.7651   51.0912
   -7.5000   15.0000  -30.0000 2589.4138   50.6038
    0.0000   15.0000  -30.0000 2620.9192   50.0657
    7.5000   15.0000  -30.0000 2596.7832   49.9085
   -7.5000   22.5000  -30.0000 2614.3752   49.7619
    0.0000   22.5000  -30.0000 2646.6965   49.3544
    7.5000   22.5000  -30.0000 2622.6462   49.1239
   -7.5000   30.0000  -30.0000 2632.3257   49.8071
    0.0000   30.0000  -30.0000 2663.6602   49.3510
    7.5000   30.0000  -30.0000 2641.0391   49.2189
   -7.5000   37.5000  -30.0000 2620.7192   50.7642
    0.0000   37.5000  -30.0000 2653.9072   50.0966
    7.5000   37.5000  -30.0000 2634.8877   50.0783
   -7.5000   45.0000  -30.0000 2587.1799   52.6792
    0.0000   45.0000  -30.0000 2621.7178   51.9226
    7.5000   45.0000  -30.0000 2602.6396   51.8069
   -7.5000   52.5000  -30.0000 2503.8003   55.3725
    0.0000   52.5000  -30.0000 2533.4658   54.5181
    7.5000   52.5000  -30.0000 2518.1965   54.4929
   -7.5000   60.0000  -30.0000 2370.3799   58.7050
    0.0000   60.0000  -30.0000 2399.8992   57.8462
    7.5000   60.0000  -30.0000 2386.4849   57.7464
   -7.5000  -30.0000  -22.5000 2359.4988   59.1015
    0.0000  -30.0000  -22.5000 2369.7656   58.0540
    7.5000  -30.0000  -22.5000 2352.9983   58.5414
   -7.5000  -22.5000  -22.5000 2427.0566   56.9890
    0.0000  -22.5000  -22.5000 2445.0759   56.0524
    7.5000  -22.5000  -22.5000 2428.6948   56.4606
   -7.5000  -15.0000  -22.5000 2497.2466   54.6551
    0.0000  -15.0000  -22.5000 2523.2854   53.8448
    7.5000  -15.0000  -22.5000 2503.3511   54.1382
   -7.5000   -7.5000  -22.5000 2557.4888   52.4767
    0.0000   -7.5000  -22.5000 2584.4336   51.7066
    7.5000   -7.5000  -22.5000 2567.7852   51.9711
   -7.5000    0.0000  -22.5000 2607.3545   50.5794
    0.0000    0.0000  -22.5000 2639.5461   49.9581
    7.5000    0.0000  -22.5000 2618.3933   50.0740
   -7.5000    7.5000  -22.5000 2659.0027   49.0232
    0.0000    7.5000  -22.5000 2691.5950   48.4662
    7.5000    7.5000  -22.5000 2669.2244   48.4403
   -7.5000   15.0000  -22.5000 2704.1489   47.9111
    0.0000   15.0000  -22.5000 2736.9729   47.2650
    7.5000   15.0000  -22.5000 2711.3645   47.2262
   -7.5000   22.5000  -22.5000 2729.9177   47.0420
    0.0000   22.5000  -22.5000 2771.9319   46.5500
    7.5000   22.5000  -22.5000 2744.1003   46.5141
   -7.5000   30.0000  -22.5000 2750.6350   47.1107
    0.0000   30.0000  -22.5000 2794.9924   46.6370
    7.5000   30.0000  -22.5000 2767.4470   46.6097
   -7.5000   37.5000  -22.5000 2750.5422   48.1361
    0.0000   37.5000  -22.5000 2797.1069   47.6643
    7.5000   37.5000  -22.5000 2770.9873   47.5628
   -7.5000   45.0000  -22.5000 2716.8872   50.0769
    0.0000   45.0000  -22.5000 2759.0442   49.4524
    7.5000   45.0000  -22.5000 2737.9856   49.3912
   -7.5000   52.5000  -22.5000 2627.7554   52.7924
    0.0000   52.5000  -22.5000 2660.1147   52.0436
    7.5000   52.5000  -22.5000 2645.7959   51.9324
   -7.5000   60.0000  -22.5000 2482.6672   56.1795
    0.0000   60.0000  -22.5000 2509.8545   55.3139
    7.5000   60.0000  -22.5000 2492.5085   55.2164
   -7.5000  -30.0000  -15.0000 2406.3674   57.7007
    0.0000  -30.0000  -15.0000 2420.5300   56.5471
    7.5000  -30.0000  -15.0000 2401.1917   56.9539
   -7.5000  -22.5000  -15.0000 2473.1482   55.4467
    0.0000  -22.5000  -15.0000 2490.7117   54.2326
    7.5000  -22.5000  -15.0000 2477.4724   54.7695
   -7.5000  -15.0000  -15.0000 2540.6816   52.8802
    0.0000  -15.0000  -15.0000 2566.4966   51.8647
    7.5000  -15.0000  -15.0000 2550.3984   52.2971
   -7.5000   -7.5000  -15.0000 2603.0652   50.4815
    0.0000   -7.5000  -15.0000 2633.3357   49.6751
    7.5000   -7.5000  -15.0000 2616.7869   49.8888
   -7.5000    0.0000  -15.0000 2664.3320   48.4037
    0.0000    0.0000  -15.0000 2697.3054   47.6631
    7.5000    0.0000  -15.0000 2682.6616   47.8790
   -7.5000    7.5000  -15.0000 2721.5066   46.7798
    0.0000    7.5000  -15.0000 2754.4373   46.0167
    7.5000    7.5000  -15.0000 2737.8716   46.1903
   -7.5000   15.0000  -15.0000 2772.9585   45.5798
    0.0000   15.0000  -15.0000 2813.0422   44.8668
    7.5000   15.0000  -15.0000 2787.7151   44.9043
   -7.5000   22.5000  -15.0000 2810.4729   44.7028
    0.0000   22.5000  -15.0000 2858.2605   43.9652
    7.5000   22.5000  -15.0000 2831.7944   44.1470
   -7.5000   30.0000  -15.0000 2839.8040   44.8116
    0.0000   30.0000  -15.0000 2894.6399   44.2111
    7.5000   30.0000  -15.0000 2865.0637   44.3041
   -7.5000   37.5000  -15.0000 2833.5046   45.8604
    0.0000   37.5000  -15.0000 2886.7930   45.2608
    7.5000   37.5000  -15.0000 2861.8311   45.2582
   -7.5000   45.0000  -15.0000 2793.3796   47.8242
    0.0000   45.0000  -15.0000 2837.4739   47.1223
    7.5000   45.0000  -15.0000 2818.7534   47.1505
   -7.5000   52.5000  -15.0000 2693.5920   50.5897
    0.0000   52.5000  -15.0000 2730.7241   49.7733
    7.5000   52.5000  -15.0000 2717.8286   49.7448
   -7.5000   60.0000  -15.0000 2547.5315   54.1015
    0.0000   60.0000  -15.0000 2580.0686   53.2648
    7.5000   60.0000  -15.0000 2561.8457   53.1960
   -7.5000  -30.0000   -7.5000 2433.4395   57.2676
    0.0000  -30.0000   -7.5000 2444.6245   55.8955
    7.5000  -30.0000   -7.5000 2424.8950   56.5367
   -7.5000  -22.5000   -7.5000 2496.3635   54.7792
    0.0000  -22.5000   -7.5000 2509.5432   53.4975
    7.5000  -22.5000   -7.5000 2497.7683   54.2091
   -7.5000  -15.0000   -7.5000 2556.4431   52.1166
    0.0000  -15.0000   -7.5000 2570.4031   50.8373
    7.5000  -15.0000   -7.5000 2562.6399   51.5136
   -7.5000   -7.5000   -7.5000 2612.8689   49.4443
    0.0000   -7.5000   -7.5000 2635.9377   48.3841
    7.5000   -7.5000   -7.5000 2624.7307   48.9082
   -7.5000    0.0000   -7.5000 2674.5229   47.1881
    0.0000    0.0000   -7.5000 2701.7598   46.1424
    7.5000    0.0000   -7.5000 2692.4102   46.5859
   -7.5000    7.5000   -7.5000 2742.5769   45.3579
    0.0000    7.5000   -7.5000 2773.8679   44.3877
    7.5000    7.5000   -7.5000 2762.8469   44.7622
   -7.5000   15.0000   -7.5000 2811.4617   44.0911
    0.0000   15.0000   -7.5000 2854.1089   43.2775
    7.5000   15.0000   -7.5000 2833.6477   43.5360
   -7.5000   22.5000   -7.5000 2858.7209   43.2958
    0.0000   22.5000   -7.5000 2899.5884   42.1518
    7.5000   22.5000   -7.5000 2877.1179   42.5762
   -7.5000   30.0000   -7.5000 2886.3474   43.4277
    0.0000   30.0000   -7.5000 2938.2178   42.2440
    7.5000   30.0000   -7.5000 2917.1577   42.6493
   -7.5000   37.5000   -7.5000 2877.3062   44.5166
    0.0000   37.5000   -7.5000 2926.1738   43.4319
    7.5000   37.5000   -7.5000 2905.9412   43.6262
   -7.5000   45.0000   -7.5000 2836.7888   46.5665
    0.0000   45.0000   -7.5000 2869.5110   45.4279
    7.5000   45.0000   -7.5000 2852.5452   45.5274
   -7.5000   52.5000   -7.5000 2736.9265   49.5655
    0.0000   52.5000   -7.5000 2763.2791   48.3837
    7.5000   52.5000   -7.5000 2749.9795   48.4302
   -7.5000   60.0000   -7.5000 2584.2100   53.0943
    0.0000   60.0000   -7.5000 2612.7512   51.9743
    7.5000   60.0000   -7.5000 2596.3013   51.9710
   -7.5000  -30.0000    0.0000 2438.4839   57.2437
    0.0000  -30.0000    0.0000 2448.0674   55.9372
    7.5000  -30.0000    0.0000 2432.8982   56.7109
   -7.5000  -22.5000    0.0000 2491.9358   54.6608
    0.0000  -22.5000    0.0000 2505.0942   53.3658
    7.5000  -22.5000    0.0000 2491.8208   54.1673
   -7.5000  -15.0000    0.0000 2549.1604   51.9183
    0.0000  -15.0000    0.0000 2568.4280   50.6806
    7.5000  -15.0000    0.0000 2558.7009   51.5849
   -7.5000   -7.5000    0.0000 2605.6450   49.1775
    0.0000   -7.5000    0.0000 2632.4656   48.0539
    7.5000   -7.5000    0.0000 2622.6064   48.8903
   -7.5000    0.0000    0.0000 2667.9697   46.6412
    0.0000    0.0000    0.0000 2695.9219   45.5323
    7.5000    0.0000    0.0000 2686.6265   46.2542
   -7.5000    7.5000    0.0000 2744.5508   44.8693
    0.0000    7.5000    0.0000 2773.7366   43.6758
    7.5000    7.5000    0.0000 2761.0161   44.2954
   -7.5000   15.0000    0.0000 2831.6523   43.8636
    0.0000   15.0000    0.0000 2872.6736   42.8498
    7.5000   15.0000    0.0000 2845.1160   43.1857
   -7.5000   22.5000    0.0000 2898.1619   43.2715
    0.0000   22.5000    0.0000 2924.3157   41.8460
    7.5000   22.5000    0.0000 2893.6550   42.3018
   -7.5000   30.0000    0.0000 2917.0818   43.2397
    0.0000   30.0000    0.0000 2926.2756   41.3966
    7.5000   30.0000    0.0000 2916.2185   42.1251
   -7.5000   37.5000    0.0000 2899.6270   44.2297
    0.0000   37.5000    0.0000 2929.3669   42.7626
    7.5000   37.5000    0.0000 2918.8904   43.1668
   -7.5000   45.0000    0.0000 2856.4258   46.2400
    0.0000   45.0000    0.0000 2885.4702   44.9924
    7.5000   45.0000    0.0000 2870.6758   45.1679
   -7.5000   52.5000    0.0000 2747.6875   49.0757
    0.0000   52.5000    0.0000 2777.7346   47.9701
    7.5000   52.5000    0.0000 2758.5652   47.9689
   -7.5000   60.0000    0.0000 2598.8977   52.6556
    0.0000   60.0000    0.0000 2624.1931   51.6404
    7.5000   60.0000    0.0000 2608.9277   51.5315
   -7.5000  -30.0000    7.5000 2424.5452   57.9468
    0.0000  -30.0000    7.5000 2438.2297   56.7302
    7.5000  -30.0000    7.5000 2420.3862   57.6932
   -7.5000  -22.5000    7.5000 2477.2842   55.2854
    0.0000  -22.5000    7.5000 2492.2153   54.0536
    7.5000  -22.5000    7.5000 2480.2087   55.0005
   -7.5000  -15.0000    7.5000 2526.5884   52.4171
    0.0000  -15.0000    7.5000 2546.7258   51.1806
    7.5000  -15.0000    7.5000 2537.8984   52.1712
   -7.5000   -7.5000    7.5000 2581.5159   49.5704
    0.0000   -7.5000    7.5000 2603.4011   48.3729
    7.5000   -7.5000    7.5000 2596.8420   49.3138
   -7.5000    0.0000    7.5000 2647.0056   47.0562
    0.0000    0.0000    7.5000 2667.4021   45.8180
    7.5000    0.0000    7.5000 2659.7114   46.7290
   -7.5000    7.5000    7.5000 2728.2239   45.3383
    0.0000    7.5000    7.5000 2748.3313   43.9965
    7.5000    7.5000    7.5000 2732.1997   44.8165
   -7.5000   15.0000    7.5000 2815.9160   44.3604
    0.0000   15.0000    7.5000 2844.3215   43.1298
    7.5000   15.0000    7.5000 2816.1716   43.6953
   -7.5000   22.5000    7.5000 2877.9038   43.7231
    0.0000   22.5000    7.5000 2914.0342   42.4532
    7.5000   22.5000    7.5000 2888.9849   43.2636
   -7.5000   30.0000    7.5000 2906.2266   43.9386
    0.0000   30.0000    7.5000 2935.2834   42.4839
    7.5000   30.0000    7.5000 2909.8320   43.3322
   -7.5000   37.5000    7.5000 2885.0205   44.7835
    0.0000   37.5000    7.5000 2911.5105   43.4307
    7.5000   37.5000    7.5000 2888.1599   43.8673
   -7.5000   45.0000    7.5000 2830.1404   46.5634
    0.0000   45.0000    7.5000 2853.2178   45.2804
    7.5000   45.0000    7.5000 2835.8499   45.4555
   -7.5000   52.5000    7.5000 2733.6902   49.4658
    0.0000   52.5000    7.5000 2754.4844   48.2457
    7.5000   52.5000    7.5000 2740.2402   48.2007
   -7.5000   60.0000    7.5000 2588.3218   52.9183
    0.0000   60.0000    7.5000 2608.9182   51.8053
    7.5000   60.0000    7.5000 2598.4551   51.6757
   -7.5000  -30.0000   15.0000 2382.8604   59.2545
    0.0000  -30.0000   15.0000 2403.7317   58.1986
    7.5000  -30.0000   15.0000 2383.2175   59.2603
   -7.5000  -22.5000   15.0000 2438.4307   56.3727
    0.0000  -22.5000   15.0000 2459.0122   55.2945
    7.5000  -22.5000   15.0000 2442.1350   56.2038
   -7.5000  -15.0000   15.0000 2490.7065   53.6443
    0.0000  -15.0000   15.0000 2511.8420   52.4209
    7.5000  -15.0000   15.0000 2496.7305   53.4278
   -7.5000   -7.5000   15.0000 2551.0249   50.9638
    0.0000   -7.5000   15.0000 2571.6873   49.6925
    7.5000   -7.5000   15.0000 2557.6775   50.6852
   -7.5000    0.0000   15.0000 2632.2734   48.7239
    0.0000    0.0000   15.0000 2645.0864   47.3714
    7.5000    0.0000   15.0000 2632.7764   48.4041
   -7.5000    7.5000   15.0000 2716.9219   47.1917
    0.0000    7.5000   15.0000 2730.7673   45.8656
    7.5000    7.5000   15.0000 2711.1948   46.7512
   -7.5000   15.0000   15.0000 2794.6841   46.0990
    0.0000   15.0000   15.0000 2812.0491   44.8725
    7.5000   15.0000   15.0000 2789.8083   45.6166
   -7.5000   22.5000   15.0000 2841.7722   45.3999
    0.0000   22.5000   15.0000 2856.4053   43.9570
    7.5000   22.5000   15.0000 2836.7595   44.9413
   -7.5000   30.0000   15.0000 2865.7153   45.7338
    0.0000   30.0000   15.0000 2891.7710   44.5711
    7.5000   30.0000   15.0000 2860.2896   45.0829
   -7.5000   37.5000   15.0000 2853.1814   46.6473
    0.0000   37.5000   15.0000 2878.4678   45.6009
    7.5000   37.5000   15.0000 2849.8604   45.8202
   -7.5000   45.0000   15.0000 2807.9856   48.4576
    0.0000   45.0000   15.0000 2829.4133   47.3368
    7.5000   45.0000   15.0000 2808.3208   47.4665
   -7.5000   52.5000   15.0000 2714.3901   51.0359
    0.0000   52.5000   15.0000 2727.1248   49.8436
    7.5000   52.5000   15.0000 2712.1702   49.8507
   -7.5000   60.0000   15.0000 2572.3137   54.2520
    0.0000   60.0000   15.0000 2585.0798   53.0987
    7.5000   60.0000   15.0000 2569.8940   52.9187
   -7.5000  -30.0000   22.5000 2316.3440   61.6629
    0.0000  -30.0000   22.5000 2341.6638   60.4744
    7.5000  -30.0000   22.5000 2320.0208   61.7115
   -7.5000  -22.5000   22.5000 2378.2922   58.6625
    0.0000  -22.5000   22.5000 2401.5732   57.5027
    7.5000  -22.5000   22.5000 2382.9546   58.5574
   -7.5000  -15.0000   22.5000 2444.5115   56.0366
    0.0000  -15.0000   22.5000 2470.8215   54.8552
    7.5000  -15.0000   22.5000 2452.9202   55.9492
   -7.5000   -7.5000   22.5000 2517.2146   53.4438
    0.0000   -7.5000   22.5000 2538.6218   52.2756
    7.5000   -7.5000   22.5000 2520.0164   53.3566
   -7.5000    0.0000   22.5000 2606.2578   51.3715
    0.0000    0.0000   22.5000 2623.5405   50.2861
    7.5000    0.0000   22.5000 2599.8247   51.1407
   -7.5000    7.5000   22.5000 2691.8445   49.8366
    0.0000    7.5000   22.5000 2706.4468   48.8084
    7.5000    7.5000   22.5000 2683.9231   49.4851
   -7.5000   15.0000   22.5000 2766.0439   48.8854
    0.0000   15.0000   22.5000 2774.3086   47.5221
    7.5000   15.0000   22.5000 2754.9072   48.4276
   -7.5000   22.5000   22.5000 2807.7759   48.3019
    0.0000   22.5000   22.5000 2821.2493   47.1115
    7.5000   22.5000   22.5000 2795.3394   47.7618
   -7.5000   30.0000   22.5000 2828.1050   48.6323
    0.0000   30.0000   22.5000 2842.2693   47.5614
    7.5000   30.0000   22.5000 2817.2505   48.0265
   -7.5000   37.5000   22.5000 2809.2051   49.5117
    0.0000   37.5000   22.5000 2823.6948   48.4242
    7.5000   37.5000   22.5000 2802.3230   48.7833
   -7.5000   45.0000   22.5000 2770.0044   51.1583
    0.0000   45.0000   22.5000 2776.2524   49.9851
    7.5000   45.0000   22.5000 2761.4392   50.2233
   -7.5000   52.5000   22.5000 2679.5110   53.4665
    0.0000   52.5000   22.5000 2691.3562   52.4572
    7.5000   52.5000   22.5000 2675.8240   52.5147
   -7.5000   60.0000   22.5000 2539.7217   56.4465
    0.0000   60.0000   22.5000 2553.3621   55.5429
    7.5000   60.0000   22.5000 2535.0396   55.4221
   -7.5000  -30.0000   30.0000 2239.7659   65.6521
    0.0000  -30.0000   30.0000 2258.5984   64.3191
    7.5000  -30.0000   30.0000 2248.9915   65.7361
   -7.5000  -22.5000   30.0000 2310.2781   62.5055
    0.0000  -22.5000   30.0000 2333.7900   61.4289
    7.5000  -22.5000   30.0000 2318.8037   62.5286
   -7.5000  -15.0000   30.0000 2390.7500   59.5659
    0.0000  -15.0000   30.0000 2409.4255   58.5119
    7.5000  -15.0000   30.0000 2391.5361   59.4741
   -7.5000   -7.5000   30.0000 2480.1404   57.0526
    0.0000   -7.5000   30.0000 2497.8748   56.0454
    7.5000   -7.5000   30.0000 2473.2500   56.8228
   -7.5000    0.0000   30.0000 2570.7573   54.9336
    0.0000    0.0000   30.0000 2587.7771   53.9927
    7.5000    0.0000   30.0000 2558.7114   54.6479
   -7.5000    7.5000   30.0000 2657.2441   53.3116
    0.0000    7.5000   30.0000 2669.7458   52.2884
    7.5000    7.5000   30.0000 2639.8496   52.8644
   -7.5000   15.0000   30.0000 2721.0901   52.2760
    0.0000   15.0000   30.0000 2738.2361   51.2395
    7.5000   15.0000   30.0000 2703.5439   51.7850
   -7.5000   22.5000   30.0000 2761.5337   51.9104
    0.0000   22.5000   30.0000 2776.9094   51.0229
    7.5000   22.5000   30.0000 2746.8384   51.3945
   -7.5000   30.0000   30.0000 2779.9314   52.3120
    0.0000   30.0000   30.0000 2793.0754   51.4266
    7.5000   30.0000   30.0000 2767.0715   51.7598
   -7.5000   37.5000   30.0000 2756.9236   52.9353
    0.0000   37.5000   30.0000 2767.7195   52.0238
    7.5000   37.5000   30.0000 2746.8308   52.3757
   -7.5000   45.0000   30.0000 2716.5676   54.4218
    0.0000   45.0000   30.0000 2724.1289   53.4380
    7.5000   45.0000   30.0000 2705.1616   53.6648
   -7.5000   52.5000   30.0000 2628.2234   56.5477
    0.0000   52.5000   30.0000 2634.9182   55.5765
    7.5000   52.5000   30.0000 2615.3801   55.6936
   -7.5000   60.0000   30.0000 2495.8018   59.4020
    0.0000   60.0000   30.0000 2505.8337   58.5810
    7.5000   60.0000   30.0000 2486.5798   58.5626
   -7.5000  -30.0000   37.5000 2162.5232   71.2678
    0.0000  -30.0000   37.5000 2174.2976   70.0461
    7.5000  -30.0000   37.5000 2161.2095   71.3006
   -7.5000  -22.5000   37.5000 2241.4907   67.6259
    0.0000  -22.5000   37.5000 2258.3853   66.5372
    7.5000  -22.5000   37.5000 2240.2034   67.5772
   -7.5000  -15.0000   37.5000 2338.2334   64.4595
    0.0000  -15.0000   37.5000 2348.1917   63.3215
    7.5000  -15.0000   37.5000 2323.0344   64.0809
   -7.5000   -7.5000   37.5000 2434.1204   61.5310
    0.0000   -7.5000   37.5000 2449.2610   60.5984
    7.5000   -7.5000   37.5000 2416.6794   61.1256
   -7.5000    0.0000   37.5000 2521.2700   59.0902
    0.0000    0.0000   37.5000 2539.6274   58.2764
    7.5000    0.0000   37.5000 2505.4434   58.7469
   -7.5000    7.5000   37.5000 2603.1174   57.4119
    0.0000    7.5000   37.5000 2620.3535   56.5359
    7.5000    7.5000   37.5000 2585.0132   56.9365
   -7.5000   15.0000   37.5000 2664.7339   56.4935
    0.0000   15.0000   37.5000 2685.6250   55.7697
    7.5000   15.0000   37.5000 2645.1724   55.8985
   -7.5000   22.5000   37.5000 2702.7168   56.2366
    0.0000   22.5000   37.5000 2725.5862   55.6923
    7.5000   22.5000   37.5000 2685.4878   55.6928
   -7.5000   30.0000   37.5000 2713.3762   56.5935
    0.0000   30.0000   37.5000 2731.2168   55.9509
    7.5000   30.0000   37.5000 2695.7476   55.9865
   -7.5000   37.5000   37.5000 2694.4651   57.1326
    0.0000   37.5000   37.5000 2706.9490   56.4945
    7.5000   37.5000   37.5000 2680.9006   56.5870
   -7.5000   45.0000   37.5000 2655.1338   58.3939
    0.0000   45.0000   37.5000 2668.3613   57.7034
    7.5000   45.0000   37.5000 2639.8142   57.7867
   -7.5000   52.5000   37.5000 2574.8071   60.4016
    0.0000   52.5000   37.5000 2582.9927   59.6478
    7.5000   52.5000   37.5000 2559.2649   59.7158
   -7.5000   60.0000   37.5000 2434.5374   62.9789
    0.0000   60.0000   37.5000 2445.2812   62.3061
    7.5000   60.0000   37.5000 2425.5107   62.3656
   -7.5000  -30.0000   45.0000 2074.2922   78.4221
    0.0000  -30.0000   45.0000 2087.4048   77.0948
    7.5000  -30.0000   45.0000 2065.7297   78.2011
   -7.5000  -22.5000   45.0000 2162.2458   74.1616
    0.0000  -22.5000   45.0000 2177.2444   72.9356
    7.5000  -22.5000   45.0000 2155.3777   73.9727
   -7.5000  -15.0000   45.0000 2272.9170   70.4180
    0.0000  -15.0000   45.0000 2285.4800   69.3339
    7.5000  -15.0000   45.0000 2256.1428   70.0850
   -7.5000   -7.5000   45.0000 2375.6116   66.9545
    0.0000   -7.5000   45.0000 2393.3879   66.1627
    7.5000   -7.5000   45.0000 2353.9297   66.6038
   -7.5000    0.0000   45.0000 2461.5505   64.0802
    0.0000    0.0000   45.0000 2482.6877   63.3843
    7.5000    0.0000   45.0000 2442.7349   63.6721
   -7.5000    7.5000   45.0000 2540.3328   62.3438
    0.0000    7.5000   45.0000 2562.0188   61.6678
    7.5000    7.5000   45.0000 2520.7205   61.7985
   -7.5000   15.0000   45.0000 2595.0784   61.4175
    0.0000   15.0000   45.0000 2624.4534   61.0294
    7.5000   15.0000   45.0000 2576.4580   60.8158
   -7.5000   22.5000   45.0000 2634.1128   61.2918
    0.0000   22.5000   45.0000 2657.7920   60.8452
    7.5000   22.5000   45.0000 2615.0388   60.7561
   -7.5000   30.0000   45.0000 2645.0720   61.6567
    0.0000   30.0000   45.0000 2661.0562   61.1924
    7.5000   30.0000   45.0000 2625.5103   61.0899
   -7.5000   37.5000   45.0000 2630.6428   62.2840
    0.0000   37.5000   45.0000 2645.7427   61.8025
    7.5000   37.5000   45.0000 2613.5354   61.7562
   -7.5000   45.0000   45.0000 2597.6038   63.2409
    0.0000   45.0000   45.0000 2613.9377   62.8033
    7.5000   45.0000   45.0000 2581.1558   62.6936
   -7.5000   52.5000   45.0000 2507.9451   64.9149
    0.0000   52.5000   45.0000 2524.2622   64.4159
    7.5000   52.5000   45.0000 2498.1257   64.4207
   -7.5000   60.0000   45.0000 2368.4382   67.4948
    0.0000   60.0000   45.0000 2383.5427   66.9905
    7.5000   60.0000   45.0000 2354.0093   66.9034

---------------------------------------------------------------------
imgreg_4dfp /opt/freesurfer/average/3T18yoSchwartzReactN32_as_orig /opt/freesurfer/average/711-2B_as_mni_average_305_mask talsrcimg_g11 none talsrcimg_to_3T18yoSchwartzReactN32_as_orig_t4 1283
---------------------------------------------------------------------

freesurfer imgreg_4dfp.c
/opt/freesurfer/average/3T18yoSchwartzReactN32_as_orig.4dfp.img
       256       256       256         1
  1.000000  1.000000  1.000000
orientation T byte_order littleendian
Reading image: /opt/freesurfer/average/3T18yoSchwartzReactN32_as_orig.4dfp.img
dimensions:      256       256       256
mmppix:       1.0000   -1.0000   -1.0000
center:     128.0000 -129.0000 -129.0000
/opt/freesurfer/average/711-2B_as_mni_average_305_mask.4dfp.img
       256       256       256         1
  1.000000  1.000000  1.000000
orientation T byte_order littleendian
Reading mask: /opt/freesurfer/average/711-2B_as_mni_average_305_mask.4dfp.img (2306576 pixels)
talsrcimg_g11.4dfp.img
       320       320       320         1
  0.799995  0.799995  0.799995
orientation T byte_order littleendian
Reading image: talsrcimg_g11.4dfp.img
dimensions:      320       320       320
mmppix:       0.8000   -0.8000   -0.8000
center:     127.9992 -128.7992 -128.7992
rotation matrix determinant  1.000000
fimgreg.f
image alignment mode   1283 decimal      503 hex
parameters
    0.0000   30.0000   -7.5000    0.0000    0.0000    0.0000
eta,q 0.91945 42.13324
niter,ni,del,rscale     5    3   12.0000    1.2000
parameter  4  0.653149 ->  0.500000 qaram    1.1500
parameters
    1.1912   30.7906   -5.8994   -3.4500    2.5380   -0.6866
eta,q 0.92324 41.44137
  0.0896  0.0863  0.0914  0.0774  0.0837  0.0792
  0.0857  0.0836  0.0858  0.0771  0.0813  0.0775
  0.0810  0.0807  0.0819  0.0771  0.0785  0.0768
  0.0789  0.0784  0.0779  0.0779  0.0770  0.0768
  0.0786  0.0785  0.0784  0.0789  0.0769  0.0775
  0.0811  0.0809  0.0805  0.0805  0.0768  0.0787
  0.0839  0.0837  0.0825  0.0820  0.0778  0.0803
niter,ni,del,rscale     5    3   12.0000    1.2000
parameters
    0.9554   33.6976   -5.8065   -6.2168    2.6668   -0.8675
eta,q 0.92573 41.65623
  0.0820  0.0829  0.0863  0.0772  0.0791  0.0781
  0.0799  0.0817  0.0819  0.0757  0.0767  0.0755
  0.0782  0.0791  0.0770  0.0743  0.0753  0.0742
  0.0768  0.0769  0.0757  0.0758  0.0744  0.0743
  0.0769  0.0756  0.0773  0.0783  0.0743  0.0752
  0.0793  0.0763  0.0808  0.0804  0.0761  0.0764
  0.0845  0.0776  0.0860  0.0818  0.0792  0.0778
niter,ni,del,rscale     4    3   12.0000    1.2000
parameters
    0.9964   34.1617   -5.9688   -7.0776    2.6641   -0.9124
eta,q 0.92553 41.63981
  0.0816  0.0820  0.0854  0.0776  0.0789  0.0783
  0.0791  0.0788  0.0804  0.0770  0.0764  0.0761
  0.0763  0.0764  0.0760  0.0756  0.0752  0.0746
  0.0743  0.0742  0.0741  0.0741  0.0745  0.0745
  0.0740  0.0751  0.0764  0.0753  0.0744  0.0753
  0.0769  0.0773  0.0815  0.0780  0.0762  0.0765
  0.0835  0.0803  0.0864  0.0805  0.0793  0.0779
niter,ni,del,rscale     3    3   12.0000    1.2000
parameters
    0.9185   34.3735   -6.1366   -7.5690    2.7031   -0.9551
eta,q 0.92520 41.62256
  0.0818  0.0812  0.0853  0.0778  0.0788  0.0784
  0.0792  0.0782  0.0807  0.0769  0.0764  0.0764
  0.0763  0.0762  0.0766  0.0761  0.0753  0.0750
  0.0745  0.0745  0.0745  0.0745  0.0748  0.0748
  0.0743  0.0756  0.0764  0.0746  0.0747  0.0755
  0.0774  0.0775  0.0817  0.0771  0.0761  0.0768
  0.0843  0.0806  0.0867  0.0799  0.0791  0.0782
niter,ni,del,rscale     2    3   12.0000    1.2000
parameters
    0.8469   34.4523   -6.2728   -7.8326    2.7674   -0.9657
eta,q 0.92495 41.61671
  0.0820  0.0808  0.0854  0.0779  0.0788  0.0786
  0.0793  0.0779  0.0809  0.0768  0.0764  0.0766
  0.0765  0.0763  0.0771  0.0763  0.0754  0.0753
  0.0748  0.0748  0.0748  0.0749  0.0751  0.0750
  0.0747  0.0758  0.0764  0.0744  0.0748  0.0757
  0.0776  0.0776  0.0815  0.0767  0.0761  0.0769
  0.0845  0.0807  0.0868  0.0795  0.0790  0.0783
niter,ni,del,rscale     1    3   12.0000    1.2000
parameters
    0.7867   34.4625   -6.3692   -7.9659    2.8268   -0.9521
eta,q 0.92482 41.61520
  0.0822  0.0806  0.0856  0.0779  0.0787  0.0788
  0.0795  0.0778  0.0811  0.0767  0.0764  0.0767
  0.0766  0.0764  0.0775  0.0763  0.0755  0.0754
  0.0750  0.0751  0.0751  0.0751  0.0752  0.0752
  0.0750  0.0759  0.0763  0.0744  0.0749  0.0758
  0.0777  0.0777  0.0814  0.0764  0.0761  0.0770
  0.0845  0.0807  0.0869  0.0792  0.0789  0.0785
registration optimization eta report
parameter search radius
    6.0000    6.0000    6.0000    6.9000    6.0000    6.0000
100000*second partial in parameter space
       23.       15.       30.        7.       11.        9.
  0.0822  0.0806  0.0856  0.0779  0.0787  0.0788
  0.0795  0.0778  0.0811  0.0767  0.0764  0.0767
  0.0766  0.0764  0.0775  0.0763  0.0755  0.0754
  0.0750  0.0751  0.0751  0.0751  0.0752  0.0752
  0.0750  0.0759  0.0763  0.0744  0.0749  0.0758
  0.0777  0.0777  0.0814  0.0764  0.0761  0.0770
  0.0845  0.0807  0.0869  0.0792  0.0789  0.0785
    0.7867   34.4625   -6.3692   -7.9659    2.8268   -0.9521
eta,q 0.92482 41.61520

---------------------------------------------------------------------
imgreg_4dfp /opt/freesurfer/average/3T18yoSchwartzReactN32_as_orig /opt/freesurfer/average/711-2B_as_mni_average_305_mask talsrcimg_g11 none talsrcimg_to_3T18yoSchwartzReactN32_as_orig_t4 3335
---------------------------------------------------------------------

freesurfer imgreg_4dfp.c
/opt/freesurfer/average/3T18yoSchwartzReactN32_as_orig.4dfp.img
       256       256       256         1
  1.000000  1.000000  1.000000
orientation T byte_order littleendian
Reading image: /opt/freesurfer/average/3T18yoSchwartzReactN32_as_orig.4dfp.img
dimensions:      256       256       256
mmppix:       1.0000   -1.0000   -1.0000
center:     128.0000 -129.0000 -129.0000
/opt/freesurfer/average/711-2B_as_mni_average_305_mask.4dfp.img
       256       256       256         1
  1.000000  1.000000  1.000000
orientation T byte_order littleendian
Reading mask: /opt/freesurfer/average/711-2B_as_mni_average_305_mask.4dfp.img (2306576 pixels)
talsrcimg_g11.4dfp.img
       320       320       320         1
  0.799995  0.799995  0.799995
orientation T byte_order littleendian
Reading image: talsrcimg_g11.4dfp.img
dimensions:      320       320       320
mmppix:       0.8000   -0.8000   -0.8000
center:     127.9992 -128.7992 -128.7992
fimgreg.f
image alignment mode   3335 decimal      D07 hex
parameters
    0.7867   34.4625   -6.3692   -0.1355   -0.9900   -1.0854
    2.3290   -4.6531   -1.6596   13.9377    4.9317  -13.8416
eta,q 0.92256 41.76540
niter,ni,del,rscale     5    3    5.0000    1.2000
parameter  4 -0.588178 -> -0.500000 qaram    1.1500
parameter  5 -0.639361 -> -0.500000 qaram    1.1500
parameters
    1.0991   35.4604   -7.0705    4.0045    3.1500   -0.8506
    2.1078   -4.2979   -1.9892   15.0861    3.9911  -16.3859
eta,q 0.92500 44.30792
  0.0783  0.0786  0.0779  0.0805  0.0803  0.0819  0.0768  0.0807  0.0766  0.0777  0.0763  0.0755
  0.0778  0.0781  0.0775  0.0789  0.0789  0.0792  0.0759  0.0780  0.0758  0.0765  0.0756  0.0752
  0.0776  0.0777  0.0772  0.0778  0.0774  0.0760  0.0754  0.0761  0.0754  0.0757  0.0752  0.0750
  0.0774  0.0774  0.0772  0.0772  0.0760  0.0752  0.0753  0.0753  0.0752  0.0752  0.0752  0.0751
  0.0774  0.0772  0.0777  0.0763  0.0753  0.0759  0.0755  0.0756  0.0755  0.0752  0.0755  0.0756
  0.0775  0.0773  0.0787  0.0760  0.0753  0.0783  0.0760  0.0772  0.0760  0.0756  0.0761  0.0764
  0.0780  0.0775  0.0801  0.0768  0.0757  0.0813  0.0769  0.0799  0.0768  0.0766  0.0771  0.0774
niter,ni,del,rscale     6    3    5.0000    1.2000
parameter  2  0.637276 ->  0.500000 qaram    1.1500
parameter  3 -0.940957 -> -0.500000 qaram    1.1500
parameters
    0.7206   34.0804   -5.6905    3.3592    5.3065    0.6448
    2.9479   -4.3793   -1.9801   14.4101    3.1021  -17.1623
eta,q 0.92680 44.67773
  0.0763  0.0747  0.0780  0.0760  0.0781  0.0824  0.0754  0.0781  0.0747  0.0748  0.0744  0.0743
  0.0755  0.0745  0.0767  0.0751  0.0763  0.0793  0.0743  0.0755  0.0739  0.0739  0.0737  0.0736
  0.0750  0.0746  0.0755  0.0742  0.0746  0.0758  0.0736  0.0739  0.0734  0.0733  0.0733  0.0733
  0.0750  0.0749  0.0745  0.0733  0.0734  0.0732  0.0733  0.0732  0.0732  0.0732  0.0732  0.0732
  0.0754  0.0756  0.0737  0.0739  0.0733  0.0734  0.0733  0.0738  0.0734  0.0736  0.0735  0.0735
  0.0763  0.0764  0.0733  0.0753  0.0738  0.0747  0.0738  0.0756  0.0739  0.0743  0.0742  0.0740
  0.0775  0.0775  0.0734  0.0775  0.0751  0.0779  0.0745  0.0784  0.0747  0.0755  0.0752  0.0748
niter,ni,del,rscale     7    3    5.0000    1.2000
parameter  3 -0.643048 -> -0.500000 qaram    1.3225
parameters
    0.4522   33.0562   -4.1035    3.3476    6.0729    2.3404
    2.9926   -4.3624   -1.6617   13.0945    2.3970  -16.2672
eta,q 0.92806 44.90353
  0.0746  0.0736  0.0772  0.0746  0.0758  0.0819  0.0738  0.0769  0.0736  0.0731  0.0732  0.0736
  0.0738  0.0731  0.0754  0.0738  0.0741  0.0785  0.0728  0.0743  0.0727  0.0724  0.0724  0.0727
  0.0733  0.0730  0.0740  0.0731  0.0726  0.0747  0.0722  0.0726  0.0721  0.0720  0.0721  0.0722
  0.0732  0.0732  0.0730  0.0720  0.0720  0.0720  0.0720  0.0720  0.0720  0.0720  0.0720  0.0720
  0.0735  0.0737  0.0722  0.0721  0.0722  0.0721  0.0722  0.0725  0.0721  0.0723  0.0722  0.0720
  0.0743  0.0746  0.0720  0.0733  0.0731  0.0732  0.0728  0.0742  0.0725  0.0731  0.0728  0.0723
  0.0754  0.0759  0.0724  0.0752  0.0747  0.0764  0.0737  0.0769  0.0733  0.0746  0.0738  0.0729
niter,ni,del,rscale     7    3    5.0000    1.2000
parameters
    0.3398   32.5462   -2.8369    3.3875    6.4436    3.6679
    2.7594   -4.2083   -1.5496   12.0617    1.8160  -15.1400
eta,q 0.92881 45.07941
  0.0735  0.0729  0.0763  0.0736  0.0747  0.0806  0.0730  0.0765  0.0729  0.0726  0.0726  0.0730
  0.0727  0.0721  0.0741  0.0731  0.0731  0.0772  0.0720  0.0737  0.0720  0.0718  0.0718  0.0722
  0.0721  0.0719  0.0727  0.0724  0.0717  0.0733  0.0715  0.0720  0.0714  0.0714  0.0714  0.0716
  0.0719  0.0719  0.0719  0.0712  0.0712  0.0712  0.0713  0.0713  0.0713  0.0713  0.0713  0.0713
  0.0722  0.0723  0.0713  0.0713  0.0715  0.0714  0.0715  0.0717  0.0714  0.0716  0.0715  0.0712
  0.0728  0.0729  0.0713  0.0724  0.0725  0.0729  0.0722  0.0734  0.0719  0.0724  0.0721  0.0715
  0.0739  0.0739  0.0723  0.0743  0.0743  0.0762  0.0733  0.0761  0.0727  0.0739  0.0730  0.0722
niter,ni,del,rscale     6    3    5.0000    1.2000
parameters
    0.3424   32.4759   -1.9844    3.3222    6.4827    4.6999
    2.5989   -3.9803   -1.5489   11.6746    1.5251  -14.4702
eta,q 0.92920 45.23009
  0.0730  0.0728  0.0749  0.0730  0.0743  0.0796  0.0727  0.0762  0.0725  0.0727  0.0724  0.0726
  0.0721  0.0718  0.0730  0.0727  0.0726  0.0763  0.0717  0.0735  0.0716  0.0718  0.0715  0.0718
  0.0714  0.0713  0.0719  0.0720  0.0712  0.0723  0.0711  0.0716  0.0710  0.0711  0.0710  0.0712
  0.0712  0.0712  0.0712  0.0708  0.0708  0.0708  0.0709  0.0709  0.0708  0.0708  0.0709  0.0708
  0.0714  0.0714  0.0707  0.0708  0.0712  0.0711  0.0711  0.0713  0.0710  0.0711  0.0711  0.0709
  0.0720  0.0720  0.0710  0.0720  0.0724  0.0730  0.0718  0.0730  0.0716  0.0719  0.0717  0.0713
  0.0731  0.0729  0.0724  0.0740  0.0743  0.0760  0.0729  0.0756  0.0724  0.0733  0.0726  0.0722
niter,ni,del,rscale     5    3    5.0000    1.2000
parameters
    0.4192   32.5113   -1.4037    3.2562    6.3706    5.5582
    2.4935   -3.7678   -1.6093   11.5918    1.4050  -14.0731
eta,q 0.92932 45.36824
  0.0729  0.0728  0.0743  0.0729  0.0741  0.0790  0.0726  0.0760  0.0723  0.0729  0.0723  0.0725
  0.0718  0.0716  0.0725  0.0726  0.0724  0.0757  0.0716  0.0734  0.0714  0.0718  0.0714  0.0716
  0.0711  0.0710  0.0714  0.0719  0.0710  0.0717  0.0709  0.0715  0.0709  0.0711  0.0709  0.0710
  0.0708  0.0708  0.0708  0.0706  0.0706  0.0706  0.0707  0.0707  0.0707  0.0707  0.0707  0.0707
  0.0710  0.0711  0.0706  0.0706  0.0711  0.0710  0.0710  0.0712  0.0709  0.0709  0.0709  0.0708
  0.0716  0.0717  0.0710  0.0719  0.0724  0.0733  0.0717  0.0729  0.0715  0.0717  0.0715  0.0713
  0.0727  0.0726  0.0725  0.0740  0.0744  0.0759  0.0728  0.0755  0.0724  0.0732  0.0724  0.0722
niter,ni,del,rscale     4    3    5.0000    1.2000
parameters
    0.4931   32.5490   -0.8917    3.3019    6.2032    6.3182
    2.4451   -3.6344   -1.7172   11.5399    1.3593  -13.7772
eta,q 0.92939 45.51555
  0.0728  0.0727  0.0741  0.0731  0.0741  0.0787  0.0726  0.0759  0.0723  0.0730  0.0723  0.0724
  0.0718  0.0715  0.0723  0.0727  0.0723  0.0753  0.0716  0.0732  0.0713  0.0718  0.0714  0.0716
  0.0710  0.0708  0.0711  0.0720  0.0709  0.0713  0.0709  0.0714  0.0708  0.0710  0.0708  0.0710
  0.0707  0.0707  0.0707  0.0706  0.0706  0.0706  0.0706  0.0706  0.0706  0.0706  0.0706  0.0706
  0.0709  0.0710  0.0706  0.0706  0.0711  0.0710  0.0709  0.0711  0.0709  0.0709  0.0708  0.0707
  0.0715  0.0716  0.0711  0.0719  0.0724  0.0733  0.0716  0.0730  0.0714  0.0717  0.0714  0.0713
  0.0726  0.0725  0.0724  0.0740  0.0744  0.0757  0.0727  0.0756  0.0724  0.0732  0.0724  0.0722
niter,ni,del,rscale     3    3    5.0000    1.2000
parameters
    0.5368   32.5895   -0.3673    3.4377    6.0289    7.0232
    2.4228   -3.5809   -1.8026   11.5208    1.3222  -13.6258
eta,q 0.92949 45.68301
  0.0728  0.0728  0.0740  0.0732  0.0740  0.0785  0.0726  0.0758  0.0722  0.0731  0.0723  0.0723
  0.0717  0.0715  0.0721  0.0729  0.0723  0.0749  0.0715  0.0731  0.0713  0.0718  0.0713  0.0714
  0.0709  0.0708  0.0710  0.0720  0.0709  0.0711  0.0708  0.0712  0.0707  0.0709  0.0707  0.0708
  0.0706  0.0706  0.0706  0.0706  0.0705  0.0705  0.0705  0.0705  0.0705  0.0705  0.0705  0.0705
  0.0708  0.0709  0.0707  0.0706  0.0711  0.0708  0.0708  0.0711  0.0707  0.0708  0.0707  0.0707
  0.0716  0.0715  0.0711  0.0719  0.0723  0.0731  0.0715  0.0730  0.0713  0.0717  0.0713  0.0713
  0.0727  0.0725  0.0722  0.0741  0.0744  0.0757  0.0726  0.0757  0.0723  0.0732  0.0723  0.0722
niter,ni,del,rscale     2    3    5.0000    1.2000
parameters
    0.5388   32.6313    0.1641    3.5746    5.8344    7.6922
    2.4159   -3.5972   -1.8734   11.5501    1.2533  -13.6046
eta,q 0.92963 45.84951
  0.0728  0.0727  0.0738  0.0733  0.0740  0.0784  0.0725  0.0757  0.0721  0.0731  0.0721  0.0722
  0.0716  0.0714  0.0719  0.0730  0.0722  0.0746  0.0714  0.0729  0.0711  0.0717  0.0712  0.0713
  0.0708  0.0707  0.0709  0.0720  0.0708  0.0710  0.0706  0.0711  0.0705  0.0708  0.0706  0.0707
  0.0705  0.0705  0.0705  0.0705  0.0705  0.0705  0.0704  0.0704  0.0704  0.0704  0.0704  0.0704
  0.0708  0.0708  0.0706  0.0706  0.0710  0.0705  0.0706  0.0710  0.0706  0.0706  0.0706  0.0705
  0.0716  0.0715  0.0710  0.0720  0.0723  0.0730  0.0713  0.0729  0.0712  0.0716  0.0712  0.0712
  0.0728  0.0725  0.0720  0.0742  0.0744  0.0757  0.0725  0.0758  0.0722  0.0731  0.0722  0.0722
niter,ni,del,rscale     1    3    5.0000    1.2000
parameters
    0.5073   32.6803    0.6338    3.6174    5.6403    8.3063
    2.4280   -3.6449   -1.8999   11.5893    1.1589  -13.6178
eta,q 0.92981 45.98841
  0.0726  0.0727  0.0737  0.0733  0.0738  0.0783  0.0723  0.0755  0.0719  0.0730  0.0720  0.0720
  0.0715  0.0713  0.0718  0.0729  0.0721  0.0744  0.0712  0.0727  0.0710  0.0716  0.0710  0.0711
  0.0707  0.0706  0.0707  0.0719  0.0707  0.0710  0.0705  0.0708  0.0704  0.0706  0.0704  0.0705
  0.0704  0.0704  0.0704  0.0704  0.0704  0.0703  0.0702  0.0702  0.0702  0.0702  0.0702  0.0702
  0.0707  0.0707  0.0705  0.0705  0.0709  0.0704  0.0704  0.0708  0.0704  0.0705  0.0704  0.0704
  0.0715  0.0714  0.0709  0.0720  0.0722  0.0731  0.0712  0.0728  0.0710  0.0714  0.0711  0.0711
  0.0728  0.0724  0.0721  0.0743  0.0743  0.0757  0.0723  0.0757  0.0720  0.0730  0.0721  0.0721
registration optimization eta report
parameter search radius
    2.4000    2.7600    3.1740    8.2800    8.2800    7.2000
    7.2000    7.2000    7.2000    7.2000    7.2000    7.2000
100000*second partial in parameter space
       40.       28.       25.        5.        5.       13.
        4.       10.        3.        5.        4.        4.
  0.0726  0.0727  0.0737  0.0733  0.0738  0.0783  0.0723  0.0755  0.0719  0.0730  0.0720  0.0720
  0.0715  0.0713  0.0718  0.0729  0.0721  0.0744  0.0712  0.0727  0.0710  0.0716  0.0710  0.0711
  0.0707  0.0706  0.0707  0.0719  0.0707  0.0710  0.0705  0.0708  0.0704  0.0706  0.0704  0.0705
  0.0704  0.0704  0.0704  0.0704  0.0704  0.0703  0.0702  0.0702  0.0702  0.0702  0.0702  0.0702
  0.0707  0.0707  0.0705  0.0705  0.0709  0.0704  0.0704  0.0708  0.0704  0.0705  0.0704  0.0704
  0.0715  0.0714  0.0709  0.0720  0.0722  0.0731  0.0712  0.0728  0.0710  0.0714  0.0711  0.0711
  0.0728  0.0724  0.0721  0.0743  0.0743  0.0757  0.0723  0.0757  0.0720  0.0730  0.0721  0.0721
    0.5073   32.6803    0.6338    3.6174    5.6403    8.3063
    2.4280   -3.6449   -1.8999   11.5893    1.1589  -13.6178
eta,q 0.92981 45.98841

---------------------------------------------------------------------
imgreg_4dfp /opt/freesurfer/average/3T18yoSchwartzReactN32_as_orig /opt/freesurfer/average/711-2B_as_mni_average_305_mask talsrcimg_g11 none talsrcimg_to_3T18yoSchwartzReactN32_as_orig_t4 2311
---------------------------------------------------------------------

freesurfer imgreg_4dfp.c
/opt/freesurfer/average/3T18yoSchwartzReactN32_as_orig.4dfp.img
       256       256       256         1
  1.000000  1.000000  1.000000
orientation T byte_order littleendian
Reading image: /opt/freesurfer/average/3T18yoSchwartzReactN32_as_orig.4dfp.img
dimensions:      256       256       256
mmppix:       1.0000   -1.0000   -1.0000
center:     128.0000 -129.0000 -129.0000
/opt/freesurfer/average/711-2B_as_mni_average_305_mask.4dfp.img
       256       256       256         1
  1.000000  1.000000  1.000000
orientation T byte_order littleendian
Reading mask: /opt/freesurfer/average/711-2B_as_mni_average_305_mask.4dfp.img (2306576 pixels)
talsrcimg_g11.4dfp.img
       320       320       320         1
  0.799995  0.799995  0.799995
orientation T byte_order littleendian
Reading image: talsrcimg_g11.4dfp.img
dimensions:      320       320       320
mmppix:       0.8000   -0.8000   -0.8000
center:     127.9992 -128.7992 -128.7992
fimgreg.f
image alignment mode   2311 decimal      907 hex
parameters
    0.5073   32.6803    0.6338    3.6174    5.6403    8.3063
    2.4280   -3.6449   -1.8999   11.5893    1.1589  -13.6178
eta,q 0.92981 45.98838
niter,ni,del,rscale     5    3    5.0000    0.8000
parameters
    0.4937   32.6253    0.8862    4.6230    5.2937    8.2041
    2.4800   -3.5507   -1.8663   11.5063    0.9864  -13.5878
eta,q 0.92998 46.13958
  0.0713  0.0709  0.0711  0.0725  0.0713  0.0733  0.0710  0.0727  0.0708  0.0713  0.0708  0.0709
  0.0707  0.0705  0.0706  0.0719  0.0705  0.0710  0.0705  0.0713  0.0704  0.0706  0.0704  0.0705
  0.0703  0.0702  0.0703  0.0710  0.0700  0.0704  0.0701  0.0704  0.0701  0.0702  0.0701  0.0702
  0.0702  0.0702  0.0702  0.0702  0.0700  0.0700  0.0700  0.0700  0.0700  0.0700  0.0700  0.0700
  0.0703  0.0703  0.0702  0.0701  0.0703  0.0700  0.0701  0.0702  0.0701  0.0702  0.0701  0.0701
  0.0707  0.0706  0.0704  0.0706  0.0708  0.0715  0.0704  0.0711  0.0704  0.0707  0.0705  0.0704
  0.0714  0.0710  0.0706  0.0714  0.0716  0.0736  0.0709  0.0726  0.0708  0.0714  0.0710  0.0709
niter,ni,del,rscale     4    3    5.0000    0.7000
parameters
    0.4677   32.6143    1.0198    4.9509    5.2253    8.2657
    2.5110   -3.4839   -1.8280   11.4364    0.8559  -13.5168
eta,q 0.93001 46.23314
  0.0709  0.0706  0.0706  0.0720  0.0712  0.0726  0.0707  0.0721  0.0706  0.0710  0.0706  0.0707
  0.0704  0.0703  0.0703  0.0712  0.0705  0.0709  0.0703  0.0709  0.0703  0.0705  0.0703  0.0704
  0.0701  0.0701  0.0701  0.0704  0.0701  0.0703  0.0701  0.0703  0.0701  0.0701  0.0701  0.0701
  0.0700  0.0700  0.0700  0.0700  0.0700  0.0700  0.0700  0.0700  0.0700  0.0700  0.0700  0.0700
  0.0701  0.0701  0.0701  0.0702  0.0702  0.0699  0.0701  0.0702  0.0701  0.0701  0.0701  0.0701
  0.0705  0.0703  0.0702  0.0708  0.0706  0.0707  0.0703  0.0709  0.0703  0.0705  0.0703  0.0703
  0.0710  0.0706  0.0704  0.0715  0.0711  0.0726  0.0707  0.0720  0.0706  0.0711  0.0707  0.0707
niter,ni,del,rscale     3    3    5.0000    0.6000
parameters
    0.4541   32.5850    1.0884    5.0184    5.1777    8.3749
    2.5151   -3.4370   -1.8002   11.3887    0.8011  -13.4196
eta,q 0.93004 46.26664
  0.0707  0.0704  0.0704  0.0715  0.0709  0.0717  0.0705  0.0715  0.0704  0.0707  0.0704  0.0705
  0.0703  0.0702  0.0701  0.0707  0.0703  0.0706  0.0702  0.0707  0.0702  0.0703  0.0702  0.0703
  0.0701  0.0700  0.0700  0.0702  0.0700  0.0703  0.0700  0.0702  0.0700  0.0701  0.0700  0.0700
  0.0700  0.0700  0.0700  0.0700  0.0700  0.0700  0.0700  0.0700  0.0700  0.0700  0.0700  0.0700
  0.0701  0.0701  0.0700  0.0702  0.0701  0.0698  0.0700  0.0701  0.0700  0.0701  0.0700  0.0700
  0.0703  0.0702  0.0701  0.0707  0.0704  0.0703  0.0702  0.0706  0.0702  0.0703  0.0702  0.0702
  0.0707  0.0705  0.0703  0.0713  0.0709  0.0717  0.0705  0.0714  0.0704  0.0708  0.0705  0.0705
niter,ni,del,rscale     2    3    5.0000    0.5000
parameters
    0.4625   32.5723    1.1132    4.9788    5.1166    8.5410
    2.5053   -3.3985   -1.7850   11.3762    0.8293  -13.3569
eta,q 0.93008 46.29175
  0.0705  0.0703  0.0702  0.0710  0.0706  0.0710  0.0703  0.0710  0.0702  0.0705  0.0703  0.0703
  0.0702  0.0701  0.0701  0.0704  0.0702  0.0705  0.0701  0.0704  0.0701  0.0702  0.0701  0.0701
  0.0700  0.0700  0.0700  0.0701  0.0700  0.0702  0.0700  0.0700  0.0700  0.0700  0.0700  0.0700
  0.0700  0.0700  0.0700  0.0700  0.0700  0.0700  0.0699  0.0699  0.0699  0.0699  0.0699  0.0699
  0.0700  0.0700  0.0700  0.0701  0.0701  0.0698  0.0700  0.0700  0.0699  0.0700  0.0699  0.0699
  0.0702  0.0701  0.0701  0.0705  0.0703  0.0701  0.0701  0.0704  0.0701  0.0702  0.0701  0.0701
  0.0705  0.0703  0.0702  0.0710  0.0706  0.0710  0.0703  0.0709  0.0702  0.0705  0.0703  0.0703
niter,ni,del,rscale     1    3    5.0000    0.4000
parameters
    0.4818   32.5604    1.1141    4.8950    5.0331    8.8143
    2.4592   -3.3736   -1.7498   11.3975    0.9258  -13.2463
eta,q 0.93015 46.33815
  0.0702  0.0701  0.0701  0.0706  0.0703  0.0706  0.0701  0.0705  0.0701  0.0702  0.0701  0.0701
  0.0701  0.0700  0.0700  0.0702  0.0701  0.0703  0.0700  0.0702  0.0699  0.0700  0.0700  0.0700
  0.0700  0.0699  0.0699  0.0700  0.0699  0.0701  0.0699  0.0699  0.0699  0.0699  0.0699  0.0699
  0.0699  0.0699  0.0699  0.0699  0.0699  0.0699  0.0699  0.0699  0.0699  0.0699  0.0699  0.0699
  0.0699  0.0699  0.0699  0.0700  0.0700  0.0698  0.0699  0.0699  0.0699  0.0699  0.0699  0.0699
  0.0700  0.0700  0.0700  0.0703  0.0701  0.0699  0.0700  0.0701  0.0699  0.0700  0.0699  0.0699
  0.0702  0.0701  0.0701  0.0707  0.0703  0.0705  0.0701  0.0705  0.0701  0.0702  0.0701  0.0701
registration optimization eta report
parameter search radius
    0.8000    0.8000    0.8000    2.4000    2.4000    2.4000
    2.4000    2.4000    2.4000    2.4000    2.4000    2.4000
100000*second partial in parameter space
       49.       33.       27.       12.        7.       11.
        4.       12.        3.        7.        4.        4.
  0.0702  0.0701  0.0701  0.0706  0.0703  0.0706  0.0701  0.0705  0.0701  0.0702  0.0701  0.0701
  0.0701  0.0700  0.0700  0.0702  0.0701  0.0703  0.0700  0.0702  0.0699  0.0700  0.0700  0.0700
  0.0700  0.0699  0.0699  0.0700  0.0699  0.0701  0.0699  0.0699  0.0699  0.0699  0.0699  0.0699
  0.0699  0.0699  0.0699  0.0699  0.0699  0.0699  0.0699  0.0699  0.0699  0.0699  0.0699  0.0699
  0.0699  0.0699  0.0699  0.0700  0.0700  0.0698  0.0699  0.0699  0.0699  0.0699  0.0699  0.0699
  0.0700  0.0700  0.0700  0.0703  0.0701  0.0699  0.0700  0.0701  0.0699  0.0700  0.0699  0.0699
  0.0702  0.0701  0.0701  0.0707  0.0703  0.0705  0.0701  0.0705  0.0701  0.0702  0.0701  0.0701
    0.4818   32.5604    1.1141    4.8950    5.0331    8.8143
    2.4592   -3.3736   -1.7498   11.3975    0.9258  -13.2463
eta,q 0.93015 46.33815

---------------------------------------------------------------------
imgreg_4dfp /opt/freesurfer/average/3T18yoSchwartzReactN32_as_orig /opt/freesurfer/average/711-2B_as_mni_average_305_mask talsrcimg_g11 none talsrcimg_to_3T18yoSchwartzReactN32_as_orig_t4 2311
---------------------------------------------------------------------

freesurfer imgreg_4dfp.c
/opt/freesurfer/average/3T18yoSchwartzReactN32_as_orig.4dfp.img
       256       256       256         1
  1.000000  1.000000  1.000000
orientation T byte_order littleendian
Reading image: /opt/freesurfer/average/3T18yoSchwartzReactN32_as_orig.4dfp.img
dimensions:      256       256       256
mmppix:       1.0000   -1.0000   -1.0000
center:     128.0000 -129.0000 -129.0000
/opt/freesurfer/average/711-2B_as_mni_average_305_mask.4dfp.img
       256       256       256         1
  1.000000  1.000000  1.000000
orientation T byte_order littleendian
Reading mask: /opt/freesurfer/average/711-2B_as_mni_average_305_mask.4dfp.img (2306576 pixels)
talsrcimg_g11.4dfp.img
       320       320       320         1
  0.799995  0.799995  0.799995
orientation T byte_order littleendian
Reading image: talsrcimg_g11.4dfp.img
dimensions:      320       320       320
mmppix:       0.8000   -0.8000   -0.8000
center:     127.9992 -128.7992 -128.7992
fimgreg.f
image alignment mode   2311 decimal      907 hex
parameters
    0.4818   32.5604    1.1141    4.8949    5.0331    8.8143
    2.4592   -3.3736   -1.7498   11.3975    0.9258  -13.2463
eta,q 0.93015 46.33813
niter,ni,del,rscale     5    3    5.0000    0.8000
parameters
    0.4568   32.6118    1.2505    4.9362    5.0891    8.6041
    2.4661   -3.4969   -1.8107   11.1611    0.7373  -13.2929
eta,q 0.93009 46.28321
  0.0710  0.0708  0.0708  0.0720  0.0714  0.0731  0.0708  0.0724  0.0707  0.0711  0.0707  0.0708
  0.0704  0.0703  0.0703  0.0711  0.0706  0.0710  0.0703  0.0710  0.0702  0.0705  0.0703  0.0703
  0.0700  0.0699  0.0699  0.0702  0.0700  0.0703  0.0700  0.0702  0.0700  0.0701  0.0700  0.0700
  0.0699  0.0699  0.0699  0.0699  0.0699  0.0699  0.0699  0.0699  0.0699  0.0699  0.0699  0.0699
  0.0700  0.0699  0.0699  0.0702  0.0701  0.0700  0.0700  0.0702  0.0700  0.0701  0.0700  0.0700
  0.0704  0.0702  0.0702  0.0710  0.0706  0.0716  0.0703  0.0712  0.0703  0.0706  0.0703  0.0703
  0.0711  0.0706  0.0705  0.0720  0.0713  0.0737  0.0708  0.0727  0.0707  0.0714  0.0709  0.0708
niter,ni,del,rscale     4    3    5.0000    0.7000
parameters
    0.4280   32.5684    1.2292    5.0090    5.1098    8.5043
    2.5073   -3.4519   -1.7982   11.1464    0.6707  -13.3025
eta,q 0.93007 46.26773
  0.0708  0.0705  0.0704  0.0718  0.0711  0.0723  0.0707  0.0720  0.0706  0.0710  0.0706  0.0706
  0.0703  0.0701  0.0701  0.0709  0.0704  0.0708  0.0703  0.0709  0.0702  0.0704  0.0702  0.0703
  0.0700  0.0699  0.0699  0.0701  0.0700  0.0703  0.0700  0.0702  0.0700  0.0701  0.0700  0.0700
  0.0699  0.0699  0.0699  0.0699  0.0699  0.0699  0.0699  0.0699  0.0699  0.0699  0.0699  0.0699
  0.0700  0.0700  0.0700  0.0702  0.0701  0.0699  0.0700  0.0701  0.0700  0.0700  0.0700  0.0700
  0.0703  0.0702  0.0702  0.0708  0.0705  0.0709  0.0702  0.0708  0.0702  0.0704  0.0702  0.0703
  0.0709  0.0706  0.0704  0.0716  0.0710  0.0728  0.0706  0.0719  0.0706  0.0710  0.0706  0.0707
niter,ni,del,rscale     3    3    5.0000    0.6000
parameters
    0.4329   32.5518    1.1973    5.0285    5.1058    8.4853
    2.5063   -3.4110   -1.7938   11.1788    0.6848  -13.2842
eta,q 0.93007 46.26618
  0.0706  0.0704  0.0703  0.0714  0.0708  0.0715  0.0705  0.0715  0.0704  0.0707  0.0704  0.0705
  0.0703  0.0701  0.0701  0.0706  0.0703  0.0706  0.0702  0.0706  0.0701  0.0703  0.0702  0.0702
  0.0700  0.0700  0.0700  0.0701  0.0700  0.0702  0.0700  0.0701  0.0700  0.0701  0.0700  0.0700
  0.0699  0.0699  0.0699  0.0699  0.0699  0.0699  0.0699  0.0699  0.0699  0.0699  0.0699  0.0699
  0.0700  0.0700  0.0700  0.0702  0.0701  0.0698  0.0700  0.0701  0.0700  0.0700  0.0700  0.0700
  0.0702  0.0702  0.0701  0.0707  0.0704  0.0704  0.0702  0.0706  0.0701  0.0703  0.0701  0.0702
  0.0706  0.0704  0.0703  0.0713  0.0708  0.0718  0.0705  0.0714  0.0704  0.0707  0.0704  0.0705
niter,ni,del,rscale     2    3    5.0000    0.5000
parameters
    0.4565   32.5492    1.1608    4.9850    5.0701    8.5841
    2.5013   -3.3697   -1.8052   11.2462    0.7645  -13.2825
eta,q 0.93009 46.28342
  0.0704  0.0703  0.0702  0.0710  0.0706  0.0709  0.0703  0.0710  0.0702  0.0705  0.0703  0.0703
  0.0702  0.0701  0.0700  0.0704  0.0702  0.0704  0.0701  0.0704  0.0700  0.0702  0.0701  0.0701
  0.0700  0.0700  0.0700  0.0700  0.0700  0.0702  0.0699  0.0700  0.0699  0.0700  0.0700  0.0700
  0.0699  0.0699  0.0699  0.0699  0.0699  0.0699  0.0699  0.0699  0.0699  0.0699  0.0699  0.0699
  0.0700  0.0700  0.0700  0.0701  0.0700  0.0698  0.0699  0.0700  0.0699  0.0700  0.0699  0.0699
  0.0701  0.0701  0.0701  0.0705  0.0703  0.0701  0.0701  0.0703  0.0700  0.0701  0.0700  0.0701
  0.0704  0.0703  0.0702  0.0710  0.0705  0.0711  0.0703  0.0709  0.0702  0.0705  0.0702  0.0703
niter,ni,del,rscale     1    3    5.0000    0.4000
parameters
    0.4857   32.5538    1.1387    4.9007    4.9945    8.8459
    2.4803   -3.3447   -1.8042   11.3311    0.8727  -13.1968
eta,q 0.93015 46.33552
  0.0702  0.0701  0.0701  0.0706  0.0703  0.0706  0.0701  0.0705  0.0701  0.0703  0.0701  0.0701
  0.0701  0.0700  0.0700  0.0702  0.0701  0.0703  0.0699  0.0702  0.0699  0.0700  0.0700  0.0700
  0.0700  0.0699  0.0699  0.0700  0.0699  0.0701  0.0699  0.0699  0.0699  0.0699  0.0699  0.0699
  0.0699  0.0699  0.0699  0.0699  0.0699  0.0699  0.0698  0.0698  0.0698  0.0698  0.0698  0.0698
  0.0699  0.0699  0.0699  0.0700  0.0700  0.0698  0.0699  0.0699  0.0699  0.0699  0.0699  0.0698
  0.0700  0.0700  0.0700  0.0703  0.0701  0.0699  0.0700  0.0701  0.0699  0.0700  0.0699  0.0699
  0.0702  0.0701  0.0701  0.0707  0.0703  0.0705  0.0701  0.0705  0.0701  0.0702  0.0701  0.0701
registration optimization eta report
parameter search radius
    0.8000    0.8000    0.8000    2.4000    2.4000    2.4000
    2.4000    2.4000    2.4000    2.4000    2.4000    2.4000
100000*second partial in parameter space
       50.       33.       26.       12.        7.       11.
        4.       12.        4.        7.        4.        4.
  0.0702  0.0701  0.0701  0.0706  0.0703  0.0706  0.0701  0.0705  0.0701  0.0703  0.0701  0.0701
  0.0701  0.0700  0.0700  0.0702  0.0701  0.0703  0.0699  0.0702  0.0699  0.0700  0.0700  0.0700
  0.0700  0.0699  0.0699  0.0700  0.0699  0.0701  0.0699  0.0699  0.0699  0.0699  0.0699  0.0699
  0.0699  0.0699  0.0699  0.0699  0.0699  0.0699  0.0698  0.0698  0.0698  0.0698  0.0698  0.0698
  0.0699  0.0699  0.0699  0.0700  0.0700  0.0698  0.0699  0.0699  0.0699  0.0699  0.0699  0.0698
  0.0700  0.0700  0.0700  0.0703  0.0701  0.0699  0.0700  0.0701  0.0699  0.0700  0.0699  0.0699
  0.0702  0.0701  0.0701  0.0707  0.0703  0.0705  0.0701  0.0705  0.0701  0.0702  0.0701  0.0701
    0.4857   32.5538    1.1387    4.9007    4.9945    8.8459
    2.4803   -3.3447   -1.8042   11.3311    0.8727  -13.1968
eta,q 0.93015 46.33552

---------------------------------------------------------------------
compute_vox2vox talsrcimg talsrcimg_to_3T18yoSchwartzReactN32_as_orig_t4 /opt/freesurfer/average/3T18yoSchwartzReactN32_as_orig
---------------------------------------------------------------------

freesurfer compute_vox2vox.c
Reading: talsrcimg.4dfp.ifh
Reading: talsrcimg_to_3T18yoSchwartzReactN32_as_orig_t4
Reading: /opt/freesurfer/average/3T18yoSchwartzReactN32_as_orig.4dfp.ifh
Writing: talsrcimg_to_3T18yoSchwartzReactN32_as_orig_t4_vox2vox.txt

start time Thu Oct 5 12:22:14 UTC 2023
end		time Thu Oct 5 12:22:47 UTC 2023

mpr2mni305 success

avi2talxfm orig_nu.mgz /opt/freesurfer/average/mni305.cor.mgz talsrcimg_to_3T18yoSchwartzReactN32_as_orig_t4_vox2vox.txt transforms/talairach.auto.xfm
avi2talxfm done
mv -f /localscratch/bpinsard.41394467.0/freesurfer_crosssectional_autorecon1smriprep_skullstripautorecon2autorecon3_sub03_ses013.job/sub-03_ses-013/mri/talsrcimg_to_3T18yoSchwartzReactN32_as_orig_t4_vox2vox.txt /localscratch/bpinsard.41394467.0/freesurfer_crosssectional_autorecon1smriprep_skullstripautorecon2autorecon3_sub03_ses013.job/sub-03_ses-013/mri/transforms/talsrcimg_to_3T18yoSchwartzReactN32_as_orig_t4_vox2vox.txt
lta_convert --src orig_nu.mgz --trg /opt/freesurfer/average/mni305.cor.mgz --inxfm transforms/talairach.auto.xfm --outlta transforms/talairach.auto.xfm.lta --subject fsaverage
7.4.1

--src: orig_nu.mgz src image (geometry).
--trg: /opt/freesurfer/average/mni305.cor.mgz trg image (geometry).
--inmni: transforms/talairach.auto.xfm input MNI/XFM transform.
--outlta: transforms/talairach.auto.xfm.lta output LTA.
--s: fsaverage subject name
 LTA read, type : 1
 0.95270   0.03121  -0.01858  -2.47817;
-0.00558   0.90668   0.11409  -26.93525;
 0.01697  -0.09731   0.93979  -14.99746;
 0.00000   0.00000   0.00000   1.00000;
setting subject to fsaverage
Writing  LTA to file transforms/talairach.auto.xfm.lta...
lta_convert successful.
 
 
Started at Thu Oct 5 12:22:13 UTC 2023
Ended   at Thu Oct  5 12:22:47 UTC 2023
talairach_avi done
