status file for recon-all
Thu Oct 12 21:06:33 UTC 2023
#@# MotionCor Thu Oct 12 21:07:15 UTC 2023
#@# Talairach Thu Oct 12 21:07:15 UTC 2023
#@# Talairach Failure Detection Thu Oct 12 21:07:17 UTC 2023
#@# Nu Intensity Correction Thu Oct 12 21:07:18 UTC 2023
#@# Intensity Normalization Thu Oct 12 21:16:55 UTC 2023
#@# Skull Stripping Thu Oct 12 21:31:15 UTC 2023
#@# EM Registration Thu Oct 12 21:31:21 UTC 2023
#@# CA Normalize Thu Oct 12 21:31:21 UTC 2023
#@# CA Reg Thu Oct 12 21:35:33 UTC 2023
#@# SubCort Seg Thu Oct 12 22:00:24 UTC 2023
#@# CC Seg Thu Oct 12 22:12:01 UTC 2023
#@# Merge ASeg Thu Oct 12 22:18:44 UTC 2023
#@# Intensity Normalization2 Thu Oct 12 22:18:44 UTC 2023
#@# Mask BFS Thu Oct 12 22:25:48 UTC 2023
#@# WM Segmentation Thu Oct 12 22:25:56 UTC 2023
#@# Smooth2 lh Thu Oct 12 22:44:26 UTC 2023
#@# Smooth2 rh Thu Oct 12 22:44:32 UTC 2023
#@# Inflation2 lh Thu Oct 12 22:44:38 UTC 2023
#@# Inflation2 rh Thu Oct 12 22:45:03 UTC 2023
#@# Curv .H and .K lh Thu Oct 12 22:45:32 UTC 2023
#@# Curv .H and .K rh Thu Oct 12 22:47:13 UTC 2023
#@# Sphere lh Thu Oct 12 22:48:57 UTC 2023
#@# Sphere rh Thu Oct 12 22:48:57 UTC 2023
#@# Surf Reg lh Thu Oct 12 22:48:57 UTC 2023
#@# Surf Reg rh Thu Oct 12 22:52:25 UTC 2023
#@# Jacobian white lh Thu Oct 12 23:02:03 UTC 2023
#@# Jacobian white rh Thu Oct 12 23:02:05 UTC 2023
#@# AvgCurv lh Thu Oct 12 23:02:07 UTC 2023
#@# AvgCurv rh Thu Oct 12 23:02:09 UTC 2023
#@# Cortical Parc lh Thu Oct 12 23:02:10 UTC 2023
#@# Cortical Parc rh Thu Oct 12 23:02:28 UTC 2023
#@# white curv lh Thu Oct 12 23:20:51 UTC 2023
#@# white area lh Thu Oct 12 23:20:55 UTC 2023
#@# pial curv lh Thu Oct 12 23:20:56 UTC 2023
#@# pial area lh Thu Oct 12 23:21:00 UTC 2023
#@# thickness lh Thu Oct 12 23:21:01 UTC 2023
#@# area and vertex vol lh Thu Oct 12 23:22:09 UTC 2023
#@# white curv rh Thu Oct 12 23:22:13 UTC 2023
#@# white area rh Thu Oct 12 23:22:16 UTC 2023
#@# pial curv rh Thu Oct 12 23:22:18 UTC 2023
#@# pial area rh Thu Oct 12 23:22:22 UTC 2023
#@# thickness rh Thu Oct 12 23:22:23 UTC 2023
#@# area and vertex vol rh Thu Oct 12 23:23:32 UTC 2023
#@# Curvature Stats lh Thu Oct 12 23:23:36 UTC 2023
#@# Curvature Stats rh Thu Oct 12 23:23:41 UTC 2023
#@# Cortical ribbon mask Thu Oct 12 23:23:47 UTC 2023
#@# Cortical Parc 2 lh Thu Oct 12 23:51:29 UTC 2023
#@# Cortical Parc 2 rh Thu Oct 12 23:51:51 UTC 2023
#@# Cortical Parc 3 lh Thu Oct 12 23:52:15 UTC 2023
#@# Cortical Parc 3 rh Thu Oct 12 23:52:35 UTC 2023
#@# WM/GM Contrast lh Thu Oct 12 23:52:54 UTC 2023
#@# WM/GM Contrast rh Thu Oct 12 23:53:03 UTC 2023
#@# Relabel Hypointensities Thu Oct 12 23:53:11 UTC 2023
#@# APas-to-ASeg Thu Oct 12 23:53:54 UTC 2023
#@# AParc-to-ASeg aparc Thu Oct 12 23:54:30 UTC 2023
#@# AParc-to-ASeg aparc.a2009s Thu Oct 12 23:59:28 UTC 2023
#@# AParc-to-ASeg aparc.DKTatlas Fri Oct 13 00:04:33 UTC 2023
#@# WMParc Fri Oct 13 00:09:34 UTC 2023
#@# Parcellation Stats lh Fri Oct 13 00:17:00 UTC 2023
#@# Parcellation Stats rh Fri Oct 13 00:18:16 UTC 2023
#@# Parcellation Stats 2 lh Fri Oct 13 00:19:37 UTC 2023
#@# Parcellation Stats 2 rh Fri Oct 13 00:20:17 UTC 2023
#@# Parcellation Stats 3 lh Fri Oct 13 00:21:00 UTC 2023
#@# Parcellation Stats 3 rh Fri Oct 13 00:21:38 UTC 2023
#@# ASeg Stats Fri Oct 13 00:22:18 UTC 2023
#@# BA_exvivo Labels lh Fri Oct 13 00:24:00 UTC 2023
#@# BA_exvivo Labels rh Fri Oct 13 00:30:10 UTC 2023
recon-all -s sub-06_ses-001.long.sub-06 finished without error at Fri Oct 13 00:36:11 UTC 2023
