status file for recon-all
Thu Oct  5 12:21:59 UTC 2023
#@# MotionCor Thu Oct  5 12:22:06 UTC 2023
#@# Talairach Thu Oct  5 12:22:19 UTC 2023
#@# Talairach Failure Detection Thu Oct  5 12:31:44 UTC 2023
#@# Talairach Thu Oct  5 12:31:44 UTC 2023
#@# Talairach Failure Detection Thu Oct  5 12:40:44 UTC 2023
#@# Nu Intensity Correction Thu Oct  5 12:40:44 UTC 2023
#@# Intensity Normalization Thu Oct  5 12:50:14 UTC 2023
#@# Skull Stripping Thu Oct  5 12:57:01 UTC 2023
recon-all -s sub-06_ses-004 finished without error at Thu Oct  5 13:02:25 UTC 2023



#New# invocation of recon-all 



status file for recon-all
Thu Oct  5 13:28:00 UTC 2023
#@# EM Registration Thu Oct  5 13:28:00 UTC 2023
#@# CA Normalize Thu Oct  5 13:31:08 UTC 2023
#@# CA Reg Thu Oct  5 13:34:37 UTC 2023
#@# SubCort Seg Thu Oct  5 14:45:17 UTC 2023
#@# CC Seg Thu Oct  5 16:15:27 UTC 2023
#@# Merge ASeg Thu Oct  5 16:17:12 UTC 2023
#@# Intensity Normalization2 Thu Oct  5 16:17:12 UTC 2023
#@# Mask BFS Thu Oct  5 16:24:55 UTC 2023
#@# WM Segmentation Thu Oct  5 16:24:57 UTC 2023
#@# Fill Thu Oct  5 16:32:29 UTC 2023
#@# Tessellate lh Thu Oct  5 16:34:55 UTC 2023
#@# Tessellate rh Thu Oct  5 16:35:04 UTC 2023
#@# Smooth1 lh Thu Oct  5 16:35:14 UTC 2023
#@# Smooth1 rh Thu Oct  5 16:35:19 UTC 2023
#@# Inflation1 lh Thu Oct  5 16:35:25 UTC 2023
#@# Inflation1 rh Thu Oct  5 16:35:52 UTC 2023
#@# QSphere lh Thu Oct  5 16:36:21 UTC 2023
#@# QSphere rh Thu Oct  5 16:38:40 UTC 2023
#@# Fix Topology lh Thu Oct  5 16:41:02 UTC 2023
#@# Fix Topology rh Thu Oct  5 16:42:07 UTC 2023
#@# Smooth2 lh Thu Oct  5 16:58:30 UTC 2023
#@# Smooth2 rh Thu Oct  5 16:58:36 UTC 2023
#@# Inflation2 lh Thu Oct  5 16:58:42 UTC 2023
#@# Inflation2 rh Thu Oct  5 16:59:13 UTC 2023
#@# Curv .H and .K lh Thu Oct  5 16:59:47 UTC 2023
#@# Curv .H and .K rh Thu Oct  5 17:01:27 UTC 2023
recon-all -s sub-06_ses-004 finished without error at Thu Oct  5 17:03:13 UTC 2023



#New# invocation of recon-all 



status file for recon-all
Thu Oct  5 17:04:02 UTC 2023
#@# Sphere lh Thu Oct  5 17:04:02 UTC 2023
#@# Sphere rh Thu Oct  5 17:10:50 UTC 2023
#@# Surf Reg lh Thu Oct  5 17:17:55 UTC 2023
#@# Surf Reg rh Thu Oct  5 17:27:20 UTC 2023
#@# Jacobian white lh Thu Oct  5 17:37:28 UTC 2023
#@# Jacobian white rh Thu Oct  5 17:37:30 UTC 2023
#@# AvgCurv lh Thu Oct  5 17:37:32 UTC 2023
#@# AvgCurv rh Thu Oct  5 17:37:33 UTC 2023
#@# Cortical Parc lh Thu Oct  5 17:37:35 UTC 2023
#@# Cortical Parc rh Thu Oct  5 17:37:58 UTC 2023
#@# white curv lh Thu Oct  5 17:56:19 UTC 2023
#@# white area lh Thu Oct  5 17:56:23 UTC 2023
#@# pial curv lh Thu Oct  5 17:56:24 UTC 2023
#@# pial area lh Thu Oct  5 17:56:28 UTC 2023
#@# thickness lh Thu Oct  5 17:56:30 UTC 2023
#@# area and vertex vol lh Thu Oct  5 17:57:36 UTC 2023
#@# white curv rh Thu Oct  5 17:57:39 UTC 2023
#@# white area rh Thu Oct  5 17:57:43 UTC 2023
#@# pial curv rh Thu Oct  5 17:57:45 UTC 2023
#@# pial area rh Thu Oct  5 17:57:49 UTC 2023
#@# thickness rh Thu Oct  5 17:57:50 UTC 2023
#@# area and vertex vol rh Thu Oct  5 17:59:01 UTC 2023
#@# Curvature Stats lh Thu Oct  5 17:59:04 UTC 2023
#@# Curvature Stats rh Thu Oct  5 17:59:10 UTC 2023
#@# Cortical ribbon mask Thu Oct  5 17:59:16 UTC 2023
#@# Cortical Parc 2 lh Thu Oct  5 18:25:47 UTC 2023
#@# Cortical Parc 2 rh Thu Oct  5 18:26:18 UTC 2023
#@# Cortical Parc 3 lh Thu Oct  5 18:26:50 UTC 2023
#@# Cortical Parc 3 rh Thu Oct  5 18:27:11 UTC 2023
#@# WM/GM Contrast lh Thu Oct  5 18:27:33 UTC 2023
#@# WM/GM Contrast rh Thu Oct  5 18:27:40 UTC 2023
#@# Relabel Hypointensities Thu Oct  5 18:27:47 UTC 2023
#@# APas-to-ASeg Thu Oct  5 18:28:28 UTC 2023
#@# AParc-to-ASeg aparc Thu Oct  5 18:28:55 UTC 2023
#@# AParc-to-ASeg aparc.a2009s Thu Oct  5 18:33:21 UTC 2023
#@# AParc-to-ASeg aparc.DKTatlas Thu Oct  5 18:37:55 UTC 2023
#@# WMParc Thu Oct  5 18:42:54 UTC 2023
#@# Parcellation Stats lh Thu Oct  5 18:50:37 UTC 2023
#@# Parcellation Stats rh Thu Oct  5 18:51:53 UTC 2023
#@# Parcellation Stats 2 lh Thu Oct  5 18:53:17 UTC 2023
#@# Parcellation Stats 2 rh Thu Oct  5 18:53:56 UTC 2023
#@# Parcellation Stats 3 lh Thu Oct  5 18:54:39 UTC 2023
#@# Parcellation Stats 3 rh Thu Oct  5 18:55:16 UTC 2023
#@# ASeg Stats Thu Oct  5 18:55:56 UTC 2023
#@# BA_exvivo Labels lh Thu Oct  5 18:57:30 UTC 2023
#@# BA_exvivo Labels rh Thu Oct  5 19:03:36 UTC 2023
recon-all -s sub-06_ses-004 finished without error at Thu Oct  5 19:10:12 UTC 2023



#New# invocation of recon-all 



status file for recon-all
Sun Oct  8 05:07:02 UTC 2023
#@# T2/FLAIR Input Sun Oct  8 05:07:02 UTC 2023
#@# Sphere lh Sun Oct  8 05:07:07 UTC 2023
#@# Sphere rh Sun Oct  8 05:15:32 UTC 2023
#@# Surf Reg lh Sun Oct  8 05:23:25 UTC 2023
#@# Surf Reg rh Sun Oct  8 05:34:33 UTC 2023
#@# Jacobian white lh Sun Oct  8 05:47:23 UTC 2023
#@# Jacobian white rh Sun Oct  8 05:47:24 UTC 2023
#@# AvgCurv lh Sun Oct  8 05:47:26 UTC 2023
#@# AvgCurv rh Sun Oct  8 05:47:28 UTC 2023
#@# Cortical Parc lh Sun Oct  8 05:47:29 UTC 2023
#@# Cortical Parc rh Sun Oct  8 05:47:52 UTC 2023
#@# Refine Pial Surfs w/ T2/FLAIR Sun Oct  8 06:08:38 UTC 2023
#@# white curv lh Sun Oct  8 10:03:20 UTC 2023
#@# white area lh Sun Oct  8 10:03:24 UTC 2023
#@# pial curv lh Sun Oct  8 10:03:25 UTC 2023
#@# pial area lh Sun Oct  8 10:03:29 UTC 2023
#@# thickness lh Sun Oct  8 10:03:31 UTC 2023
#@# area and vertex vol lh Sun Oct  8 10:04:36 UTC 2023
#@# white curv rh Sun Oct  8 10:04:40 UTC 2023
#@# white area rh Sun Oct  8 10:04:44 UTC 2023
#@# pial curv rh Sun Oct  8 10:04:45 UTC 2023
#@# pial area rh Sun Oct  8 10:04:49 UTC 2023
#@# thickness rh Sun Oct  8 10:04:51 UTC 2023
#@# area and vertex vol rh Sun Oct  8 10:06:00 UTC 2023
#@# Curvature Stats lh Sun Oct  8 10:06:04 UTC 2023
#@# Curvature Stats rh Sun Oct  8 10:06:10 UTC 2023
#@# Cortical ribbon mask Sun Oct  8 10:06:17 UTC 2023
#@# Cortical Parc 2 lh Sun Oct  8 10:36:27 UTC 2023
#@# Cortical Parc 2 rh Sun Oct  8 10:36:59 UTC 2023
#@# Cortical Parc 3 lh Sun Oct  8 10:37:33 UTC 2023
#@# Cortical Parc 3 rh Sun Oct  8 10:37:56 UTC 2023
#@# WM/GM Contrast lh Sun Oct  8 10:38:19 UTC 2023
#@# WM/GM Contrast rh Sun Oct  8 10:38:26 UTC 2023
#@# Relabel Hypointensities Sun Oct  8 10:38:34 UTC 2023
#@# APas-to-ASeg Sun Oct  8 10:39:16 UTC 2023
#@# AParc-to-ASeg aparc Sun Oct  8 10:39:53 UTC 2023
#@# AParc-to-ASeg aparc.a2009s Sun Oct  8 10:43:18 UTC 2023
#@# AParc-to-ASeg aparc.DKTatlas Sun Oct  8 10:46:40 UTC 2023
#@# WMParc Sun Oct  8 10:50:00 UTC 2023
#@# Parcellation Stats lh Sun Oct  8 10:57:35 UTC 2023
#@# Parcellation Stats rh Sun Oct  8 10:58:50 UTC 2023
#@# Parcellation Stats 2 lh Sun Oct  8 11:00:13 UTC 2023
#@# Parcellation Stats 2 rh Sun Oct  8 11:00:51 UTC 2023
#@# Parcellation Stats 3 lh Sun Oct  8 11:01:34 UTC 2023
#@# Parcellation Stats 3 rh Sun Oct  8 11:02:11 UTC 2023
#@# ASeg Stats Sun Oct  8 11:02:52 UTC 2023
#@# BA_exvivo Labels lh Sun Oct  8 11:04:35 UTC 2023
#@# BA_exvivo Labels rh Sun Oct  8 11:10:39 UTC 2023
recon-all -s sub-06_ses-004 finished without error at Sun Oct  8 11:17:04 UTC 2023
