/localscratch/bpinsard.41498733.0/freesurfer_crosssectional_autorecon1smriprep_skullstripautorecon2autorecon3_sub02_ses015.job/sub-02_ses-015/mri
/opt/freesurfer/bin/talairach_avi
--i orig_nu.mgz --xfm transforms/talairach.auto.xfm --atlas 3T18yoSchwartzReactN32_as_orig
talairach_avi 7.4.1
Linux bc11231.int.ets1.calculquebec.ca 3.10.0-1160.90.1.el7.x86_64 #1 SMP Thu May 4 15:21:22 UTC 2023 x86_64 x86_64 x86_64 GNU/Linux
Wed Oct 11 01:10:30 UTC 2023
mri_convert orig_nu.mgz talsrcimg.img 
reading from orig_nu.mgz...
TR=0.00, TE=0.00, TI=0.00, flip angle=0.00
i_ras = (-1, 2.91038e-10, 0)
j_ras = (0, 0, -1)
k_ras = (2.91038e-10, 1, 0)
writing to talsrcimg.img...
Analyze Output Matrix
-0.80000   0.00000   0.00000   132.81723;
 0.00000   0.00000   0.80000  -102.86883;
 0.00000  -0.80000   0.00000   129.35222;
 0.00000   0.00000   0.00000   1.00000;
--------------------
INFO: set hdr.hist.orient to -1
mpr2mni305 talsrcimg
Wed Oct 11 01:10:31 UTC 2023
/opt/freesurfer/bin/mpr2mni305 talsrcimg
mpr2mni305 7.4.1
target=3T18yoSchwartzReactN32_as_orig

---------------------------------------------------------------------
analyzeto4dfp talsrcimg -O0 -y
---------------------------------------------------------------------

freesurfer ifh2hdr.c
Wed Oct 11 01:10:32 2023
Writing: talsrcimg.4dfp.hdr
freesurfer analyzeto4dfp.c
Reading: talsrcimg.hdr
header size 348 bytes
hdr.dime.datatype	offset=70	value=2
hdr.dime.bitpix		offset=72	value=8
hdr.hist.orient		offset=252	value=-1
dimensionality     4
dimensions       320       320       320         1
Reading: talsrcimg.img
Writing: talsrcimg.4dfp.img
Writing: talsrcimg.4dfp.ifh
ifh2hdr talsrcimg -r0to212
ori=2

---------------------------------------------------------------------
gauss_4dfp talsrcimg 1.1
---------------------------------------------------------------------

freesurfer gauss_4dfp.c
Reading: talsrcimg.4dfp.img
Writing: talsrcimg_g11.4dfp.img
image dimensions 320 320 320 padded to 384 384 384
processing volume 1freesurfer ifh2hdr.c
Wed Oct 11 01:10:52 2023
Writing: talsrcimg_g11.4dfp.hdr

Writing: talsrcimg_g11.4dfp.ifh
including: talsrcimg.4dfp.img.rec in talsrcimg_g11.4dfp.img.rec

---------------------------------------------------------------------
imgreg_4dfp /opt/freesurfer/average/3T18yoSchwartzReactN32_as_orig none talsrcimg_g11 none talsrcimg_to_3T18yoSchwartzReactN32_as_orig_t4 4355
---------------------------------------------------------------------

freesurfer imgreg_4dfp.c
/opt/freesurfer/average/3T18yoSchwartzReactN32_as_orig.4dfp.img
       256       256       256         1
  1.000000  1.000000  1.000000
orientation T byte_order littleendian
Reading image: /opt/freesurfer/average/3T18yoSchwartzReactN32_as_orig.4dfp.img
dimensions:      256       256       256
mmppix:       1.0000   -1.0000   -1.0000
center:     128.0000 -129.0000 -129.0000
talsrcimg_g11.4dfp.img
       320       320       320         1
  0.800000  0.800000  0.800000
orientation T byte_order littleendian
Reading image: talsrcimg_g11.4dfp.img
dimensions:      320       320       320
mmppix:       0.8000   -0.8000   -0.8000
center:     128.0000 -128.8000 -128.8000
t4_read: open error in t4_sub.f l:  46 t4_file(1:l)talsrcimg_to_3T18yoSchwartzReactN32_as_orig_t4 
t4_read: transform initialized to I4
rotation matrix determinant  1.000000
image alignment mode   4355 decimal     1103 hex
   -7.5000  -45.0000  -45.000010584.0859   15.8916
    0.0000  -45.0000  -45.000011059.0244   15.8537
    7.5000  -45.0000  -45.000010453.3330   15.8377
   -7.5000  -37.5000  -45.000010878.4238   16.7202
    0.0000  -37.5000  -45.000011364.5947   16.6866
    7.5000  -37.5000  -45.000010737.9668   16.6727
   -7.5000  -30.0000  -45.000011531.2217   17.3297
    0.0000  -30.0000  -45.000012032.8330   17.2954
    7.5000  -30.0000  -45.000011378.7744   17.2777
   -7.5000  -22.5000  -45.000012114.1182   17.8520
    0.0000  -22.5000  -45.000012633.6016   17.8146
    7.5000  -22.5000  -45.000011929.8623   17.7909
   -7.5000  -15.0000  -45.000012636.0146   18.3077
    0.0000  -15.0000  -45.000013176.4600   18.2651
    7.5000  -15.0000  -45.000012424.5967   18.2382
   -7.5000   -7.5000  -45.000013120.4912   18.7619
    0.0000   -7.5000  -45.000013671.3008   18.7153
    7.5000   -7.5000  -45.000012895.7842   18.6918
   -7.5000    0.0000  -45.000013587.2217   19.3602
    0.0000    0.0000  -45.000014163.5859   19.3136
    7.5000    0.0000  -45.000013351.0557   19.2944
   -7.5000    7.5000  -45.000013121.5088   20.3221
    0.0000    7.5000  -45.000013683.9463   20.2809
    7.5000    7.5000  -45.000012910.5303   20.2643
   -7.5000   15.0000  -45.000012596.7031   21.4588
    0.0000   15.0000  -45.000013173.6328   21.4299
    7.5000   15.0000  -45.000012445.1455   21.4229
   -7.5000   22.5000  -45.000011967.4082   22.4765
    0.0000   22.5000  -45.000012512.4043   22.4484
    7.5000   22.5000  -45.000011844.4707   22.4473
   -7.5000   30.0000  -45.000011246.2354   23.4316
    0.0000   30.0000  -45.000011753.0908   23.3939
    7.5000   30.0000  -45.000011158.1963   23.3955
   -7.5000   37.5000  -45.000010924.0254   24.5433
    0.0000   37.5000  -45.000011408.1689   24.4921
    7.5000   37.5000  -45.000010834.1709   24.4863
   -7.5000   45.0000  -45.000010173.5273   25.4583
    0.0000   45.0000  -45.000010625.8223   25.3979
    7.5000   45.0000  -45.000010087.7217   25.3805
   -7.5000  -45.0000  -37.500011056.8252   15.8980
    0.0000  -45.0000  -37.500011529.9824   15.8681
    7.5000  -45.0000  -37.500010905.4629   15.8509
   -7.5000  -37.5000  -37.500011373.3945   16.7247
    0.0000  -37.5000  -37.500011854.8232   16.6975
    7.5000  -37.5000  -37.500011199.3467   16.6815
   -7.5000  -30.0000  -37.500012089.1465   17.3357
    0.0000  -30.0000  -37.500012588.8057   17.3071
    7.5000  -30.0000  -37.500011878.7061   17.2872
   -7.5000  -22.5000  -37.500012703.4590   17.8567
    0.0000  -22.5000  -37.500013230.3223   17.8255
    7.5000  -22.5000  -37.500012472.4297   17.8008
   -7.5000  -15.0000  -37.500013274.2627   18.3116
    0.0000  -15.0000  -37.500013818.8818   18.2763
    7.5000  -15.0000  -37.500013024.3066   18.2495
   -7.5000   -7.5000  -37.500013822.3262   18.7676
    0.0000   -7.5000  -37.500014398.1328   18.7296
    7.5000   -7.5000  -37.500013543.5830   18.7057
   -7.5000    0.0000  -37.500014358.6348   19.3680
    0.0000    0.0000  -37.500014964.4404   19.3309
    7.5000    0.0000  -37.500014080.2783   19.3104
   -7.5000    7.5000  -37.500013865.9424   20.3273
    0.0000    7.5000  -37.500014467.0752   20.2940
    7.5000    7.5000  -37.500013633.1406   20.2748
   -7.5000   15.0000  -37.500013333.1484   21.4662
    0.0000   15.0000  -37.500013935.3311   21.4460
    7.5000   15.0000  -37.500013150.0469   21.4364
   -7.5000   22.5000  -37.500012658.5000   22.4705
    0.0000   22.5000  -37.500013216.4014   22.4536
    7.5000   22.5000  -37.500012516.9365   22.4540
   -7.5000   30.0000  -37.500011917.7715   23.4230
    0.0000   30.0000  -37.500012433.5059   23.3989
    7.5000   30.0000  -37.500011809.8867   23.4042
   -7.5000   37.5000  -37.500011588.7324   24.5327
    0.0000   37.5000  -37.500012074.7686   24.4957
    7.5000   37.5000  -37.500011486.5186   24.4927
   -7.5000   45.0000  -37.500010775.3477   25.4573
    0.0000   45.0000  -37.500011227.2939   25.4102
    7.5000   45.0000  -37.500010676.6836   25.3944
   -7.5000  -45.0000  -30.000011713.6143   16.5313
    0.0000  -45.0000  -30.000012174.1484   16.5083
    7.5000  -45.0000  -30.000011523.3457   16.4930
   -7.5000  -37.5000  -30.000012043.2959   17.3875
    0.0000  -37.5000  -30.000012516.6982   17.3673
    7.5000  -37.5000  -30.000011832.5312   17.3563
   -7.5000  -30.0000  -30.000012822.0820   18.0415
    0.0000  -30.0000  -30.000013333.4355   18.0199
    7.5000  -30.0000  -30.000012572.8135   18.0044
   -7.5000  -22.5000  -30.000013502.8623   18.6022
    0.0000  -22.5000  -30.000014062.7715   18.5778
    7.5000  -22.5000  -30.000013221.7959   18.5559
   -7.5000  -15.0000  -30.000014141.4482   19.0953
    0.0000  -15.0000  -30.000014715.1113   19.0669
    7.5000  -15.0000  -30.000013833.5859   19.0417
   -7.5000   -7.5000  -30.000014750.7402   19.5894
    0.0000   -7.5000  -30.000015375.0801   19.5587
    7.5000   -7.5000  -30.000014437.8057   19.5358
   -7.5000    0.0000  -30.000015365.6084   20.2366
    0.0000    0.0000  -30.000016028.9043   20.2079
    7.5000    0.0000  -30.000015049.6719   20.1894
   -7.5000    7.5000  -30.000014871.8086   21.2348
    0.0000    7.5000  -30.000015505.5469   21.2097
    7.5000    7.5000  -30.000014597.6895   21.1965
   -7.5000   15.0000  -30.000014308.9824   22.4201
    0.0000   15.0000  -30.000014924.6084   22.4058
    7.5000   15.0000  -30.000014087.4727   22.4013
   -7.5000   22.5000  -30.000013573.9648   23.4691
    0.0000   22.5000  -30.000014149.5312   23.4564
    7.5000   22.5000  -30.000013404.9521   23.4614
   -7.5000   30.0000  -30.000012788.8340   24.4587
    0.0000   30.0000  -30.000013325.8027   24.4419
    7.5000   30.0000  -30.000012658.9277   24.4520
   -7.5000   37.5000  -30.000012467.0918   25.6152
    0.0000   37.5000  -30.000012979.7109   25.5888
    7.5000   37.5000  -30.000012336.8555   25.5926
   -7.5000   45.0000  -30.000011600.6504   26.5811
    0.0000   45.0000  -30.000012072.7314   26.5434
    7.5000   45.0000  -30.000011478.1904   26.5341
   -7.5000  -45.0000  -22.500012311.2588   17.0226
    0.0000  -45.0000  -22.500012763.6426   16.9988
    7.5000  -45.0000  -22.500012114.9307   16.9865
   -7.5000  -37.5000  -22.500012657.6152   17.9032
    0.0000  -37.5000  -22.500013131.2979   17.8833
    7.5000  -37.5000  -22.500012442.2207   17.8795
   -7.5000  -30.0000  -22.500013525.9814   18.5896
    0.0000  -30.0000  -22.500014060.3574   18.5687
    7.5000  -30.0000  -22.500013270.1680   18.5599
   -7.5000  -22.5000  -22.500014292.5898   19.1835
    0.0000  -22.5000  -22.500014890.1504   19.1596
    7.5000  -22.5000  -22.500014002.7764   19.1415
   -7.5000  -15.0000  -22.500015006.2734   19.7077
    0.0000  -15.0000  -22.500015607.2500   19.6793
    7.5000  -15.0000  -22.500014691.1963   19.6553
   -7.5000   -7.5000  -22.500015707.3086   20.2319
    0.0000   -7.5000  -22.500016360.1211   20.2005
    7.5000   -7.5000  -22.500015367.6387   20.1791
   -7.5000    0.0000  -22.500016391.4727   20.9160
    0.0000    0.0000  -22.500017101.1973   20.8862
    7.5000    0.0000  -22.500016042.0781   20.8714
   -7.5000    7.5000  -22.500015859.1035   21.9462
    0.0000    7.5000  -22.500016560.3848   21.9214
    7.5000    7.5000  -22.500015571.9473   21.9169
   -7.5000   15.0000  -22.500015266.0498   23.1656
    0.0000   15.0000  -22.500015937.0469   23.1479
    7.5000   15.0000  -22.500015033.0557   23.1510
   -7.5000   22.5000  -22.500014514.4326   24.2648
    0.0000   22.5000  -22.500015148.0371   24.2442
    7.5000   22.5000  -22.500014324.4736   24.2520
   -7.5000   30.0000  -22.500013707.3447   25.2831
    0.0000   30.0000  -22.500014283.1211   25.2597
    7.5000   30.0000  -22.500013528.7637   25.2703
   -7.5000   37.5000  -22.500013399.0742   26.4760
    0.0000   37.5000  -22.500013948.5117   26.4466
    7.5000   37.5000  -22.500013226.4131   26.4546
   -7.5000   45.0000  -22.500012472.9922   27.4601
    0.0000   45.0000  -22.500012982.3594   27.4191
    7.5000   45.0000  -22.500012305.2139   27.4151
   -7.5000  -45.0000  -15.000012869.4990   17.3422
    0.0000  -45.0000  -15.000013304.5791   17.3091
    7.5000  -45.0000  -15.000012667.2158   17.2975
   -7.5000  -37.5000  -15.000013232.8164   18.2420
    0.0000  -37.5000  -15.000013700.2314   18.2145
    7.5000  -37.5000  -15.000013029.4531   18.2124
   -7.5000  -30.0000  -15.000014202.6553   18.9444
    0.0000  -30.0000  -15.000014755.9854   18.9162
    7.5000  -30.0000  -15.000013967.1279   18.9091
   -7.5000  -22.5000  -15.000015088.8086   19.5590
    0.0000  -22.5000  -15.000015746.3223   19.5271
    7.5000  -22.5000  -15.000014823.1455   19.5097
   -7.5000  -15.0000  -15.000015897.1650   20.1046
    0.0000  -15.0000  -15.000016546.1934   20.0668
    7.5000  -15.0000  -15.000015579.2744   20.0423
   -7.5000   -7.5000  -15.000016652.2715   20.6516
    0.0000   -7.5000  -15.000017299.3223   20.6097
    7.5000   -7.5000  -15.000016286.6406   20.5882
   -7.5000    0.0000  -15.000017437.6543   21.3644
    0.0000    0.0000  -15.000018155.0625   21.3231
    7.5000    0.0000  -15.000017030.9395   21.3091
   -7.5000    7.5000  -15.000016934.6426   22.4189
    0.0000    7.5000  -15.000017654.0586   22.3847
    7.5000    7.5000  -15.000016547.3145   22.3823
   -7.5000   15.0000  -15.000016342.9385   23.6598
    0.0000   15.0000  -15.000017016.0762   23.6316
    7.5000   15.0000  -15.000015988.8857   23.6375
   -7.5000   22.5000  -15.000015600.5381   24.7961
    0.0000   22.5000  -15.000016216.8818   24.7619
    7.5000   22.5000  -15.000015260.3389   24.7682
   -7.5000   30.0000  -15.000014751.7285   25.8386
    0.0000   30.0000  -15.000015329.4033   25.7987
    7.5000   30.0000  -15.000014428.8047   25.8061
   -7.5000   37.5000  -15.000014424.6025   27.0613
    0.0000   37.5000  -15.000014987.6885   27.0153
    7.5000   37.5000  -15.000014111.4492   27.0208
   -7.5000   45.0000  -15.000013415.9932   28.0582
    0.0000   45.0000  -15.000013951.7686   28.0016
    7.5000   45.0000  -15.000013147.7109   27.9959
   -7.5000  -45.0000   -7.500013322.8584   17.5003
    0.0000  -45.0000   -7.500013802.9541   17.4583
    7.5000  -45.0000   -7.500013174.1270   17.4442
   -7.5000  -37.5000   -7.500013734.2969   18.4119
    0.0000  -37.5000   -7.500014250.1895   18.3761
    7.5000  -37.5000   -7.500013563.8457   18.3685
   -7.5000  -30.0000   -7.500014837.1875   19.1222
    0.0000  -30.0000   -7.500015431.6123   19.0860
    7.5000  -30.0000   -7.500014592.6709   19.0739
   -7.5000  -22.5000   -7.500015953.1738   19.7474
    0.0000  -22.5000   -7.500016664.1289   19.7071
    7.5000  -22.5000   -7.500015586.5684   19.6860
   -7.5000  -15.0000   -7.500017003.2852   20.3063
    0.0000  -15.0000   -7.500017717.1387   20.2592
    7.5000  -15.0000   -7.500016476.0996   20.2322
   -7.5000   -7.5000   -7.500017808.8750   20.8708
    0.0000   -7.5000   -7.500018470.1113   20.8186
    7.5000   -7.5000   -7.500017188.2969   20.7949
   -7.5000    0.0000   -7.500018575.3633   21.6076
    0.0000    0.0000   -7.500019235.9707   21.5552
    7.5000    0.0000   -7.500017910.2305   21.5382
   -7.5000    7.5000   -7.500018009.5195   22.6767
    0.0000    7.5000   -7.500018664.1582   22.6323
    7.5000    7.5000   -7.500017366.1934   22.6232
   -7.5000   15.0000   -7.500017396.6035   23.9334
    0.0000   15.0000   -7.500018041.8066   23.8984
    7.5000   15.0000   -7.500016814.3633   23.8991
   -7.5000   22.5000   -7.500016580.5996   25.0797
    0.0000   22.5000   -7.500017206.4355   25.0402
    7.5000   22.5000   -7.500016097.2021   25.0425
   -7.5000   30.0000   -7.500015601.0635   26.1394
    0.0000   30.0000   -7.500016231.1787   26.0903
    7.5000   30.0000   -7.500015235.3828   26.0934
   -7.5000   37.5000   -7.500015184.1982   27.3805
    0.0000   37.5000   -7.500015834.0020   27.3204
    7.5000   37.5000   -7.500014898.4395   27.3187
   -7.5000   45.0000   -7.500014092.8760   28.3955
    0.0000   45.0000   -7.500014717.1963   28.3256
    7.5000   45.0000   -7.500013876.7295   28.3123
   -7.5000  -45.0000    0.000013799.8242   17.6134
    0.0000  -45.0000    0.000014262.7607   17.5714
    7.5000  -45.0000    0.000013505.0488   17.5536
   -7.5000  -37.5000    0.000014304.5508   18.5318
    0.0000  -37.5000    0.000014782.7305   18.4946
    7.5000  -37.5000    0.000013887.4072   18.4791
   -7.5000  -30.0000    0.000015571.1143   19.2523
    0.0000  -30.0000    0.000016080.7988   19.2142
    7.5000  -30.0000    0.000014973.5859   19.1945
   -7.5000  -22.5000    0.000016854.3496   19.8861
    0.0000  -22.5000    0.000017476.6387   19.8445
    7.5000  -22.5000    0.000016043.2861   19.8180
   -7.5000  -15.0000    0.000018030.1641   20.4558
    0.0000  -15.0000    0.000018796.6484   20.4081
    7.5000  -15.0000    0.000017050.4434   20.3781
   -7.5000   -7.5000    0.000018836.8379   21.0379
    0.0000   -7.5000    0.000019593.3223   20.9857
    7.5000   -7.5000    0.000017813.2344   20.9593
   -7.5000    0.0000    0.000019459.1543   21.7984
    0.0000    0.0000    0.000020186.1875   21.7459
    7.5000    0.0000    0.000018522.9883   21.7243
   -7.5000    7.5000    0.000018659.1523   22.8786
    0.0000    7.5000    0.000019376.0098   22.8323
    7.5000    7.5000    0.000017918.6191   22.8136
   -7.5000   15.0000    0.000017894.4043   24.1554
    0.0000   15.0000    0.000018623.9062   24.1229
    7.5000   15.0000    0.000017366.0859   24.1150
   -7.5000   22.5000    0.000016984.9980   25.2942
    0.0000   22.5000    0.000017742.5801   25.2626
    7.5000   22.5000    0.000016651.8809   25.2614
   -7.5000   30.0000    0.000015975.9619   26.3644
    0.0000   30.0000    0.000016726.9668   26.3220
    7.5000   30.0000    0.000015798.8135   26.3238
   -7.5000   37.5000    0.000015567.5605   27.6152
    0.0000   37.5000    0.000016313.2490   27.5576
    7.5000   37.5000    0.000015466.9287   27.5510
   -7.5000   45.0000    0.000014486.1211   28.6538
    0.0000   45.0000    0.000015177.6143   28.5858
    7.5000   45.0000    0.000014424.8477   28.5662
   -7.5000  -45.0000    7.500013213.5312   17.5654
    0.0000  -45.0000    7.500013601.6484   17.5323
    7.5000  -45.0000    7.500012692.6660   17.5133
   -7.5000  -37.5000    7.500013639.1738   18.4787
    0.0000  -37.5000    7.500014081.2227   18.4487
    7.5000  -37.5000    7.500013054.1348   18.4310
   -7.5000  -30.0000    7.500014772.5918   19.2016
    0.0000  -30.0000    7.500015305.6533   19.1700
    7.5000  -30.0000    7.500014123.9844   19.1479
   -7.5000  -22.5000    7.500015865.0186   19.8348
    0.0000  -22.5000    7.500016561.9648   19.8002
    7.5000  -22.5000    7.500015176.2549   19.7727
   -7.5000  -15.0000    7.500016844.6289   20.4045
    0.0000  -15.0000    7.500017706.8066   20.3651
    7.5000  -15.0000    7.500016180.1396   20.3353
   -7.5000   -7.5000    7.500017587.5684   20.9894
    0.0000   -7.5000    7.500018414.3047   20.9469
    7.5000   -7.5000    7.500016965.5117   20.9202
   -7.5000    0.0000    7.500018259.3047   21.7523
    0.0000    0.0000    7.500019088.5059   21.7107
    7.5000    0.0000    7.500017725.5371   21.6877
   -7.5000    7.5000    7.500017574.8906   22.8267
    0.0000    7.5000    7.500018405.4727   22.7893
    7.5000    7.5000    7.500017171.2168   22.7677
   -7.5000   15.0000    7.500016833.1445   24.1045
    0.0000   15.0000    7.500017651.9414   24.0818
    7.5000   15.0000    7.500016573.1094   24.0710
   -7.5000   22.5000    7.500015972.5498   25.2274
    0.0000   22.5000    7.500016744.7578   25.2085
    7.5000   22.5000    7.500015821.1826   25.2089
   -7.5000   30.0000    7.500015030.3555   26.2946
    0.0000   30.0000    7.500015755.0811   26.2676
    7.5000   30.0000    7.500014957.7383   26.2735
   -7.5000   37.5000    7.500014658.4531   27.5404
    0.0000   37.5000    7.500015369.4766   27.4988
    7.5000   37.5000    7.500014614.0449   27.4955
   -7.5000   45.0000    7.500013672.7734   28.5899
    0.0000   45.0000    7.500014338.5986   28.5370
    7.5000   45.0000    7.500013647.7666   28.5192
   -7.5000  -45.0000   15.000012144.5596   17.5369
    0.0000  -45.0000   15.000012611.2832   17.5127
    7.5000  -45.0000   15.000011821.9473   17.4963
   -7.5000  -37.5000   15.000012498.6943   18.4446
    0.0000  -37.5000   15.000013018.3828   18.4233
    7.5000  -37.5000   15.000012171.5537   18.4115
   -7.5000  -30.0000   15.000013549.8584   19.1678
    0.0000  -30.0000   15.000014123.9600   19.1450
    7.5000  -30.0000   15.000013177.3604   19.1284
   -7.5000  -22.5000   15.000014557.7080   19.8017
    0.0000  -22.5000   15.000015251.0254   19.7759
    7.5000  -22.5000   15.000014176.2236   19.7525
   -7.5000  -15.0000   15.000015479.2607   20.3748
    0.0000  -15.0000   15.000016228.8545   20.3446
    7.5000  -15.0000   15.000015133.2783   20.3176
   -7.5000   -7.5000   15.000016214.7598   20.9631
    0.0000   -7.5000   15.000016903.8457   20.9304
    7.5000   -7.5000   15.000015907.2510   20.9058
   -7.5000    0.0000   15.000016929.4902   21.7270
    0.0000    0.0000   15.000017669.5332   21.6963
    7.5000    0.0000   15.000016667.4375   21.6764
   -7.5000    7.5000   15.000016359.9951   22.7969
    0.0000    7.5000   15.000017099.6406   22.7701
    7.5000    7.5000   15.000016155.0410   22.7558
   -7.5000   15.0000   15.000015722.7959   24.0694
    0.0000   15.0000   15.000016441.3281   24.0543
    7.5000   15.0000   15.000015562.8701   24.0493
   -7.5000   22.5000   15.000014950.6953   25.1919
    0.0000   22.5000   15.000015625.6016   25.1785
    7.5000   22.5000   15.000014825.2832   25.1838
   -7.5000   30.0000   15.000014090.9707   26.2528
    0.0000   30.0000   15.000014746.4463   26.2349
    7.5000   30.0000   15.000014008.0068   26.2457
   -7.5000   37.5000   15.000013743.5771   27.4940
    0.0000   37.5000   15.000014392.6484   27.4659
    7.5000   37.5000   15.000013680.3057   27.4698
   -7.5000   45.0000   15.000012799.0996   28.5383
    0.0000   45.0000   15.000013407.4160   28.4980
    7.5000   45.0000   15.000012745.8154   28.4878
   -7.5000  -45.0000   22.500011116.5957   17.7631
    0.0000  -45.0000   22.500011596.6602   17.7378
    7.5000  -45.0000   22.500010979.3516   17.7245
   -7.5000  -37.5000   22.500011473.3242   18.6951
    0.0000  -37.5000   22.500011970.6309   18.6739
    7.5000  -37.5000   22.500011314.4150   18.6695
   -7.5000  -30.0000   22.500012450.5410   19.4271
    0.0000  -30.0000   22.500012981.8037   19.4050
    7.5000  -30.0000   22.500012243.8975   19.3954
   -7.5000  -22.5000   22.500013420.7666   20.0691
    0.0000  -22.5000   22.500014013.9277   20.0440
    7.5000  -22.5000   22.500013166.6826   20.0245
   -7.5000  -15.0000   22.500014307.9990   20.6478
    0.0000  -15.0000   22.500014920.8799   20.6178
    7.5000  -15.0000   22.500014025.4199   20.5920
   -7.5000   -7.5000   22.500015042.1484   21.2383
    0.0000   -7.5000   22.500015626.9697   21.2049
    7.5000   -7.5000   22.500014763.3193   21.1818
   -7.5000    0.0000   22.500015762.8809   22.0068
    0.0000    0.0000   22.500016390.9199   21.9749
    7.5000    0.0000   22.500015514.9570   21.9588
   -7.5000    7.5000   22.500015231.2168   23.1085
    0.0000    7.5000   22.500015852.0039   23.0818
    7.5000    7.5000   22.500015038.7568   23.0767
   -7.5000   15.0000   22.500014655.7803   24.4160
    0.0000   15.0000   22.500015249.8711   24.3969
    7.5000   15.0000   22.500014507.3154   24.3999
   -7.5000   22.5000   22.500013956.7354   25.5937
    0.0000   22.5000   22.500014522.2998   25.5717
    7.5000   22.5000   22.500013834.9395   25.5798
   -7.5000   30.0000   22.500013181.8848   26.6891
    0.0000   30.0000   22.500013770.7568   26.6641
    7.5000   30.0000   22.500013106.1396   26.6753
   -7.5000   37.5000   22.500012859.6758   27.9709
    0.0000   37.5000   22.500013461.1895   27.9393
    7.5000   37.5000   22.500012805.1475   27.9476
   -7.5000   45.0000   22.500011969.7969   29.0422
    0.0000   45.0000   22.500012535.6787   28.9977
    7.5000   45.0000   22.500011931.7695   28.9930
   -7.5000  -45.0000   30.000010181.3506   18.1212
    0.0000  -45.0000   30.000010601.7568   18.0861
    7.5000  -45.0000   30.000010101.9805   18.0727
   -7.5000  -37.5000   30.000010511.4648   19.0950
    0.0000  -37.5000   30.000010942.7793   19.0658
    7.5000  -37.5000   30.000010407.4482   19.0624
   -7.5000  -30.0000   30.000011417.7266   19.8354
    0.0000  -30.0000   30.000011883.7109   19.8055
    7.5000  -30.0000   30.000011271.3398   19.7963
   -7.5000  -22.5000   30.000012312.3135   20.4864
    0.0000  -22.5000   30.000012820.8701   20.4529
    7.5000  -22.5000   30.000012125.8955   20.4323
   -7.5000  -15.0000   30.000013135.9531   21.0725
    0.0000  -15.0000   30.000013656.5967   21.0328
    7.5000  -15.0000   30.000012907.0332   21.0047
   -7.5000   -7.5000   30.000013831.4648   21.6679
    0.0000   -7.5000   30.000014381.5859   21.6234
    7.5000   -7.5000   30.000013596.0439   21.5989
   -7.5000    0.0000   30.000014528.5186   22.4485
    0.0000    0.0000   30.000015112.2373   22.4043
    7.5000    0.0000   30.000014306.1289   22.3881
   -7.5000    7.5000   30.000014063.3174   23.6029
    0.0000    7.5000   30.000014631.7568   23.5664
    7.5000    7.5000   30.000013886.4404   23.5625
   -7.5000   15.0000   30.000013552.0635   24.9677
    0.0000   15.0000   30.000014099.7803   24.9380
    7.5000   15.0000   30.000013425.6631   24.9425
   -7.5000   22.5000   30.000012925.8037   26.2223
    0.0000   22.5000   30.000013451.9717   26.1863
    7.5000   22.5000   30.000012811.7344   26.1913
   -7.5000   30.0000   30.000012225.7031   27.3843
    0.0000   30.0000   30.000012764.5938   27.3423
    7.5000   30.0000   30.000012161.3994   27.3485
   -7.5000   37.5000   30.000011944.9307   28.7394
    0.0000   37.5000   30.000012494.9893   28.6907
    7.5000   37.5000   30.000011891.8037   28.6952
   -7.5000   45.0000   30.000011128.1260   29.8668
    0.0000   45.0000   30.000011654.4473   29.8057
    7.5000   45.0000   30.000011094.4521   29.7978
   -7.5000  -45.0000   37.5000 9740.6201   18.8749
    0.0000  -45.0000   37.500010143.4756   18.8278
    7.5000  -45.0000   37.5000 9677.7295   18.8076
   -7.5000  -37.5000   37.500010052.6611   19.9076
    0.0000  -37.5000   37.500010466.0596   19.8679
    7.5000  -37.5000   37.5000 9987.6992   19.8548
   -7.5000  -30.0000   37.500010940.4922   20.6755
    0.0000  -30.0000   37.500011381.8281   20.6357
    7.5000  -30.0000   37.500010828.9707   20.6177
   -7.5000  -22.5000   37.500011796.1875   21.3476
    0.0000  -22.5000   37.500012268.5391   21.3034
    7.5000  -22.5000   37.500011628.2812   21.2751
   -7.5000  -15.0000   37.500012579.6543   21.9493
    0.0000  -15.0000   37.500013054.8340   21.8973
    7.5000  -15.0000   37.500012369.3086   21.8618
   -7.5000   -7.5000   37.500013254.9727   22.5631
    0.0000   -7.5000   37.500013775.2393   22.5045
    7.5000   -7.5000   37.500013048.6348   22.4727
   -7.5000    0.0000   37.500013961.6123   23.3775
    0.0000    0.0000   37.500014508.4531   23.3185
    7.5000    0.0000   37.500013760.0576   23.2939
   -7.5000    7.5000   37.500013527.5498   24.6033
    0.0000    7.5000   37.500014051.4541   24.5538
    7.5000    7.5000   37.500013363.6914   24.5380
   -7.5000   15.0000   37.500013043.7617   26.0369
    0.0000   15.0000   37.500013584.6514   25.9993
    7.5000   15.0000   37.500012936.6709   25.9952
   -7.5000   22.5000   37.500012456.5049   27.3493
    0.0000   22.5000   37.500012987.9980   27.3072
    7.5000   22.5000   37.500012368.1719   27.3051
   -7.5000   30.0000   37.500011790.7061   28.5707
    0.0000   30.0000   37.500012296.6299   28.5171
    7.5000   30.0000   37.500011722.4785   28.5151
   -7.5000   37.5000   37.500011531.8320   29.9795
    0.0000   37.5000   37.500012046.3467   29.9119
    7.5000   37.5000   37.500011468.9707   29.9029
   -7.5000   45.0000   37.500010755.9453   31.1486
    0.0000   45.0000   37.500011245.8984   31.0690
    7.5000   45.0000   37.500010718.6113   31.0449
   -7.5000  -45.0000   45.0000 8960.0947   19.7459
    0.0000  -45.0000   45.0000 9330.2520   19.6962
    7.5000  -45.0000   45.0000 8931.2910   19.6706
   -7.5000  -37.5000   45.0000 9234.7559   20.8309
    0.0000  -37.5000   45.0000 9619.0283   20.7869
    7.5000  -37.5000   45.0000 9203.4512   20.7633
   -7.5000  -30.0000   45.000010062.3350   21.6332
    0.0000  -30.0000   45.000010471.5898   21.5888
    7.5000  -30.0000   45.0000 9982.3213   21.5602
   -7.5000  -22.5000   45.000010839.6426   22.3317
    0.0000  -22.5000   45.000011268.2539   22.2838
    7.5000  -22.5000   45.000010723.6094   22.2481
   -7.5000  -15.0000   45.000011548.0654   22.9547
    0.0000  -15.0000   45.000011991.0215   22.8996
    7.5000  -15.0000   45.000011381.1670   22.8602
   -7.5000   -7.5000   45.000012205.2100   23.5949
    0.0000   -7.5000   45.000012685.6475   23.5337
    7.5000   -7.5000   45.000012028.8584   23.4984
   -7.5000    0.0000   45.000012893.1572   24.4511
    0.0000    0.0000   45.000013396.7988   24.3889
    7.5000    0.0000   45.000012712.2002   24.3579
   -7.5000    7.5000   45.000012496.0146   25.7424
    0.0000    7.5000   45.000012985.8545   25.6875
    7.5000    7.5000   45.000012348.2119   25.6588
   -7.5000   15.0000   45.000012050.9824   27.2459
    0.0000   15.0000   45.000012552.4062   27.2092
    7.5000   15.0000   45.000011954.9746   27.1944
   -7.5000   22.5000   45.000011511.2529   28.5941
    0.0000   22.5000   45.000012012.8877   28.5602
    7.5000   22.5000   45.000011435.5381   28.5554
   -7.5000   30.0000   45.000010900.3926   29.8742
    0.0000   30.0000   45.000011378.2637   29.8273
    7.5000   30.0000   45.000010854.2412   29.8281
   -7.5000   37.5000   45.000010661.1084   31.3412
    0.0000   37.5000   45.000011132.6182   31.2734
    7.5000   37.5000   45.000010615.1611   31.2622
   -7.5000   45.0000   45.0000 9978.3359   32.5776
    0.0000   45.0000   45.000010406.4902   32.4943
    7.5000   45.0000   45.0000 9937.3398   32.4617

---------------------------------------------------------------------
imgreg_4dfp /opt/freesurfer/average/3T18yoSchwartzReactN32_as_orig /opt/freesurfer/average/711-2B_as_mni_average_305_mask talsrcimg_g11 none talsrcimg_to_3T18yoSchwartzReactN32_as_orig_t4 4355
---------------------------------------------------------------------

freesurfer imgreg_4dfp.c
/opt/freesurfer/average/3T18yoSchwartzReactN32_as_orig.4dfp.img
       256       256       256         1
  1.000000  1.000000  1.000000
orientation T byte_order littleendian
Reading image: /opt/freesurfer/average/3T18yoSchwartzReactN32_as_orig.4dfp.img
dimensions:      256       256       256
mmppix:       1.0000   -1.0000   -1.0000
center:     128.0000 -129.0000 -129.0000
/opt/freesurfer/average/711-2B_as_mni_average_305_mask.4dfp.img
       256       256       256         1
  1.000000  1.000000  1.000000
orientation T byte_order littleendian
Reading mask: /opt/freesurfer/average/711-2B_as_mni_average_305_mask.4dfp.img (2306576 pixels)
talsrcimg_g11.4dfp.img
       320       320       320         1
  0.800000  0.800000  0.800000
orientation T byte_order littleendian
Reading image: talsrcimg_g11.4dfp.img
dimensions:      320       320       320
mmppix:       0.8000   -0.8000   -0.8000
center:     128.0000 -128.8000 -128.8000
rotation matrix determinant  1.000000
image alignment mode   4355 decimal     1103 hex
   -7.5000  -45.0000  -45.0000 2434.6675   24.7662
    0.0000  -45.0000  -45.0000 2438.1389   24.7141
    7.5000  -45.0000  -45.0000 2398.6562   24.7039
   -7.5000  -37.5000  -45.0000 2463.7883   24.6760
    0.0000  -37.5000  -45.0000 2467.7544   24.6190
    7.5000  -37.5000  -45.0000 2428.3948   24.6142
   -7.5000  -30.0000  -45.0000 2483.0901   24.4301
    0.0000  -30.0000  -45.0000 2480.6194   24.3022
    7.5000  -30.0000  -45.0000 2449.3464   24.3387
   -7.5000  -22.5000  -45.0000 2499.7358   24.1411
    0.0000  -22.5000  -45.0000 2500.5063   23.9946
    7.5000  -22.5000  -45.0000 2467.9055   24.1062
   -7.5000  -15.0000  -45.0000 2507.3594   23.9902
    0.0000  -15.0000  -45.0000 2510.3447   23.8565
    7.5000  -15.0000  -45.0000 2476.1123   24.0080
   -7.5000   -7.5000  -45.0000 2512.7483   24.2048
    0.0000   -7.5000  -45.0000 2513.2400   24.0536
    7.5000   -7.5000  -45.0000 2485.1650   24.2311
   -7.5000    0.0000  -45.0000 2500.7751   24.7268
    0.0000    0.0000  -45.0000 2507.3108   24.6206
    7.5000    0.0000  -45.0000 2469.3462   24.7665
   -7.5000    7.5000  -45.0000 2472.6355   25.6160
    0.0000    7.5000  -45.0000 2477.9539   25.4823
    7.5000    7.5000  -45.0000 2438.8943   25.6224
   -7.5000   15.0000  -45.0000 2412.2065   26.7812
    0.0000   15.0000  -45.0000 2425.3833   26.7187
    7.5000   15.0000  -45.0000 2386.7451   26.8432
   -7.5000   22.5000  -45.0000 2341.8757   28.3903
    0.0000   22.5000  -45.0000 2355.1370   28.3989
    7.5000   22.5000  -45.0000 2317.2993   28.4729
   -7.5000   30.0000  -45.0000 2252.4846   30.5932
    0.0000   30.0000  -45.0000 2264.4595   30.5660
    7.5000   30.0000  -45.0000 2232.3481   30.7108
   -7.5000   37.5000  -45.0000 2141.1785   33.5239
    0.0000   37.5000  -45.0000 2152.7061   33.4529
    7.5000   37.5000  -45.0000 2122.5217   33.6894
   -7.5000   45.0000  -45.0000 2025.4805   37.3738
    0.0000   45.0000  -45.0000 2040.4534   37.2687
    7.5000   45.0000  -45.0000 2007.4468   37.4812
   -7.5000  -45.0000  -37.5000 2495.9849   23.5338
    0.0000  -45.0000  -37.5000 2496.8320   23.4549
    7.5000  -45.0000  -37.5000 2464.4197   23.4999
   -7.5000  -37.5000  -37.5000 2527.8225   23.4771
    0.0000  -37.5000  -37.5000 2530.0847   23.3910
    7.5000  -37.5000  -37.5000 2494.5251   23.4192
   -7.5000  -30.0000  -37.5000 2546.5544   23.1786
    0.0000  -30.0000  -37.5000 2544.3489   23.0911
    7.5000  -30.0000  -37.5000 2510.7925   23.1291
   -7.5000  -22.5000  -37.5000 2556.0864   22.8598
    0.0000  -22.5000  -37.5000 2554.8721   22.7238
    7.5000  -22.5000  -37.5000 2524.2061   22.8296
   -7.5000  -15.0000  -37.5000 2566.4263   22.5979
    0.0000  -15.0000  -37.5000 2568.3765   22.5095
    7.5000  -15.0000  -37.5000 2540.6741   22.7016
   -7.5000   -7.5000  -37.5000 2582.9077   22.7263
    0.0000   -7.5000  -37.5000 2586.5759   22.6006
    7.5000   -7.5000  -37.5000 2555.1306   22.8100
   -7.5000    0.0000  -37.5000 2580.4678   23.1428
    0.0000    0.0000  -37.5000 2589.6621   23.0328
    7.5000    0.0000  -37.5000 2555.4536   23.2401
   -7.5000    7.5000  -37.5000 2551.3159   23.9303
    0.0000    7.5000  -37.5000 2561.9722   23.7943
    7.5000    7.5000  -37.5000 2528.2778   24.0368
   -7.5000   15.0000  -37.5000 2494.9243   25.0184
    0.0000   15.0000  -37.5000 2510.7585   24.9161
    7.5000   15.0000  -37.5000 2475.5435   25.1164
   -7.5000   22.5000  -37.5000 2424.3052   26.5399
    0.0000   22.5000  -37.5000 2438.7971   26.4596
    7.5000   22.5000  -37.5000 2405.3669   26.6350
   -7.5000   30.0000  -37.5000 2341.3540   28.5947
    0.0000   30.0000  -37.5000 2351.1956   28.4416
    7.5000   30.0000  -37.5000 2322.6812   28.6910
   -7.5000   37.5000  -37.5000 2235.0862   31.3378
    0.0000   37.5000  -37.5000 2240.7390   31.1665
    7.5000   37.5000  -37.5000 2213.3701   31.4032
   -7.5000   45.0000  -37.5000 2107.6885   34.8983
    0.0000   45.0000  -37.5000 2117.5652   34.7689
    7.5000   45.0000  -37.5000 2088.9961   34.9291
   -7.5000  -45.0000  -30.0000 2593.2402   23.1576
    0.0000  -45.0000  -30.0000 2590.5637   23.0698
    7.5000  -45.0000  -30.0000 2562.6187   23.1818
   -7.5000  -37.5000  -30.0000 2623.0574   23.0333
    0.0000  -37.5000  -30.0000 2620.9448   22.9507
    7.5000  -37.5000  -30.0000 2589.5569   23.0490
   -7.5000  -30.0000  -30.0000 2640.9189   22.7439
    0.0000  -30.0000  -30.0000 2639.5532   22.6941
    7.5000  -30.0000  -30.0000 2608.4194   22.7732
   -7.5000  -22.5000  -30.0000 2650.6763   22.3463
    0.0000  -22.5000  -30.0000 2654.1355   22.2743
    7.5000  -22.5000  -30.0000 2619.2246   22.4008
   -7.5000  -15.0000  -30.0000 2668.1238   21.9815
    0.0000  -15.0000  -30.0000 2670.5671   21.8862
    7.5000  -15.0000  -30.0000 2641.4675   22.1580
   -7.5000   -7.5000  -30.0000 2692.6072   22.0128
    0.0000   -7.5000  -30.0000 2697.9392   21.8846
    7.5000   -7.5000  -30.0000 2669.6262   22.1839
   -7.5000    0.0000  -30.0000 2704.0110   22.3900
    0.0000    0.0000  -30.0000 2713.4080   22.2658
    7.5000    0.0000  -30.0000 2679.6716   22.5442
   -7.5000    7.5000  -30.0000 2683.3733   23.1096
    0.0000    7.5000  -30.0000 2690.3850   22.9746
    7.5000    7.5000  -30.0000 2659.4666   23.3090
   -7.5000   15.0000  -30.0000 2630.8081   24.1878
    0.0000   15.0000  -30.0000 2637.9077   24.0124
    7.5000   15.0000  -30.0000 2607.9258   24.3219
   -7.5000   22.5000  -30.0000 2556.6858   25.7011
    0.0000   22.5000  -30.0000 2563.5903   25.5029
    7.5000   22.5000  -30.0000 2537.2419   25.7989
   -7.5000   30.0000  -30.0000 2470.4683   27.7347
    0.0000   30.0000  -30.0000 2478.6448   27.5331
    7.5000   30.0000  -30.0000 2451.4426   27.8177
   -7.5000   37.5000  -30.0000 2367.6296   30.3772
    0.0000   37.5000  -30.0000 2373.7510   30.1814
    7.5000   37.5000  -30.0000 2345.4048   30.4445
   -7.5000   45.0000  -30.0000 2236.5042   33.8434
    0.0000   45.0000  -30.0000 2246.7876   33.6483
    7.5000   45.0000  -30.0000 2216.6675   33.8636
   -7.5000  -45.0000  -22.5000 2639.0984   22.6372
    0.0000  -45.0000  -22.5000 2633.3745   22.4778
    7.5000  -45.0000  -22.5000 2614.8152   22.7847
   -7.5000  -37.5000  -22.5000 2667.3420   22.4692
    0.0000  -37.5000  -22.5000 2662.9370   22.3525
    7.5000  -37.5000  -22.5000 2641.9412   22.6340
   -7.5000  -30.0000  -22.5000 2688.2117   22.2019
    0.0000  -30.0000  -22.5000 2688.7852   22.1013
    7.5000  -30.0000  -22.5000 2664.5588   22.3611
   -7.5000  -22.5000  -22.5000 2696.7524   21.7774
    0.0000  -22.5000  -22.5000 2702.7163   21.7208
    7.5000  -22.5000  -22.5000 2678.8167   21.9877
   -7.5000  -15.0000  -22.5000 2715.1008   21.3024
    0.0000  -15.0000  -22.5000 2715.0229   21.1935
    7.5000  -15.0000  -22.5000 2705.9636   21.6199
   -7.5000   -7.5000  -22.5000 2752.4973   21.2183
    0.0000   -7.5000  -22.5000 2756.9536   21.0582
    7.5000   -7.5000  -22.5000 2740.3235   21.5187
   -7.5000    0.0000  -22.5000 2774.7949   21.5708
    0.0000    0.0000  -22.5000 2788.1277   21.4402
    7.5000    0.0000  -22.5000 2760.4636   21.8685
   -7.5000    7.5000  -22.5000 2760.0771   22.2664
    0.0000    7.5000  -22.5000 2773.9221   22.1231
    7.5000    7.5000  -22.5000 2751.1978   22.5590
   -7.5000   15.0000  -22.5000 2714.8884   23.2912
    0.0000   15.0000  -22.5000 2725.2734   23.1331
    7.5000   15.0000  -22.5000 2705.7988   23.5445
   -7.5000   22.5000  -22.5000 2647.0422   24.7751
    0.0000   22.5000  -22.5000 2662.5615   24.6330
    7.5000   22.5000  -22.5000 2640.6074   25.0209
   -7.5000   30.0000  -22.5000 2562.6880   26.7643
    0.0000   30.0000  -22.5000 2576.5166   26.5990
    7.5000   30.0000  -22.5000 2552.9658   26.9851
   -7.5000   37.5000  -22.5000 2464.6855   29.4145
    0.0000   37.5000  -22.5000 2477.2139   29.2117
    7.5000   37.5000  -22.5000 2451.7896   29.6144
   -7.5000   45.0000  -22.5000 2329.1750   32.7383
    0.0000   45.0000  -22.5000 2345.9805   32.5930
    7.5000   45.0000  -22.5000 2317.5947   32.9570
   -7.5000  -45.0000  -15.0000 2640.6660   22.3758
    0.0000  -45.0000  -15.0000 2627.2146   22.0931
    7.5000  -45.0000  -15.0000 2627.3120   22.5523
   -7.5000  -37.5000  -15.0000 2663.2588   22.2156
    0.0000  -37.5000  -15.0000 2656.9985   22.0016
    7.5000  -37.5000  -15.0000 2654.7590   22.3832
   -7.5000  -30.0000  -15.0000 2685.2974   21.9708
    0.0000  -30.0000  -15.0000 2689.6731   21.8253
    7.5000  -30.0000  -15.0000 2683.5945   22.1383
   -7.5000  -22.5000  -15.0000 2703.7290   21.5877
    0.0000  -22.5000  -15.0000 2720.8879   21.5531
    7.5000  -22.5000  -15.0000 2711.0715   21.8023
   -7.5000  -15.0000  -15.0000 2719.5413   21.1009
    0.0000  -15.0000  -15.0000 2735.1318   21.0671
    7.5000  -15.0000  -15.0000 2737.6458   21.4176
   -7.5000   -7.5000  -15.0000 2750.5222   20.7270
    0.0000   -7.5000  -15.0000 2752.9502   20.5749
    7.5000   -7.5000  -15.0000 2767.3367   21.1321
   -7.5000    0.0000  -15.0000 2792.3611   21.0315
    0.0000    0.0000  -15.0000 2807.3098   20.8556
    7.5000    0.0000  -15.0000 2802.0244   21.3545
   -7.5000    7.5000  -15.0000 2800.1196   21.7583
    0.0000    7.5000  -15.0000 2818.8188   21.5725
    7.5000    7.5000  -15.0000 2804.6948   22.0039
   -7.5000   15.0000  -15.0000 2767.6287   22.7833
    0.0000   15.0000  -15.0000 2782.6941   22.6143
    7.5000   15.0000  -15.0000 2767.8770   22.9726
   -7.5000   22.5000  -15.0000 2710.4360   24.2511
    0.0000   22.5000  -15.0000 2724.7087   24.0574
    7.5000   22.5000  -15.0000 2707.9521   24.4287
   -7.5000   30.0000  -15.0000 2631.4346   26.2579
    0.0000   30.0000  -15.0000 2647.0227   26.0099
    7.5000   30.0000  -15.0000 2626.8428   26.3956
   -7.5000   37.5000  -15.0000 2535.8623   28.8580
    0.0000   37.5000  -15.0000 2548.2942   28.6056
    7.5000   37.5000  -15.0000 2524.2588   29.0072
   -7.5000   45.0000  -15.0000 2397.4841   32.1152
    0.0000   45.0000  -15.0000 2413.9927   31.8913
    7.5000   45.0000  -15.0000 2390.4795   32.3379
   -7.5000  -45.0000   -7.5000 2583.1963   22.4452
    0.0000  -45.0000   -7.5000 2582.6885   22.2444
    7.5000  -45.0000   -7.5000 2606.9114   22.6862
   -7.5000  -37.5000   -7.5000 2613.6631   22.3491
    0.0000  -37.5000   -7.5000 2621.7432   22.2257
    7.5000  -37.5000   -7.5000 2646.3064   22.5356
   -7.5000  -30.0000   -7.5000 2649.9006   22.2123
    0.0000  -30.0000   -7.5000 2663.4690   22.0835
    7.5000  -30.0000   -7.5000 2689.4756   22.3327
   -7.5000  -22.5000   -7.5000 2702.9180   22.0397
    0.0000  -22.5000   -7.5000 2726.5361   21.9463
    7.5000  -22.5000   -7.5000 2732.2458   22.0052
   -7.5000  -15.0000   -7.5000 2755.8252   21.7648
    0.0000  -15.0000   -7.5000 2775.3904   21.6657
    7.5000  -15.0000   -7.5000 2764.3435   21.5958
   -7.5000   -7.5000   -7.5000 2759.5027   21.0770
    0.0000   -7.5000   -7.5000 2765.1687   20.9130
    7.5000   -7.5000   -7.5000 2773.9822   21.0656
   -7.5000    0.0000   -7.5000 2781.7583   21.0244
    0.0000    0.0000   -7.5000 2787.9399   20.8038
    7.5000    0.0000   -7.5000 2795.4946   21.0907
   -7.5000    7.5000   -7.5000 2799.6069   21.6038
    0.0000    7.5000   -7.5000 2806.3552   21.3994
    7.5000    7.5000   -7.5000 2804.3882   21.6421
   -7.5000   15.0000   -7.5000 2788.9912   22.6829
    0.0000   15.0000   -7.5000 2795.1538   22.4346
    7.5000   15.0000   -7.5000 2783.3206   22.6698
   -7.5000   22.5000   -7.5000 2741.9365   24.1732
    0.0000   22.5000   -7.5000 2749.9634   23.9061
    7.5000   22.5000   -7.5000 2738.1099   24.1735
   -7.5000   30.0000   -7.5000 2661.1433   26.1202
    0.0000   30.0000   -7.5000 2676.9214   25.8604
    7.5000   30.0000   -7.5000 2658.0181   26.0845
   -7.5000   37.5000   -7.5000 2562.2939   28.6633
    0.0000   37.5000   -7.5000 2577.4006   28.3836
    7.5000   37.5000   -7.5000 2554.5388   28.6060
   -7.5000   45.0000   -7.5000 2425.7429   31.8674
    0.0000   45.0000   -7.5000 2443.4653   31.6378
    7.5000   45.0000   -7.5000 2416.4949   31.8254
   -7.5000  -45.0000    0.0000 2534.8494   23.2371
    0.0000  -45.0000    0.0000 2533.0586   23.0206
    7.5000  -45.0000    0.0000 2566.7957   23.2481
   -7.5000  -37.5000    0.0000 2592.4531   23.2157
    0.0000  -37.5000    0.0000 2592.4661   22.9992
    7.5000  -37.5000    0.0000 2615.5837   23.0325
   -7.5000  -30.0000    0.0000 2659.7610   23.0635
    0.0000  -30.0000    0.0000 2665.7935   22.9016
    7.5000  -30.0000    0.0000 2668.7913   22.7983
   -7.5000  -22.5000    0.0000 2743.4700   22.9236
    0.0000  -22.5000    0.0000 2748.9968   22.7627
    7.5000  -22.5000    0.0000 2718.6499   22.4472
   -7.5000  -15.0000    0.0000 2814.9854   22.6756
    0.0000  -15.0000    0.0000 2828.2439   22.5745
    7.5000  -15.0000    0.0000 2764.5862   22.0034
   -7.5000   -7.5000    0.0000 2824.4944   22.0282
    0.0000   -7.5000    0.0000 2826.1106   21.8603
    7.5000   -7.5000    0.0000 2774.7712   21.4916
   -7.5000    0.0000    0.0000 2810.8396   21.6639
    0.0000    0.0000    0.0000 2807.4485   21.4132
    7.5000    0.0000    0.0000 2782.7517   21.3811
   -7.5000    7.5000    0.0000 2787.6240   21.8800
    0.0000    7.5000    0.0000 2788.6863   21.6373
    7.5000    7.5000    0.0000 2780.5071   21.7986
   -7.5000   15.0000    0.0000 2767.6858   22.8147
    0.0000   15.0000    0.0000 2768.3689   22.5881
    7.5000   15.0000    0.0000 2766.3376   22.8244
   -7.5000   22.5000    0.0000 2727.0564   24.2422
    0.0000   22.5000    0.0000 2737.2256   24.0480
    7.5000   22.5000    0.0000 2730.9382   24.3197
   -7.5000   30.0000    0.0000 2658.1917   26.1598
    0.0000   30.0000    0.0000 2671.0500   25.9459
    7.5000   30.0000    0.0000 2662.5291   26.2101
   -7.5000   37.5000    0.0000 2564.0823   28.6310
    0.0000   37.5000    0.0000 2579.9165   28.4331
    7.5000   37.5000    0.0000 2564.6006   28.6672
   -7.5000   45.0000    0.0000 2439.5928   31.8587
    0.0000   45.0000    0.0000 2457.2356   31.6994
    7.5000   45.0000    0.0000 2434.2798   31.8643
   -7.5000  -45.0000    7.5000 2528.5845   24.6414
    0.0000  -45.0000    7.5000 2514.4175   24.3874
    7.5000  -45.0000    7.5000 2520.1685   24.3285
   -7.5000  -37.5000    7.5000 2591.7224   24.4699
    0.0000  -37.5000    7.5000 2581.7727   24.2040
    7.5000  -37.5000    7.5000 2572.1145   23.9840
   -7.5000  -30.0000    7.5000 2655.0100   24.0388
    0.0000  -30.0000    7.5000 2655.5071   23.8934
    7.5000  -30.0000    7.5000 2630.7490   23.5891
   -7.5000  -22.5000    7.5000 2729.8455   23.6023
    0.0000  -22.5000    7.5000 2735.7488   23.5081
    7.5000  -22.5000    7.5000 2692.0840   23.1944
   -7.5000  -15.0000    7.5000 2791.0869   23.1035
    0.0000  -15.0000    7.5000 2810.6838   23.1671
    7.5000  -15.0000    7.5000 2752.8525   22.7543
   -7.5000   -7.5000    7.5000 2808.8242   22.4884
    0.0000   -7.5000    7.5000 2815.7053   22.4008
    7.5000   -7.5000    7.5000 2774.7078   22.2580
   -7.5000    0.0000    7.5000 2813.4041   22.2849
    0.0000    0.0000    7.5000 2806.5010   21.9078
    7.5000    0.0000    7.5000 2786.4856   22.1484
   -7.5000    7.5000    7.5000 2817.5024   22.7535
    0.0000    7.5000    7.5000 2816.3130   22.4154
    7.5000    7.5000    7.5000 2793.0361   22.6635
   -7.5000   15.0000    7.5000 2783.6748   23.6720
    0.0000   15.0000    7.5000 2787.1716   23.4200
    7.5000   15.0000    7.5000 2768.5562   23.6264
   -7.5000   22.5000    7.5000 2727.4839   24.9869
    0.0000   22.5000    7.5000 2730.8696   24.7805
    7.5000   22.5000    7.5000 2720.1685   24.9609
   -7.5000   30.0000    7.5000 2647.5703   26.7139
    0.0000   30.0000    7.5000 2652.7908   26.4811
    7.5000   30.0000    7.5000 2644.1929   26.6943
   -7.5000   37.5000    7.5000 2550.5220   29.0930
    0.0000   37.5000    7.5000 2562.7136   28.8280
    7.5000   37.5000    7.5000 2549.5837   29.0375
   -7.5000   45.0000    7.5000 2426.4468   32.1667
    0.0000   45.0000    7.5000 2445.7705   31.9573
    7.5000   45.0000    7.5000 2428.8357   32.1498
   -7.5000  -45.0000   15.0000 2493.1606   26.0016
    0.0000  -45.0000   15.0000 2483.2322   25.8288
    7.5000  -45.0000   15.0000 2484.0662   25.8153
   -7.5000  -37.5000   15.0000 2543.5679   25.5652
    0.0000  -37.5000   15.0000 2537.0554   25.4106
    7.5000  -37.5000   15.0000 2531.9907   25.3460
   -7.5000  -30.0000   15.0000 2604.7092   25.0163
    0.0000  -30.0000   15.0000 2600.2769   24.8842
    7.5000  -30.0000   15.0000 2589.5801   24.8319
   -7.5000  -22.5000   15.0000 2673.4927   24.3962
    0.0000  -22.5000   15.0000 2676.7473   24.3507
    7.5000  -22.5000   15.0000 2651.8977   24.2164
   -7.5000  -15.0000   15.0000 2729.0923   23.7568
    0.0000  -15.0000   15.0000 2739.6497   23.8009
    7.5000  -15.0000   15.0000 2717.1819   23.6737
   -7.5000   -7.5000   15.0000 2758.9363   23.0964
    0.0000   -7.5000   15.0000 2745.7029   22.8001
    7.5000   -7.5000   15.0000 2751.7727   23.1969
   -7.5000    0.0000   15.0000 2790.9519   23.1296
    0.0000    0.0000   15.0000 2778.8972   22.6346
    7.5000    0.0000   15.0000 2773.9524   23.1651
   -7.5000    7.5000   15.0000 2805.2908   23.7595
    0.0000    7.5000   15.0000 2802.8953   23.3737
    7.5000    7.5000   15.0000 2786.2151   23.7441
   -7.5000   15.0000   15.0000 2781.6379   24.8239
    0.0000   15.0000   15.0000 2781.6716   24.4719
    7.5000   15.0000   15.0000 2769.1455   24.7849
   -7.5000   22.5000   15.0000 2733.0549   26.2461
    0.0000   22.5000   15.0000 2736.8237   25.9551
    7.5000   22.5000   15.0000 2719.6899   26.1242
   -7.5000   30.0000   15.0000 2651.8669   27.9647
    0.0000   30.0000   15.0000 2658.9417   27.6562
    7.5000   30.0000   15.0000 2640.7354   27.8199
   -7.5000   37.5000   15.0000 2543.0544   30.1203
    0.0000   37.5000   15.0000 2559.1125   29.8530
    7.5000   37.5000   15.0000 2541.4451   29.9895
   -7.5000   45.0000   15.0000 2410.7803   33.0304
    0.0000   45.0000   15.0000 2433.6833   32.8906
    7.5000   45.0000   15.0000 2407.7729   32.8826
   -7.5000  -45.0000   22.5000 2448.1206   27.4972
    0.0000  -45.0000   22.5000 2443.2021   27.3826
    7.5000  -45.0000   22.5000 2447.3972   27.6303
   -7.5000  -37.5000   22.5000 2500.3079   27.0450
    0.0000  -37.5000   22.5000 2496.9062   26.9233
    7.5000  -37.5000   22.5000 2493.2798   27.0714
   -7.5000  -30.0000   22.5000 2557.4661   26.4242
    0.0000  -30.0000   22.5000 2557.8479   26.3550
    7.5000  -30.0000   22.5000 2548.5471   26.4138
   -7.5000  -22.5000   22.5000 2629.3843   25.7742
    0.0000  -22.5000   22.5000 2628.1091   25.7177
    7.5000  -22.5000   22.5000 2616.3250   25.7717
   -7.5000  -15.0000   22.5000 2684.3948   25.0663
    0.0000  -15.0000   22.5000 2683.2532   24.9028
    7.5000  -15.0000   22.5000 2672.6128   25.0847
   -7.5000   -7.5000   22.5000 2719.9744   24.4550
    0.0000   -7.5000   22.5000 2703.8352   23.9533
    7.5000   -7.5000   22.5000 2706.3967   24.5339
   -7.5000    0.0000   22.5000 2760.3276   24.5973
    0.0000    0.0000   22.5000 2749.5544   24.0809
    7.5000    0.0000   22.5000 2736.3826   24.5142
   -7.5000    7.5000   22.5000 2771.4983   25.2175
    0.0000    7.5000   22.5000 2765.9031   24.7964
    7.5000    7.5000   22.5000 2751.8555   25.1102
   -7.5000   15.0000   22.5000 2752.0386   26.2255
    0.0000   15.0000   22.5000 2743.9629   25.7887
    7.5000   15.0000   22.5000 2738.7930   26.0875
   -7.5000   22.5000   22.5000 2709.9241   27.6342
    0.0000   22.5000   22.5000 2704.7078   27.2148
    7.5000   22.5000   22.5000 2697.0608   27.4526
   -7.5000   30.0000   22.5000 2636.0222   29.4434
    0.0000   30.0000   22.5000 2646.5129   29.0939
    7.5000   30.0000   22.5000 2628.2734   29.2459
   -7.5000   37.5000   22.5000 2527.3923   31.5782
    0.0000   37.5000   22.5000 2547.8618   31.3276
    7.5000   37.5000   22.5000 2522.9387   31.3988
   -7.5000   45.0000   22.5000 2388.7351   34.4710
    0.0000   45.0000   22.5000 2412.6760   34.3043
    7.5000   45.0000   22.5000 2386.8140   34.2399
   -7.5000  -45.0000   30.0000 2399.4399   29.4761
    0.0000  -45.0000   30.0000 2400.9580   29.3957
    7.5000  -45.0000   30.0000 2400.4734   29.7178
   -7.5000  -37.5000   30.0000 2452.8472   28.9466
    0.0000  -37.5000   30.0000 2454.6079   28.8058
    7.5000  -37.5000   30.0000 2451.3179   29.1141
   -7.5000  -30.0000   30.0000 2510.3633   28.2285
    0.0000  -30.0000   30.0000 2515.3164   28.0933
    7.5000  -30.0000   30.0000 2506.6777   28.3022
   -7.5000  -22.5000   30.0000 2573.9060   27.4413
    0.0000  -22.5000   30.0000 2574.7539   27.2583
    7.5000  -22.5000   30.0000 2571.5288   27.5213
   -7.5000  -15.0000   30.0000 2635.3806   26.8249
    0.0000  -15.0000   30.0000 2629.6611   26.4100
    7.5000  -15.0000   30.0000 2625.5078   26.8443
   -7.5000   -7.5000   30.0000 2669.1262   26.2642
    0.0000   -7.5000   30.0000 2670.0042   25.8047
    7.5000   -7.5000   30.0000 2660.1650   26.2539
   -7.5000    0.0000   30.0000 2710.3501   26.4665
    0.0000    0.0000   30.0000 2712.2827   26.0269
    7.5000    0.0000   30.0000 2695.0479   26.3113
   -7.5000    7.5000   30.0000 2725.1375   27.0351
    0.0000    7.5000   30.0000 2731.3206   26.6432
    7.5000    7.5000   30.0000 2714.6133   26.8640
   -7.5000   15.0000   30.0000 2709.7400   27.9866
    0.0000   15.0000   30.0000 2710.6528   27.5437
    7.5000   15.0000   30.0000 2700.0352   27.7510
   -7.5000   22.5000   30.0000 2666.9785   29.2422
    0.0000   22.5000   30.0000 2672.2444   28.8682
    7.5000   22.5000   30.0000 2654.7588   29.0175
   -7.5000   30.0000   30.0000 2595.8142   31.0267
    0.0000   30.0000   30.0000 2610.4915   30.7054
    7.5000   30.0000   30.0000 2590.5059   30.7987
   -7.5000   37.5000   30.0000 2490.8564   33.2994
    0.0000   37.5000   30.0000 2506.9587   33.0004
    7.5000   37.5000   30.0000 2485.4470   33.0638
   -7.5000   45.0000   30.0000 2356.6414   36.2270
    0.0000   45.0000   30.0000 2378.6699   35.9925
    7.5000   45.0000   30.0000 2348.7495   35.9481
   -7.5000  -45.0000   37.5000 2339.4565   31.7719
    0.0000  -45.0000   37.5000 2348.8201   31.6822
    7.5000  -45.0000   37.5000 2345.9451   32.0744
   -7.5000  -37.5000   37.5000 2386.5056   31.0434
    0.0000  -37.5000   37.5000 2397.8025   30.8938
    7.5000  -37.5000   37.5000 2395.2966   31.3595
   -7.5000  -30.0000   37.5000 2447.0220   30.2325
    0.0000  -30.0000   37.5000 2454.7954   29.9575
    7.5000  -30.0000   37.5000 2450.9707   30.4510
   -7.5000  -22.5000   37.5000 2515.2053   29.4476
    0.0000  -22.5000   37.5000 2518.6702   29.1085
    7.5000  -22.5000   37.5000 2508.1628   29.5509
   -7.5000  -15.0000   37.5000 2570.5178   28.8965
    0.0000  -15.0000   37.5000 2574.1033   28.4384
    7.5000  -15.0000   37.5000 2563.6880   28.9090
   -7.5000   -7.5000   37.5000 2608.4019   28.3969
    0.0000   -7.5000   37.5000 2618.3655   28.0142
    7.5000   -7.5000   37.5000 2604.7590   28.3397
   -7.5000    0.0000   37.5000 2653.9119   28.6735
    0.0000    0.0000   37.5000 2663.0710   28.2375
    7.5000    0.0000   37.5000 2644.5464   28.4518
   -7.5000    7.5000   37.5000 2668.8154   29.1882
    0.0000    7.5000   37.5000 2674.5894   28.7357
    7.5000    7.5000   37.5000 2659.0383   28.9345
   -7.5000   15.0000   37.5000 2655.0164   30.0599
    0.0000   15.0000   37.5000 2665.5381   29.6386
    7.5000   15.0000   37.5000 2646.4875   29.7983
   -7.5000   22.5000   37.5000 2620.0906   31.2479
    0.0000   22.5000   37.5000 2632.3650   30.8398
    7.5000   22.5000   37.5000 2602.3020   30.9283
   -7.5000   30.0000   37.5000 2550.4678   32.8943
    0.0000   30.0000   37.5000 2563.1990   32.5821
    7.5000   30.0000   37.5000 2535.0608   32.6279
   -7.5000   37.5000   37.5000 2446.2239   35.1828
    0.0000   37.5000   37.5000 2463.3623   34.8864
    7.5000   37.5000   37.5000 2428.8325   34.8925
   -7.5000   45.0000   37.5000 2317.1262   38.2113
    0.0000   45.0000   37.5000 2337.5581   37.9313
    7.5000   45.0000   37.5000 2301.0999   37.9172
   -7.5000  -45.0000   45.0000 2261.7134   34.3475
    0.0000  -45.0000   45.0000 2271.8635   34.1070
    7.5000  -45.0000   45.0000 2275.1787   34.6792
   -7.5000  -37.5000   45.0000 2312.8186   33.4195
    0.0000  -37.5000   45.0000 2322.6941   33.1270
    7.5000  -37.5000   45.0000 2322.2439   33.7054
   -7.5000  -30.0000   45.0000 2374.0430   32.6057
    0.0000  -30.0000   45.0000 2384.8025   32.2623
    7.5000  -30.0000   45.0000 2373.6294   32.7857
   -7.5000  -22.5000   45.0000 2445.0669   31.9665
    0.0000  -22.5000   45.0000 2450.5752   31.5302
    7.5000  -22.5000   45.0000 2439.6101   32.0095
   -7.5000  -15.0000   45.0000 2495.7832   31.3585
    0.0000  -15.0000   45.0000 2509.4031   31.0014
    7.5000  -15.0000   45.0000 2488.0212   31.3892
   -7.5000   -7.5000   45.0000 2538.9077   30.9415
    0.0000   -7.5000   45.0000 2553.4792   30.5968
    7.5000   -7.5000   45.0000 2534.0278   30.8663
   -7.5000    0.0000   45.0000 2586.0798   31.2659
    0.0000    0.0000   45.0000 2598.0789   30.8088
    7.5000    0.0000   45.0000 2571.8792   30.8908
   -7.5000    7.5000   45.0000 2598.3396   31.7095
    0.0000    7.5000   45.0000 2610.8174   31.2840
    7.5000    7.5000   45.0000 2588.2898   31.3524
   -7.5000   15.0000   45.0000 2586.5420   32.4343
    0.0000   15.0000   45.0000 2603.1641   32.0472
    7.5000   15.0000   45.0000 2579.1411   32.1368
   -7.5000   22.5000   45.0000 2555.2310   33.5948
    0.0000   22.5000   45.0000 2572.4065   33.2066
    7.5000   22.5000   45.0000 2536.7874   33.2880
   -7.5000   30.0000   45.0000 2489.7341   35.2096
    0.0000   30.0000   45.0000 2508.4124   34.8873
    7.5000   30.0000   45.0000 2474.1309   34.9543
   -7.5000   37.5000   45.0000 2391.1023   37.4780
    0.0000   37.5000   45.0000 2409.5237   37.1694
    7.5000   37.5000   45.0000 2371.6440   37.1770
   -7.5000   45.0000   45.0000 2269.9172   40.4471
    0.0000   45.0000   45.0000 2286.0818   40.2477
    7.5000   45.0000   45.0000 2250.3064   40.2052

---------------------------------------------------------------------
imgreg_4dfp /opt/freesurfer/average/3T18yoSchwartzReactN32_as_orig /opt/freesurfer/average/711-2B_as_mni_average_305_mask talsrcimg_g11 none talsrcimg_to_3T18yoSchwartzReactN32_as_orig_t4 1283
---------------------------------------------------------------------

freesurfer imgreg_4dfp.c
/opt/freesurfer/average/3T18yoSchwartzReactN32_as_orig.4dfp.img
       256       256       256         1
  1.000000  1.000000  1.000000
orientation T byte_order littleendian
Reading image: /opt/freesurfer/average/3T18yoSchwartzReactN32_as_orig.4dfp.img
dimensions:      256       256       256
mmppix:       1.0000   -1.0000   -1.0000
center:     128.0000 -129.0000 -129.0000
/opt/freesurfer/average/711-2B_as_mni_average_305_mask.4dfp.img
       256       256       256         1
  1.000000  1.000000  1.000000
orientation T byte_order littleendian
Reading mask: /opt/freesurfer/average/711-2B_as_mni_average_305_mask.4dfp.img (2306576 pixels)
talsrcimg_g11.4dfp.img
       320       320       320         1
  0.800000  0.800000  0.800000
orientation T byte_order littleendian
Reading image: talsrcimg_g11.4dfp.img
dimensions:      320       320       320
mmppix:       0.8000   -0.8000   -0.8000
center:     128.0000 -128.8000 -128.8000
rotation matrix determinant  1.000000
fimgreg.f
image alignment mode   1283 decimal      503 hex
parameters
    0.0000  -15.0000    0.0000    0.0000    0.0000    0.0000
eta,q 0.88818 22.80882
niter,ni,del,rscale     5    3   12.0000    1.2000
parameter  1  0.645937 ->  0.500000 qaram    1.1500
parameter  2 -1.115731 -> -0.500000 qaram    1.1500
parameter  3 -0.607101 -> -0.500000 qaram    1.1500
parameter  4 -2.601285 ->  0.500000 qaram    1.1500
parameters
   -3.4500  -11.5500    3.4500   -3.4500   -0.0620   -1.9546
eta,q 0.89708 22.77493
  0.1160  0.1336  0.1266  0.1025  0.1089  0.1044
  0.1147  0.1248  0.1199  0.1034  0.1058  0.1029
  0.1151  0.1185  0.1139  0.1050  0.1046  0.1029
  0.1184  0.1143  0.1097  0.1071  0.1038  0.1038
  0.1208  0.1113  0.1074  0.1089  0.1044  0.1045
  0.1255  0.1092  0.1072  0.1099  0.1061  0.1047
  0.1317  0.1064  0.1083  0.1100  0.1091  0.1064
niter,ni,del,rscale     7    3   12.0000    1.2000
parameter  2 -0.586571 -> -0.500000 qaram    1.3225
parameter  4  2.969523 ->  0.500000 qaram    1.3225
parameters
   -2.4578   -7.5825    2.3380   -7.4175   -1.9649   -2.1943
eta,q 0.90556 22.46964
  0.1246  0.1264  0.1135  0.0939  0.0968  0.0970
  0.1136  0.1162  0.1045  0.0955  0.0945  0.0953
  0.1063  0.1078  0.0995  0.0967  0.0944  0.0945
  0.1029  0.1032  0.1004  0.0993  0.0957  0.0945
  0.1046  0.1008  0.1051  0.1019  0.0966  0.0950
  0.1074  0.1003  0.1136  0.1046  0.0978  0.0959
  0.1147  0.1010  0.1243  0.1068  0.1021  0.0971
niter,ni,del,rscale     7    3   12.0000    1.2000
parameter  4  1.870357 ->  0.500000 qaram    1.5209
parameters
   -1.7787   -6.5338    1.3436  -11.9801   -1.2934   -1.7431
eta,q 0.91066 22.53127
  0.1176  0.1141  0.1098  0.0884  0.0958  0.0932
  0.1041  0.1029  0.0990  0.0886  0.0915  0.0907
  0.0961  0.0978  0.0936  0.0912  0.0896  0.0895
  0.0944  0.0948  0.0940  0.0933  0.0892  0.0893
  0.0966  0.0945  0.0994  0.0967  0.0896  0.0895
  0.1005  0.0989  0.1090  0.0989  0.0902  0.0901
  0.1084  0.1054  0.1197  0.1026  0.0929  0.0920
niter,ni,del,rscale     7    3   12.0000    1.2000
parameter  4  0.649432 ->  0.500000 qaram    1.7490
parameters
   -1.8817   -5.7746    0.0982  -17.2272   -1.2373   -1.1623
eta,q 0.91591 22.35838
  0.1084  0.1133  0.1050  0.0862  0.0910  0.0903
  0.0960  0.1009  0.0930  0.0842  0.0871  0.0872
  0.0899  0.0931  0.0872  0.0845  0.0847  0.0852
  0.0893  0.0893  0.0890  0.0871  0.0841  0.0841
  0.0921  0.0909  0.0967  0.0915  0.0852  0.0842
  0.0975  0.0974  0.1065  0.0969  0.0870  0.0857
  0.1085  0.1048  0.1176  0.1008  0.0906  0.0885
niter,ni,del,rscale     7    3   12.0000    1.2000
parameters
   -1.8737   -4.4717   -0.9484  -18.1195   -1.7564   -1.1142
eta,q 0.91862 22.35430
  0.1080  0.1156  0.1033  0.0942  0.0869  0.0867
  0.0945  0.1015  0.0895  0.0869  0.0834  0.0837
  0.0857  0.0902  0.0817  0.0819  0.0817  0.0818
  0.0841  0.0841  0.0834  0.0815  0.0816  0.0814
  0.0887  0.0853  0.0919  0.0854  0.0830  0.0820
  0.0954  0.0922  0.1029  0.0906  0.0849  0.0836
  0.1063  0.0999  0.1149  0.0982  0.0888  0.0865
niter,ni,del,rscale     6    3   12.0000    1.2000
parameters
   -1.8822   -3.9981   -1.2372  -18.7754   -1.8229   -1.2585
eta,q 0.91871 22.34987
  0.1056  0.1100  0.1083  0.0945  0.0873  0.0863
  0.0927  0.0959  0.0934  0.0871  0.0834  0.0832
  0.0835  0.0852  0.0828  0.0818  0.0816  0.0815
  0.0814  0.0814  0.0816  0.0813  0.0813  0.0813
  0.0858  0.0861  0.0880  0.0845  0.0823  0.0821
  0.0931  0.0941  0.0984  0.0903  0.0839  0.0837
  0.1047  0.1021  0.1104  0.0971  0.0872  0.0865
niter,ni,del,rscale     5    3   12.0000    1.2000
parameters
   -1.9343   -3.7873   -1.4119  -19.0985   -1.7010   -1.3848
eta,q 0.91878 22.32982
  0.1047  0.1088  0.1088  0.0955  0.0876  0.0863
  0.0922  0.0941  0.0940  0.0877  0.0835  0.0832
  0.0833  0.0838  0.0829  0.0822  0.0815  0.0814
  0.0813  0.0813  0.0814  0.0812  0.0812  0.0813
  0.0855  0.0869  0.0874  0.0836  0.0820  0.0822
  0.0928  0.0953  0.0974  0.0901  0.0835  0.0836
  0.1047  0.1031  0.1094  0.0962  0.0866  0.0864
niter,ni,del,rscale     4    3   12.0000    1.2000
parameters
   -2.0132   -3.6844   -1.5013  -19.2560   -1.5649   -1.4715
eta,q 0.91882 22.31714
  0.1042  0.1084  0.1093  0.0959  0.0877  0.0864
  0.0920  0.0934  0.0944  0.0881  0.0834  0.0832
  0.0832  0.0833  0.0831  0.0823  0.0813  0.0814
  0.0812  0.0812  0.0813  0.0812  0.0812  0.0812
  0.0853  0.0874  0.0869  0.0832  0.0819  0.0821
  0.0927  0.0958  0.0967  0.0899  0.0834  0.0836
  0.1047  0.1035  0.1087  0.0958  0.0866  0.0863
niter,ni,del,rscale     3    3   12.0000    1.2000
parameters
   -2.0787   -3.6365   -1.5451  -19.3282   -1.4619   -1.5265
eta,q 0.91885 22.31084
  0.1042  0.1081  0.1095  0.0962  0.0876  0.0864
  0.0919  0.0931  0.0947  0.0882  0.0834  0.0833
  0.0832  0.0831  0.0833  0.0824  0.0812  0.0814
  0.0812  0.0811  0.0812  0.0812  0.0811  0.0812
  0.0852  0.0876  0.0867  0.0830  0.0818  0.0821
  0.0926  0.0961  0.0964  0.0898  0.0834  0.0835
  0.1045  0.1037  0.1084  0.0955  0.0867  0.0863
niter,ni,del,rscale     2    3   12.0000    1.2000
parameters
   -2.1222   -3.6131   -1.5659  -19.3626   -1.3960   -1.5611
eta,q 0.91886 22.30773
  0.1042  0.1080  0.1097  0.0963  0.0876  0.0864
  0.0920  0.0930  0.0949  0.0883  0.0833  0.0833
  0.0833  0.0831  0.0834  0.0824  0.0812  0.0814
  0.0812  0.0811  0.0812  0.0811  0.0811  0.0812
  0.0850  0.0878  0.0866  0.0829  0.0818  0.0821
  0.0924  0.0963  0.0963  0.0897  0.0834  0.0835
  0.1043  0.1038  0.1082  0.0954  0.0869  0.0862
niter,ni,del,rscale     1    3   12.0000    1.2000
parameters
   -2.1475   -3.6014   -1.5757  -19.3794   -1.3581   -1.5813
eta,q 0.91886 22.30628
  0.1043  0.1080  0.1097  0.0963  0.0875  0.0864
  0.0921  0.0929  0.0950  0.0883  0.0833  0.0833
  0.0833  0.0830  0.0834  0.0824  0.0812  0.0814
  0.0811  0.0811  0.0811  0.0811  0.0811  0.0811
  0.0849  0.0878  0.0866  0.0829  0.0818  0.0821
  0.0923  0.0964  0.0962  0.0897  0.0835  0.0835
  0.1041  0.1039  0.1081  0.0954  0.0869  0.0862
registration optimization eta report
parameter search radius
    6.9000    7.9350    6.9000   10.4940    6.0000    6.0000
100000*second partial in parameter space
       48.       38.       57.       13.       17.       14.
  0.1043  0.1080  0.1097  0.0963  0.0875  0.0864
  0.0921  0.0929  0.0950  0.0883  0.0833  0.0833
  0.0833  0.0830  0.0834  0.0824  0.0812  0.0814
  0.0811  0.0811  0.0811  0.0811  0.0811  0.0811
  0.0849  0.0878  0.0866  0.0829  0.0818  0.0821
  0.0923  0.0964  0.0962  0.0897  0.0835  0.0835
  0.1041  0.1039  0.1081  0.0954  0.0869  0.0862
   -2.1475   -3.6014   -1.5757  -19.3794   -1.3581   -1.5813
eta,q 0.91886 22.30628

---------------------------------------------------------------------
imgreg_4dfp /opt/freesurfer/average/3T18yoSchwartzReactN32_as_orig /opt/freesurfer/average/711-2B_as_mni_average_305_mask talsrcimg_g11 none talsrcimg_to_3T18yoSchwartzReactN32_as_orig_t4 3335
---------------------------------------------------------------------

freesurfer imgreg_4dfp.c
/opt/freesurfer/average/3T18yoSchwartzReactN32_as_orig.4dfp.img
       256       256       256         1
  1.000000  1.000000  1.000000
orientation T byte_order littleendian
Reading image: /opt/freesurfer/average/3T18yoSchwartzReactN32_as_orig.4dfp.img
dimensions:      256       256       256
mmppix:       1.0000   -1.0000   -1.0000
center:     128.0000 -129.0000 -129.0000
/opt/freesurfer/average/711-2B_as_mni_average_305_mask.4dfp.img
       256       256       256         1
  1.000000  1.000000  1.000000
orientation T byte_order littleendian
Reading mask: /opt/freesurfer/average/711-2B_as_mni_average_305_mask.4dfp.img (2306576 pixels)
talsrcimg_g11.4dfp.img
       320       320       320         1
  0.800000  0.800000  0.800000
orientation T byte_order littleendian
Reading image: talsrcimg_g11.4dfp.img
dimensions:      320       320       320
mmppix:       0.8000   -0.8000   -0.8000
center:     128.0000 -128.8000 -128.8000
fimgreg.f
image alignment mode   3335 decimal      D07 hex
parameters
   -2.1475   -3.6014   -1.5757   -0.0662   -5.6800   -5.6923
    1.8171    3.1506   -2.7588   33.1079   -2.3700  -33.1729
eta,q 0.92115 22.48455
niter,ni,del,rscale     5    3    5.0000    1.2000
parameter  4  1.276444 ->  0.500000 qaram    1.1500
parameters
   -1.8266   -4.6284   -1.7099   -4.2062   -7.8195   -6.1071
    3.1080    3.3806   -0.5073   34.9345    1.0403  -30.7227
eta,q 0.93297 22.57191
  0.0847  0.0794  0.0818  0.0696  0.0729  0.0840  0.0760  0.0819  0.0751  0.0769  0.0759  0.0733
  0.0819  0.0783  0.0795  0.0692  0.0707  0.0776  0.0731  0.0758  0.0725  0.0735  0.0725  0.0702
  0.0799  0.0780  0.0782  0.0723  0.0693  0.0720  0.0708  0.0712  0.0704  0.0707  0.0699  0.0683
  0.0789  0.0787  0.0780  0.0780  0.0697  0.0693  0.0694  0.0692  0.0692  0.0688  0.0681  0.0673
  0.0789  0.0804  0.0787  0.0850  0.0722  0.0717  0.0693  0.0704  0.0688  0.0681  0.0673  0.0670
  0.0801  0.0828  0.0803  0.0925  0.0767  0.0790  0.0704  0.0746  0.0693  0.0690  0.0674  0.0674
  0.0823  0.0859  0.0826  0.0987  0.0819  0.0892  0.0728  0.0806  0.0706  0.0719  0.0684  0.0682
niter,ni,del,rscale     5    3    5.0000    1.2000
parameter  3  0.544674 ->  0.500000 qaram    1.1500
parameters
   -1.1604   -3.5110   -3.0899   -5.8921   -8.5133   -6.5715
    2.2465    2.7513   -0.2859   35.2603    2.2835  -30.0742
eta,q 0.93644 22.36296
  0.0772  0.0740  0.0653  0.0743  0.0698  0.0792  0.0678  0.0742  0.0675  0.0705  0.0688  0.0678
  0.0727  0.0707  0.0643  0.0685  0.0670  0.0721  0.0655  0.0684  0.0655  0.0674  0.0662  0.0652
  0.0692  0.0682  0.0644  0.0644  0.0647  0.0663  0.0641  0.0646  0.0642  0.0650  0.0645  0.0639
  0.0670  0.0664  0.0655  0.0642  0.0638  0.0638  0.0639  0.0638  0.0637  0.0637  0.0636  0.0635
  0.0665  0.0656  0.0676  0.0692  0.0650  0.0668  0.0649  0.0664  0.0641  0.0638  0.0636  0.0639
  0.0675  0.0657  0.0705  0.0775  0.0684  0.0745  0.0671  0.0715  0.0652  0.0659  0.0645  0.0648
  0.0702  0.0668  0.0740  0.0866  0.0734  0.0845  0.0703  0.0782  0.0671  0.0700  0.0662  0.0662
niter,ni,del,rscale     5    3    5.0000    1.2000
parameters
   -1.1421   -3.1583   -3.5140   -5.9372   -8.7525   -6.8958
    2.3143    2.2845   -0.2762   35.4153    2.9911  -29.9030
eta,q 0.93669 22.29354
  0.0703  0.0687  0.0674  0.0781  0.0700  0.0791  0.0686  0.0744  0.0669  0.0698  0.0678  0.0669
  0.0667  0.0662  0.0648  0.0719  0.0671  0.0720  0.0659  0.0684  0.0649  0.0668  0.0655  0.0646
  0.0644  0.0644  0.0634  0.0664  0.0646  0.0661  0.0641  0.0645  0.0638  0.0646  0.0640  0.0635
  0.0636  0.0636  0.0635  0.0633  0.0633  0.0634  0.0634  0.0634  0.0634  0.0634  0.0633  0.0633
  0.0643  0.0636  0.0648  0.0647  0.0641  0.0660  0.0640  0.0658  0.0638  0.0636  0.0635  0.0637
  0.0665  0.0646  0.0672  0.0709  0.0671  0.0733  0.0657  0.0707  0.0649  0.0658  0.0645  0.0648
  0.0701  0.0664  0.0707  0.0798  0.0717  0.0832  0.0685  0.0773  0.0668  0.0700  0.0664  0.0663
niter,ni,del,rscale     4    3    5.0000    1.2000
parameters
   -1.2283   -3.0482   -3.7237   -5.8450   -8.8420   -7.1235
    2.4826    1.9286   -0.3014   35.5190    3.4621  -29.8569
eta,q 0.93680 22.26843
  0.0694  0.0676  0.0681  0.0783  0.0701  0.0793  0.0686  0.0746  0.0667  0.0696  0.0674  0.0667
  0.0660  0.0654  0.0652  0.0721  0.0672  0.0722  0.0659  0.0686  0.0648  0.0666  0.0652  0.0645
  0.0639  0.0639  0.0636  0.0666  0.0646  0.0662  0.0640  0.0645  0.0636  0.0644  0.0638  0.0634
  0.0633  0.0633  0.0633  0.0632  0.0632  0.0632  0.0633  0.0633  0.0632  0.0632  0.0632  0.0632
  0.0642  0.0636  0.0643  0.0644  0.0638  0.0656  0.0638  0.0655  0.0637  0.0635  0.0635  0.0637
  0.0667  0.0648  0.0664  0.0704  0.0667  0.0727  0.0655  0.0704  0.0648  0.0657  0.0646  0.0647
  0.0704  0.0669  0.0696  0.0791  0.0712  0.0825  0.0683  0.0769  0.0667  0.0700  0.0665  0.0663
niter,ni,del,rscale     3    3    5.0000    1.2000
parameters
   -1.3113   -3.0028   -3.8415   -5.7757   -8.8769   -7.2729
    2.6286    1.6659   -0.3250   35.5900    3.8028  -29.8469
eta,q 0.93684 22.25704
  0.0694  0.0673  0.0683  0.0782  0.0701  0.0795  0.0686  0.0749  0.0667  0.0695  0.0673  0.0666
  0.0660  0.0651  0.0654  0.0720  0.0672  0.0724  0.0658  0.0688  0.0647  0.0666  0.0651  0.0644
  0.0638  0.0637  0.0636  0.0664  0.0646  0.0663  0.0640  0.0646  0.0636  0.0644  0.0637  0.0633
  0.0632  0.0632  0.0632  0.0632  0.0631  0.0632  0.0632  0.0632  0.0632  0.0632  0.0632  0.0632
  0.0641  0.0636  0.0641  0.0644  0.0637  0.0653  0.0637  0.0653  0.0636  0.0635  0.0635  0.0637
  0.0666  0.0649  0.0661  0.0704  0.0665  0.0723  0.0654  0.0701  0.0648  0.0657  0.0646  0.0647
  0.0703  0.0670  0.0691  0.0792  0.0710  0.0821  0.0682  0.0766  0.0667  0.0700  0.0666  0.0662
niter,ni,del,rscale     2    3    5.0000    1.2000
parameters
   -1.3762   -2.9813   -3.9142   -5.7348   -8.8931   -7.3710
    2.7395    1.4699   -0.3465   35.6376    4.0460  -29.8446
eta,q 0.93686 22.25058
  0.0695  0.0672  0.0684  0.0781  0.0701  0.0796  0.0685  0.0751  0.0666  0.0695  0.0671  0.0666
  0.0660  0.0650  0.0654  0.0719  0.0672  0.0725  0.0657  0.0689  0.0647  0.0665  0.0650  0.0644
  0.0638  0.0636  0.0637  0.0664  0.0646  0.0663  0.0639  0.0646  0.0635  0.0643  0.0637  0.0633
  0.0632  0.0632  0.0632  0.0631  0.0631  0.0631  0.0632  0.0632  0.0632  0.0632  0.0631  0.0631
  0.0641  0.0636  0.0639  0.0644  0.0637  0.0651  0.0637  0.0651  0.0636  0.0635  0.0635  0.0636
  0.0665  0.0649  0.0659  0.0705  0.0665  0.0720  0.0654  0.0699  0.0648  0.0657  0.0646  0.0647
  0.0702  0.0671  0.0689  0.0792  0.0709  0.0818  0.0683  0.0764  0.0667  0.0700  0.0666  0.0662
niter,ni,del,rscale     1    3    5.0000    1.2000
parameters
   -1.4242   -2.9685   -3.9610   -5.7115   -8.9009   -7.4352
    2.8213    1.3279   -0.3630   35.6702    4.2199  -29.8419
eta,q 0.93687 22.24658
  0.0696  0.0672  0.0685  0.0781  0.0701  0.0797  0.0685  0.0753  0.0666  0.0695  0.0670  0.0666
  0.0660  0.0650  0.0655  0.0718  0.0672  0.0726  0.0657  0.0690  0.0647  0.0665  0.0649  0.0644
  0.0638  0.0636  0.0637  0.0663  0.0646  0.0664  0.0639  0.0647  0.0635  0.0643  0.0636  0.0633
  0.0631  0.0631  0.0631  0.0631  0.0631  0.0631  0.0632  0.0632  0.0631  0.0631  0.0631  0.0631
  0.0640  0.0636  0.0639  0.0645  0.0637  0.0651  0.0637  0.0650  0.0636  0.0635  0.0635  0.0636
  0.0664  0.0649  0.0658  0.0706  0.0665  0.0718  0.0655  0.0697  0.0648  0.0657  0.0647  0.0647
  0.0701  0.0671  0.0688  0.0793  0.0709  0.0816  0.0683  0.0762  0.0666  0.0701  0.0667  0.0662
registration optimization eta report
parameter search radius
    2.4000    2.4000    2.7600    8.2800    7.2000    7.2000
    7.2000    7.2000    7.2000    7.2000    7.2000    7.2000
100000*second partial in parameter space
      116.       69.       72.       22.       14.       33.
       10.       24.        7.       13.        7.        6.
  0.0696  0.0672  0.0685  0.0781  0.0701  0.0797  0.0685  0.0753  0.0666  0.0695  0.0670  0.0666
  0.0660  0.0650  0.0655  0.0718  0.0672  0.0726  0.0657  0.0690  0.0647  0.0665  0.0649  0.0644
  0.0638  0.0636  0.0637  0.0663  0.0646  0.0664  0.0639  0.0647  0.0635  0.0643  0.0636  0.0633
  0.0631  0.0631  0.0631  0.0631  0.0631  0.0631  0.0632  0.0632  0.0631  0.0631  0.0631  0.0631
  0.0640  0.0636  0.0639  0.0645  0.0637  0.0651  0.0637  0.0650  0.0636  0.0635  0.0635  0.0636
  0.0664  0.0649  0.0658  0.0706  0.0665  0.0718  0.0655  0.0697  0.0648  0.0657  0.0647  0.0647
  0.0701  0.0671  0.0688  0.0793  0.0709  0.0816  0.0683  0.0762  0.0666  0.0701  0.0667  0.0662
   -1.4242   -2.9685   -3.9610   -5.7115   -8.9009   -7.4352
    2.8213    1.3279   -0.3630   35.6702    4.2199  -29.8419
eta,q 0.93687 22.24658

---------------------------------------------------------------------
imgreg_4dfp /opt/freesurfer/average/3T18yoSchwartzReactN32_as_orig /opt/freesurfer/average/711-2B_as_mni_average_305_mask talsrcimg_g11 none talsrcimg_to_3T18yoSchwartzReactN32_as_orig_t4 2311
---------------------------------------------------------------------

freesurfer imgreg_4dfp.c
/opt/freesurfer/average/3T18yoSchwartzReactN32_as_orig.4dfp.img
       256       256       256         1
  1.000000  1.000000  1.000000
orientation T byte_order littleendian
Reading image: /opt/freesurfer/average/3T18yoSchwartzReactN32_as_orig.4dfp.img
dimensions:      256       256       256
mmppix:       1.0000   -1.0000   -1.0000
center:     128.0000 -129.0000 -129.0000
/opt/freesurfer/average/711-2B_as_mni_average_305_mask.4dfp.img
       256       256       256         1
  1.000000  1.000000  1.000000
orientation T byte_order littleendian
Reading mask: /opt/freesurfer/average/711-2B_as_mni_average_305_mask.4dfp.img (2306576 pixels)
talsrcimg_g11.4dfp.img
       320       320       320         1
  0.800000  0.800000  0.800000
orientation T byte_order littleendian
Reading image: talsrcimg_g11.4dfp.img
dimensions:      320       320       320
mmppix:       0.8000   -0.8000   -0.8000
center:     128.0000 -128.8000 -128.8000
fimgreg.f
image alignment mode   2311 decimal      907 hex
parameters
   -1.4242   -2.9685   -3.9610   -5.7115   -8.9009   -7.4352
    2.8213    1.3279   -0.3630   35.6702    4.2199  -29.8419
eta,q 0.93687 22.24659
niter,ni,del,rscale     5    3    5.0000    0.8000
parameters
   -1.4565   -2.9582   -4.0108   -5.3143   -8.6797   -7.3665
    2.8544    1.2915   -0.3992   35.8969    4.3690  -30.0953
eta,q 0.93708 22.28853
  0.0661  0.0650  0.0649  0.0702  0.0669  0.0722  0.0655  0.0692  0.0646  0.0662  0.0648  0.0643
  0.0644  0.0640  0.0639  0.0671  0.0652  0.0679  0.0642  0.0659  0.0637  0.0647  0.0638  0.0634
  0.0634  0.0633  0.0633  0.0645  0.0638  0.0646  0.0633  0.0638  0.0631  0.0635  0.0632  0.0630
  0.0631  0.0631  0.0631  0.0631  0.0630  0.0630  0.0630  0.0630  0.0630  0.0630  0.0629  0.0629
  0.0635  0.0633  0.0634  0.0633  0.0632  0.0638  0.0632  0.0637  0.0632  0.0631  0.0631  0.0632
  0.0646  0.0639  0.0641  0.0652  0.0644  0.0670  0.0641  0.0660  0.0637  0.0640  0.0636  0.0637
  0.0663  0.0649  0.0652  0.0687  0.0666  0.0722  0.0655  0.0694  0.0646  0.0659  0.0646  0.0645
niter,ni,del,rscale     4    3    5.0000    0.7000
parameters
   -1.5009   -3.0144   -3.8976   -5.2886   -8.6008   -7.2689
    2.9200    1.2122   -0.4357   35.9690    4.4575  -30.2294
eta,q 0.93714 22.31295
  0.0652  0.0643  0.0647  0.0680  0.0659  0.0703  0.0649  0.0677  0.0642  0.0653  0.0643  0.0640
  0.0639  0.0635  0.0638  0.0655  0.0645  0.0668  0.0638  0.0651  0.0634  0.0641  0.0635  0.0633
  0.0631  0.0630  0.0632  0.0637  0.0634  0.0641  0.0631  0.0635  0.0630  0.0633  0.0630  0.0629
  0.0629  0.0629  0.0629  0.0629  0.0629  0.0629  0.0629  0.0629  0.0629  0.0629  0.0629  0.0629
  0.0633  0.0631  0.0630  0.0634  0.0631  0.0635  0.0631  0.0635  0.0630  0.0630  0.0630  0.0630
  0.0641  0.0636  0.0634  0.0652  0.0641  0.0660  0.0637  0.0653  0.0635  0.0638  0.0634  0.0634
  0.0655  0.0645  0.0642  0.0682  0.0659  0.0700  0.0648  0.0681  0.0642  0.0654  0.0642  0.0640
niter,ni,del,rscale     3    3    5.0000    0.6000
parameters
   -1.5258   -3.0392   -3.8227   -5.2737   -8.5501   -7.1903
    2.9633    1.1673   -0.4695   36.0222    4.5102  -30.3203
eta,q 0.93717 22.32866
  0.0646  0.0639  0.0641  0.0667  0.0652  0.0686  0.0643  0.0665  0.0638  0.0647  0.0639  0.0636
  0.0636  0.0633  0.0635  0.0648  0.0640  0.0658  0.0635  0.0646  0.0633  0.0638  0.0633  0.0632
  0.0630  0.0630  0.0630  0.0634  0.0632  0.0638  0.0630  0.0633  0.0629  0.0631  0.0630  0.0629
  0.0629  0.0629  0.0629  0.0629  0.0629  0.0628  0.0628  0.0628  0.0628  0.0628  0.0628  0.0628
  0.0631  0.0630  0.0629  0.0632  0.0630  0.0634  0.0630  0.0633  0.0630  0.0630  0.0629  0.0630
  0.0637  0.0634  0.0633  0.0646  0.0638  0.0652  0.0635  0.0646  0.0633  0.0636  0.0633  0.0632
  0.0648  0.0640  0.0638  0.0669  0.0652  0.0683  0.0643  0.0667  0.0638  0.0647  0.0638  0.0637
niter,ni,del,rscale     2    3    5.0000    0.5000
parameters
   -1.5420   -3.0490   -3.7712   -5.2612   -8.5193   -7.1301
    2.9962    1.1508   -0.4985   36.0730    4.5383  -30.3854
eta,q 0.93719 22.33938
  0.0641  0.0636  0.0637  0.0656  0.0645  0.0670  0.0639  0.0655  0.0635  0.0641  0.0635  0.0634
  0.0634  0.0632  0.0632  0.0642  0.0637  0.0649  0.0633  0.0641  0.0631  0.0635  0.0631  0.0630
  0.0630  0.0629  0.0629  0.0632  0.0631  0.0634  0.0629  0.0632  0.0629  0.0630  0.0629  0.0629
  0.0628  0.0628  0.0628  0.0628  0.0628  0.0628  0.0628  0.0628  0.0628  0.0628  0.0628  0.0628
  0.0630  0.0629  0.0629  0.0631  0.0630  0.0632  0.0629  0.0631  0.0629  0.0629  0.0629  0.0629
  0.0634  0.0632  0.0631  0.0641  0.0635  0.0646  0.0633  0.0641  0.0631  0.0633  0.0631  0.0631
  0.0642  0.0636  0.0635  0.0657  0.0645  0.0668  0.0638  0.0656  0.0635  0.0641  0.0635  0.0634
niter,ni,del,rscale     1    3    5.0000    0.4000
parameters
   -1.5505   -3.0594   -3.7277   -5.2454   -8.4913   -7.0857
    3.0189    1.1475   -0.5191   36.1161    4.5603  -30.4510
eta,q 0.93719 22.34879
  0.0636  0.0633  0.0634  0.0647  0.0639  0.0656  0.0635  0.0646  0.0633  0.0637  0.0633  0.0632
  0.0632  0.0630  0.0631  0.0637  0.0633  0.0642  0.0631  0.0636  0.0630  0.0632  0.0630  0.0630
  0.0629  0.0629  0.0629  0.0631  0.0630  0.0632  0.0629  0.0630  0.0629  0.0629  0.0629  0.0628
  0.0628  0.0628  0.0628  0.0628  0.0628  0.0628  0.0628  0.0628  0.0628  0.0628  0.0628  0.0628
  0.0629  0.0629  0.0629  0.0630  0.0629  0.0631  0.0629  0.0630  0.0629  0.0629  0.0629  0.0629
  0.0632  0.0630  0.0630  0.0636  0.0633  0.0640  0.0631  0.0636  0.0630  0.0632  0.0630  0.0630
  0.0637  0.0633  0.0633  0.0647  0.0639  0.0654  0.0635  0.0646  0.0633  0.0637  0.0633  0.0632
registration optimization eta report
parameter search radius
    0.8000    0.8000    0.8000    2.4000    2.4000    2.4000
    2.4000    2.4000    2.4000    2.4000    2.4000    2.4000
100000*second partial in parameter space
      130.       78.       80.       32.       19.       46.
       12.       31.        8.       15.        8.        6.
  0.0636  0.0633  0.0634  0.0647  0.0639  0.0656  0.0635  0.0646  0.0633  0.0637  0.0633  0.0632
  0.0632  0.0630  0.0631  0.0637  0.0633  0.0642  0.0631  0.0636  0.0630  0.0632  0.0630  0.0630
  0.0629  0.0629  0.0629  0.0631  0.0630  0.0632  0.0629  0.0630  0.0629  0.0629  0.0629  0.0628
  0.0628  0.0628  0.0628  0.0628  0.0628  0.0628  0.0628  0.0628  0.0628  0.0628  0.0628  0.0628
  0.0629  0.0629  0.0629  0.0630  0.0629  0.0631  0.0629  0.0630  0.0629  0.0629  0.0629  0.0629
  0.0632  0.0630  0.0630  0.0636  0.0633  0.0640  0.0631  0.0636  0.0630  0.0632  0.0630  0.0630
  0.0637  0.0633  0.0633  0.0647  0.0639  0.0654  0.0635  0.0646  0.0633  0.0637  0.0633  0.0632
   -1.5505   -3.0594   -3.7277   -5.2454   -8.4913   -7.0857
    3.0189    1.1475   -0.5191   36.1161    4.5603  -30.4510
eta,q 0.93719 22.34879

---------------------------------------------------------------------
imgreg_4dfp /opt/freesurfer/average/3T18yoSchwartzReactN32_as_orig /opt/freesurfer/average/711-2B_as_mni_average_305_mask talsrcimg_g11 none talsrcimg_to_3T18yoSchwartzReactN32_as_orig_t4 2311
---------------------------------------------------------------------

freesurfer imgreg_4dfp.c
/opt/freesurfer/average/3T18yoSchwartzReactN32_as_orig.4dfp.img
       256       256       256         1
  1.000000  1.000000  1.000000
orientation T byte_order littleendian
Reading image: /opt/freesurfer/average/3T18yoSchwartzReactN32_as_orig.4dfp.img
dimensions:      256       256       256
mmppix:       1.0000   -1.0000   -1.0000
center:     128.0000 -129.0000 -129.0000
/opt/freesurfer/average/711-2B_as_mni_average_305_mask.4dfp.img
       256       256       256         1
  1.000000  1.000000  1.000000
orientation T byte_order littleendian
Reading mask: /opt/freesurfer/average/711-2B_as_mni_average_305_mask.4dfp.img (2306576 pixels)
talsrcimg_g11.4dfp.img
       320       320       320         1
  0.800000  0.800000  0.800000
orientation T byte_order littleendian
Reading image: talsrcimg_g11.4dfp.img
dimensions:      320       320       320
mmppix:       0.8000   -0.8000   -0.8000
center:     128.0000 -128.8000 -128.8000
fimgreg.f
image alignment mode   2311 decimal      907 hex
parameters
   -1.5505   -3.0594   -3.7277   -5.2454   -8.4913   -7.0857
    3.0189    1.1475   -0.5191   36.1161    4.5603  -30.4510
eta,q 0.93719 22.34878
niter,ni,del,rscale     5    3    5.0000    0.8000
parameters
   -1.5474   -3.0642   -3.6912   -5.4431   -8.6779   -7.1434
    3.0442    1.0776   -0.4918   35.9697    4.5545  -30.3392
eta,q 0.93713 22.32574
  0.0661  0.0648  0.0649  0.0688  0.0664  0.0717  0.0654  0.0690  0.0646  0.0658  0.0646  0.0645
  0.0643  0.0637  0.0638  0.0658  0.0647  0.0674  0.0640  0.0658  0.0636  0.0643  0.0636  0.0635
  0.0632  0.0630  0.0631  0.0637  0.0634  0.0642  0.0632  0.0636  0.0630  0.0633  0.0631  0.0630
  0.0628  0.0628  0.0628  0.0628  0.0628  0.0628  0.0629  0.0629  0.0629  0.0629  0.0629  0.0629
  0.0632  0.0630  0.0630  0.0636  0.0633  0.0639  0.0631  0.0637  0.0631  0.0632  0.0631  0.0630
  0.0643  0.0637  0.0637  0.0662  0.0648  0.0673  0.0640  0.0660  0.0636  0.0643  0.0636  0.0635
  0.0660  0.0648  0.0647  0.0702  0.0673  0.0726  0.0654  0.0694  0.0645  0.0664  0.0646  0.0643
niter,ni,del,rscale     4    3    5.0000    0.7000
parameters
   -1.5482   -3.0204   -3.7634   -5.3612   -8.6508   -7.1610
    3.0246    1.0877   -0.4881   36.0187    4.5715  -30.3341
eta,q 0.93716 22.32412
  0.0653  0.0644  0.0642  0.0681  0.0659  0.0700  0.0648  0.0679  0.0642  0.0653  0.0642  0.0640
  0.0640  0.0636  0.0634  0.0656  0.0644  0.0665  0.0637  0.0652  0.0634  0.0641  0.0635  0.0633
  0.0631  0.0631  0.0630  0.0637  0.0633  0.0639  0.0631  0.0635  0.0630  0.0632  0.0630  0.0629
  0.0629  0.0629  0.0629  0.0629  0.0628  0.0628  0.0628  0.0628  0.0628  0.0628  0.0628  0.0628
  0.0632  0.0630  0.0631  0.0633  0.0631  0.0637  0.0631  0.0634  0.0630  0.0630  0.0630  0.0630
  0.0640  0.0635  0.0637  0.0650  0.0642  0.0663  0.0637  0.0652  0.0634  0.0638  0.0634  0.0634
  0.0653  0.0642  0.0646  0.0680  0.0660  0.0704  0.0649  0.0679  0.0642  0.0654  0.0642  0.0640
niter,ni,del,rscale     3    3    5.0000    0.6000
parameters
   -1.5540   -3.0235   -3.7645   -5.3065   -8.5943   -7.1436
    3.0180    1.0919   -0.4919   36.0565    4.5847  -30.3670
eta,q 0.93717 22.33170
  0.0647  0.0639  0.0640  0.0668  0.0652  0.0684  0.0643  0.0666  0.0638  0.0647  0.0638  0.0637
  0.0636  0.0633  0.0633  0.0648  0.0640  0.0656  0.0635  0.0646  0.0633  0.0637  0.0633  0.0632
  0.0630  0.0630  0.0630  0.0634  0.0632  0.0637  0.0630  0.0633  0.0629  0.0631  0.0629  0.0629
  0.0628  0.0628  0.0628  0.0628  0.0628  0.0628  0.0628  0.0628  0.0628  0.0628  0.0628  0.0628
  0.0631  0.0630  0.0630  0.0632  0.0630  0.0634  0.0630  0.0633  0.0629  0.0630  0.0629  0.0629
  0.0637  0.0633  0.0634  0.0645  0.0638  0.0654  0.0635  0.0646  0.0633  0.0636  0.0633  0.0632
  0.0647  0.0639  0.0640  0.0667  0.0652  0.0685  0.0643  0.0666  0.0638  0.0647  0.0638  0.0637
niter,ni,del,rscale     2    3    5.0000    0.5000
parameters
   -1.5597   -3.0385   -3.7427   -5.2719   -8.5430   -7.1105
    3.0282    1.1015   -0.5102   36.0904    4.5886  -30.4122
eta,q 0.93718 22.34087
  0.0641  0.0636  0.0637  0.0656  0.0645  0.0669  0.0639  0.0655  0.0635  0.0641  0.0635  0.0634
  0.0634  0.0632  0.0632  0.0642  0.0637  0.0648  0.0633  0.0641  0.0631  0.0635  0.0631  0.0630
  0.0630  0.0629  0.0629  0.0632  0.0631  0.0634  0.0629  0.0632  0.0629  0.0630  0.0629  0.0629
  0.0628  0.0628  0.0628  0.0628  0.0628  0.0628  0.0628  0.0628  0.0628  0.0628  0.0628  0.0628
  0.0630  0.0629  0.0629  0.0631  0.0630  0.0632  0.0629  0.0631  0.0629  0.0629  0.0629  0.0629
  0.0634  0.0632  0.0632  0.0640  0.0635  0.0646  0.0633  0.0640  0.0631  0.0633  0.0631  0.0631
  0.0641  0.0636  0.0636  0.0656  0.0645  0.0668  0.0639  0.0655  0.0635  0.0641  0.0635  0.0634
niter,ni,del,rscale     1    3    5.0000    0.4000
parameters
   -1.5628   -3.0507   -3.7168   -5.2511   -8.5049   -7.0796
    3.0402    1.1133   -0.5318   36.1258    4.5894  -30.4657
eta,q 0.93719 22.34912
  0.0636  0.0633  0.0634  0.0647  0.0639  0.0655  0.0635  0.0646  0.0633  0.0637  0.0633  0.0632
  0.0632  0.0630  0.0631  0.0637  0.0634  0.0641  0.0631  0.0636  0.0630  0.0632  0.0630  0.0630
  0.0629  0.0629  0.0629  0.0631  0.0630  0.0632  0.0629  0.0630  0.0629  0.0629  0.0629  0.0628
  0.0628  0.0628  0.0628  0.0628  0.0628  0.0628  0.0628  0.0628  0.0628  0.0628  0.0628  0.0628
  0.0629  0.0629  0.0629  0.0630  0.0629  0.0631  0.0629  0.0630  0.0629  0.0629  0.0629  0.0629
  0.0632  0.0630  0.0630  0.0636  0.0633  0.0640  0.0631  0.0636  0.0630  0.0632  0.0630  0.0630
  0.0636  0.0633  0.0633  0.0647  0.0639  0.0655  0.0635  0.0646  0.0633  0.0637  0.0633  0.0632
registration optimization eta report
parameter search radius
    0.8000    0.8000    0.8000    2.4000    2.4000    2.4000
    2.4000    2.4000    2.4000    2.4000    2.4000    2.4000
100000*second partial in parameter space
      129.       78.       80.       32.       19.       46.
       12.       31.        8.       15.        8.        6.
  0.0636  0.0633  0.0634  0.0647  0.0639  0.0655  0.0635  0.0646  0.0633  0.0637  0.0633  0.0632
  0.0632  0.0630  0.0631  0.0637  0.0634  0.0641  0.0631  0.0636  0.0630  0.0632  0.0630  0.0630
  0.0629  0.0629  0.0629  0.0631  0.0630  0.0632  0.0629  0.0630  0.0629  0.0629  0.0629  0.0628
  0.0628  0.0628  0.0628  0.0628  0.0628  0.0628  0.0628  0.0628  0.0628  0.0628  0.0628  0.0628
  0.0629  0.0629  0.0629  0.0630  0.0629  0.0631  0.0629  0.0630  0.0629  0.0629  0.0629  0.0629
  0.0632  0.0630  0.0630  0.0636  0.0633  0.0640  0.0631  0.0636  0.0630  0.0632  0.0630  0.0630
  0.0636  0.0633  0.0633  0.0647  0.0639  0.0655  0.0635  0.0646  0.0633  0.0637  0.0633  0.0632
   -1.5628   -3.0507   -3.7168   -5.2511   -8.5049   -7.0796
    3.0402    1.1133   -0.5318   36.1258    4.5894  -30.4657
eta,q 0.93719 22.34912

---------------------------------------------------------------------
compute_vox2vox talsrcimg talsrcimg_to_3T18yoSchwartzReactN32_as_orig_t4 /opt/freesurfer/average/3T18yoSchwartzReactN32_as_orig
---------------------------------------------------------------------

freesurfer compute_vox2vox.c
Reading: talsrcimg.4dfp.ifh
Reading: talsrcimg_to_3T18yoSchwartzReactN32_as_orig_t4
Reading: /opt/freesurfer/average/3T18yoSchwartzReactN32_as_orig.4dfp.ifh
Writing: talsrcimg_to_3T18yoSchwartzReactN32_as_orig_t4_vox2vox.txt

start time Wed Oct 11 01:10:31 UTC 2023
end		time Wed Oct 11 01:11:14 UTC 2023

mpr2mni305 success

avi2talxfm orig_nu.mgz /opt/freesurfer/average/mni305.cor.mgz talsrcimg_to_3T18yoSchwartzReactN32_as_orig_t4_vox2vox.txt transforms/talairach.auto.xfm
avi2talxfm done
mv -f /localscratch/bpinsard.41498733.0/freesurfer_crosssectional_autorecon1smriprep_skullstripautorecon2autorecon3_sub02_ses015.job/sub-02_ses-015/mri/talsrcimg_to_3T18yoSchwartzReactN32_as_orig_t4_vox2vox.txt /localscratch/bpinsard.41498733.0/freesurfer_crosssectional_autorecon1smriprep_skullstripautorecon2autorecon3_sub02_ses015.job/sub-02_ses-015/mri/transforms/talsrcimg_to_3T18yoSchwartzReactN32_as_orig_t4_vox2vox.txt
lta_convert --src orig_nu.mgz --trg /opt/freesurfer/average/mni305.cor.mgz --inxfm transforms/talairach.auto.xfm --outlta transforms/talairach.auto.xfm.lta --subject fsaverage
7.4.1

--src: orig_nu.mgz src image (geometry).
--trg: /opt/freesurfer/average/mni305.cor.mgz trg image (geometry).
--inmni: transforms/talairach.auto.xfm input MNI/XFM transform.
--outlta: transforms/talairach.auto.xfm.lta output LTA.
--s: fsaverage subject name
 LTA read, type : 1
 1.05518   0.00088  -0.03477  -2.69553;
-0.04436   0.95280   0.31874  -20.49851;
 0.02365  -0.37620   0.96690   10.41376;
 0.00000   0.00000   0.00000   1.00000;
setting subject to fsaverage
Writing  LTA to file transforms/talairach.auto.xfm.lta...
lta_convert successful.
 
 
Started at Wed Oct 11 01:10:30 UTC 2023
Ended   at Wed Oct 11 01:11:14 UTC 2023
talairach_avi done
