Logfile for bbregister
Sun Oct  8 05:12:08 UTC 2023

setenv SUBJECTS_DIR /localscratch/bpinsard.41451873.0/freesurfer_crosssectional_autorecon3_sub05_ses003.job
cd /localscratch/bpinsard.41451873.0/freesurfer_crosssectional_autorecon3_sub05_ses003.job/sub-05_ses-003/scripts
/opt/freesurfer/bin/bbregister --s sub-05_ses-003 --mov /localscratch/bpinsard.41451873.0/freesurfer_crosssectional_autorecon3_sub05_ses003.job/sub-05_ses-003/mri/orig/T2raw.mgz --lta /localscratch/bpinsard.41451873.0/freesurfer_crosssectional_autorecon3_sub05_ses003.job/sub-05_ses-003/mri/transforms/T2raw.auto.lta --init-coreg --T2 --gm-proj-abs 2 --wm-proj-abs 1 --no-coreg-ref-mask

bbregister 7.4.1
Linux bc12255.int.ets1.calculquebec.ca 3.10.0-1160.99.1.el7.x86_64 #1 SMP Wed Sep 13 14:19:20 UTC 2023 x86_64 x86_64 x86_64 GNU/Linux
FREESURFER_HOME /opt/freesurfer
mri_convert /localscratch/bpinsard.41451873.0/freesurfer_crosssectional_autorecon3_sub05_ses003.job/sub-05_ses-003/mri/orig/T2raw.mgz /localscratch/bpinsard.41451873.0/freesurfer_crosssectional_autorecon3_sub05_ses003.job/sub-05_ses-003/mri/transforms/tmp.bbregister.34078/template.nii
mri_convert /localscratch/bpinsard.41451873.0/freesurfer_crosssectional_autorecon3_sub05_ses003.job/sub-05_ses-003/mri/orig/T2raw.mgz /localscratch/bpinsard.41451873.0/freesurfer_crosssectional_autorecon3_sub05_ses003.job/sub-05_ses-003/mri/transforms/tmp.bbregister.34078/template.nii 
reading from /localscratch/bpinsard.41451873.0/freesurfer_crosssectional_autorecon3_sub05_ses003.job/sub-05_ses-003/mri/orig/T2raw.mgz...
TR=0.00, TE=0.00, TI=0.00, flip angle=0.00
i_ras = (1, 0, 0)
j_ras = (0, 1, 0)
k_ras = (0, 0, 1)
writing to /localscratch/bpinsard.41451873.0/freesurfer_crosssectional_autorecon3_sub05_ses003.job/sub-05_ses-003/mri/transforms/tmp.bbregister.34078/template.nii...
mri_coreg --s sub-05_ses-003 --mov /localscratch/bpinsard.41451873.0/freesurfer_crosssectional_autorecon3_sub05_ses003.job/sub-05_ses-003/mri/transforms/tmp.bbregister.34078/template.nii --regdat /localscratch/bpinsard.41451873.0/freesurfer_crosssectional_autorecon3_sub05_ses003.job/sub-05_ses-003/mri/transforms/tmp.bbregister.34078/reg.init.dat --reg /localscratch/bpinsard.41451873.0/freesurfer_crosssectional_autorecon3_sub05_ses003.job/sub-05_ses-003/mri/transforms/tmp.bbregister.34078/mri_coreg.lta --nthreads 4 --dof 6 --sep 4 --ftol .0001 --linmintol .01 --no-ref-mask

$Id: mri_coreg.c,v 1.27 2016/04/30 15:11:49 greve Exp $
cwd /localscratch/bpinsard.41451873.0/freesurfer_crosssectional_autorecon3_sub05_ses003.job/sub-05_ses-003/scripts
cmdline mri_coreg --s sub-05_ses-003 --mov /localscratch/bpinsard.41451873.0/freesurfer_crosssectional_autorecon3_sub05_ses003.job/sub-05_ses-003/mri/transforms/tmp.bbregister.34078/template.nii --regdat /localscratch/bpinsard.41451873.0/freesurfer_crosssectional_autorecon3_sub05_ses003.job/sub-05_ses-003/mri/transforms/tmp.bbregister.34078/reg.init.dat --reg /localscratch/bpinsard.41451873.0/freesurfer_crosssectional_autorecon3_sub05_ses003.job/sub-05_ses-003/mri/transforms/tmp.bbregister.34078/mri_coreg.lta --nthreads 4 --dof 6 --sep 4 --ftol .0001 --linmintol .01 --no-ref-mask 
sysname  Linux
hostname bc12255.int.ets1.calculquebec.ca
machine  x86_64
user     bpinsard
dof    6
nsep    1
cras0    1
ftol    0.000100
linmintol    0.010000
bf       1
bflim    30.000000
bfnsamp    30
SmoothRef 0
SatPct    99.990000
MovOOB 0
optschema 1
Seed 53
Reading in mov /localscratch/bpinsard.41451873.0/freesurfer_crosssectional_autorecon3_sub05_ses003.job/sub-05_ses-003/mri/transforms/tmp.bbregister.34078/template.nii
Reading in ref /localscratch/bpinsard.41451873.0/freesurfer_crosssectional_autorecon3_sub05_ses003.job/sub-05_ses-003/mri/brainmask.mgz
Setting cras translation parameters to align volume centers
Init matrix params -0.8000 -0.0000 -0.8000  0.0000  0.0000  0.0000  1.0000  1.0000  1.0000  0.0000  0.0000  0.0000 
Initial Matrix (RAS2RAS)
 1.00000   0.00000   0.00000   0.79999;
 0.00000   1.00000   0.00000   0.00001;
 0.00000   0.00000   1.00000   0.80000;
 0.00000   0.00000   0.00000   1.00000;
Initial parameters to be opt -0.8000 -0.0000 -0.8000  0.0000  0.0000  0.0000 
Creating random numbers for coordinate dithering
Performing intensity dithering
Performing intensity dithering on mov with computed dither
Separation list (1):  4   min = 4
DoSmoothing 1
DoCoordDither 1
DoIntensityDither 1
nitersmax 4
ftol 1.000e-04
linmintol 1.000e-02
SatPct 99.990000
Hist FWHM 7.000000 7.000000
nthreads 4
movsat = 16117.9814
mov gstd 1.9140 1.9140 1.9140
Smoothing mov
refsat = 132.0000
ref gstd 1.9140 1.9140 1.9140
Smoothing ref
COREGpreproc() done
Testing if mov and target overlap
Init cost   -1.0189658439
nhits = 309411 out of 32768000, Percent Overlap:  60.4
Initial  RefRAS-to-MovRAS
 1.00000   0.00000   0.00000  -0.79999;
 0.00000   1.00000   0.00000  -0.00001;
 0.00000   0.00000   1.00000  -0.80000;
 0.00000   0.00000   0.00000   1.00000;
Initial  RefVox-to-MovVox
-1.00000   0.00000   0.00000   263.00000;
 0.00000   0.00000   0.99999  -9.99910;
 0.00000  -0.99999   0.00000   318.99908;
 0.00000   0.00000   0.00000   1.00000;
sep = 4 -----------------------------------
COREGoptBruteForce() 30 1 30
Turning on MovOOB for BruteForce Search
#BF# sep= 4 iter=0 lim=30.0 delta=2.00  -0.79999 -12.00001  15.20000  -2.00000   0.00000   2.00000   -1.0219711
Turning  MovOOB back off after brute force search


---------------------------------
Init Powel Params dof = 6: -0.799988 -12.000008 15.200005 -2.000000 0.000000 2.000000 
Starting OpenPowel2(), sep = 4
InitialCost        -1.0222404003 
#@#  4  188  -0.79999 -12.00001 15.20000 -2.00000 0.00000 2.00000   -1.0222404
fs_powell::minimize
  nparams 6
  maxfev 4
  ftol   0.000100
  linmin_xtol_   0.010000
  powell nthiter 0: fret = -1.022240
#@#  4  195  -0.94036 -12.00001 15.20000 -2.00000 0.00000 2.00000   -1.0222418
#@#  4  199  -0.91988 -12.00001 15.20000 -2.00000 0.00000 2.00000   -1.0222420
#@#  4  203  -0.91988 -11.00001 15.20000 -2.00000 0.00000 2.00000   -1.0223910
#@#  4  204  -0.91988 -9.38197 15.20000 -2.00000 0.00000 2.00000   -1.0225337
#@#  4  205  -0.91988 -8.29297 15.20000 -2.00000 0.00000 2.00000   -1.0225745
#@#  4  206  -0.91988 -7.83395 15.20000 -2.00000 0.00000 2.00000   -1.0225831
#@#  4  207  -0.91988 -7.29561 15.20000 -2.00000 0.00000 2.00000   -1.0225891
#@#  4  212  -0.91988 -7.22883 15.20000 -2.00000 0.00000 2.00000   -1.0225892
#@#  4  214  -0.91988 -7.25722 15.20000 -2.00000 0.00000 2.00000   -1.0225893
#@#  4  218  -0.91988 -7.24722 16.20000 -2.00000 0.00000 2.00000   -1.0226946
#@#  4  219  -0.91988 -7.24722 17.81804 -2.00000 0.00000 2.00000   -1.0227212
#@#  4  220  -0.91988 -7.24722 17.25113 -2.00000 0.00000 2.00000   -1.0227327
#@#  4  231  -0.91988 -7.24722 17.31230 -1.00000 0.00000 2.00000   -1.0227681
#@#  4  232  -0.91988 -7.24722 17.31230 0.61803 0.00000 2.00000   -1.0227933
#@#  4  233  -0.91988 -7.24722 17.31230 0.83367 0.00000 2.00000   -1.0227935
#@#  4  234  -0.91988 -7.24722 17.31230 0.79605 0.00000 2.00000   -1.0227937
#@#  4  241  -0.91988 -7.24722 17.31230 0.78008 1.00000 2.00000   -1.0228103
#@#  4  249  -0.91988 -7.24722 17.31230 0.78008 1.01011 2.00000   -1.0228105
#@#  4  253  -0.91988 -7.24722 17.31230 0.78008 1.01011 0.38197   -1.0228175
#@#  4  271  -0.96567 -5.43181 18.11912 1.84198 1.39594 -0.24989   -1.0228680
#@#  4  272  -0.96880 -5.30764 18.17431 1.91461 1.42233 -0.29242   -1.0228685
#@#  4  274  -0.96760 -5.35517 18.15318 1.88681 1.41223 -0.27614   -1.0228688
  powell nthiter 1: fret = -1.022869
#@#  4  276  0.03240 -5.35517 18.15318 1.88681 1.41223 -0.27614   -1.0228744
#@#  4  280  -0.34957 -5.35517 18.15318 1.88681 1.41223 -0.27614   -1.0228777
#@#  4  281  -0.25349 -5.35517 18.15318 1.88681 1.41223 -0.27614   -1.0228779
#@#  4  291  -0.25349 -5.35517 18.15318 1.88681 1.41223 0.10582   -1.0228785
#@#  4  292  -0.25349 -5.35517 18.15318 1.88681 1.41223 -0.01149   -1.0228790
#@#  4  308  -0.25349 -5.35517 18.14318 2.88681 1.41223 -0.01149   -1.0228819
#@#  4  312  -0.25349 -5.35517 18.14318 2.50485 1.41223 -0.01149   -1.0228840
#@#  4  336  -0.27413 -4.53671 18.50693 2.98359 1.60147 -0.29185   -1.0228913
#@#  4  339  -0.27686 -4.42860 18.55498 3.04683 1.62445 -0.32888   -1.0228918
Powell done niters total = 1
OptTimeSec 14.1 sec
OptTimeMin  0.24 min
nEvals 341
Final optimized parameters  -0.27686131  -4.42860460  18.55497932   3.04682660   1.62445009  -0.32887921 
Final matrix parameters -0.2757 -4.4761 18.5339  3.0190  1.6143 -0.3126  1.0000  1.0000  1.0000  0.0000  0.0000  0.0000 
Final cost   -1.022891774575484
 

---------------------------------
Final  RefRAS-to-MovRAS
 0.99958  -0.00574   0.02835  -0.27686;
 0.00423   0.99858   0.05313  -4.42860;
-0.02861  -0.05299   0.99819   18.55498;
 0.00000   0.00000   0.00000   1.00000;
Final  RefVox-to-MovVox
-0.99958  -0.02835  -0.00574   267.87796;
-0.00423  -0.05313   0.99857  -8.00910;
 0.02861  -0.99818  -0.05299   345.15781;
 0.00000   0.00000   0.00000   1.00000;
Final matrix parameters -0.2769 -4.4286 18.5550  3.0468  1.6245 -0.3289  0.0000  0.0000  0.0000  0.0000  0.0000  0.0000 
Final opt parameters -0.2769 -4.4286 18.5550  3.0468  1.6245 -0.3289 
nhits = 287554 out of 32768000, Percent Overlap:  56.2
mri_coreg RunTimeSec 105.0 sec
To check run:
   tkregisterfv --mov /localscratch/bpinsard.41451873.0/freesurfer_crosssectional_autorecon3_sub05_ses003.job/sub-05_ses-003/mri/transforms/tmp.bbregister.34078/template.nii --targ /localscratch/bpinsard.41451873.0/freesurfer_crosssectional_autorecon3_sub05_ses003.job/sub-05_ses-003/mri/brainmask.mgz --reg /localscratch/bpinsard.41451873.0/freesurfer_crosssectional_autorecon3_sub05_ses003.job/sub-05_ses-003/mri/transforms/tmp.bbregister.34078/mri_coreg.lta --s sub-05_ses-003 --surfs 

mri_coreg done

mri_segreg --mov /localscratch/bpinsard.41451873.0/freesurfer_crosssectional_autorecon3_sub05_ses003.job/sub-05_ses-003/mri/transforms/tmp.bbregister.34078/template.nii --init-reg /localscratch/bpinsard.41451873.0/freesurfer_crosssectional_autorecon3_sub05_ses003.job/sub-05_ses-003/mri/transforms/tmp.bbregister.34078/reg.init.dat --out-reg /localscratch/bpinsard.41451873.0/freesurfer_crosssectional_autorecon3_sub05_ses003.job/sub-05_ses-003/mri/transforms/tmp.bbregister.34078/bbr.pass1.dat --subsamp-brute 100 --subsamp 100 --tol 1e-4 --tol1d 1e-3 --brute -4 4 4 --surf white --gm-proj-abs 2 --gm-gt-wm 0.5
7.4.1
setenv SUBJECTS_DIR /localscratch/bpinsard.41451873.0/freesurfer_crosssectional_autorecon3_sub05_ses003.job
cd /localscratch/bpinsard.41451873.0/freesurfer_crosssectional_autorecon3_sub05_ses003.job/sub-05_ses-003/scripts
mri_segreg --mov /localscratch/bpinsard.41451873.0/freesurfer_crosssectional_autorecon3_sub05_ses003.job/sub-05_ses-003/mri/transforms/tmp.bbregister.34078/template.nii --init-reg /localscratch/bpinsard.41451873.0/freesurfer_crosssectional_autorecon3_sub05_ses003.job/sub-05_ses-003/mri/transforms/tmp.bbregister.34078/reg.init.dat --out-reg /localscratch/bpinsard.41451873.0/freesurfer_crosssectional_autorecon3_sub05_ses003.job/sub-05_ses-003/mri/transforms/tmp.bbregister.34078/bbr.pass1.dat --subsamp-brute 100 --subsamp 100 --tol 1e-4 --tol1d 1e-3 --brute -4 4 4 --surf white --gm-proj-abs 2 --gm-gt-wm 0.5 
sysname  Linux
hostname bc12255.int.ets1.calculquebec.ca
machine  x86_64
user     bpinsard
movvol /localscratch/bpinsard.41451873.0/freesurfer_crosssectional_autorecon3_sub05_ses003.job/sub-05_ses-003/mri/transforms/tmp.bbregister.34078/template.nii
regfile /localscratch/bpinsard.41451873.0/freesurfer_crosssectional_autorecon3_sub05_ses003.job/sub-05_ses-003/mri/transforms/tmp.bbregister.34078/reg.init.dat
subject sub-05_ses-003
dof 6
outregfile /localscratch/bpinsard.41451873.0/freesurfer_crosssectional_autorecon3_sub05_ses003.job/sub-05_ses-003/mri/transforms/tmp.bbregister.34078/bbr.pass1.dat
UseMask 0
UseLH 1
UseRH 1
nsubsamp 100
PenaltySign  -1
PenaltySlope 0.500000
PenaltyCenter 0.000000
surfname white
GMProjAbs 2.000000
WMProjAbs 2.000000
lhcostfile (null)
rhcostfile (null)
interp  trilinear (1)
frame  0
TolPowell 0.000100
nMaxItersPowell 36
n1dmin  3
Profile   0
Gdiag_no  -1
AddNoise  0 (0)
SynthSeed 1697062247
TransRandMax 0.000000
RotRandMax 0.000000
Translations 0.000000 0.000000 0.000000
Rotations   0.000000 0.000000 0.000000
Input reg
-0.99958   0.00574  -0.02835   1.20709;
-0.02861  -0.05299   0.99819   17.23917;
-0.00423  -0.99858  -0.05313   5.93144;
 0.00000   0.00000   0.00000   1.00000;

Loading mov
ExcludeZeroVoxels 1
Reading in targ vol /localscratch/bpinsard.41451873.0/freesurfer_crosssectional_autorecon3_sub05_ses003.job/sub-05_ses-003/mri/orig.mgz
Projecting LH Surfs
Loading lh.white surf
GM Proj: 0 0.500000 2.000000
WM Proj: 0 0.500000 2.000000
Projecting RH Surfs
Loading rh.white surf
Projecting RH Surfs
Using lh.cortex.label
Using rh.cortex.label
Computing relative cost
 0  -25.0 -25.0 -25.0   1.036867
 1  -25.0 -25.0  25.0   0.994770
 2  -25.0  25.0 -25.0   1.030729
 3  -25.0  25.0  25.0   1.017444
 4   25.0 -25.0 -25.0   1.017965
 5   25.0 -25.0  25.0   1.001109
 6   25.0  25.0 -25.0   1.036859
 7   25.0  25.0  25.0   0.972046
REL:  8  0.974096    8.107790  1.013474 rel = 0.961146 
Initial costs ----------------
Number of surface hits 4191
WM  Intensity  1098.3617 +/- 636.4621
Ctx Intensity  1083.6047 +/- 618.9025
Pct Contrast     -1.1309 +/-  51.9512
Cost   0.9741
RelCost   0.9611


WARNING: initial G-W contrast is negative, but expecting positive.
If the mov data has a T1 contrast, re-run with --T1



------------------------------------
Brute force preopt -4 4 4, n = 729
     0  -4.0000  -4.0000  -4.0000  -4.0000  -4.0000  -4.0000      0.9644   0.9644  0.0
     1  -4.0000  -4.0000  -4.0000  -4.0000  -4.0000   0.0000      0.9506   0.9506  0.0
    19  -4.0000  -4.0000  -4.0000   4.0000  -4.0000   0.0000      0.9376   0.9376  0.0
    34  -4.0000  -4.0000   0.0000  -4.0000   4.0000   0.0000      0.9367   0.9367  0.0
    37  -4.0000  -4.0000   0.0000   0.0000  -4.0000   0.0000      0.9344   0.9344  0.0
    55  -4.0000  -4.0000   4.0000  -4.0000  -4.0000   0.0000      0.9289   0.9289  0.0
   141  -4.0000   0.0000   4.0000  -4.0000   4.0000  -4.0000      0.9183   0.9183  0.0
Brute Force --------------------------
Min cost was 0.918259
Number of iterations   729
Search time 2.734567 sec
Parameters at best (transmm, rotdeg)
 -4.000   0.000   4.000 -4.000  4.000 -4.000 
--------------------------------------------

Starting Powell Minimization
Init Powel Params dof = 6
0 -4
1 0
2 4
3 -4
4 4
5 -4
fs_powell::minimize
  nparams 6
  maxfev 36
  ftol   0.000100
  linmin_xtol_   0.001000
  powell nthiter 0: fret = 0.918259
   7 -4.061  0.000  4.000 -4.000  4.000 -4.000   0.9174030564
   9 -4.054  0.000  4.000 -4.000  4.000 -4.000   0.9170654955
  11 -4.047  0.000  4.000 -4.000  4.000 -4.000   0.9169761318
  13 -4.048  0.000  4.000 -4.000  4.000 -4.000   0.9169737146
  25 -4.048 -0.003  4.000 -4.000  4.000 -4.000   0.9169702677
  27 -4.048 -0.002  4.000 -4.000  4.000 -4.000   0.9169659375
  28 -4.048 -0.001  4.000 -4.000  4.000 -4.000   0.9169654413
  35 -4.048 -0.001  3.949 -4.000  4.000 -4.000   0.9163583310
  37 -4.048 -0.001  3.930 -4.000  4.000 -4.000   0.9163104407
  39 -4.048 -0.001  3.854 -4.000  4.000 -4.000   0.9153686756
  41 -4.048 -0.001  3.883 -4.000  4.000 -4.000   0.9144266616
  43 -4.048 -0.001  3.880 -4.000  4.000 -4.000   0.9144105665
  56 -4.048 -0.001  3.880 -3.999  4.000 -4.000   0.9143972919
  57 -4.048 -0.001  3.880 -3.997  4.000 -4.000   0.9143831588
  59 -4.048 -0.001  3.880 -3.996  4.000 -4.000   0.9143817779
  69 -4.048 -0.001  3.880 -3.996  4.049 -4.000   0.9137655136
  70 -4.048 -0.001  3.880 -3.996  4.035 -4.000   0.9134086549
  71 -4.048 -0.001  3.880 -3.996  4.030 -4.000   0.9133478906
  73 -4.048 -0.001  3.880 -3.996  4.029 -4.000   0.9133439901
  84 -4.048 -0.001  3.880 -3.996  4.029 -4.005   0.9132880282
  85 -4.048 -0.001  3.880 -3.996  4.029 -4.006   0.9132841601
  86 -4.048 -0.001  3.880 -3.996  4.029 -4.008   0.9132831715
  powell nthiter 1: fret = 0.913283
  99 -4.057 -0.001  3.880 -3.996  4.029 -4.008   0.9131685582
 102 -4.059 -0.001  3.880 -3.996  4.029 -4.008   0.9131608850
 116 -4.059  0.001  3.880 -3.996  4.029 -4.008   0.9131562890
 127 -4.059  0.001  3.862 -3.996  4.029 -4.008   0.9130770069
 130 -4.059  0.001  3.863 -3.996  4.029 -4.008   0.9130768207
 153 -4.059  0.001  3.863 -3.996  4.040 -4.008   0.9130291518
 154 -4.059  0.001  3.863 -3.996  4.037 -4.008   0.9130033663
 155 -4.059  0.001  3.863 -3.996  4.036 -4.008   0.9130015555
 166 -4.059  0.001  3.863 -3.996  4.036 -4.009   0.9129810914
 167 -4.059  0.001  3.863 -3.996  4.036 -4.013   0.9129462340
 169 -4.059  0.001  3.863 -3.996  4.036 -4.012   0.9129456084
 171 -4.070  0.003  3.846 -3.996  4.043 -4.017   0.9124439092
 174 -4.088  0.006  3.819 -3.996  4.054 -4.024   0.9117483547
 180 -4.081  0.005  3.830 -3.996  4.050 -4.021   0.9117435500
 181 -4.084  0.006  3.825 -3.996  4.052 -4.022   0.9116898023
 183 -4.084  0.006  3.826 -3.996  4.051 -4.022   0.9116892601
 185 -4.084  0.006  3.825 -3.996  4.052 -4.022   0.9116881172
  powell nthiter 2: fret = 0.911688
 198 -4.084  0.006  3.825 -3.996  4.052 -4.031   0.9115988384
 200 -4.084  0.006  3.825 -3.996  4.052 -4.028   0.9115609908
 215 -4.084  0.003  3.825 -3.996  4.052 -4.028   0.9115530069
 217 -4.084  0.004  3.825 -3.996  4.052 -4.028   0.9115515279
 229 -4.084  0.004  3.826 -3.996  4.052 -4.028   0.9115482773
 242 -4.084  0.004  3.826 -3.995  4.052 -4.028   0.9115312369
 254 -4.084  0.004  3.826 -3.995  4.070 -4.028   0.9114551091
 255 -4.084  0.004  3.826 -3.995  4.063 -4.028   0.9114358187
 259 -4.095  0.007  3.810 -3.995  4.071 -4.032   0.9111148785
 266 -4.096  0.007  3.808 -3.995  4.071 -4.033   0.9111134854
 270 -4.096  0.007  3.808 -3.995  4.071 -4.033   0.9111132262
  powell nthiter 3: fret = 0.911113
 283 -4.096  0.007  3.808 -3.995  4.071 -4.032   0.9110971647
 285 -4.096  0.007  3.808 -3.995  4.071 -4.028   0.9110960050
 287 -4.096  0.007  3.808 -3.995  4.071 -4.029   0.9110889957
 288 -4.096  0.007  3.808 -3.995  4.071 -4.030   0.9110860504
 299 -4.096  0.005  3.808 -3.995  4.071 -4.030   0.9110832221
 300 -4.096  0.004  3.808 -3.995  4.071 -4.030   0.9110826355
 311 -4.096  0.004  3.815 -3.995  4.071 -4.030   0.9109491070
 313 -4.096  0.004  3.816 -3.995  4.071 -4.030   0.9109440910
 325 -4.096  0.004  3.816 -3.991  4.071 -4.030   0.9108360409
 328 -4.096  0.004  3.816 -3.990  4.071 -4.030   0.9108272395
 338 -4.096  0.004  3.816 -3.990  4.082 -4.030   0.9107545755
 346 -4.100  0.004  3.809 -3.990  4.085 -4.032   0.9105878869
 347 -4.102  0.005  3.807 -3.990  4.086 -4.032   0.9105421677
 350 -4.102  0.005  3.806 -3.990  4.086 -4.033   0.9105342065
 352 -4.102  0.005  3.806 -3.990  4.086 -4.033   0.9105290547
 353 -4.102  0.005  3.806 -3.990  4.086 -4.033   0.9105280295
 355 -4.102  0.005  3.806 -3.990  4.086 -4.033   0.9105266146
  powell nthiter 4: fret = 0.910527
 370 -4.102  0.005  3.806 -3.990  4.086 -4.035   0.9105174148
 372 -4.102  0.005  3.806 -3.990  4.086 -4.034   0.9105173348
 385 -4.102  0.004  3.806 -3.990  4.086 -4.034   0.9105148550
 409 -4.102  0.004  3.806 -3.988  4.086 -4.034   0.9104965873
 410 -4.102  0.004  3.806 -3.987  4.086 -4.034   0.9104878945
 413 -4.102  0.004  3.806 -3.985  4.086 -4.034   0.9104637975
 424 -4.102  0.004  3.806 -3.985  4.081 -4.034   0.9104448858
 433 -4.106  0.005  3.799 -3.985  4.084 -4.036   0.9103941391
 434 -4.105  0.004  3.801 -3.985  4.083 -4.035   0.9103421218
 436 -4.105  0.004  3.801 -3.985  4.083 -4.035   0.9103420801
 438 -4.105  0.004  3.801 -3.985  4.083 -4.035   0.9103420631
 439 -4.108  0.004  3.796 -3.980  4.080 -4.037   0.9102751486
 445 -4.107  0.004  3.798 -3.982  4.081 -4.037   0.9102666064
 446 -4.107  0.004  3.798 -3.982  4.081 -4.037   0.9102650712
  powell nthiter 5: fret = 0.910265
 463 -4.107  0.004  3.798 -3.982  4.081 -4.038   0.9102545758
 475 -4.107  0.005  3.798 -3.982  4.081 -4.038   0.9102399501
 477 -4.107  0.006  3.798 -3.982  4.081 -4.038   0.9102328365
 500 -4.107  0.006  3.798 -3.981  4.081 -4.038   0.9102285592
 511 -4.107  0.006  3.798 -3.981  4.083 -4.038   0.9102036830
 513 -4.107  0.006  3.798 -3.981  4.084 -4.038   0.9101995219
 520 -4.109  0.006  3.796 -3.979  4.082 -4.039   0.9101964060
 521 -4.108  0.006  3.797 -3.979  4.083 -4.039   0.9101918291
 522 -4.108  0.006  3.797 -3.979  4.083 -4.039   0.9101916732
Powell done niters = 5
Computing relative cost
 0  -25.0 -25.0 -25.0   1.021234
 1  -25.0 -25.0  25.0   1.008262
 2  -25.0  25.0 -25.0   0.992117
 3  -25.0  25.0  25.0   1.003378
 4   25.0 -25.0 -25.0   1.033141
 5   25.0 -25.0  25.0   1.012646
 6   25.0  25.0 -25.0   1.035186
 7   25.0  25.0  25.0   1.033665
REL:  8  0.910192    8.139629  1.017454 rel = 0.894578 
Number of iterations     5
Min cost was 0.910192
Number of FunctionCalls   529
TolPowell 0.000100
nMaxItersPowell 36
OptimizationTime 1.942275 sec
Parameters at optimum (transmm) -4.10810  0.00617  3.79681
Parameters at optimum (rotdeg) -3.97949  4.08303 -4.03890 
Final costs ----------------
Number of surface hits 4191
WM  Intensity  1078.5031 +/- 630.6583
Ctx Intensity  1098.4316 +/- 623.6973
Pct Contrast      2.2560 +/-  53.6994
Cost   0.9102
RelCost   0.9611
Reg at min cost was 
-0.99676  -0.07339   0.03299  -1.33148;
 0.04147  -0.11728   0.99223   17.46320;
 0.06895  -0.99038  -0.11995   8.41963;
 0.00000   0.00000   0.00000   1.00000;

Writing optimal reg to /localscratch/bpinsard.41451873.0/freesurfer_crosssectional_autorecon3_sub05_ses003.job/sub-05_ses-003/mri/transforms/tmp.bbregister.34078/bbr.pass1.dat, type = 14 
Original Reg 
-0.99958   0.00574  -0.02835   1.20709;
-0.02861  -0.05299   0.99819   17.23917;
-0.00423  -0.99858  -0.05313   5.93144;
 0.00000   0.00000   0.00000   1.00000;

Original Reg - Optimal Reg
-0.00282   0.07913  -0.06133   2.53857;
-0.07008   0.06430   0.00595  -0.22404;
-0.07317  -0.00820   0.06682  -2.48819;
 0.00000   0.00000   0.00000   0.00000;

Computing change in lh position
LH rmsDiffMean 5.426047
Computing change in rh position
Surface-RMS-Diff-mm 5.614730 2.218056 10.361502


WARNING: initial G-W contrast was negative, but expected positive.
If the mov data has a T1 contrast, re-run with --T1


mri_segreg done
mri_segreg --mov /localscratch/bpinsard.41451873.0/freesurfer_crosssectional_autorecon3_sub05_ses003.job/sub-05_ses-003/mri/transforms/tmp.bbregister.34078/template.nii --init-reg /localscratch/bpinsard.41451873.0/freesurfer_crosssectional_autorecon3_sub05_ses003.job/sub-05_ses-003/mri/transforms/tmp.bbregister.34078/bbr.pass1.dat --out-reg /localscratch/bpinsard.41451873.0/freesurfer_crosssectional_autorecon3_sub05_ses003.job/sub-05_ses-003/mri/transforms/T2raw.auto.dat --interp trilinear --wm-proj-abs 1 --tol 1e-8 --tol1d 1e-3 --c0 0 --mincost /localscratch/bpinsard.41451873.0/freesurfer_crosssectional_autorecon3_sub05_ses003.job/sub-05_ses-003/mri/transforms/T2raw.auto.dat.mincost --dof 6 --nmax 36 --param /localscratch/bpinsard.41451873.0/freesurfer_crosssectional_autorecon3_sub05_ses003.job/sub-05_ses-003/mri/transforms/T2raw.auto.dat.param --surf white --brute -0.1 0.1 0.1 --cur-reg /localscratch/bpinsard.41451873.0/freesurfer_crosssectional_autorecon3_sub05_ses003.job/sub-05_ses-003/mri/transforms/tmp.bbregister.34078/reg.curopt.dat --gm-proj-abs 2 --nsub 1 --gm-gt-wm 0.5
7.4.1
setenv SUBJECTS_DIR /localscratch/bpinsard.41451873.0/freesurfer_crosssectional_autorecon3_sub05_ses003.job
cd /localscratch/bpinsard.41451873.0/freesurfer_crosssectional_autorecon3_sub05_ses003.job/sub-05_ses-003/scripts
mri_segreg --mov /localscratch/bpinsard.41451873.0/freesurfer_crosssectional_autorecon3_sub05_ses003.job/sub-05_ses-003/mri/transforms/tmp.bbregister.34078/template.nii --init-reg /localscratch/bpinsard.41451873.0/freesurfer_crosssectional_autorecon3_sub05_ses003.job/sub-05_ses-003/mri/transforms/tmp.bbregister.34078/bbr.pass1.dat --out-reg /localscratch/bpinsard.41451873.0/freesurfer_crosssectional_autorecon3_sub05_ses003.job/sub-05_ses-003/mri/transforms/T2raw.auto.dat --interp trilinear --wm-proj-abs 1 --tol 1e-8 --tol1d 1e-3 --c0 0 --mincost /localscratch/bpinsard.41451873.0/freesurfer_crosssectional_autorecon3_sub05_ses003.job/sub-05_ses-003/mri/transforms/T2raw.auto.dat.mincost --dof 6 --nmax 36 --param /localscratch/bpinsard.41451873.0/freesurfer_crosssectional_autorecon3_sub05_ses003.job/sub-05_ses-003/mri/transforms/T2raw.auto.dat.param --surf white --brute -0.1 0.1 0.1 --cur-reg /localscratch/bpinsard.41451873.0/freesurfer_crosssectional_autorecon3_sub05_ses003.job/sub-05_ses-003/mri/transforms/tmp.bbregister.34078/reg.curopt.dat --gm-proj-abs 2 --nsub 1 --gm-gt-wm 0.5 
sysname  Linux
hostname bc12255.int.ets1.calculquebec.ca
machine  x86_64
user     bpinsard
movvol /localscratch/bpinsard.41451873.0/freesurfer_crosssectional_autorecon3_sub05_ses003.job/sub-05_ses-003/mri/transforms/tmp.bbregister.34078/template.nii
regfile /localscratch/bpinsard.41451873.0/freesurfer_crosssectional_autorecon3_sub05_ses003.job/sub-05_ses-003/mri/transforms/tmp.bbregister.34078/bbr.pass1.dat
subject sub-05_ses-003
dof 6
outregfile /localscratch/bpinsard.41451873.0/freesurfer_crosssectional_autorecon3_sub05_ses003.job/sub-05_ses-003/mri/transforms/T2raw.auto.dat
UseMask 0
UseLH 1
UseRH 1
nsubsamp 1
PenaltySign  -1
PenaltySlope 0.500000
PenaltyCenter 0.000000
surfname white
GMProjAbs 2.000000
WMProjAbs 1.000000
lhcostfile (null)
rhcostfile (null)
interp  trilinear (1)
frame  0
TolPowell 0.000000
nMaxItersPowell 36
n1dmin  3
Profile   0
Gdiag_no  -1
AddNoise  0 (0)
SynthSeed 1697229179
TransRandMax 0.000000
RotRandMax 0.000000
Translations 0.000000 0.000000 0.000000
Rotations   0.000000 0.000000 0.000000
Input reg
-0.99676  -0.07339   0.03299  -1.33148;
 0.04147  -0.11728   0.99223   17.46320;
 0.06895  -0.99038  -0.11995   8.41963;
 0.00000   0.00000   0.00000   1.00000;

Loading mov
ExcludeZeroVoxels 1
Reading in targ vol /localscratch/bpinsard.41451873.0/freesurfer_crosssectional_autorecon3_sub05_ses003.job/sub-05_ses-003/mri/orig.mgz
Projecting LH Surfs
Loading lh.white surf
GM Proj: 0 0.500000 2.000000
WM Proj: 0 0.500000 1.000000
Projecting RH Surfs
Loading rh.white surf
Projecting RH Surfs
Using lh.cortex.label
Using rh.cortex.label
Computing relative cost
 0  -25.0 -25.0 -25.0   1.023350
 1  -25.0 -25.0  25.0   1.011585
 2  -25.0  25.0 -25.0   1.001544
 3  -25.0  25.0  25.0   1.009053
 4   25.0 -25.0 -25.0   1.016933
 5   25.0 -25.0  25.0   1.006626
 6   25.0  25.0 -25.0   0.997498
 7   25.0  25.0  25.0   1.004544
REL:  8  0.956324    8.071132  1.008892 rel = 0.947896 
Initial costs ----------------
Number of surface hits 417922
WM  Intensity  1083.5777 +/- 628.2203
Ctx Intensity  1086.2113 +/- 632.1711
Pct Contrast      0.0477 +/-  48.3741
Cost   0.9563
RelCost   0.9479

------------------------------------
Brute force preopt -0.1 0.1 0.1, n = 729
     0  -0.1000  -0.1000  -0.1000  -0.1000  -0.1000  -0.1000      0.9298   0.9298  0.0
     1  -0.1000  -0.1000  -0.1000  -0.1000  -0.1000   0.0000      0.9288   0.9288  0.0
    11  -0.1000  -0.1000  -0.1000   0.0000  -0.1000   0.1000      0.9278   0.9278  0.0
    82  -0.1000   0.0000  -0.1000  -0.1000  -0.1000   0.0000      0.9278   0.9278  0.0
    87  -0.1000   0.0000  -0.1000  -0.1000   0.1000  -0.1000      0.9277   0.9277  0.0
    92  -0.1000   0.0000  -0.1000   0.0000  -0.1000   0.1000      0.9273   0.9273  0.0
   154  -0.1000   0.0000   0.1000   0.1000  -0.1000   0.0000      0.9252   0.9252  0.0
   158  -0.1000   0.0000   0.1000   0.1000   0.0000   0.1000      0.9248   0.9248  0.0
   163  -0.1000   0.1000  -0.1000  -0.1000  -0.1000   0.0000      0.9244   0.9244  0.0
   208  -0.1000   0.1000   0.0000   0.1000  -0.1000   0.0000      0.9243   0.9243  0.0
   235  -0.1000   0.1000   0.1000   0.1000  -0.1000   0.0000      0.9235   0.9235  0.0
   236  -0.1000   0.1000   0.1000   0.1000  -0.1000   0.1000      0.9223   0.9223  0.0
Brute Force --------------------------
Min cost was 0.922321
Number of iterations   729
Search time 2.654200 sec
Parameters at best (transmm, rotdeg)
 -0.100   0.100   0.100  0.100 -0.100  0.100 
--------------------------------------------

Starting Powell Minimization
Init Powel Params dof = 6
0 -0.1
1 0.1
2 0.1
3 0.1
4 -0.1
5 0.1
fs_powell::minimize
  nparams 6
  maxfev 36
  ftol   0.000000
  linmin_xtol_   0.001000
  powell nthiter 0: fret = 0.956713
   3 -1.718  0.100  0.100  0.100 -0.100  0.100   0.9534448990
   6 -2.454  0.100  0.100  0.100 -0.100  0.100   0.9530654459
   7 -2.909  0.100  0.100  0.100 -0.100  0.100   0.9529490017
   9 -2.735  0.100  0.100  0.100 -0.100  0.100   0.9524986749
  12 -2.746  0.100  0.100  0.100 -0.100  0.100   0.9524829011
  18 -2.746 -1.518  0.100  0.100 -0.100  0.100   0.9379388893
  23 -2.746 -1.748  0.100  0.100 -0.100  0.100   0.9379330796
  24 -2.746 -1.634  0.100  0.100 -0.100  0.100   0.9378737146
  25 -2.746 -1.636  0.100  0.100 -0.100  0.100   0.9378711225
  26 -2.746 -1.677  0.100  0.100 -0.100  0.100   0.9377959791
  27 -2.746 -1.704  0.100  0.100 -0.100  0.100   0.9377504071
  29 -2.746 -1.711  0.100  0.100 -0.100  0.100   0.9377302853
  30 -2.746 -1.712  0.100  0.100 -0.100  0.100   0.9377299427
  34 -2.746 -1.712 -1.518  0.100 -0.100  0.100   0.9340523231
  35 -2.746 -1.712 -1.297  0.100 -0.100  0.100   0.9338826188
  39 -2.746 -1.712 -1.382  0.100 -0.100  0.100   0.9337931055
  40 -2.746 -1.712 -1.380  0.100 -0.100  0.100   0.9337892853
  41 -2.746 -1.712 -1.352  0.100 -0.100  0.100   0.9337392992
  42 -2.746 -1.712 -1.331  0.100 -0.100  0.100   0.9337390950
  43 -2.746 -1.712 -1.342  0.100 -0.100  0.100   0.9337267690
  44 -2.746 -1.712 -1.343  0.100 -0.100  0.100   0.9337266853
  60 -2.746 -1.712 -1.343  0.099 -0.100  0.100   0.9337256195
  68 -2.746 -1.712 -1.343  0.099 -0.376  0.100   0.9336020661
  69 -2.746 -1.712 -1.343  0.099 -0.317  0.100   0.9334287070
  70 -2.746 -1.712 -1.343  0.099 -0.252  0.100   0.9333871170
  72 -2.746 -1.712 -1.343  0.099 -0.241  0.100   0.9333795213
  76 -2.746 -1.712 -1.343  0.099 -0.243  0.100   0.9333763394
  77 -2.746 -1.712 -1.343  0.099 -0.245  0.100   0.9333760734
  85 -2.746 -1.712 -1.343  0.099 -0.245 -0.076   0.9329245642
  86 -2.746 -1.712 -1.343  0.099 -0.245 -0.161   0.9328938571
  87 -2.746 -1.712 -1.343  0.099 -0.245 -0.140   0.9327737883
  90 -2.746 -1.712 -1.343  0.099 -0.245 -0.148   0.9327692352
  91 -2.746 -1.712 -1.343  0.099 -0.245 -0.145   0.9327626336
  powell nthiter 1: fret = 0.932763
 112 -2.746 -2.330 -1.343  0.099 -0.245 -0.145   0.9321481536
 114 -2.746 -2.076 -1.343  0.099 -0.245 -0.145   0.9311158547
 115 -2.746 -2.057 -1.343  0.099 -0.245 -0.145   0.9310447405
 116 -2.746 -1.925 -1.343  0.099 -0.245 -0.145   0.9310360697
 125 -2.746 -1.924 -1.343  0.099 -0.245 -0.145   0.9310344220
 133 -2.746 -1.924 -1.485  0.099 -0.245 -0.145   0.9307747853
 135 -2.746 -1.924 -1.442  0.099 -0.245 -0.145   0.9307430646
 140 -2.746 -1.924 -1.444  0.099 -0.245 -0.145   0.9307427762
 143 -2.746 -1.924 -1.443  0.099 -0.245 -0.145   0.9307422030
 152 -2.746 -1.924 -1.443  0.059 -0.245 -0.145   0.9306135159
 153 -2.746 -1.924 -1.443  0.055 -0.245 -0.145   0.9306006886
 154 -2.746 -1.924 -1.443  0.016 -0.245 -0.145   0.9305114958
 156 -2.746 -1.924 -1.443  0.031 -0.245 -0.145   0.9304722352
 157 -2.746 -1.924 -1.443  0.030 -0.245 -0.145   0.9304695945
 158 -2.746 -1.924 -1.443  0.027 -0.245 -0.145   0.9304646340
 160 -2.746 -1.924 -1.443  0.026 -0.245 -0.145   0.9304638032
 168 -2.746 -1.924 -1.443  0.026 -0.386 -0.145   0.9303819452
 169 -2.746 -1.924 -1.443  0.026 -0.345 -0.145   0.9303149532
 170 -2.746 -1.924 -1.443  0.026 -0.329 -0.145   0.9303057189
 172 -2.746 -1.924 -1.443  0.026 -0.331 -0.145   0.9303049100
 184 -2.746 -1.924 -1.443  0.026 -0.331 -0.168   0.9302005066
 186 -2.746 -1.924 -1.443  0.026 -0.331 -0.177   0.9301800273
 188 -2.746 -1.924 -1.443  0.026 -0.331 -0.176   0.9301795411
 190 -2.746 -1.924 -1.443  0.026 -0.331 -0.175   0.9301792503
 192 -2.746 -2.135 -1.544 -0.046 -0.416 -0.205   0.9300576945
 204 -2.746 -2.135 -1.544 -0.046 -0.416 -0.205   0.9300574997
 207 -2.746 -2.134 -1.544 -0.046 -0.416 -0.205   0.9300574415
  powell nthiter 2: fret = 0.930057
 215 -2.364 -2.134 -1.544 -0.046 -0.416 -0.205   0.9299210592
 217 -2.430 -2.134 -1.544 -0.046 -0.416 -0.205   0.9296899305
 221 -2.429 -2.134 -1.544 -0.046 -0.416 -0.205   0.9296894219
 230 -2.429 -2.134 -1.544 -0.046 -0.416 -0.181   0.9296347589
 233 -2.429 -2.134 -1.544 -0.046 -0.416 -0.186   0.9296279061
 243 -2.429 -2.134 -1.489 -0.046 -0.416 -0.186   0.9295022859
 245 -2.429 -2.134 -1.499 -0.046 -0.416 -0.186   0.9294954579
 247 -2.429 -2.134 -1.496 -0.046 -0.416 -0.186   0.9294922339
 260 -2.429 -2.134 -1.495 -0.048 -0.416 -0.186   0.9294915352
 268 -2.429 -2.134 -1.495 -0.048 -0.508 -0.186   0.9294214641
 271 -2.429 -2.134 -1.495 -0.048 -0.584 -0.186   0.9291556669
 272 -2.429 -2.134 -1.495 -0.048 -0.632 -0.186   0.9290435097
 274 -2.429 -2.134 -1.495 -0.048 -0.621 -0.186   0.9290408530
 275 -2.429 -2.134 -1.495 -0.048 -0.625 -0.186   0.9290360414
 276 -2.429 -2.134 -1.495 -0.048 -0.626 -0.186   0.9290355765
 284 -2.429 -2.136 -1.496 -0.048 -0.627 -0.186   0.9290201386
 286 -2.429 -2.149 -1.502 -0.053 -0.632 -0.188   0.9289803992
 287 -2.429 -2.152 -1.503 -0.054 -0.633 -0.188   0.9289792391
  powell nthiter 3: fret = 0.928979
 307 -2.419 -2.152 -1.503 -0.054 -0.633 -0.188   0.9289763750
 308 -2.423 -2.152 -1.503 -0.054 -0.633 -0.188   0.9289719320
 317 -2.424 -2.152 -1.503 -0.054 -0.633 -0.173   0.9289299397
 320 -2.424 -2.152 -1.503 -0.054 -0.633 -0.177   0.9289294015
 321 -2.424 -2.152 -1.503 -0.054 -0.633 -0.175   0.9289287702
 332 -2.424 -2.152 -1.512 -0.054 -0.633 -0.175   0.9289195844
 342 -2.424 -2.152 -1.512 -0.061 -0.633 -0.175   0.9289191813
 343 -2.424 -2.152 -1.512 -0.059 -0.633 -0.175   0.9289162926
 344 -2.424 -2.152 -1.512 -0.057 -0.633 -0.175   0.9289146125
 345 -2.424 -2.152 -1.512 -0.056 -0.633 -0.175   0.9289146087
 356 -2.424 -2.152 -1.512 -0.056 -0.625 -0.175   0.9289041010
 357 -2.424 -2.152 -1.512 -0.056 -0.624 -0.175   0.9289037892
 371 -2.424 -2.151 -1.512 -0.056 -0.623 -0.175   0.9289026579
 372 -2.424 -2.145 -1.509 -0.054 -0.621 -0.174   0.9288993108
 373 -2.424 -2.146 -1.509 -0.054 -0.621 -0.174   0.9288983801
  powell nthiter 4: fret = 0.928898
 392 -2.418 -2.146 -1.509 -0.054 -0.621 -0.174   0.9288974235
 393 -2.420 -2.146 -1.509 -0.054 -0.621 -0.174   0.9288943344
 406 -2.421 -2.146 -1.509 -0.054 -0.621 -0.171   0.9288914328
 408 -2.421 -2.146 -1.509 -0.054 -0.621 -0.172   0.9288912671
 418 -2.421 -2.146 -1.502 -0.054 -0.621 -0.172   0.9288878673
 420 -2.421 -2.146 -1.501 -0.054 -0.621 -0.172   0.9288877521
 423 -2.421 -2.146 -1.500 -0.054 -0.621 -0.172   0.9288876495
 433 -2.421 -2.146 -1.500 -0.053 -0.621 -0.172   0.9288876453
 444 -2.421 -2.146 -1.500 -0.053 -0.624 -0.172   0.9288871949
 446 -2.421 -2.146 -1.500 -0.053 -0.623 -0.172   0.9288870216
 455 -2.421 -2.158 -1.506 -0.057 -0.627 -0.173   0.9288868276
 456 -2.421 -2.152 -1.503 -0.055 -0.625 -0.173   0.9288823426
 460 -2.421 -2.153 -1.504 -0.055 -0.626 -0.173   0.9288822428
 462 -2.421 -2.153 -1.503 -0.055 -0.625 -0.173   0.9288821145
 464 -2.419 -2.160 -1.498 -0.057 -0.630 -0.172   0.9288795349
  powell nthiter 5: fret = 0.928882
 478 -2.413 -2.153 -1.503 -0.055 -0.625 -0.173   0.9288671369
 479 -2.414 -2.153 -1.503 -0.055 -0.625 -0.173   0.9288666040
 490 -2.414 -2.153 -1.503 -0.055 -0.625 -0.168   0.9288517928
 503 -2.414 -2.153 -1.502 -0.055 -0.625 -0.168   0.9288516946
 514 -2.414 -2.153 -1.502 -0.059 -0.625 -0.168   0.9288499305
 515 -2.414 -2.153 -1.502 -0.058 -0.625 -0.168   0.9288498150
 526 -2.414 -2.153 -1.502 -0.058 -0.629 -0.168   0.9288496132
 529 -2.414 -2.153 -1.502 -0.058 -0.628 -0.168   0.9288489994
 539 -2.414 -2.160 -1.505 -0.060 -0.630 -0.169   0.9288471716
 540 -2.414 -2.158 -1.504 -0.059 -0.629 -0.168   0.9288458261
 541 -2.414 -2.157 -1.504 -0.059 -0.629 -0.168   0.9288457161
 544 -2.407 -2.161 -1.504 -0.063 -0.633 -0.163   0.9288174185
 547 -2.395 -2.168 -1.504 -0.069 -0.639 -0.156   0.9287800178
 548 -2.358 -2.189 -1.504 -0.089 -0.659 -0.133   0.9286946532
 549 -2.307 -2.218 -1.504 -0.116 -0.686 -0.100   0.9284905998
 555 -2.294 -2.225 -1.504 -0.122 -0.692 -0.092   0.9284821821
 556 -2.295 -2.224 -1.504 -0.122 -0.691 -0.093   0.9284813232
 557 -2.298 -2.223 -1.504 -0.120 -0.690 -0.095   0.9284802813
 558 -2.298 -2.223 -1.504 -0.120 -0.690 -0.095   0.9284802347
 559 -2.297 -2.223 -1.504 -0.121 -0.690 -0.094   0.9284801523
 564 -2.298 -2.223 -1.504 -0.120 -0.690 -0.094   0.9284801415
 568 -2.298 -2.223 -1.504 -0.120 -0.690 -0.094   0.9284801077
  powell nthiter 6: fret = 0.928480
 575 -2.298 -2.182 -1.485 -0.107 -0.674 -0.089   0.9284653492
 576 -2.298 -2.195 -1.491 -0.111 -0.679 -0.090   0.9284501507
 577 -2.298 -2.199 -1.493 -0.112 -0.681 -0.091   0.9284472172
 578 -2.298 -2.205 -1.496 -0.114 -0.683 -0.092   0.9284343115
 580 -2.298 -2.207 -1.497 -0.115 -0.684 -0.092   0.9284322205
 581 -2.298 -2.208 -1.497 -0.115 -0.684 -0.092   0.9284321278
 593 -2.298 -2.208 -1.497 -0.115 -0.684 -0.091   0.9284313817
 594 -2.298 -2.208 -1.497 -0.115 -0.684 -0.087   0.9284305600
 596 -2.298 -2.208 -1.497 -0.115 -0.684 -0.089   0.9284303712
 604 -2.298 -2.208 -1.452 -0.115 -0.684 -0.089   0.9284084338
 606 -2.298 -2.208 -1.471 -0.115 -0.684 -0.089   0.9283941760
 608 -2.298 -2.208 -1.466 -0.115 -0.684 -0.089   0.9283919289
 609 -2.298 -2.208 -1.465 -0.115 -0.684 -0.089   0.9283917930
 618 -2.298 -2.208 -1.465 -0.129 -0.684 -0.089   0.9283775734
 623 -2.298 -2.208 -1.465 -0.124 -0.684 -0.089   0.9283730499
 624 -2.298 -2.208 -1.465 -0.125 -0.684 -0.089   0.9283720426
 633 -2.298 -2.208 -1.465 -0.125 -0.670 -0.089   0.9283387460
 635 -2.298 -2.208 -1.465 -0.125 -0.617 -0.089   0.9283010827
 636 -2.298 -2.208 -1.465 -0.125 -0.630 -0.089   0.9282796329
 637 -2.298 -2.208 -1.465 -0.125 -0.637 -0.089   0.9282780466
 638 -2.298 -2.208 -1.465 -0.125 -0.635 -0.089   0.9282776835
 642 -2.290 -2.212 -1.465 -0.129 -0.639 -0.084   0.9282377648
 643 -2.278 -2.219 -1.465 -0.135 -0.646 -0.076   0.9281974948
 644 -2.268 -2.224 -1.465 -0.140 -0.651 -0.070   0.9281796679
 645 -2.261 -2.228 -1.465 -0.144 -0.655 -0.065   0.9281611761
 646 -2.249 -2.235 -1.465 -0.150 -0.661 -0.058   0.9281217915
 647 -2.229 -2.246 -1.465 -0.160 -0.671 -0.046   0.9281176106
 648 -2.238 -2.241 -1.465 -0.156 -0.667 -0.051   0.9280982223
 652 -2.240 -2.240 -1.465 -0.155 -0.666 -0.052   0.9280966821
 654 -2.240 -2.240 -1.465 -0.155 -0.666 -0.052   0.9280966152
 657 -2.066 -2.323 -1.427 -0.251 -0.702  0.064   0.9279033897
 662 -1.958 -2.375 -1.404 -0.310 -0.724  0.135   0.9277829817
 665 -1.943 -2.382 -1.400 -0.318 -0.727  0.145   0.9277790927
 666 -1.948 -2.380 -1.401 -0.316 -0.727  0.143   0.9277736544
 667 -1.950 -2.379 -1.402 -0.315 -0.726  0.141   0.9277723327
 669 -1.951 -2.378 -1.402 -0.314 -0.726  0.140   0.9277721210
 671 -1.951 -2.378 -1.402 -0.314 -0.726  0.141   0.9277720182
  powell nthiter 7: fret = 0.927772
 679 -1.951 -2.337 -1.382 -0.300 -0.709  0.147   0.9276458813
 682 -1.951 -2.340 -1.384 -0.301 -0.711  0.146   0.9276391599
 683 -1.951 -2.341 -1.384 -0.301 -0.711  0.146   0.9276390764
 692 -1.951 -2.341 -1.384 -0.301 -0.711  0.145   0.9276358439
 695 -1.951 -2.341 -1.384 -0.301 -0.711  0.107   0.9276268313
 696 -1.951 -2.341 -1.384 -0.301 -0.711  0.124   0.9275701197
 698 -1.951 -2.341 -1.384 -0.301 -0.711  0.121   0.9275689135
 700 -1.951 -2.341 -1.384 -0.301 -0.711  0.122   0.9275677202
 707 -1.951 -2.341 -1.002 -0.301 -0.711  0.122   0.9273529508
 708 -1.951 -2.341 -1.140 -0.301 -0.711  0.122   0.9271407915
 709 -1.951 -2.341 -1.161 -0.301 -0.711  0.122   0.9270976635
 711 -1.951 -2.341 -1.196 -0.301 -0.711  0.122   0.9270129010
 713 -1.951 -2.341 -1.194 -0.301 -0.711  0.122   0.9270118600
 714 -1.951 -2.341 -1.181 -0.301 -0.711  0.122   0.9270007013
 717 -1.951 -2.341 -1.182 -0.301 -0.711  0.122   0.9270002762
 727 -1.951 -2.341 -1.183 -0.310 -0.711  0.122   0.9269641165
 729 -1.951 -2.341 -1.183 -0.312 -0.711  0.122   0.9269625895
 740 -1.951 -2.341 -1.183 -0.312 -0.712  0.122   0.9269617213
 745 -1.777 -2.424 -1.145 -0.408 -0.748  0.238   0.9268594326
 749 -1.843 -2.392 -1.160 -0.371 -0.734  0.194   0.9267802182
 752 -1.852 -2.388 -1.162 -0.366 -0.732  0.188   0.9267671422
 753 -1.864 -2.382 -1.164 -0.359 -0.730  0.179   0.9267587067
 755 -1.860 -2.384 -1.163 -0.362 -0.731  0.182   0.9267559586
 756 -1.860 -2.384 -1.163 -0.362 -0.731  0.182   0.9267558842
 770 -1.863 -2.383 -1.165 -0.360 -0.730  0.181   0.9267543726
 773 -1.864 -2.383 -1.166 -0.360 -0.730  0.180   0.9267539720
  powell nthiter 8: fret = 0.926754
 782 -1.863 -2.464 -1.204 -0.388 -0.763  0.169   0.9267535409
 793 -1.863 -2.463 -1.204 -0.388 -0.763  0.169   0.9267535227
 805 -1.863 -2.463 -1.204 -0.387 -0.763  0.178   0.9267385688
 815 -1.855 -2.467 -1.202 -0.392 -0.764  0.184   0.9267344700
 817 -1.857 -2.466 -1.202 -0.391 -0.764  0.183   0.9267343303
 831 -1.857 -2.466 -1.202 -0.386 -0.764  0.183   0.9267111939
 832 -1.857 -2.466 -1.202 -0.385 -0.764  0.183   0.9267111381
 843 -1.857 -2.466 -1.202 -0.385 -0.722  0.183   0.9266800205
 846 -1.857 -2.466 -1.202 -0.385 -0.713  0.183   0.9266595237
 848 -1.857 -2.466 -1.202 -0.385 -0.712  0.183   0.9266591034
 857 -1.892 -2.453 -1.230 -0.366 -0.706  0.161   0.9266507577
 858 -1.889 -2.454 -1.228 -0.368 -0.707  0.163   0.9266467442
 859 -1.876 -2.459 -1.218 -0.375 -0.709  0.171   0.9266372059
 861 -1.879 -2.458 -1.220 -0.373 -0.709  0.169   0.9266364444
 863 -1.878 -2.458 -1.220 -0.374 -0.709  0.170   0.9266363750
  powell nthiter 9: fret = 0.926636
 874 -1.878 -2.459 -1.220 -0.374 -0.709  0.170   0.9266353501
 875 -1.878 -2.461 -1.221 -0.374 -0.710  0.169   0.9266338548
 877 -1.878 -2.460 -1.221 -0.374 -0.709  0.169   0.9266338396
 890 -1.878 -2.461 -1.221 -0.374 -0.710  0.168   0.9266335681
 892 -1.878 -2.461 -1.221 -0.374 -0.710  0.166   0.9266335517
 893 -1.878 -2.461 -1.221 -0.374 -0.710  0.165   0.9266334501
 904 -1.881 -2.459 -1.221 -0.373 -0.709  0.163   0.9266330809
 905 -1.881 -2.459 -1.222 -0.373 -0.709  0.163   0.9266330355
 906 -1.881 -2.459 -1.222 -0.373 -0.709  0.163   0.9266330301
 917 -1.881 -2.459 -1.222 -0.371 -0.709  0.163   0.9266296763
 920 -1.881 -2.459 -1.222 -0.364 -0.709  0.163   0.9266208174
 921 -1.881 -2.459 -1.222 -0.365 -0.709  0.163   0.9266204988
 922 -1.881 -2.459 -1.222 -0.366 -0.709  0.163   0.9266202891
 934 -1.881 -2.459 -1.222 -0.367 -0.704  0.163   0.9266138944
 936 -1.881 -2.459 -1.222 -0.367 -0.703  0.163   0.9266134860
 937 -1.881 -2.459 -1.222 -0.367 -0.702  0.163   0.9266133352
 948 -1.885 -2.458 -1.224 -0.365 -0.701  0.161   0.9266117645
 950 -1.885 -2.458 -1.224 -0.365 -0.701  0.161   0.9266117152
 951 -1.885 -2.458 -1.225 -0.364 -0.701  0.161   0.9266116391
  powell nthiter 10: fret = 0.926612
 964 -1.886 -2.459 -1.226 -0.365 -0.701  0.160   0.9266111120
 966 -1.886 -2.459 -1.225 -0.365 -0.701  0.160   0.9266110790
 968 -1.886 -2.459 -1.226 -0.365 -0.701  0.160   0.9266110326
 982 -1.886 -2.459 -1.226 -0.365 -0.701  0.159   0.9266091370
 993 -1.885 -2.459 -1.225 -0.365 -0.702  0.159   0.9266090919
 994 -1.885 -2.459 -1.225 -0.365 -0.702  0.159   0.9266090873
 995 -1.885 -2.459 -1.225 -0.365 -0.701  0.159   0.9266089629
1006 -1.885 -2.459 -1.225 -0.358 -0.701  0.159   0.9266048278
1008 -1.885 -2.459 -1.225 -0.359 -0.701  0.159   0.9266045984
1021 -1.885 -2.459 -1.225 -0.359 -0.700  0.159   0.9266037656
1035 -1.884 -2.459 -1.225 -0.359 -0.700  0.159   0.9266037585
  powell nthiter 11: fret = 0.926604
1047 -1.884 -2.461 -1.225 -0.360 -0.701  0.159   0.9266036109
1048 -1.884 -2.460 -1.225 -0.360 -0.700  0.159   0.9266031897
1049 -1.884 -2.460 -1.225 -0.360 -0.700  0.159   0.9266031771
1064 -1.884 -2.460 -1.225 -0.360 -0.700  0.160   0.9266030919
1074 -1.877 -2.463 -1.223 -0.363 -0.702  0.165   0.9266020400
1075 -1.880 -2.462 -1.224 -0.362 -0.701  0.163   0.9266013096
1078 -1.880 -2.462 -1.224 -0.362 -0.701  0.164   0.9266013060
1079 -1.879 -2.462 -1.224 -0.362 -0.701  0.164   0.9266012769
1089 -1.879 -2.462 -1.224 -0.360 -0.701  0.164   0.9266002548
1091 -1.879 -2.462 -1.224 -0.355 -0.701  0.164   0.9265997700
1092 -1.879 -2.462 -1.224 -0.356 -0.701  0.164   0.9265991359
1093 -1.879 -2.462 -1.224 -0.357 -0.701  0.164   0.9265990146
1103 -1.879 -2.462 -1.224 -0.357 -0.698  0.164   0.9265977427
1118 -1.882 -2.461 -1.226 -0.356 -0.698  0.162   0.9265967974
1123 -1.878 -2.464 -1.226 -0.352 -0.696  0.165   0.9265942898
1129 -1.880 -2.463 -1.226 -0.354 -0.697  0.164   0.9265942891
1130 -1.879 -2.463 -1.226 -0.353 -0.696  0.165   0.9265941380
  powell nthiter 12: fret = 0.926594
1159 -1.879 -2.463 -1.226 -0.353 -0.696  0.167   0.9265933775
1162 -1.879 -2.463 -1.226 -0.353 -0.696  0.166   0.9265932013
1170 -1.861 -2.472 -1.222 -0.363 -0.700  0.178   0.9265812503
1171 -1.864 -2.470 -1.223 -0.361 -0.699  0.176   0.9265805389
1172 -1.864 -2.470 -1.223 -0.361 -0.700  0.176   0.9265803496
1173 -1.863 -2.471 -1.223 -0.362 -0.700  0.177   0.9265803349
1175 -1.863 -2.471 -1.223 -0.362 -0.700  0.177   0.9265802709
1176 -1.863 -2.471 -1.223 -0.362 -0.700  0.177   0.9265802187
1189 -1.866 -2.470 -1.225 -0.360 -0.699  0.175   0.9265800894
1190 -1.865 -2.470 -1.224 -0.361 -0.699  0.176   0.9265799971
1203 -1.865 -2.470 -1.224 -0.360 -0.702  0.175   0.9265798059
1206 -1.865 -2.470 -1.224 -0.360 -0.701  0.175   0.9265794541
1208 -1.862 -2.472 -1.225 -0.357 -0.699  0.178   0.9265707521
1212 -1.863 -2.471 -1.225 -0.358 -0.699  0.177   0.9265697072
1213 -1.863 -2.472 -1.225 -0.358 -0.699  0.178   0.9265693881
1214 -1.863 -2.472 -1.225 -0.358 -0.699  0.178   0.9265693198
  powell nthiter 13: fret = 0.926569
1235 -1.863 -2.471 -1.224 -0.357 -0.699  0.178   0.9265684232
1236 -1.863 -2.471 -1.224 -0.357 -0.699  0.178   0.9265682031
1239 -1.863 -2.470 -1.224 -0.357 -0.699  0.178   0.9265681733
1240 -1.863 -2.470 -1.224 -0.357 -0.699  0.178   0.9265681289
1251 -1.863 -2.470 -1.224 -0.357 -0.699  0.179   0.9265664118
1252 -1.863 -2.470 -1.224 -0.357 -0.699  0.181   0.9265662206
1254 -1.863 -2.470 -1.224 -0.357 -0.699  0.180   0.9265660490
1263 -1.861 -2.471 -1.224 -0.358 -0.699  0.181   0.9265650085
1264 -1.860 -2.472 -1.223 -0.359 -0.699  0.182   0.9265649704
1265 -1.860 -2.471 -1.224 -0.359 -0.699  0.182   0.9265649538
1266 -1.861 -2.471 -1.224 -0.358 -0.699  0.182   0.9265649071
1278 -1.864 -2.470 -1.226 -0.357 -0.698  0.180   0.9265637496
1280 -1.863 -2.470 -1.225 -0.357 -0.699  0.180   0.9265637262
1304 -1.863 -2.471 -1.225 -0.358 -0.699  0.180   0.9265637192
  powell nthiter 14: fret = 0.926564
1324 -1.862 -2.471 -1.225 -0.358 -0.699  0.180   0.9265637143
1346 -1.862 -2.471 -1.225 -0.358 -0.699  0.181   0.9265635133
1348 -1.861 -2.471 -1.225 -0.358 -0.699  0.181   0.9265635091
1362 -1.863 -2.471 -1.226 -0.357 -0.699  0.180   0.9265631879
1363 -1.863 -2.471 -1.226 -0.358 -0.699  0.180   0.9265631706
1364 -1.862 -2.471 -1.226 -0.358 -0.699  0.181   0.9265631502
1389 -1.862 -2.471 -1.226 -0.358 -0.699  0.181   0.9265631126
  powell nthiter 15: fret = 0.926563
1405 -1.862 -2.471 -1.226 -0.358 -0.699  0.181   0.9265630694
1406 -1.862 -2.471 -1.225 -0.358 -0.699  0.181   0.9265630526
1409 -1.862 -2.470 -1.225 -0.358 -0.699  0.181   0.9265629420
1431 -1.862 -2.470 -1.225 -0.358 -0.699  0.181   0.9265628875
1432 -1.861 -2.471 -1.225 -0.358 -0.699  0.181   0.9265628397
1434 -1.861 -2.471 -1.225 -0.358 -0.699  0.182   0.9265628080
1450 -1.863 -2.470 -1.227 -0.357 -0.699  0.180   0.9265625814
1451 -1.862 -2.470 -1.226 -0.358 -0.699  0.181   0.9265624442
1471 -1.862 -2.471 -1.226 -0.357 -0.699  0.181   0.9265623088
1477 -1.862 -2.471 -1.226 -0.357 -0.699  0.181   0.9265622999
1478 -1.862 -2.470 -1.227 -0.357 -0.698  0.181   0.9265617619
1481 -1.862 -2.469 -1.228 -0.356 -0.697  0.182   0.9265616882
1482 -1.862 -2.470 -1.227 -0.356 -0.698  0.181   0.9265616321
1485 -1.862 -2.469 -1.227 -0.356 -0.698  0.181   0.9265616270
1487 -1.862 -2.469 -1.227 -0.356 -0.698  0.181   0.9265614932
1494 -1.862 -2.469 -1.227 -0.356 -0.698  0.181   0.9265614800
  powell nthiter 16: fret = 0.926561
1529 -1.861 -2.470 -1.227 -0.356 -0.698  0.182   0.9265609410
1532 -1.860 -2.470 -1.227 -0.357 -0.698  0.183   0.9265606245
1542 -1.861 -2.470 -1.227 -0.357 -0.698  0.182   0.9265604764
1562 -1.861 -2.470 -1.227 -0.357 -0.701  0.182   0.9265598591
1565 -1.861 -2.470 -1.227 -0.357 -0.700  0.182   0.9265594000
1567 -1.860 -2.470 -1.228 -0.357 -0.700  0.183   0.9265585336
1568 -1.860 -2.469 -1.228 -0.356 -0.699  0.183   0.9265579806
1573 -1.860 -2.469 -1.228 -0.356 -0.699  0.183   0.9265579214
1580 -1.860 -2.469 -1.228 -0.356 -0.699  0.183   0.9265579143
1581 -1.859 -2.467 -1.231 -0.354 -0.699  0.185   0.9265562223
1586 -1.858 -2.466 -1.232 -0.353 -0.700  0.187   0.9265559037
1588 -1.857 -2.466 -1.232 -0.353 -0.700  0.187   0.9265558698
1591 -1.857 -2.466 -1.232 -0.353 -0.700  0.187   0.9265558569
1594 -1.858 -2.466 -1.232 -0.353 -0.700  0.187   0.9265558285
1595 -1.858 -2.466 -1.232 -0.353 -0.700  0.187   0.9265558179
1596 -1.858 -2.466 -1.232 -0.353 -0.700  0.187   0.9265557767
  powell nthiter 17: fret = 0.926556
1608 -1.858 -2.466 -1.232 -0.353 -0.700  0.187   0.9265554956
1609 -1.858 -2.466 -1.232 -0.353 -0.699  0.187   0.9265553912
1622 -1.858 -2.466 -1.232 -0.353 -0.699  0.185   0.9265550273
1632 -1.856 -2.466 -1.231 -0.354 -0.700  0.186   0.9265540434
1633 -1.855 -2.467 -1.231 -0.355 -0.700  0.187   0.9265527963
1638 -1.854 -2.467 -1.231 -0.355 -0.700  0.187   0.9265527767
1646 -1.854 -2.467 -1.231 -0.355 -0.700  0.187   0.9265527109
1661 -1.854 -2.467 -1.231 -0.355 -0.702  0.187   0.9265525522
1664 -1.853 -2.466 -1.233 -0.353 -0.702  0.189   0.9265525458
1668 -1.853 -2.466 -1.232 -0.354 -0.702  0.188   0.9265519473
1676 -1.853 -2.466 -1.232 -0.354 -0.702  0.188   0.9265519091
  powell nthiter 18: fret = 0.926552
1690 -1.853 -2.465 -1.232 -0.354 -0.702  0.189   0.9265515888
1702 -1.853 -2.465 -1.232 -0.354 -0.702  0.190   0.9265512551
1712 -1.853 -2.466 -1.232 -0.354 -0.702  0.190   0.9265510239
1714 -1.851 -2.467 -1.231 -0.355 -0.702  0.191   0.9265503207
1715 -1.852 -2.466 -1.232 -0.355 -0.702  0.191   0.9265502772
1725 -1.852 -2.466 -1.231 -0.355 -0.702  0.191   0.9265502078
1747 -1.852 -2.467 -1.231 -0.355 -0.702  0.190   0.9265501940
1752 -1.852 -2.467 -1.231 -0.355 -0.702  0.190   0.9265501602
1753 -1.852 -2.467 -1.231 -0.355 -0.702  0.190   0.9265501078
1755 -1.852 -2.467 -1.231 -0.355 -0.702  0.190   0.9265500502
1757 -1.850 -2.467 -1.230 -0.356 -0.702  0.192   0.9265499867
1763 -1.851 -2.467 -1.230 -0.356 -0.702  0.191   0.9265499436
1764 -1.851 -2.467 -1.230 -0.356 -0.702  0.192   0.9265499335
1765 -1.851 -2.467 -1.230 -0.356 -0.702  0.192   0.9265498770
  powell nthiter 19: fret = 0.926550
1781 -1.851 -2.467 -1.230 -0.356 -0.702  0.192   0.9265498533
1801 -1.850 -2.466 -1.231 -0.355 -0.702  0.193   0.9265497374
1802 -1.850 -2.466 -1.231 -0.355 -0.702  0.193   0.9265497219
1803 -1.850 -2.466 -1.231 -0.355 -0.702  0.193   0.9265497066
1805 -1.850 -2.466 -1.231 -0.355 -0.702  0.193   0.9265496363
1807 -1.850 -2.466 -1.231 -0.355 -0.702  0.193   0.9265496176
1821 -1.850 -2.466 -1.231 -0.355 -0.702  0.193   0.9265496120
1822 -1.850 -2.466 -1.231 -0.355 -0.702  0.193   0.9265496075
1853 -1.850 -2.466 -1.231 -0.355 -0.702  0.193   0.9265495743
  powell nthiter 20: fret = 0.926550
Powell done niters = 20
Computing relative cost
 0  -25.0 -25.0 -25.0   1.019945
 1  -25.0 -25.0  25.0   1.017286
 2  -25.0  25.0 -25.0   1.012833
 3  -25.0  25.0  25.0   1.009239
 4   25.0 -25.0 -25.0   0.975817
 5   25.0 -25.0  25.0   0.999125
 6   25.0  25.0 -25.0   1.002285
 7   25.0  25.0  25.0   0.995259
REL:  8  0.926550    8.031789  1.003974 rel = 0.922882 
Number of iterations    20
Min cost was 0.926550
Number of FunctionCalls  1934
TolPowell 0.000000
nMaxItersPowell 36
OptimizationTime 284.662360 sec
Parameters at optimum (transmm) -1.85003 -2.46574 -1.23079
Parameters at optimum (rotdeg) -0.35517 -0.70188  0.19268 
Final costs ----------------
Number of surface hits 417922
WM  Intensity  1079.0413 +/- 623.8111
Ctx Intensity  1087.2658 +/- 626.8748
Pct Contrast      0.7015 +/-  47.2651
Cost   0.9265
RelCost   0.9479
Reg at min cost was 
-0.99766  -0.06084   0.03119  -3.34211;
 0.03854  -0.12363   0.99158   15.04440;
 0.05648  -0.99046  -0.12568   7.06350;
 0.00000   0.00000   0.00000   1.00000;

Writing optimal reg to /localscratch/bpinsard.41451873.0/freesurfer_crosssectional_autorecon3_sub05_ses003.job/sub-05_ses-003/mri/transforms/T2raw.auto.dat, type = 14 
Original Reg 
-0.99676  -0.07339   0.03299  -1.33148;
 0.04147  -0.11728   0.99223   17.46320;
 0.06895  -0.99038  -0.11995   8.41963;
 0.00000   0.00000   0.00000   1.00000;

Original Reg - Optimal Reg
 0.00090  -0.01254   0.00179   2.01063;
 0.00293   0.00634   0.00065   2.41880;
 0.01247   0.00008   0.00573   1.35614;
 0.00000   0.00000   0.00000   0.00000;

Computing change in lh position
LH rmsDiffMean 3.545447
Computing change in rh position
Surface-RMS-Diff-mm 3.756986 0.291116 4.344371
mri_segreg done
MinCost: 0.926550 1079.041309 1087.265789 0.701465 
tkregister2_cmdl --mov /localscratch/bpinsard.41451873.0/freesurfer_crosssectional_autorecon3_sub05_ses003.job/sub-05_ses-003/mri/orig/T2raw.mgz --reg /localscratch/bpinsard.41451873.0/freesurfer_crosssectional_autorecon3_sub05_ses003.job/sub-05_ses-003/mri/transforms/T2raw.auto.dat --noedit --ltaout /localscratch/bpinsard.41451873.0/freesurfer_crosssectional_autorecon3_sub05_ses003.job/sub-05_ses-003/mri/transforms/T2raw.auto.lta
INFO: no target volume specified, assuming FreeSurfer orig volume.
target  volume orig
movable volume /localscratch/bpinsard.41451873.0/freesurfer_crosssectional_autorecon3_sub05_ses003.job/sub-05_ses-003/mri/orig/T2raw.mgz
reg file       /localscratch/bpinsard.41451873.0/freesurfer_crosssectional_autorecon3_sub05_ses003.job/sub-05_ses-003/mri/transforms/T2raw.auto.dat
LoadVol        0
ZeroCRAS       0
7.4.1
Diagnostic Level -1
---- Input registration matrix --------
-0.99766  -0.06084   0.03119  -3.34211;
 0.03854  -0.12363   0.99158   15.04440;
 0.05648  -0.99046  -0.12568   7.06350;
 0.00000   0.00000   0.00000   1.00000;
float2int = 0
---------------------------------------
INFO: loading target /localscratch/bpinsard.41451873.0/freesurfer_crosssectional_autorecon3_sub05_ses003.job/sub-05_ses-003/mri/orig.mgz
INFO: target does not conform to COR format, so I'm going to
reslice to COR. This will not affect the final registration.
Ttarg: --------------------
-1.00000   0.00000   0.00000   128.00000;
 0.00000   0.00000   1.00000  -128.00000;
 0.00000  -1.00000   0.00000   128.00000;
 0.00000   0.00000   0.00000   1.00000;
INFO: loading movable /localscratch/bpinsard.41451873.0/freesurfer_crosssectional_autorecon3_sub05_ses003.job/sub-05_ses-003/mri/orig/T2raw.mgz
Tmov: --------------------
-0.80000   0.00000   0.00000   83.19952;
 0.00000   0.00000   0.80000  -128.00000;
 0.00000  -0.80000   0.00000   120.00000;
 0.00000   0.00000   0.00000   1.00000;
mkheaderreg = 0, float2int = 0
---- Input registration matrix --------
-0.99766  -0.06084   0.03119  -3.34213;
 0.03854  -0.12363   0.99158   15.04441;
 0.05648  -0.99046  -0.12568   7.06351;
 0.00000   0.00000   0.00000   1.00000;
Determinant -1
subject = sub-05_ses-003
RegMat ---------------------------
-0.99766  -0.06084   0.03119  -3.34211;
 0.03854  -0.12363   0.99158   15.04440;
 0.05648  -0.99046  -0.12568   7.06350;
 0.00000   0.00000   0.00000   1.00000;
Cleaning up
 
Started at Sun Oct 8 05:12:08 UTC 2023 
Ended   at Sun Oct  8 05:19:03 UTC 2023
BBR-Run-Time-Sec 415
 
bbregister Done
To check results, run:
tkregisterfv --mov /localscratch/bpinsard.41451873.0/freesurfer_crosssectional_autorecon3_sub05_ses003.job/sub-05_ses-003/mri/orig/T2raw.mgz --reg /localscratch/bpinsard.41451873.0/freesurfer_crosssectional_autorecon3_sub05_ses003.job/sub-05_ses-003/mri/transforms/T2raw.auto.lta --surfs  --sd /localscratch/bpinsard.41451873.0/freesurfer_crosssectional_autorecon3_sub05_ses003.job
