/localscratch/bpinsard.41394476.0/freesurfer_crosssectional_autorecon1smriprep_skullstripautorecon2autorecon3_sub05_ses003.job/sub-05_ses-003/mri
/opt/freesurfer/bin/talairach
--i orig_nu.mgz --xfm transforms/talairach.auto.xfm
talairach 7.4.1
Linux bc12326.int.ets1.calculquebec.ca 3.10.0-1160.99.1.el7.x86_64 #1 SMP Wed Sep 13 14:19:20 UTC 2023 x86_64 x86_64 x86_64 GNU/Linux
Thu Oct  5 12:36:17 UTC 2023
tmpdir is transforms/tmp.talairach.114078
/localscratch/bpinsard.41394476.0/freesurfer_crosssectional_autorecon1smriprep_skullstripautorecon2autorecon3_sub05_ses003.job/sub-05_ses-003/mri
mri_convert orig_nu.mgz transforms/tmp.talairach.114078/src.mnc
mri_convert orig_nu.mgz transforms/tmp.talairach.114078/src.mnc 
reading from orig_nu.mgz...
TR=0.00, TE=0.00, TI=0.00, flip angle=0.00
i_ras = (-1, 0, 0)
j_ras = (0, 0, -1)
k_ras = (0, 1, 0)
writing to transforms/tmp.talairach.114078/src.mnc...
[bpinsard@bc12326.int.ets1.calculquebec.ca:/localscratch/bpinsard.41394476.0/freesurfer_crosssectional_autorecon1smriprep_skullstripautorecon2autorecon3_sub05_ses003.job/sub-05_ses-003/mri/] [2023-10-05 12:36:19] running:
  /opt/freesurfer/mni/bin/mritotal -verbose -debug -clobber -modeldir /opt/freesurfer/mni/bin/../share/mni_autoreg -protocol icbm transforms/tmp.talairach.114078/src.mnc transforms/talairach.auto.xfm

Loading configuration file /opt/freesurfer/mni/bin/../etc/mni_autoreg/mritotal.cfg
Loading protocol default (protocol file = /opt/freesurfer/mni/bin/../etc/mni_autoreg/mritotal.default.cfg)
Loading protocol icbm (protocol file = /opt/freesurfer/mni/bin/../etc/mni_autoreg/mritotal.icbm.cfg)
   source = transforms/tmp.talairach.114078/src.mnc
    model = /opt/freesurfer/mni/bin/../share/mni_autoreg/average_305
transform = transforms/talairach.auto.xfm
 protocol = icbm:
    linear fit only
    subsample heuristically
    crop according to 0,0 0,0 -25%,0
    blur with 16 and 8 mm FHWM kernels
    pad/unpad correctly (encroach on original volume)
    default objective function = cross-correlation

Subsampling/cropping data:
[mritotal] [bpinsard@bc12326.int.ets1.calculquebec.ca:/localscratch/bpinsard.41394476.0/freesurfer_crosssectional_autorecon1smriprep_skullstripautorecon2autorecon3_sub05_ses003.job/sub-05_ses-003/mri] [2023-10-05 12:36:19] /opt/freesurfer/mni/bin/autocrop -clobber transforms/tmp.talairach.114078/src.mnc /var/tmp/mritotal_114116//src_crop.mnc -step 1.59999084472656 1.59999084472656 1.59999084472656 -extend 0,0 0,0 -25%,0
[autocrop] [bpinsard@bc12326.int.ets1.calculquebec.ca:/localscratch/bpinsard.41394476.0/freesurfer_crosssectional_autorecon1smriprep_skullstripautorecon2autorecon3_sub05_ses003.job/sub-05_ses-003/mri] [2023-10-05 12:36:19] /opt/freesurfer/mni/bin/mincresample -clobber transforms/tmp.talairach.114078/src.mnc /var/tmp/mritotal_114116//src_crop.mnc -start -126.507 -100.543 -37.4213662109376 -step 1.59999084472656 1.59999084472656 1.59999084472656 -nelements 161 160 120
Centroid of input volume: -1.677232 13.699744 -39.186459

Zero-padding data:
[mritotal] [bpinsard@bc12326.int.ets1.calculquebec.ca:/localscratch/bpinsard.41394476.0/freesurfer_crosssectional_autorecon1smriprep_skullstripautorecon2autorecon3_sub05_ses003.job/sub-05_ses-003/mri] [2023-10-05 12:36:19] /opt/freesurfer/mni/bin/autocrop -clobber /var/tmp/mritotal_114116//src_crop.mnc /var/tmp/mritotal_114116//src_pad.mnc -expand 20.7998809814453 20.7998809814453 20.7998809814453
[autocrop] [bpinsard@bc12326.int.ets1.calculquebec.ca:/localscratch/bpinsard.41394476.0/freesurfer_crosssectional_autorecon1smriprep_skullstripautorecon2autorecon3_sub05_ses003.job/sub-05_ses-003/mri] [2023-10-05 12:36:19] /opt/freesurfer/mni/bin/mincreshape -clobber /var/tmp/mritotal_114116//src_crop.mnc /var/tmp/mritotal_114116//src_pad.mnc -start -13,-13,-13 -count 188,187,148

Intensity blurring data:
[mritotal] [bpinsard@bc12326.int.ets1.calculquebec.ca:/localscratch/bpinsard.41394476.0/freesurfer_crosssectional_autorecon1smriprep_skullstripautorecon2autorecon3_sub05_ses003.job/sub-05_ses-003/mri] [2023-10-05 12:36:19] /opt/freesurfer/mni/bin/mincblur -clobber -debug /var/tmp/mritotal_114116//src_pad.mnc /var/tmp/mritotal_114116//tmp_16 -fwhm 16
===== Debugging information from /opt/freesurfer/mni/bin/mincblur =====
Data filename     = /var/tmp/mritotal_114116//src_pad.mnc
Output basename   = /var/tmp/mritotal_114116//tmp_16
Input volume      = 188 cols by 187 rows by 148 slices
Input voxels are  =    1.600    1.600    1.600
min/max value     =    0.000  152.992
Apodizing data at (16.000000,16.000000) (16.000000,16.000000) (16.000000,16.000000)
Volume def min and max: = 0.000000 152.991899
before blur min/max = 0.000000 152.991898
after  blur min/max = -0.000004 51.069336
Making byte volume...
[mritotal] [bpinsard@bc12326.int.ets1.calculquebec.ca:/localscratch/bpinsard.41394476.0/freesurfer_crosssectional_autorecon1smriprep_skullstripautorecon2autorecon3_sub05_ses003.job/sub-05_ses-003/mri] [2023-10-05 12:36:21] /opt/freesurfer/mni/bin/autocrop -clobber /var/tmp/mritotal_114116//tmp_16_blur.mnc /var/tmp/mritotal_114116//src_16_blur.mnc -expand -41.5997619628906 -41.5997619628906 -41.5997619628906
[autocrop] [bpinsard@bc12326.int.ets1.calculquebec.ca:/localscratch/bpinsard.41394476.0/freesurfer_crosssectional_autorecon1smriprep_skullstripautorecon2autorecon3_sub05_ses003.job/sub-05_ses-003/mri] [2023-10-05 12:36:21] /opt/freesurfer/mni/bin/mincreshape -clobber /var/tmp/mritotal_114116//tmp_16_blur.mnc /var/tmp/mritotal_114116//src_16_blur.mnc -start 26,26,26 -count 136,135,96

Gradient blurring data:
[mritotal] [bpinsard@bc12326.int.ets1.calculquebec.ca:/localscratch/bpinsard.41394476.0/freesurfer_crosssectional_autorecon1smriprep_skullstripautorecon2autorecon3_sub05_ses003.job/sub-05_ses-003/mri] [2023-10-05 12:36:21] /opt/freesurfer/mni/bin/mincblur -clobber -debug /var/tmp/mritotal_114116//src_pad.mnc /var/tmp/mritotal_114116//tmp_8 -fwhm 8 -gradient
===== Debugging information from /opt/freesurfer/mni/bin/mincblur =====
Data filename     = /var/tmp/mritotal_114116//src_pad.mnc
Output basename   = /var/tmp/mritotal_114116//tmp_8
Input volume      = 188 cols by 187 rows by 148 slices
Input voxels are  =    1.600    1.600    1.600
min/max value     =    0.000  152.992
Apodizing data at (8.000000,8.000000) (8.000000,8.000000) (8.000000,8.000000)
Volume def min and max: = 0.000000 152.991899
before blur min/max = 0.000000 152.991898
after  blur min/max = -0.000006 93.738594
Making byte volume...
Making byte volume dx...dx: min = -11.837445, max = 10.955185
Making byte volume dy...dy: min = -12.138592, max = 4.707532
Making byte volume dz...dz: min = -6.726927, max = 8.538486
[mritotal] [bpinsard@bc12326.int.ets1.calculquebec.ca:/localscratch/bpinsard.41394476.0/freesurfer_crosssectional_autorecon1smriprep_skullstripautorecon2autorecon3_sub05_ses003.job/sub-05_ses-003/mri] [2023-10-05 12:36:24] /opt/freesurfer/mni/bin/autocrop -clobber /var/tmp/mritotal_114116//tmp_8_blur.mnc /var/tmp/mritotal_114116//src_8_blur.mnc -expand -31.9998168945312 -31.9998168945312 -31.9998168945312
[autocrop] [bpinsard@bc12326.int.ets1.calculquebec.ca:/localscratch/bpinsard.41394476.0/freesurfer_crosssectional_autorecon1smriprep_skullstripautorecon2autorecon3_sub05_ses003.job/sub-05_ses-003/mri] [2023-10-05 12:36:24] /opt/freesurfer/mni/bin/mincreshape -clobber /var/tmp/mritotal_114116//tmp_8_blur.mnc /var/tmp/mritotal_114116//src_8_blur.mnc -start 20,20,20 -count 148,147,108
[mritotal] [bpinsard@bc12326.int.ets1.calculquebec.ca:/localscratch/bpinsard.41394476.0/freesurfer_crosssectional_autorecon1smriprep_skullstripautorecon2autorecon3_sub05_ses003.job/sub-05_ses-003/mri] [2023-10-05 12:36:24] /opt/freesurfer/mni/bin/autocrop -clobber /var/tmp/mritotal_114116//tmp_8_dxyz.mnc /var/tmp/mritotal_114116//src_8_dxyz.mnc -expand -31.9998168945312 -31.9998168945312 -31.9998168945312
[autocrop] [bpinsard@bc12326.int.ets1.calculquebec.ca:/localscratch/bpinsard.41394476.0/freesurfer_crosssectional_autorecon1smriprep_skullstripautorecon2autorecon3_sub05_ses003.job/sub-05_ses-003/mri] [2023-10-05 12:36:24] /opt/freesurfer/mni/bin/mincreshape -clobber /var/tmp/mritotal_114116//tmp_8_dxyz.mnc /var/tmp/mritotal_114116//src_8_dxyz.mnc -start 20,20,20 -count 148,147,108

16mm intensity lsq7 fit, no masks: making /var/tmp/mritotal_114116//src_16.xfm
[mritotal] [bpinsard@bc12326.int.ets1.calculquebec.ca:/localscratch/bpinsard.41394476.0/freesurfer_crosssectional_autorecon1smriprep_skullstripautorecon2autorecon3_sub05_ses003.job/sub-05_ses-003/mri] [2023-10-05 12:36:24] /opt/freesurfer/mni/bin/minctracc -clobber -debug /var/tmp/mritotal_114116//src_16_blur.mnc /opt/freesurfer/mni/bin/../share/mni_autoreg/average_305_16_blur.mnc /var/tmp/mritotal_114116//src_16.xfm -est_translations -lsq7 -xcorr -center -1.677232 13.699744 -39.186459 -step 4 4 4 -tol 0.01 -simplex 20
===== Debugging information from /opt/freesurfer/mni/bin/minctracc =====
Data filename       = /var/tmp/mritotal_114116//src_16_blur.mnc
Model filename      = /opt/freesurfer/mni/bin/../share/mni_autoreg/average_305_16_blur.mnc
Data mask filename  = 
Model mask filename = 
Input xform name    = 
Output filename     = /var/tmp/mritotal_114116//src_16.xfm
Step size           = 4.000000 4.000000 4.000000
Sub-lattice dia     = 24.000000 24.000000 24.000000
Objective function  = cross correlation (threshold = 0.000000 0.000000)
Transform linear    = TRUE
Transform inverted? = FALSE
Transform type      = 4
Transform matrix    =    1.0000    0.0000    0.0000    0.0000 
                         0.0000    1.0000    0.0000    0.0000 
                         0.0000    0.0000    1.0000    0.0000 
Transform center   =   -1.677   13.700  -39.186
Transform rotation   =    0.000    0.000    0.000 

Transform trans    =    0.000    0.000    0.000
Transform scale    =    1.000    1.000    1.000

Center of rot/scale forced: -1.677232 13.699744 -39.186459
  using PAT to get initial parameters:
  will try to get: [trans]
COG of v1 forced: -1.677232 13.699744 -39.186459
In set_up_lattice, xyzv[axes] = 2, 1, 0, -1
In set_up_lattice, xyzv[axes] = 2, 1, 0, -1
in vol to cov
start =   -47.25  -125.51   -85.09 
count =       43       55       29 
step  =     4.00     4.00     4.00 
direct=     1.00     0.00     0.00 
direct=     0.00     1.00     0.00 
direct=     0.00     0.00     1.00 
In set_up_lattice, xyzv[axes] = 2, 1, 0, -1
In set_up_lattice, xyzv[axes] = 2, 1, 0, -1
COG of v2: 0.327802 -17.590965 9.454404
   [trans] = 2.005034 -31.290710 48.640862
Only center & trans required, now returning from init_transformation
Transform center   =   -1.677   13.700  -39.186
Transform rots    =    0.000    0.000    0.000
Transform trans    =    2.005  -31.291   48.641
Transform scale    =    1.000    1.000    1.000

In set_up_lattice, xyzv[axes] = 2, 1, 0, -1
slice lim 0 35
row lim   0 53
col lim   3 49
thresh =    0.00000    0.00000
In set_up_lattice, xyzv[axes] = 2, 1, 0, -1
  68585   31861 -> 0.14638110
  68585   31861 -> 0.14638110
  68585   28832 -> 0.17188253
  68585   31206 -> 0.14662939
  68585   29836 -> 0.18322651
  68585   31278 -> 0.13784894
  68585   32071 -> 0.17903003
  68585   31157 -> 0.14398383
  68585   43970 -> 0.21300833
  68585   11198 -> 0.19533056
  68585   20329 -> 0.16210358
  68585   28971 -> 0.12904885
  68585   28340 -> 0.10860771
  68585   28137 -> 0.12142130
  68585   26064 -> 0.12457682
  68585   37431 -> 0.13401915
  68585   30676 -> 0.12009108
  68585   31278 -> 0.09426657
  68585   31073 -> 0.10248283
  68585   31918 -> 0.08613420
  68585   28930 -> 0.12529244
  68585   29493 -> 0.06358737
  68585   21551 -> 0.08605743
  68585   17914 -> 0.12945037
  68585   24062 -> 0.10188440
  68585   29542 -> 0.12087113
  68585   27089 -> 0.13472533
  68585   28767 -> 0.09929454
  68585   26485 -> 0.11652873
  68585   25825 -> 0.06458718
  68585   27180 -> 0.12173130
  68585   27826 -> 0.09202915
  68585   28057 -> 0.09672035
  68585   33852 -> 0.07430803
  68585   29850 -> 0.07063951
  68585   31871 -> 0.07841357
  68585   28418 -> 0.05123091
  68585   24037 -> 0.05600071
  68585   30916 -> 0.05639382
  68585   27608 -> 0.06214504
  68585   25750 -> 0.07381890
  68585   19228 -> 0.07671539
  68585   31959 -> 0.05879169
  68585   31106 -> 0.07697615
  68585   27804 -> 0.06079581
  68585   27814 -> 0.05361600
  68585   32187 -> 0.04870176
  68585   32799 -> 0.06485990
  68585   29369 -> 0.05530876
  68585   31736 -> 0.06161167
  68585   31168 -> 0.05170631
  68585   32915 -> 0.04703223
  68585   33135 -> 0.06685978
  68585   26243 -> 0.05541665
  68585   28618 -> 0.05417131
  68585   31271 -> 0.06081995
  68585   28754 -> 0.04628296
  68585   30968 -> 0.04558160
  68585   30984 -> 0.05838642
  68585   31204 -> 0.06250866
  68585   29874 -> 0.04564220
  68585   33497 -> 0.05305308
  68585   32535 -> 0.04493369
  68585   29740 -> 0.04664852
  68585   32713 -> 0.04807406
  68585   29143 -> 0.05551880
  68585   32077 -> 0.04353002
  68585   28247 -> 0.05058017
  68585   32252 -> 0.04363609
  68585   28592 -> 0.04725944
  68585   32180 -> 0.04331084
  68585   32062 -> 0.04578747
  68585   34042 -> 0.04413160
  68585   32021 -> 0.04262255
  68585   30696 -> 0.04903190
  68585   34919 -> 0.04133638
  68585   36932 -> 0.04686447
  68585   34245 -> 0.04646562
  68585   32095 -> 0.04159863
  68585   33235 -> 0.04453477
  68585   33200 -> 0.04197944
  68585   29847 -> 0.05090644
  68585   33640 -> 0.04109710
  68585   33201 -> 0.04340282
  68585   33742 -> 0.04435423
  68585   32696 -> 0.04148720
  68585   32439 -> 0.04334647
  68585   32839 -> 0.04145440
  68585   33769 -> 0.03970077
  68585   33978 -> 0.04420873
  68585   34180 -> 0.04436416
  68585   32828 -> 0.04074049
  68585   33336 -> 0.04182326
  68585   33363 -> 0.04066454
  68585   34582 -> 0.04040966
  68585   34873 -> 0.03865055
  68585   35915 -> 0.03787566
  68585   35156 -> 0.04188396
  68585   33586 -> 0.04000129
  68585   32881 -> 0.04087948
  68585   33950 -> 0.03856072
  68585   35066 -> 0.04034892
  68585   35702 -> 0.04010134
  68585   35936 -> 0.03776930
  68585   36950 -> 0.03784860
  68585   35109 -> 0.03862465
  68585   34573 -> 0.03741685
  68585   34069 -> 0.03810930
  68585   33609 -> 0.03843784
  68585   35656 -> 0.03711514
  68585   36206 -> 0.04071297
  68585   36193 -> 0.03625938
  68585   36916 -> 0.03653698
  68585   34941 -> 0.03894876
  68585   35181 -> 0.03718093
  68585   36609 -> 0.03666714
  68585   37697 -> 0.03886888
  68585   34773 -> 0.03709279
  68585   34912 -> 0.03629231
  68585   34948 -> 0.03523102
  68585   34379 -> 0.03488738
  68585   36157 -> 0.03537523
  68585   35730 -> 0.03428285
  68585   35671 -> 0.03383280
  68585   35482 -> 0.03507930
  68585   36403 -> 0.03345659
  68585   36773 -> 0.03438110
  68585   34148 -> 0.03333462
  68585   32254 -> 0.03465767
  68585   36037 -> 0.03313215
  68585   36215 -> 0.03524653
  68585   34799 -> 0.03329392
  68585   34421 -> 0.03180550
  68585   33352 -> 0.03272268
  68585   34635 -> 0.03525000
  68585   35339 -> 0.03331336
  68585   35550 -> 0.03314973
  68585   34890 -> 0.03264131
  68585   33719 -> 0.03260630
  68585   35881 -> 0.03239643
  68585   34520 -> 0.03295929
  68585   35201 -> 0.03355204
  68585   34974 -> 0.03212024
  68585   33869 -> 0.03454955
  68585   35334 -> 0.03205144
  68585   33383 -> 0.03347771
  68585   35502 -> 0.03218582
  68585   35096 -> 0.03313525
  68585   34820 -> 0.03197953
  68585   35012 -> 0.03191849
  68585   36489 -> 0.03271586
  68585   34485 -> 0.03193047
  68585   33881 -> 0.03247339
  68585   35424 -> 0.03186252
  68585   34219 -> 0.03249383
  68585   35236 -> 0.03180138
  68585   34939 -> 0.03169452
  68585   34877 -> 0.03226141
  68585   34518 -> 0.03176635
  68585   34854 -> 0.03182925
  68585   35370 -> 0.03168168
  68585   35772 -> 0.03222171
done with simplex after 153 iterations
0 0.03183:10.83839 -36.96859 -8.08689 -18.63559 -1.31439 22.48224 50.23294 
1 0.03181:10.97020 -37.94064 -8.96083 -19.46698 -1.64419 23.68528 50.20831 
2 0.03180:11.50931 -39.81396 -9.58930 -18.53488 -0.29333 22.65999 50.55389 
3 0.03169:11.86301 -41.23584 -8.89009 -21.96274  0.23392 22.83167 50.76863 
4 0.03192:11.61185 -42.60851 -7.76908 -22.64345 -0.28771 24.35117 50.67841 
5 0.03177:11.82162 -41.27092 -5.76195 -22.11149 -0.58159 21.88935 49.82943 
6 0.03168:11.58482 -41.19524 -7.26355 -20.90179 -1.38988 23.37705 50.58389 
7 0.03186:12.34029 -42.29628 -8.15546 -20.45790 -0.36412 22.66680 50.59651 
after parameter optimization
-center        -1.67723   13.69974  -39.18646
-translation   11.58482  -41.19524   -7.26355
-rotation     -20.90179   -1.38988   23.37705
-scale          1.01168    1.01168    1.01168
-shear          0.00000    0.00000    0.00000
  68585   35370 -> 0.03168168
Initial objective function val = 0.14638110
Final objective function value = 0.03168168

8mm intensity lsq7 fit, no masks: making /var/tmp/mritotal_114116//src_8tmp1a.xfm
[mritotal] [bpinsard@bc12326.int.ets1.calculquebec.ca:/localscratch/bpinsard.41394476.0/freesurfer_crosssectional_autorecon1smriprep_skullstripautorecon2autorecon3_sub05_ses003.job/sub-05_ses-003/mri] [2023-10-05 12:36:26] /opt/freesurfer/mni/bin/minctracc -clobber -debug /var/tmp/mritotal_114116//src_8_blur.mnc /opt/freesurfer/mni/bin/../share/mni_autoreg/average_305_8_blur.mnc /var/tmp/mritotal_114116//src_8tmp1a.xfm -transformation /var/tmp/mritotal_114116//src_16.xfm -lsq7 -xcorr -center -1.677232 13.699744 -39.186459 -step 4 4 4 -tol 0.004 -simplex 5
===== Debugging information from /opt/freesurfer/mni/bin/minctracc =====
Data filename       = /var/tmp/mritotal_114116//src_8_blur.mnc
Model filename      = /opt/freesurfer/mni/bin/../share/mni_autoreg/average_305_8_blur.mnc
Data mask filename  = 
Model mask filename = 
Input xform name    = /var/tmp/mritotal_114116//src_16.xfm
Output filename     = /var/tmp/mritotal_114116//src_8tmp1a.xfm
Step size           = 4.000000 4.000000 4.000000
Sub-lattice dia     = 24.000000 24.000000 24.000000
Objective function  = cross correlation (threshold = 0.000000 0.000000)
Transform linear    = TRUE
Transform inverted? = FALSE
Transform type      = 4
Transform matrix    =    0.9284   -0.3670   -0.1643   10.0554 
                         0.4013    0.8710    0.3222  -26.1286 
                         0.0245   -0.3608    0.9448   -4.4413 
Transform center   =   -1.677   13.700  -39.186
Transform rotation   =    0.000    0.000    0.000 

Transform trans    =    0.000    0.000    0.000
Transform scale    =    1.000    1.000    1.000

Center of rot/scale forced: -1.677232 13.699744 -39.186459
  using input transformation to get initial parameters:
In set_up_lattice, xyzv[axes] = 2, 1, 0, -1
slice lim 0 36
row lim   0 58
col lim   7 49
thresh =    0.00000    0.00000
In set_up_lattice, xyzv[axes] = 2, 1, 0, -1
  80410   40584 -> 0.06898889
  80410   40584 -> 0.06898889
  80410   40400 -> 0.07097045
  80410   40376 -> 0.06829658
  80410   41336 -> 0.06984997
  80410   40587 -> 0.07096942
  80410   40440 -> 0.07001100
  80410   40472 -> 0.07305056
  80410   48760 -> 0.08545646
  80410   31102 -> 0.08728284
  80410   45050 -> 0.07153951
  80410   41969 -> 0.06882730
  80410   36377 -> 0.07496142
  80410   43040 -> 0.06818113
  80410   41994 -> 0.06892718
  80410   41943 -> 0.07128907
  80410   41071 -> 0.06824356
  80410   42393 -> 0.06938382
  80410   42012 -> 0.06682009
  80410   42208 -> 0.06836492
  80410   40526 -> 0.07003181
  80410   42100 -> 0.06743212
  80410   42968 -> 0.06897213
  80410   42434 -> 0.06727313
  80410   41680 -> 0.06939801
  80410   41946 -> 0.06721851
  80410   41464 -> 0.07233462
  80410   41969 -> 0.06684201
  80410   43668 -> 0.06693889
  80410   43741 -> 0.06882446
  80410   41813 -> 0.06707370
  80410   41553 -> 0.06515977
  80410   40881 -> 0.06433595
  80410   42105 -> 0.06611688
  80410   41719 -> 0.06580435
  80410   42025 -> 0.06561153
  80410   42370 -> 0.06434670
  80410   39960 -> 0.06554639
  80410   41277 -> 0.06447309
  80410   40841 -> 0.06396318
  80410   40035 -> 0.06548515
  80410   40544 -> 0.06436431
  80410   40630 -> 0.06329276
  80410   40171 -> 0.06396507
  80410   39832 -> 0.06419361
  80410   41729 -> 0.06319286
  80410   42303 -> 0.06435090
  80410   40635 -> 0.06250624
  80410   40225 -> 0.06301788
  80410   41450 -> 0.06256238
  80410   39350 -> 0.06569640
  80410   41621 -> 0.06305791
  80410   41034 -> 0.06227518
  80410   41127 -> 0.06399218
  80410   42270 -> 0.06438085
  80410   40525 -> 0.06299561
  80410   41405 -> 0.06213018
  80410   41646 -> 0.06306747
  80410   41686 -> 0.06214444
  80410   40623 -> 0.06290326
  80410   40547 -> 0.06213121
  80410   41544 -> 0.06173722
  80410   41941 -> 0.06317948
  80410   41697 -> 0.06243549
  80410   41064 -> 0.06213458
  80410   42004 -> 0.06096452
  80410   42737 -> 0.06080567
  80410   41085 -> 0.06148421
  80410   41722 -> 0.06188415
  80410   41241 -> 0.06227405
  80410   41569 -> 0.06138714
  80410   41992 -> 0.06196457
  80410   42912 -> 0.06064716
  80410   44092 -> 0.06085037
  80410   42350 -> 0.06101192
  80410   42048 -> 0.06057356
  80410   42039 -> 0.06140912
  80410   42259 -> 0.06194604
  80410   41879 -> 0.06090790
  80410   42703 -> 0.06002262
  80410   43343 -> 0.06079062
  80410   43285 -> 0.06001206
  80410   43970 -> 0.06121768
  80410   43574 -> 0.05896944
  80410   44493 -> 0.05953545
  80410   43134 -> 0.06017898
  80410   43910 -> 0.05918161
  80410   43497 -> 0.05881363
  80410   43875 -> 0.05877633
  80410   43471 -> 0.06116547
  80410   43068 -> 0.05956701
  80410   44739 -> 0.05837044
  80410   45873 -> 0.06008572
  80410   44007 -> 0.05864805
  80410   44707 -> 0.05793989
  80410   45586 -> 0.05905602
  80410   44710 -> 0.05739665
  80410   45372 -> 0.05762776
  80410   45275 -> 0.05770897
  80410   44954 -> 0.05899027
  80410   44696 -> 0.05797456
  80410   45613 -> 0.05782382
  80410   45656 -> 0.05850346
  80410   46051 -> 0.05777501
  80410   44473 -> 0.05827343
  80410   45491 -> 0.05733996
  80410   45873 -> 0.05887567
  80410   45842 -> 0.05812101
  80410   45585 -> 0.05731503
  80410   45955 -> 0.05666884
  80410   46520 -> 0.05715705
  80410   46303 -> 0.05681150
  80410   45786 -> 0.05748573
  80410   45012 -> 0.05692187
  80410   45857 -> 0.05653530
  80410   46122 -> 0.05743288
  80410   45565 -> 0.05759152
  80410   45652 -> 0.05675604
  80410   46431 -> 0.05775649
  80410   45235 -> 0.05677843
  80410   45906 -> 0.05787885
  80410   45579 -> 0.05660941
  80410   45771 -> 0.05575925
  80410   45924 -> 0.05533697
  80410   46446 -> 0.05678019
  80410   45310 -> 0.05660715
  80410   44700 -> 0.05741427
  80410   46108 -> 0.05624386
  80410   46323 -> 0.05575678
  80410   46140 -> 0.05605756
  80410   45664 -> 0.05654925
  80410   46168 -> 0.05593676
  80410   46695 -> 0.05566742
  80410   46556 -> 0.05615851
  80410   46578 -> 0.05549635
  80410   46609 -> 0.05511222
  80410   46786 -> 0.05510941
  80410   46064 -> 0.05595659
  80410   46625 -> 0.05517782
  80410   46690 -> 0.05595107
  80410   46604 -> 0.05536143
  80410   46760 -> 0.05516975
  80410   46720 -> 0.05532600
  80410   46518 -> 0.05487504
  80410   46348 -> 0.05521506
  80410   46584 -> 0.05495960
  80410   46464 -> 0.05503659
  80410   47252 -> 0.05557928
  80410   46332 -> 0.05496312
  80410   46371 -> 0.05473412
  80410   46091 -> 0.05538226
  80410   46516 -> 0.05437424
  80410   46439 -> 0.05433049
  80410   46069 -> 0.05585963
  80410   46716 -> 0.05467626
  80410   46209 -> 0.05457766
  80410   46252 -> 0.05489744
  80410   46563 -> 0.05434573
  80410   46234 -> 0.05512911
  80410   46524 -> 0.05457181
  80410   46528 -> 0.05451528
  80410   46463 -> 0.05426065
  80410   46429 -> 0.05487387
  80410   46532 -> 0.05393340
  80410   46607 -> 0.05390190
  80410   46300 -> 0.05412666
  80410   46816 -> 0.05443780
  80410   46527 -> 0.05411464
  80410   46488 -> 0.05419979
  80410   46184 -> 0.05421363
  80410   46320 -> 0.05371666
  80410   46195 -> 0.05378434
  80410   46414 -> 0.05369440
  80410   46395 -> 0.05379514
  80410   46311 -> 0.05401797
  80410   46692 -> 0.05409586
  80410   46288 -> 0.05406309
  80410   46661 -> 0.05393165
  80410   46375 -> 0.05343211
  80410   46229 -> 0.05358199
  80410   46184 -> 0.05378801
  80410   46436 -> 0.05378600
  80410   46568 -> 0.05356527
  80410   46150 -> 0.05395528
  80410   46528 -> 0.05358975
  80410   46250 -> 0.05353687
  80410   46653 -> 0.05366338
  80410   46386 -> 0.05365007
  80410   46550 -> 0.05347883
  80410   46479 -> 0.05332462
  80410   46518 -> 0.05378257
  80410   46206 -> 0.05378707
  80410   46598 -> 0.05340540
  80410   46517 -> 0.05373645
  80410   46463 -> 0.05342264
  80410   46410 -> 0.05308414
  80410   46294 -> 0.05300410
  80410   46286 -> 0.05303282
  80410   46611 -> 0.05360388
  80410   46368 -> 0.05328798
  80410   46233 -> 0.05324294
  80410   46389 -> 0.05324168
  80410   46350 -> 0.05293028
  80410   46319 -> 0.05283683
  80410   46098 -> 0.05274026
  80410   45818 -> 0.05266461
  80410   46013 -> 0.05294181
  80410   46052 -> 0.05277231
  80410   46152 -> 0.05269144
  80410   45928 -> 0.05261886
  80410   45561 -> 0.05284393
  80410   45749 -> 0.05261768
  80410   45335 -> 0.05352692
  80410   45782 -> 0.05306916
  80410   46197 -> 0.05277834
  80410   46101 -> 0.05252055
  80410   46023 -> 0.05290782
  80410   45679 -> 0.05289525
  80410   46141 -> 0.05261317
  80410   45890 -> 0.05269375
  80410   45840 -> 0.05268446
  80410   46145 -> 0.05271766
  80410   45894 -> 0.05269671
  80410   45946 -> 0.05253499
  80410   45912 -> 0.05254145
  80410   45947 -> 0.05258010
  80410   45952 -> 0.05250548
  80410   45989 -> 0.05259297
  80410   46101 -> 0.05251488
  80410   46091 -> 0.05249237
  80410   46042 -> 0.05243265
  80410   46157 -> 0.05262072
done with simplex after 223 iterations
0 0.05252: 2.24390 -41.66286 -9.35706 -13.85822 -1.99889  0.62390 53.20661 
1 0.05253: 1.87581 -41.35327 -8.89356 -13.61561 -1.34052  0.45333 53.09667 
2 0.05254: 1.75286 -41.57637 -9.24916 -13.57796 -1.65687  0.15275 53.12857 
3 0.05258: 2.64339 -41.64255 -9.40470 -13.64819 -2.26908  0.62127 53.17410 
4 0.05251: 2.27830 -41.64700 -9.56066 -13.40126 -2.00815  0.17164 53.16441 
5 0.05243: 2.08883 -41.14285 -9.65480 -12.87398 -1.79224  0.28612 53.23896 
6 0.05251: 2.17975 -41.69341 -9.22645 -13.28311 -1.84278  0.09054 53.22459 
7 0.05249: 2.39262 -41.75685 -9.24747 -13.24982 -1.97429  0.70290 53.24313 
after parameter optimization
-center        -1.67723   13.69974  -39.18646
-translation    2.08883  -41.14285   -9.65480
-rotation     -12.87398   -1.79224    0.28612
-scale          1.06478    1.06478    1.06478
-shear          0.00000    0.00000    0.00000
  80410   46042 -> 0.05243265
Initial objective function val = 0.06898889
Final objective function value = 0.05243265

8mm gradient lsq7 fit, target masked: making /var/tmp/mritotal_114116//src_8tmp1b.xfm
[mritotal] [bpinsard@bc12326.int.ets1.calculquebec.ca:/localscratch/bpinsard.41394476.0/freesurfer_crosssectional_autorecon1smriprep_skullstripautorecon2autorecon3_sub05_ses003.job/sub-05_ses-003/mri] [2023-10-05 12:36:28] /opt/freesurfer/mni/bin/minctracc -clobber -debug /var/tmp/mritotal_114116//src_8_dxyz.mnc /opt/freesurfer/mni/bin/../share/mni_autoreg/average_305_8_dxyz.mnc /var/tmp/mritotal_114116//src_8tmp1b.xfm -transformation /var/tmp/mritotal_114116//src_8tmp1a.xfm -lsq7 -xcorr -model_mask /opt/freesurfer/mni/bin/../share/mni_autoreg/average_305_8_mask.mnc -center -1.677232 13.699744 -39.186459 -step 4 4 4 -tol 0.004 -simplex 2
===== Debugging information from /opt/freesurfer/mni/bin/minctracc =====
Data filename       = /var/tmp/mritotal_114116//src_8_dxyz.mnc
Model filename      = /opt/freesurfer/mni/bin/../share/mni_autoreg/average_305_8_dxyz.mnc
Data mask filename  = 
Model mask filename = /opt/freesurfer/mni/bin/../share/mni_autoreg/average_305_8_mask.mnc
Input xform name    = /var/tmp/mritotal_114116//src_8tmp1a.xfm
Output filename     = /var/tmp/mritotal_114116//src_8tmp1b.xfm
Step size           = 4.000000 4.000000 4.000000
Sub-lattice dia     = 24.000000 24.000000 24.000000
Objective function  = cross correlation (threshold = 0.000000 0.000000)
Transform linear    = TRUE
Transform inverted? = FALSE
Transform type      = 4
Transform matrix    =    1.0642    0.0022   -0.0336    0.8474 
                         0.0053    1.0380    0.2371  -32.3649 
                         0.0333   -0.2371    1.0375   -4.8807 
Transform center   =   -1.677   13.700  -39.186
Transform rotation   =    0.000    0.000    0.000 

Transform trans    =    0.000    0.000    0.000
Transform scale    =    1.000    1.000    1.000

Center of rot/scale forced: -1.677232 13.699744 -39.186459
  using input transformation to get initial parameters:
In set_up_lattice, xyzv[axes] = 2, 1, 0, -1
slice lim 0 42
row lim   0 58
col lim   0 58
thresh =    0.00000    0.00000
In set_up_lattice, xyzv[axes] = 2, 1, 0, -1
  29440   23421 -> 0.13768040
  29440   23421 -> 0.13768040
  29440   23421 -> 0.14306854
  29440   22948 -> 0.13279776
  29440   23527 -> 0.12685250
  29440   23819 -> 0.14371854
  29440   23416 -> 0.14352061
  29440   23410 -> 0.13993332
  29440   23814 -> 0.09630556
  29440   23019 -> 0.12008075
  29440   23315 -> 0.11908057
  29440   23281 -> 0.11734038
  29440   23262 -> 0.10647007
  29440   23187 -> 0.10397726
  29440   23734 -> 0.10154858
  29440   23232 -> 0.11015410
  29440   23788 -> 0.12509339
  29440   23203 -> 0.10587603
  29440   23469 -> 0.09935641
  29440   23539 -> 0.10166709
  29440   23693 -> 0.10649060
  29440   23572 -> 0.09893731
  29440   23751 -> 0.09414314
  29440   24002 -> 0.09911062
  29440   23958 -> 0.10423889
  29440   23767 -> 0.09827118
  29440   24122 -> 0.09646620
  29440   23939 -> 0.10032719
  29440   23810 -> 0.09533115
  29440   23562 -> 0.10471233
  29440   23847 -> 0.09412453
  29440   24157 -> 0.09493114
  29440   24206 -> 0.09522960
  29440   24155 -> 0.09285764
  29440   24350 -> 0.10251944
  29440   23816 -> 0.09578484
  29440   24130 -> 0.09301403
  29440   24209 -> 0.09936640
  29440   23912 -> 0.09182967
  29440   24231 -> 0.09504616
  29440   23849 -> 0.09701380
  29440   24117 -> 0.09217828
  29440   23791 -> 0.09521187
  29440   24122 -> 0.09186920
  29440   23833 -> 0.09514214
  29440   24084 -> 0.09178080
  29440   24352 -> 0.09281429
  29440   24398 -> 0.09613038
  29440   23984 -> 0.09153190
  29440   24075 -> 0.09725387
  29440   24113 -> 0.09107842
  29440   24043 -> 0.09418078
  29440   24123 -> 0.09118508
  29440   23781 -> 0.09397380
  29440   24207 -> 0.09124526
  29440   24033 -> 0.09295175
  29440   24097 -> 0.09117937
  29440   24029 -> 0.09190093
  29440   24096 -> 0.09116393
  29440   24291 -> 0.09154341
  29440   24177 -> 0.09072582
  29440   24220 -> 0.09153981
  29440   23942 -> 0.09149581
  29440   24229 -> 0.09166490
  29440   24048 -> 0.09090871
  29440   24308 -> 0.09171553
  29440   24025 -> 0.09087396
  29440   23992 -> 0.09159832
  29440   24153 -> 0.09075433
  29440   24081 -> 0.09198161
  29440   24113 -> 0.09071699
  29440   24110 -> 0.09042333
  29440   24116 -> 0.09053183
  29440   24113 -> 0.09049737
  29440   24097 -> 0.09129088
  29440   24109 -> 0.09067342
  29440   24186 -> 0.09074105
  29440   24247 -> 0.09074780
  29440   24151 -> 0.09048752
  29440   24027 -> 0.09077702
  29440   24193 -> 0.09052273
done with simplex after 72 iterations
0 0.09052: 1.42793 -42.54066 -9.55061 -13.24713 -0.50931  1.26749 56.01453 
1 0.09074: 1.45070 -42.43911 -9.76910 -13.11673 -0.46666  1.41658 56.03156 
2 0.09050: 1.21269 -42.18781 -9.65104 -13.14615 -0.36691  1.14041 55.96090 
3 0.09042: 1.47859 -42.31312 -9.40390 -13.21294 -0.69664  1.35508 55.78473 
4 0.09072: 1.78888 -42.28059 -9.53391 -13.20951 -0.90641  1.17762 55.85466 
5 0.09073: 1.28533 -42.51249 -9.53779 -13.35854 -0.60629  1.35776 56.09234 
6 0.09049: 1.21647 -42.45378 -9.58489 -13.39415 -0.29729  1.38753 56.07080 
7 0.09067: 1.63425 -42.25079 -9.35905 -13.33399 -0.75193  1.27258 55.95976 
after parameter optimization
-center        -1.67723   13.69974  -39.18646
-translation    1.47859  -42.31312   -9.40390
-rotation     -13.21294   -0.69664    1.35508
-scale          1.11569    1.11569    1.11569
-shear          0.00000    0.00000    0.00000
  29440   24110 -> 0.09042333
Initial objective function val = 0.13768040
Final objective function value = 0.09042333

8mm gradient lsq9 fit, target masked: making /var/tmp/mritotal_114116//src_8tmp2a.xfm
[mritotal] [bpinsard@bc12326.int.ets1.calculquebec.ca:/localscratch/bpinsard.41394476.0/freesurfer_crosssectional_autorecon1smriprep_skullstripautorecon2autorecon3_sub05_ses003.job/sub-05_ses-003/mri] [2023-10-05 12:36:28] /opt/freesurfer/mni/bin/minctracc -clobber -debug /var/tmp/mritotal_114116//src_8_dxyz.mnc /opt/freesurfer/mni/bin/../share/mni_autoreg/average_305_8_dxyz.mnc /var/tmp/mritotal_114116//src_8tmp2a.xfm -transformation /var/tmp/mritotal_114116//src_8tmp1b.xfm -lsq9 -xcorr -model_mask /opt/freesurfer/mni/bin/../share/mni_autoreg/average_305_8_mask.mnc -center -1.677232 13.699744 -39.186459 -step 4 4 4 -tol 0.004 -simplex 2
===== Debugging information from /opt/freesurfer/mni/bin/minctracc =====
Data filename       = /var/tmp/mritotal_114116//src_8_dxyz.mnc
Model filename      = /opt/freesurfer/mni/bin/../share/mni_autoreg/average_305_8_dxyz.mnc
Data mask filename  = 
Model mask filename = /opt/freesurfer/mni/bin/../share/mni_autoreg/average_305_8_mask.mnc
Input xform name    = /var/tmp/mritotal_114116//src_8tmp1b.xfm
Output filename     = /var/tmp/mritotal_114116//src_8tmp2a.xfm
Step size           = 4.000000 4.000000 4.000000
Sub-lattice dia     = 24.000000 24.000000 24.000000
Objective function  = cross correlation (threshold = 0.000000 0.000000)
Transform linear    = TRUE
Transform inverted? = FALSE
Transform type      = 5
Transform matrix    =    1.1153   -0.0226   -0.0192    1.2277 
                         0.0264    1.0859    0.2546  -33.4680 
                         0.0136   -0.2550    1.0861   -2.5146 
Transform center   =   -1.677   13.700  -39.186
Transform rotation   =    0.000    0.000    0.000 

Transform trans    =    0.000    0.000    0.000
Transform scale    =    1.000    1.000    1.000

Center of rot/scale forced: -1.677232 13.699744 -39.186459
  using input transformation to get initial parameters:
In set_up_lattice, xyzv[axes] = 2, 1, 0, -1
slice lim 0 42
row lim   0 58
col lim   0 58
thresh =    0.00000    0.00000
In set_up_lattice, xyzv[axes] = 2, 1, 0, -1
  29440   24110 -> 0.09042336
  29440   24110 -> 0.09042336
  29440   24121 -> 0.10452282
  29440   23659 -> 0.09396337
  29440   24216 -> 0.09477291
  29440   24500 -> 0.09416736
  29440   24112 -> 0.10557412
  29440   24103 -> 0.09588668
  29440   24109 -> 0.10026705
  29440   24371 -> 0.09399261
  29440   24212 -> 0.09397547
  29440   24206 -> 0.10683581
  29440   24130 -> 0.09445763
  29440   24191 -> 0.10399377
  29440   24174 -> 0.09465335
  29440   24218 -> 0.10119995
  29440   24139 -> 0.09380332
  29440   24236 -> 0.09821069
  29440   24134 -> 0.09196530
  29440   24111 -> 0.09295325
  29440   24129 -> 0.09479863
  29440   24161 -> 0.09200522
  29440   24182 -> 0.09855507
  29440   24139 -> 0.09135672
  29440   23726 -> 0.09532573
  29440   24311 -> 0.09145132
  29440   23838 -> 0.09102642
  29440   23922 -> 0.10030643
  29440   24137 -> 0.09100791
  29440   24584 -> 0.09349641
  29440   24200 -> 0.09080261
  29440   23678 -> 0.09310704
  29440   23902 -> 0.09112831
  29440   24099 -> 0.09351761
  29440   24105 -> 0.09100343
  29440   24034 -> 0.09092515
  29440   24042 -> 0.09066326
  29440   23811 -> 0.08963294
  29440   23553 -> 0.09013177
  29440   23897 -> 0.09005272
  29440   24139 -> 0.09027880
  29440   24262 -> 0.09086104
  29440   23995 -> 0.09301633
  29440   24102 -> 0.08983555
  29440   24026 -> 0.09107658
  29440   24084 -> 0.09001214
  29440   24112 -> 0.08943421
  29440   24153 -> 0.09078468
  29440   23845 -> 0.09074448
  29440   23829 -> 0.09069808
  29440   24186 -> 0.09036524
  29440   24279 -> 0.09132195
  29440   23942 -> 0.08973692
  29440   24048 -> 0.09020946
  29440   23956 -> 0.08913936
  29440   23881 -> 0.09008764
  29440   23835 -> 0.09065519
  29440   24094 -> 0.08942162
  29440   23876 -> 0.09110589
  29440   24069 -> 0.08945475
  29440   23974 -> 0.09025434
  29440   24029 -> 0.08949655
  29440   24152 -> 0.09006681
  29440   23958 -> 0.08943707
  29440   23933 -> 0.08921260
  29440   23876 -> 0.08896755
  29440   23761 -> 0.08932708
  29440   24026 -> 0.08928433
  29440   24206 -> 0.08988111
  29440   23907 -> 0.08926104
  29440   23956 -> 0.08906153
  29440   23890 -> 0.08939414
  29440   23987 -> 0.08897653
  29440   23809 -> 0.08958672
  29440   24037 -> 0.08903694
  29440   23809 -> 0.08922070
  29440   23997 -> 0.08907889
  29440   23854 -> 0.08949627
  29440   23984 -> 0.08890626
  29440   23987 -> 0.08901486
done with simplex after 69 iterations
0 0.08914: 1.29114 -41.71939 -10.99460 -12.92119 -0.41388  1.61830 55.65838 55.11772 57.68185 
1 0.08904: 1.15814 -41.99837 -10.45034 -13.10839 -0.48614  1.32184 55.59270 55.51430 57.06188 
2 0.08908: 1.28005 -42.13569 -10.62093 -13.07570 -0.34725  1.57348 55.71005 54.89771 57.36209 
3 0.08921: 1.32661 -41.96282 -10.30400 -13.36546 -0.56273  1.35274 55.65439 55.00801 57.31149 
4 0.08901: 1.07703 -41.99773 -11.13089 -13.06094 -0.42035  1.31925 55.50537 55.02374 57.92251 
5 0.08898: 1.17857 -42.03167 -10.84096 -13.41971 -0.30971  1.30294 55.47475 55.50230 57.52982 
6 0.08906: 1.24204 -41.76787 -10.81709 -12.92235 -0.37670  1.24030 55.52816 55.05648 57.43237 
7 0.08891: 1.22890 -41.96625 -10.70220 -13.17522 -0.42643  1.61339 55.46564 55.25505 57.35179 
8 0.08922: 1.00781 -41.60857 -11.01932 -13.27826 -0.30977  1.57067 55.50795 54.61837 57.89248 
9 0.08897: 1.25256 -41.84129 -10.81761 -13.30823 -0.49246  1.40984 55.64981 54.97336 57.15730 
after parameter optimization
-center        -1.67723   13.69974  -39.18646
-translation    1.22890  -41.96625  -10.70220
-rotation     -13.17522   -0.42643    1.61339
-scale          1.10931    1.10510    1.14704
-shear          0.00000    0.00000    0.00000
  29440   23984 -> 0.08890626
Initial objective function val = 0.09042336
Final objective function value = 0.08890626

checking z-scale: making /var/tmp/mritotal_114116//src_8tmp2b.xfm
[mritotal] [bpinsard@bc12326.int.ets1.calculquebec.ca:/localscratch/bpinsard.41394476.0/freesurfer_crosssectional_autorecon1smriprep_skullstripautorecon2autorecon3_sub05_ses003.job/sub-05_ses-003/mri] [2023-10-05 12:36:29] /opt/freesurfer/mni/bin/check_scale /var/tmp/mritotal_114116//src_8tmp2a.xfm /var/tmp/mritotal_114116//src_8tmp2b.xfm

8mm gradient lsq9 fit, target masked: making /var/tmp/mritotal_114116//src_8tmp2c.xfm
[mritotal] [bpinsard@bc12326.int.ets1.calculquebec.ca:/localscratch/bpinsard.41394476.0/freesurfer_crosssectional_autorecon1smriprep_skullstripautorecon2autorecon3_sub05_ses003.job/sub-05_ses-003/mri] [2023-10-05 12:36:29] /opt/freesurfer/mni/bin/minctracc -clobber -debug /var/tmp/mritotal_114116//src_8_dxyz.mnc /opt/freesurfer/mni/bin/../share/mni_autoreg/average_305_8_dxyz.mnc /var/tmp/mritotal_114116//src_8tmp2c.xfm -transformation /var/tmp/mritotal_114116//src_8tmp2b.xfm -lsq9 -xcorr -model_mask /opt/freesurfer/mni/bin/../share/mni_autoreg/average_305_8_mask.mnc -center -1.677232 13.699744 -39.186459 -step 4 4 4 -tol 0.004 -simplex 2
===== Debugging information from /opt/freesurfer/mni/bin/minctracc =====
Data filename       = /var/tmp/mritotal_114116//src_8_dxyz.mnc
Model filename      = /opt/freesurfer/mni/bin/../share/mni_autoreg/average_305_8_dxyz.mnc
Data mask filename  = 
Model mask filename = /opt/freesurfer/mni/bin/../share/mni_autoreg/average_305_8_mask.mnc
Input xform name    = /var/tmp/mritotal_114116//src_8tmp2b.xfm
Output filename     = /var/tmp/mritotal_114116//src_8tmp2c.xfm
Step size           = 4.000000 4.000000 4.000000
Sub-lattice dia     = 24.000000 24.000000 24.000000
Objective function  = cross correlation (threshold = 0.000000 0.000000)
Transform linear    = TRUE
Transform inverted? = FALSE
Transform type      = 5
Transform matrix    =    1.1088   -0.0285   -0.0152    1.2085 
                         0.0311    1.0756    0.2516  -33.0925 
                         0.0085   -0.2614    1.1168   -2.5288 
Transform center   =   -1.677   13.700  -39.186
Transform rotation   =    0.000    0.000    0.000 

Transform trans    =    0.000    0.000    0.000
Transform scale    =    1.000    1.000    1.000

Center of rot/scale forced: -1.677232 13.699744 -39.186459
  using input transformation to get initial parameters:
In set_up_lattice, xyzv[axes] = 2, 1, 0, -1
slice lim 0 42
row lim   0 58
col lim   0 58
thresh =    0.00000    0.00000
In set_up_lattice, xyzv[axes] = 2, 1, 0, -1
  29440   23984 -> 0.08890626
  29440   23984 -> 0.08890626
  29440   23994 -> 0.10275092
  29440   23526 -> 0.09294600
  29440   24081 -> 0.09464088
  29440   24373 -> 0.09234402
  29440   23982 -> 0.10361509
  29440   23973 -> 0.09525282
  29440   23982 -> 0.09710307
  29440   24248 -> 0.09215025
  29440   24085 -> 0.09573948
  29440   24078 -> 0.10683210
  29440   24005 -> 0.09311133
  29440   24059 -> 0.10524435
  29440   24012 -> 0.09296098
  29440   24077 -> 0.10457515
  29440   24009 -> 0.09168506
  29440   23962 -> 0.09393033
  29440   24068 -> 0.09741534
  29440   24000 -> 0.09094644
  29440   23946 -> 0.09461345
  29440   23982 -> 0.09103767
  29440   24066 -> 0.09352791
  29440   24041 -> 0.09090263
  29440   24034 -> 0.09364877
  29440   24012 -> 0.09059983
  29440   24026 -> 0.09236313
  29440   24618 -> 0.09204757
  29440   24250 -> 0.09356078
  29440   24086 -> 0.09017562
  29440   23837 -> 0.09251165
  29440   24239 -> 0.09005169
  29440   23957 -> 0.09210572
  29440   24033 -> 0.08993468
  29440   23460 -> 0.09200886
  29440   23755 -> 0.09041024
  29440   24020 -> 0.09178158
  29440   24009 -> 0.09006403
  29440   24054 -> 0.09175958
  29440   23995 -> 0.08984931
  29440   24038 -> 0.09024856
  29440   23990 -> 0.09012736
  29440   24021 -> 0.09031858
  29440   24335 -> 0.09039302
  29440   24189 -> 0.08972551
  29440   24107 -> 0.09034000
  29440   24041 -> 0.08960318
  29440   24089 -> 0.09179437
  29440   24048 -> 0.08941271
  29440   24036 -> 0.09048823
  29440   24070 -> 0.08955947
  29440   24147 -> 0.09023525
  29440   24026 -> 0.08955038
  29440   24133 -> 0.08999614
  29440   23876 -> 0.08931289
  29440   23930 -> 0.09013236
  29440   24082 -> 0.08936204
  29440   24038 -> 0.08965633
  29440   24080 -> 0.08939768
  29440   23866 -> 0.08921909
  29440   23979 -> 0.08956841
  29440   23964 -> 0.08889461
  29440   23928 -> 0.08922227
  29440   24019 -> 0.08945550
  29440   23917 -> 0.08905709
  29440   23933 -> 0.08891508
  29440   23926 -> 0.08933067
  29440   23869 -> 0.08929455
  29440   23791 -> 0.08961605
  29440   24006 -> 0.08898636
  29440   23771 -> 0.08887072
  29440   23623 -> 0.08914933
  29440   23895 -> 0.08954372
  29440   23919 -> 0.08891389
  29440   23951 -> 0.08931111
  29440   23931 -> 0.08893546
  29440   23975 -> 0.08922950
  29440   23948 -> 0.08888768
  29440   23995 -> 0.08889493
  29440   23962 -> 0.08905225
  29440   23950 -> 0.08885720
done with simplex after 70 iterations
0 0.08891: 1.22890 -41.96626 -10.70221 -13.17521 -0.42643  1.61339 55.46564 55.25510 57.35179 
1 0.08886: 1.06697 -41.94861 -10.75026 -13.23044 -0.33353  1.46779 55.54861 55.09093 57.51445 
2 0.08889: 1.13475 -42.27528 -10.74668 -13.26531 -0.29493  1.29114 55.54321 54.93605 57.46528 
3 0.08899: 0.99364 -41.92464 -10.82562 -12.86037 -0.35311  1.43708 55.66902 55.13508 57.29411 
4 0.08894: 1.09004 -41.86724 -10.68441 -13.18904 -0.38397  1.34381 55.42966 55.07720 57.33339 
5 0.08889: 1.09667 -41.86491 -10.81197 -13.03186 -0.14175  1.55755 55.59885 55.14744 57.31151 
6 0.08889: 1.14101 -41.74853 -10.84934 -13.04256 -0.30076  1.31828 55.62545 55.19802 57.44205 
7 0.08887: 1.06788 -41.76471 -10.72747 -13.73676 -0.34929  1.33366 55.61093 54.86637 57.34467 
8 0.08891: 1.12527 -41.86400 -10.86646 -13.05590 -0.29292  1.55157 55.65417 54.80783 57.43829 
9 0.08892: 1.04438 -41.81999 -11.00684 -13.24567 -0.37043  1.20359 55.47837 55.28123 57.53696 
after parameter optimization
-center        -1.67723   13.69974  -39.18646
-translation    1.06697  -41.94861  -10.75026
-rotation     -13.23044   -0.33353    1.46779
-scale          1.11097    1.10182    1.15029
-shear          0.00000    0.00000    0.00000
  29440   23950 -> 0.08885720
Initial objective function val = 0.08890626
Final objective function value = 0.08885720

final linear fit: 8mm gradient lsq9 fit, target masked: making transforms/talairach.auto.xfm
[mritotal] [bpinsard@bc12326.int.ets1.calculquebec.ca:/localscratch/bpinsard.41394476.0/freesurfer_crosssectional_autorecon1smriprep_skullstripautorecon2autorecon3_sub05_ses003.job/sub-05_ses-003/mri] [2023-10-05 12:36:29] /opt/freesurfer/mni/bin/minctracc -clobber -debug /var/tmp/mritotal_114116//src_8_dxyz.mnc /opt/freesurfer/mni/bin/../share/mni_autoreg/average_305_8_dxyz.mnc transforms/talairach.auto.xfm -transformation /var/tmp/mritotal_114116//src_8tmp2c.xfm -lsq9 -xcorr -model_mask /opt/freesurfer/mni/bin/../share/mni_autoreg/average_305_8_mask.mnc -center -1.677232 13.699744 -39.186459 -step 4 4 4 -tol 0.004 -simplex 2
===== Debugging information from /opt/freesurfer/mni/bin/minctracc =====
Data filename       = /var/tmp/mritotal_114116//src_8_dxyz.mnc
Model filename      = /opt/freesurfer/mni/bin/../share/mni_autoreg/average_305_8_dxyz.mnc
Data mask filename  = 
Model mask filename = /opt/freesurfer/mni/bin/../share/mni_autoreg/average_305_8_mask.mnc
Input xform name    = /var/tmp/mritotal_114116//src_8tmp2c.xfm
Output filename     = transforms/talairach.auto.xfm
Step size           = 4.000000 4.000000 4.000000
Sub-lattice dia     = 24.000000 24.000000 24.000000
Objective function  = cross correlation (threshold = 0.000000 0.000000)
Transform linear    = TRUE
Transform inverted? = FALSE
Transform type      = 5
Transform matrix    =    1.1106   -0.0262   -0.0128    1.1099 
                         0.0282    1.0723    0.2519  -33.0190 
                         0.0067   -0.2633    1.1197   -2.4403 
Transform center   =   -1.677   13.700  -39.186
Transform rotation   =    0.000    0.000    0.000 

Transform trans    =    0.000    0.000    0.000
Transform scale    =    1.000    1.000    1.000

Center of rot/scale forced: -1.677232 13.699744 -39.186459
  using input transformation to get initial parameters:
In set_up_lattice, xyzv[axes] = 2, 1, 0, -1
slice lim 0 42
row lim   0 58
col lim   0 58
thresh =    0.00000    0.00000
In set_up_lattice, xyzv[axes] = 2, 1, 0, -1
  29440   23950 -> 0.08885720
  29440   23950 -> 0.08885720
  29440   23961 -> 0.10220938
  29440   23493 -> 0.09299438
  29440   24053 -> 0.09491230
  29440   24342 -> 0.09210754
  29440   23951 -> 0.10335515
  29440   23941 -> 0.09472592
  29440   23950 -> 0.09765615
  29440   24220 -> 0.09206075
  29440   24052 -> 0.09604210
  29440   24045 -> 0.10695338
  29440   23976 -> 0.09297600
  29440   24027 -> 0.10545397
  29440   23980 -> 0.09270354
  29440   24048 -> 0.10385225
  29440   23976 -> 0.09199968
  29440   23934 -> 0.09295121
  29440   23911 -> 0.09376299
  29440   24020 -> 0.09797525
  29440   23958 -> 0.09041917
  29440   24056 -> 0.09486774
  29440   23945 -> 0.09054664
  29440   24564 -> 0.09364460
  29440   23769 -> 0.09074545
  29440   24042 -> 0.09319390
  29440   23991 -> 0.09032907
  29440   24095 -> 0.09325304
  29440   23974 -> 0.09023853
  29440   24044 -> 0.09191839
  29440   23608 -> 0.09354918
  29440   24163 -> 0.08976346
  29440   23721 -> 0.09158032
  29440   23913 -> 0.09210002
  29440   23961 -> 0.09006267
  29440   23829 -> 0.09296688
  29440   23991 -> 0.08996943
  29440   24203 -> 0.09172718
  29440   23844 -> 0.08974201
  29440   24185 -> 0.09040262
  29440   24058 -> 0.09010441
  29440   24069 -> 0.09012453
  29440   23817 -> 0.09041589
  29440   24093 -> 0.08954848
  29440   24035 -> 0.09084945
  29440   23998 -> 0.08946060
  29440   24054 -> 0.09013159
  29440   24035 -> 0.08944343
  29440   23953 -> 0.09056793
  29440   24039 -> 0.08934845
  29440   23956 -> 0.08989996
  29440   24057 -> 0.08953878
  29440   24042 -> 0.09033746
  29440   24000 -> 0.08936397
  29440   24085 -> 0.09008280
  29440   23988 -> 0.08938122
  29440   23845 -> 0.08912859
  29440   24152 -> 0.08898899
  29440   23924 -> 0.08907027
  29440   23930 -> 0.09001476
  29440   24024 -> 0.08903325
  29440   23993 -> 0.08918398
  29440   23946 -> 0.08908013
  29440   23983 -> 0.08887791
  29440   23961 -> 0.08895927
  29440   23914 -> 0.08896840
  29440   23943 -> 0.08918548
  29440   23979 -> 0.08880520
  29440   24123 -> 0.08966560
  29440   23910 -> 0.08883382
done with simplex after 59 iterations
0 0.08886: 1.06697 -41.94861 -10.75026 -13.23046 -0.33353  1.46779 55.54861 55.09089 57.51447 
1 0.08896: 0.95078 -42.08542 -10.77453 -13.26405 -0.15418  1.05229 55.52823 55.03928 57.45801 
2 0.08907: 0.88090 -41.59528 -10.88568 -12.94554 -0.11958  1.23146 55.59897 55.10223 57.56301 
3 0.08888: 0.76980 -42.02597 -10.55279 -13.17600 -0.15727  1.29845 55.55308 55.13279 57.32778 
4 0.08883: 0.92417 -41.85864 -10.87753 -13.17631 -0.06961  1.50114 55.70649 55.00544 57.33280 
5 0.08881: 0.84124 -41.90051 -10.94490 -12.96539 -0.20620  1.34385 55.63335 55.10623 57.44273 
6 0.08897: 0.85014 -41.97485 -11.05582 -13.48127 -0.21267  1.35299 55.34195 55.22339 57.57721 
7 0.08903: 0.94298 -41.82172 -10.91213 -12.61801 -0.08549  1.55200 55.59672 55.10769 57.32517 
8 0.08899: 0.87121 -42.23062 -10.80922 -12.88851 -0.11847  1.27804 55.61210 55.68212 57.48134 
9 0.08908: 1.00267 -41.73224 -11.02344 -13.04425 -0.13807  1.36382 55.56767 55.40997 57.11439 
after parameter optimization
-center        -1.67723   13.69974  -39.18646
-translation    0.84124  -41.90051  -10.94490
-rotation     -12.96539   -0.20620    1.34385
-scale          1.11267    1.10212    1.14885
-shear          0.00000    0.00000    0.00000
  29440   23979 -> 0.08880520
Initial objective function val = 0.08885720
Final objective function value = 0.08880520
lta_convert --src orig_nu.mgz --trg /opt/freesurfer/mni/bin/../share/mni_autoreg/average_305.mnc --inxfm transforms/talairach.auto.xfm --outlta transforms/talairach.auto.xfm.lta --subject fsaverage
7.4.1

--src: orig_nu.mgz src image (geometry).
--trg: /opt/freesurfer/mni/bin/../share/mni_autoreg/average_305.mnc trg image (geometry).
--inmni: transforms/talairach.auto.xfm input MNI/XFM transform.
--outlta: transforms/talairach.auto.xfm.lta output LTA.
--s: fsaverage subject name
 LTA read, type : 1
 1.11235  -0.02453  -0.00976   0.98345;
 0.02585   1.07375   0.24712  -33.18392;
 0.00413  -0.25776   1.11956  -2.72168;
 0.00000   0.00000   0.00000   1.00000;
setting subject to fsaverage
Writing  LTA to file transforms/talairach.auto.xfm.lta...
lta_convert successful.
 
 
Thu Oct  5 12:36:30 UTC 2023
talairach done
