Log file for longmc
Thu Oct 12 14:20:09 UTC 2023

setenv SUBJECTS_DIR /localscratch/bpinsard.41537206.0/freesurfer_longitudinal_autoreconall_sub05.job
cd /localscratch/bpinsard.41537206.0/freesurfer_longitudinal_autoreconall_sub05.job/sub-05_ses-005.long.sub-05
/opt/freesurfer/bin/longmc -long sub-05_ses-005 sub-05 -s sub-05_ses-005.long.sub-05

freesurfer-linux-centos7_x86_64-7.4.1-20230613-7eb8460
longmc 7.4.1
Linux bc12315.int.ets1.calculquebec.ca 3.10.0-1160.90.1.el7.x86_64 #1 SMP Thu May 4 15:21:22 UTC 2023 x86_64 x86_64 x86_64 GNU/Linux
pid 204844

 mri_convert -at /localscratch/bpinsard.41537206.0/freesurfer_longitudinal_autoreconall_sub05.job/sub-05/mri/transforms/sub-05_ses-005_to_sub-05.lta -odt uchar -rt cubic /localscratch/bpinsard.41537206.0/freesurfer_longitudinal_autoreconall_sub05.job/sub-05_ses-005/mri/orig/001.mgz /localscratch/bpinsard.41537206.0/freesurfer_longitudinal_autoreconall_sub05.job/sub-05_ses-005.long.sub-05/mri/orig.mgz 

mri_convert -at /localscratch/bpinsard.41537206.0/freesurfer_longitudinal_autoreconall_sub05.job/sub-05/mri/transforms/sub-05_ses-005_to_sub-05.lta -odt uchar -rt cubic /localscratch/bpinsard.41537206.0/freesurfer_longitudinal_autoreconall_sub05.job/sub-05_ses-005/mri/orig/001.mgz /localscratch/bpinsard.41537206.0/freesurfer_longitudinal_autoreconall_sub05.job/sub-05_ses-005.long.sub-05/mri/orig.mgz 
reading from /localscratch/bpinsard.41537206.0/freesurfer_longitudinal_autoreconall_sub05.job/sub-05_ses-005/mri/orig/001.mgz...
TR=0.00, TE=0.00, TI=0.00, flip angle=0.00
i_ras = (1, 0, 0)
j_ras = (0, 1, 0)
k_ras = (0, 0, 1)
INFO: Reading transformation from file /localscratch/bpinsard.41537206.0/freesurfer_longitudinal_autoreconall_sub05.job/sub-05/mri/transforms/sub-05_ses-005_to_sub-05.lta...
Reading transform with LTAreadEx()
INFO: Applying transformation from file /localscratch/bpinsard.41537206.0/freesurfer_longitudinal_autoreconall_sub05.job/sub-05/mri/transforms/sub-05_ses-005_to_sub-05.lta...
---------------------------------
INFO: Transform Matrix (linear_ras_to_ras)
 0.99960  -0.02812   0.00296   0.47583;
 0.02817   0.99946  -0.01689   0.32690;
-0.00249   0.01697   0.99985   0.84944;
 0.00000   0.00000   0.00000   1.00000;
---------------------------------
Applying LTAtransformInterp (resample_type 5)
MRItoBSpline degree 3
changing data type from float to uchar (noscale = 0)...
MRIchangeType: Building histogram 0 7896.63 1000, flo=0, fhi=0.999, dest_type=0
writing to /localscratch/bpinsard.41537206.0/freesurfer_longitudinal_autoreconall_sub05.job/sub-05_ses-005.long.sub-05/mri/orig.mgz...

 mri_convert -at /localscratch/bpinsard.41537206.0/freesurfer_longitudinal_autoreconall_sub05.job/sub-05/mri/transforms/sub-05_ses-005_to_sub-05.lta -rt cubic /localscratch/bpinsard.41537206.0/freesurfer_longitudinal_autoreconall_sub05.job/sub-05_ses-005/mri/orig/001.mgz /localscratch/bpinsard.41537206.0/freesurfer_longitudinal_autoreconall_sub05.job/sub-05_ses-005.long.sub-05/mri/rawavg.mgz 

mri_convert -at /localscratch/bpinsard.41537206.0/freesurfer_longitudinal_autoreconall_sub05.job/sub-05/mri/transforms/sub-05_ses-005_to_sub-05.lta -rt cubic /localscratch/bpinsard.41537206.0/freesurfer_longitudinal_autoreconall_sub05.job/sub-05_ses-005/mri/orig/001.mgz /localscratch/bpinsard.41537206.0/freesurfer_longitudinal_autoreconall_sub05.job/sub-05_ses-005.long.sub-05/mri/rawavg.mgz 
reading from /localscratch/bpinsard.41537206.0/freesurfer_longitudinal_autoreconall_sub05.job/sub-05_ses-005/mri/orig/001.mgz...
TR=0.00, TE=0.00, TI=0.00, flip angle=0.00
i_ras = (1, 0, 0)
j_ras = (0, 1, 0)
k_ras = (0, 0, 1)
INFO: Reading transformation from file /localscratch/bpinsard.41537206.0/freesurfer_longitudinal_autoreconall_sub05.job/sub-05/mri/transforms/sub-05_ses-005_to_sub-05.lta...
Reading transform with LTAreadEx()
INFO: Applying transformation from file /localscratch/bpinsard.41537206.0/freesurfer_longitudinal_autoreconall_sub05.job/sub-05/mri/transforms/sub-05_ses-005_to_sub-05.lta...
---------------------------------
INFO: Transform Matrix (linear_ras_to_ras)
 0.99960  -0.02812   0.00296   0.47583;
 0.02817   0.99946  -0.01689   0.32690;
-0.00249   0.01697   0.99985   0.84944;
 0.00000   0.00000   0.00000   1.00000;
---------------------------------
Applying LTAtransformInterp (resample_type 5)
MRItoBSpline degree 3
writing to /localscratch/bpinsard.41537206.0/freesurfer_longitudinal_autoreconall_sub05.job/sub-05_ses-005.long.sub-05/mri/rawavg.mgz...
 
Started at Thu Oct 12 14:20:09 UTC 2023 
Ended   at Thu Oct 12 14:20:52 UTC 2023
Longmc-Run-Time-Sec 43
Longmc-Run-Time-Min 0.86
Longmc-Run-Time-Hours 0.01
 
longmc Done
