status file for recon-all
Thu Oct 12 14:20:09 UTC 2023
#@# MotionCor Thu Oct 12 14:20:52 UTC 2023
#@# Talairach Thu Oct 12 14:20:53 UTC 2023
#@# Talairach Failure Detection Thu Oct 12 14:20:55 UTC 2023
#@# Nu Intensity Correction Thu Oct 12 14:20:55 UTC 2023
#@# Intensity Normalization Thu Oct 12 14:30:31 UTC 2023
#@# Skull Stripping Thu Oct 12 14:45:41 UTC 2023
#@# EM Registration Thu Oct 12 14:45:47 UTC 2023
#@# CA Normalize Thu Oct 12 14:45:47 UTC 2023
#@# CA Reg Thu Oct 12 14:49:58 UTC 2023
#@# SubCort Seg Thu Oct 12 15:14:24 UTC 2023
#@# CC Seg Thu Oct 12 15:26:03 UTC 2023
#@# Merge ASeg Thu Oct 12 15:28:34 UTC 2023
#@# Intensity Normalization2 Thu Oct 12 15:28:34 UTC 2023
#@# Mask BFS Thu Oct 12 15:35:31 UTC 2023
#@# WM Segmentation Thu Oct 12 15:35:38 UTC 2023
#@# Smooth2 lh Thu Oct 12 15:55:20 UTC 2023
#@# Smooth2 rh Thu Oct 12 15:55:27 UTC 2023
#@# Inflation2 lh Thu Oct 12 15:55:33 UTC 2023
#@# Inflation2 rh Thu Oct 12 15:56:03 UTC 2023
#@# Curv .H and .K lh Thu Oct 12 15:56:33 UTC 2023
#@# Curv .H and .K rh Thu Oct 12 15:58:20 UTC 2023
#@# Sphere lh Thu Oct 12 16:00:10 UTC 2023
#@# Sphere rh Thu Oct 12 16:00:10 UTC 2023
#@# Surf Reg lh Thu Oct 12 16:00:10 UTC 2023
#@# Surf Reg rh Thu Oct 12 16:03:50 UTC 2023
#@# Jacobian white lh Thu Oct 12 16:07:44 UTC 2023
#@# Jacobian white rh Thu Oct 12 16:07:46 UTC 2023
#@# AvgCurv lh Thu Oct 12 16:07:48 UTC 2023
#@# AvgCurv rh Thu Oct 12 16:07:49 UTC 2023
#@# Cortical Parc lh Thu Oct 12 16:07:51 UTC 2023
#@# Cortical Parc rh Thu Oct 12 16:08:11 UTC 2023
#@# white curv lh Thu Oct 12 16:27:05 UTC 2023
#@# white area lh Thu Oct 12 16:27:09 UTC 2023
#@# pial curv lh Thu Oct 12 16:27:11 UTC 2023
#@# pial area lh Thu Oct 12 16:27:15 UTC 2023
#@# thickness lh Thu Oct 12 16:27:16 UTC 2023
#@# area and vertex vol lh Thu Oct 12 16:28:29 UTC 2023
#@# white curv rh Thu Oct 12 16:28:32 UTC 2023
#@# white area rh Thu Oct 12 16:28:37 UTC 2023
#@# pial curv rh Thu Oct 12 16:28:38 UTC 2023
#@# pial area rh Thu Oct 12 16:28:43 UTC 2023
#@# thickness rh Thu Oct 12 16:28:44 UTC 2023
#@# area and vertex vol rh Thu Oct 12 16:29:58 UTC 2023
#@# Curvature Stats lh Thu Oct 12 16:30:01 UTC 2023
#@# Curvature Stats rh Thu Oct 12 16:30:07 UTC 2023
#@# Cortical ribbon mask Thu Oct 12 16:30:14 UTC 2023
#@# Cortical Parc 2 lh Thu Oct 12 16:52:46 UTC 2023
#@# Cortical Parc 2 rh Thu Oct 12 16:53:09 UTC 2023
#@# Cortical Parc 3 lh Thu Oct 12 16:53:32 UTC 2023
#@# Cortical Parc 3 rh Thu Oct 12 16:53:52 UTC 2023
#@# WM/GM Contrast lh Thu Oct 12 16:54:12 UTC 2023
#@# WM/GM Contrast rh Thu Oct 12 16:54:20 UTC 2023
#@# Relabel Hypointensities Thu Oct 12 16:54:29 UTC 2023
#@# APas-to-ASeg Thu Oct 12 16:55:12 UTC 2023
#@# AParc-to-ASeg aparc Thu Oct 12 16:55:48 UTC 2023
#@# AParc-to-ASeg aparc.a2009s Thu Oct 12 17:00:55 UTC 2023
#@# AParc-to-ASeg aparc.DKTatlas Thu Oct 12 17:06:09 UTC 2023
#@# WMParc Thu Oct 12 17:11:18 UTC 2023
#@# Parcellation Stats lh Thu Oct 12 17:18:56 UTC 2023
#@# Parcellation Stats rh Thu Oct 12 17:20:20 UTC 2023
#@# Parcellation Stats 2 lh Thu Oct 12 17:21:46 UTC 2023
#@# Parcellation Stats 2 rh Thu Oct 12 17:22:31 UTC 2023
#@# Parcellation Stats 3 lh Thu Oct 12 17:23:17 UTC 2023
#@# Parcellation Stats 3 rh Thu Oct 12 17:24:00 UTC 2023
#@# ASeg Stats Thu Oct 12 17:24:44 UTC 2023
#@# BA_exvivo Labels lh Thu Oct 12 17:26:29 UTC 2023
#@# BA_exvivo Labels rh Thu Oct 12 17:32:58 UTC 2023
recon-all -s sub-05_ses-005.long.sub-05 finished without error at Thu Oct 12 17:39:28 UTC 2023
