status file for recon-all
Sat Oct 14 00:39:13 UTC 2023
#@# MotionCor Sat Oct 14 00:39:52 UTC 2023
#@# Talairach Sat Oct 14 00:39:53 UTC 2023
#@# Talairach Failure Detection Sat Oct 14 00:39:55 UTC 2023
#@# Nu Intensity Correction Sat Oct 14 00:39:55 UTC 2023
#@# Intensity Normalization Sat Oct 14 00:49:28 UTC 2023
#@# Skull Stripping Sat Oct 14 01:05:30 UTC 2023
#@# EM Registration Sat Oct 14 01:05:36 UTC 2023
#@# CA Normalize Sat Oct 14 01:05:36 UTC 2023
#@# CA Reg Sat Oct 14 01:09:43 UTC 2023
#@# SubCort Seg Sat Oct 14 01:32:48 UTC 2023
#@# CC Seg Sat Oct 14 01:44:55 UTC 2023
#@# Merge ASeg Sat Oct 14 01:46:45 UTC 2023
#@# Intensity Normalization2 Sat Oct 14 01:46:45 UTC 2023
#@# Mask BFS Sat Oct 14 01:53:45 UTC 2023
#@# WM Segmentation Sat Oct 14 01:53:53 UTC 2023
#@# Smooth2 lh Sat Oct 14 02:14:16 UTC 2023
#@# Smooth2 rh Sat Oct 14 02:14:23 UTC 2023
#@# Inflation2 lh Sat Oct 14 02:14:30 UTC 2023
#@# Inflation2 rh Sat Oct 14 02:14:57 UTC 2023
#@# Curv .H and .K lh Sat Oct 14 02:15:24 UTC 2023
#@# Curv .H and .K rh Sat Oct 14 02:17:15 UTC 2023
#@# Sphere lh Sat Oct 14 02:19:06 UTC 2023
#@# Sphere rh Sat Oct 14 02:19:06 UTC 2023
#@# Surf Reg lh Sat Oct 14 02:19:06 UTC 2023
#@# Surf Reg rh Sat Oct 14 02:23:16 UTC 2023
#@# Jacobian white lh Sat Oct 14 02:27:14 UTC 2023
#@# Jacobian white rh Sat Oct 14 02:27:16 UTC 2023
#@# AvgCurv lh Sat Oct 14 02:27:17 UTC 2023
#@# AvgCurv rh Sat Oct 14 02:27:19 UTC 2023
#@# Cortical Parc lh Sat Oct 14 02:27:21 UTC 2023
#@# Cortical Parc rh Sat Oct 14 02:27:40 UTC 2023
#@# white curv lh Sat Oct 14 02:46:27 UTC 2023
#@# white area lh Sat Oct 14 02:46:32 UTC 2023
#@# pial curv lh Sat Oct 14 02:46:33 UTC 2023
#@# pial area lh Sat Oct 14 02:46:37 UTC 2023
#@# thickness lh Sat Oct 14 02:46:39 UTC 2023
#@# area and vertex vol lh Sat Oct 14 02:47:50 UTC 2023
#@# white curv rh Sat Oct 14 02:47:54 UTC 2023
#@# white area rh Sat Oct 14 02:47:58 UTC 2023
#@# pial curv rh Sat Oct 14 02:48:00 UTC 2023
#@# pial area rh Sat Oct 14 02:48:04 UTC 2023
#@# thickness rh Sat Oct 14 02:48:05 UTC 2023
#@# area and vertex vol rh Sat Oct 14 02:49:16 UTC 2023
#@# Curvature Stats lh Sat Oct 14 02:49:20 UTC 2023
#@# Curvature Stats rh Sat Oct 14 02:49:26 UTC 2023
#@# Cortical ribbon mask Sat Oct 14 02:49:32 UTC 2023
#@# Cortical Parc 2 lh Sat Oct 14 03:17:51 UTC 2023
#@# Cortical Parc 2 rh Sat Oct 14 03:18:14 UTC 2023
#@# Cortical Parc 3 lh Sat Oct 14 03:18:37 UTC 2023
#@# Cortical Parc 3 rh Sat Oct 14 03:18:56 UTC 2023
#@# WM/GM Contrast lh Sat Oct 14 03:19:16 UTC 2023
#@# WM/GM Contrast rh Sat Oct 14 03:19:25 UTC 2023
#@# Relabel Hypointensities Sat Oct 14 03:19:33 UTC 2023
#@# APas-to-ASeg Sat Oct 14 03:20:15 UTC 2023
#@# AParc-to-ASeg aparc Sat Oct 14 03:20:48 UTC 2023
#@# AParc-to-ASeg aparc.a2009s Sat Oct 14 03:24:51 UTC 2023
#@# AParc-to-ASeg aparc.DKTatlas Sat Oct 14 03:28:53 UTC 2023
#@# WMParc Sat Oct 14 03:32:57 UTC 2023
#@# Parcellation Stats lh Sat Oct 14 03:40:13 UTC 2023
#@# Parcellation Stats rh Sat Oct 14 03:41:43 UTC 2023
#@# Parcellation Stats 2 lh Sat Oct 14 03:43:11 UTC 2023
#@# Parcellation Stats 2 rh Sat Oct 14 03:43:57 UTC 2023
#@# Parcellation Stats 3 lh Sat Oct 14 03:44:43 UTC 2023
#@# Parcellation Stats 3 rh Sat Oct 14 03:45:28 UTC 2023
#@# ASeg Stats Sat Oct 14 03:46:13 UTC 2023
#@# BA_exvivo Labels lh Sat Oct 14 03:47:52 UTC 2023
#@# BA_exvivo Labels rh Sat Oct 14 03:54:10 UTC 2023
recon-all -s sub-02_ses-012.long.sub-02 finished without error at Sat Oct 14 04:00:18 UTC 2023
