status file for recon-all
Thu Oct 12 02:21:23 UTC 2023
#@# MotionCor Thu Oct 12 02:22:07 UTC 2023
#@# Talairach Thu Oct 12 02:22:07 UTC 2023
#@# Talairach Failure Detection Thu Oct 12 02:22:10 UTC 2023
#@# Nu Intensity Correction Thu Oct 12 02:22:10 UTC 2023
#@# Intensity Normalization Thu Oct 12 02:31:52 UTC 2023
#@# Skull Stripping Thu Oct 12 02:46:38 UTC 2023
#@# EM Registration Thu Oct 12 02:46:44 UTC 2023
#@# CA Normalize Thu Oct 12 02:46:44 UTC 2023
#@# CA Reg Thu Oct 12 02:50:58 UTC 2023
#@# SubCort Seg Thu Oct 12 03:18:27 UTC 2023
#@# CC Seg Thu Oct 12 03:29:10 UTC 2023
#@# Merge ASeg Thu Oct 12 03:31:11 UTC 2023
#@# Intensity Normalization2 Thu Oct 12 03:31:12 UTC 2023
#@# Mask BFS Thu Oct 12 03:38:57 UTC 2023
#@# WM Segmentation Thu Oct 12 03:39:05 UTC 2023
#@# Smooth2 lh Thu Oct 12 04:00:15 UTC 2023
#@# Smooth2 rh Thu Oct 12 04:00:22 UTC 2023
#@# Inflation2 lh Thu Oct 12 04:00:29 UTC 2023
#@# Inflation2 rh Thu Oct 12 04:01:03 UTC 2023
#@# Curv .H and .K lh Thu Oct 12 04:01:38 UTC 2023
#@# Curv .H and .K rh Thu Oct 12 04:03:25 UTC 2023
#@# Sphere lh Thu Oct 12 04:05:13 UTC 2023
#@# Sphere rh Thu Oct 12 04:05:13 UTC 2023
#@# Surf Reg lh Thu Oct 12 04:05:13 UTC 2023
#@# Surf Reg rh Thu Oct 12 04:09:39 UTC 2023
#@# Jacobian white lh Thu Oct 12 04:13:43 UTC 2023
#@# Jacobian white rh Thu Oct 12 04:13:45 UTC 2023
#@# AvgCurv lh Thu Oct 12 04:13:47 UTC 2023
#@# AvgCurv rh Thu Oct 12 04:13:49 UTC 2023
#@# Cortical Parc lh Thu Oct 12 04:13:51 UTC 2023
#@# Cortical Parc rh Thu Oct 12 04:14:11 UTC 2023
#@# white curv lh Thu Oct 12 04:32:47 UTC 2023
#@# white area lh Thu Oct 12 04:32:52 UTC 2023
#@# pial curv lh Thu Oct 12 04:32:53 UTC 2023
#@# pial area lh Thu Oct 12 04:32:57 UTC 2023
#@# thickness lh Thu Oct 12 04:32:59 UTC 2023
#@# area and vertex vol lh Thu Oct 12 04:34:17 UTC 2023
#@# white curv rh Thu Oct 12 04:34:22 UTC 2023
#@# white area rh Thu Oct 12 04:34:26 UTC 2023
#@# pial curv rh Thu Oct 12 04:34:28 UTC 2023
#@# pial area rh Thu Oct 12 04:34:32 UTC 2023
#@# thickness rh Thu Oct 12 04:34:34 UTC 2023
#@# area and vertex vol rh Thu Oct 12 04:35:52 UTC 2023
#@# Curvature Stats lh Thu Oct 12 04:35:56 UTC 2023
#@# Curvature Stats rh Thu Oct 12 04:36:03 UTC 2023
#@# Cortical ribbon mask Thu Oct 12 04:36:09 UTC 2023
#@# Cortical Parc 2 lh Thu Oct 12 05:01:06 UTC 2023
#@# Cortical Parc 2 rh Thu Oct 12 05:01:30 UTC 2023
#@# Cortical Parc 3 lh Thu Oct 12 05:01:54 UTC 2023
#@# Cortical Parc 3 rh Thu Oct 12 05:02:15 UTC 2023
#@# WM/GM Contrast lh Thu Oct 12 05:02:36 UTC 2023
#@# WM/GM Contrast rh Thu Oct 12 05:02:45 UTC 2023
#@# Relabel Hypointensities Thu Oct 12 05:02:55 UTC 2023
#@# APas-to-ASeg Thu Oct 12 05:03:44 UTC 2023
#@# AParc-to-ASeg aparc Thu Oct 12 05:04:21 UTC 2023
#@# AParc-to-ASeg aparc.a2009s Thu Oct 12 05:10:03 UTC 2023
#@# AParc-to-ASeg aparc.DKTatlas Thu Oct 12 05:15:46 UTC 2023
#@# WMParc Thu Oct 12 05:21:32 UTC 2023
#@# Parcellation Stats lh Thu Oct 12 05:30:30 UTC 2023
#@# Parcellation Stats rh Thu Oct 12 05:31:56 UTC 2023
#@# Parcellation Stats 2 lh Thu Oct 12 05:33:24 UTC 2023
#@# Parcellation Stats 2 rh Thu Oct 12 05:34:10 UTC 2023
#@# Parcellation Stats 3 lh Thu Oct 12 05:34:57 UTC 2023
#@# Parcellation Stats 3 rh Thu Oct 12 05:35:39 UTC 2023
#@# ASeg Stats Thu Oct 12 05:36:23 UTC 2023
#@# BA_exvivo Labels lh Thu Oct 12 05:38:26 UTC 2023
#@# BA_exvivo Labels rh Thu Oct 12 05:45:40 UTC 2023
recon-all -s sub-04_ses-002.long.sub-04 finished without error at Thu Oct 12 05:52:26 UTC 2023
