Logfile for bbregister
Sun Oct  8 04:04:39 UTC 2023

setenv SUBJECTS_DIR /localscratch/bpinsard.41451854.0/freesurfer_crosssectional_autorecon3_sub03_ses004.job
cd /localscratch/bpinsard.41451854.0/freesurfer_crosssectional_autorecon3_sub03_ses004.job/sub-03_ses-004/scripts
/opt/freesurfer/bin/bbregister --s sub-03_ses-004 --mov /localscratch/bpinsard.41451854.0/freesurfer_crosssectional_autorecon3_sub03_ses004.job/sub-03_ses-004/mri/orig/T2raw.mgz --lta /localscratch/bpinsard.41451854.0/freesurfer_crosssectional_autorecon3_sub03_ses004.job/sub-03_ses-004/mri/transforms/T2raw.auto.lta --init-coreg --T2 --gm-proj-abs 2 --wm-proj-abs 1 --no-coreg-ref-mask

bbregister 7.4.1
Linux bc12155.int.ets1.calculquebec.ca 3.10.0-1160.90.1.el7.x86_64 #1 SMP Thu May 4 15:21:22 UTC 2023 x86_64 x86_64 x86_64 GNU/Linux
FREESURFER_HOME /opt/freesurfer
mri_convert /localscratch/bpinsard.41451854.0/freesurfer_crosssectional_autorecon3_sub03_ses004.job/sub-03_ses-004/mri/orig/T2raw.mgz /localscratch/bpinsard.41451854.0/freesurfer_crosssectional_autorecon3_sub03_ses004.job/sub-03_ses-004/mri/transforms/tmp.bbregister.47108/template.nii
mri_convert /localscratch/bpinsard.41451854.0/freesurfer_crosssectional_autorecon3_sub03_ses004.job/sub-03_ses-004/mri/orig/T2raw.mgz /localscratch/bpinsard.41451854.0/freesurfer_crosssectional_autorecon3_sub03_ses004.job/sub-03_ses-004/mri/transforms/tmp.bbregister.47108/template.nii 
reading from /localscratch/bpinsard.41451854.0/freesurfer_crosssectional_autorecon3_sub03_ses004.job/sub-03_ses-004/mri/orig/T2raw.mgz...
TR=0.00, TE=0.00, TI=0.00, flip angle=0.00
i_ras = (1, 0, 0)
j_ras = (0, 1, 0)
k_ras = (0, 0, 1)
writing to /localscratch/bpinsard.41451854.0/freesurfer_crosssectional_autorecon3_sub03_ses004.job/sub-03_ses-004/mri/transforms/tmp.bbregister.47108/template.nii...
mri_coreg --s sub-03_ses-004 --mov /localscratch/bpinsard.41451854.0/freesurfer_crosssectional_autorecon3_sub03_ses004.job/sub-03_ses-004/mri/transforms/tmp.bbregister.47108/template.nii --regdat /localscratch/bpinsard.41451854.0/freesurfer_crosssectional_autorecon3_sub03_ses004.job/sub-03_ses-004/mri/transforms/tmp.bbregister.47108/reg.init.dat --reg /localscratch/bpinsard.41451854.0/freesurfer_crosssectional_autorecon3_sub03_ses004.job/sub-03_ses-004/mri/transforms/tmp.bbregister.47108/mri_coreg.lta --nthreads 4 --dof 6 --sep 4 --ftol .0001 --linmintol .01 --no-ref-mask

$Id: mri_coreg.c,v 1.27 2016/04/30 15:11:49 greve Exp $
cwd /localscratch/bpinsard.41451854.0/freesurfer_crosssectional_autorecon3_sub03_ses004.job/sub-03_ses-004/scripts
cmdline mri_coreg --s sub-03_ses-004 --mov /localscratch/bpinsard.41451854.0/freesurfer_crosssectional_autorecon3_sub03_ses004.job/sub-03_ses-004/mri/transforms/tmp.bbregister.47108/template.nii --regdat /localscratch/bpinsard.41451854.0/freesurfer_crosssectional_autorecon3_sub03_ses004.job/sub-03_ses-004/mri/transforms/tmp.bbregister.47108/reg.init.dat --reg /localscratch/bpinsard.41451854.0/freesurfer_crosssectional_autorecon3_sub03_ses004.job/sub-03_ses-004/mri/transforms/tmp.bbregister.47108/mri_coreg.lta --nthreads 4 --dof 6 --sep 4 --ftol .0001 --linmintol .01 --no-ref-mask 
sysname  Linux
hostname bc12155.int.ets1.calculquebec.ca
machine  x86_64
user     bpinsard
dof    6
nsep    1
cras0    1
ftol    0.000100
linmintol    0.010000
bf       1
bflim    30.000000
bfnsamp    30
SmoothRef 0
SatPct    99.990000
MovOOB 0
optschema 1
Seed 53
Reading in mov /localscratch/bpinsard.41451854.0/freesurfer_crosssectional_autorecon3_sub03_ses004.job/sub-03_ses-004/mri/transforms/tmp.bbregister.47108/template.nii
Reading in ref /localscratch/bpinsard.41451854.0/freesurfer_crosssectional_autorecon3_sub03_ses004.job/sub-03_ses-004/mri/brainmask.mgz
Setting cras translation parameters to align volume centers
Init matrix params -0.8000  0.0000 -0.8000  0.0000  0.0000  0.0000  1.0000  1.0000  1.0000  0.0000  0.0000  0.0000 
Initial Matrix (RAS2RAS)
 1.00000   0.00000   0.00000   0.79999;
 0.00000   1.00000   0.00000   0.00000;
 0.00000   0.00000   1.00000   0.80000;
 0.00000   0.00000   0.00000   1.00000;
Initial parameters to be opt -0.8000  0.0000 -0.8000  0.0000  0.0000  0.0000 
Creating random numbers for coordinate dithering
Performing intensity dithering
Performing intensity dithering on mov with computed dither
Separation list (1):  4   min = 4
DoSmoothing 1
DoCoordDither 1
DoIntensityDither 1
nitersmax 4
ftol 1.000e-04
linmintol 1.000e-02
SatPct 99.990000
Hist FWHM 7.000000 7.000000
nthreads 4
movsat = 5646.6548
mov gstd 1.9140 1.9140 1.9140
Smoothing mov
refsat = 134.0000
ref gstd 1.9140 1.9140 1.9140
Smoothing ref
COREGpreproc() done
Testing if mov and target overlap
Init cost   -1.0335032952
nhits = 309413 out of 32768000, Percent Overlap:  60.4
Initial  RefRAS-to-MovRAS
 1.00000   0.00000   0.00000  -0.79999;
 0.00000   1.00000   0.00000   0.00000;
 0.00000   0.00000   1.00000  -0.80000;
 0.00000   0.00000   0.00000   1.00000;
Initial  RefVox-to-MovVox
-1.00000   0.00000   0.00000   262.99945;
 0.00000   0.00000   1.00000  -9.99999;
 0.00000  -1.00000   0.00000   319.00000;
 0.00000   0.00000   0.00000   1.00000;
sep = 4 -----------------------------------
COREGoptBruteForce() 30 1 30
Turning on MovOOB for BruteForce Search
#BF# sep= 4 iter=0 lim=30.0 delta=2.00  -0.79999   0.00000  13.20000   6.00000   2.00000   0.00000   -1.0319160
Turning  MovOOB back off after brute force search


---------------------------------
Init Powel Params dof = 6: -0.799988 0.000000 13.199997 6.000000 2.000000 0.000000 
Starting OpenPowel2(), sep = 4
InitialCost        -1.0356438160 
#@#  4  188  -0.79999 0.00000 13.20000 6.00000 2.00000 0.00000   -1.0356438
fs_powell::minimize
  nparams 6
  maxfev 4
  ftol   0.000100
  linmin_xtol_   0.010000
  powell nthiter 0: fret = -1.035644
#@#  4  190  0.20001 0.00000 13.20000 6.00000 2.00000 0.00000   -1.0357054
#@#  4  193  0.81805 0.00000 13.20000 6.00000 2.00000 0.00000   -1.0357075
#@#  4  195  0.55226 0.00000 13.20000 6.00000 2.00000 0.00000   -1.0357106
#@#  4  196  0.54226 0.00000 13.20000 6.00000 2.00000 0.00000   -1.0357107
#@#  4  203  0.51185 -1.61803 13.20000 6.00000 2.00000 0.00000   -1.0359411
#@#  4  204  0.51185 -4.23607 13.20000 6.00000 2.00000 0.00000   -1.0362718
#@#  4  209  0.51185 -4.79593 13.20000 6.00000 2.00000 0.00000   -1.0362909
#@#  4  210  0.51185 -4.81978 13.20000 6.00000 2.00000 0.00000   -1.0362910
#@#  4  215  0.51185 -4.83978 14.20000 6.00000 2.00000 0.00000   -1.0363203
#@#  4  220  0.51185 -4.83978 14.02464 6.00000 2.00000 0.00000   -1.0363222
#@#  4  225  0.51185 -4.83978 14.02464 7.00000 2.00000 0.00000   -1.0363231
#@#  4  229  0.51185 -4.83978 14.02464 6.61803 2.00000 0.00000   -1.0363244
#@#  4  230  0.51185 -4.83978 14.02464 6.38197 2.00000 0.00000   -1.0363245
#@#  4  240  0.51185 -4.83978 14.02464 6.34346 1.38197 0.00000   -1.0363257
#@#  4  242  0.51185 -4.83978 14.02464 6.34346 1.55166 0.00000   -1.0363261
#@#  4  253  0.51185 -4.83978 14.02464 6.34346 1.66575 -1.61803   -1.0363336
#@#  4  254  0.51185 -4.83978 14.02464 6.34346 1.66575 -1.07860   -1.0363384
  powell nthiter 1: fret = -1.036338
#@#  4  267  0.89382 -4.83978 14.02464 6.34346 1.66575 -1.07860   -1.0363441
#@#  4  268  0.81338 -4.83978 14.02464 6.34346 1.66575 -1.07860   -1.0363445
#@#  4  290  0.79338 -4.83978 13.90764 6.34346 1.66575 -1.07860   -1.0363455
#@#  4  291  0.79338 -4.83978 13.89114 6.34346 1.66575 -1.07860   -1.0363456
#@#  4  303  0.79338 -4.83978 13.84469 6.72542 1.66575 -1.07860   -1.0363487
#@#  4  310  0.79338 -4.83978 13.84469 6.64932 1.66575 -1.07860   -1.0363488
#@#  4  327  0.79338 -4.83978 13.84469 6.65932 1.65047 -1.21265   -1.0363491
Powell done niters total = 1
OptTimeSec 17.6 sec
OptTimeMin  0.29 min
nEvals 331
Final optimized parameters   0.79338330  -4.83978128  13.84468842   6.65931559   1.65047359  -1.19265199 
Final matrix parameters  0.7934 -4.8398 13.8447  6.6593  1.6505 -1.1760  1.0000  1.0000  1.0000  0.0000  0.0000  0.0000 
Final cost   -1.036349016760520
 

---------------------------------
Final  RefRAS-to-MovRAS
 0.99937  -0.02081   0.02880   0.79338;
 0.01733   0.99311   0.11592  -4.83978;
-0.03102  -0.11534   0.99284   13.84469;
 0.00000   0.00000   0.00000   1.00000;
Final  RefVox-to-MovVox
-0.99937  -0.02880  -0.02081   271.76141;
-0.01733  -0.11592   0.99311   4.18525;
 0.03102  -0.99284  -0.11534   346.62180;
 0.00000   0.00000   0.00000   1.00000;
Final matrix parameters  0.7934 -4.8398 13.8447  6.6593  1.6505 -1.1927  0.0000  0.0000  0.0000  0.0000  0.0000  0.0000 
Final opt parameters  0.7934 -4.8398 13.8447  6.6593  1.6505 -1.1927 
nhits = 292437 out of 32768000, Percent Overlap:  57.1
mri_coreg RunTimeSec 118.0 sec
To check run:
   tkregisterfv --mov /localscratch/bpinsard.41451854.0/freesurfer_crosssectional_autorecon3_sub03_ses004.job/sub-03_ses-004/mri/transforms/tmp.bbregister.47108/template.nii --targ /localscratch/bpinsard.41451854.0/freesurfer_crosssectional_autorecon3_sub03_ses004.job/sub-03_ses-004/mri/brainmask.mgz --reg /localscratch/bpinsard.41451854.0/freesurfer_crosssectional_autorecon3_sub03_ses004.job/sub-03_ses-004/mri/transforms/tmp.bbregister.47108/mri_coreg.lta --s sub-03_ses-004 --surfs 

mri_coreg done

mri_segreg --mov /localscratch/bpinsard.41451854.0/freesurfer_crosssectional_autorecon3_sub03_ses004.job/sub-03_ses-004/mri/transforms/tmp.bbregister.47108/template.nii --init-reg /localscratch/bpinsard.41451854.0/freesurfer_crosssectional_autorecon3_sub03_ses004.job/sub-03_ses-004/mri/transforms/tmp.bbregister.47108/reg.init.dat --out-reg /localscratch/bpinsard.41451854.0/freesurfer_crosssectional_autorecon3_sub03_ses004.job/sub-03_ses-004/mri/transforms/tmp.bbregister.47108/bbr.pass1.dat --subsamp-brute 100 --subsamp 100 --tol 1e-4 --tol1d 1e-3 --brute -4 4 4 --surf white --gm-proj-abs 2 --gm-gt-wm 0.5
7.4.1
setenv SUBJECTS_DIR /localscratch/bpinsard.41451854.0/freesurfer_crosssectional_autorecon3_sub03_ses004.job
cd /localscratch/bpinsard.41451854.0/freesurfer_crosssectional_autorecon3_sub03_ses004.job/sub-03_ses-004/scripts
mri_segreg --mov /localscratch/bpinsard.41451854.0/freesurfer_crosssectional_autorecon3_sub03_ses004.job/sub-03_ses-004/mri/transforms/tmp.bbregister.47108/template.nii --init-reg /localscratch/bpinsard.41451854.0/freesurfer_crosssectional_autorecon3_sub03_ses004.job/sub-03_ses-004/mri/transforms/tmp.bbregister.47108/reg.init.dat --out-reg /localscratch/bpinsard.41451854.0/freesurfer_crosssectional_autorecon3_sub03_ses004.job/sub-03_ses-004/mri/transforms/tmp.bbregister.47108/bbr.pass1.dat --subsamp-brute 100 --subsamp 100 --tol 1e-4 --tol1d 1e-3 --brute -4 4 4 --surf white --gm-proj-abs 2 --gm-gt-wm 0.5 
sysname  Linux
hostname bc12155.int.ets1.calculquebec.ca
machine  x86_64
user     bpinsard
movvol /localscratch/bpinsard.41451854.0/freesurfer_crosssectional_autorecon3_sub03_ses004.job/sub-03_ses-004/mri/transforms/tmp.bbregister.47108/template.nii
regfile /localscratch/bpinsard.41451854.0/freesurfer_crosssectional_autorecon3_sub03_ses004.job/sub-03_ses-004/mri/transforms/tmp.bbregister.47108/reg.init.dat
subject sub-03_ses-004
dof 6
outregfile /localscratch/bpinsard.41451854.0/freesurfer_crosssectional_autorecon3_sub03_ses004.job/sub-03_ses-004/mri/transforms/tmp.bbregister.47108/bbr.pass1.dat
UseMask 0
UseLH 1
UseRH 1
nsubsamp 100
PenaltySign  -1
PenaltySlope 0.500000
PenaltyCenter 0.000000
surfname white
GMProjAbs 2.000000
WMProjAbs 2.000000
lhcostfile (null)
rhcostfile (null)
interp  trilinear (1)
frame  0
TolPowell 0.000100
nMaxItersPowell 36
n1dmin  3
Profile   0
Gdiag_no  -1
AddNoise  0 (0)
SynthSeed 1697022207
TransRandMax 0.000000
RotRandMax 0.000000
Translations 0.000000 0.000000 0.000000
Rotations   0.000000 0.000000 0.000000
Input reg
-0.99937   0.02081  -0.02880   0.05937;
-0.03102  -0.11534   0.99284   11.41959;
-0.01733  -0.99311  -0.11592   6.59026;
 0.00000   0.00000   0.00000   1.00000;

Loading mov
ExcludeZeroVoxels 1
Reading in targ vol /localscratch/bpinsard.41451854.0/freesurfer_crosssectional_autorecon3_sub03_ses004.job/sub-03_ses-004/mri/orig.mgz
Projecting LH Surfs
Loading lh.white surf
GM Proj: 0 0.500000 2.000000
WM Proj: 0 0.500000 2.000000
Projecting RH Surfs
Loading rh.white surf
Projecting RH Surfs
Using lh.cortex.label
Using rh.cortex.label
Computing relative cost
 0  -25.0 -25.0 -25.0   0.992078
 1  -25.0 -25.0  25.0   1.005007
 2  -25.0  25.0 -25.0   1.040200
 3  -25.0  25.0  25.0   1.028086
 4   25.0 -25.0 -25.0   0.986740
 5   25.0 -25.0  25.0   0.991479
 6   25.0  25.0 -25.0   0.987010
 7   25.0  25.0  25.0   1.010409
REL:  8  0.969346    8.041010  1.005126 rel = 0.964402 
Initial costs ----------------
Number of surface hits 4621
WM  Intensity   985.8857 +/- 520.1716
Ctx Intensity   981.2250 +/- 508.4727
Pct Contrast      0.0297 +/-  49.5112
Cost   0.9693
RelCost   0.9644

------------------------------------
Brute force preopt -4 4 4, n = 729
     0  -4.0000  -4.0000  -4.0000  -4.0000  -4.0000  -4.0000      0.9458   0.9458  0.0
     9  -4.0000  -4.0000  -4.0000   0.0000  -4.0000  -4.0000      0.9302   0.9302  0.0
    27  -4.0000  -4.0000   0.0000  -4.0000  -4.0000  -4.0000      0.9274   0.9274  0.0
    28  -4.0000  -4.0000   0.0000  -4.0000  -4.0000   0.0000      0.8958   0.8958  0.0
    66  -4.0000  -4.0000   4.0000   0.0000   0.0000  -4.0000      0.8944   0.8944  0.0
   310   0.0000  -4.0000   4.0000   0.0000   0.0000   0.0000      0.8939   0.8939  0.0
   533   4.0000  -4.0000   0.0000   4.0000  -4.0000   4.0000      0.8877   0.8877  0.0
   551   4.0000  -4.0000   4.0000   0.0000  -4.0000   4.0000      0.8780   0.8780  0.0
Brute Force --------------------------
Min cost was 0.878024
Number of iterations   729
Search time 3.691703 sec
Parameters at best (transmm, rotdeg)
  4.000  -4.000   4.000  0.000 -4.000  4.000 
--------------------------------------------

Starting Powell Minimization
Init Powel Params dof = 6
0 4
1 -4
2 4
3 0
4 -4
5 4
fs_powell::minimize
  nparams 6
  maxfev 36
  ftol   0.000100
  linmin_xtol_   0.001000
  powell nthiter 0: fret = 0.878024
   6  4.382 -4.000  4.000  0.000 -4.000  4.000   0.8770638661
   8  4.236 -4.000  4.000  0.000 -4.000  4.000   0.8750116280
   9  4.209 -4.000  4.000  0.000 -4.000  4.000   0.8748312166
  11  4.213 -4.000  4.000  0.000 -4.000  4.000   0.8747678129
  12  4.219 -4.000  4.000  0.000 -4.000  4.000   0.8747224542
  14  4.220 -4.000  4.000  0.000 -4.000  4.000   0.8747210177
  18  4.220 -5.618  4.000  0.000 -4.000  4.000   0.8600611026
  24  4.220 -5.000  4.000  0.000 -4.000  4.000   0.8579102560
  26  4.220 -5.236  4.000  0.000 -4.000  4.000   0.8559919605
  29  4.220 -5.238  4.000  0.000 -4.000  4.000   0.8559791950
  30  4.220 -5.240  4.000  0.000 -4.000  4.000   0.8559784528
  32  4.220 -5.239  4.000  0.000 -4.000  4.000   0.8559773972
  41  4.220 -5.239  3.910  0.000 -4.000  4.000   0.8553477055
  46  4.220 -5.239  3.920  0.000 -4.000  4.000   0.8552383780
  47  4.220 -5.239  3.923  0.000 -4.000  4.000   0.8552361891
  48  4.220 -5.239  3.922  0.000 -4.000  4.000   0.8552342723
  55  4.220 -5.239  3.922  0.382 -4.000  4.000   0.8493644864
  58  4.220 -5.239  3.922  0.354 -4.000  4.000   0.8488017193
  59  4.220 -5.239  3.922  0.343 -4.000  4.000   0.8484024127
  62  4.220 -5.239  3.922  0.340 -4.000  4.000   0.8483949021
  63  4.220 -5.239  3.922  0.341 -4.000  4.000   0.8483925937
  71  4.220 -5.239  3.922  0.341 -3.871  4.000   0.8447602909
  73  4.220 -5.239  3.922  0.341 -3.851  4.000   0.8445755243
  74  4.220 -5.239  3.922  0.341 -3.850  4.000   0.8445740302
  75  4.220 -5.239  3.922  0.341 -3.848  4.000   0.8445710516
  77  4.220 -5.239  3.922  0.341 -3.846  4.000   0.8445695389
  78  4.220 -5.239  3.922  0.341 -3.847  4.000   0.8445683943
  87  4.220 -5.239  3.922  0.341 -3.847  3.988   0.8442237148
  88  4.220 -5.239  3.922  0.341 -3.847  3.967   0.8442093052
  90  4.220 -5.239  3.922  0.341 -3.847  3.977   0.8440868217
  92  4.220 -5.239  3.922  0.341 -3.847  3.976   0.8440866185
  powell nthiter 1: fret = 0.844087
 105  4.213 -5.239  3.922  0.341 -3.847  3.976   0.8440007008
 106  4.212 -5.239  3.922  0.341 -3.847  3.976   0.8439991386
 120  4.212 -5.236  3.922  0.341 -3.847  3.976   0.8439492564
 122  4.212 -5.235  3.922  0.341 -3.847  3.976   0.8439434452
 131  4.212 -5.235  3.918  0.341 -3.847  3.976   0.8436797694
 132  4.212 -5.235  3.879  0.341 -3.847  3.976   0.8432329260
 134  4.212 -5.235  3.890  0.341 -3.847  3.976   0.8430140037
 135  4.212 -5.235  3.893  0.341 -3.847  3.976   0.8429875991
 136  4.212 -5.235  3.896  0.341 -3.847  3.976   0.8429730330
 150  4.212 -5.235  3.896  0.338 -3.847  3.976   0.8429290076
 161  4.212 -5.235  3.896  0.338 -3.848  3.976   0.8428926615
 162  4.212 -5.235  3.896  0.338 -3.855  3.976   0.8427557502
 176  4.212 -5.235  3.896  0.338 -3.855  3.968   0.8426766345
 177  4.212 -5.235  3.896  0.338 -3.855  3.970   0.8426715507
  powell nthiter 2: fret = 0.842672
 205  4.212 -5.240  3.896  0.338 -3.855  3.970   0.8426243417
 206  4.212 -5.239  3.896  0.338 -3.855  3.970   0.8426223560
 218  4.212 -5.239  3.897  0.338 -3.855  3.970   0.8426042697
 220  4.212 -5.239  3.899  0.338 -3.855  3.970   0.8425846075
 230  4.212 -5.239  3.899  0.332 -3.855  3.970   0.8425725401
 231  4.212 -5.239  3.899  0.334 -3.855  3.970   0.8425462967
 232  4.212 -5.239  3.899  0.335 -3.855  3.970   0.8425411978
 244  4.212 -5.239  3.899  0.335 -3.860  3.970   0.8425124382
 246  4.212 -5.239  3.899  0.335 -3.859  3.970   0.8425119046
 258  4.212 -5.239  3.899  0.335 -3.859  3.968   0.8425045925
 260  4.212 -5.242  3.902  0.332 -3.862  3.966   0.8424168827
 263  4.212 -5.248  3.907  0.326 -3.867  3.964   0.8424138427
 264  4.212 -5.245  3.905  0.329 -3.865  3.965   0.8423963268
 268  4.212 -5.245  3.905  0.329 -3.865  3.965   0.8423961253
 269  4.212 -5.245  3.905  0.329 -3.865  3.965   0.8423957509
  powell nthiter 3: fret = 0.842396
 287  4.215 -5.245  3.905  0.329 -3.865  3.965   0.8423745365
 300  4.215 -5.245  3.905  0.329 -3.865  3.967   0.8423674890
 322  4.215 -5.245  3.905  0.328 -3.865  3.967   0.8423601030
 324  4.215 -5.245  3.905  0.326 -3.865  3.967   0.8423566636
 335  4.215 -5.245  3.905  0.326 -3.864  3.967   0.8423501481
 338  4.215 -5.249  3.908  0.323 -3.867  3.965   0.8423439517
 342  4.215 -5.247  3.907  0.324 -3.866  3.966   0.8423397569
 345  4.215 -5.247  3.907  0.324 -3.865  3.966   0.8423389099
Powell done niters = 3
Computing relative cost
 0  -25.0 -25.0 -25.0   1.019102
 1  -25.0 -25.0  25.0   0.989471
 2  -25.0  25.0 -25.0   1.012321
 3  -25.0  25.0  25.0   1.009168
 4   25.0 -25.0 -25.0   0.956636
 5   25.0 -25.0  25.0   0.980643
 6   25.0  25.0 -25.0   1.004070
 7   25.0  25.0  25.0   0.982412
REL:  8  0.842339    7.953823  0.994228 rel = 0.847229 
Number of iterations     3
Min cost was 0.842339
Number of FunctionCalls   352
TolPowell 0.000100
nMaxItersPowell 36
OptimizationTime 1.734929 sec
Parameters at optimum (transmm)  4.21529 -5.24721  3.90684
Parameters at optimum (rotdeg)  0.32449 -3.86549  3.96595 
Final costs ----------------
Number of surface hits 4621
WM  Intensity   956.6528 +/- 486.9030
Ctx Intensity  1004.5998 +/- 517.5842
Pct Contrast      4.2241 +/-  48.7080
Cost   0.8423
RelCost   0.9644
Reg at min cost was 
-0.99139   0.09513  -0.08996   3.03960;
-0.09972  -0.10339   0.98963   6.08068;
-0.08484  -0.99008  -0.11198   10.55054;
 0.00000   0.00000   0.00000   1.00000;

Writing optimal reg to /localscratch/bpinsard.41451854.0/freesurfer_crosssectional_autorecon3_sub03_ses004.job/sub-03_ses-004/mri/transforms/tmp.bbregister.47108/bbr.pass1.dat, type = 14 
Original Reg 
-0.99937   0.02081  -0.02880   0.05937;
-0.03102  -0.11534   0.99284   11.41959;
-0.01733  -0.99311  -0.11592   6.59026;
 0.00000   0.00000   0.00000   1.00000;

Original Reg - Optimal Reg
-0.00798  -0.07432   0.06116  -2.98023;
 0.06871  -0.01196   0.00321   5.33890;
 0.06751  -0.00303  -0.00393  -3.96027;
 0.00000   0.00000   0.00000   0.00000;

Computing change in lh position
LH rmsDiffMean 7.848362
Computing change in rh position
Surface-RMS-Diff-mm 8.280578 0.859980 10.675856
mri_segreg done
mri_segreg --mov /localscratch/bpinsard.41451854.0/freesurfer_crosssectional_autorecon3_sub03_ses004.job/sub-03_ses-004/mri/transforms/tmp.bbregister.47108/template.nii --init-reg /localscratch/bpinsard.41451854.0/freesurfer_crosssectional_autorecon3_sub03_ses004.job/sub-03_ses-004/mri/transforms/tmp.bbregister.47108/bbr.pass1.dat --out-reg /localscratch/bpinsard.41451854.0/freesurfer_crosssectional_autorecon3_sub03_ses004.job/sub-03_ses-004/mri/transforms/T2raw.auto.dat --interp trilinear --wm-proj-abs 1 --tol 1e-8 --tol1d 1e-3 --c0 0 --mincost /localscratch/bpinsard.41451854.0/freesurfer_crosssectional_autorecon3_sub03_ses004.job/sub-03_ses-004/mri/transforms/T2raw.auto.dat.mincost --dof 6 --nmax 36 --param /localscratch/bpinsard.41451854.0/freesurfer_crosssectional_autorecon3_sub03_ses004.job/sub-03_ses-004/mri/transforms/T2raw.auto.dat.param --surf white --brute -0.1 0.1 0.1 --cur-reg /localscratch/bpinsard.41451854.0/freesurfer_crosssectional_autorecon3_sub03_ses004.job/sub-03_ses-004/mri/transforms/tmp.bbregister.47108/reg.curopt.dat --gm-proj-abs 2 --nsub 1 --gm-gt-wm 0.5
7.4.1
setenv SUBJECTS_DIR /localscratch/bpinsard.41451854.0/freesurfer_crosssectional_autorecon3_sub03_ses004.job
cd /localscratch/bpinsard.41451854.0/freesurfer_crosssectional_autorecon3_sub03_ses004.job/sub-03_ses-004/scripts
mri_segreg --mov /localscratch/bpinsard.41451854.0/freesurfer_crosssectional_autorecon3_sub03_ses004.job/sub-03_ses-004/mri/transforms/tmp.bbregister.47108/template.nii --init-reg /localscratch/bpinsard.41451854.0/freesurfer_crosssectional_autorecon3_sub03_ses004.job/sub-03_ses-004/mri/transforms/tmp.bbregister.47108/bbr.pass1.dat --out-reg /localscratch/bpinsard.41451854.0/freesurfer_crosssectional_autorecon3_sub03_ses004.job/sub-03_ses-004/mri/transforms/T2raw.auto.dat --interp trilinear --wm-proj-abs 1 --tol 1e-8 --tol1d 1e-3 --c0 0 --mincost /localscratch/bpinsard.41451854.0/freesurfer_crosssectional_autorecon3_sub03_ses004.job/sub-03_ses-004/mri/transforms/T2raw.auto.dat.mincost --dof 6 --nmax 36 --param /localscratch/bpinsard.41451854.0/freesurfer_crosssectional_autorecon3_sub03_ses004.job/sub-03_ses-004/mri/transforms/T2raw.auto.dat.param --surf white --brute -0.1 0.1 0.1 --cur-reg /localscratch/bpinsard.41451854.0/freesurfer_crosssectional_autorecon3_sub03_ses004.job/sub-03_ses-004/mri/transforms/tmp.bbregister.47108/reg.curopt.dat --gm-proj-abs 2 --nsub 1 --gm-gt-wm 0.5 
sysname  Linux
hostname bc12155.int.ets1.calculquebec.ca
machine  x86_64
user     bpinsard
movvol /localscratch/bpinsard.41451854.0/freesurfer_crosssectional_autorecon3_sub03_ses004.job/sub-03_ses-004/mri/transforms/tmp.bbregister.47108/template.nii
regfile /localscratch/bpinsard.41451854.0/freesurfer_crosssectional_autorecon3_sub03_ses004.job/sub-03_ses-004/mri/transforms/tmp.bbregister.47108/bbr.pass1.dat
subject sub-03_ses-004
dof 6
outregfile /localscratch/bpinsard.41451854.0/freesurfer_crosssectional_autorecon3_sub03_ses004.job/sub-03_ses-004/mri/transforms/T2raw.auto.dat
UseMask 0
UseLH 1
UseRH 1
nsubsamp 1
PenaltySign  -1
PenaltySlope 0.500000
PenaltyCenter 0.000000
surfname white
GMProjAbs 2.000000
WMProjAbs 1.000000
lhcostfile (null)
rhcostfile (null)
interp  trilinear (1)
frame  0
TolPowell 0.000000
nMaxItersPowell 36
n1dmin  3
Profile   0
Gdiag_no  -1
AddNoise  0 (0)
SynthSeed 1697630401
TransRandMax 0.000000
RotRandMax 0.000000
Translations 0.000000 0.000000 0.000000
Rotations   0.000000 0.000000 0.000000
Input reg
-0.99139   0.09513  -0.08996   3.03960;
-0.09972  -0.10339   0.98963   6.08068;
-0.08484  -0.99008  -0.11198   10.55054;
 0.00000   0.00000   0.00000   1.00000;

Loading mov
ExcludeZeroVoxels 1
Reading in targ vol /localscratch/bpinsard.41451854.0/freesurfer_crosssectional_autorecon3_sub03_ses004.job/sub-03_ses-004/mri/orig.mgz
Projecting LH Surfs
Loading lh.white surf
GM Proj: 0 0.500000 2.000000
WM Proj: 0 0.500000 1.000000
Projecting RH Surfs
Loading rh.white surf
Projecting RH Surfs
Using lh.cortex.label
Using rh.cortex.label
Computing relative cost
 0  -25.0 -25.0 -25.0   0.990874
 1  -25.0 -25.0  25.0   1.002738
 2  -25.0  25.0 -25.0   0.999227
 3  -25.0  25.0  25.0   1.017393
 4   25.0 -25.0 -25.0   0.983789
 5   25.0 -25.0  25.0   0.986819
 6   25.0  25.0 -25.0   1.004059
 7   25.0  25.0  25.0   0.983809
REL:  8  0.882047    7.968708  0.996089 rel = 0.88551 
Initial costs ----------------
Number of surface hits 462256
WM  Intensity   966.6680 +/- 488.7658
Ctx Intensity  1000.7741 +/- 520.5292
Pct Contrast      2.6452 +/-  44.7215
Cost   0.8820
RelCost   0.8855

------------------------------------
Brute force preopt -0.1 0.1 0.1, n = 729
     0  -0.1000  -0.1000  -0.1000  -0.1000  -0.1000  -0.1000      0.8802   0.8802  0.0
     1  -0.1000  -0.1000  -0.1000  -0.1000  -0.1000   0.0000      0.8765   0.8765  0.0
    19  -0.1000  -0.1000  -0.1000   0.1000  -0.1000   0.0000      0.8750   0.8750  0.0
    24  -0.1000  -0.1000  -0.1000   0.1000   0.1000  -0.1000      0.8742   0.8742  0.0
    51  -0.1000  -0.1000   0.0000   0.1000   0.1000  -0.1000      0.8726   0.8726  0.0
   267   0.0000  -0.1000  -0.1000   0.1000   0.1000  -0.1000      0.8711   0.8711  0.0
   291   0.0000  -0.1000   0.0000   0.1000   0.0000  -0.1000      0.8708   0.8708  0.0
   531   0.1000  -0.1000   0.0000   0.1000  -0.1000  -0.1000      0.8684   0.8684  0.0
Brute Force --------------------------
Min cost was 0.868401
Number of iterations   729
Search time 3.517321 sec
Parameters at best (transmm, rotdeg)
  0.100  -0.100   0.000  0.100 -0.100 -0.100 
--------------------------------------------

Starting Powell Minimization
Init Powel Params dof = 6
0 0.1
1 -0.1
2 0
3 0.1
4 -0.1
5 -0.1
fs_powell::minimize
  nparams 6
  maxfev 36
  ftol   0.000000
  linmin_xtol_   0.001000
  powell nthiter 0: fret = 0.881074
  12  0.104 -0.100  0.000  0.100 -0.100 -0.100   0.8810710349
  13  0.103 -0.100  0.000  0.100 -0.100 -0.100   0.8810709341
  17  0.103 -1.718  0.000  0.100 -0.100 -0.100   0.8634844006
  20  0.103 -2.642  0.000  0.100 -0.100 -0.100   0.8616428163
  23  0.103 -2.460  0.000  0.100 -0.100 -0.100   0.8613107325
  25  0.103 -2.531  0.000  0.100 -0.100 -0.100   0.8608741583
  27  0.103 -2.536  0.000  0.100 -0.100 -0.100   0.8608556920
  28  0.103 -2.545  0.000  0.100 -0.100 -0.100   0.8608537003
  30  0.103 -2.541  0.000  0.100 -0.100 -0.100   0.8608504061
  35  0.103 -2.541 -1.618  0.100 -0.100 -0.100   0.8372470329
  39  0.103 -2.541 -1.916  0.100 -0.100 -0.100   0.8361549994
  43  0.103 -2.541 -1.872  0.100 -0.100 -0.100   0.8361124461
  44  0.103 -2.541 -1.845  0.100 -0.100 -0.100   0.8361046245
  47  0.103 -2.541 -1.849  0.100 -0.100 -0.100   0.8361035174
  49  0.103 -2.541 -1.848  0.100 -0.100 -0.100   0.8361033709
  50  0.103 -2.541 -1.847  0.100 -0.100 -0.100   0.8361033371
  53  0.103 -2.541 -1.847  1.100 -0.100 -0.100   0.8355093333
  57  0.103 -2.541 -1.847  0.718 -0.100 -0.100   0.8335154655
  59  0.103 -2.541 -1.847  0.651 -0.100 -0.100   0.8334794284
  60  0.103 -2.541 -1.847  0.655 -0.100 -0.100   0.8334696331
  61  0.103 -2.541 -1.847  0.678 -0.100 -0.100   0.8334446824
  64  0.103 -2.541 -1.847  0.671 -0.100 -0.100   0.8334399636
  66  0.103 -2.541 -1.847  0.670 -0.100 -0.100   0.8334396441
  78  0.103 -2.541 -1.847  0.670 -0.076 -0.100   0.8333878929
  80  0.103 -2.541 -1.847  0.670 -0.067 -0.100   0.8333809424
  81  0.103 -2.541 -1.847  0.670 -0.066 -0.100   0.8333803684
  86  0.103 -2.541 -1.847  0.670 -0.066 -1.718   0.8327800263
  87  0.103 -2.541 -1.847  0.670 -0.066 -0.930   0.8278922832
  89  0.103 -2.541 -1.847  0.670 -0.066 -0.613   0.8275160957
  92  0.103 -2.541 -1.847  0.670 -0.066 -0.672   0.8274294849
  94  0.103 -2.541 -1.847  0.670 -0.066 -0.653   0.8274100250
  96  0.103 -2.541 -1.847  0.670 -0.066 -0.650   0.8274098530
  98  0.103 -2.541 -1.847  0.670 -0.066 -0.645   0.8274084607
  powell nthiter 1: fret = 0.827408
 107 -0.515 -2.541 -1.847  0.670 -0.066 -0.645   0.8247211801
 109 -0.420 -2.541 -1.847  0.670 -0.066 -0.645   0.8246624748
 112 -0.344 -2.541 -1.847  0.670 -0.066 -0.645   0.8243488686
 114 -0.343 -2.541 -1.847  0.670 -0.066 -0.645   0.8243431686
 115 -0.327 -2.541 -1.847  0.670 -0.066 -0.645   0.8243085487
 117 -0.329 -2.541 -1.847  0.670 -0.066 -0.645   0.8243065535
 119 -0.331 -2.541 -1.847  0.670 -0.066 -0.645   0.8243044489
 128 -0.331 -2.508 -1.847  0.670 -0.066 -0.645   0.8242565156
 130 -0.331 -2.513 -1.847  0.670 -0.066 -0.645   0.8242482092
 132 -0.331 -2.517 -1.847  0.670 -0.066 -0.645   0.8242447452
 139 -0.331 -2.517 -2.465  0.670 -0.066 -0.645   0.8224618033
 141 -0.331 -2.517 -2.310  0.670 -0.066 -0.645   0.8219863497
 143 -0.331 -2.517 -2.359  0.670 -0.066 -0.645   0.8218250994
 147 -0.331 -2.517 -2.358  0.670 -0.066 -0.645   0.8218249757
 154 -0.331 -2.517 -2.358  1.052 -0.066 -0.645   0.8215392183
 155 -0.331 -2.517 -2.358  0.883 -0.066 -0.645   0.8213238036
 156 -0.331 -2.517 -2.358  0.900 -0.066 -0.645   0.8212816462
 158 -0.331 -2.517 -2.358  0.907 -0.066 -0.645   0.8212718999
 160 -0.331 -2.517 -2.358  0.908 -0.066 -0.645   0.8212713252
 163 -0.331 -2.517 -2.358  0.908  0.934 -0.645   0.8195161594
 173 -0.331 -2.517 -2.358  0.908  0.919 -0.645   0.8195075265
 174 -0.331 -2.517 -2.358  0.908  0.921 -0.645   0.8195068750
 176 -0.331 -2.517 -2.358  0.908  0.920 -0.645   0.8195061275
 181 -0.331 -2.517 -2.358  0.908  0.920 -1.263   0.8130910924
 182 -0.331 -2.517 -2.358  0.908  0.920 -1.645   0.8125319896
 183 -0.331 -2.517 -2.358  0.908  0.920 -1.536   0.8125005495
 184 -0.331 -2.517 -2.358  0.908  0.920 -1.568   0.8124678038
 191 -0.331 -2.517 -2.358  0.908  0.920 -1.569   0.8124673945
 192 -0.765 -2.493 -2.869  1.146  1.907 -2.493   0.8088267358
 197 -1.034 -2.478 -3.184  1.294  2.517 -3.064   0.8085335330
 199 -0.914 -2.485 -3.044  1.228  2.245 -2.810   0.8079759795
 201 -0.950 -2.483 -3.085  1.248  2.326 -2.886   0.8078865255
 205 -0.953 -2.483 -3.089  1.249  2.333 -2.893   0.8078739625
 206 -0.954 -2.482 -3.090  1.250  2.335 -2.894   0.8078722838
 207 -0.957 -2.482 -3.094  1.251  2.342 -2.901   0.8078675624
 209 -0.956 -2.482 -3.092  1.251  2.340 -2.899   0.8078666145
 210 -0.956 -2.482 -3.093  1.251  2.341 -2.899   0.8078662372
  powell nthiter 2: fret = 0.807866
 213 -2.574 -2.482 -3.093  1.251  2.341 -2.899   0.7955783010
 214 -2.282 -2.482 -3.093  1.251  2.341 -2.899   0.7944434068
 218 -2.394 -2.482 -3.093  1.251  2.341 -2.899   0.7943758113
 219 -2.362 -2.482 -3.093  1.251  2.341 -2.899   0.7942726109
 225 -2.362 -4.100 -3.093  1.251  2.341 -2.899   0.7854380006
 226 -2.362 -3.670 -3.093  1.251  2.341 -2.899   0.7837471690
 230 -2.362 -3.623 -3.093  1.251  2.341 -2.899   0.7837240926
 232 -2.362 -3.643 -3.093  1.251  2.341 -2.899   0.7836745961
 236 -2.362 -3.642 -3.093  1.251  2.341 -2.899   0.7836742670
 240 -2.362 -3.642 -4.711  1.251  2.341 -2.899   0.7610724964
 241 -2.362 -3.642 -4.595  1.251  2.341 -2.899   0.7598525155
 244 -2.362 -3.642 -4.376  1.251  2.341 -2.899   0.7590512771
 245 -2.362 -3.642 -4.387  1.251  2.341 -2.899   0.7590161988
 246 -2.362 -3.642 -4.430  1.251  2.341 -2.899   0.7588862471
 249 -2.362 -3.642 -4.438  1.251  2.341 -2.899   0.7588735816
 250 -2.362 -3.642 -4.441  1.251  2.341 -2.899   0.7588690578
 252 -2.362 -3.642 -4.443  1.251  2.341 -2.899   0.7588683057
 253 -2.362 -3.642 -4.442  1.251  2.341 -2.899   0.7588683039
 255 -2.362 -3.642 -4.442  2.251  2.341 -2.899   0.7533820311
 260 -2.362 -3.642 -4.442  2.121  2.341 -2.899   0.7532004543
 262 -2.362 -3.642 -4.442  2.108  2.341 -2.899   0.7531618209
 267 -2.362 -3.642 -4.442  2.104  2.341 -2.899   0.7531612155
 268 -2.362 -3.642 -4.442  2.106  2.341 -2.899   0.7531608165
 271 -2.362 -3.642 -4.442  2.106  3.341 -2.899   0.7451474049
 274 -2.362 -3.642 -4.442  2.106  3.959 -2.899   0.7430606511
 277 -2.362 -3.642 -4.442  2.106  3.978 -2.899   0.7430425603
 280 -2.362 -3.642 -4.442  2.106  3.995 -2.899   0.7430361726
 281 -2.362 -3.642 -4.442  2.106  3.999 -2.899   0.7430232988
 282 -2.362 -3.642 -4.442  2.106  4.026 -2.899   0.7429781535
 283 -2.362 -3.642 -4.442  2.106  4.029 -2.899   0.7429751783
 288 -2.797 -3.618 -4.952  2.344  5.015 -3.823   0.7084163932
 289 -3.499 -3.579 -5.779  2.729  6.612 -5.319   0.6763999890
 290 -3.909 -3.556 -6.261  2.954  7.544 -6.191   0.6750061908
 291 -3.749 -3.565 -6.072  2.866  7.180 -5.850   0.6733098423
 295 -3.742 -3.566 -6.063  2.862  7.162 -5.834   0.6732870353
 296 -3.732 -3.566 -6.052  2.857  7.140 -5.814   0.6732529491
 302 -3.733 -3.566 -6.053  2.858  7.143 -5.816   0.6732496611
  powell nthiter 3: fret = 0.673250
 308 -5.351 -3.566 -6.053  2.858  7.143 -5.816   0.6642248469
 309 -4.753 -3.566 -6.053  2.858  7.143 -5.816   0.6603375034
 312 -4.982 -3.566 -6.053  2.858  7.143 -5.816   0.6603365766
 313 -4.868 -3.566 -6.053  2.858  7.143 -5.816   0.6603108180
 315 -4.824 -3.566 -6.053  2.858  7.143 -5.816   0.6602527913
 316 -4.804 -3.566 -6.053  2.858  7.143 -5.816   0.6602523770
 317 -4.813 -3.566 -6.053  2.858  7.143 -5.816   0.6602457013
 319 -4.811 -3.566 -6.053  2.858  7.143 -5.816   0.6602438131
 325 -4.811 -5.184 -6.053  2.858  7.143 -5.816   0.6156087121
 333 -4.811 -5.179 -6.053  2.858  7.143 -5.816   0.6156075284
 334 -4.811 -5.178 -6.053  2.858  7.143 -5.816   0.6156074885
 338 -4.811 -5.178 -7.671  2.858  7.143 -5.816   0.5496996827
 343 -4.811 -5.178 -7.572  2.858  7.143 -5.816   0.5493836747
 344 -4.811 -5.178 -7.573  2.858  7.143 -5.816   0.5493831082
 345 -4.811 -5.178 -7.580  2.858  7.143 -5.816   0.5493813281
 350 -4.811 -5.178 -7.579  3.858  7.143 -5.816   0.4640082516
 355 -4.811 -5.178 -7.579  4.100  7.143 -5.816   0.4593340311
 358 -4.811 -5.178 -7.579  4.092  7.143 -5.816   0.4593169541
 360 -4.811 -5.178 -7.579  4.093  7.143 -5.816   0.4593162417
 365 -4.811 -5.178 -7.579  4.093  5.525 -5.816   0.3335810261
 370 -4.811 -5.178 -7.579  4.093  5.544 -5.816   0.3335340018
 371 -4.811 -5.178 -7.579  4.093  5.559 -5.816   0.3335175869
 372 -4.811 -5.178 -7.579  4.093  5.565 -5.816   0.3335154659
 373 -4.811 -5.178 -7.579  4.093  5.568 -5.816   0.3335139064
 378 -4.811 -5.178 -7.579  4.093  5.573 -5.816   0.3335117302
 379 -4.811 -5.178 -7.579  4.093  5.574 -5.816   0.3335114146
 387 -4.977 -5.169 -7.774  4.184  5.951 -6.169   0.3269020486
 388 -4.939 -5.171 -7.730  4.163  5.865 -6.088   0.3258612049
 389 -4.932 -5.172 -7.721  4.159  5.849 -6.073   0.3257456281
 391 -4.924 -5.172 -7.711  4.154  5.830 -6.055   0.3257240911
 392 -4.926 -5.172 -7.715  4.156  5.836 -6.061   0.3257182098
  powell nthiter 4: fret = 0.325718
 402 -5.163 -5.172 -7.715  4.156  5.836 -6.061   0.3228578405
 403 -5.161 -5.172 -7.715  4.156  5.836 -6.061   0.3228508556
 404 -5.136 -5.172 -7.715  4.156  5.836 -6.061   0.3227933611
 407 -5.135 -5.172 -7.715  4.156  5.836 -6.061   0.3227931005
 415 -5.135 -5.404 -7.715  4.156  5.836 -6.061   0.3197323410
 416 -5.135 -5.406 -7.715  4.156  5.836 -6.061   0.3197266799
 417 -5.135 -5.434 -7.715  4.156  5.836 -6.061   0.3196862120
 420 -5.135 -5.431 -7.715  4.156  5.836 -6.061   0.3196849227
 425 -5.135 -5.431 -9.333  4.156  5.836 -6.061   0.1674121749
 430 -5.135 -5.431 -9.571  4.156  5.836 -6.061   0.1654081778
 431 -5.135 -5.431 -9.530  4.156  5.836 -6.061   0.1653555894
 433 -5.135 -5.431 -9.527  4.156  5.836 -6.061   0.1653548582
 437 -5.135 -5.431 -9.523  4.156  5.836 -6.061   0.1653546335
 438 -5.135 -5.431 -9.525  4.156  5.836 -6.061   0.1653545405
 439 -5.135 -5.431 -9.526  4.156  5.836 -6.061   0.1653545302
 441 -5.135 -5.431 -9.526  5.156  5.836 -6.061   0.0896401090
 448 -5.135 -5.431 -9.526  5.161  5.836 -6.061   0.0896353305
 449 -5.135 -5.431 -9.526  5.162  5.836 -6.061   0.0896349704
 457 -5.135 -5.431 -9.526  5.162  5.639 -6.061   0.0878831870
 458 -5.135 -5.431 -9.526  5.162  5.650 -6.061   0.0878820698
 459 -5.135 -5.431 -9.526  5.162  5.645 -6.061   0.0878795690
 460 -5.135 -5.431 -9.526  5.162  5.644 -6.061   0.0878792886
 469 -5.119 -5.432 -9.507  5.153  5.608 -6.027   0.0877699152
 470 -5.119 -5.432 -9.507  5.154  5.609 -6.028   0.0877697865
 471 -5.120 -5.432 -9.508  5.154  5.610 -6.028   0.0877688821
 481 -5.194 -5.531 -10.193  5.535  5.524 -6.016   0.0690903086
 483 -5.202 -5.542 -10.271  5.578  5.514 -6.015   0.0688633375
 485 -5.202 -5.542 -10.273  5.579  5.513 -6.015   0.0688622244
  powell nthiter 5: fret = 0.068862
 493 -5.043 -5.542 -10.273  5.579  5.513 -6.015   0.0676742995
 495 -5.041 -5.542 -10.273  5.579  5.513 -6.015   0.0676742548
 498 -5.042 -5.542 -10.273  5.579  5.513 -6.015   0.0676741718
 500 -5.042 -4.542 -10.273  5.579  5.513 -6.015   0.0532500635
 504 -5.042 -4.924 -10.273  5.579  5.513 -6.015   0.0489261043
 505 -5.042 -4.829 -10.273  5.579  5.513 -6.015   0.0486673952
 506 -5.042 -4.849 -10.273  5.579  5.513 -6.015   0.0486061115
 507 -5.042 -4.859 -10.273  5.579  5.513 -6.015   0.0486002371
 508 -5.042 -4.857 -10.273  5.579  5.513 -6.015   0.0485993856
 509 -5.042 -4.856 -10.273  5.579  5.513 -6.015   0.0485992183
 518 -5.042 -4.856 -10.272  5.579  5.512 -6.014   0.0485973853
 519 -5.038 -4.856 -10.269  5.577  5.505 -6.007   0.0485934987
 521 -5.039 -4.856 -10.270  5.578  5.507 -6.009   0.0485928504
 533 -5.039 -4.856 -10.270  5.567  5.507 -6.009   0.0485853550
 535 -5.039 -4.856 -10.270  5.569  5.507 -6.009   0.0485848414
 537 -5.039 -4.856 -10.270  5.570  5.507 -6.009   0.0485847456
 545 -5.039 -4.856 -10.270  5.570  5.571 -6.009   0.0484731224
 546 -5.039 -4.856 -10.270  5.570  5.561 -6.009   0.0484572753
 547 -5.039 -4.856 -10.270  5.570  5.553 -6.009   0.0484476063
 549 -5.039 -4.856 -10.270  5.570  5.550 -6.009   0.0484462859
 550 -5.039 -4.856 -10.270  5.570  5.546 -6.009   0.0484460551
 552 -5.039 -4.856 -10.270  5.570  5.548 -6.009   0.0484457614
 559 -5.113 -4.955 -10.955  5.951  5.461 -5.996   0.0453591096
 560 -5.083 -4.914 -10.671  5.794  5.497 -6.001   0.0443606635
 562 -5.085 -4.918 -10.695  5.807  5.494 -6.001   0.0443407294
 564 -5.085 -4.918 -10.693  5.806  5.494 -6.001   0.0443405383
 573 -5.072 -4.721 -11.146  6.055  5.450 -5.991   0.0428721044
 574 -5.075 -4.777 -11.018  5.985  5.463 -5.994   0.0427509356
 575 -5.075 -4.765 -11.045  5.999  5.460 -5.993   0.0427308893
 576 -5.074 -4.761 -11.054  6.004  5.459 -5.993   0.0427274273
 577 -5.073 -4.746 -11.089  6.024  5.456 -5.992   0.0427244667
 578 -5.074 -4.751 -11.077  6.017  5.457 -5.992   0.0427233515
 580 -5.074 -4.750 -11.079  6.018  5.457 -5.992   0.0427232485
 581 -5.073 -4.749 -11.083  6.020  5.456 -5.992   0.0427231586
  powell nthiter 6: fret = 0.042723
 591 -4.912 -4.749 -11.083  6.020  5.456 -5.992   0.0422003000
 593 -4.896 -4.749 -11.083  6.020  5.456 -5.992   0.0421871576
 598 -4.894 -4.749 -11.083  6.020  5.456 -5.992   0.0421868582
 607 -4.878 -4.727 -10.935  5.938  5.475 -5.995   0.0418482800
 608 -4.882 -4.732 -10.971  5.958  5.471 -5.994   0.0418206295
 619 -4.789 -4.737 -10.861  5.907  5.259 -5.796   0.0406446084
 620 -4.808 -4.736 -10.883  5.917  5.301 -5.835   0.0405577994
 623 -4.807 -4.736 -10.882  5.917  5.300 -5.834   0.0405575815
 631 -4.807 -4.736 -10.882  5.809  5.300 -5.834   0.0397935584
 632 -4.807 -4.736 -10.882  5.757  5.300 -5.834   0.0397389349
 635 -4.807 -4.736 -10.882  5.752  5.300 -5.834   0.0397382670
 636 -4.807 -4.736 -10.882  5.751  5.300 -5.834   0.0397381610
 644 -4.807 -4.736 -10.882  5.751  5.481 -5.834   0.0388811961
 647 -4.807 -4.736 -10.882  5.751  5.482 -5.834   0.0388811246
 655 -4.801 -4.645 -11.094  5.868  5.462 -5.829   0.0383716279
 656 -4.801 -4.645 -11.092  5.867  5.462 -5.829   0.0383696279
 657 -4.802 -4.658 -11.063  5.851  5.465 -5.830   0.0383400770
 660 -4.802 -4.663 -11.053  5.845  5.466 -5.830   0.0383348644
 661 -4.802 -4.663 -11.051  5.844  5.466 -5.830   0.0383348457
  powell nthiter 7: fret = 0.038335
 670 -4.816 -4.663 -11.051  5.844  5.466 -5.830   0.0383275755
 671 -4.819 -4.663 -11.051  5.844  5.466 -5.830   0.0383259095
 675 -4.832 -4.663 -11.051  5.844  5.466 -5.830   0.0383187759
 678 -4.833 -4.663 -11.051  5.844  5.466 -5.830   0.0383187411
 687 -4.840 -4.673 -11.121  5.883  5.457 -5.829   0.0382886288
 693 -4.840 -4.673 -11.117  5.881  5.458 -5.829   0.0382885325
 696 -4.840 -4.673 -11.118  5.882  5.457 -5.829   0.0382883858
 703 -4.777 -4.676 -11.044  5.847  5.314 -5.694   0.0379747221
 704 -4.797 -4.675 -11.067  5.858  5.359 -5.737   0.0377851229
 705 -4.801 -4.675 -11.073  5.860  5.369 -5.746   0.0377749412
 708 -4.801 -4.675 -11.072  5.860  5.368 -5.745   0.0377748177
 719 -4.801 -4.675 -11.072  5.844  5.368 -5.745   0.0377618105
 720 -4.801 -4.675 -11.072  5.845  5.368 -5.745   0.0377613702
 722 -4.801 -4.675 -11.072  5.846  5.368 -5.745   0.0377611798
 729 -4.801 -4.675 -11.072  5.846  5.510 -5.745   0.0373004737
 731 -4.801 -4.675 -11.072  5.846  5.506 -5.745   0.0372990648
 733 -4.801 -4.675 -11.072  5.846  5.507 -5.745   0.0372990212
 742 -4.801 -4.683 -11.053  5.835  5.508 -5.745   0.0372901595
 747 -4.801 -4.683 -11.054  5.836  5.508 -5.745   0.0372901488
 749 -4.800 -4.702 -11.057  5.827  5.551 -5.660   0.0365963139
 752 -4.798 -4.734 -11.062  5.813  5.619 -5.523   0.0359631146
 753 -4.797 -4.751 -11.064  5.805  5.657 -5.448   0.0358062969
 757 -4.797 -4.756 -11.065  5.804  5.667 -5.429   0.0357992815
 761 -4.797 -4.756 -11.065  5.804  5.667 -5.429   0.0357992628
  powell nthiter 8: fret = 0.035799
 771 -4.819 -4.756 -11.065  5.804  5.667 -5.429   0.0357990477
 772 -4.808 -4.756 -11.065  5.804  5.667 -5.429   0.0357955108
 781 -4.812 -4.761 -11.103  5.825  5.662 -5.428   0.0357815025
 784 -4.812 -4.761 -11.100  5.823  5.662 -5.428   0.0357812757
 786 -4.812 -4.761 -11.101  5.824  5.662 -5.428   0.0357812592
 793 -4.811 -4.753 -11.119  5.834  5.660 -5.427   0.0357692268
 796 -4.811 -4.754 -11.118  5.833  5.660 -5.427   0.0357691400
 807 -4.811 -4.754 -11.118  5.771  5.660 -5.427   0.0357362217
 811 -4.811 -4.754 -11.118  5.780  5.660 -5.427   0.0357344497
 820 -4.811 -4.754 -11.118  5.780  5.606 -5.427   0.0355620941
 822 -4.811 -4.754 -11.118  5.780  5.593 -5.427   0.0355489569
 823 -4.811 -4.754 -11.118  5.780  5.591 -5.427   0.0355482902
 824 -4.811 -4.754 -11.118  5.780  5.588 -5.427   0.0355482865
 827 -4.811 -4.754 -11.118  5.780  5.589 -5.427   0.0355480673
 833 -4.811 -4.761 -11.119  5.777  5.606 -5.395   0.0355428358
 834 -4.811 -4.759 -11.119  5.778  5.600 -5.406   0.0355410997
 836 -4.811 -4.760 -11.119  5.778  5.602 -5.403   0.0355410273
 838 -4.811 -4.759 -11.119  5.778  5.601 -5.404   0.0355409579
  powell nthiter 9: fret = 0.035541
 850 -4.707 -4.759 -11.119  5.778  5.601 -5.404   0.0353663161
 851 -4.718 -4.759 -11.119  5.778  5.601 -5.404   0.0353636281
 862 -4.718 -4.759 -11.117  5.777  5.601 -5.404   0.0353634986
 867 -4.717 -4.758 -11.108  5.772  5.602 -5.404   0.0353625738
 869 -4.717 -4.758 -11.106  5.771  5.603 -5.404   0.0353625124
 878 -4.717 -4.759 -11.104  5.769  5.603 -5.404   0.0353618044
 882 -4.717 -4.764 -11.092  5.763  5.604 -5.405   0.0353612169
 883 -4.717 -4.762 -11.096  5.765  5.604 -5.405   0.0353610991
 884 -4.717 -4.762 -11.095  5.764  5.604 -5.405   0.0353609882
 894 -4.717 -4.762 -11.095  5.771  5.604 -5.405   0.0353588514
 895 -4.717 -4.762 -11.095  5.770  5.604 -5.405   0.0353587514
 903 -4.717 -4.762 -11.095  5.770  5.554 -5.405   0.0352461585
 904 -4.717 -4.762 -11.095  5.770  5.536 -5.405   0.0352285534
 906 -4.717 -4.762 -11.095  5.770  5.538 -5.405   0.0352281571
 909 -4.716 -4.782 -11.098  5.762  5.580 -5.320   0.0351885940
 917 -4.716 -4.781 -11.098  5.762  5.577 -5.326   0.0351876321
 922 -4.621 -4.802 -11.076  5.747  5.553 -5.247   0.0350307960
 927 -4.563 -4.815 -11.063  5.738  5.538 -5.199   0.0350110760
 929 -4.579 -4.811 -11.067  5.740  5.542 -5.212   0.0350070194
 931 -4.577 -4.812 -11.066  5.740  5.542 -5.211   0.0350069450
 933 -4.577 -4.812 -11.066  5.740  5.542 -5.210   0.0350069366
  powell nthiter 10: fret = 0.035007
 941 -4.577 -4.800 -11.065  5.745  5.515 -5.263   0.0349784171
 943 -4.577 -4.799 -11.064  5.746  5.514 -5.267   0.0349778016
 944 -4.578 -4.798 -11.064  5.746  5.511 -5.271   0.0349775250
 946 -4.578 -4.798 -11.064  5.746  5.512 -5.269   0.0349774200
 958 -4.579 -4.801 -11.081  5.755  5.510 -5.269   0.0349749732
 960 -4.581 -4.803 -11.099  5.766  5.508 -5.269   0.0349748368
 961 -4.580 -4.802 -11.090  5.761  5.509 -5.269   0.0349731742
 963 -4.581 -4.802 -11.092  5.762  5.509 -5.269   0.0349729234
 971 -4.579 -4.779 -11.145  5.791  5.503 -5.268   0.0349363933
 972 -4.579 -4.778 -11.147  5.792  5.503 -5.268   0.0349359604
 973 -4.579 -4.774 -11.157  5.797  5.502 -5.267   0.0349355758
 976 -4.577 -4.750 -11.214  5.828  5.497 -5.266   0.0349083620
 979 -4.577 -4.748 -11.218  5.831  5.496 -5.266   0.0349073127
 980 -4.576 -4.743 -11.230  5.837  5.495 -5.266   0.0349067871
 981 -4.577 -4.745 -11.226  5.835  5.496 -5.266   0.0349061885
 982 -4.577 -4.745 -11.225  5.834  5.496 -5.266   0.0349061602
 992 -4.577 -4.745 -11.225  5.822  5.496 -5.266   0.0349022489
 993 -4.577 -4.745 -11.225  5.825  5.496 -5.266   0.0349007896
 994 -4.577 -4.745 -11.225  5.826  5.496 -5.266   0.0349006906
1005 -4.577 -4.745 -11.225  5.826  5.482 -5.266   0.0348980060
1006 -4.577 -4.745 -11.225  5.826  5.486 -5.266   0.0348936288
1007 -4.577 -4.745 -11.225  5.826  5.488 -5.266   0.0348927846
1008 -4.577 -4.745 -11.225  5.826  5.490 -5.266   0.0348926612
1015 -4.540 -4.753 -11.216  5.820  5.480 -5.236   0.0348611123
1018 -4.542 -4.753 -11.217  5.821  5.481 -5.238   0.0348610558
1019 -4.542 -4.753 -11.217  5.821  5.481 -5.237   0.0348610023
1020 -4.541 -4.753 -11.217  5.821  5.481 -5.237   0.0348608508
  powell nthiter 11: fret = 0.034861
1032 -4.542 -4.752 -11.216  5.821  5.478 -5.242   0.0348578307
1033 -4.542 -4.751 -11.216  5.822  5.476 -5.246   0.0348578220
1034 -4.542 -4.751 -11.216  5.821  5.477 -5.244   0.0348576669
1035 -4.542 -4.751 -11.216  5.821  5.477 -5.244   0.0348576215
1047 -4.541 -4.751 -11.215  5.820  5.477 -5.244   0.0348572432
1056 -4.542 -4.765 -11.182  5.803  5.480 -5.245   0.0348564973
1057 -4.542 -4.759 -11.197  5.811  5.479 -5.244   0.0348550341
1058 -4.542 -4.759 -11.196  5.810  5.479 -5.244   0.0348549948
1059 -4.542 -4.760 -11.195  5.810  5.479 -5.244   0.0348549173
1070 -4.542 -4.760 -11.195  5.806  5.479 -5.244   0.0348508967
1071 -4.542 -4.760 -11.195  5.799  5.479 -5.244   0.0348487471
1073 -4.542 -4.760 -11.195  5.801  5.479 -5.244   0.0348482030
1084 -4.542 -4.760 -11.195  5.801  5.448 -5.244   0.0348238839
1086 -4.542 -4.760 -11.195  5.801  5.446 -5.244   0.0348237631
1087 -4.542 -4.760 -11.195  5.801  5.445 -5.244   0.0348235698
1089 -4.542 -4.760 -11.195  5.801  5.438 -5.244   0.0348219775
1091 -4.542 -4.760 -11.195  5.801  5.437 -5.244   0.0348219485
1092 -4.542 -4.760 -11.195  5.801  5.436 -5.244   0.0348217626
1099 -4.506 -4.768 -11.187  5.795  5.426 -5.214   0.0347751820
1101 -4.498 -4.770 -11.185  5.794  5.424 -5.208   0.0347729069
1102 -4.497 -4.770 -11.185  5.794  5.424 -5.207   0.0347729028
1103 -4.497 -4.770 -11.185  5.794  5.424 -5.208   0.0347728935
  powell nthiter 12: fret = 0.034773
1114 -4.497 -4.769 -11.185  5.794  5.423 -5.211   0.0347722876
1117 -4.497 -4.769 -11.185  5.794  5.423 -5.210   0.0347722398
1119 -4.497 -4.769 -11.185  5.794  5.423 -5.210   0.0347722187
1127 -4.494 -4.765 -11.156  5.778  5.426 -5.211   0.0347567510
1132 -4.492 -4.762 -11.133  5.766  5.429 -5.211   0.0347412734
1134 -4.491 -4.761 -11.130  5.764  5.430 -5.211   0.0347395406
1135 -4.491 -4.760 -11.126  5.761  5.430 -5.211   0.0347382698
1137 -4.491 -4.760 -11.124  5.760  5.430 -5.211   0.0347380273
1158 -4.491 -4.760 -11.124  5.780  5.430 -5.211   0.0347206379
1159 -4.491 -4.760 -11.124  5.781  5.430 -5.211   0.0347202371
1160 -4.491 -4.760 -11.124  5.788  5.430 -5.211   0.0347196349
1162 -4.491 -4.760 -11.124  5.786  5.430 -5.211   0.0347192435
1164 -4.491 -4.760 -11.124  5.787  5.430 -5.211   0.0347192301
1173 -4.491 -4.760 -11.124  5.787  5.418 -5.211   0.0347069727
1174 -4.491 -4.760 -11.124  5.787  5.414 -5.211   0.0347040423
1176 -4.491 -4.760 -11.124  5.787  5.407 -5.211   0.0347018095
1178 -4.491 -4.760 -11.124  5.787  5.408 -5.211   0.0347017265
1187 -4.476 -4.763 -11.121  5.784  5.405 -5.200   0.0346973245
1188 -4.477 -4.763 -11.121  5.784  5.405 -5.200   0.0346973013
1189 -4.478 -4.763 -11.121  5.785  5.405 -5.201   0.0346972625
1190 -4.478 -4.763 -11.121  5.784  5.405 -5.201   0.0346971458
  powell nthiter 13: fret = 0.034697
1201 -4.478 -4.765 -11.121  5.784  5.409 -5.194   0.0346954382
1203 -4.478 -4.764 -11.121  5.784  5.408 -5.196   0.0346952770
1217 -4.476 -4.761 -11.100  5.772  5.410 -5.196   0.0346845717
1220 -4.475 -4.761 -11.096  5.770  5.411 -5.196   0.0346836039
1221 -4.475 -4.760 -11.094  5.769  5.411 -5.196   0.0346834572
1222 -4.475 -4.760 -11.092  5.768  5.411 -5.196   0.0346834370
1231 -4.475 -4.758 -11.096  5.770  5.411 -5.196   0.0346833744
1232 -4.475 -4.759 -11.095  5.769  5.411 -5.196   0.0346833499
1242 -4.475 -4.759 -11.095  5.783  5.411 -5.196   0.0346743810
1245 -4.475 -4.759 -11.095  5.797  5.411 -5.196   0.0346722926
1246 -4.475 -4.759 -11.095  5.794  5.411 -5.196   0.0346711546
1247 -4.475 -4.759 -11.095  5.792  5.411 -5.196   0.0346711421
1249 -4.475 -4.759 -11.095  5.793  5.411 -5.196   0.0346710387
1258 -4.475 -4.759 -11.095  5.793  5.406 -5.196   0.0346675227
1259 -4.475 -4.759 -11.095  5.793  5.403 -5.196   0.0346674921
1261 -4.475 -4.759 -11.095  5.793  5.404 -5.196   0.0346673135
1269 -4.480 -4.758 -11.096  5.793  5.405 -5.200   0.0346671342
1271 -4.478 -4.758 -11.096  5.793  5.405 -5.198   0.0346669825
1272 -4.478 -4.758 -11.096  5.793  5.405 -5.198   0.0346669269
  powell nthiter 14: fret = 0.034667
1283 -4.478 -4.758 -11.096  5.793  5.403 -5.201   0.0346668117
1284 -4.478 -4.758 -11.096  5.793  5.404 -5.200   0.0346667708
1296 -4.476 -4.756 -11.082  5.786  5.405 -5.201   0.0346645704
1297 -4.477 -4.756 -11.087  5.789  5.405 -5.200   0.0346632938
1307 -4.477 -4.755 -11.090  5.790  5.404 -5.200   0.0346624160
1308 -4.476 -4.754 -11.094  5.792  5.404 -5.200   0.0346623492
1311 -4.476 -4.754 -11.093  5.792  5.404 -5.200   0.0346622043
1322 -4.476 -4.755 -11.091  5.793  5.404 -5.200   0.0346612341
1325 -4.476 -4.755 -11.091  5.797  5.404 -5.200   0.0346610710
1326 -4.476 -4.755 -11.091  5.795  5.404 -5.200   0.0346607163
1336 -4.476 -4.755 -11.091  5.795  5.405 -5.200   0.0346606572
1337 -4.476 -4.755 -11.091  5.795  5.406 -5.200   0.0346605202
1350 -4.479 -4.754 -11.092  5.795  5.407 -5.202   0.0346603673
1353 -4.479 -4.754 -11.092  5.795  5.407 -5.202   0.0346602717
1356 -4.480 -4.750 -11.088  5.798  5.409 -5.206   0.0346583234
1362 -4.480 -4.752 -11.090  5.797  5.408 -5.205   0.0346581045
1363 -4.480 -4.751 -11.089  5.797  5.409 -5.205   0.0346579723
1364 -4.480 -4.751 -11.089  5.797  5.409 -5.205   0.0346579720
1369 -4.480 -4.751 -11.089  5.797  5.409 -5.205   0.0346579215
  powell nthiter 15: fret = 0.034658
1383 -4.480 -4.751 -11.089  5.797  5.410 -5.203   0.0346576995
1400 -4.480 -4.751 -11.089  5.797  5.410 -5.204   0.0346576970
1411 -4.480 -4.749 -11.094  5.799  5.409 -5.204   0.0346574555
1414 -4.480 -4.749 -11.095  5.800  5.409 -5.204   0.0346574326
1428 -4.480 -4.749 -11.095  5.801  5.409 -5.204   0.0346572826
1439 -4.480 -4.749 -11.095  5.801  5.408 -5.204   0.0346572076
1442 -4.481 -4.745 -11.091  5.804  5.410 -5.207   0.0346560255
1446 -4.481 -4.746 -11.093  5.803  5.409 -5.206   0.0346553186
1447 -4.481 -4.746 -11.093  5.803  5.409 -5.206   0.0346553186
1449 -4.481 -4.746 -11.093  5.803  5.409 -5.206   0.0346552988
  powell nthiter 16: fret = 0.034655
1464 -4.481 -4.746 -11.093  5.803  5.410 -5.204   0.0346549947
1465 -4.481 -4.747 -11.093  5.803  5.411 -5.204   0.0346549509
1468 -4.481 -4.747 -11.093  5.802  5.411 -5.203   0.0346549301
1479 -4.479 -4.747 -11.093  5.802  5.410 -5.202   0.0346549065
1481 -4.480 -4.747 -11.093  5.802  5.411 -5.203   0.0346548840
1493 -4.480 -4.746 -11.094  5.803  5.410 -5.203   0.0346547911
1519 -4.480 -4.746 -11.094  5.803  5.409 -5.203   0.0346544664
1526 -4.480 -4.745 -11.093  5.804  5.410 -5.204   0.0346536606
1534 -4.480 -4.743 -11.093  5.805  5.410 -5.203   0.0346529515
1539 -4.480 -4.742 -11.092  5.806  5.410 -5.202   0.0346528647
1542 -4.480 -4.742 -11.092  5.806  5.410 -5.202   0.0346528251
1548 -4.480 -4.742 -11.092  5.806  5.410 -5.202   0.0346528117
1550 -4.480 -4.742 -11.092  5.806  5.410 -5.202   0.0346528072
  powell nthiter 17: fret = 0.034653
1560 -4.480 -4.742 -11.092  5.806  5.410 -5.202   0.0346528047
1561 -4.480 -4.742 -11.092  5.806  5.410 -5.202   0.0346528014
1570 -4.480 -4.742 -11.092  5.806  5.410 -5.202   0.0346527318
1596 -4.480 -4.742 -11.092  5.805  5.410 -5.202   0.0346524253
1597 -4.480 -4.742 -11.092  5.804  5.410 -5.202   0.0346522559
1608 -4.480 -4.742 -11.092  5.804  5.409 -5.202   0.0346522431
1615 -4.479 -4.742 -11.092  5.805  5.409 -5.201   0.0346521911
1618 -4.479 -4.742 -11.092  5.805  5.409 -5.201   0.0346521831
  powell nthiter 18: fret = 0.034652
1643 -4.478 -4.742 -11.092  5.804  5.408 -5.200   0.0346520681
1644 -4.477 -4.742 -11.092  5.804  5.408 -5.199   0.0346520635
1646 -4.477 -4.742 -11.092  5.804  5.408 -5.199   0.0346519597
1696 -4.477 -4.742 -11.092  5.804  5.408 -5.199   0.0346519590
1697 -4.477 -4.742 -11.092  5.804  5.408 -5.199   0.0346519588
1699 -4.477 -4.742 -11.092  5.804  5.408 -5.199   0.0346519578
  powell nthiter 19: fret = 0.034652
1707 -4.477 -4.742 -11.092  5.804  5.407 -5.201   0.0346517971
1711 -4.477 -4.742 -11.092  5.804  5.407 -5.200   0.0346517953
1772 -4.477 -4.742 -11.092  5.804  5.407 -5.200   0.0346517900
1773 -4.477 -4.742 -11.092  5.804  5.407 -5.200   0.0346517877
  powell nthiter 20: fret = 0.034652
1844 -4.477 -4.742 -11.092  5.804  5.407 -5.201   0.0346517815
  powell nthiter 21: fret = 0.034652
Powell done niters = 21
Computing relative cost
 0  -25.0 -25.0 -25.0   0.991979
 1  -25.0 -25.0  25.0   0.960924
 2  -25.0  25.0 -25.0   0.973062
 3  -25.0  25.0  25.0   0.983162
 4   25.0 -25.0 -25.0   0.966201
 5   25.0 -25.0  25.0   0.991382
 6   25.0  25.0 -25.0   0.981540
 7   25.0  25.0  25.0   0.969682
REL:  8  0.034652    7.817932  0.977241 rel = 0.0354588 
Number of iterations    21
Min cost was 0.034652
Number of FunctionCalls  1930
TolPowell 0.000000
nMaxItersPowell 36
OptimizationTime 323.525786 sec
Parameters at optimum (transmm) -4.47699 -4.74177 -11.09170
Parameters at optimum (rotdeg)  5.80440  5.40747 -5.20050 
Final costs ----------------
Number of surface hits 462256
WM  Intensity   773.6317 +/- 229.4934
Ctx Intensity  1191.1471 +/- 362.0342
Pct Contrast     41.9845 +/-  20.4373
Cost   0.0347
RelCost   0.8855
Reg at min cost was 
-1.00000   0.00064   0.00001   0.03105;
 0.00001  -0.00280   1.00000  -0.14898;
-0.00064  -1.00000  -0.00280  -0.31619;
 0.00000   0.00000   0.00000   1.00000;

Writing optimal reg to /localscratch/bpinsard.41451854.0/freesurfer_crosssectional_autorecon3_sub03_ses004.job/sub-03_ses-004/mri/transforms/T2raw.auto.dat, type = 14 
Original Reg 
-0.99139   0.09513  -0.08996   3.03960;
-0.09972  -0.10339   0.98963   6.08068;
-0.08484  -0.99008  -0.11198   10.55054;
 0.00000   0.00000   0.00000   1.00000;

Original Reg - Optimal Reg
 0.00861   0.09448  -0.08997   3.00855;
-0.09973  -0.10059  -0.01037   6.22966;
-0.08420   0.00991  -0.10919   10.86673;
 0.00000   0.00000   0.00000   0.00000;

Computing change in lh position
LH rmsDiffMean 14.949930
Computing change in rh position
Surface-RMS-Diff-mm 11.956206 4.941223 22.354600
mri_segreg done
MinCost: 0.034652 773.631707 1191.147070 41.984475 
tkregister2_cmdl --mov /localscratch/bpinsard.41451854.0/freesurfer_crosssectional_autorecon3_sub03_ses004.job/sub-03_ses-004/mri/orig/T2raw.mgz --reg /localscratch/bpinsard.41451854.0/freesurfer_crosssectional_autorecon3_sub03_ses004.job/sub-03_ses-004/mri/transforms/T2raw.auto.dat --noedit --ltaout /localscratch/bpinsard.41451854.0/freesurfer_crosssectional_autorecon3_sub03_ses004.job/sub-03_ses-004/mri/transforms/T2raw.auto.lta
INFO: no target volume specified, assuming FreeSurfer orig volume.
target  volume orig
movable volume /localscratch/bpinsard.41451854.0/freesurfer_crosssectional_autorecon3_sub03_ses004.job/sub-03_ses-004/mri/orig/T2raw.mgz
reg file       /localscratch/bpinsard.41451854.0/freesurfer_crosssectional_autorecon3_sub03_ses004.job/sub-03_ses-004/mri/transforms/T2raw.auto.dat
LoadVol        0
ZeroCRAS       0
7.4.1
Diagnostic Level -1
---- Input registration matrix --------
-1.00000   0.00064   0.00001   0.03105;
 0.00001  -0.00280   1.00000  -0.14898;
-0.00064  -1.00000  -0.00280  -0.31619;
 0.00000   0.00000   0.00000   1.00000;
float2int = 0
---------------------------------------
INFO: loading target /localscratch/bpinsard.41451854.0/freesurfer_crosssectional_autorecon3_sub03_ses004.job/sub-03_ses-004/mri/orig.mgz
INFO: target does not conform to COR format, so I'm going to
reslice to COR. This will not affect the final registration.
Ttarg: --------------------
-1.00000   0.00000   0.00000   128.00000;
 0.00000   0.00000   1.00000  -128.00000;
 0.00000  -1.00000   0.00000   128.00000;
 0.00000   0.00000   0.00000   1.00000;
INFO: loading movable /localscratch/bpinsard.41451854.0/freesurfer_crosssectional_autorecon3_sub03_ses004.job/sub-03_ses-004/mri/orig/T2raw.mgz
Tmov: --------------------
-0.80000   0.00000   0.00000   83.20032;
 0.00000   0.00000   0.80000  -128.00000;
 0.00000  -0.80000   0.00000   120.00000;
 0.00000   0.00000   0.00000   1.00000;
mkheaderreg = 0, float2int = 0
---- Input registration matrix --------
-1.00000   0.00064   0.00001   0.03104;
 0.00001  -0.00280   1.00000  -0.14898;
-0.00064  -1.00000  -0.00280  -0.31619;
 0.00000   0.00000   0.00000   1.00000;
Determinant -1
subject = sub-03_ses-004
RegMat ---------------------------
-1.00000   0.00064   0.00001   0.03105;
 0.00001  -0.00280   1.00000  -0.14898;
-0.00064  -1.00000  -0.00280  -0.31619;
 0.00000   0.00000   0.00000   1.00000;
Cleaning up
 
Started at Sun Oct 8 04:04:39 UTC 2023 
Ended   at Sun Oct  8 04:12:32 UTC 2023
BBR-Run-Time-Sec 472
 
bbregister Done
To check results, run:
tkregisterfv --mov /localscratch/bpinsard.41451854.0/freesurfer_crosssectional_autorecon3_sub03_ses004.job/sub-03_ses-004/mri/orig/T2raw.mgz --reg /localscratch/bpinsard.41451854.0/freesurfer_crosssectional_autorecon3_sub03_ses004.job/sub-03_ses-004/mri/transforms/T2raw.auto.lta --surfs  --sd /localscratch/bpinsard.41451854.0/freesurfer_crosssectional_autorecon3_sub03_ses004.job
