Log file for defect2seg
Thu Oct  5 16:40:20 UTC 2023

setenv SUBJECTS_DIR /localscratch/bpinsard.41394455.0/freesurfer_crosssectional_autorecon1smriprep_skullstripautorecon2autorecon3_sub03_ses001.job
cd /localscratch/bpinsard.41394455.0/freesurfer_crosssectional_autorecon1smriprep_skullstripautorecon2autorecon3_sub03_ses001.job/sub-03_ses-001/scripts
/opt/freesurfer/bin/defect2seg --s sub-03_ses-001 --cortex

freesurfer-linux-centos7_x86_64-7.4.1-20230613-7eb8460
defect2seg 7.4.1
Linux bc11948.int.ets1.calculquebec.ca 3.10.0-1160.95.1.el7.x86_64 #1 SMP Mon Jul 24 13:59:37 UTC 2023 x86_64 x86_64 x86_64 GNU/Linux
pid 40962
mri_label2label --label-cortex /localscratch/bpinsard.41394455.0/freesurfer_crosssectional_autorecon1smriprep_skullstripautorecon2autorecon3_sub03_ses001.job/sub-03_ses-001/surf/lh.orig.nofix /localscratch/bpinsard.41394455.0/freesurfer_crosssectional_autorecon1smriprep_skullstripautorecon2autorecon3_sub03_ses001.job/sub-03_ses-001/mri/aseg.presurf.mgz 0 /localscratch/bpinsard.41394455.0/freesurfer_crosssectional_autorecon1smriprep_skullstripautorecon2autorecon3_sub03_ses001.job/sub-03_ses-001/label/lh.nofix.cortex.label

 Generating cortex label... RemoveHipAmgy=0
 NucAccIsMedialWall=0
 mris->useRealRAS=0
25 non-cortical segments detected
only using segment with 11323 vertices
erasing segment 0 (vno[0] = 3180)
erasing segment 1 (vno[0] = 58133)
erasing segment 2 (vno[0] = 68044)
erasing segment 3 (vno[0] = 74262)
erasing segment 5 (vno[0] = 84348)
erasing segment 6 (vno[0] = 127748)
erasing segment 7 (vno[0] = 147255)
erasing segment 8 (vno[0] = 152733)
erasing segment 9 (vno[0] = 156138)
erasing segment 10 (vno[0] = 159094)
erasing segment 11 (vno[0] = 160767)
erasing segment 12 (vno[0] = 160794)
erasing segment 13 (vno[0] = 161954)
erasing segment 14 (vno[0] = 162094)
erasing segment 15 (vno[0] = 164836)
erasing segment 16 (vno[0] = 167598)
erasing segment 17 (vno[0] = 168607)
erasing segment 18 (vno[0] = 168876)
erasing segment 19 (vno[0] = 171503)
erasing segment 20 (vno[0] = 172973)
erasing segment 21 (vno[0] = 175908)
erasing segment 22 (vno[0] = 178420)
erasing segment 23 (vno[0] = 190458)
erasing segment 24 (vno[0] = 216383)
mri_label2vol --defects /localscratch/bpinsard.41394455.0/freesurfer_crosssectional_autorecon1smriprep_skullstripautorecon2autorecon3_sub03_ses001.job/sub-03_ses-001/surf/lh.orig.nofix /localscratch/bpinsard.41394455.0/freesurfer_crosssectional_autorecon1smriprep_skullstripautorecon2autorecon3_sub03_ses001.job/sub-03_ses-001/surf/lh.defect_labels /localscratch/bpinsard.41394455.0/freesurfer_crosssectional_autorecon1smriprep_skullstripautorecon2autorecon3_sub03_ses001.job/sub-03_ses-001/mri/orig.mgz 1000 0 /localscratch/bpinsard.41394455.0/freesurfer_crosssectional_autorecon1smriprep_skullstripautorecon2autorecon3_sub03_ses001.job/sub-03_ses-001/mri/surface.defects.mgz /localscratch/bpinsard.41394455.0/freesurfer_crosssectional_autorecon1smriprep_skullstripautorecon2autorecon3_sub03_ses001.job/sub-03_ses-001/label/lh.nofix.cortex.label
mri_label2vol supposed to be reproducible but seed not set
Contraining to label /localscratch/bpinsard.41394455.0/freesurfer_crosssectional_autorecon1smriprep_skullstripautorecon2autorecon3_sub03_ses001.job/sub-03_ses-001/label/lh.nofix.cortex.label
Changing input type 0 to MRI_INT
Converting defects to volume: offset=1000, merge=0
Writing to /localscratch/bpinsard.41394455.0/freesurfer_crosssectional_autorecon1smriprep_skullstripautorecon2autorecon3_sub03_ses001.job/sub-03_ses-001/mri/surface.defects.mgz
mris_defects_pointset -s /localscratch/bpinsard.41394455.0/freesurfer_crosssectional_autorecon1smriprep_skullstripautorecon2autorecon3_sub03_ses001.job/sub-03_ses-001/surf/lh.orig.nofix -d /localscratch/bpinsard.41394455.0/freesurfer_crosssectional_autorecon1smriprep_skullstripautorecon2autorecon3_sub03_ses001.job/sub-03_ses-001/surf/lh.defect_labels -o /localscratch/bpinsard.41394455.0/freesurfer_crosssectional_autorecon1smriprep_skullstripautorecon2autorecon3_sub03_ses001.job/sub-03_ses-001/surf/lh.defects.pointset --label /localscratch/bpinsard.41394455.0/freesurfer_crosssectional_autorecon1smriprep_skullstripautorecon2autorecon3_sub03_ses001.job/sub-03_ses-001/label/lh.nofix.cortex.label
Reading in surface /localscratch/bpinsard.41394455.0/freesurfer_crosssectional_autorecon1smriprep_skullstripautorecon2autorecon3_sub03_ses001.job/sub-03_ses-001/surf/lh.orig.nofix
Reading in defect segmentation /localscratch/bpinsard.41394455.0/freesurfer_crosssectional_autorecon1smriprep_skullstripautorecon2autorecon3_sub03_ses001.job/sub-03_ses-001/surf/lh.defect_labels
Reading in label /localscratch/bpinsard.41394455.0/freesurfer_crosssectional_autorecon1smriprep_skullstripautorecon2autorecon3_sub03_ses001.job/sub-03_ses-001/label/lh.nofix.cortex.label
#VMPC# mris_defects_pointset 608304
mris_defects_pointset done
mri_label2label --label-cortex /localscratch/bpinsard.41394455.0/freesurfer_crosssectional_autorecon1smriprep_skullstripautorecon2autorecon3_sub03_ses001.job/sub-03_ses-001/surf/rh.orig.nofix /localscratch/bpinsard.41394455.0/freesurfer_crosssectional_autorecon1smriprep_skullstripautorecon2autorecon3_sub03_ses001.job/sub-03_ses-001/mri/aseg.presurf.mgz 0 /localscratch/bpinsard.41394455.0/freesurfer_crosssectional_autorecon1smriprep_skullstripautorecon2autorecon3_sub03_ses001.job/sub-03_ses-001/label/rh.nofix.cortex.label

 Generating cortex label... RemoveHipAmgy=0
 NucAccIsMedialWall=0
 mris->useRealRAS=0
40 non-cortical segments detected
only using segment with 11313 vertices
erasing segment 0 (vno[0] = 3079)
erasing segment 1 (vno[0] = 4272)
erasing segment 2 (vno[0] = 5054)
erasing segment 3 (vno[0] = 6527)
erasing segment 4 (vno[0] = 6896)
erasing segment 5 (vno[0] = 13056)
erasing segment 6 (vno[0] = 13115)
erasing segment 7 (vno[0] = 23365)
erasing segment 8 (vno[0] = 64781)
erasing segment 9 (vno[0] = 67877)
erasing segment 11 (vno[0] = 100443)
erasing segment 12 (vno[0] = 122583)
erasing segment 13 (vno[0] = 125108)
erasing segment 14 (vno[0] = 128133)
erasing segment 15 (vno[0] = 129700)
erasing segment 16 (vno[0] = 134989)
erasing segment 17 (vno[0] = 146691)
erasing segment 18 (vno[0] = 152223)
erasing segment 19 (vno[0] = 157655)
erasing segment 20 (vno[0] = 162022)
erasing segment 21 (vno[0] = 162082)
erasing segment 22 (vno[0] = 163228)
erasing segment 23 (vno[0] = 165778)
erasing segment 24 (vno[0] = 165784)
erasing segment 25 (vno[0] = 165794)
erasing segment 26 (vno[0] = 167077)
erasing segment 27 (vno[0] = 167089)
erasing segment 28 (vno[0] = 167117)
erasing segment 29 (vno[0] = 171447)
erasing segment 30 (vno[0] = 172204)
erasing segment 31 (vno[0] = 173941)
erasing segment 32 (vno[0] = 174197)
erasing segment 33 (vno[0] = 174722)
erasing segment 34 (vno[0] = 181124)
erasing segment 35 (vno[0] = 182300)
erasing segment 36 (vno[0] = 183454)
erasing segment 37 (vno[0] = 186496)
erasing segment 38 (vno[0] = 202882)
erasing segment 39 (vno[0] = 206696)
mri_label2vol --defects /localscratch/bpinsard.41394455.0/freesurfer_crosssectional_autorecon1smriprep_skullstripautorecon2autorecon3_sub03_ses001.job/sub-03_ses-001/surf/rh.orig.nofix /localscratch/bpinsard.41394455.0/freesurfer_crosssectional_autorecon1smriprep_skullstripautorecon2autorecon3_sub03_ses001.job/sub-03_ses-001/surf/rh.defect_labels /localscratch/bpinsard.41394455.0/freesurfer_crosssectional_autorecon1smriprep_skullstripautorecon2autorecon3_sub03_ses001.job/sub-03_ses-001/mri/surface.defects.mgz 2000 1 /localscratch/bpinsard.41394455.0/freesurfer_crosssectional_autorecon1smriprep_skullstripautorecon2autorecon3_sub03_ses001.job/sub-03_ses-001/mri/surface.defects.mgz /localscratch/bpinsard.41394455.0/freesurfer_crosssectional_autorecon1smriprep_skullstripautorecon2autorecon3_sub03_ses001.job/sub-03_ses-001/label/rh.nofix.cortex.label
mri_label2vol supposed to be reproducible but seed not set
Contraining to label /localscratch/bpinsard.41394455.0/freesurfer_crosssectional_autorecon1smriprep_skullstripautorecon2autorecon3_sub03_ses001.job/sub-03_ses-001/label/rh.nofix.cortex.label
Converting defects to volume: offset=2000, merge=1
Writing to /localscratch/bpinsard.41394455.0/freesurfer_crosssectional_autorecon1smriprep_skullstripautorecon2autorecon3_sub03_ses001.job/sub-03_ses-001/mri/surface.defects.mgz
mris_defects_pointset -s /localscratch/bpinsard.41394455.0/freesurfer_crosssectional_autorecon1smriprep_skullstripautorecon2autorecon3_sub03_ses001.job/sub-03_ses-001/surf/rh.orig.nofix -d /localscratch/bpinsard.41394455.0/freesurfer_crosssectional_autorecon1smriprep_skullstripautorecon2autorecon3_sub03_ses001.job/sub-03_ses-001/surf/rh.defect_labels -o /localscratch/bpinsard.41394455.0/freesurfer_crosssectional_autorecon1smriprep_skullstripautorecon2autorecon3_sub03_ses001.job/sub-03_ses-001/surf/rh.defects.pointset --label /localscratch/bpinsard.41394455.0/freesurfer_crosssectional_autorecon1smriprep_skullstripautorecon2autorecon3_sub03_ses001.job/sub-03_ses-001/label/rh.nofix.cortex.label
Reading in surface /localscratch/bpinsard.41394455.0/freesurfer_crosssectional_autorecon1smriprep_skullstripautorecon2autorecon3_sub03_ses001.job/sub-03_ses-001/surf/rh.orig.nofix
Reading in defect segmentation /localscratch/bpinsard.41394455.0/freesurfer_crosssectional_autorecon1smriprep_skullstripautorecon2autorecon3_sub03_ses001.job/sub-03_ses-001/surf/rh.defect_labels
Reading in label /localscratch/bpinsard.41394455.0/freesurfer_crosssectional_autorecon1smriprep_skullstripautorecon2autorecon3_sub03_ses001.job/sub-03_ses-001/label/rh.nofix.cortex.label
#VMPC# mris_defects_pointset 611004
mris_defects_pointset done
 
Started at Thu Oct 5 16:40:20 UTC 2023 
Ended   at Thu Oct  5 16:41:42 UTC 2023
Defect2seg-Run-Time-Sec 82
Defect2seg-Run-Time-Min 1.64
Defect2seg-Run-Time-Hours 0.02
 
defect2seg Done
