status file for recon-all
Fri Oct 13 10:32:32 UTC 2023
#@# MotionCor Fri Oct 13 10:33:12 UTC 2023
#@# Talairach Fri Oct 13 10:33:12 UTC 2023
#@# Talairach Failure Detection Fri Oct 13 10:33:14 UTC 2023
#@# Nu Intensity Correction Fri Oct 13 10:33:14 UTC 2023
#@# Intensity Normalization Fri Oct 13 10:42:50 UTC 2023
#@# Skull Stripping Fri Oct 13 10:57:12 UTC 2023
#@# EM Registration Fri Oct 13 10:57:19 UTC 2023
#@# CA Normalize Fri Oct 13 10:57:19 UTC 2023
#@# CA Reg Fri Oct 13 11:01:31 UTC 2023
#@# SubCort Seg Fri Oct 13 11:27:54 UTC 2023
#@# CC Seg Fri Oct 13 11:39:23 UTC 2023
#@# Merge ASeg Fri Oct 13 11:46:06 UTC 2023
#@# Intensity Normalization2 Fri Oct 13 11:46:06 UTC 2023
#@# Mask BFS Fri Oct 13 11:53:07 UTC 2023
#@# WM Segmentation Fri Oct 13 11:53:14 UTC 2023
#@# Smooth2 lh Fri Oct 13 12:11:30 UTC 2023
#@# Smooth2 rh Fri Oct 13 12:11:37 UTC 2023
#@# Inflation2 lh Fri Oct 13 12:11:43 UTC 2023
#@# Inflation2 rh Fri Oct 13 12:12:09 UTC 2023
#@# Curv .H and .K lh Fri Oct 13 12:12:39 UTC 2023
#@# Curv .H and .K rh Fri Oct 13 12:14:20 UTC 2023
#@# Sphere lh Fri Oct 13 12:16:05 UTC 2023
#@# Sphere rh Fri Oct 13 12:16:05 UTC 2023
#@# Surf Reg lh Fri Oct 13 12:16:05 UTC 2023
#@# Surf Reg rh Fri Oct 13 12:19:40 UTC 2023
#@# Jacobian white lh Fri Oct 13 12:29:34 UTC 2023
#@# Jacobian white rh Fri Oct 13 12:29:36 UTC 2023
#@# AvgCurv lh Fri Oct 13 12:29:38 UTC 2023
#@# AvgCurv rh Fri Oct 13 12:29:40 UTC 2023
#@# Cortical Parc lh Fri Oct 13 12:29:41 UTC 2023
#@# Cortical Parc rh Fri Oct 13 12:29:59 UTC 2023
#@# white curv lh Fri Oct 13 12:46:23 UTC 2023
#@# white area lh Fri Oct 13 12:46:27 UTC 2023
#@# pial curv lh Fri Oct 13 12:46:28 UTC 2023
#@# pial area lh Fri Oct 13 12:46:32 UTC 2023
#@# thickness lh Fri Oct 13 12:46:33 UTC 2023
#@# area and vertex vol lh Fri Oct 13 12:47:38 UTC 2023
#@# white curv rh Fri Oct 13 12:47:41 UTC 2023
#@# white area rh Fri Oct 13 12:47:45 UTC 2023
#@# pial curv rh Fri Oct 13 12:47:46 UTC 2023
#@# pial area rh Fri Oct 13 12:47:50 UTC 2023
#@# thickness rh Fri Oct 13 12:47:51 UTC 2023
#@# area and vertex vol rh Fri Oct 13 12:49:01 UTC 2023
#@# Curvature Stats lh Fri Oct 13 12:49:04 UTC 2023
#@# Curvature Stats rh Fri Oct 13 12:49:10 UTC 2023
#@# Cortical ribbon mask Fri Oct 13 12:49:16 UTC 2023
#@# Cortical Parc 2 lh Fri Oct 13 13:18:12 UTC 2023
#@# Cortical Parc 2 rh Fri Oct 13 13:18:35 UTC 2023
#@# Cortical Parc 3 lh Fri Oct 13 13:18:59 UTC 2023
#@# Cortical Parc 3 rh Fri Oct 13 13:19:18 UTC 2023
#@# WM/GM Contrast lh Fri Oct 13 13:19:37 UTC 2023
#@# WM/GM Contrast rh Fri Oct 13 13:19:45 UTC 2023
#@# Relabel Hypointensities Fri Oct 13 13:19:53 UTC 2023
#@# APas-to-ASeg Fri Oct 13 13:20:33 UTC 2023
#@# AParc-to-ASeg aparc Fri Oct 13 13:21:09 UTC 2023
#@# AParc-to-ASeg aparc.a2009s Fri Oct 13 13:26:05 UTC 2023
#@# AParc-to-ASeg aparc.DKTatlas Fri Oct 13 13:31:05 UTC 2023
#@# WMParc Fri Oct 13 13:36:04 UTC 2023
#@# Parcellation Stats lh Fri Oct 13 13:43:31 UTC 2023
#@# Parcellation Stats rh Fri Oct 13 13:44:48 UTC 2023
#@# Parcellation Stats 2 lh Fri Oct 13 13:46:09 UTC 2023
#@# Parcellation Stats 2 rh Fri Oct 13 13:46:49 UTC 2023
#@# Parcellation Stats 3 lh Fri Oct 13 13:47:30 UTC 2023
#@# Parcellation Stats 3 rh Fri Oct 13 13:48:08 UTC 2023
#@# ASeg Stats Fri Oct 13 13:48:48 UTC 2023
#@# BA_exvivo Labels lh Fri Oct 13 13:50:26 UTC 2023
#@# BA_exvivo Labels rh Fri Oct 13 13:55:53 UTC 2023
recon-all -s sub-06_ses-003.long.sub-06 finished without error at Fri Oct 13 14:01:44 UTC 2023
