/localscratch/bpinsard.41394441.0/freesurfer_crosssectional_autorecon1smriprep_skullstripautorecon2autorecon3_sub02_ses002.job/sub-02_ses-002/mri
/opt/freesurfer/bin/talairach_avi
--i orig_nu.mgz --xfm transforms/talairach.auto.xfm --atlas 3T18yoSchwartzReactN32_as_orig
talairach_avi 7.4.1
Linux bc12335.int.ets1.calculquebec.ca 3.10.0-1160.99.1.el7.x86_64 #1 SMP Wed Sep 13 14:19:20 UTC 2023 x86_64 x86_64 x86_64 GNU/Linux
Thu Oct  5 12:06:29 UTC 2023
mri_convert orig_nu.mgz talsrcimg.img 
reading from orig_nu.mgz...
TR=0.00, TE=0.00, TI=0.00, flip angle=0.00
i_ras = (-1, 0, 0)
j_ras = (0, 0, -1)
k_ras = (0, 1, 0)
writing to talsrcimg.img...
Analyze Output Matrix
-0.80000   0.00000   0.00000   129.48874;
 0.00000   0.00000   0.80000  -102.86667;
 0.00000  -0.80000   0.00000   103.30510;
 0.00000   0.00000   0.00000   1.00000;
--------------------
INFO: set hdr.hist.orient to -1
mpr2mni305 talsrcimg
Thu Oct  5 12:06:30 UTC 2023
/opt/freesurfer/bin/mpr2mni305 talsrcimg
mpr2mni305 7.4.1
target=3T18yoSchwartzReactN32_as_orig

---------------------------------------------------------------------
analyzeto4dfp talsrcimg -O0 -y
---------------------------------------------------------------------

freesurfer ifh2hdr.c
Thu Oct  5 12:06:30 2023
Writing: talsrcimg.4dfp.hdr
freesurfer analyzeto4dfp.c
Reading: talsrcimg.hdr
header size 348 bytes
hdr.dime.datatype	offset=70	value=2
hdr.dime.bitpix		offset=72	value=8
hdr.hist.orient		offset=252	value=-1
dimensionality     4
dimensions       320       320       320         1
Reading: talsrcimg.img
Writing: talsrcimg.4dfp.img
Writing: talsrcimg.4dfp.ifh
ifh2hdr talsrcimg -r0to211
ori=2

---------------------------------------------------------------------
gauss_4dfp talsrcimg 1.1
---------------------------------------------------------------------

freesurfer gauss_4dfp.c
Reading: talsrcimg.4dfp.img
Writing: talsrcimg_g11.4dfp.img
image dimensions 320 320 320 padded to 384 384 384
processing volume 1freesurfer ifh2hdr.c
Thu Oct  5 12:06:43 2023
Writing: talsrcimg_g11.4dfp.hdr

Writing: talsrcimg_g11.4dfp.ifh
including: talsrcimg.4dfp.img.rec in talsrcimg_g11.4dfp.img.rec

---------------------------------------------------------------------
imgreg_4dfp /opt/freesurfer/average/3T18yoSchwartzReactN32_as_orig none talsrcimg_g11 none talsrcimg_to_3T18yoSchwartzReactN32_as_orig_t4 4355
---------------------------------------------------------------------

freesurfer imgreg_4dfp.c
/opt/freesurfer/average/3T18yoSchwartzReactN32_as_orig.4dfp.img
       256       256       256         1
  1.000000  1.000000  1.000000
orientation T byte_order littleendian
Reading image: /opt/freesurfer/average/3T18yoSchwartzReactN32_as_orig.4dfp.img
dimensions:      256       256       256
mmppix:       1.0000   -1.0000   -1.0000
center:     128.0000 -129.0000 -129.0000
talsrcimg_g11.4dfp.img
       320       320       320         1
  0.799995  0.799995  0.799995
orientation T byte_order littleendian
Reading image: talsrcimg_g11.4dfp.img
dimensions:      320       320       320
mmppix:       0.8000   -0.8000   -0.8000
center:     127.9992 -128.7992 -128.7992
t4_read: open error in t4_sub.f l:  46 t4_file(1:l)talsrcimg_to_3T18yoSchwartzReactN32_as_orig_t4 
t4_read: transform initialized to I4
rotation matrix determinant  1.000000
image alignment mode   4355 decimal     1103 hex
   -7.5000  -45.0000  -45.0000 9114.1035   29.9874
    0.0000  -45.0000  -45.0000 9566.1260   29.9885
    7.5000  -45.0000  -45.0000 9056.7041   29.9886
   -7.5000  -37.5000  -45.0000 9293.8047   32.2411
    0.0000  -37.5000  -45.0000 9759.9404   32.2209
    7.5000  -37.5000  -45.0000 9250.0439   32.2068
   -7.5000  -30.0000  -45.0000 9783.8809   33.1013
    0.0000  -30.0000  -45.000010266.6406   33.0912
    7.5000  -30.0000  -45.0000 9722.2764   33.0727
   -7.5000  -22.5000  -45.000010213.2178   33.8873
    0.0000  -22.5000  -45.000010704.1289   33.8822
    7.5000  -22.5000  -45.000010123.7051   33.8641
   -7.5000  -15.0000  -45.000010590.8096   34.5109
    0.0000  -15.0000  -45.000011084.9082   34.5066
    7.5000  -15.0000  -45.000010483.6064   34.4943
   -7.5000   -7.5000  -45.000010934.6973   35.0816
    0.0000   -7.5000  -45.000011456.2041   35.0775
    7.5000   -7.5000  -45.000010832.5391   35.0741
   -7.5000    0.0000  -45.000011374.9648   36.0435
    0.0000    0.0000  -45.000011913.9541   36.0408
    7.5000    0.0000  -45.000011292.3799   36.0395
   -7.5000    7.5000  -45.000011277.9004   39.0125
    0.0000    7.5000  -45.000011802.9141   38.9861
    7.5000    7.5000  -45.000011186.1094   38.9692
   -7.5000   15.0000  -45.000011504.5342   42.7859
    0.0000   15.0000  -45.000012030.8984   42.7666
    7.5000   15.0000  -45.000011369.0537   42.7360
   -7.5000   22.5000  -45.000011542.3281   46.4519
    0.0000   22.5000  -45.000012070.9307   46.4317
    7.5000   22.5000  -45.000011403.1846   46.3914
   -7.5000   30.0000  -45.000011330.5342   49.6664
    0.0000   30.0000  -45.000011871.2070   49.6550
    7.5000   30.0000  -45.000011216.5762   49.6551
   -7.5000   37.5000  -45.000011367.7686   52.8855
    0.0000   37.5000  -45.000011912.8770   52.8757
    7.5000   37.5000  -45.000011274.2959   52.8778
   -7.5000   45.0000  -45.000010801.1348   55.2984
    0.0000   45.0000  -45.000011312.4590   55.2917
    7.5000   45.0000  -45.000010735.0557   55.2926
   -7.5000  -45.0000  -37.5000 9521.3691   29.9149
    0.0000  -45.0000  -37.5000 9958.3545   29.9301
    7.5000  -45.0000  -37.5000 9444.5781   29.9444
   -7.5000  -37.5000  -37.5000 9707.2383   32.1845
    0.0000  -37.5000  -37.500010155.4678   32.1772
    7.5000  -37.5000  -37.5000 9641.7715   32.1700
   -7.5000  -30.0000  -37.500010203.2539   33.0432
    0.0000  -30.0000  -37.500010679.2725   33.0409
    7.5000  -30.0000  -37.500010124.2705   33.0274
   -7.5000  -22.5000  -37.500010648.8945   33.8216
    0.0000  -22.5000  -37.500011142.1338   33.8220
    7.5000  -22.5000  -37.500010540.8330   33.8107
   -7.5000  -15.0000  -37.500011074.7422   34.4349
    0.0000  -15.0000  -37.500011575.7734   34.4388
    7.5000  -15.0000  -37.500010935.4551   34.4370
   -7.5000   -7.5000  -37.500011464.3125   34.9981
    0.0000   -7.5000  -37.500011998.9434   35.0069
    7.5000   -7.5000  -37.500011330.9043   35.0183
   -7.5000    0.0000  -37.500011939.4043   35.9578
    0.0000    0.0000  -37.500012502.6279   35.9717
    7.5000    0.0000  -37.500011838.8457   35.9878
   -7.5000    7.5000  -37.500011847.1426   38.9448
    0.0000    7.5000  -37.500012409.8887   38.9339
    7.5000    7.5000  -37.500011725.8096   38.9254
   -7.5000   15.0000  -37.500012080.3379   42.6793
    0.0000   15.0000  -37.500012642.6699   42.6688
    7.5000   15.0000  -37.500011938.4912   42.6414
   -7.5000   22.5000  -37.500012141.6992   46.3687
    0.0000   22.5000  -37.500012712.5615   46.3553
    7.5000   22.5000  -37.500012000.8838   46.3141
   -7.5000   30.0000  -37.500011945.6260   49.5787
    0.0000   30.0000  -37.500012516.5156   49.5818
    7.5000   30.0000  -37.500011828.1045   49.5795
   -7.5000   37.5000  -37.500011999.9629   52.7913
    0.0000   37.5000  -37.500012562.7549   52.7952
    7.5000   37.5000  -37.500011899.8125   52.7970
   -7.5000   45.0000  -37.500011419.8682   55.2103
    0.0000   45.0000  -37.500011946.6709   55.2225
    7.5000   45.0000  -37.500011346.3613   55.2186
   -7.5000  -45.0000  -30.000010072.6260   31.0581
    0.0000  -45.0000  -30.000010500.8320   31.0878
    7.5000  -45.0000  -30.0000 9971.3662   31.1158
   -7.5000  -37.5000  -30.000010276.9795   33.4062
    0.0000  -37.5000  -30.000010711.1084   33.4133
    7.5000  -37.5000  -30.000010169.5615   33.4213
   -7.5000  -30.0000  -30.000010803.1787   34.3179
    0.0000  -30.0000  -30.000011270.1709   34.3291
    7.5000  -30.0000  -30.000010676.0195   34.3338
   -7.5000  -22.5000  -30.000011295.5684   35.1531
    0.0000  -22.5000  -30.000011779.5654   35.1659
    7.5000  -22.5000  -30.000011128.4727   35.1755
   -7.5000  -15.0000  -30.000011764.6758   35.8309
    0.0000  -15.0000  -30.000012276.3057   35.8471
    7.5000  -15.0000  -30.000011575.0801   35.8653
   -7.5000   -7.5000  -30.000012202.5674   36.4643
    0.0000   -7.5000  -30.000012770.2129   36.4873
    7.5000   -7.5000  -30.000012019.9629   36.5161
   -7.5000    0.0000  -30.000012728.3115   37.5125
    0.0000    0.0000  -30.000013334.8516   37.5433
    7.5000    0.0000  -30.000012570.6387   37.5755
   -7.5000    7.5000  -30.000012643.0723   40.6191
    0.0000    7.5000  -30.000013240.3164   40.6254
    7.5000    7.5000  -30.000012477.5068   40.6353
   -7.5000   15.0000  -30.000012900.4502   44.4835
    0.0000   15.0000  -30.000013512.2939   44.4973
    7.5000   15.0000  -30.000012735.7910   44.4960
   -7.5000   22.5000  -30.000012990.9912   48.3293
    0.0000   22.5000  -30.000013595.1309   48.3349
    7.5000   22.5000  -30.000012818.3906   48.3199
   -7.5000   30.0000  -30.000012797.3594   51.7188
    0.0000   30.0000  -30.000013388.9756   51.7413
    7.5000   30.0000  -30.000012643.2119   51.7531
   -7.5000   37.5000  -30.000012854.6318   55.0730
    0.0000   37.5000  -30.000013441.2109   55.0959
    7.5000   37.5000  -30.000012728.0596   55.1057
   -7.5000   45.0000  -30.000012230.0459   57.6320
    0.0000   45.0000  -30.000012779.2148   57.6701
    7.5000   45.0000  -30.000012133.8193   57.6751
   -7.5000  -45.0000  -22.500010584.6406   31.9919
    0.0000  -45.0000  -22.500010979.3398   32.0223
    7.5000  -45.0000  -22.500010460.7217   32.0492
   -7.5000  -37.5000  -22.500010825.4346   34.3721
    0.0000  -37.5000  -22.500011225.9443   34.3820
    7.5000  -37.5000  -22.500010692.8213   34.3986
   -7.5000  -30.0000  -22.500011414.6143   35.3169
    0.0000  -30.0000  -22.500011860.5977   35.3349
    7.5000  -30.0000  -22.500011263.0137   35.3537
   -7.5000  -22.5000  -22.500011960.5850   36.2028
    0.0000  -22.5000  -22.500012452.6152   36.2239
    7.5000  -22.5000  -22.500011759.4043   36.2484
   -7.5000  -15.0000  -22.500012485.5107   36.9487
    0.0000  -15.0000  -22.500013026.4053   36.9700
    7.5000  -15.0000  -22.500012260.6855   36.9981
   -7.5000   -7.5000  -22.500012986.0850   37.6586
    0.0000   -7.5000  -22.500013596.5410   37.6831
    7.5000   -7.5000  -22.500012768.3730   37.7146
   -7.5000    0.0000  -22.500013586.3008   38.7843
    0.0000    0.0000  -22.500014209.5879   38.8158
    7.5000    0.0000  -22.500013379.4219   38.8464
   -7.5000    7.5000  -22.500013514.2969   41.9495
    0.0000    7.5000  -22.500014119.5908   41.9591
    7.5000    7.5000  -22.500013301.1367   41.9793
   -7.5000   15.0000  -22.500013800.1875   45.9350
    0.0000   15.0000  -22.500014442.5977   45.9657
    7.5000   15.0000  -22.500013602.9521   45.9893
   -7.5000   22.5000  -22.500013866.1377   49.8683
    0.0000   22.5000  -22.500014517.0674   49.8877
    7.5000   22.5000  -22.500013679.3125   49.9021
   -7.5000   30.0000  -22.500013660.5420   53.4076
    0.0000   30.0000  -22.500014293.1201   53.4363
    7.5000   30.0000  -22.500013488.0088   53.4652
   -7.5000   37.5000  -22.500013722.7842   56.8683
    0.0000   37.5000  -22.500014369.6797   56.8981
    7.5000   37.5000  -22.500013589.4443   56.9178
   -7.5000   45.0000  -22.500013077.8906   59.5265
    0.0000   45.0000  -22.500013681.3848   59.5745
    7.5000   45.0000  -22.500012966.0000   59.5924
   -7.5000  -45.0000  -15.000011073.0264   32.6426
    0.0000  -45.0000  -15.000011452.0654   32.6607
    7.5000  -45.0000  -15.000010934.1816   32.6743
   -7.5000  -37.5000  -15.000011350.4199   35.0465
    0.0000  -37.5000  -15.000011722.3623   35.0445
    7.5000  -37.5000  -15.000011193.7188   35.0545
   -7.5000  -30.0000  -15.000012015.9678   36.0212
    0.0000  -30.0000  -15.000012442.0723   36.0317
    7.5000  -30.0000  -15.000011834.6826   36.0452
   -7.5000  -22.5000  -15.000012635.3154   36.9511
    0.0000  -22.5000  -15.000013106.7432   36.9667
    7.5000  -22.5000  -15.000012403.4922   36.9836
   -7.5000  -15.0000  -15.000013220.3867   37.7433
    0.0000  -15.0000  -15.000013763.0078   37.7573
    7.5000  -15.0000  -15.000012972.6973   37.7748
   -7.5000   -7.5000  -15.000013792.9033   38.4998
    0.0000   -7.5000  -15.000014446.0781   38.5126
    7.5000   -7.5000  -15.000013567.4307   38.5298
   -7.5000    0.0000  -15.000014475.0127   39.6759
    0.0000    0.0000  -15.000015150.9082   39.6927
    7.5000    0.0000  -15.000014254.8789   39.7071
   -7.5000    7.5000  -15.000014402.0859   42.8813
    0.0000    7.5000  -15.000015011.9600   42.8765
    7.5000    7.5000  -15.000014163.3633   42.8886
   -7.5000   15.0000  -15.000014742.0361   46.9908
    0.0000   15.0000  -15.000015397.1436   47.0127
    7.5000   15.0000  -15.000014493.7783   47.0327
   -7.5000   22.5000  -15.000014823.2568   50.9736
    0.0000   22.5000  -15.000015500.8926   50.9862
    7.5000   22.5000  -15.000014576.7334   51.0004
   -7.5000   30.0000  -15.000014609.2627   54.5818
    0.0000   30.0000  -15.000015269.3662   54.5970
    7.5000   30.0000  -15.000014370.2383   54.6289
   -7.5000   37.5000  -15.000014720.0791   58.1104
    0.0000   37.5000  -15.000015387.0029   58.1297
    7.5000   37.5000  -15.000014477.4375   58.1526
   -7.5000   45.0000  -15.000014054.5605   60.8136
    0.0000   45.0000  -15.000014688.8398   60.8463
    7.5000   45.0000  -15.000013830.7158   60.8708
   -7.5000  -45.0000   -7.500011478.8037   32.9912
    0.0000  -45.0000   -7.500011860.7773   32.9948
    7.5000  -45.0000   -7.500011385.4512   32.9952
   -7.5000  -37.5000   -7.500011759.6201   35.4341
    0.0000  -37.5000   -7.500012128.7939   35.4161
    7.5000  -37.5000   -7.500011653.6094   35.4104
   -7.5000  -30.0000   -7.500012490.9131   36.4432
    0.0000  -30.0000   -7.500012927.4141   36.4396
    7.5000  -30.0000   -7.500012368.2949   36.4337
   -7.5000  -22.5000   -7.500013208.0215   37.4017
    0.0000  -22.5000   -7.500013696.5234   37.4042
    7.5000  -22.5000   -7.500013025.1260   37.3992
   -7.5000  -15.0000   -7.500013887.4111   38.2091
    0.0000  -15.0000   -7.500014456.1670   38.2103
    7.5000  -15.0000   -7.500013656.2744   38.2068
   -7.5000   -7.5000   -7.500014583.4365   38.9778
    0.0000   -7.5000   -7.500015287.8350   38.9764
    7.5000   -7.5000   -7.500014333.7822   38.9762
   -7.5000    0.0000   -7.500015451.0713   40.1889
    0.0000    0.0000   -7.500016250.7783   40.1887
    7.5000    0.0000   -7.500015162.5908   40.1872
   -7.5000    7.5000   -7.500015410.2080   43.4485
    0.0000    7.5000   -7.500016121.5488   43.4243
    7.5000    7.5000   -7.500015047.6270   43.4174
   -7.5000   15.0000   -7.500015728.7480   47.6442
    0.0000   15.0000   -7.500016404.2148   47.6406
    7.5000   15.0000   -7.500015314.7090   47.6321
   -7.5000   22.5000   -7.500015784.3867   51.6735
    0.0000   22.5000   -7.500016462.6465   51.6663
    7.5000   22.5000   -7.500015367.0918   51.6516
   -7.5000   30.0000   -7.500015562.0771   55.2770
    0.0000   30.0000   -7.500016244.8193   55.2728
    7.5000   30.0000   -7.500015170.1094   55.2903
   -7.5000   37.5000   -7.500015657.3623   58.8514
    0.0000   37.5000   -7.500016370.3408   58.8508
    7.5000   37.5000   -7.500015300.6787   58.8652
   -7.5000   45.0000   -7.500014889.5117   61.5628
    0.0000   45.0000   -7.500015596.8516   61.5683
    7.5000   45.0000   -7.500014625.0723   61.5857
   -7.5000  -45.0000    0.000011709.9307   33.2052
    0.0000  -45.0000    0.000012128.2246   33.2071
    7.5000  -45.0000    0.000011749.3447   33.2074
   -7.5000  -37.5000    0.000012040.4297   35.6980
    0.0000  -37.5000    0.000012430.3613   35.6765
    7.5000  -37.5000    0.000012010.0811   35.6613
   -7.5000  -30.0000    0.000012908.7559   36.7361
    0.0000  -30.0000    0.000013361.4629   36.7260
    7.5000  -30.0000    0.000012783.1533   36.7058
   -7.5000  -22.5000    0.000013751.2979   37.7102
    0.0000  -22.5000    0.000014284.0557   37.7055
    7.5000  -22.5000    0.000013480.2012   37.6860
   -7.5000  -15.0000    0.000014561.6729   38.5219
    0.0000  -15.0000    0.000015180.8438   38.5181
    7.5000  -15.0000    0.000014165.4531   38.5049
   -7.5000   -7.5000    0.000015399.3135   39.3002
    0.0000   -7.5000    0.000016156.7402   39.2965
    7.5000   -7.5000    0.000014920.6084   39.2931
   -7.5000    0.0000    0.000016397.4297   40.5454
    0.0000    0.0000    0.000017335.3242   40.5431
    7.5000    0.0000    0.000015859.2275   40.5420
   -7.5000    7.5000    0.000016333.3584   43.8760
    0.0000    7.5000    0.000017266.3770   43.8474
    7.5000    7.5000    0.000015736.3037   43.8289
   -7.5000   15.0000    0.000016490.8398   48.1078
    0.0000   15.0000    0.000017332.2109   48.0875
    7.5000   15.0000    0.000015890.8721   48.0538
   -7.5000   22.5000    0.000016383.2207   52.2093
    0.0000   22.5000    0.000017189.3398   52.1884
    7.5000   22.5000    0.000015896.2783   52.1441
   -7.5000   30.0000    0.000016034.2119   55.8075
    0.0000   30.0000    0.000016831.2832   55.7965
    7.5000   30.0000    0.000015685.2754   55.7977
   -7.5000   37.5000    0.000016068.0547   59.4212
    0.0000   37.5000    0.000016902.0098   59.4121
    7.5000   37.5000    0.000015859.9717   59.4153
   -7.5000   45.0000    0.000015273.0098   62.1489
    0.0000   45.0000    0.000016083.4043   62.1435
    7.5000   45.0000    0.000015195.9688   62.1452
   -7.5000  -45.0000    7.500011231.4229   33.0522
    0.0000  -45.0000    7.500011611.1592   33.0690
    7.5000  -45.0000    7.500011146.4492   33.0849
   -7.5000  -37.5000    7.500011597.9023   35.5599
    0.0000  -37.5000    7.500011945.6143   35.5518
    7.5000  -37.5000    7.500011359.7451   35.5439
   -7.5000  -30.0000    7.500012466.4463   36.5998
    0.0000  -30.0000    7.500012882.1514   36.5971
    7.5000  -30.0000    7.500012112.0576   36.5822
   -7.5000  -22.5000    7.500013268.2480   37.5683
    0.0000  -22.5000    7.500013777.2861   37.5687
    7.5000  -22.5000    7.500012812.5625   37.5562
   -7.5000  -15.0000    7.500013997.2578   38.3705
    0.0000  -15.0000    7.500014628.5391   38.3748
    7.5000  -15.0000    7.500013521.3936   38.3729
   -7.5000   -7.5000    7.500014731.5615   39.1414
    0.0000   -7.5000    7.500015525.1377   39.1512
    7.5000   -7.5000    7.500014300.0381   39.1640
   -7.5000    0.0000    7.500015576.1973   40.3844
    0.0000    0.0000    7.500016558.4414   40.4001
    7.5000    0.0000    7.500015234.6934   40.4181
   -7.5000    7.5000    7.500015416.9492   43.7334
    0.0000    7.5000    7.500016353.2197   43.7210
    7.5000    7.5000    7.500015109.5537   43.7116
   -7.5000   15.0000    7.500015497.3496   47.9247
    0.0000   15.0000    7.500016346.9746   47.9129
    7.5000   15.0000    7.500015223.0479   47.8822
   -7.5000   22.5000    7.500015430.0693   52.0577
    0.0000   22.5000    7.500016266.2734   52.0426
    7.5000   22.5000    7.500015232.7637   51.9964
   -7.5000   30.0000    7.500015092.0010   55.6570
    0.0000   30.0000    7.500015902.3389   55.6604
    7.5000   30.0000    7.500014981.9834   55.6578
   -7.5000   37.5000    7.500015129.3184   59.2633
    0.0000   37.5000    7.500015925.0889   59.2678
    7.5000   37.5000    7.500015086.3789   59.2698
   -7.5000   45.0000    7.500014399.5596   62.0040
    0.0000   45.0000    7.500015140.5449   62.0177
    7.5000   45.0000    7.500014407.4580   62.0134
   -7.5000  -45.0000   15.000010598.6211   32.9587
    0.0000  -45.0000   15.000010976.9453   32.9906
    7.5000  -45.0000   15.000010364.5049   33.0205
   -7.5000  -37.5000   15.000010802.4863   35.4439
    0.0000  -37.5000   15.000011192.8809   35.4518
    7.5000  -37.5000   15.000010550.3320   35.4602
   -7.5000  -30.0000   15.000011534.7812   36.4678
    0.0000  -30.0000   15.000011995.8330   36.4799
    7.5000  -30.0000   15.000011274.0264   36.4847
   -7.5000  -22.5000   15.000012252.4746   37.4291
    0.0000  -22.5000   15.000012788.3604   37.4430
    7.5000  -22.5000   15.000011975.9873   37.4530
   -7.5000  -15.0000   15.000012948.2783   38.2427
    0.0000  -15.0000   15.000013574.3193   38.2603
    7.5000  -15.0000   15.000012683.2705   38.2797
   -7.5000   -7.5000   15.000013650.9131   39.0337
    0.0000   -7.5000   15.000014392.9033   39.0587
    7.5000   -7.5000   15.000013438.0674   39.0896
   -7.5000    0.0000   15.000014472.4268   40.2881
    0.0000    0.0000   15.000015311.4717   40.3217
    7.5000    0.0000   15.000014327.4746   40.3563
   -7.5000    7.5000   15.000014308.8594   43.6151
    0.0000    7.5000   15.000015067.7910   43.6224
    7.5000    7.5000   15.000014199.8975   43.6329
   -7.5000   15.0000   15.000014378.9805   47.7620
    0.0000   15.0000   15.000015079.2803   47.7773
    7.5000   15.0000   15.000014304.5762   47.7757
   -7.5000   22.5000   15.000014361.5391   51.8812
    0.0000   22.5000   15.000015057.3096   51.8878
    7.5000   22.5000   15.000014303.9199   51.8713
   -7.5000   30.0000   15.000014071.4229   55.5158
    0.0000   30.0000   15.000014744.9795   55.5406
    7.5000   30.0000   15.000014040.7852   55.5529
   -7.5000   37.5000   15.000014121.3809   59.1147
    0.0000   37.5000   15.000014789.1738   59.1403
    7.5000   37.5000   15.000014108.2266   59.1503
   -7.5000   45.0000   15.000013454.8262   61.8766
    0.0000   45.0000   15.000014124.9111   61.9187
    7.5000   45.0000   15.000013465.1025   61.9241
   -7.5000  -45.0000   22.5000 9616.7139   33.3003
    0.0000  -45.0000   22.500010009.5703   33.3325
    7.5000  -45.0000   22.5000 9504.0967   33.3613
   -7.5000  -37.5000   22.5000 9764.8662   35.7814
    0.0000  -37.5000   22.500010164.0859   35.7922
    7.5000  -37.5000   22.5000 9684.9639   35.8096
   -7.5000  -30.0000   22.500010454.8486   36.7937
    0.0000  -30.0000   22.500010909.0654   36.8135
    7.5000  -30.0000   22.500010366.1680   36.8333
   -7.5000  -22.5000   22.500011144.1084   37.7604
    0.0000  -22.5000   22.500011643.7637   37.7838
    7.5000  -22.5000   22.500011033.7256   37.8102
   -7.5000  -15.0000   22.500011832.2861   38.6006
    0.0000  -15.0000   22.500012371.2881   38.6241
    7.5000  -15.0000   22.500011696.8408   38.6547
   -7.5000   -7.5000   22.500012532.5801   39.4243
    0.0000   -7.5000   22.500013140.2051   39.4508
    7.5000   -7.5000   22.500012410.7461   39.4850
   -7.5000    0.0000   22.500013347.8926   40.6973
    0.0000    0.0000   22.500014026.9863   40.7309
    7.5000    0.0000   22.500013241.3369   40.7638
   -7.5000    7.5000   22.500013207.8037   44.0319
    0.0000    7.5000   22.500013848.3477   44.0427
    7.5000    7.5000   22.500013105.4053   44.0641
   -7.5000   15.0000   22.500013324.4873   48.2595
    0.0000   15.0000   22.500013952.3994   48.2933
    7.5000   15.0000   22.500013256.5264   48.3185
   -7.5000   22.5000   22.500013335.8740   52.4413
    0.0000   22.5000   22.500013939.4111   52.4637
    7.5000   22.5000   22.500013268.4512   52.4794
   -7.5000   30.0000   22.500013085.6035   56.2195
    0.0000   30.0000   22.500013654.2383   56.2525
    7.5000   30.0000   22.500013036.9248   56.2841
   -7.5000   37.5000   22.500013143.6436   59.9149
    0.0000   37.5000   22.500013739.7598   59.9489
    7.5000   37.5000   22.500013124.4951   59.9705
   -7.5000   45.0000   22.500012518.8750   62.7810
    0.0000   45.0000   22.500013145.9697   62.8339
    7.5000   45.0000   22.500012549.3311   62.8536
   -7.5000  -45.0000   30.0000 8663.6035   33.8596
    0.0000  -45.0000   30.0000 9003.0381   33.8790
    7.5000  -45.0000   30.0000 8611.7383   33.8913
   -7.5000  -37.5000   30.0000 8825.0850   36.3853
    0.0000  -37.5000   30.0000 9169.0029   36.3837
    7.5000  -37.5000   30.0000 8781.9561   36.3903
   -7.5000  -30.0000   30.0000 9457.1484   37.4047
    0.0000  -30.0000   30.0000 9841.0586   37.4163
    7.5000  -30.0000   30.0000 9395.3271   37.4260
   -7.5000  -22.5000   30.000010091.7705   38.3892
    0.0000  -22.5000   30.000010515.3789   38.4056
    7.5000  -22.5000   30.0000 9999.0098   38.4191
   -7.5000  -15.0000   30.000010734.1445   39.2462
    0.0000  -15.0000   30.000011186.5918   39.2603
    7.5000  -15.0000   30.000010618.4639   39.2754
   -7.5000   -7.5000   30.000011397.7979   40.0796
    0.0000   -7.5000   30.000011896.3242   40.0927
    7.5000   -7.5000   30.000011290.1699   40.1084
   -7.5000    0.0000   30.000012161.8789   41.3655
    0.0000    0.0000   30.000012724.9199   41.3836
    7.5000    0.0000   30.000012061.8662   41.3963
   -7.5000    7.5000   30.000012036.7744   44.7709
    0.0000    7.5000   30.000012605.9307   44.7666
    7.5000    7.5000   30.000011948.3604   44.7746
   -7.5000   15.0000   30.000012203.2510   49.1785
    0.0000   15.0000   30.000012790.8545   49.2032
    7.5000   15.0000   30.000012143.9062   49.2194
   -7.5000   22.5000   30.000012246.0068   53.4855
    0.0000   22.5000   30.000012808.6484   53.5002
    7.5000   22.5000   30.000012195.8662   53.5096
   -7.5000   30.0000   30.000012060.8809   57.4232
    0.0000   30.0000   30.000012593.0332   57.4413
    7.5000   30.0000   30.000012022.0254   57.4700
   -7.5000   37.5000   30.000012139.5127   61.2726
    0.0000   37.5000   30.000012701.7676   61.2966
    7.5000   37.5000   30.000012117.3633   61.3154
   -7.5000   45.0000   30.000011575.6885   64.2767
    0.0000   45.0000   30.000012149.3486   64.3163
    7.5000   45.0000   30.000011595.3711   64.3363
   -7.5000  -45.0000   37.5000 8087.5952   35.0018
    0.0000  -45.0000   37.5000 8397.6553   35.0044
    7.5000  -45.0000   37.5000 8018.3564   34.9964
   -7.5000  -37.5000   37.5000 8301.6074   37.6912
    0.0000  -37.5000   37.5000 8625.2148   37.6700
    7.5000  -37.5000   37.5000 8243.4307   37.6516
   -7.5000  -30.0000   37.5000 8889.1885   38.7426
    0.0000  -30.0000   37.5000 9250.5840   38.7371
    7.5000  -30.0000   37.5000 8825.8076   38.7184
   -7.5000  -22.5000   37.5000 9484.7236   39.7497
    0.0000  -22.5000   37.5000 9873.5459   39.7502
    7.5000  -22.5000   37.5000 9406.8154   39.7334
   -7.5000  -15.0000   37.500010076.1885   40.6018
    0.0000  -15.0000   37.500010492.1855   40.6005
    7.5000  -15.0000   37.5000 9981.1250   40.5865
   -7.5000   -7.5000   37.500010695.8516   41.4207
    0.0000   -7.5000   37.500011162.0205   41.4169
    7.5000   -7.5000   37.500010611.4248   41.4070
   -7.5000    0.0000   37.500011440.3252   42.7349
    0.0000    0.0000   37.500011946.7256   42.7329
    7.5000    0.0000   37.500011366.7793   42.7210
   -7.5000    7.5000   37.500011357.2217   46.3631
    0.0000    7.5000   37.500011881.3428   46.3347
    7.5000    7.5000   37.500011293.1035   46.3122
   -7.5000   15.0000   37.500011598.2812   51.1088
    0.0000   15.0000   37.500012135.8105   51.1024
    7.5000   15.0000   37.500011538.5547   51.0773
   -7.5000   22.5000   37.500011692.2705   55.6966
    0.0000   22.5000   37.500012218.3545   55.6850
    7.5000   22.5000   37.500011649.7920   55.6515
   -7.5000   30.0000   37.500011545.8447   59.8333
    0.0000   30.0000   37.500012061.6924   59.8250
    7.5000   30.0000   37.500011521.6621   59.8278
   -7.5000   37.5000   37.500011658.5098   63.9426
    0.0000   37.5000   37.500012202.4014   63.9405
    7.5000   37.5000   37.500011639.7637   63.9368
   -7.5000   45.0000   37.500011158.7568   67.1329
    0.0000   45.0000   37.500011690.4131   67.1383
    7.5000   45.0000   37.500011154.2178   67.1345
   -7.5000  -45.0000   45.0000 7370.3779   36.6420
    0.0000  -45.0000   45.0000 7655.4287   36.6481
    7.5000  -45.0000   45.0000 7322.7651   36.6439
   -7.5000  -37.5000   45.0000 7649.3540   39.6440
    0.0000  -37.5000   45.0000 7975.4263   39.6218
    7.5000  -37.5000   45.0000 7637.2705   39.5939
   -7.5000  -30.0000   45.0000 8166.0181   40.7123
    0.0000  -30.0000   45.0000 8519.4561   40.7033
    7.5000  -30.0000   45.0000 8154.3950   40.6685
   -7.5000  -22.5000   45.0000 8663.6846   41.7072
    0.0000  -22.5000   45.0000 9029.9365   41.7051
    7.5000  -22.5000   45.0000 8645.6885   41.6722
   -7.5000  -15.0000   45.0000 9181.1045   42.5224
    0.0000  -15.0000   45.0000 9570.1172   42.5213
    7.5000  -15.0000   45.0000 9150.1270   42.4980
   -7.5000   -7.5000   45.0000 9752.0430   43.3218
    0.0000   -7.5000   45.000010183.5947   43.3214
    7.5000   -7.5000   45.0000 9730.5703   43.3112
   -7.5000    0.0000   45.000010475.0059   44.6980
    0.0000    0.0000   45.000010940.0225   44.6999
    7.5000    0.0000   45.000010454.7646   44.6929
   -7.5000    7.5000   45.000010501.8789   48.7473
    0.0000    7.5000   45.000011001.4043   48.7173
    7.5000    7.5000   45.000010483.4521   48.6833
   -7.5000   15.0000   45.000010778.8604   53.7601
    0.0000   15.0000   45.000011278.2344   53.7396
    7.5000   15.0000   45.000010736.1045   53.6850
   -7.5000   22.5000   45.000010820.0801   58.5543
    0.0000   22.5000   45.000011306.3428   58.5336
    7.5000   22.5000   45.000010788.0547   58.4635
   -7.5000   30.0000   45.000010665.2051   62.7978
    0.0000   30.0000   45.000011141.0742   62.7935
    7.5000   30.0000   45.000010652.7148   62.7808
   -7.5000   37.5000   45.000010766.8936   67.0779
    0.0000   37.5000   45.000011270.1631   67.0814
    7.5000   37.5000   45.000010761.3555   67.0718
   -7.5000   45.0000   45.000010321.6074   70.3874
    0.0000   45.0000   45.000010811.8926   70.3965
    7.5000   45.0000   45.000010322.4775   70.3805

---------------------------------------------------------------------
imgreg_4dfp /opt/freesurfer/average/3T18yoSchwartzReactN32_as_orig /opt/freesurfer/average/711-2B_as_mni_average_305_mask talsrcimg_g11 none talsrcimg_to_3T18yoSchwartzReactN32_as_orig_t4 4355
---------------------------------------------------------------------

freesurfer imgreg_4dfp.c
/opt/freesurfer/average/3T18yoSchwartzReactN32_as_orig.4dfp.img
       256       256       256         1
  1.000000  1.000000  1.000000
orientation T byte_order littleendian
Reading image: /opt/freesurfer/average/3T18yoSchwartzReactN32_as_orig.4dfp.img
dimensions:      256       256       256
mmppix:       1.0000   -1.0000   -1.0000
center:     128.0000 -129.0000 -129.0000
/opt/freesurfer/average/711-2B_as_mni_average_305_mask.4dfp.img
       256       256       256         1
  1.000000  1.000000  1.000000
orientation T byte_order littleendian
Reading mask: /opt/freesurfer/average/711-2B_as_mni_average_305_mask.4dfp.img (2306576 pixels)
talsrcimg_g11.4dfp.img
       320       320       320         1
  0.799995  0.799995  0.799995
orientation T byte_order littleendian
Reading image: talsrcimg_g11.4dfp.img
dimensions:      320       320       320
mmppix:       0.8000   -0.8000   -0.8000
center:     127.9992 -128.7992 -128.7992
rotation matrix determinant  1.000000
image alignment mode   4355 decimal     1103 hex
   -7.5000  -45.0000  -45.0000 2113.0896   55.6113
    0.0000  -45.0000  -45.0000 2116.4443   55.4468
    7.5000  -45.0000  -45.0000 2090.7490   55.3077
   -7.5000  -37.5000  -45.0000 2240.7947   58.1236
    0.0000  -37.5000  -45.0000 2249.7078   58.0320
    7.5000  -37.5000  -45.0000 2216.7439   57.7241
   -7.5000  -30.0000  -45.0000 2336.1143   59.8956
    0.0000  -30.0000  -45.0000 2346.8850   59.8170
    7.5000  -30.0000  -45.0000 2317.8459   59.6290
   -7.5000  -22.5000  -45.0000 2398.4233   60.7139
    0.0000  -22.5000  -45.0000 2405.8831   60.5568
    7.5000  -22.5000  -45.0000 2373.2671   60.3732
   -7.5000  -15.0000  -45.0000 2436.5496   60.6387
    0.0000  -15.0000  -45.0000 2435.9717   60.2644
    7.5000  -15.0000  -45.0000 2407.8323   60.1754
   -7.5000   -7.5000  -45.0000 2461.7021   60.2478
    0.0000   -7.5000  -45.0000 2464.5022   59.7579
    7.5000   -7.5000  -45.0000 2435.1213   59.8119
   -7.5000    0.0000  -45.0000 2474.9365   59.9800
    0.0000    0.0000  -45.0000 2478.5505   59.5291
    7.5000    0.0000  -45.0000 2452.0112   59.7659
   -7.5000    7.5000  -45.0000 2486.5579   60.5886
    0.0000    7.5000  -45.0000 2488.7356   60.0608
    7.5000    7.5000  -45.0000 2465.1426   60.3508
   -7.5000   15.0000  -45.0000 2486.9597   61.9699
    0.0000   15.0000  -45.0000 2493.4333   61.4996
    7.5000   15.0000  -45.0000 2461.9958   61.7076
   -7.5000   22.5000  -45.0000 2464.7576   63.6743
    0.0000   22.5000  -45.0000 2473.7793   63.2779
    7.5000   22.5000  -45.0000 2441.8394   63.4950
   -7.5000   30.0000  -45.0000 2417.7815   66.1650
    0.0000   30.0000  -45.0000 2435.1875   65.8083
    7.5000   30.0000  -45.0000 2398.1763   65.8796
   -7.5000   37.5000  -45.0000 2361.1143   69.7367
    0.0000   37.5000  -45.0000 2379.0369   69.4249
    7.5000   37.5000  -45.0000 2340.3906   69.4714
   -7.5000   45.0000  -45.0000 2286.9163   74.8671
    0.0000   45.0000  -45.0000 2300.6736   74.5640
    7.5000   45.0000  -45.0000 2266.8940   74.5621
   -7.5000  -45.0000  -37.5000 2186.3364   52.5070
    0.0000  -45.0000  -37.5000 2185.3770   52.1741
    7.5000  -45.0000  -37.5000 2159.5239   52.2342
   -7.5000  -37.5000  -37.5000 2309.0657   55.0327
    0.0000  -37.5000  -37.5000 2310.6602   54.6724
    7.5000  -37.5000  -37.5000 2292.5210   54.7514
   -7.5000  -30.0000  -37.5000 2397.2771   56.7064
    0.0000  -30.0000  -37.5000 2404.7356   56.5007
    7.5000  -30.0000  -37.5000 2383.9604   56.4948
   -7.5000  -22.5000  -37.5000 2457.1172   57.6457
    0.0000  -22.5000  -37.5000 2464.5044   57.4070
    7.5000  -22.5000  -37.5000 2436.8232   57.3350
   -7.5000  -15.0000  -37.5000 2496.6826   57.4848
    0.0000  -15.0000  -37.5000 2497.7788   57.2558
    7.5000  -15.0000  -37.5000 2468.7615   57.1822
   -7.5000   -7.5000  -37.5000 2515.2383   57.0020
    0.0000   -7.5000  -37.5000 2516.3406   56.6446
    7.5000   -7.5000  -37.5000 2488.9307   56.6198
   -7.5000    0.0000  -37.5000 2527.9219   56.6010
    0.0000    0.0000  -37.5000 2533.0212   56.1854
    7.5000    0.0000  -37.5000 2513.6299   56.5285
   -7.5000    7.5000  -37.5000 2549.7346   56.9094
    0.0000    7.5000  -37.5000 2558.3315   56.4575
    7.5000    7.5000  -37.5000 2530.2756   56.8643
   -7.5000   15.0000  -37.5000 2560.6855   58.1286
    0.0000   15.0000  -37.5000 2570.1350   57.6383
    7.5000   15.0000  -37.5000 2541.5300   57.9280
   -7.5000   22.5000  -37.5000 2537.5544   59.5466
    0.0000   22.5000  -37.5000 2551.4404   59.0624
    7.5000   22.5000  -37.5000 2527.3435   59.4922
   -7.5000   30.0000  -37.5000 2494.9419   61.8108
    0.0000   30.0000  -37.5000 2515.8264   61.3275
    7.5000   30.0000  -37.5000 2488.8455   61.6739
   -7.5000   37.5000  -37.5000 2440.3862   65.1623
    0.0000   37.5000  -37.5000 2459.2446   64.6529
    7.5000   37.5000  -37.5000 2430.6809   65.0110
   -7.5000   45.0000  -37.5000 2369.9182   69.9632
    0.0000   45.0000  -37.5000 2383.5825   69.3556
    7.5000   45.0000  -37.5000 2359.0151   69.7148
   -7.5000  -45.0000  -30.0000 2284.6533   51.5410
    0.0000  -45.0000  -30.0000 2278.6609   50.9752
    7.5000  -45.0000  -30.0000 2257.9216   51.1847
   -7.5000  -37.5000  -30.0000 2412.9041   54.0691
    0.0000  -37.5000  -30.0000 2409.1248   53.5749
    7.5000  -37.5000  -30.0000 2387.2075   53.7150
   -7.5000  -30.0000  -30.0000 2494.0535   55.6087
    0.0000  -30.0000  -30.0000 2494.8389   55.3576
    7.5000  -30.0000  -30.0000 2472.2964   55.4692
   -7.5000  -22.5000  -30.0000 2548.2695   56.3536
    0.0000  -22.5000  -30.0000 2547.9880   56.1325
    7.5000  -22.5000  -30.0000 2523.4971   56.2569
   -7.5000  -15.0000  -30.0000 2583.1504   56.2429
    0.0000  -15.0000  -30.0000 2583.4800   56.1050
    7.5000  -15.0000  -30.0000 2559.9573   56.2446
   -7.5000   -7.5000  -30.0000 2602.3352   55.7168
    0.0000   -7.5000  -30.0000 2607.3396   55.4788
    7.5000   -7.5000  -30.0000 2580.3542   55.5572
   -7.5000    0.0000  -30.0000 2624.7876   55.0942
    0.0000    0.0000  -30.0000 2631.9802   54.6793
    7.5000    0.0000  -30.0000 2609.5847   55.0922
   -7.5000    7.5000  -30.0000 2652.6467   55.1724
    0.0000    7.5000  -30.0000 2664.5039   54.7285
    7.5000    7.5000  -30.0000 2640.6367   55.2940
   -7.5000   15.0000  -30.0000 2675.3230   56.1770
    0.0000   15.0000  -30.0000 2685.1936   55.6600
    7.5000   15.0000  -30.0000 2661.2644   56.1805
   -7.5000   22.5000  -30.0000 2661.5884   57.5079
    0.0000   22.5000  -30.0000 2673.4380   57.0138
    7.5000   22.5000  -30.0000 2650.7778   57.5947
   -7.5000   30.0000  -30.0000 2628.4517   59.8282
    0.0000   30.0000  -30.0000 2640.6326   59.1353
    7.5000   30.0000  -30.0000 2616.1021   59.6986
   -7.5000   37.5000  -30.0000 2571.6741   63.0471
    0.0000   37.5000  -30.0000 2582.7332   62.3047
    7.5000   37.5000  -30.0000 2558.5068   62.8468
   -7.5000   45.0000  -30.0000 2495.6104   67.7478
    0.0000   45.0000  -30.0000 2506.8220   66.9745
    7.5000   45.0000  -30.0000 2484.8723   67.5787
   -7.5000  -45.0000  -22.5000 2335.5278   50.4314
    0.0000  -45.0000  -22.5000 2336.2654   49.8333
    7.5000  -45.0000  -22.5000 2324.0833   50.3259
   -7.5000  -37.5000  -22.5000 2465.3411   52.9109
    0.0000  -37.5000  -22.5000 2464.8225   52.3773
    7.5000  -37.5000  -22.5000 2455.2104   52.8918
   -7.5000  -30.0000  -22.5000 2544.1909   54.3843
    0.0000  -30.0000  -22.5000 2542.5645   53.9833
    7.5000  -30.0000  -22.5000 2531.5642   54.5170
   -7.5000  -22.5000  -22.5000 2589.8699   54.9708
    0.0000  -22.5000  -22.5000 2590.1467   54.6268
    7.5000  -22.5000  -22.5000 2572.3640   55.1413
   -7.5000  -15.0000  -22.5000 2625.3477   54.8993
    0.0000  -15.0000  -22.5000 2627.0276   54.5902
    7.5000  -15.0000  -22.5000 2608.9248   55.1086
   -7.5000   -7.5000  -22.5000 2645.4636   54.3013
    0.0000   -7.5000  -22.5000 2655.2346   54.0959
    7.5000   -7.5000  -22.5000 2636.1536   54.4939
   -7.5000    0.0000  -22.5000 2670.7583   53.4221
    0.0000    0.0000  -22.5000 2673.3423   53.0058
    7.5000    0.0000  -22.5000 2664.4004   53.7378
   -7.5000    7.5000  -22.5000 2707.4526   53.2026
    0.0000    7.5000  -22.5000 2710.3743   52.5302
    7.5000    7.5000  -22.5000 2701.7222   53.5500
   -7.5000   15.0000  -22.5000 2739.1025   54.0273
    0.0000   15.0000  -22.5000 2750.0142   53.4523
    7.5000   15.0000  -22.5000 2732.7952   54.3075
   -7.5000   22.5000  -22.5000 2733.6060   55.4071
    0.0000   22.5000  -22.5000 2750.5034   54.7955
    7.5000   22.5000  -22.5000 2735.2673   55.6355
   -7.5000   30.0000  -22.5000 2712.7336   57.6829
    0.0000   30.0000  -22.5000 2725.2603   56.9831
    7.5000   30.0000  -22.5000 2705.2949   57.6814
   -7.5000   37.5000  -22.5000 2656.3928   60.7679
    0.0000   37.5000  -22.5000 2675.1086   60.1039
    7.5000   37.5000  -22.5000 2655.3372   60.8405
   -7.5000   45.0000  -22.5000 2582.3049   65.3016
    0.0000   45.0000  -22.5000 2599.7566   64.6107
    7.5000   45.0000  -22.5000 2582.4727   65.4219
   -7.5000  -45.0000  -15.0000 2360.8154   49.9637
    0.0000  -45.0000  -15.0000 2358.6406   49.0826
    7.5000  -45.0000  -15.0000 2348.2703   50.0390
   -7.5000  -37.5000  -15.0000 2475.8999   52.3919
    0.0000  -37.5000  -15.0000 2466.9578   51.3797
    7.5000  -37.5000  -15.0000 2470.7737   52.4954
   -7.5000  -30.0000  -15.0000 2549.3386   53.7747
    0.0000  -30.0000  -15.0000 2534.1023   52.8367
    7.5000  -30.0000  -15.0000 2541.6021   53.9216
   -7.5000  -22.5000  -15.0000 2592.7192   54.3561
    0.0000  -22.5000  -15.0000 2577.8376   53.5464
    7.5000  -22.5000  -15.0000 2582.9343   54.5374
   -7.5000  -15.0000  -15.0000 2625.4316   54.2417
    0.0000  -15.0000  -15.0000 2620.0935   53.6185
    7.5000  -15.0000  -15.0000 2621.2290   54.4410
   -7.5000   -7.5000  -15.0000 2653.0969   53.7226
    0.0000   -7.5000  -15.0000 2660.5537   53.3279
    7.5000   -7.5000  -15.0000 2660.5271   53.9962
   -7.5000    0.0000  -15.0000 2675.2002   52.8836
    0.0000    0.0000  -15.0000 2681.8076   52.5237
    7.5000    0.0000  -15.0000 2686.1108   53.2480
   -7.5000    7.5000  -15.0000 2701.8237   52.0745
    0.0000    7.5000  -15.0000 2693.2271   51.3406
    7.5000    7.5000  -15.0000 2717.4338   52.6417
   -7.5000   15.0000  -15.0000 2747.2288   52.5363
    0.0000   15.0000  -15.0000 2751.2915   51.7930
    7.5000   15.0000  -15.0000 2760.6934   52.9832
   -7.5000   22.5000  -15.0000 2770.2769   54.0504
    0.0000   22.5000  -15.0000 2782.2556   53.2335
    7.5000   22.5000  -15.0000 2777.5154   54.1801
   -7.5000   30.0000  -15.0000 2759.8489   56.2704
    0.0000   30.0000  -15.0000 2771.8079   55.5367
    7.5000   30.0000  -15.0000 2759.7292   56.2081
   -7.5000   37.5000  -15.0000 2716.1440   59.5268
    0.0000   37.5000  -15.0000 2730.6467   58.7248
    7.5000   37.5000  -15.0000 2714.4963   59.4270
   -7.5000   45.0000  -15.0000 2648.6135   64.0717
    0.0000   45.0000  -15.0000 2665.1333   63.1940
    7.5000   45.0000  -15.0000 2649.7114   63.9474
   -7.5000  -45.0000   -7.5000 2356.1992   50.3249
    0.0000  -45.0000   -7.5000 2344.5928   49.1231
    7.5000  -45.0000   -7.5000 2349.6797   50.4745
   -7.5000  -37.5000   -7.5000 2446.3196   52.6172
    0.0000  -37.5000   -7.5000 2428.8342   51.3782
    7.5000  -37.5000   -7.5000 2447.5271   52.8102
   -7.5000  -30.0000   -7.5000 2502.3594   53.9480
    0.0000  -30.0000   -7.5000 2486.3716   52.9480
    7.5000  -30.0000   -7.5000 2512.7332   54.2324
   -7.5000  -22.5000   -7.5000 2546.5635   54.6442
    0.0000  -22.5000   -7.5000 2534.6904   53.8378
    7.5000  -22.5000   -7.5000 2568.2261   54.8823
   -7.5000  -15.0000   -7.5000 2590.0073   54.6963
    0.0000  -15.0000   -7.5000 2583.6021   54.0846
    7.5000  -15.0000   -7.5000 2621.4207   54.8988
   -7.5000   -7.5000   -7.5000 2639.5540   54.4440
    0.0000   -7.5000   -7.5000 2645.9351   53.9880
    7.5000   -7.5000   -7.5000 2668.8025   54.4227
   -7.5000    0.0000   -7.5000 2698.8982   54.2619
    0.0000    0.0000   -7.5000 2714.4065   53.9570
    7.5000    0.0000   -7.5000 2708.1865   53.7476
   -7.5000    7.5000   -7.5000 2715.0923   53.0404
    0.0000    7.5000   -7.5000 2714.4854   52.5656
    7.5000    7.5000   -7.5000 2720.0525   52.7078
   -7.5000   15.0000   -7.5000 2730.1877   52.5426
    0.0000   15.0000   -7.5000 2726.6045   51.8056
    7.5000   15.0000   -7.5000 2742.4272   52.4390
   -7.5000   22.5000   -7.5000 2762.1267   53.6330
    0.0000   22.5000   -7.5000 2766.3823   52.9005
    7.5000   22.5000   -7.5000 2767.3657   53.3047
   -7.5000   30.0000   -7.5000 2770.1482   55.8941
    0.0000   30.0000   -7.5000 2779.9092   55.1032
    7.5000   30.0000   -7.5000 2769.8809   55.4502
   -7.5000   37.5000   -7.5000 2742.0652   59.3077
    0.0000   37.5000   -7.5000 2753.4780   58.3971
    7.5000   37.5000   -7.5000 2739.3994   58.7859
   -7.5000   45.0000   -7.5000 2674.8638   63.8037
    0.0000   45.0000   -7.5000 2691.1655   62.9391
    7.5000   45.0000   -7.5000 2674.6987   63.2724
   -7.5000  -45.0000    0.0000 2297.6406   51.6638
    0.0000  -45.0000    0.0000 2296.2446   50.6861
    7.5000  -45.0000    0.0000 2328.5854   52.2616
   -7.5000  -37.5000    0.0000 2380.2415   54.2137
    0.0000  -37.5000    0.0000 2367.5188   53.1501
    7.5000  -37.5000    0.0000 2411.7700   54.5067
   -7.5000  -30.0000    0.0000 2450.1885   55.7768
    0.0000  -30.0000    0.0000 2432.9238   54.9579
    7.5000  -30.0000    0.0000 2477.5039   55.8031
   -7.5000  -22.5000    0.0000 2518.2720   56.4973
    0.0000  -22.5000    0.0000 2504.7627   55.9218
    7.5000  -22.5000    0.0000 2538.1716   56.2649
   -7.5000  -15.0000    0.0000 2588.4478   56.6444
    0.0000  -15.0000    0.0000 2581.7664   56.2257
    7.5000  -15.0000    0.0000 2599.6970   56.1883
   -7.5000   -7.5000    0.0000 2665.7810   56.4305
    0.0000   -7.5000    0.0000 2667.4961   56.0988
    7.5000   -7.5000    0.0000 2653.1074   55.5016
   -7.5000    0.0000    0.0000 2734.2773   55.8887
    0.0000    0.0000    0.0000 2754.6318   55.8730
    7.5000    0.0000    0.0000 2701.9739   54.6047
   -7.5000    7.5000    0.0000 2761.4441   55.0256
    0.0000    7.5000    0.0000 2784.1091   54.9258
    7.5000    7.5000    0.0000 2719.9888   53.6438
   -7.5000   15.0000    0.0000 2754.2358   54.0870
    0.0000   15.0000    0.0000 2760.9897   53.5922
    7.5000   15.0000    0.0000 2725.5305   53.1781
   -7.5000   22.5000    0.0000 2741.4231   54.3409
    0.0000   22.5000    0.0000 2752.2268   53.6927
    7.5000   22.5000    0.0000 2738.6309   53.7884
   -7.5000   30.0000    0.0000 2742.5100   56.2774
    0.0000   30.0000    0.0000 2747.4092   55.5053
    7.5000   30.0000    0.0000 2743.2002   55.8390
   -7.5000   37.5000    0.0000 2719.1406   59.5492
    0.0000   37.5000    0.0000 2731.5911   58.7483
    7.5000   37.5000    0.0000 2725.0908   59.2107
   -7.5000   45.0000    0.0000 2663.8191   63.9958
    0.0000   45.0000    0.0000 2679.2583   63.2062
    7.5000   45.0000    0.0000 2674.2668   63.6786
   -7.5000  -45.0000    7.5000 2276.7588   55.1570
    0.0000  -45.0000    7.5000 2266.6885   54.0544
    7.5000  -45.0000    7.5000 2292.2371   55.1568
   -7.5000  -37.5000    7.5000 2367.0725   57.9050
    0.0000  -37.5000    7.5000 2346.6797   56.8619
    7.5000  -37.5000    7.5000 2372.6814   57.5778
   -7.5000  -30.0000    7.5000 2439.6692   59.4730
    0.0000  -30.0000    7.5000 2421.4233   58.7527
    7.5000  -30.0000    7.5000 2437.2915   58.8537
   -7.5000  -22.5000    7.5000 2517.4978   59.9270
    0.0000  -22.5000    7.5000 2503.5166   59.4535
    7.5000  -22.5000    7.5000 2499.4751   59.1025
   -7.5000  -15.0000    7.5000 2587.8743   59.2797
    0.0000  -15.0000    7.5000 2587.3772   59.1649
    7.5000  -15.0000    7.5000 2564.3518   58.4826
   -7.5000   -7.5000    7.5000 2659.7390   58.3227
    0.0000   -7.5000    7.5000 2668.8621   58.2365
    7.5000   -7.5000    7.5000 2626.2683   57.4420
   -7.5000    0.0000    7.5000 2712.5493   57.0597
    0.0000    0.0000    7.5000 2738.6394   57.2548
    7.5000    0.0000    7.5000 2687.4280   56.3533
   -7.5000    7.5000    7.5000 2741.5022   55.9995
    0.0000    7.5000    7.5000 2772.0454   56.1077
    7.5000    7.5000    7.5000 2721.7637   55.4133
   -7.5000   15.0000    7.5000 2750.1775   55.3891
    0.0000   15.0000    7.5000 2746.9988   54.3512
    7.5000   15.0000    7.5000 2730.8987   54.8435
   -7.5000   22.5000    7.5000 2760.7612   56.2975
    0.0000   22.5000    7.5000 2760.5605   55.0921
    7.5000   22.5000    7.5000 2746.8149   55.6597
   -7.5000   30.0000    7.5000 2753.2178   58.3955
    0.0000   30.0000    7.5000 2759.0312   57.3738
    7.5000   30.0000    7.5000 2742.7175   57.8187
   -7.5000   37.5000    7.5000 2718.1870   61.4519
    0.0000   37.5000    7.5000 2726.7920   60.6258
    7.5000   37.5000    7.5000 2713.5386   60.9414
   -7.5000   45.0000    7.5000 2657.3035   65.6259
    0.0000   45.0000    7.5000 2663.4067   64.7911
    7.5000   45.0000    7.5000 2657.4956   65.0740
   -7.5000  -45.0000   15.0000 2262.0986   59.5819
    0.0000  -45.0000   15.0000 2262.1521   58.8054
    7.5000  -45.0000   15.0000 2265.5361   59.4465
   -7.5000  -37.5000   15.0000 2346.0171   62.2164
    0.0000  -37.5000   15.0000 2334.7351   61.4678
    7.5000  -37.5000   15.0000 2346.3572   61.8545
   -7.5000  -30.0000   15.0000 2416.1392   63.4396
    0.0000  -30.0000   15.0000 2405.0142   62.8337
    7.5000  -30.0000   15.0000 2405.8926   62.7975
   -7.5000  -22.5000   15.0000 2481.0791   63.2225
    0.0000  -22.5000   15.0000 2472.2800   62.8429
    7.5000  -22.5000   15.0000 2466.5359   62.7395
   -7.5000  -15.0000   15.0000 2549.4463   62.2689
    0.0000  -15.0000   15.0000 2544.8513   61.8893
    7.5000  -15.0000   15.0000 2529.4119   61.7235
   -7.5000   -7.5000   15.0000 2614.3872   60.5858
    0.0000   -7.5000   15.0000 2619.1663   60.2988
    7.5000   -7.5000   15.0000 2591.4563   60.0005
   -7.5000    0.0000   15.0000 2663.9419   58.8761
    0.0000    0.0000   15.0000 2675.1770   58.7320
    7.5000    0.0000   15.0000 2651.6204   58.3971
   -7.5000    7.5000   15.0000 2698.3701   57.6439
    0.0000    7.5000   15.0000 2697.0898   56.8932
    7.5000    7.5000   15.0000 2696.2068   57.4151
   -7.5000   15.0000   15.0000 2725.3000   57.3749
    0.0000   15.0000   15.0000 2705.4729   55.5578
    7.5000   15.0000   15.0000 2717.2681   56.9092
   -7.5000   22.5000   15.0000 2744.8394   58.4744
    0.0000   22.5000   15.0000 2746.4287   56.9887
    7.5000   22.5000   15.0000 2735.1111   57.8270
   -7.5000   30.0000   15.0000 2741.4133   60.7055
    0.0000   30.0000   15.0000 2741.8398   59.4333
    7.5000   30.0000   15.0000 2734.2214   60.1517
   -7.5000   37.5000   15.0000 2711.0632   64.0197
    0.0000   37.5000   15.0000 2710.0037   62.8868
    7.5000   37.5000   15.0000 2705.4568   63.3658
   -7.5000   45.0000   15.0000 2652.5149   68.4513
    0.0000   45.0000   15.0000 2658.0063   67.3367
    7.5000   45.0000   15.0000 2649.4314   67.6695
   -7.5000  -45.0000   22.5000 2240.9407   64.5526
    0.0000  -45.0000   22.5000 2233.5847   63.6140
    7.5000  -45.0000   22.5000 2234.5513   64.3270
   -7.5000  -37.5000   22.5000 2322.0168   67.0660
    0.0000  -37.5000   22.5000 2311.1416   66.0758
    7.5000  -37.5000   22.5000 2317.3018   66.7205
   -7.5000  -30.0000   22.5000 2383.8660   67.7868
    0.0000  -30.0000   22.5000 2374.3450   66.9194
    7.5000  -30.0000   22.5000 2379.1506   67.5436
   -7.5000  -22.5000   22.5000 2443.5935   67.3849
    0.0000  -22.5000   22.5000 2436.5371   66.6944
    7.5000  -22.5000   22.5000 2437.0078   67.1337
   -7.5000  -15.0000   22.5000 2505.9116   65.9369
    0.0000  -15.0000   22.5000 2504.9387   65.4262
    7.5000  -15.0000   22.5000 2493.7297   65.5813
   -7.5000   -7.5000   22.5000 2570.8020   63.9960
    0.0000   -7.5000   22.5000 2573.3281   63.5803
    7.5000   -7.5000   22.5000 2559.1050   63.6767
   -7.5000    0.0000   22.5000 2627.2903   62.1800
    0.0000    0.0000   22.5000 2626.0352   61.4686
    7.5000    0.0000   22.5000 2612.8809   61.6797
   -7.5000    7.5000   22.5000 2670.2764   61.0176
    0.0000    7.5000   22.5000 2660.2126   59.4980
    7.5000    7.5000   22.5000 2659.3076   60.5168
   -7.5000   15.0000   22.5000 2705.1348   60.9456
    0.0000   15.0000   22.5000 2695.1448   59.1883
    7.5000   15.0000   22.5000 2691.9871   60.2191
   -7.5000   22.5000   22.5000 2725.7151   62.0684
    0.0000   22.5000   22.5000 2725.8496   60.6056
    7.5000   22.5000   22.5000 2712.9678   61.2439
   -7.5000   30.0000   22.5000 2721.5144   64.2110
    0.0000   30.0000   22.5000 2710.8037   62.7422
    7.5000   30.0000   22.5000 2708.4788   63.3221
   -7.5000   37.5000   22.5000 2690.9255   67.3759
    0.0000   37.5000   22.5000 2683.1084   66.0041
    7.5000   37.5000   22.5000 2682.4856   66.4854
   -7.5000   45.0000   22.5000 2623.6655   71.6791
    0.0000   45.0000   22.5000 2636.6128   70.4933
    7.5000   45.0000   22.5000 2629.1182   70.7508
   -7.5000  -45.0000   30.0000 2207.6501   70.2554
    0.0000  -45.0000   30.0000 2197.9326   69.2142
    7.5000  -45.0000   30.0000 2196.1274   69.8741
   -7.5000  -37.5000   30.0000 2284.4900   72.5615
    0.0000  -37.5000   30.0000 2277.8120   71.5326
    7.5000  -37.5000   30.0000 2277.3372   72.2133
   -7.5000  -30.0000   30.0000 2345.6631   73.1330
    0.0000  -30.0000   30.0000 2341.8672   72.1968
    7.5000  -30.0000   30.0000 2342.1655   72.7823
   -7.5000  -22.5000   30.0000 2402.5256   72.4913
    0.0000  -22.5000   30.0000 2400.8826   71.3905
    7.5000  -22.5000   30.0000 2400.6626   72.1304
   -7.5000  -15.0000   30.0000 2466.9355   70.5936
    0.0000  -15.0000   30.0000 2470.3977   69.7844
    7.5000  -15.0000   30.0000 2462.7029   70.2397
   -7.5000   -7.5000   30.0000 2531.8279   68.3190
    0.0000   -7.5000   30.0000 2529.8826   67.4368
    7.5000   -7.5000   30.0000 2527.2981   67.9771
   -7.5000    0.0000   30.0000 2595.3936   66.7305
    0.0000    0.0000   30.0000 2592.8828   65.3545
    7.5000    0.0000   30.0000 2583.3499   65.9927
   -7.5000    7.5000   30.0000 2635.7639   65.6379
    0.0000    7.5000   30.0000 2640.1548   64.0476
    7.5000    7.5000   30.0000 2627.7500   64.8361
   -7.5000   15.0000   30.0000 2669.6248   65.6689
    0.0000   15.0000   30.0000 2678.1145   64.2628
    7.5000   15.0000   30.0000 2666.1519   64.7223
   -7.5000   22.5000   30.0000 2689.6199   66.6453
    0.0000   22.5000   30.0000 2698.3960   65.3671
    7.5000   22.5000   30.0000 2685.1699   65.6767
   -7.5000   30.0000   30.0000 2685.6096   68.6129
    0.0000   30.0000   30.0000 2684.6912   67.2040
    7.5000   30.0000   30.0000 2678.2905   67.5528
   -7.5000   37.5000   30.0000 2652.5491   71.5543
    0.0000   37.5000   30.0000 2657.6709   70.2585
    7.5000   37.5000   30.0000 2644.8005   70.4775
   -7.5000   45.0000   30.0000 2588.7134   75.7858
    0.0000   45.0000   30.0000 2604.5383   74.6566
    7.5000   45.0000   30.0000 2591.5015   74.7691
   -7.5000  -45.0000   37.5000 2157.3337   76.7207
    0.0000  -45.0000   37.5000 2162.5950   75.6997
    7.5000  -45.0000   37.5000 2137.6560   76.0698
   -7.5000  -37.5000   37.5000 2228.5706   78.8628
    0.0000  -37.5000   37.5000 2233.5195   77.8143
    7.5000  -37.5000   37.5000 2221.8730   78.4440
   -7.5000  -30.0000   37.5000 2292.6626   79.2280
    0.0000  -30.0000   37.5000 2295.0559   78.1053
    7.5000  -30.0000   37.5000 2293.5754   78.8950
   -7.5000  -22.5000   37.5000 2351.2683   78.0043
    0.0000  -22.5000   37.5000 2354.7278   76.8013
    7.5000  -22.5000   37.5000 2358.3958   77.7318
   -7.5000  -15.0000   37.5000 2417.8320   75.8613
    0.0000  -15.0000   37.5000 2414.3274   74.3492
    7.5000  -15.0000   37.5000 2415.2542   75.3678
   -7.5000   -7.5000   37.5000 2488.4319   73.5527
    0.0000   -7.5000   37.5000 2491.4417   72.1440
    7.5000   -7.5000   37.5000 2481.0398   72.8754
   -7.5000    0.0000   37.5000 2553.3340   72.0275
    0.0000    0.0000   37.5000 2560.9526   70.4829
    7.5000    0.0000   37.5000 2551.2837   71.3078
   -7.5000    7.5000   37.5000 2594.0642   70.9771
    0.0000    7.5000   37.5000 2608.2898   69.6590
    7.5000    7.5000   37.5000 2591.3076   70.1356
   -7.5000   15.0000   37.5000 2630.5562   71.2881
    0.0000   15.0000   37.5000 2645.4419   70.0459
    7.5000   15.0000   37.5000 2631.7173   70.2874
   -7.5000   22.5000   37.5000 2648.7891   72.1660
    0.0000   22.5000   37.5000 2659.7200   70.8585
    7.5000   22.5000   37.5000 2647.3188   71.0092
   -7.5000   30.0000   37.5000 2641.4822   73.7634
    0.0000   30.0000   37.5000 2653.1255   72.3785
    7.5000   30.0000   37.5000 2641.0818   72.6105
   -7.5000   37.5000   37.5000 2611.0164   76.5427
    0.0000   37.5000   37.5000 2626.0750   75.2148
    7.5000   37.5000   37.5000 2604.4922   75.3211
   -7.5000   45.0000   37.5000 2549.9446   80.7169
    0.0000   45.0000   37.5000 2565.5557   79.5275
    7.5000   45.0000   37.5000 2543.5615   79.6386
   -7.5000  -45.0000   45.0000 2096.5977   83.8864
    0.0000  -45.0000   45.0000 2095.7971   82.5404
    7.5000  -45.0000   45.0000 2069.8611   82.9879
   -7.5000  -37.5000   45.0000 2172.3376   86.0947
    0.0000  -37.5000   45.0000 2182.9497   84.7772
    7.5000  -37.5000   45.0000 2170.6414   85.4526
   -7.5000  -30.0000   45.0000 2232.2275   85.9386
    0.0000  -30.0000   45.0000 2240.6543   84.4014
    7.5000  -30.0000   45.0000 2236.7864   85.3732
   -7.5000  -22.5000   45.0000 2290.7554   84.0817
    0.0000  -22.5000   45.0000 2293.9084   82.4626
    7.5000  -22.5000   45.0000 2300.8540   83.6771
   -7.5000  -15.0000   45.0000 2356.8740   81.7929
    0.0000  -15.0000   45.0000 2363.0425   80.1113
    7.5000  -15.0000   45.0000 2356.6978   81.1825
   -7.5000   -7.5000   45.0000 2434.9377   79.7391
    0.0000   -7.5000   45.0000 2444.5798   78.1382
    7.5000   -7.5000   45.0000 2432.2004   78.8574
   -7.5000    0.0000   45.0000 2499.4390   78.1570
    0.0000    0.0000   45.0000 2513.5359   76.6509
    7.5000    0.0000   45.0000 2498.3813   77.2836
   -7.5000    7.5000   45.0000 2536.2612   77.2349
    0.0000    7.5000   45.0000 2560.2070   76.1128
    7.5000    7.5000   45.0000 2538.2451   76.3413
   -7.5000   15.0000   45.0000 2580.5613   77.8664
    0.0000   15.0000   45.0000 2597.5496   76.5620
    7.5000   15.0000   45.0000 2581.2410   76.5301
   -7.5000   22.5000   45.0000 2594.5115   78.5658
    0.0000   22.5000   45.0000 2608.2546   77.2341
    7.5000   22.5000   45.0000 2593.6372   77.0943
   -7.5000   30.0000   45.0000 2588.7708   79.7606
    0.0000   30.0000   45.0000 2606.2617   78.5154
    7.5000   30.0000   45.0000 2590.1836   78.4839
   -7.5000   37.5000   45.0000 2561.3289   82.1138
    0.0000   37.5000   45.0000 2582.1523   80.7900
    7.5000   37.5000   45.0000 2556.2310   80.8785
   -7.5000   45.0000   45.0000 2504.7581   86.1173
    0.0000   45.0000   45.0000 2525.4668   84.8169
    7.5000   45.0000   45.0000 2497.6228   84.9076

---------------------------------------------------------------------
imgreg_4dfp /opt/freesurfer/average/3T18yoSchwartzReactN32_as_orig /opt/freesurfer/average/711-2B_as_mni_average_305_mask talsrcimg_g11 none talsrcimg_to_3T18yoSchwartzReactN32_as_orig_t4 1283
---------------------------------------------------------------------

freesurfer imgreg_4dfp.c
/opt/freesurfer/average/3T18yoSchwartzReactN32_as_orig.4dfp.img
       256       256       256         1
  1.000000  1.000000  1.000000
orientation T byte_order littleendian
Reading image: /opt/freesurfer/average/3T18yoSchwartzReactN32_as_orig.4dfp.img
dimensions:      256       256       256
mmppix:       1.0000   -1.0000   -1.0000
center:     128.0000 -129.0000 -129.0000
/opt/freesurfer/average/711-2B_as_mni_average_305_mask.4dfp.img
       256       256       256         1
  1.000000  1.000000  1.000000
orientation T byte_order littleendian
Reading mask: /opt/freesurfer/average/711-2B_as_mni_average_305_mask.4dfp.img (2306576 pixels)
talsrcimg_g11.4dfp.img
       320       320       320         1
  0.799995  0.799995  0.799995
orientation T byte_order littleendian
Reading image: talsrcimg_g11.4dfp.img
dimensions:      320       320       320
mmppix:       0.8000   -0.8000   -0.8000
center:     127.9992 -128.7992 -128.7992
rotation matrix determinant  1.000000
fimgreg.f
image alignment mode   1283 decimal      503 hex
parameters
    0.0000    7.5000    0.0000    0.0000    0.0000    0.0000
eta,q 0.87653 55.78923
niter,ni,del,rscale     5    3   12.0000    1.2000
parameter  2 -0.758876 -> -0.500000 qaram    1.1500
parameter  4  2.079060 ->  0.500000 qaram    1.1500
parameters
   -2.7863   10.9500    2.4205   -3.4500   -0.9943   -2.4790
eta,q 0.88558 55.67891
  0.1282  0.1321  0.1381  0.1145  0.1212  0.1165
  0.1244  0.1286  0.1321  0.1155  0.1176  0.1148
  0.1240  0.1265  0.1256  0.1166  0.1153  0.1145
  0.1274  0.1236  0.1204  0.1186  0.1157  0.1152
  0.1309  0.1210  0.1184  0.1203  0.1183  0.1173
  0.1357  0.1204  0.1200  0.1228  0.1215  0.1200
  0.1417  0.1221  0.1234  0.1249  0.1253  0.1221
niter,ni,del,rscale     6    3   12.0000    1.2000
parameter  4  1.516715 ->  0.500000 qaram    1.3225
parameters
   -2.1248   10.8027    1.9033   -7.4175   -0.5605   -1.4711
eta,q 0.88726 55.14299
  0.1308  0.1243  0.1288  0.1106  0.1205  0.1171
  0.1227  0.1195  0.1202  0.1119  0.1154  0.1143
  0.1171  0.1165  0.1148  0.1131  0.1122  0.1127
  0.1144  0.1144  0.1145  0.1141  0.1121  0.1124
  0.1161  0.1160  0.1179  0.1172  0.1136  0.1130
  0.1206  0.1208  0.1247  0.1206  0.1150  0.1134
  0.1240  0.1249  0.1338  0.1226  0.1173  0.1142
niter,ni,del,rscale     6    3   12.0000    1.2000
parameter  4  4.472714 ->  0.500000 qaram    1.5209
parameters
   -1.4857   10.8691    0.9381  -11.9801   -0.9009   -1.0702
eta,q 0.89249 55.83546
  0.1285  0.1229  0.1246  0.1060  0.1136  0.1107
  0.1192  0.1171  0.1170  0.1067  0.1088  0.1080
  0.1138  0.1143  0.1131  0.1100  0.1068  0.1070
  0.1127  0.1133  0.1133  0.1128  0.1076  0.1074
  0.1151  0.1141  0.1171  0.1149  0.1086  0.1076
  0.1172  0.1174  0.1248  0.1171  0.1103  0.1078
  0.1215  0.1222  0.1341  0.1207  0.1143  0.1095
niter,ni,del,rscale     6    3   12.0000    1.2000
parameter  4  0.926322 ->  0.500000 qaram    1.7490
parameters
   -1.2049   11.4793   -0.4827  -17.2272   -0.9673   -0.4048
eta,q 0.89817 55.29953
  0.1240  0.1247  0.1176  0.1027  0.1091  0.1075
  0.1142  0.1158  0.1088  0.1020  0.1049  0.1046
  0.1085  0.1104  0.1056  0.1023  0.1022  0.1028
  0.1075  0.1077  0.1076  0.1057  0.1020  0.1019
  0.1103  0.1091  0.1134  0.1105  0.1031  0.1019
  0.1132  0.1141  0.1217  0.1159  0.1052  0.1031
  0.1200  0.1187  0.1311  0.1185  0.1091  0.1056
niter,ni,del,rscale     6    3   12.0000    1.2000
parameters
   -1.1306   12.9210   -1.4514  -18.7088   -1.5817   -0.2597
eta,q 0.90192 55.35479
  0.1215  0.1283  0.1164  0.1105  0.1045  0.1038
  0.1107  0.1163  0.1054  0.1024  0.1003  0.1006
  0.1032  0.1074  0.0992  0.0986  0.0981  0.0985
  0.1018  0.1019  0.1005  0.0990  0.0985  0.0981
  0.1058  0.1008  0.1074  0.1036  0.1003  0.0985
  0.1111  0.1059  0.1167  0.1092  0.1027  0.1001
  0.1189  0.1131  0.1274  0.1171  0.1068  0.1033
niter,ni,del,rscale     5    3   12.0000    1.2000
parameters
   -1.0319   13.4840   -1.7752  -19.5186   -1.8199   -0.2887
eta,q 0.90234 55.38867
  0.1186  0.1227  0.1199  0.1113  0.1044  0.1031
  0.1084  0.1110  0.1070  0.1040  0.1001  0.0998
  0.1003  0.1023  0.0988  0.0982  0.0978  0.0979
  0.0981  0.0982  0.0981  0.0977  0.0978  0.0977
  0.1022  0.1007  0.1035  0.1020  0.0993  0.0983
  0.1080  0.1077  0.1121  0.1076  0.1011  0.0998
  0.1163  0.1153  0.1226  0.1148  0.1049  0.1031
niter,ni,del,rscale     4    3   12.0000    1.2000
parameters
   -1.0080   13.7164   -1.9493  -19.8921   -1.8465   -0.3370
eta,q 0.90238 55.36315
  0.1173  0.1210  0.1207  0.1124  0.1046  0.1030
  0.1075  0.1087  0.1075  0.1048  0.1001  0.0997
  0.0998  0.1003  0.0988  0.0987  0.0978  0.0978
  0.0977  0.0977  0.0978  0.0976  0.0976  0.0976
  0.1017  0.1014  0.1026  0.1007  0.0990  0.0983
  0.1075  0.1087  0.1108  0.1073  0.1006  0.0998
  0.1162  0.1163  0.1213  0.1135  0.1041  0.1030
niter,ni,del,rscale     3    3   12.0000    1.2000
parameters
   -1.0278   13.8127   -2.0359  -20.0527   -1.7988   -0.3902
eta,q 0.90240 55.33911
  0.1167  0.1203  0.1211  0.1130  0.1047  0.1030
  0.1072  0.1078  0.1080  0.1052  0.1002  0.0997
  0.0996  0.0996  0.0989  0.0989  0.0978  0.0977
  0.0976  0.0976  0.0977  0.0976  0.0976  0.0976
  0.1016  0.1018  0.1022  0.1001  0.0988  0.0984
  0.1074  0.1093  0.1102  0.1071  0.1004  0.0998
  0.1162  0.1168  0.1206  0.1129  0.1039  0.1030
niter,ni,del,rscale     2    3   12.0000    1.2000
parameters
   -1.0566   13.8559   -2.0767  -20.1260   -1.7376   -0.4330
eta,q 0.90243 55.32431
  0.1165  0.1200  0.1214  0.1133  0.1047  0.1030
  0.1071  0.1075  0.1082  0.1054  0.1001  0.0997
  0.0996  0.0994  0.0991  0.0990  0.0977  0.0977
  0.0976  0.0976  0.0976  0.0976  0.0976  0.0976
  0.1015  0.1019  0.1020  0.0998  0.0987  0.0984
  0.1073  0.1095  0.1099  0.1069  0.1003  0.0998
  0.1162  0.1170  0.1203  0.1126  0.1038  0.1029
niter,ni,del,rscale     1    3   12.0000    1.2000
parameters
   -1.0816   13.8769   -2.0967  -20.1628   -1.6886   -0.4605
eta,q 0.90244 55.31590
  0.1164  0.1199  0.1215  0.1134  0.1046  0.1030
  0.1070  0.1074  0.1084  0.1054  0.1001  0.0997
  0.0996  0.0993  0.0991  0.0991  0.0977  0.0977
  0.0976  0.0976  0.0976  0.0976  0.0975  0.0976
  0.1014  0.1020  0.1019  0.0997  0.0986  0.0984
  0.1073  0.1096  0.1097  0.1069  0.1003  0.0998
  0.1161  0.1171  0.1201  0.1125  0.1039  0.1029
registration optimization eta report
parameter search radius
    6.0000    6.9000    6.0000   10.4940    6.0000    6.0000
100000*second partial in parameter space
       50.       43.       64.       14.       19.       15.
  0.1164  0.1199  0.1215  0.1134  0.1046  0.1030
  0.1070  0.1074  0.1084  0.1054  0.1001  0.0997
  0.0996  0.0993  0.0991  0.0991  0.0977  0.0977
  0.0976  0.0976  0.0976  0.0976  0.0975  0.0976
  0.1014  0.1020  0.1019  0.0997  0.0986  0.0984
  0.1073  0.1096  0.1097  0.1069  0.1003  0.0998
  0.1161  0.1171  0.1201  0.1125  0.1039  0.1029
   -1.0816   13.8769   -2.0967  -20.1628   -1.6886   -0.4605
eta,q 0.90244 55.31590

---------------------------------------------------------------------
imgreg_4dfp /opt/freesurfer/average/3T18yoSchwartzReactN32_as_orig /opt/freesurfer/average/711-2B_as_mni_average_305_mask talsrcimg_g11 none talsrcimg_to_3T18yoSchwartzReactN32_as_orig_t4 3335
---------------------------------------------------------------------

freesurfer imgreg_4dfp.c
/opt/freesurfer/average/3T18yoSchwartzReactN32_as_orig.4dfp.img
       256       256       256         1
  1.000000  1.000000  1.000000
orientation T byte_order littleendian
Reading image: /opt/freesurfer/average/3T18yoSchwartzReactN32_as_orig.4dfp.img
dimensions:      256       256       256
mmppix:       1.0000   -1.0000   -1.0000
center:     128.0000 -129.0000 -129.0000
/opt/freesurfer/average/711-2B_as_mni_average_305_mask.4dfp.img
       256       256       256         1
  1.000000  1.000000  1.000000
orientation T byte_order littleendian
Reading mask: /opt/freesurfer/average/711-2B_as_mni_average_305_mask.4dfp.img (2306576 pixels)
talsrcimg_g11.4dfp.img
       320       320       320         1
  0.799995  0.799995  0.799995
orientation T byte_order littleendian
Reading image: talsrcimg_g11.4dfp.img
dimensions:      320       320       320
mmppix:       0.8000   -0.8000   -0.8000
center:     127.9992 -128.7992 -128.7992
fimgreg.f
image alignment mode   3335 decimal      D07 hex
parameters
   -1.0816   13.8769   -2.0967   -0.0467   -6.1231   -6.1690
   -0.2612    3.0430   -0.8033   34.4455   -2.9467  -34.4538
eta,q 0.90355 55.72111
niter,ni,del,rscale     5    3    5.0000    1.2000
parameter  4  1.101655 ->  0.500000 qaram    1.1500
parameters
   -0.7798   12.9527   -2.2174   -4.1867   -7.7735   -6.2380
    1.1332    3.2704    0.7829   36.4411    0.3033  -32.3099
eta,q 0.91470 56.13377
  0.1022  0.0973  0.0996  0.0887  0.0925  0.1045  0.0950  0.1010  0.0932  0.0969  0.0944  0.0920
  0.0994  0.0961  0.0973  0.0876  0.0898  0.0975  0.0918  0.0946  0.0905  0.0930  0.0909  0.0886
  0.0975  0.0957  0.0960  0.0903  0.0880  0.0911  0.0893  0.0897  0.0886  0.0897  0.0881  0.0865
  0.0965  0.0963  0.0957  0.0957  0.0880  0.0877  0.0878  0.0875  0.0874  0.0873  0.0863  0.0855
  0.0965  0.0979  0.0964  0.1026  0.0904  0.0897  0.0875  0.0887  0.0873  0.0863  0.0855  0.0853
  0.0977  0.1002  0.0980  0.1100  0.0948  0.0967  0.0887  0.0932  0.0881  0.0873  0.0857  0.0858
  0.1000  0.1031  0.1003  0.1163  0.0999  0.1065  0.0912  0.0997  0.0897  0.0906  0.0868  0.0869
niter,ni,del,rscale     5    3    5.0000    1.2000
parameters
   -0.1893   14.0380   -3.3327   -5.5563   -8.4713   -6.5497
    0.5512    2.6785    0.9804   36.7943    1.5719  -31.5810
eta,q 0.91761 55.73927
  0.0954  0.0928  0.0843  0.0947  0.0894  0.0994  0.0874  0.0939  0.0868  0.0905  0.0881  0.0872
  0.0909  0.0894  0.0831  0.0883  0.0863  0.0916  0.0847  0.0877  0.0846  0.0869  0.0853  0.0843
  0.0874  0.0867  0.0830  0.0837  0.0837  0.0853  0.0831  0.0836  0.0831  0.0842  0.0834  0.0828
  0.0853  0.0848  0.0839  0.0829  0.0826  0.0827  0.0827  0.0827  0.0826  0.0826  0.0825  0.0824
  0.0849  0.0840  0.0859  0.0876  0.0841  0.0857  0.0837  0.0853  0.0830  0.0827  0.0825  0.0827
  0.0861  0.0842  0.0886  0.0960  0.0880  0.0934  0.0859  0.0908  0.0842  0.0851  0.0834  0.0837
  0.0889  0.0853  0.0921  0.1053  0.0932  0.1029  0.0892  0.0980  0.0863  0.0899  0.0852  0.0852
niter,ni,del,rscale     4    3    5.0000    1.2000
parameters
   -0.2103   14.4124   -3.8138   -5.6384   -8.7756   -6.8639
    0.6805    2.1579    1.0020   36.9661    2.3212  -31.3367
eta,q 0.91797 55.55527
  0.0890  0.0879  0.0849  0.0977  0.0895  0.0988  0.0878  0.0936  0.0860  0.0896  0.0869  0.0862
  0.0854  0.0852  0.0830  0.0911  0.0863  0.0909  0.0849  0.0874  0.0839  0.0862  0.0844  0.0836
  0.0832  0.0833  0.0822  0.0853  0.0835  0.0847  0.0830  0.0833  0.0825  0.0836  0.0828  0.0823
  0.0824  0.0824  0.0823  0.0821  0.0821  0.0822  0.0822  0.0822  0.0821  0.0821  0.0821  0.0820
  0.0832  0.0824  0.0834  0.0838  0.0831  0.0852  0.0827  0.0847  0.0825  0.0824  0.0822  0.0825
  0.0856  0.0834  0.0855  0.0905  0.0866  0.0929  0.0846  0.0901  0.0838  0.0849  0.0833  0.0836
  0.0893  0.0853  0.0883  0.0996  0.0916  0.1021  0.0875  0.0972  0.0859  0.0898  0.0853  0.0853
niter,ni,del,rscale     3    3    5.0000    1.2000
parameters
   -0.3199   14.5598   -4.0468   -5.5418   -8.9100   -7.0963
    0.8792    1.7451    0.9854   37.0703    2.8546  -31.2539
eta,q 0.91814 55.48205
  0.0882  0.0866  0.0855  0.0980  0.0895  0.0988  0.0877  0.0938  0.0857  0.0893  0.0865  0.0858
  0.0847  0.0842  0.0834  0.0913  0.0863  0.0910  0.0848  0.0875  0.0836  0.0859  0.0841  0.0833
  0.0826  0.0827  0.0822  0.0854  0.0835  0.0846  0.0828  0.0832  0.0823  0.0833  0.0825  0.0821
  0.0820  0.0820  0.0820  0.0820  0.0819  0.0819  0.0820  0.0819  0.0819  0.0819  0.0819  0.0818
  0.0830  0.0823  0.0828  0.0833  0.0827  0.0848  0.0824  0.0843  0.0824  0.0822  0.0821  0.0824
  0.0856  0.0836  0.0845  0.0897  0.0860  0.0923  0.0843  0.0896  0.0837  0.0848  0.0833  0.0836
  0.0894  0.0856  0.0871  0.0987  0.0909  0.1015  0.0873  0.0966  0.0858  0.0897  0.0853  0.0852
niter,ni,del,rscale     2    3    5.0000    1.2000
parameters
   -0.4200   14.6228   -4.1778   -5.4616   -8.9649   -7.2565
    1.0543    1.4293    0.9615   37.1402    3.2464  -31.2229
eta,q 0.91824 55.44630
  0.0881  0.0862  0.0857  0.0979  0.0895  0.0990  0.0876  0.0940  0.0856  0.0891  0.0862  0.0856
  0.0846  0.0839  0.0835  0.0912  0.0863  0.0911  0.0846  0.0876  0.0835  0.0858  0.0839  0.0831
  0.0825  0.0824  0.0822  0.0853  0.0834  0.0847  0.0826  0.0833  0.0822  0.0832  0.0824  0.0820
  0.0819  0.0818  0.0818  0.0818  0.0818  0.0818  0.0818  0.0818  0.0818  0.0818  0.0818  0.0818
  0.0829  0.0823  0.0825  0.0832  0.0825  0.0845  0.0823  0.0841  0.0823  0.0821  0.0821  0.0823
  0.0854  0.0836  0.0841  0.0896  0.0857  0.0918  0.0842  0.0892  0.0836  0.0848  0.0833  0.0835
  0.0892  0.0857  0.0866  0.0986  0.0906  0.1010  0.0872  0.0962  0.0857  0.0897  0.0854  0.0852
niter,ni,del,rscale     1    3    5.0000    1.2000
parameters
   -0.4979   14.6536   -4.2585   -5.4098   -8.9925   -7.3632
    1.1891    1.1911    0.9396   37.1901    3.5403  -31.2119
eta,q 0.91829 55.42601
  0.0882  0.0860  0.0858  0.0978  0.0895  0.0991  0.0875  0.0943  0.0856  0.0890  0.0860  0.0856
  0.0846  0.0837  0.0835  0.0910  0.0863  0.0912  0.0845  0.0878  0.0835  0.0857  0.0838  0.0831
  0.0824  0.0823  0.0821  0.0851  0.0834  0.0847  0.0826  0.0833  0.0822  0.0831  0.0823  0.0819
  0.0818  0.0818  0.0818  0.0817  0.0817  0.0817  0.0818  0.0817  0.0817  0.0817  0.0817  0.0817
  0.0827  0.0822  0.0824  0.0832  0.0824  0.0842  0.0823  0.0839  0.0822  0.0821  0.0820  0.0823
  0.0852  0.0836  0.0839  0.0897  0.0856  0.0915  0.0842  0.0890  0.0835  0.0847  0.0833  0.0835
  0.0890  0.0858  0.0863  0.0987  0.0904  0.1007  0.0872  0.0959  0.0856  0.0897  0.0854  0.0851
registration optimization eta report
parameter search radius
    2.4000    2.4000    2.4000    8.2800    7.2000    7.2000
    7.2000    7.2000    7.2000    7.2000    7.2000    7.2000
100000*second partial in parameter space
      118.       71.       75.       23.       16.       34.
       11.       25.        7.       15.        8.        7.
  0.0882  0.0860  0.0858  0.0978  0.0895  0.0991  0.0875  0.0943  0.0856  0.0890  0.0860  0.0856
  0.0846  0.0837  0.0835  0.0910  0.0863  0.0912  0.0845  0.0878  0.0835  0.0857  0.0838  0.0831
  0.0824  0.0823  0.0821  0.0851  0.0834  0.0847  0.0826  0.0833  0.0822  0.0831  0.0823  0.0819
  0.0818  0.0818  0.0818  0.0817  0.0817  0.0817  0.0818  0.0817  0.0817  0.0817  0.0817  0.0817
  0.0827  0.0822  0.0824  0.0832  0.0824  0.0842  0.0823  0.0839  0.0822  0.0821  0.0820  0.0823
  0.0852  0.0836  0.0839  0.0897  0.0856  0.0915  0.0842  0.0890  0.0835  0.0847  0.0833  0.0835
  0.0890  0.0858  0.0863  0.0987  0.0904  0.1007  0.0872  0.0959  0.0856  0.0897  0.0854  0.0851
   -0.4979   14.6536   -4.2585   -5.4098   -8.9925   -7.3632
    1.1891    1.1911    0.9396   37.1901    3.5403  -31.2119
eta,q 0.91829 55.42601

---------------------------------------------------------------------
imgreg_4dfp /opt/freesurfer/average/3T18yoSchwartzReactN32_as_orig /opt/freesurfer/average/711-2B_as_mni_average_305_mask talsrcimg_g11 none talsrcimg_to_3T18yoSchwartzReactN32_as_orig_t4 2311
---------------------------------------------------------------------

freesurfer imgreg_4dfp.c
/opt/freesurfer/average/3T18yoSchwartzReactN32_as_orig.4dfp.img
       256       256       256         1
  1.000000  1.000000  1.000000
orientation T byte_order littleendian
Reading image: /opt/freesurfer/average/3T18yoSchwartzReactN32_as_orig.4dfp.img
dimensions:      256       256       256
mmppix:       1.0000   -1.0000   -1.0000
center:     128.0000 -129.0000 -129.0000
/opt/freesurfer/average/711-2B_as_mni_average_305_mask.4dfp.img
       256       256       256         1
  1.000000  1.000000  1.000000
orientation T byte_order littleendian
Reading mask: /opt/freesurfer/average/711-2B_as_mni_average_305_mask.4dfp.img (2306576 pixels)
talsrcimg_g11.4dfp.img
       320       320       320         1
  0.799995  0.799995  0.799995
orientation T byte_order littleendian
Reading image: talsrcimg_g11.4dfp.img
dimensions:      320       320       320
mmppix:       0.8000   -0.8000   -0.8000
center:     127.9992 -128.7992 -128.7992
fimgreg.f
image alignment mode   2311 decimal      907 hex
parameters
   -0.4979   14.6536   -4.2585   -5.4098   -8.9925   -7.3632
    1.1891    1.1911    0.9396   37.1901    3.5403  -31.2119
eta,q 0.91829 55.42601
niter,ni,del,rscale     5    3    5.0000    0.8000
parameters
   -0.5599   14.6660   -4.3195   -5.0348   -8.7759   -7.4334
    1.3084    1.0566    0.8738   37.5061    3.8066  -31.6045
eta,q 0.91854 55.49896
  0.0846  0.0836  0.0835  0.0893  0.0860  0.0908  0.0844  0.0879  0.0833  0.0855  0.0835  0.0829
  0.0830  0.0826  0.0825  0.0859  0.0840  0.0862  0.0829  0.0846  0.0823  0.0837  0.0825  0.0820
  0.0820  0.0819  0.0819  0.0832  0.0824  0.0829  0.0819  0.0823  0.0817  0.0823  0.0818  0.0815
  0.0817  0.0817  0.0817  0.0817  0.0816  0.0815  0.0816  0.0816  0.0816  0.0816  0.0815  0.0815
  0.0822  0.0819  0.0820  0.0819  0.0818  0.0828  0.0818  0.0825  0.0818  0.0816  0.0816  0.0818
  0.0833  0.0825  0.0827  0.0840  0.0832  0.0863  0.0827  0.0850  0.0824  0.0827  0.0822  0.0824
  0.0851  0.0835  0.0838  0.0877  0.0856  0.0917  0.0842  0.0887  0.0834  0.0849  0.0832  0.0833
niter,ni,del,rscale     4    3    5.0000    0.7000
parameters
   -0.6154   14.6146   -4.2500   -5.0040   -8.7260   -7.4361
    1.4190    0.9207    0.8231   37.6834    3.9784  -31.8467
eta,q 0.91860 55.54657
  0.0838  0.0829  0.0832  0.0869  0.0849  0.0890  0.0837  0.0864  0.0829  0.0845  0.0830  0.0826
  0.0825  0.0821  0.0823  0.0843  0.0833  0.0852  0.0825  0.0838  0.0821  0.0830  0.0821  0.0818
  0.0817  0.0816  0.0817  0.0823  0.0820  0.0825  0.0817  0.0820  0.0816  0.0820  0.0816  0.0815
  0.0815  0.0815  0.0815  0.0815  0.0815  0.0814  0.0814  0.0814  0.0814  0.0814  0.0814  0.0814
  0.0818  0.0817  0.0816  0.0820  0.0817  0.0823  0.0816  0.0822  0.0816  0.0816  0.0815  0.0816
  0.0828  0.0822  0.0820  0.0839  0.0829  0.0850  0.0823  0.0842  0.0821  0.0825  0.0820  0.0821
  0.0842  0.0831  0.0829  0.0871  0.0849  0.0893  0.0835  0.0871  0.0829  0.0842  0.0828  0.0828
niter,ni,del,rscale     3    3    5.0000    0.6000
parameters
   -0.6555   14.6028   -4.2174   -4.9838   -8.7167   -7.4361
    1.4976    0.8340    0.7840   37.8250    4.0898  -32.0197
eta,q 0.91862 55.57265
  0.0832  0.0825  0.0826  0.0856  0.0840  0.0872  0.0831  0.0852  0.0825  0.0837  0.0825  0.0822
  0.0822  0.0819  0.0820  0.0835  0.0827  0.0842  0.0822  0.0832  0.0819  0.0826  0.0819  0.0817
  0.0816  0.0815  0.0816  0.0820  0.0818  0.0822  0.0816  0.0819  0.0815  0.0818  0.0815  0.0814
  0.0814  0.0814  0.0814  0.0814  0.0814  0.0814  0.0814  0.0814  0.0814  0.0814  0.0814  0.0814
  0.0817  0.0815  0.0815  0.0818  0.0816  0.0821  0.0816  0.0819  0.0815  0.0815  0.0815  0.0815
  0.0823  0.0819  0.0819  0.0832  0.0826  0.0841  0.0821  0.0834  0.0819  0.0822  0.0818  0.0819
  0.0834  0.0826  0.0825  0.0857  0.0841  0.0873  0.0829  0.0857  0.0825  0.0835  0.0824  0.0824
niter,ni,del,rscale     2    3    5.0000    0.5000
parameters
   -0.6836   14.6073   -4.1938   -4.9640   -8.7213   -7.4388
    1.5561    0.7857    0.7476   37.9538    4.1570  -32.1654
eta,q 0.91864 55.59050
  0.0826  0.0822  0.0822  0.0844  0.0832  0.0855  0.0825  0.0841  0.0821  0.0830  0.0821  0.0819
  0.0819  0.0817  0.0818  0.0828  0.0823  0.0834  0.0819  0.0827  0.0817  0.0822  0.0817  0.0816
  0.0815  0.0815  0.0815  0.0818  0.0816  0.0819  0.0815  0.0817  0.0814  0.0816  0.0815  0.0814
  0.0814  0.0814  0.0814  0.0814  0.0814  0.0814  0.0814  0.0814  0.0814  0.0814  0.0814  0.0814
  0.0816  0.0815  0.0815  0.0817  0.0816  0.0819  0.0815  0.0817  0.0815  0.0815  0.0814  0.0815
  0.0820  0.0817  0.0817  0.0827  0.0822  0.0833  0.0818  0.0827  0.0817  0.0819  0.0817  0.0817
  0.0828  0.0822  0.0821  0.0844  0.0833  0.0856  0.0825  0.0844  0.0822  0.0828  0.0821  0.0821
niter,ni,del,rscale     1    3    5.0000    0.4000
parameters
   -0.7016   14.6143   -4.1762   -4.9436   -8.7347   -7.4476
    1.5987    0.7624    0.7090   38.0714    4.1950  -32.2973
eta,q 0.91865 55.60421
  0.0822  0.0819  0.0819  0.0833  0.0826  0.0841  0.0821  0.0832  0.0818  0.0824  0.0818  0.0817
  0.0817  0.0816  0.0816  0.0823  0.0819  0.0827  0.0817  0.0822  0.0816  0.0819  0.0816  0.0815
  0.0814  0.0814  0.0814  0.0816  0.0815  0.0817  0.0814  0.0816  0.0814  0.0815  0.0814  0.0814
  0.0814  0.0814  0.0814  0.0814  0.0814  0.0814  0.0814  0.0814  0.0814  0.0814  0.0813  0.0813
  0.0815  0.0814  0.0814  0.0815  0.0815  0.0817  0.0814  0.0816  0.0814  0.0814  0.0814  0.0814
  0.0818  0.0816  0.0816  0.0822  0.0819  0.0827  0.0817  0.0822  0.0816  0.0817  0.0816  0.0816
  0.0822  0.0819  0.0819  0.0833  0.0826  0.0842  0.0821  0.0833  0.0819  0.0823  0.0818  0.0818
registration optimization eta report
parameter search radius
    0.8000    0.8000    0.8000    2.4000    2.4000    2.4000
    2.4000    2.4000    2.4000    2.4000    2.4000    2.4000
100000*second partial in parameter space
      132.       82.       81.       34.       22.       48.
       13.       33.        9.       18.        8.        7.
  0.0822  0.0819  0.0819  0.0833  0.0826  0.0841  0.0821  0.0832  0.0818  0.0824  0.0818  0.0817
  0.0817  0.0816  0.0816  0.0823  0.0819  0.0827  0.0817  0.0822  0.0816  0.0819  0.0816  0.0815
  0.0814  0.0814  0.0814  0.0816  0.0815  0.0817  0.0814  0.0816  0.0814  0.0815  0.0814  0.0814
  0.0814  0.0814  0.0814  0.0814  0.0814  0.0814  0.0814  0.0814  0.0814  0.0814  0.0813  0.0813
  0.0815  0.0814  0.0814  0.0815  0.0815  0.0817  0.0814  0.0816  0.0814  0.0814  0.0814  0.0814
  0.0818  0.0816  0.0816  0.0822  0.0819  0.0827  0.0817  0.0822  0.0816  0.0817  0.0816  0.0816
  0.0822  0.0819  0.0819  0.0833  0.0826  0.0842  0.0821  0.0833  0.0819  0.0823  0.0818  0.0818
   -0.7016   14.6143   -4.1762   -4.9436   -8.7347   -7.4476
    1.5987    0.7624    0.7090   38.0714    4.1950  -32.2973
eta,q 0.91865 55.60421

---------------------------------------------------------------------
imgreg_4dfp /opt/freesurfer/average/3T18yoSchwartzReactN32_as_orig /opt/freesurfer/average/711-2B_as_mni_average_305_mask talsrcimg_g11 none talsrcimg_to_3T18yoSchwartzReactN32_as_orig_t4 2311
---------------------------------------------------------------------

freesurfer imgreg_4dfp.c
/opt/freesurfer/average/3T18yoSchwartzReactN32_as_orig.4dfp.img
       256       256       256         1
  1.000000  1.000000  1.000000
orientation T byte_order littleendian
Reading image: /opt/freesurfer/average/3T18yoSchwartzReactN32_as_orig.4dfp.img
dimensions:      256       256       256
mmppix:       1.0000   -1.0000   -1.0000
center:     128.0000 -129.0000 -129.0000
/opt/freesurfer/average/711-2B_as_mni_average_305_mask.4dfp.img
       256       256       256         1
  1.000000  1.000000  1.000000
orientation T byte_order littleendian
Reading mask: /opt/freesurfer/average/711-2B_as_mni_average_305_mask.4dfp.img (2306576 pixels)
talsrcimg_g11.4dfp.img
       320       320       320         1
  0.799995  0.799995  0.799995
orientation T byte_order littleendian
Reading image: talsrcimg_g11.4dfp.img
dimensions:      320       320       320
mmppix:       0.8000   -0.8000   -0.8000
center:     127.9992 -128.7992 -128.7992
fimgreg.f
image alignment mode   2311 decimal      907 hex
parameters
   -0.7016   14.6143   -4.1762   -4.9436   -8.7347   -7.4476
    1.5987    0.7624    0.7090   38.0714    4.1950  -32.2973
eta,q 0.91865 55.60423
niter,ni,del,rscale     5    3    5.0000    0.8000
parameters
   -0.6999   14.6272   -4.1652   -5.1226   -8.9417   -7.4918
    1.6124    0.6837    0.7548   37.9431    4.2134  -32.1637
eta,q 0.91859 55.55882
  0.0847  0.0834  0.0834  0.0878  0.0853  0.0908  0.0841  0.0879  0.0833  0.0849  0.0833  0.0832
  0.0828  0.0823  0.0823  0.0846  0.0834  0.0862  0.0827  0.0845  0.0823  0.0832  0.0823  0.0821
  0.0817  0.0816  0.0816  0.0823  0.0820  0.0828  0.0817  0.0822  0.0816  0.0819  0.0816  0.0816
  0.0813  0.0813  0.0813  0.0813  0.0814  0.0814  0.0814  0.0814  0.0814  0.0814  0.0814  0.0814
  0.0817  0.0816  0.0816  0.0822  0.0819  0.0826  0.0817  0.0823  0.0816  0.0817  0.0816  0.0816
  0.0829  0.0823  0.0823  0.0849  0.0837  0.0860  0.0826  0.0848  0.0822  0.0831  0.0822  0.0821
  0.0846  0.0834  0.0834  0.0892  0.0864  0.0915  0.0841  0.0884  0.0833  0.0856  0.0833  0.0829
niter,ni,del,rscale     4    3    5.0000    0.7000
parameters
   -0.7116   14.6703   -4.2462   -5.0399   -8.9154   -7.5252
    1.6013    0.6703    0.7598   37.9907    4.2558  -32.1521
eta,q 0.91862 55.54735
  0.0839  0.0830  0.0828  0.0870  0.0848  0.0889  0.0835  0.0866  0.0829  0.0843  0.0828  0.0827
  0.0825  0.0822  0.0820  0.0843  0.0832  0.0851  0.0823  0.0839  0.0820  0.0829  0.0820  0.0819
  0.0817  0.0816  0.0815  0.0823  0.0819  0.0824  0.0816  0.0821  0.0816  0.0819  0.0816  0.0815
  0.0814  0.0814  0.0814  0.0814  0.0814  0.0814  0.0814  0.0814  0.0814  0.0814  0.0814  0.0814
  0.0817  0.0815  0.0816  0.0818  0.0817  0.0823  0.0816  0.0820  0.0816  0.0816  0.0815  0.0815
  0.0826  0.0820  0.0822  0.0837  0.0829  0.0850  0.0823  0.0839  0.0820  0.0826  0.0820  0.0820
  0.0839  0.0828  0.0831  0.0868  0.0850  0.0893  0.0835  0.0868  0.0828  0.0844  0.0828  0.0826
niter,ni,del,rscale     3    3    5.0000    0.6000
parameters
   -0.7232   14.6728   -4.2506   -4.9857   -8.8697   -7.5264
    1.6146    0.6600    0.7437   38.0463    4.2918  -32.2034
eta,q 0.91864 55.55938
  0.0832  0.0825  0.0825  0.0856  0.0840  0.0872  0.0830  0.0853  0.0825  0.0836  0.0824  0.0823
  0.0822  0.0819  0.0819  0.0835  0.0827  0.0842  0.0821  0.0833  0.0819  0.0825  0.0819  0.0817
  0.0816  0.0815  0.0815  0.0820  0.0818  0.0821  0.0816  0.0819  0.0815  0.0817  0.0815  0.0814
  0.0814  0.0814  0.0814  0.0814  0.0814  0.0814  0.0814  0.0814  0.0814  0.0814  0.0814  0.0814
  0.0816  0.0815  0.0815  0.0817  0.0816  0.0821  0.0815  0.0818  0.0815  0.0815  0.0815  0.0815
  0.0822  0.0819  0.0819  0.0832  0.0825  0.0841  0.0821  0.0832  0.0819  0.0822  0.0818  0.0818
  0.0833  0.0825  0.0825  0.0855  0.0840  0.0873  0.0830  0.0855  0.0825  0.0836  0.0824  0.0823
niter,ni,del,rscale     2    3    5.0000    0.5000
parameters
   -0.7303   14.6646   -4.2357   -4.9529   -8.8335   -7.5204
    1.6362    0.6626    0.7176   38.1092    4.3004  -32.2826
eta,q 0.91865 55.57539
  0.0827  0.0822  0.0822  0.0844  0.0833  0.0856  0.0825  0.0842  0.0821  0.0829  0.0821  0.0820
  0.0819  0.0817  0.0817  0.0828  0.0823  0.0834  0.0819  0.0827  0.0817  0.0822  0.0817  0.0816
  0.0815  0.0814  0.0815  0.0818  0.0816  0.0819  0.0815  0.0817  0.0814  0.0816  0.0814  0.0814
  0.0814  0.0814  0.0814  0.0814  0.0814  0.0814  0.0814  0.0814  0.0814  0.0814  0.0814  0.0814
  0.0815  0.0815  0.0814  0.0816  0.0815  0.0819  0.0815  0.0817  0.0814  0.0815  0.0814  0.0814
  0.0820  0.0817  0.0817  0.0826  0.0822  0.0833  0.0818  0.0827  0.0817  0.0820  0.0817  0.0817
  0.0827  0.0822  0.0821  0.0844  0.0833  0.0856  0.0825  0.0843  0.0821  0.0829  0.0821  0.0820
niter,ni,del,rscale     1    3    5.0000    0.4000
parameters
   -0.7347   14.6558   -4.2141   -4.9301   -8.8104   -7.5168
    1.6559    0.6753    0.6886   38.1786    4.2951  -32.3741
eta,q 0.91866 55.59149
  0.0822  0.0819  0.0819  0.0833  0.0826  0.0841  0.0821  0.0832  0.0818  0.0824  0.0818  0.0817
  0.0817  0.0816  0.0816  0.0823  0.0820  0.0827  0.0817  0.0822  0.0816  0.0819  0.0816  0.0815
  0.0814  0.0814  0.0814  0.0816  0.0815  0.0817  0.0814  0.0816  0.0814  0.0815  0.0814  0.0814
  0.0814  0.0813  0.0814  0.0814  0.0813  0.0813  0.0814  0.0814  0.0813  0.0814  0.0813  0.0813
  0.0814  0.0814  0.0814  0.0815  0.0815  0.0817  0.0814  0.0815  0.0814  0.0814  0.0814  0.0814
  0.0817  0.0816  0.0816  0.0822  0.0819  0.0826  0.0817  0.0822  0.0816  0.0817  0.0816  0.0816
  0.0822  0.0819  0.0818  0.0833  0.0826  0.0841  0.0821  0.0832  0.0819  0.0823  0.0818  0.0818
registration optimization eta report
parameter search radius
    0.8000    0.8000    0.8000    2.4000    2.4000    2.4000
    2.4000    2.4000    2.4000    2.4000    2.4000    2.4000
100000*second partial in parameter space
      133.       82.       81.       34.       22.       48.
       13.       33.        9.       18.        8.        7.
  0.0822  0.0819  0.0819  0.0833  0.0826  0.0841  0.0821  0.0832  0.0818  0.0824  0.0818  0.0817
  0.0817  0.0816  0.0816  0.0823  0.0820  0.0827  0.0817  0.0822  0.0816  0.0819  0.0816  0.0815
  0.0814  0.0814  0.0814  0.0816  0.0815  0.0817  0.0814  0.0816  0.0814  0.0815  0.0814  0.0814
  0.0814  0.0813  0.0814  0.0814  0.0813  0.0813  0.0814  0.0814  0.0813  0.0814  0.0813  0.0813
  0.0814  0.0814  0.0814  0.0815  0.0815  0.0817  0.0814  0.0815  0.0814  0.0814  0.0814  0.0814
  0.0817  0.0816  0.0816  0.0822  0.0819  0.0826  0.0817  0.0822  0.0816  0.0817  0.0816  0.0816
  0.0822  0.0819  0.0818  0.0833  0.0826  0.0841  0.0821  0.0832  0.0819  0.0823  0.0818  0.0818
   -0.7347   14.6558   -4.2141   -4.9301   -8.8104   -7.5168
    1.6559    0.6753    0.6886   38.1786    4.2951  -32.3741
eta,q 0.91866 55.59149

---------------------------------------------------------------------
compute_vox2vox talsrcimg talsrcimg_to_3T18yoSchwartzReactN32_as_orig_t4 /opt/freesurfer/average/3T18yoSchwartzReactN32_as_orig
---------------------------------------------------------------------

freesurfer compute_vox2vox.c
Reading: talsrcimg.4dfp.ifh
Reading: talsrcimg_to_3T18yoSchwartzReactN32_as_orig_t4
Reading: /opt/freesurfer/average/3T18yoSchwartzReactN32_as_orig.4dfp.ifh
Writing: talsrcimg_to_3T18yoSchwartzReactN32_as_orig_t4_vox2vox.txt

start time Thu Oct 5 12:06:30 UTC 2023
end		time Thu Oct 5 12:07:02 UTC 2023

mpr2mni305 success

avi2talxfm orig_nu.mgz /opt/freesurfer/average/mni305.cor.mgz talsrcimg_to_3T18yoSchwartzReactN32_as_orig_t4_vox2vox.txt transforms/talairach.auto.xfm
avi2talxfm done
mv -f /localscratch/bpinsard.41394441.0/freesurfer_crosssectional_autorecon1smriprep_skullstripautorecon2autorecon3_sub02_ses002.job/sub-02_ses-002/mri/talsrcimg_to_3T18yoSchwartzReactN32_as_orig_t4_vox2vox.txt /localscratch/bpinsard.41394441.0/freesurfer_crosssectional_autorecon1smriprep_skullstripautorecon2autorecon3_sub02_ses002.job/sub-02_ses-002/mri/transforms/talsrcimg_to_3T18yoSchwartzReactN32_as_orig_t4_vox2vox.txt
lta_convert --src orig_nu.mgz --trg /opt/freesurfer/average/mni305.cor.mgz --inxfm transforms/talairach.auto.xfm --outlta transforms/talairach.auto.xfm.lta --subject fsaverage
7.4.1

--src: orig_nu.mgz src image (geometry).
--trg: /opt/freesurfer/average/mni305.cor.mgz trg image (geometry).
--inmni: transforms/talairach.auto.xfm input MNI/XFM transform.
--outlta: transforms/talairach.auto.xfm.lta output LTA.
--s: fsaverage subject name
 LTA read, type : 1
 1.05198   0.00018  -0.01904  -0.16173;
-0.04504   0.94305   0.33562  -17.09216;
 0.01091  -0.39483   0.95624   18.62479;
 0.00000   0.00000   0.00000   1.00000;
setting subject to fsaverage
Writing  LTA to file transforms/talairach.auto.xfm.lta...
lta_convert successful.
 
 
Started at Thu Oct 5 12:06:29 UTC 2023
Ended   at Thu Oct  5 12:07:02 UTC 2023
talairach_avi done
