status file for recon-all
Fri Oct 13 22:33:19 UTC 2023
#@# MotionCor Fri Oct 13 22:34:02 UTC 2023
#@# Talairach Fri Oct 13 22:34:02 UTC 2023
#@# Talairach Failure Detection Fri Oct 13 22:34:04 UTC 2023
#@# Nu Intensity Correction Fri Oct 13 22:34:04 UTC 2023
#@# Intensity Normalization Fri Oct 13 22:43:44 UTC 2023
#@# Skull Stripping Fri Oct 13 22:58:42 UTC 2023
#@# EM Registration Fri Oct 13 22:58:49 UTC 2023
#@# CA Normalize Fri Oct 13 22:58:49 UTC 2023
#@# CA Reg Fri Oct 13 23:03:02 UTC 2023
#@# SubCort Seg Fri Oct 13 23:30:11 UTC 2023
#@# CC Seg Fri Oct 13 23:43:03 UTC 2023
#@# Merge ASeg Fri Oct 13 23:55:03 UTC 2023
#@# Intensity Normalization2 Fri Oct 13 23:55:03 UTC 2023
#@# Mask BFS Sat Oct 14 00:02:20 UTC 2023
#@# WM Segmentation Sat Oct 14 00:02:28 UTC 2023
#@# Smooth2 lh Sat Oct 14 00:23:59 UTC 2023
#@# Smooth2 rh Sat Oct 14 00:24:07 UTC 2023
#@# Inflation2 lh Sat Oct 14 00:24:14 UTC 2023
#@# Inflation2 rh Sat Oct 14 00:24:46 UTC 2023
#@# Curv .H and .K lh Sat Oct 14 00:25:21 UTC 2023
#@# Curv .H and .K rh Sat Oct 14 00:27:20 UTC 2023
#@# Sphere lh Sat Oct 14 00:29:19 UTC 2023
#@# Sphere rh Sat Oct 14 00:29:19 UTC 2023
#@# Surf Reg lh Sat Oct 14 00:29:19 UTC 2023
#@# Surf Reg rh Sat Oct 14 00:33:59 UTC 2023
#@# Jacobian white lh Sat Oct 14 00:38:43 UTC 2023
#@# Jacobian white rh Sat Oct 14 00:38:45 UTC 2023
#@# AvgCurv lh Sat Oct 14 00:38:48 UTC 2023
#@# AvgCurv rh Sat Oct 14 00:38:50 UTC 2023
#@# Cortical Parc lh Sat Oct 14 00:38:52 UTC 2023
#@# Cortical Parc rh Sat Oct 14 00:39:12 UTC 2023
#@# white curv lh Sat Oct 14 01:01:15 UTC 2023
#@# white area lh Sat Oct 14 01:01:20 UTC 2023
#@# pial curv lh Sat Oct 14 01:01:21 UTC 2023
#@# pial area lh Sat Oct 14 01:01:26 UTC 2023
#@# thickness lh Sat Oct 14 01:01:28 UTC 2023
#@# area and vertex vol lh Sat Oct 14 01:02:49 UTC 2023
#@# white curv rh Sat Oct 14 01:02:54 UTC 2023
#@# white area rh Sat Oct 14 01:02:58 UTC 2023
#@# pial curv rh Sat Oct 14 01:03:00 UTC 2023
#@# pial area rh Sat Oct 14 01:03:05 UTC 2023
#@# thickness rh Sat Oct 14 01:03:07 UTC 2023
#@# area and vertex vol rh Sat Oct 14 01:04:29 UTC 2023
#@# Curvature Stats lh Sat Oct 14 01:04:33 UTC 2023
#@# Curvature Stats rh Sat Oct 14 01:04:40 UTC 2023
#@# Cortical ribbon mask Sat Oct 14 01:04:47 UTC 2023
#@# Cortical Parc 2 lh Sat Oct 14 01:55:18 UTC 2023
#@# Cortical Parc 2 rh Sat Oct 14 01:55:45 UTC 2023
#@# Cortical Parc 3 lh Sat Oct 14 01:56:14 UTC 2023
#@# Cortical Parc 3 rh Sat Oct 14 01:56:36 UTC 2023
#@# WM/GM Contrast lh Sat Oct 14 01:56:59 UTC 2023
#@# WM/GM Contrast rh Sat Oct 14 01:57:09 UTC 2023
#@# Relabel Hypointensities Sat Oct 14 01:57:18 UTC 2023
#@# APas-to-ASeg Sat Oct 14 01:58:07 UTC 2023
#@# AParc-to-ASeg aparc Sat Oct 14 01:58:44 UTC 2023
#@# AParc-to-ASeg aparc.a2009s Sat Oct 14 02:04:17 UTC 2023
#@# AParc-to-ASeg aparc.DKTatlas Sat Oct 14 02:09:50 UTC 2023
#@# WMParc Sat Oct 14 02:15:20 UTC 2023
#@# Parcellation Stats lh Sat Oct 14 02:23:26 UTC 2023
#@# Parcellation Stats rh Sat Oct 14 02:25:04 UTC 2023
#@# Parcellation Stats 2 lh Sat Oct 14 02:26:46 UTC 2023
#@# Parcellation Stats 2 rh Sat Oct 14 02:27:38 UTC 2023
#@# Parcellation Stats 3 lh Sat Oct 14 02:28:31 UTC 2023
#@# Parcellation Stats 3 rh Sat Oct 14 02:29:19 UTC 2023
#@# ASeg Stats Sat Oct 14 02:30:09 UTC 2023
#@# BA_exvivo Labels lh Sat Oct 14 02:32:00 UTC 2023
#@# BA_exvivo Labels rh Sat Oct 14 02:39:16 UTC 2023
recon-all -s sub-01_ses-007.long.sub-01 finished without error at Sat Oct 14 02:46:34 UTC 2023
