status file for recon-all
Thu Oct  5 12:43:47 UTC 2023
#@# MotionCor Thu Oct  5 12:43:54 UTC 2023
#@# Talairach Thu Oct  5 12:44:09 UTC 2023
#@# Talairach Failure Detection Thu Oct  5 12:53:41 UTC 2023
#@# Nu Intensity Correction Thu Oct  5 12:53:41 UTC 2023
#@# Intensity Normalization Thu Oct  5 13:03:31 UTC 2023
#@# Skull Stripping Thu Oct  5 13:09:31 UTC 2023
recon-all -s sub-06_ses-007 finished without error at Thu Oct  5 13:15:13 UTC 2023



#New# invocation of recon-all 



status file for recon-all
Thu Oct  5 13:40:34 UTC 2023
#@# EM Registration Thu Oct  5 13:40:34 UTC 2023
#@# CA Normalize Thu Oct  5 13:44:11 UTC 2023
#@# CA Reg Thu Oct  5 13:47:35 UTC 2023
#@# SubCort Seg Thu Oct  5 15:02:22 UTC 2023
#@# CC Seg Thu Oct  5 16:36:46 UTC 2023
#@# Merge ASeg Thu Oct  5 16:38:46 UTC 2023
#@# Intensity Normalization2 Thu Oct  5 16:38:46 UTC 2023
#@# Mask BFS Thu Oct  5 16:46:13 UTC 2023
#@# WM Segmentation Thu Oct  5 16:46:15 UTC 2023
#@# Fill Thu Oct  5 16:53:38 UTC 2023
#@# Tessellate lh Thu Oct  5 16:56:26 UTC 2023
#@# Tessellate rh Thu Oct  5 16:56:35 UTC 2023
#@# Smooth1 lh Thu Oct  5 16:56:43 UTC 2023
#@# Smooth1 rh Thu Oct  5 16:56:48 UTC 2023
#@# Inflation1 lh Thu Oct  5 16:56:54 UTC 2023
#@# Inflation1 rh Thu Oct  5 16:57:20 UTC 2023
#@# QSphere lh Thu Oct  5 16:57:48 UTC 2023
#@# QSphere rh Thu Oct  5 17:00:24 UTC 2023
#@# Fix Topology lh Thu Oct  5 17:02:38 UTC 2023
#@# Fix Topology rh Thu Oct  5 17:03:36 UTC 2023
#@# Smooth2 lh Thu Oct  5 17:20:10 UTC 2023
#@# Smooth2 rh Thu Oct  5 17:20:15 UTC 2023
#@# Inflation2 lh Thu Oct  5 17:20:21 UTC 2023
#@# Inflation2 rh Thu Oct  5 17:20:51 UTC 2023
#@# Curv .H and .K lh Thu Oct  5 17:21:22 UTC 2023
#@# Curv .H and .K rh Thu Oct  5 17:23:00 UTC 2023
recon-all -s sub-06_ses-007 finished without error at Thu Oct  5 17:24:40 UTC 2023



#New# invocation of recon-all 



status file for recon-all
Thu Oct  5 17:25:26 UTC 2023
#@# Sphere lh Thu Oct  5 17:25:26 UTC 2023
#@# Sphere rh Thu Oct  5 17:33:15 UTC 2023
#@# Surf Reg lh Thu Oct  5 17:44:03 UTC 2023
#@# Surf Reg rh Thu Oct  5 17:52:59 UTC 2023
#@# Jacobian white lh Thu Oct  5 18:02:22 UTC 2023
#@# Jacobian white rh Thu Oct  5 18:02:24 UTC 2023
#@# AvgCurv lh Thu Oct  5 18:02:25 UTC 2023
#@# AvgCurv rh Thu Oct  5 18:02:27 UTC 2023
#@# Cortical Parc lh Thu Oct  5 18:02:29 UTC 2023
#@# Cortical Parc rh Thu Oct  5 18:02:51 UTC 2023
#@# white curv lh Thu Oct  5 18:20:38 UTC 2023
#@# white area lh Thu Oct  5 18:20:42 UTC 2023
#@# pial curv lh Thu Oct  5 18:20:43 UTC 2023
#@# pial area lh Thu Oct  5 18:20:47 UTC 2023
#@# thickness lh Thu Oct  5 18:20:48 UTC 2023
#@# area and vertex vol lh Thu Oct  5 18:21:52 UTC 2023
#@# white curv rh Thu Oct  5 18:21:55 UTC 2023
#@# white area rh Thu Oct  5 18:21:59 UTC 2023
#@# pial curv rh Thu Oct  5 18:22:00 UTC 2023
#@# pial area rh Thu Oct  5 18:22:04 UTC 2023
#@# thickness rh Thu Oct  5 18:22:05 UTC 2023
#@# area and vertex vol rh Thu Oct  5 18:23:11 UTC 2023
#@# Curvature Stats lh Thu Oct  5 18:23:14 UTC 2023
#@# Curvature Stats rh Thu Oct  5 18:23:19 UTC 2023
#@# Cortical ribbon mask Thu Oct  5 18:23:25 UTC 2023
#@# Cortical Parc 2 lh Thu Oct  5 18:56:58 UTC 2023
#@# Cortical Parc 2 rh Thu Oct  5 18:57:28 UTC 2023
#@# Cortical Parc 3 lh Thu Oct  5 18:57:58 UTC 2023
#@# Cortical Parc 3 rh Thu Oct  5 18:58:20 UTC 2023
#@# WM/GM Contrast lh Thu Oct  5 18:58:41 UTC 2023
#@# WM/GM Contrast rh Thu Oct  5 18:58:47 UTC 2023
#@# Relabel Hypointensities Thu Oct  5 18:58:54 UTC 2023
#@# APas-to-ASeg Thu Oct  5 18:59:35 UTC 2023
#@# AParc-to-ASeg aparc Thu Oct  5 18:59:59 UTC 2023
#@# AParc-to-ASeg aparc.a2009s Thu Oct  5 19:04:19 UTC 2023
#@# AParc-to-ASeg aparc.DKTatlas Thu Oct  5 19:08:39 UTC 2023
#@# WMParc Thu Oct  5 19:13:13 UTC 2023
#@# Parcellation Stats lh Thu Oct  5 19:20:28 UTC 2023
#@# Parcellation Stats rh Thu Oct  5 19:21:43 UTC 2023
#@# Parcellation Stats 2 lh Thu Oct  5 19:23:00 UTC 2023
#@# Parcellation Stats 2 rh Thu Oct  5 19:23:38 UTC 2023
#@# Parcellation Stats 3 lh Thu Oct  5 19:24:18 UTC 2023
#@# Parcellation Stats 3 rh Thu Oct  5 19:24:55 UTC 2023
#@# ASeg Stats Thu Oct  5 19:25:33 UTC 2023
#@# BA_exvivo Labels lh Thu Oct  5 19:27:10 UTC 2023
#@# BA_exvivo Labels rh Thu Oct  5 19:32:47 UTC 2023
recon-all -s sub-06_ses-007 finished without error at Thu Oct  5 19:38:35 UTC 2023
