/localscratch/bpinsard.41394478.0/freesurfer_crosssectional_autorecon1smriprep_skullstripautorecon2autorecon3_sub05_ses005.job/sub-05_ses-005/mri
/opt/freesurfer/bin/mri_nu_correct.mni
--i orig.mgz --o nu.mgz --uchar transforms/talairach.xfm --cm --proto-iters 1000 --distance 50 --n 1 --ants-n4
nIters 1
mri_nu_correct.mni 7.4.1
Linux bc12307.int.ets1.calculquebec.ca 3.10.0-1160.99.1.el7.x86_64 #1 SMP Wed Sep 13 14:19:20 UTC 2023 x86_64 x86_64 x86_64 GNU/Linux
Thu Oct  5 12:30:21 UTC 2023
tmpdir is ./tmp.mri_nu_correct.mni.65215
cd /localscratch/bpinsard.41394478.0/freesurfer_crosssectional_autorecon1smriprep_skullstripautorecon2autorecon3_sub05_ses005.job/sub-05_ses-005/mri
AntsN4BiasFieldCorrectionFs -i orig.mgz -o ./tmp.mri_nu_correct.mni.65215/nu0.mgz --dtype uchar
AntsN4BiasFieldCorrectionFs done
mri_binarize --i ./tmp.mri_nu_correct.mni.65215/nu0.mgz --min -1 --o ./tmp.mri_nu_correct.mni.65215/ones.mgz

7.4.1
cwd /localscratch/bpinsard.41394478.0/freesurfer_crosssectional_autorecon1smriprep_skullstripautorecon2autorecon3_sub05_ses005.job/sub-05_ses-005/mri
cmdline mri_binarize --i ./tmp.mri_nu_correct.mni.65215/nu0.mgz --min -1 --o ./tmp.mri_nu_correct.mni.65215/ones.mgz 
sysname  Linux
hostname bc12307.int.ets1.calculquebec.ca
machine  x86_64
user     bpinsard

input      ./tmp.mri_nu_correct.mni.65215/nu0.mgz
frame      0
nErode3d   0
nErode2d   0
output     ./tmp.mri_nu_correct.mni.65215/ones.mgz
Binarizing based on threshold
min        -1
max        +infinity
binval        1
binvalnot     0
fstart = 0, fend = 0, nframes = 1
Starting parallel 1
Found 32768000 values in range
Counting number of voxels in first frame
Found 32767999 voxels in final mask
Writing output to ./tmp.mri_nu_correct.mni.65215/ones.mgz
Count: 32767999 16776927.222384 32768000 99.999997
mri_binarize done
mri_segstats --id 1 --seg ./tmp.mri_nu_correct.mni.65215/ones.mgz --i orig.mgz --sum ./tmp.mri_nu_correct.mni.65215/sum.junk --avgwf ./tmp.mri_nu_correct.mni.65215/input.mean.dat

7.4.1
cwd 
cmdline mri_segstats --id 1 --seg ./tmp.mri_nu_correct.mni.65215/ones.mgz --i orig.mgz --sum ./tmp.mri_nu_correct.mni.65215/sum.junk --avgwf ./tmp.mri_nu_correct.mni.65215/input.mean.dat 
sysname  Linux
hostname bc12307.int.ets1.calculquebec.ca
machine  x86_64
user     bpinsard
whitesurfname  white
UseRobust  0
Loading ./tmp.mri_nu_correct.mni.65215/ones.mgz
Loading orig.mgz
Voxel Volume is 0.511991 mm^3
Generating list of segmentation ids
Found   1 segmentations
Computing statistics for each segmentation

Reporting on   1 segmentations
Using PrintSegStat
Computing spatial average of each frame

Writing to ./tmp.mri_nu_correct.mni.65215/input.mean.dat
mri_segstats done
mri_segstats --id 1 --seg ./tmp.mri_nu_correct.mni.65215/ones.mgz --i ./tmp.mri_nu_correct.mni.65215/nu0.mgz --sum ./tmp.mri_nu_correct.mni.65215/sum.junk --avgwf ./tmp.mri_nu_correct.mni.65215/output.mean.dat

7.4.1
cwd 
cmdline mri_segstats --id 1 --seg ./tmp.mri_nu_correct.mni.65215/ones.mgz --i ./tmp.mri_nu_correct.mni.65215/nu0.mgz --sum ./tmp.mri_nu_correct.mni.65215/sum.junk --avgwf ./tmp.mri_nu_correct.mni.65215/output.mean.dat 
sysname  Linux
hostname bc12307.int.ets1.calculquebec.ca
machine  x86_64
user     bpinsard
whitesurfname  white
UseRobust  0
Loading ./tmp.mri_nu_correct.mni.65215/ones.mgz
Loading ./tmp.mri_nu_correct.mni.65215/nu0.mgz
Voxel Volume is 0.511991 mm^3
Generating list of segmentation ids
Found   1 segmentations
Computing statistics for each segmentation

Reporting on   1 segmentations
Using PrintSegStat
Computing spatial average of each frame

Writing to ./tmp.mri_nu_correct.mni.65215/output.mean.dat
mri_segstats done
mris_calc -o ./tmp.mri_nu_correct.mni.65215/nu0.mgz ./tmp.mri_nu_correct.mni.65215/nu0.mgz mul 1.23147981949810901281
mri_convert ./tmp.mri_nu_correct.mni.65215/nu0.mgz nu.mgz --like orig.mgz
mri_convert ./tmp.mri_nu_correct.mni.65215/nu0.mgz nu.mgz --like orig.mgz 
reading from ./tmp.mri_nu_correct.mni.65215/nu0.mgz...
TR=0.00, TE=0.00, TI=0.00, flip angle=0.00
i_ras = (-1, 0, 0)
j_ras = (0, 0, -1)
k_ras = (0, 1, 0)
INFO: transform src into the like-volume: orig.mgz
writing to nu.mgz...
mri_make_uchar nu.mgz transforms/talairach.xfm nu.mgz
type change took 0 minutes and 13 seconds.
FIRST_PERCENTILE 0.010000
WM_PERCENTILE    0.900000
MAX_R 50.000000
i1 = 2, i2 = 75
#mri_make_uchar# mapping  1 33 to  3 110  :  b -0.393836 m 3.38883 : thresh 0.116216 maxsat 75.3633 : nzero 20377318 nsat 255755
 
 
Thu Oct  5 12:39:44 UTC 2023
mri_nu_correct.mni done
