status file for recon-all
Fri Oct 13 17:31:29 UTC 2023
#@# MotionCor Fri Oct 13 17:32:10 UTC 2023
#@# Talairach Fri Oct 13 17:32:11 UTC 2023
#@# Talairach Failure Detection Fri Oct 13 17:32:13 UTC 2023
#@# Nu Intensity Correction Fri Oct 13 17:32:13 UTC 2023
#@# Intensity Normalization Fri Oct 13 17:41:51 UTC 2023
#@# Skull Stripping Fri Oct 13 17:56:06 UTC 2023
#@# EM Registration Fri Oct 13 17:56:12 UTC 2023
#@# CA Normalize Fri Oct 13 17:56:12 UTC 2023
#@# CA Reg Fri Oct 13 18:00:25 UTC 2023
#@# SubCort Seg Fri Oct 13 18:26:22 UTC 2023
#@# CC Seg Fri Oct 13 18:38:39 UTC 2023
#@# Merge ASeg Fri Oct 13 18:40:19 UTC 2023
#@# Intensity Normalization2 Fri Oct 13 18:40:19 UTC 2023
#@# Mask BFS Fri Oct 13 18:47:43 UTC 2023
#@# WM Segmentation Fri Oct 13 18:47:51 UTC 2023
#@# Smooth2 lh Fri Oct 13 19:06:41 UTC 2023
#@# Smooth2 rh Fri Oct 13 19:06:47 UTC 2023
#@# Inflation2 lh Fri Oct 13 19:06:54 UTC 2023
#@# Inflation2 rh Fri Oct 13 19:07:21 UTC 2023
#@# Curv .H and .K lh Fri Oct 13 19:07:51 UTC 2023
#@# Curv .H and .K rh Fri Oct 13 19:09:32 UTC 2023
#@# Sphere lh Fri Oct 13 19:11:18 UTC 2023
#@# Sphere rh Fri Oct 13 19:11:18 UTC 2023
#@# Surf Reg lh Fri Oct 13 19:11:18 UTC 2023
#@# Surf Reg rh Fri Oct 13 19:15:02 UTC 2023
#@# Jacobian white lh Fri Oct 13 19:25:32 UTC 2023
#@# Jacobian white rh Fri Oct 13 19:25:34 UTC 2023
#@# AvgCurv lh Fri Oct 13 19:25:36 UTC 2023
#@# AvgCurv rh Fri Oct 13 19:25:37 UTC 2023
#@# Cortical Parc lh Fri Oct 13 19:25:39 UTC 2023
#@# Cortical Parc rh Fri Oct 13 19:25:57 UTC 2023
#@# white curv lh Fri Oct 13 19:43:42 UTC 2023
#@# white area lh Fri Oct 13 19:43:46 UTC 2023
#@# pial curv lh Fri Oct 13 19:43:48 UTC 2023
#@# pial area lh Fri Oct 13 19:43:51 UTC 2023
#@# thickness lh Fri Oct 13 19:43:53 UTC 2023
#@# area and vertex vol lh Fri Oct 13 19:44:59 UTC 2023
#@# white curv rh Fri Oct 13 19:45:03 UTC 2023
#@# white area rh Fri Oct 13 19:45:07 UTC 2023
#@# pial curv rh Fri Oct 13 19:45:09 UTC 2023
#@# pial area rh Fri Oct 13 19:45:13 UTC 2023
#@# thickness rh Fri Oct 13 19:45:14 UTC 2023
#@# area and vertex vol rh Fri Oct 13 19:46:25 UTC 2023
#@# Curvature Stats lh Fri Oct 13 19:46:29 UTC 2023
#@# Curvature Stats rh Fri Oct 13 19:46:34 UTC 2023
#@# Cortical ribbon mask Fri Oct 13 19:46:40 UTC 2023
#@# Cortical Parc 2 lh Fri Oct 13 20:18:52 UTC 2023
#@# Cortical Parc 2 rh Fri Oct 13 20:19:14 UTC 2023
#@# Cortical Parc 3 lh Fri Oct 13 20:19:40 UTC 2023
#@# Cortical Parc 3 rh Fri Oct 13 20:20:00 UTC 2023
#@# WM/GM Contrast lh Fri Oct 13 20:20:19 UTC 2023
#@# WM/GM Contrast rh Fri Oct 13 20:20:28 UTC 2023
#@# Relabel Hypointensities Fri Oct 13 20:20:36 UTC 2023
#@# APas-to-ASeg Fri Oct 13 20:21:21 UTC 2023
#@# AParc-to-ASeg aparc Fri Oct 13 20:21:58 UTC 2023
#@# AParc-to-ASeg aparc.a2009s Fri Oct 13 20:27:05 UTC 2023
#@# AParc-to-ASeg aparc.DKTatlas Fri Oct 13 20:32:03 UTC 2023
#@# WMParc Fri Oct 13 20:37:05 UTC 2023
#@# Parcellation Stats lh Fri Oct 13 20:45:01 UTC 2023
#@# Parcellation Stats rh Fri Oct 13 20:46:16 UTC 2023
#@# Parcellation Stats 2 lh Fri Oct 13 20:47:35 UTC 2023
#@# Parcellation Stats 2 rh Fri Oct 13 20:48:14 UTC 2023
#@# Parcellation Stats 3 lh Fri Oct 13 20:48:57 UTC 2023
#@# Parcellation Stats 3 rh Fri Oct 13 20:49:36 UTC 2023
#@# ASeg Stats Fri Oct 13 20:50:19 UTC 2023
#@# BA_exvivo Labels lh Fri Oct 13 20:52:07 UTC 2023
#@# BA_exvivo Labels rh Fri Oct 13 20:58:28 UTC 2023
recon-all -s sub-06_ses-011.long.sub-06 finished without error at Fri Oct 13 21:05:00 UTC 2023
