Log file for defect2seg
Thu Oct  5 16:48:54 UTC 2023

setenv SUBJECTS_DIR /localscratch/bpinsard.41394444.0/freesurfer_crosssectional_autorecon1smriprep_skullstripautorecon2autorecon3_sub02_ses005.job
cd /localscratch/bpinsard.41394444.0/freesurfer_crosssectional_autorecon1smriprep_skullstripautorecon2autorecon3_sub02_ses005.job/sub-02_ses-005/scripts
/opt/freesurfer/bin/defect2seg --s sub-02_ses-005 --cortex

freesurfer-linux-centos7_x86_64-7.4.1-20230613-7eb8460
defect2seg 7.4.1
Linux bc11922.int.ets1.calculquebec.ca 3.10.0-1160.90.1.el7.x86_64 #1 SMP Thu May 4 15:21:22 UTC 2023 x86_64 x86_64 x86_64 GNU/Linux
pid 140823
mri_label2label --label-cortex /localscratch/bpinsard.41394444.0/freesurfer_crosssectional_autorecon1smriprep_skullstripautorecon2autorecon3_sub02_ses005.job/sub-02_ses-005/surf/lh.orig.nofix /localscratch/bpinsard.41394444.0/freesurfer_crosssectional_autorecon1smriprep_skullstripautorecon2autorecon3_sub02_ses005.job/sub-02_ses-005/mri/aseg.presurf.mgz 0 /localscratch/bpinsard.41394444.0/freesurfer_crosssectional_autorecon1smriprep_skullstripautorecon2autorecon3_sub02_ses005.job/sub-02_ses-005/label/lh.nofix.cortex.label

 Generating cortex label... RemoveHipAmgy=0
 NucAccIsMedialWall=0
 mris->useRealRAS=0
30 non-cortical segments detected
only using segment with 13535 vertices
erasing segment 0 (vno[0] = 4047)
erasing segment 1 (vno[0] = 4251)
erasing segment 2 (vno[0] = 5758)
erasing segment 3 (vno[0] = 6664)
erasing segment 4 (vno[0] = 10430)
erasing segment 5 (vno[0] = 11700)
erasing segment 6 (vno[0] = 12865)
erasing segment 7 (vno[0] = 15539)
erasing segment 8 (vno[0] = 18253)
erasing segment 9 (vno[0] = 18374)
erasing segment 10 (vno[0] = 25418)
erasing segment 12 (vno[0] = 101458)
erasing segment 13 (vno[0] = 132142)
erasing segment 14 (vno[0] = 167389)
erasing segment 15 (vno[0] = 168555)
erasing segment 16 (vno[0] = 169822)
erasing segment 17 (vno[0] = 171154)
erasing segment 18 (vno[0] = 172352)
erasing segment 19 (vno[0] = 172359)
erasing segment 20 (vno[0] = 173606)
erasing segment 21 (vno[0] = 174684)
erasing segment 22 (vno[0] = 174902)
erasing segment 23 (vno[0] = 174921)
erasing segment 24 (vno[0] = 175005)
erasing segment 25 (vno[0] = 175069)
erasing segment 26 (vno[0] = 175969)
erasing segment 27 (vno[0] = 179801)
erasing segment 28 (vno[0] = 183475)
erasing segment 29 (vno[0] = 188261)
mri_label2vol --defects /localscratch/bpinsard.41394444.0/freesurfer_crosssectional_autorecon1smriprep_skullstripautorecon2autorecon3_sub02_ses005.job/sub-02_ses-005/surf/lh.orig.nofix /localscratch/bpinsard.41394444.0/freesurfer_crosssectional_autorecon1smriprep_skullstripautorecon2autorecon3_sub02_ses005.job/sub-02_ses-005/surf/lh.defect_labels /localscratch/bpinsard.41394444.0/freesurfer_crosssectional_autorecon1smriprep_skullstripautorecon2autorecon3_sub02_ses005.job/sub-02_ses-005/mri/orig.mgz 1000 0 /localscratch/bpinsard.41394444.0/freesurfer_crosssectional_autorecon1smriprep_skullstripautorecon2autorecon3_sub02_ses005.job/sub-02_ses-005/mri/surface.defects.mgz /localscratch/bpinsard.41394444.0/freesurfer_crosssectional_autorecon1smriprep_skullstripautorecon2autorecon3_sub02_ses005.job/sub-02_ses-005/label/lh.nofix.cortex.label
mri_label2vol supposed to be reproducible but seed not set
Contraining to label /localscratch/bpinsard.41394444.0/freesurfer_crosssectional_autorecon1smriprep_skullstripautorecon2autorecon3_sub02_ses005.job/sub-02_ses-005/label/lh.nofix.cortex.label
Changing input type 0 to MRI_INT
Converting defects to volume: offset=1000, merge=0
Writing to /localscratch/bpinsard.41394444.0/freesurfer_crosssectional_autorecon1smriprep_skullstripautorecon2autorecon3_sub02_ses005.job/sub-02_ses-005/mri/surface.defects.mgz
mris_defects_pointset -s /localscratch/bpinsard.41394444.0/freesurfer_crosssectional_autorecon1smriprep_skullstripautorecon2autorecon3_sub02_ses005.job/sub-02_ses-005/surf/lh.orig.nofix -d /localscratch/bpinsard.41394444.0/freesurfer_crosssectional_autorecon1smriprep_skullstripautorecon2autorecon3_sub02_ses005.job/sub-02_ses-005/surf/lh.defect_labels -o /localscratch/bpinsard.41394444.0/freesurfer_crosssectional_autorecon1smriprep_skullstripautorecon2autorecon3_sub02_ses005.job/sub-02_ses-005/surf/lh.defects.pointset --label /localscratch/bpinsard.41394444.0/freesurfer_crosssectional_autorecon1smriprep_skullstripautorecon2autorecon3_sub02_ses005.job/sub-02_ses-005/label/lh.nofix.cortex.label
Reading in surface /localscratch/bpinsard.41394444.0/freesurfer_crosssectional_autorecon1smriprep_skullstripautorecon2autorecon3_sub02_ses005.job/sub-02_ses-005/surf/lh.orig.nofix
Reading in defect segmentation /localscratch/bpinsard.41394444.0/freesurfer_crosssectional_autorecon1smriprep_skullstripautorecon2autorecon3_sub02_ses005.job/sub-02_ses-005/surf/lh.defect_labels
Reading in label /localscratch/bpinsard.41394444.0/freesurfer_crosssectional_autorecon1smriprep_skullstripautorecon2autorecon3_sub02_ses005.job/sub-02_ses-005/label/lh.nofix.cortex.label
#VMPC# mris_defects_pointset 602320
mris_defects_pointset done
mri_label2label --label-cortex /localscratch/bpinsard.41394444.0/freesurfer_crosssectional_autorecon1smriprep_skullstripautorecon2autorecon3_sub02_ses005.job/sub-02_ses-005/surf/rh.orig.nofix /localscratch/bpinsard.41394444.0/freesurfer_crosssectional_autorecon1smriprep_skullstripautorecon2autorecon3_sub02_ses005.job/sub-02_ses-005/mri/aseg.presurf.mgz 0 /localscratch/bpinsard.41394444.0/freesurfer_crosssectional_autorecon1smriprep_skullstripautorecon2autorecon3_sub02_ses005.job/sub-02_ses-005/label/rh.nofix.cortex.label

 Generating cortex label... RemoveHipAmgy=0
 NucAccIsMedialWall=0
 mris->useRealRAS=0
46 non-cortical segments detected
only using segment with 12748 vertices
erasing segment 0 (vno[0] = 3987)
erasing segment 1 (vno[0] = 4530)
erasing segment 2 (vno[0] = 5309)
erasing segment 3 (vno[0] = 5924)
erasing segment 4 (vno[0] = 5956)
erasing segment 5 (vno[0] = 6063)
erasing segment 6 (vno[0] = 7604)
erasing segment 7 (vno[0] = 7751)
erasing segment 8 (vno[0] = 8661)
erasing segment 9 (vno[0] = 14757)
erasing segment 10 (vno[0] = 35714)
erasing segment 11 (vno[0] = 35747)
erasing segment 13 (vno[0] = 85528)
erasing segment 14 (vno[0] = 111530)
erasing segment 15 (vno[0] = 112955)
erasing segment 16 (vno[0] = 125468)
erasing segment 17 (vno[0] = 143987)
erasing segment 18 (vno[0] = 146889)
erasing segment 19 (vno[0] = 148519)
erasing segment 20 (vno[0] = 151348)
erasing segment 21 (vno[0] = 158354)
erasing segment 22 (vno[0] = 158453)
erasing segment 23 (vno[0] = 158509)
erasing segment 24 (vno[0] = 159751)
erasing segment 25 (vno[0] = 159900)
erasing segment 26 (vno[0] = 159931)
erasing segment 27 (vno[0] = 159946)
erasing segment 28 (vno[0] = 159977)
erasing segment 29 (vno[0] = 161344)
erasing segment 30 (vno[0] = 162589)
erasing segment 31 (vno[0] = 164017)
erasing segment 32 (vno[0] = 164047)
erasing segment 33 (vno[0] = 165378)
erasing segment 34 (vno[0] = 166791)
erasing segment 35 (vno[0] = 167955)
erasing segment 36 (vno[0] = 168221)
erasing segment 37 (vno[0] = 170484)
erasing segment 38 (vno[0] = 172942)
erasing segment 39 (vno[0] = 174257)
erasing segment 40 (vno[0] = 177764)
erasing segment 41 (vno[0] = 177809)
erasing segment 42 (vno[0] = 178881)
erasing segment 43 (vno[0] = 178911)
erasing segment 44 (vno[0] = 181257)
erasing segment 45 (vno[0] = 182493)
mri_label2vol --defects /localscratch/bpinsard.41394444.0/freesurfer_crosssectional_autorecon1smriprep_skullstripautorecon2autorecon3_sub02_ses005.job/sub-02_ses-005/surf/rh.orig.nofix /localscratch/bpinsard.41394444.0/freesurfer_crosssectional_autorecon1smriprep_skullstripautorecon2autorecon3_sub02_ses005.job/sub-02_ses-005/surf/rh.defect_labels /localscratch/bpinsard.41394444.0/freesurfer_crosssectional_autorecon1smriprep_skullstripautorecon2autorecon3_sub02_ses005.job/sub-02_ses-005/mri/surface.defects.mgz 2000 1 /localscratch/bpinsard.41394444.0/freesurfer_crosssectional_autorecon1smriprep_skullstripautorecon2autorecon3_sub02_ses005.job/sub-02_ses-005/mri/surface.defects.mgz /localscratch/bpinsard.41394444.0/freesurfer_crosssectional_autorecon1smriprep_skullstripautorecon2autorecon3_sub02_ses005.job/sub-02_ses-005/label/rh.nofix.cortex.label
mri_label2vol supposed to be reproducible but seed not set
Contraining to label /localscratch/bpinsard.41394444.0/freesurfer_crosssectional_autorecon1smriprep_skullstripautorecon2autorecon3_sub02_ses005.job/sub-02_ses-005/label/rh.nofix.cortex.label
Converting defects to volume: offset=2000, merge=1
Writing to /localscratch/bpinsard.41394444.0/freesurfer_crosssectional_autorecon1smriprep_skullstripautorecon2autorecon3_sub02_ses005.job/sub-02_ses-005/mri/surface.defects.mgz
mris_defects_pointset -s /localscratch/bpinsard.41394444.0/freesurfer_crosssectional_autorecon1smriprep_skullstripautorecon2autorecon3_sub02_ses005.job/sub-02_ses-005/surf/rh.orig.nofix -d /localscratch/bpinsard.41394444.0/freesurfer_crosssectional_autorecon1smriprep_skullstripautorecon2autorecon3_sub02_ses005.job/sub-02_ses-005/surf/rh.defect_labels -o /localscratch/bpinsard.41394444.0/freesurfer_crosssectional_autorecon1smriprep_skullstripautorecon2autorecon3_sub02_ses005.job/sub-02_ses-005/surf/rh.defects.pointset --label /localscratch/bpinsard.41394444.0/freesurfer_crosssectional_autorecon1smriprep_skullstripautorecon2autorecon3_sub02_ses005.job/sub-02_ses-005/label/rh.nofix.cortex.label
Reading in surface /localscratch/bpinsard.41394444.0/freesurfer_crosssectional_autorecon1smriprep_skullstripautorecon2autorecon3_sub02_ses005.job/sub-02_ses-005/surf/rh.orig.nofix
Reading in defect segmentation /localscratch/bpinsard.41394444.0/freesurfer_crosssectional_autorecon1smriprep_skullstripautorecon2autorecon3_sub02_ses005.job/sub-02_ses-005/surf/rh.defect_labels
Reading in label /localscratch/bpinsard.41394444.0/freesurfer_crosssectional_autorecon1smriprep_skullstripautorecon2autorecon3_sub02_ses005.job/sub-02_ses-005/label/rh.nofix.cortex.label
#VMPC# mris_defects_pointset 600548
mris_defects_pointset done
 
Started at Thu Oct 5 16:48:54 UTC 2023 
Ended   at Thu Oct  5 16:50:18 UTC 2023
Defect2seg-Run-Time-Sec 84
Defect2seg-Run-Time-Min 1.68
Defect2seg-Run-Time-Hours 0.02
 
defect2seg Done
