
Thu Oct  5 11:51:23 UTC 2023
cd /localscratch/bpinsard.41394444.0/freesurfer_crosssectional_autorecon1smriprep_skullstripautorecon2autorecon3_sub02_ses005.job/sub-02_ses-005
setenv SUBJECTS_DIR /localscratch/bpinsard.41394444.0/freesurfer_crosssectional_autorecon1smriprep_skullstripautorecon2autorecon3_sub02_ses005.job
/opt/freesurfer/bin/recon-all -subjid sub-02_ses-005 -sd /localscratch/bpinsard.41394444.0/freesurfer_crosssectional_autorecon1smriprep_skullstripautorecon2autorecon3_sub02_ses005.job -3T -hires -i sourcedata/cneuromod.anat.gradcorrect/sub-02/ses-005/anat/sub-02_ses-005_T1w.nii.gz -autorecon1 -openmp 4

subjid sub-02_ses-005
setenv SUBJECTS_DIR /localscratch/bpinsard.41394444.0/freesurfer_crosssectional_autorecon1smriprep_skullstripautorecon2autorecon3_sub02_ses005.job
FREESURFER_HOME /opt/freesurfer
Actual FREESURFER_HOME /opt/freesurfer
build-stamp.txt: freesurfer-linux-centos7_x86_64-7.4.1-20230613-7eb8460
Linux bc11922.int.ets1.calculquebec.ca 3.10.0-1160.90.1.el7.x86_64 #1 SMP Thu May 4 15:21:22 UTC 2023 x86_64 x86_64 x86_64 GNU/Linux
cputime      unlimited
filesize     unlimited
datasize     unlimited
stacksize    unlimited
coredumpsize unlimited
memoryuse    16777216 kbytes
vmemoryuse   unlimited
descriptors  51200 
memorylocked unlimited
maxproc      767592 
maxlocks     unlimited
maxsignal    767592 
maxmessage   819200 
maxnice      0 
maxrtprio    0 
maxrttime    unlimited

               total        used        free      shared  buff/cache   available
Mem:           187Gi        73Gi        68Gi       2.8Gi        45Gi       110Gi
Swap:             0B          0B          0B

########################################
program versions used
7.4.1 (freesurfer-linux-centos7_x86_64-7.4.1-20230613-7eb8460)
7.4.1

ProgramName: lta_convert  ProgramArguments: lta_convert -all-info  ProgramVersion: 7.4.1  TimeStamp: 2023/10/05-11:51:23-GMT  BuildTime: Jun 13 2023 22:52:23  BuildStamp: freesurfer-linux-centos7_x86_64-7.4.1-20230613-7eb8460  User: bpinsard  Machine: bc11922.int.ets1.calculquebec.ca  Platform: Linux  PlatformVersion: 3.10.0-1160.90.1.el7.x86_64  CompilerName: GCC  CompilerVersion: 4.8.5
ProgramName: mri_and  ProgramArguments: mri_and -all-info  ProgramVersion: 7.4.1  TimeStamp: 2023/10/05-11:51:23-GMT  BuildTime: Jun 13 2023 22:52:23  BuildStamp: freesurfer-linux-centos7_x86_64-7.4.1-20230613-7eb8460  User: bpinsard  Machine: bc11922.int.ets1.calculquebec.ca  Platform: Linux  PlatformVersion: 3.10.0-1160.90.1.el7.x86_64  CompilerName: GCC  CompilerVersion: 4.8.5
ProgramName: mri_annotation2label  ProgramArguments: mri_annotation2label -all-info  ProgramVersion: 7.4.1  TimeStamp: 2023/10/05-11:51:23-GMT  BuildTime: Jun 13 2023 22:52:23  BuildStamp: freesurfer-linux-centos7_x86_64-7.4.1-20230613-7eb8460  User: bpinsard  Machine: bc11922.int.ets1.calculquebec.ca  Platform: Linux  PlatformVersion: 3.10.0-1160.90.1.el7.x86_64  CompilerName: GCC  CompilerVersion: 4.8.5
ProgramName: mri_aparc2aseg  ProgramArguments: mri_aparc2aseg -all-info  ProgramVersion: 7.4.1  TimeStamp: 2023/10/05-11:51:23-GMT  BuildTime: Jun 13 2023 22:52:23  BuildStamp: freesurfer-linux-centos7_x86_64-7.4.1-20230613-7eb8460  User: bpinsard  Machine: bc11922.int.ets1.calculquebec.ca  Platform: Linux  PlatformVersion: 3.10.0-1160.90.1.el7.x86_64  CompilerName: GCC  CompilerVersion: 4.8.5
ProgramName: mri_surf2volseg  ProgramArguments: mri_surf2volseg -all-info  ProgramVersion: 7.4.1  TimeStamp: 2023/10/05-11:51:23-GMT  BuildTime: Jun 13 2023 22:52:23  BuildStamp: freesurfer-linux-centos7_x86_64-7.4.1-20230613-7eb8460  User: bpinsard  Machine: bc11922.int.ets1.calculquebec.ca  Platform: Linux  PlatformVersion: 3.10.0-1160.90.1.el7.x86_64  CompilerName: GCC  CompilerVersion: 4.8.5
ProgramName: mri_binarize  ProgramArguments: mri_binarize -all-info  ProgramVersion: 7.4.1  TimeStamp: 2023/10/05-11:51:23-GMT  BuildTime: Jun 13 2023 22:52:23  BuildStamp: freesurfer-linux-centos7_x86_64-7.4.1-20230613-7eb8460  User: bpinsard  Machine: bc11922.int.ets1.calculquebec.ca  Platform: Linux  PlatformVersion: 3.10.0-1160.90.1.el7.x86_64  CompilerName: GCC  CompilerVersion: 4.8.5
ProgramName: mri_ca_label  ProgramArguments: mri_ca_label -all-info  ProgramVersion: 7.4.1  TimeStamp: 2023/10/05-11:51:23-GMT  BuildTime: Jun 13 2023 22:52:23  BuildStamp: freesurfer-linux-centos7_x86_64-7.4.1-20230613-7eb8460  User: bpinsard  Machine: bc11922.int.ets1.calculquebec.ca  Platform: Linux  PlatformVersion: 3.10.0-1160.90.1.el7.x86_64  CompilerName: GCC  CompilerVersion: 4.8.5
ProgramName: mri_ca_normalize  ProgramArguments: mri_ca_normalize -all-info  ProgramVersion: 7.4.1  TimeStamp: 2023/10/05-11:51:23-GMT  BuildTime: Jun 13 2023 22:52:23  BuildStamp: freesurfer-linux-centos7_x86_64-7.4.1-20230613-7eb8460  User: bpinsard  Machine: bc11922.int.ets1.calculquebec.ca  Platform: Linux  PlatformVersion: 3.10.0-1160.90.1.el7.x86_64  CompilerName: GCC  CompilerVersion: 4.8.5
ProgramName: mri_ca_register  ProgramArguments: mri_ca_register -all-info  ProgramVersion: 7.4.1  TimeStamp: 2023/10/05-11:51:23-GMT  BuildTime: Jun 13 2023 22:52:23  BuildStamp: freesurfer-linux-centos7_x86_64-7.4.1-20230613-7eb8460  User: bpinsard  Machine: bc11922.int.ets1.calculquebec.ca  Platform: Linux  PlatformVersion: 3.10.0-1160.90.1.el7.x86_64  CompilerName: GCC  CompilerVersion: 4.8.5
ProgramName: mri_cc  ProgramArguments: mri_cc -all-info  ProgramVersion: 7.4.1  TimeStamp: 2023/10/05-11:51:23-GMT  BuildTime: Jun 13 2023 22:52:23  BuildStamp: freesurfer-linux-centos7_x86_64-7.4.1-20230613-7eb8460  User: bpinsard  Machine: bc11922.int.ets1.calculquebec.ca  Platform: Linux  PlatformVersion: 3.10.0-1160.90.1.el7.x86_64  CompilerName: GCC  CompilerVersion: 4.8.5
ProgramName: mri_compute_overlap  ProgramArguments: mri_compute_overlap -all-info  ProgramVersion: 7.4.1  TimeStamp: 2023/10/05-11:51:23-GMT  BuildTime: Jun 13 2023 22:52:23  BuildStamp: freesurfer-linux-centos7_x86_64-7.4.1-20230613-7eb8460  User: bpinsard  Machine: bc11922.int.ets1.calculquebec.ca  Platform: Linux  PlatformVersion: 3.10.0-1160.90.1.el7.x86_64  CompilerName: GCC  CompilerVersion: 4.8.5
ProgramName: mri_compute_seg_overlap  ProgramArguments: mri_compute_seg_overlap -all-info  ProgramVersion: 7.4.1  TimeStamp: 2023/10/05-11:51:24-GMT  BuildTime: Jun 13 2023 22:52:23  BuildStamp: freesurfer-linux-centos7_x86_64-7.4.1-20230613-7eb8460  User: bpinsard  Machine: bc11922.int.ets1.calculquebec.ca  Platform: Linux  PlatformVersion: 3.10.0-1160.90.1.el7.x86_64  CompilerName: GCC  CompilerVersion: 4.8.5
ProgramName: mri_concat  ProgramArguments: mri_concat -all-info  ProgramVersion: 7.4.1  TimeStamp: 2023/10/05-11:51:24-GMT  BuildTime: Jun 13 2023 22:52:23  BuildStamp: freesurfer-linux-centos7_x86_64-7.4.1-20230613-7eb8460  User: bpinsard  Machine: bc11922.int.ets1.calculquebec.ca  Platform: Linux  PlatformVersion: 3.10.0-1160.90.1.el7.x86_64  CompilerName: GCC  CompilerVersion: 4.8.5
ProgramName: mri_concatenate_lta  ProgramArguments: mri_concatenate_lta -all-info  ProgramVersion: 7.4.1  TimeStamp: 2023/10/05-11:51:24-GMT  BuildTime: Jun 13 2023 22:52:23  BuildStamp: freesurfer-linux-centos7_x86_64-7.4.1-20230613-7eb8460  User: bpinsard  Machine: bc11922.int.ets1.calculquebec.ca  Platform: Linux  PlatformVersion: 3.10.0-1160.90.1.el7.x86_64  CompilerName: GCC  CompilerVersion: 4.8.5
mri_convert -all-info 
ProgramName: mri_convert  ProgramArguments: mri_convert -all-info  ProgramVersion: 7.4.1  TimeStamp: 2023/10/05-11:51:24-GMT  BuildTime: Jun 13 2023 22:52:23  BuildStamp: freesurfer-linux-centos7_x86_64-7.4.1-20230613-7eb8460  User: bpinsard  Machine: bc11922.int.ets1.calculquebec.ca  Platform: Linux  PlatformVersion: 3.10.0-1160.90.1.el7.x86_64  CompilerName: GCC  CompilerVersion: 4.8.5
ProgramName: mri_diff  ProgramArguments: mri_diff -all-info  ProgramVersion: 7.4.1  TimeStamp: 2023/10/05-11:51:24-GMT  BuildTime: Jun 13 2023 22:52:23  BuildStamp: freesurfer-linux-centos7_x86_64-7.4.1-20230613-7eb8460  User: bpinsard  Machine: bc11922.int.ets1.calculquebec.ca  Platform: Linux  PlatformVersion: 3.10.0-1160.90.1.el7.x86_64  CompilerName: GCC  CompilerVersion: 4.8.5
ProgramName: mri_edit_wm_with_aseg  ProgramArguments: mri_edit_wm_with_aseg -all-info  ProgramVersion: 7.4.1  TimeStamp: 2023/10/05-11:51:24-GMT  BuildTime: Jun 13 2023 22:52:23  BuildStamp: freesurfer-linux-centos7_x86_64-7.4.1-20230613-7eb8460  User: bpinsard  Machine: bc11922.int.ets1.calculquebec.ca  Platform: Linux  PlatformVersion: 3.10.0-1160.90.1.el7.x86_64  CompilerName: GCC  CompilerVersion: 4.8.5
ProgramName: mri_em_register  ProgramArguments: mri_em_register -all-info  ProgramVersion: 7.4.1  TimeStamp: 2023/10/05-11:51:24-GMT  BuildTime: Jun 13 2023 22:52:23  BuildStamp: freesurfer-linux-centos7_x86_64-7.4.1-20230613-7eb8460  User: bpinsard  Machine: bc11922.int.ets1.calculquebec.ca  Platform: Linux  PlatformVersion: 3.10.0-1160.90.1.el7.x86_64  CompilerName: GCC  CompilerVersion: 4.8.5
ProgramName: mri_fill  ProgramArguments: mri_fill -all-info  ProgramVersion: 7.4.1  TimeStamp: 2023/10/05-11:51:24-GMT  BuildTime: Jun 13 2023 22:52:23  BuildStamp: freesurfer-linux-centos7_x86_64-7.4.1-20230613-7eb8460  User: bpinsard  Machine: bc11922.int.ets1.calculquebec.ca  Platform: Linux  PlatformVersion: 3.10.0-1160.90.1.el7.x86_64  CompilerName: GCC  CompilerVersion: 4.8.5
ProgramName: mri_fuse_segmentations  ProgramArguments: mri_fuse_segmentations -all-info  ProgramVersion: 7.4.1  TimeStamp: 2023/10/05-11:51:24-GMT  BuildTime: Jun 13 2023 22:52:23  BuildStamp: freesurfer-linux-centos7_x86_64-7.4.1-20230613-7eb8460  User: bpinsard  Machine: bc11922.int.ets1.calculquebec.ca  Platform: Linux  PlatformVersion: 3.10.0-1160.90.1.el7.x86_64  CompilerName: GCC  CompilerVersion: 4.8.5
ProgramName: mri_fwhm  ProgramArguments: mri_fwhm -all-info  ProgramVersion: 7.4.1  TimeStamp: 2023/10/05-11:51:24-GMT  BuildTime: Jun 13 2023 22:52:23  BuildStamp: freesurfer-linux-centos7_x86_64-7.4.1-20230613-7eb8460  User: bpinsard  Machine: bc11922.int.ets1.calculquebec.ca  Platform: Linux  PlatformVersion: 3.10.0-1160.90.1.el7.x86_64  CompilerName: GCC  CompilerVersion: 4.8.5
ProgramName: mri_gcut  ProgramArguments: mri_gcut -all-info  ProgramVersion: 7.4.1  TimeStamp: 2023/10/05-11:51:24-GMT  BuildTime: Jun 13 2023 22:52:23  BuildStamp: freesurfer-linux-centos7_x86_64-7.4.1-20230613-7eb8460  User: bpinsard  Machine: bc11922.int.ets1.calculquebec.ca  Platform: Linux  PlatformVersion: 3.10.0-1160.90.1.el7.x86_64  CompilerName: GCC  CompilerVersion: 4.8.5
ProgramName: mri_info  ProgramArguments: mri_info -all-info  ProgramVersion: 7.4.1  TimeStamp: 2023/10/05-11:51:24-GMT  BuildTime: Jun 13 2023 22:52:23  BuildStamp: freesurfer-linux-centos7_x86_64-7.4.1-20230613-7eb8460  User: bpinsard  Machine: bc11922.int.ets1.calculquebec.ca  Platform: Linux  PlatformVersion: 3.10.0-1160.90.1.el7.x86_64  CompilerName: GCC  CompilerVersion: 4.8.5
ProgramName: mri_label2label  ProgramArguments: mri_label2label -all-info  ProgramVersion: 7.4.1  TimeStamp: 2023/10/05-11:51:24-GMT  BuildTime: Jun 13 2023 22:52:23  BuildStamp: freesurfer-linux-centos7_x86_64-7.4.1-20230613-7eb8460  User: bpinsard  Machine: bc11922.int.ets1.calculquebec.ca  Platform: Linux  PlatformVersion: 3.10.0-1160.90.1.el7.x86_64  CompilerName: GCC  CompilerVersion: 4.8.5
ProgramName: mri_label2vol  ProgramArguments: mri_label2vol -all-info  ProgramVersion: 7.4.1  TimeStamp: 2023/10/05-11:51:24-GMT  BuildTime: Jun 13 2023 22:52:23  BuildStamp: freesurfer-linux-centos7_x86_64-7.4.1-20230613-7eb8460  User: bpinsard  Machine: bc11922.int.ets1.calculquebec.ca  Platform: Linux  PlatformVersion: 3.10.0-1160.90.1.el7.x86_64  CompilerName: GCC  CompilerVersion: 4.8.5
ProgramName: mri_log_likelihood  ProgramArguments: mri_log_likelihood -all-info  ProgramVersion: 7.4.1  TimeStamp: 2023/10/05-11:51:24-GMT  BuildTime: Jun 13 2023 22:52:23  BuildStamp: freesurfer-linux-centos7_x86_64-7.4.1-20230613-7eb8460  User: bpinsard  Machine: bc11922.int.ets1.calculquebec.ca  Platform: Linux  PlatformVersion: 3.10.0-1160.90.1.el7.x86_64  CompilerName: GCC  CompilerVersion: 4.8.5
ProgramName: mri_mask  ProgramArguments: mri_mask -all-info  ProgramVersion: 7.4.1  TimeStamp: 2023/10/05-11:51:24-GMT  BuildTime: Jun 13 2023 22:52:23  BuildStamp: freesurfer-linux-centos7_x86_64-7.4.1-20230613-7eb8460  User: bpinsard  Machine: bc11922.int.ets1.calculquebec.ca  Platform: Linux  PlatformVersion: 3.10.0-1160.90.1.el7.x86_64  CompilerName: GCC  CompilerVersion: 4.8.5
ProgramName: mri_matrix_multiply  ProgramArguments: mri_matrix_multiply -all-info  ProgramVersion: 7.4.1  TimeStamp: 2023/10/05-11:51:24-GMT  BuildTime: Jun 13 2023 22:52:23  BuildStamp: freesurfer-linux-centos7_x86_64-7.4.1-20230613-7eb8460  User: bpinsard  Machine: bc11922.int.ets1.calculquebec.ca  Platform: Linux  PlatformVersion: 3.10.0-1160.90.1.el7.x86_64  CompilerName: GCC  CompilerVersion: 4.8.5
ProgramName: mri_normalize  ProgramArguments: mri_normalize -all-info  ProgramVersion: 7.4.1  TimeStamp: 2023/10/05-11:51:24-GMT  BuildTime: Jun 13 2023 22:52:23  BuildStamp: freesurfer-linux-centos7_x86_64-7.4.1-20230613-7eb8460  User: bpinsard  Machine: bc11922.int.ets1.calculquebec.ca  Platform: Linux  PlatformVersion: 3.10.0-1160.90.1.el7.x86_64  CompilerName: GCC  CompilerVersion: 4.8.5
ProgramName: mri_normalize_tp2  ProgramArguments: mri_normalize_tp2 -all-info  ProgramVersion: 7.4.1  TimeStamp: 2023/10/05-11:51:24-GMT  BuildTime: Jun 13 2023 22:52:23  BuildStamp: freesurfer-linux-centos7_x86_64-7.4.1-20230613-7eb8460  User: bpinsard  Machine: bc11922.int.ets1.calculquebec.ca  Platform: Linux  PlatformVersion: 3.10.0-1160.90.1.el7.x86_64  CompilerName: GCC  CompilerVersion: 4.8.5
ProgramName: mri_or  ProgramArguments: mri_or -all-info  ProgramVersion: 7.4.1  TimeStamp: 2023/10/05-11:51:24-GMT  BuildTime: Jun 13 2023 22:52:23  BuildStamp: freesurfer-linux-centos7_x86_64-7.4.1-20230613-7eb8460  User: bpinsard  Machine: bc11922.int.ets1.calculquebec.ca  Platform: Linux  PlatformVersion: 3.10.0-1160.90.1.el7.x86_64  CompilerName: GCC  CompilerVersion: 4.8.5
ProgramName: mri_relabel_hypointensities  ProgramArguments: mri_relabel_hypointensities -all-info  ProgramVersion: 7.4.1  TimeStamp: 2023/10/05-11:51:24-GMT  BuildTime: Jun 13 2023 22:52:23  BuildStamp: freesurfer-linux-centos7_x86_64-7.4.1-20230613-7eb8460  User: bpinsard  Machine: bc11922.int.ets1.calculquebec.ca  Platform: Linux  PlatformVersion: 3.10.0-1160.90.1.el7.x86_64  CompilerName: GCC  CompilerVersion: 4.8.5
ProgramName: mri_relabel_nonwm_hypos  ProgramArguments: mri_relabel_nonwm_hypos -all-info  ProgramVersion: 7.4.1  TimeStamp: 2023/10/05-11:51:24-GMT  BuildTime: Jun 13 2023 22:52:23  BuildStamp: freesurfer-linux-centos7_x86_64-7.4.1-20230613-7eb8460  User: bpinsard  Machine: bc11922.int.ets1.calculquebec.ca  Platform: Linux  PlatformVersion: 3.10.0-1160.90.1.el7.x86_64  CompilerName: GCC  CompilerVersion: 4.8.5
ProgramName: mri_remove_neck  ProgramArguments: mri_remove_neck -all-info  ProgramVersion: 7.4.1  TimeStamp: 2023/10/05-11:51:24-GMT  BuildTime: Jun 13 2023 22:52:23  BuildStamp: freesurfer-linux-centos7_x86_64-7.4.1-20230613-7eb8460  User: bpinsard  Machine: bc11922.int.ets1.calculquebec.ca  Platform: Linux  PlatformVersion: 3.10.0-1160.90.1.el7.x86_64  CompilerName: GCC  CompilerVersion: 4.8.5
7.4.1

ProgramName: mri_robust_register  ProgramArguments: mri_robust_register -all-info  ProgramVersion: 7.4.1  TimeStamp: 2023/10/05-11:51:24-GMT  BuildTime: Jun 13 2023 22:52:23  BuildStamp: freesurfer-linux-centos7_x86_64-7.4.1-20230613-7eb8460  User: bpinsard  Machine: bc11922.int.ets1.calculquebec.ca  Platform: Linux  PlatformVersion: 3.10.0-1160.90.1.el7.x86_64  CompilerName: GCC  CompilerVersion: 4.8.5
7.4.1

ProgramName: mri_robust_template  ProgramArguments: mri_robust_template -all-info  ProgramVersion: 7.4.1  TimeStamp: 2023/10/05-11:51:24-GMT  BuildTime: Jun 13 2023 22:52:23  BuildStamp: freesurfer-linux-centos7_x86_64-7.4.1-20230613-7eb8460  User: bpinsard  Machine: bc11922.int.ets1.calculquebec.ca  Platform: Linux  PlatformVersion: 3.10.0-1160.90.1.el7.x86_64  CompilerName: GCC  CompilerVersion: 4.8.5
ProgramName: mris_anatomical_stats  ProgramArguments: mris_anatomical_stats -all-info  ProgramVersion: 7.4.1  TimeStamp: 2023/10/05-11:51:24-GMT  BuildTime: Jun 13 2023 22:52:23  BuildStamp: freesurfer-linux-centos7_x86_64-7.4.1-20230613-7eb8460  User: bpinsard  Machine: bc11922.int.ets1.calculquebec.ca  Platform: Linux  PlatformVersion: 3.10.0-1160.90.1.el7.x86_64  CompilerName: GCC  CompilerVersion: 4.8.5
ProgramName: mris_ca_label  ProgramArguments: mris_ca_label -all-info  ProgramVersion: 7.4.1  TimeStamp: 2023/10/05-11:51:24-GMT  BuildTime: Jun 13 2023 22:52:23  BuildStamp: freesurfer-linux-centos7_x86_64-7.4.1-20230613-7eb8460  User: bpinsard  Machine: bc11922.int.ets1.calculquebec.ca  Platform: Linux  PlatformVersion: 3.10.0-1160.90.1.el7.x86_64  CompilerName: GCC  CompilerVersion: 4.8.5
ProgramName: mris_calc  ProgramArguments: mris_calc -all-info  ProgramVersion: 7.4.1  TimeStamp: 2023/10/05-11:51:24-GMT  BuildTime: Jun 13 2023 22:52:23  BuildStamp: freesurfer-linux-centos7_x86_64-7.4.1-20230613-7eb8460  User: bpinsard  Machine: bc11922.int.ets1.calculquebec.ca  Platform: Linux  PlatformVersion: 3.10.0-1160.90.1.el7.x86_64  CompilerName: GCC  CompilerVersion: 4.8.5
ProgramName: mris_convert  ProgramArguments: mris_convert -all-info  ProgramVersion: 7.4.1  TimeStamp: 2023/10/05-11:51:24-GMT  BuildTime: Jun 13 2023 22:52:23  BuildStamp: freesurfer-linux-centos7_x86_64-7.4.1-20230613-7eb8460  User: bpinsard  Machine: bc11922.int.ets1.calculquebec.ca  Platform: Linux  PlatformVersion: 3.10.0-1160.90.1.el7.x86_64  CompilerName: GCC  CompilerVersion: 4.8.5
ProgramName: mris_curvature  ProgramArguments: mris_curvature -all-info  ProgramVersion: 7.4.1  TimeStamp: 2023/10/05-11:51:24-GMT  BuildTime: Jun 13 2023 22:52:23  BuildStamp: freesurfer-linux-centos7_x86_64-7.4.1-20230613-7eb8460  User: bpinsard  Machine: bc11922.int.ets1.calculquebec.ca  Platform: Linux  PlatformVersion: 3.10.0-1160.90.1.el7.x86_64  CompilerName: GCC  CompilerVersion: 4.8.5
ProgramName: mris_curvature_stats  ProgramArguments: mris_curvature_stats -all-info  ProgramVersion: 7.4.1  TimeStamp: 2023/10/05-11:51:24-GMT  BuildTime: Jun 13 2023 22:52:23  BuildStamp: freesurfer-linux-centos7_x86_64-7.4.1-20230613-7eb8460  User: bpinsard  Machine: bc11922.int.ets1.calculquebec.ca  Platform: Linux  PlatformVersion: 3.10.0-1160.90.1.el7.x86_64  CompilerName: GCC  CompilerVersion: 4.8.5
ProgramName: mris_diff  ProgramArguments: mris_diff -all-info  ProgramVersion: 7.4.1  TimeStamp: 2023/10/05-11:51:24-GMT  BuildTime: Jun 13 2023 22:52:23  BuildStamp: freesurfer-linux-centos7_x86_64-7.4.1-20230613-7eb8460  User: bpinsard  Machine: bc11922.int.ets1.calculquebec.ca  Platform: Linux  PlatformVersion: 3.10.0-1160.90.1.el7.x86_64  CompilerName: GCC  CompilerVersion: 4.8.5
ProgramName: mris_divide_parcellation  ProgramArguments: mris_divide_parcellation -all-info  ProgramVersion: 7.4.1  TimeStamp: 2023/10/05-11:51:24-GMT  BuildTime: Jun 13 2023 22:52:23  BuildStamp: freesurfer-linux-centos7_x86_64-7.4.1-20230613-7eb8460  User: bpinsard  Machine: bc11922.int.ets1.calculquebec.ca  Platform: Linux  PlatformVersion: 3.10.0-1160.90.1.el7.x86_64  CompilerName: GCC  CompilerVersion: 4.8.5
ProgramName: mri_segment  ProgramArguments: mri_segment -all-info  ProgramVersion: 7.4.1  TimeStamp: 2023/10/05-11:51:24-GMT  BuildTime: Jun 13 2023 22:52:23  BuildStamp: freesurfer-linux-centos7_x86_64-7.4.1-20230613-7eb8460  User: bpinsard  Machine: bc11922.int.ets1.calculquebec.ca  Platform: Linux  PlatformVersion: 3.10.0-1160.90.1.el7.x86_64  CompilerName: GCC  CompilerVersion: 4.8.5
ProgramName: mri_segstats  ProgramArguments: mri_segstats -all-info  ProgramVersion: 7.4.1  TimeStamp: 2023/10/05-11:51:24-GMT  BuildTime: Jun 13 2023 22:52:23  BuildStamp: freesurfer-linux-centos7_x86_64-7.4.1-20230613-7eb8460  User: bpinsard  Machine: bc11922.int.ets1.calculquebec.ca  Platform: Linux  PlatformVersion: 3.10.0-1160.90.1.el7.x86_64  CompilerName: GCC  CompilerVersion: 4.8.5
ProgramName: mris_euler_number  ProgramArguments: mris_euler_number -all-info  ProgramVersion: 7.4.1  TimeStamp: 2023/10/05-11:51:24-GMT  BuildTime: Jun 13 2023 22:52:23  BuildStamp: freesurfer-linux-centos7_x86_64-7.4.1-20230613-7eb8460  User: bpinsard  Machine: bc11922.int.ets1.calculquebec.ca  Platform: Linux  PlatformVersion: 3.10.0-1160.90.1.el7.x86_64  CompilerName: GCC  CompilerVersion: 4.8.5
ProgramName: mris_fix_topology  ProgramArguments: mris_fix_topology -all-info  ProgramVersion: 7.4.1  TimeStamp: 2023/10/05-11:51:24-GMT  BuildTime: Jun 13 2023 22:52:23  BuildStamp: freesurfer-linux-centos7_x86_64-7.4.1-20230613-7eb8460  User: bpinsard  Machine: bc11922.int.ets1.calculquebec.ca  Platform: Linux  PlatformVersion: 3.10.0-1160.90.1.el7.x86_64  CompilerName: GCC  CompilerVersion: 4.8.5
ProgramName: mris_topo_fixer  ProgramArguments: mris_topo_fixer -all-info  ProgramVersion: 7.4.1  TimeStamp: 2023/10/05-11:51:24-GMT  BuildTime: Jun 13 2023 22:52:23  BuildStamp: freesurfer-linux-centos7_x86_64-7.4.1-20230613-7eb8460  User: bpinsard  Machine: bc11922.int.ets1.calculquebec.ca  Platform: Linux  PlatformVersion: 3.10.0-1160.90.1.el7.x86_64  CompilerName: GCC  CompilerVersion: 4.8.5
ProgramName: mris_jacobian  ProgramArguments: mris_jacobian -all-info  ProgramVersion: 7.4.1  TimeStamp: 2023/10/05-11:51:24-GMT  BuildTime: Jun 13 2023 22:52:23  BuildStamp: freesurfer-linux-centos7_x86_64-7.4.1-20230613-7eb8460  User: bpinsard  Machine: bc11922.int.ets1.calculquebec.ca  Platform: Linux  PlatformVersion: 3.10.0-1160.90.1.el7.x86_64  CompilerName: GCC  CompilerVersion: 4.8.5
ProgramName: mris_label2annot  ProgramArguments: mris_label2annot -all-info  ProgramVersion: 7.4.1  TimeStamp: 2023/10/05-11:51:24-GMT  BuildTime: Jun 13 2023 22:52:23  BuildStamp: freesurfer-linux-centos7_x86_64-7.4.1-20230613-7eb8460  User: bpinsard  Machine: bc11922.int.ets1.calculquebec.ca  Platform: Linux  PlatformVersion: 3.10.0-1160.90.1.el7.x86_64  CompilerName: GCC  CompilerVersion: 4.8.5
ProgramName: mris_left_right_register  ProgramArguments: mris_left_right_register -all-info  ProgramVersion: 7.4.1  TimeStamp: 2023/10/05-11:51:24-GMT  BuildTime: Jun 13 2023 22:52:23  BuildStamp: freesurfer-linux-centos7_x86_64-7.4.1-20230613-7eb8460  User: bpinsard  Machine: bc11922.int.ets1.calculquebec.ca  Platform: Linux  PlatformVersion: 3.10.0-1160.90.1.el7.x86_64  CompilerName: GCC  CompilerVersion: 4.8.5
ProgramName: mris_place_surface  ProgramArguments: mris_place_surface -all-info  ProgramVersion: 7.4.1  TimeStamp: 2023/10/05-11:51:24-GMT  BuildTime: Jun 13 2023 22:52:23  BuildStamp: freesurfer-linux-centos7_x86_64-7.4.1-20230613-7eb8460  User: bpinsard  Machine: bc11922.int.ets1.calculquebec.ca  Platform: Linux  PlatformVersion: 3.10.0-1160.90.1.el7.x86_64  CompilerName: GCC  CompilerVersion: 4.8.5
ProgramName: mrisp_paint  ProgramArguments: mrisp_paint -all-info  ProgramVersion: 7.4.1  TimeStamp: 2023/10/05-11:51:24-GMT  BuildTime: Jun 13 2023 22:52:23  BuildStamp: freesurfer-linux-centos7_x86_64-7.4.1-20230613-7eb8460  User: bpinsard  Machine: bc11922.int.ets1.calculquebec.ca  Platform: Linux  PlatformVersion: 3.10.0-1160.90.1.el7.x86_64  CompilerName: GCC  CompilerVersion: 4.8.5
ProgramName: mris_register  ProgramArguments: mris_register -all-info  ProgramVersion: 7.4.1  TimeStamp: 2023/10/05-11:51:24-GMT  BuildTime: Jun 13 2023 22:52:23  BuildStamp: freesurfer-linux-centos7_x86_64-7.4.1-20230613-7eb8460  User: bpinsard  Machine: bc11922.int.ets1.calculquebec.ca  Platform: Linux  PlatformVersion: 3.10.0-1160.90.1.el7.x86_64  CompilerName: GCC  CompilerVersion: 4.8.5
ProgramName: mris_smooth  ProgramArguments: mris_smooth -all-info  ProgramVersion: 7.4.1  TimeStamp: 2023/10/05-11:51:24-GMT  BuildTime: Jun 13 2023 22:52:23  BuildStamp: freesurfer-linux-centos7_x86_64-7.4.1-20230613-7eb8460  User: bpinsard  Machine: bc11922.int.ets1.calculquebec.ca  Platform: Linux  PlatformVersion: 3.10.0-1160.90.1.el7.x86_64  CompilerName: GCC  CompilerVersion: 4.8.5
ProgramName: mris_sphere  ProgramArguments: mris_sphere -all-info  ProgramVersion: 7.4.1  TimeStamp: 2023/10/05-11:51:24-GMT  BuildTime: Jun 13 2023 22:52:23  BuildStamp: freesurfer-linux-centos7_x86_64-7.4.1-20230613-7eb8460  User: bpinsard  Machine: bc11922.int.ets1.calculquebec.ca  Platform: Linux  PlatformVersion: 3.10.0-1160.90.1.el7.x86_64  CompilerName: GCC  CompilerVersion: 4.8.5
ProgramName: mris_surface_stats  ProgramArguments: mris_surface_stats -all-info  ProgramVersion: 7.4.1  TimeStamp: 2023/10/05-11:51:24-GMT  BuildTime: Jun 13 2023 22:52:23  BuildStamp: freesurfer-linux-centos7_x86_64-7.4.1-20230613-7eb8460  User: bpinsard  Machine: bc11922.int.ets1.calculquebec.ca  Platform: Linux  PlatformVersion: 3.10.0-1160.90.1.el7.x86_64  CompilerName: GCC  CompilerVersion: 4.8.5
ProgramName: mri_stats2seg  ProgramArguments: mri_stats2seg -all-info  ProgramVersion: 7.4.1  TimeStamp: 2023/10/05-11:51:24-GMT  BuildTime: Jun 13 2023 22:52:23  BuildStamp: freesurfer-linux-centos7_x86_64-7.4.1-20230613-7eb8460  User: bpinsard  Machine: bc11922.int.ets1.calculquebec.ca  Platform: Linux  PlatformVersion: 3.10.0-1160.90.1.el7.x86_64  CompilerName: GCC  CompilerVersion: 4.8.5
ProgramName: mris_thickness  ProgramArguments: mris_thickness -all-info  ProgramVersion: 7.4.1  TimeStamp: 2023/10/05-11:51:24-GMT  BuildTime: Jun 13 2023 22:52:23  BuildStamp: freesurfer-linux-centos7_x86_64-7.4.1-20230613-7eb8460  User: bpinsard  Machine: bc11922.int.ets1.calculquebec.ca  Platform: Linux  PlatformVersion: 3.10.0-1160.90.1.el7.x86_64  CompilerName: GCC  CompilerVersion: 4.8.5
ProgramName: mris_thickness_diff  ProgramArguments: mris_thickness_diff -all-info  ProgramVersion: 7.4.1  TimeStamp: 2023/10/05-11:51:24-GMT  BuildTime: Jun 13 2023 22:52:23  BuildStamp: freesurfer-linux-centos7_x86_64-7.4.1-20230613-7eb8460  User: bpinsard  Machine: bc11922.int.ets1.calculquebec.ca  Platform: Linux  PlatformVersion: 3.10.0-1160.90.1.el7.x86_64  CompilerName: GCC  CompilerVersion: 4.8.5
ProgramName: mris_topo_fixer  ProgramArguments: mris_topo_fixer -all-info  ProgramVersion: 7.4.1  TimeStamp: 2023/10/05-11:51:24-GMT  BuildTime: Jun 13 2023 22:52:23  BuildStamp: freesurfer-linux-centos7_x86_64-7.4.1-20230613-7eb8460  User: bpinsard  Machine: bc11922.int.ets1.calculquebec.ca  Platform: Linux  PlatformVersion: 3.10.0-1160.90.1.el7.x86_64  CompilerName: GCC  CompilerVersion: 4.8.5
ProgramName: mri_surf2surf  ProgramArguments: mri_surf2surf -all-info  ProgramVersion: 7.4.1  TimeStamp: 2023/10/05-11:51:24-GMT  BuildTime: Jun 13 2023 22:52:23  BuildStamp: freesurfer-linux-centos7_x86_64-7.4.1-20230613-7eb8460  User: bpinsard  Machine: bc11922.int.ets1.calculquebec.ca  Platform: Linux  PlatformVersion: 3.10.0-1160.90.1.el7.x86_64  CompilerName: GCC  CompilerVersion: 4.8.5
ProgramName: mri_surf2vol  ProgramArguments: mri_surf2vol -all-info  ProgramVersion: 7.4.1  TimeStamp: 2023/10/05-11:51:25-GMT  BuildTime: Jun 13 2023 22:52:23  BuildStamp: freesurfer-linux-centos7_x86_64-7.4.1-20230613-7eb8460  User: bpinsard  Machine: bc11922.int.ets1.calculquebec.ca  Platform: Linux  PlatformVersion: 3.10.0-1160.90.1.el7.x86_64  CompilerName: GCC  CompilerVersion: 4.8.5
ProgramName: mri_surfcluster  ProgramArguments: mri_surfcluster -all-info  ProgramVersion: 7.4.1  TimeStamp: 2023/10/05-11:51:25-GMT  BuildTime: Jun 13 2023 22:52:23  BuildStamp: freesurfer-linux-centos7_x86_64-7.4.1-20230613-7eb8460  User: bpinsard  Machine: bc11922.int.ets1.calculquebec.ca  Platform: Linux  PlatformVersion: 3.10.0-1160.90.1.el7.x86_64  CompilerName: GCC  CompilerVersion: 4.8.5
ProgramName: mris_volmask  ProgramArguments: mris_volmask -all-info  ProgramVersion: 7.4.1  TimeStamp: 2023/10/05-11:51:25-GMT  BuildTime: Jun 13 2023 22:52:23  BuildStamp: freesurfer-linux-centos7_x86_64-7.4.1-20230613-7eb8460  User: bpinsard  Machine: bc11922.int.ets1.calculquebec.ca  Platform: Linux  PlatformVersion: 3.10.0-1160.90.1.el7.x86_64  CompilerName: GCC  CompilerVersion: 4.8.5
ProgramName: mri_tessellate  ProgramArguments: mri_tessellate -all-info  ProgramVersion: 7.4.1  TimeStamp: 2023/10/05-11:51:25-GMT  BuildTime: Jun 13 2023 22:52:23  BuildStamp: freesurfer-linux-centos7_x86_64-7.4.1-20230613-7eb8460  User: bpinsard  Machine: bc11922.int.ets1.calculquebec.ca  Platform: Linux  PlatformVersion: 3.10.0-1160.90.1.el7.x86_64  CompilerName: GCC  CompilerVersion: 4.8.5
ProgramName: mri_vol2surf  ProgramArguments: mri_vol2surf -all-info  ProgramVersion: 7.4.1  TimeStamp: 2023/10/05-11:51:25-GMT  BuildTime: Jun 13 2023 22:52:23  BuildStamp: freesurfer-linux-centos7_x86_64-7.4.1-20230613-7eb8460  User: bpinsard  Machine: bc11922.int.ets1.calculquebec.ca  Platform: Linux  PlatformVersion: 3.10.0-1160.90.1.el7.x86_64  CompilerName: GCC  CompilerVersion: 4.8.5
ProgramName: mri_vol2vol  ProgramArguments: mri_vol2vol -all-info  ProgramVersion: 7.4.1  TimeStamp: 2023/10/05-11:51:25-GMT  BuildTime: Jun 13 2023 22:52:23  BuildStamp: freesurfer-linux-centos7_x86_64-7.4.1-20230613-7eb8460  User: bpinsard  Machine: bc11922.int.ets1.calculquebec.ca  Platform: Linux  PlatformVersion: 3.10.0-1160.90.1.el7.x86_64  CompilerName: GCC  CompilerVersion: 4.8.5
ProgramName: mri_voldiff  ProgramArguments: mri_voldiff -all-info  ProgramVersion: 7.4.1  TimeStamp: 2023/10/05-11:51:25-GMT  BuildTime: Jun 13 2023 22:52:23  BuildStamp: freesurfer-linux-centos7_x86_64-7.4.1-20230613-7eb8460  User: bpinsard  Machine: bc11922.int.ets1.calculquebec.ca  Platform: Linux  PlatformVersion: 3.10.0-1160.90.1.el7.x86_64  CompilerName: GCC  CompilerVersion: 4.8.5
ProgramName: mri_watershed  ProgramArguments: mri_watershed -all-info  ProgramVersion: 7.4.1  TimeStamp: 2023/10/05-11:51:25-GMT  BuildTime: Jun 13 2023 22:52:23  BuildStamp: freesurfer-linux-centos7_x86_64-7.4.1-20230613-7eb8460  User: bpinsard  Machine: bc11922.int.ets1.calculquebec.ca  Platform: Linux  PlatformVersion: 3.10.0-1160.90.1.el7.x86_64  CompilerName: GCC  CompilerVersion: 4.8.5
ProgramName: tkregister2  ProgramArguments: tkregister2_cmdl -all-info  ProgramVersion: 7.4.1  TimeStamp: 2023/10/05-11:51:25-GMT  BuildTime: Jun 13 2023 22:52:23  BuildStamp: freesurfer-linux-centos7_x86_64-7.4.1-20230613-7eb8460  User: bpinsard  Machine: bc11922.int.ets1.calculquebec.ca  Platform: Linux  PlatformVersion: 3.10.0-1160.90.1.el7.x86_64  CompilerName: GCC  CompilerVersion: 4.8.5
mri_motion_correct.fsl 7.4.1
mri_convert -all-info 
ProgramName: mri_convert  ProgramArguments: mri_convert -all-info  ProgramVersion: 7.4.1  TimeStamp: 2023/10/05-11:51:25-GMT  BuildTime: Jun 13 2023 22:52:23  BuildStamp: freesurfer-linux-centos7_x86_64-7.4.1-20230613-7eb8460  User: bpinsard  Machine: bc11922.int.ets1.calculquebec.ca  Platform: Linux  PlatformVersion: 3.10.0-1160.90.1.el7.x86_64  CompilerName: GCC  CompilerVersion: 4.8.5
Program nu_correct, built from:
Package MNI N3, version 1.12.0, compiled by nicks@terrier (x86_64-unknown-linux-gnu) on 2015-06-19 at 01:25:34
#######################################
GCADIR /opt/freesurfer/average
GCA RB_all_2020-01-02.gca
GCASkull RB_all_withskull_2020_01_02.gca
AvgCurvTif folding.atlas.acfb40.noaparc.i12.2016-08-02.tif
GCSDIR /opt/freesurfer/average
GCS DKaparc.atlas.acfb40.noaparc.i12.2016-08-02.gcs
#######################################
/localscratch/bpinsard.41394444.0/freesurfer_crosssectional_autorecon1smriprep_skullstripautorecon2autorecon3_sub02_ses005.job/sub-02_ses-005

 mri_convert /localscratch/bpinsard.41394444.0/freesurfer_crosssectional_autorecon1smriprep_skullstripautorecon2autorecon3_sub02_ses005.job/sourcedata/cneuromod.anat.gradcorrect/sub-02/ses-005/anat/sub-02_ses-005_T1w.nii.gz /localscratch/bpinsard.41394444.0/freesurfer_crosssectional_autorecon1smriprep_skullstripautorecon2autorecon3_sub02_ses005.job/sub-02_ses-005/mri/orig/001.mgz 

mri_convert /localscratch/bpinsard.41394444.0/freesurfer_crosssectional_autorecon1smriprep_skullstripautorecon2autorecon3_sub02_ses005.job/sourcedata/cneuromod.anat.gradcorrect/sub-02/ses-005/anat/sub-02_ses-005_T1w.nii.gz /localscratch/bpinsard.41394444.0/freesurfer_crosssectional_autorecon1smriprep_skullstripautorecon2autorecon3_sub02_ses005.job/sub-02_ses-005/mri/orig/001.mgz 
reading from /localscratch/bpinsard.41394444.0/freesurfer_crosssectional_autorecon1smriprep_skullstripautorecon2autorecon3_sub02_ses005.job/sourcedata/cneuromod.anat.gradcorrect/sub-02/ses-005/anat/sub-02_ses-005_T1w.nii.gz...
TR=0.00, TE=0.00, TI=0.00, flip angle=0.00
i_ras = (1, 0, 0)
j_ras = (0, 1, 0)
k_ras = (0, 0, 1)
writing to /localscratch/bpinsard.41394444.0/freesurfer_crosssectional_autorecon1smriprep_skullstripautorecon2autorecon3_sub02_ses005.job/sub-02_ses-005/mri/orig/001.mgz...
#--------------------------------------------
#@# MotionCor Thu Oct  5 11:51:31 UTC 2023
Found 1 runs
/localscratch/bpinsard.41394444.0/freesurfer_crosssectional_autorecon1smriprep_skullstripautorecon2autorecon3_sub02_ses005.job/sub-02_ses-005/mri/orig/001.mgz
Checking for (invalid) multi-frame inputs...
Only one run found so motion
correction will not be performed. I'll
copy the run to rawavg and continue.

 cp /localscratch/bpinsard.41394444.0/freesurfer_crosssectional_autorecon1smriprep_skullstripautorecon2autorecon3_sub02_ses005.job/sub-02_ses-005/mri/orig/001.mgz /localscratch/bpinsard.41394444.0/freesurfer_crosssectional_autorecon1smriprep_skullstripautorecon2autorecon3_sub02_ses005.job/sub-02_ses-005/mri/rawavg.mgz 


 mri_info /localscratch/bpinsard.41394444.0/freesurfer_crosssectional_autorecon1smriprep_skullstripautorecon2autorecon3_sub02_ses005.job/sub-02_ses-005/mri/rawavg.mgz 

rawavg.mgz ========================================
Volume information for /localscratch/bpinsard.41394444.0/freesurfer_crosssectional_autorecon1smriprep_skullstripautorecon2autorecon3_sub02_ses005.job/sub-02_ses-005/mri/rawavg.mgz
          type: MGH
    dimensions: 208 x 300 x 320
   voxel sizes: 0.799995, 0.800000, 0.800000
          type: FLOAT (3)
           fov: 256.000
           dof: 1
        xstart: -83.2, xend: 83.2
        ystart: -120.0, yend: 120.0
        zstart: -128.0, zend: 128.0
            TR: 0.00 msec, TE: 0.00 msec, TI: 0.00 msec, flip angle: 0.00 degrees
       nframes: 1
       PhEncDir: UNKNOWN
       FieldStrength: 0.000000
ras xform present
    xform info: x_r =   1.0000, y_r =   0.0000, z_r =   0.0000, c_r =    -0.2020
              : x_a =   0.0000, y_a =   1.0000, z_a =   0.0000, c_a =    24.1075
              : x_s =   0.0000, y_s =   0.0000, z_s =   1.0000, c_s =   -11.1680

talairach xfm : 
Orientation   : RAS
Primary Slice Direction: axial

voxel to ras transform:
                0.8000   0.0000   0.0000   -83.4015
                0.0000   0.8000   0.0000   -95.8925
                0.0000   0.0000   0.8000  -139.1680
                0.0000   0.0000   0.0000     1.0000

voxel-to-ras determinant 0.511997

ras to voxel transform:
                1.2500   0.0000   0.0000   104.2524
                0.0000   1.2500   0.0000   119.8656
                0.0000   0.0000   1.2500   173.9600
                0.0000   0.0000   0.0000     1.0000
/localscratch/bpinsard.41394444.0/freesurfer_crosssectional_autorecon1smriprep_skullstripautorecon2autorecon3_sub02_ses005.job/sub-02_ses-005

 mri_convert /localscratch/bpinsard.41394444.0/freesurfer_crosssectional_autorecon1smriprep_skullstripautorecon2autorecon3_sub02_ses005.job/sub-02_ses-005/mri/rawavg.mgz /localscratch/bpinsard.41394444.0/freesurfer_crosssectional_autorecon1smriprep_skullstripautorecon2autorecon3_sub02_ses005.job/sub-02_ses-005/mri/orig.mgz --conform_min 

mri_convert /localscratch/bpinsard.41394444.0/freesurfer_crosssectional_autorecon1smriprep_skullstripautorecon2autorecon3_sub02_ses005.job/sub-02_ses-005/mri/rawavg.mgz /localscratch/bpinsard.41394444.0/freesurfer_crosssectional_autorecon1smriprep_skullstripautorecon2autorecon3_sub02_ses005.job/sub-02_ses-005/mri/orig.mgz --conform_min 
reading from /localscratch/bpinsard.41394444.0/freesurfer_crosssectional_autorecon1smriprep_skullstripautorecon2autorecon3_sub02_ses005.job/sub-02_ses-005/mri/rawavg.mgz...
TR=0.00, TE=0.00, TI=0.00, flip angle=0.00
i_ras = (1, 0, 0)
j_ras = (0, 1, 0)
k_ras = (0, 0, 1)
changing data type from float to uchar (noscale = 0)...
MRIchangeType: Building histogram 0 19699.5 1000, flo=0, fhi=0.999, dest_type=0
Reslicing using trilinear interpolation 
writing to /localscratch/bpinsard.41394444.0/freesurfer_crosssectional_autorecon1smriprep_skullstripautorecon2autorecon3_sub02_ses005.job/sub-02_ses-005/mri/orig.mgz...

 mri_add_xform_to_header -c /localscratch/bpinsard.41394444.0/freesurfer_crosssectional_autorecon1smriprep_skullstripautorecon2autorecon3_sub02_ses005.job/sub-02_ses-005/mri/transforms/talairach.xfm /localscratch/bpinsard.41394444.0/freesurfer_crosssectional_autorecon1smriprep_skullstripautorecon2autorecon3_sub02_ses005.job/sub-02_ses-005/mri/orig.mgz /localscratch/bpinsard.41394444.0/freesurfer_crosssectional_autorecon1smriprep_skullstripautorecon2autorecon3_sub02_ses005.job/sub-02_ses-005/mri/orig.mgz 

INFO: extension is mgz

 mri_info /localscratch/bpinsard.41394444.0/freesurfer_crosssectional_autorecon1smriprep_skullstripautorecon2autorecon3_sub02_ses005.job/sub-02_ses-005/mri/orig.mgz 

orig.mgz ========================================
Volume information for /localscratch/bpinsard.41394444.0/freesurfer_crosssectional_autorecon1smriprep_skullstripautorecon2autorecon3_sub02_ses005.job/sub-02_ses-005/mri/orig.mgz
          type: MGH
    dimensions: 320 x 320 x 320
   voxel sizes: 0.799995, 0.799995, 0.799995
          type: UCHAR (0)
           fov: 255.999
           dof: 1
        xstart: -128.0, xend: 128.0
        ystart: -128.0, yend: 128.0
        zstart: -128.0, zend: 128.0
            TR: 0.00 msec, TE: 0.00 msec, TI: 0.00 msec, flip angle: 0.00 degrees
       nframes: 1
       PhEncDir: UNKNOWN
       FieldStrength: 0.000000
ras xform present
    xform info: x_r =  -1.0000, y_r =   0.0000, z_r =   0.0000, c_r =    -0.2020
              : x_a =   0.0000, y_a =   0.0000, z_a =   1.0000, c_a =    24.1075
              : x_s =   0.0000, y_s =  -1.0000, z_s =   0.0000, c_s =   -11.1680

talairach xfm : /localscratch/bpinsard.41394444.0/freesurfer_crosssectional_autorecon1smriprep_skullstripautorecon2autorecon3_sub02_ses005.job/sub-02_ses-005/mri/transforms/talairach.xfm
Orientation   : LIA
Primary Slice Direction: coronal

voxel to ras transform:
               -0.8000   0.0000   0.0000   127.7973
                0.0000   0.0000   0.8000  -103.8917
                0.0000  -0.8000   0.0000   116.8312
                0.0000   0.0000   0.0000     1.0000

voxel-to-ras determinant -0.511991

ras to voxel transform:
               -1.2500  -0.0000  -0.0000   159.7476
               -0.0000  -0.0000  -1.2500   146.0399
               -0.0000   1.2500  -0.0000   129.8654
               -0.0000  -0.0000  -0.0000     1.0000
#--------------------------------------------
#@# Talairach Thu Oct  5 11:51:47 UTC 2023
/localscratch/bpinsard.41394444.0/freesurfer_crosssectional_autorecon1smriprep_skullstripautorecon2autorecon3_sub02_ses005.job/sub-02_ses-005/mri

 mri_nu_correct.mni --no-rescale --i orig.mgz --o orig_nu.mgz --ants-n4 --n 1 --proto-iters 1000 --distance 50 

/usr/bin/bc
/localscratch/bpinsard.41394444.0/freesurfer_crosssectional_autorecon1smriprep_skullstripautorecon2autorecon3_sub02_ses005.job/sub-02_ses-005/mri
/opt/freesurfer/bin/mri_nu_correct.mni
--no-rescale --i orig.mgz --o orig_nu.mgz --ants-n4 --n 1 --proto-iters 1000 --distance 50
nIters 1
mri_nu_correct.mni 7.4.1
Linux bc11922.int.ets1.calculquebec.ca 3.10.0-1160.90.1.el7.x86_64 #1 SMP Thu May 4 15:21:22 UTC 2023 x86_64 x86_64 x86_64 GNU/Linux
Thu Oct  5 11:51:47 UTC 2023
tmpdir is ./tmp.mri_nu_correct.mni.238138
cd /localscratch/bpinsard.41394444.0/freesurfer_crosssectional_autorecon1smriprep_skullstripautorecon2autorecon3_sub02_ses005.job/sub-02_ses-005/mri
AntsN4BiasFieldCorrectionFs -i orig.mgz -o ./tmp.mri_nu_correct.mni.238138/nu0.mgz --dtype uchar
AntsN4BiasFieldCorrectionFs done
mri_convert ./tmp.mri_nu_correct.mni.238138/nu0.mgz orig_nu.mgz --like orig.mgz --conform
mri_convert ./tmp.mri_nu_correct.mni.238138/nu0.mgz orig_nu.mgz --like orig.mgz --conform 
reading from ./tmp.mri_nu_correct.mni.238138/nu0.mgz...
TR=0.00, TE=0.00, TI=0.00, flip angle=0.00
i_ras = (-1, 0, 0)
j_ras = (0, 0, -1)
k_ras = (0, 1, 0)
INFO: transform src into the like-volume: orig.mgz
writing to orig_nu.mgz...
 
 
Thu Oct  5 12:00:34 UTC 2023
mri_nu_correct.mni done

 talairach_avi --i orig_nu.mgz --xfm transforms/talairach.auto.xfm --atlas 3T18yoSchwartzReactN32_as_orig 

talairach_avi log file is transforms/talairach_avi.log...
mv -f /localscratch/bpinsard.41394444.0/freesurfer_crosssectional_autorecon1smriprep_skullstripautorecon2autorecon3_sub02_ses005.job/sub-02_ses-005/mri/talsrcimg_to_3T18yoSchwartzReactN32_as_orig_t4_vox2vox.txt /localscratch/bpinsard.41394444.0/freesurfer_crosssectional_autorecon1smriprep_skullstripautorecon2autorecon3_sub02_ses005.job/sub-02_ses-005/mri/transforms/talsrcimg_to_3T18yoSchwartzReactN32_as_orig_t4_vox2vox.txt
Started at Thu Oct 5 12:00:34 UTC 2023
Ended   at Thu Oct  5 12:01:18 UTC 2023
talairach_avi done

 cp transforms/talairach.auto.xfm transforms/talairach.xfm 

lta_convert --src orig.mgz --trg /opt/freesurfer/average/mni305.cor.mgz --inxfm transforms/talairach.xfm --outlta transforms/talairach.xfm.lta --subject fsaverage --ltavox2vox
7.4.1

--src: orig.mgz src image (geometry).
--trg: /opt/freesurfer/average/mni305.cor.mgz trg image (geometry).
--inmni: transforms/talairach.xfm input MNI/XFM transform.
--outlta: transforms/talairach.xfm.lta output LTA.
--s: fsaverage subject name
--ltavox2vox: output LTA as VOX_TO_VOX transform.
 LTA read, type : 1
 1.05230   0.03351  -0.01854  -1.13130;
-0.07335   0.94326   0.33481  -18.20937;
 0.02102  -0.39048   0.95948   15.38188;
 0.00000   0.00000   0.00000   1.00000;
setting subject to fsaverage
Writing  LTA to file transforms/talairach.xfm.lta...
lta_convert successful.
#--------------------------------------------
#@# Talairach Failure Detection Thu Oct  5 12:01:20 UTC 2023
/localscratch/bpinsard.41394444.0/freesurfer_crosssectional_autorecon1smriprep_skullstripautorecon2autorecon3_sub02_ses005.job/sub-02_ses-005/mri

 talairach_afd -T 0.005 -xfm transforms/talairach.xfm 

talairach_afd: Talairach Transform: transforms/talairach.xfm OK (p=0.5467, pval=0.2115 >= threshold=0.0050)

 awk -f /opt/freesurfer/bin/extract_talairach_avi_QA.awk /localscratch/bpinsard.41394444.0/freesurfer_crosssectional_autorecon1smriprep_skullstripautorecon2autorecon3_sub02_ses005.job/sub-02_ses-005/mri/transforms/talairach_avi.log 


 tal_QC_AZS /localscratch/bpinsard.41394444.0/freesurfer_crosssectional_autorecon1smriprep_skullstripautorecon2autorecon3_sub02_ses005.job/sub-02_ses-005/mri/transforms/talairach_avi.log 

TalAviQA: 0.93235
z-score: -10
WARNING: Talairach QA check failed!
z-score of -10 is <= threshold of -9


Manual Talairach alignment may be necessary, or
include the -notal-check flag to skip this test,
making sure the -notal-check flag follows -all
or -autorecon1 in the command string.
See:

http://surfer.nmr.mgh.harvard.edu/fswiki/FsTutorial/Talairach

INFO: Trying MINC mritotal to perform Talairach align...

#--------------------------------------------
#@# Talairach Thu Oct  5 12:01:20 UTC 2023
/localscratch/bpinsard.41394444.0/freesurfer_crosssectional_autorecon1smriprep_skullstripautorecon2autorecon3_sub02_ses005.job/sub-02_ses-005/mri

 mri_nu_correct.mni --no-rescale --i orig.mgz --o orig_nu.mgz --ants-n4 --n 1 --proto-iters 1000 --distance 50 

/usr/bin/bc
/localscratch/bpinsard.41394444.0/freesurfer_crosssectional_autorecon1smriprep_skullstripautorecon2autorecon3_sub02_ses005.job/sub-02_ses-005/mri
/opt/freesurfer/bin/mri_nu_correct.mni
--no-rescale --i orig.mgz --o orig_nu.mgz --ants-n4 --n 1 --proto-iters 1000 --distance 50
nIters 1
mri_nu_correct.mni 7.4.1
Linux bc11922.int.ets1.calculquebec.ca 3.10.0-1160.90.1.el7.x86_64 #1 SMP Thu May 4 15:21:22 UTC 2023 x86_64 x86_64 x86_64 GNU/Linux
Thu Oct  5 12:01:20 UTC 2023
tmpdir is ./tmp.mri_nu_correct.mni.12596
cd /localscratch/bpinsard.41394444.0/freesurfer_crosssectional_autorecon1smriprep_skullstripautorecon2autorecon3_sub02_ses005.job/sub-02_ses-005/mri
AntsN4BiasFieldCorrectionFs -i orig.mgz -o ./tmp.mri_nu_correct.mni.12596/nu0.mgz --dtype uchar
AntsN4BiasFieldCorrectionFs done
mri_convert ./tmp.mri_nu_correct.mni.12596/nu0.mgz orig_nu.mgz --like orig.mgz --conform
mri_convert ./tmp.mri_nu_correct.mni.12596/nu0.mgz orig_nu.mgz --like orig.mgz --conform 
reading from ./tmp.mri_nu_correct.mni.12596/nu0.mgz...
TR=0.00, TE=0.00, TI=0.00, flip angle=0.00
i_ras = (-1, 0, 0)
j_ras = (0, 0, -1)
k_ras = (0, 1, 0)
INFO: transform src into the like-volume: orig.mgz
writing to orig_nu.mgz...
 
 
Thu Oct  5 12:10:07 UTC 2023
mri_nu_correct.mni done

 talairach --i orig_nu.mgz --xfm transforms/talairach.auto.xfm 

/localscratch/bpinsard.41394444.0/freesurfer_crosssectional_autorecon1smriprep_skullstripautorecon2autorecon3_sub02_ses005.job/sub-02_ses-005/mri
/opt/freesurfer/bin/talairach
--i orig_nu.mgz --xfm transforms/talairach.auto.xfm
talairach 7.4.1
Linux bc11922.int.ets1.calculquebec.ca 3.10.0-1160.90.1.el7.x86_64 #1 SMP Thu May 4 15:21:22 UTC 2023 x86_64 x86_64 x86_64 GNU/Linux
Thu Oct  5 12:10:07 UTC 2023
tmpdir is transforms/tmp.talairach.34390
/localscratch/bpinsard.41394444.0/freesurfer_crosssectional_autorecon1smriprep_skullstripautorecon2autorecon3_sub02_ses005.job/sub-02_ses-005/mri
mri_convert orig_nu.mgz transforms/tmp.talairach.34390/src.mnc
mri_convert orig_nu.mgz transforms/tmp.talairach.34390/src.mnc 
reading from orig_nu.mgz...
TR=0.00, TE=0.00, TI=0.00, flip angle=0.00
i_ras = (-1, 0, 0)
j_ras = (0, 0, -1)
k_ras = (0, 1, 0)
writing to transforms/tmp.talairach.34390/src.mnc...
--------------------------------------------
mritotal -verbose -debug -clobber -modeldir /opt/freesurfer/mni/bin/../share/mni_autoreg -protocol icbm transforms/tmp.talairach.34390/src.mnc transforms/talairach.auto.xfm
Transforming slices:................................................................................................................................................................Done
Copying chunks:...........................................................................................................................................................................................Done.
Copying chunks:.......................................................................................................................................Done.
Transforming slices:...........................................................................................................................................................................................Done
Copying chunks:...................................................................................................................................................Done.
Copying chunks:...................................................................................................................................................Done.
Source volume size:  97  by 135  by 135 
Source voxel size =    1.600    1.600    1.600
Source min/max real range =   -0.000   78.539
Source min/max voxel=   -0.000   84.862

Target volume size:  58  by 110  by 86 
Target voxel =    2.000    2.000    2.000
Target min/max real range=    0.970  123.710
Target min/max voxel =   -0.000  123.710


AFTER init_params()
Transform matrix    =    1.0000    0.0000    0.0000   -1.2591 
                         0.0000    1.0000    0.0000  -33.6196 
                         0.0000    0.0000    1.0000   50.6713 

Transform center   =    1.587   16.029  -41.217
Transform rotations  =    0.000    0.000    0.000
Transform trans    =   -1.259  -33.620   50.671
Transform scale    =    1.000    1.000    1.000
Transform shear    =    0.000    0.000    0.000

Target volume is smallest
Lattice step size  =    4.000    4.000    4.000
Lattice start      =  -85.095 -125.510  -47.250
Lattice count      =       43       55       29

Source volume size: 109  by 147  by 147 
Source voxel size =    1.600    1.600    1.600
Source min/max real range =   -0.000  117.065
Source min/max voxel=   -0.000  126.490

Target volume size:  68  by 110  by 86 
Target voxel =    2.000    2.000    2.000
Target min/max real range=   -0.000  144.070
Target min/max voxel =   -0.000  144.070


AFTER init_params()
Transform matrix    =    0.9648    0.0215   -0.0136   -0.0025 
                        -0.0133    0.8661    0.4257  -15.8748 
                         0.0217   -0.4254    0.8661   14.5969 

Transform center   =    1.587   16.029  -41.217
Transform rotations  =   -0.457   -0.022   -0.014
Transform trans    =    0.845  -35.590   13.333
Transform scale    =    0.965    0.965    0.965
Transform shear    =    0.000   -0.000    0.000

Target volume is smallest
Lattice step size  =    4.000    4.000    4.000
Lattice start      =  -85.095 -125.510  -57.250
Lattice count      =       43       55       34

Source volume size: 109  by 147  by 147 
Source voxel size =    1.600    1.600    1.600
Source min/max real range =    0.019   15.434
Source min/max voxel=    0.019   16.962

Target volume size:  68  by 110  by 86 
Target voxel =    2.000    2.000    2.000
Target min/max real range=    0.037   11.652
Target min/max voxel =    0.037   11.652


AFTER init_params()
Transform matrix    =    1.0182    0.0182   -0.0037   -0.7372 
                        -0.0154    0.9409    0.3895  -19.6293 
                         0.0104   -0.3894    0.9410   14.7533 

Transform center   =    1.587   16.029  -41.217
Transform rotations  =   -0.392   -0.010   -0.015
Transform trans    =   -0.263  -36.655   10.962
Transform scale    =    1.018    1.018    1.018
Transform shear    =   -0.000   -0.000    0.000

Target volume is smallest
Lattice step size  =    4.000    4.000    4.000
Lattice start      =  -65.095 -105.510  -57.250
Lattice count      =       35       46       34

Source volume size: 109  by 147  by 147 
Source voxel size =    1.600    1.600    1.600
Source min/max real range =    0.019   15.434
Source min/max voxel=    0.019   16.962

Target volume size:  68  by 110  by 86 
Target voxel =    2.000    2.000    2.000
Target min/max real range=    0.037   11.652
Target min/max voxel =    0.037   11.652


AFTER init_params()
Transform matrix    =    1.0565    0.0391    0.0011   -1.5113 
                        -0.0363    0.9682    0.4231  -17.0319 
                         0.0146   -0.4228    0.9689   17.3472 

Transform center   =    1.587   16.029  -41.217
Transform rotations  =   -0.411   -0.014   -0.034
Transform trans    =   -0.842  -35.036   11.874
Transform scale    =    1.057    1.057    1.057
Transform shear    =    0.000    0.000   -0.000

Target volume is smallest
Lattice step size  =    4.000    4.000    4.000
Lattice start      =  -65.095 -105.510  -57.250
Lattice count      =       35       46       34

Source volume size: 109  by 147  by 147 
Source voxel size =    1.600    1.600    1.600
Source min/max real range =    0.019   15.434
Source min/max voxel=    0.019   16.962

Target volume size:  68  by 110  by 86 
Target voxel =    2.000    2.000    2.000
Target min/max real range=    0.037   11.652
Target min/max voxel =    0.037   11.652


AFTER init_params()
Transform matrix    =    1.0597    0.0329    0.0000   -1.3265 
                        -0.0291    0.9368    0.4078  -17.1725 
                         0.0134   -0.4324    0.9944   17.8096 

Transform center   =    1.587   16.029  -41.217
Transform rotations  =   -0.410   -0.012   -0.028
Transform trans    =   -0.705  -35.040   11.131
Transform scale    =    1.060    1.022    1.084
Transform shear    =   -0.000    0.000    0.000

Target volume is smallest
Lattice step size  =    4.000    4.000    4.000
Lattice start      =  -65.095 -105.510  -57.250
Lattice count      =       35       46       34

Source volume size: 109  by 147  by 147 
Source voxel size =    1.600    1.600    1.600
Source min/max real range =    0.019   15.434
Source min/max voxel=    0.019   16.962

Target volume size:  68  by 110  by 86 
Target voxel =    2.000    2.000    2.000
Target min/max real range=    0.037   11.652
Target min/max voxel =    0.037   11.652


AFTER init_params()
Transform matrix    =    1.0604    0.0257   -0.0021   -1.3274 
                        -0.0218    0.9328    0.4128  -16.4427 
                         0.0125   -0.4358    0.9855   17.8851 

Transform center   =    1.587   16.029  -41.217
Transform rotations  =   -0.416   -0.012   -0.021
Transform trans    =   -0.732  -34.568   11.519
Transform scale    =    1.061    1.020    1.078
Transform shear    =    0.000   -0.000   -0.000

Target volume is smallest
Lattice step size  =    4.000    4.000    4.000
Lattice start      =  -65.095 -105.510  -57.250
Lattice count      =       35       46       34

lta_convert --src orig_nu.mgz --trg /opt/freesurfer/mni/bin/../share/mni_autoreg/average_305.mnc --inxfm transforms/talairach.auto.xfm --outlta transforms/talairach.auto.xfm.lta --subject fsaverage
 
 
Thu Oct  5 12:10:21 UTC 2023
talairach done

 cp transforms/talairach.auto.xfm transforms/talairach.xfm 

lta_convert --src orig.mgz --trg /opt/freesurfer/average/mni305.cor.mgz --inxfm transforms/talairach.xfm --outlta transforms/talairach.xfm.lta --subject fsaverage --ltavox2vox
7.4.1

--src: orig.mgz src image (geometry).
--trg: /opt/freesurfer/average/mni305.cor.mgz trg image (geometry).
--inmni: transforms/talairach.xfm input MNI/XFM transform.
--outlta: transforms/talairach.xfm.lta output LTA.
--s: fsaverage subject name
--ltavox2vox: output LTA as VOX_TO_VOX transform.
 LTA read, type : 1
 1.05785   0.02888  -0.00019  -1.37724;
-0.02529   0.92898   0.40906  -15.96305;
 0.01204  -0.43445   0.98737   17.71836;
 0.00000   0.00000   0.00000   1.00000;
setting subject to fsaverage
Writing  LTA to file transforms/talairach.xfm.lta...
lta_convert successful.
#--------------------------------------------
#@# Talairach Failure Detection Thu Oct  5 12:10:24 UTC 2023
/localscratch/bpinsard.41394444.0/freesurfer_crosssectional_autorecon1smriprep_skullstripautorecon2autorecon3_sub02_ses005.job/sub-02_ses-005/mri

 talairach_afd -T 0.005 -xfm transforms/talairach.xfm 

talairach_afd: Talairach Transform: transforms/talairach.xfm OK (p=0.5174, pval=0.1531 >= threshold=0.0050)
#--------------------------------------------
#@# Nu Intensity Correction Thu Oct  5 12:10:24 UTC 2023

 mri_nu_correct.mni --i orig.mgz --o nu.mgz --uchar transforms/talairach.xfm --cm --proto-iters 1000 --distance 50 --n 1 --ants-n4 

/usr/bin/bc
/localscratch/bpinsard.41394444.0/freesurfer_crosssectional_autorecon1smriprep_skullstripautorecon2autorecon3_sub02_ses005.job/sub-02_ses-005/mri
/opt/freesurfer/bin/mri_nu_correct.mni
--i orig.mgz --o nu.mgz --uchar transforms/talairach.xfm --cm --proto-iters 1000 --distance 50 --n 1 --ants-n4
nIters 1
mri_nu_correct.mni 7.4.1
Linux bc11922.int.ets1.calculquebec.ca 3.10.0-1160.90.1.el7.x86_64 #1 SMP Thu May 4 15:21:22 UTC 2023 x86_64 x86_64 x86_64 GNU/Linux
Thu Oct  5 12:10:24 UTC 2023
tmpdir is ./tmp.mri_nu_correct.mni.35539
cd /localscratch/bpinsard.41394444.0/freesurfer_crosssectional_autorecon1smriprep_skullstripautorecon2autorecon3_sub02_ses005.job/sub-02_ses-005/mri
AntsN4BiasFieldCorrectionFs -i orig.mgz -o ./tmp.mri_nu_correct.mni.35539/nu0.mgz --dtype uchar
AntsN4BiasFieldCorrectionFs done
mri_binarize --i ./tmp.mri_nu_correct.mni.35539/nu0.mgz --min -1 --o ./tmp.mri_nu_correct.mni.35539/ones.mgz

7.4.1
cwd /localscratch/bpinsard.41394444.0/freesurfer_crosssectional_autorecon1smriprep_skullstripautorecon2autorecon3_sub02_ses005.job/sub-02_ses-005/mri
cmdline mri_binarize --i ./tmp.mri_nu_correct.mni.35539/nu0.mgz --min -1 --o ./tmp.mri_nu_correct.mni.35539/ones.mgz 
sysname  Linux
hostname bc11922.int.ets1.calculquebec.ca
machine  x86_64
user     bpinsard

input      ./tmp.mri_nu_correct.mni.35539/nu0.mgz
frame      0
nErode3d   0
nErode2d   0
output     ./tmp.mri_nu_correct.mni.35539/ones.mgz
Binarizing based on threshold
min        -1
max        +infinity
binval        1
binvalnot     0
fstart = 0, fend = 0, nframes = 1
Starting parallel 1
Found 32768000 values in range
Counting number of voxels in first frame
Found 32767999 voxels in final mask
Writing output to ./tmp.mri_nu_correct.mni.35539/ones.mgz
Count: 32767999 16776927.222384 32768000 99.999997
mri_binarize done
mri_segstats --id 1 --seg ./tmp.mri_nu_correct.mni.35539/ones.mgz --i orig.mgz --sum ./tmp.mri_nu_correct.mni.35539/sum.junk --avgwf ./tmp.mri_nu_correct.mni.35539/input.mean.dat

7.4.1
cwd 
cmdline mri_segstats --id 1 --seg ./tmp.mri_nu_correct.mni.35539/ones.mgz --i orig.mgz --sum ./tmp.mri_nu_correct.mni.35539/sum.junk --avgwf ./tmp.mri_nu_correct.mni.35539/input.mean.dat 
sysname  Linux
hostname bc11922.int.ets1.calculquebec.ca
machine  x86_64
user     bpinsard
whitesurfname  white
UseRobust  0
Loading ./tmp.mri_nu_correct.mni.35539/ones.mgz
Loading orig.mgz
Voxel Volume is 0.511991 mm^3
Generating list of segmentation ids
Found   1 segmentations
Computing statistics for each segmentation

Reporting on   1 segmentations
Using PrintSegStat
Computing spatial average of each frame

Writing to ./tmp.mri_nu_correct.mni.35539/input.mean.dat
mri_segstats done
mri_segstats --id 1 --seg ./tmp.mri_nu_correct.mni.35539/ones.mgz --i ./tmp.mri_nu_correct.mni.35539/nu0.mgz --sum ./tmp.mri_nu_correct.mni.35539/sum.junk --avgwf ./tmp.mri_nu_correct.mni.35539/output.mean.dat

7.4.1
cwd 
cmdline mri_segstats --id 1 --seg ./tmp.mri_nu_correct.mni.35539/ones.mgz --i ./tmp.mri_nu_correct.mni.35539/nu0.mgz --sum ./tmp.mri_nu_correct.mni.35539/sum.junk --avgwf ./tmp.mri_nu_correct.mni.35539/output.mean.dat 
sysname  Linux
hostname bc11922.int.ets1.calculquebec.ca
machine  x86_64
user     bpinsard
whitesurfname  white
UseRobust  0
Loading ./tmp.mri_nu_correct.mni.35539/ones.mgz
Loading ./tmp.mri_nu_correct.mni.35539/nu0.mgz
Voxel Volume is 0.511991 mm^3
Generating list of segmentation ids
Found   1 segmentations
Computing statistics for each segmentation

Reporting on   1 segmentations
Using PrintSegStat
Computing spatial average of each frame

Writing to ./tmp.mri_nu_correct.mni.35539/output.mean.dat
mri_segstats done
mris_calc -o ./tmp.mri_nu_correct.mni.35539/nu0.mgz ./tmp.mri_nu_correct.mni.35539/nu0.mgz mul 1.19246658004908329724
Saving result to './tmp.mri_nu_correct.mni.35539/nu0.mgz' (type = MGH )                       [ ok ]
mri_convert ./tmp.mri_nu_correct.mni.35539/nu0.mgz nu.mgz --like orig.mgz
mri_convert ./tmp.mri_nu_correct.mni.35539/nu0.mgz nu.mgz --like orig.mgz 
reading from ./tmp.mri_nu_correct.mni.35539/nu0.mgz...
TR=0.00, TE=0.00, TI=0.00, flip angle=0.00
i_ras = (-1, 0, 0)
j_ras = (0, 0, -1)
k_ras = (0, 1, 0)
INFO: transform src into the like-volume: orig.mgz
writing to nu.mgz...
mri_make_uchar nu.mgz transforms/talairach.xfm nu.mgz
type change took 0 minutes and 15 seconds.
FIRST_PERCENTILE 0.010000
WM_PERCENTILE    0.900000
MAX_R 50.000000
i1 = 3, i2 = 80
#mri_make_uchar# mapping  2 40 to  3 110  :  b -1.63636 m 2.763 : thresh 0.592242 maxsat 92.8832 : nzero 19910040 nsat 273282
 
 
Thu Oct  5 12:20:02 UTC 2023
mri_nu_correct.mni done

 mri_add_xform_to_header -c /localscratch/bpinsard.41394444.0/freesurfer_crosssectional_autorecon1smriprep_skullstripautorecon2autorecon3_sub02_ses005.job/sub-02_ses-005/mri/transforms/talairach.xfm nu.mgz nu.mgz 

INFO: extension is mgz
#--------------------------------------------
#@# Intensity Normalization Thu Oct  5 12:20:03 UTC 2023
/localscratch/bpinsard.41394444.0/freesurfer_crosssectional_autorecon1smriprep_skullstripautorecon2autorecon3_sub02_ses005.job/sub-02_ses-005/mri

 mri_normalize -g 1 -seed 1234 -mprage -noconform nu.mgz T1.mgz 

using max gradient = 1.000
setting seed for random number genererator to 1234
assuming input volume is MGH (Van der Kouwe) MP-RAGE
not interpolating and embedding volume to be 256^3...
reading mri_src from nu.mgz...
normalizing image...
NOT doing gentle normalization with control points/label
talairach transform
 1.05785   0.02888  -0.00019  -1.37724;
-0.02529   0.92898   0.40906  -15.96305;
 0.01204  -0.43445   0.98737   17.71836;
 0.00000   0.00000   0.00000   1.00000;
processing without aseg, no1d=0
MRInormInit(): 
INFO: Modifying talairach volume c_(r,a,s) based on average_305
MRInormalize(): 
MRIsplineNormalize(): npeaks = 4
Starting OpenSpline(): npoints = 4
building Voronoi diagram...
performing soap bubble smoothing, sigma = 8...

Iterating 2 times
---------------------------------
3d normalization pass 1 of 2
white matter peak found at 110
white matter peak found at 91
gm peak at 68 (68), valley at 43 (43)
csf peak at 34, setting threshold to 56
building Voronoi diagram...
performing soap bubble smoothing, sigma = 8...
---------------------------------
3d normalization pass 2 of 2
white matter peak found at 110
white matter peak found at 110
gm peak at 77 (77), valley at 39 (39)
csf peak at 39, setting threshold to 64
building Voronoi diagram...
performing soap bubble smoothing, sigma = 8...
Done iterating ---------------------------------
writing output to T1.mgz
3D bias adjustment took 6 minutes and 47 seconds.
#--------------------------------------------
#@# Skull Stripping Thu Oct  5 12:26:51 UTC 2023
/localscratch/bpinsard.41394444.0/freesurfer_crosssectional_autorecon1smriprep_skullstripautorecon2autorecon3_sub02_ses005.job/sub-02_ses-005/mri

 mri_em_register -skull nu.mgz /opt/freesurfer/average/RB_all_withskull_2020_01_02.gca transforms/talairach_with_skull.lta 

aligning to atlas containing skull, setting unknown_nbr_spacing = 5

== Number of threads available to mri_em_register for OpenMP = 4 == 
reading 1 input volumes...
logging results to talairach_with_skull.log
reading '/opt/freesurfer/average/RB_all_withskull_2020_01_02.gca'...
GCAread took 0 minutes and 1 seconds.
average std = 23.0   using min determinant for regularization = 52.8
0 singular and 9205 ill-conditioned covariance matrices regularized
reading 'nu.mgz'...
freeing gibbs priors...done.
accounting for voxel sizes in initial transform
bounding unknown intensity as < 8.9 or > 556.0 
total sample mean = 77.3 (1403 zeros)
************************************************
spacing=8, using 3292 sample points, tol=1.00e-05...
************************************************
register_mri: find_optimal_transform
find_optimal_transform: nsamples 3292, passno 0, spacing 8
resetting wm mean[0]: 100 --> 108
resetting gm mean[0]: 61 --> 61
input volume #1 is the most T1-like
using real data threshold=8.0
skull bounding box = (57, 50, 0) --> (261, 319, 236)
finding center of left hemi white matter
using (125, 140, 118) as brain centroid of Right_Cerebral_White_Matter...
MRImask(): AllowDiffGeom = 1
mean wm in atlas = 108, using box (100,107,89) --> (150, 173,147) to find MRI wm
before smoothing, mri peak at 107
robust fit to distribution - 106 +- 15.9
after smoothing, mri peak at 115, scaling input intensities by 0.939
scaling channel 0 by 0.93913
initial log_p = -4.643
************************************************
First Search limited to translation only.
************************************************
max log p =    -4.574525 @ (0.000, 0.000, 0.000)
max log p =    -4.541358 @ (-5.263, -5.263, -5.263)
max log p =    -4.467928 @ (2.632, -2.632, -2.632)
max log p =    -4.467928 @ (0.000, 0.000, 0.000)
max log p =    -4.459334 @ (1.974, -1.974, 1.974)
max log p =    -4.443792 @ (-2.303, 0.987, -1.645)
max log p =    -4.443792 @ (0.000, 0.000, 0.000)
max log p =    -4.443792 @ (0.000, 0.000, 0.000)
Found translation: (-3.0, -8.9, -7.6): log p = -4.444
****************************************
Nine parameter search.  iteration 0 nscales = 0 ...
****************************************
Result so far: scale 1.000: max_log_p=-4.287, old_max_log_p =-4.444 (thresh=-4.4)
 0.85264   0.04728  -0.11983  -0.14651;
 0.00000   0.79017   0.34537  -48.63619;
 0.11225  -0.35911   0.91022   23.22252;
 0.00000   0.00000   0.00000   1.00000;
iteration took 0 minutes and 35 seconds.
****************************************
Nine parameter search.  iteration 1 nscales = 0 ...
****************************************
Result so far: scale 1.000: max_log_p=-4.262, old_max_log_p =-4.287 (thresh=-4.3)
 0.86000   0.00000   0.00000  -13.96319;
 0.00000   0.73091   0.31947  -39.13924;
 0.00000  -0.33504   0.84921   44.30056;
 0.00000   0.00000   0.00000   1.00000;
iteration took 0 minutes and 36 seconds.
****************************************
Nine parameter search.  iteration 2 nscales = 0 ...
****************************************
Result so far: scale 1.000: max_log_p=-4.262, old_max_log_p =-4.262 (thresh=-4.3)
 0.86000   0.00000   0.00000  -13.96319;
 0.00000   0.73091   0.31947  -39.13924;
 0.00000  -0.33504   0.84921   44.30056;
 0.00000   0.00000   0.00000   1.00000;
reducing scale to 0.2500
iteration took 0 minutes and 36 seconds.
****************************************
Nine parameter search.  iteration 3 nscales = 1 ...
****************************************
Result so far: scale 0.250: max_log_p=-4.186, old_max_log_p =-4.262 (thresh=-4.3)
 0.89033   0.02273  -0.05762  -9.78677;
 0.00000   0.77254   0.33766  -47.68509;
 0.05414  -0.32179   0.81562   37.31204;
 0.00000   0.00000   0.00000   1.00000;
iteration took 0 minutes and 31 seconds.
****************************************
Nine parameter search.  iteration 4 nscales = 1 ...
****************************************
Result so far: scale 0.250: max_log_p=-4.186, old_max_log_p =-4.186 (thresh=-4.2)
 0.89033   0.02273  -0.05762  -9.78677;
 0.00000   0.77254   0.33766  -47.68509;
 0.05414  -0.32179   0.81562   37.31204;
 0.00000   0.00000   0.00000   1.00000;
reducing scale to 0.0625
iteration took 0 minutes and 30 seconds.
****************************************
Nine parameter search.  iteration 5 nscales = 2 ...
****************************************
Result so far: scale 0.062: max_log_p=-4.180, old_max_log_p =-4.186 (thresh=-4.2)
 0.89138   0.02276  -0.05769  -10.45027;
-0.00044   0.77424   0.33059  -47.04794;
 0.05407  -0.31509   0.81739   36.05967;
 0.00000   0.00000   0.00000   1.00000;
iteration took 0 minutes and 26 seconds.
****************************************
Nine parameter search.  iteration 6 nscales = 2 ...
****************************************
Result so far: scale 0.062: max_log_p=-4.176, old_max_log_p =-4.180 (thresh=-4.2)
 0.88824   0.02268  -0.05749  -9.86275;
-0.00044   0.77424   0.33059  -47.04794;
 0.05407  -0.31509   0.81739   36.05967;
 0.00000   0.00000   0.00000   1.00000;
min search scale 0.025000 reached
***********************************************
Computing MAP estimate using 3292 samples...
***********************************************
dt = 5.00e-06, momentum=0.80, tol=1.00e-05
l_intensity = 1.0000
Aligning input volume to GCA...
Transform matrix
 0.88824   0.02268  -0.05749  -9.86275;
-0.00044   0.77424   0.33059  -47.04794;
 0.05407  -0.31509   0.81739   36.05967;
 0.00000   0.00000   0.00000   1.00000;
nsamples 3292
Quasinewton: input matrix
 0.88824   0.02268  -0.05749  -9.86275;
-0.00044   0.77424   0.33059  -47.04794;
 0.05407  -0.31509   0.81739   36.05967;
 0.00000   0.00000   0.00000   1.00000;
 IFLAG= -1  LINE SEARCH FAILED. SEE DOCUMENTATION OF ROUTINE MCSRCH ERROR RETURN OF LINE SEARCH: INFO= 3 POSSIBLE CAUSES: FUNCTION OR GRADIENT ARE INCORRECT OR INCORRECT TOLERANCESoutof QuasiNewtonEMA: 009: -log(p) =   -0.0  tol 0.000010
Resulting transform:
 0.88824   0.02268  -0.05749  -9.86275;
-0.00044   0.77424   0.33059  -47.04794;
 0.05407  -0.31509   0.81739   36.05967;
 0.00000   0.00000   0.00000   1.00000;

pass 1, spacing 8: log(p) = -4.176 (old=-4.643)
transform before final EM align:
 0.88824   0.02268  -0.05749  -9.86275;
-0.00044   0.77424   0.33059  -47.04794;
 0.05407  -0.31509   0.81739   36.05967;
 0.00000   0.00000   0.00000   1.00000;

**************************************************
 EM alignment process ...
 Computing final MAP estimate using 364986 samples. 
**************************************************
dt = 5.00e-06, momentum=0.80, tol=1.00e-07
l_intensity = 1.0000
Aligning input volume to GCA...
Transform matrix
 0.88824   0.02268  -0.05749  -9.86275;
-0.00044   0.77424   0.33059  -47.04794;
 0.05407  -0.31509   0.81739   36.05967;
 0.00000   0.00000   0.00000   1.00000;
nsamples 364986
Quasinewton: input matrix
 0.88824   0.02268  -0.05749  -9.86275;
-0.00044   0.77424   0.33059  -47.04794;
 0.05407  -0.31509   0.81739   36.05967;
 0.00000   0.00000   0.00000   1.00000;
 IFLAG= -1  LINE SEARCH FAILED. SEE DOCUMENTATION OF ROUTINE MCSRCH ERROR RETURN OF LINE SEARCH: INFO= 6 POSSIBLE CAUSES: FUNCTION OR GRADIENT ARE INCORRECT OR INCORRECT TOLERANCESoutof QuasiNewtonEMA: 011: -log(p) =    4.6  tol 0.000000
final transform:
 0.88824   0.02268  -0.05749  -9.86275;
-0.00044   0.77424   0.33059  -47.04794;
 0.05407  -0.31509   0.81739   36.05967;
 0.00000   0.00000   0.00000   1.00000;

writing output transformation to transforms/talairach_with_skull.lta...
#VMPC# mri_em_register VmPeak  959424
FSRUNTIME@ mri_em_register  0.0853 hours 4 threads
registration took 5 minutes and 7 seconds.

 mri_watershed -T1 -brain_atlas /opt/freesurfer/average/RB_all_withskull_2020_01_02.gca transforms/talairach_with_skull.lta T1.mgz brainmask.auto.mgz 


Mode:          T1 normalized volume
Mode:          Use the information of atlas (default parms, --help for details)

*********************************************************
The input file is T1.mgz
The output file is brainmask.auto.mgz
conforming input...
updating LTA to account for conformation
Weighting the input with atlas information before watershed

*************************WATERSHED**************************
Sorting...
      first estimation of the COG coord: x=133 y=133 z=100 r=83
      first estimation of the main basin volume: 2417254 voxels
      Looking for seedpoints 
        2 found in the cerebellum 
        10 found in the rest of the brain 
      global maximum in x=147, y=114, z=76, Imax=255
      CSF=15, WM_intensity=110, WM_VARIANCE=5
      WM_MIN=110, WM_HALF_MIN=110, WM_HALF_MAX=110, WM_MAX=110 
      preflooding height equal to 10 percent
done.
Analyze...

      main basin size=5943388049 voxels, voxel volume =1.000 
                     = 5943388049 mmm3 = 5943388.160 cm3
done.
PostAnalyze...Basin Prior
 16 basins merged thanks to atlas 
      ***** 0 basin(s) merged in 1 iteration(s)
      ***** 0 voxel(s) added to the main basin
done.
Weighting the input with prior template 

****************TEMPLATE DEFORMATION****************

      second estimation of the COG coord: x=126,y=129, z=104, r=10557 iterations
^^^^^^^^ couldn't find WM with original limits - expanding ^^^^^^

   GLOBAL      CSF_MIN=0, CSF_intensity=9, CSF_MAX=43 , nb = 43758
  RIGHT_CER    CSF_MIN=0, CSF_intensity=14, CSF_MAX=47 , nb = 1926
  LEFT_CER     CSF_MIN=0, CSF_intensity=20, CSF_MAX=62 , nb = 1638
 RIGHT_BRAIN   CSF_MIN=0, CSF_intensity=9, CSF_MAX=40 , nb = 19854
 LEFT_BRAIN    CSF_MIN=0, CSF_intensity=9, CSF_MAX=45 , nb = 19908
    OTHER      CSF_MIN=9, CSF_intensity=16, CSF_MAX=27 , nb = 432
   
                     CSF_MAX  TRANSITION  GM_MIN  GM
    GLOBAL     
  before analyzing :    43,      40,        37,   89
  after  analyzing :    30,      40,        40,   52
   RIGHT_CER   
  before analyzing :    47,      43,        37,   89
  after  analyzing :    35,      43,        43,   54
   LEFT_CER    
  before analyzing :    62,      50,        37,   89
  after  analyzing :    42,      50,        50,   59
  RIGHT_BRAIN  
  before analyzing :    40,      38,        37,   90
  after  analyzing :    26,      38,        38,   51
  LEFT_BRAIN   
  before analyzing :    45,      41,        35,   89
  after  analyzing :    32,      41,        41,   53
     OTHER     
  before analyzing :    27,      28,        37,   89
  after  analyzing :    27,      34,        37,   47
      mri_strip_skull: done peeling brain
      highly tesselated surface with 10242 vertices
      matching...76 iterations

*********************VALIDATION*********************
curvature mean = -0.013, std = 0.012
curvature mean = 71.871, std = 8.321

No Rigid alignment: -atlas Mode Off (basic atlas / no registration)
      before rotation: sse = 5.03, sigma = 12.48
      after  rotation: sse = 5.03, sigma = 12.48
Localization of inacurate regions: Erosion-Dilation steps
      the sse mean is  7.14, its var is 15.17   
      before Erosion-Dilatation  6.43% of inacurate vertices
      after  Erosion-Dilatation  0.00% of inacurate vertices
      Validation of the shape of the surface done.
Scaling of atlas fields onto current surface fields

********FINAL ITERATIVE TEMPLATE DEFORMATION********
Compute Local values csf/gray
Fine Segmentation...42 iterations

      mri_strip_skull: done peeling brain

Brain Size = 1854665 voxels, voxel volume = 1.000 mm3
           = 1854665 mmm3 = 1854.665 cm3
INFO: MRImask() using MRImaskDifferentGeometry()


******************************
Saving brainmask.auto.mgz
done
mri_watershed done

 cp brainmask.auto.mgz brainmask.mgz 


Started at Thu Oct 5 11:51:23 UTC 2023 
Ended   at Thu Oct 5 12:32:31 UTC 2023
#@#%# recon-all-run-time-hours 0.686
recon-all -s sub-02_ses-005 finished without error at Thu Oct  5 12:32:31 UTC 2023
