status file for recon-all
Thu Oct  5 11:00:21 UTC 2023
#@# MotionCor Thu Oct  5 11:00:28 UTC 2023
#@# Talairach Thu Oct  5 11:00:43 UTC 2023
#@# Talairach Failure Detection Thu Oct  5 11:10:15 UTC 2023
#@# Talairach Thu Oct  5 11:10:15 UTC 2023
#@# Talairach Failure Detection Thu Oct  5 11:19:20 UTC 2023
#@# Nu Intensity Correction Thu Oct  5 11:19:20 UTC 2023
#@# Intensity Normalization Thu Oct  5 11:28:52 UTC 2023
#@# Skull Stripping Thu Oct  5 11:35:39 UTC 2023
recon-all -s sub-01_ses-007 finished without error at Thu Oct  5 11:40:41 UTC 2023



#New# invocation of recon-all 



status file for recon-all
Thu Oct  5 12:05:15 UTC 2023
#@# EM Registration Thu Oct  5 12:05:15 UTC 2023
#@# CA Normalize Thu Oct  5 12:08:03 UTC 2023
#@# CA Reg Thu Oct  5 12:11:29 UTC 2023
#@# SubCort Seg Thu Oct  5 13:27:03 UTC 2023
#@# CC Seg Thu Oct  5 15:18:44 UTC 2023
#@# Merge ASeg Thu Oct  5 15:23:39 UTC 2023
#@# Intensity Normalization2 Thu Oct  5 15:23:39 UTC 2023
#@# Mask BFS Thu Oct  5 15:30:54 UTC 2023
#@# WM Segmentation Thu Oct  5 15:30:57 UTC 2023
#@# Fill Thu Oct  5 15:38:58 UTC 2023
#@# Tessellate lh Thu Oct  5 15:41:37 UTC 2023
#@# Tessellate rh Thu Oct  5 15:41:46 UTC 2023
#@# Smooth1 lh Thu Oct  5 15:41:55 UTC 2023
#@# Smooth1 rh Thu Oct  5 15:42:01 UTC 2023
#@# Inflation1 lh Thu Oct  5 15:42:07 UTC 2023
#@# Inflation1 rh Thu Oct  5 15:42:37 UTC 2023
#@# QSphere lh Thu Oct  5 15:43:07 UTC 2023
#@# QSphere rh Thu Oct  5 15:45:48 UTC 2023
#@# Fix Topology lh Thu Oct  5 15:48:03 UTC 2023
#@# Fix Topology rh Thu Oct  5 15:49:35 UTC 2023
#@# Smooth2 lh Thu Oct  5 16:10:41 UTC 2023
#@# Smooth2 rh Thu Oct  5 16:10:47 UTC 2023
#@# Inflation2 lh Thu Oct  5 16:10:54 UTC 2023
#@# Inflation2 rh Thu Oct  5 16:11:28 UTC 2023
#@# Curv .H and .K lh Thu Oct  5 16:12:05 UTC 2023
#@# Curv .H and .K rh Thu Oct  5 16:13:57 UTC 2023
recon-all -s sub-01_ses-007 finished without error at Thu Oct  5 16:15:50 UTC 2023
