status file for recon-all
Fri Oct 13 05:22:51 UTC 2023
#@# MotionCor Fri Oct 13 05:23:33 UTC 2023
#@# Talairach Fri Oct 13 05:23:34 UTC 2023
#@# Talairach Failure Detection Fri Oct 13 05:23:36 UTC 2023
#@# Nu Intensity Correction Fri Oct 13 05:23:36 UTC 2023
#@# Intensity Normalization Fri Oct 13 05:33:17 UTC 2023
#@# Skull Stripping Fri Oct 13 05:48:44 UTC 2023
#@# EM Registration Fri Oct 13 05:48:50 UTC 2023
#@# CA Normalize Fri Oct 13 05:48:50 UTC 2023
#@# CA Reg Fri Oct 13 05:53:05 UTC 2023
#@# SubCort Seg Fri Oct 13 06:20:31 UTC 2023
#@# CC Seg Fri Oct 13 06:33:41 UTC 2023
#@# Merge ASeg Fri Oct 13 07:01:35 UTC 2023
#@# Intensity Normalization2 Fri Oct 13 07:01:35 UTC 2023
#@# Mask BFS Fri Oct 13 07:08:57 UTC 2023
#@# WM Segmentation Fri Oct 13 07:09:04 UTC 2023
#@# Smooth2 lh Fri Oct 13 07:31:19 UTC 2023
#@# Smooth2 rh Fri Oct 13 07:31:27 UTC 2023
#@# Inflation2 lh Fri Oct 13 07:31:34 UTC 2023
#@# Inflation2 rh Fri Oct 13 07:32:07 UTC 2023
#@# Curv .H and .K lh Fri Oct 13 07:32:43 UTC 2023
#@# Curv .H and .K rh Fri Oct 13 07:34:42 UTC 2023
#@# Sphere lh Fri Oct 13 07:36:42 UTC 2023
#@# Sphere rh Fri Oct 13 07:36:42 UTC 2023
#@# Surf Reg lh Fri Oct 13 07:36:42 UTC 2023
#@# Surf Reg rh Fri Oct 13 07:41:27 UTC 2023
#@# Jacobian white lh Fri Oct 13 07:46:14 UTC 2023
#@# Jacobian white rh Fri Oct 13 07:46:16 UTC 2023
#@# AvgCurv lh Fri Oct 13 07:46:18 UTC 2023
#@# AvgCurv rh Fri Oct 13 07:46:20 UTC 2023
#@# Cortical Parc lh Fri Oct 13 07:46:22 UTC 2023
#@# Cortical Parc rh Fri Oct 13 07:46:44 UTC 2023
#@# white curv lh Fri Oct 13 08:08:05 UTC 2023
#@# white area lh Fri Oct 13 08:08:10 UTC 2023
#@# pial curv lh Fri Oct 13 08:08:12 UTC 2023
#@# pial area lh Fri Oct 13 08:08:16 UTC 2023
#@# thickness lh Fri Oct 13 08:08:18 UTC 2023
#@# area and vertex vol lh Fri Oct 13 08:09:40 UTC 2023
#@# white curv rh Fri Oct 13 08:09:45 UTC 2023
#@# white area rh Fri Oct 13 08:09:49 UTC 2023
#@# pial curv rh Fri Oct 13 08:09:51 UTC 2023
#@# pial area rh Fri Oct 13 08:09:56 UTC 2023
#@# thickness rh Fri Oct 13 08:09:58 UTC 2023
#@# area and vertex vol rh Fri Oct 13 08:11:21 UTC 2023
#@# Curvature Stats lh Fri Oct 13 08:11:25 UTC 2023
#@# Curvature Stats rh Fri Oct 13 08:11:32 UTC 2023
#@# Cortical ribbon mask Fri Oct 13 08:11:39 UTC 2023
#@# Cortical Parc 2 lh Fri Oct 13 09:05:21 UTC 2023
#@# Cortical Parc 2 rh Fri Oct 13 09:05:47 UTC 2023
#@# Cortical Parc 3 lh Fri Oct 13 09:06:16 UTC 2023
#@# Cortical Parc 3 rh Fri Oct 13 09:06:39 UTC 2023
#@# WM/GM Contrast lh Fri Oct 13 09:07:02 UTC 2023
#@# WM/GM Contrast rh Fri Oct 13 09:07:11 UTC 2023
#@# Relabel Hypointensities Fri Oct 13 09:07:21 UTC 2023
#@# APas-to-ASeg Fri Oct 13 09:08:12 UTC 2023
#@# AParc-to-ASeg aparc Fri Oct 13 09:08:48 UTC 2023
#@# AParc-to-ASeg aparc.a2009s Fri Oct 13 09:14:22 UTC 2023
#@# AParc-to-ASeg aparc.DKTatlas Fri Oct 13 09:19:56 UTC 2023
#@# WMParc Fri Oct 13 09:25:30 UTC 2023
#@# Parcellation Stats lh Fri Oct 13 09:33:51 UTC 2023
#@# Parcellation Stats rh Fri Oct 13 09:35:31 UTC 2023
#@# Parcellation Stats 2 lh Fri Oct 13 09:37:13 UTC 2023
#@# Parcellation Stats 2 rh Fri Oct 13 09:38:06 UTC 2023
#@# Parcellation Stats 3 lh Fri Oct 13 09:39:00 UTC 2023
#@# Parcellation Stats 3 rh Fri Oct 13 09:39:49 UTC 2023
#@# ASeg Stats Fri Oct 13 09:40:41 UTC 2023
#@# BA_exvivo Labels lh Fri Oct 13 09:42:36 UTC 2023
#@# BA_exvivo Labels rh Fri Oct 13 09:50:06 UTC 2023
recon-all -s sub-01_ses-008.long.sub-01 finished without error at Fri Oct 13 09:57:36 UTC 2023
