status file for recon-all
Thu Oct  5 11:54:03 UTC 2023
#@# MotionCor Thu Oct  5 11:54:10 UTC 2023
#@# Talairach Thu Oct  5 11:54:29 UTC 2023
#@# Talairach Failure Detection Thu Oct  5 12:04:24 UTC 2023
#@# Nu Intensity Correction Thu Oct  5 12:04:24 UTC 2023
#@# Intensity Normalization Thu Oct  5 12:14:19 UTC 2023
#@# Skull Stripping Thu Oct  5 12:21:09 UTC 2023
recon-all -s sub-02_ses-006 finished without error at Thu Oct  5 12:27:51 UTC 2023



#New# invocation of recon-all 



status file for recon-all
Thu Oct  5 12:56:01 UTC 2023
#@# EM Registration Thu Oct  5 12:56:01 UTC 2023
#@# CA Normalize Thu Oct  5 13:01:13 UTC 2023
#@# CA Reg Thu Oct  5 13:04:54 UTC 2023
#@# SubCort Seg Thu Oct  5 14:37:42 UTC 2023
#@# CC Seg Thu Oct  5 16:25:53 UTC 2023
#@# Merge ASeg Thu Oct  5 16:28:02 UTC 2023
#@# Intensity Normalization2 Thu Oct  5 16:28:02 UTC 2023
#@# Mask BFS Thu Oct  5 16:35:44 UTC 2023
#@# WM Segmentation Thu Oct  5 16:35:46 UTC 2023
#@# Fill Thu Oct  5 16:44:17 UTC 2023
#@# Tessellate lh Thu Oct  5 16:46:48 UTC 2023
#@# Tessellate rh Thu Oct  5 16:46:57 UTC 2023
#@# Smooth1 lh Thu Oct  5 16:47:05 UTC 2023
#@# Smooth1 rh Thu Oct  5 16:47:11 UTC 2023
#@# Inflation1 lh Thu Oct  5 16:47:17 UTC 2023
#@# Inflation1 rh Thu Oct  5 16:47:46 UTC 2023
#@# QSphere lh Thu Oct  5 16:48:15 UTC 2023
#@# QSphere rh Thu Oct  5 16:50:52 UTC 2023
#@# Fix Topology lh Thu Oct  5 16:53:40 UTC 2023
#@# Fix Topology rh Thu Oct  5 16:55:49 UTC 2023
#@# Smooth2 lh Thu Oct  5 17:18:57 UTC 2023
#@# Smooth2 rh Thu Oct  5 17:19:04 UTC 2023
#@# Inflation2 lh Thu Oct  5 17:19:10 UTC 2023
#@# Inflation2 rh Thu Oct  5 17:19:44 UTC 2023
#@# Curv .H and .K lh Thu Oct  5 17:20:18 UTC 2023
#@# Curv .H and .K rh Thu Oct  5 17:22:09 UTC 2023
recon-all -s sub-02_ses-006 finished without error at Thu Oct  5 17:23:57 UTC 2023



#New# invocation of recon-all 



status file for recon-all
Thu Oct  5 17:24:44 UTC 2023
#@# Sphere lh Thu Oct  5 17:24:44 UTC 2023
#@# Sphere rh Thu Oct  5 17:42:33 UTC 2023
#@# Surf Reg lh Thu Oct  5 17:50:57 UTC 2023
#@# Surf Reg rh Thu Oct  5 18:06:56 UTC 2023
#@# Jacobian white lh Thu Oct  5 18:17:39 UTC 2023
#@# Jacobian white rh Thu Oct  5 18:17:41 UTC 2023
#@# AvgCurv lh Thu Oct  5 18:17:43 UTC 2023
#@# AvgCurv rh Thu Oct  5 18:17:44 UTC 2023
#@# Cortical Parc lh Thu Oct  5 18:17:46 UTC 2023
#@# Cortical Parc rh Thu Oct  5 18:18:07 UTC 2023
#@# white curv lh Thu Oct  5 18:37:52 UTC 2023
#@# white area lh Thu Oct  5 18:37:56 UTC 2023
#@# pial curv lh Thu Oct  5 18:37:58 UTC 2023
#@# pial area lh Thu Oct  5 18:38:02 UTC 2023
#@# thickness lh Thu Oct  5 18:38:03 UTC 2023
#@# area and vertex vol lh Thu Oct  5 18:39:13 UTC 2023
#@# white curv rh Thu Oct  5 18:39:16 UTC 2023
#@# white area rh Thu Oct  5 18:39:20 UTC 2023
#@# pial curv rh Thu Oct  5 18:39:21 UTC 2023
#@# pial area rh Thu Oct  5 18:39:25 UTC 2023
#@# thickness rh Thu Oct  5 18:39:26 UTC 2023
#@# area and vertex vol rh Thu Oct  5 18:40:35 UTC 2023
#@# Curvature Stats lh Thu Oct  5 18:40:38 UTC 2023
#@# Curvature Stats rh Thu Oct  5 18:40:45 UTC 2023
#@# Cortical ribbon mask Thu Oct  5 18:40:51 UTC 2023
#@# Cortical Parc 2 lh Thu Oct  5 18:57:10 UTC 2023
#@# Cortical Parc 2 rh Thu Oct  5 18:57:41 UTC 2023
#@# Cortical Parc 3 lh Thu Oct  5 18:58:10 UTC 2023
#@# Cortical Parc 3 rh Thu Oct  5 18:58:32 UTC 2023
#@# WM/GM Contrast lh Thu Oct  5 18:58:53 UTC 2023
#@# WM/GM Contrast rh Thu Oct  5 18:59:00 UTC 2023
#@# Relabel Hypointensities Thu Oct  5 18:59:06 UTC 2023
#@# APas-to-ASeg Thu Oct  5 18:59:46 UTC 2023
#@# AParc-to-ASeg aparc Thu Oct  5 19:00:11 UTC 2023
#@# AParc-to-ASeg aparc.a2009s Thu Oct  5 19:03:51 UTC 2023
#@# AParc-to-ASeg aparc.DKTatlas Thu Oct  5 19:07:30 UTC 2023
#@# WMParc Thu Oct  5 19:11:08 UTC 2023
#@# Parcellation Stats lh Thu Oct  5 19:17:27 UTC 2023
#@# Parcellation Stats rh Thu Oct  5 19:18:53 UTC 2023
#@# Parcellation Stats 2 lh Thu Oct  5 19:20:18 UTC 2023
#@# Parcellation Stats 2 rh Thu Oct  5 19:21:02 UTC 2023
#@# Parcellation Stats 3 lh Thu Oct  5 19:21:45 UTC 2023
#@# Parcellation Stats 3 rh Thu Oct  5 19:22:28 UTC 2023
#@# ASeg Stats Thu Oct  5 19:23:11 UTC 2023
#@# BA_exvivo Labels lh Thu Oct  5 19:24:46 UTC 2023
#@# BA_exvivo Labels rh Thu Oct  5 19:30:13 UTC 2023
recon-all -s sub-02_ses-006 finished without error at Thu Oct  5 19:35:31 UTC 2023



#New# invocation of recon-all 



status file for recon-all
Sun Oct  8 01:59:01 UTC 2023
#@# T2/FLAIR Input Sun Oct  8 01:59:01 UTC 2023
#@# Sphere lh Sun Oct  8 01:59:06 UTC 2023
#@# Sphere rh Sun Oct  8 02:22:29 UTC 2023
#@# Surf Reg lh Sun Oct  8 02:33:41 UTC 2023
#@# Surf Reg rh Sun Oct  8 02:55:34 UTC 2023
#@# Jacobian white lh Sun Oct  8 03:10:50 UTC 2023
#@# Jacobian white rh Sun Oct  8 03:10:52 UTC 2023
#@# AvgCurv lh Sun Oct  8 03:10:54 UTC 2023
#@# AvgCurv rh Sun Oct  8 03:10:56 UTC 2023
#@# Cortical Parc lh Sun Oct  8 03:10:57 UTC 2023
#@# Cortical Parc rh Sun Oct  8 03:11:20 UTC 2023
#@# Refine Pial Surfs w/ T2/FLAIR Sun Oct  8 03:36:20 UTC 2023
#@# white curv lh Sun Oct  8 07:33:02 UTC 2023
#@# white area lh Sun Oct  8 07:33:06 UTC 2023
#@# pial curv lh Sun Oct  8 07:33:08 UTC 2023
#@# pial area lh Sun Oct  8 07:33:13 UTC 2023
#@# thickness lh Sun Oct  8 07:33:14 UTC 2023
#@# area and vertex vol lh Sun Oct  8 07:34:30 UTC 2023
#@# white curv rh Sun Oct  8 07:34:33 UTC 2023
#@# white area rh Sun Oct  8 07:34:38 UTC 2023
#@# pial curv rh Sun Oct  8 07:34:39 UTC 2023
#@# pial area rh Sun Oct  8 07:34:44 UTC 2023
#@# thickness rh Sun Oct  8 07:34:46 UTC 2023
#@# area and vertex vol rh Sun Oct  8 07:35:59 UTC 2023
#@# Curvature Stats lh Sun Oct  8 07:36:04 UTC 2023
#@# Curvature Stats rh Sun Oct  8 07:36:12 UTC 2023
#@# Cortical ribbon mask Sun Oct  8 07:36:18 UTC 2023
#@# Cortical Parc 2 lh Sun Oct  8 07:58:38 UTC 2023
#@# Cortical Parc 2 rh Sun Oct  8 07:59:11 UTC 2023
#@# Cortical Parc 3 lh Sun Oct  8 07:59:42 UTC 2023
#@# Cortical Parc 3 rh Sun Oct  8 08:00:07 UTC 2023
#@# WM/GM Contrast lh Sun Oct  8 08:00:30 UTC 2023
#@# WM/GM Contrast rh Sun Oct  8 08:00:37 UTC 2023
#@# Relabel Hypointensities Sun Oct  8 08:00:45 UTC 2023
#@# APas-to-ASeg Sun Oct  8 08:01:31 UTC 2023
#@# AParc-to-ASeg aparc Sun Oct  8 08:02:06 UTC 2023
#@# AParc-to-ASeg aparc.a2009s Sun Oct  8 08:05:01 UTC 2023
#@# AParc-to-ASeg aparc.DKTatlas Sun Oct  8 08:07:58 UTC 2023
#@# WMParc Sun Oct  8 08:11:00 UTC 2023
#@# Parcellation Stats lh Sun Oct  8 08:18:53 UTC 2023
#@# Parcellation Stats rh Sun Oct  8 08:20:27 UTC 2023
#@# Parcellation Stats 2 lh Sun Oct  8 08:21:59 UTC 2023
#@# Parcellation Stats 2 rh Sun Oct  8 08:22:48 UTC 2023
#@# Parcellation Stats 3 lh Sun Oct  8 08:23:36 UTC 2023
#@# Parcellation Stats 3 rh Sun Oct  8 08:24:24 UTC 2023
#@# ASeg Stats Sun Oct  8 08:25:10 UTC 2023
#@# BA_exvivo Labels lh Sun Oct  8 08:27:16 UTC 2023
#@# BA_exvivo Labels rh Sun Oct  8 08:34:14 UTC 2023
recon-all -s sub-02_ses-006 finished without error at Sun Oct  8 08:41:04 UTC 2023
