status file for recon-all
Fri Oct 13 06:39:13 UTC 2023
#@# MotionCor Fri Oct 13 06:39:52 UTC 2023
#@# Talairach Fri Oct 13 06:39:52 UTC 2023
#@# Talairach Failure Detection Fri Oct 13 06:39:55 UTC 2023
#@# Nu Intensity Correction Fri Oct 13 06:39:55 UTC 2023
#@# Intensity Normalization Fri Oct 13 06:49:26 UTC 2023
#@# Skull Stripping Fri Oct 13 07:04:45 UTC 2023
#@# EM Registration Fri Oct 13 07:04:51 UTC 2023
#@# CA Normalize Fri Oct 13 07:04:51 UTC 2023
#@# CA Reg Fri Oct 13 07:08:56 UTC 2023
#@# SubCort Seg Fri Oct 13 07:32:41 UTC 2023
#@# CC Seg Fri Oct 13 07:44:36 UTC 2023
#@# Merge ASeg Fri Oct 13 07:57:36 UTC 2023
#@# Intensity Normalization2 Fri Oct 13 07:57:36 UTC 2023
#@# Mask BFS Fri Oct 13 08:05:02 UTC 2023
#@# WM Segmentation Fri Oct 13 08:05:09 UTC 2023
#@# Smooth2 lh Fri Oct 13 08:24:33 UTC 2023
#@# Smooth2 rh Fri Oct 13 08:24:40 UTC 2023
#@# Inflation2 lh Fri Oct 13 08:24:46 UTC 2023
#@# Inflation2 rh Fri Oct 13 08:25:14 UTC 2023
#@# Curv .H and .K lh Fri Oct 13 08:25:43 UTC 2023
#@# Curv .H and .K rh Fri Oct 13 08:27:29 UTC 2023
#@# Sphere lh Fri Oct 13 08:29:15 UTC 2023
#@# Sphere rh Fri Oct 13 08:29:15 UTC 2023
#@# Surf Reg lh Fri Oct 13 08:29:15 UTC 2023
#@# Surf Reg rh Fri Oct 13 08:32:59 UTC 2023
#@# Jacobian white lh Fri Oct 13 08:36:53 UTC 2023
#@# Jacobian white rh Fri Oct 13 08:36:55 UTC 2023
#@# AvgCurv lh Fri Oct 13 08:36:57 UTC 2023
#@# AvgCurv rh Fri Oct 13 08:36:58 UTC 2023
#@# Cortical Parc lh Fri Oct 13 08:37:00 UTC 2023
#@# Cortical Parc rh Fri Oct 13 08:37:18 UTC 2023
#@# white curv lh Fri Oct 13 08:55:24 UTC 2023
#@# white area lh Fri Oct 13 08:55:28 UTC 2023
#@# pial curv lh Fri Oct 13 08:55:30 UTC 2023
#@# pial area lh Fri Oct 13 08:55:34 UTC 2023
#@# thickness lh Fri Oct 13 08:55:35 UTC 2023
#@# area and vertex vol lh Fri Oct 13 08:56:45 UTC 2023
#@# white curv rh Fri Oct 13 08:56:49 UTC 2023
#@# white area rh Fri Oct 13 08:56:53 UTC 2023
#@# pial curv rh Fri Oct 13 08:56:54 UTC 2023
#@# pial area rh Fri Oct 13 08:56:58 UTC 2023
#@# thickness rh Fri Oct 13 08:57:00 UTC 2023
#@# area and vertex vol rh Fri Oct 13 08:58:11 UTC 2023
#@# Curvature Stats lh Fri Oct 13 08:58:15 UTC 2023
#@# Curvature Stats rh Fri Oct 13 08:58:21 UTC 2023
#@# Cortical ribbon mask Fri Oct 13 08:58:26 UTC 2023
#@# Cortical Parc 2 lh Fri Oct 13 09:24:35 UTC 2023
#@# Cortical Parc 2 rh Fri Oct 13 09:24:58 UTC 2023
#@# Cortical Parc 3 lh Fri Oct 13 09:25:22 UTC 2023
#@# Cortical Parc 3 rh Fri Oct 13 09:25:42 UTC 2023
#@# WM/GM Contrast lh Fri Oct 13 09:26:02 UTC 2023
#@# WM/GM Contrast rh Fri Oct 13 09:26:10 UTC 2023
#@# Relabel Hypointensities Fri Oct 13 09:26:19 UTC 2023
#@# APas-to-ASeg Fri Oct 13 09:27:02 UTC 2023
#@# AParc-to-ASeg aparc Fri Oct 13 09:27:37 UTC 2023
#@# AParc-to-ASeg aparc.a2009s Fri Oct 13 09:32:33 UTC 2023
#@# AParc-to-ASeg aparc.DKTatlas Fri Oct 13 09:37:25 UTC 2023
#@# WMParc Fri Oct 13 09:42:18 UTC 2023
#@# Parcellation Stats lh Fri Oct 13 09:49:43 UTC 2023
#@# Parcellation Stats rh Fri Oct 13 09:51:07 UTC 2023
#@# Parcellation Stats 2 lh Fri Oct 13 09:52:36 UTC 2023
#@# Parcellation Stats 2 rh Fri Oct 13 09:53:24 UTC 2023
#@# Parcellation Stats 3 lh Fri Oct 13 09:54:14 UTC 2023
#@# Parcellation Stats 3 rh Fri Oct 13 09:54:59 UTC 2023
#@# ASeg Stats Fri Oct 13 09:55:45 UTC 2023
#@# BA_exvivo Labels lh Fri Oct 13 09:57:36 UTC 2023
#@# BA_exvivo Labels rh Fri Oct 13 10:04:12 UTC 2023
recon-all -s sub-05_ses-003.long.sub-05 finished without error at Fri Oct 13 10:10:40 UTC 2023
