status file for recon-all
Fri Oct 13 14:33:04 UTC 2023
#@# MotionCor Fri Oct 13 14:33:45 UTC 2023
#@# Talairach Fri Oct 13 14:33:45 UTC 2023
#@# Talairach Failure Detection Fri Oct 13 14:33:47 UTC 2023
#@# Nu Intensity Correction Fri Oct 13 14:33:47 UTC 2023
#@# Intensity Normalization Fri Oct 13 14:43:18 UTC 2023
#@# Skull Stripping Fri Oct 13 14:58:47 UTC 2023
#@# EM Registration Fri Oct 13 14:58:53 UTC 2023
#@# CA Normalize Fri Oct 13 14:58:53 UTC 2023
#@# CA Reg Fri Oct 13 15:02:58 UTC 2023
#@# SubCort Seg Fri Oct 13 15:24:42 UTC 2023
#@# CC Seg Fri Oct 13 15:36:42 UTC 2023
#@# Merge ASeg Fri Oct 13 15:38:23 UTC 2023
#@# Intensity Normalization2 Fri Oct 13 15:38:23 UTC 2023
#@# Mask BFS Fri Oct 13 15:45:08 UTC 2023
#@# WM Segmentation Fri Oct 13 15:45:15 UTC 2023
#@# Smooth2 lh Fri Oct 13 16:05:17 UTC 2023
#@# Smooth2 rh Fri Oct 13 16:05:23 UTC 2023
#@# Inflation2 lh Fri Oct 13 16:05:30 UTC 2023
#@# Inflation2 rh Fri Oct 13 16:05:55 UTC 2023
#@# Curv .H and .K lh Fri Oct 13 16:06:21 UTC 2023
#@# Curv .H and .K rh Fri Oct 13 16:08:10 UTC 2023
#@# Sphere lh Fri Oct 13 16:09:58 UTC 2023
#@# Sphere rh Fri Oct 13 16:09:58 UTC 2023
#@# Surf Reg lh Fri Oct 13 16:09:58 UTC 2023
#@# Surf Reg rh Fri Oct 13 16:13:58 UTC 2023
#@# Jacobian white lh Fri Oct 13 16:17:45 UTC 2023
#@# Jacobian white rh Fri Oct 13 16:17:46 UTC 2023
#@# AvgCurv lh Fri Oct 13 16:17:48 UTC 2023
#@# AvgCurv rh Fri Oct 13 16:17:49 UTC 2023
#@# Cortical Parc lh Fri Oct 13 16:17:51 UTC 2023
#@# Cortical Parc rh Fri Oct 13 16:18:09 UTC 2023
#@# white curv lh Fri Oct 13 16:37:17 UTC 2023
#@# white area lh Fri Oct 13 16:37:20 UTC 2023
#@# pial curv lh Fri Oct 13 16:37:22 UTC 2023
#@# pial area lh Fri Oct 13 16:37:25 UTC 2023
#@# thickness lh Fri Oct 13 16:37:27 UTC 2023
#@# area and vertex vol lh Fri Oct 13 16:38:36 UTC 2023
#@# white curv rh Fri Oct 13 16:38:39 UTC 2023
#@# white area rh Fri Oct 13 16:38:43 UTC 2023
#@# pial curv rh Fri Oct 13 16:38:44 UTC 2023
#@# pial area rh Fri Oct 13 16:38:48 UTC 2023
#@# thickness rh Fri Oct 13 16:38:50 UTC 2023
#@# area and vertex vol rh Fri Oct 13 16:39:57 UTC 2023
#@# Curvature Stats lh Fri Oct 13 16:40:01 UTC 2023
#@# Curvature Stats rh Fri Oct 13 16:40:06 UTC 2023
#@# Cortical ribbon mask Fri Oct 13 16:40:12 UTC 2023
#@# Cortical Parc 2 lh Fri Oct 13 17:05:17 UTC 2023
#@# Cortical Parc 2 rh Fri Oct 13 17:05:41 UTC 2023
#@# Cortical Parc 3 lh Fri Oct 13 17:06:03 UTC 2023
#@# Cortical Parc 3 rh Fri Oct 13 17:06:23 UTC 2023
#@# WM/GM Contrast lh Fri Oct 13 17:06:42 UTC 2023
#@# WM/GM Contrast rh Fri Oct 13 17:06:50 UTC 2023
#@# Relabel Hypointensities Fri Oct 13 17:06:58 UTC 2023
#@# APas-to-ASeg Fri Oct 13 17:07:38 UTC 2023
#@# AParc-to-ASeg aparc Fri Oct 13 17:08:09 UTC 2023
#@# AParc-to-ASeg aparc.a2009s Fri Oct 13 17:12:19 UTC 2023
#@# AParc-to-ASeg aparc.DKTatlas Fri Oct 13 17:16:29 UTC 2023
#@# WMParc Fri Oct 13 17:20:42 UTC 2023
#@# Parcellation Stats lh Fri Oct 13 17:27:51 UTC 2023
#@# Parcellation Stats rh Fri Oct 13 17:29:18 UTC 2023
#@# Parcellation Stats 2 lh Fri Oct 13 17:30:45 UTC 2023
#@# Parcellation Stats 2 rh Fri Oct 13 17:31:30 UTC 2023
#@# Parcellation Stats 3 lh Fri Oct 13 17:32:14 UTC 2023
#@# Parcellation Stats 3 rh Fri Oct 13 17:32:58 UTC 2023
#@# ASeg Stats Fri Oct 13 17:33:41 UTC 2023
#@# BA_exvivo Labels lh Fri Oct 13 17:35:22 UTC 2023
#@# BA_exvivo Labels rh Fri Oct 13 17:41:21 UTC 2023
recon-all -s sub-02_ses-006.long.sub-02 finished without error at Fri Oct 13 17:47:13 UTC 2023
