/localscratch/bpinsard.41394475.0/freesurfer_crosssectional_autorecon1smriprep_skullstripautorecon2autorecon3_sub05_ses002.job/sub-05_ses-002/mri
/opt/freesurfer/bin/talairach_avi
--i orig_nu.mgz --xfm transforms/talairach.auto.xfm --atlas 3T18yoSchwartzReactN32_as_orig
talairach_avi 7.4.1
Linux bc12326.int.ets1.calculquebec.ca 3.10.0-1160.99.1.el7.x86_64 #1 SMP Wed Sep 13 14:19:20 UTC 2023 x86_64 x86_64 x86_64 GNU/Linux
Thu Oct  5 12:27:18 UTC 2023
mri_convert orig_nu.mgz talsrcimg.img 
reading from orig_nu.mgz...
TR=0.00, TE=0.00, TI=0.00, flip angle=0.00
i_ras = (-1, 0, 0)
j_ras = (0, 0, -1)
k_ras = (0, 1, 0)
writing to talsrcimg.img...
Analyze Output Matrix
-0.80000   0.00000   0.00000   128.59731;
 0.00000   0.00000   0.80000  -102.86667;
 0.00000  -0.80000   0.00000   114.89365;
 0.00000   0.00000   0.00000   1.00000;
--------------------
INFO: set hdr.hist.orient to -1
mpr2mni305 talsrcimg
Thu Oct  5 12:27:19 UTC 2023
/opt/freesurfer/bin/mpr2mni305 talsrcimg
mpr2mni305 7.4.1
target=3T18yoSchwartzReactN32_as_orig

---------------------------------------------------------------------
analyzeto4dfp talsrcimg -O0 -y
---------------------------------------------------------------------

freesurfer ifh2hdr.c
Thu Oct  5 12:27:19 2023
Writing: talsrcimg.4dfp.hdr
freesurfer analyzeto4dfp.c
Reading: talsrcimg.hdr
header size 348 bytes
hdr.dime.datatype	offset=70	value=2
hdr.dime.bitpix		offset=72	value=8
hdr.hist.orient		offset=252	value=-1
dimensionality     4
dimensions       320       320       320         1
Reading: talsrcimg.img
Writing: talsrcimg.4dfp.img
Writing: talsrcimg.4dfp.ifh
ifh2hdr talsrcimg -r0to208
ori=2

---------------------------------------------------------------------
gauss_4dfp talsrcimg 1.1
---------------------------------------------------------------------

freesurfer gauss_4dfp.c
Reading: talsrcimg.4dfp.img
Writing: talsrcimg_g11.4dfp.img
image dimensions 320 320 320 padded to 384 384 384
processing volume 1freesurfer ifh2hdr.c
Thu Oct  5 12:27:35 2023
Writing: talsrcimg_g11.4dfp.hdr

Writing: talsrcimg_g11.4dfp.ifh
including: talsrcimg.4dfp.img.rec in talsrcimg_g11.4dfp.img.rec

---------------------------------------------------------------------
imgreg_4dfp /opt/freesurfer/average/3T18yoSchwartzReactN32_as_orig none talsrcimg_g11 none talsrcimg_to_3T18yoSchwartzReactN32_as_orig_t4 4355
---------------------------------------------------------------------

freesurfer imgreg_4dfp.c
/opt/freesurfer/average/3T18yoSchwartzReactN32_as_orig.4dfp.img
       256       256       256         1
  1.000000  1.000000  1.000000
orientation T byte_order littleendian
Reading image: /opt/freesurfer/average/3T18yoSchwartzReactN32_as_orig.4dfp.img
dimensions:      256       256       256
mmppix:       1.0000   -1.0000   -1.0000
center:     128.0000 -129.0000 -129.0000
talsrcimg_g11.4dfp.img
       320       320       320         1
  0.799995  0.799995  0.799995
orientation T byte_order littleendian
Reading image: talsrcimg_g11.4dfp.img
dimensions:      320       320       320
mmppix:       0.8000   -0.8000   -0.8000
center:     127.9992 -128.7992 -128.7992
t4_read: open error in t4_sub.f l:  46 t4_file(1:l)talsrcimg_to_3T18yoSchwartzReactN32_as_orig_t4 
t4_read: transform initialized to I4
rotation matrix determinant  1.000000
image alignment mode   4355 decimal     1103 hex
   -7.5000  -45.0000  -45.0000 9155.0029   27.4065
    0.0000  -45.0000  -45.0000 9539.0059   27.4145
    7.5000  -45.0000  -45.0000 9079.8057   27.3870
   -7.5000  -37.5000  -45.0000 9284.4248   28.5675
    0.0000  -37.5000  -45.0000 9667.1289   28.5751
    7.5000  -37.5000  -45.0000 9184.9326   28.5401
   -7.5000  -30.0000  -45.0000 9843.5352   28.9267
    0.0000  -30.0000  -45.000010236.1064   28.9364
    7.5000  -30.0000  -45.0000 9680.0713   28.9040
   -7.5000  -22.5000  -45.000010361.4502   29.2197
    0.0000  -22.5000  -45.000010777.9824   29.2469
    7.5000  -22.5000  -45.000010147.8115   29.2340
   -7.5000  -15.0000  -45.000010899.9639   29.7373
    0.0000  -15.0000  -45.000011327.9053   29.7745
    7.5000  -15.0000  -45.000010640.2871   29.7743
   -7.5000   -7.5000  -45.000011461.4082   30.4181
    0.0000   -7.5000  -45.000011917.9854   30.4439
    7.5000   -7.5000  -45.000011183.6709   30.4361
   -7.5000    0.0000  -45.000012148.2285   31.3532
    0.0000    0.0000  -45.000012622.7793   31.3609
    7.5000    0.0000  -45.000011842.4082   31.3341
   -7.5000    7.5000  -45.000012037.7422   33.2119
    0.0000    7.5000  -45.000012494.9043   33.2132
    7.5000    7.5000  -45.000011718.3555   33.1710
   -7.5000   15.0000  -45.000012073.5361   35.4790
    0.0000   15.0000  -45.000012523.1152   35.4901
    7.5000   15.0000  -45.000011757.5469   35.4673
   -7.5000   22.5000  -45.000011852.8066   37.5065
    0.0000   22.5000  -45.000012302.7119   37.5518
    7.5000   22.5000  -45.000011552.9277   37.5864
   -7.5000   30.0000  -45.000011516.8457   39.0821
    0.0000   30.0000  -45.000011934.6553   39.1468
    7.5000   30.0000  -45.000011209.3486   39.2095
   -7.5000   37.5000  -45.000011536.5410   40.8646
    0.0000   37.5000  -45.000011938.4092   40.9151
    7.5000   37.5000  -45.000011212.1221   40.9704
   -7.5000   45.0000  -45.000011069.8467   42.3496
    0.0000   45.0000  -45.000011469.3848   42.3758
    7.5000   45.0000  -45.000010773.9395   42.3939
   -7.5000  -45.0000  -37.5000 9509.4961   27.4285
    0.0000  -45.0000  -37.5000 9899.7500   27.4353
    7.5000  -45.0000  -37.5000 9420.2725   27.4096
   -7.5000  -37.5000  -37.5000 9643.6875   28.5765
    0.0000  -37.5000  -37.500010039.7510   28.5815
    7.5000  -37.5000  -37.5000 9547.6523   28.5474
   -7.5000  -30.0000  -37.500010231.4756   28.9355
    0.0000  -30.0000  -37.500010653.9951   28.9444
    7.5000  -30.0000  -37.500010084.6016   28.9136
   -7.5000  -22.5000  -37.500010795.7178   29.2357
    0.0000  -22.5000  -37.500011238.1143   29.2625
    7.5000  -22.5000  -37.500010585.5723   29.2498
   -7.5000  -15.0000  -37.500011369.7812   29.7617
    0.0000  -15.0000  -37.500011835.7930   29.7969
    7.5000  -15.0000  -37.500011129.8418   29.7956
   -7.5000   -7.5000  -37.500012001.0049   30.4482
    0.0000   -7.5000  -37.500012489.2500   30.4704
    7.5000   -7.5000  -37.500011720.1328   30.4614
   -7.5000    0.0000  -37.500012757.9648   31.3824
    0.0000    0.0000  -37.500013264.2666   31.3872
    7.5000    0.0000  -37.500012443.2422   31.3614
   -7.5000    7.5000  -37.500012673.2324   33.2259
    0.0000    7.5000  -37.500013156.7852   33.2246
    7.5000    7.5000  -37.500012324.8945   33.1836
   -7.5000   15.0000  -37.500012737.2734   35.4756
    0.0000   15.0000  -37.500013222.9922   35.4844
    7.5000   15.0000  -37.500012378.1494   35.4674
   -7.5000   22.5000  -37.500012534.1787   37.5051
    0.0000   22.5000  -37.500013006.0459   37.5439
    7.5000   22.5000  -37.500012180.2705   37.5756
   -7.5000   30.0000  -37.500012186.3047   39.0950
    0.0000   30.0000  -37.500012624.9482   39.1469
    7.5000   30.0000  -37.500011830.0508   39.1979
   -7.5000   37.5000  -37.500012229.6719   40.8970
    0.0000   37.5000  -37.500012663.4512   40.9366
    7.5000   37.5000  -37.500011863.1729   40.9803
   -7.5000   45.0000  -37.500011766.1768   42.3683
    0.0000   45.0000  -37.500012197.5352   42.3877
    7.5000   45.0000  -37.500011405.0938   42.4082
   -7.5000  -45.0000  -30.000010026.0381   28.4785
    0.0000  -45.0000  -30.000010422.7324   28.4794
    7.5000  -45.0000  -30.0000 9906.4863   28.4574
   -7.5000  -37.5000  -30.000010189.9854   29.6762
    0.0000  -37.5000  -30.000010605.0840   29.6686
    7.5000  -37.5000  -30.000010072.4150   29.6347
   -7.5000  -30.0000  -30.000010810.7744   30.0863
    0.0000  -30.0000  -30.000011250.7646   30.0793
    7.5000  -30.0000  -30.000010653.6211   30.0462
   -7.5000  -22.5000  -30.000011396.3672   30.4245
    0.0000  -22.5000  -30.000011855.2471   30.4373
    7.5000  -22.5000  -30.000011196.5518   30.4215
   -7.5000  -15.0000  -30.000012014.4346   30.9906
    0.0000  -15.0000  -30.000012496.8008   31.0163
    7.5000  -15.0000  -30.000011774.3691   31.0141
   -7.5000   -7.5000  -30.000012698.0088   31.7264
    0.0000   -7.5000  -30.000013208.8965   31.7428
    7.5000   -7.5000  -30.000012419.9883   31.7360
   -7.5000    0.0000  -30.000013530.7979   32.7417
    0.0000    0.0000  -30.000014077.7051   32.7393
    7.5000    0.0000  -30.000013212.6484   32.7167
   -7.5000    7.5000  -30.000013480.1670   34.6739
    0.0000    7.5000  -30.000014008.0732   34.6585
    7.5000    7.5000  -30.000013112.7051   34.6186
   -7.5000   15.0000  -30.000013592.6367   37.0413
    0.0000   15.0000  -30.000014116.2969   37.0292
    7.5000   15.0000  -30.000013189.4297   37.0179
   -7.5000   22.5000  -30.000013400.0674   39.1777
    0.0000   22.5000  -30.000013920.5059   39.1923
    7.5000   22.5000  -30.000012999.8691   39.2225
   -7.5000   30.0000  -30.000013045.6514   40.8153
    0.0000   30.0000  -30.000013540.8896   40.8503
    7.5000   30.0000  -30.000012636.7734   40.9007
   -7.5000   37.5000  -30.000013137.5488   42.6936
    0.0000   37.5000  -30.000013635.2588   42.7251
    7.5000   37.5000  -30.000012710.2139   42.7745
   -7.5000   45.0000  -30.000012635.0635   44.2513
    0.0000   45.0000  -30.000013124.4258   44.2613
    7.5000   45.0000  -30.000012237.8076   44.2962
   -7.5000  -45.0000  -22.500010515.1465   29.2673
    0.0000  -45.0000  -22.500010927.4053   29.2638
    7.5000  -45.0000  -22.500010381.1094   29.2468
   -7.5000  -37.5000  -22.500010712.9229   30.5199
    0.0000  -37.5000  -22.500011129.6660   30.5031
    7.5000  -37.5000  -22.500010579.2520   30.4713
   -7.5000  -30.0000  -22.500011366.8281   30.9713
    0.0000  -30.0000  -22.500011814.9268   30.9503
    7.5000  -30.0000  -22.500011203.6631   30.9156
   -7.5000  -22.5000  -22.500011992.4746   31.3316
    0.0000  -22.5000  -22.500012456.7363   31.3320
    7.5000  -22.5000  -22.500011786.4404   31.3163
   -7.5000  -15.0000  -22.500012660.7559   31.9169
    0.0000  -15.0000  -22.500013158.1123   31.9360
    7.5000  -15.0000  -22.500012420.0635   31.9377
   -7.5000   -7.5000  -22.500013411.6602   32.6869
    0.0000   -7.5000  -22.500013939.8193   32.7008
    7.5000   -7.5000  -22.500013131.1816   32.7010
   -7.5000    0.0000  -22.500014319.8350   33.7715
    0.0000    0.0000  -22.500014884.8506   33.7651
    7.5000    0.0000  -22.500013987.3408   33.7483
   -7.5000    7.5000  -22.500014297.7793   35.7916
    0.0000    7.5000  -22.500014853.4248   35.7658
    7.5000    7.5000  -22.500013912.4639   35.7289
   -7.5000   15.0000  -22.500014451.3057   38.2753
    0.0000   15.0000  -22.500015009.2188   38.2461
    7.5000   15.0000  -22.500014015.1074   38.2375
   -7.5000   22.5000  -22.500014278.6133   40.4992
    0.0000   22.5000  -22.500014844.1865   40.4965
    7.5000   22.5000  -22.500013848.5996   40.5325
   -7.5000   30.0000  -22.500013941.9814   42.1523
    0.0000   30.0000  -22.500014494.3877   42.1826
    7.5000   30.0000  -22.500013490.8389   42.2489
   -7.5000   37.5000  -22.500014063.1953   44.0644
    0.0000   37.5000  -22.500014612.7334   44.0987
    7.5000   37.5000  -22.500013597.1025   44.1714
   -7.5000   45.0000  -22.500013518.4062   45.7043
    0.0000   45.0000  -22.500014054.3643   45.7137
    7.5000   45.0000  -22.500013102.0645   45.7654
   -7.5000  -45.0000  -15.000010955.9834   29.8037
    0.0000  -45.0000  -15.000011400.4482   29.8000
    7.5000  -45.0000  -15.000010827.6621   29.7798
   -7.5000  -37.5000  -15.000011168.3311   31.0935
    0.0000  -37.5000  -15.000011605.3418   31.0789
    7.5000  -37.5000  -15.000011040.4004   31.0434
   -7.5000  -30.0000  -15.000011873.6621   31.5635
    0.0000  -30.0000  -15.000012336.1504   31.5428
    7.5000  -30.0000  -15.000011715.6953   31.5040
   -7.5000  -22.5000  -15.000012551.5068   31.9372
    0.0000  -22.5000  -15.000013038.2529   31.9382
    7.5000  -22.5000  -15.000012363.6309   31.9223
   -7.5000  -15.0000  -15.000013287.3398   32.5411
    0.0000  -15.0000  -15.000013806.6758   32.5623
    7.5000  -15.0000  -15.000013064.8691   32.5663
   -7.5000   -7.5000  -15.000014095.9033   33.3424
    0.0000   -7.5000  -15.000014649.3359   33.3589
    7.5000   -7.5000  -15.000013827.5586   33.3608
   -7.5000    0.0000  -15.000015087.2080   34.4759
    0.0000    0.0000  -15.000015672.0342   34.4713
    7.5000    0.0000  -15.000014759.9902   34.4522
   -7.5000    7.5000  -15.000015122.8857   36.5537
    0.0000    7.5000  -15.000015702.5342   36.5299
    7.5000    7.5000  -15.000014737.3652   36.4886
   -7.5000   15.0000  -15.000015314.7852   39.1099
    0.0000   15.0000  -15.000015909.3799   39.0831
    7.5000   15.0000  -15.000014875.4551   39.0658
   -7.5000   22.5000  -15.000015157.8193   41.3813
    0.0000   22.5000  -15.000015762.2988   41.3850
    7.5000   22.5000  -15.000014747.2607   41.4247
   -7.5000   30.0000  -15.000014830.7070   43.0521
    0.0000   30.0000  -15.000015428.4365   43.0941
    7.5000   30.0000  -15.000014395.6045   43.1755
   -7.5000   37.5000  -15.000014964.9326   44.9805
    0.0000   37.5000  -15.000015566.8857   45.0241
    7.5000   37.5000  -15.000014532.4746   45.1120
   -7.5000   45.0000  -15.000014381.9707   46.6692
    0.0000   45.0000  -15.000014975.3066   46.6849
    7.5000   45.0000  -15.000014003.2109   46.7349
   -7.5000  -45.0000   -7.500011281.0918   30.1185
    0.0000  -45.0000   -7.500011755.1680   30.1209
    7.5000  -45.0000   -7.500011178.9707   30.0929
   -7.5000  -37.5000   -7.500011526.3018   31.4157
    0.0000  -37.5000   -7.500012004.0547   31.4131
    7.5000  -37.5000   -7.500011421.6211   31.3732
   -7.5000  -30.0000   -7.500012266.3154   31.8878
    0.0000  -30.0000   -7.500012763.0518   31.8823
    7.5000  -30.0000   -7.500012129.5498   31.8421
   -7.5000  -22.5000   -7.500012989.5459   32.2772
    0.0000  -22.5000   -7.500013514.8496   32.2919
    7.5000  -22.5000   -7.500012829.0107   32.2754
   -7.5000  -15.0000   -7.500013772.7129   32.9128
    0.0000  -15.0000   -7.500014339.8955   32.9445
    7.5000  -15.0000   -7.500013586.1885   32.9459
   -7.5000   -7.5000   -7.500014635.0518   33.7508
    0.0000   -7.5000   -7.500015229.2227   33.7745
    7.5000   -7.5000   -7.500014407.7480   33.7709
   -7.5000    0.0000   -7.500015714.5771   34.9171
    0.0000    0.0000   -7.500016348.1562   34.9198
    7.5000    0.0000   -7.500015428.3379   34.8929
   -7.5000    7.5000   -7.500015849.7246   37.0096
    0.0000    7.5000   -7.500016483.2949   36.9987
    7.5000    7.5000   -7.500015482.2148   36.9512
   -7.5000   15.0000   -7.500016143.0400   39.5735
    0.0000   15.0000   -7.500016809.0312   39.5667
    7.5000   15.0000   -7.500015732.8643   39.5396
   -7.5000   22.5000   -7.500015986.9385   41.8471
    0.0000   22.5000   -7.500016654.8066   41.8766
    7.5000   22.5000   -7.500015649.6816   41.9155
   -7.5000   30.0000   -7.500015644.6270   43.5565
    0.0000   30.0000   -7.500016282.8662   43.6193
    7.5000   30.0000   -7.500015295.5693   43.7005
   -7.5000   37.5000   -7.500015851.4365   45.5131
    0.0000   37.5000   -7.500016494.4141   45.5677
    7.5000   37.5000   -7.500015473.1064   45.6476
   -7.5000   45.0000   -7.500015278.1680   47.2102
    0.0000   45.0000   -7.500015901.4492   47.2351
    7.5000   45.0000   -7.500014909.0752   47.2668
   -7.5000  -45.0000    0.000011334.7471   30.3726
    0.0000  -45.0000    0.000011820.0693   30.3815
    7.5000  -45.0000    0.000011261.2598   30.3510
   -7.5000  -37.5000    0.000011658.3262   31.6602
    0.0000  -37.5000    0.000012151.2119   31.6687
    7.5000  -37.5000    0.000011585.0508   31.6298
   -7.5000  -30.0000    0.000012420.4238   32.1340
    0.0000  -30.0000    0.000012948.6514   32.1448
    7.5000  -30.0000    0.000012312.2969   32.1088
   -7.5000  -22.5000    0.000013201.3154   32.5469
    0.0000  -22.5000    0.000013763.7871   32.5772
    7.5000  -22.5000    0.000013066.7920   32.5629
   -7.5000  -15.0000    0.000014040.0684   33.2233
    0.0000  -15.0000    0.000014642.6895   33.2649
    7.5000  -15.0000    0.000013885.9590   33.2647
   -7.5000   -7.5000    0.000014973.5186   34.1044
    0.0000   -7.5000    0.000015602.0078   34.1334
    7.5000   -7.5000    0.000014781.0322   34.1246
   -7.5000    0.0000    0.000016139.9287   35.2983
    0.0000    0.0000    0.000016795.7793   35.3070
    7.5000    0.0000    0.000015910.7031   35.2768
   -7.5000    7.5000    0.000016394.7793   37.3872
    0.0000    7.5000    0.000017069.6270   37.3886
    7.5000    7.5000    0.000016100.8916   37.3412
   -7.5000   15.0000    0.000016886.4590   39.9349
    0.0000   15.0000    0.000017639.2188   39.9474
    7.5000   15.0000    0.000016553.0410   39.9218
   -7.5000   22.5000    0.000016863.4570   42.2052
    0.0000   22.5000    0.000017606.3105   42.2561
    7.5000   22.5000    0.000016571.2637   42.2951
   -7.5000   30.0000    0.000016448.8711   43.9687
    0.0000   30.0000    0.000017090.9805   44.0415
    7.5000   30.0000    0.000016155.1934   44.1121
   -7.5000   37.5000    0.000016648.9805   45.9725
    0.0000   37.5000    0.000017309.1055   46.0295
    7.5000   37.5000    0.000016262.2773   46.0916
   -7.5000   45.0000    0.000016104.2832   47.6587
    0.0000   45.0000    0.000016762.7344   47.6883
    7.5000   45.0000    0.000015650.8301   47.7086
   -7.5000  -45.0000    7.500010420.9971   30.3051
    0.0000  -45.0000    7.500010875.0000   30.3126
    7.5000  -45.0000    7.500010384.2021   30.2842
   -7.5000  -37.5000    7.500010833.3340   31.5735
    0.0000  -37.5000    7.500011309.1035   31.5791
    7.5000  -37.5000    7.500010770.1729   31.5414
   -7.5000  -30.0000    7.500011559.0459   32.0499
    0.0000  -30.0000    7.500012051.7217   32.0597
    7.5000  -30.0000    7.500011449.6660   32.0257
   -7.5000  -22.5000    7.500012297.2461   32.4744
    0.0000  -22.5000    7.500012807.8984   32.5042
    7.5000  -22.5000    7.500012169.0107   32.4900
   -7.5000  -15.0000    7.500013136.3271   33.1632
    0.0000  -15.0000    7.500013679.7939   33.2025
    7.5000  -15.0000    7.500012983.4785   33.2010
   -7.5000   -7.5000    7.500014101.2656   34.0528
    0.0000   -7.5000    7.500014674.3164   34.0777
    7.5000   -7.5000    7.500013920.7988   34.0676
   -7.5000    0.0000    7.500015302.7256   35.2458
    0.0000    0.0000    7.500015902.8525   35.2512
    7.5000    0.0000    7.500015062.1680   35.2222
   -7.5000    7.5000    7.500015672.2998   37.3113
    0.0000    7.5000    7.500016307.6182   37.3098
    7.5000    7.5000    7.500015352.4043   37.2638
   -7.5000   15.0000    7.500016324.5498   39.8357
    0.0000   15.0000    7.500017005.0801   39.8455
    7.5000   15.0000    7.500015863.7773   39.8265
   -7.5000   22.5000    7.500016489.8398   42.1066
    0.0000   22.5000    7.500017109.1777   42.1502
    7.5000   22.5000    7.500015929.8867   42.1858
   -7.5000   30.0000    7.500016094.0508   43.8879
    0.0000   30.0000    7.500016641.0352   43.9463
    7.5000   30.0000    7.500015484.7080   44.0035
   -7.5000   37.5000    7.500016142.8262   45.9109
    0.0000   37.5000    7.500016749.8496   45.9553
    7.5000   37.5000    7.500015548.3057   46.0044
   -7.5000   45.0000    7.500015511.3496   47.5818
    0.0000   45.0000    7.500016140.0703   47.6036
    7.5000   45.0000    7.500014977.1533   47.6267
   -7.5000  -45.0000   15.0000 9452.9062   30.2058
    0.0000  -45.0000   15.0000 9866.0029   30.2067
    7.5000  -45.0000   15.0000 9405.2139   30.1834
   -7.5000  -37.5000   15.0000 9897.6289   31.4749
    0.0000  -37.5000   15.000010335.8613   31.4668
    7.5000  -37.5000   15.0000 9833.1787   31.4308
   -7.5000  -30.0000   15.000010573.7236   31.9592
    0.0000  -30.0000   15.000011016.5703   31.9517
    7.5000  -30.0000   15.000010461.3340   31.9165
   -7.5000  -22.5000   15.000011277.1221   32.3805
    0.0000  -22.5000   15.000011740.8174   32.3940
    7.5000  -22.5000   15.000011143.1943   32.3773
   -7.5000  -15.0000   15.000012085.5176   33.0609
    0.0000  -15.0000   15.000012566.7559   33.0882
    7.5000  -15.0000   15.000011904.0059   33.0859
   -7.5000   -7.5000   15.000013021.3203   33.9447
    0.0000   -7.5000   15.000013535.7764   33.9622
    7.5000   -7.5000   15.000012802.2734   33.9549
   -7.5000    0.0000   15.000014175.5898   35.1463
    0.0000    0.0000   15.000014715.5977   35.1436
    7.5000    0.0000   15.000013884.7617   35.1193
   -7.5000    7.5000   15.000014556.9238   37.2173
    0.0000    7.5000   15.000015125.5127   37.2006
    7.5000    7.5000   15.000014214.8555   37.1577
   -7.5000   15.0000   15.000015154.5078   39.7565
    0.0000   15.0000   15.000015760.7041   39.7435
    7.5000   15.0000   15.000014740.4277   39.7314
   -7.5000   22.5000   15.000015284.4736   42.0422
    0.0000   22.5000   15.000015856.4219   42.0578
    7.5000   22.5000   15.000014804.6973   42.0903
   -7.5000   30.0000   15.000014998.5186   43.7959
    0.0000   30.0000   15.000015555.6816   43.8336
    7.5000   30.0000   15.000014472.0498   43.8878
   -7.5000   37.5000   15.000015167.1211   45.8085
    0.0000   37.5000   15.000015788.9336   45.8425
    7.5000   37.5000   15.000014642.2383   45.8955
   -7.5000   45.0000   15.000014591.2168   47.4899
    0.0000   45.0000   15.000015209.1826   47.5007
    7.5000   45.0000   15.000014151.9580   47.5382
   -7.5000  -45.0000   22.5000 8506.5938   30.1601
    0.0000  -45.0000   22.5000 8860.7188   30.1556
    7.5000  -45.0000   22.5000 8443.2627   30.1374
   -7.5000  -37.5000   22.5000 8963.4785   31.4397
    0.0000  -37.5000   22.5000 9347.2773   31.4217
    7.5000  -37.5000   22.5000 8882.4131   31.3886
   -7.5000  -30.0000   22.5000 9559.8447   31.9373
    0.0000  -30.0000   22.5000 9965.2246   31.9149
    7.5000  -30.0000   22.5000 9441.4512   31.8788
   -7.5000  -22.5000   22.500010181.1035   32.3480
    0.0000  -22.5000   22.500010612.4512   32.3476
    7.5000  -22.5000   22.500010047.4131   32.3309
   -7.5000  -15.0000   22.500010882.7207   33.0084
    0.0000  -15.0000   22.500011332.0078   33.0273
    7.5000  -15.0000   22.500010713.7549   33.0284
   -7.5000   -7.5000   22.500011715.1982   33.8792
    0.0000   -7.5000   22.500012182.0098   33.8928
    7.5000   -7.5000   22.500011506.1016   33.8922
   -7.5000    0.0000   22.500012751.3945   35.0874
    0.0000    0.0000   22.500013249.9102   35.0798
    7.5000    0.0000   22.500012497.4688   35.0616
   -7.5000    7.5000   22.500013151.8945   37.1760
    0.0000    7.5000   22.500013669.4346   37.1484
    7.5000    7.5000   22.500012868.6211   37.1097
   -7.5000   15.0000   22.500013748.3262   39.7480
    0.0000   15.0000   22.500014272.1895   39.7170
    7.5000   15.0000   22.500013425.5527   39.7078
   -7.5000   22.5000   22.500013859.0674   42.0486
    0.0000   22.5000   22.500014369.5439   42.0454
    7.5000   22.5000   22.500013503.8096   42.0825
   -7.5000   30.0000   22.500013618.4775   43.7632
    0.0000   30.0000   22.500014154.3564   43.7944
    7.5000   30.0000   22.500013281.6123   43.8630
   -7.5000   37.5000   22.500013818.2109   45.7421
    0.0000   37.5000   22.500014388.4531   45.7775
    7.5000   37.5000   22.500013502.6025   45.8528
   -7.5000   45.0000   22.500013366.4268   47.4501
    0.0000   45.0000   22.500013928.1816   47.4598
    7.5000   45.0000   22.500013091.0908   47.5135
   -7.5000  -45.0000   30.0000 7731.1318   31.0168
    0.0000  -45.0000   30.0000 8089.8286   31.0113
    7.5000  -45.0000   30.0000 7672.0322   30.9884
   -7.5000  -37.5000   30.0000 8126.4175   32.1379
    0.0000  -37.5000   30.0000 8495.6270   32.1212
    7.5000  -37.5000   30.0000 8054.6255   32.0832
   -7.5000  -30.0000   30.0000 8694.3066   32.6761
    0.0000  -30.0000   30.0000 9068.4473   32.6528
    7.5000  -30.0000   30.0000 8576.8496   32.6113
   -7.5000  -22.5000   30.0000 9269.8545   33.1172
    0.0000  -22.5000   30.0000 9652.1309   33.1170
    7.5000  -22.5000   30.0000 9135.5312   33.0995
   -7.5000  -15.0000   30.0000 9930.7998   33.8245
    0.0000  -15.0000   30.000010313.7490   33.8460
    7.5000  -15.0000   30.0000 9769.1006   33.8494
   -7.5000   -7.5000   30.000010710.6494   34.7529
    0.0000   -7.5000   30.000011116.0859   34.7692
    7.5000   -7.5000   30.000010524.5986   34.7702
   -7.5000    0.0000   30.000011661.2920   36.0070
    0.0000    0.0000   30.000012096.6016   36.0004
    7.5000    0.0000   30.000011447.2363   35.9784
   -7.5000    7.5000   30.000011978.4072   37.9565
    0.0000    7.5000   30.000012419.5098   37.9297
    7.5000    7.5000   30.000011756.6846   37.8853
   -7.5000   15.0000   30.000012445.6084   40.4126
    0.0000   15.0000   30.000012885.5205   40.3832
    7.5000   15.0000   30.000012205.1826   40.3647
   -7.5000   22.5000   30.000012539.2002   42.6370
    0.0000   22.5000   30.000012983.2471   42.6406
    7.5000   22.5000   30.000012281.1904   42.6815
   -7.5000   30.0000   30.000012392.9531   44.3717
    0.0000   30.0000   30.000012852.7588   44.4159
    7.5000   30.0000   30.000012131.0117   44.5007
   -7.5000   37.5000   30.000012612.4453   46.3726
    0.0000   37.5000   30.000013088.5791   46.4184
    7.5000   37.5000   30.000012346.5742   46.5097
   -7.5000   45.0000   30.000012239.3555   48.1478
    0.0000   45.0000   30.000012717.9209   48.1647
    7.5000   45.0000   30.000011994.0908   48.2165
   -7.5000  -45.0000   37.5000 7376.6440   32.5744
    0.0000  -45.0000   37.5000 7691.5312   32.5784
    7.5000  -45.0000   37.5000 7303.1431   32.5479
   -7.5000  -37.5000   37.5000 7685.5186   33.4553
    0.0000  -37.5000   37.5000 8000.9189   33.4534
    7.5000  -37.5000   37.5000 7589.6660   33.4082
   -7.5000  -30.0000   37.5000 8263.0801   34.0564
    0.0000  -30.0000   37.5000 8590.5547   34.0516
    7.5000  -30.0000   37.5000 8145.5713   34.0064
   -7.5000  -22.5000   37.5000 8852.5195   34.5671
    0.0000  -22.5000   37.5000 9197.4004   34.5863
    7.5000  -22.5000   37.5000 8721.6514   34.5689
   -7.5000  -15.0000   37.5000 9530.6514   35.3671
    0.0000  -15.0000   37.5000 9892.4727   35.4059
    7.5000  -15.0000   37.5000 9383.5459   35.4101
   -7.5000   -7.5000   37.500010309.9502   36.3881
    0.0000   -7.5000   37.500010697.0547   36.4177
    7.5000   -7.5000   37.500010152.0010   36.4162
   -7.5000    0.0000   37.500011213.1611   37.6983
    0.0000    0.0000   37.500011638.0684   37.7029
    7.5000    0.0000   37.500011038.6367   37.6741
   -7.5000    7.5000   37.500011407.5566   39.4391
    0.0000    7.5000   37.500011846.2148   39.4280
    7.5000    7.5000   37.500011226.9531   39.3742
   -7.5000   15.0000   37.500011702.1465   41.6799
    0.0000   15.0000   37.500012142.1729   41.6750
    7.5000   15.0000   37.500011516.2324   41.6446
   -7.5000   22.5000   37.500011741.2510   43.7571
    0.0000   22.5000   37.500012183.2041   43.7932
    7.5000   22.5000   37.500011549.8506   43.8348
   -7.5000   30.0000   37.500011634.4941   45.4896
    0.0000   30.0000   37.500012071.9502   45.5619
    7.5000   30.0000   37.500011425.9814   45.6498
   -7.5000   37.5000   37.500011860.2129   47.5331
    0.0000   37.5000   37.500012315.5449   47.5974
    7.5000   37.5000   37.500011640.0957   47.6832
   -7.5000   45.0000   37.500011528.9697   49.3573
    0.0000   45.0000   37.500011995.3643   49.3898
    7.5000   45.0000   37.500011324.4443   49.4234
   -7.5000  -45.0000   45.0000 6841.2031   34.8236
    0.0000  -45.0000   45.0000 7116.9482   34.8365
    7.5000  -45.0000   45.0000 6775.9458   34.8145
   -7.5000  -37.5000   45.0000 7042.2734   35.4342
    0.0000  -37.5000   45.0000 7328.6558   35.4450
    7.5000  -37.5000   45.0000 6968.6953   35.4107
   -7.5000  -30.0000   45.0000 7603.1753   36.0798
    0.0000  -30.0000   45.0000 7903.6704   36.0919
    7.5000  -30.0000   45.0000 7517.8799   36.0617
   -7.5000  -22.5000   45.0000 8205.3633   36.6586
    0.0000  -22.5000   45.0000 8519.5225   36.6963
    7.5000  -22.5000   45.0000 8095.4902   36.6950
   -7.5000  -15.0000   45.0000 8880.7422   37.5718
    0.0000  -15.0000   45.0000 9228.8301   37.6261
    7.5000  -15.0000   45.0000 8760.9033   37.6446
   -7.5000   -7.5000   45.0000 9651.1523   38.7198
    0.0000   -7.5000   45.000010040.2412   38.7593
    7.5000   -7.5000   45.0000 9531.6201   38.7676
   -7.5000    0.0000   45.000010503.1650   40.1145
    0.0000    0.0000   45.000010925.7031   40.1271
    7.5000    0.0000   45.000010375.9834   40.1078
   -7.5000    7.5000   45.000010570.8408   41.6552
    0.0000    7.5000   45.000010986.5801   41.6569
    7.5000    7.5000   45.000010420.5342   41.6142
   -7.5000   15.0000   45.000010704.7588   43.7019
    0.0000   15.0000   45.000011124.9775   43.7181
    7.5000   15.0000   45.000010544.5254   43.6977
   -7.5000   22.5000   45.000010693.6133   45.7004
    0.0000   22.5000   45.000011127.9385   45.7640
    7.5000   22.5000   45.000010545.3535   45.8230
   -7.5000   30.0000   45.000010598.1387   47.4675
    0.0000   30.0000   45.000011010.8271   47.5582
    7.5000   30.0000   45.000010429.5029   47.6562
   -7.5000   37.5000   45.000010815.7490   49.5501
    0.0000   37.5000   45.000011236.6162   49.6228
    7.5000   37.5000   45.000010636.7715   49.7097
   -7.5000   45.0000   45.000010549.0479   51.3640
    0.0000   45.0000   45.000010972.8389   51.4054
    7.5000   45.0000   45.000010383.1846   51.4429

---------------------------------------------------------------------
imgreg_4dfp /opt/freesurfer/average/3T18yoSchwartzReactN32_as_orig /opt/freesurfer/average/711-2B_as_mni_average_305_mask talsrcimg_g11 none talsrcimg_to_3T18yoSchwartzReactN32_as_orig_t4 4355
---------------------------------------------------------------------

freesurfer imgreg_4dfp.c
/opt/freesurfer/average/3T18yoSchwartzReactN32_as_orig.4dfp.img
       256       256       256         1
  1.000000  1.000000  1.000000
orientation T byte_order littleendian
Reading image: /opt/freesurfer/average/3T18yoSchwartzReactN32_as_orig.4dfp.img
dimensions:      256       256       256
mmppix:       1.0000   -1.0000   -1.0000
center:     128.0000 -129.0000 -129.0000
/opt/freesurfer/average/711-2B_as_mni_average_305_mask.4dfp.img
       256       256       256         1
  1.000000  1.000000  1.000000
orientation T byte_order littleendian
Reading mask: /opt/freesurfer/average/711-2B_as_mni_average_305_mask.4dfp.img (2306576 pixels)
talsrcimg_g11.4dfp.img
       320       320       320         1
  0.799995  0.799995  0.799995
orientation T byte_order littleendian
Reading image: talsrcimg_g11.4dfp.img
dimensions:      320       320       320
mmppix:       0.8000   -0.8000   -0.8000
center:     127.9992 -128.7992 -128.7992
rotation matrix determinant  1.000000
image alignment mode   4355 decimal     1103 hex
   -7.5000  -30.0000  -45.0000 2176.7832   50.1628
    0.0000  -30.0000  -45.0000 2181.9451   50.2779
    7.5000  -30.0000  -45.0000 2159.2173   50.9126
   -7.5000  -22.5000  -45.0000 2224.5613   50.3922
    0.0000  -22.5000  -45.0000 2229.7634   50.6606
    7.5000  -22.5000  -45.0000 2197.9885   51.1761
   -7.5000  -15.0000  -45.0000 2271.1345   50.2835
    0.0000  -15.0000  -45.0000 2274.7627   50.6185
    7.5000  -15.0000  -45.0000 2238.7974   51.0775
   -7.5000   -7.5000  -45.0000 2313.5002   49.9893
    0.0000   -7.5000  -45.0000 2318.1418   50.2734
    7.5000   -7.5000  -45.0000 2279.5432   50.7315
   -7.5000    0.0000  -45.0000 2353.3257   49.3673
    0.0000    0.0000  -45.0000 2359.0396   49.7365
    7.5000    0.0000  -45.0000 2313.3596   50.2092
   -7.5000    7.5000  -45.0000 2383.1965   48.6619
    0.0000    7.5000  -45.0000 2385.0210   48.9509
    7.5000    7.5000  -45.0000 2340.9421   49.4535
   -7.5000   15.0000  -45.0000 2406.6877   47.8278
    0.0000   15.0000  -45.0000 2403.8704   48.1225
    7.5000   15.0000  -45.0000 2359.5439   48.7194
   -7.5000   22.5000  -45.0000 2419.1504   47.3608
    0.0000   22.5000  -45.0000 2414.2974   47.5460
    7.5000   22.5000  -45.0000 2369.3523   48.3008
   -7.5000   30.0000  -45.0000 2417.9778   47.4859
    0.0000   30.0000  -45.0000 2414.4968   47.6416
    7.5000   30.0000  -45.0000 2366.5813   48.4846
   -7.5000   37.5000  -45.0000 2392.4890   48.0030
    0.0000   37.5000  -45.0000 2383.9084   48.2348
    7.5000   37.5000  -45.0000 2340.4001   49.2440
   -7.5000   45.0000  -45.0000 2355.7458   49.5202
    0.0000   45.0000  -45.0000 2349.2209   49.6376
    7.5000   45.0000  -45.0000 2311.3315   50.7179
   -7.5000   52.5000  -45.0000 2279.2458   51.6584
    0.0000   52.5000  -45.0000 2274.1040   51.7054
    7.5000   52.5000  -45.0000 2236.1484   52.6207
   -7.5000   60.0000  -45.0000 2156.9609   54.3248
    0.0000   60.0000  -45.0000 2149.4514   54.2676
    7.5000   60.0000  -45.0000 2118.3809   55.2252
   -7.5000  -30.0000  -37.5000 2264.0471   47.2988
    0.0000  -30.0000  -37.5000 2269.9622   47.4223
    7.5000  -30.0000  -37.5000 2239.6833   47.9128
   -7.5000  -22.5000  -37.5000 2313.8564   47.5549
    0.0000  -22.5000  -37.5000 2320.5022   47.7612
    7.5000  -22.5000  -37.5000 2286.3606   48.2408
   -7.5000  -15.0000  -37.5000 2361.7363   47.4364
    0.0000  -15.0000  -37.5000 2366.5090   47.6354
    7.5000  -15.0000  -37.5000 2335.2417   48.2213
   -7.5000   -7.5000  -37.5000 2406.4631   47.0091
    0.0000   -7.5000  -37.5000 2412.8293   47.2521
    7.5000   -7.5000  -37.5000 2374.1582   47.7432
   -7.5000    0.0000  -37.5000 2440.1855   46.3144
    0.0000    0.0000  -37.5000 2447.1768   46.5550
    7.5000    0.0000  -37.5000 2405.1738   47.0279
   -7.5000    7.5000  -37.5000 2474.8005   45.4795
    0.0000    7.5000  -37.5000 2477.4268   45.7367
    7.5000    7.5000  -37.5000 2435.9175   46.3376
   -7.5000   15.0000  -37.5000 2500.6970   44.7274
    0.0000   15.0000  -37.5000 2504.5076   45.0914
    7.5000   15.0000  -37.5000 2456.6931   45.6767
   -7.5000   22.5000  -37.5000 2515.4834   44.1969
    0.0000   22.5000  -37.5000 2509.2859   44.4667
    7.5000   22.5000  -37.5000 2463.8413   45.0999
   -7.5000   30.0000  -37.5000 2515.8667   44.2610
    0.0000   30.0000  -37.5000 2511.1108   44.5558
    7.5000   30.0000  -37.5000 2464.3745   45.3126
   -7.5000   37.5000  -37.5000 2495.8662   44.7778
    0.0000   37.5000  -37.5000 2488.4150   45.0670
    7.5000   37.5000  -37.5000 2443.2483   45.9599
   -7.5000   45.0000  -37.5000 2469.8091   46.2230
    0.0000   45.0000  -37.5000 2463.9082   46.3768
    7.5000   45.0000  -37.5000 2415.5295   47.2923
   -7.5000   52.5000  -37.5000 2394.7607   48.1271
    0.0000   52.5000  -37.5000 2389.2136   48.2421
    7.5000   52.5000  -37.5000 2341.2058   49.0355
   -7.5000   60.0000  -37.5000 2266.2178   50.5302
    0.0000   60.0000  -37.5000 2262.8167   50.5160
    7.5000   60.0000  -37.5000 2221.0876   51.4134
   -7.5000  -30.0000  -30.0000 2374.8525   46.1454
    0.0000  -30.0000  -30.0000 2383.4360   46.2302
    7.5000  -30.0000  -30.0000 2354.0771   46.9833
   -7.5000  -22.5000  -30.0000 2428.2991   46.3684
    0.0000  -22.5000  -30.0000 2433.7947   46.4470
    7.5000  -22.5000  -30.0000 2405.9355   47.2121
   -7.5000  -15.0000  -30.0000 2479.6938   46.0924
    0.0000  -15.0000  -30.0000 2481.5876   46.2222
    7.5000  -15.0000  -30.0000 2451.7766   46.9977
   -7.5000   -7.5000  -30.0000 2529.8240   45.6318
    0.0000   -7.5000  -30.0000 2527.5959   45.6916
    7.5000   -7.5000  -30.0000 2493.8123   46.4361
   -7.5000    0.0000  -30.0000 2568.3999   44.9367
    0.0000    0.0000  -30.0000 2571.2183   45.0495
    7.5000    0.0000  -30.0000 2532.1450   45.6535
   -7.5000    7.5000  -30.0000 2599.7593   43.9958
    0.0000    7.5000  -30.0000 2601.0427   44.1385
    7.5000    7.5000  -30.0000 2557.6191   44.8120
   -7.5000   15.0000  -30.0000 2629.6382   43.1478
    0.0000   15.0000  -30.0000 2631.9368   43.4111
    7.5000   15.0000  -30.0000 2581.8904   44.0573
   -7.5000   22.5000  -30.0000 2642.9729   42.5617
    0.0000   22.5000  -30.0000 2642.7266   42.9140
    7.5000   22.5000  -30.0000 2592.2822   43.5143
   -7.5000   30.0000  -30.0000 2649.1172   42.5024
    0.0000   30.0000  -30.0000 2650.1282   42.9095
    7.5000   30.0000  -30.0000 2595.4946   43.5904
   -7.5000   37.5000  -30.0000 2643.9929   43.0681
    0.0000   37.5000  -30.0000 2643.9236   43.4306
    7.5000   37.5000  -30.0000 2585.5264   44.1893
   -7.5000   45.0000  -30.0000 2620.3174   44.4751
    0.0000   45.0000  -30.0000 2619.7371   44.6861
    7.5000   45.0000  -30.0000 2565.2708   45.5655
   -7.5000   52.5000  -30.0000 2537.9048   46.3055
    0.0000   52.5000  -30.0000 2537.9260   46.4308
    7.5000   52.5000  -30.0000 2488.2163   47.2702
   -7.5000   60.0000  -30.0000 2409.8157   48.6724
    0.0000   60.0000  -30.0000 2409.0862   48.6279
    7.5000   60.0000  -30.0000 2360.3979   49.6134
   -7.5000  -30.0000  -22.5000 2435.9163   44.9521
    0.0000  -30.0000  -22.5000 2443.1995   44.8738
    7.5000  -30.0000  -22.5000 2429.0896   46.0659
   -7.5000  -22.5000  -22.5000 2494.0876   45.0526
    0.0000  -22.5000  -22.5000 2496.6733   44.9810
    7.5000  -22.5000  -22.5000 2480.4604   46.1532
   -7.5000  -15.0000  -22.5000 2548.0034   44.6660
    0.0000  -15.0000  -22.5000 2549.6436   44.6273
    7.5000  -15.0000  -22.5000 2528.3643   45.7179
   -7.5000   -7.5000  -22.5000 2596.4092   43.8940
    0.0000   -7.5000  -22.5000 2598.7859   43.9889
    7.5000   -7.5000  -22.5000 2569.0862   44.9464
   -7.5000    0.0000  -22.5000 2641.1877   43.1209
    0.0000    0.0000  -22.5000 2643.1238   43.1928
    7.5000    0.0000  -22.5000 2608.2356   44.0821
   -7.5000    7.5000  -22.5000 2676.1426   42.1652
    0.0000    7.5000  -22.5000 2674.2881   42.2471
    7.5000    7.5000  -22.5000 2635.9568   43.1521
   -7.5000   15.0000  -22.5000 2707.3423   41.2355
    0.0000   15.0000  -22.5000 2705.1260   41.3844
    7.5000   15.0000  -22.5000 2659.7854   42.2603
   -7.5000   22.5000  -22.5000 2726.5942   40.5412
    0.0000   22.5000  -22.5000 2731.8743   40.9211
    7.5000   22.5000  -22.5000 2676.1416   41.6249
   -7.5000   30.0000  -22.5000 2744.5459   40.4234
    0.0000   30.0000  -22.5000 2747.9253   40.7716
    7.5000   30.0000  -22.5000 2688.7998   41.6481
   -7.5000   37.5000  -22.5000 2753.4082   41.0944
    0.0000   37.5000  -22.5000 2750.1562   41.3480
    7.5000   37.5000  -22.5000 2687.0730   42.1646
   -7.5000   45.0000  -22.5000 2730.6167   42.4565
    0.0000   45.0000  -22.5000 2728.8372   42.6125
    7.5000   45.0000  -22.5000 2674.0227   43.5329
   -7.5000   52.5000  -22.5000 2646.7698   44.3468
    0.0000   52.5000  -22.5000 2649.1914   44.3737
    7.5000   52.5000  -22.5000 2599.7612   45.3417
   -7.5000   60.0000  -22.5000 2513.4180   46.8288
    0.0000   60.0000  -22.5000 2513.8059   46.7123
    7.5000   60.0000  -22.5000 2467.5688   47.7484
   -7.5000  -30.0000  -15.0000 2457.2034   44.1665
    0.0000  -30.0000  -15.0000 2464.6208   44.0378
    7.5000  -30.0000  -15.0000 2449.5542   45.2657
   -7.5000  -22.5000  -15.0000 2512.5608   44.0432
    0.0000  -22.5000  -15.0000 2515.9480   43.9359
    7.5000  -22.5000  -15.0000 2503.0430   45.1355
   -7.5000  -15.0000  -15.0000 2568.4980   43.3961
    0.0000  -15.0000  -15.0000 2569.7942   43.3636
    7.5000  -15.0000  -15.0000 2554.8333   44.5801
   -7.5000   -7.5000  -15.0000 2621.4443   42.5029
    0.0000   -7.5000  -15.0000 2623.2336   42.5879
    7.5000   -7.5000  -15.0000 2601.6772   43.7461
   -7.5000    0.0000  -15.0000 2670.5137   41.6112
    0.0000    0.0000  -15.0000 2668.7063   41.6815
    7.5000    0.0000  -15.0000 2640.2966   42.7832
   -7.5000    7.5000  -15.0000 2710.3992   40.6016
    0.0000    7.5000  -15.0000 2704.0400   40.6399
    7.5000    7.5000  -15.0000 2676.6587   41.8322
   -7.5000   15.0000  -15.0000 2743.4661   39.6583
    0.0000   15.0000  -15.0000 2741.5137   39.7539
    7.5000   15.0000  -15.0000 2703.5210   40.8676
   -7.5000   22.5000  -15.0000 2763.0820   38.7401
    0.0000   22.5000  -15.0000 2766.3699   38.9457
    7.5000   22.5000  -15.0000 2730.5042   40.2236
   -7.5000   30.0000  -15.0000 2793.5698   38.5985
    0.0000   30.0000  -15.0000 2796.8840   38.8358
    7.5000   30.0000  -15.0000 2749.6726   40.1139
   -7.5000   37.5000  -15.0000 2810.5366   39.3398
    0.0000   37.5000  -15.0000 2810.0171   39.4938
    7.5000   37.5000  -15.0000 2757.5291   40.6784
   -7.5000   45.0000  -15.0000 2786.1172   40.6563
    0.0000   45.0000  -15.0000 2787.8843   40.7814
    7.5000   45.0000  -15.0000 2745.0774   41.9597
   -7.5000   52.5000  -15.0000 2707.8892   42.6292
    0.0000   52.5000  -15.0000 2710.2332   42.6199
    7.5000   52.5000  -15.0000 2673.4976   43.8396
   -7.5000   60.0000  -15.0000 2578.5908   45.1103
    0.0000   60.0000  -15.0000 2580.2998   45.0509
    7.5000   60.0000  -15.0000 2541.0708   46.2537
   -7.5000  -30.0000   -7.5000 2447.1816   44.0418
    0.0000  -30.0000   -7.5000 2458.8516   43.9683
    7.5000  -30.0000   -7.5000 2440.9644   45.2100
   -7.5000  -22.5000   -7.5000 2501.7527   43.7077
    0.0000  -22.5000   -7.5000 2508.8564   43.6242
    7.5000  -22.5000   -7.5000 2499.7488   44.9778
   -7.5000  -15.0000   -7.5000 2555.9500   42.9050
    0.0000  -15.0000   -7.5000 2561.3328   42.8629
    7.5000  -15.0000   -7.5000 2551.1528   44.2019
   -7.5000   -7.5000   -7.5000 2606.7607   41.9391
    0.0000   -7.5000   -7.5000 2608.3469   41.9016
    7.5000   -7.5000   -7.5000 2594.0354   43.1797
   -7.5000    0.0000   -7.5000 2658.9490   40.8796
    0.0000    0.0000   -7.5000 2658.2983   40.8102
    7.5000    0.0000   -7.5000 2639.9211   42.1072
   -7.5000    7.5000   -7.5000 2707.3364   39.9000
    0.0000    7.5000   -7.5000 2701.8364   39.8164
    7.5000    7.5000   -7.5000 2678.2864   41.0853
   -7.5000   15.0000   -7.5000 2747.1892   38.9623
    0.0000   15.0000   -7.5000 2749.1665   39.0022
    7.5000   15.0000   -7.5000 2719.7639   40.2201
   -7.5000   22.5000   -7.5000 2755.9197   37.8201
    0.0000   22.5000   -7.5000 2766.6724   38.0219
    7.5000   22.5000   -7.5000 2755.1616   39.6791
   -7.5000   30.0000   -7.5000 2785.1726   37.3625
    0.0000   30.0000   -7.5000 2792.3003   37.6103
    7.5000   30.0000   -7.5000 2780.2632   39.5242
   -7.5000   37.5000   -7.5000 2823.7258   38.2261
    0.0000   37.5000   -7.5000 2830.4180   38.4146
    7.5000   37.5000   -7.5000 2802.9917   40.0248
   -7.5000   45.0000   -7.5000 2810.5381   39.5342
    0.0000   45.0000   -7.5000 2821.5447   39.7200
    7.5000   45.0000   -7.5000 2789.1633   41.0864
   -7.5000   52.5000   -7.5000 2734.4272   41.5031
    0.0000   52.5000   -7.5000 2745.4631   41.5499
    7.5000   52.5000   -7.5000 2711.4253   42.7330
   -7.5000   60.0000   -7.5000 2612.5693   44.0928
    0.0000   60.0000   -7.5000 2622.2549   44.1186
    7.5000   60.0000   -7.5000 2586.8511   45.2598
   -7.5000  -30.0000    0.0000 2409.5862   44.6862
    0.0000  -30.0000    0.0000 2424.8591   44.4937
    7.5000  -30.0000    0.0000 2408.0220   45.8634
   -7.5000  -22.5000    0.0000 2470.6941   44.2249
    0.0000  -22.5000    0.0000 2479.3843   44.0736
    7.5000  -22.5000    0.0000 2467.8416   45.5593
   -7.5000  -15.0000    0.0000 2526.1487   43.4069
    0.0000  -15.0000    0.0000 2532.5149   43.3032
    7.5000  -15.0000    0.0000 2521.5139   44.7827
   -7.5000   -7.5000    0.0000 2574.8269   42.3410
    0.0000   -7.5000    0.0000 2575.1921   42.2118
    7.5000   -7.5000    0.0000 2571.2817   43.7203
   -7.5000    0.0000    0.0000 2628.4475   41.1721
    0.0000    0.0000    0.0000 2623.5774   41.0141
    7.5000    0.0000    0.0000 2633.0103   42.6748
   -7.5000    7.5000    0.0000 2684.3394   40.1814
    0.0000    7.5000    0.0000 2679.8911   40.0843
    7.5000    7.5000    0.0000 2688.5469   41.6058
   -7.5000   15.0000    0.0000 2749.1948   39.6282
    0.0000   15.0000    0.0000 2752.4370   39.5709
    7.5000   15.0000    0.0000 2751.5120   40.8463
   -7.5000   22.5000    0.0000 2783.7544   38.7108
    0.0000   22.5000    0.0000 2796.0938   38.8123
    7.5000   22.5000    0.0000 2791.5166   40.1549
   -7.5000   30.0000    0.0000 2771.4438   37.5121
    0.0000   30.0000    0.0000 2784.0686   37.6300
    7.5000   30.0000    0.0000 2798.0662   39.5591
   -7.5000   37.5000    0.0000 2803.8762   37.8516
    0.0000   37.5000    0.0000 2815.6565   37.8639
    7.5000   37.5000    0.0000 2805.2268   39.5969
   -7.5000   45.0000    0.0000 2810.0132   39.2487
    0.0000   45.0000    0.0000 2817.3379   39.0676
    7.5000   45.0000    0.0000 2796.3428   40.4998
   -7.5000   52.5000    0.0000 2753.5276   41.2891
    0.0000   52.5000    0.0000 2759.5166   41.1466
    7.5000   52.5000    0.0000 2726.3452   42.2348
   -7.5000   60.0000    0.0000 2633.4697   43.8647
    0.0000   60.0000    0.0000 2643.2502   43.8282
    7.5000   60.0000    0.0000 2604.8584   44.7510
   -7.5000  -30.0000    7.5000 2364.5405   46.5341
    0.0000  -30.0000    7.5000 2378.3162   46.1454
    7.5000  -30.0000    7.5000 2367.6638   47.7640
   -7.5000  -22.5000    7.5000 2410.3889   45.8283
    0.0000  -22.5000    7.5000 2418.4270   45.4927
    7.5000  -22.5000    7.5000 2418.4448   47.2661
   -7.5000  -15.0000    7.5000 2464.6426   44.9000
    0.0000  -15.0000    7.5000 2468.0303   44.5740
    7.5000  -15.0000    7.5000 2476.4905   46.4278
   -7.5000   -7.5000    7.5000 2523.5681   43.8402
    0.0000   -7.5000    7.5000 2523.8457   43.5624
    7.5000   -7.5000    7.5000 2541.1245   45.3679
   -7.5000    0.0000    7.5000 2596.9099   42.7332
    0.0000    0.0000    7.5000 2589.4480   42.3796
    7.5000    0.0000    7.5000 2606.2849   44.0431
   -7.5000    7.5000    7.5000 2674.1619   41.7450
    0.0000    7.5000    7.5000 2673.3918   41.5563
    7.5000    7.5000    7.5000 2680.9990   42.9422
   -7.5000   15.0000    7.5000 2765.1794   41.1979
    0.0000   15.0000    7.5000 2767.5295   41.0607
    7.5000   15.0000    7.5000 2748.7175   42.0299
   -7.5000   22.5000    7.5000 2821.4922   40.3274
    0.0000   22.5000    7.5000 2818.0361   40.1158
    7.5000   22.5000    7.5000 2794.4585   41.0886
   -7.5000   30.0000    7.5000 2813.7522   39.0685
    0.0000   30.0000    7.5000 2801.4155   38.5211
    7.5000   30.0000    7.5000 2792.1436   40.0507
   -7.5000   37.5000    7.5000 2795.5125   38.6860
    0.0000   37.5000    7.5000 2795.0969   38.2217
    7.5000   37.5000    7.5000 2780.8538   39.6893
   -7.5000   45.0000    7.5000 2781.1223   39.7715
    0.0000   45.0000    7.5000 2793.3787   39.5277
    7.5000   45.0000    7.5000 2775.2722   40.7359
   -7.5000   52.5000    7.5000 2726.2258   41.7325
    0.0000   52.5000    7.5000 2738.2869   41.5003
    7.5000   52.5000    7.5000 2720.2959   42.5914
   -7.5000   60.0000    7.5000 2616.5872   44.1904
    0.0000   60.0000    7.5000 2632.0476   44.0476
    7.5000   60.0000    7.5000 2605.8499   45.0153
   -7.5000  -30.0000   15.0000 2333.5530   49.7037
    0.0000  -30.0000   15.0000 2341.2944   49.2735
    7.5000  -30.0000   15.0000 2348.9749   50.9531
   -7.5000  -22.5000   15.0000 2386.9143   49.0970
    0.0000  -22.5000   15.0000 2387.7595   48.6997
    7.5000  -22.5000   15.0000 2406.4253   50.4876
   -7.5000  -15.0000   15.0000 2441.7795   47.9831
    0.0000  -15.0000   15.0000 2437.8110   47.6340
    7.5000  -15.0000   15.0000 2459.0510   49.4574
   -7.5000   -7.5000   15.0000 2505.0356   46.6326
    0.0000   -7.5000   15.0000 2499.0618   46.3494
    7.5000   -7.5000   15.0000 2518.6577   48.0395
   -7.5000    0.0000   15.0000 2577.2407   45.2455
    0.0000    0.0000   15.0000 2570.0776   44.8464
    7.5000    0.0000   15.0000 2577.7253   46.3574
   -7.5000    7.5000   15.0000 2655.7483   43.9055
    0.0000    7.5000   15.0000 2651.3914   43.5855
    7.5000    7.5000   15.0000 2651.5623   44.9020
   -7.5000   15.0000   15.0000 2738.4622   42.9618
    0.0000   15.0000   15.0000 2734.4617   42.5767
    7.5000   15.0000   15.0000 2722.6353   43.7214
   -7.5000   22.5000   15.0000 2788.9761   41.6969
    0.0000   22.5000   15.0000 2783.6399   41.1975
    7.5000   22.5000   15.0000 2764.0337   42.4859
   -7.5000   30.0000   15.0000 2804.0256   40.5833
    0.0000   30.0000   15.0000 2797.7891   39.9852
    7.5000   30.0000   15.0000 2772.5667   41.3459
   -7.5000   37.5000   15.0000 2806.8306   40.6409
    0.0000   37.5000   15.0000 2816.2224   40.3198
    7.5000   37.5000   15.0000 2775.3052   41.3040
   -7.5000   45.0000   15.0000 2792.8291   41.8982
    0.0000   45.0000   15.0000 2804.0508   41.6235
    7.5000   45.0000   15.0000 2772.6499   42.5282
   -7.5000   52.5000   15.0000 2721.1677   43.7256
    0.0000   52.5000   15.0000 2733.5457   43.5014
    7.5000   52.5000   15.0000 2710.0696   44.3367
   -7.5000   60.0000   15.0000 2601.0210   45.7303
    0.0000   60.0000   15.0000 2613.8945   45.5731
    7.5000   60.0000   15.0000 2592.0415   46.4553
   -7.5000  -30.0000   22.5000 2304.3777   53.9982
    0.0000  -30.0000   22.5000 2330.1863   53.7955
    7.5000  -30.0000   22.5000 2327.5012   55.3041
   -7.5000  -22.5000   22.5000 2359.7461   53.0376
    0.0000  -22.5000   22.5000 2379.7988   52.8409
    7.5000  -22.5000   22.5000 2384.7058   54.4461
   -7.5000  -15.0000   22.5000 2409.2231   51.5733
    0.0000  -15.0000   22.5000 2421.1807   51.3979
    7.5000  -15.0000   22.5000 2426.7092   52.9806
   -7.5000   -7.5000   22.5000 2469.3108   49.8378
    0.0000   -7.5000   22.5000 2472.7705   49.5842
    7.5000   -7.5000   22.5000 2476.2756   51.0875
   -7.5000    0.0000   22.5000 2536.9360   47.9388
    0.0000    0.0000   22.5000 2536.5935   47.5973
    7.5000    0.0000   22.5000 2535.3567   49.0531
   -7.5000    7.5000   22.5000 2616.9465   46.3559
    0.0000    7.5000   22.5000 2617.3176   46.0522
    7.5000    7.5000   22.5000 2609.7114   47.3806
   -7.5000   15.0000   22.5000 2699.3105   45.1724
    0.0000   15.0000   22.5000 2700.9526   44.7927
    7.5000   15.0000   22.5000 2685.6765   46.0294
   -7.5000   22.5000   22.5000 2739.4548   43.7494
    0.0000   22.5000   22.5000 2739.6030   43.1080
    7.5000   22.5000   22.5000 2719.3999   44.5341
   -7.5000   30.0000   22.5000 2759.2241   42.7073
    0.0000   30.0000   22.5000 2771.1267   42.3986
    7.5000   30.0000   22.5000 2738.2141   43.6156
   -7.5000   37.5000   22.5000 2766.9109   42.9105
    0.0000   37.5000   22.5000 2782.9617   42.7896
    7.5000   37.5000   22.5000 2752.5876   43.8309
   -7.5000   45.0000   22.5000 2753.8167   44.1636
    0.0000   45.0000   22.5000 2768.8594   44.0092
    7.5000   45.0000   22.5000 2745.3936   44.9902
   -7.5000   52.5000   22.5000 2693.6179   46.0999
    0.0000   52.5000   22.5000 2712.0723   45.9139
    7.5000   52.5000   22.5000 2685.0593   46.6988
   -7.5000   60.0000   22.5000 2579.1731   48.2378
    0.0000   60.0000   22.5000 2598.6646   48.0715
    7.5000   60.0000   22.5000 2566.0071   48.7873
   -7.5000  -30.0000   30.0000 2273.5999   59.1968
    0.0000  -30.0000   30.0000 2293.9250   58.7770
    7.5000  -30.0000   30.0000 2288.5425   60.2759
   -7.5000  -22.5000   30.0000 2320.6084   57.5556
    0.0000  -22.5000   30.0000 2339.4321   57.2447
    7.5000  -22.5000   30.0000 2335.5366   58.8891
   -7.5000  -15.0000   30.0000 2367.8374   55.4599
    0.0000  -15.0000   30.0000 2380.8948   55.1648
    7.5000  -15.0000   30.0000 2377.1667   56.8737
   -7.5000   -7.5000   30.0000 2427.3198   53.3842
    0.0000   -7.5000   30.0000 2435.5637   52.9684
    7.5000   -7.5000   30.0000 2431.1943   54.6876
   -7.5000    0.0000   30.0000 2494.5317   51.3274
    0.0000    0.0000   30.0000 2504.1692   50.9286
    7.5000    0.0000   30.0000 2493.3599   52.4968
   -7.5000    7.5000   30.0000 2577.6970   49.7603
    0.0000    7.5000   30.0000 2582.9619   49.2984
    7.5000    7.5000   30.0000 2572.0640   50.6686
   -7.5000   15.0000   30.0000 2649.7307   48.2988
    0.0000   15.0000   30.0000 2653.5015   47.7111
    7.5000   15.0000   30.0000 2642.3257   49.0801
   -7.5000   22.5000   30.0000 2684.2869   46.7089
    0.0000   22.5000   30.0000 2696.6436   46.2663
    7.5000   22.5000   30.0000 2676.4033   47.6014
   -7.5000   30.0000   30.0000 2715.0803   46.0214
    0.0000   30.0000   30.0000 2733.1462   45.8144
    7.5000   30.0000   30.0000 2704.7639   47.0000
   -7.5000   37.5000   30.0000 2722.7341   46.2848
    0.0000   37.5000   30.0000 2740.4329   46.1764
    7.5000   37.5000   30.0000 2709.9958   47.1590
   -7.5000   45.0000   30.0000 2704.3889   47.3460
    0.0000   45.0000   30.0000 2725.3333   47.2094
    7.5000   45.0000   30.0000 2697.2339   48.1009
   -7.5000   52.5000   30.0000 2644.9978   48.9543
    0.0000   52.5000   30.0000 2665.3591   48.7691
    7.5000   52.5000   30.0000 2638.1011   49.5433
   -7.5000   60.0000   30.0000 2532.1443   50.9766
    0.0000   60.0000   30.0000 2559.0796   50.9049
    7.5000   60.0000   30.0000 2525.1628   51.4713
   -7.5000  -30.0000   37.5000 2219.7639   64.9575
    0.0000  -30.0000   37.5000 2232.1521   64.3042
    7.5000  -30.0000   37.5000 2227.5815   65.8017
   -7.5000  -22.5000   37.5000 2260.6301   62.7695
    0.0000  -22.5000   37.5000 2272.3118   62.1338
    7.5000  -22.5000   37.5000 2266.5388   63.7597
   -7.5000  -15.0000   37.5000 2305.7317   59.9890
    0.0000  -15.0000   37.5000 2315.1318   59.3662
    7.5000  -15.0000   37.5000 2309.6201   61.1841
   -7.5000   -7.5000   37.5000 2367.3811   57.6188
    0.0000   -7.5000   37.5000 2377.5471   56.9239
    7.5000   -7.5000   37.5000 2370.4878   58.7014
   -7.5000    0.0000   37.5000 2438.5256   55.3918
    0.0000    0.0000   37.5000 2452.0845   54.7623
    7.5000    0.0000   37.5000 2438.8733   56.4004
   -7.5000    7.5000   37.5000 2517.9741   53.6809
    0.0000    7.5000   37.5000 2529.0781   52.9744
    7.5000    7.5000   37.5000 2517.0840   54.4986
   -7.5000   15.0000   37.5000 2584.1565   52.1071
    0.0000   15.0000   37.5000 2599.2856   51.5009
    7.5000   15.0000   37.5000 2582.1716   52.8311
   -7.5000   22.5000   37.5000 2620.5752   50.5338
    0.0000   22.5000   37.5000 2642.3118   50.1860
    7.5000   22.5000   37.5000 2617.5332   51.3609
   -7.5000   30.0000   37.5000 2662.8064   50.1968
    0.0000   30.0000   37.5000 2683.2605   49.9411
    7.5000   30.0000   37.5000 2655.5364   51.0167
   -7.5000   37.5000   37.5000 2668.3650   50.4431
    0.0000   37.5000   37.5000 2690.4233   50.3445
    7.5000   37.5000   37.5000 2658.2285   51.1783
   -7.5000   45.0000   37.5000 2646.4441   51.2340
    0.0000   45.0000   37.5000 2671.0479   51.1251
    7.5000   45.0000   37.5000 2643.0696   51.9479
   -7.5000   52.5000   37.5000 2592.0979   52.6518
    0.0000   52.5000   37.5000 2611.1980   52.4005
    7.5000   52.5000   37.5000 2581.7341   53.0924
   -7.5000   60.0000   37.5000 2484.8875   54.3541
    0.0000   60.0000   37.5000 2503.4219   54.2223
    7.5000   60.0000   37.5000 2469.3521   54.8139
   -7.5000  -30.0000   45.0000 2134.3972   71.2031
    0.0000  -30.0000   45.0000 2151.8123   70.5236
    7.5000  -30.0000   45.0000 2143.8508   72.0848
   -7.5000  -22.5000   45.0000 2181.2314   68.4549
    0.0000  -22.5000   45.0000 2187.0969   67.5631
    7.5000  -22.5000   45.0000 2180.4392   69.2345
   -7.5000  -15.0000   45.0000 2230.8357   65.2896
    0.0000  -15.0000   45.0000 2237.0037   64.3033
    7.5000  -15.0000   45.0000 2229.2422   66.0823
   -7.5000   -7.5000   45.0000 2299.5537   62.5315
    0.0000   -7.5000   45.0000 2315.3647   61.8736
    7.5000   -7.5000   45.0000 2303.2185   63.4183
   -7.5000    0.0000   45.0000 2377.3601   60.3152
    0.0000    0.0000   45.0000 2396.7822   59.6803
    7.5000    0.0000   45.0000 2380.8533   61.0606
   -7.5000    7.5000   45.0000 2452.3958   58.4094
    0.0000    7.5000   45.0000 2468.1760   57.7181
    7.5000    7.5000   45.0000 2449.7024   58.9888
   -7.5000   15.0000   45.0000 2513.7932   56.6801
    0.0000   15.0000   45.0000 2533.1462   56.1022
    7.5000   15.0000   45.0000 2506.9500   57.2041
   -7.5000   22.5000   45.0000 2545.3992   55.1883
    0.0000   22.5000   45.0000 2570.2627   54.8862
    7.5000   22.5000   45.0000 2541.9397   55.8233
   -7.5000   30.0000   45.0000 2591.8943   54.9816
    0.0000   30.0000   45.0000 2614.2534   54.7728
    7.5000   30.0000   45.0000 2583.0732   55.6752
   -7.5000   37.5000   45.0000 2603.4468   55.1676
    0.0000   37.5000   45.0000 2623.6052   55.1066
    7.5000   37.5000   45.0000 2593.4150   55.8522
   -7.5000   45.0000   45.0000 2595.0867   55.9732
    0.0000   45.0000   45.0000 2615.8445   55.8322
    7.5000   45.0000   45.0000 2587.1519   56.5606
   -7.5000   52.5000   45.0000 2537.2710   57.0033
    0.0000   52.5000   45.0000 2562.1743   56.8667
    7.5000   52.5000   45.0000 2527.4438   57.5683
   -7.5000   60.0000   45.0000 2427.9150   58.4949
    0.0000   60.0000   45.0000 2449.2671   58.3762
    7.5000   60.0000   45.0000 2411.3896   58.9619

---------------------------------------------------------------------
imgreg_4dfp /opt/freesurfer/average/3T18yoSchwartzReactN32_as_orig /opt/freesurfer/average/711-2B_as_mni_average_305_mask talsrcimg_g11 none talsrcimg_to_3T18yoSchwartzReactN32_as_orig_t4 1283
---------------------------------------------------------------------

freesurfer imgreg_4dfp.c
/opt/freesurfer/average/3T18yoSchwartzReactN32_as_orig.4dfp.img
       256       256       256         1
  1.000000  1.000000  1.000000
orientation T byte_order littleendian
Reading image: /opt/freesurfer/average/3T18yoSchwartzReactN32_as_orig.4dfp.img
dimensions:      256       256       256
mmppix:       1.0000   -1.0000   -1.0000
center:     128.0000 -129.0000 -129.0000
/opt/freesurfer/average/711-2B_as_mni_average_305_mask.4dfp.img
       256       256       256         1
  1.000000  1.000000  1.000000
orientation T byte_order littleendian
Reading mask: /opt/freesurfer/average/711-2B_as_mni_average_305_mask.4dfp.img (2306576 pixels)
talsrcimg_g11.4dfp.img
       320       320       320         1
  0.799995  0.799995  0.799995
orientation T byte_order littleendian
Reading image: talsrcimg_g11.4dfp.img
dimensions:      320       320       320
mmppix:       0.8000   -0.8000   -0.8000
center:     127.9992 -128.7992 -128.7992
rotation matrix determinant  1.000000
fimgreg.f
image alignment mode   1283 decimal      503 hex
parameters
    0.0000   37.5000   -7.5000    0.0000    0.0000    0.0000
eta,q 0.88881 38.52879
niter,ni,del,rscale     5    3   12.0000    1.2000
parameter  1 -0.925943 ->  0.500000 qaram    1.1500
parameter  2 -0.608919 -> -0.500000 qaram    1.1500
parameter  3  0.106021 -> -0.500000 qaram    1.1500
parameter  5  2.579318 ->  0.500000 qaram    1.1500
parameters
   -3.4500   40.9500   -4.0500    1.6239   -3.4500   -0.7740
eta,q 0.89271 38.64846
  0.1156  0.1249  0.1107  0.1155  0.1078  0.1094
  0.1161  0.1235  0.1122  0.1143  0.1072  0.1082
  0.1176  0.1204  0.1145  0.1123  0.1084  0.1074
  0.1193  0.1162  0.1148  0.1105  0.1103  0.1074
  0.1187  0.1146  0.1126  0.1104  0.1106  0.1080
  0.1184  0.1155  0.1097  0.1113  0.1114  0.1092
  0.1197  0.1167  0.1106  0.1127  0.1129  0.1107
niter,ni,del,rscale     7    3   12.0000    1.2000
parameter  4  1.922901 -> -0.500000 qaram    1.1500
parameters
   -2.7903   41.2445   -5.5859    5.0739   -3.7075   -0.2116
eta,q 0.89156 38.90037
  0.1166  0.1197  0.1123  0.1097  0.1143  0.1122
  0.1114  0.1138  0.1127  0.1096  0.1115  0.1106
  0.1070  0.1091  0.1103  0.1095  0.1092  0.1092
  0.1073  0.1079  0.1084  0.1094  0.1085  0.1085
  0.1100  0.1105  0.1099  0.1093  0.1103  0.1088
  0.1119  0.1134  0.1155  0.1084  0.1127  0.1098
  0.1115  0.1169  0.1225  0.1087  0.1143  0.1110
niter,ni,del,rscale     7    3   12.0000    1.2000
parameters
   -2.5555   40.0056   -7.3596    6.6983   -3.4201    0.4589
eta,q 0.89242 39.23906
  0.1177  0.1160  0.1107  0.1101  0.1132  0.1099
  0.1144  0.1124  0.1100  0.1104  0.1104  0.1090
  0.1104  0.1089  0.1087  0.1099  0.1084  0.1079
  0.1084  0.1085  0.1083  0.1084  0.1074  0.1075
  0.1121  0.1117  0.1095  0.1072  0.1087  0.1079
  0.1157  0.1184  0.1133  0.1078  0.1106  0.1084
  0.1149  0.1227  0.1163  0.1102  0.1117  0.1090
niter,ni,del,rscale     6    3   12.0000    1.2000
parameters
   -2.2617   39.0305   -7.4784    7.2744   -2.9872    2.7476
eta,q 0.89122 39.14962
  0.1161  0.1160  0.1136  0.1114  0.1130  0.1110
  0.1114  0.1141  0.1110  0.1113  0.1110  0.1100
  0.1078  0.1105  0.1097  0.1102  0.1093  0.1090
  0.1076  0.1079  0.1087  0.1088  0.1087  0.1088
  0.1118  0.1104  0.1091  0.1087  0.1097  0.1088
  0.1140  0.1173  0.1115  0.1093  0.1108  0.1086
  0.1116  0.1238  0.1140  0.1118  0.1117  0.1090
niter,ni,del,rscale     5    3   12.0000    1.2000
parameter  5 -1.477625 -> -0.500000 qaram    1.3225
parameter  6 -0.611076 -> -0.500000 qaram    1.1500
parameters
   -0.6824   38.6906   -7.5474    9.5632    0.9803    6.1976
eta,q 0.89145 39.63663
  0.1145  0.1190  0.1148  0.1147  0.1138  0.1129
  0.1108  0.1166  0.1111  0.1138  0.1120  0.1121
  0.1086  0.1129  0.1102  0.1123  0.1114  0.1112
  0.1088  0.1110  0.1113  0.1113  0.1115  0.1099
  0.1117  0.1113  0.1121  0.1115  0.1105  0.1085
  0.1107  0.1172  0.1125  0.1111  0.1097  0.1087
  0.1097  0.1221  0.1134  0.1124  0.1097  0.1099
niter,ni,del,rscale     6    3   12.0000    1.2000
parameters
   -0.8363   38.8628   -7.0469    9.5094    0.7150    6.6096
eta,q 0.89081 39.60757
  0.1147  0.1203  0.1175  0.1142  0.1119  0.1126
  0.1125  0.1169  0.1128  0.1116  0.1114  0.1114
  0.1116  0.1128  0.1081  0.1097  0.1103  0.1097
  0.1085  0.1088  0.1085  0.1090  0.1090  0.1091
  0.1067  0.1089  0.1101  0.1092  0.1092  0.1100
  0.1112  0.1163  0.1120  0.1110  0.1109  0.1114
  0.1183  0.1203  0.1140  0.1151  0.1133  0.1115
niter,ni,del,rscale     5    3   12.0000    1.2000
parameters
   -0.5597   38.8736   -6.8679    9.2764    0.9813    6.8055
eta,q 0.89123 39.58616
  0.1150  0.1200  0.1170  0.1140  0.1125  0.1123
  0.1126  0.1165  0.1118  0.1113  0.1120  0.1109
  0.1117  0.1123  0.1076  0.1093  0.1106  0.1089
  0.1092  0.1087  0.1086  0.1088  0.1088  0.1087
  0.1065  0.1093  0.1101  0.1093  0.1089  0.1099
  0.1099  0.1167  0.1126  0.1112  0.1108  0.1113
  0.1167  0.1207  0.1144  0.1153  0.1131  0.1112
niter,ni,del,rscale     4    3   12.0000    1.2000
parameters
   -0.5213   38.8962   -6.7647    9.1196    1.0607    6.8477
eta,q 0.89128 39.56751
  0.1146  0.1203  0.1168  0.1143  0.1126  0.1120
  0.1126  0.1167  0.1117  0.1116  0.1121  0.1106
  0.1119  0.1123  0.1077  0.1093  0.1104  0.1087
  0.1088  0.1087  0.1087  0.1087  0.1087  0.1087
  0.1067  0.1093  0.1101  0.1092  0.1092  0.1100
  0.1106  0.1167  0.1128  0.1112  0.1111  0.1113
  0.1175  0.1210  0.1146  0.1155  0.1134  0.1110
niter,ni,del,rscale     3    3   12.0000    1.2000
parameters
   -0.4954   38.9129   -6.7207    9.0461    1.1126    6.8327
eta,q 0.89136 39.56049
  0.1145  0.1203  0.1166  0.1145  0.1126  0.1119
  0.1126  0.1168  0.1115  0.1118  0.1121  0.1105
  0.1120  0.1122  0.1077  0.1094  0.1103  0.1086
  0.1087  0.1087  0.1086  0.1087  0.1087  0.1086
  0.1067  0.1093  0.1101  0.1092  0.1092  0.1100
  0.1106  0.1167  0.1129  0.1111  0.1111  0.1113
  0.1175  0.1211  0.1146  0.1154  0.1135  0.1110
niter,ni,del,rscale     2    3   12.0000    1.2000
parameters
   -0.4798   38.9251   -6.6993    9.0150    1.1384    6.8114
eta,q 0.89142 39.55793
  0.1145  0.1203  0.1165  0.1146  0.1126  0.1119
  0.1126  0.1168  0.1113  0.1118  0.1120  0.1105
  0.1121  0.1122  0.1077  0.1094  0.1102  0.1085
  0.1086  0.1086  0.1086  0.1086  0.1086  0.1086
  0.1066  0.1092  0.1101  0.1091  0.1092  0.1099
  0.1106  0.1167  0.1129  0.1110  0.1111  0.1112
  0.1175  0.1212  0.1146  0.1154  0.1135  0.1109
registration optimization eta report
parameter search radius
    6.9000    6.9000    6.9000    6.9000    7.9350    6.9000
100000*second partial in parameter space
       16.       24.       15.       13.        6.        5.
  0.1145  0.1203  0.1165  0.1146  0.1126  0.1119
  0.1126  0.1168  0.1113  0.1118  0.1120  0.1105
  0.1121  0.1122  0.1077  0.1094  0.1102  0.1085
  0.1086  0.1086  0.1086  0.1086  0.1086  0.1086
  0.1066  0.1092  0.1101  0.1091  0.1092  0.1099
  0.1106  0.1167  0.1129  0.1110  0.1111  0.1112
  0.1175  0.1212  0.1146  0.1154  0.1135  0.1109
   -0.4798   38.9251   -6.6993    9.0150    1.1384    6.8114
eta,q 0.89142 39.55793

---------------------------------------------------------------------
imgreg_4dfp /opt/freesurfer/average/3T18yoSchwartzReactN32_as_orig /opt/freesurfer/average/711-2B_as_mni_average_305_mask talsrcimg_g11 none talsrcimg_to_3T18yoSchwartzReactN32_as_orig_t4 3335
---------------------------------------------------------------------

freesurfer imgreg_4dfp.c
/opt/freesurfer/average/3T18yoSchwartzReactN32_as_orig.4dfp.img
       256       256       256         1
  1.000000  1.000000  1.000000
orientation T byte_order littleendian
Reading image: /opt/freesurfer/average/3T18yoSchwartzReactN32_as_orig.4dfp.img
dimensions:      256       256       256
mmppix:       1.0000   -1.0000   -1.0000
center:     128.0000 -129.0000 -129.0000
/opt/freesurfer/average/711-2B_as_mni_average_305_mask.4dfp.img
       256       256       256         1
  1.000000  1.000000  1.000000
orientation T byte_order littleendian
Reading mask: /opt/freesurfer/average/711-2B_as_mni_average_305_mask.4dfp.img (2306576 pixels)
talsrcimg_g11.4dfp.img
       320       320       320         1
  0.799995  0.799995  0.799995
orientation T byte_order littleendian
Reading image: talsrcimg_g11.4dfp.img
dimensions:      320       320       320
mmppix:       0.8000   -0.8000   -0.8000
center:     127.9992 -128.7992 -128.7992
fimgreg.f
image alignment mode   3335 decimal      D07 hex
parameters
   -0.4798   38.9251   -6.6993   -0.7254   -1.9693   -1.2548
  -12.0228   -0.0900   11.8578  -15.7915    1.9868   15.6662
eta,q 0.89078 39.71802
niter,ni,del,rscale     5    3    5.0000    1.2000
parameter  3 -0.921896 -> -0.500000 qaram    1.1500
parameter  4  0.521324 ->  0.500000 qaram    1.1500
parameter  7  0.691977 ->  0.500000 qaram    1.1500
parameter 11  0.604494 ->  0.500000 qaram    1.1500
parameters
   -1.1185   38.4830   -5.3193   -4.8654   -5.2618   -0.0032
  -16.1628   -0.3080   10.7774  -15.9454   -2.1532   15.0928
eta,q 0.89275 38.85518
  0.1097  0.1097  0.1109  0.1087  0.1088  0.1149  0.1079  0.1104  0.1085  0.1107  0.1075  0.1083
  0.1092  0.1093  0.1102  0.1086  0.1082  0.1113  0.1077  0.1088  0.1080  0.1091  0.1072  0.1078
  0.1091  0.1090  0.1096  0.1084  0.1082  0.1091  0.1078  0.1078  0.1077  0.1081  0.1073  0.1074
  0.1092  0.1091  0.1090  0.1085  0.1086  0.1082  0.1081  0.1077  0.1077  0.1077  0.1077  0.1072
  0.1096  0.1093  0.1087  0.1093  0.1094  0.1086  0.1086  0.1083  0.1079  0.1080  0.1083  0.1074
  0.1100  0.1097  0.1085  0.1098  0.1105  0.1096  0.1092  0.1093  0.1084  0.1091  0.1091  0.1080
  0.1106  0.1104  0.1085  0.1104  0.1119  0.1111  0.1098  0.1104  0.1091  0.1112  0.1100  0.1088
niter,ni,del,rscale     7    3    5.0000    1.2000
parameter  7 -0.726909 -> -0.500000 qaram    1.3225
parameter  9  0.538684 ->  0.500000 qaram    1.1500
parameters
    0.0801   39.1296   -4.8954   -5.9036   -5.7890   -0.4557
  -11.4018    0.6503    6.6374  -15.9434   -4.4457   16.5319
eta,q 0.89403 38.56396
  0.1089  0.1085  0.1090  0.1084  0.1088  0.1121  0.1092  0.1108  0.1064  0.1089  0.1070  0.1074
  0.1082  0.1077  0.1081  0.1075  0.1074  0.1091  0.1082  0.1087  0.1062  0.1075  0.1064  0.1069
  0.1077  0.1072  0.1074  0.1071  0.1069  0.1074  0.1074  0.1072  0.1063  0.1067  0.1061  0.1064
  0.1073  0.1070  0.1069  0.1068  0.1069  0.1069  0.1069  0.1065  0.1065  0.1062  0.1062  0.1061
  0.1070  0.1069  0.1069  0.1072  0.1073  0.1081  0.1066  0.1067  0.1069  0.1064  0.1068  0.1060
  0.1070  0.1070  0.1073  0.1084  0.1081  0.1103  0.1065  0.1076  0.1074  0.1073  0.1077  0.1062
  0.1073  0.1073  0.1082  0.1093  0.1092  0.1132  0.1065  0.1089  0.1082  0.1091  0.1088  0.1068
niter,ni,del,rscale     7    3    5.0000    1.2000
parameters
    0.6743   39.9387   -5.0990   -6.5863   -6.5739   -0.7464
   -8.0925    0.9036    3.3847  -16.0314   -5.9790   17.4103
eta,q 0.89467 38.45716
  0.1075  0.1073  0.1072  0.1077  0.1075  0.1110  0.1080  0.1096  0.1058  0.1081  0.1065  0.1065
  0.1068  0.1066  0.1064  0.1067  0.1062  0.1081  0.1070  0.1074  0.1055  0.1067  0.1058  0.1060
  0.1063  0.1061  0.1059  0.1061  0.1057  0.1063  0.1062  0.1061  0.1054  0.1058  0.1054  0.1057
  0.1060  0.1059  0.1058  0.1057  0.1058  0.1058  0.1058  0.1056  0.1056  0.1054  0.1054  0.1054
  0.1059  0.1058  0.1061  0.1060  0.1062  0.1068  0.1056  0.1060  0.1060  0.1058  0.1058  0.1053
  0.1060  0.1058  0.1067  0.1074  0.1070  0.1088  0.1057  0.1072  0.1065  0.1066  0.1067  0.1056
  0.1065  0.1061  0.1078  0.1085  0.1081  0.1118  0.1062  0.1089  0.1072  0.1084  0.1078  0.1062
niter,ni,del,rscale     6    3    5.0000    1.2000
parameters
    0.6049   40.3781   -5.2632   -6.7709   -7.1490   -0.9932
   -6.4061    0.9399    1.9322  -16.2634   -6.7395   17.9472
eta,q 0.89487 38.38968
  0.1066  0.1066  0.1068  0.1076  0.1071  0.1105  0.1073  0.1091  0.1059  0.1078  0.1066  0.1062
  0.1059  0.1060  0.1060  0.1065  0.1059  0.1076  0.1063  0.1069  0.1054  0.1064  0.1058  0.1058
  0.1054  0.1056  0.1054  0.1057  0.1053  0.1059  0.1056  0.1056  0.1052  0.1055  0.1053  0.1054
  0.1053  0.1053  0.1053  0.1053  0.1053  0.1053  0.1052  0.1052  0.1052  0.1052  0.1052  0.1052
  0.1055  0.1053  0.1055  0.1054  0.1057  0.1062  0.1053  0.1057  0.1055  0.1056  0.1054  0.1051
  0.1059  0.1055  0.1062  0.1066  0.1066  0.1082  0.1056  0.1071  0.1059  0.1066  0.1062  0.1054
  0.1068  0.1059  0.1072  0.1080  0.1076  0.1111  0.1062  0.1088  0.1066  0.1083  0.1072  0.1061
niter,ni,del,rscale     5    3    5.0000    1.2000
parameters
    0.5345   40.5891   -5.3359   -6.8650   -7.5624   -1.1926
   -5.3892    0.9064    1.0200  -16.5619   -7.1807   18.3002
eta,q 0.89493 38.34408
  0.1064  0.1063  0.1067  0.1075  0.1071  0.1104  0.1069  0.1089  0.1059  0.1078  0.1066  0.1060
  0.1057  0.1057  0.1059  0.1065  0.1059  0.1074  0.1061  0.1068  0.1054  0.1064  0.1058  0.1057
  0.1053  0.1053  0.1053  0.1056  0.1052  0.1058  0.1054  0.1055  0.1051  0.1055  0.1053  0.1053
  0.1051  0.1051  0.1051  0.1051  0.1051  0.1051  0.1051  0.1051  0.1051  0.1051  0.1051  0.1051
  0.1053  0.1052  0.1054  0.1052  0.1056  0.1061  0.1052  0.1057  0.1053  0.1055  0.1053  0.1051
  0.1058  0.1055  0.1060  0.1064  0.1064  0.1080  0.1056  0.1070  0.1058  0.1066  0.1060  0.1054
  0.1066  0.1060  0.1069  0.1079  0.1074  0.1109  0.1063  0.1088  0.1064  0.1084  0.1070  0.1060
niter,ni,del,rscale     4    3    5.0000    1.2000
parameters
    0.4929   40.7106   -5.3430   -6.8915   -7.9434   -1.3468
   -4.6793    0.8653    0.3377  -16.9135   -7.4363   18.5443
eta,q 0.89497 38.31348
  0.1064  0.1063  0.1067  0.1075  0.1071  0.1103  0.1068  0.1088  0.1059  0.1077  0.1066  0.1059
  0.1056  0.1056  0.1059  0.1064  0.1058  0.1074  0.1059  0.1067  0.1054  0.1063  0.1057  0.1056
  0.1052  0.1052  0.1053  0.1055  0.1051  0.1057  0.1053  0.1054  0.1051  0.1054  0.1052  0.1053
  0.1051  0.1051  0.1051  0.1051  0.1051  0.1050  0.1051  0.1051  0.1051  0.1050  0.1050  0.1051
  0.1052  0.1052  0.1053  0.1051  0.1055  0.1060  0.1052  0.1056  0.1053  0.1055  0.1052  0.1050
  0.1057  0.1055  0.1059  0.1063  0.1064  0.1078  0.1056  0.1070  0.1056  0.1066  0.1059  0.1054
  0.1065  0.1060  0.1068  0.1078  0.1073  0.1107  0.1063  0.1087  0.1062  0.1084  0.1069  0.1060
niter,ni,del,rscale     3    3    5.0000    1.2000
parameters
    0.4576   40.8189   -5.3015   -6.8865   -8.3705   -1.4746
   -4.1513    0.8237   -0.2013  -17.3254   -7.6150   18.7545
eta,q 0.89499 38.28885
  0.1064  0.1062  0.1067  0.1075  0.1070  0.1103  0.1066  0.1088  0.1059  0.1077  0.1066  0.1059
  0.1056  0.1056  0.1059  0.1064  0.1058  0.1073  0.1058  0.1067  0.1054  0.1063  0.1057  0.1056
  0.1052  0.1052  0.1053  0.1055  0.1051  0.1057  0.1052  0.1054  0.1051  0.1054  0.1052  0.1053
  0.1050  0.1050  0.1050  0.1050  0.1050  0.1050  0.1050  0.1050  0.1050  0.1050  0.1050  0.1050
  0.1052  0.1052  0.1052  0.1051  0.1055  0.1059  0.1052  0.1056  0.1052  0.1055  0.1052  0.1050
  0.1056  0.1055  0.1058  0.1063  0.1063  0.1077  0.1056  0.1070  0.1056  0.1066  0.1058  0.1053
  0.1065  0.1060  0.1067  0.1077  0.1074  0.1105  0.1063  0.1087  0.1061  0.1085  0.1068  0.1059
niter,ni,del,rscale     2    3    5.0000    1.2000
parameters
    0.4359   40.9260   -5.2222   -6.8809   -8.8436   -1.5989
   -3.6977    0.7772   -0.6698  -17.7940   -7.7188   18.9753
eta,q 0.89504 38.26615
  0.1063  0.1062  0.1067  0.1075  0.1070  0.1102  0.1065  0.1087  0.1059  0.1076  0.1065  0.1058
  0.1056  0.1055  0.1059  0.1064  0.1058  0.1072  0.1057  0.1066  0.1054  0.1062  0.1057  0.1055
  0.1052  0.1051  0.1053  0.1055  0.1051  0.1057  0.1051  0.1053  0.1050  0.1053  0.1052  0.1052
  0.1050  0.1050  0.1050  0.1050  0.1050  0.1050  0.1050  0.1050  0.1050  0.1050  0.1050  0.1050
  0.1051  0.1052  0.1052  0.1051  0.1055  0.1058  0.1052  0.1055  0.1052  0.1054  0.1051  0.1050
  0.1056  0.1055  0.1057  0.1062  0.1063  0.1076  0.1056  0.1069  0.1055  0.1066  0.1057  0.1053
  0.1064  0.1059  0.1066  0.1077  0.1074  0.1104  0.1062  0.1086  0.1061  0.1085  0.1066  0.1059
niter,ni,del,rscale     1    3    5.0000    1.2000
parameters
    0.4257   41.0545   -5.1031   -6.8889   -9.4042   -1.7219
   -3.3081    0.7254   -1.1695  -18.3552   -7.8318   19.2263
eta,q 0.89508 38.24883
  0.1063  0.1062  0.1067  0.1074  0.1069  0.1101  0.1064  0.1087  0.1058  0.1075  0.1065  0.1057
  0.1056  0.1055  0.1059  0.1063  0.1057  0.1071  0.1056  0.1065  0.1053  0.1061  0.1056  0.1055
  0.1051  0.1051  0.1053  0.1054  0.1050  0.1056  0.1051  0.1053  0.1050  0.1052  0.1051  0.1052
  0.1050  0.1050  0.1050  0.1050  0.1050  0.1049  0.1049  0.1049  0.1049  0.1049  0.1049  0.1049
  0.1051  0.1051  0.1051  0.1050  0.1055  0.1058  0.1051  0.1055  0.1051  0.1054  0.1051  0.1049
  0.1055  0.1055  0.1057  0.1062  0.1063  0.1076  0.1055  0.1069  0.1055  0.1066  0.1057  0.1052
  0.1064  0.1059  0.1065  0.1077  0.1074  0.1103  0.1061  0.1085  0.1060  0.1086  0.1066  0.1058
registration optimization eta report
parameter search radius
    2.4000    2.4000    2.7600    8.2800    7.2000    7.2000
    9.5220    7.2000    8.2800    7.2000    8.2800    7.2000
100000*second partial in parameter space
       24.       19.       21.        4.        4.       10.
        1.        7.        1.        6.        2.        2.
  0.1063  0.1062  0.1067  0.1074  0.1069  0.1101  0.1064  0.1087  0.1058  0.1075  0.1065  0.1057
  0.1056  0.1055  0.1059  0.1063  0.1057  0.1071  0.1056  0.1065  0.1053  0.1061  0.1056  0.1055
  0.1051  0.1051  0.1053  0.1054  0.1050  0.1056  0.1051  0.1053  0.1050  0.1052  0.1051  0.1052
  0.1050  0.1050  0.1050  0.1050  0.1050  0.1049  0.1049  0.1049  0.1049  0.1049  0.1049  0.1049
  0.1051  0.1051  0.1051  0.1050  0.1055  0.1058  0.1051  0.1055  0.1051  0.1054  0.1051  0.1049
  0.1055  0.1055  0.1057  0.1062  0.1063  0.1076  0.1055  0.1069  0.1055  0.1066  0.1057  0.1052
  0.1064  0.1059  0.1065  0.1077  0.1074  0.1103  0.1061  0.1085  0.1060  0.1086  0.1066  0.1058
    0.4257   41.0545   -5.1031   -6.8889   -9.4042   -1.7219
   -3.3081    0.7254   -1.1695  -18.3552   -7.8318   19.2263
eta,q 0.89508 38.24883

---------------------------------------------------------------------
imgreg_4dfp /opt/freesurfer/average/3T18yoSchwartzReactN32_as_orig /opt/freesurfer/average/711-2B_as_mni_average_305_mask talsrcimg_g11 none talsrcimg_to_3T18yoSchwartzReactN32_as_orig_t4 2311
---------------------------------------------------------------------

freesurfer imgreg_4dfp.c
/opt/freesurfer/average/3T18yoSchwartzReactN32_as_orig.4dfp.img
       256       256       256         1
  1.000000  1.000000  1.000000
orientation T byte_order littleendian
Reading image: /opt/freesurfer/average/3T18yoSchwartzReactN32_as_orig.4dfp.img
dimensions:      256       256       256
mmppix:       1.0000   -1.0000   -1.0000
center:     128.0000 -129.0000 -129.0000
/opt/freesurfer/average/711-2B_as_mni_average_305_mask.4dfp.img
       256       256       256         1
  1.000000  1.000000  1.000000
orientation T byte_order littleendian
Reading mask: /opt/freesurfer/average/711-2B_as_mni_average_305_mask.4dfp.img (2306576 pixels)
talsrcimg_g11.4dfp.img
       320       320       320         1
  0.799995  0.799995  0.799995
orientation T byte_order littleendian
Reading image: talsrcimg_g11.4dfp.img
dimensions:      320       320       320
mmppix:       0.8000   -0.8000   -0.8000
center:     127.9992 -128.7992 -128.7992
fimgreg.f
image alignment mode   2311 decimal      907 hex
parameters
    0.4257   41.0545   -5.1031   -6.8889   -9.4042   -1.7219
   -3.3081    0.7254   -1.1695  -18.3552   -7.8318   19.2263
eta,q 0.89508 38.24886
niter,ni,del,rscale     5    3    5.0000    0.8000
parameters
    0.4560   41.1116   -4.9642   -6.3517  -10.2743   -2.0668
   -3.5334    0.5578   -1.6822  -19.0503   -7.4315   20.0521
eta,q 0.89525 38.19422
  0.1055  0.1055  0.1056  0.1060  0.1056  0.1069  0.1052  0.1065  0.1051  0.1058  0.1054  0.1053
  0.1052  0.1052  0.1053  0.1055  0.1051  0.1058  0.1050  0.1055  0.1049  0.1052  0.1051  0.1051
  0.1050  0.1050  0.1050  0.1051  0.1048  0.1051  0.1048  0.1050  0.1048  0.1049  0.1049  0.1049
  0.1049  0.1049  0.1049  0.1049  0.1049  0.1048  0.1048  0.1048  0.1048  0.1048  0.1048  0.1048
  0.1050  0.1050  0.1050  0.1049  0.1053  0.1053  0.1049  0.1051  0.1049  0.1051  0.1048  0.1048
  0.1052  0.1052  0.1051  0.1051  0.1057  0.1063  0.1050  0.1057  0.1051  0.1058  0.1049  0.1049
  0.1055  0.1054  0.1054  0.1057  0.1062  0.1076  0.1052  0.1067  0.1053  0.1067  0.1052  0.1051
niter,ni,del,rscale     4    3    5.0000    0.7000
parameters
    0.6232   41.4236   -4.8606   -6.2051  -11.2745   -2.3790
   -3.7941    0.3198   -2.1897  -19.8627   -6.9918   20.5218
eta,q 0.89540 38.17654
  0.1053  0.1055  0.1053  0.1055  0.1052  0.1063  0.1050  0.1059  0.1049  0.1054  0.1051  0.1050
  0.1050  0.1051  0.1050  0.1051  0.1049  0.1055  0.1048  0.1052  0.1047  0.1049  0.1048  0.1048
  0.1048  0.1049  0.1048  0.1049  0.1047  0.1049  0.1047  0.1048  0.1047  0.1046  0.1047  0.1047
  0.1048  0.1047  0.1047  0.1047  0.1047  0.1046  0.1047  0.1047  0.1047  0.1047  0.1046  0.1046
  0.1048  0.1047  0.1048  0.1047  0.1051  0.1050  0.1047  0.1049  0.1047  0.1049  0.1046  0.1046
  0.1049  0.1048  0.1049  0.1050  0.1055  0.1059  0.1048  0.1054  0.1049  0.1055  0.1047  0.1047
  0.1051  0.1050  0.1052  0.1055  0.1059  0.1068  0.1050  0.1062  0.1050  0.1064  0.1049  0.1049
niter,ni,del,rscale     3    3    5.0000    0.6000
parameters
    0.7615   41.8292   -4.6840   -6.0750  -12.6360   -2.6535
   -3.9561    0.0626   -2.8346  -20.7070   -6.4876   21.0226
eta,q 0.89561 38.12854
  0.1050  0.1052  0.1050  0.1051  0.1048  0.1057  0.1047  0.1053  0.1046  0.1050  0.1048  0.1047
  0.1048  0.1049  0.1048  0.1049  0.1046  0.1052  0.1046  0.1048  0.1045  0.1046  0.1046  0.1045
  0.1047  0.1047  0.1046  0.1047  0.1044  0.1047  0.1045  0.1045  0.1045  0.1044  0.1045  0.1045
  0.1046  0.1046  0.1045  0.1045  0.1045  0.1044  0.1045  0.1045  0.1045  0.1044  0.1044  0.1044
  0.1046  0.1045  0.1046  0.1045  0.1049  0.1047  0.1045  0.1046  0.1045  0.1047  0.1044  0.1044
  0.1047  0.1046  0.1047  0.1047  0.1053  0.1054  0.1046  0.1050  0.1046  0.1052  0.1045  0.1045
  0.1049  0.1047  0.1048  0.1051  0.1057  0.1062  0.1047  0.1056  0.1048  0.1059  0.1046  0.1046
niter,ni,del,rscale     2    3    5.0000    0.5000
parameter  2 -0.575199 -> -0.500000 qaram    1.1500
parameters
    0.9186   42.4042   -4.4491   -5.9885  -14.0461   -2.9060
   -3.9633   -0.2618   -3.4965  -21.3770   -5.9812   21.6795
eta,q 0.89587 38.08503
  0.1047  0.1049  0.1047  0.1047  0.1043  0.1051  0.1044  0.1047  0.1043  0.1046  0.1044  0.1043
  0.1045  0.1047  0.1045  0.1045  0.1042  0.1047  0.1043  0.1044  0.1042  0.1043  0.1043  0.1042
  0.1044  0.1045  0.1044  0.1044  0.1042  0.1044  0.1042  0.1042  0.1042  0.1042  0.1042  0.1042
  0.1044  0.1044  0.1043  0.1043  0.1043  0.1042  0.1042  0.1042  0.1042  0.1042  0.1041  0.1041
  0.1044  0.1043  0.1043  0.1043  0.1045  0.1044  0.1042  0.1043  0.1042  0.1044  0.1041  0.1041
  0.1044  0.1043  0.1043  0.1044  0.1049  0.1049  0.1043  0.1046  0.1043  0.1047  0.1042  0.1042
  0.1046  0.1043  0.1044  0.1047  0.1053  0.1056  0.1044  0.1050  0.1044  0.1052  0.1043  0.1042
niter,ni,del,rscale     2    3    5.0000    0.5000
parameter  2 -0.592434 -> -0.500000 qaram    1.3225
parameters
    1.0395   43.0654   -4.1788   -5.9930  -15.4506   -3.1774
   -3.8446   -0.6176   -3.9570  -21.9558   -5.5147   22.4733
eta,q 0.89616 38.03011
  0.1044  0.1047  0.1044  0.1044  0.1040  0.1049  0.1041  0.1044  0.1040  0.1044  0.1041  0.1040
  0.1043  0.1045  0.1042  0.1042  0.1039  0.1045  0.1040  0.1041  0.1039  0.1040  0.1040  0.1040
  0.1042  0.1043  0.1041  0.1041  0.1039  0.1041  0.1039  0.1039  0.1039  0.1039  0.1039  0.1039
  0.1041  0.1041  0.1040  0.1040  0.1040  0.1039  0.1039  0.1039  0.1039  0.1039  0.1039  0.1039
  0.1041  0.1040  0.1040  0.1040  0.1043  0.1041  0.1039  0.1040  0.1039  0.1041  0.1039  0.1038
  0.1042  0.1040  0.1040  0.1042  0.1047  0.1047  0.1040  0.1043  0.1040  0.1044  0.1039  0.1039
  0.1043  0.1041  0.1041  0.1045  0.1051  0.1054  0.1041  0.1048  0.1042  0.1050  0.1040  0.1039
niter,ni,del,rscale     2    3    5.0000    0.5000
parameters
    1.1155   43.5368   -3.9533   -5.8980  -16.5056   -3.4546
   -3.9049   -0.9206   -3.8856  -22.4741   -4.9758   23.0453
eta,q 0.89632 37.99767
  0.1041  0.1045  0.1042  0.1042  0.1039  0.1048  0.1039  0.1043  0.1039  0.1042  0.1040  0.1039
  0.1040  0.1042  0.1040  0.1040  0.1038  0.1043  0.1038  0.1039  0.1038  0.1039  0.1038  0.1038
  0.1039  0.1040  0.1038  0.1039  0.1037  0.1039  0.1037  0.1038  0.1038  0.1037  0.1037  0.1037
  0.1038  0.1038  0.1038  0.1038  0.1038  0.1037  0.1037  0.1037  0.1037  0.1037  0.1037  0.1037
  0.1039  0.1038  0.1038  0.1038  0.1039  0.1040  0.1037  0.1038  0.1037  0.1039  0.1037  0.1037
  0.1039  0.1038  0.1038  0.1039  0.1043  0.1046  0.1038  0.1041  0.1038  0.1043  0.1037  0.1037
  0.1041  0.1040  0.1039  0.1042  0.1047  0.1053  0.1039  0.1045  0.1039  0.1048  0.1038  0.1038
niter,ni,del,rscale     1    3    5.0000    0.4000
parameters
    1.1663   43.8749   -3.8013   -5.7315  -17.3882   -3.6506
   -4.3623   -1.1198   -3.3892  -22.9066   -4.3324   23.4713
eta,q 0.89644 37.97484
  0.1039  0.1041  0.1039  0.1040  0.1037  0.1045  0.1037  0.1040  0.1038  0.1039  0.1038  0.1037
  0.1038  0.1039  0.1038  0.1038  0.1036  0.1041  0.1036  0.1037  0.1037  0.1037  0.1037  0.1037
  0.1037  0.1038  0.1037  0.1037  0.1036  0.1037  0.1036  0.1036  0.1036  0.1036  0.1036  0.1036
  0.1037  0.1037  0.1036  0.1036  0.1036  0.1036  0.1036  0.1036  0.1036  0.1036  0.1036  0.1036
  0.1037  0.1036  0.1036  0.1036  0.1037  0.1038  0.1036  0.1037  0.1036  0.1037  0.1036  0.1036
  0.1037  0.1037  0.1037  0.1037  0.1039  0.1043  0.1037  0.1038  0.1036  0.1040  0.1036  0.1036
  0.1038  0.1038  0.1038  0.1039  0.1042  0.1048  0.1038  0.1041  0.1037  0.1043  0.1036  0.1037
registration optimization eta report
parameter search radius
    0.8000    1.0580    0.8000    2.4000    2.4000    2.4000
    2.4000    2.4000    2.4000    2.4000    2.4000    2.4000
100000*second partial in parameter space
       26.       23.       29.        6.        6.       17.
        2.        7.        2.        9.        2.        2.
  0.1039  0.1041  0.1039  0.1040  0.1037  0.1045  0.1037  0.1040  0.1038  0.1039  0.1038  0.1037
  0.1038  0.1039  0.1038  0.1038  0.1036  0.1041  0.1036  0.1037  0.1037  0.1037  0.1037  0.1037
  0.1037  0.1038  0.1037  0.1037  0.1036  0.1037  0.1036  0.1036  0.1036  0.1036  0.1036  0.1036
  0.1037  0.1037  0.1036  0.1036  0.1036  0.1036  0.1036  0.1036  0.1036  0.1036  0.1036  0.1036
  0.1037  0.1036  0.1036  0.1036  0.1037  0.1038  0.1036  0.1037  0.1036  0.1037  0.1036  0.1036
  0.1037  0.1037  0.1037  0.1037  0.1039  0.1043  0.1037  0.1038  0.1036  0.1040  0.1036  0.1036
  0.1038  0.1038  0.1038  0.1039  0.1042  0.1048  0.1038  0.1041  0.1037  0.1043  0.1036  0.1037
    1.1663   43.8749   -3.8013   -5.7315  -17.3882   -3.6506
   -4.3623   -1.1198   -3.3892  -22.9066   -4.3324   23.4713
eta,q 0.89644 37.97484

---------------------------------------------------------------------
imgreg_4dfp /opt/freesurfer/average/3T18yoSchwartzReactN32_as_orig /opt/freesurfer/average/711-2B_as_mni_average_305_mask talsrcimg_g11 none talsrcimg_to_3T18yoSchwartzReactN32_as_orig_t4 2311
---------------------------------------------------------------------

freesurfer imgreg_4dfp.c
/opt/freesurfer/average/3T18yoSchwartzReactN32_as_orig.4dfp.img
       256       256       256         1
  1.000000  1.000000  1.000000
orientation T byte_order littleendian
Reading image: /opt/freesurfer/average/3T18yoSchwartzReactN32_as_orig.4dfp.img
dimensions:      256       256       256
mmppix:       1.0000   -1.0000   -1.0000
center:     128.0000 -129.0000 -129.0000
/opt/freesurfer/average/711-2B_as_mni_average_305_mask.4dfp.img
       256       256       256         1
  1.000000  1.000000  1.000000
orientation T byte_order littleendian
Reading mask: /opt/freesurfer/average/711-2B_as_mni_average_305_mask.4dfp.img (2306576 pixels)
talsrcimg_g11.4dfp.img
       320       320       320         1
  0.799995  0.799995  0.799995
orientation T byte_order littleendian
Reading image: talsrcimg_g11.4dfp.img
dimensions:      320       320       320
mmppix:       0.8000   -0.8000   -0.8000
center:     127.9992 -128.7992 -128.7992
fimgreg.f
image alignment mode   2311 decimal      907 hex
parameters
    1.1663   43.8749   -3.8013   -5.7315  -17.3882   -3.6506
   -4.3623   -1.1198   -3.3892  -22.9066   -4.3324   23.4713
eta,q 0.89644 37.97485
niter,ni,del,rscale     5    3    5.0000    0.8000
parameters
    1.1142   44.1324   -3.6861   -6.1050  -18.1023   -3.7265
   -4.8810   -1.3821   -2.8128  -23.5452   -3.9789   23.3050
eta,q 0.89646 37.96754
  0.1042  0.1043  0.1044  0.1045  0.1044  0.1060  0.1039  0.1051  0.1042  0.1050  0.1041  0.1039
  0.1039  0.1039  0.1040  0.1041  0.1038  0.1050  0.1037  0.1042  0.1039  0.1042  0.1038  0.1038
  0.1037  0.1037  0.1037  0.1038  0.1036  0.1041  0.1036  0.1037  0.1037  0.1037  0.1036  0.1036
  0.1036  0.1036  0.1035  0.1035  0.1036  0.1036  0.1036  0.1035  0.1035  0.1035  0.1035  0.1035
  0.1036  0.1036  0.1036  0.1037  0.1038  0.1042  0.1036  0.1038  0.1036  0.1039  0.1036  0.1036
  0.1039  0.1037  0.1038  0.1042  0.1044  0.1051  0.1038  0.1045  0.1037  0.1048  0.1037  0.1037
  0.1044  0.1039  0.1042  0.1051  0.1051  0.1061  0.1041  0.1055  0.1039  0.1062  0.1040  0.1041
niter,ni,del,rscale     4    3    5.0000    0.7000
parameters
    1.1819   44.2495   -3.4991   -6.1296  -18.8390   -3.8759
   -5.6673   -1.4374   -2.2259  -24.0720   -3.5151   23.7134
eta,q 0.89656 37.92933
  0.1041  0.1040  0.1042  0.1044  0.1041  0.1053  0.1037  0.1048  0.1040  0.1046  0.1039  0.1039
  0.1038  0.1038  0.1039  0.1040  0.1037  0.1046  0.1035  0.1040  0.1037  0.1040  0.1037  0.1037
  0.1036  0.1036  0.1036  0.1037  0.1035  0.1039  0.1035  0.1036  0.1036  0.1036  0.1035  0.1036
  0.1035  0.1035  0.1035  0.1035  0.1035  0.1035  0.1035  0.1035  0.1035  0.1035  0.1035  0.1035
  0.1036  0.1035  0.1035  0.1035  0.1037  0.1040  0.1036  0.1036  0.1035  0.1037  0.1035  0.1034
  0.1037  0.1037  0.1037  0.1039  0.1041  0.1048  0.1037  0.1041  0.1036  0.1044  0.1036  0.1035
  0.1040  0.1039  0.1039  0.1046  0.1047  0.1056  0.1039  0.1048  0.1038  0.1055  0.1037  0.1038
niter,ni,del,rscale     3    3    5.0000    0.6000
parameters
    1.2994   44.4315   -3.3321   -6.0445  -19.4831   -4.0116
   -6.5474   -1.4696   -1.6931  -24.4992   -3.0719   24.0454
eta,q 0.89667 37.92850
  0.1039  0.1038  0.1040  0.1042  0.1038  0.1049  0.1035  0.1043  0.1037  0.1042  0.1037  0.1037
  0.1037  0.1036  0.1037  0.1039  0.1035  0.1043  0.1034  0.1038  0.1036  0.1037  0.1035  0.1035
  0.1035  0.1035  0.1035  0.1036  0.1034  0.1036  0.1033  0.1034  0.1034  0.1034  0.1034  0.1034
  0.1034  0.1034  0.1034  0.1034  0.1034  0.1034  0.1034  0.1033  0.1033  0.1033  0.1033  0.1033
  0.1034  0.1034  0.1034  0.1034  0.1035  0.1037  0.1034  0.1035  0.1033  0.1035  0.1034  0.1033
  0.1036  0.1035  0.1035  0.1037  0.1038  0.1045  0.1036  0.1038  0.1034  0.1041  0.1034  0.1034
  0.1038  0.1036  0.1037  0.1042  0.1043  0.1051  0.1037  0.1043  0.1036  0.1049  0.1035  0.1036
niter,ni,del,rscale     2    3    5.0000    0.5000
parameters
    1.3917   44.5919   -3.1918   -5.9576  -19.9971   -4.1392
   -7.2679   -1.4912   -1.2648  -24.8340   -2.7619   24.3011
eta,q 0.89675 37.93354
  0.1037  0.1036  0.1037  0.1040  0.1036  0.1045  0.1034  0.1039  0.1035  0.1039  0.1035  0.1035
  0.1035  0.1035  0.1035  0.1037  0.1034  0.1040  0.1033  0.1035  0.1034  0.1035  0.1034  0.1034
  0.1034  0.1034  0.1034  0.1035  0.1033  0.1035  0.1033  0.1033  0.1033  0.1033  0.1033  0.1033
  0.1033  0.1033  0.1033  0.1033  0.1033  0.1033  0.1033  0.1033  0.1033  0.1033  0.1033  0.1033
  0.1033  0.1033  0.1033  0.1033  0.1034  0.1036  0.1033  0.1034  0.1033  0.1034  0.1033  0.1033
  0.1034  0.1034  0.1034  0.1036  0.1036  0.1041  0.1034  0.1036  0.1033  0.1037  0.1033  0.1033
  0.1036  0.1035  0.1036  0.1040  0.1039  0.1047  0.1035  0.1039  0.1034  0.1043  0.1034  0.1035
niter,ni,del,rscale     1    3    5.0000    0.4000
parameters
    1.4528   44.7180   -3.0942   -5.9094  -20.4604   -4.2467
   -7.7768   -1.4970   -0.9490  -25.0979   -2.5761   24.4412
eta,q 0.89679 37.92532
  0.1035  0.1034  0.1035  0.1037  0.1034  0.1042  0.1033  0.1036  0.1034  0.1036  0.1033  0.1034
  0.1034  0.1033  0.1034  0.1035  0.1033  0.1037  0.1032  0.1034  0.1033  0.1034  0.1033  0.1033
  0.1033  0.1033  0.1033  0.1033  0.1032  0.1033  0.1032  0.1032  0.1032  0.1032  0.1032  0.1032
  0.1033  0.1033  0.1033  0.1032  0.1032  0.1032  0.1032  0.1032  0.1032  0.1032  0.1032  0.1032
  0.1033  0.1033  0.1033  0.1033  0.1033  0.1034  0.1033  0.1033  0.1032  0.1033  0.1032  0.1032
  0.1033  0.1033  0.1033  0.1034  0.1034  0.1038  0.1033  0.1034  0.1032  0.1035  0.1033  0.1033
  0.1034  0.1033  0.1034  0.1037  0.1036  0.1043  0.1034  0.1036  0.1033  0.1039  0.1033  0.1034
registration optimization eta report
parameter search radius
    0.8000    0.8000    0.8000    2.4000    2.4000    2.4000
    2.4000    2.4000    2.4000    2.4000    2.4000    2.4000
100000*second partial in parameter space
       33.       21.       33.        8.        5.       17.
        2.        7.        2.       10.        2.        3.
  0.1035  0.1034  0.1035  0.1037  0.1034  0.1042  0.1033  0.1036  0.1034  0.1036  0.1033  0.1034
  0.1034  0.1033  0.1034  0.1035  0.1033  0.1037  0.1032  0.1034  0.1033  0.1034  0.1033  0.1033
  0.1033  0.1033  0.1033  0.1033  0.1032  0.1033  0.1032  0.1032  0.1032  0.1032  0.1032  0.1032
  0.1033  0.1033  0.1033  0.1032  0.1032  0.1032  0.1032  0.1032  0.1032  0.1032  0.1032  0.1032
  0.1033  0.1033  0.1033  0.1033  0.1033  0.1034  0.1033  0.1033  0.1032  0.1033  0.1032  0.1032
  0.1033  0.1033  0.1033  0.1034  0.1034  0.1038  0.1033  0.1034  0.1032  0.1035  0.1033  0.1033
  0.1034  0.1033  0.1034  0.1037  0.1036  0.1043  0.1034  0.1036  0.1033  0.1039  0.1033  0.1034
    1.4528   44.7180   -3.0942   -5.9094  -20.4604   -4.2467
   -7.7768   -1.4970   -0.9490  -25.0979   -2.5761   24.4412
eta,q 0.89679 37.92532

---------------------------------------------------------------------
compute_vox2vox talsrcimg talsrcimg_to_3T18yoSchwartzReactN32_as_orig_t4 /opt/freesurfer/average/3T18yoSchwartzReactN32_as_orig
---------------------------------------------------------------------

freesurfer compute_vox2vox.c
Reading: talsrcimg.4dfp.ifh
Reading: talsrcimg_to_3T18yoSchwartzReactN32_as_orig_t4
Reading: /opt/freesurfer/average/3T18yoSchwartzReactN32_as_orig.4dfp.ifh
Writing: talsrcimg_to_3T18yoSchwartzReactN32_as_orig_t4_vox2vox.txt

start time Thu Oct 5 12:27:19 UTC 2023
end		time Thu Oct 5 12:27:55 UTC 2023

mpr2mni305 success

avi2talxfm orig_nu.mgz /opt/freesurfer/average/mni305.cor.mgz talsrcimg_to_3T18yoSchwartzReactN32_as_orig_t4_vox2vox.txt transforms/talairach.auto.xfm
avi2talxfm done
mv -f /localscratch/bpinsard.41394475.0/freesurfer_crosssectional_autorecon1smriprep_skullstripautorecon2autorecon3_sub05_ses002.job/sub-05_ses-002/mri/talsrcimg_to_3T18yoSchwartzReactN32_as_orig_t4_vox2vox.txt /localscratch/bpinsard.41394475.0/freesurfer_crosssectional_autorecon1smriprep_skullstripautorecon2autorecon3_sub05_ses002.job/sub-05_ses-002/mri/transforms/talsrcimg_to_3T18yoSchwartzReactN32_as_orig_t4_vox2vox.txt
lta_convert --src orig_nu.mgz --trg /opt/freesurfer/average/mni305.cor.mgz --inxfm transforms/talairach.auto.xfm --outlta transforms/talairach.auto.xfm.lta --subject fsaverage
7.4.1

--src: orig_nu.mgz src image (geometry).
--trg: /opt/freesurfer/average/mni305.cor.mgz trg image (geometry).
--inmni: transforms/talairach.auto.xfm input MNI/XFM transform.
--outlta: transforms/talairach.auto.xfm.lta output LTA.
--s: fsaverage subject name
 LTA read, type : 1
 1.06484   0.04066   0.09162  -5.05020;
 0.02351   0.96740  -0.29497  -13.26143;
 0.02012   0.30574   1.16525  -42.66687;
 0.00000   0.00000   0.00000   1.00000;
setting subject to fsaverage
Writing  LTA to file transforms/talairach.auto.xfm.lta...
lta_convert successful.
 
 
Started at Thu Oct 5 12:27:18 UTC 2023
Ended   at Thu Oct  5 12:27:55 UTC 2023
talairach_avi done
