/localscratch/bpinsard.41394480.0/freesurfer_crosssectional_autorecon1smriprep_skullstripautorecon2autorecon3_sub05_ses007.job/sub-05_ses-007/mri
/opt/freesurfer/bin/talairach_avi
--i orig_nu.mgz --xfm transforms/talairach.auto.xfm --atlas 3T18yoSchwartzReactN32_as_orig
talairach_avi 7.4.1
Linux bc11946.int.ets1.calculquebec.ca 3.10.0-1160.95.1.el7.x86_64 #1 SMP Mon Jul 24 13:59:37 UTC 2023 x86_64 x86_64 x86_64 GNU/Linux
Thu Oct  5 12:46:58 UTC 2023
mri_convert orig_nu.mgz talsrcimg.img 
reading from orig_nu.mgz...
TR=0.00, TE=0.00, TI=0.00, flip angle=0.00
i_ras = (-1, 0, 0)
j_ras = (0, 0, -1)
k_ras = (0, 1, 0)
writing to talsrcimg.img...
Analyze Output Matrix
-0.80000   0.00000   0.00000   128.59731;
 0.00000   0.00000   0.80000  -108.28836;
 0.00000  -0.80000   0.00000   133.56836;
 0.00000   0.00000   0.00000   1.00000;
--------------------
INFO: set hdr.hist.orient to -1
mpr2mni305 talsrcimg
Thu Oct  5 12:46:59 UTC 2023
/opt/freesurfer/bin/mpr2mni305 talsrcimg
mpr2mni305 7.4.1
target=3T18yoSchwartzReactN32_as_orig

---------------------------------------------------------------------
analyzeto4dfp talsrcimg -O0 -y
---------------------------------------------------------------------

freesurfer ifh2hdr.c
Thu Oct  5 12:47:00 2023
Writing: talsrcimg.4dfp.hdr
freesurfer analyzeto4dfp.c
Reading: talsrcimg.hdr
header size 348 bytes
hdr.dime.datatype	offset=70	value=2
hdr.dime.bitpix		offset=72	value=8
hdr.hist.orient		offset=252	value=-1
dimensionality     4
dimensions       320       320       320         1
Reading: talsrcimg.img
Writing: talsrcimg.4dfp.img
Writing: talsrcimg.4dfp.ifh
ifh2hdr talsrcimg -r0to232
ori=2

---------------------------------------------------------------------
gauss_4dfp talsrcimg 1.1
---------------------------------------------------------------------

freesurfer gauss_4dfp.c
Reading: talsrcimg.4dfp.img
Writing: talsrcimg_g11.4dfp.img
image dimensions 320 320 320 padded to 384 384 384
processing volume 1freesurfer ifh2hdr.c
Thu Oct  5 12:47:16 2023
Writing: talsrcimg_g11.4dfp.hdr

Writing: talsrcimg_g11.4dfp.ifh
including: talsrcimg.4dfp.img.rec in talsrcimg_g11.4dfp.img.rec

---------------------------------------------------------------------
imgreg_4dfp /opt/freesurfer/average/3T18yoSchwartzReactN32_as_orig none talsrcimg_g11 none talsrcimg_to_3T18yoSchwartzReactN32_as_orig_t4 4355
---------------------------------------------------------------------

freesurfer imgreg_4dfp.c
/opt/freesurfer/average/3T18yoSchwartzReactN32_as_orig.4dfp.img
       256       256       256         1
  1.000000  1.000000  1.000000
orientation T byte_order littleendian
Reading image: /opt/freesurfer/average/3T18yoSchwartzReactN32_as_orig.4dfp.img
dimensions:      256       256       256
mmppix:       1.0000   -1.0000   -1.0000
center:     128.0000 -129.0000 -129.0000
talsrcimg_g11.4dfp.img
       320       320       320         1
  0.799995  0.799995  0.799995
orientation T byte_order littleendian
Reading image: talsrcimg_g11.4dfp.img
dimensions:      320       320       320
mmppix:       0.8000   -0.8000   -0.8000
center:     127.9992 -128.7992 -128.7992
t4_read: open error in t4_sub.f l:  46 t4_file(1:l)talsrcimg_to_3T18yoSchwartzReactN32_as_orig_t4 
t4_read: transform initialized to I4
rotation matrix determinant  1.000000
image alignment mode   4355 decimal     1103 hex
   -7.5000  -45.0000  -45.0000 9553.1016   15.5153
    0.0000  -45.0000  -45.0000 9915.1162   15.5500
    7.5000  -45.0000  -45.0000 9414.6094   15.5890
   -7.5000  -37.5000  -45.0000 9696.6914   15.9141
    0.0000  -37.5000  -45.000010061.7646   15.9469
    7.5000  -37.5000  -45.0000 9538.6289   15.9868
   -7.5000  -30.0000  -45.000010394.5547   16.5441
    0.0000  -30.0000  -45.000010783.8047   16.5641
    7.5000  -30.0000  -45.000010210.5156   16.5925
   -7.5000  -22.5000  -45.000011082.1758   17.1371
    0.0000  -22.5000  -45.000011484.0742   17.1446
    7.5000  -22.5000  -45.000010843.5273   17.1628
   -7.5000  -15.0000  -45.000011753.8350   17.6697
    0.0000  -15.0000  -45.000012173.9697   17.6796
    7.5000  -15.0000  -45.000011464.3936   17.7009
   -7.5000   -7.5000  -45.000012346.9619   18.1433
    0.0000   -7.5000  -45.000012791.2764   18.1698
    7.5000   -7.5000  -45.000012050.0576   18.2053
   -7.5000    0.0000  -45.000012852.2617   18.6723
    0.0000    0.0000  -45.000013326.4111   18.7123
    7.5000    0.0000  -45.000012555.1338   18.7595
   -7.5000    7.5000  -45.000012455.5293   19.3230
    0.0000    7.5000  -45.000012913.6729   19.3619
    7.5000    7.5000  -45.000012161.0469   19.4104
   -7.5000   15.0000  -45.000012039.1113   20.2330
    0.0000   15.0000  -45.000012481.9033   20.2538
    7.5000   15.0000  -45.000011758.5449   20.2816
   -7.5000   22.5000  -45.000011555.0654   21.0934
    0.0000   22.5000  -45.000011981.2041   21.0967
    7.5000   22.5000  -45.000011286.1631   21.1061
   -7.5000   30.0000  -45.000010985.6738   21.8855
    0.0000   30.0000  -45.000011412.6172   21.8943
    7.5000   30.0000  -45.000010749.5869   21.9072
   -7.5000   37.5000  -45.000010806.5215   22.7455
    0.0000   37.5000  -45.000011205.2695   22.7773
    7.5000   37.5000  -45.000010560.5088   22.8056
   -7.5000   45.0000  -45.000010145.5146   23.3368
    0.0000   45.0000  -45.000010497.2197   23.3917
    7.5000   45.0000  -45.0000 9911.0576   23.4363
   -7.5000  -45.0000  -37.500010053.7334   15.4811
    0.0000  -45.0000  -37.500010451.9580   15.5202
    7.5000  -45.0000  -37.5000 9906.0791   15.5633
   -7.5000  -37.5000  -37.500010218.0518   15.8754
    0.0000  -37.5000  -37.500010617.5811   15.9118
    7.5000  -37.5000  -37.500010044.4629   15.9525
   -7.5000  -30.0000  -37.500010957.9346   16.5073
    0.0000  -30.0000  -37.500011394.1338   16.5299
    7.5000  -30.0000  -37.500010766.8945   16.5546
   -7.5000  -22.5000  -37.500011700.7422   17.1035
    0.0000  -22.5000  -37.500012156.6211   17.1136
    7.5000  -22.5000  -37.500011451.0732   17.1267
   -7.5000  -15.0000  -37.500012420.8701   17.6362
    0.0000  -15.0000  -37.500012893.8857   17.6497
    7.5000  -15.0000  -37.500012125.4971   17.6693
   -7.5000   -7.5000  -37.500013074.8232   18.1066
    0.0000   -7.5000  -37.500013567.2803   18.1378
    7.5000   -7.5000  -37.500012748.9551   18.1764
   -7.5000    0.0000  -37.500013670.6318   18.6323
    0.0000    0.0000  -37.500014189.0332   18.6777
    7.5000    0.0000  -37.500013305.6494   18.7294
   -7.5000    7.5000  -37.500013253.2480   19.2762
    0.0000    7.5000  -37.500013757.4111   19.3195
    7.5000    7.5000  -37.500012892.4629   19.3689
   -7.5000   15.0000  -37.500012819.6729   20.1812
    0.0000   15.0000  -37.500013297.7363   20.2069
    7.5000   15.0000  -37.500012477.2520   20.2317
   -7.5000   22.5000  -37.500012330.0020   21.0439
    0.0000   22.5000  -37.500012789.0781   21.0479
    7.5000   22.5000  -37.500011995.6055   21.0501
   -7.5000   30.0000  -37.500011751.0566   21.8333
    0.0000   30.0000  -37.500012192.8242   21.8427
    7.5000   30.0000  -37.500011435.4277   21.8511
   -7.5000   37.5000  -37.500011539.2705   22.6894
    0.0000   37.5000  -37.500011970.2979   22.7216
    7.5000   37.5000  -37.500011232.8604   22.7502
   -7.5000   45.0000  -37.500010819.7539   23.2796
    0.0000   45.0000  -37.500011195.0449   23.3339
    7.5000   45.0000  -37.500010526.6006   23.3804
   -7.5000  -45.0000  -30.000010740.4258   16.0889
    0.0000  -45.0000  -30.000011186.7158   16.1373
    7.5000  -45.0000  -30.000010610.0859   16.1825
   -7.5000  -37.5000  -30.000010924.5264   16.5032
    0.0000  -37.5000  -30.000011376.9229   16.5488
    7.5000  -37.5000  -30.000010785.0752   16.5906
   -7.5000  -30.0000  -30.000011735.3066   17.1694
    0.0000  -30.0000  -30.000012211.6592   17.2025
    7.5000  -30.0000  -30.000011549.8379   17.2280
   -7.5000  -22.5000  -30.000012541.5029   17.7975
    0.0000  -22.5000  -30.000013031.3613   17.8191
    7.5000  -22.5000  -30.000012288.6836   17.8333
   -7.5000  -15.0000  -30.000013327.6152   18.3668
    0.0000  -15.0000  -30.000013839.5742   18.3918
    7.5000  -15.0000  -30.000013025.4365   18.4129
   -7.5000   -7.5000  -30.000014040.5596   18.8787
    0.0000   -7.5000  -30.000014587.2734   18.9212
    7.5000   -7.5000  -30.000013699.1445   18.9623
   -7.5000    0.0000  -30.000014698.9053   19.4573
    0.0000    0.0000  -30.000015264.0020   19.5141
    7.5000    0.0000  -30.000014305.7090   19.5688
   -7.5000    7.5000  -30.000014255.1367   20.1349
    0.0000    7.5000  -30.000014804.9111   20.1896
    7.5000    7.5000  -30.000013866.3164   20.2406
   -7.5000   15.0000  -30.000013805.7393   21.0700
    0.0000   15.0000  -30.000014340.3574   21.1080
    7.5000   15.0000  -30.000013434.1494   21.1338
   -7.5000   22.5000  -30.000013312.6807   21.9675
    0.0000   22.5000  -30.000013830.0410   21.9813
    7.5000   22.5000  -30.000012926.3164   21.9821
   -7.5000   30.0000  -30.000012695.1289   22.7971
    0.0000   30.0000  -30.000013186.5469   22.8160
    7.5000   30.0000  -30.000012328.3975   22.8216
   -7.5000   37.5000  -30.000012478.4404   23.7053
    0.0000   37.5000  -30.000012952.0273   23.7445
    7.5000   37.5000  -30.000012108.9824   23.7678
   -7.5000   45.0000  -30.000011704.1982   24.3519
    0.0000   45.0000  -30.000012132.7207   24.4119
    7.5000   45.0000  -30.000011359.8018   24.4522
   -7.5000  -45.0000  -22.500011428.9961   16.5594
    0.0000  -45.0000  -22.500011877.4082   16.6120
    7.5000  -45.0000  -22.500011304.8242   16.6548
   -7.5000  -37.5000  -22.500011646.4141   16.9918
    0.0000  -37.5000  -22.500012100.2705   17.0425
    7.5000  -37.5000  -22.500011493.4551   17.0832
   -7.5000  -30.0000  -22.500012505.0752   17.6751
    0.0000  -30.0000  -22.500012999.1709   17.7166
    7.5000  -30.0000  -22.500012324.5605   17.7455
   -7.5000  -22.5000  -22.500013390.7910   18.3205
    0.0000  -22.5000  -22.500013898.9668   18.3521
    7.5000  -22.5000  -22.500013133.8145   18.3720
   -7.5000  -15.0000  -22.500014264.0342   18.9185
    0.0000  -15.0000  -22.500014801.1855   18.9523
    7.5000  -15.0000  -22.500013928.3633   18.9772
   -7.5000   -7.5000  -22.500015061.5566   19.4727
    0.0000   -7.5000  -22.500015633.4736   19.5218
    7.5000   -7.5000  -22.500014661.8740   19.5625
   -7.5000    0.0000  -22.500015776.8633   20.1013
    0.0000    0.0000  -22.500016388.4316   20.1633
    7.5000    0.0000  -22.500015336.2119   20.2158
   -7.5000    7.5000  -22.500015319.7070   20.8079
    0.0000    7.5000  -22.500015927.9912   20.8689
    7.5000    7.5000  -22.500014878.3525   20.9189
   -7.5000   15.0000  -22.500014896.9775   21.7599
    0.0000   15.0000  -22.500015482.5801   21.8057
    7.5000   15.0000  -22.500014465.1533   21.8339
   -7.5000   22.5000  -22.500014369.4854   22.6746
    0.0000   22.5000  -22.500014946.0938   22.6993
    7.5000   22.5000  -22.500013946.4844   22.7057
   -7.5000   30.0000  -22.500013695.1152   23.5374
    0.0000   30.0000  -22.500014243.9326   23.5671
    7.5000   30.0000  -22.500013304.3936   23.5754
   -7.5000   37.5000  -22.500013466.9570   24.4929
    0.0000   37.5000  -22.500013997.2354   24.5388
    7.5000   37.5000  -22.500013073.8223   24.5569
   -7.5000   45.0000  -22.500012649.1816   25.1848
    0.0000   45.0000  -22.500013135.8828   25.2497
    7.5000   45.0000  -22.500012281.5986   25.2814
   -7.5000  -45.0000  -15.000012065.7334   16.8712
    0.0000  -45.0000  -15.000012518.3271   16.9192
    7.5000  -45.0000  -15.000011946.4375   16.9575
   -7.5000  -37.5000  -15.000012333.4971   17.3123
    0.0000  -37.5000  -15.000012792.0820   17.3586
    7.5000  -37.5000  -15.000012189.8086   17.3973
   -7.5000  -30.0000  -15.000013296.0459   18.0082
    0.0000  -30.0000  -15.000013785.3359   18.0467
    7.5000  -30.0000  -15.000013106.9336   18.0777
   -7.5000  -22.5000  -15.000014266.0410   18.6694
    0.0000  -22.5000  -15.000014793.8076   18.6986
    7.5000  -22.5000  -15.000013995.8115   18.7228
   -7.5000  -15.0000  -15.000015227.5049   19.2896
    0.0000  -15.0000  -15.000015787.2295   19.3205
    7.5000  -15.0000  -15.000014873.7871   19.3472
   -7.5000   -7.5000  -15.000016122.1250   19.8733
    0.0000   -7.5000  -15.000016716.0430   19.9181
    7.5000   -7.5000  -15.000015678.0186   19.9561
   -7.5000    0.0000  -15.000016923.8613   20.5329
    0.0000    0.0000  -15.000017561.0820   20.5896
    7.5000    0.0000  -15.000016438.9941   20.6371
   -7.5000    7.5000  -15.000016469.6094   21.2546
    0.0000    7.5000  -15.000017112.4922   21.3104
    7.5000    7.5000  -15.000015981.3047   21.3580
   -7.5000   15.0000  -15.000016036.9707   22.2237
    0.0000   15.0000  -15.000016673.9160   22.2634
    7.5000   15.0000  -15.000015568.4570   22.2929
   -7.5000   22.5000  -15.000015463.0576   23.1495
    0.0000   22.5000  -15.000016090.4775   23.1732
    7.5000   22.5000  -15.000015034.6455   23.1854
   -7.5000   30.0000  -15.000014753.8652   24.0299
    0.0000   30.0000  -15.000015350.6299   24.0595
    7.5000   30.0000  -15.000014341.0928   24.0721
   -7.5000   37.5000  -15.000014518.0898   25.0056
    0.0000   37.5000  -15.000015095.8203   25.0515
    7.5000   37.5000  -15.000014100.0947   25.0696
   -7.5000   45.0000  -15.000013633.4834   25.7083
    0.0000   45.0000  -15.000014175.9561   25.7736
    7.5000   45.0000  -15.000013241.3184   25.8038
   -7.5000  -45.0000   -7.500012633.0752   17.0320
    0.0000  -45.0000   -7.500013101.5127   17.0726
    7.5000  -45.0000   -7.500012536.5801   17.1105
   -7.5000  -37.5000   -7.500012937.1494   17.4720
    0.0000  -37.5000   -7.500013413.6787   17.5108
    7.5000  -37.5000   -7.500012808.6592   17.5511
   -7.5000  -30.0000   -7.500013989.9824   18.1874
    0.0000  -30.0000   -7.500014513.7646   18.2156
    7.5000  -30.0000   -7.500013816.9355   18.2481
   -7.5000  -22.5000   -7.500015058.2090   18.8713
    0.0000  -22.5000   -7.500015611.5352   18.8883
    7.5000  -22.5000   -7.500014802.6914   18.9129
   -7.5000  -15.0000   -7.500016119.8896   19.5096
    0.0000  -15.0000   -7.500016709.8555   19.5285
    7.5000  -15.0000   -7.500015766.3008   19.5543
   -7.5000   -7.5000   -7.500017103.6250   20.1048
    0.0000   -7.5000   -7.500017749.5273   20.1395
    7.5000   -7.5000   -7.500016651.9902   20.1761
   -7.5000    0.0000   -7.500017977.1777   20.7746
    0.0000    0.0000   -7.500018669.5391   20.8225
    7.5000    0.0000   -7.500017510.7363   20.8695
   -7.5000    7.5000   -7.500017515.6934   21.4974
    0.0000    7.5000   -7.500018210.2109   21.5441
    7.5000    7.5000   -7.500017059.5312   21.5938
   -7.5000   15.0000   -7.500017091.5684   22.4881
    0.0000   15.0000   -7.500017799.0098   22.5161
    7.5000   15.0000   -7.500016663.5000   22.5474
   -7.5000   22.5000   -7.500016492.8828   23.4270
    0.0000   22.5000   -7.500017192.0957   23.4396
    7.5000   22.5000   -7.500016108.1133   23.4541
   -7.5000   30.0000   -7.500015748.9902   24.3101
    0.0000   30.0000   -7.500016411.8027   24.3290
    7.5000   30.0000   -7.500015378.9678   24.3444
   -7.5000   37.5000   -7.500015523.6650   25.2806
    0.0000   37.5000   -7.500016183.0205   25.3210
    7.5000   37.5000   -7.500015130.5225   25.3451
   -7.5000   45.0000   -7.500014624.4004   25.9644
    0.0000   45.0000   -7.500015226.4883   26.0278
    7.5000   45.0000   -7.500014201.9639   26.0663
   -7.5000  -45.0000    0.000013061.2764   17.1506
    0.0000  -45.0000    0.000013548.7432   17.1888
    7.5000  -45.0000    0.000012967.0947   17.2318
   -7.5000  -37.5000    0.000013390.2236   17.5881
    0.0000  -37.5000    0.000013886.1621   17.6242
    7.5000  -37.5000    0.000013262.3662   17.6682
   -7.5000  -30.0000    0.000014512.8066   18.3263
    0.0000  -30.0000    0.000015062.3018   18.3483
    7.5000  -30.0000    0.000014335.4580   18.3795
   -7.5000  -22.5000    0.000015644.1328   19.0355
    0.0000  -22.5000    0.000016222.4238   19.0437
    7.5000  -22.5000    0.000015410.5615   19.0638
   -7.5000  -15.0000    0.000016800.9805   19.6897
    0.0000  -15.0000    0.000017430.2109   19.7006
    7.5000  -15.0000    0.000016483.1797   19.7243
   -7.5000   -7.5000    0.000017938.7402   20.2918
    0.0000   -7.5000    0.000018663.2578   20.3213
    7.5000   -7.5000    0.000017562.0977   20.3609
   -7.5000    0.0000    0.000018936.9102   20.9689
    0.0000    0.0000    0.000019726.6152   21.0138
    7.5000    0.0000    0.000018594.0312   21.0666
   -7.5000    7.5000    0.000018413.1348   21.6922
    0.0000    7.5000    0.000019164.8066   21.7357
    7.5000    7.5000    0.000018122.9336   21.7899
   -7.5000   15.0000    0.000018027.1094   22.7059
    0.0000   15.0000    0.000018775.8887   22.7289
    7.5000   15.0000    0.000017696.6445   22.7600
   -7.5000   22.5000    0.000017469.7949   23.6625
    0.0000   22.5000    0.000018194.6172   23.6661
    7.5000   22.5000    0.000017081.1465   23.6765
   -7.5000   30.0000    0.000016725.2031   24.5469
    0.0000   30.0000    0.000017414.0840   24.5566
    7.5000   30.0000    0.000016284.8721   24.5711
   -7.5000   37.5000    0.000016530.5098   25.5109
    0.0000   37.5000    0.000017189.6641   25.5464
    7.5000   37.5000    0.000016008.4121   25.5780
   -7.5000   45.0000    0.000015612.9102   26.1779
    0.0000   45.0000    0.000016194.8604   26.2392
    7.5000   45.0000    0.000015024.3486   26.2891
   -7.5000  -45.0000    7.500012477.2812   17.1043
    0.0000  -45.0000    7.500012955.0107   17.1476
    7.5000  -45.0000    7.500012368.0811   17.1952
   -7.5000  -37.5000    7.500012787.3799   17.5400
    0.0000  -37.5000    7.500013271.2305   17.5802
    7.5000  -37.5000    7.500012673.9512   17.6251
   -7.5000  -30.0000    7.500013893.9043   18.2838
    0.0000  -30.0000    7.500014422.8291   18.3089
    7.5000  -30.0000    7.500013745.7607   18.3362
   -7.5000  -22.5000    7.500015024.8857   18.9980
    0.0000  -22.5000    7.500015563.6299   19.0093
    7.5000  -22.5000    7.500014840.1729   19.0238
   -7.5000  -15.0000    7.500016214.8564   19.6517
    0.0000  -15.0000    7.500016815.5938   19.6667
    7.5000  -15.0000    7.500015971.3691   19.6885
   -7.5000   -7.5000    7.500017504.3242   20.2498
    0.0000   -7.5000    7.500018231.6309   20.2847
    7.5000   -7.5000    7.500017151.5352   20.3279
   -7.5000    0.0000    7.500018707.1094   20.9256
    0.0000    0.0000    7.500019466.0957   20.9766
    7.5000    0.0000    7.500018273.6738   21.0347
   -7.5000    7.5000    7.500018190.9805   21.6459
    0.0000    7.5000    7.500018842.4824   21.6946
    7.5000    7.5000    7.500017769.7188   21.7500
   -7.5000   15.0000    7.500017658.5723   22.6612
    0.0000   15.0000    7.500018302.1074   22.6901
    7.5000   15.0000    7.500017205.5820   22.7179
   -7.5000   22.5000    7.500017085.4629   23.6256
    0.0000   22.5000    7.500017745.4883   23.6301
    7.5000   22.5000    7.500016559.6035   23.6325
   -7.5000   30.0000    7.500016373.2314   24.5098
    0.0000   30.0000    7.500016997.7754   24.5203
    7.5000   30.0000    7.500015796.2275   24.5297
   -7.5000   37.5000    7.500016155.7812   25.4705
    0.0000   37.5000    7.500016761.2773   25.5066
    7.5000   37.5000    7.500015529.8262   25.5387
   -7.5000   45.0000    7.500015203.5527   26.1435
    0.0000   45.0000    7.500015756.2012   26.2045
    7.5000   45.0000    7.500014604.3486   26.2567
   -7.5000  -45.0000   15.000011799.2002   17.0559
    0.0000  -45.0000   15.000012233.3975   17.1073
    7.5000  -45.0000   15.000011706.9131   17.1553
   -7.5000  -37.5000   15.000012138.0830   17.4949
    0.0000  -37.5000   15.000012583.3037   17.5432
    7.5000  -37.5000   15.000012023.6914   17.5875
   -7.5000  -30.0000   15.000013244.4922   18.2290
    0.0000  -30.0000   15.000013719.4785   18.2642
    7.5000  -30.0000   15.000013075.7881   18.2913
   -7.5000  -22.5000   15.000014384.8564   18.9326
    0.0000  -22.5000   15.000014877.6475   18.9556
    7.5000  -22.5000   15.000014116.4824   18.9707
   -7.5000  -15.0000   15.000015559.6709   19.5845
    0.0000  -15.0000   15.000016122.8672   19.6111
    7.5000  -15.0000   15.000015204.7949   19.6336
   -7.5000   -7.5000   15.000016815.8203   20.1889
    0.0000   -7.5000   15.000017463.1348   20.2345
    7.5000   -7.5000   15.000016315.1963   20.2784
   -7.5000    0.0000   15.000018018.4648   20.8760
    0.0000    0.0000   15.000018644.9355   20.9369
    7.5000    0.0000   15.000017361.8418   20.9957
   -7.5000    7.5000   15.000017585.6973   21.6017
    0.0000    7.5000   15.000018128.5215   21.6605
    7.5000    7.5000   15.000016865.5469   21.7152
   -7.5000   15.0000   15.000017023.9512   22.6051
    0.0000   15.0000   15.000017607.5508   22.6459
    7.5000   15.0000   15.000016346.9717   22.6735
   -7.5000   22.5000   15.000016343.8281   23.5648
    0.0000   22.5000   15.000016968.5312   23.5796
    7.5000   22.5000   15.000015743.1328   23.5804
   -7.5000   30.0000   15.000015546.2715   24.4533
    0.0000   30.0000   15.000016159.2031   24.4736
    7.5000   30.0000   15.000015022.6592   24.4796
   -7.5000   37.5000   15.000015288.3418   25.4270
    0.0000   37.5000   15.000015906.9756   25.4690
    7.5000   37.5000   15.000014815.3027   25.4939
   -7.5000   45.0000   15.000014371.3945   26.1267
    0.0000   45.0000   15.000014955.5391   26.1911
    7.5000   45.0000   15.000013971.4561   26.2343
   -7.5000  -45.0000   22.500011024.4141   17.0185
    0.0000  -45.0000   22.500011478.2383   17.0728
    7.5000  -45.0000   22.500010909.2666   17.1169
   -7.5000  -37.5000   22.500011354.5391   17.4620
    0.0000  -37.5000   22.500011822.3818   17.5142
    7.5000  -37.5000   22.500011212.4033   17.5562
   -7.5000  -30.0000   22.500012372.4697   18.1812
    0.0000  -30.0000   22.500012851.4502   18.2241
    7.5000  -30.0000   22.500012171.4014   18.2538
   -7.5000  -22.5000   22.500013410.8945   18.8693
    0.0000  -22.5000   22.500013890.1602   18.9019
    7.5000  -22.5000   22.500013120.5596   18.9224
   -7.5000  -15.0000   22.500014469.9209   19.5185
    0.0000  -15.0000   22.500014999.1777   19.5535
    7.5000  -15.0000   22.500014138.6689   19.5792
   -7.5000   -7.5000   22.500015576.4746   20.1329
    0.0000   -7.5000   22.500016170.3428   20.1839
    7.5000   -7.5000   22.500015183.6514   20.2260
   -7.5000    0.0000   22.500016600.2617   20.8307
    0.0000    0.0000   22.500017202.5098   20.8953
    7.5000    0.0000   22.500016139.7119   20.9498
   -7.5000    7.5000   22.500016213.9482   21.5637
    0.0000    7.5000   22.500016800.2500   21.6271
    7.5000    7.5000   22.500015735.6836   21.6790
   -7.5000   15.0000   22.500015824.2432   22.5520
    0.0000   15.0000   22.500016452.5801   22.5995
    7.5000   15.0000   22.500015368.0410   22.6287
   -7.5000   22.5000   22.500015284.2705   23.4989
    0.0000   22.5000   22.500015909.0186   23.5246
    7.5000   22.5000   22.500014865.0898   23.5312
   -7.5000   30.0000   22.500014583.2627   24.3937
    0.0000   30.0000   22.500015178.3672   24.4246
    7.5000   30.0000   22.500014215.4688   24.4332
   -7.5000   37.5000   22.500014355.9111   25.3836
    0.0000   37.5000   22.500014940.7793   25.4312
    7.5000   37.5000   22.500014005.2646   25.4500
   -7.5000   45.0000   22.500013496.7002   26.1058
    0.0000   45.0000   22.500014044.3057   26.1733
    7.5000   45.0000   22.500013189.2754   26.2061
   -7.5000  -45.0000   30.000010069.8545   17.0566
    0.0000  -45.0000   30.000010505.5010   17.1056
    7.5000  -45.0000   30.0000 9948.6641   17.1448
   -7.5000  -37.5000   30.000010366.3398   17.5026
    0.0000  -37.5000   30.000010809.4600   17.5498
    7.5000  -37.5000   30.000010234.5820   17.5893
   -7.5000  -30.0000   30.000011279.7305   18.2176
    0.0000  -30.0000   30.000011734.4834   18.2568
    7.5000  -30.0000   30.000011110.1084   18.2884
   -7.5000  -22.5000   30.000012223.4043   18.9023
    0.0000  -22.5000   30.000012685.6934   18.9322
    7.5000  -22.5000   30.000012000.3223   18.9569
   -7.5000  -15.0000   30.000013214.6562   19.5540
    0.0000  -15.0000   30.000013706.1807   19.5857
    7.5000  -15.0000   30.000012952.0234   19.6131
   -7.5000   -7.5000   30.000014225.5098   20.1742
    0.0000   -7.5000   30.000014761.3535   20.2202
    7.5000   -7.5000   30.000013926.6279   20.2592
   -7.5000    0.0000   30.000015134.3145   20.8749
    0.0000    0.0000   30.000015684.3789   20.9331
    7.5000    0.0000   30.000014775.7041   20.9820
   -7.5000    7.5000   30.000014813.8223   21.6151
    0.0000    7.5000   30.000015381.2354   21.6723
    7.5000    7.5000   30.000014483.1074   21.7212
   -7.5000   15.0000   30.000014487.1602   22.6092
    0.0000   15.0000   30.000015067.3262   22.6499
    7.5000   15.0000   30.000014190.2568   22.6802
   -7.5000   22.5000   30.000014030.1748   23.5583
    0.0000   22.5000   30.000014595.9404   23.5827
    7.5000   22.5000   30.000013742.5693   23.5953
   -7.5000   30.0000   30.000013433.4453   24.4640
    0.0000   30.0000   30.000013979.8965   24.4945
    7.5000   30.0000   30.000013169.7188   24.5076
   -7.5000   37.5000   30.000013272.6064   25.4620
    0.0000   37.5000   30.000013828.3887   25.5091
    7.5000   37.5000   30.000013009.6270   25.5279
   -7.5000   45.0000   30.000012532.7061   26.1892
    0.0000   45.0000   30.000013047.7383   26.2563
    7.5000   45.0000   30.000012270.0029   26.2873
   -7.5000  -45.0000   37.5000 9569.6758   17.3968
    0.0000  -45.0000   37.5000 9954.8467   17.4392
    7.5000  -45.0000   37.5000 9438.7676   17.4790
   -7.5000  -37.5000   37.5000 9867.5195   17.8514
    0.0000  -37.5000   37.500010247.2822   17.8923
    7.5000  -37.5000   37.5000 9731.2080   17.9346
   -7.5000  -30.0000   37.500010729.6436   18.5867
    0.0000  -30.0000   37.500011132.9941   18.6166
    7.5000  -30.0000   37.500010582.7832   18.6509
   -7.5000  -22.5000   37.500011629.9414   19.2932
    0.0000  -22.5000   37.500012052.8770   19.3111
    7.5000  -22.5000   37.500011444.7695   19.3370
   -7.5000  -15.0000   37.500012566.7324   19.9586
    0.0000  -15.0000   37.500013021.1279   19.9781
    7.5000  -15.0000   37.500012363.9932   20.0051
   -7.5000   -7.5000   37.500013492.4277   20.5821
    0.0000   -7.5000   37.500013988.9531   20.6182
    7.5000   -7.5000   37.500013265.8291   20.6565
   -7.5000    0.0000   37.500014342.0723   21.2837
    0.0000    0.0000   37.500014861.0801   21.3338
    7.5000    0.0000   37.500014070.5312   21.3832
   -7.5000    7.5000   37.500014098.0635   22.0441
    0.0000    7.5000   37.500014622.7812   22.0936
    7.5000    7.5000   37.500013824.8945   22.1458
   -7.5000   15.0000   37.500013841.3135   23.0873
    0.0000   15.0000   37.500014371.0000   23.1172
    7.5000   15.0000   37.500013578.6650   23.1503
   -7.5000   22.5000   37.500013424.9902   24.0790
    0.0000   22.5000   37.500013947.1084   24.0924
    7.5000   22.5000   37.500013161.5771   24.1079
   -7.5000   30.0000   37.500012904.1797   25.0187
    0.0000   30.0000   37.500013423.4639   25.0382
    7.5000   30.0000   37.500012653.5674   25.0542
   -7.5000   37.5000   37.500012772.9404   26.0409
    0.0000   37.5000   37.500013293.5244   26.0831
    7.5000   37.5000   37.500012535.6113   26.1081
   -7.5000   45.0000   37.500012084.3535   26.7770
    0.0000   45.0000   37.500012570.7969   26.8441
    7.5000   45.0000   37.500011859.8154   26.8844
   -7.5000  -45.0000   45.0000 8699.7285   17.8563
    0.0000  -45.0000   45.0000 9027.0293   17.8996
    7.5000  -45.0000   45.0000 8579.3232   17.9466
   -7.5000  -37.5000   45.0000 8980.3115   18.3036
    0.0000  -37.5000   45.0000 9314.3721   18.3448
    7.5000  -37.5000   45.0000 8849.4111   18.3926
   -7.5000  -30.0000   45.0000 9765.7334   19.0735
    0.0000  -30.0000   45.000010125.5615   19.0990
    7.5000  -30.0000   45.0000 9631.6797   19.1324
   -7.5000  -22.5000   45.000010588.3291   19.8154
    0.0000  -22.5000   45.000010988.6240   19.8253
    7.5000  -22.5000   45.000010437.5010   19.8464
   -7.5000  -15.0000   45.000011448.1367   20.5008
    0.0000  -15.0000   45.000011884.5674   20.5137
    7.5000  -15.0000   45.000011279.5605   20.5391
   -7.5000   -7.5000   45.000012281.9043   21.1295
    0.0000   -7.5000   45.000012751.3232   21.1631
    7.5000   -7.5000   45.000012088.5234   21.2063
   -7.5000    0.0000   45.000013042.0908   21.8353
    0.0000    0.0000   45.000013521.9170   21.8862
    7.5000    0.0000   45.000012822.5059   21.9439
   -7.5000    7.5000   45.000012838.0605   22.6026
    0.0000    7.5000   45.000013314.5811   22.6525
    7.5000    7.5000   45.000012625.0615   22.7114
   -7.5000   15.0000   45.000012614.5820   23.6719
    0.0000   15.0000   45.000013091.9238   23.6989
    7.5000   15.0000   45.000012396.5469   23.7318
   -7.5000   22.5000   45.000012262.1377   24.6984
    0.0000   22.5000   45.000012736.4131   24.7037
    7.5000   22.5000   45.000012036.9551   24.7137
   -7.5000   30.0000   45.000011819.0537   25.6740
    0.0000   30.0000   45.000012282.1699   25.6864
    7.5000   30.0000   45.000011589.6758   25.7014
   -7.5000   37.5000   45.000011730.4082   26.7236
    0.0000   37.5000   45.000012198.8115   26.7655
    7.5000   37.5000   45.000011506.4609   26.7997
   -7.5000   45.0000   45.000011103.6436   27.4745
    0.0000   45.0000   45.000011553.5664   27.5457
    7.5000   45.0000   45.000010880.2402   27.6002

---------------------------------------------------------------------
imgreg_4dfp /opt/freesurfer/average/3T18yoSchwartzReactN32_as_orig /opt/freesurfer/average/711-2B_as_mni_average_305_mask talsrcimg_g11 none talsrcimg_to_3T18yoSchwartzReactN32_as_orig_t4 4355
---------------------------------------------------------------------

freesurfer imgreg_4dfp.c
/opt/freesurfer/average/3T18yoSchwartzReactN32_as_orig.4dfp.img
       256       256       256         1
  1.000000  1.000000  1.000000
orientation T byte_order littleendian
Reading image: /opt/freesurfer/average/3T18yoSchwartzReactN32_as_orig.4dfp.img
dimensions:      256       256       256
mmppix:       1.0000   -1.0000   -1.0000
center:     128.0000 -129.0000 -129.0000
/opt/freesurfer/average/711-2B_as_mni_average_305_mask.4dfp.img
       256       256       256         1
  1.000000  1.000000  1.000000
orientation T byte_order littleendian
Reading mask: /opt/freesurfer/average/711-2B_as_mni_average_305_mask.4dfp.img (2306576 pixels)
talsrcimg_g11.4dfp.img
       320       320       320         1
  0.799995  0.799995  0.799995
orientation T byte_order littleendian
Reading image: talsrcimg_g11.4dfp.img
dimensions:      320       320       320
mmppix:       0.8000   -0.8000   -0.8000
center:     127.9992 -128.7992 -128.7992
rotation matrix determinant  1.000000
image alignment mode   4355 decimal     1103 hex
   -7.5000  -45.0000  -45.0000 2223.8176   25.8865
    0.0000  -45.0000  -45.0000 2222.3086   25.9413
    7.5000  -45.0000  -45.0000 2196.6313   26.3512
   -7.5000  -37.5000  -45.0000 2258.3916   25.7664
    0.0000  -37.5000  -45.0000 2258.5312   25.8409
    7.5000  -37.5000  -45.0000 2232.0959   26.2036
   -7.5000  -30.0000  -45.0000 2289.5710   25.5925
    0.0000  -30.0000  -45.0000 2291.5518   25.6865
    7.5000  -30.0000  -45.0000 2261.2642   26.0057
   -7.5000  -22.5000  -45.0000 2320.9326   25.3291
    0.0000  -22.5000  -45.0000 2320.5693   25.4015
    7.5000  -22.5000  -45.0000 2286.3462   25.7307
   -7.5000  -15.0000  -45.0000 2346.3794   24.9822
    0.0000  -15.0000  -45.0000 2346.5024   25.0158
    7.5000  -15.0000  -45.0000 2301.6333   25.3492
   -7.5000   -7.5000  -45.0000 2359.3628   24.5846
    0.0000   -7.5000  -45.0000 2352.5532   24.6115
    7.5000   -7.5000  -45.0000 2312.5693   24.9463
   -7.5000    0.0000  -45.0000 2352.6602   24.2292
    0.0000    0.0000  -45.0000 2347.0139   24.2848
    7.5000    0.0000  -45.0000 2309.0100   24.7083
   -7.5000    7.5000  -45.0000 2342.8491   24.3039
    0.0000    7.5000  -45.0000 2341.0986   24.3418
    7.5000    7.5000  -45.0000 2297.2625   24.7940
   -7.5000   15.0000  -45.0000 2309.8176   24.6317
    0.0000   15.0000  -45.0000 2309.8408   24.7012
    7.5000   15.0000  -45.0000 2269.0698   25.2047
   -7.5000   22.5000  -45.0000 2276.6440   25.5814
    0.0000   22.5000  -45.0000 2271.0095   25.4909
    7.5000   22.5000  -45.0000 2235.3418   26.0615
   -7.5000   30.0000  -45.0000 2227.9553   26.8771
    0.0000   30.0000  -45.0000 2226.3594   26.8078
    7.5000   30.0000  -45.0000 2189.2219   27.3389
   -7.5000   37.5000  -45.0000 2165.4644   28.5665
    0.0000   37.5000  -45.0000 2160.4731   28.5616
    7.5000   37.5000  -45.0000 2122.8977   29.1461
   -7.5000   45.0000  -45.0000 2080.1968   30.7774
    0.0000   45.0000  -45.0000 2072.4004   30.8183
    7.5000   45.0000  -45.0000 2043.4620   31.5880
   -7.5000  -45.0000  -37.5000 2318.7380   24.2237
    0.0000  -45.0000  -37.5000 2324.4724   24.3126
    7.5000  -45.0000  -37.5000 2288.5105   24.6571
   -7.5000  -37.5000  -37.5000 2355.8123   24.1284
    0.0000  -37.5000  -37.5000 2359.2678   24.1982
    7.5000  -37.5000  -37.5000 2322.3120   24.4882
   -7.5000  -30.0000  -37.5000 2382.8542   23.9425
    0.0000  -30.0000  -37.5000 2390.1609   23.9628
    7.5000  -30.0000  -37.5000 2353.3926   24.2544
   -7.5000  -22.5000  -37.5000 2410.1592   23.5896
    0.0000  -22.5000  -37.5000 2420.6821   23.6861
    7.5000  -22.5000  -37.5000 2377.2019   23.9510
   -7.5000  -15.0000  -37.5000 2437.7073   23.2591
    0.0000  -15.0000  -37.5000 2444.9709   23.3579
    7.5000  -15.0000  -37.5000 2398.3948   23.6358
   -7.5000   -7.5000  -37.5000 2454.1877   22.8617
    0.0000   -7.5000  -37.5000 2455.8975   22.9653
    7.5000   -7.5000  -37.5000 2409.2532   23.2664
   -7.5000    0.0000  -37.5000 2460.4001   22.5604
    0.0000    0.0000  -37.5000 2457.5430   22.6086
    7.5000    0.0000  -37.5000 2409.9902   22.9741
   -7.5000    7.5000  -37.5000 2454.2900   22.5465
    0.0000    7.5000  -37.5000 2452.3682   22.5827
    7.5000    7.5000  -37.5000 2400.6245   22.9861
   -7.5000   15.0000  -37.5000 2427.1350   22.8595
    0.0000   15.0000  -37.5000 2423.8357   22.9316
    7.5000   15.0000  -37.5000 2377.2275   23.3618
   -7.5000   22.5000  -37.5000 2399.1560   23.7409
    0.0000   22.5000  -37.5000 2392.0513   23.6937
    7.5000   22.5000  -37.5000 2347.8635   24.1505
   -7.5000   30.0000  -37.5000 2352.7922   24.9546
    0.0000   30.0000  -37.5000 2346.4109   24.8894
    7.5000   30.0000  -37.5000 2302.4180   25.3256
   -7.5000   37.5000  -37.5000 2281.2773   26.4832
    0.0000   37.5000  -37.5000 2277.1870   26.4580
    7.5000   37.5000  -37.5000 2234.9697   26.9418
   -7.5000   45.0000  -37.5000 2192.5361   28.5604
    0.0000   45.0000  -37.5000 2183.3611   28.5729
    7.5000   45.0000  -37.5000 2148.6179   29.1876
   -7.5000  -45.0000  -30.0000 2456.4026   23.4531
    0.0000  -45.0000  -30.0000 2459.8257   23.4766
    7.5000  -45.0000  -30.0000 2424.0356   23.8445
   -7.5000  -37.5000  -30.0000 2492.9717   23.3509
    0.0000  -37.5000  -30.0000 2498.9963   23.3841
    7.5000  -37.5000  -30.0000 2467.4924   23.7493
   -7.5000  -30.0000  -30.0000 2528.2239   23.1557
    0.0000  -30.0000  -30.0000 2533.5383   23.1586
    7.5000  -30.0000  -30.0000 2498.7451   23.5058
   -7.5000  -22.5000  -30.0000 2556.1204   22.8125
    0.0000  -22.5000  -30.0000 2561.0310   22.8187
    7.5000  -22.5000  -30.0000 2521.4375   23.1105
   -7.5000  -15.0000  -30.0000 2580.7756   22.3789
    0.0000  -15.0000  -30.0000 2583.8403   22.4163
    7.5000  -15.0000  -30.0000 2542.1055   22.7248
   -7.5000   -7.5000  -30.0000 2601.8958   21.9846
    0.0000   -7.5000  -30.0000 2606.2275   22.0927
    7.5000   -7.5000  -30.0000 2561.0125   22.3978
   -7.5000    0.0000  -30.0000 2609.5298   21.7293
    0.0000    0.0000  -30.0000 2606.4021   21.8260
    7.5000    0.0000  -30.0000 2560.1594   22.1156
   -7.5000    7.5000  -30.0000 2602.7190   21.6476
    0.0000    7.5000  -30.0000 2598.2112   21.7580
    7.5000    7.5000  -30.0000 2549.7397   22.0791
   -7.5000   15.0000  -30.0000 2579.9707   21.9264
    0.0000   15.0000  -30.0000 2578.8298   22.0315
    7.5000   15.0000  -30.0000 2531.7344   22.3922
   -7.5000   22.5000  -30.0000 2560.6692   22.7484
    0.0000   22.5000  -30.0000 2558.4243   22.7503
    7.5000   22.5000  -30.0000 2506.0823   23.1167
   -7.5000   30.0000  -30.0000 2517.0532   23.8593
    0.0000   30.0000  -30.0000 2512.6128   23.8534
    7.5000   30.0000  -30.0000 2463.0261   24.2400
   -7.5000   37.5000  -30.0000 2442.0535   25.3782
    0.0000   37.5000  -30.0000 2437.5916   25.3787
    7.5000   37.5000  -30.0000 2390.2747   25.8372
   -7.5000   45.0000  -30.0000 2345.9285   27.3828
    0.0000   45.0000  -30.0000 2341.1462   27.4251
    7.5000   45.0000  -30.0000 2296.4163   27.9996
   -7.5000  -45.0000  -22.5000 2555.1362   22.5846
    0.0000  -45.0000  -22.5000 2559.2869   22.6297
    7.5000  -45.0000  -22.5000 2529.2483   23.1210
   -7.5000  -37.5000  -22.5000 2593.4521   22.4465
    0.0000  -37.5000  -22.5000 2598.0857   22.4697
    7.5000  -37.5000  -22.5000 2565.0464   22.9428
   -7.5000  -30.0000  -22.5000 2627.2080   22.1909
    0.0000  -30.0000  -22.5000 2629.5881   22.1920
    7.5000  -30.0000  -22.5000 2597.5615   22.6207
   -7.5000  -22.5000  -22.5000 2654.3455   21.7946
    0.0000  -22.5000  -22.5000 2655.1992   21.7948
    7.5000  -22.5000  -22.5000 2620.3936   22.1650
   -7.5000  -15.0000  -22.5000 2680.9517   21.3494
    0.0000  -15.0000  -22.5000 2679.6572   21.3628
    7.5000  -15.0000  -22.5000 2639.9470   21.7304
   -7.5000   -7.5000  -22.5000 2703.8860   20.9265
    0.0000   -7.5000  -22.5000 2703.6821   21.0007
    7.5000   -7.5000  -22.5000 2657.1565   21.3513
   -7.5000    0.0000  -22.5000 2712.7629   20.6609
    0.0000    0.0000  -22.5000 2715.5298   20.8412
    7.5000    0.0000  -22.5000 2661.8967   21.1145
   -7.5000    7.5000  -22.5000 2709.5759   20.5415
    0.0000    7.5000  -22.5000 2711.1707   20.7262
    7.5000    7.5000  -22.5000 2655.7390   21.0590
   -7.5000   15.0000  -22.5000 2706.2598   20.8363
    0.0000   15.0000  -22.5000 2708.1599   20.9875
    7.5000   15.0000  -22.5000 2654.9404   21.3186
   -7.5000   22.5000  -22.5000 2690.1472   21.5700
    0.0000   22.5000  -22.5000 2691.3464   21.6328
    7.5000   22.5000  -22.5000 2637.0110   21.9977
   -7.5000   30.0000  -22.5000 2642.3118   22.6214
    0.0000   30.0000  -22.5000 2644.0513   22.6681
    7.5000   30.0000  -22.5000 2593.4346   23.0436
   -7.5000   37.5000  -22.5000 2566.8508   24.0994
    0.0000   37.5000  -22.5000 2564.8667   24.1254
    7.5000   37.5000  -22.5000 2517.6956   24.6050
   -7.5000   45.0000  -22.5000 2469.5984   26.1188
    0.0000   45.0000  -22.5000 2467.2539   26.1749
    7.5000   45.0000  -22.5000 2422.3682   26.7180
   -7.5000  -45.0000  -15.0000 2607.6882   21.8982
    0.0000  -45.0000  -15.0000 2608.0996   21.9027
    7.5000  -45.0000  -15.0000 2585.9705   22.5229
   -7.5000  -37.5000  -15.0000 2648.3037   21.7091
    0.0000  -37.5000  -15.0000 2650.9316   21.7033
    7.5000  -37.5000  -15.0000 2625.9333   22.2775
   -7.5000  -30.0000  -15.0000 2681.0679   21.3263
    0.0000  -30.0000  -15.0000 2683.2197   21.3561
    7.5000  -30.0000  -15.0000 2656.6562   21.8885
   -7.5000  -22.5000  -15.0000 2710.2129   20.8921
    0.0000  -22.5000  -15.0000 2713.3325   20.8831
    7.5000  -22.5000  -15.0000 2680.1184   21.3652
   -7.5000  -15.0000  -15.0000 2735.8879   20.3804
    0.0000  -15.0000  -15.0000 2736.0576   20.4173
    7.5000  -15.0000  -15.0000 2699.6736   20.8879
   -7.5000   -7.5000  -15.0000 2761.5190   19.9072
    0.0000   -7.5000  -15.0000 2758.1770   19.9630
    7.5000   -7.5000  -15.0000 2716.7454   20.4461
   -7.5000    0.0000  -15.0000 2772.2515   19.5524
    0.0000    0.0000  -15.0000 2775.9224   19.7149
    7.5000    0.0000  -15.0000 2726.2456   20.1545
   -7.5000    7.5000  -15.0000 2780.3748   19.4385
    0.0000    7.5000  -15.0000 2783.2834   19.6098
    7.5000    7.5000  -15.0000 2730.7197   20.0782
   -7.5000   15.0000  -15.0000 2792.0654   19.8175
    0.0000   15.0000  -15.0000 2794.1299   19.9344
    7.5000   15.0000  -15.0000 2737.8896   20.3336
   -7.5000   22.5000  -15.0000 2777.3433   20.5179
    0.0000   22.5000  -15.0000 2780.7395   20.5694
    7.5000   22.5000  -15.0000 2729.8982   20.9975
   -7.5000   30.0000  -15.0000 2731.9722   21.5097
    0.0000   30.0000  -15.0000 2735.6426   21.5514
    7.5000   30.0000  -15.0000 2684.4575   22.0297
   -7.5000   37.5000  -15.0000 2658.0132   22.9743
    0.0000   37.5000  -15.0000 2659.9177   23.0103
    7.5000   37.5000  -15.0000 2609.6082   23.5549
   -7.5000   45.0000  -15.0000 2556.3491   24.9693
    0.0000   45.0000  -15.0000 2557.0916   25.0145
    7.5000   45.0000  -15.0000 2509.5630   25.6037
   -7.5000  -45.0000   -7.5000 2613.2905   21.4823
    0.0000  -45.0000   -7.5000 2619.8667   21.4360
    7.5000  -45.0000   -7.5000 2600.2441   22.1211
   -7.5000  -37.5000   -7.5000 2651.6482   21.1343
    0.0000  -37.5000   -7.5000 2661.3733   21.1256
    7.5000  -37.5000   -7.5000 2642.2700   21.8033
   -7.5000  -30.0000   -7.5000 2686.5066   20.7171
    0.0000  -30.0000   -7.5000 2694.3594   20.7206
    7.5000  -30.0000   -7.5000 2675.5540   21.3509
   -7.5000  -22.5000   -7.5000 2721.5681   20.2304
    0.0000  -22.5000   -7.5000 2722.9922   20.2222
    7.5000  -22.5000   -7.5000 2701.0518   20.8280
   -7.5000  -15.0000   -7.5000 2751.5430   19.7200
    0.0000  -15.0000   -7.5000 2749.5349   19.7048
    7.5000  -15.0000   -7.5000 2725.7310   20.3429
   -7.5000   -7.5000   -7.5000 2775.1221   19.2271
    0.0000   -7.5000   -7.5000 2776.9937   19.2587
    7.5000   -7.5000   -7.5000 2741.5107   19.8716
   -7.5000    0.0000   -7.5000 2779.4626   18.7145
    0.0000    0.0000   -7.5000 2787.8406   18.8384
    7.5000    0.0000   -7.5000 2757.3413   19.5429
   -7.5000    7.5000   -7.5000 2794.7617   18.5240
    0.0000    7.5000   -7.5000 2799.8435   18.6477
    7.5000    7.5000   -7.5000 2764.7034   19.3913
   -7.5000   15.0000   -7.5000 2820.8789   18.9914
    0.0000   15.0000   -7.5000 2829.2222   19.0566
    7.5000   15.0000   -7.5000 2788.3220   19.7237
   -7.5000   22.5000   -7.5000 2809.2239   19.6860
    0.0000   22.5000   -7.5000 2820.3059   19.7477
    7.5000   22.5000   -7.5000 2783.6621   20.3402
   -7.5000   30.0000   -7.5000 2768.4075   20.6923
    0.0000   30.0000   -7.5000 2778.6646   20.7299
    7.5000   30.0000   -7.5000 2741.4919   21.3486
   -7.5000   37.5000   -7.5000 2700.5703   22.0996
    0.0000   37.5000   -7.5000 2712.5466   22.1774
    7.5000   37.5000   -7.5000 2669.1748   22.7981
   -7.5000   45.0000   -7.5000 2607.2029   24.0429
    0.0000   45.0000   -7.5000 2614.5437   24.1555
    7.5000   45.0000   -7.5000 2568.5173   24.7826
   -7.5000  -45.0000    0.0000 2592.0078   21.3743
    0.0000  -45.0000    0.0000 2603.9097   21.3253
    7.5000  -45.0000    0.0000 2589.9126   22.0693
   -7.5000  -37.5000    0.0000 2630.6689   20.9926
    0.0000  -37.5000    0.0000 2641.7754   20.9455
    7.5000  -37.5000    0.0000 2628.6562   21.7061
   -7.5000  -30.0000    0.0000 2664.0815   20.5251
    0.0000  -30.0000    0.0000 2673.2837   20.4643
    7.5000  -30.0000    0.0000 2660.0007   21.2026
   -7.5000  -22.5000    0.0000 2696.3450   19.9782
    0.0000  -22.5000    0.0000 2699.6899   19.9001
    7.5000  -22.5000    0.0000 2691.4863   20.6732
   -7.5000  -15.0000    0.0000 2733.1616   19.4810
    0.0000  -15.0000    0.0000 2731.3030   19.3986
    7.5000  -15.0000    0.0000 2720.8806   20.1629
   -7.5000   -7.5000    0.0000 2767.3477   19.0786
    0.0000   -7.5000    0.0000 2771.9390   19.0292
    7.5000   -7.5000    0.0000 2758.4429   19.7799
   -7.5000    0.0000    0.0000 2778.2158   18.5805
    0.0000    0.0000    0.0000 2796.4502   18.6659
    7.5000    0.0000    0.0000 2793.3745   19.5174
   -7.5000    7.5000    0.0000 2772.7061   18.1202
    0.0000    7.5000    0.0000 2785.3838   18.2303
    7.5000    7.5000    0.0000 2795.7366   19.2526
   -7.5000   15.0000    0.0000 2817.8845   18.5682
    0.0000   15.0000    0.0000 2833.8604   18.6006
    7.5000   15.0000    0.0000 2816.5950   19.4135
   -7.5000   22.5000    0.0000 2823.9067   19.2911
    0.0000   22.5000    0.0000 2842.0190   19.2817
    7.5000   22.5000    0.0000 2811.4954   19.9498
   -7.5000   30.0000    0.0000 2789.4644   20.3074
    0.0000   30.0000    0.0000 2803.5535   20.2512
    7.5000   30.0000    0.0000 2766.8689   20.8565
   -7.5000   37.5000    0.0000 2728.4363   21.7547
    0.0000   37.5000    0.0000 2740.4668   21.7441
    7.5000   37.5000    0.0000 2701.2485   22.3427
   -7.5000   45.0000    0.0000 2643.2754   23.6547
    0.0000   45.0000    0.0000 2648.3262   23.7192
    7.5000   45.0000    0.0000 2606.5151   24.3309
   -7.5000  -45.0000    7.5000 2559.7690   21.6803
    0.0000  -45.0000    7.5000 2571.6938   21.6132
    7.5000  -45.0000    7.5000 2553.1016   22.4020
   -7.5000  -37.5000    7.5000 2593.4133   21.2505
    0.0000  -37.5000    7.5000 2600.6184   21.1869
    7.5000  -37.5000    7.5000 2594.7827   22.0029
   -7.5000  -30.0000    7.5000 2621.9673   20.7680
    0.0000  -30.0000    7.5000 2628.8132   20.6687
    7.5000  -30.0000    7.5000 2636.4385   21.5589
   -7.5000  -22.5000    7.5000 2654.2214   20.2490
    0.0000  -22.5000    7.5000 2657.0481   20.1353
    7.5000  -22.5000    7.5000 2678.4895   21.0533
   -7.5000  -15.0000    7.5000 2701.7808   19.7915
    0.0000  -15.0000    7.5000 2703.1355   19.6773
    7.5000  -15.0000    7.5000 2721.8005   20.5054
   -7.5000   -7.5000    7.5000 2768.9204   19.5410
    0.0000   -7.5000    7.5000 2779.0801   19.4550
    7.5000   -7.5000    7.5000 2780.0195   20.1407
   -7.5000    0.0000    7.5000 2821.1211   19.2457
    0.0000    0.0000    7.5000 2835.2825   19.2259
    7.5000    0.0000    7.5000 2825.6804   19.8385
   -7.5000    7.5000    7.5000 2798.9082   18.6312
    0.0000    7.5000    7.5000 2805.3267   18.5569
    7.5000    7.5000    7.5000 2818.2742   19.4311
   -7.5000   15.0000    7.5000 2794.4475   18.5533
    0.0000   15.0000    7.5000 2808.4431   18.4341
    7.5000   15.0000    7.5000 2814.0156   19.2983
   -7.5000   22.5000    7.5000 2807.1545   19.1961
    0.0000   22.5000    7.5000 2819.0044   19.0092
    7.5000   22.5000    7.5000 2805.6814   19.6943
   -7.5000   30.0000    7.5000 2792.5913   20.2691
    0.0000   30.0000    7.5000 2803.4951   20.1289
    7.5000   30.0000    7.5000 2773.1396   20.6872
   -7.5000   37.5000    7.5000 2740.5667   21.7403
    0.0000   37.5000    7.5000 2750.0742   21.7109
    7.5000   37.5000    7.5000 2711.2234   22.2090
   -7.5000   45.0000    7.5000 2657.7026   23.6171
    0.0000   45.0000    7.5000 2661.5330   23.6555
    7.5000   45.0000    7.5000 2623.6934   24.1671
   -7.5000  -45.0000   15.0000 2505.6521   22.4847
    0.0000  -45.0000   15.0000 2514.5505   22.3353
    7.5000  -45.0000   15.0000 2515.4922   23.2866
   -7.5000  -37.5000   15.0000 2544.8484   22.1162
    0.0000  -37.5000   15.0000 2550.7073   21.9571
    7.5000  -37.5000   15.0000 2557.5293   22.9050
   -7.5000  -30.0000   15.0000 2587.5537   21.6603
    0.0000  -30.0000   15.0000 2590.9443   21.5205
    7.5000  -30.0000   15.0000 2605.1448   22.4106
   -7.5000  -22.5000   15.0000 2640.6826   21.1735
    0.0000  -22.5000   15.0000 2639.4158   20.9959
    7.5000  -22.5000   15.0000 2646.9097   21.7595
   -7.5000  -15.0000   15.0000 2705.3372   20.6791
    0.0000  -15.0000   15.0000 2708.0256   20.5607
    7.5000  -15.0000   15.0000 2707.1172   21.2034
   -7.5000   -7.5000   15.0000 2786.6406   20.3849
    0.0000   -7.5000   15.0000 2791.9351   20.2860
    7.5000   -7.5000   15.0000 2771.2859   20.8142
   -7.5000    0.0000   15.0000 2846.7051   19.9736
    0.0000    0.0000   15.0000 2847.9487   19.8887
    7.5000    0.0000   15.0000 2822.6772   20.3917
   -7.5000    7.5000   15.0000 2847.9675   19.4190
    0.0000    7.5000   15.0000 2833.2000   19.1294
    7.5000    7.5000   15.0000 2814.7354   19.8217
   -7.5000   15.0000   15.0000 2826.6648   19.2514
    0.0000   15.0000   15.0000 2825.6594   18.9766
    7.5000   15.0000   15.0000 2802.6787   19.5699
   -7.5000   22.5000   15.0000 2808.6838   19.7159
    0.0000   22.5000   15.0000 2822.3855   19.5384
    7.5000   22.5000   15.0000 2790.5400   19.9889
   -7.5000   30.0000   15.0000 2772.6724   20.6512
    0.0000   30.0000   15.0000 2786.3359   20.5266
    7.5000   30.0000   15.0000 2759.5618   20.9923
   -7.5000   37.5000   15.0000 2718.6785   22.0158
    0.0000   37.5000   15.0000 2732.2859   21.9741
    7.5000   37.5000   15.0000 2704.2332   22.4677
   -7.5000   45.0000   15.0000 2635.6904   23.8491
    0.0000   45.0000   15.0000 2647.7900   23.8819
    7.5000   45.0000   15.0000 2620.3525   24.3974
   -7.5000  -45.0000   22.5000 2476.8240   23.9888
    0.0000  -45.0000   22.5000 2491.7791   23.9072
    7.5000  -45.0000   22.5000 2491.0505   24.7114
   -7.5000  -37.5000   22.5000 2513.6907   23.5659
    0.0000  -37.5000   22.5000 2526.0889   23.4568
    7.5000  -37.5000   22.5000 2525.7056   24.2353
   -7.5000  -30.0000   22.5000 2556.6526   22.9565
    0.0000  -30.0000   22.5000 2561.4185   22.8174
    7.5000  -30.0000   22.5000 2564.9172   23.5802
   -7.5000  -22.5000   22.5000 2611.1299   22.3088
    0.0000  -22.5000   22.5000 2610.9670   22.1014
    7.5000  -22.5000   22.5000 2607.9106   22.8175
   -7.5000  -15.0000   22.5000 2674.2236   21.6839
    0.0000  -15.0000   22.5000 2675.2974   21.4960
    7.5000  -15.0000   22.5000 2671.0767   22.1756
   -7.5000   -7.5000   22.5000 2747.8257   21.2237
    0.0000   -7.5000   22.5000 2751.1057   21.0155
    7.5000   -7.5000   22.5000 2737.1843   21.6695
   -7.5000    0.0000   22.5000 2800.6870   20.6738
    0.0000    0.0000   22.5000 2807.8079   20.4613
    7.5000    0.0000   22.5000 2785.2517   21.1533
   -7.5000    7.5000   22.5000 2813.2002   20.0616
    0.0000    7.5000   22.5000 2813.4148   19.8058
    7.5000    7.5000   22.5000 2790.2903   20.5037
   -7.5000   15.0000   22.5000 2816.3682   20.1242
    0.0000   15.0000   22.5000 2831.8601   19.9587
    7.5000   15.0000   22.5000 2794.5430   20.4364
   -7.5000   22.5000   22.5000 2806.3013   20.7509
    0.0000   22.5000   22.5000 2821.2019   20.5894
    7.5000   22.5000   22.5000 2789.1343   21.0158
   -7.5000   30.0000   22.5000 2775.7644   21.7256
    0.0000   30.0000   22.5000 2790.4248   21.5965
    7.5000   30.0000   22.5000 2760.5334   21.9799
   -7.5000   37.5000   22.5000 2711.0403   22.9532
    0.0000   37.5000   22.5000 2725.8215   22.8971
    7.5000   37.5000   22.5000 2695.9785   23.3180
   -7.5000   45.0000   22.5000 2616.5000   24.6213
    0.0000   45.0000   22.5000 2633.0481   24.6484
    7.5000   45.0000   22.5000 2605.0122   25.1015
   -7.5000  -45.0000   30.0000 2431.6033   25.7502
    0.0000  -45.0000   30.0000 2453.7278   25.6729
    7.5000  -45.0000   30.0000 2443.3833   26.3828
   -7.5000  -37.5000   30.0000 2464.9104   25.1358
    0.0000  -37.5000   30.0000 2486.3149   25.0491
    7.5000  -37.5000   30.0000 2475.2366   25.7429
   -7.5000  -30.0000   30.0000 2513.9216   24.4245
    0.0000  -30.0000   30.0000 2528.8679   24.2778
    7.5000  -30.0000   30.0000 2518.2842   24.9650
   -7.5000  -22.5000   30.0000 2570.5991   23.6411
    0.0000  -22.5000   30.0000 2579.9104   23.4334
    7.5000  -22.5000   30.0000 2570.6108   24.1535
   -7.5000  -15.0000   30.0000 2636.7520   22.9432
    0.0000  -15.0000   30.0000 2645.1060   22.7675
    7.5000  -15.0000   30.0000 2633.3608   23.4571
   -7.5000   -7.5000   30.0000 2710.6096   22.4375
    0.0000   -7.5000   30.0000 2718.5806   22.2111
    7.5000   -7.5000   30.0000 2701.2236   22.8759
   -7.5000    0.0000   30.0000 2752.0281   21.8345
    0.0000    0.0000   30.0000 2761.7415   21.5373
    7.5000    0.0000   30.0000 2738.6694   22.2464
   -7.5000    7.5000   30.0000 2765.8313   21.2534
    0.0000    7.5000   30.0000 2783.1921   21.0849
    7.5000    7.5000   30.0000 2755.4028   21.7128
   -7.5000   15.0000   30.0000 2775.8679   21.3789
    0.0000   15.0000   30.0000 2796.0139   21.2693
    7.5000   15.0000   30.0000 2769.9153   21.7440
   -7.5000   22.5000   30.0000 2766.1323   21.9826
    0.0000   22.5000   30.0000 2785.3901   21.8664
    7.5000   22.5000   30.0000 2759.5725   22.2782
   -7.5000   30.0000   30.0000 2732.2280   22.9017
    0.0000   30.0000   30.0000 2754.0645   22.7863
    7.5000   30.0000   30.0000 2725.4705   23.1689
   -7.5000   37.5000   30.0000 2676.5212   24.1393
    0.0000   37.5000   30.0000 2704.5911   24.1025
    7.5000   37.5000   30.0000 2668.3279   24.4721
   -7.5000   45.0000   30.0000 2590.8635   25.7776
    0.0000   45.0000   30.0000 2613.2224   25.7633
    7.5000   45.0000   30.0000 2578.4731   26.1341
   -7.5000  -45.0000   37.5000 2380.2634   27.6461
    0.0000  -45.0000   37.5000 2398.1924   27.5175
    7.5000  -45.0000   37.5000 2385.5713   28.3191
   -7.5000  -37.5000   37.5000 2416.5579   26.8873
    0.0000  -37.5000   37.5000 2435.1272   26.7292
    7.5000  -37.5000   37.5000 2420.2415   27.5504
   -7.5000  -30.0000   37.5000 2465.5330   26.0498
    0.0000  -30.0000   37.5000 2480.7224   25.8252
    7.5000  -30.0000   37.5000 2466.5500   26.6378
   -7.5000  -22.5000   37.5000 2525.3943   25.2053
    0.0000  -22.5000   37.5000 2541.8315   24.9791
    7.5000  -22.5000   37.5000 2520.9146   25.7267
   -7.5000  -15.0000   37.5000 2594.9722   24.5394
    0.0000  -15.0000   37.5000 2606.5908   24.2886
    7.5000  -15.0000   37.5000 2590.3823   24.9928
   -7.5000   -7.5000   37.5000 2658.0198   23.9407
    0.0000   -7.5000   37.5000 2670.9634   23.6650
    7.5000   -7.5000   37.5000 2656.0247   24.3932
   -7.5000    0.0000   37.5000 2692.4648   23.2841
    0.0000    0.0000   37.5000 2710.6133   23.0588
    7.5000    0.0000   37.5000 2689.2410   23.7402
   -7.5000    7.5000   37.5000 2718.0085   22.9087
    0.0000    7.5000   37.5000 2737.2788   22.7672
    7.5000    7.5000   37.5000 2713.4014   23.3522
   -7.5000   15.0000   37.5000 2728.0171   23.1112
    0.0000   15.0000   37.5000 2750.7390   22.9865
    7.5000   15.0000   37.5000 2723.1436   23.4392
   -7.5000   22.5000   37.5000 2716.2527   23.6116
    0.0000   22.5000   37.5000 2737.5398   23.4621
    7.5000   22.5000   37.5000 2707.8606   23.8563
   -7.5000   30.0000   37.5000 2686.8989   24.4583
    0.0000   30.0000   37.5000 2712.6897   24.3334
    7.5000   30.0000   37.5000 2681.0984   24.6857
   -7.5000   37.5000   37.5000 2627.9690   25.5570
    0.0000   37.5000   37.5000 2655.5762   25.5580
    7.5000   37.5000   37.5000 2620.4573   25.9013
   -7.5000   45.0000   37.5000 2545.7236   27.1421
    0.0000   45.0000   37.5000 2567.9216   27.1782
    7.5000   45.0000   37.5000 2536.0005   27.5058
   -7.5000  -45.0000   45.0000 2313.9509   29.8710
    0.0000  -45.0000   45.0000 2328.6394   29.7010
    7.5000  -45.0000   45.0000 2314.4294   30.5305
   -7.5000  -37.5000   45.0000 2350.2676   28.8630
    0.0000  -37.5000   45.0000 2366.2568   28.6606
    7.5000  -37.5000   45.0000 2348.2334   29.4534
   -7.5000  -30.0000   45.0000 2399.4832   27.9343
    0.0000  -30.0000   45.0000 2415.2246   27.6784
    7.5000  -30.0000   45.0000 2400.4019   28.4665
   -7.5000  -22.5000   45.0000 2462.0522   27.0661
    0.0000  -22.5000   45.0000 2482.5637   26.8272
    7.5000  -22.5000   45.0000 2461.7566   27.5673
   -7.5000  -15.0000   45.0000 2532.7007   26.3751
    0.0000  -15.0000   45.0000 2549.7544   26.0868
    7.5000  -15.0000   45.0000 2530.9722   26.8126
   -7.5000   -7.5000   45.0000 2593.8965   25.7425
    0.0000   -7.5000   45.0000 2613.8284   25.4838
    7.5000   -7.5000   45.0000 2590.1138   26.1619
   -7.5000    0.0000   45.0000 2625.3499   25.0844
    0.0000    0.0000   45.0000 2647.7322   24.8936
    7.5000    0.0000   45.0000 2625.3101   25.5326
   -7.5000    7.5000   45.0000 2658.8062   24.9093
    0.0000    7.5000   45.0000 2679.9543   24.7818
    7.5000    7.5000   45.0000 2657.9871   25.3180
   -7.5000   15.0000   45.0000 2671.8022   25.1587
    0.0000   15.0000   45.0000 2692.7607   25.0435
    7.5000   15.0000   45.0000 2665.5933   25.4107
   -7.5000   22.5000   45.0000 2658.1748   25.5903
    0.0000   22.5000   45.0000 2681.7725   25.4665
    7.5000   22.5000   45.0000 2652.2734   25.8056
   -7.5000   30.0000   45.0000 2637.8577   26.2851
    0.0000   30.0000   45.0000 2658.3718   26.1539
    7.5000   30.0000   45.0000 2626.3665   26.4994
   -7.5000   37.5000   45.0000 2578.5198   27.3211
    0.0000   37.5000   45.0000 2601.7739   27.3060
    7.5000   37.5000   45.0000 2563.5469   27.6241
   -7.5000   45.0000   45.0000 2492.3254   28.8579
    0.0000   45.0000   45.0000 2516.2156   28.9605
    7.5000   45.0000   45.0000 2471.4204   29.2447

---------------------------------------------------------------------
imgreg_4dfp /opt/freesurfer/average/3T18yoSchwartzReactN32_as_orig /opt/freesurfer/average/711-2B_as_mni_average_305_mask talsrcimg_g11 none talsrcimg_to_3T18yoSchwartzReactN32_as_orig_t4 1283
---------------------------------------------------------------------

freesurfer imgreg_4dfp.c
/opt/freesurfer/average/3T18yoSchwartzReactN32_as_orig.4dfp.img
       256       256       256         1
  1.000000  1.000000  1.000000
orientation T byte_order littleendian
Reading image: /opt/freesurfer/average/3T18yoSchwartzReactN32_as_orig.4dfp.img
dimensions:      256       256       256
mmppix:       1.0000   -1.0000   -1.0000
center:     128.0000 -129.0000 -129.0000
/opt/freesurfer/average/711-2B_as_mni_average_305_mask.4dfp.img
       256       256       256         1
  1.000000  1.000000  1.000000
orientation T byte_order littleendian
Reading mask: /opt/freesurfer/average/711-2B_as_mni_average_305_mask.4dfp.img (2306576 pixels)
talsrcimg_g11.4dfp.img
       320       320       320         1
  0.799995  0.799995  0.799995
orientation T byte_order littleendian
Reading image: talsrcimg_g11.4dfp.img
dimensions:      320       320       320
mmppix:       0.8000   -0.8000   -0.8000
center:     127.9992 -128.7992 -128.7992
rotation matrix determinant  1.000000
fimgreg.f
image alignment mode   1283 decimal      503 hex
parameters
   -7.5000    7.5000   15.0000    0.0000    0.0000    0.0000
eta,q 0.89414 19.56581
niter,ni,del,rscale     5    3   12.0000    1.2000
parameters
   -6.6550    6.9501   15.1005   -2.7010   -1.1894    0.6501
eta,q 0.90032 19.31483
  0.1161  0.1088  0.1139  0.1016  0.1045  0.1046
  0.1079  0.1050  0.1077  0.1002  0.1017  0.1023
  0.1027  0.1032  0.1030  0.1009  0.0997  0.1003
  0.1006  0.1015  0.1021  0.1022  0.1005  0.0996
  0.1040  0.1026  0.1042  0.1019  0.1033  0.1002
  0.1070  0.1084  0.1080  0.1039  0.1052  0.1012
  0.1074  0.1115  0.1123  0.1081  0.1072  0.1027
niter,ni,del,rscale     4    3   12.0000    1.2000
parameters
   -6.2398    7.3018   14.3810   -3.7689   -1.7536    1.1079
eta,q 0.90050 19.23542
  0.1130  0.1095  0.1087  0.1019  0.1046  0.1039
  0.1061  0.1063  0.1029  0.1008  0.1019  0.1012
  0.1008  0.1015  0.1004  0.0997  0.0996  0.0995
  0.0997  0.1001  0.1002  0.1000  0.0996  0.0993
  0.1029  0.1004  0.1027  0.1009  0.1018  0.1001
  0.1063  0.1030  0.1076  0.1017  0.1037  0.1010
  0.1079  0.1088  0.1124  0.1046  0.1058  0.1021
niter,ni,del,rscale     3    3   12.0000    1.2000
parameters
   -6.0697    7.4812   14.1449   -4.7026   -1.7703    1.2390
eta,q 0.90031 19.20859
  0.1118  0.1076  0.1092  0.1010  0.1054  0.1033
  0.1047  0.1046  0.1025  0.1010  0.1029  0.1007
  0.0997  0.1009  0.0997  0.1000  0.0998  0.0992
  0.0995  0.0997  0.0998  0.0997  0.0997  0.0996
  0.1027  0.1001  0.1015  0.1003  0.1012  0.1003
  0.1062  0.1023  0.1047  0.1010  0.1028  0.1011
  0.1080  0.1079  0.1095  0.1032  0.1051  0.1022
niter,ni,del,rscale     2    3   12.0000    1.2000
parameters
   -5.9958    7.6707   13.8357   -7.4740   -1.2512   -0.3139
eta,q 0.89993 19.20807
  0.1111  0.1062  0.1084  0.0995  0.1079  0.1021
  0.1041  0.1036  0.1018  0.1005  0.1049  0.1005
  0.0994  0.1011  0.0991  0.1000  0.1011  0.0999
  0.0997  0.0998  0.0998  0.0996  0.1003  0.1006
  0.1029  0.1002  0.1017  0.1002  0.1017  0.1016
  0.1062  0.1018  0.1044  0.1009  0.1032  0.1030
  0.1078  0.1065  0.1086  0.1022  0.1055  0.1038
niter,ni,del,rscale     1    3   12.0000    1.2000
parameter  4  1.168975 ->  0.500000 qaram    1.1500
parameters
   -5.3920    7.7533   11.7350  -10.9240   -0.9854   -0.5665
eta,q 0.90414 19.05989
  0.1127  0.1042  0.1048  0.0947  0.1020  0.0994
  0.1049  0.1011  0.0985  0.0955  0.1000  0.0974
  0.1002  0.1010  0.0978  0.0969  0.0972  0.0960
  0.1001  0.1007  0.1007  0.0978  0.0959  0.0959
  0.1028  0.1007  0.1052  0.0985  0.0970  0.0965
  0.1052  0.1026  0.1095  0.1011  0.0991  0.0980
  0.1059  0.1031  0.1129  0.1043  0.1012  0.0999
niter,ni,del,rscale     1    3   12.0000    1.2000
parameters
   -3.6123    8.0035   11.5898  -12.0799   -1.2976    0.2297
eta,q 0.90531 19.12846
  0.1075  0.1050  0.1134  0.1007  0.1007  0.1015
  0.1007  0.0987  0.1048  0.0970  0.0973  0.0994
  0.0971  0.0955  0.0978  0.0947  0.0947  0.0969
  0.0959  0.0964  0.0966  0.0965  0.0951  0.0949
  0.0965  0.0976  0.1010  0.0988  0.0969  0.0951
  0.0975  0.0993  0.1079  0.1001  0.0986  0.0970
  0.0977  0.1020  0.1127  0.1034  0.1010  0.0994
registration optimization eta report
parameter search radius
    6.0000    6.0000    6.0000    6.9000    6.0000    6.0000
100000*second partial in parameter space
       18.       21.       44.       12.       16.       15.
  0.1075  0.1050  0.1134  0.1007  0.1007  0.1015
  0.1007  0.0987  0.1048  0.0970  0.0973  0.0994
  0.0971  0.0955  0.0978  0.0947  0.0947  0.0969
  0.0959  0.0964  0.0966  0.0965  0.0951  0.0949
  0.0965  0.0976  0.1010  0.0988  0.0969  0.0951
  0.0975  0.0993  0.1079  0.1001  0.0986  0.0970
  0.0977  0.1020  0.1127  0.1034  0.1010  0.0994
   -3.6123    8.0035   11.5898  -12.0799   -1.2976    0.2297
eta,q 0.90531 19.12846

---------------------------------------------------------------------
imgreg_4dfp /opt/freesurfer/average/3T18yoSchwartzReactN32_as_orig /opt/freesurfer/average/711-2B_as_mni_average_305_mask talsrcimg_g11 none talsrcimg_to_3T18yoSchwartzReactN32_as_orig_t4 3335
---------------------------------------------------------------------

freesurfer imgreg_4dfp.c
/opt/freesurfer/average/3T18yoSchwartzReactN32_as_orig.4dfp.img
       256       256       256         1
  1.000000  1.000000  1.000000
orientation T byte_order littleendian
Reading image: /opt/freesurfer/average/3T18yoSchwartzReactN32_as_orig.4dfp.img
dimensions:      256       256       256
mmppix:       1.0000   -1.0000   -1.0000
center:     128.0000 -129.0000 -129.0000
/opt/freesurfer/average/711-2B_as_mni_average_305_mask.4dfp.img
       256       256       256         1
  1.000000  1.000000  1.000000
orientation T byte_order littleendian
Reading mask: /opt/freesurfer/average/711-2B_as_mni_average_305_mask.4dfp.img (2306576 pixels)
talsrcimg_g11.4dfp.img
       320       320       320         1
  0.799995  0.799995  0.799995
orientation T byte_order littleendian
Reading image: talsrcimg_g11.4dfp.img
dimensions:      320       320       320
mmppix:       0.8000   -0.8000   -0.8000
center:     127.9992 -128.7992 -128.7992
fimgreg.f
image alignment mode   3335 decimal      D07 hex
parameters
   -3.6123    8.0035   11.5898   -0.0264   -2.2170   -2.2394
   -0.8659    2.1305    0.4008   20.9363   -2.2646  -20.9222
eta,q 0.90413 19.23907
niter,ni,del,rscale     5    3    5.0000    1.2000
parameter  1 -0.419394 ->  0.500000 qaram    1.1500
parameter  4 -1.907533 ->  0.500000 qaram    1.1500
parameter  5  1.362526 ->  0.500000 qaram    1.1500
parameter  7 -0.776430 -> -0.500000 qaram    1.1500
parameter 10  0.554366 ->  0.500000 qaram    1.1500
parameters
   -4.9923    7.4340   10.9904   -4.1664   -6.3570   -4.5862
    3.2741    0.4968    1.9054   16.7963    0.0333  -20.9095
eta,q 0.92174 19.39549
  0.0949  0.0966  0.0967  0.0827  0.0802  0.0870  0.0864  0.0846  0.0833  0.0794  0.0824  0.0808
  0.0953  0.0957  0.0956  0.0865  0.0817  0.0841  0.0846  0.0815  0.0817  0.0786  0.0807  0.0792
  0.0957  0.0953  0.0951  0.0911  0.0840  0.0818  0.0831  0.0800  0.0806  0.0787  0.0794  0.0784
  0.0959  0.0954  0.0953  0.0951  0.0877  0.0822  0.0818  0.0804  0.0799  0.0798  0.0786  0.0783
  0.0958  0.0960  0.0961  0.0980  0.0932  0.0871  0.0808  0.0828  0.0798  0.0817  0.0783  0.0787
  0.0958  0.0971  0.0975  0.1004  0.0998  0.0945  0.0804  0.0863  0.0803  0.0845  0.0786  0.0794
  0.0958  0.0987  0.0992  0.1020  0.1051  0.1018  0.0809  0.0897  0.0813  0.0880  0.0795  0.0805
niter,ni,del,rscale     7    3    5.0000    1.2000
parameter  1 -0.691948 -> -0.500000 qaram    1.3225
parameter  3  1.149790 ->  0.500000 qaram    1.1500
parameter  4  1.937836 ->  0.500000 qaram    1.3225
parameters
   -3.4053    7.7589    9.6104   -8.9274   -9.5440   -4.6235
    0.1371    1.3862    1.1480   16.9438    1.6146  -22.8325
eta,q 0.93727 19.39432
  0.0877  0.0802  0.0730  0.0650  0.0671  0.0765  0.0662  0.0768  0.0660  0.0685  0.0680  0.0643
  0.0842  0.0783  0.0734  0.0644  0.0652  0.0724  0.0641  0.0710  0.0643  0.0658  0.0657  0.0631
  0.0809  0.0770  0.0745  0.0680  0.0644  0.0678  0.0635  0.0661  0.0634  0.0640  0.0641  0.0627
  0.0783  0.0763  0.0763  0.0736  0.0650  0.0644  0.0645  0.0635  0.0633  0.0632  0.0632  0.0630
  0.0767  0.0764  0.0786  0.0804  0.0683  0.0647  0.0669  0.0638  0.0640  0.0635  0.0631  0.0639
  0.0764  0.0771  0.0815  0.0867  0.0751  0.0703  0.0706  0.0670  0.0654  0.0652  0.0637  0.0650
  0.0770  0.0786  0.0846  0.0896  0.0837  0.0794  0.0748  0.0720  0.0674  0.0684  0.0651  0.0663
niter,ni,del,rscale     7    3    5.0000    1.2000
parameter  2 -0.579218 -> -0.500000 qaram    1.1500
parameter  3  0.517709 ->  0.500000 qaram    1.3225
parameters
   -2.1573    9.1389    8.0234  -10.7187  -11.2993   -5.3033
   -0.9133    2.2882    0.2899   20.3510    1.2291  -24.6157
eta,q 0.94429 19.26439
  0.0798  0.0675  0.0598  0.0702  0.0629  0.0702  0.0633  0.0725  0.0603  0.0681  0.0597  0.0577
  0.0731  0.0647  0.0583  0.0634  0.0601  0.0650  0.0600  0.0660  0.0585  0.0634  0.0576  0.0561
  0.0671  0.0624  0.0583  0.0580  0.0581  0.0602  0.0581  0.0607  0.0575  0.0599  0.0564  0.0557
  0.0627  0.0608  0.0597  0.0582  0.0573  0.0576  0.0579  0.0578  0.0575  0.0574  0.0561  0.0561
  0.0609  0.0599  0.0622  0.0643  0.0592  0.0604  0.0594  0.0581  0.0582  0.0562  0.0567  0.0570
  0.0619  0.0598  0.0657  0.0731  0.0650  0.0679  0.0626  0.0615  0.0597  0.0565  0.0582  0.0584
  0.0654  0.0604  0.0697  0.0815  0.0739  0.0775  0.0668  0.0671  0.0619  0.0586  0.0604  0.0601
niter,ni,del,rscale     7    3    5.0000    1.2000
parameters
   -1.8985    9.9619    7.6301  -10.7797  -11.9981   -5.7823
   -0.7358    2.7529    0.1366   21.8983    0.8793  -25.2852
eta,q 0.94510 19.20987
  0.0696  0.0629  0.0613  0.0725  0.0623  0.0696  0.0631  0.0697  0.0591  0.0646  0.0588  0.0579
  0.0629  0.0596  0.0573  0.0659  0.0590  0.0639  0.0592  0.0631  0.0570  0.0604  0.0566  0.0558
  0.0579  0.0572  0.0552  0.0589  0.0565  0.0584  0.0565  0.0580  0.0558  0.0573  0.0553  0.0549
  0.0557  0.0557  0.0552  0.0550  0.0550  0.0552  0.0555  0.0555  0.0554  0.0554  0.0550  0.0550
  0.0566  0.0552  0.0571  0.0575  0.0554  0.0577  0.0563  0.0565  0.0560  0.0551  0.0557  0.0558
  0.0602  0.0558  0.0603  0.0652  0.0595  0.0655  0.0587  0.0606  0.0573  0.0565  0.0572  0.0571
  0.0658  0.0576  0.0646  0.0742  0.0675  0.0757  0.0625  0.0668  0.0594  0.0600  0.0595  0.0587
niter,ni,del,rscale     6    3    5.0000    1.2000
parameters
   -1.8082   10.2977    7.3348  -10.6904  -12.2662   -6.1719
   -0.7241    2.9944    0.1781   22.6342    0.6484  -25.6893
eta,q 0.94520 19.18227
  0.0676  0.0606  0.0614  0.0725  0.0624  0.0697  0.0623  0.0686  0.0589  0.0632  0.0587  0.0581
  0.0610  0.0577  0.0573  0.0659  0.0589  0.0638  0.0585  0.0621  0.0567  0.0593  0.0566  0.0559
  0.0565  0.0558  0.0550  0.0589  0.0563  0.0581  0.0559  0.0572  0.0554  0.0564  0.0552  0.0549
  0.0549  0.0549  0.0548  0.0547  0.0546  0.0548  0.0550  0.0550  0.0550  0.0550  0.0549  0.0549
  0.0563  0.0550  0.0565  0.0568  0.0546  0.0570  0.0559  0.0563  0.0554  0.0551  0.0554  0.0556
  0.0602  0.0562  0.0596  0.0643  0.0580  0.0648  0.0584  0.0607  0.0567  0.0572  0.0569  0.0569
  0.0661  0.0584  0.0638  0.0732  0.0654  0.0751  0.0623  0.0672  0.0588  0.0611  0.0592  0.0585
niter,ni,del,rscale     5    3    5.0000    1.2000
parameters
   -1.7670   10.4609    7.1281  -10.6043  -12.3967   -6.4662
   -0.7911    3.1248    0.2366   23.0791    0.4992  -25.9655
eta,q 0.94517 19.16645
  0.0671  0.0599  0.0617  0.0725  0.0625  0.0699  0.0621  0.0682  0.0588  0.0628  0.0588  0.0583
  0.0606  0.0572  0.0575  0.0659  0.0591  0.0641  0.0583  0.0618  0.0567  0.0589  0.0566  0.0560
  0.0563  0.0555  0.0551  0.0588  0.0564  0.0583  0.0558  0.0569  0.0554  0.0562  0.0553  0.0549
  0.0548  0.0548  0.0548  0.0547  0.0547  0.0547  0.0549  0.0549  0.0549  0.0549  0.0549  0.0549
  0.0563  0.0551  0.0563  0.0569  0.0545  0.0567  0.0559  0.0564  0.0554  0.0552  0.0554  0.0556
  0.0603  0.0565  0.0592  0.0643  0.0577  0.0643  0.0584  0.0610  0.0566  0.0575  0.0569  0.0568
  0.0663  0.0588  0.0633  0.0732  0.0649  0.0747  0.0623  0.0675  0.0587  0.0616  0.0592  0.0585
niter,ni,del,rscale     4    3    5.0000    1.2000
parameters
   -1.7435   10.5575    6.9746  -10.5405  -12.4792   -6.6835
   -0.8608    3.2034    0.2859   23.3730    0.3997  -26.1708
eta,q 0.94511 19.15521
  0.0670  0.0596  0.0619  0.0725  0.0626  0.0702  0.0621  0.0681  0.0589  0.0626  0.0589  0.0585
  0.0605  0.0570  0.0577  0.0659  0.0592  0.0644  0.0583  0.0617  0.0567  0.0588  0.0567  0.0561
  0.0562  0.0554  0.0552  0.0588  0.0565  0.0585  0.0558  0.0569  0.0554  0.0562  0.0554  0.0550
  0.0548  0.0548  0.0548  0.0548  0.0547  0.0548  0.0550  0.0550  0.0550  0.0549  0.0549  0.0549
  0.0564  0.0552  0.0562  0.0571  0.0546  0.0565  0.0559  0.0565  0.0554  0.0554  0.0554  0.0556
  0.0604  0.0566  0.0590  0.0645  0.0577  0.0640  0.0584  0.0611  0.0567  0.0578  0.0569  0.0569
  0.0665  0.0590  0.0630  0.0733  0.0648  0.0743  0.0624  0.0677  0.0587  0.0620  0.0591  0.0585
niter,ni,del,rscale     3    3    5.0000    1.2000
parameters
   -1.7289   10.6201    6.8620  -10.4951  -12.5384   -6.8428
   -0.9161    3.2541    0.3192   23.5831    0.3312  -26.3260
eta,q 0.94506 19.14712
  0.0669  0.0596  0.0621  0.0726  0.0627  0.0704  0.0622  0.0680  0.0589  0.0625  0.0590  0.0586
  0.0605  0.0570  0.0578  0.0659  0.0593  0.0646  0.0584  0.0616  0.0567  0.0587  0.0568  0.0562
  0.0563  0.0555  0.0554  0.0588  0.0566  0.0587  0.0558  0.0569  0.0554  0.0562  0.0554  0.0551
  0.0549  0.0549  0.0549  0.0548  0.0548  0.0549  0.0550  0.0550  0.0550  0.0550  0.0550  0.0550
  0.0564  0.0553  0.0562  0.0572  0.0546  0.0564  0.0559  0.0566  0.0554  0.0555  0.0555  0.0556
  0.0605  0.0567  0.0589  0.0646  0.0577  0.0638  0.0585  0.0612  0.0567  0.0579  0.0569  0.0569
  0.0665  0.0592  0.0628  0.0734  0.0648  0.0741  0.0624  0.0678  0.0588  0.0622  0.0591  0.0585
niter,ni,del,rscale     2    3    5.0000    1.2000
parameters
   -1.7195   10.6647    6.7789  -10.4638  -12.5842   -6.9609
   -0.9557    3.2868    0.3420   23.7409    0.2844  -26.4406
eta,q 0.94500 19.14090
  0.0669  0.0596  0.0623  0.0726  0.0628  0.0706  0.0622  0.0680  0.0589  0.0625  0.0591  0.0587
  0.0605  0.0570  0.0580  0.0659  0.0594  0.0647  0.0584  0.0616  0.0568  0.0587  0.0568  0.0563
  0.0563  0.0555  0.0555  0.0588  0.0567  0.0589  0.0559  0.0569  0.0555  0.0562  0.0555  0.0551
  0.0549  0.0549  0.0549  0.0549  0.0549  0.0549  0.0550  0.0550  0.0550  0.0550  0.0550  0.0550
  0.0565  0.0554  0.0562  0.0573  0.0547  0.0563  0.0559  0.0566  0.0555  0.0555  0.0555  0.0557
  0.0606  0.0568  0.0589  0.0647  0.0578  0.0636  0.0585  0.0613  0.0568  0.0581  0.0569  0.0569
  0.0666  0.0593  0.0627  0.0735  0.0648  0.0739  0.0624  0.0679  0.0588  0.0623  0.0592  0.0585
niter,ni,del,rscale     1    3    5.0000    1.2000
parameters
   -1.7134   10.6998    6.7165  -10.4403  -12.6197   -7.0487
   -0.9832    3.3089    0.3611   23.8605    0.2546  -26.5293
eta,q 0.94496 19.13606
  0.0669  0.0596  0.0624  0.0726  0.0629  0.0707  0.0623  0.0680  0.0589  0.0625  0.0591  0.0588
  0.0606  0.0571  0.0581  0.0659  0.0594  0.0649  0.0585  0.0616  0.0568  0.0587  0.0569  0.0564
  0.0563  0.0555  0.0556  0.0588  0.0568  0.0590  0.0559  0.0569  0.0555  0.0562  0.0555  0.0552
  0.0550  0.0550  0.0550  0.0550  0.0550  0.0550  0.0551  0.0551  0.0551  0.0551  0.0550  0.0551
  0.0566  0.0554  0.0562  0.0574  0.0548  0.0562  0.0560  0.0567  0.0555  0.0556  0.0555  0.0557
  0.0606  0.0569  0.0588  0.0648  0.0578  0.0635  0.0585  0.0614  0.0568  0.0582  0.0569  0.0569
  0.0667  0.0594  0.0626  0.0736  0.0649  0.0738  0.0624  0.0679  0.0589  0.0624  0.0592  0.0585
registration optimization eta report
parameter search radius
    3.1740    2.7600    3.1740    9.5220    8.2800    7.2000
    8.2800    7.2000    7.2000    8.2800    7.2000    7.2000
100000*second partial in parameter space
      116.       59.       74.       19.       13.       32.
       11.       24.        7.       11.        8.        7.
  0.0669  0.0596  0.0624  0.0726  0.0629  0.0707  0.0623  0.0680  0.0589  0.0625  0.0591  0.0588
  0.0606  0.0571  0.0581  0.0659  0.0594  0.0649  0.0585  0.0616  0.0568  0.0587  0.0569  0.0564
  0.0563  0.0555  0.0556  0.0588  0.0568  0.0590  0.0559  0.0569  0.0555  0.0562  0.0555  0.0552
  0.0550  0.0550  0.0550  0.0550  0.0550  0.0550  0.0551  0.0551  0.0551  0.0551  0.0550  0.0551
  0.0566  0.0554  0.0562  0.0574  0.0548  0.0562  0.0560  0.0567  0.0555  0.0556  0.0555  0.0557
  0.0606  0.0569  0.0588  0.0648  0.0578  0.0635  0.0585  0.0614  0.0568  0.0582  0.0569  0.0569
  0.0667  0.0594  0.0626  0.0736  0.0649  0.0738  0.0624  0.0679  0.0589  0.0624  0.0592  0.0585
   -1.7134   10.6998    6.7165  -10.4403  -12.6197   -7.0487
   -0.9832    3.3089    0.3611   23.8605    0.2546  -26.5293
eta,q 0.94496 19.13606

---------------------------------------------------------------------
imgreg_4dfp /opt/freesurfer/average/3T18yoSchwartzReactN32_as_orig /opt/freesurfer/average/711-2B_as_mni_average_305_mask talsrcimg_g11 none talsrcimg_to_3T18yoSchwartzReactN32_as_orig_t4 2311
---------------------------------------------------------------------

freesurfer imgreg_4dfp.c
/opt/freesurfer/average/3T18yoSchwartzReactN32_as_orig.4dfp.img
       256       256       256         1
  1.000000  1.000000  1.000000
orientation T byte_order littleendian
Reading image: /opt/freesurfer/average/3T18yoSchwartzReactN32_as_orig.4dfp.img
dimensions:      256       256       256
mmppix:       1.0000   -1.0000   -1.0000
center:     128.0000 -129.0000 -129.0000
/opt/freesurfer/average/711-2B_as_mni_average_305_mask.4dfp.img
       256       256       256         1
  1.000000  1.000000  1.000000
orientation T byte_order littleendian
Reading mask: /opt/freesurfer/average/711-2B_as_mni_average_305_mask.4dfp.img (2306576 pixels)
talsrcimg_g11.4dfp.img
       320       320       320         1
  0.799995  0.799995  0.799995
orientation T byte_order littleendian
Reading image: talsrcimg_g11.4dfp.img
dimensions:      320       320       320
mmppix:       0.8000   -0.8000   -0.8000
center:     127.9992 -128.7992 -128.7992
fimgreg.f
image alignment mode   2311 decimal      907 hex
parameters
   -1.7134   10.6998    6.7165  -10.4403  -12.6197   -7.0487
   -0.9832    3.3089    0.3611   23.8605    0.2546  -26.5293
eta,q 0.94496 19.13606
niter,ni,del,rscale     5    3    5.0000    0.8000
parameters
   -1.7473   10.7339    6.5554  -10.1527  -11.6957   -6.9738
   -0.9574    3.3360    0.3568   24.0856    0.3135  -26.5396
eta,q 0.94537 19.19581
  0.0582  0.0566  0.0567  0.0623  0.0585  0.0640  0.0575  0.0613  0.0565  0.0577  0.0566  0.0566
  0.0564  0.0558  0.0556  0.0588  0.0570  0.0601  0.0560  0.0578  0.0555  0.0561  0.0556  0.0554
  0.0553  0.0552  0.0551  0.0562  0.0558  0.0567  0.0550  0.0555  0.0549  0.0551  0.0549  0.0548
  0.0550  0.0550  0.0550  0.0550  0.0550  0.0547  0.0546  0.0547  0.0546  0.0546  0.0546  0.0546
  0.0555  0.0552  0.0554  0.0555  0.0546  0.0552  0.0550  0.0554  0.0549  0.0548  0.0548  0.0549
  0.0566  0.0557  0.0562  0.0576  0.0551  0.0587  0.0559  0.0576  0.0555  0.0557  0.0555  0.0555
  0.0584  0.0565  0.0574  0.0609  0.0569  0.0645  0.0575  0.0612  0.0565  0.0573  0.0566  0.0564
niter,ni,del,rscale     4    3    5.0000    0.7000
parameters
   -1.7491   10.7113    6.6722  -10.2668  -11.5747   -6.7622
   -0.9255    3.3228    0.3543   24.0395    0.3550  -26.5291
eta,q 0.94551 19.21237
  0.0572  0.0559  0.0566  0.0597  0.0571  0.0625  0.0567  0.0597  0.0559  0.0567  0.0560  0.0560
  0.0558  0.0552  0.0555  0.0570  0.0560  0.0592  0.0555  0.0569  0.0551  0.0555  0.0552  0.0551
  0.0549  0.0548  0.0549  0.0552  0.0551  0.0564  0.0547  0.0551  0.0547  0.0547  0.0547  0.0546
  0.0546  0.0546  0.0546  0.0546  0.0546  0.0546  0.0545  0.0545  0.0545  0.0545  0.0545  0.0545
  0.0549  0.0548  0.0548  0.0554  0.0546  0.0548  0.0547  0.0551  0.0546  0.0547  0.0546  0.0547
  0.0558  0.0552  0.0552  0.0573  0.0554  0.0574  0.0554  0.0569  0.0551  0.0555  0.0552  0.0552
  0.0572  0.0560  0.0560  0.0603  0.0571  0.0619  0.0566  0.0598  0.0559  0.0568  0.0560  0.0559
niter,ni,del,rscale     3    3    5.0000    0.6000
parameters
   -1.7574   10.6944    6.7767  -10.3170  -11.4283   -6.5695
   -0.9119    3.3104    0.3583   23.9887    0.3876  -26.4781
eta,q 0.94562 19.22928
  0.0564  0.0554  0.0560  0.0584  0.0563  0.0607  0.0560  0.0583  0.0554  0.0560  0.0555  0.0556
  0.0553  0.0549  0.0552  0.0563  0.0555  0.0580  0.0551  0.0562  0.0549  0.0551  0.0549  0.0549
  0.0547  0.0546  0.0547  0.0550  0.0549  0.0558  0.0546  0.0548  0.0545  0.0546  0.0545  0.0545
  0.0545  0.0545  0.0545  0.0545  0.0545  0.0545  0.0544  0.0544  0.0544  0.0544  0.0544  0.0544
  0.0547  0.0546  0.0546  0.0550  0.0545  0.0546  0.0546  0.0548  0.0545  0.0546  0.0545  0.0545
  0.0554  0.0549  0.0549  0.0564  0.0550  0.0566  0.0551  0.0562  0.0548  0.0551  0.0549  0.0549
  0.0564  0.0555  0.0555  0.0587  0.0563  0.0601  0.0560  0.0584  0.0554  0.0561  0.0555  0.0554
niter,ni,del,rscale     2    3    5.0000    0.5000
parameters
   -1.7624   10.6749    6.8777  -10.3579  -11.2940   -6.3895
   -0.9009    3.3013    0.3634   23.9073    0.4215  -26.4069
eta,q 0.94570 19.24406
  0.0557  0.0550  0.0555  0.0572  0.0557  0.0591  0.0555  0.0571  0.0550  0.0554  0.0551  0.0552
  0.0550  0.0547  0.0549  0.0557  0.0551  0.0569  0.0548  0.0556  0.0546  0.0548  0.0547  0.0547
  0.0545  0.0545  0.0545  0.0547  0.0546  0.0553  0.0544  0.0546  0.0544  0.0544  0.0544  0.0544
  0.0544  0.0544  0.0544  0.0544  0.0544  0.0544  0.0543  0.0543  0.0543  0.0543  0.0543  0.0543
  0.0545  0.0545  0.0544  0.0547  0.0544  0.0545  0.0544  0.0546  0.0544  0.0544  0.0544  0.0544
  0.0550  0.0547  0.0547  0.0558  0.0548  0.0559  0.0548  0.0556  0.0546  0.0548  0.0546  0.0547
  0.0557  0.0551  0.0551  0.0574  0.0556  0.0584  0.0554  0.0571  0.0550  0.0556  0.0551  0.0550
niter,ni,del,rscale     1    3    5.0000    0.4000
parameters
   -1.7675   10.6474    6.9737  -10.3980  -11.1635   -6.2190
   -0.8948    3.2909    0.3712   23.8100    0.4442  -26.3349
eta,q 0.94577 19.25790
  0.0552  0.0547  0.0550  0.0562  0.0552  0.0575  0.0550  0.0560  0.0547  0.0549  0.0548  0.0548
  0.0547  0.0545  0.0546  0.0551  0.0548  0.0560  0.0546  0.0551  0.0545  0.0545  0.0545  0.0545
  0.0544  0.0543  0.0544  0.0545  0.0544  0.0549  0.0543  0.0544  0.0543  0.0543  0.0543  0.0543
  0.0543  0.0543  0.0543  0.0543  0.0543  0.0543  0.0542  0.0542  0.0542  0.0542  0.0542  0.0542
  0.0544  0.0544  0.0543  0.0545  0.0543  0.0544  0.0543  0.0544  0.0543  0.0543  0.0543  0.0543
  0.0547  0.0545  0.0545  0.0552  0.0546  0.0553  0.0546  0.0551  0.0544  0.0546  0.0545  0.0545
  0.0552  0.0548  0.0547  0.0563  0.0551  0.0569  0.0550  0.0561  0.0547  0.0551  0.0548  0.0547
registration optimization eta report
parameter search radius
    0.8000    0.8000    0.8000    2.4000    2.4000    2.4000
    2.4000    2.4000    2.4000    2.4000    2.4000    2.4000
100000*second partial in parameter space
      136.       67.       92.       33.       14.       51.
       13.       32.        8.       13.        9.        9.
  0.0552  0.0547  0.0550  0.0562  0.0552  0.0575  0.0550  0.0560  0.0547  0.0549  0.0548  0.0548
  0.0547  0.0545  0.0546  0.0551  0.0548  0.0560  0.0546  0.0551  0.0545  0.0545  0.0545  0.0545
  0.0544  0.0543  0.0544  0.0545  0.0544  0.0549  0.0543  0.0544  0.0543  0.0543  0.0543  0.0543
  0.0543  0.0543  0.0543  0.0543  0.0543  0.0543  0.0542  0.0542  0.0542  0.0542  0.0542  0.0542
  0.0544  0.0544  0.0543  0.0545  0.0543  0.0544  0.0543  0.0544  0.0543  0.0543  0.0543  0.0543
  0.0547  0.0545  0.0545  0.0552  0.0546  0.0553  0.0546  0.0551  0.0544  0.0546  0.0545  0.0545
  0.0552  0.0548  0.0547  0.0563  0.0551  0.0569  0.0550  0.0561  0.0547  0.0551  0.0548  0.0547
   -1.7675   10.6474    6.9737  -10.3980  -11.1635   -6.2190
   -0.8948    3.2909    0.3712   23.8100    0.4442  -26.3349
eta,q 0.94577 19.25790

---------------------------------------------------------------------
imgreg_4dfp /opt/freesurfer/average/3T18yoSchwartzReactN32_as_orig /opt/freesurfer/average/711-2B_as_mni_average_305_mask talsrcimg_g11 none talsrcimg_to_3T18yoSchwartzReactN32_as_orig_t4 2311
---------------------------------------------------------------------

freesurfer imgreg_4dfp.c
/opt/freesurfer/average/3T18yoSchwartzReactN32_as_orig.4dfp.img
       256       256       256         1
  1.000000  1.000000  1.000000
orientation T byte_order littleendian
Reading image: /opt/freesurfer/average/3T18yoSchwartzReactN32_as_orig.4dfp.img
dimensions:      256       256       256
mmppix:       1.0000   -1.0000   -1.0000
center:     128.0000 -129.0000 -129.0000
/opt/freesurfer/average/711-2B_as_mni_average_305_mask.4dfp.img
       256       256       256         1
  1.000000  1.000000  1.000000
orientation T byte_order littleendian
Reading mask: /opt/freesurfer/average/711-2B_as_mni_average_305_mask.4dfp.img (2306576 pixels)
talsrcimg_g11.4dfp.img
       320       320       320         1
  0.799995  0.799995  0.799995
orientation T byte_order littleendian
Reading image: talsrcimg_g11.4dfp.img
dimensions:      320       320       320
mmppix:       0.8000   -0.8000   -0.8000
center:     127.9992 -128.7992 -128.7992
fimgreg.f
image alignment mode   2311 decimal      907 hex
parameters
   -1.7675   10.6474    6.9737  -10.3980  -11.1635   -6.2190
   -0.8948    3.2909    0.3712   23.8100    0.4442  -26.3349
eta,q 0.94577 19.25788
niter,ni,del,rscale     5    3    5.0000    0.8000
parameters
   -1.7466   10.5869    7.1019  -10.5182  -11.6064   -6.3194
   -0.8832    3.2685    0.3299   23.6443    0.3899  -26.3066
eta,q 0.94565 19.23343
  0.0578  0.0558  0.0570  0.0607  0.0568  0.0634  0.0571  0.0609  0.0561  0.0570  0.0563  0.0563
  0.0558  0.0549  0.0555  0.0574  0.0556  0.0594  0.0556  0.0575  0.0551  0.0555  0.0552  0.0551
  0.0546  0.0544  0.0546  0.0551  0.0547  0.0561  0.0547  0.0552  0.0545  0.0546  0.0546  0.0545
  0.0542  0.0542  0.0542  0.0542  0.0542  0.0543  0.0543  0.0543  0.0543  0.0543  0.0543  0.0543
  0.0546  0.0545  0.0544  0.0551  0.0545  0.0552  0.0547  0.0552  0.0546  0.0547  0.0546  0.0546
  0.0558  0.0551  0.0551  0.0577  0.0559  0.0591  0.0556  0.0575  0.0552  0.0557  0.0553  0.0552
  0.0576  0.0561  0.0562  0.0616  0.0587  0.0651  0.0571  0.0611  0.0562  0.0575  0.0564  0.0561
niter,ni,del,rscale     4    3    5.0000    0.7000
parameters
   -1.7547   10.6132    7.0023  -10.4055  -11.5177   -6.3571
   -0.8837    3.2950    0.3210   23.7019    0.3867  -26.3161
eta,q 0.94569 19.23544
  0.0569  0.0556  0.0558  0.0599  0.0567  0.0617  0.0565  0.0596  0.0557  0.0566  0.0559  0.0558
  0.0555  0.0549  0.0549  0.0572  0.0556  0.0584  0.0553  0.0568  0.0550  0.0554  0.0550  0.0549
  0.0546  0.0545  0.0544  0.0552  0.0548  0.0557  0.0545  0.0550  0.0545  0.0546  0.0545  0.0544
  0.0543  0.0543  0.0543  0.0543  0.0543  0.0543  0.0543  0.0543  0.0543  0.0543  0.0543  0.0543
  0.0547  0.0545  0.0546  0.0548  0.0543  0.0550  0.0546  0.0549  0.0545  0.0545  0.0545  0.0545
  0.0556  0.0549  0.0553  0.0566  0.0551  0.0580  0.0553  0.0567  0.0550  0.0552  0.0550  0.0550
  0.0570  0.0556  0.0563  0.0595  0.0569  0.0628  0.0565  0.0595  0.0558  0.0565  0.0559  0.0557
niter,ni,del,rscale     3    3    5.0000    0.6000
parameters
   -1.7569   10.6199    6.9863  -10.3846  -11.3766   -6.3143
   -0.8766    3.3055    0.3269   23.7237    0.3959  -26.3065
eta,q 0.94572 19.24378
  0.0563  0.0553  0.0556  0.0584  0.0562  0.0603  0.0559  0.0583  0.0553  0.0560  0.0554  0.0554
  0.0552  0.0547  0.0548  0.0563  0.0553  0.0576  0.0550  0.0561  0.0548  0.0550  0.0548  0.0547
  0.0545  0.0544  0.0544  0.0549  0.0547  0.0554  0.0545  0.0548  0.0544  0.0545  0.0544  0.0544
  0.0543  0.0543  0.0543  0.0543  0.0543  0.0543  0.0543  0.0543  0.0543  0.0543  0.0543  0.0543
  0.0546  0.0544  0.0545  0.0548  0.0543  0.0547  0.0545  0.0547  0.0544  0.0544  0.0544  0.0544
  0.0552  0.0547  0.0549  0.0562  0.0549  0.0569  0.0550  0.0561  0.0547  0.0550  0.0548  0.0548
  0.0562  0.0552  0.0556  0.0584  0.0561  0.0605  0.0559  0.0582  0.0553  0.0559  0.0554  0.0553
niter,ni,del,rscale     2    3    5.0000    0.5000
parameters
   -1.7596   10.6134    7.0148  -10.3974  -11.2412   -6.2211
   -0.8763    3.3060    0.3414   23.7027    0.4163  -26.2831
eta,q 0.94576 19.25431
  0.0556  0.0549  0.0552  0.0572  0.0556  0.0588  0.0554  0.0570  0.0550  0.0554  0.0551  0.0551
  0.0549  0.0546  0.0547  0.0556  0.0550  0.0567  0.0547  0.0555  0.0546  0.0547  0.0546  0.0546
  0.0544  0.0544  0.0544  0.0546  0.0545  0.0551  0.0544  0.0546  0.0543  0.0544  0.0543  0.0543
  0.0543  0.0543  0.0543  0.0543  0.0543  0.0543  0.0542  0.0542  0.0542  0.0542  0.0542  0.0542
  0.0544  0.0544  0.0544  0.0546  0.0543  0.0545  0.0544  0.0545  0.0543  0.0544  0.0543  0.0543
  0.0549  0.0546  0.0547  0.0556  0.0547  0.0560  0.0548  0.0555  0.0546  0.0548  0.0546  0.0546
  0.0556  0.0549  0.0551  0.0573  0.0555  0.0586  0.0554  0.0570  0.0550  0.0554  0.0550  0.0550
niter,ni,del,rscale     1    3    5.0000    0.4000
parameters
   -1.7644   10.5975    7.0639  -10.4235  -11.1201   -6.1077
   -0.8787    3.2985    0.3532   23.6551    0.4396  -26.2511
eta,q 0.94580 19.26493
  0.0551  0.0546  0.0549  0.0561  0.0551  0.0574  0.0549  0.0560  0.0547  0.0549  0.0547  0.0548
  0.0546  0.0544  0.0545  0.0551  0.0547  0.0559  0.0545  0.0550  0.0544  0.0545  0.0544  0.0544
  0.0543  0.0543  0.0543  0.0545  0.0544  0.0548  0.0543  0.0544  0.0543  0.0543  0.0543  0.0543
  0.0542  0.0542  0.0542  0.0542  0.0542  0.0542  0.0542  0.0542  0.0542  0.0542  0.0542  0.0542
  0.0543  0.0543  0.0543  0.0545  0.0543  0.0544  0.0543  0.0544  0.0543  0.0543  0.0543  0.0543
  0.0546  0.0544  0.0545  0.0551  0.0545  0.0553  0.0545  0.0550  0.0544  0.0545  0.0544  0.0544
  0.0551  0.0547  0.0548  0.0562  0.0550  0.0570  0.0549  0.0560  0.0547  0.0550  0.0547  0.0547
registration optimization eta report
parameter search radius
    0.8000    0.8000    0.8000    2.4000    2.4000    2.4000
    2.4000    2.4000    2.4000    2.4000    2.4000    2.4000
100000*second partial in parameter space
      137.       67.       92.       34.       14.       52.
       13.       32.        8.       13.        9.        9.
  0.0551  0.0546  0.0549  0.0561  0.0551  0.0574  0.0549  0.0560  0.0547  0.0549  0.0547  0.0548
  0.0546  0.0544  0.0545  0.0551  0.0547  0.0559  0.0545  0.0550  0.0544  0.0545  0.0544  0.0544
  0.0543  0.0543  0.0543  0.0545  0.0544  0.0548  0.0543  0.0544  0.0543  0.0543  0.0543  0.0543
  0.0542  0.0542  0.0542  0.0542  0.0542  0.0542  0.0542  0.0542  0.0542  0.0542  0.0542  0.0542
  0.0543  0.0543  0.0543  0.0545  0.0543  0.0544  0.0543  0.0544  0.0543  0.0543  0.0543  0.0543
  0.0546  0.0544  0.0545  0.0551  0.0545  0.0553  0.0545  0.0550  0.0544  0.0545  0.0544  0.0544
  0.0551  0.0547  0.0548  0.0562  0.0550  0.0570  0.0549  0.0560  0.0547  0.0550  0.0547  0.0547
   -1.7644   10.5975    7.0639  -10.4235  -11.1201   -6.1077
   -0.8787    3.2985    0.3532   23.6551    0.4396  -26.2511
eta,q 0.94580 19.26493

---------------------------------------------------------------------
compute_vox2vox talsrcimg talsrcimg_to_3T18yoSchwartzReactN32_as_orig_t4 /opt/freesurfer/average/3T18yoSchwartzReactN32_as_orig
---------------------------------------------------------------------

freesurfer compute_vox2vox.c
Reading: talsrcimg.4dfp.ifh
Reading: talsrcimg_to_3T18yoSchwartzReactN32_as_orig_t4
Reading: /opt/freesurfer/average/3T18yoSchwartzReactN32_as_orig.4dfp.ifh
Writing: talsrcimg_to_3T18yoSchwartzReactN32_as_orig_t4_vox2vox.txt

start time Thu Oct 5 12:46:59 UTC 2023
end		time Thu Oct 5 12:47:35 UTC 2023

mpr2mni305 success

avi2talxfm orig_nu.mgz /opt/freesurfer/average/mni305.cor.mgz talsrcimg_to_3T18yoSchwartzReactN32_as_orig_t4_vox2vox.txt transforms/talairach.auto.xfm
avi2talxfm done
mv -f /localscratch/bpinsard.41394480.0/freesurfer_crosssectional_autorecon1smriprep_skullstripautorecon2autorecon3_sub05_ses007.job/sub-05_ses-007/mri/talsrcimg_to_3T18yoSchwartzReactN32_as_orig_t4_vox2vox.txt /localscratch/bpinsard.41394480.0/freesurfer_crosssectional_autorecon1smriprep_skullstripautorecon2autorecon3_sub05_ses007.job/sub-05_ses-007/mri/transforms/talsrcimg_to_3T18yoSchwartzReactN32_as_orig_t4_vox2vox.txt
lta_convert --src orig_nu.mgz --trg /opt/freesurfer/average/mni305.cor.mgz --inxfm transforms/talairach.auto.xfm --outlta transforms/talairach.auto.xfm.lta --subject fsaverage
7.4.1

--src: orig_nu.mgz src image (geometry).
--trg: /opt/freesurfer/average/mni305.cor.mgz trg image (geometry).
--inmni: transforms/talairach.auto.xfm input MNI/XFM transform.
--outlta: transforms/talairach.auto.xfm.lta output LTA.
--s: fsaverage subject name
 LTA read, type : 1
 1.11655  -0.03910  -0.00051   3.25087;
-0.00602   0.99149   0.29278  -32.05847;
-0.00283  -0.26373   1.04718  -9.03513;
 0.00000   0.00000   0.00000   1.00000;
setting subject to fsaverage
Writing  LTA to file transforms/talairach.auto.xfm.lta...
lta_convert successful.
 
 
Started at Thu Oct 5 12:46:58 UTC 2023
Ended   at Thu Oct  5 12:47:35 UTC 2023
talairach_avi done
