Log file for defect2seg
Thu Oct  5 16:34:09 UTC 2023

setenv SUBJECTS_DIR /localscratch/bpinsard.41394423.0/freesurfer_crosssectional_autorecon1smriprep_skullstripautorecon2autorecon3_sub01_ses011.job
cd /localscratch/bpinsard.41394423.0/freesurfer_crosssectional_autorecon1smriprep_skullstripautorecon2autorecon3_sub01_ses011.job/sub-01_ses-011/scripts
/opt/freesurfer/bin/defect2seg --s sub-01_ses-011 --cortex

freesurfer-linux-centos7_x86_64-7.4.1-20230613-7eb8460
defect2seg 7.4.1
Linux bc12251.int.ets1.calculquebec.ca 3.10.0-1160.95.1.el7.x86_64 #1 SMP Mon Jul 24 13:59:37 UTC 2023 x86_64 x86_64 x86_64 GNU/Linux
pid 49276
mri_label2label --label-cortex /localscratch/bpinsard.41394423.0/freesurfer_crosssectional_autorecon1smriprep_skullstripautorecon2autorecon3_sub01_ses011.job/sub-01_ses-011/surf/lh.orig.nofix /localscratch/bpinsard.41394423.0/freesurfer_crosssectional_autorecon1smriprep_skullstripautorecon2autorecon3_sub01_ses011.job/sub-01_ses-011/mri/aseg.presurf.mgz 0 /localscratch/bpinsard.41394423.0/freesurfer_crosssectional_autorecon1smriprep_skullstripautorecon2autorecon3_sub01_ses011.job/sub-01_ses-011/label/lh.nofix.cortex.label

 Generating cortex label... RemoveHipAmgy=0
 NucAccIsMedialWall=0
 mris->useRealRAS=0
27 non-cortical segments detected
only using segment with 12126 vertices
erasing segment 1 (vno[0] = 85418)
erasing segment 2 (vno[0] = 98999)
erasing segment 3 (vno[0] = 149210)
erasing segment 4 (vno[0] = 153092)
erasing segment 5 (vno[0] = 154901)
erasing segment 6 (vno[0] = 157463)
erasing segment 7 (vno[0] = 158299)
erasing segment 8 (vno[0] = 158789)
erasing segment 9 (vno[0] = 158833)
erasing segment 10 (vno[0] = 161362)
erasing segment 11 (vno[0] = 161365)
erasing segment 12 (vno[0] = 161368)
erasing segment 13 (vno[0] = 161452)
erasing segment 14 (vno[0] = 162779)
erasing segment 15 (vno[0] = 164072)
erasing segment 16 (vno[0] = 164855)
erasing segment 17 (vno[0] = 166927)
erasing segment 18 (vno[0] = 168926)
erasing segment 19 (vno[0] = 169782)
erasing segment 20 (vno[0] = 194981)
erasing segment 21 (vno[0] = 203204)
erasing segment 22 (vno[0] = 203994)
erasing segment 23 (vno[0] = 204017)
erasing segment 24 (vno[0] = 204762)
erasing segment 25 (vno[0] = 209320)
erasing segment 26 (vno[0] = 210772)
mri_label2vol --defects /localscratch/bpinsard.41394423.0/freesurfer_crosssectional_autorecon1smriprep_skullstripautorecon2autorecon3_sub01_ses011.job/sub-01_ses-011/surf/lh.orig.nofix /localscratch/bpinsard.41394423.0/freesurfer_crosssectional_autorecon1smriprep_skullstripautorecon2autorecon3_sub01_ses011.job/sub-01_ses-011/surf/lh.defect_labels /localscratch/bpinsard.41394423.0/freesurfer_crosssectional_autorecon1smriprep_skullstripautorecon2autorecon3_sub01_ses011.job/sub-01_ses-011/mri/orig.mgz 1000 0 /localscratch/bpinsard.41394423.0/freesurfer_crosssectional_autorecon1smriprep_skullstripautorecon2autorecon3_sub01_ses011.job/sub-01_ses-011/mri/surface.defects.mgz /localscratch/bpinsard.41394423.0/freesurfer_crosssectional_autorecon1smriprep_skullstripautorecon2autorecon3_sub01_ses011.job/sub-01_ses-011/label/lh.nofix.cortex.label
mri_label2vol supposed to be reproducible but seed not set
Contraining to label /localscratch/bpinsard.41394423.0/freesurfer_crosssectional_autorecon1smriprep_skullstripautorecon2autorecon3_sub01_ses011.job/sub-01_ses-011/label/lh.nofix.cortex.label
Changing input type 0 to MRI_INT
Converting defects to volume: offset=1000, merge=0
Writing to /localscratch/bpinsard.41394423.0/freesurfer_crosssectional_autorecon1smriprep_skullstripautorecon2autorecon3_sub01_ses011.job/sub-01_ses-011/mri/surface.defects.mgz
mris_defects_pointset -s /localscratch/bpinsard.41394423.0/freesurfer_crosssectional_autorecon1smriprep_skullstripautorecon2autorecon3_sub01_ses011.job/sub-01_ses-011/surf/lh.orig.nofix -d /localscratch/bpinsard.41394423.0/freesurfer_crosssectional_autorecon1smriprep_skullstripautorecon2autorecon3_sub01_ses011.job/sub-01_ses-011/surf/lh.defect_labels -o /localscratch/bpinsard.41394423.0/freesurfer_crosssectional_autorecon1smriprep_skullstripautorecon2autorecon3_sub01_ses011.job/sub-01_ses-011/surf/lh.defects.pointset --label /localscratch/bpinsard.41394423.0/freesurfer_crosssectional_autorecon1smriprep_skullstripautorecon2autorecon3_sub01_ses011.job/sub-01_ses-011/label/lh.nofix.cortex.label
Reading in surface /localscratch/bpinsard.41394423.0/freesurfer_crosssectional_autorecon1smriprep_skullstripautorecon2autorecon3_sub01_ses011.job/sub-01_ses-011/surf/lh.orig.nofix
Reading in defect segmentation /localscratch/bpinsard.41394423.0/freesurfer_crosssectional_autorecon1smriprep_skullstripautorecon2autorecon3_sub01_ses011.job/sub-01_ses-011/surf/lh.defect_labels
Reading in label /localscratch/bpinsard.41394423.0/freesurfer_crosssectional_autorecon1smriprep_skullstripautorecon2autorecon3_sub01_ses011.job/sub-01_ses-011/label/lh.nofix.cortex.label
#VMPC# mris_defects_pointset 599600
mris_defects_pointset done
mri_label2label --label-cortex /localscratch/bpinsard.41394423.0/freesurfer_crosssectional_autorecon1smriprep_skullstripautorecon2autorecon3_sub01_ses011.job/sub-01_ses-011/surf/rh.orig.nofix /localscratch/bpinsard.41394423.0/freesurfer_crosssectional_autorecon1smriprep_skullstripautorecon2autorecon3_sub01_ses011.job/sub-01_ses-011/mri/aseg.presurf.mgz 0 /localscratch/bpinsard.41394423.0/freesurfer_crosssectional_autorecon1smriprep_skullstripautorecon2autorecon3_sub01_ses011.job/sub-01_ses-011/label/rh.nofix.cortex.label

 Generating cortex label... RemoveHipAmgy=0
 NucAccIsMedialWall=0
 mris->useRealRAS=0
19 non-cortical segments detected
only using segment with 11960 vertices
erasing segment 0 (vno[0] = 53290)
erasing segment 1 (vno[0] = 61238)
erasing segment 2 (vno[0] = 62770)
erasing segment 4 (vno[0] = 89445)
erasing segment 5 (vno[0] = 155045)
erasing segment 6 (vno[0] = 156228)
erasing segment 7 (vno[0] = 156243)
erasing segment 8 (vno[0] = 156254)
erasing segment 9 (vno[0] = 156286)
erasing segment 10 (vno[0] = 157784)
erasing segment 11 (vno[0] = 157814)
erasing segment 12 (vno[0] = 159611)
erasing segment 13 (vno[0] = 163832)
erasing segment 14 (vno[0] = 166542)
erasing segment 15 (vno[0] = 179892)
erasing segment 16 (vno[0] = 183661)
erasing segment 17 (vno[0] = 189654)
erasing segment 18 (vno[0] = 213626)
mri_label2vol --defects /localscratch/bpinsard.41394423.0/freesurfer_crosssectional_autorecon1smriprep_skullstripautorecon2autorecon3_sub01_ses011.job/sub-01_ses-011/surf/rh.orig.nofix /localscratch/bpinsard.41394423.0/freesurfer_crosssectional_autorecon1smriprep_skullstripautorecon2autorecon3_sub01_ses011.job/sub-01_ses-011/surf/rh.defect_labels /localscratch/bpinsard.41394423.0/freesurfer_crosssectional_autorecon1smriprep_skullstripautorecon2autorecon3_sub01_ses011.job/sub-01_ses-011/mri/surface.defects.mgz 2000 1 /localscratch/bpinsard.41394423.0/freesurfer_crosssectional_autorecon1smriprep_skullstripautorecon2autorecon3_sub01_ses011.job/sub-01_ses-011/mri/surface.defects.mgz /localscratch/bpinsard.41394423.0/freesurfer_crosssectional_autorecon1smriprep_skullstripautorecon2autorecon3_sub01_ses011.job/sub-01_ses-011/label/rh.nofix.cortex.label
mri_label2vol supposed to be reproducible but seed not set
Contraining to label /localscratch/bpinsard.41394423.0/freesurfer_crosssectional_autorecon1smriprep_skullstripautorecon2autorecon3_sub01_ses011.job/sub-01_ses-011/label/rh.nofix.cortex.label
Converting defects to volume: offset=2000, merge=1
Writing to /localscratch/bpinsard.41394423.0/freesurfer_crosssectional_autorecon1smriprep_skullstripautorecon2autorecon3_sub01_ses011.job/sub-01_ses-011/mri/surface.defects.mgz
mris_defects_pointset -s /localscratch/bpinsard.41394423.0/freesurfer_crosssectional_autorecon1smriprep_skullstripautorecon2autorecon3_sub01_ses011.job/sub-01_ses-011/surf/rh.orig.nofix -d /localscratch/bpinsard.41394423.0/freesurfer_crosssectional_autorecon1smriprep_skullstripautorecon2autorecon3_sub01_ses011.job/sub-01_ses-011/surf/rh.defect_labels -o /localscratch/bpinsard.41394423.0/freesurfer_crosssectional_autorecon1smriprep_skullstripautorecon2autorecon3_sub01_ses011.job/sub-01_ses-011/surf/rh.defects.pointset --label /localscratch/bpinsard.41394423.0/freesurfer_crosssectional_autorecon1smriprep_skullstripautorecon2autorecon3_sub01_ses011.job/sub-01_ses-011/label/rh.nofix.cortex.label
Reading in surface /localscratch/bpinsard.41394423.0/freesurfer_crosssectional_autorecon1smriprep_skullstripautorecon2autorecon3_sub01_ses011.job/sub-01_ses-011/surf/rh.orig.nofix
Reading in defect segmentation /localscratch/bpinsard.41394423.0/freesurfer_crosssectional_autorecon1smriprep_skullstripautorecon2autorecon3_sub01_ses011.job/sub-01_ses-011/surf/rh.defect_labels
Reading in label /localscratch/bpinsard.41394423.0/freesurfer_crosssectional_autorecon1smriprep_skullstripautorecon2autorecon3_sub01_ses011.job/sub-01_ses-011/label/rh.nofix.cortex.label
#VMPC# mris_defects_pointset 604680
mris_defects_pointset done
 
Started at Thu Oct 5 16:34:09 UTC 2023 
Ended   at Thu Oct  5 16:35:29 UTC 2023
Defect2seg-Run-Time-Sec 80
Defect2seg-Run-Time-Min 1.60
Defect2seg-Run-Time-Hours 0.02
 
defect2seg Done
