/localscratch/bpinsard.41394491.0/freesurfer_crosssectional_autorecon1smriprep_skullstripautorecon2autorecon3_sub06_ses006.job/sub-06_ses-006/mri
/opt/freesurfer/bin/talairach_avi
--i orig_nu.mgz --xfm transforms/talairach.auto.xfm --atlas 3T18yoSchwartzReactN32_as_orig
talairach_avi 7.4.1
Linux bc12048.int.ets1.calculquebec.ca 3.10.0-1160.95.1.el7.x86_64 #1 SMP Mon Jul 24 13:59:37 UTC 2023 x86_64 x86_64 x86_64 GNU/Linux
Thu Oct  5 12:47:55 UTC 2023
mri_convert orig_nu.mgz talsrcimg.img 
reading from orig_nu.mgz...
TR=0.00, TE=0.00, TI=0.00, flip angle=0.00
i_ras = (-1, 0, 0)
j_ras = (0, 0, -1)
k_ras = (0, 1, 0)
writing to talsrcimg.img...
Analyze Output Matrix
-0.80000   0.00000   0.00000   129.80212;
 0.00000   0.00000   0.80000  -102.86667;
 0.00000  -0.80000   0.00000   114.89365;
 0.00000   0.00000   0.00000   1.00000;
--------------------
INFO: set hdr.hist.orient to -1
mpr2mni305 talsrcimg
Thu Oct  5 12:47:56 UTC 2023
/opt/freesurfer/bin/mpr2mni305 talsrcimg
mpr2mni305 7.4.1
target=3T18yoSchwartzReactN32_as_orig

---------------------------------------------------------------------
analyzeto4dfp talsrcimg -O0 -y
---------------------------------------------------------------------

freesurfer ifh2hdr.c
Thu Oct  5 12:47:56 2023
Writing: talsrcimg.4dfp.hdr
freesurfer analyzeto4dfp.c
Reading: talsrcimg.hdr
header size 348 bytes
hdr.dime.datatype	offset=70	value=2
hdr.dime.bitpix		offset=72	value=8
hdr.hist.orient		offset=252	value=-1
dimensionality     4
dimensions       320       320       320         1
Reading: talsrcimg.img
Writing: talsrcimg.4dfp.img
Writing: talsrcimg.4dfp.ifh
ifh2hdr talsrcimg -r0to215
ori=2

---------------------------------------------------------------------
gauss_4dfp talsrcimg 1.1
---------------------------------------------------------------------

freesurfer gauss_4dfp.c
Reading: talsrcimg.4dfp.img
Writing: talsrcimg_g11.4dfp.img
image dimensions 320 320 320 padded to 384 384 384
processing volume 1freesurfer ifh2hdr.c
Thu Oct  5 12:48:14 2023
Writing: talsrcimg_g11.4dfp.hdr

Writing: talsrcimg_g11.4dfp.ifh
including: talsrcimg.4dfp.img.rec in talsrcimg_g11.4dfp.img.rec

---------------------------------------------------------------------
imgreg_4dfp /opt/freesurfer/average/3T18yoSchwartzReactN32_as_orig none talsrcimg_g11 none talsrcimg_to_3T18yoSchwartzReactN32_as_orig_t4 4355
---------------------------------------------------------------------

freesurfer imgreg_4dfp.c
/opt/freesurfer/average/3T18yoSchwartzReactN32_as_orig.4dfp.img
       256       256       256         1
  1.000000  1.000000  1.000000
orientation T byte_order littleendian
Reading image: /opt/freesurfer/average/3T18yoSchwartzReactN32_as_orig.4dfp.img
dimensions:      256       256       256
mmppix:       1.0000   -1.0000   -1.0000
center:     128.0000 -129.0000 -129.0000
talsrcimg_g11.4dfp.img
       320       320       320         1
  0.799995  0.799995  0.799995
orientation T byte_order littleendian
Reading image: talsrcimg_g11.4dfp.img
dimensions:      320       320       320
mmppix:       0.8000   -0.8000   -0.8000
center:     127.9992 -128.7992 -128.7992
t4_read: open error in t4_sub.f l:  46 t4_file(1:l)talsrcimg_to_3T18yoSchwartzReactN32_as_orig_t4 
t4_read: transform initialized to I4
rotation matrix determinant  1.000000
image alignment mode   4355 decimal     1103 hex
   -7.5000  -45.0000  -45.0000 8325.0723   33.7748
    0.0000  -45.0000  -45.0000 8651.6943   33.7295
    7.5000  -45.0000  -45.0000 8263.4092   33.7253
   -7.5000  -37.5000  -45.0000 8644.6143   36.1085
    0.0000  -37.5000  -45.0000 8984.0010   36.0708
    7.5000  -37.5000  -45.0000 8561.4072   36.0796
   -7.5000  -30.0000  -45.0000 9075.0391   36.5893
    0.0000  -30.0000  -45.0000 9451.1777   36.5516
    7.5000  -30.0000  -45.0000 8973.3604   36.5531
   -7.5000  -22.5000  -45.0000 9505.8506   37.3058
    0.0000  -22.5000  -45.0000 9898.1719   37.2685
    7.5000  -22.5000  -45.0000 9364.0068   37.2626
   -7.5000  -15.0000  -45.0000 9873.7090   37.9737
    0.0000  -15.0000  -45.000010304.1650   37.9318
    7.5000  -15.0000  -45.0000 9724.1621   37.9239
   -7.5000   -7.5000  -45.000010239.8994   38.6631
    0.0000   -7.5000  -45.000010712.0811   38.6146
    7.5000   -7.5000  -45.000010125.1016   38.6108
   -7.5000    0.0000  -45.000010766.5420   39.7987
    0.0000    0.0000  -45.000011298.9736   39.7432
    7.5000    0.0000  -45.000010701.4365   39.7394
   -7.5000    7.5000  -45.000010882.0410   43.0609
    0.0000    7.5000  -45.000011393.4072   43.0118
    7.5000    7.5000  -45.000010795.6016   43.0215
   -7.5000   15.0000  -45.000011085.8535   47.0239
    0.0000   15.0000  -45.000011642.7734   47.0203
    7.5000   15.0000  -45.000011074.0420   47.0751
   -7.5000   22.5000  -45.000011013.4492   50.1172
    0.0000   22.5000  -45.000011545.9609   50.1042
    7.5000   22.5000  -45.000010973.8223   50.1434
   -7.5000   30.0000  -45.000010792.5596   52.7842
    0.0000   30.0000  -45.000011272.4902   52.7707
    7.5000   30.0000  -45.000010725.0703   52.7988
   -7.5000   37.5000  -45.000010864.1582   55.5431
    0.0000   37.5000  -45.000011320.4531   55.5436
    7.5000   37.5000  -45.000010782.5254   55.5790
   -7.5000   45.0000  -45.000010397.9307   57.5931
    0.0000   45.0000  -45.000010800.5752   57.5977
    7.5000   45.0000  -45.000010284.3574   57.6254
   -7.5000  -45.0000  -37.5000 8696.0098   33.7193
    0.0000  -45.0000  -37.5000 9051.9082   33.6786
    7.5000  -45.0000  -37.5000 8634.0703   33.6803
   -7.5000  -37.5000  -37.5000 9063.0752   36.0477
    0.0000  -37.5000  -37.5000 9426.2510   36.0033
    7.5000  -37.5000  -37.5000 8974.7656   36.0201
   -7.5000  -30.0000  -37.5000 9517.1172   36.5087
    0.0000  -30.0000  -37.5000 9916.7705   36.4628
    7.5000  -30.0000  -37.5000 9426.7666   36.4714
   -7.5000  -22.5000  -37.5000 9994.7422   37.2219
    0.0000  -22.5000  -37.500010414.2646   37.1777
    7.5000  -22.5000  -37.5000 9874.1709   37.1771
   -7.5000  -15.0000  -37.500010425.7285   37.9016
    0.0000  -15.0000  -37.500010856.8867   37.8594
    7.5000  -15.0000  -37.500010262.2803   37.8563
   -7.5000   -7.5000  -37.500010837.4893   38.6030
    0.0000   -7.5000  -37.500011320.9697   38.5607
    7.5000   -7.5000  -37.500010684.5566   38.5637
   -7.5000    0.0000  -37.500011427.1230   39.7389
    0.0000    0.0000  -37.500011975.5859   39.6891
    7.5000    0.0000  -37.500011307.3477   39.6924
   -7.5000    7.5000  -37.500011575.3613   42.9916
    0.0000    7.5000  -37.500012125.9648   42.9349
    7.5000    7.5000  -37.500011437.7178   42.9543
   -7.5000   15.0000  -37.500011831.2666   46.9567
    0.0000   15.0000  -37.500012433.0332   46.9456
    7.5000   15.0000  -37.500011782.6377   46.9912
   -7.5000   22.5000  -37.500011768.1719   50.0723
    0.0000   22.5000  -37.500012367.0791   50.0560
    7.5000   22.5000  -37.500011712.9473   50.0982
   -7.5000   30.0000  -37.500011536.3516   52.8075
    0.0000   30.0000  -37.500012107.0947   52.7956
    7.5000   30.0000  -37.500011457.9170   52.8297
   -7.5000   37.5000  -37.500011611.4941   55.6044
    0.0000   37.5000  -37.500012155.9219   55.5997
    7.5000   37.5000  -37.500011504.8281   55.6514
   -7.5000   45.0000  -37.500011098.0547   57.6440
    0.0000   45.0000  -37.500011583.5244   57.6510
    7.5000   45.0000  -37.500010977.6172   57.7021
   -7.5000  -45.0000  -30.0000 9220.6104   35.0282
    0.0000  -45.0000  -30.0000 9592.0752   34.9958
    7.5000  -45.0000  -30.0000 9154.6406   34.9932
   -7.5000  -37.5000  -30.0000 9634.3418   37.4674
    0.0000  -37.5000  -30.000010016.6807   37.4281
    7.5000  -37.5000  -30.0000 9536.0098   37.4471
   -7.5000  -30.0000  -30.000010116.3320   37.9562
    0.0000  -30.0000  -30.000010528.5322   37.9110
    7.5000  -30.0000  -30.000010028.6367   37.9253
   -7.5000  -22.5000  -30.000010633.5273   38.7204
    0.0000  -22.5000  -30.000011069.3330   38.6754
    7.5000  -22.5000  -30.000010514.5938   38.6786
   -7.5000  -15.0000  -30.000011109.8369   39.4690
    0.0000  -15.0000  -30.000011564.8662   39.4277
    7.5000  -15.0000  -30.000010957.6641   39.4233
   -7.5000   -7.5000  -30.000011590.0664   40.2479
    0.0000   -7.5000  -30.000012095.2783   40.2108
    7.5000   -7.5000  -30.000011419.3457   40.2082
   -7.5000    0.0000  -30.000012257.4023   41.4838
    0.0000    0.0000  -30.000012849.0469   41.4434
    7.5000    0.0000  -30.000012118.8838   41.4422
   -7.5000    7.5000  -30.000012468.4902   44.8997
    0.0000    7.5000  -30.000013070.4932   44.8488
    7.5000    7.5000  -30.000012280.1699   44.8715
   -7.5000   15.0000  -30.000012771.4834   49.0367
    0.0000   15.0000  -30.000013436.5508   49.0305
    7.5000   15.0000  -30.000012677.0713   49.0641
   -7.5000   22.5000  -30.000012743.0381   52.2914
    0.0000   22.5000  -30.000013401.7178   52.2917
    7.5000   22.5000  -30.000012653.9912   52.3309
   -7.5000   30.0000  -30.000012491.0898   55.2122
    0.0000   30.0000  -30.000013146.4053   55.2107
    7.5000   30.0000  -30.000012399.8232   55.2338
   -7.5000   37.5000  -30.000012556.2549   58.1727
    0.0000   37.5000  -30.000013179.6797   58.1524
    7.5000   37.5000  -30.000012420.8389   58.1862
   -7.5000   45.0000  -30.000011994.3574   60.3269
    0.0000   45.0000  -30.000012553.0908   60.3136
    7.5000   45.0000  -30.000011839.4131   60.3520
   -7.5000  -45.0000  -22.5000 9757.3311   36.1023
    0.0000  -45.0000  -22.500010133.7734   36.0708
    7.5000  -45.0000  -22.5000 9703.5527   36.0568
   -7.5000  -37.5000  -22.500010227.9561   38.6372
    0.0000  -37.5000  -22.500010621.1670   38.6074
    7.5000  -37.5000  -22.500010153.4629   38.6223
   -7.5000  -30.0000  -22.500010767.6279   39.1567
    0.0000  -30.0000  -22.500011187.2217   39.1185
    7.5000  -30.0000  -22.500010678.4785   39.1340
   -7.5000  -22.5000  -22.500011313.4287   39.9610
    0.0000  -22.5000  -22.500011756.8760   39.9204
    7.5000  -22.5000  -22.500011199.5322   39.9232
   -7.5000  -15.0000  -22.500011821.7832   40.7535
    0.0000  -15.0000  -22.500012292.1338   40.7117
    7.5000  -15.0000  -22.500011671.0137   40.6996
   -7.5000   -7.5000  -22.500012351.3096   41.5914
    0.0000   -7.5000  -22.500012886.7266   41.5502
    7.5000   -7.5000  -22.500012183.0488   41.5325
   -7.5000    0.0000  -22.500013118.3643   42.9131
    0.0000    0.0000  -22.500013740.3564   42.8736
    7.5000    0.0000  -22.500012958.0713   42.8595
   -7.5000    7.5000  -22.500013409.3828   46.4698
    0.0000    7.5000  -22.500014050.9658   46.4297
    7.5000    7.5000  -22.500013202.8115   46.4479
   -7.5000   15.0000  -22.500013761.0742   50.7378
    0.0000   15.0000  -22.500014491.4951   50.7396
    7.5000   15.0000  -22.500013637.9902   50.7719
   -7.5000   22.5000  -22.500013746.0195   54.0808
    0.0000   22.5000  -22.500014491.3359   54.0957
    7.5000   22.5000  -22.500013625.4541   54.1258
   -7.5000   30.0000  -22.500013486.5684   57.0915
    0.0000   30.0000  -22.500014217.1553   57.0947
    7.5000   30.0000  -22.500013376.1436   57.0965
   -7.5000   37.5000  -22.500013525.8398   60.1537
    0.0000   37.5000  -22.500014230.0762   60.1168
    7.5000   37.5000  -22.500013394.9287   60.1106
   -7.5000   45.0000  -22.500012902.4326   62.4069
    0.0000   45.0000  -22.500013528.5029   62.3632
    7.5000   45.0000  -22.500012742.7686   62.3596
   -7.5000  -45.0000  -15.000010343.3965   36.8501
    0.0000  -45.0000  -15.000010723.0977   36.8150
    7.5000  -45.0000  -15.000010265.9854   36.7935
   -7.5000  -37.5000  -15.000010871.6982   39.4398
    0.0000  -37.5000  -15.000011269.4131   39.4178
    7.5000  -37.5000  -15.000010779.2402   39.4261
   -7.5000  -30.0000  -15.000011453.5137   39.9960
    0.0000  -30.0000  -15.000011903.1816   39.9662
    7.5000  -30.0000  -15.000011355.0791   39.9776
   -7.5000  -22.5000  -15.000012038.8984   40.8316
    0.0000  -22.5000  -15.000012513.5713   40.7963
    7.5000  -22.5000  -15.000011925.2705   40.7969
   -7.5000  -15.0000  -15.000012591.3018   41.6460
    0.0000  -15.0000  -15.000013087.9014   41.6033
    7.5000  -15.0000  -15.000012456.5898   41.5876
   -7.5000   -7.5000  -15.000013175.1846   42.5214
    0.0000   -7.5000  -15.000013715.0059   42.4734
    7.5000   -7.5000  -15.000013021.3574   42.4476
   -7.5000    0.0000  -15.000014045.8809   43.9104
    0.0000    0.0000  -15.000014679.0938   43.8659
    7.5000    0.0000  -15.000013874.7500   43.8427
   -7.5000    7.5000  -15.000014444.9619   47.5527
    0.0000    7.5000  -15.000015103.5703   47.5215
    7.5000    7.5000  -15.000014211.7510   47.5316
   -7.5000   15.0000  -15.000014858.3730   51.8976
    0.0000   15.0000  -15.000015638.8262   51.9067
    7.5000   15.0000  -15.000014691.1611   51.9513
   -7.5000   22.5000  -15.000014809.4160   55.2905
    0.0000   22.5000  -15.000015639.0635   55.3044
    7.5000   22.5000  -15.000014667.5693   55.3306
   -7.5000   30.0000  -15.000014507.5420   58.2836
    0.0000   30.0000  -15.000015307.0039   58.2821
    7.5000   30.0000  -15.000014372.4258   58.2763
   -7.5000   37.5000  -15.000014551.8418   61.3736
    0.0000   37.5000  -15.000015313.0391   61.3411
    7.5000   37.5000  -15.000014404.9395   61.3149
   -7.5000   45.0000  -15.000013891.9619   63.6921
    0.0000   45.0000  -15.000014576.1562   63.6456
    7.5000   45.0000  -15.000013707.9932   63.6156
   -7.5000  -45.0000   -7.500010823.0156   37.2282
    0.0000  -45.0000   -7.500011235.8320   37.1855
    7.5000  -45.0000   -7.500010738.3057   37.1687
   -7.5000  -37.5000   -7.500011413.9414   39.8252
    0.0000  -37.5000   -7.500011832.1338   39.7992
    7.5000  -37.5000   -7.500011298.3086   39.8038
   -7.5000  -30.0000   -7.500012064.2324   40.4256
    0.0000  -30.0000   -7.500012513.2393   40.3956
    7.5000  -30.0000   -7.500011950.0586   40.3986
   -7.5000  -22.5000   -7.500012717.5869   41.2968
    0.0000  -22.5000   -7.500013211.7979   41.2628
    7.5000  -22.5000   -7.500012603.0342   41.2580
   -7.5000  -15.0000   -7.500013328.2314   42.1331
    0.0000  -15.0000   -7.500013854.6211   42.0896
    7.5000  -15.0000   -7.500013194.9980   42.0762
   -7.5000   -7.5000   -7.500013973.2617   43.0283
    0.0000   -7.5000   -7.500014547.4033   42.9754
    7.5000   -7.5000   -7.500013838.7422   42.9574
   -7.5000    0.0000   -7.500014958.3838   44.4566
    0.0000    0.0000   -7.500015627.1836   44.4027
    7.5000    0.0000   -7.500014795.7041   44.3847
   -7.5000    7.5000   -7.500015453.2119   48.1221
    0.0000    7.5000   -7.500016168.5752   48.0856
    7.5000    7.5000   -7.500015216.0947   48.0908
   -7.5000   15.0000   -7.500015923.8252   52.5187
    0.0000   15.0000   -7.500016776.2012   52.5275
    7.5000   15.0000   -7.500015758.5381   52.5857
   -7.5000   22.5000   -7.500015859.4844   55.9406
    0.0000   22.5000   -7.500016771.1055   55.9435
    7.5000   22.5000   -7.500015727.8799   55.9769
   -7.5000   30.0000   -7.500015531.8730   58.8954
    0.0000   30.0000   -7.500016389.8340   58.8878
    7.5000   30.0000   -7.500015383.7832   58.8976
   -7.5000   37.5000   -7.500015572.1670   61.9773
    0.0000   37.5000   -7.500016388.0039   61.9655
    7.5000   37.5000   -7.500015424.0322   61.9636
   -7.5000   45.0000   -7.500014837.9766   64.3119
    0.0000   45.0000   -7.500015581.0596   64.2929
    7.5000   45.0000   -7.500014656.0928   64.2810
   -7.5000  -45.0000    0.000011126.0107   37.4344
    0.0000  -45.0000    0.000011549.1602   37.3842
    7.5000  -45.0000    0.000011059.4688   37.3795
   -7.5000  -37.5000    0.000011804.3594   40.0209
    0.0000  -37.5000    0.000012220.7969   39.9792
    7.5000  -37.5000    0.000011695.0352   39.9889
   -7.5000  -30.0000    0.000012467.1436   40.6487
    0.0000  -30.0000    0.000012922.5361   40.6069
    7.5000  -30.0000    0.000012360.3105   40.6085
   -7.5000  -22.5000    0.000013168.0811   41.5568
    0.0000  -22.5000    0.000013679.2744   41.5152
    7.5000  -22.5000    0.000013060.0244   41.5087
   -7.5000  -15.0000    0.000013831.8164   42.4294
    0.0000  -15.0000    0.000014380.2129   42.3826
    7.5000  -15.0000    0.000013695.5869   42.3739
   -7.5000   -7.5000    0.000014541.2500   43.3538
    0.0000   -7.5000    0.000015147.2441   43.2994
    7.5000   -7.5000    0.000014427.2178   43.2952
   -7.5000    0.0000    0.000015651.9268   44.8112
    0.0000    0.0000    0.000016368.4590   44.7487
    7.5000    0.0000    0.000015507.4053   44.7444
   -7.5000    7.5000    0.000016262.5889   48.4782
    0.0000    7.5000    0.000016997.8125   48.4229
    7.5000    7.5000    0.000016018.4668   48.4339
   -7.5000   15.0000    0.000016777.2695   52.9333
    0.0000   15.0000    0.000017591.4805   52.9292
    7.5000   15.0000    0.000016606.2656   52.9909
   -7.5000   22.5000    0.000016756.0938   56.4004
    0.0000   22.5000    0.000017636.7363   56.3857
    7.5000   22.5000    0.000016607.0078   56.4298
   -7.5000   30.0000    0.000016492.2578   59.3914
    0.0000   30.0000    0.000017336.5117   59.3763
    7.5000   30.0000    0.000016313.5908   59.4079
   -7.5000   37.5000    0.000016549.1367   62.4957
    0.0000   37.5000    0.000017360.8242   62.4963
    7.5000   37.5000    0.000016347.6436   62.5361
   -7.5000   45.0000    0.000015760.5508   64.8228
    0.0000   45.0000    0.000016520.9746   64.8280
    7.5000   45.0000    0.000015524.3604   64.8591
   -7.5000  -45.0000    7.500010411.3516   37.2556
    0.0000  -45.0000    7.500010817.4619   37.2108
    7.5000  -45.0000    7.500010346.6934   37.2126
   -7.5000  -37.5000    7.500011212.2041   39.8282
    0.0000  -37.5000    7.500011645.2441   39.7792
    7.5000  -37.5000    7.500011094.8105   39.7977
   -7.5000  -30.0000    7.500011871.4131   40.4382
    0.0000  -30.0000    7.500012339.7461   40.3874
    7.5000  -30.0000    7.500011759.8535   40.3969
   -7.5000  -22.5000    7.500012548.5049   41.3452
    0.0000  -22.5000    7.500013028.2705   41.2962
    7.5000  -22.5000    7.500012423.8408   41.2955
   -7.5000  -15.0000    7.500013184.9834   42.2335
    0.0000  -15.0000    7.500013660.3760   42.1865
    7.5000  -15.0000    7.500013033.7959   42.1830
   -7.5000   -7.5000    7.500013904.9727   43.1731
    0.0000   -7.5000    7.500014410.5645   43.1257
    7.5000   -7.5000    7.500013754.2764   43.1292
   -7.5000    0.0000    7.500015031.0586   44.6310
    0.0000    0.0000    7.500015630.0449   44.5752
    7.5000    0.0000    7.500014847.8633   44.5788
   -7.5000    7.5000    7.500015778.6211   48.2777
    0.0000    7.5000    7.500016350.3711   48.2141
    7.5000    7.5000    7.500015482.9023   48.2359
   -7.5000   15.0000    7.500016395.6875   52.7278
    0.0000   15.0000    7.500016955.2676   52.7153
    7.5000   15.0000    7.500016156.2900   52.7666
   -7.5000   22.5000    7.500016375.1768   56.2157
    0.0000   22.5000    7.500017053.9434   56.1975
    7.5000   22.5000    7.500016139.9033   56.2448
   -7.5000   30.0000    7.500016140.3096   59.2816
    0.0000   30.0000    7.500016929.5156   59.2682
    7.5000   30.0000    7.500015903.2529   59.3065
   -7.5000   37.5000    7.500016188.6436   62.4214
    0.0000   37.5000    7.500017001.7090   62.4161
    7.5000   37.5000    7.500015953.8496   62.4742
   -7.5000   45.0000    7.500015409.3086   64.7372
    0.0000   45.0000    7.500016184.3271   64.7451
    7.5000   45.0000    7.500015153.2334   64.8025
   -7.5000  -45.0000   15.0000 9541.7490   37.1533
    0.0000  -45.0000   15.0000 9902.7920   37.1192
    7.5000  -45.0000   15.0000 9485.2158   37.1165
   -7.5000  -37.5000   15.000010448.1953   39.7390
    0.0000  -37.5000   15.000010823.6865   39.6976
    7.5000  -37.5000   15.000010333.2646   39.7179
   -7.5000  -30.0000   15.000011075.3037   40.3198
    0.0000  -30.0000   15.000011466.1143   40.2721
    7.5000  -30.0000   15.000010927.3750   40.2875
   -7.5000  -22.5000   15.000011712.4688   41.2116
    0.0000  -22.5000   15.000012106.0430   41.1641
    7.5000  -22.5000   15.000011536.6182   41.1676
   -7.5000  -15.0000   15.000012322.4834   42.1080
    0.0000  -15.0000   15.000012735.2666   42.0644
    7.5000  -15.0000   15.000012123.0303   42.0597
   -7.5000   -7.5000   15.000013028.5889   43.0643
    0.0000   -7.5000   15.000013495.2285   43.0250
    7.5000   -7.5000   15.000012829.3193   43.0223
   -7.5000    0.0000   15.000014097.1973   44.5325
    0.0000    0.0000   15.000014666.9736   44.4895
    7.5000    0.0000   15.000013883.2686   44.4882
   -7.5000    7.5000   15.000014879.6768   48.1950
    0.0000    7.5000   15.000015474.7168   48.1407
    7.5000    7.5000   15.000014573.9912   48.1651
   -7.5000   15.0000   15.000015623.9141   52.6337
    0.0000   15.0000   15.000016252.9141   52.6274
    7.5000   15.0000   15.000015345.3779   52.6635
   -7.5000   22.5000   15.000015660.0605   56.1183
    0.0000   22.5000   15.000016338.7314   56.1190
    7.5000   22.5000   15.000015383.4082   56.1611
   -7.5000   30.0000   15.000015383.2930   59.2485
    0.0000   30.0000   15.000016114.6445   59.2471
    7.5000   30.0000   15.000015133.2031   59.2719
   -7.5000   37.5000   15.000015419.3105   62.4228
    0.0000   37.5000   15.000016167.1855   62.4013
    7.5000   37.5000   15.000015192.7178   62.4377
   -7.5000   45.0000   15.000014710.3906   64.7492
    0.0000   45.0000   15.000015420.1885   64.7352
    7.5000   45.0000   15.000014495.3438   64.7766
   -7.5000  -45.0000   22.5000 8604.8154   37.1596
    0.0000  -45.0000   22.5000 8941.7334   37.1282
    7.5000  -45.0000   22.5000 8544.7695   37.1139
   -7.5000  -37.5000   22.5000 9534.7529   39.7650
    0.0000  -37.5000   22.5000 9902.7852   39.7351
    7.5000  -37.5000   22.5000 9409.0869   39.7507
   -7.5000  -30.0000   22.500010111.4150   40.3405
    0.0000  -30.0000   22.500010501.0381   40.3019
    7.5000  -30.0000   22.5000 9945.9297   40.3180
   -7.5000  -22.5000   22.500010703.7549   41.2226
    0.0000  -22.5000   22.500011122.3701   41.1814
    7.5000  -22.5000   22.500010516.1084   41.1843
   -7.5000  -15.0000   22.500011278.0439   42.1121
    0.0000  -15.0000   22.500011739.0938   42.0699
    7.5000  -15.0000   22.500011085.0361   42.0573
   -7.5000   -7.5000   22.500011941.2705   43.0694
    0.0000   -7.5000   22.500012449.1973   43.0278
    7.5000   -7.5000   22.500011761.4492   43.0096
   -7.5000    0.0000   22.500012933.9766   44.5408
    0.0000    0.0000   22.500013516.6143   44.5009
    7.5000    0.0000   22.500012760.8750   44.4864
   -7.5000    7.5000   22.500013678.3057   48.2290
    0.0000    7.5000   22.500014279.2959   48.1884
    7.5000    7.5000   22.500013431.5088   48.2075
   -7.5000   15.0000   22.500014405.5010   52.6595
    0.0000   15.0000   22.500015069.8496   52.6626
    7.5000   15.0000   22.500014168.4600   52.6965
   -7.5000   22.5000   22.500014494.0312   56.1260
    0.0000   22.5000   22.500015206.8984   56.1430
    7.5000   22.5000   22.500014269.0391   56.1746
   -7.5000   30.0000   22.500014292.3477   59.2505
    0.0000   30.0000   22.500014984.4766   59.2552
    7.5000   30.0000   22.500014075.4902   59.2576
   -7.5000   37.5000   22.500014386.6553   62.4240
    0.0000   37.5000   22.500015072.7744   62.3870
    7.5000   37.5000   22.500014189.1602   62.3809
   -7.5000   45.0000   22.500013779.0645   64.7733
    0.0000   45.0000   22.500014423.3916   64.7294
    7.5000   45.0000   22.500013593.2715   64.7259
   -7.5000  -45.0000   30.0000 7793.4233   37.4946
    0.0000  -45.0000   30.0000 8109.9570   37.4609
    7.5000  -45.0000   30.0000 7751.0576   37.4408
   -7.5000  -37.5000   30.0000 8624.4170   39.9344
    0.0000  -37.5000   30.0000 8974.6436   39.9148
    7.5000  -37.5000   30.0000 8529.0576   39.9247
   -7.5000  -30.0000   30.0000 9172.3174   40.5733
    0.0000  -30.0000   30.0000 9555.7900   40.5457
    7.5000  -30.0000   30.0000 9041.3613   40.5592
   -7.5000  -22.5000   30.0000 9741.8721   41.4951
    0.0000  -22.5000   30.000010146.1416   41.4618
    7.5000  -22.5000   30.0000 9583.5957   41.4644
   -7.5000  -15.0000   30.000010281.4834   42.4142
    0.0000  -15.0000   30.000010720.6123   42.3729
    7.5000  -15.0000   30.000010120.2412   42.3590
   -7.5000   -7.5000   30.000010896.4316   43.4131
    0.0000   -7.5000   30.000011375.2002   43.3662
    7.5000   -7.5000   30.000010750.0811   43.3421
   -7.5000    0.0000   30.000011796.7715   44.9250
    0.0000    0.0000   30.000012337.3672   44.8820
    7.5000    0.0000   30.000011664.5723   44.8605
   -7.5000    7.5000   30.000012444.5840   48.4322
    0.0000    7.5000   30.000012996.0264   48.4035
    7.5000    7.5000   30.000012259.6826   48.4158
   -7.5000   15.0000   30.000013104.0869   52.6987
    0.0000   15.0000   30.000013701.6211   52.7110
    7.5000   15.0000   30.000012937.9961   52.7571
   -7.5000   22.5000   30.000013195.9814   56.1453
    0.0000   22.5000   30.000013798.4531   56.1629
    7.5000   22.5000   30.000013044.4395   56.1900
   -7.5000   30.0000   30.000013012.1768   59.1918
    0.0000   30.0000   30.000013589.0693   59.1937
    7.5000   30.0000   30.000012869.7188   59.1881
   -7.5000   37.5000   30.000013163.1250   62.3250
    0.0000   37.5000   30.000013720.6133   62.2947
    7.5000   37.5000   30.000013016.0312   62.2681
   -7.5000   45.0000   30.000012643.9766   64.6937
    0.0000   45.0000   30.000013178.5781   64.6497
    7.5000   45.0000   30.000012498.7314   64.6194
   -7.5000  -45.0000   37.5000 7444.2578   38.7367
    0.0000  -45.0000   37.5000 7752.5400   38.6933
    7.5000  -45.0000   37.5000 7419.9976   38.6765
   -7.5000  -37.5000   37.5000 8149.1787   40.9046
    0.0000  -37.5000   37.5000 8494.1816   40.8809
    7.5000  -37.5000   37.5000 8080.8877   40.8870
   -7.5000  -30.0000   37.5000 8716.8574   41.6390
    0.0000  -30.0000   37.5000 9120.7363   41.6105
    7.5000  -30.0000   37.5000 8623.9180   41.6156
   -7.5000  -22.5000   37.5000 9310.3457   42.6696
    0.0000  -22.5000   37.5000 9752.5107   42.6359
    7.5000  -22.5000   37.5000 9206.4727   42.6323
   -7.5000  -15.0000   37.5000 9882.9541   43.6966
    0.0000  -15.0000   37.500010349.5742   43.6518
    7.5000  -15.0000   37.5000 9780.5840   43.6384
   -7.5000   -7.5000   37.500010516.9395   44.7925
    0.0000   -7.5000   37.500011005.7383   44.7376
    7.5000   -7.5000   37.500010414.4150   44.7192
   -7.5000    0.0000   37.500011361.1465   46.3636
    0.0000    0.0000   37.500011885.8184   46.3087
    7.5000    0.0000   37.500011270.9541   46.2909
   -7.5000    7.5000   37.500011813.6084   49.5886
    0.0000    7.5000   37.500012343.7148   49.5546
    7.5000    7.5000   37.500011688.0654   49.5617
   -7.5000   15.0000   37.500012261.0156   53.5886
    0.0000   15.0000   37.500012831.1934   53.6029
    7.5000   15.0000   37.500012167.1025   53.6646
   -7.5000   22.5000   37.500012359.9004   57.0346
    0.0000   22.5000   37.500012919.6162   57.0421
    7.5000   22.5000   37.500012276.8887   57.0773
   -7.5000   30.0000   37.500012215.7275   60.0398
    0.0000   30.0000   37.500012749.9639   60.0371
    7.5000   30.0000   37.500012126.5820   60.0481
   -7.5000   37.5000   37.500012384.6045   63.2036
    0.0000   37.5000   37.500012929.3877   63.1968
    7.5000   37.5000   37.500012294.6729   63.1956
   -7.5000   45.0000   37.500011942.3018   65.6353
    0.0000   45.0000   37.500012447.3301   65.6214
    7.5000   45.0000   37.500011821.9346   65.6104
   -7.5000  -45.0000   45.0000 6989.0317   40.8738
    0.0000  -45.0000   45.0000 7322.0796   40.8213
    7.5000  -45.0000   45.0000 6991.3672   40.8141
   -7.5000  -37.5000   45.0000 7520.1655   42.6587
    0.0000  -37.5000   45.0000 7863.4990   42.6179
    7.5000  -37.5000   45.0000 7487.9951   42.6273
   -7.5000  -30.0000   45.0000 8117.6348   43.5049
    0.0000  -30.0000   45.0000 8484.2012   43.4621
    7.5000  -30.0000   45.0000 8060.3569   43.4618
   -7.5000  -22.5000   45.0000 8751.0752   44.7040
    0.0000  -22.5000   45.0000 9149.0947   44.6604
    7.5000  -22.5000   45.0000 8692.5566   44.6512
   -7.5000  -15.0000   45.0000 9362.6523   45.9106
    0.0000  -15.0000   45.0000 9792.4883   45.8604
    7.5000  -15.0000   45.0000 9312.5078   45.8486
   -7.5000   -7.5000   45.0000 9992.7031   47.1614
    0.0000   -7.5000   45.000010458.2041   47.1034
    7.5000   -7.5000   45.0000 9956.6680   47.0971
   -7.5000    0.0000   45.000010753.6152   48.8229
    0.0000    0.0000   45.000011251.0547   48.7574
    7.5000    0.0000   45.000010734.1143   48.7508
   -7.5000    7.5000   45.000010961.2842   51.6746
    0.0000    7.5000   45.000011450.2041   51.6196
    7.5000    7.5000   45.000010892.5518   51.6304
   -7.5000   15.0000   45.000011189.5488   55.4057
    0.0000   15.0000   45.000011714.1885   55.4076
    7.5000   15.0000   45.000011163.1016   55.4732
   -7.5000   22.5000   45.000011211.7900   58.7721
    0.0000   22.5000   45.000011728.2852   58.7605
    7.5000   22.5000   45.000011171.7559   58.8051
   -7.5000   30.0000   45.000011082.4736   61.7260
    0.0000   30.0000   45.000011595.0068   61.7160
    7.5000   30.0000   45.000011036.1406   61.7488
   -7.5000   37.5000   45.000011232.2656   64.8558
    0.0000   37.5000   45.000011749.5635   64.8639
    7.5000   37.5000   45.000011169.1016   64.9063
   -7.5000   45.0000   45.000010824.3301   67.2638
    0.0000   45.0000   45.000011301.6094   67.2781
    7.5000   45.0000   45.000010744.5264   67.3094

---------------------------------------------------------------------
imgreg_4dfp /opt/freesurfer/average/3T18yoSchwartzReactN32_as_orig /opt/freesurfer/average/711-2B_as_mni_average_305_mask talsrcimg_g11 none talsrcimg_to_3T18yoSchwartzReactN32_as_orig_t4 4355
---------------------------------------------------------------------

freesurfer imgreg_4dfp.c
/opt/freesurfer/average/3T18yoSchwartzReactN32_as_orig.4dfp.img
       256       256       256         1
  1.000000  1.000000  1.000000
orientation T byte_order littleendian
Reading image: /opt/freesurfer/average/3T18yoSchwartzReactN32_as_orig.4dfp.img
dimensions:      256       256       256
mmppix:       1.0000   -1.0000   -1.0000
center:     128.0000 -129.0000 -129.0000
/opt/freesurfer/average/711-2B_as_mni_average_305_mask.4dfp.img
       256       256       256         1
  1.000000  1.000000  1.000000
orientation T byte_order littleendian
Reading mask: /opt/freesurfer/average/711-2B_as_mni_average_305_mask.4dfp.img (2306576 pixels)
talsrcimg_g11.4dfp.img
       320       320       320         1
  0.799995  0.799995  0.799995
orientation T byte_order littleendian
Reading image: talsrcimg_g11.4dfp.img
dimensions:      320       320       320
mmppix:       0.8000   -0.8000   -0.8000
center:     127.9992 -128.7992 -128.7992
rotation matrix determinant  1.000000
image alignment mode   4355 decimal     1103 hex
   -7.5000  -22.5000  -45.0000 2234.8394   64.0521
    0.0000  -22.5000  -45.0000 2233.7939   63.9053
    7.5000  -22.5000  -45.0000 2206.7246   64.6208
   -7.5000  -15.0000  -45.0000 2273.8000   64.0779
    0.0000  -15.0000  -45.0000 2278.2886   64.1908
    7.5000  -15.0000  -45.0000 2248.0469   64.7771
   -7.5000   -7.5000  -45.0000 2296.7695   63.7669
    0.0000   -7.5000  -45.0000 2301.4734   63.9357
    7.5000   -7.5000  -45.0000 2272.0229   64.4268
   -7.5000    0.0000  -45.0000 2298.7205   63.1362
    0.0000    0.0000  -45.0000 2307.5259   63.2862
    7.5000    0.0000  -45.0000 2273.3315   63.5631
   -7.5000    7.5000  -45.0000 2287.8816   62.6189
    0.0000    7.5000  -45.0000 2297.3462   62.6190
    7.5000    7.5000  -45.0000 2263.7456   62.9909
   -7.5000   15.0000  -45.0000 2278.7529   62.7320
    0.0000   15.0000  -45.0000 2286.2058   62.6149
    7.5000   15.0000  -45.0000 2253.0513   63.0708
   -7.5000   22.5000  -45.0000 2258.1357   63.1311
    0.0000   22.5000  -45.0000 2266.3701   63.0634
    7.5000   22.5000  -45.0000 2234.9312   63.6953
   -7.5000   30.0000  -45.0000 2228.9177   64.3756
    0.0000   30.0000  -45.0000 2233.0242   64.0426
    7.5000   30.0000  -45.0000 2201.0435   64.8087
   -7.5000   37.5000  -45.0000 2193.2532   66.5975
    0.0000   37.5000  -45.0000 2194.2107   66.2230
    7.5000   37.5000  -45.0000 2165.9846   67.1053
   -7.5000   45.0000  -45.0000 2140.7080   70.3478
    0.0000   45.0000  -45.0000 2136.0886   69.7471
    7.5000   45.0000  -45.0000 2110.2737   70.8128
   -7.5000   52.5000  -45.0000 2043.8544   75.4044
    0.0000   52.5000  -45.0000 2039.4401   74.5583
    7.5000   52.5000  -45.0000 2019.6453   75.8293
   -7.5000   60.0000  -45.0000 1909.6080   81.3842
    0.0000   60.0000  -45.0000 1910.5734   80.3719
    7.5000   60.0000  -45.0000 1884.5149   81.7517
   -7.5000   67.5000  -45.0000 1745.7100   87.6929
    0.0000   67.5000  -45.0000 1754.5894   86.5106
    7.5000   67.5000  -45.0000 1724.2007   87.9002
   -7.5000  -22.5000  -37.5000 2332.3364   59.5358
    0.0000  -22.5000  -37.5000 2338.4795   59.4862
    7.5000  -22.5000  -37.5000 2306.2112   60.0091
   -7.5000  -15.0000  -37.5000 2373.2173   59.2990
    0.0000  -15.0000  -37.5000 2375.7869   59.2796
    7.5000  -15.0000  -37.5000 2346.8433   59.7440
   -7.5000   -7.5000  -37.5000 2394.9685   58.9415
    0.0000   -7.5000  -37.5000 2402.0093   58.9721
    7.5000   -7.5000  -37.5000 2370.1316   59.3269
   -7.5000    0.0000  -37.5000 2403.1145   58.3617
    0.0000    0.0000  -37.5000 2410.3152   58.4751
    7.5000    0.0000  -37.5000 2370.3926   58.5998
   -7.5000    7.5000  -37.5000 2397.8777   57.8053
    0.0000    7.5000  -37.5000 2407.1689   57.8477
    7.5000    7.5000  -37.5000 2367.4268   57.9892
   -7.5000   15.0000  -37.5000 2395.0322   57.7094
    0.0000   15.0000  -37.5000 2403.7217   57.7392
    7.5000   15.0000  -37.5000 2364.7942   57.9853
   -7.5000   22.5000  -37.5000 2377.9932   58.1047
    0.0000   22.5000  -37.5000 2392.5605   58.2024
    7.5000   22.5000  -37.5000 2351.5261   58.5005
   -7.5000   30.0000  -37.5000 2350.6428   59.3695
    0.0000   30.0000  -37.5000 2363.4858   59.2070
    7.5000   30.0000  -37.5000 2320.1394   59.7306
   -7.5000   37.5000  -37.5000 2314.4873   61.5567
    0.0000   37.5000  -37.5000 2326.1790   61.4297
    7.5000   37.5000  -37.5000 2283.7708   61.9238
   -7.5000   45.0000  -37.5000 2258.0181   65.1684
    0.0000   45.0000  -37.5000 2265.2124   64.8837
    7.5000   45.0000  -37.5000 2232.4016   65.5518
   -7.5000   52.5000  -37.5000 2162.0591   69.7623
    0.0000   52.5000  -37.5000 2161.3296   69.2984
    7.5000   52.5000  -37.5000 2138.0540   70.3042
   -7.5000   60.0000  -37.5000 2019.5249   75.2687
    0.0000   60.0000  -37.5000 2023.8159   74.5629
    7.5000   60.0000  -37.5000 1994.9421   75.5610
   -7.5000   67.5000  -37.5000 1848.0787   81.1462
    0.0000   67.5000  -37.5000 1861.3475   80.2991
    7.5000   67.5000  -37.5000 1831.4209   81.2500
   -7.5000  -22.5000  -30.0000 2473.6965   57.4159
    0.0000  -22.5000  -30.0000 2483.7009   57.2828
    7.5000  -22.5000  -30.0000 2448.3987   57.8135
   -7.5000  -15.0000  -30.0000 2511.5767   56.9410
    0.0000  -15.0000  -30.0000 2520.6897   56.8571
    7.5000  -15.0000  -30.0000 2485.7974   57.2177
   -7.5000   -7.5000  -30.0000 2531.8809   56.2172
    0.0000   -7.5000  -30.0000 2544.5259   56.1737
    7.5000   -7.5000  -30.0000 2505.2954   56.4277
   -7.5000    0.0000  -30.0000 2544.6604   55.5309
    0.0000    0.0000  -30.0000 2563.0852   55.5985
    7.5000    0.0000  -30.0000 2522.4333   55.8545
   -7.5000    7.5000  -30.0000 2552.3340   54.9677
    0.0000    7.5000  -30.0000 2568.8816   55.1067
    7.5000    7.5000  -30.0000 2522.5310   55.1998
   -7.5000   15.0000  -30.0000 2553.1230   54.7800
    0.0000   15.0000  -30.0000 2567.8806   54.8932
    7.5000   15.0000  -30.0000 2520.1938   54.9197
   -7.5000   22.5000  -30.0000 2545.7595   55.2437
    0.0000   22.5000  -30.0000 2562.4143   55.3925
    7.5000   22.5000  -30.0000 2516.9929   55.5493
   -7.5000   30.0000  -30.0000 2519.4678   56.5780
    0.0000   30.0000  -30.0000 2540.4695   56.5601
    7.5000   30.0000  -30.0000 2492.3711   56.8587
   -7.5000   37.5000  -30.0000 2482.8555   58.8982
    0.0000   37.5000  -30.0000 2501.9473   58.8120
    7.5000   37.5000  -30.0000 2450.8831   59.1558
   -7.5000   45.0000  -30.0000 2426.2109   62.4976
    0.0000   45.0000  -30.0000 2439.6304   62.3213
    7.5000   45.0000  -30.0000 2398.6790   62.8438
   -7.5000   52.5000  -30.0000 2323.5989   67.0492
    0.0000   52.5000  -30.0000 2333.7590   66.7901
    7.5000   52.5000  -30.0000 2299.3491   67.3657
   -7.5000   60.0000  -30.0000 2179.3745   72.4211
    0.0000   60.0000  -30.0000 2184.6257   71.8337
    7.5000   60.0000  -30.0000 2153.6252   72.6540
   -7.5000   67.5000  -30.0000 1996.3761   78.1184
    0.0000   67.5000  -30.0000 2004.3483   77.3665
    7.5000   67.5000  -30.0000 1978.2543   78.4110
   -7.5000  -22.5000  -22.5000 2565.7371   54.9379
    0.0000  -22.5000  -22.5000 2569.1482   54.5494
    7.5000  -22.5000  -22.5000 2543.2488   55.2253
   -7.5000  -15.0000  -22.5000 2600.8906   54.1840
    0.0000  -15.0000  -22.5000 2609.9368   53.9795
    7.5000  -15.0000  -22.5000 2577.6367   54.4197
   -7.5000   -7.5000  -22.5000 2623.9568   53.2351
    0.0000   -7.5000  -22.5000 2642.2395   53.2008
    7.5000   -7.5000  -22.5000 2604.4487   53.4747
   -7.5000    0.0000  -22.5000 2651.9006   52.5054
    0.0000    0.0000  -22.5000 2672.3057   52.3813
    7.5000    0.0000  -22.5000 2631.2078   52.6960
   -7.5000    7.5000  -22.5000 2675.8687   51.9136
    0.0000    7.5000  -22.5000 2697.4019   51.9545
    7.5000    7.5000  -22.5000 2648.2986   52.1320
   -7.5000   15.0000  -22.5000 2678.7910   51.5577
    0.0000   15.0000  -22.5000 2696.8391   51.6508
    7.5000   15.0000  -22.5000 2651.8782   51.8496
   -7.5000   22.5000  -22.5000 2682.8801   52.0600
    0.0000   22.5000  -22.5000 2706.8635   52.1016
    7.5000   22.5000  -22.5000 2651.5632   52.3565
   -7.5000   30.0000  -22.5000 2666.2432   53.5273
    0.0000   30.0000  -22.5000 2690.3374   53.4582
    7.5000   30.0000  -22.5000 2633.6394   53.5895
   -7.5000   37.5000  -22.5000 2621.4250   55.7971
    0.0000   37.5000  -22.5000 2647.3428   55.7471
    7.5000   37.5000  -22.5000 2593.7610   55.9531
   -7.5000   45.0000  -22.5000 2559.6238   59.3681
    0.0000   45.0000  -22.5000 2578.6123   59.2806
    7.5000   45.0000  -22.5000 2534.0640   59.6130
   -7.5000   52.5000  -22.5000 2456.9348   63.9600
    0.0000   52.5000  -22.5000 2470.6531   63.7329
    7.5000   52.5000  -22.5000 2430.2605   64.1786
   -7.5000   60.0000  -22.5000 2313.7852   69.2674
    0.0000   60.0000  -22.5000 2320.7676   68.9217
    7.5000   60.0000  -22.5000 2286.8911   69.4669
   -7.5000   67.5000  -22.5000 2121.3149   74.7768
    0.0000   67.5000  -22.5000 2125.5896   74.2754
    7.5000   67.5000  -22.5000 2094.9519   74.8625
   -7.5000  -22.5000  -15.0000 2605.7217   52.5804
    0.0000  -22.5000  -15.0000 2615.3401   52.2140
    7.5000  -22.5000  -15.0000 2591.0359   52.9463
   -7.5000  -15.0000  -15.0000 2646.0913   51.5961
    0.0000  -15.0000  -15.0000 2655.8838   51.3095
    7.5000  -15.0000  -15.0000 2632.7393   51.9242
   -7.5000   -7.5000  -15.0000 2684.0068   50.5513
    0.0000   -7.5000  -15.0000 2694.0815   50.3375
    7.5000   -7.5000  -15.0000 2665.8938   50.7802
   -7.5000    0.0000  -15.0000 2727.9675   49.7317
    0.0000    0.0000  -15.0000 2740.0896   49.4928
    7.5000    0.0000  -15.0000 2704.2175   49.9110
   -7.5000    7.5000  -15.0000 2769.3694   49.1607
    0.0000    7.5000  -15.0000 2783.8943   48.9796
    7.5000    7.5000  -15.0000 2740.7234   49.3468
   -7.5000   15.0000  -15.0000 2783.0049   48.7559
    0.0000   15.0000  -15.0000 2808.7683   48.7828
    7.5000   15.0000  -15.0000 2757.9434   49.0839
   -7.5000   22.5000  -15.0000 2794.1677   49.3046
    0.0000   22.5000  -15.0000 2827.1772   49.3835
    7.5000   22.5000  -15.0000 2762.2456   49.5056
   -7.5000   30.0000  -15.0000 2777.9946   50.6363
    0.0000   30.0000  -15.0000 2805.7458   50.6667
    7.5000   30.0000  -15.0000 2745.4448   50.7157
   -7.5000   37.5000  -15.0000 2730.1304   52.9085
    0.0000   37.5000  -15.0000 2753.9434   52.8668
    7.5000   37.5000  -15.0000 2701.2029   53.0650
   -7.5000   45.0000  -15.0000 2665.6870   56.5584
    0.0000   45.0000  -15.0000 2686.3904   56.4868
    7.5000   45.0000  -15.0000 2638.7891   56.7251
   -7.5000   52.5000  -15.0000 2556.7205   61.3393
    0.0000   52.5000  -15.0000 2573.3860   61.2044
    7.5000   52.5000  -15.0000 2525.5190   61.4512
   -7.5000   60.0000  -15.0000 2404.9280   66.5691
    0.0000   60.0000  -15.0000 2418.7239   66.3684
    7.5000   60.0000  -15.0000 2373.9534   66.6593
   -7.5000   67.5000  -15.0000 2201.3037   71.6083
    0.0000   67.5000  -15.0000 2211.1489   71.2848
    7.5000   67.5000  -15.0000 2174.5815   71.7976
   -7.5000  -22.5000   -7.5000 2605.3796   51.0781
    0.0000  -22.5000   -7.5000 2616.4375   50.6762
    7.5000  -22.5000   -7.5000 2588.5459   51.4578
   -7.5000  -15.0000   -7.5000 2651.3459   49.8804
    0.0000  -15.0000   -7.5000 2664.0601   49.5635
    7.5000  -15.0000   -7.5000 2638.5015   50.2777
   -7.5000   -7.5000   -7.5000 2703.2261   48.6461
    0.0000   -7.5000   -7.5000 2714.9622   48.3962
    7.5000   -7.5000   -7.5000 2687.6755   49.0434
   -7.5000    0.0000   -7.5000 2764.9143   47.8122
    0.0000    0.0000   -7.5000 2777.4563   47.4704
    7.5000    0.0000   -7.5000 2738.3975   48.0269
   -7.5000    7.5000   -7.5000 2823.6157   47.2010
    0.0000    7.5000   -7.5000 2842.4407   46.8905
    7.5000    7.5000   -7.5000 2794.4983   47.4494
   -7.5000   15.0000   -7.5000 2847.2954   46.6687
    0.0000   15.0000   -7.5000 2882.6475   46.5959
    7.5000   15.0000   -7.5000 2823.7622   47.0690
   -7.5000   22.5000   -7.5000 2867.5847   47.2122
    0.0000   22.5000   -7.5000 2910.9846   47.2795
    7.5000   22.5000   -7.5000 2840.2332   47.4221
   -7.5000   30.0000   -7.5000 2849.4563   48.4916
    0.0000   30.0000   -7.5000 2881.5322   48.5640
    7.5000   30.0000   -7.5000 2818.4138   48.7156
   -7.5000   37.5000   -7.5000 2799.0862   50.9216
    0.0000   37.5000   -7.5000 2820.0869   50.7312
    7.5000   37.5000   -7.5000 2768.6992   51.0804
   -7.5000   45.0000   -7.5000 2725.2224   54.5846
    0.0000   45.0000   -7.5000 2743.8438   54.3752
    7.5000   45.0000   -7.5000 2696.1692   54.7753
   -7.5000   52.5000   -7.5000 2614.7622   59.2770
    0.0000   52.5000   -7.5000 2631.2090   59.1608
    7.5000   52.5000   -7.5000 2579.3257   59.4803
   -7.5000   60.0000   -7.5000 2455.1702   64.3064
    0.0000   60.0000   -7.5000 2469.8879   64.2135
    7.5000   60.0000   -7.5000 2418.6787   64.4373
   -7.5000   67.5000   -7.5000 2254.2527   69.2961
    0.0000   67.5000   -7.5000 2260.3232   68.9644
    7.5000   67.5000   -7.5000 2226.9807   69.5219
   -7.5000  -22.5000    0.0000 2576.5544   50.7133
    0.0000  -22.5000    0.0000 2591.8235   50.1030
    7.5000  -22.5000    0.0000 2567.7896   51.1630
   -7.5000  -15.0000    0.0000 2625.7600   49.3508
    0.0000  -15.0000    0.0000 2640.1282   48.8087
    7.5000  -15.0000    0.0000 2616.4170   49.7470
   -7.5000   -7.5000    0.0000 2686.2922   47.8723
    0.0000   -7.5000    0.0000 2699.9683   47.4249
    7.5000   -7.5000    0.0000 2678.9924   48.3456
   -7.5000    0.0000    0.0000 2764.3943   47.0327
    0.0000    0.0000    0.0000 2779.8342   46.5387
    7.5000    0.0000    0.0000 2748.8645   47.3668
   -7.5000    7.5000    0.0000 2840.7058   46.5090
    0.0000    7.5000    0.0000 2860.2156   45.9772
    7.5000    7.5000    0.0000 2822.2156   46.9755
   -7.5000   15.0000    0.0000 2862.6829   45.5408
    0.0000   15.0000    0.0000 2888.4204   44.9676
    7.5000   15.0000    0.0000 2847.4685   46.2052
   -7.5000   22.5000    0.0000 2889.4187   45.9366
    0.0000   22.5000    0.0000 2926.3948   45.3861
    7.5000   22.5000    0.0000 2868.1443   46.2941
   -7.5000   30.0000    0.0000 2888.8025   47.6000
    0.0000   30.0000    0.0000 2914.6672   47.0891
    7.5000   30.0000    0.0000 2861.2705   47.7264
   -7.5000   37.5000    0.0000 2839.8530   50.0467
    0.0000   37.5000    0.0000 2856.9910   49.6040
    7.5000   37.5000    0.0000 2809.3362   50.1458
   -7.5000   45.0000    0.0000 2761.9451   53.6467
    0.0000   45.0000    0.0000 2777.9705   53.3024
    7.5000   45.0000    0.0000 2731.7307   53.8107
   -7.5000   52.5000    0.0000 2642.1497   58.1377
    0.0000   52.5000    0.0000 2659.8240   57.9354
    7.5000   52.5000    0.0000 2611.4778   58.3769
   -7.5000   60.0000    0.0000 2478.3376   63.0660
    0.0000   60.0000    0.0000 2496.1775   62.8586
    7.5000   60.0000    0.0000 2449.5332   63.3157
   -7.5000   67.5000    0.0000 2280.8945   68.1357
    0.0000   67.5000    0.0000 2292.1460   67.7013
    7.5000   67.5000    0.0000 2256.7441   68.3318
   -7.5000  -22.5000    7.5000 2539.4109   51.4847
    0.0000  -22.5000    7.5000 2556.2839   50.6047
    7.5000  -22.5000    7.5000 2541.7087   51.8800
   -7.5000  -15.0000    7.5000 2587.3767   49.9419
    0.0000  -15.0000    7.5000 2595.1846   48.9736
    7.5000  -15.0000    7.5000 2592.8889   50.3442
   -7.5000   -7.5000    7.5000 2648.5769   48.4189
    0.0000   -7.5000    7.5000 2651.8169   47.4431
    7.5000   -7.5000    7.5000 2652.6631   48.7457
   -7.5000    0.0000    7.5000 2730.7644   47.5072
    0.0000    0.0000    7.5000 2735.2249   46.5446
    7.5000    0.0000    7.5000 2728.4995   47.7356
   -7.5000    7.5000    7.5000 2827.9634   47.1325
    0.0000    7.5000    7.5000 2835.3169   46.2234
    7.5000    7.5000    7.5000 2817.4534   47.2931
   -7.5000   15.0000    7.5000 2862.3018   46.0858
    0.0000   15.0000    7.5000 2852.6167   44.7731
    7.5000   15.0000    7.5000 2850.0068   46.5026
   -7.5000   22.5000    7.5000 2872.5076   45.9649
    0.0000   22.5000    7.5000 2883.7400   44.8284
    7.5000   22.5000    7.5000 2856.8398   46.3163
   -7.5000   30.0000    7.5000 2877.2458   47.6103
    0.0000   30.0000    7.5000 2906.1274   46.9748
    7.5000   30.0000    7.5000 2855.8425   47.6645
   -7.5000   37.5000    7.5000 2837.5083   50.2141
    0.0000   37.5000    7.5000 2863.8491   49.7462
    7.5000   37.5000    7.5000 2815.3193   50.2301
   -7.5000   45.0000    7.5000 2767.1204   53.7307
    0.0000   45.0000    7.5000 2789.6135   53.4531
    7.5000   45.0000    7.5000 2740.4548   53.7686
   -7.5000   52.5000    7.5000 2650.8264   57.9401
    0.0000   52.5000    7.5000 2671.1592   57.8221
    7.5000   52.5000    7.5000 2626.1250   58.0819
   -7.5000   60.0000    7.5000 2481.6787   62.4960
    0.0000   60.0000    7.5000 2501.6272   62.3905
    7.5000   60.0000    7.5000 2462.7009   62.7288
   -7.5000   67.5000    7.5000 2277.5508   67.1949
    0.0000   67.5000    7.5000 2295.6406   67.0041
    7.5000   67.5000    7.5000 2260.3928   67.4607
   -7.5000  -22.5000   15.0000 2481.8220   53.2225
    0.0000  -22.5000   15.0000 2488.4797   51.9506
    7.5000  -22.5000   15.0000 2489.0740   53.2661
   -7.5000  -15.0000   15.0000 2535.4819   51.5735
    0.0000  -15.0000   15.0000 2538.4116   50.3371
    7.5000  -15.0000   15.0000 2548.8242   51.7147
   -7.5000   -7.5000   15.0000 2611.4600   50.1877
    0.0000   -7.5000   15.0000 2612.1516   49.0321
    7.5000   -7.5000   15.0000 2622.3879   50.3568
   -7.5000    0.0000   15.0000 2695.4858   49.2700
    0.0000    0.0000   15.0000 2698.5911   48.2078
    7.5000    0.0000   15.0000 2703.1611   49.4167
   -7.5000    7.5000   15.0000 2777.3887   48.5323
    0.0000    7.5000   15.0000 2788.5044   47.5782
    7.5000    7.5000   15.0000 2779.4514   48.6546
   -7.5000   15.0000   15.0000 2828.6758   47.7860
    0.0000   15.0000   15.0000 2828.7957   46.5568
    7.5000   15.0000   15.0000 2816.6267   47.8180
   -7.5000   22.5000   15.0000 2837.9580   47.6847
    0.0000   22.5000   15.0000 2848.9119   46.8337
    7.5000   22.5000   15.0000 2820.3943   47.7424
   -7.5000   30.0000   15.0000 2825.3096   48.7513
    0.0000   30.0000   15.0000 2842.8738   48.1318
    7.5000   30.0000   15.0000 2810.0657   48.8127
   -7.5000   37.5000   15.0000 2788.4971   51.0778
    0.0000   37.5000   15.0000 2805.1428   50.4975
    7.5000   37.5000   15.0000 2776.2893   51.1376
   -7.5000   45.0000   15.0000 2733.6541   54.4139
    0.0000   45.0000   15.0000 2752.7314   54.0843
    7.5000   45.0000   15.0000 2715.9844   54.4665
   -7.5000   52.5000   15.0000 2624.7170   58.4614
    0.0000   52.5000   15.0000 2647.6836   58.2373
    7.5000   52.5000   15.0000 2611.2795   58.6016
   -7.5000   60.0000   15.0000 2469.6926   62.9107
    0.0000   60.0000   15.0000 2487.4961   62.6862
    7.5000   60.0000   15.0000 2451.8552   63.1800
   -7.5000   67.5000   15.0000 2263.0134   67.5886
    0.0000   67.5000   15.0000 2282.9277   67.3829
    7.5000   67.5000   15.0000 2243.4539   67.8098
   -7.5000  -22.5000   22.5000 2425.0642   56.2478
    0.0000  -22.5000   22.5000 2432.7971   55.1694
    7.5000  -22.5000   22.5000 2433.4424   56.2088
   -7.5000  -15.0000   22.5000 2489.1123   54.4390
    0.0000  -15.0000   22.5000 2500.0376   53.4720
    7.5000  -15.0000   22.5000 2504.6191   54.5902
   -7.5000   -7.5000   22.5000 2569.3293   52.9996
    0.0000   -7.5000   22.5000 2582.3533   52.1351
    7.5000   -7.5000   22.5000 2585.4202   53.1323
   -7.5000    0.0000   22.5000 2649.0791   51.9215
    0.0000    0.0000   22.5000 2662.2625   51.0203
    7.5000    0.0000   22.5000 2663.0642   51.9609
   -7.5000    7.5000   22.5000 2713.0579   50.9188
    0.0000    7.5000   22.5000 2726.5537   49.7913
    7.5000    7.5000   22.5000 2725.1475   50.9565
   -7.5000   15.0000   22.5000 2753.4141   50.0652
    0.0000   15.0000   22.5000 2762.6191   48.9791
    7.5000   15.0000   22.5000 2752.5684   50.0761
   -7.5000   22.5000   22.5000 2774.3796   50.3040
    0.0000   22.5000   22.5000 2788.6228   49.4647
    7.5000   22.5000   22.5000 2765.6165   50.2616
   -7.5000   30.0000   22.5000 2759.3164   51.2751
    0.0000   30.0000   22.5000 2769.9456   50.5892
    7.5000   30.0000   22.5000 2748.9573   51.2736
   -7.5000   37.5000   22.5000 2730.7522   53.3447
    0.0000   37.5000   22.5000 2746.2637   52.8904
    7.5000   37.5000   22.5000 2718.9248   53.3619
   -7.5000   45.0000   22.5000 2685.7288   56.3725
    0.0000   45.0000   22.5000 2702.7463   56.0210
    7.5000   45.0000   22.5000 2672.9951   56.4549
   -7.5000   52.5000   22.5000 2584.5107   60.1161
    0.0000   52.5000   22.5000 2608.7959   59.9359
    7.5000   52.5000   22.5000 2573.5129   60.2834
   -7.5000   60.0000   22.5000 2428.3508   64.3041
    0.0000   60.0000   22.5000 2447.7500   64.1749
    7.5000   60.0000   22.5000 2413.4192   64.4431
   -7.5000   67.5000   22.5000 2222.6824   68.8744
    0.0000   67.5000   22.5000 2237.7610   68.5283
    7.5000   67.5000   22.5000 2207.4609   68.9739
   -7.5000  -22.5000   30.0000 2370.1606   60.5990
    0.0000  -22.5000   30.0000 2379.5342   59.4388
    7.5000  -22.5000   30.0000 2373.5461   60.2236
   -7.5000  -15.0000   30.0000 2441.5601   58.5489
    0.0000  -15.0000   30.0000 2451.1838   57.4605
    7.5000  -15.0000   30.0000 2452.0393   58.3071
   -7.5000   -7.5000   30.0000 2522.2632   56.8874
    0.0000   -7.5000   30.0000 2536.3145   55.8874
    7.5000   -7.5000   30.0000 2534.6223   56.7217
   -7.5000    0.0000   30.0000 2601.7593   55.6919
    0.0000    0.0000   30.0000 2619.4583   54.6115
    7.5000    0.0000   30.0000 2613.8809   55.4975
   -7.5000    7.5000   30.0000 2659.8276   54.5509
    0.0000    7.5000   30.0000 2678.9272   53.4019
    7.5000    7.5000   30.0000 2671.0183   54.5167
   -7.5000   15.0000   30.0000 2692.8708   53.8367
    0.0000   15.0000   30.0000 2707.3269   52.8617
    7.5000   15.0000   30.0000 2700.5325   53.9291
   -7.5000   22.5000   30.0000 2712.4939   54.1405
    0.0000   22.5000   30.0000 2720.6663   53.2263
    7.5000   22.5000   30.0000 2711.6130   54.0978
   -7.5000   30.0000   30.0000 2687.8193   54.8401
    0.0000   30.0000   30.0000 2695.0205   53.9171
    7.5000   30.0000   30.0000 2689.6729   54.7369
   -7.5000   37.5000   30.0000 2666.5552   56.5628
    0.0000   37.5000   30.0000 2672.3650   55.8547
    7.5000   37.5000   30.0000 2657.8796   56.4824
   -7.5000   45.0000   30.0000 2621.8240   59.2716
    0.0000   45.0000   30.0000 2639.9131   58.8806
    7.5000   45.0000   30.0000 2614.7925   59.3215
   -7.5000   52.5000   30.0000 2529.0300   62.9503
    0.0000   52.5000   30.0000 2551.4258   62.7310
    7.5000   52.5000   30.0000 2520.0688   63.0038
   -7.5000   60.0000   30.0000 2370.7549   66.9205
    0.0000   60.0000   30.0000 2397.1790   66.8712
    7.5000   60.0000   30.0000 2356.1802   67.0131
   -7.5000   67.5000   30.0000 2170.0339   71.3890
    0.0000   67.5000   30.0000 2194.2639   71.2413
    7.5000   67.5000   30.0000 2156.7571   71.5593
   -7.5000  -22.5000   37.5000 2312.2607   65.8065
    0.0000  -22.5000   37.5000 2332.2356   64.6527
    7.5000  -22.5000   37.5000 2321.5325   65.1900
   -7.5000  -15.0000   37.5000 2395.7585   63.5671
    0.0000  -15.0000   37.5000 2415.6509   62.5122
    7.5000  -15.0000   37.5000 2410.4526   63.1454
   -7.5000   -7.5000   37.5000 2477.4680   61.7229
    0.0000   -7.5000   37.5000 2498.6909   60.7597
    7.5000   -7.5000   37.5000 2484.0461   61.2739
   -7.5000    0.0000   37.5000 2551.5532   60.3140
    0.0000    0.0000   37.5000 2572.6479   59.2038
    7.5000    0.0000   37.5000 2559.5837   59.9735
   -7.5000    7.5000   37.5000 2597.1345   59.0023
    0.0000    7.5000   37.5000 2622.5776   58.0741
    7.5000    7.5000   37.5000 2608.6848   58.9307
   -7.5000   15.0000   37.5000 2630.7671   58.4719
    0.0000   15.0000   37.5000 2652.4185   57.6284
    7.5000   15.0000   37.5000 2640.8660   58.4950
   -7.5000   22.5000   37.5000 2647.9360   58.7561
    0.0000   22.5000   37.5000 2659.2603   57.9388
    7.5000   22.5000   37.5000 2652.0132   58.6220
   -7.5000   30.0000   37.5000 2627.4653   59.4015
    0.0000   30.0000   37.5000 2637.4175   58.5592
    7.5000   30.0000   37.5000 2633.4875   59.2765
   -7.5000   37.5000   37.5000 2601.5593   60.7122
    0.0000   37.5000   37.5000 2614.7927   59.9406
    7.5000   37.5000   37.5000 2602.6887   60.5956
   -7.5000   45.0000   37.5000 2553.8469   63.0854
    0.0000   45.0000   37.5000 2570.9929   62.6062
    7.5000   45.0000   37.5000 2547.3953   63.0617
   -7.5000   52.5000   37.5000 2459.8032   66.6522
    0.0000   52.5000   37.5000 2479.6885   66.4738
    7.5000   52.5000   37.5000 2450.7217   66.5884
   -7.5000   60.0000   37.5000 2304.5261   70.8353
    0.0000   60.0000   37.5000 2330.0393   70.6584
    7.5000   60.0000   37.5000 2287.0649   70.6438
   -7.5000   67.5000   37.5000 2116.1052   75.2726
    0.0000   67.5000   37.5000 2137.2456   75.0405
    7.5000   67.5000   37.5000 2100.9495   75.1713
   -7.5000  -22.5000   45.0000 2256.6296   72.0918
    0.0000  -22.5000   45.0000 2278.1609   70.7682
    7.5000  -22.5000   45.0000 2261.7271   71.1480
   -7.5000  -15.0000   45.0000 2342.4114   69.3850
    0.0000  -15.0000   45.0000 2368.6150   68.3746
    7.5000  -15.0000   45.0000 2355.9597   68.7401
   -7.5000   -7.5000   45.0000 2419.8569   67.2115
    0.0000   -7.5000   45.0000 2446.9883   66.1810
    7.5000   -7.5000   45.0000 2429.6887   66.6943
   -7.5000    0.0000   45.0000 2485.7671   65.6458
    0.0000    0.0000   45.0000 2510.0107   64.5265
    7.5000    0.0000   45.0000 2494.8203   65.2018
   -7.5000    7.5000   45.0000 2528.4011   64.2881
    0.0000    7.5000   45.0000 2553.1777   63.4273
    7.5000    7.5000   45.0000 2535.5303   64.0116
   -7.5000   15.0000   45.0000 2562.7131   63.7304
    0.0000   15.0000   45.0000 2583.3604   62.9162
    7.5000   15.0000   45.0000 2570.4233   63.5434
   -7.5000   22.5000   45.0000 2578.0537   63.9910
    0.0000   22.5000   45.0000 2592.0796   63.3126
    7.5000   22.5000   45.0000 2577.9746   63.6946
   -7.5000   30.0000   45.0000 2567.0581   64.6575
    0.0000   30.0000   45.0000 2585.1570   64.1117
    7.5000   30.0000   45.0000 2570.9036   64.4382
   -7.5000   37.5000   45.0000 2540.0349   65.8397
    0.0000   37.5000   45.0000 2558.3193   65.2593
    7.5000   37.5000   45.0000 2538.5581   65.6251
   -7.5000   45.0000   45.0000 2489.1289   67.9644
    0.0000   45.0000   45.0000 2507.0996   67.3798
    7.5000   45.0000   45.0000 2485.5176   67.7545
   -7.5000   52.5000   45.0000 2380.5037   71.2390
    0.0000   52.5000   45.0000 2400.9448   71.0298
    7.5000   52.5000   45.0000 2374.0415   71.1055
   -7.5000   60.0000   45.0000 2233.9668   75.5749
    0.0000   60.0000   45.0000 2254.6318   75.2730
    7.5000   60.0000   45.0000 2213.5891   75.2102
   -7.5000   67.5000   45.0000 2056.7439   80.0733
    0.0000   67.5000   45.0000 2073.7412   79.5855
    7.5000   67.5000   45.0000 2037.7432   79.7267

---------------------------------------------------------------------
imgreg_4dfp /opt/freesurfer/average/3T18yoSchwartzReactN32_as_orig /opt/freesurfer/average/711-2B_as_mni_average_305_mask talsrcimg_g11 none talsrcimg_to_3T18yoSchwartzReactN32_as_orig_t4 1283
---------------------------------------------------------------------

freesurfer imgreg_4dfp.c
/opt/freesurfer/average/3T18yoSchwartzReactN32_as_orig.4dfp.img
       256       256       256         1
  1.000000  1.000000  1.000000
orientation T byte_order littleendian
Reading image: /opt/freesurfer/average/3T18yoSchwartzReactN32_as_orig.4dfp.img
dimensions:      256       256       256
mmppix:       1.0000   -1.0000   -1.0000
center:     128.0000 -129.0000 -129.0000
/opt/freesurfer/average/711-2B_as_mni_average_305_mask.4dfp.img
       256       256       256         1
  1.000000  1.000000  1.000000
orientation T byte_order littleendian
Reading mask: /opt/freesurfer/average/711-2B_as_mni_average_305_mask.4dfp.img (2306576 pixels)
talsrcimg_g11.4dfp.img
       320       320       320         1
  0.799995  0.799995  0.799995
orientation T byte_order littleendian
Reading image: talsrcimg_g11.4dfp.img
dimensions:      320       320       320
mmppix:       0.8000   -0.8000   -0.8000
center:     127.9992 -128.7992 -128.7992
rotation matrix determinant  1.000000
fimgreg.f
image alignment mode   1283 decimal      503 hex
parameters
    0.0000   22.5000    0.0000    0.0000    0.0000    0.0000
eta,q 0.91601 45.25809
niter,ni,del,rscale     5    3   12.0000    1.2000
parameter  4  0.791223 ->  0.500000 qaram    1.1500
parameters
   -1.0302   22.9101   -1.3981   -3.4500   -1.1076    1.1636
eta,q 0.92149 45.38026
  0.0882  0.0876  0.0860  0.0794  0.0843  0.0855
  0.0856  0.0859  0.0838  0.0792  0.0810  0.0832
  0.0821  0.0837  0.0814  0.0795  0.0792  0.0808
  0.0809  0.0808  0.0809  0.0810  0.0793  0.0789
  0.0841  0.0839  0.0838  0.0837  0.0816  0.0786
  0.0901  0.0858  0.0894  0.0867  0.0849  0.0800
  0.0957  0.0857  0.0940  0.0895  0.0892  0.0824
niter,ni,del,rscale     5    3   12.0000    1.2000
parameters
   -0.6029   21.7224   -2.4616   -5.2180   -1.7221    1.5748
eta,q 0.92348 45.30402
  0.0939  0.0833  0.0860  0.0797  0.0842  0.0837
  0.0879  0.0806  0.0819  0.0773  0.0800  0.0810
  0.0825  0.0786  0.0787  0.0764  0.0773  0.0780
  0.0785  0.0781  0.0781  0.0778  0.0766  0.0765
  0.0793  0.0819  0.0819  0.0791  0.0789  0.0775
  0.0851  0.0852  0.0873  0.0803  0.0831  0.0797
  0.0910  0.0861  0.0935  0.0827  0.0872  0.0822
niter,ni,del,rscale     4    3   12.0000    1.2000
parameters
   -0.4452   21.0736   -2.9531   -5.4976   -1.9861    1.5883
eta,q 0.92370 45.32985
  0.0920  0.0838  0.0879  0.0812  0.0848  0.0826
  0.0853  0.0807  0.0826  0.0777  0.0803  0.0797
  0.0795  0.0774  0.0787  0.0763  0.0774  0.0770
  0.0765  0.0765  0.0764  0.0764  0.0763  0.0763
  0.0791  0.0790  0.0802  0.0783  0.0779  0.0778
  0.0849  0.0842  0.0859  0.0797  0.0818  0.0800
  0.0901  0.0865  0.0914  0.0803  0.0862  0.0821
niter,ni,del,rscale     3    3   12.0000    1.2000
parameters
   -0.4139   20.7331   -3.1919   -5.6627   -2.0896    1.5488
eta,q 0.92363 45.35252
  0.0914  0.0849  0.0889  0.0816  0.0852  0.0824
  0.0849  0.0815  0.0829  0.0777  0.0807  0.0795
  0.0791  0.0781  0.0793  0.0764  0.0775  0.0770
  0.0763  0.0763  0.0763  0.0764  0.0764  0.0764
  0.0796  0.0783  0.0792  0.0782  0.0777  0.0780
  0.0855  0.0832  0.0851  0.0797  0.0813  0.0800
  0.0904  0.0868  0.0905  0.0803  0.0857  0.0819
niter,ni,del,rscale     2    3   12.0000    1.2000
parameters
   -0.4278   20.5810   -3.3110   -5.6915   -2.1163    1.5279
eta,q 0.92350 45.36867
  0.0913  0.0857  0.0895  0.0819  0.0854  0.0825
  0.0850  0.0819  0.0831  0.0779  0.0809  0.0796
  0.0791  0.0786  0.0796  0.0765  0.0777  0.0770
  0.0764  0.0764  0.0764  0.0765  0.0765  0.0765
  0.0799  0.0781  0.0788  0.0781  0.0777  0.0780
  0.0858  0.0827  0.0848  0.0796  0.0811  0.0801
  0.0907  0.0868  0.0902  0.0804  0.0855  0.0819
niter,ni,del,rscale     1    3   12.0000    1.2000
parameters
   -0.4482   20.4976   -3.3627   -5.6920   -2.1211    1.5222
eta,q 0.92346 45.37458
  0.0915  0.0861  0.0898  0.0820  0.0855  0.0825
  0.0852  0.0821  0.0833  0.0780  0.0810  0.0796
  0.0793  0.0789  0.0797  0.0766  0.0778  0.0771
  0.0765  0.0765  0.0765  0.0765  0.0765  0.0765
  0.0801  0.0781  0.0786  0.0781  0.0777  0.0780
  0.0860  0.0825  0.0846  0.0796  0.0811  0.0801
  0.0909  0.0869  0.0900  0.0804  0.0855  0.0819
registration optimization eta report
parameter search radius
    6.0000    6.0000    6.0000    6.9000    6.0000    6.0000
100000*second partial in parameter space
       38.       26.       35.       10.       24.       15.
  0.0915  0.0861  0.0898  0.0820  0.0855  0.0825
  0.0852  0.0821  0.0833  0.0780  0.0810  0.0796
  0.0793  0.0789  0.0797  0.0766  0.0778  0.0771
  0.0765  0.0765  0.0765  0.0765  0.0765  0.0765
  0.0801  0.0781  0.0786  0.0781  0.0777  0.0780
  0.0860  0.0825  0.0846  0.0796  0.0811  0.0801
  0.0909  0.0869  0.0900  0.0804  0.0855  0.0819
   -0.4482   20.4976   -3.3627   -5.6920   -2.1211    1.5222
eta,q 0.92346 45.37458

---------------------------------------------------------------------
imgreg_4dfp /opt/freesurfer/average/3T18yoSchwartzReactN32_as_orig /opt/freesurfer/average/711-2B_as_mni_average_305_mask talsrcimg_g11 none talsrcimg_to_3T18yoSchwartzReactN32_as_orig_t4 3335
---------------------------------------------------------------------

freesurfer imgreg_4dfp.c
/opt/freesurfer/average/3T18yoSchwartzReactN32_as_orig.4dfp.img
       256       256       256         1
  1.000000  1.000000  1.000000
orientation T byte_order littleendian
Reading image: /opt/freesurfer/average/3T18yoSchwartzReactN32_as_orig.4dfp.img
dimensions:      256       256       256
mmppix:       1.0000   -1.0000   -1.0000
center:     128.0000 -129.0000 -129.0000
/opt/freesurfer/average/711-2B_as_mni_average_305_mask.4dfp.img
       256       256       256         1
  1.000000  1.000000  1.000000
orientation T byte_order littleendian
Reading mask: /opt/freesurfer/average/711-2B_as_mni_average_305_mask.4dfp.img (2306576 pixels)
talsrcimg_g11.4dfp.img
       320       320       320         1
  0.799995  0.799995  0.799995
orientation T byte_order littleendian
Reading image: talsrcimg_g11.4dfp.img
dimensions:      320       320       320
mmppix:       0.8000   -0.8000   -0.8000
center:     127.9992 -128.7992 -128.7992
fimgreg.f
image alignment mode   3335 decimal      D07 hex
parameters
   -0.4482   20.4976   -3.3627   -0.1038   -0.5379   -0.5612
   -3.0104    3.4181    2.6547   10.0125   -3.7011   -9.9113
eta,q 0.91717 45.51861
niter,ni,del,rscale     5    3    5.0000    1.2000
parameter  4  0.541078 ->  0.500000 qaram    1.1500
parameter  5 -0.359042 ->  0.500000 qaram    1.1500
parameter 10  0.935710 ->  0.500000 qaram    1.1500
parameters
   -0.4082   21.5040   -3.3001   -4.2438   -4.6779   -1.0944
   -4.4932    3.0486   -0.4540    5.8725   -3.3937  -12.5616
eta,q 0.92264 44.80988
  0.0853  0.0844  0.0848  0.0827  0.0746  0.0840  0.0791  0.0824  0.0789  0.0777  0.0797  0.0779
  0.0839  0.0838  0.0839  0.0819  0.0781  0.0811  0.0789  0.0803  0.0786  0.0775  0.0786  0.0775
  0.0830  0.0832  0.0831  0.0820  0.0804  0.0795  0.0788  0.0790  0.0786  0.0778  0.0778  0.0774
  0.0828  0.0828  0.0827  0.0827  0.0819  0.0789  0.0788  0.0788  0.0787  0.0786  0.0775  0.0775
  0.0831  0.0827  0.0829  0.0839  0.0829  0.0806  0.0789  0.0796  0.0791  0.0797  0.0778  0.0781
  0.0839  0.0828  0.0836  0.0855  0.0815  0.0821  0.0792  0.0810  0.0796  0.0810  0.0784  0.0789
  0.0850  0.0830  0.0848  0.0874  0.0809  0.0855  0.0798  0.0829  0.0802  0.0820  0.0793  0.0800
niter,ni,del,rscale     7    3    5.0000    1.2000
parameter  2  0.521161 ->  0.500000 qaram    1.1500
parameter  5********** ->  0.500000 qaram    1.3225
parameter 10 -0.570281 -> -0.500000 qaram    1.3225
parameter 12-14.255351 -> -0.500000 qaram    1.1500
parameters
   -0.0693   20.1240   -2.5374   -4.4443   -9.4389   -1.2454
   -2.6404    2.9206    2.4645   10.6335   -2.8546   -8.4216
eta,q 0.93007 44.10585
  0.0806  0.0772  0.0801  0.0809  0.0704  0.0765  0.0741  0.0752  0.0747  0.0751  0.0730  0.0728
  0.0791  0.0770  0.0786  0.0787  0.0714  0.0741  0.0731  0.0732  0.0735  0.0735  0.0719  0.0721
  0.0780  0.0771  0.0775  0.0773  0.0736  0.0722  0.0723  0.0720  0.0724  0.0723  0.0713  0.0716
  0.0774  0.0773  0.0770  0.0769  0.0769  0.0719  0.0719  0.0718  0.0718  0.0714  0.0711  0.0711
  0.0774  0.0777  0.0769  0.0777  0.0794  0.0724  0.0718  0.0724  0.0715  0.0711  0.0712  0.0704
  0.0780  0.0785  0.0771  0.0792  0.0817  0.0748  0.0720  0.0736  0.0716  0.0711  0.0717  0.0698
  0.0793  0.0797  0.0776  0.0810  0.0829  0.0766  0.0727  0.0751  0.0721  0.0712  0.0724  0.0693
niter,ni,del,rscale     7    3    5.0000    1.2000
parameter  5  0.647404 ->  0.500000 qaram    1.5209
parameter 12 -1.172275 -> -0.500000 qaram    1.3225
parameters
    0.1203   19.3247   -1.8894   -5.4455  -14.9141   -2.7012
   -2.4928    1.8558    2.5825   10.4564   -4.0718   -3.6606
eta,q 0.93441 43.28881
  0.0732  0.0713  0.0728  0.0727  0.0684  0.0677  0.0695  0.0685  0.0693  0.0702  0.0673  0.0700
  0.0717  0.0701  0.0713  0.0707  0.0667  0.0677  0.0682  0.0672  0.0680  0.0683  0.0669  0.0686
  0.0705  0.0696  0.0701  0.0696  0.0670  0.0670  0.0673  0.0667  0.0671  0.0671  0.0667  0.0675
  0.0699  0.0699  0.0696  0.0696  0.0695  0.0666  0.0669  0.0669  0.0668  0.0668  0.0668  0.0667
  0.0700  0.0709  0.0697  0.0707  0.0743  0.0668  0.0671  0.0675  0.0671  0.0672  0.0670  0.0660
  0.0709  0.0728  0.0700  0.0722  0.0809  0.0687  0.0680  0.0684  0.0679  0.0684  0.0673  0.0655
  0.0725  0.0753  0.0705  0.0741  0.0853  0.0701  0.0694  0.0694  0.0692  0.0704  0.0678  0.0654
niter,ni,del,rscale     7    3    5.0000    1.2000
parameter  3 -0.735471 -> -0.500000 qaram    1.1500
parameter 11 -1.741518 -> -0.500000 qaram    1.1500
parameters
    0.3307   20.4648   -0.5094   -5.2687  -16.6319   -5.3560
   -2.8940    3.3686    2.7844    8.6450    0.0682   -1.7827
eta,q 0.93538 42.65260
  0.0693  0.0719  0.0672  0.0695  0.0723  0.0649  0.0676  0.0677  0.0679  0.0688  0.0657  0.0688
  0.0676  0.0691  0.0661  0.0664  0.0686  0.0647  0.0662  0.0658  0.0665  0.0663  0.0653  0.0667
  0.0663  0.0669  0.0654  0.0647  0.0657  0.0650  0.0653  0.0650  0.0656  0.0650  0.0651  0.0652
  0.0656  0.0655  0.0649  0.0644  0.0644  0.0647  0.0650  0.0650  0.0652  0.0652  0.0649  0.0646
  0.0657  0.0649  0.0645  0.0656  0.0662  0.0649  0.0654  0.0653  0.0655  0.0667  0.0648  0.0647
  0.0666  0.0652  0.0643  0.0671  0.0727  0.0654  0.0666  0.0655  0.0663  0.0694  0.0646  0.0653
  0.0684  0.0662  0.0644  0.0682  0.0816  0.0670  0.0682  0.0656  0.0676  0.0728  0.0645  0.0663
niter,ni,del,rscale     7    3    5.0000    1.2000
parameter  3 -0.690008 -> -0.500000 qaram    1.3225
parameters
   -0.5759   21.0336    1.0776   -6.4269  -16.4754   -5.2706
   -1.8642    3.2114    2.6943    7.3833    3.2340   -1.1519
eta,q 0.93784 42.84224
  0.0652  0.0692  0.0672  0.0676  0.0741  0.0681  0.0669  0.0657  0.0654  0.0685  0.0651  0.0667
  0.0645  0.0668  0.0658  0.0640  0.0696  0.0638  0.0650  0.0644  0.0639  0.0648  0.0641  0.0641
  0.0643  0.0651  0.0648  0.0624  0.0656  0.0619  0.0635  0.0633  0.0629  0.0627  0.0631  0.0626
  0.0646  0.0643  0.0641  0.0635  0.0628  0.0627  0.0627  0.0626  0.0627  0.0627  0.0625  0.0621
  0.0655  0.0642  0.0637  0.0655  0.0625  0.0639  0.0627  0.0627  0.0630  0.0645  0.0622  0.0625
  0.0670  0.0649  0.0634  0.0672  0.0668  0.0653  0.0635  0.0640  0.0640  0.0679  0.0623  0.0637
  0.0690  0.0663  0.0636  0.0684  0.0760  0.0661  0.0652  0.0667  0.0655  0.0721  0.0629  0.0654
niter,ni,del,rscale     7    3    5.0000    1.2000
parameters
   -0.6052   20.9333    1.0189   -5.9773  -16.4184   -4.9811
   -1.9401    2.9953    2.2232    6.8227    3.9861   -0.6587
eta,q 0.93764 42.89293
  0.0659  0.0656  0.0649  0.0701  0.0737  0.0686  0.0657  0.0659  0.0648  0.0693  0.0645  0.0666
  0.0638  0.0635  0.0634  0.0657  0.0692  0.0643  0.0640  0.0646  0.0634  0.0655  0.0636  0.0642
  0.0625  0.0624  0.0626  0.0627  0.0652  0.0620  0.0628  0.0633  0.0626  0.0630  0.0628  0.0628
  0.0622  0.0622  0.0621  0.0622  0.0623  0.0623  0.0624  0.0624  0.0625  0.0625  0.0624  0.0624
  0.0626  0.0627  0.0623  0.0638  0.0621  0.0634  0.0628  0.0625  0.0629  0.0639  0.0624  0.0627
  0.0639  0.0640  0.0633  0.0658  0.0667  0.0651  0.0640  0.0641  0.0639  0.0668  0.0629  0.0639
  0.0660  0.0660  0.0654  0.0675  0.0760  0.0663  0.0659  0.0672  0.0654  0.0708  0.0641  0.0656
niter,ni,del,rscale     6    3    5.0000    1.2000
parameters
   -0.7715   20.8298    1.0047   -5.7774  -16.4328   -4.8430
   -1.6340    2.8444    1.9851    6.4546    4.5655   -0.2899
eta,q 0.93759 42.92678
  0.0655  0.0658  0.0651  0.0695  0.0736  0.0683  0.0660  0.0661  0.0650  0.0695  0.0646  0.0665
  0.0636  0.0637  0.0636  0.0654  0.0692  0.0642  0.0642  0.0648  0.0635  0.0657  0.0637  0.0641
  0.0626  0.0626  0.0627  0.0626  0.0651  0.0620  0.0630  0.0634  0.0627  0.0631  0.0629  0.0628
  0.0624  0.0623  0.0623  0.0623  0.0624  0.0624  0.0625  0.0625  0.0625  0.0625  0.0625  0.0624
  0.0630  0.0629  0.0624  0.0640  0.0623  0.0634  0.0627  0.0625  0.0629  0.0637  0.0624  0.0628
  0.0643  0.0642  0.0634  0.0660  0.0669  0.0653  0.0638  0.0642  0.0638  0.0666  0.0630  0.0640
  0.0664  0.0662  0.0654  0.0677  0.0762  0.0665  0.0655  0.0673  0.0652  0.0705  0.0643  0.0656
niter,ni,del,rscale     5    3    5.0000    1.2000
parameters
   -0.8844   20.7736    0.9792   -5.6378  -16.4412   -4.7725
   -1.4450    2.7316    1.8235    6.2049    4.9436   -0.0225
eta,q 0.93754 42.94694
  0.0657  0.0659  0.0652  0.0695  0.0736  0.0682  0.0659  0.0663  0.0650  0.0697  0.0647  0.0664
  0.0638  0.0639  0.0637  0.0654  0.0692  0.0642  0.0641  0.0650  0.0635  0.0658  0.0637  0.0641
  0.0627  0.0627  0.0628  0.0626  0.0652  0.0621  0.0629  0.0635  0.0627  0.0632  0.0629  0.0629
  0.0624  0.0624  0.0624  0.0624  0.0624  0.0625  0.0625  0.0625  0.0625  0.0625  0.0625  0.0625
  0.0630  0.0629  0.0626  0.0640  0.0624  0.0635  0.0628  0.0625  0.0629  0.0637  0.0625  0.0629
  0.0643  0.0642  0.0635  0.0661  0.0670  0.0654  0.0639  0.0643  0.0638  0.0664  0.0632  0.0641
  0.0663  0.0662  0.0655  0.0678  0.0761  0.0666  0.0656  0.0675  0.0652  0.0703  0.0646  0.0657
niter,ni,del,rscale     4    3    5.0000    1.2000
parameters
   -0.9621   20.7422    0.9596   -5.5454  -16.4499   -4.7314
   -1.3154    2.6545    1.7102    6.0307    5.2145    0.1657
eta,q 0.93751 42.95988
  0.0658  0.0660  0.0653  0.0694  0.0736  0.0682  0.0659  0.0664  0.0651  0.0697  0.0647  0.0663
  0.0639  0.0640  0.0638  0.0653  0.0692  0.0642  0.0641  0.0651  0.0636  0.0659  0.0637  0.0641
  0.0628  0.0628  0.0629  0.0627  0.0652  0.0622  0.0629  0.0635  0.0627  0.0633  0.0630  0.0629
  0.0625  0.0624  0.0624  0.0625  0.0625  0.0625  0.0625  0.0625  0.0625  0.0625  0.0625  0.0625
  0.0630  0.0629  0.0626  0.0641  0.0624  0.0636  0.0628  0.0626  0.0629  0.0636  0.0626  0.0630
  0.0642  0.0642  0.0636  0.0662  0.0670  0.0655  0.0639  0.0643  0.0638  0.0664  0.0633  0.0642
  0.0662  0.0661  0.0656  0.0679  0.0761  0.0667  0.0657  0.0675  0.0652  0.0701  0.0647  0.0658
niter,ni,del,rscale     3    3    5.0000    1.2000
parameters
   -1.0137   20.7207    0.9443   -5.4808  -16.4520   -4.7062
   -1.2298    2.6007    1.6299    5.9104    5.4087    0.2967
eta,q 0.93748 42.96965
  0.0659  0.0661  0.0653  0.0694  0.0736  0.0682  0.0658  0.0665  0.0651  0.0698  0.0648  0.0663
  0.0640  0.0640  0.0638  0.0653  0.0692  0.0643  0.0641  0.0652  0.0636  0.0659  0.0638  0.0641
  0.0628  0.0628  0.0629  0.0627  0.0652  0.0622  0.0629  0.0636  0.0627  0.0633  0.0630  0.0629
  0.0625  0.0625  0.0625  0.0625  0.0625  0.0625  0.0625  0.0625  0.0625  0.0625  0.0625  0.0625
  0.0630  0.0630  0.0627  0.0641  0.0624  0.0636  0.0629  0.0626  0.0629  0.0636  0.0626  0.0630
  0.0642  0.0642  0.0637  0.0662  0.0670  0.0655  0.0640  0.0644  0.0638  0.0663  0.0634  0.0643
  0.0662  0.0661  0.0656  0.0680  0.0761  0.0668  0.0657  0.0676  0.0651  0.0701  0.0648  0.0658
niter,ni,del,rscale     2    3    5.0000    1.2000
parameters
   -1.0510   20.7085    0.9333   -5.4340  -16.4544   -4.6883
   -1.1673    2.5634    1.5724    5.8303    5.5335    0.3905
eta,q 0.93746 42.97602
  0.0660  0.0662  0.0654  0.0693  0.0737  0.0683  0.0658  0.0666  0.0651  0.0699  0.0648  0.0663
  0.0640  0.0641  0.0639  0.0654  0.0692  0.0643  0.0641  0.0652  0.0636  0.0660  0.0638  0.0641
  0.0629  0.0629  0.0629  0.0627  0.0653  0.0623  0.0629  0.0636  0.0628  0.0634  0.0630  0.0629
  0.0625  0.0625  0.0625  0.0625  0.0625  0.0625  0.0625  0.0625  0.0626  0.0626  0.0626  0.0625
  0.0630  0.0630  0.0627  0.0642  0.0625  0.0636  0.0629  0.0626  0.0629  0.0636  0.0627  0.0631
  0.0642  0.0642  0.0637  0.0663  0.0670  0.0656  0.0640  0.0644  0.0638  0.0663  0.0635  0.0643
  0.0662  0.0662  0.0656  0.0680  0.0761  0.0669  0.0657  0.0677  0.0651  0.0700  0.0649  0.0659
niter,ni,del,rscale     1    3    5.0000    1.2000
parameters
   -1.0783   20.6985    0.9242   -5.3995  -16.4557   -4.6780
   -1.1186    2.5379    1.5299    5.7743    5.6194    0.4523
eta,q 0.93744 42.98090
  0.0660  0.0662  0.0654  0.0693  0.0737  0.0683  0.0658  0.0667  0.0652  0.0699  0.0648  0.0662
  0.0641  0.0641  0.0639  0.0654  0.0692  0.0643  0.0641  0.0653  0.0637  0.0660  0.0638  0.0641
  0.0629  0.0629  0.0630  0.0627  0.0653  0.0623  0.0629  0.0637  0.0628  0.0634  0.0630  0.0629
  0.0625  0.0625  0.0625  0.0625  0.0626  0.0626  0.0626  0.0626  0.0626  0.0626  0.0626  0.0626
  0.0630  0.0630  0.0627  0.0642  0.0625  0.0637  0.0629  0.0626  0.0629  0.0636  0.0627  0.0631
  0.0642  0.0642  0.0638  0.0663  0.0670  0.0656  0.0640  0.0644  0.0638  0.0662  0.0635  0.0643
  0.0661  0.0662  0.0657  0.0681  0.0761  0.0669  0.0658  0.0677  0.0651  0.0700  0.0650  0.0659
registration optimization eta report
parameter search radius
    2.4000    2.7600    3.1740    8.2800   10.9503    7.2000
    7.2000    7.2000    7.2000    9.5220    8.2800    9.5220
100000*second partial in parameter space
       61.       48.       30.        9.       10.       10.
        6.        9.        5.        8.        3.        4.
  0.0660  0.0662  0.0654  0.0693  0.0737  0.0683  0.0658  0.0667  0.0652  0.0699  0.0648  0.0662
  0.0641  0.0641  0.0639  0.0654  0.0692  0.0643  0.0641  0.0653  0.0637  0.0660  0.0638  0.0641
  0.0629  0.0629  0.0630  0.0627  0.0653  0.0623  0.0629  0.0637  0.0628  0.0634  0.0630  0.0629
  0.0625  0.0625  0.0625  0.0625  0.0626  0.0626  0.0626  0.0626  0.0626  0.0626  0.0626  0.0626
  0.0630  0.0630  0.0627  0.0642  0.0625  0.0637  0.0629  0.0626  0.0629  0.0636  0.0627  0.0631
  0.0642  0.0642  0.0638  0.0663  0.0670  0.0656  0.0640  0.0644  0.0638  0.0662  0.0635  0.0643
  0.0661  0.0662  0.0657  0.0681  0.0761  0.0669  0.0658  0.0677  0.0651  0.0700  0.0650  0.0659
   -1.0783   20.6985    0.9242   -5.3995  -16.4557   -4.6780
   -1.1186    2.5379    1.5299    5.7743    5.6194    0.4523
eta,q 0.93744 42.98090

---------------------------------------------------------------------
imgreg_4dfp /opt/freesurfer/average/3T18yoSchwartzReactN32_as_orig /opt/freesurfer/average/711-2B_as_mni_average_305_mask talsrcimg_g11 none talsrcimg_to_3T18yoSchwartzReactN32_as_orig_t4 2311
---------------------------------------------------------------------

freesurfer imgreg_4dfp.c
/opt/freesurfer/average/3T18yoSchwartzReactN32_as_orig.4dfp.img
       256       256       256         1
  1.000000  1.000000  1.000000
orientation T byte_order littleendian
Reading image: /opt/freesurfer/average/3T18yoSchwartzReactN32_as_orig.4dfp.img
dimensions:      256       256       256
mmppix:       1.0000   -1.0000   -1.0000
center:     128.0000 -129.0000 -129.0000
/opt/freesurfer/average/711-2B_as_mni_average_305_mask.4dfp.img
       256       256       256         1
  1.000000  1.000000  1.000000
orientation T byte_order littleendian
Reading mask: /opt/freesurfer/average/711-2B_as_mni_average_305_mask.4dfp.img (2306576 pixels)
talsrcimg_g11.4dfp.img
       320       320       320         1
  0.799995  0.799995  0.799995
orientation T byte_order littleendian
Reading image: talsrcimg_g11.4dfp.img
dimensions:      320       320       320
mmppix:       0.8000   -0.8000   -0.8000
center:     127.9992 -128.7992 -128.7992
fimgreg.f
image alignment mode   2311 decimal      907 hex
parameters
   -1.0783   20.6985    0.9242   -5.3995  -16.4557   -4.6780
   -1.1186    2.5379    1.5299    5.7743    5.6194    0.4523
eta,q 0.93744 42.98088
niter,ni,del,rscale     5    3    5.0000    0.8000
parameters
   -1.1083   20.6656    1.0769   -6.1855  -14.3466   -5.8588
   -0.7515    2.1334    1.6672    5.8762    4.6226    0.0275
eta,q 0.93880 43.10738
  0.0641  0.0637  0.0634  0.0645  0.0665  0.0632  0.0631  0.0634  0.0626  0.0639  0.0617  0.0622
  0.0632  0.0631  0.0630  0.0630  0.0648  0.0616  0.0621  0.0623  0.0618  0.0624  0.0614  0.0616
  0.0627  0.0627  0.0627  0.0623  0.0634  0.0611  0.0615  0.0615  0.0614  0.0615  0.0612  0.0613
  0.0626  0.0626  0.0626  0.0625  0.0623  0.0617  0.0612  0.0612  0.0612  0.0612  0.0612  0.0612
  0.0628  0.0627  0.0626  0.0634  0.0617  0.0626  0.0613  0.0616  0.0614  0.0615  0.0614  0.0614
  0.0633  0.0631  0.0628  0.0645  0.0618  0.0637  0.0618  0.0627  0.0618  0.0623  0.0619  0.0619
  0.0642  0.0638  0.0632  0.0658  0.0627  0.0652  0.0626  0.0645  0.0624  0.0636  0.0625  0.0626
niter,ni,del,rscale     4    3    5.0000    0.7000
parameters
   -0.8944   20.2926    1.4038   -7.2309  -13.5645   -6.2578
   -0.6347    1.3972    1.9804    5.7225    2.6724   -0.1610
eta,q 0.93978 43.15891
  0.0630  0.0617  0.0621  0.0624  0.0637  0.0628  0.0620  0.0618  0.0617  0.0624  0.0604  0.0612
  0.0621  0.0613  0.0617  0.0612  0.0624  0.0612  0.0611  0.0610  0.0610  0.0612  0.0602  0.0606
  0.0615  0.0611  0.0613  0.0607  0.0614  0.0604  0.0606  0.0605  0.0605  0.0605  0.0602  0.0603
  0.0612  0.0612  0.0611  0.0610  0.0607  0.0605  0.0604  0.0604  0.0604  0.0604  0.0604  0.0602
  0.0612  0.0615  0.0610  0.0619  0.0605  0.0614  0.0605  0.0609  0.0604  0.0607  0.0606  0.0604
  0.0615  0.0621  0.0612  0.0631  0.0610  0.0623  0.0610  0.0620  0.0608  0.0615  0.0611  0.0608
  0.0621  0.0629  0.0615  0.0643  0.0623  0.0632  0.0618  0.0634  0.0614  0.0627  0.0617  0.0614
niter,ni,del,rscale     3    3    5.0000    0.6000
parameters
   -0.7219   20.1426    1.9634   -8.1817  -12.9685   -6.8893
   -0.9947    0.9485    2.2180    5.2585    1.1030   -0.0936
eta,q 0.94071 43.23650
  0.0617  0.0609  0.0614  0.0613  0.0622  0.0615  0.0605  0.0611  0.0605  0.0608  0.0595  0.0602
  0.0610  0.0605  0.0609  0.0602  0.0611  0.0601  0.0599  0.0601  0.0600  0.0599  0.0593  0.0597
  0.0605  0.0602  0.0605  0.0598  0.0603  0.0595  0.0596  0.0595  0.0596  0.0595  0.0593  0.0594
  0.0602  0.0602  0.0602  0.0600  0.0598  0.0597  0.0595  0.0595  0.0594  0.0594  0.0594  0.0593
  0.0602  0.0604  0.0600  0.0609  0.0597  0.0605  0.0597  0.0599  0.0595  0.0598  0.0597  0.0594
  0.0605  0.0608  0.0601  0.0621  0.0601  0.0617  0.0603  0.0608  0.0598  0.0606  0.0601  0.0597
  0.0611  0.0613  0.0602  0.0634  0.0611  0.0627  0.0611  0.0621  0.0603  0.0617  0.0607  0.0601
niter,ni,del,rscale     2    3    5.0000    0.5000
parameters
   -0.6282   20.0808    1.9415   -8.4899  -12.6564   -7.4332
   -1.3732    1.2936    2.4295    5.0876    0.4206    0.0261
eta,q 0.94097 43.23043
  0.0604  0.0599  0.0598  0.0609  0.0608  0.0607  0.0598  0.0612  0.0598  0.0602  0.0593  0.0597
  0.0598  0.0595  0.0595  0.0599  0.0601  0.0597  0.0594  0.0601  0.0594  0.0595  0.0591  0.0593
  0.0595  0.0593  0.0593  0.0593  0.0595  0.0591  0.0591  0.0594  0.0592  0.0592  0.0590  0.0591
  0.0593  0.0593  0.0593  0.0593  0.0592  0.0592  0.0591  0.0591  0.0591  0.0591  0.0591  0.0590
  0.0593  0.0594  0.0593  0.0597  0.0592  0.0599  0.0593  0.0591  0.0591  0.0592  0.0592  0.0591
  0.0596  0.0596  0.0595  0.0605  0.0596  0.0610  0.0597  0.0596  0.0593  0.0597  0.0594  0.0593
  0.0601  0.0600  0.0598  0.0616  0.0604  0.0621  0.0603  0.0604  0.0596  0.0605  0.0598  0.0596
niter,ni,del,rscale     1    3    5.0000    0.4000
parameters
   -0.5212   20.0639    1.6958   -8.5343  -12.4411   -7.8018
   -1.5729    1.6443    2.5168    5.1025    0.0598    0.0356
eta,q 0.94112 43.20269
  0.0598  0.0594  0.0592  0.0603  0.0600  0.0601  0.0594  0.0603  0.0594  0.0597  0.0591  0.0593
  0.0594  0.0592  0.0590  0.0596  0.0595  0.0594  0.0591  0.0596  0.0591  0.0593  0.0590  0.0590
  0.0592  0.0591  0.0590  0.0591  0.0592  0.0590  0.0590  0.0592  0.0590  0.0590  0.0589  0.0589
  0.0590  0.0590  0.0590  0.0590  0.0590  0.0590  0.0589  0.0589  0.0589  0.0589  0.0589  0.0589
  0.0590  0.0591  0.0591  0.0592  0.0590  0.0593  0.0590  0.0589  0.0589  0.0590  0.0589  0.0589
  0.0592  0.0592  0.0593  0.0596  0.0592  0.0601  0.0592  0.0592  0.0591  0.0592  0.0591  0.0591
  0.0595  0.0595  0.0596  0.0603  0.0598  0.0610  0.0596  0.0597  0.0593  0.0597  0.0593  0.0592
registration optimization eta report
parameter search radius
    0.8000    0.8000    0.8000    2.4000    2.4000    2.4000
    2.4000    2.4000    2.4000    2.4000    2.4000    2.4000
100000*second partial in parameter space
      100.       68.       55.       23.       16.       28.
       11.       19.        8.       14.        6.        6.
  0.0598  0.0594  0.0592  0.0603  0.0600  0.0601  0.0594  0.0603  0.0594  0.0597  0.0591  0.0593
  0.0594  0.0592  0.0590  0.0596  0.0595  0.0594  0.0591  0.0596  0.0591  0.0593  0.0590  0.0590
  0.0592  0.0591  0.0590  0.0591  0.0592  0.0590  0.0590  0.0592  0.0590  0.0590  0.0589  0.0589
  0.0590  0.0590  0.0590  0.0590  0.0590  0.0590  0.0589  0.0589  0.0589  0.0589  0.0589  0.0589
  0.0590  0.0591  0.0591  0.0592  0.0590  0.0593  0.0590  0.0589  0.0589  0.0590  0.0589  0.0589
  0.0592  0.0592  0.0593  0.0596  0.0592  0.0601  0.0592  0.0592  0.0591  0.0592  0.0591  0.0591
  0.0595  0.0595  0.0596  0.0603  0.0598  0.0610  0.0596  0.0597  0.0593  0.0597  0.0593  0.0592
   -0.5212   20.0639    1.6958   -8.5343  -12.4411   -7.8018
   -1.5729    1.6443    2.5168    5.1025    0.0598    0.0356
eta,q 0.94112 43.20269

---------------------------------------------------------------------
imgreg_4dfp /opt/freesurfer/average/3T18yoSchwartzReactN32_as_orig /opt/freesurfer/average/711-2B_as_mni_average_305_mask talsrcimg_g11 none talsrcimg_to_3T18yoSchwartzReactN32_as_orig_t4 2311
---------------------------------------------------------------------

freesurfer imgreg_4dfp.c
/opt/freesurfer/average/3T18yoSchwartzReactN32_as_orig.4dfp.img
       256       256       256         1
  1.000000  1.000000  1.000000
orientation T byte_order littleendian
Reading image: /opt/freesurfer/average/3T18yoSchwartzReactN32_as_orig.4dfp.img
dimensions:      256       256       256
mmppix:       1.0000   -1.0000   -1.0000
center:     128.0000 -129.0000 -129.0000
/opt/freesurfer/average/711-2B_as_mni_average_305_mask.4dfp.img
       256       256       256         1
  1.000000  1.000000  1.000000
orientation T byte_order littleendian
Reading mask: /opt/freesurfer/average/711-2B_as_mni_average_305_mask.4dfp.img (2306576 pixels)
talsrcimg_g11.4dfp.img
       320       320       320         1
  0.799995  0.799995  0.799995
orientation T byte_order littleendian
Reading image: talsrcimg_g11.4dfp.img
dimensions:      320       320       320
mmppix:       0.8000   -0.8000   -0.8000
center:     127.9992 -128.7992 -128.7992
fimgreg.f
image alignment mode   2311 decimal      907 hex
parameters
   -0.5212   20.0639    1.6958   -8.5343  -12.4411   -7.8018
   -1.5729    1.6443    2.5168    5.1025    0.0598    0.0356
eta,q 0.94112 43.20268
niter,ni,del,rscale     5    3    5.0000    0.8000
parameters
   -0.4242   20.0470    1.5400   -8.3755  -12.7620   -7.4920
   -1.7266    2.0452    2.5870    5.2099   -0.1090    0.0292
eta,q 0.94108 43.16915
  0.0617  0.0606  0.0600  0.0637  0.0620  0.0653  0.0611  0.0633  0.0607  0.0623  0.0600  0.0605
  0.0602  0.0596  0.0593  0.0612  0.0604  0.0617  0.0599  0.0611  0.0597  0.0605  0.0594  0.0595
  0.0593  0.0591  0.0589  0.0595  0.0593  0.0595  0.0592  0.0596  0.0591  0.0593  0.0590  0.0591
  0.0589  0.0589  0.0589  0.0589  0.0589  0.0589  0.0590  0.0590  0.0589  0.0589  0.0589  0.0589
  0.0591  0.0591  0.0592  0.0595  0.0592  0.0598  0.0592  0.0592  0.0591  0.0592  0.0591  0.0591
  0.0598  0.0597  0.0597  0.0610  0.0607  0.0616  0.0601  0.0603  0.0597  0.0603  0.0595  0.0596
  0.0611  0.0607  0.0606  0.0629  0.0635  0.0632  0.0614  0.0621  0.0606  0.0620  0.0602  0.0604
niter,ni,del,rscale     4    3    5.0000    0.7000
parameters
   -0.3497   20.0787    1.6500   -8.3852  -12.7572   -7.4974
   -1.7822    2.1677    2.5952    5.1843   -0.2612    0.0256
eta,q 0.94109 43.18340
  0.0610  0.0603  0.0602  0.0625  0.0616  0.0634  0.0606  0.0621  0.0602  0.0614  0.0597  0.0601
  0.0599  0.0595  0.0595  0.0606  0.0603  0.0607  0.0597  0.0604  0.0595  0.0600  0.0593  0.0594
  0.0592  0.0591  0.0591  0.0593  0.0594  0.0592  0.0591  0.0593  0.0591  0.0592  0.0590  0.0590
  0.0589  0.0589  0.0589  0.0589  0.0589  0.0589  0.0589  0.0589  0.0589  0.0589  0.0589  0.0589
  0.0591  0.0590  0.0590  0.0595  0.0591  0.0598  0.0591  0.0592  0.0591  0.0592  0.0590  0.0590
  0.0596  0.0595  0.0593  0.0607  0.0600  0.0614  0.0597  0.0602  0.0595  0.0601  0.0594  0.0594
  0.0606  0.0602  0.0598  0.0624  0.0619  0.0628  0.0608  0.0617  0.0602  0.0614  0.0599  0.0600
niter,ni,del,rscale     3    3    5.0000    0.6000
parameters
   -0.3145   20.0817    1.6564   -8.4371  -12.6410   -7.6587
   -1.8011    2.2105    2.5947    5.1648   -0.3692    0.0297
eta,q 0.94112 43.18634
  0.0604  0.0599  0.0597  0.0616  0.0610  0.0621  0.0602  0.0613  0.0599  0.0607  0.0595  0.0597
  0.0596  0.0593  0.0593  0.0601  0.0600  0.0601  0.0595  0.0600  0.0593  0.0597  0.0591  0.0592
  0.0591  0.0590  0.0590  0.0592  0.0593  0.0591  0.0590  0.0592  0.0590  0.0591  0.0589  0.0589
  0.0589  0.0589  0.0589  0.0589  0.0589  0.0589  0.0589  0.0589  0.0589  0.0589  0.0589  0.0589
  0.0590  0.0590  0.0590  0.0593  0.0590  0.0596  0.0590  0.0591  0.0590  0.0591  0.0590  0.0590
  0.0595  0.0593  0.0593  0.0603  0.0596  0.0609  0.0595  0.0599  0.0593  0.0597  0.0592  0.0592
  0.0602  0.0599  0.0597  0.0616  0.0609  0.0623  0.0602  0.0612  0.0599  0.0607  0.0596  0.0597
niter,ni,del,rscale     2    3    5.0000    0.5000
parameters
   -0.2986   20.0741    1.5787   -8.4798  -12.4949   -7.8536
   -1.8006    2.2346    2.5901    5.1715   -0.4217    0.0074
eta,q 0.94117 43.18047
  0.0599  0.0595  0.0593  0.0608  0.0604  0.0611  0.0597  0.0605  0.0595  0.0601  0.0593  0.0594
  0.0593  0.0592  0.0591  0.0597  0.0596  0.0597  0.0592  0.0596  0.0591  0.0594  0.0590  0.0591
  0.0590  0.0589  0.0589  0.0591  0.0591  0.0590  0.0589  0.0590  0.0589  0.0590  0.0589  0.0589
  0.0589  0.0589  0.0589  0.0589  0.0589  0.0589  0.0588  0.0588  0.0588  0.0588  0.0588  0.0588
  0.0590  0.0590  0.0590  0.0592  0.0589  0.0593  0.0589  0.0590  0.0589  0.0590  0.0589  0.0589
  0.0593  0.0592  0.0592  0.0599  0.0593  0.0603  0.0592  0.0596  0.0591  0.0594  0.0590  0.0591
  0.0598  0.0596  0.0595  0.0609  0.0602  0.0615  0.0598  0.0605  0.0595  0.0601  0.0593  0.0594
niter,ni,del,rscale     1    3    5.0000    0.4000
parameters
   -0.2915   20.0610    1.4831   -8.5153  -12.3436   -8.0197
   -1.7974    2.2532    2.5779    5.2096   -0.4641   -0.0289
eta,q 0.94120 43.17512
  0.0595  0.0593  0.0591  0.0601  0.0598  0.0603  0.0594  0.0599  0.0592  0.0597  0.0591  0.0591
  0.0591  0.0590  0.0589  0.0594  0.0593  0.0594  0.0591  0.0593  0.0590  0.0592  0.0589  0.0589
  0.0589  0.0589  0.0588  0.0589  0.0590  0.0589  0.0589  0.0589  0.0588  0.0589  0.0588  0.0588
  0.0588  0.0588  0.0588  0.0588  0.0588  0.0588  0.0588  0.0588  0.0588  0.0588  0.0588  0.0588
  0.0589  0.0589  0.0589  0.0590  0.0589  0.0591  0.0589  0.0589  0.0588  0.0589  0.0588  0.0588
  0.0591  0.0590  0.0591  0.0595  0.0591  0.0598  0.0591  0.0593  0.0590  0.0592  0.0589  0.0590
  0.0594  0.0593  0.0593  0.0602  0.0597  0.0607  0.0594  0.0599  0.0592  0.0596  0.0591  0.0592
registration optimization eta report
parameter search radius
    0.8000    0.8000    0.8000    2.4000    2.4000    2.4000
    2.4000    2.4000    2.4000    2.4000    2.4000    2.4000
100000*second partial in parameter space
       99.       69.       55.       23.       16.       29.
       10.       19.        8.       15.        5.        6.
  0.0595  0.0593  0.0591  0.0601  0.0598  0.0603  0.0594  0.0599  0.0592  0.0597  0.0591  0.0591
  0.0591  0.0590  0.0589  0.0594  0.0593  0.0594  0.0591  0.0593  0.0590  0.0592  0.0589  0.0589
  0.0589  0.0589  0.0588  0.0589  0.0590  0.0589  0.0589  0.0589  0.0588  0.0589  0.0588  0.0588
  0.0588  0.0588  0.0588  0.0588  0.0588  0.0588  0.0588  0.0588  0.0588  0.0588  0.0588  0.0588
  0.0589  0.0589  0.0589  0.0590  0.0589  0.0591  0.0589  0.0589  0.0588  0.0589  0.0588  0.0588
  0.0591  0.0590  0.0591  0.0595  0.0591  0.0598  0.0591  0.0593  0.0590  0.0592  0.0589  0.0590
  0.0594  0.0593  0.0593  0.0602  0.0597  0.0607  0.0594  0.0599  0.0592  0.0596  0.0591  0.0592
   -0.2915   20.0610    1.4831   -8.5153  -12.3436   -8.0197
   -1.7974    2.2532    2.5779    5.2096   -0.4641   -0.0289
eta,q 0.94120 43.17512

---------------------------------------------------------------------
compute_vox2vox talsrcimg talsrcimg_to_3T18yoSchwartzReactN32_as_orig_t4 /opt/freesurfer/average/3T18yoSchwartzReactN32_as_orig
---------------------------------------------------------------------

freesurfer compute_vox2vox.c
Reading: talsrcimg.4dfp.ifh
Reading: talsrcimg_to_3T18yoSchwartzReactN32_as_orig_t4
Reading: /opt/freesurfer/average/3T18yoSchwartzReactN32_as_orig.4dfp.ifh
Writing: talsrcimg_to_3T18yoSchwartzReactN32_as_orig_t4_vox2vox.txt

start time Thu Oct 5 12:47:56 UTC 2023
end		time Thu Oct 5 12:48:33 UTC 2023

mpr2mni305 success

avi2talxfm orig_nu.mgz /opt/freesurfer/average/mni305.cor.mgz talsrcimg_to_3T18yoSchwartzReactN32_as_orig_t4_vox2vox.txt transforms/talairach.auto.xfm
avi2talxfm done
mv -f /localscratch/bpinsard.41394491.0/freesurfer_crosssectional_autorecon1smriprep_skullstripautorecon2autorecon3_sub06_ses006.job/sub-06_ses-006/mri/talsrcimg_to_3T18yoSchwartzReactN32_as_orig_t4_vox2vox.txt /localscratch/bpinsard.41394491.0/freesurfer_crosssectional_autorecon1smriprep_skullstripautorecon2autorecon3_sub06_ses006.job/sub-06_ses-006/mri/transforms/talsrcimg_to_3T18yoSchwartzReactN32_as_orig_t4_vox2vox.txt
lta_convert --src orig_nu.mgz --trg /opt/freesurfer/average/mni305.cor.mgz --inxfm transforms/talairach.auto.xfm --outlta transforms/talairach.auto.xfm.lta --subject fsaverage
7.4.1

--src: orig_nu.mgz src image (geometry).
--trg: /opt/freesurfer/average/mni305.cor.mgz trg image (geometry).
--inmni: transforms/talairach.auto.xfm input MNI/XFM transform.
--outlta: transforms/talairach.auto.xfm.lta output LTA.
--s: fsaverage subject name
 LTA read, type : 1
 1.09230  -0.02802   0.02239  -0.16806;
 0.00550   1.08702   0.00047  -29.93944;
-0.03245  -0.06378   1.14012  -5.29651;
 0.00000   0.00000   0.00000   1.00000;
setting subject to fsaverage
Writing  LTA to file transforms/talairach.auto.xfm.lta...
lta_convert successful.
 
 
Started at Thu Oct 5 12:47:55 UTC 2023
Ended   at Thu Oct  5 12:48:34 UTC 2023
talairach_avi done
