
Thu Oct  5 12:15:51 UTC 2023
cd /localscratch/bpinsard.41394472.0/freesurfer_crosssectional_autorecon1smriprep_skullstripautorecon2autorecon3_sub04_ses004.job/sub-04_ses-004
setenv SUBJECTS_DIR /localscratch/bpinsard.41394472.0/freesurfer_crosssectional_autorecon1smriprep_skullstripautorecon2autorecon3_sub04_ses004.job
/opt/freesurfer/bin/recon-all -subjid sub-04_ses-004 -sd /localscratch/bpinsard.41394472.0/freesurfer_crosssectional_autorecon1smriprep_skullstripautorecon2autorecon3_sub04_ses004.job -3T -hires -i sourcedata/cneuromod.anat.gradcorrect/sub-04/ses-004/anat/sub-04_ses-004_T1w.nii.gz -autorecon1 -openmp 4

subjid sub-04_ses-004
setenv SUBJECTS_DIR /localscratch/bpinsard.41394472.0/freesurfer_crosssectional_autorecon1smriprep_skullstripautorecon2autorecon3_sub04_ses004.job
FREESURFER_HOME /opt/freesurfer
Actual FREESURFER_HOME /opt/freesurfer
build-stamp.txt: freesurfer-linux-centos7_x86_64-7.4.1-20230613-7eb8460
Linux bc12405.int.ets1.calculquebec.ca 3.10.0-1160.90.1.el7.x86_64 #1 SMP Thu May 4 15:21:22 UTC 2023 x86_64 x86_64 x86_64 GNU/Linux
cputime      unlimited
filesize     unlimited
datasize     unlimited
stacksize    unlimited
coredumpsize unlimited
memoryuse    16777216 kbytes
vmemoryuse   unlimited
descriptors  51200 
memorylocked unlimited
maxproc      767592 
maxlocks     unlimited
maxsignal    767592 
maxmessage   819200 
maxnice      0 
maxrtprio    0 
maxrttime    unlimited

               total        used        free      shared  buff/cache   available
Mem:           187Gi        68Gi        80Gi       2.8Gi        39Gi       115Gi
Swap:             0B          0B          0B

########################################
program versions used
7.4.1 (freesurfer-linux-centos7_x86_64-7.4.1-20230613-7eb8460)
7.4.1

ProgramName: lta_convert  ProgramArguments: lta_convert -all-info  ProgramVersion: 7.4.1  TimeStamp: 2023/10/05-12:15:51-GMT  BuildTime: Jun 13 2023 22:52:23  BuildStamp: freesurfer-linux-centos7_x86_64-7.4.1-20230613-7eb8460  User: bpinsard  Machine: bc12405.int.ets1.calculquebec.ca  Platform: Linux  PlatformVersion: 3.10.0-1160.90.1.el7.x86_64  CompilerName: GCC  CompilerVersion: 4.8.5
ProgramName: mri_and  ProgramArguments: mri_and -all-info  ProgramVersion: 7.4.1  TimeStamp: 2023/10/05-12:15:51-GMT  BuildTime: Jun 13 2023 22:52:23  BuildStamp: freesurfer-linux-centos7_x86_64-7.4.1-20230613-7eb8460  User: bpinsard  Machine: bc12405.int.ets1.calculquebec.ca  Platform: Linux  PlatformVersion: 3.10.0-1160.90.1.el7.x86_64  CompilerName: GCC  CompilerVersion: 4.8.5
ProgramName: mri_annotation2label  ProgramArguments: mri_annotation2label -all-info  ProgramVersion: 7.4.1  TimeStamp: 2023/10/05-12:15:51-GMT  BuildTime: Jun 13 2023 22:52:23  BuildStamp: freesurfer-linux-centos7_x86_64-7.4.1-20230613-7eb8460  User: bpinsard  Machine: bc12405.int.ets1.calculquebec.ca  Platform: Linux  PlatformVersion: 3.10.0-1160.90.1.el7.x86_64  CompilerName: GCC  CompilerVersion: 4.8.5
ProgramName: mri_aparc2aseg  ProgramArguments: mri_aparc2aseg -all-info  ProgramVersion: 7.4.1  TimeStamp: 2023/10/05-12:15:51-GMT  BuildTime: Jun 13 2023 22:52:23  BuildStamp: freesurfer-linux-centos7_x86_64-7.4.1-20230613-7eb8460  User: bpinsard  Machine: bc12405.int.ets1.calculquebec.ca  Platform: Linux  PlatformVersion: 3.10.0-1160.90.1.el7.x86_64  CompilerName: GCC  CompilerVersion: 4.8.5
ProgramName: mri_surf2volseg  ProgramArguments: mri_surf2volseg -all-info  ProgramVersion: 7.4.1  TimeStamp: 2023/10/05-12:15:51-GMT  BuildTime: Jun 13 2023 22:52:23  BuildStamp: freesurfer-linux-centos7_x86_64-7.4.1-20230613-7eb8460  User: bpinsard  Machine: bc12405.int.ets1.calculquebec.ca  Platform: Linux  PlatformVersion: 3.10.0-1160.90.1.el7.x86_64  CompilerName: GCC  CompilerVersion: 4.8.5
ProgramName: mri_binarize  ProgramArguments: mri_binarize -all-info  ProgramVersion: 7.4.1  TimeStamp: 2023/10/05-12:15:51-GMT  BuildTime: Jun 13 2023 22:52:23  BuildStamp: freesurfer-linux-centos7_x86_64-7.4.1-20230613-7eb8460  User: bpinsard  Machine: bc12405.int.ets1.calculquebec.ca  Platform: Linux  PlatformVersion: 3.10.0-1160.90.1.el7.x86_64  CompilerName: GCC  CompilerVersion: 4.8.5
ProgramName: mri_ca_label  ProgramArguments: mri_ca_label -all-info  ProgramVersion: 7.4.1  TimeStamp: 2023/10/05-12:15:51-GMT  BuildTime: Jun 13 2023 22:52:23  BuildStamp: freesurfer-linux-centos7_x86_64-7.4.1-20230613-7eb8460  User: bpinsard  Machine: bc12405.int.ets1.calculquebec.ca  Platform: Linux  PlatformVersion: 3.10.0-1160.90.1.el7.x86_64  CompilerName: GCC  CompilerVersion: 4.8.5
ProgramName: mri_ca_normalize  ProgramArguments: mri_ca_normalize -all-info  ProgramVersion: 7.4.1  TimeStamp: 2023/10/05-12:15:51-GMT  BuildTime: Jun 13 2023 22:52:23  BuildStamp: freesurfer-linux-centos7_x86_64-7.4.1-20230613-7eb8460  User: bpinsard  Machine: bc12405.int.ets1.calculquebec.ca  Platform: Linux  PlatformVersion: 3.10.0-1160.90.1.el7.x86_64  CompilerName: GCC  CompilerVersion: 4.8.5
ProgramName: mri_ca_register  ProgramArguments: mri_ca_register -all-info  ProgramVersion: 7.4.1  TimeStamp: 2023/10/05-12:15:51-GMT  BuildTime: Jun 13 2023 22:52:23  BuildStamp: freesurfer-linux-centos7_x86_64-7.4.1-20230613-7eb8460  User: bpinsard  Machine: bc12405.int.ets1.calculquebec.ca  Platform: Linux  PlatformVersion: 3.10.0-1160.90.1.el7.x86_64  CompilerName: GCC  CompilerVersion: 4.8.5
ProgramName: mri_cc  ProgramArguments: mri_cc -all-info  ProgramVersion: 7.4.1  TimeStamp: 2023/10/05-12:15:52-GMT  BuildTime: Jun 13 2023 22:52:23  BuildStamp: freesurfer-linux-centos7_x86_64-7.4.1-20230613-7eb8460  User: bpinsard  Machine: bc12405.int.ets1.calculquebec.ca  Platform: Linux  PlatformVersion: 3.10.0-1160.90.1.el7.x86_64  CompilerName: GCC  CompilerVersion: 4.8.5
ProgramName: mri_compute_overlap  ProgramArguments: mri_compute_overlap -all-info  ProgramVersion: 7.4.1  TimeStamp: 2023/10/05-12:15:52-GMT  BuildTime: Jun 13 2023 22:52:23  BuildStamp: freesurfer-linux-centos7_x86_64-7.4.1-20230613-7eb8460  User: bpinsard  Machine: bc12405.int.ets1.calculquebec.ca  Platform: Linux  PlatformVersion: 3.10.0-1160.90.1.el7.x86_64  CompilerName: GCC  CompilerVersion: 4.8.5
ProgramName: mri_compute_seg_overlap  ProgramArguments: mri_compute_seg_overlap -all-info  ProgramVersion: 7.4.1  TimeStamp: 2023/10/05-12:15:52-GMT  BuildTime: Jun 13 2023 22:52:23  BuildStamp: freesurfer-linux-centos7_x86_64-7.4.1-20230613-7eb8460  User: bpinsard  Machine: bc12405.int.ets1.calculquebec.ca  Platform: Linux  PlatformVersion: 3.10.0-1160.90.1.el7.x86_64  CompilerName: GCC  CompilerVersion: 4.8.5
ProgramName: mri_concat  ProgramArguments: mri_concat -all-info  ProgramVersion: 7.4.1  TimeStamp: 2023/10/05-12:15:52-GMT  BuildTime: Jun 13 2023 22:52:23  BuildStamp: freesurfer-linux-centos7_x86_64-7.4.1-20230613-7eb8460  User: bpinsard  Machine: bc12405.int.ets1.calculquebec.ca  Platform: Linux  PlatformVersion: 3.10.0-1160.90.1.el7.x86_64  CompilerName: GCC  CompilerVersion: 4.8.5
ProgramName: mri_concatenate_lta  ProgramArguments: mri_concatenate_lta -all-info  ProgramVersion: 7.4.1  TimeStamp: 2023/10/05-12:15:52-GMT  BuildTime: Jun 13 2023 22:52:23  BuildStamp: freesurfer-linux-centos7_x86_64-7.4.1-20230613-7eb8460  User: bpinsard  Machine: bc12405.int.ets1.calculquebec.ca  Platform: Linux  PlatformVersion: 3.10.0-1160.90.1.el7.x86_64  CompilerName: GCC  CompilerVersion: 4.8.5
mri_convert -all-info 
ProgramName: mri_convert  ProgramArguments: mri_convert -all-info  ProgramVersion: 7.4.1  TimeStamp: 2023/10/05-12:15:52-GMT  BuildTime: Jun 13 2023 22:52:23  BuildStamp: freesurfer-linux-centos7_x86_64-7.4.1-20230613-7eb8460  User: bpinsard  Machine: bc12405.int.ets1.calculquebec.ca  Platform: Linux  PlatformVersion: 3.10.0-1160.90.1.el7.x86_64  CompilerName: GCC  CompilerVersion: 4.8.5
ProgramName: mri_diff  ProgramArguments: mri_diff -all-info  ProgramVersion: 7.4.1  TimeStamp: 2023/10/05-12:15:52-GMT  BuildTime: Jun 13 2023 22:52:23  BuildStamp: freesurfer-linux-centos7_x86_64-7.4.1-20230613-7eb8460  User: bpinsard  Machine: bc12405.int.ets1.calculquebec.ca  Platform: Linux  PlatformVersion: 3.10.0-1160.90.1.el7.x86_64  CompilerName: GCC  CompilerVersion: 4.8.5
ProgramName: mri_edit_wm_with_aseg  ProgramArguments: mri_edit_wm_with_aseg -all-info  ProgramVersion: 7.4.1  TimeStamp: 2023/10/05-12:15:52-GMT  BuildTime: Jun 13 2023 22:52:23  BuildStamp: freesurfer-linux-centos7_x86_64-7.4.1-20230613-7eb8460  User: bpinsard  Machine: bc12405.int.ets1.calculquebec.ca  Platform: Linux  PlatformVersion: 3.10.0-1160.90.1.el7.x86_64  CompilerName: GCC  CompilerVersion: 4.8.5
ProgramName: mri_em_register  ProgramArguments: mri_em_register -all-info  ProgramVersion: 7.4.1  TimeStamp: 2023/10/05-12:15:52-GMT  BuildTime: Jun 13 2023 22:52:23  BuildStamp: freesurfer-linux-centos7_x86_64-7.4.1-20230613-7eb8460  User: bpinsard  Machine: bc12405.int.ets1.calculquebec.ca  Platform: Linux  PlatformVersion: 3.10.0-1160.90.1.el7.x86_64  CompilerName: GCC  CompilerVersion: 4.8.5
ProgramName: mri_fill  ProgramArguments: mri_fill -all-info  ProgramVersion: 7.4.1  TimeStamp: 2023/10/05-12:15:52-GMT  BuildTime: Jun 13 2023 22:52:23  BuildStamp: freesurfer-linux-centos7_x86_64-7.4.1-20230613-7eb8460  User: bpinsard  Machine: bc12405.int.ets1.calculquebec.ca  Platform: Linux  PlatformVersion: 3.10.0-1160.90.1.el7.x86_64  CompilerName: GCC  CompilerVersion: 4.8.5
ProgramName: mri_fuse_segmentations  ProgramArguments: mri_fuse_segmentations -all-info  ProgramVersion: 7.4.1  TimeStamp: 2023/10/05-12:15:52-GMT  BuildTime: Jun 13 2023 22:52:23  BuildStamp: freesurfer-linux-centos7_x86_64-7.4.1-20230613-7eb8460  User: bpinsard  Machine: bc12405.int.ets1.calculquebec.ca  Platform: Linux  PlatformVersion: 3.10.0-1160.90.1.el7.x86_64  CompilerName: GCC  CompilerVersion: 4.8.5
ProgramName: mri_fwhm  ProgramArguments: mri_fwhm -all-info  ProgramVersion: 7.4.1  TimeStamp: 2023/10/05-12:15:52-GMT  BuildTime: Jun 13 2023 22:52:23  BuildStamp: freesurfer-linux-centos7_x86_64-7.4.1-20230613-7eb8460  User: bpinsard  Machine: bc12405.int.ets1.calculquebec.ca  Platform: Linux  PlatformVersion: 3.10.0-1160.90.1.el7.x86_64  CompilerName: GCC  CompilerVersion: 4.8.5
ProgramName: mri_gcut  ProgramArguments: mri_gcut -all-info  ProgramVersion: 7.4.1  TimeStamp: 2023/10/05-12:15:52-GMT  BuildTime: Jun 13 2023 22:52:23  BuildStamp: freesurfer-linux-centos7_x86_64-7.4.1-20230613-7eb8460  User: bpinsard  Machine: bc12405.int.ets1.calculquebec.ca  Platform: Linux  PlatformVersion: 3.10.0-1160.90.1.el7.x86_64  CompilerName: GCC  CompilerVersion: 4.8.5
ProgramName: mri_info  ProgramArguments: mri_info -all-info  ProgramVersion: 7.4.1  TimeStamp: 2023/10/05-12:15:52-GMT  BuildTime: Jun 13 2023 22:52:23  BuildStamp: freesurfer-linux-centos7_x86_64-7.4.1-20230613-7eb8460  User: bpinsard  Machine: bc12405.int.ets1.calculquebec.ca  Platform: Linux  PlatformVersion: 3.10.0-1160.90.1.el7.x86_64  CompilerName: GCC  CompilerVersion: 4.8.5
ProgramName: mri_label2label  ProgramArguments: mri_label2label -all-info  ProgramVersion: 7.4.1  TimeStamp: 2023/10/05-12:15:52-GMT  BuildTime: Jun 13 2023 22:52:23  BuildStamp: freesurfer-linux-centos7_x86_64-7.4.1-20230613-7eb8460  User: bpinsard  Machine: bc12405.int.ets1.calculquebec.ca  Platform: Linux  PlatformVersion: 3.10.0-1160.90.1.el7.x86_64  CompilerName: GCC  CompilerVersion: 4.8.5
ProgramName: mri_label2vol  ProgramArguments: mri_label2vol -all-info  ProgramVersion: 7.4.1  TimeStamp: 2023/10/05-12:15:52-GMT  BuildTime: Jun 13 2023 22:52:23  BuildStamp: freesurfer-linux-centos7_x86_64-7.4.1-20230613-7eb8460  User: bpinsard  Machine: bc12405.int.ets1.calculquebec.ca  Platform: Linux  PlatformVersion: 3.10.0-1160.90.1.el7.x86_64  CompilerName: GCC  CompilerVersion: 4.8.5
ProgramName: mri_log_likelihood  ProgramArguments: mri_log_likelihood -all-info  ProgramVersion: 7.4.1  TimeStamp: 2023/10/05-12:15:52-GMT  BuildTime: Jun 13 2023 22:52:23  BuildStamp: freesurfer-linux-centos7_x86_64-7.4.1-20230613-7eb8460  User: bpinsard  Machine: bc12405.int.ets1.calculquebec.ca  Platform: Linux  PlatformVersion: 3.10.0-1160.90.1.el7.x86_64  CompilerName: GCC  CompilerVersion: 4.8.5
ProgramName: mri_mask  ProgramArguments: mri_mask -all-info  ProgramVersion: 7.4.1  TimeStamp: 2023/10/05-12:15:52-GMT  BuildTime: Jun 13 2023 22:52:23  BuildStamp: freesurfer-linux-centos7_x86_64-7.4.1-20230613-7eb8460  User: bpinsard  Machine: bc12405.int.ets1.calculquebec.ca  Platform: Linux  PlatformVersion: 3.10.0-1160.90.1.el7.x86_64  CompilerName: GCC  CompilerVersion: 4.8.5
ProgramName: mri_matrix_multiply  ProgramArguments: mri_matrix_multiply -all-info  ProgramVersion: 7.4.1  TimeStamp: 2023/10/05-12:15:52-GMT  BuildTime: Jun 13 2023 22:52:23  BuildStamp: freesurfer-linux-centos7_x86_64-7.4.1-20230613-7eb8460  User: bpinsard  Machine: bc12405.int.ets1.calculquebec.ca  Platform: Linux  PlatformVersion: 3.10.0-1160.90.1.el7.x86_64  CompilerName: GCC  CompilerVersion: 4.8.5
ProgramName: mri_normalize  ProgramArguments: mri_normalize -all-info  ProgramVersion: 7.4.1  TimeStamp: 2023/10/05-12:15:52-GMT  BuildTime: Jun 13 2023 22:52:23  BuildStamp: freesurfer-linux-centos7_x86_64-7.4.1-20230613-7eb8460  User: bpinsard  Machine: bc12405.int.ets1.calculquebec.ca  Platform: Linux  PlatformVersion: 3.10.0-1160.90.1.el7.x86_64  CompilerName: GCC  CompilerVersion: 4.8.5
ProgramName: mri_normalize_tp2  ProgramArguments: mri_normalize_tp2 -all-info  ProgramVersion: 7.4.1  TimeStamp: 2023/10/05-12:15:52-GMT  BuildTime: Jun 13 2023 22:52:23  BuildStamp: freesurfer-linux-centos7_x86_64-7.4.1-20230613-7eb8460  User: bpinsard  Machine: bc12405.int.ets1.calculquebec.ca  Platform: Linux  PlatformVersion: 3.10.0-1160.90.1.el7.x86_64  CompilerName: GCC  CompilerVersion: 4.8.5
ProgramName: mri_or  ProgramArguments: mri_or -all-info  ProgramVersion: 7.4.1  TimeStamp: 2023/10/05-12:15:52-GMT  BuildTime: Jun 13 2023 22:52:23  BuildStamp: freesurfer-linux-centos7_x86_64-7.4.1-20230613-7eb8460  User: bpinsard  Machine: bc12405.int.ets1.calculquebec.ca  Platform: Linux  PlatformVersion: 3.10.0-1160.90.1.el7.x86_64  CompilerName: GCC  CompilerVersion: 4.8.5
ProgramName: mri_relabel_hypointensities  ProgramArguments: mri_relabel_hypointensities -all-info  ProgramVersion: 7.4.1  TimeStamp: 2023/10/05-12:15:52-GMT  BuildTime: Jun 13 2023 22:52:23  BuildStamp: freesurfer-linux-centos7_x86_64-7.4.1-20230613-7eb8460  User: bpinsard  Machine: bc12405.int.ets1.calculquebec.ca  Platform: Linux  PlatformVersion: 3.10.0-1160.90.1.el7.x86_64  CompilerName: GCC  CompilerVersion: 4.8.5
ProgramName: mri_relabel_nonwm_hypos  ProgramArguments: mri_relabel_nonwm_hypos -all-info  ProgramVersion: 7.4.1  TimeStamp: 2023/10/05-12:15:52-GMT  BuildTime: Jun 13 2023 22:52:23  BuildStamp: freesurfer-linux-centos7_x86_64-7.4.1-20230613-7eb8460  User: bpinsard  Machine: bc12405.int.ets1.calculquebec.ca  Platform: Linux  PlatformVersion: 3.10.0-1160.90.1.el7.x86_64  CompilerName: GCC  CompilerVersion: 4.8.5
ProgramName: mri_remove_neck  ProgramArguments: mri_remove_neck -all-info  ProgramVersion: 7.4.1  TimeStamp: 2023/10/05-12:15:52-GMT  BuildTime: Jun 13 2023 22:52:23  BuildStamp: freesurfer-linux-centos7_x86_64-7.4.1-20230613-7eb8460  User: bpinsard  Machine: bc12405.int.ets1.calculquebec.ca  Platform: Linux  PlatformVersion: 3.10.0-1160.90.1.el7.x86_64  CompilerName: GCC  CompilerVersion: 4.8.5
7.4.1

ProgramName: mri_robust_register  ProgramArguments: mri_robust_register -all-info  ProgramVersion: 7.4.1  TimeStamp: 2023/10/05-12:15:52-GMT  BuildTime: Jun 13 2023 22:52:23  BuildStamp: freesurfer-linux-centos7_x86_64-7.4.1-20230613-7eb8460  User: bpinsard  Machine: bc12405.int.ets1.calculquebec.ca  Platform: Linux  PlatformVersion: 3.10.0-1160.90.1.el7.x86_64  CompilerName: GCC  CompilerVersion: 4.8.5
7.4.1

ProgramName: mri_robust_template  ProgramArguments: mri_robust_template -all-info  ProgramVersion: 7.4.1  TimeStamp: 2023/10/05-12:15:52-GMT  BuildTime: Jun 13 2023 22:52:23  BuildStamp: freesurfer-linux-centos7_x86_64-7.4.1-20230613-7eb8460  User: bpinsard  Machine: bc12405.int.ets1.calculquebec.ca  Platform: Linux  PlatformVersion: 3.10.0-1160.90.1.el7.x86_64  CompilerName: GCC  CompilerVersion: 4.8.5
ProgramName: mris_anatomical_stats  ProgramArguments: mris_anatomical_stats -all-info  ProgramVersion: 7.4.1  TimeStamp: 2023/10/05-12:15:52-GMT  BuildTime: Jun 13 2023 22:52:23  BuildStamp: freesurfer-linux-centos7_x86_64-7.4.1-20230613-7eb8460  User: bpinsard  Machine: bc12405.int.ets1.calculquebec.ca  Platform: Linux  PlatformVersion: 3.10.0-1160.90.1.el7.x86_64  CompilerName: GCC  CompilerVersion: 4.8.5
ProgramName: mris_ca_label  ProgramArguments: mris_ca_label -all-info  ProgramVersion: 7.4.1  TimeStamp: 2023/10/05-12:15:52-GMT  BuildTime: Jun 13 2023 22:52:23  BuildStamp: freesurfer-linux-centos7_x86_64-7.4.1-20230613-7eb8460  User: bpinsard  Machine: bc12405.int.ets1.calculquebec.ca  Platform: Linux  PlatformVersion: 3.10.0-1160.90.1.el7.x86_64  CompilerName: GCC  CompilerVersion: 4.8.5
ProgramName: mris_calc  ProgramArguments: mris_calc -all-info  ProgramVersion: 7.4.1  TimeStamp: 2023/10/05-12:15:52-GMT  BuildTime: Jun 13 2023 22:52:23  BuildStamp: freesurfer-linux-centos7_x86_64-7.4.1-20230613-7eb8460  User: bpinsard  Machine: bc12405.int.ets1.calculquebec.ca  Platform: Linux  PlatformVersion: 3.10.0-1160.90.1.el7.x86_64  CompilerName: GCC  CompilerVersion: 4.8.5
ProgramName: mris_convert  ProgramArguments: mris_convert -all-info  ProgramVersion: 7.4.1  TimeStamp: 2023/10/05-12:15:52-GMT  BuildTime: Jun 13 2023 22:52:23  BuildStamp: freesurfer-linux-centos7_x86_64-7.4.1-20230613-7eb8460  User: bpinsard  Machine: bc12405.int.ets1.calculquebec.ca  Platform: Linux  PlatformVersion: 3.10.0-1160.90.1.el7.x86_64  CompilerName: GCC  CompilerVersion: 4.8.5
ProgramName: mris_curvature  ProgramArguments: mris_curvature -all-info  ProgramVersion: 7.4.1  TimeStamp: 2023/10/05-12:15:52-GMT  BuildTime: Jun 13 2023 22:52:23  BuildStamp: freesurfer-linux-centos7_x86_64-7.4.1-20230613-7eb8460  User: bpinsard  Machine: bc12405.int.ets1.calculquebec.ca  Platform: Linux  PlatformVersion: 3.10.0-1160.90.1.el7.x86_64  CompilerName: GCC  CompilerVersion: 4.8.5
ProgramName: mris_curvature_stats  ProgramArguments: mris_curvature_stats -all-info  ProgramVersion: 7.4.1  TimeStamp: 2023/10/05-12:15:52-GMT  BuildTime: Jun 13 2023 22:52:23  BuildStamp: freesurfer-linux-centos7_x86_64-7.4.1-20230613-7eb8460  User: bpinsard  Machine: bc12405.int.ets1.calculquebec.ca  Platform: Linux  PlatformVersion: 3.10.0-1160.90.1.el7.x86_64  CompilerName: GCC  CompilerVersion: 4.8.5
ProgramName: mris_diff  ProgramArguments: mris_diff -all-info  ProgramVersion: 7.4.1  TimeStamp: 2023/10/05-12:15:52-GMT  BuildTime: Jun 13 2023 22:52:23  BuildStamp: freesurfer-linux-centos7_x86_64-7.4.1-20230613-7eb8460  User: bpinsard  Machine: bc12405.int.ets1.calculquebec.ca  Platform: Linux  PlatformVersion: 3.10.0-1160.90.1.el7.x86_64  CompilerName: GCC  CompilerVersion: 4.8.5
ProgramName: mris_divide_parcellation  ProgramArguments: mris_divide_parcellation -all-info  ProgramVersion: 7.4.1  TimeStamp: 2023/10/05-12:15:52-GMT  BuildTime: Jun 13 2023 22:52:23  BuildStamp: freesurfer-linux-centos7_x86_64-7.4.1-20230613-7eb8460  User: bpinsard  Machine: bc12405.int.ets1.calculquebec.ca  Platform: Linux  PlatformVersion: 3.10.0-1160.90.1.el7.x86_64  CompilerName: GCC  CompilerVersion: 4.8.5
ProgramName: mri_segment  ProgramArguments: mri_segment -all-info  ProgramVersion: 7.4.1  TimeStamp: 2023/10/05-12:15:52-GMT  BuildTime: Jun 13 2023 22:52:23  BuildStamp: freesurfer-linux-centos7_x86_64-7.4.1-20230613-7eb8460  User: bpinsard  Machine: bc12405.int.ets1.calculquebec.ca  Platform: Linux  PlatformVersion: 3.10.0-1160.90.1.el7.x86_64  CompilerName: GCC  CompilerVersion: 4.8.5
ProgramName: mri_segstats  ProgramArguments: mri_segstats -all-info  ProgramVersion: 7.4.1  TimeStamp: 2023/10/05-12:15:52-GMT  BuildTime: Jun 13 2023 22:52:23  BuildStamp: freesurfer-linux-centos7_x86_64-7.4.1-20230613-7eb8460  User: bpinsard  Machine: bc12405.int.ets1.calculquebec.ca  Platform: Linux  PlatformVersion: 3.10.0-1160.90.1.el7.x86_64  CompilerName: GCC  CompilerVersion: 4.8.5
ProgramName: mris_euler_number  ProgramArguments: mris_euler_number -all-info  ProgramVersion: 7.4.1  TimeStamp: 2023/10/05-12:15:52-GMT  BuildTime: Jun 13 2023 22:52:23  BuildStamp: freesurfer-linux-centos7_x86_64-7.4.1-20230613-7eb8460  User: bpinsard  Machine: bc12405.int.ets1.calculquebec.ca  Platform: Linux  PlatformVersion: 3.10.0-1160.90.1.el7.x86_64  CompilerName: GCC  CompilerVersion: 4.8.5
ProgramName: mris_fix_topology  ProgramArguments: mris_fix_topology -all-info  ProgramVersion: 7.4.1  TimeStamp: 2023/10/05-12:15:52-GMT  BuildTime: Jun 13 2023 22:52:23  BuildStamp: freesurfer-linux-centos7_x86_64-7.4.1-20230613-7eb8460  User: bpinsard  Machine: bc12405.int.ets1.calculquebec.ca  Platform: Linux  PlatformVersion: 3.10.0-1160.90.1.el7.x86_64  CompilerName: GCC  CompilerVersion: 4.8.5
ProgramName: mris_topo_fixer  ProgramArguments: mris_topo_fixer -all-info  ProgramVersion: 7.4.1  TimeStamp: 2023/10/05-12:15:52-GMT  BuildTime: Jun 13 2023 22:52:23  BuildStamp: freesurfer-linux-centos7_x86_64-7.4.1-20230613-7eb8460  User: bpinsard  Machine: bc12405.int.ets1.calculquebec.ca  Platform: Linux  PlatformVersion: 3.10.0-1160.90.1.el7.x86_64  CompilerName: GCC  CompilerVersion: 4.8.5
ProgramName: mris_jacobian  ProgramArguments: mris_jacobian -all-info  ProgramVersion: 7.4.1  TimeStamp: 2023/10/05-12:15:52-GMT  BuildTime: Jun 13 2023 22:52:23  BuildStamp: freesurfer-linux-centos7_x86_64-7.4.1-20230613-7eb8460  User: bpinsard  Machine: bc12405.int.ets1.calculquebec.ca  Platform: Linux  PlatformVersion: 3.10.0-1160.90.1.el7.x86_64  CompilerName: GCC  CompilerVersion: 4.8.5
ProgramName: mris_label2annot  ProgramArguments: mris_label2annot -all-info  ProgramVersion: 7.4.1  TimeStamp: 2023/10/05-12:15:52-GMT  BuildTime: Jun 13 2023 22:52:23  BuildStamp: freesurfer-linux-centos7_x86_64-7.4.1-20230613-7eb8460  User: bpinsard  Machine: bc12405.int.ets1.calculquebec.ca  Platform: Linux  PlatformVersion: 3.10.0-1160.90.1.el7.x86_64  CompilerName: GCC  CompilerVersion: 4.8.5
ProgramName: mris_left_right_register  ProgramArguments: mris_left_right_register -all-info  ProgramVersion: 7.4.1  TimeStamp: 2023/10/05-12:15:52-GMT  BuildTime: Jun 13 2023 22:52:23  BuildStamp: freesurfer-linux-centos7_x86_64-7.4.1-20230613-7eb8460  User: bpinsard  Machine: bc12405.int.ets1.calculquebec.ca  Platform: Linux  PlatformVersion: 3.10.0-1160.90.1.el7.x86_64  CompilerName: GCC  CompilerVersion: 4.8.5
ProgramName: mris_place_surface  ProgramArguments: mris_place_surface -all-info  ProgramVersion: 7.4.1  TimeStamp: 2023/10/05-12:15:52-GMT  BuildTime: Jun 13 2023 22:52:23  BuildStamp: freesurfer-linux-centos7_x86_64-7.4.1-20230613-7eb8460  User: bpinsard  Machine: bc12405.int.ets1.calculquebec.ca  Platform: Linux  PlatformVersion: 3.10.0-1160.90.1.el7.x86_64  CompilerName: GCC  CompilerVersion: 4.8.5
ProgramName: mrisp_paint  ProgramArguments: mrisp_paint -all-info  ProgramVersion: 7.4.1  TimeStamp: 2023/10/05-12:15:52-GMT  BuildTime: Jun 13 2023 22:52:23  BuildStamp: freesurfer-linux-centos7_x86_64-7.4.1-20230613-7eb8460  User: bpinsard  Machine: bc12405.int.ets1.calculquebec.ca  Platform: Linux  PlatformVersion: 3.10.0-1160.90.1.el7.x86_64  CompilerName: GCC  CompilerVersion: 4.8.5
ProgramName: mris_register  ProgramArguments: mris_register -all-info  ProgramVersion: 7.4.1  TimeStamp: 2023/10/05-12:15:52-GMT  BuildTime: Jun 13 2023 22:52:23  BuildStamp: freesurfer-linux-centos7_x86_64-7.4.1-20230613-7eb8460  User: bpinsard  Machine: bc12405.int.ets1.calculquebec.ca  Platform: Linux  PlatformVersion: 3.10.0-1160.90.1.el7.x86_64  CompilerName: GCC  CompilerVersion: 4.8.5
ProgramName: mris_smooth  ProgramArguments: mris_smooth -all-info  ProgramVersion: 7.4.1  TimeStamp: 2023/10/05-12:15:52-GMT  BuildTime: Jun 13 2023 22:52:23  BuildStamp: freesurfer-linux-centos7_x86_64-7.4.1-20230613-7eb8460  User: bpinsard  Machine: bc12405.int.ets1.calculquebec.ca  Platform: Linux  PlatformVersion: 3.10.0-1160.90.1.el7.x86_64  CompilerName: GCC  CompilerVersion: 4.8.5
ProgramName: mris_sphere  ProgramArguments: mris_sphere -all-info  ProgramVersion: 7.4.1  TimeStamp: 2023/10/05-12:15:52-GMT  BuildTime: Jun 13 2023 22:52:23  BuildStamp: freesurfer-linux-centos7_x86_64-7.4.1-20230613-7eb8460  User: bpinsard  Machine: bc12405.int.ets1.calculquebec.ca  Platform: Linux  PlatformVersion: 3.10.0-1160.90.1.el7.x86_64  CompilerName: GCC  CompilerVersion: 4.8.5
ProgramName: mris_surface_stats  ProgramArguments: mris_surface_stats -all-info  ProgramVersion: 7.4.1  TimeStamp: 2023/10/05-12:15:52-GMT  BuildTime: Jun 13 2023 22:52:23  BuildStamp: freesurfer-linux-centos7_x86_64-7.4.1-20230613-7eb8460  User: bpinsard  Machine: bc12405.int.ets1.calculquebec.ca  Platform: Linux  PlatformVersion: 3.10.0-1160.90.1.el7.x86_64  CompilerName: GCC  CompilerVersion: 4.8.5
ProgramName: mri_stats2seg  ProgramArguments: mri_stats2seg -all-info  ProgramVersion: 7.4.1  TimeStamp: 2023/10/05-12:15:52-GMT  BuildTime: Jun 13 2023 22:52:23  BuildStamp: freesurfer-linux-centos7_x86_64-7.4.1-20230613-7eb8460  User: bpinsard  Machine: bc12405.int.ets1.calculquebec.ca  Platform: Linux  PlatformVersion: 3.10.0-1160.90.1.el7.x86_64  CompilerName: GCC  CompilerVersion: 4.8.5
ProgramName: mris_thickness  ProgramArguments: mris_thickness -all-info  ProgramVersion: 7.4.1  TimeStamp: 2023/10/05-12:15:52-GMT  BuildTime: Jun 13 2023 22:52:23  BuildStamp: freesurfer-linux-centos7_x86_64-7.4.1-20230613-7eb8460  User: bpinsard  Machine: bc12405.int.ets1.calculquebec.ca  Platform: Linux  PlatformVersion: 3.10.0-1160.90.1.el7.x86_64  CompilerName: GCC  CompilerVersion: 4.8.5
ProgramName: mris_thickness_diff  ProgramArguments: mris_thickness_diff -all-info  ProgramVersion: 7.4.1  TimeStamp: 2023/10/05-12:15:52-GMT  BuildTime: Jun 13 2023 22:52:23  BuildStamp: freesurfer-linux-centos7_x86_64-7.4.1-20230613-7eb8460  User: bpinsard  Machine: bc12405.int.ets1.calculquebec.ca  Platform: Linux  PlatformVersion: 3.10.0-1160.90.1.el7.x86_64  CompilerName: GCC  CompilerVersion: 4.8.5
ProgramName: mris_topo_fixer  ProgramArguments: mris_topo_fixer -all-info  ProgramVersion: 7.4.1  TimeStamp: 2023/10/05-12:15:52-GMT  BuildTime: Jun 13 2023 22:52:23  BuildStamp: freesurfer-linux-centos7_x86_64-7.4.1-20230613-7eb8460  User: bpinsard  Machine: bc12405.int.ets1.calculquebec.ca  Platform: Linux  PlatformVersion: 3.10.0-1160.90.1.el7.x86_64  CompilerName: GCC  CompilerVersion: 4.8.5
ProgramName: mri_surf2surf  ProgramArguments: mri_surf2surf -all-info  ProgramVersion: 7.4.1  TimeStamp: 2023/10/05-12:15:53-GMT  BuildTime: Jun 13 2023 22:52:23  BuildStamp: freesurfer-linux-centos7_x86_64-7.4.1-20230613-7eb8460  User: bpinsard  Machine: bc12405.int.ets1.calculquebec.ca  Platform: Linux  PlatformVersion: 3.10.0-1160.90.1.el7.x86_64  CompilerName: GCC  CompilerVersion: 4.8.5
ProgramName: mri_surf2vol  ProgramArguments: mri_surf2vol -all-info  ProgramVersion: 7.4.1  TimeStamp: 2023/10/05-12:15:53-GMT  BuildTime: Jun 13 2023 22:52:23  BuildStamp: freesurfer-linux-centos7_x86_64-7.4.1-20230613-7eb8460  User: bpinsard  Machine: bc12405.int.ets1.calculquebec.ca  Platform: Linux  PlatformVersion: 3.10.0-1160.90.1.el7.x86_64  CompilerName: GCC  CompilerVersion: 4.8.5
ProgramName: mri_surfcluster  ProgramArguments: mri_surfcluster -all-info  ProgramVersion: 7.4.1  TimeStamp: 2023/10/05-12:15:53-GMT  BuildTime: Jun 13 2023 22:52:23  BuildStamp: freesurfer-linux-centos7_x86_64-7.4.1-20230613-7eb8460  User: bpinsard  Machine: bc12405.int.ets1.calculquebec.ca  Platform: Linux  PlatformVersion: 3.10.0-1160.90.1.el7.x86_64  CompilerName: GCC  CompilerVersion: 4.8.5
ProgramName: mris_volmask  ProgramArguments: mris_volmask -all-info  ProgramVersion: 7.4.1  TimeStamp: 2023/10/05-12:15:53-GMT  BuildTime: Jun 13 2023 22:52:23  BuildStamp: freesurfer-linux-centos7_x86_64-7.4.1-20230613-7eb8460  User: bpinsard  Machine: bc12405.int.ets1.calculquebec.ca  Platform: Linux  PlatformVersion: 3.10.0-1160.90.1.el7.x86_64  CompilerName: GCC  CompilerVersion: 4.8.5
ProgramName: mri_tessellate  ProgramArguments: mri_tessellate -all-info  ProgramVersion: 7.4.1  TimeStamp: 2023/10/05-12:15:53-GMT  BuildTime: Jun 13 2023 22:52:23  BuildStamp: freesurfer-linux-centos7_x86_64-7.4.1-20230613-7eb8460  User: bpinsard  Machine: bc12405.int.ets1.calculquebec.ca  Platform: Linux  PlatformVersion: 3.10.0-1160.90.1.el7.x86_64  CompilerName: GCC  CompilerVersion: 4.8.5
ProgramName: mri_vol2surf  ProgramArguments: mri_vol2surf -all-info  ProgramVersion: 7.4.1  TimeStamp: 2023/10/05-12:15:53-GMT  BuildTime: Jun 13 2023 22:52:23  BuildStamp: freesurfer-linux-centos7_x86_64-7.4.1-20230613-7eb8460  User: bpinsard  Machine: bc12405.int.ets1.calculquebec.ca  Platform: Linux  PlatformVersion: 3.10.0-1160.90.1.el7.x86_64  CompilerName: GCC  CompilerVersion: 4.8.5
ProgramName: mri_vol2vol  ProgramArguments: mri_vol2vol -all-info  ProgramVersion: 7.4.1  TimeStamp: 2023/10/05-12:15:53-GMT  BuildTime: Jun 13 2023 22:52:23  BuildStamp: freesurfer-linux-centos7_x86_64-7.4.1-20230613-7eb8460  User: bpinsard  Machine: bc12405.int.ets1.calculquebec.ca  Platform: Linux  PlatformVersion: 3.10.0-1160.90.1.el7.x86_64  CompilerName: GCC  CompilerVersion: 4.8.5
ProgramName: mri_voldiff  ProgramArguments: mri_voldiff -all-info  ProgramVersion: 7.4.1  TimeStamp: 2023/10/05-12:15:53-GMT  BuildTime: Jun 13 2023 22:52:23  BuildStamp: freesurfer-linux-centos7_x86_64-7.4.1-20230613-7eb8460  User: bpinsard  Machine: bc12405.int.ets1.calculquebec.ca  Platform: Linux  PlatformVersion: 3.10.0-1160.90.1.el7.x86_64  CompilerName: GCC  CompilerVersion: 4.8.5
ProgramName: mri_watershed  ProgramArguments: mri_watershed -all-info  ProgramVersion: 7.4.1  TimeStamp: 2023/10/05-12:15:53-GMT  BuildTime: Jun 13 2023 22:52:23  BuildStamp: freesurfer-linux-centos7_x86_64-7.4.1-20230613-7eb8460  User: bpinsard  Machine: bc12405.int.ets1.calculquebec.ca  Platform: Linux  PlatformVersion: 3.10.0-1160.90.1.el7.x86_64  CompilerName: GCC  CompilerVersion: 4.8.5
ProgramName: tkregister2  ProgramArguments: tkregister2_cmdl -all-info  ProgramVersion: 7.4.1  TimeStamp: 2023/10/05-12:15:53-GMT  BuildTime: Jun 13 2023 22:52:23  BuildStamp: freesurfer-linux-centos7_x86_64-7.4.1-20230613-7eb8460  User: bpinsard  Machine: bc12405.int.ets1.calculquebec.ca  Platform: Linux  PlatformVersion: 3.10.0-1160.90.1.el7.x86_64  CompilerName: GCC  CompilerVersion: 4.8.5
mri_motion_correct.fsl 7.4.1
mri_convert -all-info 
ProgramName: mri_convert  ProgramArguments: mri_convert -all-info  ProgramVersion: 7.4.1  TimeStamp: 2023/10/05-12:15:53-GMT  BuildTime: Jun 13 2023 22:52:23  BuildStamp: freesurfer-linux-centos7_x86_64-7.4.1-20230613-7eb8460  User: bpinsard  Machine: bc12405.int.ets1.calculquebec.ca  Platform: Linux  PlatformVersion: 3.10.0-1160.90.1.el7.x86_64  CompilerName: GCC  CompilerVersion: 4.8.5
Program nu_correct, built from:
Package MNI N3, version 1.12.0, compiled by nicks@terrier (x86_64-unknown-linux-gnu) on 2015-06-19 at 01:25:34
#######################################
GCADIR /opt/freesurfer/average
GCA RB_all_2020-01-02.gca
GCASkull RB_all_withskull_2020_01_02.gca
AvgCurvTif folding.atlas.acfb40.noaparc.i12.2016-08-02.tif
GCSDIR /opt/freesurfer/average
GCS DKaparc.atlas.acfb40.noaparc.i12.2016-08-02.gcs
#######################################
/localscratch/bpinsard.41394472.0/freesurfer_crosssectional_autorecon1smriprep_skullstripautorecon2autorecon3_sub04_ses004.job/sub-04_ses-004

 mri_convert /localscratch/bpinsard.41394472.0/freesurfer_crosssectional_autorecon1smriprep_skullstripautorecon2autorecon3_sub04_ses004.job/sourcedata/cneuromod.anat.gradcorrect/sub-04/ses-004/anat/sub-04_ses-004_T1w.nii.gz /localscratch/bpinsard.41394472.0/freesurfer_crosssectional_autorecon1smriprep_skullstripautorecon2autorecon3_sub04_ses004.job/sub-04_ses-004/mri/orig/001.mgz 

mri_convert /localscratch/bpinsard.41394472.0/freesurfer_crosssectional_autorecon1smriprep_skullstripautorecon2autorecon3_sub04_ses004.job/sourcedata/cneuromod.anat.gradcorrect/sub-04/ses-004/anat/sub-04_ses-004_T1w.nii.gz /localscratch/bpinsard.41394472.0/freesurfer_crosssectional_autorecon1smriprep_skullstripautorecon2autorecon3_sub04_ses004.job/sub-04_ses-004/mri/orig/001.mgz 
reading from /localscratch/bpinsard.41394472.0/freesurfer_crosssectional_autorecon1smriprep_skullstripautorecon2autorecon3_sub04_ses004.job/sourcedata/cneuromod.anat.gradcorrect/sub-04/ses-004/anat/sub-04_ses-004_T1w.nii.gz...
TR=0.00, TE=0.00, TI=0.00, flip angle=0.00
i_ras = (1, 0, 0)
j_ras = (0, 1, 0)
k_ras = (0, 0, 1)
writing to /localscratch/bpinsard.41394472.0/freesurfer_crosssectional_autorecon1smriprep_skullstripautorecon2autorecon3_sub04_ses004.job/sub-04_ses-004/mri/orig/001.mgz...
#--------------------------------------------
#@# MotionCor Thu Oct  5 12:15:59 UTC 2023
Found 1 runs
/localscratch/bpinsard.41394472.0/freesurfer_crosssectional_autorecon1smriprep_skullstripautorecon2autorecon3_sub04_ses004.job/sub-04_ses-004/mri/orig/001.mgz
Checking for (invalid) multi-frame inputs...
Only one run found so motion
correction will not be performed. I'll
copy the run to rawavg and continue.

 cp /localscratch/bpinsard.41394472.0/freesurfer_crosssectional_autorecon1smriprep_skullstripautorecon2autorecon3_sub04_ses004.job/sub-04_ses-004/mri/orig/001.mgz /localscratch/bpinsard.41394472.0/freesurfer_crosssectional_autorecon1smriprep_skullstripautorecon2autorecon3_sub04_ses004.job/sub-04_ses-004/mri/rawavg.mgz 


 mri_info /localscratch/bpinsard.41394472.0/freesurfer_crosssectional_autorecon1smriprep_skullstripautorecon2autorecon3_sub04_ses004.job/sub-04_ses-004/mri/rawavg.mgz 

rawavg.mgz ========================================
Volume information for /localscratch/bpinsard.41394472.0/freesurfer_crosssectional_autorecon1smriprep_skullstripautorecon2autorecon3_sub04_ses004.job/sub-04_ses-004/mri/rawavg.mgz
          type: MGH
    dimensions: 208 x 300 x 320
   voxel sizes: 0.800003, 0.800000, 0.800000
          type: FLOAT (3)
           fov: 256.000
           dof: 1
        xstart: -83.2, xend: 83.2
        ystart: -120.0, yend: 120.0
        zstart: -128.0, zend: 128.0
            TR: 0.00 msec, TE: 0.00 msec, TI: 0.00 msec, flip angle: 0.00 degrees
       nframes: 1
       PhEncDir: UNKNOWN
       FieldStrength: 0.000000
ras xform present
    xform info: x_r =   1.0000, y_r =   0.0000, z_r =   0.0000, c_r =    -1.4075
              : x_a =   0.0000, y_a =   1.0000, z_a =   0.0000, c_a =    25.9326
              : x_s =   0.0000, y_s =   0.0000, z_s =   1.0000, c_s =   -13.3032

talairach xfm : 
Orientation   : RAS
Primary Slice Direction: axial

voxel to ras transform:
                0.8000   0.0000   0.0000   -84.6079
                0.0000   0.8000   0.0000   -94.0674
                0.0000   0.0000   0.8000  -141.3032
                0.0000   0.0000   0.0000     1.0000

voxel-to-ras determinant 0.512002

ras to voxel transform:
                1.2500   0.0000   0.0000   105.7594
                0.0000   1.2500   0.0000   117.5843
                0.0000   0.0000   1.2500   176.6290
                0.0000   0.0000   0.0000     1.0000
/localscratch/bpinsard.41394472.0/freesurfer_crosssectional_autorecon1smriprep_skullstripautorecon2autorecon3_sub04_ses004.job/sub-04_ses-004

 mri_convert /localscratch/bpinsard.41394472.0/freesurfer_crosssectional_autorecon1smriprep_skullstripautorecon2autorecon3_sub04_ses004.job/sub-04_ses-004/mri/rawavg.mgz /localscratch/bpinsard.41394472.0/freesurfer_crosssectional_autorecon1smriprep_skullstripautorecon2autorecon3_sub04_ses004.job/sub-04_ses-004/mri/orig.mgz --conform_min 

mri_convert /localscratch/bpinsard.41394472.0/freesurfer_crosssectional_autorecon1smriprep_skullstripautorecon2autorecon3_sub04_ses004.job/sub-04_ses-004/mri/rawavg.mgz /localscratch/bpinsard.41394472.0/freesurfer_crosssectional_autorecon1smriprep_skullstripautorecon2autorecon3_sub04_ses004.job/sub-04_ses-004/mri/orig.mgz --conform_min 
reading from /localscratch/bpinsard.41394472.0/freesurfer_crosssectional_autorecon1smriprep_skullstripautorecon2autorecon3_sub04_ses004.job/sub-04_ses-004/mri/rawavg.mgz...
TR=0.00, TE=0.00, TI=0.00, flip angle=0.00
i_ras = (1, 0, 0)
j_ras = (0, 1, 0)
k_ras = (0, 0, 1)
changing data type from float to uchar (noscale = 0)...
MRIchangeType: Building histogram 0 21271.2 1000, flo=0, fhi=0.999, dest_type=0
Reslicing using trilinear interpolation 
writing to /localscratch/bpinsard.41394472.0/freesurfer_crosssectional_autorecon1smriprep_skullstripautorecon2autorecon3_sub04_ses004.job/sub-04_ses-004/mri/orig.mgz...

 mri_add_xform_to_header -c /localscratch/bpinsard.41394472.0/freesurfer_crosssectional_autorecon1smriprep_skullstripautorecon2autorecon3_sub04_ses004.job/sub-04_ses-004/mri/transforms/talairach.xfm /localscratch/bpinsard.41394472.0/freesurfer_crosssectional_autorecon1smriprep_skullstripautorecon2autorecon3_sub04_ses004.job/sub-04_ses-004/mri/orig.mgz /localscratch/bpinsard.41394472.0/freesurfer_crosssectional_autorecon1smriprep_skullstripautorecon2autorecon3_sub04_ses004.job/sub-04_ses-004/mri/orig.mgz 

INFO: extension is mgz

 mri_info /localscratch/bpinsard.41394472.0/freesurfer_crosssectional_autorecon1smriprep_skullstripautorecon2autorecon3_sub04_ses004.job/sub-04_ses-004/mri/orig.mgz 

orig.mgz ========================================
Volume information for /localscratch/bpinsard.41394472.0/freesurfer_crosssectional_autorecon1smriprep_skullstripautorecon2autorecon3_sub04_ses004.job/sub-04_ses-004/mri/orig.mgz
          type: MGH
    dimensions: 320 x 320 x 320
   voxel sizes: 0.800000, 0.800000, 0.800000
          type: UCHAR (0)
           fov: 256.000
           dof: 1
        xstart: -128.0, xend: 128.0
        ystart: -128.0, yend: 128.0
        zstart: -128.0, zend: 128.0
            TR: 0.00 msec, TE: 0.00 msec, TI: 0.00 msec, flip angle: 0.00 degrees
       nframes: 1
       PhEncDir: UNKNOWN
       FieldStrength: 0.000000
ras xform present
    xform info: x_r =  -1.0000, y_r =   0.0000, z_r =   0.0000, c_r =    -1.4075
              : x_a =   0.0000, y_a =   0.0000, z_a =   1.0000, c_a =    25.9326
              : x_s =   0.0000, y_s =  -1.0000, z_s =   0.0000, c_s =   -13.3032

talairach xfm : /localscratch/bpinsard.41394472.0/freesurfer_crosssectional_autorecon1smriprep_skullstripautorecon2autorecon3_sub04_ses004.job/sub-04_ses-004/mri/transforms/talairach.xfm
Orientation   : LIA
Primary Slice Direction: coronal

voxel to ras transform:
               -0.8000   0.0000   0.0000   126.5925
                0.0000   0.0000   0.8000  -102.0674
                0.0000  -0.8000   0.0000   114.6968
                0.0000   0.0000   0.0000     1.0000

voxel-to-ras determinant -0.512

ras to voxel transform:
               -1.2500  -0.0000  -0.0000   158.2406
               -0.0000  -0.0000  -1.2500   143.3710
               -0.0000   1.2500  -0.0000   127.5843
               -0.0000  -0.0000  -0.0000     1.0000
#--------------------------------------------
#@# Talairach Thu Oct  5 12:16:12 UTC 2023
/localscratch/bpinsard.41394472.0/freesurfer_crosssectional_autorecon1smriprep_skullstripautorecon2autorecon3_sub04_ses004.job/sub-04_ses-004/mri

 mri_nu_correct.mni --no-rescale --i orig.mgz --o orig_nu.mgz --ants-n4 --n 1 --proto-iters 1000 --distance 50 

/usr/bin/bc
/localscratch/bpinsard.41394472.0/freesurfer_crosssectional_autorecon1smriprep_skullstripautorecon2autorecon3_sub04_ses004.job/sub-04_ses-004/mri
/opt/freesurfer/bin/mri_nu_correct.mni
--no-rescale --i orig.mgz --o orig_nu.mgz --ants-n4 --n 1 --proto-iters 1000 --distance 50
nIters 1
mri_nu_correct.mni 7.4.1
Linux bc12405.int.ets1.calculquebec.ca 3.10.0-1160.90.1.el7.x86_64 #1 SMP Thu May 4 15:21:22 UTC 2023 x86_64 x86_64 x86_64 GNU/Linux
Thu Oct  5 12:16:12 UTC 2023
tmpdir is ./tmp.mri_nu_correct.mni.264521
cd /localscratch/bpinsard.41394472.0/freesurfer_crosssectional_autorecon1smriprep_skullstripautorecon2autorecon3_sub04_ses004.job/sub-04_ses-004/mri
AntsN4BiasFieldCorrectionFs -i orig.mgz -o ./tmp.mri_nu_correct.mni.264521/nu0.mgz --dtype uchar
AntsN4BiasFieldCorrectionFs done
mri_convert ./tmp.mri_nu_correct.mni.264521/nu0.mgz orig_nu.mgz --like orig.mgz --conform
mri_convert ./tmp.mri_nu_correct.mni.264521/nu0.mgz orig_nu.mgz --like orig.mgz --conform 
reading from ./tmp.mri_nu_correct.mni.264521/nu0.mgz...
TR=0.00, TE=0.00, TI=0.00, flip angle=0.00
i_ras = (-1, 0, 0)
j_ras = (0, 0, -1)
k_ras = (0, 1, 0)
INFO: transform src into the like-volume: orig.mgz
writing to orig_nu.mgz...
 
 
Thu Oct  5 12:24:57 UTC 2023
mri_nu_correct.mni done

 talairach_avi --i orig_nu.mgz --xfm transforms/talairach.auto.xfm --atlas 3T18yoSchwartzReactN32_as_orig 

talairach_avi log file is transforms/talairach_avi.log...
mv -f /localscratch/bpinsard.41394472.0/freesurfer_crosssectional_autorecon1smriprep_skullstripautorecon2autorecon3_sub04_ses004.job/sub-04_ses-004/mri/talsrcimg_to_3T18yoSchwartzReactN32_as_orig_t4_vox2vox.txt /localscratch/bpinsard.41394472.0/freesurfer_crosssectional_autorecon1smriprep_skullstripautorecon2autorecon3_sub04_ses004.job/sub-04_ses-004/mri/transforms/talsrcimg_to_3T18yoSchwartzReactN32_as_orig_t4_vox2vox.txt
Started at Thu Oct 5 12:24:57 UTC 2023
Ended   at Thu Oct  5 12:25:34 UTC 2023
talairach_avi done

 cp transforms/talairach.auto.xfm transforms/talairach.xfm 

lta_convert --src orig.mgz --trg /opt/freesurfer/average/mni305.cor.mgz --inxfm transforms/talairach.xfm --outlta transforms/talairach.xfm.lta --subject fsaverage --ltavox2vox
7.4.1

--src: orig.mgz src image (geometry).
--trg: /opt/freesurfer/average/mni305.cor.mgz trg image (geometry).
--inmni: transforms/talairach.xfm input MNI/XFM transform.
--outlta: transforms/talairach.xfm.lta output LTA.
--s: fsaverage subject name
--ltavox2vox: output LTA as VOX_TO_VOX transform.
 LTA read, type : 1
 0.97650   0.00933   0.05278   2.12593;
-0.01438   0.87850   0.11990  -28.40176;
-0.04586  -0.09898   0.95238  -7.06113;
 0.00000   0.00000   0.00000   1.00000;
setting subject to fsaverage
Writing  LTA to file transforms/talairach.xfm.lta...
lta_convert successful.
#--------------------------------------------
#@# Talairach Failure Detection Thu Oct  5 12:25:37 UTC 2023
/localscratch/bpinsard.41394472.0/freesurfer_crosssectional_autorecon1smriprep_skullstripautorecon2autorecon3_sub04_ses004.job/sub-04_ses-004/mri

 talairach_afd -T 0.005 -xfm transforms/talairach.xfm 

talairach_afd: Talairach Transform: transforms/talairach.xfm OK (p=0.5275, pval=0.2115 >= threshold=0.0050)

 awk -f /opt/freesurfer/bin/extract_talairach_avi_QA.awk /localscratch/bpinsard.41394472.0/freesurfer_crosssectional_autorecon1smriprep_skullstripautorecon2autorecon3_sub04_ses004.job/sub-04_ses-004/mri/transforms/talairach_avi.log 


 tal_QC_AZS /localscratch/bpinsard.41394472.0/freesurfer_crosssectional_autorecon1smriprep_skullstripautorecon2autorecon3_sub04_ses004.job/sub-04_ses-004/mri/transforms/talairach_avi.log 

TalAviQA: 0.92077
z-score: -13
WARNING: Talairach QA check failed!
z-score of -13 is <= threshold of -9


Manual Talairach alignment may be necessary, or
include the -notal-check flag to skip this test,
making sure the -notal-check flag follows -all
or -autorecon1 in the command string.
See:

http://surfer.nmr.mgh.harvard.edu/fswiki/FsTutorial/Talairach

INFO: Trying MINC mritotal to perform Talairach align...

#--------------------------------------------
#@# Talairach Thu Oct  5 12:25:37 UTC 2023
/localscratch/bpinsard.41394472.0/freesurfer_crosssectional_autorecon1smriprep_skullstripautorecon2autorecon3_sub04_ses004.job/sub-04_ses-004/mri

 mri_nu_correct.mni --no-rescale --i orig.mgz --o orig_nu.mgz --ants-n4 --n 1 --proto-iters 1000 --distance 50 

/usr/bin/bc
/localscratch/bpinsard.41394472.0/freesurfer_crosssectional_autorecon1smriprep_skullstripautorecon2autorecon3_sub04_ses004.job/sub-04_ses-004/mri
/opt/freesurfer/bin/mri_nu_correct.mni
--no-rescale --i orig.mgz --o orig_nu.mgz --ants-n4 --n 1 --proto-iters 1000 --distance 50
nIters 1
mri_nu_correct.mni 7.4.1
Linux bc12405.int.ets1.calculquebec.ca 3.10.0-1160.90.1.el7.x86_64 #1 SMP Thu May 4 15:21:22 UTC 2023 x86_64 x86_64 x86_64 GNU/Linux
Thu Oct  5 12:25:37 UTC 2023
tmpdir is ./tmp.mri_nu_correct.mni.4993
cd /localscratch/bpinsard.41394472.0/freesurfer_crosssectional_autorecon1smriprep_skullstripautorecon2autorecon3_sub04_ses004.job/sub-04_ses-004/mri
AntsN4BiasFieldCorrectionFs -i orig.mgz -o ./tmp.mri_nu_correct.mni.4993/nu0.mgz --dtype uchar
AntsN4BiasFieldCorrectionFs done
mri_convert ./tmp.mri_nu_correct.mni.4993/nu0.mgz orig_nu.mgz --like orig.mgz --conform
mri_convert ./tmp.mri_nu_correct.mni.4993/nu0.mgz orig_nu.mgz --like orig.mgz --conform 
reading from ./tmp.mri_nu_correct.mni.4993/nu0.mgz...
TR=0.00, TE=0.00, TI=0.00, flip angle=0.00
i_ras = (-1, 0, 0)
j_ras = (0, 0, -1)
k_ras = (0, 1, 0)
INFO: transform src into the like-volume: orig.mgz
writing to orig_nu.mgz...
 
 
Thu Oct  5 12:34:22 UTC 2023
mri_nu_correct.mni done

 talairach --i orig_nu.mgz --xfm transforms/talairach.auto.xfm 

/localscratch/bpinsard.41394472.0/freesurfer_crosssectional_autorecon1smriprep_skullstripautorecon2autorecon3_sub04_ses004.job/sub-04_ses-004/mri
/opt/freesurfer/bin/talairach
--i orig_nu.mgz --xfm transforms/talairach.auto.xfm
talairach 7.4.1
Linux bc12405.int.ets1.calculquebec.ca 3.10.0-1160.90.1.el7.x86_64 #1 SMP Thu May 4 15:21:22 UTC 2023 x86_64 x86_64 x86_64 GNU/Linux
Thu Oct  5 12:34:22 UTC 2023
tmpdir is transforms/tmp.talairach.12465
/localscratch/bpinsard.41394472.0/freesurfer_crosssectional_autorecon1smriprep_skullstripautorecon2autorecon3_sub04_ses004.job/sub-04_ses-004/mri
mri_convert orig_nu.mgz transforms/tmp.talairach.12465/src.mnc
mri_convert orig_nu.mgz transforms/tmp.talairach.12465/src.mnc 
reading from orig_nu.mgz...
TR=0.00, TE=0.00, TI=0.00, flip angle=0.00
i_ras = (-1, 0, 0)
j_ras = (0, 0, -1)
k_ras = (0, 1, 0)
writing to transforms/tmp.talairach.12465/src.mnc...
--------------------------------------------
mritotal -verbose -debug -clobber -modeldir /opt/freesurfer/mni/bin/../share/mni_autoreg -protocol icbm transforms/tmp.talairach.12465/src.mnc transforms/talairach.auto.xfm
Transforming slices:................................................................................................................................................................Done
Copying chunks:...........................................................................................................................................................................................Done.
Copying chunks:........................................................................................................................................Done.
Transforming slices:...........................................................................................................................................................................................Done
Copying chunks:...................................................................................................................................................Done.
Copying chunks:...................................................................................................................................................Done.
Source volume size:  95  by 136  by 136 
Source voxel size =    1.600    1.600    1.600
Source min/max real range =   -0.000   76.002
Source min/max voxel=   -0.000   76.906

Target volume size:  58  by 110  by 86 
Target voxel =    2.000    2.000    2.000
Target min/max real range=    0.970  123.710
Target min/max voxel =   -0.000  123.710


AFTER init_params()
Transform matrix    =    1.0000    0.0000    0.0000   -1.3908 
                         0.0000    1.0000    0.0000  -31.1159 
                         0.0000    0.0000    1.0000   34.9113 

Transform center   =    1.719   13.525  -25.457
Transform rotations  =    0.000    0.000    0.000
Transform trans    =   -1.391  -31.116   34.911
Transform scale    =    1.000    1.000    1.000
Transform shear    =    0.000    0.000    0.000

Target volume is smallest
Lattice step size  =    4.000    4.000    4.000
Lattice start      =  -85.095 -125.510  -47.250
Lattice count      =       43       55       29

Source volume size: 106  by 147  by 147 
Source voxel size =    1.600    1.600    1.600
Source min/max real range =   -0.000  126.247
Source min/max voxel=   -0.000  128.259

Target volume size:  68  by 110  by 86 
Target voxel =    2.000    2.000    2.000
Target min/max real range=   -0.000  144.070
Target min/max voxel =   -0.000  144.070


AFTER init_params()
Transform matrix    =    1.0948    0.0508    0.0651    2.4830 
                        -0.0661    1.0581    0.2854  -32.9433 
                        -0.0496   -0.2885    1.0582   -0.6676 

Transform center   =    1.719   13.525  -25.457
Transform rotations  =   -0.266    0.045   -0.060
Transform trans    =    1.675  -39.536   -6.135
Transform scale    =    1.098    1.098    1.098
Transform shear    =    0.000    0.000   -0.000

Target volume is smallest
Lattice step size  =    4.000    4.000    4.000
Lattice start      =  -85.095 -125.510  -57.250
Lattice count      =       43       55       34

Source volume size: 106  by 147  by 147 
Source voxel size =    1.600    1.600    1.600
Source min/max real range =    0.060   16.945
Source min/max voxel=    0.060   17.563

Target volume size:  68  by 110  by 86 
Target voxel =    2.000    2.000    2.000
Target min/max real range=    0.037   11.652
Target min/max voxel =    0.037   11.652


AFTER init_params()
Transform matrix    =    1.1257    0.0416    0.0631    1.7677 
                        -0.0546    1.0990    0.2490  -34.5141 
                        -0.0523   -0.2515    1.0986   -1.9420 

Transform center   =    1.719   13.525  -25.457
Transform rotations  =   -0.225    0.046   -0.048
Transform trans    =    0.940  -39.607   -7.943
Transform scale    =    1.128    1.128    1.128
Transform shear    =   -0.000   -0.000    0.000

Target volume is smallest
Lattice step size  =    4.000    4.000    4.000
Lattice start      =  -65.095 -105.510  -57.250
Lattice count      =       35       46       34

Source volume size: 106  by 147  by 147 
Source voxel size =    1.600    1.600    1.600
Source min/max real range =    0.060   16.945
Source min/max voxel=    0.060   17.563

Target volume size:  68  by 110  by 86 
Target voxel =    2.000    2.000    2.000
Target min/max real range=    0.037   11.652
Target min/max voxel =    0.037   11.652


AFTER init_params()
Transform matrix    =    1.1396    0.0235    0.0499    2.2599 
                        -0.0302    1.1296    0.1576  -34.5189 
                        -0.0462   -0.1588    1.1289   -1.9121 

Transform center   =    1.719   13.525  -25.457
Transform rotations  =   -0.140    0.040   -0.026
Transform trans    =    1.547  -36.831   -7.421
Transform scale    =    1.141    1.141    1.141
Transform shear    =   -0.000   -0.000    0.000

Target volume is smallest
Lattice step size  =    4.000    4.000    4.000
Lattice start      =  -65.095 -105.510  -57.250
Lattice count      =       35       46       34

Source volume size: 106  by 147  by 147 
Source voxel size =    1.600    1.600    1.600
Source min/max real range =    0.060   16.945
Source min/max voxel=    0.060   17.563

Target volume size:  68  by 110  by 86 
Target voxel =    2.000    2.000    2.000
Target min/max real range=    0.037   11.652
Target min/max voxel =    0.037   11.652


AFTER init_params()
Transform matrix    =    1.1487    0.0216    0.0519    2.3689 
                        -0.0267    1.0785    0.1422  -33.8368 
                        -0.0490   -0.1527    1.1490   -1.5175 

Transform center   =    1.719   13.525  -25.457
Transform rotations  =   -0.132    0.042   -0.025
Transform trans    =    1.596  -36.441   -7.459
Transform scale    =    1.150    1.088    1.160
Transform shear    =   -0.000    0.000    0.000

Target volume is smallest
Lattice step size  =    4.000    4.000    4.000
Lattice start      =  -65.095 -105.510  -57.250
Lattice count      =       35       46       34

Source volume size: 106  by 147  by 147 
Source voxel size =    1.600    1.600    1.600
Source min/max real range =    0.060   16.945
Source min/max voxel=    0.060   17.563

Target volume size:  68  by 110  by 86 
Target voxel =    2.000    2.000    2.000
Target min/max real range=    0.037   11.652
Target min/max voxel =    0.037   11.652


AFTER init_params()
Transform matrix    =    1.1459    0.0197    0.0566    2.1392 
                        -0.0256    1.0788    0.1436  -33.6306 
                        -0.0541   -0.1542    1.1483   -1.6894 

Transform center   =    1.719   13.525  -25.457
Transform rotations  =   -0.133    0.047   -0.024
Transform trans    =    1.215  -36.266   -7.643
Transform scale    =    1.147    1.089    1.160
Transform shear    =   -0.000   -0.000   -0.000

Target volume is smallest
Lattice step size  =    4.000    4.000    4.000
Lattice start      =  -65.095 -105.510  -57.250
Lattice count      =       35       46       34

lta_convert --src orig_nu.mgz --trg /opt/freesurfer/mni/bin/../share/mni_autoreg/average_305.mnc --inxfm transforms/talairach.auto.xfm --outlta transforms/talairach.auto.xfm.lta --subject fsaverage
 
 
Thu Oct  5 12:34:34 UTC 2023
talairach done

 cp transforms/talairach.auto.xfm transforms/talairach.xfm 

lta_convert --src orig.mgz --trg /opt/freesurfer/average/mni305.cor.mgz --inxfm transforms/talairach.xfm --outlta transforms/talairach.xfm.lta --subject fsaverage --ltavox2vox
7.4.1

--src: orig.mgz src image (geometry).
--trg: /opt/freesurfer/average/mni305.cor.mgz trg image (geometry).
--inmni: transforms/talairach.xfm input MNI/XFM transform.
--outlta: transforms/talairach.xfm.lta output LTA.
--s: fsaverage subject name
--ltavox2vox: output LTA as VOX_TO_VOX transform.
 LTA read, type : 1
 1.14593   0.01966   0.05662   2.13921;
-0.02560   1.07876   0.14363  -33.63056;
-0.05409  -0.15417   1.14829  -1.68940;
 0.00000   0.00000   0.00000   1.00000;
setting subject to fsaverage
Writing  LTA to file transforms/talairach.xfm.lta...
lta_convert successful.
#--------------------------------------------
#@# Talairach Failure Detection Thu Oct  5 12:34:36 UTC 2023
/localscratch/bpinsard.41394472.0/freesurfer_crosssectional_autorecon1smriprep_skullstripautorecon2autorecon3_sub04_ses004.job/sub-04_ses-004/mri

 talairach_afd -T 0.005 -xfm transforms/talairach.xfm 

talairach_afd: Talairach Transform: transforms/talairach.xfm OK (p=0.8048, pval=0.8469 >= threshold=0.0050)
#--------------------------------------------
#@# Nu Intensity Correction Thu Oct  5 12:34:36 UTC 2023

 mri_nu_correct.mni --i orig.mgz --o nu.mgz --uchar transforms/talairach.xfm --cm --proto-iters 1000 --distance 50 --n 1 --ants-n4 

/usr/bin/bc
/localscratch/bpinsard.41394472.0/freesurfer_crosssectional_autorecon1smriprep_skullstripautorecon2autorecon3_sub04_ses004.job/sub-04_ses-004/mri
/opt/freesurfer/bin/mri_nu_correct.mni
--i orig.mgz --o nu.mgz --uchar transforms/talairach.xfm --cm --proto-iters 1000 --distance 50 --n 1 --ants-n4
nIters 1
mri_nu_correct.mni 7.4.1
Linux bc12405.int.ets1.calculquebec.ca 3.10.0-1160.90.1.el7.x86_64 #1 SMP Thu May 4 15:21:22 UTC 2023 x86_64 x86_64 x86_64 GNU/Linux
Thu Oct  5 12:34:36 UTC 2023
tmpdir is ./tmp.mri_nu_correct.mni.12911
cd /localscratch/bpinsard.41394472.0/freesurfer_crosssectional_autorecon1smriprep_skullstripautorecon2autorecon3_sub04_ses004.job/sub-04_ses-004/mri
AntsN4BiasFieldCorrectionFs -i orig.mgz -o ./tmp.mri_nu_correct.mni.12911/nu0.mgz --dtype uchar
AntsN4BiasFieldCorrectionFs done
mri_binarize --i ./tmp.mri_nu_correct.mni.12911/nu0.mgz --min -1 --o ./tmp.mri_nu_correct.mni.12911/ones.mgz

7.4.1
cwd /localscratch/bpinsard.41394472.0/freesurfer_crosssectional_autorecon1smriprep_skullstripautorecon2autorecon3_sub04_ses004.job/sub-04_ses-004/mri
cmdline mri_binarize --i ./tmp.mri_nu_correct.mni.12911/nu0.mgz --min -1 --o ./tmp.mri_nu_correct.mni.12911/ones.mgz 
sysname  Linux
hostname bc12405.int.ets1.calculquebec.ca
machine  x86_64
user     bpinsard

input      ./tmp.mri_nu_correct.mni.12911/nu0.mgz
frame      0
nErode3d   0
nErode2d   0
output     ./tmp.mri_nu_correct.mni.12911/ones.mgz
Binarizing based on threshold
min        -1
max        +infinity
binval        1
binvalnot     0
fstart = 0, fend = 0, nframes = 1
Starting parallel 1
Found 32768000 values in range
Counting number of voxels in first frame
Found 32767999 voxels in final mask
Writing output to ./tmp.mri_nu_correct.mni.12911/ones.mgz
Count: 32767999 16777216.284875 32768000 99.999997
mri_binarize done
mri_segstats --id 1 --seg ./tmp.mri_nu_correct.mni.12911/ones.mgz --i orig.mgz --sum ./tmp.mri_nu_correct.mni.12911/sum.junk --avgwf ./tmp.mri_nu_correct.mni.12911/input.mean.dat

7.4.1
cwd 
cmdline mri_segstats --id 1 --seg ./tmp.mri_nu_correct.mni.12911/ones.mgz --i orig.mgz --sum ./tmp.mri_nu_correct.mni.12911/sum.junk --avgwf ./tmp.mri_nu_correct.mni.12911/input.mean.dat 
sysname  Linux
hostname bc12405.int.ets1.calculquebec.ca
machine  x86_64
user     bpinsard
whitesurfname  white
UseRobust  0
Loading ./tmp.mri_nu_correct.mni.12911/ones.mgz
Loading orig.mgz
Voxel Volume is 0.512 mm^3
Generating list of segmentation ids
Found   1 segmentations
Computing statistics for each segmentation

Reporting on   1 segmentations
Using PrintSegStat
Computing spatial average of each frame

Writing to ./tmp.mri_nu_correct.mni.12911/input.mean.dat
mri_segstats done
mri_segstats --id 1 --seg ./tmp.mri_nu_correct.mni.12911/ones.mgz --i ./tmp.mri_nu_correct.mni.12911/nu0.mgz --sum ./tmp.mri_nu_correct.mni.12911/sum.junk --avgwf ./tmp.mri_nu_correct.mni.12911/output.mean.dat

7.4.1
cwd 
cmdline mri_segstats --id 1 --seg ./tmp.mri_nu_correct.mni.12911/ones.mgz --i ./tmp.mri_nu_correct.mni.12911/nu0.mgz --sum ./tmp.mri_nu_correct.mni.12911/sum.junk --avgwf ./tmp.mri_nu_correct.mni.12911/output.mean.dat 
sysname  Linux
hostname bc12405.int.ets1.calculquebec.ca
machine  x86_64
user     bpinsard
whitesurfname  white
UseRobust  0
Loading ./tmp.mri_nu_correct.mni.12911/ones.mgz
Loading ./tmp.mri_nu_correct.mni.12911/nu0.mgz
Voxel Volume is 0.512 mm^3
Generating list of segmentation ids
Found   1 segmentations
Computing statistics for each segmentation

Reporting on   1 segmentations
Using PrintSegStat
Computing spatial average of each frame

Writing to ./tmp.mri_nu_correct.mni.12911/output.mean.dat
mri_segstats done
mris_calc -o ./tmp.mri_nu_correct.mni.12911/nu0.mgz ./tmp.mri_nu_correct.mni.12911/nu0.mgz mul 1.17702909924049719471
Saving result to './tmp.mri_nu_correct.mni.12911/nu0.mgz' (type = MGH )                       [ ok ]
mri_convert ./tmp.mri_nu_correct.mni.12911/nu0.mgz nu.mgz --like orig.mgz
mri_convert ./tmp.mri_nu_correct.mni.12911/nu0.mgz nu.mgz --like orig.mgz 
reading from ./tmp.mri_nu_correct.mni.12911/nu0.mgz...
TR=0.00, TE=0.00, TI=0.00, flip angle=0.00
i_ras = (-1, 0, 0)
j_ras = (0, 0, -1)
k_ras = (0, 1, 0)
INFO: transform src into the like-volume: orig.mgz
writing to nu.mgz...
mri_make_uchar nu.mgz transforms/talairach.xfm nu.mgz
type change took 0 minutes and 14 seconds.
FIRST_PERCENTILE 0.010000
WM_PERCENTILE    0.900000
MAX_R 50.000000
i1 = 1, i2 = 79
#mri_make_uchar# mapping  0 32 to  3 110  :  b 1.17244 m 3.40947 : thresh -0.343876 maxsat 74.4478 : nzero 0 nsat 229159
 
 
Thu Oct  5 12:44:02 UTC 2023
mri_nu_correct.mni done

 mri_add_xform_to_header -c /localscratch/bpinsard.41394472.0/freesurfer_crosssectional_autorecon1smriprep_skullstripautorecon2autorecon3_sub04_ses004.job/sub-04_ses-004/mri/transforms/talairach.xfm nu.mgz nu.mgz 

INFO: extension is mgz
#--------------------------------------------
#@# Intensity Normalization Thu Oct  5 12:44:03 UTC 2023
/localscratch/bpinsard.41394472.0/freesurfer_crosssectional_autorecon1smriprep_skullstripautorecon2autorecon3_sub04_ses004.job/sub-04_ses-004/mri

 mri_normalize -g 1 -seed 1234 -mprage -noconform nu.mgz T1.mgz 

using max gradient = 1.000
setting seed for random number genererator to 1234
assuming input volume is MGH (Van der Kouwe) MP-RAGE
not interpolating and embedding volume to be 256^3...
reading mri_src from nu.mgz...
normalizing image...
NOT doing gentle normalization with control points/label
talairach transform
 1.14593   0.01966   0.05662   2.13921;
-0.02560   1.07876   0.14363  -33.63056;
-0.05409  -0.15417   1.14829  -1.68940;
 0.00000   0.00000   0.00000   1.00000;
processing without aseg, no1d=0
MRInormInit(): 
INFO: Modifying talairach volume c_(r,a,s) based on average_305
MRInormalize(): 
MRIsplineNormalize(): npeaks = 17
Starting OpenSpline(): npoints = 17
building Voronoi diagram...
performing soap bubble smoothing, sigma = 8...

Iterating 2 times
---------------------------------
3d normalization pass 1 of 2
white matter peak found at 110
white matter peak found at 109
gm peak at 84 (83), valley at 37 (36)
csf peak at 42, setting threshold to 70
building Voronoi diagram...
performing soap bubble smoothing, sigma = 8...
---------------------------------
3d normalization pass 2 of 2
white matter peak found at 110
white matter peak found at 110
gm peak at 81 (80), valley at 37 (36)
csf peak at 41, setting threshold to 67
building Voronoi diagram...
performing soap bubble smoothing, sigma = 8...
Done iterating ---------------------------------
writing output to T1.mgz
3D bias adjustment took 6 minutes and 34 seconds.
#--------------------------------------------
#@# Skull Stripping Thu Oct  5 12:50:38 UTC 2023
/localscratch/bpinsard.41394472.0/freesurfer_crosssectional_autorecon1smriprep_skullstripautorecon2autorecon3_sub04_ses004.job/sub-04_ses-004/mri

 mri_em_register -skull nu.mgz /opt/freesurfer/average/RB_all_withskull_2020_01_02.gca transforms/talairach_with_skull.lta 

aligning to atlas containing skull, setting unknown_nbr_spacing = 5

== Number of threads available to mri_em_register for OpenMP = 4 == 
reading 1 input volumes...
logging results to talairach_with_skull.log
reading '/opt/freesurfer/average/RB_all_withskull_2020_01_02.gca'...
GCAread took 0 minutes and 1 seconds.
average std = 23.0   using min determinant for regularization = 52.8
0 singular and 9205 ill-conditioned covariance matrices regularized
reading 'nu.mgz'...
freeing gibbs priors...done.
accounting for voxel sizes in initial transform
bounding unknown intensity as < 8.9 or > 556.0 
total sample mean = 77.3 (1403 zeros)
************************************************
spacing=8, using 3292 sample points, tol=1.00e-05...
************************************************
register_mri: find_optimal_transform
find_optimal_transform: nsamples 3292, passno 0, spacing 8
resetting wm mean[0]: 100 --> 108
resetting gm mean[0]: 61 --> 61
input volume #1 is the most T1-like
using real data threshold=10.0
skull bounding box = (68, 31, 29) --> (252, 319, 222)
finding center of left hemi white matter
using (129, 127, 126) as brain centroid of Right_Cerebral_White_Matter...
MRImask(): AllowDiffGeom = 1
mean wm in atlas = 108, using box (106,91,102) --> (151, 162,149) to find MRI wm
before smoothing, mri peak at 110
robust fit to distribution - 109 +- 7.0
after smoothing, mri peak at 110, scaling input intensities by 0.982
scaling channel 0 by 0.981818
initial log_p = -4.734
************************************************
First Search limited to translation only.
************************************************
max log p =    -4.568756 @ (-10.526, 10.526, -10.526)
max log p =    -4.549556 @ (5.263, 5.263, 5.263)
max log p =    -4.504504 @ (7.895, 2.632, -7.895)
max log p =    -4.480231 @ (-6.579, 1.316, 1.316)
max log p =    -4.471724 @ (4.605, -0.658, -3.289)
max log p =    -4.462698 @ (-1.645, 0.987, 0.329)
max log p =    -4.458212 @ (-0.493, 0.822, 3.125)
max log p =    -4.458212 @ (0.000, 0.000, 0.000)
Found translation: (-1.5, 20.9, -11.7): log p = -4.458
****************************************
Nine parameter search.  iteration 0 nscales = 0 ...
****************************************
Result so far: scale 1.000: max_log_p=-4.259, old_max_log_p =-4.458 (thresh=-4.5)
 0.91213   0.11906   0.01567  -42.50356;
-0.12008   0.90433   0.11906   1.68075;
 0.00000  -0.12008   0.91213  -9.26588;
 0.00000   0.00000   0.00000   1.00000;
iteration took 0 minutes and 27 seconds.
****************************************
Nine parameter search.  iteration 1 nscales = 0 ...
****************************************
Result so far: scale 1.000: max_log_p=-4.259, old_max_log_p =-4.259 (thresh=-4.3)
 0.91213   0.11906   0.01567  -42.50356;
-0.12008   0.90433   0.11906   1.68075;
 0.00000  -0.12008   0.91213  -9.26588;
 0.00000   0.00000   0.00000   1.00000;
reducing scale to 0.2500
iteration took 0 minutes and 27 seconds.
****************************************
Nine parameter search.  iteration 2 nscales = 1 ...
****************************************
Result so far: scale 0.250: max_log_p=-4.198, old_max_log_p =-4.259 (thresh=-4.3)
 0.91213   0.11906   0.01567  -38.75356;
-0.12225   0.92065   0.12121   0.30361;
 0.00000  -0.12008   0.91213  -9.26588;
 0.00000   0.00000   0.00000   1.00000;
iteration took 0 minutes and 25 seconds.
****************************************
Nine parameter search.  iteration 3 nscales = 1 ...
****************************************
Result so far: scale 0.250: max_log_p=-4.197, old_max_log_p =-4.198 (thresh=-4.2)
 0.89503   0.11682   0.01538  -36.96204;
-0.11989   0.90676   0.08958   6.62540;
-0.00407  -0.09158   0.93277  -16.01933;
 0.00000   0.00000   0.00000   1.00000;
reducing scale to 0.0625
iteration took 0 minutes and 25 seconds.
****************************************
Nine parameter search.  iteration 4 nscales = 2 ...
****************************************
Result so far: scale 0.062: max_log_p=-4.173, old_max_log_p =-4.197 (thresh=-4.2)
 0.89506   0.12517   0.00858  -37.32859;
-0.12696   0.90286   0.09692   7.81386;
 0.00423  -0.09769   0.92883  -15.64944;
 0.00000   0.00000   0.00000   1.00000;
iteration took 0 minutes and 24 seconds.
****************************************
Nine parameter search.  iteration 5 nscales = 2 ...
****************************************
Result so far: scale 0.062: max_log_p=-4.168, old_max_log_p =-4.173 (thresh=-4.2)
 0.89611   0.12457   0.01620  -38.36184;
-0.12684   0.90257   0.08921   8.81690;
-0.00414  -0.09143   0.93058  -15.15577;
 0.00000   0.00000   0.00000   1.00000;
iteration took 0 minutes and 24 seconds.
****************************************
Nine parameter search.  iteration 6 nscales = 2 ...
****************************************
Result so far: scale 0.062: max_log_p=-4.165, old_max_log_p =-4.168 (thresh=-4.2)
 0.89716   0.12471   0.01622  -38.59052;
-0.12684   0.90257   0.08921   8.81690;
-0.00414  -0.09143   0.93058  -15.15577;
 0.00000   0.00000   0.00000   1.00000;
min search scale 0.025000 reached
***********************************************
Computing MAP estimate using 3292 samples...
***********************************************
dt = 5.00e-06, momentum=0.80, tol=1.00e-05
l_intensity = 1.0000
Aligning input volume to GCA...
Transform matrix
 0.89716   0.12471   0.01622  -38.59052;
-0.12684   0.90257   0.08921   8.81690;
-0.00414  -0.09143   0.93058  -15.15577;
 0.00000   0.00000   0.00000   1.00000;
nsamples 3292
Quasinewton: input matrix
 0.89716   0.12471   0.01622  -38.59052;
-0.12684   0.90257   0.08921   8.81690;
-0.00414  -0.09143   0.93058  -15.15577;
 0.00000   0.00000   0.00000   1.00000;
 IFLAG= -1  LINE SEARCH FAILED. SEE DOCUMENTATION OF ROUTINE MCSRCH ERROR RETURN OF LINE SEARCH: INFO= 4 POSSIBLE CAUSES: FUNCTION OR GRADIENT ARE INCORRECT OR INCORRECT TOLERANCESoutof QuasiNewtonEMA: 009: -log(p) =   -0.0  tol 0.000010
Resulting transform:
 0.89716   0.12471   0.01622  -38.59052;
-0.12684   0.90257   0.08921   8.81690;
-0.00414  -0.09143   0.93058  -15.15577;
 0.00000   0.00000   0.00000   1.00000;

pass 1, spacing 8: log(p) = -4.165 (old=-4.734)
transform before final EM align:
 0.89716   0.12471   0.01622  -38.59052;
-0.12684   0.90257   0.08921   8.81690;
-0.00414  -0.09143   0.93058  -15.15577;
 0.00000   0.00000   0.00000   1.00000;

**************************************************
 EM alignment process ...
 Computing final MAP estimate using 364986 samples. 
**************************************************
dt = 5.00e-06, momentum=0.80, tol=1.00e-07
l_intensity = 1.0000
Aligning input volume to GCA...
Transform matrix
 0.89716   0.12471   0.01622  -38.59052;
-0.12684   0.90257   0.08921   8.81690;
-0.00414  -0.09143   0.93058  -15.15577;
 0.00000   0.00000   0.00000   1.00000;
nsamples 364986
Quasinewton: input matrix
 0.89716   0.12471   0.01622  -38.59052;
-0.12684   0.90257   0.08921   8.81690;
-0.00414  -0.09143   0.93058  -15.15577;
 0.00000   0.00000   0.00000   1.00000;
 IFLAG= -1  LINE SEARCH FAILED. SEE DOCUMENTATION OF ROUTINE MCSRCH ERROR RETURN OF LINE SEARCH: INFO= 6 POSSIBLE CAUSES: FUNCTION OR GRADIENT ARE INCORRECT OR INCORRECT TOLERANCESoutof QuasiNewtonEMA: 011: -log(p) =    4.6  tol 0.000000
final transform:
 0.89716   0.12471   0.01622  -38.59052;
-0.12684   0.90257   0.08921   8.81690;
-0.00414  -0.09143   0.93058  -15.15577;
 0.00000   0.00000   0.00000   1.00000;

writing output transformation to transforms/talairach_with_skull.lta...
#VMPC# mri_em_register VmPeak  959420
FSRUNTIME@ mri_em_register  0.0719 hours 4 threads
registration took 4 minutes and 19 seconds.

 mri_watershed -T1 -brain_atlas /opt/freesurfer/average/RB_all_withskull_2020_01_02.gca transforms/talairach_with_skull.lta T1.mgz brainmask.auto.mgz 


Mode:          T1 normalized volume
Mode:          Use the information of atlas (default parms, --help for details)

*********************************************************
The input file is T1.mgz
The output file is brainmask.auto.mgz
conforming input...
updating LTA to account for conformation
Weighting the input with atlas information before watershed

*************************WATERSHED**************************
Sorting...
      first estimation of the COG coord: x=141 y=102 z=119 r=88
      first estimation of the main basin volume: 2911745 voxels
      Looking for seedpoints 
        2 found in the cerebellum 
        11 found in the rest of the brain 
      global maximum in x=158, y=90, z=94, Imax=255
      CSF=17, WM_intensity=110, WM_VARIANCE=5
      WM_MIN=110, WM_HALF_MIN=110, WM_HALF_MAX=110, WM_MAX=110 
      preflooding height equal to 10 percent
done.
Analyze...

      main basin size=6111204798 voxels, voxel volume =1.000 
                     = 6111204798 mmm3 = 6111204.864 cm3
done.
PostAnalyze...Basin Prior
 12 basins merged thanks to atlas 
      ***** 0 basin(s) merged in 1 iteration(s)
      ***** 0 voxel(s) added to the main basin
done.
Weighting the input with prior template 

****************TEMPLATE DEFORMATION****************

      second estimation of the COG coord: x=156,y=151, z=162, r=117161 iterations
^^^^^^^^ couldn't find WM with original limits - expanding ^^^^^^

   GLOBAL      CSF_MIN=0, CSF_intensity=3, CSF_MAX=5 , nb = 41808
  RIGHT_CER    CSF_MIN=0, CSF_intensity=5, CSF_MAX=167 , nb = 810
  LEFT_CER     CSF_MIN=0, CSF_intensity=6, CSF_MAX=19 , nb = 1098
 RIGHT_BRAIN   CSF_MIN=2, CSF_intensity=9, CSF_MAX=22 , nb = 5832
 LEFT_BRAIN    CSF_MIN=1, CSF_intensity=9, CSF_MAX=22 , nb = 7020
    OTHER      CSF_MIN=0, CSF_intensity=3, CSF_MAX=5 , nb = 18756
 Problem with the least square interpolation in GM_MIN calculation.
   
                     CSF_MAX  TRANSITION  GM_MIN  GM
    GLOBAL     
  before analyzing :    5,      8,        49,   73
  after  analyzing :    5,      35,        49,   44
   RIGHT_CER   
  before analyzing :    167,      71,        63,   77
  after  analyzing :    42,      71,        71,   72
   LEFT_CER    
  before analyzing :    19,      34,        61,   84
  after  analyzing :    19,      52,        61,   60
  RIGHT_BRAIN  
  before analyzing :    22,      33,        51,   71
  after  analyzing :    22,      45,        51,   51
  LEFT_BRAIN   
  before analyzing :    22,      33,        54,   78
  after  analyzing :    22,      47,        54,   54
     OTHER     
  before analyzing :    5,      8,        49,   73
  after  analyzing :    5,      35,        49,   44
      mri_strip_skull: done peeling brain
      highly tesselated surface with 10242 vertices
      matching...111 iterations

*********************VALIDATION*********************
curvature mean = 0.008, std = 0.074
curvature mean = 59.570, std = 22.617

No Rigid alignment: -atlas Mode Off (basic atlas / no registration)
      before rotation: sse = 33.40, sigma = 85.96
      after  rotation: sse = 33.40, sigma = 85.96
Localization of inacurate regions: Erosion-Dilation steps
      the sse mean is 40.31, its var is 57.35   
      before Erosion-Dilatation 42.02% of inacurate vertices
      after  Erosion-Dilatation  0.00% of inacurate vertices
      Validation of the shape of the surface done.
Scaling of atlas fields onto current surface fields

********FINAL ITERATIVE TEMPLATE DEFORMATION********
Compute Local values csf/gray
Fine Segmentation...102 iterations

      mri_strip_skull: done peeling brain

Brain Size = 2792408 voxels, voxel volume = 1.000 mm3
           = 2792408 mmm3 = 2792.408 cm3
INFO: MRImask() using MRImaskDifferentGeometry()


******************************
Saving brainmask.auto.mgz
done
mri_watershed done

 cp brainmask.auto.mgz brainmask.mgz 


Started at Thu Oct 5 12:15:51 UTC 2023 
Ended   at Thu Oct 5 12:55:37 UTC 2023
#@#%# recon-all-run-time-hours 0.663
recon-all -s sub-04_ses-004 finished without error at Thu Oct  5 12:55:37 UTC 2023
