status file for recon-all
Thu Oct 12 14:20:58 UTC 2023
#@# MotionCor Thu Oct 12 14:21:40 UTC 2023
#@# Talairach Thu Oct 12 14:21:40 UTC 2023
#@# Talairach Failure Detection Thu Oct 12 14:21:42 UTC 2023
#@# Nu Intensity Correction Thu Oct 12 14:21:42 UTC 2023
#@# Intensity Normalization Thu Oct 12 14:31:17 UTC 2023
#@# Skull Stripping Thu Oct 12 14:46:17 UTC 2023
#@# EM Registration Thu Oct 12 14:46:23 UTC 2023
#@# CA Normalize Thu Oct 12 14:46:23 UTC 2023
#@# CA Reg Thu Oct 12 14:50:31 UTC 2023
#@# SubCort Seg Thu Oct 12 15:15:15 UTC 2023
#@# CC Seg Thu Oct 12 15:27:52 UTC 2023
#@# Merge ASeg Thu Oct 12 15:29:11 UTC 2023
#@# Intensity Normalization2 Thu Oct 12 15:29:11 UTC 2023
#@# Mask BFS Thu Oct 12 15:36:28 UTC 2023
#@# WM Segmentation Thu Oct 12 15:36:36 UTC 2023
#@# Smooth2 lh Thu Oct 12 15:57:27 UTC 2023
#@# Smooth2 rh Thu Oct 12 15:57:34 UTC 2023
#@# Inflation2 lh Thu Oct 12 15:57:42 UTC 2023
#@# Inflation2 rh Thu Oct 12 15:58:15 UTC 2023
#@# Curv .H and .K lh Thu Oct 12 15:58:46 UTC 2023
#@# Curv .H and .K rh Thu Oct 12 16:00:44 UTC 2023
#@# Sphere lh Thu Oct 12 16:02:45 UTC 2023
#@# Sphere rh Thu Oct 12 16:02:45 UTC 2023
#@# Surf Reg lh Thu Oct 12 16:02:45 UTC 2023
#@# Surf Reg rh Thu Oct 12 16:07:15 UTC 2023
#@# Jacobian white lh Thu Oct 12 16:11:58 UTC 2023
#@# Jacobian white rh Thu Oct 12 16:12:00 UTC 2023
#@# AvgCurv lh Thu Oct 12 16:12:02 UTC 2023
#@# AvgCurv rh Thu Oct 12 16:12:04 UTC 2023
#@# Cortical Parc lh Thu Oct 12 16:12:06 UTC 2023
#@# Cortical Parc rh Thu Oct 12 16:12:26 UTC 2023
#@# white curv lh Thu Oct 12 16:33:48 UTC 2023
#@# white area lh Thu Oct 12 16:33:53 UTC 2023
#@# pial curv lh Thu Oct 12 16:33:55 UTC 2023
#@# pial area lh Thu Oct 12 16:33:59 UTC 2023
#@# thickness lh Thu Oct 12 16:34:01 UTC 2023
#@# area and vertex vol lh Thu Oct 12 16:35:20 UTC 2023
#@# white curv rh Thu Oct 12 16:35:24 UTC 2023
#@# white area rh Thu Oct 12 16:35:29 UTC 2023
#@# pial curv rh Thu Oct 12 16:35:31 UTC 2023
#@# pial area rh Thu Oct 12 16:35:35 UTC 2023
#@# thickness rh Thu Oct 12 16:35:37 UTC 2023
#@# area and vertex vol rh Thu Oct 12 16:36:58 UTC 2023
#@# Curvature Stats lh Thu Oct 12 16:37:02 UTC 2023
#@# Curvature Stats rh Thu Oct 12 16:37:08 UTC 2023
#@# Cortical ribbon mask Thu Oct 12 16:37:15 UTC 2023
#@# Cortical Parc 2 lh Thu Oct 12 17:11:56 UTC 2023
#@# Cortical Parc 2 rh Thu Oct 12 17:12:21 UTC 2023
#@# Cortical Parc 3 lh Thu Oct 12 17:12:48 UTC 2023
#@# Cortical Parc 3 rh Thu Oct 12 17:13:11 UTC 2023
#@# WM/GM Contrast lh Thu Oct 12 17:13:32 UTC 2023
#@# WM/GM Contrast rh Thu Oct 12 17:13:41 UTC 2023
#@# Relabel Hypointensities Thu Oct 12 17:13:50 UTC 2023
#@# APas-to-ASeg Thu Oct 12 17:14:38 UTC 2023
#@# AParc-to-ASeg aparc Thu Oct 12 17:15:12 UTC 2023
#@# AParc-to-ASeg aparc.a2009s Thu Oct 12 17:20:21 UTC 2023
#@# AParc-to-ASeg aparc.DKTatlas Thu Oct 12 17:25:31 UTC 2023
#@# WMParc Thu Oct 12 17:30:43 UTC 2023
#@# Parcellation Stats lh Thu Oct 12 17:38:41 UTC 2023
#@# Parcellation Stats rh Thu Oct 12 17:40:24 UTC 2023
#@# Parcellation Stats 2 lh Thu Oct 12 17:42:10 UTC 2023
#@# Parcellation Stats 2 rh Thu Oct 12 17:43:03 UTC 2023
#@# Parcellation Stats 3 lh Thu Oct 12 17:43:59 UTC 2023
#@# Parcellation Stats 3 rh Thu Oct 12 17:44:50 UTC 2023
#@# ASeg Stats Thu Oct 12 17:45:42 UTC 2023
#@# BA_exvivo Labels lh Thu Oct 12 17:47:27 UTC 2023
#@# BA_exvivo Labels rh Thu Oct 12 17:54:29 UTC 2023
recon-all -s sub-03_ses-003.long.sub-03 finished without error at Thu Oct 12 18:01:35 UTC 2023
