Log file for defect2seg
Thu Oct  5 16:37:12 UTC 2023

setenv SUBJECTS_DIR /localscratch/bpinsard.41394478.0/freesurfer_crosssectional_autorecon1smriprep_skullstripautorecon2autorecon3_sub05_ses005.job
cd /localscratch/bpinsard.41394478.0/freesurfer_crosssectional_autorecon1smriprep_skullstripautorecon2autorecon3_sub05_ses005.job/sub-05_ses-005/scripts
/opt/freesurfer/bin/defect2seg --s sub-05_ses-005 --cortex

freesurfer-linux-centos7_x86_64-7.4.1-20230613-7eb8460
defect2seg 7.4.1
Linux bc12307.int.ets1.calculquebec.ca 3.10.0-1160.99.1.el7.x86_64 #1 SMP Wed Sep 13 14:19:20 UTC 2023 x86_64 x86_64 x86_64 GNU/Linux
pid 58281
mri_label2label --label-cortex /localscratch/bpinsard.41394478.0/freesurfer_crosssectional_autorecon1smriprep_skullstripautorecon2autorecon3_sub05_ses005.job/sub-05_ses-005/surf/lh.orig.nofix /localscratch/bpinsard.41394478.0/freesurfer_crosssectional_autorecon1smriprep_skullstripautorecon2autorecon3_sub05_ses005.job/sub-05_ses-005/mri/aseg.presurf.mgz 0 /localscratch/bpinsard.41394478.0/freesurfer_crosssectional_autorecon1smriprep_skullstripautorecon2autorecon3_sub05_ses005.job/sub-05_ses-005/label/lh.nofix.cortex.label

 Generating cortex label... RemoveHipAmgy=0
 NucAccIsMedialWall=0
 mris->useRealRAS=0
26 non-cortical segments detected
only using segment with 11762 vertices
erasing segment 0 (vno[0] = 36892)
erasing segment 2 (vno[0] = 141746)
erasing segment 3 (vno[0] = 145543)
erasing segment 4 (vno[0] = 149496)
erasing segment 5 (vno[0] = 149503)
erasing segment 6 (vno[0] = 150916)
erasing segment 7 (vno[0] = 152324)
erasing segment 8 (vno[0] = 152381)
erasing segment 9 (vno[0] = 154799)
erasing segment 10 (vno[0] = 154916)
erasing segment 11 (vno[0] = 156048)
erasing segment 12 (vno[0] = 156114)
erasing segment 13 (vno[0] = 157350)
erasing segment 14 (vno[0] = 158686)
erasing segment 15 (vno[0] = 158688)
erasing segment 16 (vno[0] = 158722)
erasing segment 17 (vno[0] = 160556)
erasing segment 18 (vno[0] = 161365)
erasing segment 19 (vno[0] = 162588)
erasing segment 20 (vno[0] = 163091)
erasing segment 21 (vno[0] = 163458)
erasing segment 22 (vno[0] = 163481)
erasing segment 23 (vno[0] = 173085)
erasing segment 24 (vno[0] = 184432)
erasing segment 25 (vno[0] = 190199)
mri_label2vol --defects /localscratch/bpinsard.41394478.0/freesurfer_crosssectional_autorecon1smriprep_skullstripautorecon2autorecon3_sub05_ses005.job/sub-05_ses-005/surf/lh.orig.nofix /localscratch/bpinsard.41394478.0/freesurfer_crosssectional_autorecon1smriprep_skullstripautorecon2autorecon3_sub05_ses005.job/sub-05_ses-005/surf/lh.defect_labels /localscratch/bpinsard.41394478.0/freesurfer_crosssectional_autorecon1smriprep_skullstripautorecon2autorecon3_sub05_ses005.job/sub-05_ses-005/mri/orig.mgz 1000 0 /localscratch/bpinsard.41394478.0/freesurfer_crosssectional_autorecon1smriprep_skullstripautorecon2autorecon3_sub05_ses005.job/sub-05_ses-005/mri/surface.defects.mgz /localscratch/bpinsard.41394478.0/freesurfer_crosssectional_autorecon1smriprep_skullstripautorecon2autorecon3_sub05_ses005.job/sub-05_ses-005/label/lh.nofix.cortex.label
mri_label2vol supposed to be reproducible but seed not set
Contraining to label /localscratch/bpinsard.41394478.0/freesurfer_crosssectional_autorecon1smriprep_skullstripautorecon2autorecon3_sub05_ses005.job/sub-05_ses-005/label/lh.nofix.cortex.label
Changing input type 0 to MRI_INT
Converting defects to volume: offset=1000, merge=0
Writing to /localscratch/bpinsard.41394478.0/freesurfer_crosssectional_autorecon1smriprep_skullstripautorecon2autorecon3_sub05_ses005.job/sub-05_ses-005/mri/surface.defects.mgz
mris_defects_pointset -s /localscratch/bpinsard.41394478.0/freesurfer_crosssectional_autorecon1smriprep_skullstripautorecon2autorecon3_sub05_ses005.job/sub-05_ses-005/surf/lh.orig.nofix -d /localscratch/bpinsard.41394478.0/freesurfer_crosssectional_autorecon1smriprep_skullstripautorecon2autorecon3_sub05_ses005.job/sub-05_ses-005/surf/lh.defect_labels -o /localscratch/bpinsard.41394478.0/freesurfer_crosssectional_autorecon1smriprep_skullstripautorecon2autorecon3_sub05_ses005.job/sub-05_ses-005/surf/lh.defects.pointset --label /localscratch/bpinsard.41394478.0/freesurfer_crosssectional_autorecon1smriprep_skullstripautorecon2autorecon3_sub05_ses005.job/sub-05_ses-005/label/lh.nofix.cortex.label
Reading in surface /localscratch/bpinsard.41394478.0/freesurfer_crosssectional_autorecon1smriprep_skullstripautorecon2autorecon3_sub05_ses005.job/sub-05_ses-005/surf/lh.orig.nofix
Reading in defect segmentation /localscratch/bpinsard.41394478.0/freesurfer_crosssectional_autorecon1smriprep_skullstripautorecon2autorecon3_sub05_ses005.job/sub-05_ses-005/surf/lh.defect_labels
Reading in label /localscratch/bpinsard.41394478.0/freesurfer_crosssectional_autorecon1smriprep_skullstripautorecon2autorecon3_sub05_ses005.job/sub-05_ses-005/label/lh.nofix.cortex.label
#VMPC# mris_defects_pointset 590560
mris_defects_pointset done
mri_label2label --label-cortex /localscratch/bpinsard.41394478.0/freesurfer_crosssectional_autorecon1smriprep_skullstripautorecon2autorecon3_sub05_ses005.job/sub-05_ses-005/surf/rh.orig.nofix /localscratch/bpinsard.41394478.0/freesurfer_crosssectional_autorecon1smriprep_skullstripautorecon2autorecon3_sub05_ses005.job/sub-05_ses-005/mri/aseg.presurf.mgz 0 /localscratch/bpinsard.41394478.0/freesurfer_crosssectional_autorecon1smriprep_skullstripautorecon2autorecon3_sub05_ses005.job/sub-05_ses-005/label/rh.nofix.cortex.label

 Generating cortex label... RemoveHipAmgy=0
 NucAccIsMedialWall=0
 mris->useRealRAS=0
41 non-cortical segments detected
only using segment with 11399 vertices
erasing segment 0 (vno[0] = 4673)
erasing segment 2 (vno[0] = 91934)
erasing segment 3 (vno[0] = 95165)
erasing segment 4 (vno[0] = 101568)
erasing segment 5 (vno[0] = 102925)
erasing segment 6 (vno[0] = 106068)
erasing segment 7 (vno[0] = 108842)
erasing segment 8 (vno[0] = 135967)
erasing segment 9 (vno[0] = 139936)
erasing segment 10 (vno[0] = 141336)
erasing segment 11 (vno[0] = 145261)
erasing segment 12 (vno[0] = 146648)
erasing segment 13 (vno[0] = 149480)
erasing segment 14 (vno[0] = 149505)
erasing segment 15 (vno[0] = 150835)
erasing segment 16 (vno[0] = 150867)
erasing segment 17 (vno[0] = 152170)
erasing segment 18 (vno[0] = 153498)
erasing segment 19 (vno[0] = 153521)
erasing segment 20 (vno[0] = 156144)
erasing segment 21 (vno[0] = 156288)
erasing segment 22 (vno[0] = 156301)
erasing segment 23 (vno[0] = 156308)
erasing segment 24 (vno[0] = 156368)
erasing segment 25 (vno[0] = 157552)
erasing segment 26 (vno[0] = 157660)
erasing segment 27 (vno[0] = 158844)
erasing segment 28 (vno[0] = 158947)
erasing segment 29 (vno[0] = 158949)
erasing segment 30 (vno[0] = 158969)
erasing segment 31 (vno[0] = 159019)
erasing segment 32 (vno[0] = 163130)
erasing segment 33 (vno[0] = 164292)
erasing segment 34 (vno[0] = 164300)
erasing segment 35 (vno[0] = 167772)
erasing segment 36 (vno[0] = 170830)
erasing segment 37 (vno[0] = 171867)
erasing segment 38 (vno[0] = 184032)
erasing segment 39 (vno[0] = 190068)
erasing segment 40 (vno[0] = 190137)
mri_label2vol --defects /localscratch/bpinsard.41394478.0/freesurfer_crosssectional_autorecon1smriprep_skullstripautorecon2autorecon3_sub05_ses005.job/sub-05_ses-005/surf/rh.orig.nofix /localscratch/bpinsard.41394478.0/freesurfer_crosssectional_autorecon1smriprep_skullstripautorecon2autorecon3_sub05_ses005.job/sub-05_ses-005/surf/rh.defect_labels /localscratch/bpinsard.41394478.0/freesurfer_crosssectional_autorecon1smriprep_skullstripautorecon2autorecon3_sub05_ses005.job/sub-05_ses-005/mri/surface.defects.mgz 2000 1 /localscratch/bpinsard.41394478.0/freesurfer_crosssectional_autorecon1smriprep_skullstripautorecon2autorecon3_sub05_ses005.job/sub-05_ses-005/mri/surface.defects.mgz /localscratch/bpinsard.41394478.0/freesurfer_crosssectional_autorecon1smriprep_skullstripautorecon2autorecon3_sub05_ses005.job/sub-05_ses-005/label/rh.nofix.cortex.label
mri_label2vol supposed to be reproducible but seed not set
Contraining to label /localscratch/bpinsard.41394478.0/freesurfer_crosssectional_autorecon1smriprep_skullstripautorecon2autorecon3_sub05_ses005.job/sub-05_ses-005/label/rh.nofix.cortex.label
Converting defects to volume: offset=2000, merge=1
Writing to /localscratch/bpinsard.41394478.0/freesurfer_crosssectional_autorecon1smriprep_skullstripautorecon2autorecon3_sub05_ses005.job/sub-05_ses-005/mri/surface.defects.mgz
mris_defects_pointset -s /localscratch/bpinsard.41394478.0/freesurfer_crosssectional_autorecon1smriprep_skullstripautorecon2autorecon3_sub05_ses005.job/sub-05_ses-005/surf/rh.orig.nofix -d /localscratch/bpinsard.41394478.0/freesurfer_crosssectional_autorecon1smriprep_skullstripautorecon2autorecon3_sub05_ses005.job/sub-05_ses-005/surf/rh.defect_labels -o /localscratch/bpinsard.41394478.0/freesurfer_crosssectional_autorecon1smriprep_skullstripautorecon2autorecon3_sub05_ses005.job/sub-05_ses-005/surf/rh.defects.pointset --label /localscratch/bpinsard.41394478.0/freesurfer_crosssectional_autorecon1smriprep_skullstripautorecon2autorecon3_sub05_ses005.job/sub-05_ses-005/label/rh.nofix.cortex.label
Reading in surface /localscratch/bpinsard.41394478.0/freesurfer_crosssectional_autorecon1smriprep_skullstripautorecon2autorecon3_sub05_ses005.job/sub-05_ses-005/surf/rh.orig.nofix
Reading in defect segmentation /localscratch/bpinsard.41394478.0/freesurfer_crosssectional_autorecon1smriprep_skullstripautorecon2autorecon3_sub05_ses005.job/sub-05_ses-005/surf/rh.defect_labels
Reading in label /localscratch/bpinsard.41394478.0/freesurfer_crosssectional_autorecon1smriprep_skullstripautorecon2autorecon3_sub05_ses005.job/sub-05_ses-005/label/rh.nofix.cortex.label
#VMPC# mris_defects_pointset 592816
mris_defects_pointset done
 
Started at Thu Oct 5 16:37:12 UTC 2023 
Ended   at Thu Oct  5 16:38:26 UTC 2023
Defect2seg-Run-Time-Sec 74
Defect2seg-Run-Time-Min 1.48
Defect2seg-Run-Time-Hours 0.02
 
defect2seg Done
