Logfile for bbregister
Sun Oct  8 05:32:20 UTC 2023

setenv SUBJECTS_DIR /localscratch/bpinsard.41451881.0/freesurfer_crosssectional_autorecon3_sub05_ses011.job
cd /localscratch/bpinsard.41451881.0/freesurfer_crosssectional_autorecon3_sub05_ses011.job/sub-05_ses-011/scripts
/opt/freesurfer/bin/bbregister --s sub-05_ses-011 --mov /localscratch/bpinsard.41451881.0/freesurfer_crosssectional_autorecon3_sub05_ses011.job/sub-05_ses-011/mri/orig/T2raw.mgz --lta /localscratch/bpinsard.41451881.0/freesurfer_crosssectional_autorecon3_sub05_ses011.job/sub-05_ses-011/mri/transforms/T2raw.auto.lta --init-coreg --T2 --gm-proj-abs 2 --wm-proj-abs 1 --no-coreg-ref-mask

bbregister 7.4.1
Linux bc11940.int.ets1.calculquebec.ca 3.10.0-1160.95.1.el7.x86_64 #1 SMP Mon Jul 24 13:59:37 UTC 2023 x86_64 x86_64 x86_64 GNU/Linux
FREESURFER_HOME /opt/freesurfer
mri_convert /localscratch/bpinsard.41451881.0/freesurfer_crosssectional_autorecon3_sub05_ses011.job/sub-05_ses-011/mri/orig/T2raw.mgz /localscratch/bpinsard.41451881.0/freesurfer_crosssectional_autorecon3_sub05_ses011.job/sub-05_ses-011/mri/transforms/tmp.bbregister.149087/template.nii
mri_convert /localscratch/bpinsard.41451881.0/freesurfer_crosssectional_autorecon3_sub05_ses011.job/sub-05_ses-011/mri/orig/T2raw.mgz /localscratch/bpinsard.41451881.0/freesurfer_crosssectional_autorecon3_sub05_ses011.job/sub-05_ses-011/mri/transforms/tmp.bbregister.149087/template.nii 
reading from /localscratch/bpinsard.41451881.0/freesurfer_crosssectional_autorecon3_sub05_ses011.job/sub-05_ses-011/mri/orig/T2raw.mgz...
TR=0.00, TE=0.00, TI=0.00, flip angle=0.00
i_ras = (1, 0, 0)
j_ras = (0, 1, 0)
k_ras = (0, 0, 1)
writing to /localscratch/bpinsard.41451881.0/freesurfer_crosssectional_autorecon3_sub05_ses011.job/sub-05_ses-011/mri/transforms/tmp.bbregister.149087/template.nii...
mri_coreg --s sub-05_ses-011 --mov /localscratch/bpinsard.41451881.0/freesurfer_crosssectional_autorecon3_sub05_ses011.job/sub-05_ses-011/mri/transforms/tmp.bbregister.149087/template.nii --regdat /localscratch/bpinsard.41451881.0/freesurfer_crosssectional_autorecon3_sub05_ses011.job/sub-05_ses-011/mri/transforms/tmp.bbregister.149087/reg.init.dat --reg /localscratch/bpinsard.41451881.0/freesurfer_crosssectional_autorecon3_sub05_ses011.job/sub-05_ses-011/mri/transforms/tmp.bbregister.149087/mri_coreg.lta --nthreads 4 --dof 6 --sep 4 --ftol .0001 --linmintol .01 --no-ref-mask

$Id: mri_coreg.c,v 1.27 2016/04/30 15:11:49 greve Exp $
cwd /localscratch/bpinsard.41451881.0/freesurfer_crosssectional_autorecon3_sub05_ses011.job/sub-05_ses-011/scripts
cmdline mri_coreg --s sub-05_ses-011 --mov /localscratch/bpinsard.41451881.0/freesurfer_crosssectional_autorecon3_sub05_ses011.job/sub-05_ses-011/mri/transforms/tmp.bbregister.149087/template.nii --regdat /localscratch/bpinsard.41451881.0/freesurfer_crosssectional_autorecon3_sub05_ses011.job/sub-05_ses-011/mri/transforms/tmp.bbregister.149087/reg.init.dat --reg /localscratch/bpinsard.41451881.0/freesurfer_crosssectional_autorecon3_sub05_ses011.job/sub-05_ses-011/mri/transforms/tmp.bbregister.149087/mri_coreg.lta --nthreads 4 --dof 6 --sep 4 --ftol .0001 --linmintol .01 --no-ref-mask 
sysname  Linux
hostname bc11940.int.ets1.calculquebec.ca
machine  x86_64
user     bpinsard
dof    6
nsep    1
cras0    1
ftol    0.000100
linmintol    0.010000
bf       1
bflim    30.000000
bfnsamp    30
SmoothRef 0
SatPct    99.990000
MovOOB 0
optschema 1
Seed 53
Reading in mov /localscratch/bpinsard.41451881.0/freesurfer_crosssectional_autorecon3_sub05_ses011.job/sub-05_ses-011/mri/transforms/tmp.bbregister.149087/template.nii
Reading in ref /localscratch/bpinsard.41451881.0/freesurfer_crosssectional_autorecon3_sub05_ses011.job/sub-05_ses-011/mri/brainmask.mgz
Setting cras translation parameters to align volume centers
Init matrix params -0.8000 -0.0000 -0.8000  0.0000  0.0000  0.0000  1.0000  1.0000  1.0000  0.0000  0.0000  0.0000 
Initial Matrix (RAS2RAS)
 1.00000   0.00000   0.00000   0.79999;
 0.00000   1.00000   0.00000   0.00001;
 0.00000   0.00000   1.00000   0.80000;
 0.00000   0.00000   0.00000   1.00000;
Initial parameters to be opt -0.8000 -0.0000 -0.8000  0.0000  0.0000  0.0000 
Creating random numbers for coordinate dithering
Performing intensity dithering
Performing intensity dithering on mov with computed dither
Separation list (1):  4   min = 4
DoSmoothing 1
DoCoordDither 1
DoIntensityDither 1
nitersmax 4
ftol 1.000e-04
linmintol 1.000e-02
SatPct 99.990000
Hist FWHM 7.000000 7.000000
nthreads 4
movsat = 7173.6665
mov gstd 1.9140 1.9140 1.9140
Smoothing mov
refsat = 127.0000
ref gstd 1.9140 1.9140 1.9140
Smoothing ref
COREGpreproc() done
Testing if mov and target overlap
Init cost   -1.0247812509
nhits = 309411 out of 32768000, Percent Overlap:  60.4
Initial  RefRAS-to-MovRAS
 1.00000   0.00000   0.00000  -0.79999;
 0.00000   1.00000   0.00000  -0.00001;
 0.00000   0.00000   1.00000  -0.80000;
 0.00000   0.00000   0.00000   1.00000;
Initial  RefVox-to-MovVox
-1.00000   0.00000   0.00000   263.00003;
 0.00000   0.00000   0.99999  -9.99909;
 0.00000  -0.99999   0.00000   318.99908;
 0.00000   0.00000   0.00000   1.00000;
sep = 4 -----------------------------------
COREGoptBruteForce() 30 1 30
Turning on MovOOB for BruteForce Search
#BF# sep= 4 iter=0 lim=30.0 delta=2.00  -0.79999  -0.00001  19.20000  10.00000   0.00000   2.00000   -1.0269292
Turning  MovOOB back off after brute force search


---------------------------------
Init Powel Params dof = 6: -0.799988 -0.000008 19.200005 10.000000 0.000000 2.000000 
Starting OpenPowel2(), sep = 4
InitialCost        -1.0282462835 
#@#  4  188  -0.79999 -0.00001 19.20000 10.00000 0.00000 2.00000   -1.0282463
fs_powell::minimize
  nparams 6
  maxfev 4
  ftol   0.000100
  linmin_xtol_   0.010000
  powell nthiter 0: fret = -1.028246
#@#  4  190  0.20001 -0.00001 19.20000 10.00000 0.00000 2.00000   -1.0282500
#@#  4  194  -0.18195 -0.00001 19.20000 10.00000 0.00000 2.00000   -1.0282543
#@#  4  195  -0.22824 -0.00001 19.20000 10.00000 0.00000 2.00000   -1.0282544
#@#  4  196  -0.26878 -0.00001 19.20000 10.00000 0.00000 2.00000   -1.0282545
#@#  4  205  -0.24878 -1.61804 19.20000 10.00000 0.00000 2.00000   -1.0283433
#@#  4  206  -0.24878 -7.11593 19.20000 10.00000 0.00000 2.00000   -1.0283436
#@#  4  207  -0.24878 -4.36980 19.20000 10.00000 0.00000 2.00000   -1.0283852
#@#  4  217  -0.24878 -4.39035 19.20000 10.00000 0.00000 2.00000   -1.0283853
#@#  4  220  -0.24878 -4.40035 20.20000 10.00000 0.00000 2.00000   -1.0284420
#@#  4  225  -0.24878 -4.40035 20.25462 10.00000 0.00000 2.00000   -1.0284421
#@#  4  230  -0.24878 -4.40035 20.24462 8.38197 0.00000 2.00000   -1.0284466
#@#  4  231  -0.24878 -4.40035 20.24462 9.02663 0.00000 2.00000   -1.0284531
#@#  4  235  -0.24878 -4.40035 20.24462 9.11082 0.00000 2.00000   -1.0284534
#@#  4  242  -0.24878 -4.40035 20.24462 9.12082 -0.61803 2.00000   -1.0284543
#@#  4  257  -0.24878 -4.40035 20.24462 9.12082 -0.55845 1.72009   -1.0284556
  powell nthiter 1: fret = -1.028456
#@#  4  269  -0.23299 -4.40035 20.24462 9.12082 -0.55845 1.72009   -1.0284559
#@#  4  278  -0.23299 -4.01838 20.24462 9.12082 -0.55845 1.72009   -1.0284578
#@#  4  292  -0.23299 -4.03838 20.07626 9.12082 -0.55845 1.72009   -1.0284579
#@#  4  293  -0.23299 -4.03838 20.15008 9.12082 -0.55845 1.72009   -1.0284580
#@#  4  294  -0.23299 -4.03838 20.14008 9.12082 -0.55845 1.72009   -1.0284581
#@#  4  303  -0.23299 -4.03838 20.13008 8.92313 -0.55845 1.72009   -1.0284597
#@#  4  317  -0.23299 -4.03838 20.13008 8.89556 -0.48564 1.72009   -1.0284599
Powell done niters total = 1
OptTimeSec 14.7 sec
OptTimeMin  0.24 min
nEvals 333
Final optimized parameters  -0.23298554  -4.03838491  20.13007736   8.89556026  -0.50581104   1.74460626 
Final matrix parameters -0.2330 -4.0384 20.1301  8.8956 -0.5058  1.7645  1.0000  1.0000  1.0000  0.0000  0.0000  0.0000 
Final cost   -1.028459920853951
 

---------------------------------
Final  RefRAS-to-MovRAS
 0.99950   0.03044  -0.00883  -0.23299;
-0.02871   0.98756   0.15463  -4.03838;
 0.01343  -0.15430   0.98793   20.13008;
 0.00000   0.00000   0.00000   1.00000;
Final  RefVox-to-MovVox
-0.99950   0.00883   0.03044   258.27405;
 0.02871  -0.15463   0.98755   6.13964;
-0.01343  -0.98793  -0.15430   365.57233;
 0.00000   0.00000   0.00000   1.00000;
Final matrix parameters -0.2330 -4.0384 20.1301  8.8956 -0.5058  1.7446  0.0000  0.0000  0.0000  0.0000  0.0000  0.0000 
Final opt parameters -0.2330 -4.0384 20.1301  8.8956 -0.5058  1.7446 
nhits = 286133 out of 32768000, Percent Overlap:  55.9
mri_coreg RunTimeSec 109.7 sec
To check run:
   tkregisterfv --mov /localscratch/bpinsard.41451881.0/freesurfer_crosssectional_autorecon3_sub05_ses011.job/sub-05_ses-011/mri/transforms/tmp.bbregister.149087/template.nii --targ /localscratch/bpinsard.41451881.0/freesurfer_crosssectional_autorecon3_sub05_ses011.job/sub-05_ses-011/mri/brainmask.mgz --reg /localscratch/bpinsard.41451881.0/freesurfer_crosssectional_autorecon3_sub05_ses011.job/sub-05_ses-011/mri/transforms/tmp.bbregister.149087/mri_coreg.lta --s sub-05_ses-011 --surfs 

mri_coreg done

mri_segreg --mov /localscratch/bpinsard.41451881.0/freesurfer_crosssectional_autorecon3_sub05_ses011.job/sub-05_ses-011/mri/transforms/tmp.bbregister.149087/template.nii --init-reg /localscratch/bpinsard.41451881.0/freesurfer_crosssectional_autorecon3_sub05_ses011.job/sub-05_ses-011/mri/transforms/tmp.bbregister.149087/reg.init.dat --out-reg /localscratch/bpinsard.41451881.0/freesurfer_crosssectional_autorecon3_sub05_ses011.job/sub-05_ses-011/mri/transforms/tmp.bbregister.149087/bbr.pass1.dat --subsamp-brute 100 --subsamp 100 --tol 1e-4 --tol1d 1e-3 --brute -4 4 4 --surf white --gm-proj-abs 2 --gm-gt-wm 0.5
7.4.1
setenv SUBJECTS_DIR /localscratch/bpinsard.41451881.0/freesurfer_crosssectional_autorecon3_sub05_ses011.job
cd /localscratch/bpinsard.41451881.0/freesurfer_crosssectional_autorecon3_sub05_ses011.job/sub-05_ses-011/scripts
mri_segreg --mov /localscratch/bpinsard.41451881.0/freesurfer_crosssectional_autorecon3_sub05_ses011.job/sub-05_ses-011/mri/transforms/tmp.bbregister.149087/template.nii --init-reg /localscratch/bpinsard.41451881.0/freesurfer_crosssectional_autorecon3_sub05_ses011.job/sub-05_ses-011/mri/transforms/tmp.bbregister.149087/reg.init.dat --out-reg /localscratch/bpinsard.41451881.0/freesurfer_crosssectional_autorecon3_sub05_ses011.job/sub-05_ses-011/mri/transforms/tmp.bbregister.149087/bbr.pass1.dat --subsamp-brute 100 --subsamp 100 --tol 1e-4 --tol1d 1e-3 --brute -4 4 4 --surf white --gm-proj-abs 2 --gm-gt-wm 0.5 
sysname  Linux
hostname bc11940.int.ets1.calculquebec.ca
machine  x86_64
user     bpinsard
movvol /localscratch/bpinsard.41451881.0/freesurfer_crosssectional_autorecon3_sub05_ses011.job/sub-05_ses-011/mri/transforms/tmp.bbregister.149087/template.nii
regfile /localscratch/bpinsard.41451881.0/freesurfer_crosssectional_autorecon3_sub05_ses011.job/sub-05_ses-011/mri/transforms/tmp.bbregister.149087/reg.init.dat
subject sub-05_ses-011
dof 6
outregfile /localscratch/bpinsard.41451881.0/freesurfer_crosssectional_autorecon3_sub05_ses011.job/sub-05_ses-011/mri/transforms/tmp.bbregister.149087/bbr.pass1.dat
UseMask 0
UseLH 1
UseRH 1
nsubsamp 100
PenaltySign  -1
PenaltySlope 0.500000
PenaltyCenter 0.000000
surfname white
GMProjAbs 2.000000
WMProjAbs 2.000000
lhcostfile (null)
rhcostfile (null)
interp  trilinear (1)
frame  0
TolPowell 0.000100
nMaxItersPowell 36
n1dmin  3
Profile   0
Gdiag_no  -1
AddNoise  0 (0)
SynthSeed 1696832227
TransRandMax 0.000000
RotRandMax 0.000000
Translations 0.000000 0.000000 0.000000
Rotations   0.000000 0.000000 0.000000
Input reg
-0.99950  -0.03044   0.00883  -0.51029;
 0.01343  -0.15430   0.98793   16.53482;
 0.02871  -0.98756  -0.15463   4.79884;
 0.00000   0.00000   0.00000   1.00000;

Loading mov
ExcludeZeroVoxels 1
Reading in targ vol /localscratch/bpinsard.41451881.0/freesurfer_crosssectional_autorecon3_sub05_ses011.job/sub-05_ses-011/mri/orig.mgz
Projecting LH Surfs
Loading lh.white surf
GM Proj: 0 0.500000 2.000000
WM Proj: 0 0.500000 2.000000
Projecting RH Surfs
Loading rh.white surf
Projecting RH Surfs
Using lh.cortex.label
Using rh.cortex.label
Computing relative cost
 0  -25.0 -25.0 -25.0   1.016794
 1  -25.0 -25.0  25.0   1.024335
 2  -25.0  25.0 -25.0   0.998192
 3  -25.0  25.0  25.0   1.004055
 4   25.0 -25.0 -25.0   1.001479
 5   25.0 -25.0  25.0   1.008309
 6   25.0  25.0 -25.0   1.052434
 7   25.0  25.0  25.0   0.961531
REL:  8  0.975027    8.067129  1.008391 rel = 0.966914 
Initial costs ----------------
Number of surface hits 4133
WM  Intensity  1207.7316 +/- 713.1587
Ctx Intensity  1203.0716 +/- 713.5555
Pct Contrast     -0.3149 +/-  48.8645
Cost   0.9750
RelCost   0.9669


WARNING: initial G-W contrast is negative, but expecting positive.
If the mov data has a T1 contrast, re-run with --T1



------------------------------------
Brute force preopt -4 4 4, n = 729
     0  -4.0000  -4.0000  -4.0000  -4.0000  -4.0000  -4.0000      0.9863   0.9863  0.0
     1  -4.0000  -4.0000  -4.0000  -4.0000  -4.0000   0.0000      0.9629   0.9629  0.0
     6  -4.0000  -4.0000  -4.0000  -4.0000   4.0000  -4.0000      0.9604   0.9604  0.0
    11  -4.0000  -4.0000  -4.0000   0.0000  -4.0000   4.0000      0.9451   0.9451  0.0
    28  -4.0000  -4.0000   0.0000  -4.0000  -4.0000   0.0000      0.9431   0.9431  0.0
    54  -4.0000  -4.0000   4.0000  -4.0000  -4.0000  -4.0000      0.9273   0.9273  0.0
   310   0.0000  -4.0000   4.0000   0.0000   0.0000   0.0000      0.9217   0.9217  0.0
   321   0.0000  -4.0000   4.0000   4.0000   4.0000  -4.0000      0.8979   0.8979  0.0
Brute Force --------------------------
Min cost was 0.897903
Number of iterations   729
Search time 2.955240 sec
Parameters at best (transmm, rotdeg)
  0.000  -4.000   4.000  4.000  4.000 -4.000 
--------------------------------------------

Starting Powell Minimization
Init Powel Params dof = 6
0 0
1 -4
2 4
3 4
4 4
5 -4
fs_powell::minimize
  nparams 6
  maxfev 36
  ftol   0.000100
  linmin_xtol_   0.001000
  powell nthiter 0: fret = 0.897903
   2  1.000 -4.000  4.000  4.000  4.000 -4.000   0.8911985799
   7  0.879 -4.000  4.000  4.000  4.000 -4.000   0.8896017666
   8  0.835 -4.000  4.000  4.000  4.000 -4.000   0.8884812337
  11  0.829 -4.000  4.000  4.000  4.000 -4.000   0.8883216076
  12  0.826 -4.000  4.000  4.000  4.000 -4.000   0.8882493711
  13  0.822 -4.000  4.000  4.000  4.000 -4.000   0.8882370845
  14  0.824 -4.000  4.000  4.000  4.000 -4.000   0.8882265448
  24  0.824 -3.983  4.000  4.000  4.000 -4.000   0.8876179021
  26  0.824 -3.967  4.000  4.000  4.000 -4.000   0.8872235507
  51  0.824 -3.967  4.000  4.010  4.000 -4.000   0.8871278289
  52  0.824 -3.967  4.000  4.009  4.000 -4.000   0.8871223187
  53  0.824 -3.967  4.000  4.008  4.000 -4.000   0.8871181138
  63  0.824 -3.967  4.000  4.008  4.153 -4.000   0.8866987863
  64  0.824 -3.967  4.000  4.008  4.241 -4.000   0.8864035815
  68  0.824 -3.967  4.000  4.008  4.228 -4.000   0.8861076593
  70  0.824 -3.967  4.000  4.008  4.229 -4.000   0.8861041410
  83  0.824 -3.967  4.000  4.008  4.229 -3.995   0.8860465055
  powell nthiter 1: fret = 0.886047
  93  0.687 -3.967  4.000  4.008  4.229 -3.995   0.8854814994
  94  0.691 -3.967  4.000  4.008  4.229 -3.995   0.8851611829
  96  0.714 -3.967  4.000  4.008  4.229 -3.995   0.8847019740
  97  0.708 -3.967  4.000  4.008  4.229 -3.995   0.8844665333
  98  0.706 -3.967  4.000  4.008  4.229 -3.995   0.8844562935
 110  0.706 -3.954  4.000  4.008  4.229 -3.995   0.8840827690
 111  0.706 -3.953  4.000  4.008  4.229 -3.995   0.8840785600
 112  0.706 -3.952  4.000  4.008  4.229 -3.995   0.8840781894
 121  0.706 -3.952  4.126  4.008  4.229 -3.995   0.8840584980
 122  0.706 -3.952  4.067  4.008  4.229 -3.995   0.8834436201
 124  0.706 -3.952  4.074  4.008  4.229 -3.995   0.8833423794
 125  0.706 -3.952  4.094  4.008  4.229 -3.995   0.8829366023
 128  0.706 -3.952  4.096  4.008  4.229 -3.995   0.8829303357
 136  0.706 -3.952  4.096  4.390  4.229 -3.995   0.8817069933
 137  0.706 -3.952  4.096  4.284  4.229 -3.995   0.8783000794
 139  0.706 -3.952  4.096  4.255  4.229 -3.995   0.8778876621
 140  0.706 -3.952  4.096  4.251  4.229 -3.995   0.8777176536
 141  0.706 -3.952  4.096  4.236  4.229 -3.995   0.8777029798
 142  0.706 -3.952  4.096  4.244  4.229 -3.995   0.8775556004
 143  0.706 -3.952  4.096  4.245  4.229 -3.995   0.8775482397
 169  0.706 -3.952  4.096  4.245  4.229 -3.989   0.8774426253
 170  0.706 -3.952  4.096  4.245  4.229 -3.987   0.8774417597
  powell nthiter 2: fret = 0.877442
 181  0.701 -3.952  4.096  4.245  4.229 -3.987   0.8773605309
 184  0.699 -3.952  4.096  4.245  4.229 -3.987   0.8773569439
 194  0.699 -3.922  4.096  4.245  4.229 -3.987   0.8768968983
 196  0.699 -3.924  4.096  4.245  4.229 -3.987   0.8768813628
 197  0.699 -3.935  4.096  4.245  4.229 -3.987   0.8768182042
 199  0.699 -3.931  4.096  4.245  4.229 -3.987   0.8768131470
 200  0.699 -3.932  4.096  4.245  4.229 -3.987   0.8768064434
 201  0.699 -3.933  4.096  4.245  4.229 -3.987   0.8768063598
 209  0.699 -3.933  4.134  4.245  4.229 -3.987   0.8760714316
 212  0.699 -3.933  4.141  4.245  4.229 -3.987   0.8760405215
 214  0.699 -3.933  4.138  4.245  4.229 -3.987   0.8760215953
 227  0.699 -3.933  4.138  4.247  4.229 -3.987   0.8760031563
 239  0.699 -3.933  4.138  4.247  4.232 -3.987   0.8759956075
 253  0.699 -3.933  4.138  4.247  4.232 -3.988   0.8759878974
 254  0.699 -3.933  4.138  4.247  4.232 -3.990   0.8759842274
  powell nthiter 3: fret = 0.875984
 265  0.694 -3.933  4.138  4.247  4.232 -3.990   0.8759200562
 267  0.693 -3.933  4.138  4.247  4.232 -3.990   0.8759182318
 280  0.693 -3.934  4.138  4.247  4.232 -3.990   0.8759161142
 292  0.693 -3.934  4.136  4.247  4.232 -3.990   0.8759005889
 307  0.693 -3.934  4.136  4.248  4.232 -3.990   0.8758963233
 318  0.693 -3.934  4.136  4.248  4.237 -3.990   0.8758921324
 319  0.693 -3.934  4.136  4.248  4.235 -3.990   0.8758867225
 333  0.693 -3.934  4.136  4.248  4.235 -3.994   0.8758436953
 336  0.688 -3.935  4.133  4.250  4.237 -3.998   0.8757555940
 341  0.684 -3.936  4.132  4.251  4.239 -4.000   0.8757487069
 343  0.686 -3.936  4.132  4.251  4.238 -3.999   0.8757456705
 344  0.685 -3.936  4.132  4.251  4.238 -3.999   0.8757452559
  powell nthiter 4: fret = 0.875745
 374  0.685 -3.935  4.132  4.251  4.238 -3.999   0.8757384016
 387  0.685 -3.935  4.133  4.251  4.238 -3.999   0.8757272737
 388  0.685 -3.935  4.135  4.251  4.238 -3.999   0.8757240690
 401  0.685 -3.935  4.135  4.249  4.238 -3.999   0.8757238964
 413  0.685 -3.935  4.135  4.249  4.236 -3.999   0.8757174246
 416  0.685 -3.935  4.135  4.249  4.237 -3.999   0.8757153116
 422  0.683 -3.935  4.134  4.250  4.238 -4.001   0.8757018404
 423  0.682 -3.935  4.133  4.250  4.238 -4.002   0.8757016429
 424  0.683 -3.935  4.134  4.250  4.238 -4.001   0.8757014552
 425  0.683 -3.935  4.134  4.250  4.238 -4.001   0.8757005310
Powell done niters = 4
Computing relative cost
 0  -25.0 -25.0 -25.0   0.993529
 1  -25.0 -25.0  25.0   1.021763
 2  -25.0  25.0 -25.0   0.982518
 3  -25.0  25.0  25.0   0.980152
 4   25.0 -25.0 -25.0   1.000298
 5   25.0 -25.0  25.0   1.041416
 6   25.0  25.0 -25.0   1.000710
 7   25.0  25.0  25.0   1.001084
REL:  8  0.875701    8.021471  1.002684 rel = 0.873357 
Number of iterations     4
Min cost was 0.875701
Number of FunctionCalls   432
TolPowell 0.000100
nMaxItersPowell 36
OptimizationTime 1.816658 sec
Parameters at optimum (transmm)  0.68268 -3.93509  4.13358
Parameters at optimum (rotdeg)  4.25003  4.23807 -4.00144 
Final costs ----------------
Number of surface hits 4133
WM  Intensity  1115.3376 +/- 663.5588
Ctx Intensity  1175.3294 +/- 689.8589
Pct Contrast      5.0129 +/-  51.7018
Cost   0.8757
RelCost   0.9669
Reg at min cost was 
-0.99136  -0.10936   0.07236   1.74400;
 0.08064  -0.07323   0.99405   12.16381;
 0.10341  -0.99130  -0.08142   10.16588;
 0.00000   0.00000   0.00000   1.00000;

Writing optimal reg to /localscratch/bpinsard.41451881.0/freesurfer_crosssectional_autorecon3_sub05_ses011.job/sub-05_ses-011/mri/transforms/tmp.bbregister.149087/bbr.pass1.dat, type = 14 
Original Reg 
-0.99950  -0.03044   0.00883  -0.51029;
 0.01343  -0.15430   0.98793   16.53482;
 0.02871  -0.98756  -0.15463   4.79884;
 0.00000   0.00000   0.00000   1.00000;

Original Reg - Optimal Reg
-0.00813   0.07892  -0.06353  -2.25429;
-0.06721  -0.08106  -0.00612   4.37101;
-0.07470   0.00375  -0.07321  -5.36704;
 0.00000   0.00000   0.00000   0.00000;

Computing change in lh position
LH rmsDiffMean 12.437451
Computing change in rh position
Surface-RMS-Diff-mm 12.988001 3.286473 19.347503


WARNING: initial G-W contrast was negative, but expected positive.
If the mov data has a T1 contrast, re-run with --T1


mri_segreg done
mri_segreg --mov /localscratch/bpinsard.41451881.0/freesurfer_crosssectional_autorecon3_sub05_ses011.job/sub-05_ses-011/mri/transforms/tmp.bbregister.149087/template.nii --init-reg /localscratch/bpinsard.41451881.0/freesurfer_crosssectional_autorecon3_sub05_ses011.job/sub-05_ses-011/mri/transforms/tmp.bbregister.149087/bbr.pass1.dat --out-reg /localscratch/bpinsard.41451881.0/freesurfer_crosssectional_autorecon3_sub05_ses011.job/sub-05_ses-011/mri/transforms/T2raw.auto.dat --interp trilinear --wm-proj-abs 1 --tol 1e-8 --tol1d 1e-3 --c0 0 --mincost /localscratch/bpinsard.41451881.0/freesurfer_crosssectional_autorecon3_sub05_ses011.job/sub-05_ses-011/mri/transforms/T2raw.auto.dat.mincost --dof 6 --nmax 36 --param /localscratch/bpinsard.41451881.0/freesurfer_crosssectional_autorecon3_sub05_ses011.job/sub-05_ses-011/mri/transforms/T2raw.auto.dat.param --surf white --brute -0.1 0.1 0.1 --cur-reg /localscratch/bpinsard.41451881.0/freesurfer_crosssectional_autorecon3_sub05_ses011.job/sub-05_ses-011/mri/transforms/tmp.bbregister.149087/reg.curopt.dat --gm-proj-abs 2 --nsub 1 --gm-gt-wm 0.5
7.4.1
setenv SUBJECTS_DIR /localscratch/bpinsard.41451881.0/freesurfer_crosssectional_autorecon3_sub05_ses011.job
cd /localscratch/bpinsard.41451881.0/freesurfer_crosssectional_autorecon3_sub05_ses011.job/sub-05_ses-011/scripts
mri_segreg --mov /localscratch/bpinsard.41451881.0/freesurfer_crosssectional_autorecon3_sub05_ses011.job/sub-05_ses-011/mri/transforms/tmp.bbregister.149087/template.nii --init-reg /localscratch/bpinsard.41451881.0/freesurfer_crosssectional_autorecon3_sub05_ses011.job/sub-05_ses-011/mri/transforms/tmp.bbregister.149087/bbr.pass1.dat --out-reg /localscratch/bpinsard.41451881.0/freesurfer_crosssectional_autorecon3_sub05_ses011.job/sub-05_ses-011/mri/transforms/T2raw.auto.dat --interp trilinear --wm-proj-abs 1 --tol 1e-8 --tol1d 1e-3 --c0 0 --mincost /localscratch/bpinsard.41451881.0/freesurfer_crosssectional_autorecon3_sub05_ses011.job/sub-05_ses-011/mri/transforms/T2raw.auto.dat.mincost --dof 6 --nmax 36 --param /localscratch/bpinsard.41451881.0/freesurfer_crosssectional_autorecon3_sub05_ses011.job/sub-05_ses-011/mri/transforms/T2raw.auto.dat.param --surf white --brute -0.1 0.1 0.1 --cur-reg /localscratch/bpinsard.41451881.0/freesurfer_crosssectional_autorecon3_sub05_ses011.job/sub-05_ses-011/mri/transforms/tmp.bbregister.149087/reg.curopt.dat --gm-proj-abs 2 --nsub 1 --gm-gt-wm 0.5 
sysname  Linux
hostname bc11940.int.ets1.calculquebec.ca
machine  x86_64
user     bpinsard
movvol /localscratch/bpinsard.41451881.0/freesurfer_crosssectional_autorecon3_sub05_ses011.job/sub-05_ses-011/mri/transforms/tmp.bbregister.149087/template.nii
regfile /localscratch/bpinsard.41451881.0/freesurfer_crosssectional_autorecon3_sub05_ses011.job/sub-05_ses-011/mri/transforms/tmp.bbregister.149087/bbr.pass1.dat
subject sub-05_ses-011
dof 6
outregfile /localscratch/bpinsard.41451881.0/freesurfer_crosssectional_autorecon3_sub05_ses011.job/sub-05_ses-011/mri/transforms/T2raw.auto.dat
UseMask 0
UseLH 1
UseRH 1
nsubsamp 1
PenaltySign  -1
PenaltySlope 0.500000
PenaltyCenter 0.000000
surfname white
GMProjAbs 2.000000
WMProjAbs 1.000000
lhcostfile (null)
rhcostfile (null)
interp  trilinear (1)
frame  0
TolPowell 0.000000
nMaxItersPowell 36
n1dmin  3
Profile   0
Gdiag_no  -1
AddNoise  0 (0)
SynthSeed 1697658971
TransRandMax 0.000000
RotRandMax 0.000000
Translations 0.000000 0.000000 0.000000
Rotations   0.000000 0.000000 0.000000
Input reg
-0.99136  -0.10936   0.07236   1.74400;
 0.08064  -0.07323   0.99405   12.16381;
 0.10341  -0.99130  -0.08142   10.16588;
 0.00000   0.00000   0.00000   1.00000;

Loading mov
ExcludeZeroVoxels 1
Reading in targ vol /localscratch/bpinsard.41451881.0/freesurfer_crosssectional_autorecon3_sub05_ses011.job/sub-05_ses-011/mri/orig.mgz
Projecting LH Surfs
Loading lh.white surf
GM Proj: 0 0.500000 2.000000
WM Proj: 0 0.500000 1.000000
Projecting RH Surfs
Loading rh.white surf
Projecting RH Surfs
Using lh.cortex.label
Using rh.cortex.label
Computing relative cost
 0  -25.0 -25.0 -25.0   1.001050
 1  -25.0 -25.0  25.0   0.995391
 2  -25.0  25.0 -25.0   1.003026
 3  -25.0  25.0  25.0   1.002286
 4   25.0 -25.0 -25.0   0.990310
 5   25.0 -25.0  25.0   1.011426
 6   25.0  25.0 -25.0   1.013859
 7   25.0  25.0  25.0   1.003502
REL:  8  0.930687    8.020850  1.002606 rel = 0.928268 
Initial costs ----------------
Number of surface hits 412389
WM  Intensity  1144.3414 +/- 684.0551
Ctx Intensity  1172.0419 +/- 695.6154
Pct Contrast      2.2584 +/-  45.7685
Cost   0.9307
RelCost   0.9283

------------------------------------
Brute force preopt -0.1 0.1 0.1, n = 729
     0  -0.1000  -0.1000  -0.1000  -0.1000  -0.1000  -0.1000      0.9025   0.9025  0.0
     3  -0.1000  -0.1000  -0.1000  -0.1000   0.0000  -0.1000      0.9010   0.9010  0.0
     6  -0.1000  -0.1000  -0.1000  -0.1000   0.1000  -0.1000      0.9005   0.9005  0.0
    18  -0.1000  -0.1000  -0.1000   0.1000  -0.1000  -0.1000      0.8990   0.8990  0.0
    25  -0.1000  -0.1000  -0.1000   0.1000   0.1000   0.0000      0.8967   0.8967  0.0
    26  -0.1000  -0.1000  -0.1000   0.1000   0.1000   0.1000      0.8967   0.8967  0.0
    48  -0.1000  -0.1000   0.0000   0.1000   0.0000  -0.1000      0.8952   0.8952  0.0
    51  -0.1000  -0.1000   0.0000   0.1000   0.1000  -0.1000      0.8951   0.8951  0.0
    52  -0.1000  -0.1000   0.0000   0.1000   0.1000   0.0000      0.8948   0.8948  0.0
    78  -0.1000  -0.1000   0.1000   0.1000   0.1000  -0.1000      0.8936   0.8936  0.0
   291   0.0000  -0.1000   0.0000   0.1000   0.0000  -0.1000      0.8934   0.8934  0.0
   292   0.0000  -0.1000   0.0000   0.1000   0.0000   0.0000      0.8930   0.8930  0.0
   535   0.1000  -0.1000   0.0000   0.1000   0.0000   0.0000      0.8923   0.8923  0.0
Brute Force --------------------------
Min cost was 0.892284
Number of iterations   729
Search time 2.936066 sec
Parameters at best (transmm, rotdeg)
  0.100  -0.100   0.000  0.100  0.000  0.000 
--------------------------------------------

Starting Powell Minimization
Init Powel Params dof = 6
0 0.1
1 -0.1
2 0
3 0.1
4 0
5 0
fs_powell::minimize
  nparams 6
  maxfev 36
  ftol   0.000000
  linmin_xtol_   0.001000
  powell nthiter 0: fret = 0.932043
   3 -1.518 -0.100  0.000  0.100  0.000  0.000   0.9242794104
   8 -1.403 -0.100  0.000  0.100  0.000  0.000   0.9240259698
  11 -1.415 -0.100  0.000  0.100  0.000  0.000   0.9239903319
  14 -1.416 -0.100  0.000  0.100  0.000  0.000   0.9239897207
  19 -1.416 -1.718  0.000  0.100  0.000  0.000   0.9219580250
  20 -1.416 -1.250  0.000  0.100  0.000  0.000   0.9218429001
  22 -1.416 -0.811  0.000  0.100  0.000  0.000   0.9214812845
  28 -1.416 -0.796  0.000  0.100  0.000  0.000   0.9214471896
  30 -1.416 -0.798  0.000  0.100  0.000  0.000   0.9214459641
  36 -1.416 -0.798 -0.618  0.100  0.000  0.000   0.9204990084
  40 -1.416 -0.798 -0.627  0.100  0.000  0.000   0.9204983808
  41 -1.416 -0.798 -0.625  0.100  0.000  0.000   0.9204980360
  42 -1.416 -0.798 -0.623  0.100  0.000  0.000   0.9204976791
  43 -1.416 -0.798 -0.621  0.100  0.000  0.000   0.9204973937
  52 -1.416 -0.798 -0.620  0.251  0.000  0.000   0.9203970531
  53 -1.416 -0.798 -0.620  0.259  0.000  0.000   0.9203377000
  54 -1.416 -0.798 -0.620  0.344  0.000  0.000   0.9202678339
  55 -1.416 -0.798 -0.620  0.308  0.000  0.000   0.9202220157
  56 -1.416 -0.798 -0.620  0.311  0.000  0.000   0.9202217769
  58 -1.416 -0.798 -0.620  0.324  0.000  0.000   0.9202191634
  65 -1.416 -0.798 -0.620  0.324  1.000  0.000   0.9158435136
  68 -1.416 -0.798 -0.620  0.324  1.618  0.000   0.9156406198
  72 -1.416 -0.798 -0.620  0.324  1.529  0.000   0.9155566292
  74 -1.416 -0.798 -0.620  0.324  1.504  0.000   0.9155451373
  75 -1.416 -0.798 -0.620  0.324  1.503  0.000   0.9155411978
  76 -1.416 -0.798 -0.620  0.324  1.492  0.000   0.9155200991
  78 -1.416 -0.798 -0.620  0.324  1.493  0.000   0.9155193944
  79 -1.416 -0.798 -0.620  0.324  1.494  0.000   0.9155188908
  83 -1.416 -0.798 -0.620  0.324  1.494  1.000   0.9153964612
  87 -1.416 -0.798 -0.620  0.324  1.494  0.618   0.9148098504
  88 -1.416 -0.798 -0.620  0.324  1.494  0.715   0.9147379049
  89 -1.416 -0.798 -0.620  0.324  1.494  0.713   0.9147286987
  90 -1.416 -0.798 -0.620  0.324  1.494  0.672   0.9146481735
  93 -1.416 -0.798 -0.620  0.324  1.494  0.665   0.9146373577
  95 -1.416 -0.798 -0.620  0.324  1.494  0.666   0.9146360234
  97 -1.416 -0.798 -0.620  0.324  1.494  0.667   0.9146358753
  powell nthiter 1: fret = 0.914636
 104 -1.034 -0.798 -0.620  0.324  1.494  0.667   0.9139221116
 107 -1.027 -0.798 -0.620  0.324  1.494  0.667   0.9139210398
 109 -1.030 -0.798 -0.620  0.324  1.494  0.667   0.9139181666
 110 -1.031 -0.798 -0.620  0.324  1.494  0.667   0.9139172872
 116 -1.031 -1.416 -0.620  0.324  1.494  0.667   0.9113227311
 118 -1.031 -1.501 -0.620  0.324  1.494  0.667   0.9111796468
 122 -1.031 -1.491 -0.620  0.324  1.494  0.667   0.9111515417
 124 -1.031 -1.492 -0.620  0.324  1.494  0.667   0.9111515022
 132 -1.031 -1.492 -0.876  0.324  1.494  0.667   0.9110837662
 133 -1.031 -1.492 -0.787  0.324  1.494  0.667   0.9107989392
 144 -1.031 -1.492 -0.790  0.354  1.494  0.667   0.9107014707
 146 -1.031 -1.492 -0.790  0.366  1.494  0.667   0.9106657384
 162 -1.031 -1.492 -0.790  0.366  1.486  0.667   0.9106415941
 164 -1.031 -1.492 -0.790  0.366  1.487  0.667   0.9106392883
 165 -1.031 -1.492 -0.790  0.366  1.488  0.667   0.9106391806
 173 -1.031 -1.492 -0.790  0.366  1.488  0.549   0.9106116307
 174 -1.031 -1.492 -0.790  0.366  1.488  0.590   0.9105376688
 177 -1.031 -1.492 -0.790  0.366  1.488  0.587   0.9105341069
  powell nthiter 2: fret = 0.910534
 186 -0.649 -1.492 -0.790  0.366  1.488  0.587   0.9103261556
 187 -0.802 -1.492 -0.790  0.366  1.488  0.587   0.9101749045
 192 -0.805 -1.492 -0.790  0.366  1.488  0.587   0.9101738404
 205 -0.805 -1.471 -0.790  0.366  1.488  0.587   0.9101235302
 207 -0.805 -1.467 -0.790  0.366  1.488  0.587   0.9101176342
 208 -0.805 -1.465 -0.790  0.366  1.488  0.587   0.9101163106
 209 -0.805 -1.464 -0.790  0.366  1.488  0.587   0.9101159450
 217 -0.805 -1.464 -0.929  0.366  1.488  0.587   0.9096318061
 218 -0.805 -1.464 -0.996  0.366  1.488  0.587   0.9094742736
 220 -0.805 -1.464 -1.013  0.366  1.488  0.587   0.9094341393
 225 -0.805 -1.464 -1.012  0.366  1.488  0.587   0.9094333852
 233 -0.805 -1.464 -1.012  0.467  1.488  0.587   0.9093185019
 234 -0.805 -1.464 -1.012  0.457  1.488  0.587   0.9092790394
 235 -0.805 -1.464 -1.012  0.426  1.488  0.587   0.9091844988
 237 -0.805 -1.464 -1.012  0.419  1.488  0.587   0.9091703014
 238 -0.805 -1.464 -1.012  0.416  1.488  0.587   0.9091700412
 240 -0.805 -1.464 -1.012  0.417  1.488  0.587   0.9091699035
 249 -0.805 -1.464 -1.012  0.417  1.433  0.587   0.9090951056
 250 -0.805 -1.464 -1.012  0.417  1.435  0.587   0.9090928073
 251 -0.805 -1.464 -1.012  0.417  1.447  0.587   0.9090922729
 253 -0.805 -1.464 -1.012  0.417  1.441  0.587   0.9090845175
 255 -0.805 -1.464 -1.012  0.417  1.442  0.587   0.9090841173
 265 -0.805 -1.464 -1.012  0.417  1.442  0.575   0.9090743835
 266 -0.805 -1.464 -1.012  0.417  1.442  0.576   0.9090721593
 267 -0.805 -1.464 -1.012  0.417  1.442  0.579   0.9090680578
  powell nthiter 3: fret = 0.909068
 280 -0.765 -1.464 -1.012  0.417  1.442  0.579   0.9090649051
 281 -0.776 -1.464 -1.012  0.417  1.442  0.579   0.9090418206
 282 -0.785 -1.464 -1.012  0.417  1.442  0.579   0.9090351275
 283 -0.787 -1.464 -1.012  0.417  1.442  0.579   0.9090333723
 285 -0.788 -1.464 -1.012  0.417  1.442  0.579   0.9090329485
 293 -0.788 -1.584 -1.012  0.417  1.442  0.579   0.9089781806
 297 -0.788 -1.590 -1.012  0.417  1.442  0.579   0.9089653086
 298 -0.788 -1.618 -1.012  0.417  1.442  0.579   0.9089565159
 300 -0.788 -1.612 -1.012  0.417  1.442  0.579   0.9089450242
 301 -0.788 -1.604 -1.012  0.417  1.442  0.579   0.9089415805
 302 -0.788 -1.606 -1.012  0.417  1.442  0.579   0.9089404712
 326 -0.788 -1.606 -1.012  0.420  1.442  0.579   0.9089377136
 327 -0.788 -1.606 -1.012  0.421  1.442  0.579   0.9089373898
 337 -0.788 -1.606 -1.012  0.421  1.353  0.579   0.9088103131
 338 -0.788 -1.606 -1.012  0.421  1.357  0.579   0.9087929495
 339 -0.788 -1.606 -1.012  0.421  1.386  0.579   0.9087880794
 343 -0.788 -1.606 -1.012  0.421  1.387  0.579   0.9087871307
 344 -0.788 -1.606 -1.012  0.421  1.390  0.579   0.9087847822
 353 -0.788 -1.606 -1.012  0.421  1.390  0.539   0.9086926246
 356 -0.788 -1.606 -1.012  0.421  1.390  0.547   0.9086862726
 358 -0.788 -1.606 -1.012  0.421  1.390  0.559   0.9086733244
  powell nthiter 4: fret = 0.908673
 372 -0.789 -1.606 -1.012  0.421  1.390  0.560   0.9086701090
 376 -0.790 -1.606 -1.012  0.421  1.390  0.560   0.9086697400
 385 -0.790 -1.596 -1.012  0.421  1.390  0.560   0.9086684196
 386 -0.790 -1.597 -1.012  0.421  1.390  0.560   0.9086664851
 387 -0.790 -1.600 -1.012  0.421  1.390  0.560   0.9086648282
 390 -0.790 -1.601 -1.012  0.421  1.390  0.560   0.9086647725
 397 -0.790 -1.601 -1.055  0.421  1.390  0.560   0.9086160526
 399 -0.790 -1.601 -1.042  0.421  1.390  0.560   0.9086028115
 401 -0.790 -1.601 -1.045  0.421  1.390  0.560   0.9086021263
 416 -0.790 -1.601 -1.044  0.419  1.390  0.560   0.9086002181
 417 -0.790 -1.601 -1.044  0.417  1.390  0.560   0.9085990600
 418 -0.790 -1.601 -1.044  0.412  1.390  0.560   0.9085976506
 419 -0.790 -1.601 -1.044  0.413  1.390  0.560   0.9085972134
 420 -0.790 -1.601 -1.044  0.414  1.390  0.560   0.9085971359
 430 -0.790 -1.601 -1.044  0.414  1.363  0.560   0.9085709328
 431 -0.790 -1.601 -1.044  0.414  1.364  0.560   0.9085675786
 432 -0.790 -1.601 -1.044  0.414  1.374  0.560   0.9085393230
 434 -0.790 -1.601 -1.044  0.414  1.376  0.560   0.9085376443
 435 -0.790 -1.601 -1.044  0.414  1.377  0.560   0.9085374953
 443 -0.790 -1.601 -1.044  0.414  1.377  0.532   0.9085050789
 445 -0.790 -1.601 -1.044  0.414  1.377  0.542   0.9084589423
 446 -0.790 -1.601 -1.044  0.414  1.377  0.544   0.9084526271
 448 -0.790 -1.601 -1.044  0.414  1.377  0.547   0.9084496812
  powell nthiter 5: fret = 0.908450
 462 -0.792 -1.601 -1.044  0.414  1.377  0.547   0.9084483935
 471 -0.792 -1.576 -1.044  0.414  1.377  0.547   0.9084279755
 475 -0.792 -1.579 -1.044  0.414  1.377  0.547   0.9084261689
 487 -0.792 -1.579 -1.043  0.414  1.377  0.547   0.9084259318
 488 -0.792 -1.579 -1.042  0.414  1.377  0.547   0.9084259007
 499 -0.792 -1.579 -1.042  0.428  1.377  0.547   0.9084111850
 503 -0.792 -1.579 -1.042  0.431  1.377  0.547   0.9084066478
 504 -0.792 -1.579 -1.042  0.433  1.377  0.547   0.9084065931
 506 -0.792 -1.579 -1.042  0.432  1.377  0.547   0.9084059538
 516 -0.792 -1.579 -1.042  0.432  1.371  0.547   0.9083927801
 517 -0.792 -1.579 -1.042  0.432  1.369  0.547   0.9083920590
 518 -0.792 -1.579 -1.042  0.432  1.368  0.547   0.9083918731
 520 -0.792 -1.579 -1.042  0.432  1.367  0.547   0.9083916609
 530 -0.792 -1.579 -1.042  0.432  1.367  0.541   0.9083776620
  powell nthiter 6: fret = 0.908378
 542 -0.791 -1.579 -1.042  0.432  1.367  0.541   0.9083759326
 544 -0.788 -1.579 -1.042  0.432  1.367  0.541   0.9083722286
 545 -0.787 -1.579 -1.042  0.432  1.367  0.541   0.9083717442
 556 -0.787 -1.578 -1.042  0.432  1.367  0.541   0.9083713814
 557 -0.787 -1.577 -1.042  0.432  1.367  0.541   0.9083712250
 568 -0.787 -1.577 -1.055  0.432  1.367  0.541   0.9083508831
 569 -0.787 -1.577 -1.061  0.432  1.367  0.541   0.9083490396
 570 -0.787 -1.577 -1.060  0.432  1.367  0.541   0.9083486162
 584 -0.787 -1.577 -1.059  0.431  1.367  0.541   0.9083483415
 595 -0.787 -1.577 -1.059  0.431  1.366  0.541   0.9083463932
 596 -0.787 -1.577 -1.059  0.431  1.362  0.541   0.9083429397
 598 -0.787 -1.577 -1.059  0.431  1.363  0.541   0.9083427986
 611 -0.787 -1.577 -1.059  0.431  1.363  0.542   0.9083424408
  powell nthiter 7: fret = 0.908342
 623 -0.785 -1.577 -1.059  0.431  1.363  0.542   0.9083417681
 634 -0.785 -1.573 -1.059  0.431  1.363  0.542   0.9083391274
 635 -0.785 -1.571 -1.059  0.431  1.363  0.542   0.9083386272
 659 -0.785 -1.571 -1.059  0.436  1.363  0.542   0.9083349947
 672 -0.785 -1.571 -1.059  0.436  1.360  0.542   0.9083349432
 674 -0.785 -1.571 -1.059  0.436  1.361  0.542   0.9083341554
 686 -0.784 -1.566 -1.059  0.440  1.360  0.542   0.9083319369
 692 -0.785 -1.568 -1.059  0.438  1.360  0.542   0.9083311882
 693 -0.784 -1.567 -1.059  0.439  1.360  0.542   0.9083311596
 695 -0.785 -1.568 -1.059  0.439  1.360  0.542   0.9083311371
  powell nthiter 8: fret = 0.908331
 713 -0.784 -1.568 -1.059  0.438  1.360  0.542   0.9083307711
 734 -0.784 -1.568 -1.060  0.438  1.360  0.542   0.9083306771
 735 -0.784 -1.568 -1.061  0.438  1.360  0.542   0.9083305493
 750 -0.784 -1.568 -1.061  0.438  1.360  0.543   0.9083300675
 770 -0.783 -1.567 -1.061  0.439  1.360  0.543   0.9083300424
 771 -0.783 -1.567 -1.061  0.439  1.360  0.543   0.9083300129
 772 -0.783 -1.567 -1.061  0.439  1.360  0.543   0.9083299874
  powell nthiter 9: fret = 0.908330
 800 -0.783 -1.568 -1.061  0.439  1.360  0.543   0.9083299606
 845 -0.783 -1.567 -1.059  0.440  1.361  0.545   0.9083296729
 852 -0.783 -1.567 -1.059  0.440  1.361  0.545   0.9083296679
 854 -0.783 -1.567 -1.059  0.440  1.361  0.545   0.9083296054
  powell nthiter 10: fret = 0.908330
 879 -0.783 -1.568 -1.059  0.440  1.361  0.545   0.9083295725
 922 -0.783 -1.567 -1.059  0.441  1.360  0.545   0.9083294086
 923 -0.783 -1.567 -1.059  0.441  1.360  0.545   0.9083293831
 925 -0.783 -1.567 -1.059  0.440  1.361  0.545   0.9083293622
 927 -0.783 -1.567 -1.059  0.440  1.361  0.545   0.9083293555
 929 -0.783 -1.567 -1.059  0.440  1.361  0.545   0.9083293453
 930 -0.783 -1.567 -1.059  0.440  1.361  0.545   0.9083293331
 932 -0.783 -1.567 -1.059  0.441  1.360  0.545   0.9083292694
 939 -0.783 -1.567 -1.059  0.441  1.360  0.545   0.9083292361
 945 -0.783 -1.567 -1.059  0.441  1.360  0.545   0.9083292282
  powell nthiter 11: fret = 0.908329
 994 -0.783 -1.567 -1.059  0.441  1.360  0.546   0.9083292065
1015 -0.783 -1.567 -1.059  0.442  1.360  0.546   0.9083291086
1019 -0.783 -1.567 -1.059  0.442  1.360  0.546   0.9083291045
  powell nthiter 12: fret = 0.908329
1031 -0.781 -1.567 -1.059  0.442  1.360  0.546   0.9083285601
1066 -0.781 -1.567 -1.059  0.442  1.360  0.547   0.9083282579
1101 -0.781 -1.567 -1.059  0.442  1.360  0.547   0.9083282211
1103 -0.781 -1.567 -1.059  0.442  1.360  0.547   0.9083282104
1109 -0.781 -1.567 -1.059  0.442  1.360  0.547   0.9083282024
1110 -0.781 -1.567 -1.059  0.442  1.360  0.547   0.9083281912
1112 -0.781 -1.567 -1.059  0.442  1.360  0.547   0.9083281710
  powell nthiter 13: fret = 0.908328
Powell done niters = 13
Computing relative cost
 0  -25.0 -25.0 -25.0   0.992251
 1  -25.0 -25.0  25.0   0.987727
 2  -25.0  25.0 -25.0   0.995585
 3  -25.0  25.0  25.0   0.995451
 4   25.0 -25.0 -25.0   1.000760
 5   25.0 -25.0  25.0   1.001842
 6   25.0  25.0 -25.0   1.014198
 7   25.0  25.0  25.0   0.996808
REL:  8  0.908328    7.984623  0.998078 rel = 0.910078 
Number of iterations    13
Min cost was 0.908328
Number of FunctionCalls  1191
TolPowell 0.000000
nMaxItersPowell 36
OptimizationTime 184.280998 sec
Parameters at optimum (transmm) -0.78102 -1.56742 -1.05944
Parameters at optimum (rotdeg)  0.44152  1.36013  0.54701 
Final costs ----------------
Number of surface hits 412389
WM  Intensity  1123.5792 +/- 671.7565
Ctx Intensity  1159.1157 +/- 686.2417
Pct Contrast      2.9569 +/-  45.4240
Cost   0.9083
RelCost   0.9283
Reg at min cost was 
-0.98933  -0.13224   0.06109   1.09054;
 0.07039  -0.06686   0.99528   10.53611;
 0.12753  -0.98896  -0.07545   9.15559;
 0.00000   0.00000   0.00000   1.00000;

Writing optimal reg to /localscratch/bpinsard.41451881.0/freesurfer_crosssectional_autorecon3_sub05_ses011.job/sub-05_ses-011/mri/transforms/T2raw.auto.dat, type = 14 
Original Reg 
-0.99136  -0.10936   0.07236   1.74400;
 0.08064  -0.07323   0.99405   12.16381;
 0.10341  -0.99130  -0.08142   10.16588;
 0.00000   0.00000   0.00000   1.00000;

Original Reg - Optimal Reg
-0.00203   0.02288   0.01127   0.65346;
 0.01024  -0.00638  -0.00123   1.62770;
-0.02412  -0.00234  -0.00597   1.01029;
 0.00000   0.00000   0.00000   0.00000;

Computing change in lh position
LH rmsDiffMean 2.436465
Computing change in rh position
Surface-RMS-Diff-mm 2.381480 0.233437 3.041568
mri_segreg done
MinCost: 0.908328 1123.579237 1159.115705 2.956856 
tkregister2_cmdl --mov /localscratch/bpinsard.41451881.0/freesurfer_crosssectional_autorecon3_sub05_ses011.job/sub-05_ses-011/mri/orig/T2raw.mgz --reg /localscratch/bpinsard.41451881.0/freesurfer_crosssectional_autorecon3_sub05_ses011.job/sub-05_ses-011/mri/transforms/T2raw.auto.dat --noedit --ltaout /localscratch/bpinsard.41451881.0/freesurfer_crosssectional_autorecon3_sub05_ses011.job/sub-05_ses-011/mri/transforms/T2raw.auto.lta
INFO: no target volume specified, assuming FreeSurfer orig volume.
target  volume orig
movable volume /localscratch/bpinsard.41451881.0/freesurfer_crosssectional_autorecon3_sub05_ses011.job/sub-05_ses-011/mri/orig/T2raw.mgz
reg file       /localscratch/bpinsard.41451881.0/freesurfer_crosssectional_autorecon3_sub05_ses011.job/sub-05_ses-011/mri/transforms/T2raw.auto.dat
LoadVol        0
ZeroCRAS       0
7.4.1
Diagnostic Level -1
---- Input registration matrix --------
-0.98933  -0.13224   0.06109   1.09054;
 0.07039  -0.06686   0.99528   10.53611;
 0.12753  -0.98896  -0.07545   9.15559;
 0.00000   0.00000   0.00000   1.00000;
float2int = 0
---------------------------------------
INFO: loading target /localscratch/bpinsard.41451881.0/freesurfer_crosssectional_autorecon3_sub05_ses011.job/sub-05_ses-011/mri/orig.mgz
INFO: target does not conform to COR format, so I'm going to
reslice to COR. This will not affect the final registration.
Ttarg: --------------------
-1.00000   0.00000   0.00000   128.00000;
 0.00000   0.00000   1.00000  -128.00000;
 0.00000  -1.00000   0.00000   128.00000;
 0.00000   0.00000   0.00000   1.00000;
INFO: loading movable /localscratch/bpinsard.41451881.0/freesurfer_crosssectional_autorecon3_sub05_ses011.job/sub-05_ses-011/mri/orig/T2raw.mgz
Tmov: --------------------
-0.80000   0.00000   0.00000   83.19952;
 0.00000   0.00000   0.80000  -128.00000;
 0.00000  -0.80000   0.00000   120.00000;
 0.00000   0.00000   0.00000   1.00000;
mkheaderreg = 0, float2int = 0
---- Input registration matrix --------
-0.98933  -0.13224   0.06109   1.09053;
 0.07039  -0.06686   0.99528   10.53613;
 0.12753  -0.98896  -0.07545   9.15560;
 0.00000   0.00000   0.00000   1.00000;
Determinant -0.999999
subject = sub-05_ses-011
RegMat ---------------------------
-0.98933  -0.13224   0.06109   1.09054;
 0.07039  -0.06686   0.99528   10.53611;
 0.12753  -0.98896  -0.07545   9.15559;
 0.00000   0.00000   0.00000   1.00000;
Cleaning up
 
Started at Sun Oct 8 05:32:20 UTC 2023 
Ended   at Sun Oct  8 05:37:41 UTC 2023
BBR-Run-Time-Sec 321
 
bbregister Done
To check results, run:
tkregisterfv --mov /localscratch/bpinsard.41451881.0/freesurfer_crosssectional_autorecon3_sub05_ses011.job/sub-05_ses-011/mri/orig/T2raw.mgz --reg /localscratch/bpinsard.41451881.0/freesurfer_crosssectional_autorecon3_sub05_ses011.job/sub-05_ses-011/mri/transforms/T2raw.auto.lta --surfs  --sd /localscratch/bpinsard.41451881.0/freesurfer_crosssectional_autorecon3_sub05_ses011.job
