/localscratch/bpinsard.41394484.0/freesurfer_crosssectional_autorecon1smriprep_skullstripautorecon2autorecon3_sub05_ses011.job/sub-05_ses-011/mri
/opt/freesurfer/bin/talairach_avi
--i orig_nu.mgz --xfm transforms/talairach.auto.xfm --atlas 3T18yoSchwartzReactN32_as_orig
talairach_avi 7.4.1
Linux bc11946.int.ets1.calculquebec.ca 3.10.0-1160.95.1.el7.x86_64 #1 SMP Mon Jul 24 13:59:37 UTC 2023 x86_64 x86_64 x86_64 GNU/Linux
Thu Oct  5 12:31:41 UTC 2023
mri_convert orig_nu.mgz talsrcimg.img 
reading from orig_nu.mgz...
TR=0.00, TE=0.00, TI=0.00, flip angle=0.00
i_ras = (-1, 0, 0)
j_ras = (0, 0, -1)
k_ras = (0, 1, 0)
writing to talsrcimg.img...
Analyze Output Matrix
-0.80000   0.00000   0.00000   128.59731;
 0.00000   0.00000   0.80000  -105.27631;
 0.00000  -0.80000   0.00000   125.73703;
 0.00000   0.00000   0.00000   1.00000;
--------------------
INFO: set hdr.hist.orient to -1
mpr2mni305 talsrcimg
Thu Oct  5 12:31:41 UTC 2023
/opt/freesurfer/bin/mpr2mni305 talsrcimg
mpr2mni305 7.4.1
target=3T18yoSchwartzReactN32_as_orig

---------------------------------------------------------------------
analyzeto4dfp talsrcimg -O0 -y
---------------------------------------------------------------------

freesurfer ifh2hdr.c
Thu Oct  5 12:31:42 2023
Writing: talsrcimg.4dfp.hdr
freesurfer analyzeto4dfp.c
Reading: talsrcimg.hdr
header size 348 bytes
hdr.dime.datatype	offset=70	value=2
hdr.dime.bitpix		offset=72	value=8
hdr.hist.orient		offset=252	value=-1
dimensionality     4
dimensions       320       320       320         1
Reading: talsrcimg.img
Writing: talsrcimg.4dfp.img
Writing: talsrcimg.4dfp.ifh
ifh2hdr talsrcimg -r0to202
ori=2

---------------------------------------------------------------------
gauss_4dfp talsrcimg 1.1
---------------------------------------------------------------------

freesurfer gauss_4dfp.c
Reading: talsrcimg.4dfp.img
Writing: talsrcimg_g11.4dfp.img
image dimensions 320 320 320 padded to 384 384 384
processing volume 1freesurfer ifh2hdr.c
Thu Oct  5 12:31:58 2023
Writing: talsrcimg_g11.4dfp.hdr

Writing: talsrcimg_g11.4dfp.ifh
including: talsrcimg.4dfp.img.rec in talsrcimg_g11.4dfp.img.rec

---------------------------------------------------------------------
imgreg_4dfp /opt/freesurfer/average/3T18yoSchwartzReactN32_as_orig none talsrcimg_g11 none talsrcimg_to_3T18yoSchwartzReactN32_as_orig_t4 4355
---------------------------------------------------------------------

freesurfer imgreg_4dfp.c
/opt/freesurfer/average/3T18yoSchwartzReactN32_as_orig.4dfp.img
       256       256       256         1
  1.000000  1.000000  1.000000
orientation T byte_order littleendian
Reading image: /opt/freesurfer/average/3T18yoSchwartzReactN32_as_orig.4dfp.img
dimensions:      256       256       256
mmppix:       1.0000   -1.0000   -1.0000
center:     128.0000 -129.0000 -129.0000
talsrcimg_g11.4dfp.img
       320       320       320         1
  0.799995  0.799995  0.799995
orientation T byte_order littleendian
Reading image: talsrcimg_g11.4dfp.img
dimensions:      320       320       320
mmppix:       0.8000   -0.8000   -0.8000
center:     127.9992 -128.7992 -128.7992
t4_read: open error in t4_sub.f l:  46 t4_file(1:l)talsrcimg_to_3T18yoSchwartzReactN32_as_orig_t4 
t4_read: transform initialized to I4
rotation matrix determinant  1.000000
image alignment mode   4355 decimal     1103 hex
   -7.5000  -45.0000  -45.0000 9539.8027   19.7932
    0.0000  -45.0000  -45.0000 9903.9336   19.7760
    7.5000  -45.0000  -45.0000 9425.2021   19.7864
   -7.5000  -37.5000  -45.0000 9558.9062   20.1819
    0.0000  -37.5000  -45.0000 9914.4551   20.1476
    7.5000  -37.5000  -45.0000 9438.9814   20.1565
   -7.5000  -30.0000  -45.000010096.6943   20.4345
    0.0000  -30.0000  -45.000010502.0781   20.3980
    7.5000  -30.0000  -45.0000 9948.0928   20.4035
   -7.5000  -22.5000  -45.000010632.9619   20.6601
    0.0000  -22.5000  -45.000011096.5449   20.6374
    7.5000  -22.5000  -45.000010454.6260   20.6400
   -7.5000  -15.0000  -45.000011261.7598   21.0858
    0.0000  -15.0000  -45.000011766.4150   21.0739
    7.5000  -15.0000  -45.000011060.9277   21.0750
   -7.5000   -7.5000  -45.000011917.9775   21.6461
    0.0000   -7.5000  -45.000012452.8516   21.6331
    7.5000   -7.5000  -45.000011724.3779   21.6379
   -7.5000    0.0000  -45.000012603.8936   22.3061
    0.0000    0.0000  -45.000013148.7568   22.2817
    7.5000    0.0000  -45.000012403.2451   22.2919
   -7.5000    7.5000  -45.000012352.0498   23.1861
    0.0000    7.5000  -45.000012863.7393   23.1408
    7.5000    7.5000  -45.000012150.3604   23.1498
   -7.5000   15.0000  -45.000012174.4463   24.2893
    0.0000   15.0000  -45.000012648.4883   24.2405
    7.5000   15.0000  -45.000011959.7070   24.2472
   -7.5000   22.5000  -45.000011889.0137   25.3915
    0.0000   22.5000  -45.000012363.4502   25.3674
    7.5000   22.5000  -45.000011693.6172   25.3737
   -7.5000   30.0000  -45.000011526.1865   26.4307
    0.0000   30.0000  -45.000011988.7207   26.4420
    7.5000   30.0000  -45.000011350.9414   26.4574
   -7.5000   37.5000  -45.000011500.8047   27.5283
    0.0000   37.5000  -45.000011970.6787   27.5565
    7.5000   37.5000  -45.000011327.6904   27.5794
   -7.5000   45.0000  -45.000010983.3701   28.2891
    0.0000   45.0000  -45.000011438.6416   28.3141
    7.5000   45.0000  -45.000010834.7588   28.3494
   -7.5000  -45.0000  -37.5000 9875.6230   19.7540
    0.0000  -45.0000  -37.500010269.0645   19.7354
    7.5000  -45.0000  -37.5000 9766.5801   19.7538
   -7.5000  -37.5000  -37.5000 9931.2920   20.1557
    0.0000  -37.5000  -37.500010331.4541   20.1236
    7.5000  -37.5000  -37.5000 9808.1523   20.1414
   -7.5000  -30.0000  -37.500010539.3701   20.4237
    0.0000  -30.0000  -37.500010997.8213   20.3897
    7.5000  -30.0000  -37.500010388.1719   20.4038
   -7.5000  -22.5000  -37.500011137.4307   20.6477
    0.0000  -22.5000  -37.500011653.0312   20.6272
    7.5000  -22.5000  -37.500010953.4258   20.6385
   -7.5000  -15.0000  -37.500011814.4365   21.0582
    0.0000  -15.0000  -37.500012360.9307   21.0477
    7.5000  -15.0000  -37.500011597.5186   21.0574
   -7.5000   -7.5000  -37.500012537.6504   21.6039
    0.0000   -7.5000  -37.500013103.0010   21.5903
    7.5000   -7.5000  -37.500012295.3984   21.6036
   -7.5000    0.0000  -37.500013280.6074   22.2649
    0.0000    0.0000  -37.500013860.9854   22.2398
    7.5000    0.0000  -37.500013019.6807   22.2583
   -7.5000    7.5000  -37.500013051.3428   23.1570
    0.0000    7.5000  -37.500013590.9492   23.1145
    7.5000    7.5000  -37.500012795.6396   23.1331
   -7.5000   15.0000  -37.500012875.7217   24.2750
    0.0000   15.0000  -37.500013401.7988   24.2306
    7.5000   15.0000  -37.500012623.4912   24.2475
   -7.5000   22.5000  -37.500012609.8232   25.3665
    0.0000   22.5000  -37.500013131.7764   25.3472
    7.5000   22.5000  -37.500012358.7139   25.3646
   -7.5000   30.0000  -37.500012246.5293   26.3802
    0.0000   30.0000  -37.500012750.8291   26.3938
    7.5000   30.0000  -37.500012001.2666   26.4192
   -7.5000   37.5000  -37.500012234.7588   27.4468
    0.0000   37.5000  -37.500012733.7520   27.4764
    7.5000   37.5000  -37.500011995.6748   27.5129
   -7.5000   45.0000  -37.500011700.3301   28.2068
    0.0000   45.0000  -37.500012192.8525   28.2318
    7.5000   45.0000  -37.500011475.7158   28.2805
   -7.5000  -45.0000  -30.000010396.7178   20.5300
    0.0000  -45.0000  -30.000010816.5283   20.5039
    7.5000  -45.0000  -30.000010294.9521   20.5286
   -7.5000  -37.5000  -30.000010486.2305   20.9493
    0.0000  -37.5000  -30.000010917.1650   20.9116
    7.5000  -37.5000  -30.000010372.5381   20.9347
   -7.5000  -30.0000  -30.000011182.6299   21.2558
    0.0000  -30.0000  -30.000011666.1553   21.2170
    7.5000  -30.0000  -30.000011033.4346   21.2357
   -7.5000  -22.5000  -30.000011848.6797   21.5114
    0.0000  -22.5000  -30.000012375.8613   21.4871
    7.5000  -22.5000  -30.000011668.0137   21.5065
   -7.5000  -15.0000  -30.000012583.8906   21.9532
    0.0000  -15.0000  -30.000013134.7617   21.9384
    7.5000  -15.0000  -30.000012349.7510   21.9599
   -7.5000   -7.5000  -30.000013371.3936   22.5345
    0.0000   -7.5000  -30.000013945.3643   22.5150
    7.5000   -7.5000  -30.000013089.2227   22.5399
   -7.5000    0.0000  -30.000014179.9355   23.2476
    0.0000    0.0000  -30.000014792.2695   23.2148
    7.5000    0.0000  -30.000013875.8740   23.2414
   -7.5000    7.5000  -30.000013973.8359   24.1829
    0.0000    7.5000  -30.000014558.4785   24.1342
    7.5000    7.5000  -30.000013672.4092   24.1586
   -7.5000   15.0000  -30.000013829.9180   25.3566
    0.0000   15.0000  -30.000014401.3672   25.3079
    7.5000   15.0000  -30.000013532.1064   25.3310
   -7.5000   22.5000  -30.000013548.7822   26.4906
    0.0000   22.5000  -30.000014118.3701   26.4687
    7.5000   22.5000  -30.000013250.2939   26.4989
   -7.5000   30.0000  -30.000013141.4258   27.5392
    0.0000   30.0000  -30.000013695.4854   27.5504
    7.5000   30.0000  -30.000012864.8750   27.5945
   -7.5000   37.5000  -30.000013141.1729   28.6398
    0.0000   37.5000  -30.000013709.3174   28.6662
    7.5000   37.5000  -30.000012873.9043   28.7242
   -7.5000   45.0000  -30.000012587.4902   29.4358
    0.0000   45.0000  -30.000013153.2891   29.4572
    7.5000   45.0000  -30.000012343.2705   29.5201
   -7.5000  -45.0000  -22.500010908.5371   21.1604
    0.0000  -45.0000  -22.500011337.4609   21.1281
    7.5000  -45.0000  -22.500010807.6689   21.1530
   -7.5000  -37.5000  -22.500011034.1309   21.5796
    0.0000  -37.5000  -22.500011478.5137   21.5336
    7.5000  -37.5000  -22.500010927.5703   21.5542
   -7.5000  -30.0000  -22.500011800.8682   21.8980
    0.0000  -30.0000  -22.500012277.7637   21.8511
    7.5000  -30.0000  -22.500011649.9902   21.8666
   -7.5000  -22.5000  -22.500012541.5771   22.1783
    0.0000  -22.5000  -22.500013065.4121   22.1472
    7.5000  -22.5000  -22.500012352.5479   22.1671
   -7.5000  -15.0000  -22.500013343.7871   22.6578
    0.0000  -15.0000  -22.500013906.8555   22.6376
    7.5000  -15.0000  -22.500013104.6680   22.6638
   -7.5000   -7.5000  -22.500014199.3516   23.2863
    0.0000   -7.5000  -22.500014791.2900   23.2614
    7.5000   -7.5000  -22.500013910.5430   23.2916
   -7.5000    0.0000  -22.500015086.5381   24.0457
    0.0000    0.0000  -22.500015712.2773   24.0062
    7.5000    0.0000  -22.500014767.1641   24.0343
   -7.5000    7.5000  -22.500014912.5352   25.0019
    0.0000    7.5000  -22.500015520.4736   24.9434
    7.5000    7.5000  -22.500014569.1387   24.9649
   -7.5000   15.0000  -22.500014790.3281   26.1998
    0.0000   15.0000  -22.500015399.0957   26.1411
    7.5000   15.0000  -22.500014432.3389   26.1610
   -7.5000   22.5000  -22.500014507.4727   27.3697
    0.0000   22.5000  -22.500015122.3984   27.3395
    7.5000   22.5000  -22.500014172.5400   27.3734
   -7.5000   30.0000  -22.500014085.5820   28.4655
    0.0000   30.0000  -22.500014690.9775   28.4719
    7.5000   30.0000  -22.500013771.9238   28.5267
   -7.5000   37.5000  -22.500014129.2070   29.6214
    0.0000   37.5000  -22.500014750.0459   29.6433
    7.5000   37.5000  -22.500013832.7520   29.7112
   -7.5000   45.0000  -22.500013524.6855   30.4471
    0.0000   45.0000  -22.500014144.1855   30.4645
    7.5000   45.0000  -22.500013271.7676   30.5294
   -7.5000  -45.0000  -15.000011391.3008   21.5868
    0.0000  -45.0000  -15.000011839.3691   21.5557
    7.5000  -45.0000  -15.000011293.1504   21.5738
   -7.5000  -37.5000  -15.000011529.2725   22.0010
    0.0000  -37.5000  -15.000011999.8418   21.9512
    7.5000  -37.5000  -15.000011423.0537   21.9634
   -7.5000  -30.0000  -15.000012354.9990   22.3129
    0.0000  -30.0000  -15.000012848.5566   22.2615
    7.5000  -30.0000  -15.000012199.6777   22.2688
   -7.5000  -22.5000  -15.000013178.7246   22.6076
    0.0000  -22.5000  -15.000013702.6982   22.5730
    7.5000  -22.5000  -15.000012981.1270   22.5848
   -7.5000  -15.0000  -15.000014063.5430   23.1228
    0.0000  -15.0000  -15.000014632.2432   23.1009
    7.5000  -15.0000  -15.000013826.1973   23.1198
   -7.5000   -7.5000  -15.000015004.3779   23.7970
    0.0000   -7.5000  -15.000015610.6709   23.7725
    7.5000   -7.5000  -15.000014720.7998   23.7960
   -7.5000    0.0000  -15.000015990.7852   24.5925
    0.0000    0.0000  -15.000016625.9492   24.5533
    7.5000    0.0000  -15.000015659.2930   24.5744
   -7.5000    7.5000  -15.000015835.8926   25.5554
    0.0000    7.5000  -15.000016452.3281   25.4921
    7.5000    7.5000  -15.000015476.7500   25.5043
   -7.5000   15.0000  -15.000015728.5000   26.7578
    0.0000   15.0000  -15.000016356.6543   26.6917
    7.5000   15.0000  -15.000015338.7422   26.7016
   -7.5000   22.5000  -15.000015468.5537   27.9582
    0.0000   22.5000  -15.000016101.9795   27.9213
    7.5000   22.5000  -15.000015104.2803   27.9451
   -7.5000   30.0000  -15.000015050.1924   29.1001
    0.0000   30.0000  -15.000015694.7734   29.1042
    7.5000   30.0000  -15.000014719.0840   29.1510
   -7.5000   37.5000  -15.000015109.1143   30.3135
    0.0000   37.5000  -15.000015793.1240   30.3348
    7.5000   37.5000  -15.000014821.3994   30.3913
   -7.5000   45.0000  -15.000014458.3008   31.1617
    0.0000   45.0000  -15.000015134.9072   31.1793
    7.5000   45.0000  -15.000014242.1807   31.2320
   -7.5000  -45.0000   -7.500011799.3359   21.7960
    0.0000  -45.0000   -7.500012269.3066   21.7713
    7.5000  -45.0000   -7.500011694.9873   21.7815
   -7.5000  -37.5000   -7.500011954.4668   22.2128
    0.0000  -37.5000   -7.500012443.3467   22.1674
    7.5000  -37.5000   -7.500011839.6270   22.1733
   -7.5000  -30.0000   -7.500012828.4199   22.5259
    0.0000  -30.0000   -7.500013333.0479   22.4784
    7.5000  -30.0000   -7.500012669.8613   22.4801
   -7.5000  -22.5000   -7.500013706.1416   22.8289
    0.0000  -22.5000   -7.500014248.9980   22.7979
    7.5000  -22.5000   -7.500013518.2080   22.8002
   -7.5000  -15.0000   -7.500014668.2764   23.3667
    0.0000  -15.0000   -7.500015255.3008   23.3485
    7.5000  -15.0000   -7.500014442.9316   23.3538
   -7.5000   -7.5000   -7.500015682.0498   24.0690
    0.0000   -7.5000   -7.500016301.5713   24.0495
    7.5000   -7.5000   -7.500015412.0391   24.0591
   -7.5000    0.0000   -7.500016756.4688   24.8903
    0.0000    0.0000   -7.500017411.7227   24.8570
    7.5000    0.0000   -7.500016429.9805   24.8685
   -7.5000    7.5000   -7.500016654.6113   25.8591
    0.0000    7.5000   -7.500017296.5898   25.8001
    7.5000    7.5000   -7.500016281.4414   25.8057
   -7.5000   15.0000   -7.500016602.1328   27.0683
    0.0000   15.0000   -7.500017258.5527   27.0052
    7.5000   15.0000   -7.500016206.7119   27.0079
   -7.5000   22.5000   -7.500016348.9033   28.2879
    0.0000   22.5000   -7.500016989.7520   28.2533
    7.5000   22.5000   -7.500016014.3799   28.2623
   -7.5000   30.0000   -7.500015938.7461   29.4525
    0.0000   30.0000   -7.500016587.8945   29.4594
    7.5000   30.0000   -7.500015635.6240   29.4857
   -7.5000   37.5000   -7.500016073.7402   30.6947
    0.0000   37.5000   -7.500016765.6758   30.7200
    7.5000   37.5000   -7.500015799.8369   30.7535
   -7.5000   45.0000   -7.500015416.4990   31.5553
    0.0000   45.0000   -7.500016111.7578   31.5774
    7.5000   45.0000   -7.500015192.0518   31.6159
   -7.5000  -45.0000    0.000012041.7861   21.9192
    0.0000  -45.0000    0.000012525.6328   21.9001
    7.5000  -45.0000    0.000011930.3975   21.9116
   -7.5000  -37.5000    0.000012243.1934   22.3504
    0.0000  -37.5000    0.000012728.4844   22.3124
    7.5000  -37.5000    0.000012119.4609   22.3223
   -7.5000  -30.0000    0.000013109.1650   22.6825
    0.0000  -30.0000    0.000013638.8047   22.6420
    7.5000  -30.0000    0.000012964.1719   22.6481
   -7.5000  -22.5000    0.000014014.4365   22.9932
    0.0000  -22.5000    0.000014576.0439   22.9680
    7.5000  -22.5000    0.000013833.8369   22.9709
   -7.5000  -15.0000    0.000015019.6494   23.5377
    0.0000  -15.0000    0.000015625.7705   23.5245
    7.5000  -15.0000    0.000014820.0264   23.5257
   -7.5000   -7.5000    0.000016107.8564   24.2508
    0.0000   -7.5000    0.000016730.4141   24.2363
    7.5000   -7.5000    0.000015877.4199   24.2416
   -7.5000    0.0000    0.000017270.2930   25.0958
    0.0000    0.0000    0.000017906.2070   25.0684
    7.5000    0.0000    0.000017006.0586   25.0798
   -7.5000    7.5000    0.000017267.6367   26.0830
    0.0000    7.5000    0.000017912.7832   26.0321
    7.5000    7.5000    0.000016967.5430   26.0422
   -7.5000   15.0000    0.000017388.6387   27.3180
    0.0000   15.0000    0.000018084.7734   27.2632
    7.5000   15.0000    0.000017061.4727   27.2707
   -7.5000   22.5000    0.000017214.0840   28.5456
    0.0000   22.5000    0.000017870.8457   28.5187
    7.5000   22.5000    0.000016926.0996   28.5257
   -7.5000   30.0000    0.000016767.1836   29.7058
    0.0000   30.0000    0.000017371.3184   29.7185
    7.5000   30.0000    0.000016499.4941   29.7357
   -7.5000   37.5000    0.000016949.9434   30.9399
    0.0000   37.5000    0.000017634.7344   30.9716
    7.5000   37.5000    0.000016641.9160   30.9972
   -7.5000   45.0000    0.000016327.8604   31.8077
    0.0000   45.0000    0.000017028.0762   31.8358
    7.5000   45.0000    0.000015979.7656   31.8754
   -7.5000  -45.0000    7.500011225.1729   21.8257
    0.0000  -45.0000    7.500011680.0010   21.8051
    7.5000  -45.0000    7.500011123.3018   21.8255
   -7.5000  -37.5000    7.500011481.6426   22.2696
    0.0000  -37.5000    7.500011956.7832   22.2341
    7.5000  -37.5000    7.500011378.0547   22.2537
   -7.5000  -30.0000    7.500012302.8086   22.6219
    0.0000  -30.0000    7.500012801.0586   22.5843
    7.5000  -30.0000    7.500012190.4004   22.5999
   -7.5000  -22.5000    7.500013160.2168   22.9350
    0.0000  -22.5000    7.500013670.5557   22.9122
    7.5000  -22.5000    7.500013031.1426   22.9248
   -7.5000  -15.0000    7.500014140.3877   23.4650
    0.0000  -15.0000    7.500014679.0664   23.4533
    7.5000  -15.0000    7.500013989.3164   23.4640
   -7.5000   -7.5000    7.500015228.8955   24.1615
    0.0000   -7.5000    7.500015799.1934   24.1463
    7.5000   -7.5000    7.500015038.4688   24.1612
   -7.5000    0.0000    7.500016422.7207   25.0059
    0.0000    0.0000    7.500017009.2695   24.9777
    7.5000    0.0000    7.500016182.8857   24.9985
   -7.5000    7.5000    7.500016565.4531   26.0043
    0.0000    7.5000    7.500017191.8535   25.9566
    7.5000    7.5000    7.500016250.7842   25.9775
   -7.5000   15.0000    7.500016869.2578   27.2584
    0.0000   15.0000    7.500017583.3828   27.2086
    7.5000   15.0000    7.500016448.2754   27.2276
   -7.5000   22.5000    7.500016868.7930   28.4788
    0.0000   22.5000    7.500017492.0078   28.4571
    7.5000   22.5000    7.500016373.8311   28.4766
   -7.5000   30.0000    7.500016367.2393   29.6144
    0.0000   30.0000    7.500016913.7656   29.6297
    7.5000   30.0000    7.500015887.0088   29.6582
   -7.5000   37.5000    7.500016388.4551   30.8117
    0.0000   37.5000    7.500017026.4746   30.8450
    7.5000   37.5000    7.500015924.5576   30.8859
   -7.5000   45.0000    7.500015721.7988   31.6777
    0.0000   45.0000    7.500016409.7773   31.7058
    7.5000   45.0000    7.500015299.2119   31.7605
   -7.5000  -45.0000   15.000010278.3545   21.7732
    0.0000  -45.0000   15.000010695.1328   21.7456
    7.5000  -45.0000   15.000010205.5273   21.7717
   -7.5000  -37.5000   15.000010558.5127   22.2175
    0.0000  -37.5000   15.000011015.8320   22.1776
    7.5000  -37.5000   15.000010510.2168   22.2020
   -7.5000  -30.0000   15.000011336.2979   22.5775
    0.0000  -30.0000   15.000011809.0029   22.5364
    7.5000  -30.0000   15.000011275.3311   22.5562
   -7.5000  -22.5000   15.000012158.4834   22.8932
    0.0000  -22.5000   15.000012651.6104   22.8674
    7.5000  -22.5000   15.000012073.2363   22.8880
   -7.5000  -15.0000   15.000013108.3408   23.4185
    0.0000  -15.0000   15.000013620.5752   23.4028
    7.5000  -15.0000   15.000012964.9180   23.4256
   -7.5000   -7.5000   15.000014168.7207   24.1085
    0.0000   -7.5000   15.000014704.4258   24.0877
    7.5000   -7.5000   15.000013949.3115   24.1142
   -7.5000    0.0000   15.000015319.8242   24.9529
    0.0000    0.0000   15.000015872.6816   24.9178
    7.5000    0.0000   15.000015016.3867   24.9463
   -7.5000    7.5000   15.000015477.5791   25.9549
    0.0000    7.5000   15.000016070.3193   25.9027
    7.5000    7.5000   15.000015129.0557   25.9288
   -7.5000   15.0000   15.000015743.4922   27.2144
    0.0000   15.0000   15.000016406.1895   27.1622
    7.5000   15.0000   15.000015330.7402   27.1869
   -7.5000   22.5000   15.000015739.9980   28.4267
    0.0000   22.5000   15.000016360.7334   28.4034
    7.5000   22.5000   15.000015254.0117   28.4357
   -7.5000   30.0000   15.000015375.4062   29.5495
    0.0000   30.0000   15.000015990.7354   29.5617
    7.5000   30.0000   15.000014872.8242   29.6089
   -7.5000   37.5000   15.000015450.2646   30.7281
    0.0000   37.5000   15.000016144.1182   30.7567
    7.5000   37.5000   15.000014974.5107   30.8188
   -7.5000   45.0000   15.000014788.5830   31.5882
    0.0000   45.0000   15.000015462.6953   31.6114
    7.5000   45.0000   15.000014394.3242   31.6788
   -7.5000  -45.0000   22.5000 9262.7686   21.7793
    0.0000  -45.0000   22.5000 9682.4873   21.7464
    7.5000  -45.0000   22.5000 9226.7041   21.7719
   -7.5000  -37.5000   22.5000 9578.0918   22.2096
    0.0000  -37.5000   22.500010011.3555   22.1625
    7.5000  -37.5000   22.5000 9542.4297   22.1835
   -7.5000  -30.0000   22.500010312.1475   22.5596
    0.0000  -30.0000   22.500010769.5234   22.5116
    7.5000  -30.0000   22.500010249.7637   22.5272
   -7.5000  -22.5000   22.500011066.1152   22.8777
    0.0000  -22.5000   22.500011547.9980   22.8460
    7.5000  -22.5000   22.500010991.0566   22.8663
   -7.5000  -15.0000   22.500011911.6992   23.4109
    0.0000  -15.0000   22.500012408.9893   23.3905
    7.5000  -15.0000   22.500011803.4326   23.4175
   -7.5000   -7.5000   22.500012865.0752   24.1103
    0.0000   -7.5000   22.500013375.6387   24.0850
    7.5000   -7.5000   22.500012722.3545   24.1162
   -7.5000    0.0000   22.500013940.7334   24.9533
    0.0000    0.0000   22.500014471.9668   24.9126
    7.5000    0.0000   22.500013725.1025   24.9416
   -7.5000    7.5000   22.500014124.0215   25.9456
    0.0000    7.5000   22.500014670.4141   25.8851
    7.5000    7.5000   22.500013870.8809   25.9072
   -7.5000   15.0000   22.500014365.2393   27.1905
    0.0000   15.0000   22.500014933.9072   27.1299
    7.5000   15.0000   22.500014072.8057   27.1503
   -7.5000   22.5000   22.500014303.0439   28.4014
    0.0000   22.5000   22.500014875.9658   28.3703
    7.5000   22.5000   22.500014009.1484   28.4053
   -7.5000   30.0000   22.500014028.2881   29.5359
    0.0000   30.0000   22.500014637.1104   29.5430
    7.5000   30.0000   22.500013751.0957   29.5999
   -7.5000   37.5000   22.500014199.1377   30.7273
    0.0000   37.5000   22.500014850.3584   30.7505
    7.5000   37.5000   22.500013938.5840   30.8209
   -7.5000   45.0000   22.500013666.0273   31.5844
    0.0000   45.0000   22.500014284.5596   31.6029
    7.5000   45.0000   22.500013448.4434   31.6702
   -7.5000  -45.0000   30.0000 8314.1699   22.0953
    0.0000  -45.0000   30.0000 8691.9980   22.0637
    7.5000  -45.0000   30.0000 8300.6172   22.0818
   -7.5000  -37.5000   30.0000 8625.5674   22.4725
    0.0000  -37.5000   30.0000 9005.3867   22.4214
    7.5000  -37.5000   30.0000 8598.5840   22.4330
   -7.5000  -30.0000   30.0000 9317.9033   22.8103
    0.0000  -30.0000   30.0000 9714.3438   22.7573
    7.5000  -30.0000   30.0000 9247.8770   22.7639
   -7.5000  -22.5000   30.000010016.5088   23.1356
    0.0000  -22.5000   30.000010430.8750   23.1002
    7.5000  -22.5000   30.0000 9943.4004   23.1117
   -7.5000  -15.0000   30.000010806.7100   23.6957
    0.0000  -15.0000   30.000011221.8887   23.6738
    7.5000  -15.0000   30.000010704.0850   23.6930
   -7.5000   -7.5000   30.000011683.1895   24.4274
    0.0000   -7.5000   30.000012128.2197   24.4029
    7.5000   -7.5000   30.000011566.2246   24.4268
   -7.5000    0.0000   30.000012660.9600   25.2832
    0.0000    0.0000   30.000013137.7266   25.2429
    7.5000    0.0000   30.000012510.1670   25.2642
   -7.5000    7.5000   30.000012840.7012   26.2353
    0.0000    7.5000   30.000013324.2090   26.1697
    7.5000    7.5000   30.000012660.2432   26.1813
   -7.5000   15.0000   30.000013065.2734   27.4628
    0.0000   15.0000   30.000013559.2988   27.3945
    7.5000   15.0000   30.000012843.7373   27.4041
   -7.5000   22.5000   30.000013045.4014   28.6969
    0.0000   22.5000   30.000013547.4453   28.6592
    7.5000   22.5000   30.000012811.9609   28.6835
   -7.5000   30.0000   30.000012848.8027   29.8719
    0.0000   30.0000   30.000013391.4844   29.8772
    7.5000   30.0000   30.000012661.9150   29.9258
   -7.5000   37.5000   30.000013014.6963   31.1118
    0.0000   37.5000   30.000013581.4570   31.1351
    7.5000   37.5000   30.000012849.1719   31.1937
   -7.5000   45.0000   30.000012554.0576   31.9919
    0.0000   45.0000   30.000013108.9541   32.0111
    7.5000   45.0000   30.000012413.5342   32.0654
   -7.5000  -45.0000   37.5000 7856.5312   22.9777
    0.0000  -45.0000   37.5000 8166.1069   22.9515
    7.5000  -45.0000   37.5000 7838.4131   22.9637
   -7.5000  -37.5000   37.5000 8145.9219   23.2678
    0.0000  -37.5000   37.5000 8453.8867   23.2190
    7.5000  -37.5000   37.5000 8102.0742   23.2261
   -7.5000  -30.0000   37.5000 8815.9404   23.6095
    0.0000  -30.0000   37.5000 9133.8770   23.5577
    7.5000  -30.0000   37.5000 8738.0771   23.5600
   -7.5000  -22.5000   37.5000 9496.0156   23.9476
    0.0000  -22.5000   37.5000 9845.4102   23.9137
    7.5000  -22.5000   37.5000 9408.8711   23.9166
   -7.5000  -15.0000   37.500010268.5371   24.5477
    0.0000  -15.0000   37.500010637.5850   24.5284
    7.5000  -15.0000   37.500010157.9736   24.5349
   -7.5000   -7.5000   37.500011116.4375   25.3308
    0.0000   -7.5000   37.500011526.5732   25.3106
    7.5000   -7.5000   37.500010998.7305   25.3220
   -7.5000    0.0000   37.500012042.5918   26.2216
    0.0000    0.0000   37.500012489.7490   26.1861
    7.5000    0.0000   37.500011906.6045   26.1995
   -7.5000    7.5000   37.500012169.3896   27.1153
    0.0000    7.5000   37.500012622.8398   27.0517
    7.5000    7.5000   37.500012016.0527   27.0584
   -7.5000   15.0000   37.500012332.4482   28.2984
    0.0000   15.0000   37.500012792.2012   28.2304
    7.5000   15.0000   37.500012159.0928   28.2342
   -7.5000   22.5000   37.500012318.8730   29.5170
    0.0000   22.5000   37.500012799.1416   29.4800
    7.5000   22.5000   37.500012131.4629   29.4909
   -7.5000   30.0000   37.500012174.0420   30.6920
    0.0000   30.0000   37.500012671.4736   30.7003
    7.5000   30.0000   37.500012004.7051   30.7304
   -7.5000   37.5000   37.500012348.4521   31.9487
    0.0000   37.5000   37.500012876.4102   31.9775
    7.5000   37.5000   37.500012195.0684   32.0153
   -7.5000   45.0000   37.500011926.9082   32.8422
    0.0000   45.0000   37.500012448.6680   32.8679
    7.5000   45.0000   37.500011804.4756   32.9111
   -7.5000  -45.0000   45.0000 7186.6650   24.2371
    0.0000  -45.0000   45.0000 7472.3276   24.2163
    7.5000  -45.0000   45.0000 7160.9009   24.2344
   -7.5000  -37.5000   45.0000 7422.1250   24.4259
    0.0000  -37.5000   45.0000 7706.0317   24.3824
    7.5000  -37.5000   45.0000 7383.2280   24.3974
   -7.5000  -30.0000   45.0000 8037.7617   24.7864
    0.0000  -30.0000   45.0000 8324.6309   24.7390
    7.5000  -30.0000   45.0000 7977.5977   24.7491
   -7.5000  -22.5000   45.0000 8697.4160   25.1321
    0.0000  -22.5000   45.0000 9005.4531   25.1036
    7.5000  -22.5000   45.0000 8611.8340   25.1100
   -7.5000  -15.0000   45.0000 9444.2891   25.7633
    0.0000  -15.0000   45.0000 9783.5293   25.7499
    7.5000  -15.0000   45.0000 9342.8662   25.7550
   -7.5000   -7.5000   45.000010261.4473   26.5946
    0.0000   -7.5000   45.000010636.4619   26.5796
    7.5000   -7.5000   45.000010149.0918   26.5900
   -7.5000    0.0000   45.000011109.5771   27.5361
    0.0000    0.0000   45.000011526.1406   27.5058
    7.5000    0.0000   45.000010992.1416   27.5236
   -7.5000    7.5000   45.000011170.9170   28.3815
    0.0000    7.5000   45.000011593.8799   28.3232
    7.5000    7.5000   45.000011048.0508   28.3385
   -7.5000   15.0000   45.000011246.3818   29.5204
    0.0000   15.0000   45.000011675.2764   29.4576
    7.5000   15.0000   45.000011105.8262   29.4700
   -7.5000   22.5000   45.000011200.1631   30.7075
    0.0000   22.5000   45.000011657.6221   30.6781
    7.5000   22.5000   45.000011064.6387   30.6912
   -7.5000   30.0000   45.000011083.1465   31.8520
    0.0000   30.0000   45.000011537.3467   31.8694
    7.5000   30.0000   45.000010944.0801   31.8953
   -7.5000   37.5000   45.000011249.0537   33.0856
    0.0000   37.5000   45.000011725.0605   33.1255
    7.5000   37.5000   45.000011124.0430   33.1609
   -7.5000   45.0000   45.000010908.9619   33.9856
    0.0000   45.0000   45.000011374.8457   34.0218
    7.5000   45.0000   45.000010792.5898   34.0732

---------------------------------------------------------------------
imgreg_4dfp /opt/freesurfer/average/3T18yoSchwartzReactN32_as_orig /opt/freesurfer/average/711-2B_as_mni_average_305_mask talsrcimg_g11 none talsrcimg_to_3T18yoSchwartzReactN32_as_orig_t4 4355
---------------------------------------------------------------------

freesurfer imgreg_4dfp.c
/opt/freesurfer/average/3T18yoSchwartzReactN32_as_orig.4dfp.img
       256       256       256         1
  1.000000  1.000000  1.000000
orientation T byte_order littleendian
Reading image: /opt/freesurfer/average/3T18yoSchwartzReactN32_as_orig.4dfp.img
dimensions:      256       256       256
mmppix:       1.0000   -1.0000   -1.0000
center:     128.0000 -129.0000 -129.0000
/opt/freesurfer/average/711-2B_as_mni_average_305_mask.4dfp.img
       256       256       256         1
  1.000000  1.000000  1.000000
orientation T byte_order littleendian
Reading mask: /opt/freesurfer/average/711-2B_as_mni_average_305_mask.4dfp.img (2306576 pixels)
talsrcimg_g11.4dfp.img
       320       320       320         1
  0.799995  0.799995  0.799995
orientation T byte_order littleendian
Reading image: talsrcimg_g11.4dfp.img
dimensions:      320       320       320
mmppix:       0.8000   -0.8000   -0.8000
center:     127.9992 -128.7992 -128.7992
rotation matrix determinant  1.000000
image alignment mode   4355 decimal     1103 hex
   -7.5000  -30.0000  -45.0000 2263.6436   35.2483
    0.0000  -30.0000  -45.0000 2266.5710   35.1119
    7.5000  -30.0000  -45.0000 2241.8848   35.3269
   -7.5000  -22.5000  -45.0000 2290.2712   35.0530
    0.0000  -22.5000  -45.0000 2296.5986   35.0583
    7.5000  -22.5000  -45.0000 2265.1582   35.2023
   -7.5000  -15.0000  -45.0000 2316.0029   34.5919
    0.0000  -15.0000  -45.0000 2326.5701   34.7322
    7.5000  -15.0000  -45.0000 2290.3184   34.7950
   -7.5000   -7.5000  -45.0000 2337.6372   34.0258
    0.0000   -7.5000  -45.0000 2353.3354   34.2476
    7.5000   -7.5000  -45.0000 2316.1243   34.3394
   -7.5000    0.0000  -45.0000 2365.2056   33.5059
    0.0000    0.0000  -45.0000 2378.7009   33.6893
    7.5000    0.0000  -45.0000 2342.8560   33.8586
   -7.5000    7.5000  -45.0000 2381.4541   32.9415
    0.0000    7.5000  -45.0000 2394.9470   33.0458
    7.5000    7.5000  -45.0000 2355.9980   33.2441
   -7.5000   15.0000  -45.0000 2389.0522   32.2401
    0.0000   15.0000  -45.0000 2394.4065   32.2942
    7.5000   15.0000  -45.0000 2354.2510   32.5344
   -7.5000   22.5000  -45.0000 2380.2197   31.7172
    0.0000   22.5000  -45.0000 2383.6013   31.6923
    7.5000   22.5000  -45.0000 2344.3149   32.0031
   -7.5000   30.0000  -45.0000 2367.1926   31.6905
    0.0000   30.0000  -45.0000 2375.9700   31.6435
    7.5000   30.0000  -45.0000 2334.4922   31.9686
   -7.5000   37.5000  -45.0000 2334.1785   31.9470
    0.0000   37.5000  -45.0000 2337.0920   31.9444
    7.5000   37.5000  -45.0000 2300.0303   32.3993
   -7.5000   45.0000  -45.0000 2296.0493   32.8790
    0.0000   45.0000  -45.0000 2298.4189   32.8308
    7.5000   45.0000  -45.0000 2264.8503   33.3091
   -7.5000   52.5000  -45.0000 2226.2727   34.1879
    0.0000   52.5000  -45.0000 2226.6057   34.1103
    7.5000   52.5000  -45.0000 2195.2788   34.5145
   -7.5000   60.0000  -45.0000 2119.9668   35.8099
    0.0000   60.0000  -45.0000 2117.3831   35.6357
    7.5000   60.0000  -45.0000 2091.0969   36.1343
   -7.5000  -30.0000  -37.5000 2343.4517   33.2375
    0.0000  -30.0000  -37.5000 2352.6086   33.1758
    7.5000  -30.0000  -37.5000 2318.6973   33.2239
   -7.5000  -22.5000  -37.5000 2376.1636   32.9956
    0.0000  -22.5000  -37.5000 2392.0381   33.0030
    7.5000  -22.5000  -37.5000 2355.1807   33.0356
   -7.5000  -15.0000  -37.5000 2405.0107   32.4973
    0.0000  -15.0000  -37.5000 2421.6921   32.5587
    7.5000  -15.0000  -37.5000 2384.1443   32.6002
   -7.5000   -7.5000  -37.5000 2427.6660   31.8935
    0.0000   -7.5000  -37.5000 2446.0061   32.0019
    7.5000   -7.5000  -37.5000 2404.7656   32.0546
   -7.5000    0.0000  -37.5000 2450.3135   31.2730
    0.0000    0.0000  -37.5000 2467.7563   31.4447
    7.5000    0.0000  -37.5000 2422.5571   31.5158
   -7.5000    7.5000  -37.5000 2470.8169   30.6888
    0.0000    7.5000  -37.5000 2485.0151   30.8570
    7.5000    7.5000  -37.5000 2441.9121   31.0198
   -7.5000   15.0000  -37.5000 2475.8303   30.0267
    0.0000   15.0000  -37.5000 2488.6008   30.1541
    7.5000   15.0000  -37.5000 2447.7661   30.3869
   -7.5000   22.5000  -37.5000 2472.4824   29.4901
    0.0000   22.5000  -37.5000 2478.4417   29.5278
    7.5000   22.5000  -37.5000 2437.5059   29.8140
   -7.5000   30.0000  -37.5000 2470.7241   29.4133
    0.0000   30.0000  -37.5000 2476.5767   29.4218
    7.5000   30.0000  -37.5000 2430.0110   29.7662
   -7.5000   37.5000  -37.5000 2443.0620   29.6503
    0.0000   37.5000  -37.5000 2445.0991   29.7031
    7.5000   37.5000  -37.5000 2401.3674   30.0726
   -7.5000   45.0000  -37.5000 2411.8206   30.5353
    0.0000   45.0000  -37.5000 2414.5405   30.5235
    7.5000   45.0000  -37.5000 2367.8352   30.9278
   -7.5000   52.5000  -37.5000 2345.4207   31.7809
    0.0000   52.5000  -37.5000 2347.7075   31.7766
    7.5000   52.5000  -37.5000 2301.1392   32.1188
   -7.5000   60.0000  -37.5000 2230.4358   33.2626
    0.0000   60.0000  -37.5000 2234.0471   33.2031
    7.5000   60.0000  -37.5000 2197.3716   33.6446
   -7.5000  -30.0000  -30.0000 2460.2820   32.4237
    0.0000  -30.0000  -30.0000 2476.5002   32.3647
    7.5000  -30.0000  -30.0000 2443.3518   32.5430
   -7.5000  -22.5000  -30.0000 2498.6826   32.1033
    0.0000  -22.5000  -30.0000 2514.3066   32.0253
    7.5000  -22.5000  -30.0000 2482.2188   32.2137
   -7.5000  -15.0000  -30.0000 2530.2134   31.5141
    0.0000  -15.0000  -30.0000 2542.7756   31.4724
    7.5000  -15.0000  -30.0000 2510.4849   31.6980
   -7.5000   -7.5000  -30.0000 2557.3511   30.8734
    0.0000   -7.5000  -30.0000 2569.6738   30.8744
    7.5000   -7.5000  -30.0000 2531.2261   31.0789
   -7.5000    0.0000  -30.0000 2577.7629   30.1989
    0.0000    0.0000  -30.0000 2594.1982   30.2594
    7.5000    0.0000  -30.0000 2549.6909   30.4089
   -7.5000    7.5000  -30.0000 2593.8562   29.5052
    0.0000    7.5000  -30.0000 2608.6504   29.5799
    7.5000    7.5000  -30.0000 2566.0479   29.7863
   -7.5000   15.0000  -30.0000 2610.9890   28.8267
    0.0000   15.0000  -30.0000 2626.3210   28.9898
    7.5000   15.0000  -30.0000 2582.0579   29.2273
   -7.5000   22.5000  -30.0000 2609.3672   28.3136
    0.0000   22.5000  -30.0000 2616.2776   28.4110
    7.5000   22.5000  -30.0000 2570.8601   28.6657
   -7.5000   30.0000  -30.0000 2605.7249   28.1388
    0.0000   30.0000  -30.0000 2611.4949   28.2520
    7.5000   30.0000  -30.0000 2568.2810   28.5840
   -7.5000   37.5000  -30.0000 2588.2197   28.3989
    0.0000   37.5000  -30.0000 2596.1597   28.5029
    7.5000   37.5000  -30.0000 2548.2954   28.8703
   -7.5000   45.0000  -30.0000 2566.5996   29.2911
    0.0000   45.0000  -30.0000 2575.2803   29.3054
    7.5000   45.0000  -30.0000 2523.3049   29.6987
   -7.5000   52.5000  -30.0000 2499.6538   30.5034
    0.0000   52.5000  -30.0000 2506.9871   30.4864
    7.5000   52.5000  -30.0000 2456.3508   30.8767
   -7.5000   60.0000  -30.0000 2379.5833   31.9954
    0.0000   60.0000  -30.0000 2385.0422   31.9154
    7.5000   60.0000  -30.0000 2343.8909   32.3852
   -7.5000  -30.0000  -22.5000 2541.1787   31.5728
    0.0000  -30.0000  -22.5000 2548.1030   31.3759
    7.5000  -30.0000  -22.5000 2531.0081   31.8361
   -7.5000  -22.5000  -22.5000 2583.9780   31.1299
    0.0000  -22.5000  -22.5000 2592.8169   30.9436
    7.5000  -22.5000  -22.5000 2572.3064   31.4236
   -7.5000  -15.0000  -22.5000 2614.6543   30.4400
    0.0000  -15.0000  -22.5000 2624.7988   30.3143
    7.5000  -15.0000  -22.5000 2598.6042   30.7647
   -7.5000   -7.5000  -22.5000 2638.6643   29.7019
    0.0000   -7.5000  -22.5000 2647.8687   29.6385
    7.5000   -7.5000  -22.5000 2616.5869   30.0095
   -7.5000    0.0000  -22.5000 2656.7085   28.9566
    0.0000    0.0000  -22.5000 2670.6062   28.9573
    7.5000    0.0000  -22.5000 2636.2947   29.2905
   -7.5000    7.5000  -22.5000 2677.9724   28.1749
    0.0000    7.5000  -22.5000 2691.3569   28.1844
    7.5000    7.5000  -22.5000 2654.0884   28.5395
   -7.5000   15.0000  -22.5000 2698.3413   27.4374
    0.0000   15.0000  -22.5000 2711.2883   27.4907
    7.5000   15.0000  -22.5000 2665.5967   27.7880
   -7.5000   22.5000  -22.5000 2700.3164   26.8648
    0.0000   22.5000  -22.5000 2715.2021   27.0158
    7.5000   22.5000  -22.5000 2667.1450   27.3197
   -7.5000   30.0000  -22.5000 2706.3337   26.6982
    0.0000   30.0000  -22.5000 2713.9397   26.8324
    7.5000   30.0000  -22.5000 2667.9583   27.2138
   -7.5000   37.5000  -22.5000 2708.9641   27.0728
    0.0000   37.5000  -22.5000 2715.3425   27.1413
    7.5000   37.5000  -22.5000 2664.9290   27.5261
   -7.5000   45.0000  -22.5000 2688.5229   27.9412
    0.0000   45.0000  -22.5000 2697.1255   27.9174
    7.5000   45.0000  -22.5000 2648.4226   28.3476
   -7.5000   52.5000  -22.5000 2617.6055   29.1507
    0.0000   52.5000  -22.5000 2624.0674   29.0570
    7.5000   52.5000  -22.5000 2581.5977   29.4796
   -7.5000   60.0000  -22.5000 2495.9050   30.7084
    0.0000   60.0000  -22.5000 2504.3577   30.5672
    7.5000   60.0000  -22.5000 2463.7297   31.0092
   -7.5000  -30.0000  -15.0000 2573.1042   30.9905
    0.0000  -30.0000  -15.0000 2581.4507   30.8163
    7.5000  -30.0000  -15.0000 2567.4509   31.3034
   -7.5000  -22.5000  -15.0000 2615.2312   30.3918
    0.0000  -22.5000  -15.0000 2623.9482   30.2626
    7.5000  -22.5000  -15.0000 2607.4670   30.7308
   -7.5000  -15.0000  -15.0000 2648.9814   29.5767
    0.0000  -15.0000  -15.0000 2658.6992   29.4684
    7.5000  -15.0000  -15.0000 2638.9514   29.9501
   -7.5000   -7.5000  -15.0000 2676.6355   28.7316
    0.0000   -7.5000  -15.0000 2684.2690   28.6735
    7.5000   -7.5000  -15.0000 2662.2561   29.1506
   -7.5000    0.0000  -15.0000 2702.2771   27.9452
    0.0000    0.0000  -15.0000 2710.0544   27.8837
    7.5000    0.0000  -15.0000 2685.3870   28.3477
   -7.5000    7.5000  -15.0000 2722.2417   27.0528
    0.0000    7.5000  -15.0000 2728.1882   27.0340
    7.5000    7.5000  -15.0000 2703.7451   27.5336
   -7.5000   15.0000  -15.0000 2744.3491   26.2413
    0.0000   15.0000  -15.0000 2752.5715   26.1948
    7.5000   15.0000  -15.0000 2716.6055   26.7088
   -7.5000   22.5000  -15.0000 2752.9387   25.5922
    0.0000   22.5000  -15.0000 2766.6072   25.6220
    7.5000   22.5000  -15.0000 2723.5610   26.1311
   -7.5000   30.0000  -15.0000 2766.1870   25.4378
    0.0000   30.0000  -15.0000 2774.8953   25.4914
    7.5000   30.0000  -15.0000 2732.1050   26.0315
   -7.5000   37.5000  -15.0000 2777.0278   25.9260
    0.0000   37.5000  -15.0000 2788.5256   25.9225
    7.5000   37.5000  -15.0000 2739.7515   26.4030
   -7.5000   45.0000  -15.0000 2757.4976   26.7813
    0.0000   45.0000  -15.0000 2770.1221   26.7244
    7.5000   45.0000  -15.0000 2733.6133   27.2771
   -7.5000   52.5000  -15.0000 2692.8293   28.0118
    0.0000   52.5000  -15.0000 2702.9766   27.9003
    7.5000   52.5000  -15.0000 2666.7041   28.4391
   -7.5000   60.0000  -15.0000 2573.1548   29.5492
    0.0000   60.0000  -15.0000 2583.3557   29.4192
    7.5000   60.0000  -15.0000 2546.5686   29.9209
   -7.5000  -30.0000   -7.5000 2564.8362   30.7637
    0.0000  -30.0000   -7.5000 2579.6506   30.6434
    7.5000  -30.0000   -7.5000 2564.2524   31.1760
   -7.5000  -22.5000   -7.5000 2606.3035   30.0658
    0.0000  -22.5000   -7.5000 2616.9768   29.9361
    7.5000  -22.5000   -7.5000 2608.8450   30.5174
   -7.5000  -15.0000   -7.5000 2639.2947   29.1641
    0.0000  -15.0000   -7.5000 2648.7561   29.0324
    7.5000  -15.0000   -7.5000 2640.1687   29.5850
   -7.5000   -7.5000   -7.5000 2666.1140   28.2480
    0.0000   -7.5000   -7.5000 2673.6812   28.0991
    7.5000   -7.5000   -7.5000 2663.9351   28.6438
   -7.5000    0.0000   -7.5000 2697.0662   27.3641
    0.0000    0.0000   -7.5000 2704.9719   27.2154
    7.5000    0.0000   -7.5000 2686.5952   27.7396
   -7.5000    7.5000   -7.5000 2728.5339   26.4816
    0.0000    7.5000   -7.5000 2734.0757   26.3467
    7.5000    7.5000   -7.5000 2712.3374   26.9219
   -7.5000   15.0000   -7.5000 2753.9080   25.6333
    0.0000   15.0000   -7.5000 2763.6243   25.5612
    7.5000   15.0000   -7.5000 2735.4993   26.1898
   -7.5000   22.5000   -7.5000 2756.2715   24.8179
    0.0000   22.5000   -7.5000 2761.2949   24.7085
    7.5000   22.5000   -7.5000 2749.0588   25.6035
   -7.5000   30.0000   -7.5000 2775.6577   24.5794
    0.0000   30.0000   -7.5000 2779.3584   24.4832
    7.5000   30.0000   -7.5000 2761.6289   25.4160
   -7.5000   37.5000   -7.5000 2806.1934   25.1686
    0.0000   37.5000   -7.5000 2814.5984   25.0664
    7.5000   37.5000   -7.5000 2785.3574   25.8061
   -7.5000   45.0000   -7.5000 2793.2048   26.0311
    0.0000   45.0000   -7.5000 2807.2561   25.9388
    7.5000   45.0000   -7.5000 2783.6660   26.6070
   -7.5000   52.5000   -7.5000 2728.8738   27.2406
    0.0000   52.5000   -7.5000 2742.3640   27.1012
    7.5000   52.5000   -7.5000 2715.7280   27.7216
   -7.5000   60.0000   -7.5000 2613.3906   28.7718
    0.0000   60.0000   -7.5000 2629.1528   28.6302
    7.5000   60.0000   -7.5000 2595.3892   29.1737
   -7.5000  -30.0000    0.0000 2523.1162   31.0898
    0.0000  -30.0000    0.0000 2538.2549   30.8469
    7.5000  -30.0000    0.0000 2524.8528   31.5107
   -7.5000  -22.5000    0.0000 2561.7312   30.2671
    0.0000  -22.5000    0.0000 2567.2021   30.0423
    7.5000  -22.5000    0.0000 2562.8870   30.7654
   -7.5000  -15.0000    0.0000 2596.5039   29.2845
    0.0000  -15.0000    0.0000 2602.7090   29.1117
    7.5000  -15.0000    0.0000 2598.4148   29.7689
   -7.5000   -7.5000    0.0000 2628.2222   28.2907
    0.0000   -7.5000    0.0000 2631.1426   28.1023
    7.5000   -7.5000    0.0000 2634.6775   28.8116
   -7.5000    0.0000    0.0000 2665.5620   27.3200
    0.0000    0.0000    0.0000 2661.8704   27.0875
    7.5000    0.0000    0.0000 2673.1003   27.8948
   -7.5000    7.5000    0.0000 2711.1792   26.5359
    0.0000    7.5000    0.0000 2705.4497   26.3314
    7.5000    7.5000    0.0000 2716.5728   27.1267
   -7.5000   15.0000    0.0000 2763.5325   25.9434
    0.0000   15.0000    0.0000 2763.0227   25.7858
    7.5000   15.0000    0.0000 2764.4609   26.4522
   -7.5000   22.5000    0.0000 2771.2507   25.0746
    0.0000   22.5000    0.0000 2771.8118   24.9193
    7.5000   22.5000    0.0000 2787.6494   25.8227
   -7.5000   30.0000    0.0000 2767.1301   24.4304
    0.0000   30.0000    0.0000 2757.9124   24.1755
    7.5000   30.0000    0.0000 2779.3577   25.3393
   -7.5000   37.5000    0.0000 2809.7893   24.8606
    0.0000   37.5000    0.0000 2812.2297   24.6343
    7.5000   37.5000    0.0000 2798.1838   25.4935
   -7.5000   45.0000    0.0000 2814.5344   25.7035
    0.0000   45.0000    0.0000 2818.4146   25.4227
    7.5000   45.0000    0.0000 2793.9307   26.1589
   -7.5000   52.5000    0.0000 2751.4504   26.9225
    0.0000   52.5000    0.0000 2759.3757   26.6550
    7.5000   52.5000    0.0000 2730.8960   27.2439
   -7.5000   60.0000    0.0000 2637.0979   28.5201
    0.0000   60.0000    0.0000 2648.2019   28.3176
    7.5000   60.0000    0.0000 2615.0415   28.7951
   -7.5000  -30.0000    7.5000 2482.7080   32.2113
    0.0000  -30.0000    7.5000 2494.5591   31.8196
    7.5000  -30.0000    7.5000 2484.9851   32.6352
   -7.5000  -22.5000    7.5000 2509.3328   31.2497
    0.0000  -22.5000    7.5000 2510.8596   30.8582
    7.5000  -22.5000    7.5000 2519.8003   31.7691
   -7.5000  -15.0000    7.5000 2539.9436   30.2023
    0.0000  -15.0000    7.5000 2538.0898   29.8235
    7.5000  -15.0000    7.5000 2555.1194   30.7298
   -7.5000   -7.5000    7.5000 2579.0420   29.1633
    0.0000   -7.5000    7.5000 2575.3223   28.7792
    7.5000   -7.5000    7.5000 2597.7305   29.6888
   -7.5000    0.0000    7.5000 2630.5059   28.1248
    0.0000    0.0000    7.5000 2622.2903   27.7821
    7.5000    0.0000    7.5000 2647.9814   28.6402
   -7.5000    7.5000    7.5000 2701.6296   27.3757
    0.0000    7.5000    7.5000 2691.9128   27.0780
    7.5000    7.5000    7.5000 2707.4644   27.7698
   -7.5000   15.0000    7.5000 2782.1555   26.8731
    0.0000   15.0000    7.5000 2782.4060   26.6678
    7.5000   15.0000    7.5000 2773.3389   27.0702
   -7.5000   22.5000    7.5000 2827.2336   26.1985
    0.0000   22.5000    7.5000 2820.7837   25.9345
    7.5000   22.5000    7.5000 2809.7944   26.3855
   -7.5000   30.0000    7.5000 2786.2832   25.1409
    0.0000   30.0000    7.5000 2771.2241   24.6986
    7.5000   30.0000    7.5000 2780.2136   25.5940
   -7.5000   37.5000    7.5000 2780.1240   24.9108
    0.0000   37.5000    7.5000 2777.9541   24.5382
    7.5000   37.5000    7.5000 2776.0320   25.4007
   -7.5000   45.0000    7.5000 2780.5229   25.6520
    0.0000   45.0000    7.5000 2789.1250   25.3260
    7.5000   45.0000    7.5000 2773.2920   26.0059
   -7.5000   52.5000    7.5000 2739.6748   26.9682
    0.0000   52.5000    7.5000 2747.6851   26.6916
    7.5000   52.5000    7.5000 2727.0447   27.2109
   -7.5000   60.0000    7.5000 2635.2188   28.5840
    0.0000   60.0000    7.5000 2644.1333   28.3821
    7.5000   60.0000    7.5000 2616.9700   28.7935
   -7.5000  -30.0000   15.0000 2440.0100   34.0285
    0.0000  -30.0000   15.0000 2450.4417   33.6324
    7.5000  -30.0000   15.0000 2460.7612   34.5302
   -7.5000  -22.5000   15.0000 2475.6895   33.0574
    0.0000  -22.5000   15.0000 2475.8110   32.6015
    7.5000  -22.5000   15.0000 2491.8125   33.4977
   -7.5000  -15.0000   15.0000 2510.5635   31.9333
    0.0000  -15.0000   15.0000 2507.7666   31.5498
    7.5000  -15.0000   15.0000 2523.4287   32.3572
   -7.5000   -7.5000   15.0000 2560.0649   30.8011
    0.0000   -7.5000   15.0000 2556.2292   30.4724
    7.5000   -7.5000   15.0000 2564.3738   31.1129
   -7.5000    0.0000   15.0000 2620.6599   29.6264
    0.0000    0.0000   15.0000 2614.8911   29.2951
    7.5000    0.0000   15.0000 2613.7659   29.8529
   -7.5000    7.5000   15.0000 2693.1533   28.6565
    0.0000    7.5000   15.0000 2692.7500   28.3934
    7.5000    7.5000   15.0000 2685.3159   28.8521
   -7.5000   15.0000   15.0000 2772.0283   27.9032
    0.0000   15.0000   15.0000 2776.0332   27.6614
    7.5000   15.0000   15.0000 2753.7356   27.9829
   -7.5000   22.5000   15.0000 2815.4336   27.0025
    0.0000   22.5000   15.0000 2812.0046   26.6384
    7.5000   22.5000   15.0000 2788.5996   27.1418
   -7.5000   30.0000   15.0000 2807.1956   26.1411
    0.0000   30.0000   15.0000 2797.7402   25.6392
    7.5000   30.0000   15.0000 2771.3618   26.2987
   -7.5000   37.5000   15.0000 2794.2026   26.0010
    0.0000   37.5000   15.0000 2805.8804   25.7088
    7.5000   37.5000   15.0000 2762.5586   26.1461
   -7.5000   45.0000   15.0000 2778.7947   26.6909
    0.0000   45.0000   15.0000 2790.0583   26.4358
    7.5000   45.0000   15.0000 2753.4912   26.8004
   -7.5000   52.5000   15.0000 2718.2668   27.8270
    0.0000   52.5000   15.0000 2728.3679   27.5692
    7.5000   52.5000   15.0000 2705.3821   27.9364
   -7.5000   60.0000   15.0000 2612.7593   29.2129
    0.0000   60.0000   15.0000 2621.5627   29.0036
    7.5000   60.0000   15.0000 2599.9973   29.3608
   -7.5000  -30.0000   22.5000 2389.7764   36.3763
    0.0000  -30.0000   22.5000 2413.1145   36.1204
    7.5000  -30.0000   22.5000 2410.4053   36.9135
   -7.5000  -22.5000   22.5000 2430.4587   35.2798
    0.0000  -22.5000   22.5000 2444.4641   34.9796
    7.5000  -22.5000   22.5000 2447.9026   35.7594
   -7.5000  -15.0000   22.5000 2467.3352   33.9084
    0.0000  -15.0000   22.5000 2472.7966   33.5908
    7.5000  -15.0000   22.5000 2478.8127   34.3371
   -7.5000   -7.5000   22.5000 2517.5071   32.5191
    0.0000   -7.5000   22.5000 2515.3804   32.1553
    7.5000   -7.5000   22.5000 2524.7205   32.8990
   -7.5000    0.0000   22.5000 2587.1064   31.2590
    0.0000    0.0000   22.5000 2583.9971   30.8645
    7.5000    0.0000   22.5000 2579.7668   31.5124
   -7.5000    7.5000   22.5000 2659.7209   30.1313
    0.0000    7.5000   22.5000 2660.7720   29.7699
    7.5000    7.5000   22.5000 2648.0837   30.3155
   -7.5000   15.0000   22.5000 2734.9990   29.1362
    0.0000   15.0000   22.5000 2738.1182   28.7660
    7.5000   15.0000   22.5000 2715.1130   29.2512
   -7.5000   22.5000   22.5000 2762.1570   28.0235
    0.0000   22.5000   22.5000 2769.2861   27.5763
    7.5000   22.5000   22.5000 2746.5452   28.2517
   -7.5000   30.0000   22.5000 2770.5706   27.2852
    0.0000   30.0000   22.5000 2782.1975   26.9678
    7.5000   30.0000   22.5000 2748.4495   27.5781
   -7.5000   37.5000   22.5000 2770.3640   27.4123
    0.0000   37.5000   22.5000 2786.6660   27.1897
    7.5000   37.5000   22.5000 2751.5100   27.6797
   -7.5000   45.0000   22.5000 2749.0857   28.1520
    0.0000   45.0000   22.5000 2761.1462   27.9032
    7.5000   45.0000   22.5000 2733.9229   28.3455
   -7.5000   52.5000   22.5000 2692.5542   29.2547
    0.0000   52.5000   22.5000 2708.0186   29.0165
    7.5000   52.5000   22.5000 2679.1467   29.3667
   -7.5000   60.0000   22.5000 2585.0671   30.4821
    0.0000   60.0000   22.5000 2600.9424   30.2877
    7.5000   60.0000   22.5000 2569.3220   30.5976
   -7.5000  -30.0000   30.0000 2327.5818   39.2529
    0.0000  -30.0000   30.0000 2347.5908   38.7988
    7.5000  -30.0000   30.0000 2343.0740   39.7137
   -7.5000  -22.5000   30.0000 2374.6921   37.7655
    0.0000  -22.5000   30.0000 2390.0747   37.3640
    7.5000  -22.5000   30.0000 2391.8525   38.3172
   -7.5000  -15.0000   30.0000 2420.6040   36.1027
    0.0000  -15.0000   30.0000 2428.1475   35.7066
    7.5000  -15.0000   30.0000 2432.1282   36.6236
   -7.5000   -7.5000   30.0000 2477.1492   34.6447
    0.0000   -7.5000   30.0000 2479.1243   34.1490
    7.5000   -7.5000   30.0000 2481.1294   35.0566
   -7.5000    0.0000   30.0000 2541.8467   33.2434
    0.0000    0.0000   30.0000 2547.0039   32.7928
    7.5000    0.0000   30.0000 2542.3669   33.6185
   -7.5000    7.5000   30.0000 2623.6545   32.0945
    0.0000    7.5000   30.0000 2628.2009   31.6599
    7.5000    7.5000   30.0000 2614.3923   32.3090
   -7.5000   15.0000   30.0000 2693.1602   31.0200
    0.0000   15.0000   30.0000 2698.1123   30.4982
    7.5000   15.0000   30.0000 2677.5776   31.1649
   -7.5000   22.5000   30.0000 2717.1545   29.7957
    0.0000   22.5000   30.0000 2727.0718   29.3144
    7.5000   22.5000   30.0000 2701.8074   30.0082
   -7.5000   30.0000   30.0000 2733.9241   29.3026
    0.0000   30.0000   30.0000 2753.0007   29.0462
    7.5000   30.0000   30.0000 2724.7930   29.6517
   -7.5000   37.5000   30.0000 2726.9973   29.4133
    0.0000   37.5000   30.0000 2746.5894   29.2339
    7.5000   37.5000   30.0000 2717.5352   29.7077
   -7.5000   45.0000   30.0000 2700.7668   30.0664
    0.0000   45.0000   30.0000 2719.4866   29.8410
    7.5000   45.0000   30.0000 2695.0034   30.2972
   -7.5000   52.5000   30.0000 2637.8435   30.9779
    0.0000   52.5000   30.0000 2658.0488   30.7397
    7.5000   52.5000   30.0000 2635.6606   31.1591
   -7.5000   60.0000   30.0000 2533.6265   32.1148
    0.0000   60.0000   30.0000 2561.7993   31.9701
    7.5000   60.0000   30.0000 2529.7800   32.2551
   -7.5000  -30.0000   37.5000 2261.0088   42.7598
    0.0000  -30.0000   37.5000 2267.1243   42.0996
    7.5000  -30.0000   37.5000 2273.5278   43.1337
   -7.5000  -22.5000   37.5000 2311.5979   40.8378
    0.0000  -22.5000   37.5000 2320.6406   40.2049
    7.5000  -22.5000   37.5000 2326.5696   41.3404
   -7.5000  -15.0000   37.5000 2367.9563   38.8604
    0.0000  -15.0000   37.5000 2372.4517   38.2218
    7.5000  -15.0000   37.5000 2373.8872   39.3102
   -7.5000   -7.5000   37.5000 2425.0972   37.1545
    0.0000   -7.5000   37.5000 2431.7227   36.5544
    7.5000   -7.5000   37.5000 2430.3064   37.5439
   -7.5000    0.0000   37.5000 2493.5186   35.6683
    0.0000    0.0000   37.5000 2503.0522   35.1339
    7.5000    0.0000   37.5000 2492.9917   35.9967
   -7.5000    7.5000   37.5000 2571.0837   34.4501
    0.0000    7.5000   37.5000 2576.5408   33.8562
    7.5000    7.5000   37.5000 2566.1899   34.6635
   -7.5000   15.0000   37.5000 2629.9534   33.2122
    0.0000   15.0000   37.5000 2644.7070   32.6775
    7.5000   15.0000   37.5000 2626.3752   33.4466
   -7.5000   22.5000   37.5000 2659.4485   32.0709
    0.0000   22.5000   37.5000 2681.6204   31.7524
    7.5000   22.5000   37.5000 2651.7849   32.3696
   -7.5000   30.0000   37.5000 2689.6785   31.8330
    0.0000   30.0000   37.5000 2711.2695   31.5917
    7.5000   30.0000   37.5000 2677.3696   32.1088
   -7.5000   37.5000   37.5000 2677.1958   31.9491
    0.0000   37.5000   37.5000 2701.3083   31.7766
    7.5000   37.5000   37.5000 2667.1182   32.1710
   -7.5000   45.0000   37.5000 2648.1521   32.4507
    0.0000   45.0000   37.5000 2669.9136   32.2184
    7.5000   45.0000   37.5000 2641.3772   32.6355
   -7.5000   52.5000   37.5000 2591.1296   33.2318
    0.0000   52.5000   37.5000 2608.4441   32.9737
    7.5000   52.5000   37.5000 2581.9448   33.3440
   -7.5000   60.0000   37.5000 2481.5352   34.1607
    0.0000   60.0000   37.5000 2505.5798   34.0315
    7.5000   60.0000   37.5000 2479.9624   34.3897
   -7.5000  -30.0000   45.0000 2175.3967   46.5909
    0.0000  -30.0000   45.0000 2181.0378   45.9299
    7.5000  -30.0000   45.0000 2187.9456   46.9601
   -7.5000  -22.5000   45.0000 2238.0364   44.2331
    0.0000  -22.5000   45.0000 2240.6614   43.4816
    7.5000  -22.5000   45.0000 2242.5806   44.5637
   -7.5000  -15.0000   45.0000 2300.8857   41.8890
    0.0000  -15.0000   45.0000 2305.6079   41.2158
    7.5000  -15.0000   45.0000 2305.7063   42.2623
   -7.5000   -7.5000   45.0000 2369.7664   40.0393
    0.0000   -7.5000   45.0000 2377.5251   39.4588
    7.5000   -7.5000   45.0000 2373.3291   40.3880
   -7.5000    0.0000   45.0000 2438.1831   38.5262
    0.0000    0.0000   45.0000 2451.8069   37.9555
    7.5000    0.0000   45.0000 2440.1257   38.7840
   -7.5000    7.5000   45.0000 2510.8354   37.2193
    0.0000    7.5000   45.0000 2524.2339   36.5888
    7.5000    7.5000   45.0000 2506.4468   37.3518
   -7.5000   15.0000   45.0000 2562.7256   35.8841
    0.0000   15.0000   45.0000 2583.4023   35.4518
    7.5000   15.0000   45.0000 2557.6677   36.0741
   -7.5000   22.5000   45.0000 2592.1340   34.8507
    0.0000   22.5000   45.0000 2617.2776   34.5841
    7.5000   22.5000   45.0000 2587.3745   35.1020
   -7.5000   30.0000   45.0000 2634.0046   34.7347
    0.0000   30.0000   45.0000 2656.1958   34.5765
    7.5000   30.0000   45.0000 2619.1162   34.9970
   -7.5000   37.5000   45.0000 2626.9883   34.8185
    0.0000   37.5000   45.0000 2647.6777   34.7001
    7.5000   37.5000   45.0000 2614.9512   35.0664
   -7.5000   45.0000   45.0000 2600.1704   35.1812
    0.0000   45.0000   45.0000 2622.5059   35.0109
    7.5000   45.0000   45.0000 2591.1206   35.4423
   -7.5000   52.5000   45.0000 2536.7832   35.7712
    0.0000   52.5000   45.0000 2558.0491   35.5819
    7.5000   52.5000   45.0000 2526.0164   36.0023
   -7.5000   60.0000   45.0000 2425.1157   36.6441
    0.0000   60.0000   45.0000 2449.1196   36.5698
    7.5000   60.0000   45.0000 2411.4788   36.8311

---------------------------------------------------------------------
imgreg_4dfp /opt/freesurfer/average/3T18yoSchwartzReactN32_as_orig /opt/freesurfer/average/711-2B_as_mni_average_305_mask talsrcimg_g11 none talsrcimg_to_3T18yoSchwartzReactN32_as_orig_t4 1283
---------------------------------------------------------------------

freesurfer imgreg_4dfp.c
/opt/freesurfer/average/3T18yoSchwartzReactN32_as_orig.4dfp.img
       256       256       256         1
  1.000000  1.000000  1.000000
orientation T byte_order littleendian
Reading image: /opt/freesurfer/average/3T18yoSchwartzReactN32_as_orig.4dfp.img
dimensions:      256       256       256
mmppix:       1.0000   -1.0000   -1.0000
center:     128.0000 -129.0000 -129.0000
/opt/freesurfer/average/711-2B_as_mni_average_305_mask.4dfp.img
       256       256       256         1
  1.000000  1.000000  1.000000
orientation T byte_order littleendian
Reading mask: /opt/freesurfer/average/711-2B_as_mni_average_305_mask.4dfp.img (2306576 pixels)
talsrcimg_g11.4dfp.img
       320       320       320         1
  0.799995  0.799995  0.799995
orientation T byte_order littleendian
Reading image: talsrcimg_g11.4dfp.img
dimensions:      320       320       320
mmppix:       0.8000   -0.8000   -0.8000
center:     127.9992 -128.7992 -128.7992
rotation matrix determinant  1.000000
fimgreg.f
image alignment mode   1283 decimal      503 hex
parameters
   -7.5000   22.5000    7.5000    0.0000    0.0000    0.0000
eta,q 0.89088 26.41286
niter,ni,del,rscale     5    3   12.0000    1.2000
parameter  3 -0.681007 -> -0.500000 qaram    1.1500
parameter  4  1.184788 ->  0.500000 qaram    1.1500
parameter  6  0.600835 ->  0.500000 qaram    1.1500
parameters
   -5.2114   23.8147   10.9500   -3.4500    1.5009   -3.4500
eta,q 0.88985 26.40799
  0.1301  0.1219  0.1255  0.1078  0.1169  0.1101
  0.1244  0.1172  0.1213  0.1092  0.1140  0.1101
  0.1186  0.1164  0.1175  0.1109  0.1108  0.1102
  0.1168  0.1160  0.1129  0.1101  0.1098  0.1102
  0.1163  0.1117  0.1103  0.1096  0.1103  0.1110
  0.1162  0.1139  0.1102  0.1130  0.1107  0.1119
  0.1184  0.1181  0.1118  0.1149  0.1122  0.1129
niter,ni,del,rscale     7    3   12.0000    1.2000
parameter  4  1.980618 ->  0.500000 qaram    1.3225
parameters
   -5.0940   24.3646   10.2492   -7.4175    1.3218   -1.3965
eta,q 0.89497 26.21912
  0.1178  0.1207  0.1206  0.1079  0.1111  0.1145
  0.1123  0.1130  0.1148  0.1052  0.1086  0.1098
  0.1089  0.1084  0.1107  0.1066  0.1062  0.1064
  0.1101  0.1103  0.1114  0.1107  0.1052  0.1052
  0.1120  0.1130  0.1145  0.1139  0.1060  0.1050
  0.1138  0.1127  0.1184  0.1141  0.1085  0.1057
  0.1150  0.1149  0.1236  0.1154  0.1124  0.1071
niter,ni,del,rscale     7    3   12.0000    1.2000
parameters
   -3.9684   25.5192   10.0668   -8.4440    0.7691    0.0817
eta,q 0.89622 26.11494
  0.1169  0.1228  0.1208  0.1130  0.1102  0.1122
  0.1103  0.1152  0.1133  0.1091  0.1069  0.1090
  0.1057  0.1080  0.1071  0.1048  0.1048  0.1068
  0.1050  0.1051  0.1065  0.1063  0.1048  0.1046
  0.1055  0.1085  0.1107  0.1112  0.1064  0.1038
  0.1078  0.1117  0.1156  0.1127  0.1088  0.1054
  0.1091  0.1118  0.1203  0.1137  0.1118  0.1082
niter,ni,del,rscale     6    3   12.0000    1.2000
parameters
   -3.1484   26.2161    9.7497   -9.1407   -0.0246    0.4191
eta,q 0.89681 26.05258
  0.1141  0.1196  0.1211  0.1136  0.1094  0.1111
  0.1079  0.1121  0.1128  0.1090  0.1059  0.1084
  0.1050  0.1055  0.1056  0.1042  0.1033  0.1055
  0.1038  0.1040  0.1052  0.1048  0.1038  0.1034
  0.1054  0.1084  0.1107  0.1103  0.1062  0.1042
  0.1077  0.1108  0.1164  0.1122  0.1087  0.1071
  0.1082  0.1118  0.1214  0.1138  0.1123  0.1103
niter,ni,del,rscale     5    3   12.0000    1.2000
parameters
   -2.5019   26.4850    9.4636   -9.5398   -0.5743    0.4518
eta,q 0.89710 26.04866
  0.1126  0.1177  0.1208  0.1141  0.1095  0.1109
  0.1075  0.1103  0.1132  0.1094  0.1060  0.1082
  0.1046  0.1041  0.1051  0.1044  0.1030  0.1050
  0.1032  0.1036  0.1040  0.1038  0.1033  0.1029
  0.1055  0.1082  0.1093  0.1092  0.1056  0.1045
  0.1076  0.1109  0.1160  0.1120  0.1080  0.1079
  0.1079  0.1129  0.1217  0.1135  0.1112  0.1110
niter,ni,del,rscale     4    3   12.0000    1.2000
parameters
   -2.1126   26.5709    9.2616   -9.7729   -0.8784    0.3859
eta,q 0.89714 26.05334
  0.1113  0.1169  0.1206  0.1143  0.1097  0.1107
  0.1071  0.1097  0.1137  0.1098  0.1062  0.1082
  0.1039  0.1036  0.1054  0.1048  0.1031  0.1049
  0.1029  0.1033  0.1034  0.1033  0.1031  0.1029
  0.1058  0.1080  0.1082  0.1086  0.1054  0.1046
  0.1076  0.1111  0.1154  0.1118  0.1075  0.1082
  0.1080  0.1135  0.1216  0.1133  0.1101  0.1113
niter,ni,del,rscale     3    3   12.0000    1.2000
parameters
   -1.8952   26.6112    9.1389   -9.9319   -1.0427    0.3109
eta,q 0.89707 26.05709
  0.1106  0.1167  0.1206  0.1143  0.1098  0.1106
  0.1067  0.1097  0.1142  0.1100  0.1064  0.1082
  0.1034  0.1036  0.1058  0.1051  0.1031  0.1050
  0.1029  0.1031  0.1032  0.1031  0.1031  0.1029
  0.1060  0.1077  0.1075  0.1082  0.1053  0.1045
  0.1077  0.1112  0.1148  0.1117  0.1073  0.1081
  0.1078  0.1138  0.1215  0.1132  0.1096  0.1113
niter,ni,del,rscale     2    3   12.0000    1.2000
parameters
   -1.7972   26.6458    9.0583  -10.0419   -1.1305    0.2637
eta,q 0.89704 26.05598
  0.1102  0.1166  0.1205  0.1142  0.1099  0.1105
  0.1064  0.1097  0.1144  0.1101  0.1065  0.1083
  0.1031  0.1036  0.1060  0.1053  0.1032  0.1052
  0.1029  0.1030  0.1031  0.1031  0.1030  0.1029
  0.1063  0.1075  0.1070  0.1079  0.1053  0.1044
  0.1077  0.1111  0.1145  0.1116  0.1073  0.1080
  0.1077  0.1139  0.1213  0.1131  0.1093  0.1113
niter,ni,del,rscale     1    3   12.0000    1.2000
parameters
   -1.7512   26.6787    9.0078  -10.1212   -1.1782    0.2350
eta,q 0.89700 26.05424
  0.1101  0.1165  0.1205  0.1142  0.1100  0.1105
  0.1062  0.1097  0.1146  0.1101  0.1065  0.1083
  0.1030  0.1036  0.1062  0.1054  0.1033  0.1053
  0.1030  0.1030  0.1031  0.1030  0.1030  0.1030
  0.1064  0.1074  0.1068  0.1077  0.1053  0.1043
  0.1077  0.1110  0.1143  0.1115  0.1073  0.1079
  0.1077  0.1140  0.1212  0.1130  0.1092  0.1113
registration optimization eta report
parameter search radius
    6.0000    6.0000    6.9000    7.9350    6.0000    6.9000
100000*second partial in parameter space
       15.       32.       35.       14.       17.       15.
  0.1101  0.1165  0.1205  0.1142  0.1100  0.1105
  0.1062  0.1097  0.1146  0.1101  0.1065  0.1083
  0.1030  0.1036  0.1062  0.1054  0.1033  0.1053
  0.1030  0.1030  0.1031  0.1030  0.1030  0.1030
  0.1064  0.1074  0.1068  0.1077  0.1053  0.1043
  0.1077  0.1110  0.1143  0.1115  0.1073  0.1079
  0.1077  0.1140  0.1212  0.1130  0.1092  0.1113
   -1.7512   26.6787    9.0078  -10.1212   -1.1782    0.2350
eta,q 0.89700 26.05424

---------------------------------------------------------------------
imgreg_4dfp /opt/freesurfer/average/3T18yoSchwartzReactN32_as_orig /opt/freesurfer/average/711-2B_as_mni_average_305_mask talsrcimg_g11 none talsrcimg_to_3T18yoSchwartzReactN32_as_orig_t4 3335
---------------------------------------------------------------------

freesurfer imgreg_4dfp.c
/opt/freesurfer/average/3T18yoSchwartzReactN32_as_orig.4dfp.img
       256       256       256         1
  1.000000  1.000000  1.000000
orientation T byte_order littleendian
Reading image: /opt/freesurfer/average/3T18yoSchwartzReactN32_as_orig.4dfp.img
dimensions:      256       256       256
mmppix:       1.0000   -1.0000   -1.0000
center:     128.0000 -129.0000 -129.0000
/opt/freesurfer/average/711-2B_as_mni_average_305_mask.4dfp.img
       256       256       256         1
  1.000000  1.000000  1.000000
orientation T byte_order littleendian
Reading mask: /opt/freesurfer/average/711-2B_as_mni_average_305_mask.4dfp.img (2306576 pixels)
talsrcimg_g11.4dfp.img
       320       320       320         1
  0.799995  0.799995  0.799995
orientation T byte_order littleendian
Reading image: talsrcimg_g11.4dfp.img
dimensions:      320       320       320
mmppix:       0.8000   -0.8000   -0.8000
center:     127.9992 -128.7992 -128.7992
fimgreg.f
image alignment mode   3335 decimal      D07 hex
parameters
   -1.7512   26.6787    9.0078   -0.0220   -1.5585   -1.5770
   -0.7651    1.9521    0.4101   17.5812   -2.0561  -17.5694
eta,q 0.89443 26.07339
niter,ni,del,rscale     5    3    5.0000    1.2000
parameter  1 -1.640339 ->  0.500000 qaram    1.1500
parameter  4 -1.795297 ->  0.500000 qaram    1.1500
parameter  5  1.021918 ->  0.500000 qaram    1.1500
parameter 10  0.825683 ->  0.500000 qaram    1.1500
parameters
   -3.1312   26.1062    8.3891   -4.1620   -5.6985   -4.4977
    2.3309    0.7678    2.6086   13.4412    0.9247  -17.3209
eta,q 0.91638 26.40758
  0.1041  0.1062  0.1060  0.0892  0.0873  0.0922  0.0934  0.0920  0.0908  0.0842  0.0886  0.0862
  0.1048  0.1053  0.1051  0.0938  0.0886  0.0893  0.0912  0.0888  0.0890  0.0840  0.0866  0.0846
  0.1054  0.1049  0.1047  0.0995  0.0911  0.0876  0.0892  0.0869  0.0876  0.0847  0.0851  0.0838
  0.1056  0.1050  0.1049  0.1047  0.0953  0.0892  0.0877  0.0870  0.0867  0.0864  0.0841  0.0836
  0.1056  0.1056  0.1056  0.1079  0.1015  0.0946  0.0870  0.0889  0.0864  0.0889  0.0836  0.0839
  0.1059  0.1068  0.1067  0.1104  0.1102  0.1018  0.0872  0.0922  0.0868  0.0921  0.0838  0.0846
  0.1064  0.1086  0.1081  0.1127  0.1190  0.1079  0.0884  0.0961  0.0878  0.0958  0.0845  0.0856
niter,ni,del,rscale     7    3    5.0000    1.2000
parameter  2 -0.554426 -> -0.500000 qaram    1.1500
parameter  3  1.145167 ->  0.500000 qaram    1.1500
parameter  4  1.351825 ->  0.500000 qaram    1.3225
parameters
   -2.4047   27.4862    7.0091   -8.9230   -9.3977   -4.2067
   -0.6312    0.0712    1.6759   13.3226    2.6646  -17.5948
eta,q 0.93161 26.20842
  0.0915  0.0897  0.0789  0.0725  0.0722  0.0838  0.0706  0.0783  0.0714  0.0745  0.0741  0.0710
  0.0880  0.0872  0.0792  0.0708  0.0705  0.0791  0.0692  0.0728  0.0696  0.0712  0.0715  0.0692
  0.0852  0.0850  0.0804  0.0739  0.0699  0.0739  0.0689  0.0694  0.0688  0.0693  0.0697  0.0684
  0.0836  0.0834  0.0824  0.0795  0.0712  0.0700  0.0697  0.0689  0.0687  0.0686  0.0686  0.0684
  0.0835  0.0825  0.0849  0.0866  0.0760  0.0700  0.0716  0.0713  0.0694  0.0692  0.0685  0.0690
  0.0844  0.0824  0.0879  0.0931  0.0857  0.0753  0.0746  0.0761  0.0710  0.0713  0.0691  0.0699
  0.0861  0.0832  0.0913  0.0970  0.0973  0.0842  0.0784  0.0821  0.0732  0.0750  0.0706  0.0710
niter,ni,del,rscale     7    3    5.0000    1.2000
parameter  2 -0.592146 -> -0.500000 qaram    1.3225
parameters
   -1.6554   29.0732    5.7080  -10.0613  -11.5771   -4.6745
   -1.1401    0.1680    0.9699   15.6479    3.0529  -18.7624
eta,q 0.93599 25.93769
  0.0810  0.0765  0.0666  0.0792  0.0696  0.0781  0.0694  0.0770  0.0678  0.0744  0.0686  0.0661
  0.0756  0.0728  0.0649  0.0721  0.0669  0.0726  0.0668  0.0711  0.0660  0.0699  0.0663  0.0645
  0.0712  0.0698  0.0648  0.0659  0.0650  0.0675  0.0653  0.0667  0.0650  0.0667  0.0648  0.0640
  0.0684  0.0677  0.0660  0.0647  0.0643  0.0647  0.0649  0.0649  0.0649  0.0648  0.0642  0.0642
  0.0677  0.0664  0.0685  0.0699  0.0667  0.0673  0.0657  0.0663  0.0655  0.0642  0.0645  0.0649
  0.0691  0.0661  0.0719  0.0783  0.0744  0.0741  0.0678  0.0706  0.0670  0.0650  0.0657  0.0660
  0.0725  0.0670  0.0759  0.0868  0.0860  0.0834  0.0709  0.0765  0.0691  0.0676  0.0677  0.0675
niter,ni,del,rscale     7    3    5.0000    1.2000
parameters
   -1.5679   29.8249    5.1984   -9.9211  -12.4691   -5.1453
   -0.8417    0.1283    0.7624   17.0485    3.2893  -19.4468
eta,q 0.93651 25.82777
  0.0736  0.0723  0.0673  0.0813  0.0705  0.0776  0.0694  0.0758  0.0672  0.0723  0.0679  0.0660
  0.0686  0.0683  0.0648  0.0745  0.0673  0.0718  0.0666  0.0699  0.0653  0.0682  0.0656  0.0643
  0.0652  0.0656  0.0635  0.0674  0.0649  0.0665  0.0647  0.0655  0.0642  0.0654  0.0641  0.0635
  0.0640  0.0640  0.0637  0.0634  0.0634  0.0638  0.0639  0.0639  0.0639  0.0639  0.0636  0.0636
  0.0650  0.0637  0.0651  0.0658  0.0636  0.0664  0.0644  0.0656  0.0644  0.0637  0.0640  0.0642
  0.0679  0.0647  0.0677  0.0730  0.0681  0.0736  0.0659  0.0701  0.0656  0.0650  0.0653  0.0653
  0.0724  0.0670  0.0712  0.0813  0.0777  0.0830  0.0686  0.0761  0.0675  0.0683  0.0674  0.0667
niter,ni,del,rscale     6    3    5.0000    1.2000
parameters
   -1.5878   30.1861    4.8885   -9.7318  -12.7613   -5.5393
   -0.6892    0.0220    0.7301   17.8416    3.4867  -19.8765
eta,q 0.93661 25.78256
  0.0723  0.0702  0.0679  0.0812  0.0710  0.0777  0.0689  0.0754  0.0670  0.0712  0.0677  0.0661
  0.0675  0.0667  0.0651  0.0744  0.0676  0.0719  0.0661  0.0694  0.0651  0.0674  0.0655  0.0643
  0.0644  0.0645  0.0636  0.0673  0.0650  0.0664  0.0642  0.0651  0.0639  0.0649  0.0640  0.0635
  0.0635  0.0635  0.0634  0.0633  0.0633  0.0634  0.0636  0.0636  0.0636  0.0636  0.0634  0.0634
  0.0647  0.0637  0.0646  0.0656  0.0630  0.0659  0.0641  0.0653  0.0640  0.0637  0.0638  0.0640
  0.0678  0.0651  0.0669  0.0726  0.0662  0.0731  0.0658  0.0699  0.0652  0.0654  0.0652  0.0651
  0.0724  0.0677  0.0702  0.0808  0.0748  0.0826  0.0685  0.0761  0.0671  0.0690  0.0673  0.0665
niter,ni,del,rscale     5    3    5.0000    1.2000
parameters
   -1.6164   30.3639    4.6722   -9.6101  -12.8717   -5.8349
   -0.6347   -0.0896    0.7575   18.3258    3.6397  -20.1713
eta,q 0.93660 25.75819
  0.0721  0.0694  0.0682  0.0810  0.0712  0.0780  0.0687  0.0753  0.0670  0.0707  0.0676  0.0663
  0.0673  0.0661  0.0653  0.0741  0.0677  0.0721  0.0659  0.0693  0.0650  0.0670  0.0654  0.0644
  0.0643  0.0641  0.0636  0.0670  0.0651  0.0665  0.0641  0.0650  0.0639  0.0647  0.0640  0.0635
  0.0634  0.0634  0.0634  0.0633  0.0633  0.0633  0.0635  0.0635  0.0635  0.0635  0.0634  0.0634
  0.0646  0.0638  0.0644  0.0658  0.0628  0.0656  0.0641  0.0653  0.0639  0.0637  0.0638  0.0640
  0.0677  0.0654  0.0666  0.0728  0.0658  0.0726  0.0658  0.0699  0.0651  0.0657  0.0652  0.0650
  0.0723  0.0681  0.0697  0.0809  0.0740  0.0822  0.0686  0.0760  0.0669  0.0695  0.0673  0.0664
niter,ni,del,rscale     4    3    5.0000    1.2000
parameters
   -1.6425   30.4672    4.5160   -9.5347  -12.9363   -6.0494
   -0.6172   -0.1841    0.7871   18.6487    3.7535  -20.3780
eta,q 0.93657 25.74189
  0.0721  0.0691  0.0684  0.0809  0.0713  0.0783  0.0687  0.0753  0.0670  0.0705  0.0676  0.0664
  0.0673  0.0659  0.0654  0.0739  0.0678  0.0724  0.0659  0.0694  0.0650  0.0669  0.0654  0.0644
  0.0643  0.0640  0.0637  0.0669  0.0652  0.0667  0.0641  0.0650  0.0639  0.0646  0.0640  0.0635
  0.0634  0.0634  0.0634  0.0634  0.0633  0.0634  0.0635  0.0635  0.0635  0.0635  0.0634  0.0634
  0.0646  0.0639  0.0644  0.0660  0.0629  0.0653  0.0641  0.0652  0.0639  0.0638  0.0639  0.0640
  0.0677  0.0655  0.0665  0.0729  0.0657  0.0723  0.0658  0.0698  0.0651  0.0659  0.0652  0.0650
  0.0722  0.0683  0.0694  0.0810  0.0739  0.0818  0.0686  0.0759  0.0669  0.0698  0.0674  0.0664
niter,ni,del,rscale     3    3    5.0000    1.2000
parameters
   -1.6632   30.5379    4.4014   -9.4854  -12.9838   -6.2055
   -0.6099   -0.2580    0.8097   18.8758    3.8379  -20.5291
eta,q 0.93653 25.72928
  0.0721  0.0690  0.0686  0.0808  0.0714  0.0785  0.0687  0.0754  0.0670  0.0704  0.0676  0.0665
  0.0674  0.0659  0.0656  0.0739  0.0679  0.0726  0.0659  0.0694  0.0650  0.0668  0.0654  0.0645
  0.0643  0.0640  0.0638  0.0669  0.0653  0.0669  0.0641  0.0651  0.0639  0.0646  0.0640  0.0636
  0.0634  0.0634  0.0634  0.0634  0.0634  0.0634  0.0635  0.0635  0.0635  0.0635  0.0635  0.0635
  0.0646  0.0640  0.0643  0.0661  0.0629  0.0652  0.0641  0.0652  0.0639  0.0639  0.0639  0.0640
  0.0676  0.0656  0.0664  0.0730  0.0658  0.0721  0.0659  0.0698  0.0651  0.0661  0.0653  0.0650
  0.0722  0.0685  0.0693  0.0811  0.0739  0.0816  0.0687  0.0759  0.0669  0.0700  0.0674  0.0664
niter,ni,del,rscale     2    3    5.0000    1.2000
parameters
   -1.6789   30.5891    4.3182   -9.4517  -13.0200   -6.3184
   -0.6046   -0.3122    0.8268   19.0430    3.8930  -20.6396
eta,q 0.93649 25.71989
  0.0721  0.0689  0.0687  0.0808  0.0714  0.0787  0.0687  0.0755  0.0671  0.0704  0.0676  0.0666
  0.0674  0.0659  0.0657  0.0739  0.0679  0.0728  0.0659  0.0695  0.0651  0.0668  0.0654  0.0646
  0.0644  0.0641  0.0639  0.0669  0.0653  0.0670  0.0641  0.0651  0.0639  0.0646  0.0640  0.0636
  0.0635  0.0635  0.0635  0.0635  0.0634  0.0635  0.0635  0.0635  0.0635  0.0635  0.0635  0.0635
  0.0646  0.0640  0.0643  0.0662  0.0629  0.0651  0.0641  0.0652  0.0639  0.0640  0.0639  0.0641
  0.0677  0.0657  0.0663  0.0731  0.0658  0.0720  0.0659  0.0697  0.0651  0.0662  0.0653  0.0651
  0.0722  0.0686  0.0692  0.0812  0.0739  0.0815  0.0687  0.0758  0.0670  0.0702  0.0675  0.0664
niter,ni,del,rscale     1    3    5.0000    1.2000
parameters
   -1.6907   30.6272    4.2567   -9.4281  -13.0475   -6.4007
   -0.6014   -0.3502    0.8409   19.1636    3.9367  -20.7232
eta,q 0.93646 25.71272
  0.0722  0.0689  0.0688  0.0808  0.0715  0.0788  0.0687  0.0755  0.0671  0.0704  0.0676  0.0666
  0.0675  0.0659  0.0658  0.0738  0.0680  0.0729  0.0660  0.0696  0.0651  0.0668  0.0654  0.0646
  0.0644  0.0641  0.0640  0.0669  0.0654  0.0672  0.0642  0.0652  0.0639  0.0646  0.0641  0.0637
  0.0635  0.0635  0.0635  0.0635  0.0635  0.0635  0.0636  0.0636  0.0636  0.0636  0.0636  0.0635
  0.0647  0.0641  0.0643  0.0662  0.0630  0.0651  0.0642  0.0652  0.0640  0.0640  0.0640  0.0641
  0.0677  0.0658  0.0663  0.0732  0.0658  0.0719  0.0659  0.0697  0.0651  0.0663  0.0654  0.0651
  0.0722  0.0686  0.0691  0.0812  0.0739  0.0814  0.0687  0.0758  0.0670  0.0703  0.0675  0.0664
registration optimization eta report
parameter search radius
    2.7600    3.1740    2.7600    9.5220    8.2800    7.2000
    7.2000    7.2000    7.2000    8.2800    7.2000    7.2000
100000*second partial in parameter space
      113.       52.       71.       19.       14.       31.
       10.       23.        7.       10.        8.        6.
  0.0722  0.0689  0.0688  0.0808  0.0715  0.0788  0.0687  0.0755  0.0671  0.0704  0.0676  0.0666
  0.0675  0.0659  0.0658  0.0738  0.0680  0.0729  0.0660  0.0696  0.0651  0.0668  0.0654  0.0646
  0.0644  0.0641  0.0640  0.0669  0.0654  0.0672  0.0642  0.0652  0.0639  0.0646  0.0641  0.0637
  0.0635  0.0635  0.0635  0.0635  0.0635  0.0635  0.0636  0.0636  0.0636  0.0636  0.0636  0.0635
  0.0647  0.0641  0.0643  0.0662  0.0630  0.0651  0.0642  0.0652  0.0640  0.0640  0.0640  0.0641
  0.0677  0.0658  0.0663  0.0732  0.0658  0.0719  0.0659  0.0697  0.0651  0.0663  0.0654  0.0651
  0.0722  0.0686  0.0691  0.0812  0.0739  0.0814  0.0687  0.0758  0.0670  0.0703  0.0675  0.0664
   -1.6907   30.6272    4.2567   -9.4281  -13.0475   -6.4007
   -0.6014   -0.3502    0.8409   19.1636    3.9367  -20.7232
eta,q 0.93646 25.71272

---------------------------------------------------------------------
imgreg_4dfp /opt/freesurfer/average/3T18yoSchwartzReactN32_as_orig /opt/freesurfer/average/711-2B_as_mni_average_305_mask talsrcimg_g11 none talsrcimg_to_3T18yoSchwartzReactN32_as_orig_t4 2311
---------------------------------------------------------------------

freesurfer imgreg_4dfp.c
/opt/freesurfer/average/3T18yoSchwartzReactN32_as_orig.4dfp.img
       256       256       256         1
  1.000000  1.000000  1.000000
orientation T byte_order littleendian
Reading image: /opt/freesurfer/average/3T18yoSchwartzReactN32_as_orig.4dfp.img
dimensions:      256       256       256
mmppix:       1.0000   -1.0000   -1.0000
center:     128.0000 -129.0000 -129.0000
/opt/freesurfer/average/711-2B_as_mni_average_305_mask.4dfp.img
       256       256       256         1
  1.000000  1.000000  1.000000
orientation T byte_order littleendian
Reading mask: /opt/freesurfer/average/711-2B_as_mni_average_305_mask.4dfp.img (2306576 pixels)
talsrcimg_g11.4dfp.img
       320       320       320         1
  0.799995  0.799995  0.799995
orientation T byte_order littleendian
Reading image: talsrcimg_g11.4dfp.img
dimensions:      320       320       320
mmppix:       0.8000   -0.8000   -0.8000
center:     127.9992 -128.7992 -128.7992
fimgreg.f
image alignment mode   2311 decimal      907 hex
parameters
   -1.6907   30.6272    4.2567   -9.4281  -13.0475   -6.4007
   -0.6014   -0.3502    0.8409   19.1636    3.9367  -20.7232
eta,q 0.93646 25.71272
niter,ni,del,rscale     5    3    5.0000    0.8000
parameters
   -1.7286   30.6282    4.1612   -9.2835  -11.5679   -6.3556
   -0.5191   -0.3591    0.8534   19.4130    4.0042  -20.8531
eta,q 0.93704 25.83549
  0.0665  0.0649  0.0653  0.0702  0.0672  0.0720  0.0658  0.0692  0.0648  0.0659  0.0650  0.0645
  0.0648  0.0641  0.0642  0.0669  0.0657  0.0681  0.0643  0.0659  0.0638  0.0644  0.0639  0.0635
  0.0638  0.0637  0.0637  0.0645  0.0645  0.0648  0.0633  0.0637  0.0632  0.0634  0.0632  0.0630
  0.0635  0.0635  0.0635  0.0635  0.0635  0.0630  0.0630  0.0630  0.0630  0.0630  0.0630  0.0630
  0.0640  0.0637  0.0639  0.0642  0.0630  0.0637  0.0633  0.0637  0.0632  0.0631  0.0632  0.0633
  0.0651  0.0641  0.0646  0.0663  0.0632  0.0671  0.0642  0.0659  0.0638  0.0639  0.0638  0.0638
  0.0668  0.0649  0.0657  0.0695  0.0647  0.0725  0.0656  0.0692  0.0648  0.0654  0.0649  0.0646
niter,ni,del,rscale     4    3    5.0000    0.7000
parameters
   -1.7408   30.5103    4.2797   -9.4968  -11.5035   -6.1422
   -0.5096   -0.3893    0.8680   19.3016    4.0419  -20.9223
eta,q 0.93718 25.85952
  0.0654  0.0640  0.0648  0.0677  0.0654  0.0707  0.0649  0.0677  0.0642  0.0648  0.0644  0.0641
  0.0640  0.0634  0.0638  0.0651  0.0643  0.0673  0.0637  0.0651  0.0634  0.0637  0.0635  0.0633
  0.0632  0.0630  0.0632  0.0634  0.0635  0.0645  0.0630  0.0634  0.0630  0.0630  0.0630  0.0629
  0.0630  0.0630  0.0630  0.0629  0.0629  0.0629  0.0628  0.0628  0.0628  0.0628  0.0628  0.0628
  0.0633  0.0632  0.0631  0.0638  0.0629  0.0632  0.0631  0.0634  0.0630  0.0631  0.0630  0.0630
  0.0641  0.0636  0.0635  0.0658  0.0637  0.0657  0.0638  0.0651  0.0634  0.0638  0.0635  0.0635
  0.0655  0.0644  0.0643  0.0687  0.0657  0.0699  0.0649  0.0678  0.0642  0.0651  0.0643  0.0641
niter,ni,del,rscale     3    3    5.0000    0.6000
parameters
   -1.7591   30.4807    4.3801   -9.5583  -11.3274   -5.9824
   -0.5030   -0.4125    0.8696   19.2775    4.0703  -20.9420
eta,q 0.93727 25.88617
  0.0646  0.0637  0.0642  0.0666  0.0647  0.0688  0.0643  0.0664  0.0638  0.0643  0.0639  0.0637
  0.0636  0.0632  0.0635  0.0646  0.0639  0.0661  0.0634  0.0644  0.0632  0.0634  0.0633  0.0631
  0.0630  0.0629  0.0630  0.0632  0.0632  0.0640  0.0629  0.0631  0.0628  0.0629  0.0629  0.0628
  0.0628  0.0628  0.0628  0.0628  0.0628  0.0628  0.0627  0.0627  0.0627  0.0627  0.0627  0.0627
  0.0631  0.0629  0.0629  0.0633  0.0628  0.0631  0.0629  0.0632  0.0628  0.0629  0.0628  0.0629
  0.0637  0.0632  0.0632  0.0648  0.0633  0.0650  0.0634  0.0645  0.0632  0.0634  0.0632  0.0632
  0.0647  0.0638  0.0638  0.0669  0.0647  0.0683  0.0643  0.0665  0.0638  0.0643  0.0639  0.0637
niter,ni,del,rscale     2    3    5.0000    0.5000
parameters
   -1.7699   30.4493    4.4694   -9.6169  -11.1563   -5.8438
   -0.4977   -0.4285    0.8767   19.2332    4.0980  -20.9554
eta,q 0.93734 25.90991
  0.0640  0.0633  0.0637  0.0655  0.0641  0.0672  0.0638  0.0653  0.0634  0.0637  0.0635  0.0634
  0.0633  0.0630  0.0632  0.0640  0.0635  0.0651  0.0632  0.0638  0.0630  0.0631  0.0630  0.0629
  0.0628  0.0628  0.0629  0.0630  0.0630  0.0635  0.0628  0.0629  0.0627  0.0628  0.0628  0.0627
  0.0627  0.0627  0.0627  0.0627  0.0627  0.0627  0.0627  0.0627  0.0627  0.0627  0.0627  0.0627
  0.0629  0.0628  0.0628  0.0631  0.0627  0.0629  0.0628  0.0630  0.0627  0.0628  0.0627  0.0628
  0.0633  0.0630  0.0630  0.0641  0.0631  0.0643  0.0632  0.0639  0.0630  0.0632  0.0630  0.0630
  0.0640  0.0634  0.0634  0.0657  0.0640  0.0667  0.0637  0.0653  0.0634  0.0638  0.0635  0.0633
niter,ni,del,rscale     1    3    5.0000    0.4000
parameters
   -1.7785   30.4136    4.5492   -9.6686  -11.0107   -5.7226
   -0.4939   -0.4429    0.8916   19.1735    4.1174  -20.9511
eta,q 0.93739 25.92929
  0.0635  0.0630  0.0633  0.0644  0.0636  0.0657  0.0633  0.0643  0.0631  0.0633  0.0631  0.0631
  0.0630  0.0628  0.0630  0.0635  0.0632  0.0643  0.0629  0.0634  0.0628  0.0629  0.0629  0.0628
  0.0627  0.0627  0.0628  0.0628  0.0628  0.0632  0.0627  0.0628  0.0627  0.0627  0.0627  0.0627
  0.0627  0.0627  0.0627  0.0627  0.0627  0.0626  0.0626  0.0626  0.0626  0.0626  0.0626  0.0626
  0.0627  0.0627  0.0627  0.0629  0.0627  0.0628  0.0627  0.0628  0.0627  0.0627  0.0627  0.0627
  0.0631  0.0629  0.0628  0.0636  0.0629  0.0637  0.0629  0.0634  0.0628  0.0630  0.0628  0.0628
  0.0635  0.0631  0.0631  0.0646  0.0635  0.0653  0.0633  0.0644  0.0631  0.0634  0.0631  0.0631
registration optimization eta report
parameter search radius
    0.8000    0.8000    0.8000    2.4000    2.4000    2.4000
    2.4000    2.4000    2.4000    2.4000    2.4000    2.4000
100000*second partial in parameter space
      131.       66.       88.       32.       15.       50.
       12.       30.        8.       13.        9.        8.
  0.0635  0.0630  0.0633  0.0644  0.0636  0.0657  0.0633  0.0643  0.0631  0.0633  0.0631  0.0631
  0.0630  0.0628  0.0630  0.0635  0.0632  0.0643  0.0629  0.0634  0.0628  0.0629  0.0629  0.0628
  0.0627  0.0627  0.0628  0.0628  0.0628  0.0632  0.0627  0.0628  0.0627  0.0627  0.0627  0.0627
  0.0627  0.0627  0.0627  0.0627  0.0627  0.0626  0.0626  0.0626  0.0626  0.0626  0.0626  0.0626
  0.0627  0.0627  0.0627  0.0629  0.0627  0.0628  0.0627  0.0628  0.0627  0.0627  0.0627  0.0627
  0.0631  0.0629  0.0628  0.0636  0.0629  0.0637  0.0629  0.0634  0.0628  0.0630  0.0628  0.0628
  0.0635  0.0631  0.0631  0.0646  0.0635  0.0653  0.0633  0.0644  0.0631  0.0634  0.0631  0.0631
   -1.7785   30.4136    4.5492   -9.6686  -11.0107   -5.7226
   -0.4939   -0.4429    0.8916   19.1735    4.1174  -20.9511
eta,q 0.93739 25.92929

---------------------------------------------------------------------
imgreg_4dfp /opt/freesurfer/average/3T18yoSchwartzReactN32_as_orig /opt/freesurfer/average/711-2B_as_mni_average_305_mask talsrcimg_g11 none talsrcimg_to_3T18yoSchwartzReactN32_as_orig_t4 2311
---------------------------------------------------------------------

freesurfer imgreg_4dfp.c
/opt/freesurfer/average/3T18yoSchwartzReactN32_as_orig.4dfp.img
       256       256       256         1
  1.000000  1.000000  1.000000
orientation T byte_order littleendian
Reading image: /opt/freesurfer/average/3T18yoSchwartzReactN32_as_orig.4dfp.img
dimensions:      256       256       256
mmppix:       1.0000   -1.0000   -1.0000
center:     128.0000 -129.0000 -129.0000
/opt/freesurfer/average/711-2B_as_mni_average_305_mask.4dfp.img
       256       256       256         1
  1.000000  1.000000  1.000000
orientation T byte_order littleendian
Reading mask: /opt/freesurfer/average/711-2B_as_mni_average_305_mask.4dfp.img (2306576 pixels)
talsrcimg_g11.4dfp.img
       320       320       320         1
  0.799995  0.799995  0.799995
orientation T byte_order littleendian
Reading image: talsrcimg_g11.4dfp.img
dimensions:      320       320       320
mmppix:       0.8000   -0.8000   -0.8000
center:     127.9992 -128.7992 -128.7992
fimgreg.f
image alignment mode   2311 decimal      907 hex
parameters
   -1.7785   30.4136    4.5492   -9.6686  -11.0107   -5.7226
   -0.4939   -0.4429    0.8916   19.1735    4.1174  -20.9511
eta,q 0.93739 25.92930
niter,ni,del,rscale     5    3    5.0000    0.8000
parameters
   -1.7607   30.3480    4.6442   -9.7499  -11.5797   -5.7882
   -0.5125   -0.4668    0.8559   19.0099    4.0863  -20.8162
eta,q 0.93726 25.88898
  0.0660  0.0642  0.0651  0.0690  0.0652  0.0716  0.0653  0.0690  0.0645  0.0652  0.0647  0.0645
  0.0641  0.0633  0.0638  0.0658  0.0640  0.0677  0.0639  0.0657  0.0635  0.0638  0.0636  0.0635
  0.0630  0.0628  0.0629  0.0634  0.0631  0.0644  0.0630  0.0635  0.0629  0.0630  0.0630  0.0629
  0.0626  0.0626  0.0626  0.0626  0.0626  0.0627  0.0627  0.0627  0.0627  0.0627  0.0627  0.0627
  0.0630  0.0628  0.0628  0.0635  0.0629  0.0637  0.0631  0.0635  0.0629  0.0631  0.0630  0.0630
  0.0641  0.0635  0.0635  0.0660  0.0645  0.0673  0.0639  0.0657  0.0635  0.0640  0.0636  0.0635
  0.0658  0.0645  0.0645  0.0696  0.0679  0.0729  0.0654  0.0692  0.0645  0.0657  0.0647  0.0642
niter,ni,del,rscale     4    3    5.0000    0.7000
parameters
   -1.7682   30.4202    4.5588   -9.6351  -11.4996   -5.8187
   -0.5034   -0.4478    0.8482   19.0730    4.0832  -20.8280
eta,q 0.93729 25.88842
  0.0652  0.0641  0.0642  0.0682  0.0652  0.0700  0.0648  0.0677  0.0641  0.0648  0.0642  0.0640
  0.0638  0.0634  0.0633  0.0655  0.0641  0.0666  0.0636  0.0651  0.0633  0.0637  0.0634  0.0632
  0.0630  0.0629  0.0628  0.0635  0.0633  0.0640  0.0629  0.0633  0.0629  0.0630  0.0629  0.0628
  0.0627  0.0627  0.0627  0.0627  0.0627  0.0627  0.0627  0.0627  0.0627  0.0627  0.0627  0.0627
  0.0631  0.0628  0.0630  0.0632  0.0627  0.0635  0.0629  0.0633  0.0629  0.0629  0.0629  0.0629
  0.0639  0.0632  0.0636  0.0650  0.0635  0.0663  0.0636  0.0650  0.0633  0.0636  0.0634  0.0633
  0.0652  0.0638  0.0646  0.0677  0.0654  0.0707  0.0648  0.0677  0.0641  0.0648  0.0643  0.0639
niter,ni,del,rscale     3    3    5.0000    0.6000
parameters
   -1.7715   30.4240    4.5495   -9.6240  -11.3122   -5.7901
   -0.4892   -0.4405    0.8477   19.1051    4.0927  -20.8577
eta,q 0.93733 25.90369
  0.0646  0.0636  0.0639  0.0667  0.0646  0.0685  0.0642  0.0664  0.0637  0.0643  0.0638  0.0636
  0.0635  0.0631  0.0632  0.0646  0.0638  0.0658  0.0634  0.0644  0.0631  0.0634  0.0632  0.0631
  0.0629  0.0628  0.0628  0.0632  0.0631  0.0637  0.0628  0.0631  0.0628  0.0629  0.0628  0.0627
  0.0627  0.0627  0.0627  0.0627  0.0627  0.0627  0.0627  0.0627  0.0627  0.0627  0.0627  0.0627
  0.0629  0.0628  0.0629  0.0632  0.0627  0.0632  0.0628  0.0631  0.0628  0.0628  0.0628  0.0628
  0.0636  0.0631  0.0633  0.0645  0.0632  0.0653  0.0634  0.0644  0.0631  0.0633  0.0632  0.0631
  0.0646  0.0636  0.0639  0.0667  0.0646  0.0687  0.0642  0.0664  0.0637  0.0642  0.0638  0.0636
niter,ni,del,rscale     2    3    5.0000    0.5000
parameters
   -1.7754   30.4066    4.5720   -9.6534  -11.1431   -5.7268
   -0.4826   -0.4395    0.8617   19.1055    4.1053  -20.8896
eta,q 0.93737 25.92032
  0.0640  0.0633  0.0636  0.0655  0.0641  0.0670  0.0637  0.0653  0.0634  0.0637  0.0634  0.0633
  0.0632  0.0629  0.0631  0.0640  0.0634  0.0649  0.0631  0.0638  0.0630  0.0631  0.0630  0.0629
  0.0628  0.0627  0.0628  0.0630  0.0630  0.0634  0.0627  0.0629  0.0627  0.0628  0.0627  0.0627
  0.0627  0.0627  0.0627  0.0627  0.0627  0.0626  0.0626  0.0626  0.0626  0.0626  0.0626  0.0626
  0.0628  0.0627  0.0628  0.0630  0.0627  0.0630  0.0627  0.0629  0.0627  0.0627  0.0627  0.0627
  0.0633  0.0630  0.0630  0.0640  0.0630  0.0645  0.0631  0.0638  0.0629  0.0631  0.0630  0.0630
  0.0640  0.0633  0.0635  0.0656  0.0639  0.0669  0.0637  0.0653  0.0634  0.0637  0.0634  0.0633
niter,ni,del,rscale     1    3    5.0000    0.4000
parameters
   -1.7814   30.3814    4.6110   -9.6878  -10.9954   -5.6511
   -0.4878   -0.4461    0.8718   19.0825    4.1172  -20.9049
eta,q 0.93740 25.93612
  0.0635  0.0630  0.0633  0.0645  0.0636  0.0656  0.0633  0.0643  0.0631  0.0633  0.0631  0.0631
  0.0630  0.0628  0.0629  0.0634  0.0631  0.0642  0.0629  0.0634  0.0628  0.0629  0.0628  0.0628
  0.0627  0.0627  0.0627  0.0628  0.0628  0.0631  0.0627  0.0628  0.0627  0.0627  0.0627  0.0626
  0.0626  0.0626  0.0626  0.0626  0.0626  0.0626  0.0626  0.0626  0.0626  0.0626  0.0626  0.0626
  0.0627  0.0627  0.0627  0.0629  0.0626  0.0628  0.0627  0.0628  0.0626  0.0627  0.0627  0.0627
  0.0630  0.0628  0.0628  0.0635  0.0629  0.0638  0.0629  0.0634  0.0628  0.0629  0.0628  0.0628
  0.0635  0.0631  0.0631  0.0646  0.0634  0.0654  0.0633  0.0643  0.0631  0.0633  0.0631  0.0631
registration optimization eta report
parameter search radius
    0.8000    0.8000    0.8000    2.4000    2.4000    2.4000
    2.4000    2.4000    2.4000    2.4000    2.4000    2.4000
100000*second partial in parameter space
      131.       66.       89.       33.       15.       50.
       12.       30.        8.       13.        9.        8.
  0.0635  0.0630  0.0633  0.0645  0.0636  0.0656  0.0633  0.0643  0.0631  0.0633  0.0631  0.0631
  0.0630  0.0628  0.0629  0.0634  0.0631  0.0642  0.0629  0.0634  0.0628  0.0629  0.0628  0.0628
  0.0627  0.0627  0.0627  0.0628  0.0628  0.0631  0.0627  0.0628  0.0627  0.0627  0.0627  0.0626
  0.0626  0.0626  0.0626  0.0626  0.0626  0.0626  0.0626  0.0626  0.0626  0.0626  0.0626  0.0626
  0.0627  0.0627  0.0627  0.0629  0.0626  0.0628  0.0627  0.0628  0.0626  0.0627  0.0627  0.0627
  0.0630  0.0628  0.0628  0.0635  0.0629  0.0638  0.0629  0.0634  0.0628  0.0629  0.0628  0.0628
  0.0635  0.0631  0.0631  0.0646  0.0634  0.0654  0.0633  0.0643  0.0631  0.0633  0.0631  0.0631
   -1.7814   30.3814    4.6110   -9.6878  -10.9954   -5.6511
   -0.4878   -0.4461    0.8718   19.0825    4.1172  -20.9049
eta,q 0.93740 25.93612

---------------------------------------------------------------------
compute_vox2vox talsrcimg talsrcimg_to_3T18yoSchwartzReactN32_as_orig_t4 /opt/freesurfer/average/3T18yoSchwartzReactN32_as_orig
---------------------------------------------------------------------

freesurfer compute_vox2vox.c
Reading: talsrcimg.4dfp.ifh
Reading: talsrcimg_to_3T18yoSchwartzReactN32_as_orig_t4
Reading: /opt/freesurfer/average/3T18yoSchwartzReactN32_as_orig.4dfp.ifh
Writing: talsrcimg_to_3T18yoSchwartzReactN32_as_orig_t4_vox2vox.txt

start time Thu Oct 5 12:31:41 UTC 2023
end		time Thu Oct 5 12:32:17 UTC 2023

mpr2mni305 success

avi2talxfm orig_nu.mgz /opt/freesurfer/average/mni305.cor.mgz talsrcimg_to_3T18yoSchwartzReactN32_as_orig_t4_vox2vox.txt transforms/talairach.auto.xfm
avi2talxfm done
mv -f /localscratch/bpinsard.41394484.0/freesurfer_crosssectional_autorecon1smriprep_skullstripautorecon2autorecon3_sub05_ses011.job/sub-05_ses-011/mri/talsrcimg_to_3T18yoSchwartzReactN32_as_orig_t4_vox2vox.txt /localscratch/bpinsard.41394484.0/freesurfer_crosssectional_autorecon1smriprep_skullstripautorecon2autorecon3_sub05_ses011.job/sub-05_ses-011/mri/transforms/talsrcimg_to_3T18yoSchwartzReactN32_as_orig_t4_vox2vox.txt
lta_convert --src orig_nu.mgz --trg /opt/freesurfer/average/mni305.cor.mgz --inxfm transforms/talairach.auto.xfm --outlta transforms/talairach.auto.xfm.lta --subject fsaverage
7.4.1

--src: orig_nu.mgz src image (geometry).
--trg: /opt/freesurfer/average/mni305.cor.mgz trg image (geometry).
--inmni: transforms/talairach.auto.xfm input MNI/XFM transform.
--outlta: transforms/talairach.auto.xfm.lta output LTA.
--s: fsaverage subject name
 LTA read, type : 1
 1.10702   0.00383   0.00697   1.90138;
-0.04841   1.01166   0.23735  -35.23344;
-0.00046  -0.21694   1.07258  -23.37241;
 0.00000   0.00000   0.00000   1.00000;
setting subject to fsaverage
Writing  LTA to file transforms/talairach.auto.xfm.lta...
lta_convert successful.
 
 
Started at Thu Oct 5 12:31:41 UTC 2023
Ended   at Thu Oct  5 12:32:17 UTC 2023
talairach_avi done
