1695111933.969343987s 1 0a4da610-2051-4b13-aeba-5fe44239af8d
1695112005.374093495s 1 5838037b-3f36-4466-b09d-c832d7c16d81
1695112075.429200419s 1 3b14ca3b-7811-4ff7-82ac-dac73cc16a8a
1695112087.78755247s 1 5838037b-3f36-4466-b09d-c832d7c16d81
1695112444.456535914s 1 1d3869d8-839e-461e-83b0-0a24f7c64929
1695112474.587158967s 1 5838037b-3f36-4466-b09d-c832d7c16d81
1695112520.733536828s 1 ca68dc56-c38f-49b4-9fdd-274247388cd6
1695112532.679636387s 1 5838037b-3f36-4466-b09d-c832d7c16d81
1695112745.227119389s 1 0cfbc144-c0ab-42d4-a1bd-e14fadaf03b3
1695112756.308404066s 1 5838037b-3f36-4466-b09d-c832d7c16d81
1695113434.345175532s 1 f982671b-a5bd-4952-9c91-19335d6b8c69
1695113447.710054065s 1 5838037b-3f36-4466-b09d-c832d7c16d81
1695113847.930866579s 1 de3eb3b2-8b24-40b7-823e-6aabb9df50bb
1695113875.058452791s 1 5838037b-3f36-4466-b09d-c832d7c16d81
1695114004.786455939s 1 ea4575df-3bb6-419d-b3ba-ec6cd1cb0a8c
1695114028.371973924s 1 5838037b-3f36-4466-b09d-c832d7c16d81
1695114052.275198857s 1 00817891-60a3-4a06-a07e-6664b36025d7
1695114077.628349134s 1 5838037b-3f36-4466-b09d-c832d7c16d81
1695114080.669423473s 1 63808c5a-e8d9-486a-a2d5-aa6d0d987b7d
1695114107.839834971s 1 5838037b-3f36-4466-b09d-c832d7c16d81
1695114134.962138529s 1 a0aa2b7d-13e0-449b-a57f-4ea1abc7b2f5
1695114156.153835967s 1 5838037b-3f36-4466-b09d-c832d7c16d81
1695114164.950063423s 1 e23fe105-daaf-442b-9746-ca0130f260c0
1695114166.714457363s 1 da869936-ebc6-4bb1-b5a8-7dfc89776b2c
1695114186.673929615s 1 5838037b-3f36-4466-b09d-c832d7c16d81
1695114206.50897845s 1 b21920ea-a125-4213-98d2-0012127389fa
1695114209.20696788s 1 5838037b-3f36-4466-b09d-c832d7c16d81
1695114237.412988262s 1 5838037b-3f36-4466-b09d-c832d7c16d81
1695114248.725541643s 1 de05422c-35ad-45af-97f8-e8862e6ceb02
1695114270.981893232s 1 5838037b-3f36-4466-b09d-c832d7c16d81
1695114275.208569283s 1 644b9442-0f41-48c0-83f3-91a8bc02a355
1695114296.265257281s 1 5838037b-3f36-4466-b09d-c832d7c16d81
1695114318.096923615s 1 7dacb280-6b84-4fda-9fbf-0cdfff9865ab
1695114342.602665636s 1 5838037b-3f36-4466-b09d-c832d7c16d81
1695114518.70295703s 1 e0916c92-76d3-4f3d-b450-f0653204d081
1695114532.136447665s 1 5838037b-3f36-4466-b09d-c832d7c16d81
1695114539.027928415s 1 9dc851cc-26d5-4a95-accb-b7fa99e34a94
1695114551.013655279s 1 5838037b-3f36-4466-b09d-c832d7c16d81
1695114579.168453226s 1 322b5f88-7696-479e-b935-c183135f70a0
1695114601.43716392s 1 5838037b-3f36-4466-b09d-c832d7c16d81
1695114677.170347731s 1 77c6aa1a-975b-4739-9870-6c26510cdb13
1695114692.626067157s 1 5838037b-3f36-4466-b09d-c832d7c16d81
1695114717.167032683s 1 dc712e80-49cf-4741-b635-ec968f3aa849
1695114732.243821444s 1 5838037b-3f36-4466-b09d-c832d7c16d81
1695115036.632343785s 1 4dd999d8-dd59-444b-9811-ec4266012eb4
1695115054.736724513s 1 5838037b-3f36-4466-b09d-c832d7c16d81
1695115104.771798272s 1 d7c68bea-f479-4259-bf60-683311d29644
1695115117.493026658s 1 5838037b-3f36-4466-b09d-c832d7c16d81
1695115132.67497295s 1 5e138d92-7224-4e26-9944-d4c16b7c9030
1695115157.344893864s 1 5838037b-3f36-4466-b09d-c832d7c16d81
1695115192.963351039s 1 9571d65b-392d-4a93-b5d8-b3a91c58393d
1695115210.719891862s 1 5838037b-3f36-4466-b09d-c832d7c16d81
1695115257.027691571s 1 4ec433ae-d1d1-4173-bb16-5e14a21c35e0
1695115269.583256379s 1 672d0d90-3b4f-48f3-85e0-92dd608cca1f
1695115289.737877134s 1 5838037b-3f36-4466-b09d-c832d7c16d81
1695115321.996480096s 1 5838037b-3f36-4466-b09d-c832d7c16d81
1695115539.053110253s 1 adaff589-75de-4f41-9b54-4f1c0cfdd6a1
1695115556.63131038s 1 5838037b-3f36-4466-b09d-c832d7c16d81
1695115665.703554346s 1 3c64158b-df19-4116-8fda-88ff27f87125
1695115678.847399503s 1 5838037b-3f36-4466-b09d-c832d7c16d81
1695115715.502513265s 1 40e22e4d-b154-4a87-8fdd-4963c095b9c1
1695115732.054130534s 1 5838037b-3f36-4466-b09d-c832d7c16d81
1695115855.131441873s 1 6d803279-8ee5-4f6d-a29d-18a87a102733
1695115867.620061123s 1 5838037b-3f36-4466-b09d-c832d7c16d81
1695115931.302172977s 1 805e76d3-b2b5-4f36-b320-49ee207f3d8e
1695115945.835486142s 1 5838037b-3f36-4466-b09d-c832d7c16d81
1695116049.684733393s 1 b2629f7b-6a98-45f0-b5b2-819432eb76ff
1695116061.810303875s 1 5838037b-3f36-4466-b09d-c832d7c16d81
1695116064.835864366s 1 71b04bdb-a9e5-44c6-b3fe-06786c919789
1695116091.845144699s 1 5838037b-3f36-4466-b09d-c832d7c16d81
1695116239.278787401s 1 83554d04-47f4-4d18-8951-d584a4de9057
1695116253.417649353s 1 224cfebb-e4a5-407f-8922-dee599966fd7
1695116269.782523368s 1 5838037b-3f36-4466-b09d-c832d7c16d81
1695116295.650143356s 1 5838037b-3f36-4466-b09d-c832d7c16d81
1695116356.977193644s 1 21f3d02d-a222-4452-a046-365aa14e0cf9
1695116373.975118669s 1 5838037b-3f36-4466-b09d-c832d7c16d81
1695116523.118134067s 1 d96a4666-9bcf-48a1-acfe-31a191a81859
1695116543.737038613s 1 5838037b-3f36-4466-b09d-c832d7c16d81
1695116717.454776889s 1 fb7d9bfc-4820-41fc-a2fb-b7dbdf732991
1695116743.366938631s 1 5838037b-3f36-4466-b09d-c832d7c16d81
1695116775.432825835s 1 624c7162-4945-4f9c-9af5-7baf48b62fa7
1695116788.232451289s 1 5838037b-3f36-4466-b09d-c832d7c16d81
1695116957.729093048s 1 6c1f21c3-6ad6-48c4-b1c8-c7ac4ad935c4
1695116983.725448339s 1 5838037b-3f36-4466-b09d-c832d7c16d81
1695117059.882358008s 1 be7dc2c0-73bf-4317-a8e3-8166b396d04f
1695117077.70857056s 1 5838037b-3f36-4466-b09d-c832d7c16d81
1695117240.058521072s 1 4dbfff1f-ff55-41a3-ab92-ac948e561c8b
1695117258.675613682s 1 5838037b-3f36-4466-b09d-c832d7c16d81
1695117347.516565053s 1 08c25ff8-22a2-4fda-9192-0cbcf23adcd9
1695117359.344735581s 1 5838037b-3f36-4466-b09d-c832d7c16d81
1695117442.577842544s 1 533d9a20-0d6f-4782-9b14-011004f2a0a2
1695117457.546810104s 1 5838037b-3f36-4466-b09d-c832d7c16d81
1695117524.544792554s 1 775820f5-4362-4d78-a3e0-2ecb33025363
1695117540.021839727s 1 5838037b-3f36-4466-b09d-c832d7c16d81
1695117550.456636024s 1 0457c44e-0f1f-45a2-991a-f00c0823c18b
1695117581.909097139s 1 5838037b-3f36-4466-b09d-c832d7c16d81
1695117786.449783508s 1 f6e989cc-cdfe-4906-9fa8-c0d0c4be85c2
1695117804.176341183s 1 5838037b-3f36-4466-b09d-c832d7c16d81
1695117818.21646027s 1 038d49bf-91c7-4aee-981e-f4dfa85e06b3
1695117840.768719506s 1 5838037b-3f36-4466-b09d-c832d7c16d81
1695117869.789487098s 1 05e09b3a-c683-4bc2-9ae3-c3065f741df7
1695117880.633185725s 1 088e75a5-39fa-44f6-9d74-a4f493ce2bbc
1695117898.291464177s 1 5838037b-3f36-4466-b09d-c832d7c16d81
1695117933.666516603s 1 5838037b-3f36-4466-b09d-c832d7c16d81
1695117965.837801606s 1 477e9cd6-2246-4f0e-b8b8-2465199f4bc7
1695117978.463364936s 1 5838037b-3f36-4466-b09d-c832d7c16d81
1695118329.163579629s 1 6dfae1e5-38d5-4071-9ed2-844093a85c46
1695118359.300141645s 1 5838037b-3f36-4466-b09d-c832d7c16d81
1695118478.653154374s 1 5f5933cb-ce11-4a38-950b-4bd7c12abbe5
1695118500.915077307s 1 5838037b-3f36-4466-b09d-c832d7c16d81
1695118525.117413841s 1 1c79673a-a002-45b4-bcd9-6d955b8eea12
1695118531.552991021s 1 501990dc-3fc6-4813-addc-f1e3b261efe7
1695118540.669142122s 1 5838037b-3f36-4466-b09d-c832d7c16d81
1695118574.348490188s 1 5838037b-3f36-4466-b09d-c832d7c16d81
1695118610.000454603s 1 8bc6ec29-0309-42e4-8733-7cc9ab8a6952
1695118627.120021693s 1 5838037b-3f36-4466-b09d-c832d7c16d81
1695118678.072494079s 1 97eae822-7df6-48b9-9a84-29d447b871e9
1695118704.84067076s 1 5838037b-3f36-4466-b09d-c832d7c16d81
1695119700.110712598s 1 ed505239-6b5f-45ff-8755-e8b17f41ad0c
1695119725.743281208s 1 5838037b-3f36-4466-b09d-c832d7c16d81
1695119765.827966804s 1 160dcee3-46a3-4d82-9afa-6efa45bc0f21
1695119780.530464143s 1 5838037b-3f36-4466-b09d-c832d7c16d81
1695119886.789460925s 1 b731edf2-07d3-45f7-bbee-9c200404f163
1695119901.632150521s 1 5838037b-3f36-4466-b09d-c832d7c16d81
1695120041.465364353s 1 cf62ceaf-1de5-4acf-a481-bd99214ac7af
1695120056.637355516s 1 5838037b-3f36-4466-b09d-c832d7c16d81
1695120738.867693117s 1 d4e1a2cc-7bfa-4cde-8382-738b02c3f9ff
1695120755.917839142s 1 5838037b-3f36-4466-b09d-c832d7c16d81
1695121261.683936822s 1 54ed7286-f1df-45c9-a574-5bc53e2a00df
1695121282.245989706s 1 5838037b-3f36-4466-b09d-c832d7c16d81
1695121459.712309069s 1 f7a5ab5b-c5b6-4a05-8f94-2738463260ed
1695121463.610440161s 1 4a90f05a-c380-4a21-89d0-521ed9267dee
1695121478.964286384s 1 5838037b-3f36-4466-b09d-c832d7c16d81
1695121510.618723345s 1 5838037b-3f36-4466-b09d-c832d7c16d81
1695123168.216410366s 1 8264aab9-5abe-4bc6-b905-ecd373b36691
1695123199.273086945s 1 5838037b-3f36-4466-b09d-c832d7c16d81
1695124913.543306533s 1 ef525809-5da8-4450-ab96-cc502b1f425d
1695124943.626254664s 1 5838037b-3f36-4466-b09d-c832d7c16d81
1695128044.19864781s 1 6b417bd0-b3e5-462f-a47d-e48ecafd0171
1695128069.155332826s 1 5838037b-3f36-4466-b09d-c832d7c16d81
