Log file for defect2seg
Thu Oct  5 16:07:25 UTC 2023

setenv SUBJECTS_DIR /localscratch/bpinsard.41394439.0/freesurfer_crosssectional_autorecon1smriprep_skullstripautorecon2autorecon3_sub02_ses001.job
cd /localscratch/bpinsard.41394439.0/freesurfer_crosssectional_autorecon1smriprep_skullstripautorecon2autorecon3_sub02_ses001.job/sub-02_ses-001/scripts
/opt/freesurfer/bin/defect2seg --s sub-02_ses-001 --cortex

freesurfer-linux-centos7_x86_64-7.4.1-20230613-7eb8460
defect2seg 7.4.1
Linux bc11958.int.ets1.calculquebec.ca 3.10.0-1160.99.1.el7.x86_64 #1 SMP Wed Sep 13 14:19:20 UTC 2023 x86_64 x86_64 x86_64 GNU/Linux
pid 201116
mri_label2label --label-cortex /localscratch/bpinsard.41394439.0/freesurfer_crosssectional_autorecon1smriprep_skullstripautorecon2autorecon3_sub02_ses001.job/sub-02_ses-001/surf/lh.orig.nofix /localscratch/bpinsard.41394439.0/freesurfer_crosssectional_autorecon1smriprep_skullstripautorecon2autorecon3_sub02_ses001.job/sub-02_ses-001/mri/aseg.presurf.mgz 0 /localscratch/bpinsard.41394439.0/freesurfer_crosssectional_autorecon1smriprep_skullstripautorecon2autorecon3_sub02_ses001.job/sub-02_ses-001/label/lh.nofix.cortex.label

 Generating cortex label... RemoveHipAmgy=0
 NucAccIsMedialWall=0
 mris->useRealRAS=0
22 non-cortical segments detected
only using segment with 12761 vertices
erasing segment 0 (vno[0] = 4370)
erasing segment 1 (vno[0] = 8028)
erasing segment 2 (vno[0] = 16051)
erasing segment 3 (vno[0] = 17451)
erasing segment 5 (vno[0] = 122749)
erasing segment 6 (vno[0] = 144028)
erasing segment 7 (vno[0] = 163907)
erasing segment 8 (vno[0] = 165221)
erasing segment 9 (vno[0] = 166324)
erasing segment 10 (vno[0] = 166522)
erasing segment 11 (vno[0] = 167684)
erasing segment 12 (vno[0] = 167713)
erasing segment 13 (vno[0] = 167720)
erasing segment 14 (vno[0] = 167759)
erasing segment 15 (vno[0] = 167785)
erasing segment 16 (vno[0] = 169124)
erasing segment 17 (vno[0] = 170203)
erasing segment 18 (vno[0] = 171419)
erasing segment 19 (vno[0] = 173797)
erasing segment 20 (vno[0] = 173868)
erasing segment 21 (vno[0] = 175249)
mri_label2vol --defects /localscratch/bpinsard.41394439.0/freesurfer_crosssectional_autorecon1smriprep_skullstripautorecon2autorecon3_sub02_ses001.job/sub-02_ses-001/surf/lh.orig.nofix /localscratch/bpinsard.41394439.0/freesurfer_crosssectional_autorecon1smriprep_skullstripautorecon2autorecon3_sub02_ses001.job/sub-02_ses-001/surf/lh.defect_labels /localscratch/bpinsard.41394439.0/freesurfer_crosssectional_autorecon1smriprep_skullstripautorecon2autorecon3_sub02_ses001.job/sub-02_ses-001/mri/orig.mgz 1000 0 /localscratch/bpinsard.41394439.0/freesurfer_crosssectional_autorecon1smriprep_skullstripautorecon2autorecon3_sub02_ses001.job/sub-02_ses-001/mri/surface.defects.mgz /localscratch/bpinsard.41394439.0/freesurfer_crosssectional_autorecon1smriprep_skullstripautorecon2autorecon3_sub02_ses001.job/sub-02_ses-001/label/lh.nofix.cortex.label
mri_label2vol supposed to be reproducible but seed not set
Contraining to label /localscratch/bpinsard.41394439.0/freesurfer_crosssectional_autorecon1smriprep_skullstripautorecon2autorecon3_sub02_ses001.job/sub-02_ses-001/label/lh.nofix.cortex.label
Changing input type 0 to MRI_INT
Converting defects to volume: offset=1000, merge=0
Writing to /localscratch/bpinsard.41394439.0/freesurfer_crosssectional_autorecon1smriprep_skullstripautorecon2autorecon3_sub02_ses001.job/sub-02_ses-001/mri/surface.defects.mgz
mris_defects_pointset -s /localscratch/bpinsard.41394439.0/freesurfer_crosssectional_autorecon1smriprep_skullstripautorecon2autorecon3_sub02_ses001.job/sub-02_ses-001/surf/lh.orig.nofix -d /localscratch/bpinsard.41394439.0/freesurfer_crosssectional_autorecon1smriprep_skullstripautorecon2autorecon3_sub02_ses001.job/sub-02_ses-001/surf/lh.defect_labels -o /localscratch/bpinsard.41394439.0/freesurfer_crosssectional_autorecon1smriprep_skullstripautorecon2autorecon3_sub02_ses001.job/sub-02_ses-001/surf/lh.defects.pointset --label /localscratch/bpinsard.41394439.0/freesurfer_crosssectional_autorecon1smriprep_skullstripautorecon2autorecon3_sub02_ses001.job/sub-02_ses-001/label/lh.nofix.cortex.label
Reading in surface /localscratch/bpinsard.41394439.0/freesurfer_crosssectional_autorecon1smriprep_skullstripautorecon2autorecon3_sub02_ses001.job/sub-02_ses-001/surf/lh.orig.nofix
Reading in defect segmentation /localscratch/bpinsard.41394439.0/freesurfer_crosssectional_autorecon1smriprep_skullstripautorecon2autorecon3_sub02_ses001.job/sub-02_ses-001/surf/lh.defect_labels
Reading in label /localscratch/bpinsard.41394439.0/freesurfer_crosssectional_autorecon1smriprep_skullstripautorecon2autorecon3_sub02_ses001.job/sub-02_ses-001/label/lh.nofix.cortex.label
#VMPC# mris_defects_pointset 599600
mris_defects_pointset done
mri_label2label --label-cortex /localscratch/bpinsard.41394439.0/freesurfer_crosssectional_autorecon1smriprep_skullstripautorecon2autorecon3_sub02_ses001.job/sub-02_ses-001/surf/rh.orig.nofix /localscratch/bpinsard.41394439.0/freesurfer_crosssectional_autorecon1smriprep_skullstripautorecon2autorecon3_sub02_ses001.job/sub-02_ses-001/mri/aseg.presurf.mgz 0 /localscratch/bpinsard.41394439.0/freesurfer_crosssectional_autorecon1smriprep_skullstripautorecon2autorecon3_sub02_ses001.job/sub-02_ses-001/label/rh.nofix.cortex.label

 Generating cortex label... RemoveHipAmgy=0
 NucAccIsMedialWall=0
 mris->useRealRAS=0
34 non-cortical segments detected
only using segment with 12827 vertices
erasing segment 0 (vno[0] = 3207)
erasing segment 1 (vno[0] = 5329)
erasing segment 2 (vno[0] = 15310)
erasing segment 3 (vno[0] = 23300)
erasing segment 4 (vno[0] = 24600)
erasing segment 6 (vno[0] = 87763)
erasing segment 7 (vno[0] = 105297)
erasing segment 8 (vno[0] = 120769)
erasing segment 9 (vno[0] = 142190)
erasing segment 10 (vno[0] = 145107)
erasing segment 11 (vno[0] = 145276)
erasing segment 12 (vno[0] = 153810)
erasing segment 13 (vno[0] = 153873)
erasing segment 14 (vno[0] = 155111)
erasing segment 15 (vno[0] = 156651)
erasing segment 16 (vno[0] = 156752)
erasing segment 17 (vno[0] = 156786)
erasing segment 18 (vno[0] = 158064)
erasing segment 19 (vno[0] = 159618)
erasing segment 20 (vno[0] = 159761)
erasing segment 21 (vno[0] = 159826)
erasing segment 22 (vno[0] = 161104)
erasing segment 23 (vno[0] = 161221)
erasing segment 24 (vno[0] = 162385)
erasing segment 25 (vno[0] = 165006)
erasing segment 26 (vno[0] = 166096)
erasing segment 27 (vno[0] = 171589)
erasing segment 28 (vno[0] = 174841)
erasing segment 29 (vno[0] = 175958)
erasing segment 30 (vno[0] = 178254)
erasing segment 31 (vno[0] = 188392)
erasing segment 32 (vno[0] = 189601)
erasing segment 33 (vno[0] = 191510)
mri_label2vol --defects /localscratch/bpinsard.41394439.0/freesurfer_crosssectional_autorecon1smriprep_skullstripautorecon2autorecon3_sub02_ses001.job/sub-02_ses-001/surf/rh.orig.nofix /localscratch/bpinsard.41394439.0/freesurfer_crosssectional_autorecon1smriprep_skullstripautorecon2autorecon3_sub02_ses001.job/sub-02_ses-001/surf/rh.defect_labels /localscratch/bpinsard.41394439.0/freesurfer_crosssectional_autorecon1smriprep_skullstripautorecon2autorecon3_sub02_ses001.job/sub-02_ses-001/mri/surface.defects.mgz 2000 1 /localscratch/bpinsard.41394439.0/freesurfer_crosssectional_autorecon1smriprep_skullstripautorecon2autorecon3_sub02_ses001.job/sub-02_ses-001/mri/surface.defects.mgz /localscratch/bpinsard.41394439.0/freesurfer_crosssectional_autorecon1smriprep_skullstripautorecon2autorecon3_sub02_ses001.job/sub-02_ses-001/label/rh.nofix.cortex.label
mri_label2vol supposed to be reproducible but seed not set
Contraining to label /localscratch/bpinsard.41394439.0/freesurfer_crosssectional_autorecon1smriprep_skullstripautorecon2autorecon3_sub02_ses001.job/sub-02_ses-001/label/rh.nofix.cortex.label
Converting defects to volume: offset=2000, merge=1
Writing to /localscratch/bpinsard.41394439.0/freesurfer_crosssectional_autorecon1smriprep_skullstripautorecon2autorecon3_sub02_ses001.job/sub-02_ses-001/mri/surface.defects.mgz
mris_defects_pointset -s /localscratch/bpinsard.41394439.0/freesurfer_crosssectional_autorecon1smriprep_skullstripautorecon2autorecon3_sub02_ses001.job/sub-02_ses-001/surf/rh.orig.nofix -d /localscratch/bpinsard.41394439.0/freesurfer_crosssectional_autorecon1smriprep_skullstripautorecon2autorecon3_sub02_ses001.job/sub-02_ses-001/surf/rh.defect_labels -o /localscratch/bpinsard.41394439.0/freesurfer_crosssectional_autorecon1smriprep_skullstripautorecon2autorecon3_sub02_ses001.job/sub-02_ses-001/surf/rh.defects.pointset --label /localscratch/bpinsard.41394439.0/freesurfer_crosssectional_autorecon1smriprep_skullstripautorecon2autorecon3_sub02_ses001.job/sub-02_ses-001/label/rh.nofix.cortex.label
Reading in surface /localscratch/bpinsard.41394439.0/freesurfer_crosssectional_autorecon1smriprep_skullstripautorecon2autorecon3_sub02_ses001.job/sub-02_ses-001/surf/rh.orig.nofix
Reading in defect segmentation /localscratch/bpinsard.41394439.0/freesurfer_crosssectional_autorecon1smriprep_skullstripautorecon2autorecon3_sub02_ses001.job/sub-02_ses-001/surf/rh.defect_labels
Reading in label /localscratch/bpinsard.41394439.0/freesurfer_crosssectional_autorecon1smriprep_skullstripautorecon2autorecon3_sub02_ses001.job/sub-02_ses-001/label/rh.nofix.cortex.label
#VMPC# mris_defects_pointset 597800
mris_defects_pointset done
 
Started at Thu Oct 5 16:07:25 UTC 2023 
Ended   at Thu Oct  5 16:08:45 UTC 2023
Defect2seg-Run-Time-Sec 80
Defect2seg-Run-Time-Min 1.60
Defect2seg-Run-Time-Hours 0.02
 
defect2seg Done
