/localscratch/bpinsard.41394451.0/freesurfer_crosssectional_autorecon1smriprep_skullstripautorecon2autorecon3_sub02_ses011.job/sub-02_ses-011/mri
/opt/freesurfer/bin/talairach_avi
--i orig_nu.mgz --xfm transforms/talairach.auto.xfm --atlas 3T18yoSchwartzReactN32_as_orig
talairach_avi 7.4.1
Linux bc11947.int.ets1.calculquebec.ca 3.10.0-1160.95.1.el7.x86_64 #1 SMP Mon Jul 24 13:59:37 UTC 2023 x86_64 x86_64 x86_64 GNU/Linux
Thu Oct  5 12:05:45 UTC 2023
mri_convert orig_nu.mgz talsrcimg.img 
reading from orig_nu.mgz...
TR=0.00, TE=0.00, TI=0.00, flip angle=0.00
i_ras = (-1, 0, 0)
j_ras = (0, 0, -1)
k_ras = (0, 1, 0)
writing to talsrcimg.img...
Analyze Output Matrix
-0.80000   0.00000   0.00000   130.09091;
 0.00000   0.00000   0.80000  -102.86742;
 0.00000  -0.80000   0.00000   114.89439;
 0.00000   0.00000   0.00000   1.00000;
--------------------
INFO: set hdr.hist.orient to -1
mpr2mni305 talsrcimg
Thu Oct  5 12:05:46 UTC 2023
/opt/freesurfer/bin/mpr2mni305 talsrcimg
mpr2mni305 7.4.1
target=3T18yoSchwartzReactN32_as_orig

---------------------------------------------------------------------
analyzeto4dfp talsrcimg -O0 -y
---------------------------------------------------------------------

freesurfer ifh2hdr.c
Thu Oct  5 12:05:46 2023
Writing: talsrcimg.4dfp.hdr
freesurfer analyzeto4dfp.c
Reading: talsrcimg.hdr
header size 348 bytes
hdr.dime.datatype	offset=70	value=2
hdr.dime.bitpix		offset=72	value=8
hdr.hist.orient		offset=252	value=-1
dimensionality     4
dimensions       320       320       320         1
Reading: talsrcimg.img
Writing: talsrcimg.4dfp.img
Writing: talsrcimg.4dfp.ifh
ifh2hdr talsrcimg -r0to213
ori=2

---------------------------------------------------------------------
gauss_4dfp talsrcimg 1.1
---------------------------------------------------------------------

freesurfer gauss_4dfp.c
Reading: talsrcimg.4dfp.img
Writing: talsrcimg_g11.4dfp.img
image dimensions 320 320 320 padded to 384 384 384
processing volume 1freesurfer ifh2hdr.c
Thu Oct  5 12:06:03 2023
Writing: talsrcimg_g11.4dfp.hdr

Writing: talsrcimg_g11.4dfp.ifh
including: talsrcimg.4dfp.img.rec in talsrcimg_g11.4dfp.img.rec

---------------------------------------------------------------------
imgreg_4dfp /opt/freesurfer/average/3T18yoSchwartzReactN32_as_orig none talsrcimg_g11 none talsrcimg_to_3T18yoSchwartzReactN32_as_orig_t4 4355
---------------------------------------------------------------------

freesurfer imgreg_4dfp.c
/opt/freesurfer/average/3T18yoSchwartzReactN32_as_orig.4dfp.img
       256       256       256         1
  1.000000  1.000000  1.000000
orientation T byte_order littleendian
Reading image: /opt/freesurfer/average/3T18yoSchwartzReactN32_as_orig.4dfp.img
dimensions:      256       256       256
mmppix:       1.0000   -1.0000   -1.0000
center:     128.0000 -129.0000 -129.0000
talsrcimg_g11.4dfp.img
       320       320       320         1
  0.800000  0.800000  0.800000
orientation T byte_order littleendian
Reading image: talsrcimg_g11.4dfp.img
dimensions:      320       320       320
mmppix:       0.8000   -0.8000   -0.8000
center:     128.0000 -128.8000 -128.8000
t4_read: open error in t4_sub.f l:  46 t4_file(1:l)talsrcimg_to_3T18yoSchwartzReactN32_as_orig_t4 
t4_read: transform initialized to I4
rotation matrix determinant  1.000000
image alignment mode   4355 decimal     1103 hex
   -7.5000  -45.0000  -45.0000 9987.8506   22.0658
    0.0000  -45.0000  -45.000010397.1436   22.0155
    7.5000  -45.0000  -45.0000 9799.5654   21.9643
   -7.5000  -37.5000  -45.000010204.2080   23.1954
    0.0000  -37.5000  -45.000010616.9131   23.1477
    7.5000  -37.5000  -45.000010002.9873   23.1039
   -7.5000  -30.0000  -45.000010817.8184   23.9226
    0.0000  -30.0000  -45.000011250.3184   23.8677
    7.5000  -30.0000  -45.000010603.9248   23.8295
   -7.5000  -22.5000  -45.000011377.3262   24.6065
    0.0000  -22.5000  -45.000011837.5322   24.5437
    7.5000  -22.5000  -45.000011155.9600   24.5048
   -7.5000  -15.0000  -45.000011877.5059   25.2519
    0.0000  -15.0000  -45.000012352.5000   25.1855
    7.5000  -15.0000  -45.000011644.3125   25.1370
   -7.5000   -7.5000  -45.000012350.5547   25.8669
    0.0000   -7.5000  -45.000012852.1963   25.8021
    7.5000   -7.5000  -45.000012112.7080   25.7447
   -7.5000    0.0000  -45.000012857.1191   26.6209
    0.0000    0.0000  -45.000013401.0879   26.5599
    7.5000    0.0000  -45.000012635.0566   26.4996
   -7.5000    7.5000  -45.000012628.5137   28.1518
    0.0000    7.5000  -45.000013168.2812   28.0931
    7.5000    7.5000  -45.000012424.6943   28.0407
   -7.5000   15.0000  -45.000012466.3564   30.0232
    0.0000   15.0000  -45.000013008.3418   29.9604
    7.5000   15.0000  -45.000012274.4297   29.9227
   -7.5000   22.5000  -45.000012151.0283   31.9207
    0.0000   22.5000  -45.000012678.6904   31.8585
    7.5000   22.5000  -45.000011988.5947   31.8408
   -7.5000   30.0000  -45.000011642.1885   33.7030
    0.0000   30.0000  -45.000012182.2598   33.6464
    7.5000   30.0000  -45.000011523.1494   33.6299
   -7.5000   37.5000  -45.000011507.1982   35.6015
    0.0000   37.5000  -45.000012036.7246   35.5423
    7.5000   37.5000  -45.000011401.0303   35.5108
   -7.5000   45.0000  -45.000010856.5635   37.0267
    0.0000   45.0000  -45.000011336.9326   36.9641
    7.5000   45.0000  -45.000010759.0801   36.9261
   -7.5000  -45.0000  -37.500010400.7510   22.0681
    0.0000  -45.0000  -37.500010780.9609   22.0217
    7.5000  -45.0000  -37.500010168.5059   21.9642
   -7.5000  -37.5000  -37.500010631.0146   23.1968
    0.0000  -37.5000  -37.500011020.2285   23.1558
    7.5000  -37.5000  -37.500010392.2803   23.1064
   -7.5000  -30.0000  -37.500011288.2744   23.9236
    0.0000  -30.0000  -37.500011712.7148   23.8776
    7.5000  -30.0000  -37.500011034.4697   23.8359
   -7.5000  -22.5000  -37.500011901.8223   24.6087
    0.0000  -22.5000  -37.500012344.3701   24.5567
    7.5000  -22.5000  -37.500011620.3604   24.5159
   -7.5000  -15.0000  -37.500012458.1562   25.2561
    0.0000  -15.0000  -37.500012914.8232   25.1989
    7.5000  -15.0000  -37.500012147.1992   25.1473
   -7.5000   -7.5000  -37.500012961.3770   25.8723
    0.0000   -7.5000  -37.500013454.5420   25.8134
    7.5000   -7.5000  -37.500012658.0088   25.7498
   -7.5000    0.0000  -37.500013514.4424   26.6233
    0.0000    0.0000  -37.500014057.1191   26.5670
    7.5000    0.0000  -37.500013232.2119   26.4994
   -7.5000    7.5000  -37.500013300.6455   28.1532
    0.0000    7.5000  -37.500013849.6348   28.1025
    7.5000    7.5000  -37.500013034.6963   28.0433
   -7.5000   15.0000  -37.500013160.2061   30.0345
    0.0000   15.0000  -37.500013728.6543   29.9811
    7.5000   15.0000  -37.500012928.7803   29.9398
   -7.5000   22.5000  -37.500012834.3115   31.9340
    0.0000   22.5000  -37.500013398.0156   31.8819
    7.5000   22.5000  -37.500012654.8848   31.8622
   -7.5000   30.0000  -37.500012311.3115   33.7066
    0.0000   30.0000  -37.500012865.3740   33.6592
    7.5000   30.0000  -37.500012166.2568   33.6380
   -7.5000   37.5000  -37.500012166.8193   35.5952
    0.0000   37.5000  -37.500012704.0967   35.5449
    7.5000   37.5000  -37.500012046.1338   35.5086
   -7.5000   45.0000  -37.500011495.1426   37.0158
    0.0000   45.0000  -37.500011984.7900   36.9601
    7.5000   45.0000  -37.500011380.2461   36.9141
   -7.5000  -45.0000  -30.000010970.3408   22.9219
    0.0000  -45.0000  -30.000011338.3750   22.8759
    7.5000  -45.0000  -30.000010675.3955   22.8180
   -7.5000  -37.5000  -30.000011220.8184   24.0935
    0.0000  -37.5000  -30.000011592.2705   24.0552
    7.5000  -37.5000  -30.000010923.9248   24.0052
   -7.5000  -30.0000  -30.000011947.9541   24.8780
    0.0000  -30.0000  -30.000012351.1006   24.8368
    7.5000  -30.0000  -30.000011628.2471   24.7950
   -7.5000  -22.5000  -30.000012613.0361   25.6199
    0.0000  -22.5000  -30.000013052.8916   25.5749
    7.5000  -22.5000  -30.000012270.3564   25.5350
   -7.5000  -15.0000  -30.000013222.8340   26.3185
    0.0000  -15.0000  -30.000013688.6484   26.2676
    7.5000  -15.0000  -30.000012844.9375   26.2168
   -7.5000   -7.5000  -30.000013774.6494   26.9798
    0.0000   -7.5000  -30.000014286.5586   26.9236
    7.5000   -7.5000  -30.000013390.5996   26.8596
   -7.5000    0.0000  -30.000014394.7920   27.7872
    0.0000    0.0000  -30.000014948.2256   27.7309
    7.5000    0.0000  -30.000014033.6846   27.6625
   -7.5000    7.5000  -30.000014196.0762   29.3822
    0.0000    7.5000  -30.000014774.8057   29.3346
    7.5000    7.5000  -30.000013876.2354   29.2743
   -7.5000   15.0000  -30.000014073.8223   31.3628
    0.0000   15.0000  -30.000014677.2549   31.3188
    7.5000   15.0000  -30.000013796.7480   31.2794
   -7.5000   22.5000  -30.000013750.8154   33.3437
    0.0000   22.5000  -30.000014335.7119   33.2997
    7.5000   22.5000  -30.000013526.5088   33.2838
   -7.5000   30.0000  -30.000013194.1064   35.2001
    0.0000   30.0000  -30.000013761.7744   35.1583
    7.5000   30.0000  -30.000013015.1768   35.1442
   -7.5000   37.5000  -30.000013025.2373   37.1491
    0.0000   37.5000  -30.000013578.0596   37.1029
    7.5000   37.5000  -30.000012881.8252   37.0768
   -7.5000   45.0000  -30.000012313.6680   38.6469
    0.0000   45.0000  -30.000012820.1777   38.5970
    7.5000   45.0000  -30.000012180.6006   38.5588
   -7.5000  -45.0000  -22.500011481.9199   23.5832
    0.0000  -45.0000  -22.500011838.0723   23.5339
    7.5000  -45.0000  -22.500011184.5215   23.4823
   -7.5000  -37.5000  -22.500011763.9512   24.7908
    0.0000  -37.5000  -22.500012124.0430   24.7484
    7.5000  -37.5000  -22.500011459.4346   24.7037
   -7.5000  -30.0000  -22.500012574.7061   25.6207
    0.0000  -30.0000  -22.500012969.3613   25.5746
    7.5000  -30.0000  -22.500012231.7949   25.5357
   -7.5000  -22.5000  -22.500013314.6748   26.4044
    0.0000  -22.5000  -22.500013746.0908   26.3558
    7.5000  -22.5000  -22.500012934.5234   26.3178
   -7.5000  -15.0000  -22.500013989.1729   27.1386
    0.0000  -15.0000  -22.500014470.4531   27.0854
    7.5000  -15.0000  -22.500013576.0059   27.0386
   -7.5000   -7.5000  -22.500014602.7373   27.8365
    0.0000   -7.5000  -22.500015134.1807   27.7775
    7.5000   -7.5000  -22.500014178.1855   27.7206
   -7.5000    0.0000  -22.500015300.2803   28.6963
    0.0000    0.0000  -22.500015862.4365   28.6358
    7.5000    0.0000  -22.500014904.5898   28.5746
   -7.5000    7.5000  -22.500015126.2217   30.3450
    0.0000    7.5000  -22.500015726.2783   30.2922
    7.5000    7.5000  -22.500014771.6084   30.2382
   -7.5000   15.0000  -22.500014998.0674   32.3968
    0.0000   15.0000  -22.500015639.4961   32.3526
    7.5000   15.0000  -22.500014691.4004   32.3182
   -7.5000   22.5000  -22.500014646.1221   34.4337
    0.0000   22.5000  -22.500015279.4062   34.3883
    7.5000   22.5000  -22.500014397.1865   34.3773
   -7.5000   30.0000  -22.500014060.7637   36.3631
    0.0000   30.0000  -22.500014670.9932   36.3184
    7.5000   30.0000  -22.500013866.0713   36.3161
   -7.5000   37.5000  -22.500013909.7471   38.3647
    0.0000   37.5000  -22.500014509.5068   38.3137
    7.5000   37.5000  -22.500013738.7471   38.3032
   -7.5000   45.0000  -22.500013176.4424   39.9335
    0.0000   45.0000  -22.500013717.2734   39.8822
    7.5000   45.0000  -22.500012988.9287   39.8602
   -7.5000  -45.0000  -15.000011993.4766   24.0290
    0.0000  -45.0000  -15.000012347.4990   23.9750
    7.5000  -45.0000  -15.000011689.4648   23.9303
   -7.5000  -37.5000  -15.000012280.5029   25.2621
    0.0000  -37.5000  -15.000012631.9414   25.2119
    7.5000  -37.5000  -15.000011982.4287   25.1734
   -7.5000  -30.0000  -15.000013171.9580   26.1152
    0.0000  -30.0000  -15.000013553.5498   26.0587
    7.5000  -30.0000  -15.000012817.9541   26.0240
   -7.5000  -22.5000  -15.000013995.1250   26.9223
    0.0000  -22.5000  -15.000014412.8994   26.8615
    7.5000  -22.5000  -15.000013596.7344   26.8258
   -7.5000  -15.0000  -15.000014760.7432   27.6806
    0.0000  -15.0000  -15.000015252.3418   27.6167
    7.5000  -15.0000  -15.000014330.9678   27.5734
   -7.5000   -7.5000  -15.000015479.5361   28.4099
    0.0000   -7.5000  -15.000016051.7656   28.3438
    7.5000   -7.5000  -15.000015037.9297   28.2939
   -7.5000    0.0000  -15.000016281.0703   29.3152
    0.0000    0.0000  -15.000016862.3398   29.2488
    7.5000    0.0000  -15.000015840.6641   29.1956
   -7.5000    7.5000  -15.000016080.9268   31.0012
    0.0000    7.5000  -15.000016665.6445   30.9387
    7.5000    7.5000  -15.000015669.4199   30.8921
   -7.5000   15.0000  -15.000015959.5254   33.0850
    0.0000   15.0000  -15.000016591.8203   33.0302
    7.5000   15.0000  -15.000015570.7705   33.0009
   -7.5000   22.5000  -15.000015615.6875   35.1605
    0.0000   22.5000  -15.000016253.0488   35.1032
    7.5000   22.5000  -15.000015254.1133   35.0959
   -7.5000   30.0000  -15.000015043.1631   37.1388
    0.0000   30.0000  -15.000015643.5732   37.0824
    7.5000   30.0000  -15.000014711.4492   37.0855
   -7.5000   37.5000  -15.000014928.9990   39.1938
    0.0000   37.5000  -15.000015506.5732   39.1310
    7.5000   37.5000  -15.000014594.9727   39.1259
   -7.5000   45.0000  -15.000014148.1064   40.8058
    0.0000   45.0000  -15.000014698.0342   40.7452
    7.5000   45.0000  -15.000013822.1924   40.7327
   -7.5000  -45.0000   -7.500012398.2070   24.2760
    0.0000  -45.0000   -7.500012785.9580   24.2191
    7.5000  -45.0000   -7.500012168.9199   24.1727
   -7.5000  -37.5000   -7.500012694.3428   25.5203
    0.0000  -37.5000   -7.500013081.2031   25.4653
    7.5000  -37.5000   -7.500012447.7451   25.4255
   -7.5000  -30.0000   -7.500013684.1523   26.3814
    0.0000  -30.0000   -7.500014106.3711   26.3179
    7.5000  -30.0000   -7.500013357.4795   26.2824
   -7.5000  -22.5000   -7.500014637.8320   27.2021
    0.0000  -22.5000   -7.500015090.6904   27.1309
    7.5000  -22.5000   -7.500014212.8027   27.0934
   -7.5000  -15.0000   -7.500015548.5684   27.9835
    0.0000  -15.0000   -7.500016077.9688   27.9093
    7.5000  -15.0000   -7.500015036.6162   27.8632
   -7.5000   -7.5000   -7.500016500.4219   28.7430
    0.0000   -7.5000   -7.500017141.2051   28.6703
    7.5000   -7.5000   -7.500015895.5586   28.6175
   -7.5000    0.0000   -7.500017510.2168   29.6826
    0.0000    0.0000   -7.500018160.5059   29.6126
    7.5000    0.0000   -7.500016814.1914   29.5573
   -7.5000    7.5000   -7.500017211.5000   31.3865
    0.0000    7.5000   -7.500017792.6504   31.3180
    7.5000    7.5000   -7.500016537.1465   31.2698
   -7.5000   15.0000   -7.500016970.1953   33.4753
    0.0000   15.0000   -7.500017537.5176   33.4079
    7.5000   15.0000   -7.500016340.5117   33.3755
   -7.5000   22.5000   -7.500016565.7793   35.5788
    0.0000   22.5000   -7.500017154.1094   35.5095
    7.5000   22.5000   -7.500015984.9824   35.4984
   -7.5000   30.0000   -7.500015957.5195   37.5762
    0.0000   30.0000   -7.500016560.6816   37.5104
    7.5000   30.0000   -7.500015453.3066   37.5062
   -7.5000   37.5000   -7.500015796.7998   39.6794
    0.0000   37.5000   -7.500016416.1406   39.6091
    7.5000   37.5000   -7.500015376.4580   39.5924
   -7.5000   45.0000   -7.500014895.6846   41.2974
    0.0000   45.0000   -7.500015528.9824   41.2284
    7.5000   45.0000   -7.500014576.5127   41.2065
   -7.5000  -45.0000    0.000012720.5459   24.4565
    0.0000  -45.0000    0.000013159.6846   24.4008
    7.5000  -45.0000    0.000012520.3906   24.3440
   -7.5000  -37.5000    0.000013088.6826   25.7085
    0.0000  -37.5000    0.000013502.9219   25.6557
    7.5000  -37.5000    0.000012752.9092   25.6071
   -7.5000  -30.0000    0.000014254.8145   26.5765
    0.0000  -30.0000    0.000014685.3418   26.5155
    7.5000  -30.0000    0.000013721.7451   26.4730
   -7.5000  -22.5000    0.000015367.7803   27.4101
    0.0000  -22.5000    0.000015801.1836   27.3401
    7.5000  -22.5000    0.000014627.9551   27.2967
   -7.5000  -15.0000    0.000016402.1797   28.2145
    0.0000  -15.0000    0.000016885.2305   28.1402
    7.5000  -15.0000    0.000015513.4209   28.0861
   -7.5000   -7.5000    0.000017479.2793   29.0048
    0.0000   -7.5000    0.000018107.0625   28.9321
    7.5000   -7.5000    0.000016459.6172   28.8678
   -7.5000    0.0000    0.000018555.6309   29.9734
    0.0000    0.0000    0.000019325.5566   29.9048
    7.5000    0.0000    0.000017474.0254   29.8369
   -7.5000    7.5000    0.000018112.8262   31.6933
    0.0000    7.5000    0.000018821.0137   31.6273
    7.5000    7.5000    0.000017138.4844   31.5682
   -7.5000   15.0000    0.000017667.5586   33.7959
    0.0000   15.0000    0.000018327.8555   33.7251
    7.5000   15.0000    0.000016876.3516   33.6827
   -7.5000   22.5000    0.000017074.4023   35.9220
    0.0000   22.5000    0.000017746.8066   35.8521
    7.5000   22.5000    0.000016486.2305   35.8322
   -7.5000   30.0000    0.000016345.5195   37.9210
    0.0000   30.0000    0.000017047.1484   37.8573
    7.5000   30.0000    0.000015951.6709   37.8388
   -7.5000   37.5000    0.000016146.5879   40.0572
    0.0000   37.5000    0.000016898.5156   39.9906
    7.5000   37.5000    0.000015903.7627   39.9552
   -7.5000   45.0000    0.000015245.2930   41.6741
    0.0000   45.0000    0.000015970.3701   41.6038
    7.5000   45.0000    0.000015102.7031   41.5609
   -7.5000  -45.0000    7.500012228.5898   24.3825
    0.0000  -45.0000    7.500012600.1592   24.3312
    7.5000  -45.0000    7.500011775.9883   24.2677
   -7.5000  -37.5000    7.500012541.5439   25.6296
    0.0000  -37.5000    7.500012907.2754   25.5843
    7.5000  -37.5000    7.500011982.0439   25.5297
   -7.5000  -30.0000    7.500013624.3857   26.4986
    0.0000  -30.0000    7.500014033.5518   26.4477
    7.5000  -30.0000    7.500012941.7510   26.4015
   -7.5000  -22.5000    7.500014642.3604   27.3349
    0.0000  -22.5000    7.500015106.4492   27.2771
    7.5000  -22.5000    7.500013854.5449   27.2318
   -7.5000  -15.0000    7.500015570.6016   28.1426
    0.0000  -15.0000    7.500016110.4072   28.0789
    7.5000  -15.0000    7.500014747.8057   28.0214
   -7.5000   -7.5000    7.500016466.1855   28.9352
    0.0000   -7.5000    7.500017164.9160   28.8694
    7.5000   -7.5000    7.500015665.0996   28.7982
   -7.5000    0.0000    7.500017388.6699   29.9008
    0.0000    0.0000    7.500018193.7148   29.8376
    7.5000    0.0000    7.500016665.7949   29.7617
   -7.5000    7.5000    7.500016946.2734   31.6148
    0.0000    7.5000    7.500017663.0742   31.5579
    7.5000    7.5000    7.500016356.0010   31.4914
   -7.5000   15.0000    7.500016573.4395   33.7258
    0.0000   15.0000    7.500017292.2012   33.6659
    7.5000   15.0000    7.500016131.5107   33.6195
   -7.5000   22.5000    7.500016074.8047   35.8520
    0.0000   22.5000    7.500016821.3809   35.7935
    7.5000   22.5000    7.500015776.2500   35.7714
   -7.5000   30.0000    7.500015378.8623   37.8390
    0.0000   30.0000    7.500016110.7314   37.7858
    7.5000   30.0000    7.500015190.9131   37.7620
   -7.5000   37.5000    7.500015199.0312   39.9591
    0.0000   37.5000    7.500015903.3174   39.9026
    7.5000   37.5000    7.500015071.8125   39.8619
   -7.5000   45.0000    7.500014343.1826   41.5707
    0.0000   45.0000    7.500015010.5635   41.5081
    7.5000   45.0000    7.500014262.5088   41.4565
   -7.5000  -45.0000   15.000011285.2920   24.3231
    0.0000  -45.0000   15.000011683.3125   24.2743
    7.5000  -45.0000   15.000010906.2217   24.2127
   -7.5000  -37.5000   15.000011460.0703   25.5652
    0.0000  -37.5000   15.000011904.7842   25.5246
    7.5000  -37.5000   15.000011106.8232   25.4714
   -7.5000  -30.0000   15.000012450.2939   26.4380
    0.0000  -30.0000   15.000012945.5205   26.3941
    7.5000  -30.0000   15.000012048.5664   26.3495
   -7.5000  -22.5000   15.000013406.5889   27.2792
    0.0000  -22.5000   15.000013939.8926   27.2312
    7.5000  -22.5000   15.000012945.7227   27.1885
   -7.5000  -15.0000   15.000014294.2607   28.0896
    0.0000  -15.0000   15.000014856.6328   28.0352
    7.5000  -15.0000   15.000013789.2158   27.9808
   -7.5000   -7.5000   15.000015162.0898   28.8796
    0.0000   -7.5000   15.000015803.3535   28.8193
    7.5000   -7.5000   15.000014654.8076   28.7507
   -7.5000    0.0000   15.000016057.7832   29.8416
    0.0000    0.0000   15.000016705.1523   29.7811
    7.5000    0.0000   15.000015597.2402   29.7075
   -7.5000    7.5000   15.000015651.6475   31.5521
    0.0000    7.5000   15.000016219.1553   31.5009
    7.5000    7.5000   15.000015295.1299   31.4361
   -7.5000   15.0000   15.000015346.5518   33.6800
    0.0000   15.0000   15.000015957.9766   33.6328
    7.5000   15.0000   15.000015094.9893   33.5902
   -7.5000   22.5000   15.000014929.2002   35.8030
    0.0000   22.5000   15.000015556.9062   35.7559
    7.5000   22.5000   15.000014756.8652   35.7386
   -7.5000   30.0000   15.000014328.6104   37.7951
    0.0000   30.0000   15.000014941.4434   37.7506
    7.5000   30.0000   15.000014200.9258   37.7352
   -7.5000   37.5000   15.000014180.5527   39.8881
    0.0000   37.5000   15.000014797.5010   39.8389
    7.5000   37.5000   15.000014073.1807   39.8109
   -7.5000   45.0000   15.000013392.5293   41.5078
    0.0000   45.0000   15.000013996.5156   41.4547
    7.5000   45.0000   15.000013311.3389   41.4137
   -7.5000  -45.0000   22.500010181.3564   24.6036
    0.0000  -45.0000   22.500010619.9404   24.5512
    7.5000  -45.0000   22.500010042.1611   24.4958
   -7.5000  -37.5000   22.500010395.0771   25.8760
    0.0000  -37.5000   22.500010851.1221   25.8311
    7.5000  -37.5000   22.500010267.7656   25.7829
   -7.5000  -30.0000   22.500011319.3770   26.7613
    0.0000  -30.0000   22.500011802.0605   26.7124
    7.5000  -30.0000   22.500011139.2344   26.6705
   -7.5000  -22.5000   22.500012216.0889   27.6101
    0.0000  -22.5000   22.500012713.2910   27.5584
    7.5000  -22.5000   22.500011963.0352   27.5175
   -7.5000  -15.0000   22.500013056.5908   28.4219
    0.0000  -15.0000   22.500013559.2803   28.3651
    7.5000  -15.0000   22.500012741.2041   28.3148
   -7.5000   -7.5000   22.500013905.8857   29.2108
    0.0000   -7.5000   22.500014436.5723   29.1477
    7.5000   -7.5000   22.500013537.6738   29.0863
   -7.5000    0.0000   22.500014779.2012   30.1810
    0.0000    0.0000   22.500015312.6680   30.1161
    7.5000    0.0000   22.500014392.3242   30.0499
   -7.5000    7.5000   22.500014457.0342   31.9373
    0.0000    7.5000   22.500014962.5752   31.8809
    7.5000    7.5000   22.500014139.8721   31.8221
   -7.5000   15.0000   22.500014211.3105   34.1336
    0.0000   15.0000   22.500014735.5771   34.0864
    7.5000   15.0000   22.500013976.8643   34.0485
   -7.5000   22.5000   22.500013846.0664   36.3151
    0.0000   22.5000   22.500014365.3906   36.2665
    7.5000   22.5000   22.500013678.4785   36.2536
   -7.5000   30.0000   22.500013315.9980   38.3899
    0.0000   30.0000   22.500013825.9492   38.3423
    7.5000   30.0000   22.500013193.2939   38.3385
   -7.5000   37.5000   22.500013197.3926   40.5409
    0.0000   37.5000   22.500013725.4365   40.4864
    7.5000   37.5000   22.500013096.1299   40.4738
   -7.5000   45.0000   22.500012496.0967   42.2474
    0.0000   45.0000   22.500013035.3125   42.1928
    7.5000   45.0000   22.500012414.2676   42.1672
   -7.5000  -45.0000   30.0000 9218.3701   25.0586
    0.0000  -45.0000   30.0000 9614.4648   25.0008
    7.5000  -45.0000   30.0000 9157.1494   24.9494
   -7.5000  -37.5000   30.0000 9451.8555   26.3786
    0.0000  -37.5000   30.0000 9863.0488   26.3257
    7.5000  -37.5000   30.0000 9382.6104   26.2808
   -7.5000  -30.0000   30.000010292.0771   27.2729
    0.0000  -30.0000   30.000010705.5049   27.2129
    7.5000  -30.0000   30.000010168.7725   27.1724
   -7.5000  -22.5000   30.000011095.4727   28.1276
    0.0000  -22.5000   30.000011509.7803   28.0626
    7.5000  -22.5000   30.000010913.0771   28.0210
   -7.5000  -15.0000   30.000011861.5127   28.9440
    0.0000  -15.0000   30.000012290.2402   28.8755
    7.5000  -15.0000   30.000011627.8320   28.8254
   -7.5000   -7.5000   30.000012641.8955   29.7391
    0.0000   -7.5000   30.000013104.0000   29.6680
    7.5000   -7.5000   30.000012373.1992   29.6104
   -7.5000    0.0000   30.000013474.6768   30.7293
    0.0000    0.0000   30.000013943.7178   30.6579
    7.5000    0.0000   30.000013168.6660   30.5964
   -7.5000    7.5000   30.000013229.7256   32.5570
    0.0000    7.5000   30.000013710.0254   32.4906
    7.5000    7.5000   30.000012974.8076   32.4361
   -7.5000   15.0000   30.000013028.8252   34.8362
    0.0000   15.0000   30.000013515.9443   34.7784
    7.5000   15.0000   30.000012825.7373   34.7422
   -7.5000   22.5000   30.000012728.5371   37.1155
    0.0000   22.5000   30.000013208.1045   37.0548
    7.5000   22.5000   30.000012575.2754   37.0424
   -7.5000   30.0000   30.000012267.9658   39.3068
    0.0000   30.0000   30.000012745.6123   39.2471
    7.5000   30.0000   30.000012154.3037   39.2456
   -7.5000   37.5000   30.000012188.8389   41.5783
    0.0000   37.5000   30.000012679.7305   41.5118
    7.5000   37.5000   30.000012085.7236   41.5003
   -7.5000   45.0000   30.000011565.4775   43.4005
    0.0000   45.0000   30.000012067.1562   43.3368
    7.5000   45.0000   30.000011487.6328   43.3163
   -7.5000  -45.0000   37.5000 8765.5518   26.1076
    0.0000  -45.0000   37.5000 9133.8496   26.0419
    7.5000  -45.0000   37.5000 8712.1523   25.9801
   -7.5000  -37.5000   37.5000 9024.1201   27.5276
    0.0000  -37.5000   37.5000 9400.7227   27.4652
    7.5000  -37.5000   37.5000 8952.0010   27.4109
   -7.5000  -30.0000   37.5000 9797.0166   28.4333
    0.0000  -30.0000   37.500010177.5674   28.3609
    7.5000  -30.0000   37.5000 9686.5273   28.3111
   -7.5000  -22.5000   37.500010537.1240   29.3035
    0.0000  -22.5000   37.500010923.4561   29.2210
    7.5000  -22.5000   37.500010389.7217   29.1684
   -7.5000  -15.0000   37.500011264.2891   30.1425
    0.0000  -15.0000   37.500011668.1357   30.0561
    7.5000  -15.0000   37.500011085.3428   29.9933
   -7.5000   -7.5000   37.500012011.5195   30.9651
    0.0000   -7.5000   37.500012443.2314   30.8805
    7.5000   -7.5000   37.500011803.3252   30.8099
   -7.5000    0.0000   37.500012824.2783   31.9956
    0.0000    0.0000   37.500013266.5342   31.9147
    7.5000    0.0000   37.500012577.9199   31.8409
   -7.5000    7.5000   37.500012651.5029   33.9677
    0.0000    7.5000   37.500013109.8379   33.8897
    7.5000    7.5000   37.500012430.8232   33.8237
   -7.5000   15.0000   37.500012510.2520   36.3905
    0.0000   15.0000   37.500012959.9570   36.3134
    7.5000   15.0000   37.500012323.9844   36.2637
   -7.5000   22.5000   37.500012226.1270   38.7920
    0.0000   22.5000   37.500012671.9199   38.7120
    7.5000   22.5000   37.500012077.9336   38.6850
   -7.5000   30.0000   37.500011791.8369   41.0903
    0.0000   30.0000   37.500012267.9951   41.0140
    7.5000   30.0000   37.500011682.8262   40.9934
   -7.5000   37.5000   37.500011724.5176   43.5018
    0.0000   37.5000   37.500012218.7949   43.4204
    7.5000   37.5000   37.500011627.8135   43.3835
   -7.5000   45.0000   37.500011149.6553   45.3820
    0.0000   45.0000   37.500011616.7861   45.3032
    7.5000   45.0000   37.500011055.8789   45.2586
   -7.5000  -45.0000   45.0000 8067.4492   27.4192
    0.0000  -45.0000   45.0000 8388.4678   27.3511
    7.5000  -45.0000   45.0000 8013.4160   27.2727
   -7.5000  -37.5000   45.0000 8339.7461   28.9352
    0.0000  -37.5000   45.0000 8669.3975   28.8716
    7.5000  -37.5000   45.0000 8284.7637   28.8040
   -7.5000  -30.0000   45.0000 9034.4736   29.8738
    0.0000  -30.0000   45.0000 9372.8008   29.7994
    7.5000  -30.0000   45.0000 8963.6465   29.7387
   -7.5000  -22.5000   45.0000 9704.0215   30.7794
    0.0000  -22.5000   45.000010061.5771   30.6928
    7.5000  -22.5000   45.0000 9607.9150   30.6293
   -7.5000  -15.0000   45.000010363.0439   31.6502
    0.0000  -15.0000   45.000010742.1240   31.5581
    7.5000  -15.0000   45.000010240.8721   31.4805
   -7.5000   -7.5000   45.000011042.5830   32.5010
    0.0000   -7.5000   45.000011441.6055   32.4118
    7.5000   -7.5000   45.000010904.5879   32.3219
   -7.5000    0.0000   45.000011793.4668   33.5755
    0.0000    0.0000   45.000012221.5537   33.4918
    7.5000    0.0000   45.000011609.3359   33.3983
   -7.5000    7.5000   45.000011707.6631   35.6985
    0.0000    7.5000   45.000012144.3105   35.6189
    7.5000    7.5000   45.000011529.2549   35.5366
   -7.5000   15.0000   45.000011547.0996   38.2168
    0.0000   15.0000   45.000011971.7227   38.1316
    7.5000   15.0000   45.000011386.1123   38.0679
   -7.5000   22.5000   45.000011266.1689   40.7264
    0.0000   22.5000   45.000011695.2598   40.6416
    7.5000   22.5000   45.000011142.5342   40.6041
   -7.5000   30.0000   45.000010872.9023   43.1134
    0.0000   30.0000   45.000011314.7051   43.0368
    7.5000   30.0000   45.000010775.7734   42.9986
   -7.5000   37.5000   45.000010823.5029   45.6574
    0.0000   37.5000   45.000011287.4883   45.5799
    7.5000   37.5000   45.000010747.1094   45.5199
   -7.5000   45.0000   45.000010296.1523   47.6061
    0.0000   45.0000   45.000010738.4453   47.5255
    7.5000   45.0000   45.000010232.9795   47.4559

---------------------------------------------------------------------
imgreg_4dfp /opt/freesurfer/average/3T18yoSchwartzReactN32_as_orig /opt/freesurfer/average/711-2B_as_mni_average_305_mask talsrcimg_g11 none talsrcimg_to_3T18yoSchwartzReactN32_as_orig_t4 4355
---------------------------------------------------------------------

freesurfer imgreg_4dfp.c
/opt/freesurfer/average/3T18yoSchwartzReactN32_as_orig.4dfp.img
       256       256       256         1
  1.000000  1.000000  1.000000
orientation T byte_order littleendian
Reading image: /opt/freesurfer/average/3T18yoSchwartzReactN32_as_orig.4dfp.img
dimensions:      256       256       256
mmppix:       1.0000   -1.0000   -1.0000
center:     128.0000 -129.0000 -129.0000
/opt/freesurfer/average/711-2B_as_mni_average_305_mask.4dfp.img
       256       256       256         1
  1.000000  1.000000  1.000000
orientation T byte_order littleendian
Reading mask: /opt/freesurfer/average/711-2B_as_mni_average_305_mask.4dfp.img (2306576 pixels)
talsrcimg_g11.4dfp.img
       320       320       320         1
  0.800000  0.800000  0.800000
orientation T byte_order littleendian
Reading image: talsrcimg_g11.4dfp.img
dimensions:      320       320       320
mmppix:       0.8000   -0.8000   -0.8000
center:     128.0000 -128.8000 -128.8000
rotation matrix determinant  1.000000
image alignment mode   4355 decimal     1103 hex
   -7.5000  -45.0000  -45.0000 2325.3909   38.1763
    0.0000  -45.0000  -45.0000 2326.2295   38.0366
    7.5000  -45.0000  -45.0000 2284.0417   37.9321
   -7.5000  -37.5000  -45.0000 2385.1790   38.7261
    0.0000  -37.5000  -45.0000 2387.2202   38.6231
    7.5000  -37.5000  -45.0000 2344.5549   38.4490
   -7.5000  -30.0000  -45.0000 2429.4844   38.8263
    0.0000  -30.0000  -45.0000 2431.8254   38.7530
    7.5000  -30.0000  -45.0000 2393.1533   38.6324
   -7.5000  -22.5000  -45.0000 2461.1658   38.6988
    0.0000  -22.5000  -45.0000 2464.7881   38.5873
    7.5000  -22.5000  -45.0000 2427.1633   38.5350
   -7.5000  -15.0000  -45.0000 2479.7681   38.3916
    0.0000  -15.0000  -45.0000 2478.7297   38.1929
    7.5000  -15.0000  -45.0000 2448.4834   38.2022
   -7.5000   -7.5000  -45.0000 2494.3337   38.0452
    0.0000   -7.5000  -45.0000 2496.1624   37.8391
    7.5000   -7.5000  -45.0000 2464.4424   37.9533
   -7.5000    0.0000  -45.0000 2499.3848   37.8979
    0.0000    0.0000  -45.0000 2504.5122   37.6993
    7.5000    0.0000  -45.0000 2473.2109   37.9276
   -7.5000    7.5000  -45.0000 2507.2737   38.3033
    0.0000    7.5000  -45.0000 2510.7939   38.1078
    7.5000    7.5000  -45.0000 2481.5022   38.3278
   -7.5000   15.0000  -45.0000 2491.7766   38.9969
    0.0000   15.0000  -45.0000 2501.6206   38.9068
    7.5000   15.0000  -45.0000 2462.7632   39.0785
   -7.5000   22.5000  -45.0000 2464.7224   40.4272
    0.0000   22.5000  -45.0000 2470.0618   40.2070
    7.5000   22.5000  -45.0000 2431.7434   40.4026
   -7.5000   30.0000  -45.0000 2404.3713   42.3954
    0.0000   30.0000  -45.0000 2419.0056   42.2608
    7.5000   30.0000  -45.0000 2378.9917   42.4420
   -7.5000   37.5000  -45.0000 2332.9792   45.1183
    0.0000   37.5000  -45.0000 2347.3059   45.0837
    7.5000   37.5000  -45.0000 2308.5493   45.1474
   -7.5000   45.0000  -45.0000 2241.7781   48.6229
    0.0000   45.0000  -45.0000 2254.0647   48.5787
    7.5000   45.0000  -45.0000 2222.8240   48.7482
   -7.5000  -45.0000  -37.5000 2392.2688   36.3555
    0.0000  -45.0000  -37.5000 2389.3484   36.0913
    7.5000  -45.0000  -37.5000 2359.3762   36.1756
   -7.5000  -37.5000  -37.5000 2446.5312   36.8674
    0.0000  -37.5000  -37.5000 2444.1633   36.6447
    7.5000  -37.5000  -37.5000 2415.6714   36.6505
   -7.5000  -30.0000  -37.5000 2488.8862   36.9821
    0.0000  -30.0000  -37.5000 2488.8279   36.8315
    7.5000  -30.0000  -37.5000 2458.3667   36.8442
   -7.5000  -22.5000  -37.5000 2521.9043   36.8335
    0.0000  -22.5000  -37.5000 2523.2725   36.7204
    7.5000  -22.5000  -37.5000 2490.4724   36.7116
   -7.5000  -15.0000  -37.5000 2540.0117   36.4336
    0.0000  -15.0000  -37.5000 2538.7419   36.2951
    7.5000  -15.0000  -37.5000 2506.3506   36.2825
   -7.5000   -7.5000  -37.5000 2548.6394   36.0043
    0.0000   -7.5000  -37.5000 2548.5261   35.7620
    7.5000   -7.5000  -37.5000 2521.2197   35.9144
   -7.5000    0.0000  -37.5000 2558.0898   35.6865
    0.0000    0.0000  -37.5000 2563.2500   35.5378
    7.5000    0.0000  -37.5000 2536.5298   35.8029
   -7.5000    7.5000  -37.5000 2578.1667   35.9823
    0.0000    7.5000  -37.5000 2582.4604   35.7683
    7.5000    7.5000  -37.5000 2552.7871   36.0259
   -7.5000   15.0000  -37.5000 2570.0515   36.5051
    0.0000   15.0000  -37.5000 2582.9941   36.3384
    7.5000   15.0000  -37.5000 2551.1511   36.6559
   -7.5000   22.5000  -37.5000 2543.9663   37.7969
    0.0000   22.5000  -37.5000 2556.9397   37.5472
    7.5000   22.5000  -37.5000 2525.7507   37.9118
   -7.5000   30.0000  -37.5000 2488.5002   39.6425
    0.0000   30.0000  -37.5000 2504.5015   39.4195
    7.5000   30.0000  -37.5000 2470.9709   39.7172
   -7.5000   37.5000  -37.5000 2414.8701   42.2103
    0.0000   37.5000  -37.5000 2429.0774   42.0085
    7.5000   37.5000  -37.5000 2398.0391   42.2288
   -7.5000   45.0000  -37.5000 2331.7681   45.5099
    0.0000   45.0000  -37.5000 2341.4917   45.2407
    7.5000   45.0000  -37.5000 2311.8044   45.4706
   -7.5000  -45.0000  -30.0000 2480.9207   35.8412
    0.0000  -45.0000  -30.0000 2475.8145   35.5635
    7.5000  -45.0000  -30.0000 2440.5225   35.6664
   -7.5000  -37.5000  -30.0000 2531.7563   36.3232
    0.0000  -37.5000  -30.0000 2530.4067   36.1428
    7.5000  -37.5000  -30.0000 2501.0703   36.2167
   -7.5000  -30.0000  -30.0000 2576.8784   36.3959
    0.0000  -30.0000  -30.0000 2576.3479   36.2635
    7.5000  -30.0000  -30.0000 2550.6619   36.3902
   -7.5000  -22.5000  -30.0000 2608.8611   36.1550
    0.0000  -22.5000  -30.0000 2609.5925   36.0533
    7.5000  -22.5000  -30.0000 2582.9209   36.1756
   -7.5000  -15.0000  -30.0000 2627.8066   35.7937
    0.0000  -15.0000  -30.0000 2629.1277   35.6829
    7.5000  -15.0000  -30.0000 2600.7202   35.7583
   -7.5000   -7.5000  -30.0000 2638.4915   35.1949
    0.0000   -7.5000  -30.0000 2642.6572   35.0300
    7.5000   -7.5000  -30.0000 2611.8032   35.2162
   -7.5000    0.0000  -30.0000 2655.1938   34.6866
    0.0000    0.0000  -30.0000 2660.4771   34.5265
    7.5000    0.0000  -30.0000 2636.1047   34.9099
   -7.5000    7.5000  -30.0000 2683.9409   34.8233
    0.0000    7.5000  -30.0000 2688.2864   34.5719
    7.5000    7.5000  -30.0000 2663.6672   34.9993
   -7.5000   15.0000  -30.0000 2689.5437   35.3429
    0.0000   15.0000  -30.0000 2703.6670   35.1401
    7.5000   15.0000  -30.0000 2671.4023   35.5352
   -7.5000   22.5000  -30.0000 2674.2207   36.5816
    0.0000   22.5000  -30.0000 2683.0840   36.2912
    7.5000   22.5000  -30.0000 2655.5981   36.7970
   -7.5000   30.0000  -30.0000 2619.4553   38.3797
    0.0000   30.0000  -30.0000 2630.2317   38.0561
    7.5000   30.0000  -30.0000 2602.7087   38.5026
   -7.5000   37.5000  -30.0000 2543.4517   40.9643
    0.0000   37.5000  -30.0000 2551.3950   40.5479
    7.5000   37.5000  -30.0000 2528.0049   40.9786
   -7.5000   45.0000  -30.0000 2457.6323   44.2092
    0.0000   45.0000  -30.0000 2466.3972   43.8386
    7.5000   45.0000  -30.0000 2441.4424   44.1856
   -7.5000  -45.0000  -22.5000 2513.7686   35.0673
    0.0000  -45.0000  -22.5000 2513.5903   34.8259
    7.5000  -45.0000  -22.5000 2491.5850   35.2480
   -7.5000  -37.5000  -22.5000 2570.4509   35.5845
    0.0000  -37.5000  -22.5000 2567.4275   35.3610
    7.5000  -37.5000  -22.5000 2549.9207   35.7976
   -7.5000  -30.0000  -22.5000 2615.1350   35.6034
    0.0000  -30.0000  -22.5000 2608.9514   35.3690
    7.5000  -30.0000  -22.5000 2594.4045   35.8223
   -7.5000  -22.5000  -22.5000 2647.9285   35.3604
    0.0000  -22.5000  -22.5000 2644.7456   35.1810
    7.5000  -22.5000  -22.5000 2628.7583   35.5901
   -7.5000  -15.0000  -22.5000 2667.7224   34.9564
    0.0000  -15.0000  -22.5000 2672.3328   34.7907
    7.5000  -15.0000  -22.5000 2652.3125   35.1324
   -7.5000   -7.5000  -22.5000 2677.0168   34.3150
    0.0000   -7.5000  -22.5000 2684.4985   34.1841
    7.5000   -7.5000  -22.5000 2666.2158   34.6035
   -7.5000    0.0000  -22.5000 2693.6560   33.5997
    0.0000    0.0000  -22.5000 2697.0237   33.3808
    7.5000    0.0000  -22.5000 2693.1011   34.0982
   -7.5000    7.5000  -22.5000 2735.4690   33.5346
    0.0000    7.5000  -22.5000 2742.1558   33.2677
    7.5000    7.5000  -22.5000 2731.2859   33.9765
   -7.5000   15.0000  -22.5000 2755.7417   34.0806
    0.0000   15.0000  -22.5000 2772.9280   33.8342
    7.5000   15.0000  -22.5000 2750.2307   34.4786
   -7.5000   22.5000  -22.5000 2748.2166   35.2944
    0.0000   22.5000  -22.5000 2762.9636   34.9990
    7.5000   22.5000  -22.5000 2742.8652   35.6468
   -7.5000   30.0000  -22.5000 2699.8137   37.0113
    0.0000   30.0000  -22.5000 2713.8767   36.7029
    7.5000   30.0000  -22.5000 2696.8105   37.3476
   -7.5000   37.5000  -22.5000 2629.5850   39.5129
    0.0000   37.5000  -22.5000 2647.3618   39.2120
    7.5000   37.5000  -22.5000 2628.3442   39.8298
   -7.5000   45.0000  -22.5000 2545.6401   42.7224
    0.0000   45.0000  -22.5000 2560.3542   42.3830
    7.5000   45.0000  -22.5000 2538.4709   42.9404
   -7.5000  -45.0000  -15.0000 2519.0911   34.8580
    0.0000  -45.0000  -15.0000 2510.5518   34.3951
    7.5000  -45.0000  -15.0000 2507.0562   35.2220
   -7.5000  -37.5000  -15.0000 2571.8550   35.3275
    0.0000  -37.5000  -15.0000 2556.3030   34.8462
    7.5000  -37.5000  -15.0000 2561.7510   35.6740
   -7.5000  -30.0000  -15.0000 2615.0530   35.3524
    0.0000  -30.0000  -15.0000 2599.8323   34.8912
    7.5000  -30.0000  -15.0000 2603.6992   35.5731
   -7.5000  -22.5000  -15.0000 2642.6980   35.0796
    0.0000  -22.5000  -15.0000 2637.2126   34.7231
    7.5000  -22.5000  -15.0000 2638.9182   35.3047
   -7.5000  -15.0000  -15.0000 2664.8096   34.6924
    0.0000  -15.0000  -15.0000 2670.5483   34.4520
    7.5000  -15.0000  -15.0000 2670.6787   34.9292
   -7.5000   -7.5000  -15.0000 2681.0928   34.1337
    0.0000   -7.5000  -15.0000 2697.6775   34.0699
    7.5000   -7.5000  -15.0000 2694.1902   34.4401
   -7.5000    0.0000  -15.0000 2696.4788   33.3460
    0.0000    0.0000  -15.0000 2706.3306   33.2131
    7.5000    0.0000  -15.0000 2721.5515   33.8568
   -7.5000    7.5000  -15.0000 2732.8254   32.7399
    0.0000    7.5000  -15.0000 2733.9202   32.4461
    7.5000    7.5000  -15.0000 2754.4805   33.3784
   -7.5000   15.0000  -15.0000 2777.4111   33.2665
    0.0000   15.0000  -15.0000 2790.5100   32.9095
    7.5000   15.0000  -15.0000 2786.7261   33.6801
   -7.5000   22.5000  -15.0000 2789.0237   34.4801
    0.0000   22.5000  -15.0000 2802.4165   34.1231
    7.5000   22.5000  -15.0000 2787.5696   34.7652
   -7.5000   30.0000  -15.0000 2753.3950   36.2480
    0.0000   30.0000  -15.0000 2766.0630   35.9003
    7.5000   30.0000  -15.0000 2750.9292   36.4677
   -7.5000   37.5000  -15.0000 2692.9229   38.7252
    0.0000   37.5000  -15.0000 2704.4771   38.3070
    7.5000   37.5000  -15.0000 2691.1177   38.9003
   -7.5000   45.0000  -15.0000 2612.3435   41.9793
    0.0000   45.0000  -15.0000 2625.5193   41.5014
    7.5000   45.0000  -15.0000 2607.3000   42.0827
   -7.5000  -45.0000   -7.5000 2477.5222   35.2272
    0.0000  -45.0000   -7.5000 2465.7917   34.6924
    7.5000  -45.0000   -7.5000 2486.0408   35.7537
   -7.5000  -37.5000   -7.5000 2518.7290   35.6872
    0.0000  -37.5000   -7.5000 2508.7830   35.2365
    7.5000  -37.5000   -7.5000 2534.8425   36.0984
   -7.5000  -30.0000   -7.5000 2558.0073   35.6655
    0.0000  -30.0000   -7.5000 2554.9900   35.3666
    7.5000  -30.0000   -7.5000 2583.1287   35.9764
   -7.5000  -22.5000   -7.5000 2597.9878   35.5220
    0.0000  -22.5000   -7.5000 2599.5410   35.2368
    7.5000  -22.5000   -7.5000 2631.8696   35.6943
   -7.5000  -15.0000   -7.5000 2637.9797   35.3067
    0.0000  -15.0000   -7.5000 2649.1267   35.0314
    7.5000  -15.0000   -7.5000 2675.6838   35.3618
   -7.5000   -7.5000   -7.5000 2695.2805   35.1129
    0.0000   -7.5000   -7.5000 2715.0181   34.9135
    7.5000   -7.5000   -7.5000 2717.5459   34.8738
   -7.5000    0.0000   -7.5000 2736.1143   34.4517
    0.0000    0.0000   -7.5000 2753.1218   34.2962
    7.5000    0.0000   -7.5000 2743.4792   34.1371
   -7.5000    7.5000   -7.5000 2736.0583   33.2277
    0.0000    7.5000   -7.5000 2736.0022   32.9359
    7.5000    7.5000   -7.5000 2753.6458   33.2550
   -7.5000   15.0000   -7.5000 2764.6445   33.1686
    0.0000   15.0000   -7.5000 2766.2217   32.8064
    7.5000   15.0000   -7.5000 2774.9971   33.2505
   -7.5000   22.5000   -7.5000 2786.8069   34.1902
    0.0000   22.5000   -7.5000 2789.3586   33.8087
    7.5000   22.5000   -7.5000 2784.9888   34.2430
   -7.5000   30.0000   -7.5000 2773.6011   36.0760
    0.0000   30.0000   -7.5000 2778.6624   35.6110
    7.5000   30.0000   -7.5000 2765.7163   36.0260
   -7.5000   37.5000   -7.5000 2720.8550   38.5984
    0.0000   37.5000   -7.5000 2730.2180   38.1145
    7.5000   37.5000   -7.5000 2718.3601   38.5290
   -7.5000   45.0000   -7.5000 2639.2693   41.8177
    0.0000   45.0000   -7.5000 2656.8745   41.3496
    7.5000   45.0000   -7.5000 2636.7341   41.6536
   -7.5000  -45.0000    0.0000 2406.8711   36.4546
    0.0000  -45.0000    0.0000 2402.6140   36.0752
    7.5000  -45.0000    0.0000 2443.2544   36.9907
   -7.5000  -37.5000    0.0000 2460.6914   37.0775
    0.0000  -37.5000    0.0000 2452.4314   36.6892
    7.5000  -37.5000    0.0000 2487.6885   37.2491
   -7.5000  -30.0000    0.0000 2520.6035   37.2108
    0.0000  -30.0000    0.0000 2516.5864   36.9157
    7.5000  -30.0000    0.0000 2544.1182   37.0967
   -7.5000  -22.5000    0.0000 2586.7222   37.0353
    0.0000  -22.5000    0.0000 2582.0808   36.7241
    7.5000  -22.5000    0.0000 2598.8752   36.6310
   -7.5000  -15.0000    0.0000 2654.2065   36.7799
    0.0000  -15.0000    0.0000 2659.0364   36.5527
    7.5000  -15.0000    0.0000 2651.3081   36.1869
   -7.5000   -7.5000    0.0000 2737.2236   36.4940
    0.0000   -7.5000    0.0000 2745.1238   36.3275
    7.5000   -7.5000    0.0000 2703.5876   35.6503
   -7.5000    0.0000    0.0000 2794.3142   35.9294
    0.0000    0.0000    0.0000 2812.6580   35.8573
    7.5000    0.0000    0.0000 2746.1248   34.9115
   -7.5000    7.5000    0.0000 2792.0762   34.6732
    0.0000    7.5000    0.0000 2794.1658   34.4353
    7.5000    7.5000    0.0000 2751.7793   33.9828
   -7.5000   15.0000    0.0000 2780.6956   34.1037
    0.0000   15.0000    0.0000 2780.6118   33.7375
    7.5000   15.0000    0.0000 2760.6362   33.7975
   -7.5000   22.5000    0.0000 2770.4573   34.6641
    0.0000   22.5000    0.0000 2770.4343   34.2621
    7.5000   22.5000    0.0000 2763.7224   34.6384
   -7.5000   30.0000    0.0000 2749.2812   36.3149
    0.0000   30.0000    0.0000 2753.3262   35.9356
    7.5000   30.0000    0.0000 2748.4875   36.3571
   -7.5000   37.5000    0.0000 2705.4814   38.7226
    0.0000   37.5000    0.0000 2716.0537   38.3623
    7.5000   37.5000    0.0000 2710.2200   38.7827
   -7.5000   45.0000    0.0000 2636.3274   41.9122
    0.0000   45.0000    0.0000 2650.7297   41.5207
    7.5000   45.0000    0.0000 2640.9973   41.8929
   -7.5000  -45.0000    7.5000 2394.7212   39.0904
    0.0000  -45.0000    7.5000 2380.9023   38.7061
    7.5000  -45.0000    7.5000 2396.0374   39.1136
   -7.5000  -37.5000    7.5000 2448.1038   39.6081
    0.0000  -37.5000    7.5000 2434.4717   39.2831
    7.5000  -37.5000    7.5000 2443.9048   39.3501
   -7.5000  -30.0000    7.5000 2516.0073   39.5763
    0.0000  -30.0000    7.5000 2500.2253   39.2767
    7.5000  -30.0000    7.5000 2498.4709   39.0131
   -7.5000  -22.5000    7.5000 2578.4958   39.0817
    0.0000  -22.5000    7.5000 2571.1062   38.8533
    7.5000  -22.5000    7.5000 2554.8735   38.3972
   -7.5000  -15.0000    7.5000 2643.4810   38.3263
    0.0000  -15.0000    7.5000 2643.0562   38.1327
    7.5000  -15.0000    7.5000 2615.7026   37.6797
   -7.5000   -7.5000    7.5000 2710.0754   37.4975
    0.0000   -7.5000    7.5000 2721.4551   37.4404
    7.5000   -7.5000    7.5000 2677.6567   36.9533
   -7.5000    0.0000    7.5000 2762.2786   36.5948
    0.0000    0.0000    7.5000 2787.2451   36.7822
    7.5000    0.0000    7.5000 2734.6719   36.2007
   -7.5000    7.5000    7.5000 2773.6497   35.4858
    0.0000    7.5000    7.5000 2773.0261   35.1646
    7.5000    7.5000    7.5000 2747.8442   35.2765
   -7.5000   15.0000    7.5000 2786.2559   35.3083
    0.0000   15.0000    7.5000 2778.1528   34.6108
    7.5000   15.0000    7.5000 2762.0415   35.1267
   -7.5000   22.5000    7.5000 2796.0974   36.2167
    0.0000   22.5000    7.5000 2798.7891   35.6743
    7.5000   22.5000    7.5000 2773.6155   36.1076
   -7.5000   30.0000    7.5000 2762.4988   37.7553
    0.0000   30.0000    7.5000 2770.1868   37.3714
    7.5000   30.0000    7.5000 2751.2173   37.7173
   -7.5000   37.5000    7.5000 2705.6130   39.9559
    0.0000   37.5000    7.5000 2708.0156   39.5892
    7.5000   37.5000    7.5000 2699.0444   39.8553
   -7.5000   45.0000    7.5000 2625.8345   42.8779
    0.0000   45.0000    7.5000 2632.0183   42.4413
    7.5000   45.0000    7.5000 2623.8979   42.7394
   -7.5000  -45.0000   15.0000 2371.2239   41.8694
    0.0000  -45.0000   15.0000 2360.1255   41.6945
    7.5000  -45.0000   15.0000 2362.8701   42.0470
   -7.5000  -37.5000   15.0000 2421.1768   42.1974
    0.0000  -37.5000   15.0000 2412.2883   41.9930
    7.5000  -37.5000   15.0000 2413.5601   42.1868
   -7.5000  -30.0000   15.0000 2477.4136   41.7840
    0.0000  -30.0000   15.0000 2471.2354   41.7010
    7.5000  -30.0000   15.0000 2467.6448   41.7213
   -7.5000  -22.5000   15.0000 2533.7834   40.9753
    0.0000  -22.5000   15.0000 2528.9536   40.8791
    7.5000  -22.5000   15.0000 2522.0562   40.8616
   -7.5000  -15.0000   15.0000 2592.6360   39.9591
    0.0000  -15.0000   15.0000 2592.3804   39.8234
    7.5000  -15.0000   15.0000 2580.9229   39.7859
   -7.5000   -7.5000   15.0000 2656.1177   38.9191
    0.0000   -7.5000   15.0000 2663.5479   38.8779
    7.5000   -7.5000   15.0000 2641.6345   38.7126
   -7.5000    0.0000   15.0000 2705.9375   37.7905
    0.0000    0.0000   15.0000 2715.7939   37.7439
    7.5000    0.0000   15.0000 2699.8306   37.7341
   -7.5000    7.5000   15.0000 2731.8230   36.7625
    0.0000    7.5000   15.0000 2710.5171   35.9666
    7.5000    7.5000   15.0000 2725.8328   36.8961
   -7.5000   15.0000   15.0000 2764.6321   36.8991
    0.0000   15.0000   15.0000 2759.7332   36.0807
    7.5000   15.0000   15.0000 2751.0881   36.9111
   -7.5000   22.5000   15.0000 2780.1394   37.9773
    0.0000   22.5000   15.0000 2781.3169   37.3309
    7.5000   22.5000   15.0000 2768.6465   37.9573
   -7.5000   30.0000   15.0000 2759.0039   39.7400
    0.0000   30.0000   15.0000 2761.4155   39.1494
    7.5000   30.0000   15.0000 2752.9761   39.6617
   -7.5000   37.5000   15.0000 2706.3088   42.0541
    0.0000   37.5000   15.0000 2712.6628   41.5558
    7.5000   37.5000   15.0000 2698.6147   41.8302
   -7.5000   45.0000   15.0000 2618.7371   44.8308
    0.0000   45.0000   15.0000 2629.7314   44.3175
    7.5000   45.0000   15.0000 2616.9353   44.5500
   -7.5000  -45.0000   22.5000 2334.7795   44.8490
    0.0000  -45.0000   22.5000 2330.5730   44.8778
    7.5000  -45.0000   22.5000 2336.3462   45.4854
   -7.5000  -37.5000   22.5000 2383.6553   44.9707
    0.0000  -37.5000   22.5000 2382.1042   44.9827
    7.5000  -37.5000   22.5000 2383.4429   45.4678
   -7.5000  -30.0000   22.5000 2436.7002   44.4303
    0.0000  -30.0000   22.5000 2434.2542   44.3455
    7.5000  -30.0000   22.5000 2436.1279   44.8051
   -7.5000  -22.5000   22.5000 2492.2283   43.5242
    0.0000  -22.5000   22.5000 2493.0015   43.3966
    7.5000  -22.5000   22.5000 2488.7029   43.6795
   -7.5000  -15.0000   22.5000 2545.6462   42.3190
    0.0000  -15.0000   22.5000 2552.4883   42.2377
    7.5000  -15.0000   22.5000 2546.5078   42.4450
   -7.5000   -7.5000   22.5000 2612.2297   41.1944
    0.0000   -7.5000   22.5000 2613.6990   41.0165
    7.5000   -7.5000   22.5000 2604.8772   41.2142
   -7.5000    0.0000   22.5000 2664.4419   40.0898
    0.0000    0.0000   22.5000 2661.0139   39.5549
    7.5000    0.0000   22.5000 2657.2537   40.1032
   -7.5000    7.5000   22.5000 2697.4021   39.1531
    0.0000    7.5000   22.5000 2688.3679   38.2542
    7.5000    7.5000   22.5000 2687.8333   39.1835
   -7.5000   15.0000   22.5000 2736.1494   39.4127
    0.0000   15.0000   22.5000 2733.4805   38.5886
    7.5000   15.0000   22.5000 2720.1609   39.2268
   -7.5000   22.5000   22.5000 2747.9082   40.4630
    0.0000   22.5000   22.5000 2742.1453   39.7354
    7.5000   22.5000   22.5000 2736.9343   40.2874
   -7.5000   30.0000   22.5000 2728.7563   42.1364
    0.0000   30.0000   22.5000 2721.7627   41.3905
    7.5000   30.0000   22.5000 2720.5198   41.9009
   -7.5000   37.5000   22.5000 2678.3953   44.4258
    0.0000   37.5000   22.5000 2680.3713   43.7225
    7.5000   37.5000   22.5000 2675.5552   44.1063
   -7.5000   45.0000   22.5000 2600.5674   47.3047
    0.0000   45.0000   22.5000 2613.8828   46.7200
    7.5000   45.0000   22.5000 2600.4915   46.9426
   -7.5000  -45.0000   30.0000 2295.1113   48.5320
    0.0000  -45.0000   30.0000 2298.0232   48.6253
    7.5000  -45.0000   30.0000 2291.4746   49.2568
   -7.5000  -37.5000   30.0000 2334.8306   48.4618
    0.0000  -37.5000   30.0000 2342.7676   48.5197
    7.5000  -37.5000   30.0000 2336.2590   49.0982
   -7.5000  -30.0000   30.0000 2385.0139   47.7320
    0.0000  -30.0000   30.0000 2389.8271   47.6137
    7.5000  -30.0000   30.0000 2390.9211   48.2618
   -7.5000  -22.5000   30.0000 2442.9417   46.6049
    0.0000  -22.5000   30.0000 2451.1848   46.4718
    7.5000  -22.5000   30.0000 2449.5193   47.0276
   -7.5000  -15.0000   30.0000 2495.8425   45.2666
    0.0000  -15.0000   30.0000 2501.7249   44.9895
    7.5000  -15.0000   30.0000 2501.5107   45.5164
   -7.5000   -7.5000   30.0000 2559.4832   44.0816
    0.0000   -7.5000   30.0000 2563.7690   43.6431
    7.5000   -7.5000   30.0000 2560.0325   44.1873
   -7.5000    0.0000   30.0000 2616.2002   43.0262
    0.0000    0.0000   30.0000 2618.6836   42.2869
    7.5000    0.0000   30.0000 2611.5923   43.0118
   -7.5000    7.5000   30.0000 2652.1921   42.2445
    0.0000    7.5000   30.0000 2660.9260   41.5133
    7.5000    7.5000   30.0000 2651.4629   42.1532
   -7.5000   15.0000   30.0000 2691.0015   42.5477
    0.0000   15.0000   30.0000 2699.2092   41.8563
    7.5000   15.0000   30.0000 2684.2388   42.2906
   -7.5000   22.5000   30.0000 2702.4702   43.4567
    0.0000   22.5000   30.0000 2710.7222   42.8235
    7.5000   22.5000   30.0000 2699.7769   43.2130
   -7.5000   30.0000   30.0000 2685.1179   45.0429
    0.0000   30.0000   30.0000 2691.7358   44.3557
    7.5000   30.0000   30.0000 2681.2898   44.6825
   -7.5000   37.5000   30.0000 2636.9910   47.1308
    0.0000   37.5000   30.0000 2647.8020   46.5393
    7.5000   37.5000   30.0000 2633.7170   46.7462
   -7.5000   45.0000   30.0000 2563.8250   50.0052
    0.0000   45.0000   30.0000 2581.9661   49.4769
    7.5000   45.0000   30.0000 2562.5125   49.5475
   -7.5000  -45.0000   37.5000 2236.9285   52.5203
    0.0000  -45.0000   37.5000 2246.3550   52.6300
    7.5000  -45.0000   37.5000 2234.7004   53.4315
   -7.5000  -37.5000   37.5000 2276.6665   52.4789
    0.0000  -37.5000   37.5000 2288.7100   52.4408
    7.5000  -37.5000   37.5000 2280.9170   53.2363
   -7.5000  -30.0000   37.5000 2324.6902   51.5435
    0.0000  -30.0000   37.5000 2338.8965   51.4242
    7.5000  -30.0000   37.5000 2336.9702   52.2557
   -7.5000  -22.5000   37.5000 2373.2007   50.1100
    0.0000  -22.5000   37.5000 2386.6958   49.8040
    7.5000  -22.5000   37.5000 2388.1777   50.7762
   -7.5000  -15.0000   37.5000 2436.1743   48.7046
    0.0000  -15.0000   37.5000 2448.2324   48.1853
    7.5000  -15.0000   37.5000 2444.6772   49.0848
   -7.5000   -7.5000   37.5000 2500.8469   47.4633
    0.0000   -7.5000   37.5000 2513.9082   46.8510
    7.5000   -7.5000   37.5000 2503.0251   47.6044
   -7.5000    0.0000   37.5000 2554.9297   46.4806
    0.0000    0.0000   37.5000 2568.0383   45.8055
    7.5000    0.0000   37.5000 2555.0081   46.4467
   -7.5000    7.5000   37.5000 2599.8687   45.8587
    0.0000    7.5000   37.5000 2613.0913   45.2480
    7.5000    7.5000   37.5000 2601.4836   45.7058
   -7.5000   15.0000   37.5000 2636.9326   46.1584
    0.0000   15.0000   37.5000 2649.4707   45.5234
    7.5000   15.0000   37.5000 2633.8782   45.8045
   -7.5000   22.5000   37.5000 2649.7710   46.9990
    0.0000   22.5000   37.5000 2658.5227   46.2890
    7.5000   22.5000   37.5000 2645.5093   46.6370
   -7.5000   30.0000   37.5000 2633.6084   48.4341
    0.0000   30.0000   37.5000 2650.9873   47.7543
    7.5000   30.0000   37.5000 2630.8374   47.9956
   -7.5000   37.5000   37.5000 2592.8442   50.3641
    0.0000   37.5000   37.5000 2609.1770   49.7411
    7.5000   37.5000   37.5000 2580.1174   49.8185
   -7.5000   45.0000   37.5000 2521.5857   53.0312
    0.0000   45.0000   37.5000 2537.8777   52.5859
    7.5000   45.0000   37.5000 2508.6592   52.5611
   -7.5000  -45.0000   45.0000 2169.3677   57.2009
    0.0000  -45.0000   45.0000 2179.1460   57.2551
    7.5000  -45.0000   45.0000 2166.7354   58.1094
   -7.5000  -37.5000   45.0000 2208.4792   57.0364
    0.0000  -37.5000   45.0000 2221.2319   56.8743
    7.5000  -37.5000   45.0000 2215.5071   57.8470
   -7.5000  -30.0000   45.0000 2251.1099   55.7581
    0.0000  -30.0000   45.0000 2262.7324   55.3746
    7.5000  -30.0000   45.0000 2267.9231   56.5530
   -7.5000  -22.5000   45.0000 2304.3430   54.2240
    0.0000  -22.5000   45.0000 2318.8430   53.7518
    7.5000  -22.5000   45.0000 2315.9233   54.8092
   -7.5000  -15.0000   45.0000 2367.7246   52.7210
    0.0000  -15.0000   45.0000 2388.6897   52.2619
    7.5000  -15.0000   45.0000 2376.1172   53.1016
   -7.5000   -7.5000   45.0000 2440.0789   51.6624
    0.0000   -7.5000   45.0000 2455.9062   50.9919
    7.5000   -7.5000   45.0000 2446.4519   51.7890
   -7.5000    0.0000   45.0000 2484.9014   50.6142
    0.0000    0.0000   45.0000 2507.8315   50.1532
    7.5000    0.0000   45.0000 2486.9351   50.6185
   -7.5000    7.5000   45.0000 2533.7109   50.1431
    0.0000    7.5000   45.0000 2550.9141   49.5886
    7.5000    7.5000   45.0000 2536.7566   49.9167
   -7.5000   15.0000   45.0000 2566.1226   50.3694
    0.0000   15.0000   45.0000 2582.1636   49.7189
    7.5000   15.0000   45.0000 2561.0618   49.8211
   -7.5000   22.5000   45.0000 2581.4260   51.0827
    0.0000   22.5000   45.0000 2598.0452   50.4289
    7.5000   22.5000   45.0000 2578.7922   50.5808
   -7.5000   30.0000   45.0000 2567.5173   52.2873
    0.0000   30.0000   45.0000 2589.9272   51.6338
    7.5000   30.0000   45.0000 2564.4463   51.7837
   -7.5000   37.5000   45.0000 2530.0886   54.1562
    0.0000   37.5000   45.0000 2551.3691   53.5407
    7.5000   37.5000   45.0000 2518.4229   53.5994
   -7.5000   45.0000   45.0000 2461.6416   56.6876
    0.0000   45.0000   45.0000 2483.8003   56.2642
    7.5000   45.0000   45.0000 2452.4985   56.2512

---------------------------------------------------------------------
imgreg_4dfp /opt/freesurfer/average/3T18yoSchwartzReactN32_as_orig /opt/freesurfer/average/711-2B_as_mni_average_305_mask talsrcimg_g11 none talsrcimg_to_3T18yoSchwartzReactN32_as_orig_t4 1283
---------------------------------------------------------------------

freesurfer imgreg_4dfp.c
/opt/freesurfer/average/3T18yoSchwartzReactN32_as_orig.4dfp.img
       256       256       256         1
  1.000000  1.000000  1.000000
orientation T byte_order littleendian
Reading image: /opt/freesurfer/average/3T18yoSchwartzReactN32_as_orig.4dfp.img
dimensions:      256       256       256
mmppix:       1.0000   -1.0000   -1.0000
center:     128.0000 -129.0000 -129.0000
/opt/freesurfer/average/711-2B_as_mni_average_305_mask.4dfp.img
       256       256       256         1
  1.000000  1.000000  1.000000
orientation T byte_order littleendian
Reading mask: /opt/freesurfer/average/711-2B_as_mni_average_305_mask.4dfp.img (2306576 pixels)
talsrcimg_g11.4dfp.img
       320       320       320         1
  0.800000  0.800000  0.800000
orientation T byte_order littleendian
Reading image: talsrcimg_g11.4dfp.img
dimensions:      320       320       320
mmppix:       0.8000   -0.8000   -0.8000
center:     128.0000 -128.8000 -128.8000
rotation matrix determinant  1.000000
fimgreg.f
image alignment mode   1283 decimal      503 hex
parameters
    0.0000    0.0000    0.0000    0.0000    0.0000    0.0000
eta,q 0.88484 36.19729
niter,ni,del,rscale     5    3   12.0000    1.2000
parameter  1  0.508978 ->  0.500000 qaram    1.1500
parameter  2 -1.135365 -> -0.500000 qaram    1.1500
parameter  4 -1.534167 ->  0.500000 qaram    1.1500
parameters
   -3.4500    3.4500    2.3608   -3.4500   -0.4333   -2.3627
eta,q 0.89211 35.86595
  0.1202  0.1348  0.1314  0.1078  0.1146  0.1093
  0.1186  0.1267  0.1237  0.1083  0.1108  0.1081
  0.1182  0.1215  0.1175  0.1105  0.1090  0.1079
  0.1211  0.1181  0.1144  0.1132  0.1087  0.1087
  0.1240  0.1157  0.1131  0.1144  0.1101  0.1098
  0.1296  0.1139  0.1137  0.1146  0.1125  0.1113
  0.1377  0.1110  0.1163  0.1152  0.1160  0.1136
niter,ni,del,rscale     7    3   12.0000    1.2000
parameter  4  6.953118 ->  0.500000 qaram    1.3225
parameters
   -2.0185    5.7516    1.5576   -7.4175   -2.5414   -2.2863
eta,q 0.89748 35.69176
  0.1327  0.1279  0.1195  0.1010  0.1050  0.1053
  0.1205  0.1178  0.1118  0.1037  0.1024  0.1037
  0.1114  0.1117  0.1075  0.1052  0.1026  0.1029
  0.1079  0.1084  0.1074  0.1070  0.1042  0.1025
  0.1094  0.1074  0.1111  0.1090  0.1050  0.1024
  0.1119  0.1085  0.1181  0.1113  0.1061  0.1035
  0.1174  0.1117  0.1274  0.1140  0.1099  0.1054
niter,ni,del,rscale     7    3   12.0000    1.2000
parameter  4  2.256388 ->  0.500000 qaram    1.5209
parameters
   -1.3195    6.7249    0.4004  -11.9801   -1.6127   -1.8709
eta,q 0.90359 35.61389
  0.1260  0.1166  0.1131  0.0964  0.1042  0.1012
  0.1124  0.1090  0.1042  0.0962  0.0997  0.0987
  0.1044  0.1058  0.1012  0.0982  0.0973  0.0971
  0.1025  0.1029  0.1022  0.1013  0.0963  0.0964
  0.1049  0.1027  0.1068  0.1044  0.0968  0.0967
  0.1089  0.1054  0.1146  0.1068  0.0976  0.0980
  0.1164  0.1107  0.1237  0.1090  0.1001  0.1000
niter,ni,del,rscale     7    3   12.0000    1.2000
parameters
   -1.4289    7.4315   -0.6193  -16.5386   -1.7933   -1.1624
eta,q 0.90734 35.50368
  0.1160  0.1173  0.1101  0.0960  0.0987  0.0987
  0.1045  0.1070  0.0999  0.0929  0.0946  0.0954
  0.0977  0.1002  0.0951  0.0931  0.0928  0.0936
  0.0964  0.0963  0.0960  0.0949  0.0929  0.0928
  0.0995  0.0977  0.1018  0.0995  0.0939  0.0926
  0.1052  0.1037  0.1110  0.1043  0.0954  0.0936
  0.1168  0.1097  0.1212  0.1091  0.0990  0.0966
niter,ni,del,rscale     6    3   12.0000    1.2000
parameters
   -1.3852    8.4872   -1.6028  -17.3264   -2.3407   -1.2701
eta,q 0.90986 35.52015
  0.1160  0.1184  0.1073  0.1007  0.0954  0.0951
  0.1025  0.1068  0.0957  0.0943  0.0915  0.0921
  0.0940  0.0977  0.0902  0.0907  0.0901  0.0905
  0.0927  0.0927  0.0919  0.0903  0.0904  0.0901
  0.0972  0.0930  0.0984  0.0934  0.0916  0.0905
  0.1029  0.0991  0.1073  0.0986  0.0932  0.0922
  0.1138  0.1065  0.1178  0.1030  0.0972  0.0956
niter,ni,del,rscale     5    3   12.0000    1.2000
parameters
   -1.3778    8.8593   -1.7972  -17.8436   -2.2374   -1.4193
eta,q 0.91002 35.47702
  0.1137  0.1143  0.1125  0.1008  0.0965  0.0949
  0.1010  0.1021  0.0992  0.0947  0.0917  0.0918
  0.0920  0.0934  0.0909  0.0907  0.0899  0.0902
  0.0901  0.0902  0.0902  0.0900  0.0899  0.0900
  0.0947  0.0930  0.0949  0.0923  0.0909  0.0904
  0.1012  0.1003  0.1030  0.0981  0.0921  0.0921
  0.1125  0.1086  0.1131  0.1020  0.0953  0.0954
niter,ni,del,rscale     4    3   12.0000    1.2000
parameters
   -1.4502    9.0186   -1.9197  -18.0902   -2.0847   -1.5274
eta,q 0.91013 35.44720
  0.1126  0.1132  0.1127  0.1013  0.0964  0.0948
  0.1003  0.1008  0.0996  0.0952  0.0916  0.0917
  0.0915  0.0925  0.0910  0.0909  0.0897  0.0900
  0.0900  0.0899  0.0899  0.0898  0.0898  0.0899
  0.0945  0.0937  0.0945  0.0915  0.0906  0.0904
  0.1011  0.1011  0.1024  0.0974  0.0918  0.0919
  0.1126  0.1096  0.1125  0.1016  0.0950  0.0952
niter,ni,del,rscale     3    3   12.0000    1.2000
parameters
   -1.5231    9.0947   -1.9801  -18.2131   -1.9602   -1.5930
eta,q 0.91022 35.43124
  0.1123  0.1128  0.1130  0.1015  0.0962  0.0948
  0.1001  0.1003  0.0999  0.0955  0.0915  0.0917
  0.0914  0.0922  0.0912  0.0910  0.0895  0.0900
  0.0899  0.0898  0.0898  0.0898  0.0897  0.0898
  0.0943  0.0940  0.0942  0.0911  0.0905  0.0903
  0.1009  0.1015  0.1020  0.0970  0.0917  0.0918
  0.1124  0.1099  0.1120  0.1014  0.0950  0.0950
niter,ni,del,rscale     2    3   12.0000    1.2000
parameters
   -1.5738    9.1302   -2.0098  -18.2687   -1.8790   -1.6325
eta,q 0.91026 35.42503
  0.1123  0.1125  0.1131  0.1016  0.0961  0.0948
  0.1001  0.1001  0.1001  0.0956  0.0914  0.0917
  0.0915  0.0921  0.0913  0.0910  0.0895  0.0899
  0.0898  0.0897  0.0898  0.0897  0.0897  0.0897
  0.0941  0.0941  0.0940  0.0909  0.0904  0.0903
  0.1007  0.1017  0.1018  0.0968  0.0917  0.0917
  0.1121  0.1101  0.1118  0.1013  0.0951  0.0949
niter,ni,del,rscale     1    3   12.0000    1.2000
parameters
   -1.6043    9.1465   -2.0237  -18.2935   -1.8318   -1.6560
eta,q 0.91028 35.42187
  0.1123  0.1124  0.1132  0.1017  0.0960  0.0948
  0.1002  0.1000  0.1002  0.0957  0.0914  0.0917
  0.0915  0.0920  0.0913  0.0910  0.0894  0.0899
  0.0897  0.0897  0.0897  0.0897  0.0897  0.0897
  0.0940  0.0942  0.0940  0.0908  0.0904  0.0903
  0.1005  0.1019  0.1017  0.0967  0.0917  0.0917
  0.1119  0.1102  0.1117  0.1013  0.0952  0.0949
registration optimization eta report
parameter search radius
    6.9000    6.9000    6.0000    9.1253    6.0000    6.0000
100000*second partial in parameter space
       46.       44.       62.       14.       17.       15.
  0.1123  0.1124  0.1132  0.1017  0.0960  0.0948
  0.1002  0.1000  0.1002  0.0957  0.0914  0.0917
  0.0915  0.0920  0.0913  0.0910  0.0894  0.0899
  0.0897  0.0897  0.0897  0.0897  0.0897  0.0897
  0.0940  0.0942  0.0940  0.0908  0.0904  0.0903
  0.1005  0.1019  0.1017  0.0967  0.0917  0.0917
  0.1119  0.1102  0.1117  0.1013  0.0952  0.0949
   -1.6043    9.1465   -2.0237  -18.2935   -1.8318   -1.6560
eta,q 0.91028 35.42187

---------------------------------------------------------------------
imgreg_4dfp /opt/freesurfer/average/3T18yoSchwartzReactN32_as_orig /opt/freesurfer/average/711-2B_as_mni_average_305_mask talsrcimg_g11 none talsrcimg_to_3T18yoSchwartzReactN32_as_orig_t4 3335
---------------------------------------------------------------------

freesurfer imgreg_4dfp.c
/opt/freesurfer/average/3T18yoSchwartzReactN32_as_orig.4dfp.img
       256       256       256         1
  1.000000  1.000000  1.000000
orientation T byte_order littleendian
Reading image: /opt/freesurfer/average/3T18yoSchwartzReactN32_as_orig.4dfp.img
dimensions:      256       256       256
mmppix:       1.0000   -1.0000   -1.0000
center:     128.0000 -129.0000 -129.0000
/opt/freesurfer/average/711-2B_as_mni_average_305_mask.4dfp.img
       256       256       256         1
  1.000000  1.000000  1.000000
orientation T byte_order littleendian
Reading mask: /opt/freesurfer/average/711-2B_as_mni_average_305_mask.4dfp.img (2306576 pixels)
talsrcimg_g11.4dfp.img
       320       320       320         1
  0.800000  0.800000  0.800000
orientation T byte_order littleendian
Reading image: talsrcimg_g11.4dfp.img
dimensions:      320       320       320
mmppix:       0.8000   -0.8000   -0.8000
center:     128.0000 -128.8000 -128.8000
fimgreg.f
image alignment mode   3335 decimal      D07 hex
parameters
   -1.6043    9.1465   -2.0237   -0.0928   -5.0645   -5.1024
    1.7409    3.9408   -2.8884   31.2876   -3.1965  -31.3724
eta,q 0.91271 35.66381
niter,ni,del,rscale     5    3    5.0000    1.2000
parameter  4  1.292127 ->  0.500000 qaram    1.1500
parameters
   -1.4526    8.4221   -2.1499   -4.2328   -7.1783   -5.1649
    3.4536    4.1321   -1.1842   33.0224    0.2087  -28.9627
eta,q 0.92432 35.82694
  0.0926  0.0890  0.0907  0.0785  0.0822  0.0945  0.0856  0.0909  0.0835  0.0861  0.0850  0.0821
  0.0899  0.0875  0.0884  0.0780  0.0797  0.0878  0.0823  0.0845  0.0808  0.0824  0.0814  0.0789
  0.0881  0.0869  0.0871  0.0812  0.0782  0.0815  0.0798  0.0797  0.0788  0.0795  0.0786  0.0769
  0.0873  0.0873  0.0869  0.0868  0.0785  0.0781  0.0781  0.0777  0.0777  0.0775  0.0768  0.0759
  0.0876  0.0886  0.0876  0.0939  0.0813  0.0798  0.0777  0.0791  0.0775  0.0768  0.0760  0.0757
  0.0890  0.0909  0.0892  0.1014  0.0864  0.0868  0.0787  0.0835  0.0783  0.0778  0.0761  0.0760
  0.0915  0.0939  0.0915  0.1074  0.0922  0.0967  0.0811  0.0897  0.0798  0.0810  0.0770  0.0769
niter,ni,del,rscale     5    3    5.0000    1.2000
parameter  3  0.508353 ->  0.500000 qaram    1.1500
parameters
   -0.8479    9.6080   -3.5299   -6.0383   -8.0381   -5.5157
    2.7748    3.4990   -1.1344   33.3981    1.5152  -28.2366
eta,q 0.92784 35.47249
  0.0857  0.0833  0.0742  0.0828  0.0789  0.0888  0.0769  0.0832  0.0761  0.0796  0.0777  0.0766
  0.0812  0.0799  0.0730  0.0770  0.0758  0.0812  0.0744  0.0772  0.0741  0.0763  0.0750  0.0739
  0.0778  0.0771  0.0730  0.0730  0.0733  0.0752  0.0729  0.0733  0.0728  0.0738  0.0732  0.0725
  0.0757  0.0752  0.0741  0.0729  0.0724  0.0725  0.0725  0.0725  0.0723  0.0723  0.0722  0.0721
  0.0752  0.0742  0.0761  0.0782  0.0739  0.0755  0.0735  0.0751  0.0727  0.0724  0.0722  0.0725
  0.0764  0.0743  0.0789  0.0869  0.0780  0.0831  0.0757  0.0804  0.0740  0.0746  0.0731  0.0733
  0.0792  0.0753  0.0824  0.0961  0.0838  0.0929  0.0789  0.0873  0.0760  0.0789  0.0748  0.0747
niter,ni,del,rscale     5    3    5.0000    1.2000
parameters
   -0.8465   10.0677   -3.8864   -6.0966   -8.4233   -5.7486
    2.9411    2.9778   -1.2310   33.5772    2.2916  -28.0417
eta,q 0.92815 35.34496
  0.0788  0.0778  0.0763  0.0868  0.0791  0.0886  0.0775  0.0831  0.0754  0.0787  0.0766  0.0756
  0.0752  0.0751  0.0735  0.0806  0.0760  0.0810  0.0747  0.0770  0.0735  0.0755  0.0742  0.0732
  0.0730  0.0732  0.0721  0.0751  0.0733  0.0748  0.0728  0.0730  0.0723  0.0732  0.0726  0.0720
  0.0722  0.0722  0.0720  0.0719  0.0719  0.0720  0.0720  0.0720  0.0719  0.0719  0.0719  0.0718
  0.0729  0.0721  0.0732  0.0733  0.0728  0.0746  0.0725  0.0745  0.0724  0.0721  0.0720  0.0723
  0.0752  0.0729  0.0756  0.0797  0.0764  0.0820  0.0743  0.0797  0.0736  0.0744  0.0730  0.0733
  0.0788  0.0748  0.0790  0.0888  0.0819  0.0916  0.0772  0.0865  0.0756  0.0788  0.0749  0.0748
niter,ni,del,rscale     4    3    5.0000    1.2000
parameters
   -0.9506   10.2404   -4.0697   -6.0073   -8.6085   -5.9302
    3.1839    2.5673   -1.3134   33.6995    2.8299  -28.0013
eta,q 0.92829 35.29406
  0.0779  0.0765  0.0767  0.0871  0.0792  0.0885  0.0775  0.0834  0.0753  0.0784  0.0761  0.0753
  0.0745  0.0741  0.0738  0.0808  0.0761  0.0810  0.0746  0.0772  0.0733  0.0753  0.0738  0.0729
  0.0725  0.0725  0.0722  0.0752  0.0733  0.0747  0.0727  0.0730  0.0721  0.0730  0.0723  0.0718
  0.0719  0.0718  0.0718  0.0718  0.0717  0.0718  0.0718  0.0718  0.0718  0.0718  0.0717  0.0717
  0.0728  0.0721  0.0728  0.0729  0.0724  0.0743  0.0723  0.0742  0.0722  0.0720  0.0720  0.0722
  0.0753  0.0733  0.0749  0.0790  0.0758  0.0816  0.0740  0.0793  0.0734  0.0743  0.0730  0.0733
  0.0791  0.0754  0.0781  0.0880  0.0811  0.0910  0.0769  0.0861  0.0754  0.0787  0.0750  0.0748
niter,ni,del,rscale     3    3    5.0000    1.2000
parameters
   -1.0489   10.3243   -4.1715   -5.9380   -8.7007   -6.0591
    3.3809    2.2566   -1.3698   33.7975    3.2211  -28.0085
eta,q 0.92837 35.27104
  0.0778  0.0760  0.0769  0.0869  0.0793  0.0886  0.0774  0.0836  0.0752  0.0783  0.0759  0.0751
  0.0744  0.0737  0.0739  0.0807  0.0761  0.0811  0.0745  0.0773  0.0732  0.0752  0.0736  0.0728
  0.0723  0.0723  0.0722  0.0751  0.0733  0.0747  0.0725  0.0730  0.0720  0.0729  0.0722  0.0718
  0.0717  0.0717  0.0717  0.0717  0.0716  0.0717  0.0717  0.0717  0.0717  0.0717  0.0716  0.0716
  0.0727  0.0721  0.0725  0.0728  0.0722  0.0740  0.0722  0.0739  0.0721  0.0719  0.0719  0.0721
  0.0751  0.0733  0.0746  0.0790  0.0755  0.0812  0.0740  0.0789  0.0733  0.0742  0.0731  0.0732
  0.0789  0.0755  0.0776  0.0880  0.0807  0.0907  0.0769  0.0857  0.0753  0.0786  0.0751  0.0747
niter,ni,del,rscale     2    3    5.0000    1.2000
parameters
   -1.1268   10.3689   -4.2356   -5.8955   -8.7524   -6.1482
    3.5259    2.0244   -1.4100   33.8708    3.5049  -28.0233
eta,q 0.92841 35.25809
  0.0779  0.0758  0.0769  0.0868  0.0793  0.0887  0.0773  0.0839  0.0752  0.0782  0.0757  0.0751
  0.0744  0.0736  0.0740  0.0806  0.0761  0.0812  0.0744  0.0775  0.0732  0.0751  0.0735  0.0728
  0.0723  0.0722  0.0721  0.0750  0.0733  0.0748  0.0724  0.0731  0.0720  0.0728  0.0721  0.0717
  0.0716  0.0716  0.0716  0.0716  0.0716  0.0716  0.0716  0.0716  0.0716  0.0716  0.0716  0.0716
  0.0726  0.0720  0.0724  0.0728  0.0721  0.0739  0.0721  0.0737  0.0721  0.0719  0.0719  0.0721
  0.0750  0.0733  0.0744  0.0791  0.0753  0.0810  0.0740  0.0787  0.0733  0.0742  0.0731  0.0732
  0.0788  0.0755  0.0774  0.0880  0.0805  0.0904  0.0769  0.0854  0.0752  0.0786  0.0751  0.0747
niter,ni,del,rscale     1    3    5.0000    1.2000
parameters
   -1.1852   10.3955   -4.2791   -5.8706   -8.7834   -6.2106
    3.6288    1.8531   -1.4387   33.9209    3.7144  -28.0311
eta,q 0.92843 35.24989
  0.0780  0.0757  0.0770  0.0868  0.0793  0.0887  0.0772  0.0841  0.0752  0.0781  0.0756  0.0750
  0.0745  0.0735  0.0740  0.0805  0.0761  0.0812  0.0743  0.0776  0.0732  0.0750  0.0735  0.0728
  0.0723  0.0721  0.0721  0.0749  0.0733  0.0748  0.0724  0.0732  0.0720  0.0728  0.0721  0.0717
  0.0716  0.0716  0.0716  0.0716  0.0716  0.0716  0.0716  0.0716  0.0716  0.0716  0.0716  0.0716
  0.0725  0.0720  0.0723  0.0728  0.0721  0.0738  0.0721  0.0736  0.0720  0.0719  0.0719  0.0721
  0.0749  0.0733  0.0743  0.0791  0.0753  0.0808  0.0740  0.0785  0.0732  0.0742  0.0731  0.0731
  0.0786  0.0756  0.0773  0.0881  0.0804  0.0903  0.0770  0.0852  0.0752  0.0787  0.0752  0.0747
registration optimization eta report
parameter search radius
    2.4000    2.4000    2.7600    8.2800    7.2000    7.2000
    7.2000    7.2000    7.2000    7.2000    7.2000    7.2000
100000*second partial in parameter space
      116.       70.       72.       23.       16.       34.
       11.       25.        7.       13.        7.        6.
  0.0780  0.0757  0.0770  0.0868  0.0793  0.0887  0.0772  0.0841  0.0752  0.0781  0.0756  0.0750
  0.0745  0.0735  0.0740  0.0805  0.0761  0.0812  0.0743  0.0776  0.0732  0.0750  0.0735  0.0728
  0.0723  0.0721  0.0721  0.0749  0.0733  0.0748  0.0724  0.0732  0.0720  0.0728  0.0721  0.0717
  0.0716  0.0716  0.0716  0.0716  0.0716  0.0716  0.0716  0.0716  0.0716  0.0716  0.0716  0.0716
  0.0725  0.0720  0.0723  0.0728  0.0721  0.0738  0.0721  0.0736  0.0720  0.0719  0.0719  0.0721
  0.0749  0.0733  0.0743  0.0791  0.0753  0.0808  0.0740  0.0785  0.0732  0.0742  0.0731  0.0731
  0.0786  0.0756  0.0773  0.0881  0.0804  0.0903  0.0770  0.0852  0.0752  0.0787  0.0752  0.0747
   -1.1852   10.3955   -4.2791   -5.8706   -8.7834   -6.2106
    3.6288    1.8531   -1.4387   33.9209    3.7144  -28.0311
eta,q 0.92843 35.24989

---------------------------------------------------------------------
imgreg_4dfp /opt/freesurfer/average/3T18yoSchwartzReactN32_as_orig /opt/freesurfer/average/711-2B_as_mni_average_305_mask talsrcimg_g11 none talsrcimg_to_3T18yoSchwartzReactN32_as_orig_t4 2311
---------------------------------------------------------------------

freesurfer imgreg_4dfp.c
/opt/freesurfer/average/3T18yoSchwartzReactN32_as_orig.4dfp.img
       256       256       256         1
  1.000000  1.000000  1.000000
orientation T byte_order littleendian
Reading image: /opt/freesurfer/average/3T18yoSchwartzReactN32_as_orig.4dfp.img
dimensions:      256       256       256
mmppix:       1.0000   -1.0000   -1.0000
center:     128.0000 -129.0000 -129.0000
/opt/freesurfer/average/711-2B_as_mni_average_305_mask.4dfp.img
       256       256       256         1
  1.000000  1.000000  1.000000
orientation T byte_order littleendian
Reading mask: /opt/freesurfer/average/711-2B_as_mni_average_305_mask.4dfp.img (2306576 pixels)
talsrcimg_g11.4dfp.img
       320       320       320         1
  0.800000  0.800000  0.800000
orientation T byte_order littleendian
Reading image: talsrcimg_g11.4dfp.img
dimensions:      320       320       320
mmppix:       0.8000   -0.8000   -0.8000
center:     128.0000 -128.8000 -128.8000
fimgreg.f
image alignment mode   2311 decimal      907 hex
parameters
   -1.1852   10.3955   -4.2791   -5.8706   -8.7834   -6.2106
    3.6288    1.8531   -1.4387   33.9209    3.7144  -28.0311
eta,q 0.92843 35.24989
niter,ni,del,rscale     5    3    5.0000    0.8000
parameters
   -1.2257   10.4227   -4.3261   -5.4377   -8.5297   -6.2249
    3.6841    1.7680   -1.4731   34.2160    3.9076  -28.3705
eta,q 0.92870 35.31574
  0.0745  0.0735  0.0734  0.0789  0.0758  0.0806  0.0741  0.0777  0.0731  0.0748  0.0732  0.0726
  0.0729  0.0724  0.0724  0.0757  0.0739  0.0762  0.0727  0.0744  0.0721  0.0732  0.0722  0.0718
  0.0719  0.0718  0.0717  0.0731  0.0723  0.0729  0.0717  0.0722  0.0715  0.0720  0.0716  0.0714
  0.0716  0.0716  0.0716  0.0716  0.0714  0.0714  0.0714  0.0714  0.0714  0.0714  0.0713  0.0713
  0.0720  0.0718  0.0718  0.0717  0.0716  0.0724  0.0716  0.0722  0.0716  0.0714  0.0715  0.0716
  0.0731  0.0724  0.0725  0.0736  0.0729  0.0758  0.0725  0.0747  0.0722  0.0724  0.0720  0.0721
  0.0748  0.0733  0.0736  0.0772  0.0754  0.0812  0.0740  0.0782  0.0731  0.0743  0.0730  0.0729
niter,ni,del,rscale     4    3    5.0000    0.7000
parameters
   -1.2770   10.3434   -4.2350   -5.3969   -8.4100   -6.1819
    3.7594    1.6651   -1.5046   34.3304    4.0328  -28.5508
eta,q 0.92877 35.35991
  0.0736  0.0726  0.0730  0.0766  0.0747  0.0788  0.0734  0.0762  0.0726  0.0738  0.0727  0.0723
  0.0723  0.0719  0.0721  0.0740  0.0732  0.0752  0.0723  0.0736  0.0718  0.0726  0.0719  0.0716
  0.0715  0.0714  0.0715  0.0722  0.0719  0.0725  0.0715  0.0719  0.0714  0.0717  0.0714  0.0713
  0.0713  0.0713  0.0713  0.0713  0.0713  0.0713  0.0713  0.0713  0.0712  0.0713  0.0712  0.0712
  0.0717  0.0715  0.0714  0.0717  0.0715  0.0720  0.0715  0.0720  0.0714  0.0714  0.0714  0.0714
  0.0726  0.0721  0.0718  0.0736  0.0726  0.0747  0.0721  0.0739  0.0719  0.0722  0.0718  0.0718
  0.0740  0.0730  0.0726  0.0767  0.0746  0.0788  0.0733  0.0768  0.0726  0.0738  0.0726  0.0724
niter,ni,del,rscale     3    3    5.0000    0.6000
parameters
   -1.3094   10.3035   -4.1805   -5.3743   -8.3337   -6.1402
    3.8077    1.6000   -1.5417   34.4089    4.1101  -28.6739
eta,q 0.92880 35.38711
  0.0730  0.0723  0.0725  0.0752  0.0739  0.0770  0.0728  0.0750  0.0722  0.0732  0.0723  0.0720
  0.0720  0.0717  0.0718  0.0733  0.0726  0.0742  0.0720  0.0730  0.0717  0.0722  0.0717  0.0715
  0.0714  0.0713  0.0714  0.0718  0.0717  0.0721  0.0714  0.0717  0.0713  0.0715  0.0713  0.0713
  0.0712  0.0712  0.0712  0.0712  0.0712  0.0712  0.0712  0.0712  0.0712  0.0712  0.0712  0.0712
  0.0715  0.0714  0.0713  0.0716  0.0714  0.0718  0.0714  0.0717  0.0713  0.0713  0.0713  0.0713
  0.0721  0.0718  0.0717  0.0730  0.0723  0.0738  0.0719  0.0731  0.0717  0.0720  0.0716  0.0716
  0.0732  0.0724  0.0723  0.0753  0.0738  0.0770  0.0727  0.0753  0.0723  0.0731  0.0722  0.0721
niter,ni,del,rscale     2    3    5.0000    0.5000
parameters
   -1.3316   10.2815   -4.1382   -5.3505   -8.2756   -6.1061
    3.8486    1.5683   -1.5729   34.4792    4.1531  -28.7691
eta,q 0.92882 35.40734
  0.0725  0.0720  0.0721  0.0741  0.0731  0.0754  0.0723  0.0739  0.0719  0.0726  0.0719  0.0717
  0.0717  0.0715  0.0716  0.0726  0.0722  0.0733  0.0717  0.0725  0.0715  0.0719  0.0715  0.0714
  0.0713  0.0713  0.0713  0.0716  0.0715  0.0718  0.0713  0.0715  0.0713  0.0714  0.0713  0.0712
  0.0712  0.0712  0.0712  0.0712  0.0712  0.0712  0.0712  0.0712  0.0712  0.0712  0.0712  0.0712
  0.0714  0.0713  0.0713  0.0715  0.0713  0.0716  0.0713  0.0715  0.0713  0.0713  0.0713  0.0713
  0.0718  0.0716  0.0715  0.0724  0.0720  0.0731  0.0717  0.0725  0.0715  0.0717  0.0715  0.0715
  0.0726  0.0720  0.0719  0.0741  0.0731  0.0753  0.0723  0.0741  0.0719  0.0725  0.0719  0.0718
niter,ni,del,rscale     1    3    5.0000    0.4000
parameters
   -1.3436   10.2639   -4.1021   -5.3313   -8.2356   -6.0803
    3.8734    1.5587   -1.6001   34.5388    4.1703  -28.8655
eta,q 0.92883 35.42399
  0.0720  0.0717  0.0717  0.0731  0.0725  0.0740  0.0719  0.0730  0.0716  0.0721  0.0716  0.0715
  0.0715  0.0714  0.0714  0.0721  0.0718  0.0725  0.0715  0.0720  0.0714  0.0716  0.0714  0.0713
  0.0713  0.0712  0.0713  0.0714  0.0714  0.0716  0.0713  0.0714  0.0712  0.0713  0.0712  0.0712
  0.0712  0.0712  0.0712  0.0712  0.0712  0.0712  0.0712  0.0712  0.0712  0.0712  0.0712  0.0712
  0.0713  0.0713  0.0712  0.0714  0.0713  0.0715  0.0713  0.0714  0.0712  0.0712  0.0712  0.0712
  0.0716  0.0714  0.0714  0.0720  0.0717  0.0724  0.0715  0.0720  0.0714  0.0715  0.0714  0.0714
  0.0721  0.0717  0.0717  0.0731  0.0724  0.0739  0.0719  0.0731  0.0717  0.0721  0.0716  0.0716
registration optimization eta report
parameter search radius
    0.8000    0.8000    0.8000    2.4000    2.4000    2.4000
    2.4000    2.4000    2.4000    2.4000    2.4000    2.4000
100000*second partial in parameter space
      132.       80.       80.       33.       22.       48.
       12.       32.        8.       15.        8.        6.
  0.0720  0.0717  0.0717  0.0731  0.0725  0.0740  0.0719  0.0730  0.0716  0.0721  0.0716  0.0715
  0.0715  0.0714  0.0714  0.0721  0.0718  0.0725  0.0715  0.0720  0.0714  0.0716  0.0714  0.0713
  0.0713  0.0712  0.0713  0.0714  0.0714  0.0716  0.0713  0.0714  0.0712  0.0713  0.0712  0.0712
  0.0712  0.0712  0.0712  0.0712  0.0712  0.0712  0.0712  0.0712  0.0712  0.0712  0.0712  0.0712
  0.0713  0.0713  0.0712  0.0714  0.0713  0.0715  0.0713  0.0714  0.0712  0.0712  0.0712  0.0712
  0.0716  0.0714  0.0714  0.0720  0.0717  0.0724  0.0715  0.0720  0.0714  0.0715  0.0714  0.0714
  0.0721  0.0717  0.0717  0.0731  0.0724  0.0739  0.0719  0.0731  0.0717  0.0721  0.0716  0.0716
   -1.3436   10.2639   -4.1021   -5.3313   -8.2356   -6.0803
    3.8734    1.5587   -1.6001   34.5388    4.1703  -28.8655
eta,q 0.92883 35.42399

---------------------------------------------------------------------
imgreg_4dfp /opt/freesurfer/average/3T18yoSchwartzReactN32_as_orig /opt/freesurfer/average/711-2B_as_mni_average_305_mask talsrcimg_g11 none talsrcimg_to_3T18yoSchwartzReactN32_as_orig_t4 2311
---------------------------------------------------------------------

freesurfer imgreg_4dfp.c
/opt/freesurfer/average/3T18yoSchwartzReactN32_as_orig.4dfp.img
       256       256       256         1
  1.000000  1.000000  1.000000
orientation T byte_order littleendian
Reading image: /opt/freesurfer/average/3T18yoSchwartzReactN32_as_orig.4dfp.img
dimensions:      256       256       256
mmppix:       1.0000   -1.0000   -1.0000
center:     128.0000 -129.0000 -129.0000
/opt/freesurfer/average/711-2B_as_mni_average_305_mask.4dfp.img
       256       256       256         1
  1.000000  1.000000  1.000000
orientation T byte_order littleendian
Reading mask: /opt/freesurfer/average/711-2B_as_mni_average_305_mask.4dfp.img (2306576 pixels)
talsrcimg_g11.4dfp.img
       320       320       320         1
  0.800000  0.800000  0.800000
orientation T byte_order littleendian
Reading image: talsrcimg_g11.4dfp.img
dimensions:      320       320       320
mmppix:       0.8000   -0.8000   -0.8000
center:     128.0000 -128.8000 -128.8000
fimgreg.f
image alignment mode   2311 decimal      907 hex
parameters
   -1.3436   10.2639   -4.1021   -5.3313   -8.2356   -6.0803
    3.8734    1.5587   -1.6001   34.5388    4.1703  -28.8655
eta,q 0.92883 35.42398
niter,ni,del,rscale     5    3    5.0000    0.8000
parameters
   -1.3421   10.2505   -4.0735   -5.5484   -8.4481   -6.1183
    3.9017    1.4947   -1.5659   34.3833    4.1854  -28.7166
eta,q 0.92876 35.38758
  0.0745  0.0732  0.0733  0.0772  0.0751  0.0805  0.0739  0.0777  0.0731  0.0743  0.0731  0.0729
  0.0727  0.0721  0.0721  0.0743  0.0733  0.0760  0.0725  0.0743  0.0720  0.0727  0.0721  0.0719
  0.0715  0.0714  0.0714  0.0721  0.0718  0.0727  0.0716  0.0720  0.0714  0.0717  0.0715  0.0714
  0.0712  0.0712  0.0712  0.0712  0.0712  0.0712  0.0712  0.0712  0.0712  0.0712  0.0712  0.0712
  0.0716  0.0714  0.0714  0.0720  0.0717  0.0724  0.0715  0.0721  0.0714  0.0715  0.0714  0.0714
  0.0727  0.0721  0.0720  0.0747  0.0734  0.0758  0.0724  0.0745  0.0720  0.0728  0.0720  0.0719
  0.0745  0.0733  0.0731  0.0789  0.0763  0.0812  0.0739  0.0781  0.0730  0.0750  0.0730  0.0726
niter,ni,del,rscale     4    3    5.0000    0.7000
parameters
   -1.3439   10.3117   -4.1468   -5.4631   -8.4310   -6.1382
    3.8820    1.4919   -1.5596   34.4310    4.2113  -28.7043
eta,q 0.92879 35.38007
  0.0737  0.0729  0.0726  0.0766  0.0746  0.0786  0.0733  0.0764  0.0726  0.0738  0.0726  0.0724
  0.0723  0.0720  0.0718  0.0740  0.0730  0.0750  0.0722  0.0737  0.0718  0.0725  0.0719  0.0717
  0.0715  0.0715  0.0714  0.0721  0.0718  0.0723  0.0715  0.0719  0.0714  0.0716  0.0714  0.0713
  0.0712  0.0712  0.0712  0.0712  0.0712  0.0712  0.0712  0.0712  0.0712  0.0712  0.0712  0.0712
  0.0715  0.0714  0.0715  0.0716  0.0715  0.0721  0.0715  0.0718  0.0714  0.0714  0.0714  0.0714
  0.0724  0.0718  0.0720  0.0734  0.0727  0.0748  0.0722  0.0737  0.0718  0.0722  0.0718  0.0717
  0.0737  0.0726  0.0729  0.0765  0.0748  0.0791  0.0734  0.0765  0.0726  0.0738  0.0726  0.0723
niter,ni,del,rscale     3    3    5.0000    0.6000
parameters
   -1.3524   10.3132   -4.1485   -5.4004   -8.3719   -6.1320
    3.8858    1.4871   -1.5713   34.4763    4.2308  -28.7491
eta,q 0.92881 35.39143
  0.0730  0.0724  0.0724  0.0753  0.0738  0.0769  0.0728  0.0751  0.0722  0.0731  0.0722  0.0720
  0.0720  0.0717  0.0717  0.0733  0.0726  0.0741  0.0719  0.0731  0.0717  0.0722  0.0717  0.0715
  0.0714  0.0713  0.0714  0.0719  0.0716  0.0720  0.0714  0.0717  0.0713  0.0715  0.0713  0.0713
  0.0712  0.0712  0.0712  0.0712  0.0712  0.0712  0.0712  0.0712  0.0712  0.0712  0.0712  0.0712
  0.0714  0.0713  0.0714  0.0715  0.0714  0.0719  0.0714  0.0716  0.0713  0.0713  0.0713  0.0713
  0.0721  0.0717  0.0717  0.0729  0.0723  0.0739  0.0719  0.0730  0.0717  0.0720  0.0716  0.0716
  0.0731  0.0724  0.0724  0.0752  0.0739  0.0771  0.0728  0.0752  0.0722  0.0732  0.0722  0.0720
niter,ni,del,rscale     2    3    5.0000    0.5000
parameters
   -1.3601   10.2970   -4.1305   -5.3585   -8.3100   -6.1113
    3.8952    1.4920   -1.5928   34.5251    4.2369  -28.8162
eta,q 0.92882 35.40715
  0.0725  0.0720  0.0720  0.0741  0.0731  0.0754  0.0723  0.0740  0.0719  0.0726  0.0719  0.0718
  0.0718  0.0715  0.0716  0.0726  0.0722  0.0733  0.0717  0.0725  0.0715  0.0719  0.0715  0.0714
  0.0713  0.0713  0.0713  0.0716  0.0715  0.0718  0.0713  0.0716  0.0713  0.0714  0.0713  0.0712
  0.0712  0.0712  0.0712  0.0712  0.0712  0.0712  0.0712  0.0712  0.0712  0.0712  0.0712  0.0712
  0.0714  0.0713  0.0713  0.0714  0.0713  0.0717  0.0713  0.0715  0.0713  0.0713  0.0713  0.0713
  0.0718  0.0716  0.0715  0.0724  0.0720  0.0731  0.0717  0.0725  0.0715  0.0717  0.0715  0.0715
  0.0725  0.0720  0.0720  0.0741  0.0731  0.0754  0.0723  0.0740  0.0719  0.0726  0.0719  0.0718
niter,ni,del,rscale     1    3    5.0000    0.4000
parameters
   -1.3644   10.2797   -4.1026   -5.3314   -8.2646   -6.0895
    3.9132    1.5060   -1.6209   34.5744    4.2243  -28.8964
eta,q 0.92883 35.42228
  0.0720  0.0717  0.0717  0.0731  0.0725  0.0740  0.0719  0.0730  0.0716  0.0721  0.0716  0.0715
  0.0716  0.0714  0.0714  0.0721  0.0718  0.0725  0.0715  0.0721  0.0714  0.0716  0.0714  0.0713
  0.0713  0.0712  0.0713  0.0715  0.0714  0.0716  0.0713  0.0714  0.0712  0.0713  0.0712  0.0712
  0.0712  0.0712  0.0712  0.0712  0.0712  0.0712  0.0712  0.0712  0.0712  0.0712  0.0712  0.0712
  0.0713  0.0713  0.0712  0.0714  0.0713  0.0715  0.0713  0.0714  0.0712  0.0712  0.0712  0.0712
  0.0716  0.0714  0.0714  0.0720  0.0717  0.0724  0.0715  0.0720  0.0714  0.0715  0.0714  0.0714
  0.0720  0.0717  0.0717  0.0731  0.0724  0.0739  0.0719  0.0730  0.0717  0.0721  0.0716  0.0716
registration optimization eta report
parameter search radius
    0.8000    0.8000    0.8000    2.4000    2.4000    2.4000
    2.4000    2.4000    2.4000    2.4000    2.4000    2.4000
100000*second partial in parameter space
      132.       80.       80.       33.       22.       48.
       12.       32.        8.       16.        8.        6.
  0.0720  0.0717  0.0717  0.0731  0.0725  0.0740  0.0719  0.0730  0.0716  0.0721  0.0716  0.0715
  0.0716  0.0714  0.0714  0.0721  0.0718  0.0725  0.0715  0.0721  0.0714  0.0716  0.0714  0.0713
  0.0713  0.0712  0.0713  0.0715  0.0714  0.0716  0.0713  0.0714  0.0712  0.0713  0.0712  0.0712
  0.0712  0.0712  0.0712  0.0712  0.0712  0.0712  0.0712  0.0712  0.0712  0.0712  0.0712  0.0712
  0.0713  0.0713  0.0712  0.0714  0.0713  0.0715  0.0713  0.0714  0.0712  0.0712  0.0712  0.0712
  0.0716  0.0714  0.0714  0.0720  0.0717  0.0724  0.0715  0.0720  0.0714  0.0715  0.0714  0.0714
  0.0720  0.0717  0.0717  0.0731  0.0724  0.0739  0.0719  0.0730  0.0717  0.0721  0.0716  0.0716
   -1.3644   10.2797   -4.1026   -5.3314   -8.2646   -6.0895
    3.9132    1.5060   -1.6209   34.5744    4.2243  -28.8964
eta,q 0.92883 35.42228

---------------------------------------------------------------------
compute_vox2vox talsrcimg talsrcimg_to_3T18yoSchwartzReactN32_as_orig_t4 /opt/freesurfer/average/3T18yoSchwartzReactN32_as_orig
---------------------------------------------------------------------

freesurfer compute_vox2vox.c
Reading: talsrcimg.4dfp.ifh
Reading: talsrcimg_to_3T18yoSchwartzReactN32_as_orig_t4
Reading: /opt/freesurfer/average/3T18yoSchwartzReactN32_as_orig.4dfp.ifh
Writing: talsrcimg_to_3T18yoSchwartzReactN32_as_orig_t4_vox2vox.txt

start time Thu Oct 5 12:05:46 UTC 2023
end		time Thu Oct 5 12:06:22 UTC 2023

mpr2mni305 success

avi2talxfm orig_nu.mgz /opt/freesurfer/average/mni305.cor.mgz talsrcimg_to_3T18yoSchwartzReactN32_as_orig_t4_vox2vox.txt transforms/talairach.auto.xfm
avi2talxfm done
mv -f /localscratch/bpinsard.41394451.0/freesurfer_crosssectional_autorecon1smriprep_skullstripautorecon2autorecon3_sub02_ses011.job/sub-02_ses-011/mri/talsrcimg_to_3T18yoSchwartzReactN32_as_orig_t4_vox2vox.txt /localscratch/bpinsard.41394451.0/freesurfer_crosssectional_autorecon1smriprep_skullstripautorecon2autorecon3_sub02_ses011.job/sub-02_ses-011/mri/transforms/talsrcimg_to_3T18yoSchwartzReactN32_as_orig_t4_vox2vox.txt
lta_convert --src orig_nu.mgz --trg /opt/freesurfer/average/mni305.cor.mgz --inxfm transforms/talairach.auto.xfm --outlta transforms/talairach.auto.xfm.lta --subject fsaverage
7.4.1

--src: orig_nu.mgz src image (geometry).
--trg: /opt/freesurfer/average/mni305.cor.mgz trg image (geometry).
--inmni: transforms/talairach.auto.xfm input MNI/XFM transform.
--outlta: transforms/talairach.auto.xfm.lta output LTA.
--s: fsaverage subject name
 LTA read, type : 1
 1.05556  -0.00031  -0.04513  -0.07948;
-0.03740   0.95420   0.30217  -19.97385;
 0.03275  -0.35963   0.97541   11.10231;
 0.00000   0.00000   0.00000   1.00000;
setting subject to fsaverage
Writing  LTA to file transforms/talairach.auto.xfm.lta...
lta_convert successful.
 
 
Started at Thu Oct 5 12:05:45 UTC 2023
Ended   at Thu Oct  5 12:06:22 UTC 2023
talairach_avi done
