Log file for defect2seg
Thu Oct  5 16:58:12 UTC 2023

setenv SUBJECTS_DIR /localscratch/bpinsard.41394464.0/freesurfer_crosssectional_autorecon1smriprep_skullstripautorecon2autorecon3_sub03_ses010.job
cd /localscratch/bpinsard.41394464.0/freesurfer_crosssectional_autorecon1smriprep_skullstripautorecon2autorecon3_sub03_ses010.job/sub-03_ses-010/scripts
/opt/freesurfer/bin/defect2seg --s sub-03_ses-010 --cortex

freesurfer-linux-centos7_x86_64-7.4.1-20230613-7eb8460
defect2seg 7.4.1
Linux bc11956.int.ets1.calculquebec.ca 3.10.0-1160.90.1.el7.x86_64 #1 SMP Thu May 4 15:21:22 UTC 2023 x86_64 x86_64 x86_64 GNU/Linux
pid 157569
mri_label2label --label-cortex /localscratch/bpinsard.41394464.0/freesurfer_crosssectional_autorecon1smriprep_skullstripautorecon2autorecon3_sub03_ses010.job/sub-03_ses-010/surf/lh.orig.nofix /localscratch/bpinsard.41394464.0/freesurfer_crosssectional_autorecon1smriprep_skullstripautorecon2autorecon3_sub03_ses010.job/sub-03_ses-010/mri/aseg.presurf.mgz 0 /localscratch/bpinsard.41394464.0/freesurfer_crosssectional_autorecon1smriprep_skullstripautorecon2autorecon3_sub03_ses010.job/sub-03_ses-010/label/lh.nofix.cortex.label

 Generating cortex label... RemoveHipAmgy=0
 NucAccIsMedialWall=0
 mris->useRealRAS=0
29 non-cortical segments detected
only using segment with 11174 vertices
erasing segment 0 (vno[0] = 3985)
erasing segment 1 (vno[0] = 6137)
erasing segment 2 (vno[0] = 18226)
erasing segment 3 (vno[0] = 71802)
erasing segment 5 (vno[0] = 150491)
erasing segment 6 (vno[0] = 157659)
erasing segment 7 (vno[0] = 157758)
erasing segment 8 (vno[0] = 157773)
erasing segment 9 (vno[0] = 157777)
erasing segment 10 (vno[0] = 157833)
erasing segment 11 (vno[0] = 157863)
erasing segment 12 (vno[0] = 159163)
erasing segment 13 (vno[0] = 159168)
erasing segment 14 (vno[0] = 159239)
erasing segment 15 (vno[0] = 159240)
erasing segment 16 (vno[0] = 160456)
erasing segment 17 (vno[0] = 160595)
erasing segment 18 (vno[0] = 160693)
erasing segment 19 (vno[0] = 163605)
erasing segment 20 (vno[0] = 164982)
erasing segment 21 (vno[0] = 169842)
erasing segment 22 (vno[0] = 171996)
erasing segment 23 (vno[0] = 176481)
erasing segment 24 (vno[0] = 188900)
erasing segment 25 (vno[0] = 198639)
erasing segment 26 (vno[0] = 200527)
erasing segment 27 (vno[0] = 214686)
erasing segment 28 (vno[0] = 216196)
mri_label2vol --defects /localscratch/bpinsard.41394464.0/freesurfer_crosssectional_autorecon1smriprep_skullstripautorecon2autorecon3_sub03_ses010.job/sub-03_ses-010/surf/lh.orig.nofix /localscratch/bpinsard.41394464.0/freesurfer_crosssectional_autorecon1smriprep_skullstripautorecon2autorecon3_sub03_ses010.job/sub-03_ses-010/surf/lh.defect_labels /localscratch/bpinsard.41394464.0/freesurfer_crosssectional_autorecon1smriprep_skullstripautorecon2autorecon3_sub03_ses010.job/sub-03_ses-010/mri/orig.mgz 1000 0 /localscratch/bpinsard.41394464.0/freesurfer_crosssectional_autorecon1smriprep_skullstripautorecon2autorecon3_sub03_ses010.job/sub-03_ses-010/mri/surface.defects.mgz /localscratch/bpinsard.41394464.0/freesurfer_crosssectional_autorecon1smriprep_skullstripautorecon2autorecon3_sub03_ses010.job/sub-03_ses-010/label/lh.nofix.cortex.label
mri_label2vol supposed to be reproducible but seed not set
Contraining to label /localscratch/bpinsard.41394464.0/freesurfer_crosssectional_autorecon1smriprep_skullstripautorecon2autorecon3_sub03_ses010.job/sub-03_ses-010/label/lh.nofix.cortex.label
Changing input type 0 to MRI_INT
Converting defects to volume: offset=1000, merge=0
Writing to /localscratch/bpinsard.41394464.0/freesurfer_crosssectional_autorecon1smriprep_skullstripautorecon2autorecon3_sub03_ses010.job/sub-03_ses-010/mri/surface.defects.mgz
mris_defects_pointset -s /localscratch/bpinsard.41394464.0/freesurfer_crosssectional_autorecon1smriprep_skullstripautorecon2autorecon3_sub03_ses010.job/sub-03_ses-010/surf/lh.orig.nofix -d /localscratch/bpinsard.41394464.0/freesurfer_crosssectional_autorecon1smriprep_skullstripautorecon2autorecon3_sub03_ses010.job/sub-03_ses-010/surf/lh.defect_labels -o /localscratch/bpinsard.41394464.0/freesurfer_crosssectional_autorecon1smriprep_skullstripautorecon2autorecon3_sub03_ses010.job/sub-03_ses-010/surf/lh.defects.pointset --label /localscratch/bpinsard.41394464.0/freesurfer_crosssectional_autorecon1smriprep_skullstripautorecon2autorecon3_sub03_ses010.job/sub-03_ses-010/label/lh.nofix.cortex.label
Reading in surface /localscratch/bpinsard.41394464.0/freesurfer_crosssectional_autorecon1smriprep_skullstripautorecon2autorecon3_sub03_ses010.job/sub-03_ses-010/surf/lh.orig.nofix
Reading in defect segmentation /localscratch/bpinsard.41394464.0/freesurfer_crosssectional_autorecon1smriprep_skullstripautorecon2autorecon3_sub03_ses010.job/sub-03_ses-010/surf/lh.defect_labels
Reading in label /localscratch/bpinsard.41394464.0/freesurfer_crosssectional_autorecon1smriprep_skullstripautorecon2autorecon3_sub03_ses010.job/sub-03_ses-010/label/lh.nofix.cortex.label
#VMPC# mris_defects_pointset 466600
mris_defects_pointset done
mri_label2label --label-cortex /localscratch/bpinsard.41394464.0/freesurfer_crosssectional_autorecon1smriprep_skullstripautorecon2autorecon3_sub03_ses010.job/sub-03_ses-010/surf/rh.orig.nofix /localscratch/bpinsard.41394464.0/freesurfer_crosssectional_autorecon1smriprep_skullstripautorecon2autorecon3_sub03_ses010.job/sub-03_ses-010/mri/aseg.presurf.mgz 0 /localscratch/bpinsard.41394464.0/freesurfer_crosssectional_autorecon1smriprep_skullstripautorecon2autorecon3_sub03_ses010.job/sub-03_ses-010/label/rh.nofix.cortex.label

 Generating cortex label... RemoveHipAmgy=0
 NucAccIsMedialWall=0
 mris->useRealRAS=0
36 non-cortical segments detected
only using segment with 11073 vertices
erasing segment 0 (vno[0] = 3049)
erasing segment 1 (vno[0] = 4296)
erasing segment 2 (vno[0] = 5457)
erasing segment 3 (vno[0] = 12407)
erasing segment 4 (vno[0] = 19905)
erasing segment 5 (vno[0] = 20107)
erasing segment 6 (vno[0] = 61330)
erasing segment 7 (vno[0] = 62901)
erasing segment 8 (vno[0] = 64446)
erasing segment 9 (vno[0] = 64457)
erasing segment 10 (vno[0] = 77538)
erasing segment 11 (vno[0] = 77539)
erasing segment 12 (vno[0] = 81581)
erasing segment 13 (vno[0] = 81603)
erasing segment 15 (vno[0] = 97292)
erasing segment 16 (vno[0] = 97296)
erasing segment 17 (vno[0] = 102231)
erasing segment 18 (vno[0] = 108941)
erasing segment 19 (vno[0] = 121994)
erasing segment 20 (vno[0] = 125040)
erasing segment 21 (vno[0] = 126930)
erasing segment 22 (vno[0] = 143048)
erasing segment 23 (vno[0] = 155602)
erasing segment 24 (vno[0] = 161163)
erasing segment 25 (vno[0] = 165399)
erasing segment 26 (vno[0] = 166746)
erasing segment 27 (vno[0] = 174487)
erasing segment 28 (vno[0] = 176923)
erasing segment 29 (vno[0] = 176969)
erasing segment 30 (vno[0] = 178007)
erasing segment 31 (vno[0] = 205638)
erasing segment 32 (vno[0] = 206766)
erasing segment 33 (vno[0] = 208543)
erasing segment 34 (vno[0] = 209493)
erasing segment 35 (vno[0] = 209503)
mri_label2vol --defects /localscratch/bpinsard.41394464.0/freesurfer_crosssectional_autorecon1smriprep_skullstripautorecon2autorecon3_sub03_ses010.job/sub-03_ses-010/surf/rh.orig.nofix /localscratch/bpinsard.41394464.0/freesurfer_crosssectional_autorecon1smriprep_skullstripautorecon2autorecon3_sub03_ses010.job/sub-03_ses-010/surf/rh.defect_labels /localscratch/bpinsard.41394464.0/freesurfer_crosssectional_autorecon1smriprep_skullstripautorecon2autorecon3_sub03_ses010.job/sub-03_ses-010/mri/surface.defects.mgz 2000 1 /localscratch/bpinsard.41394464.0/freesurfer_crosssectional_autorecon1smriprep_skullstripautorecon2autorecon3_sub03_ses010.job/sub-03_ses-010/mri/surface.defects.mgz /localscratch/bpinsard.41394464.0/freesurfer_crosssectional_autorecon1smriprep_skullstripautorecon2autorecon3_sub03_ses010.job/sub-03_ses-010/label/rh.nofix.cortex.label
mri_label2vol supposed to be reproducible but seed not set
Contraining to label /localscratch/bpinsard.41394464.0/freesurfer_crosssectional_autorecon1smriprep_skullstripautorecon2autorecon3_sub03_ses010.job/sub-03_ses-010/label/rh.nofix.cortex.label
Converting defects to volume: offset=2000, merge=1
Writing to /localscratch/bpinsard.41394464.0/freesurfer_crosssectional_autorecon1smriprep_skullstripautorecon2autorecon3_sub03_ses010.job/sub-03_ses-010/mri/surface.defects.mgz
mris_defects_pointset -s /localscratch/bpinsard.41394464.0/freesurfer_crosssectional_autorecon1smriprep_skullstripautorecon2autorecon3_sub03_ses010.job/sub-03_ses-010/surf/rh.orig.nofix -d /localscratch/bpinsard.41394464.0/freesurfer_crosssectional_autorecon1smriprep_skullstripautorecon2autorecon3_sub03_ses010.job/sub-03_ses-010/surf/rh.defect_labels -o /localscratch/bpinsard.41394464.0/freesurfer_crosssectional_autorecon1smriprep_skullstripautorecon2autorecon3_sub03_ses010.job/sub-03_ses-010/surf/rh.defects.pointset --label /localscratch/bpinsard.41394464.0/freesurfer_crosssectional_autorecon1smriprep_skullstripautorecon2autorecon3_sub03_ses010.job/sub-03_ses-010/label/rh.nofix.cortex.label
Reading in surface /localscratch/bpinsard.41394464.0/freesurfer_crosssectional_autorecon1smriprep_skullstripautorecon2autorecon3_sub03_ses010.job/sub-03_ses-010/surf/rh.orig.nofix
Reading in defect segmentation /localscratch/bpinsard.41394464.0/freesurfer_crosssectional_autorecon1smriprep_skullstripautorecon2autorecon3_sub03_ses010.job/sub-03_ses-010/surf/rh.defect_labels
Reading in label /localscratch/bpinsard.41394464.0/freesurfer_crosssectional_autorecon1smriprep_skullstripautorecon2autorecon3_sub03_ses010.job/sub-03_ses-010/label/rh.nofix.cortex.label
#VMPC# mris_defects_pointset 471680
mris_defects_pointset done
 
Started at Thu Oct 5 16:58:12 UTC 2023 
Ended   at Thu Oct  5 16:59:34 UTC 2023
Defect2seg-Run-Time-Sec 82
Defect2seg-Run-Time-Min 1.64
Defect2seg-Run-Time-Hours 0.02
 
defect2seg Done
