Log file for longmc
Sat Oct 14 00:12:16 UTC 2023

setenv SUBJECTS_DIR /localscratch/bpinsard.41537206.0/freesurfer_longitudinal_autoreconall_sub05.job
cd /localscratch/bpinsard.41537206.0/freesurfer_longitudinal_autoreconall_sub05.job/sub-05_ses-007.long.sub-05
/opt/freesurfer/bin/longmc -long sub-05_ses-007 sub-05 -s sub-05_ses-007.long.sub-05

freesurfer-linux-centos7_x86_64-7.4.1-20230613-7eb8460
longmc 7.4.1
Linux bc12315.int.ets1.calculquebec.ca 3.10.0-1160.90.1.el7.x86_64 #1 SMP Thu May 4 15:21:22 UTC 2023 x86_64 x86_64 x86_64 GNU/Linux
pid 124079

 mri_convert -at /localscratch/bpinsard.41537206.0/freesurfer_longitudinal_autoreconall_sub05.job/sub-05/mri/transforms/sub-05_ses-007_to_sub-05.lta -odt uchar -rt cubic /localscratch/bpinsard.41537206.0/freesurfer_longitudinal_autoreconall_sub05.job/sub-05_ses-007/mri/orig/001.mgz /localscratch/bpinsard.41537206.0/freesurfer_longitudinal_autoreconall_sub05.job/sub-05_ses-007.long.sub-05/mri/orig.mgz 

mri_convert -at /localscratch/bpinsard.41537206.0/freesurfer_longitudinal_autoreconall_sub05.job/sub-05/mri/transforms/sub-05_ses-007_to_sub-05.lta -odt uchar -rt cubic /localscratch/bpinsard.41537206.0/freesurfer_longitudinal_autoreconall_sub05.job/sub-05_ses-007/mri/orig/001.mgz /localscratch/bpinsard.41537206.0/freesurfer_longitudinal_autoreconall_sub05.job/sub-05_ses-007.long.sub-05/mri/orig.mgz 
reading from /localscratch/bpinsard.41537206.0/freesurfer_longitudinal_autoreconall_sub05.job/sub-05_ses-007/mri/orig/001.mgz...
TR=0.00, TE=0.00, TI=0.00, flip angle=0.00
i_ras = (1, 0, 0)
j_ras = (0, 1, 0)
k_ras = (0, 0, 1)
INFO: Reading transformation from file /localscratch/bpinsard.41537206.0/freesurfer_longitudinal_autoreconall_sub05.job/sub-05/mri/transforms/sub-05_ses-007_to_sub-05.lta...
Reading transform with LTAreadEx()
INFO: Applying transformation from file /localscratch/bpinsard.41537206.0/freesurfer_longitudinal_autoreconall_sub05.job/sub-05/mri/transforms/sub-05_ses-007_to_sub-05.lta...
---------------------------------
INFO: Transform Matrix (linear_ras_to_ras)
 0.99968  -0.02331  -0.00945   0.70614;
 0.02353   0.99945   0.02325   0.11580;
 0.00890  -0.02347   0.99968   1.55067;
 0.00000   0.00000   0.00000   1.00000;
---------------------------------
Applying LTAtransformInterp (resample_type 5)
MRItoBSpline degree 3
changing data type from float to uchar (noscale = 0)...
MRIchangeType: Building histogram 0 8124.48 1000, flo=0, fhi=0.999, dest_type=0
writing to /localscratch/bpinsard.41537206.0/freesurfer_longitudinal_autoreconall_sub05.job/sub-05_ses-007.long.sub-05/mri/orig.mgz...

 mri_convert -at /localscratch/bpinsard.41537206.0/freesurfer_longitudinal_autoreconall_sub05.job/sub-05/mri/transforms/sub-05_ses-007_to_sub-05.lta -rt cubic /localscratch/bpinsard.41537206.0/freesurfer_longitudinal_autoreconall_sub05.job/sub-05_ses-007/mri/orig/001.mgz /localscratch/bpinsard.41537206.0/freesurfer_longitudinal_autoreconall_sub05.job/sub-05_ses-007.long.sub-05/mri/rawavg.mgz 

mri_convert -at /localscratch/bpinsard.41537206.0/freesurfer_longitudinal_autoreconall_sub05.job/sub-05/mri/transforms/sub-05_ses-007_to_sub-05.lta -rt cubic /localscratch/bpinsard.41537206.0/freesurfer_longitudinal_autoreconall_sub05.job/sub-05_ses-007/mri/orig/001.mgz /localscratch/bpinsard.41537206.0/freesurfer_longitudinal_autoreconall_sub05.job/sub-05_ses-007.long.sub-05/mri/rawavg.mgz 
reading from /localscratch/bpinsard.41537206.0/freesurfer_longitudinal_autoreconall_sub05.job/sub-05_ses-007/mri/orig/001.mgz...
TR=0.00, TE=0.00, TI=0.00, flip angle=0.00
i_ras = (1, 0, 0)
j_ras = (0, 1, 0)
k_ras = (0, 0, 1)
INFO: Reading transformation from file /localscratch/bpinsard.41537206.0/freesurfer_longitudinal_autoreconall_sub05.job/sub-05/mri/transforms/sub-05_ses-007_to_sub-05.lta...
Reading transform with LTAreadEx()
INFO: Applying transformation from file /localscratch/bpinsard.41537206.0/freesurfer_longitudinal_autoreconall_sub05.job/sub-05/mri/transforms/sub-05_ses-007_to_sub-05.lta...
---------------------------------
INFO: Transform Matrix (linear_ras_to_ras)
 0.99968  -0.02331  -0.00945   0.70614;
 0.02353   0.99945   0.02325   0.11580;
 0.00890  -0.02347   0.99968   1.55067;
 0.00000   0.00000   0.00000   1.00000;
---------------------------------
Applying LTAtransformInterp (resample_type 5)
MRItoBSpline degree 3
writing to /localscratch/bpinsard.41537206.0/freesurfer_longitudinal_autoreconall_sub05.job/sub-05_ses-007.long.sub-05/mri/rawavg.mgz...
 
Started at Sat Oct 14 00:12:16 UTC 2023 
Ended   at Sat Oct 14 00:12:59 UTC 2023
Longmc-Run-Time-Sec 43
Longmc-Run-Time-Min 0.86
Longmc-Run-Time-Hours 0.01
 
longmc Done
