status file for recon-all
Sat Oct 14 00:12:16 UTC 2023
#@# MotionCor Sat Oct 14 00:13:00 UTC 2023
#@# Talairach Sat Oct 14 00:13:00 UTC 2023
#@# Talairach Failure Detection Sat Oct 14 00:13:02 UTC 2023
#@# Nu Intensity Correction Sat Oct 14 00:13:02 UTC 2023
#@# Intensity Normalization Sat Oct 14 00:22:43 UTC 2023
#@# Skull Stripping Sat Oct 14 00:37:51 UTC 2023
#@# EM Registration Sat Oct 14 00:37:58 UTC 2023
#@# CA Normalize Sat Oct 14 00:37:58 UTC 2023
#@# CA Reg Sat Oct 14 00:42:11 UTC 2023
#@# SubCort Seg Sat Oct 14 01:08:13 UTC 2023
#@# CC Seg Sat Oct 14 01:20:55 UTC 2023
#@# Merge ASeg Sat Oct 14 01:33:29 UTC 2023
#@# Intensity Normalization2 Sat Oct 14 01:33:29 UTC 2023
#@# Mask BFS Sat Oct 14 01:40:58 UTC 2023
#@# WM Segmentation Sat Oct 14 01:41:05 UTC 2023
#@# Smooth2 lh Sat Oct 14 02:01:19 UTC 2023
#@# Smooth2 rh Sat Oct 14 02:01:26 UTC 2023
#@# Inflation2 lh Sat Oct 14 02:01:32 UTC 2023
#@# Inflation2 rh Sat Oct 14 02:02:02 UTC 2023
#@# Curv .H and .K lh Sat Oct 14 02:02:31 UTC 2023
#@# Curv .H and .K rh Sat Oct 14 02:04:18 UTC 2023
#@# Sphere lh Sat Oct 14 02:06:07 UTC 2023
#@# Sphere rh Sat Oct 14 02:06:07 UTC 2023
#@# Surf Reg lh Sat Oct 14 02:06:07 UTC 2023
#@# Surf Reg rh Sat Oct 14 02:09:52 UTC 2023
#@# Jacobian white lh Sat Oct 14 02:13:46 UTC 2023
#@# Jacobian white rh Sat Oct 14 02:13:48 UTC 2023
#@# AvgCurv lh Sat Oct 14 02:13:50 UTC 2023
#@# AvgCurv rh Sat Oct 14 02:13:52 UTC 2023
#@# Cortical Parc lh Sat Oct 14 02:13:54 UTC 2023
#@# Cortical Parc rh Sat Oct 14 02:14:12 UTC 2023
#@# white curv lh Sat Oct 14 02:33:43 UTC 2023
#@# white area lh Sat Oct 14 02:33:47 UTC 2023
#@# pial curv lh Sat Oct 14 02:33:49 UTC 2023
#@# pial area lh Sat Oct 14 02:33:53 UTC 2023
#@# thickness lh Sat Oct 14 02:33:55 UTC 2023
#@# area and vertex vol lh Sat Oct 14 02:35:08 UTC 2023
#@# white curv rh Sat Oct 14 02:35:12 UTC 2023
#@# white area rh Sat Oct 14 02:35:16 UTC 2023
#@# pial curv rh Sat Oct 14 02:35:17 UTC 2023
#@# pial area rh Sat Oct 14 02:35:22 UTC 2023
#@# thickness rh Sat Oct 14 02:35:23 UTC 2023
#@# area and vertex vol rh Sat Oct 14 02:36:36 UTC 2023
#@# Curvature Stats lh Sat Oct 14 02:36:40 UTC 2023
#@# Curvature Stats rh Sat Oct 14 02:36:46 UTC 2023
#@# Cortical ribbon mask Sat Oct 14 02:36:52 UTC 2023
#@# Cortical Parc 2 lh Sat Oct 14 03:00:18 UTC 2023
#@# Cortical Parc 2 rh Sat Oct 14 03:00:42 UTC 2023
#@# Cortical Parc 3 lh Sat Oct 14 03:01:06 UTC 2023
#@# Cortical Parc 3 rh Sat Oct 14 03:01:26 UTC 2023
#@# WM/GM Contrast lh Sat Oct 14 03:01:47 UTC 2023
#@# WM/GM Contrast rh Sat Oct 14 03:01:55 UTC 2023
#@# Relabel Hypointensities Sat Oct 14 03:02:04 UTC 2023
#@# APas-to-ASeg Sat Oct 14 03:02:48 UTC 2023
#@# AParc-to-ASeg aparc Sat Oct 14 03:03:25 UTC 2023
#@# AParc-to-ASeg aparc.a2009s Sat Oct 14 03:08:39 UTC 2023
#@# AParc-to-ASeg aparc.DKTatlas Sat Oct 14 03:13:51 UTC 2023
#@# WMParc Sat Oct 14 03:19:05 UTC 2023
#@# Parcellation Stats lh Sat Oct 14 03:26:50 UTC 2023
#@# Parcellation Stats rh Sat Oct 14 03:28:17 UTC 2023
#@# Parcellation Stats 2 lh Sat Oct 14 03:29:48 UTC 2023
#@# Parcellation Stats 2 rh Sat Oct 14 03:30:35 UTC 2023
#@# Parcellation Stats 3 lh Sat Oct 14 03:31:24 UTC 2023
#@# Parcellation Stats 3 rh Sat Oct 14 03:32:08 UTC 2023
#@# ASeg Stats Sat Oct 14 03:32:54 UTC 2023
#@# BA_exvivo Labels lh Sat Oct 14 03:34:45 UTC 2023
#@# BA_exvivo Labels rh Sat Oct 14 03:41:33 UTC 2023
recon-all -s sub-05_ses-007.long.sub-05 finished without error at Sat Oct 14 03:48:21 UTC 2023
