/localscratch/bpinsard.41394477.0/freesurfer_crosssectional_autorecon1smriprep_skullstripautorecon2autorecon3_sub05_ses004.job/sub-05_ses-004/mri
/opt/freesurfer/bin/talairach_avi
--i orig_nu.mgz --xfm transforms/talairach.auto.xfm --atlas 3T18yoSchwartzReactN32_as_orig
talairach_avi 7.4.1
Linux bc12307.int.ets1.calculquebec.ca 3.10.0-1160.99.1.el7.x86_64 #1 SMP Wed Sep 13 14:19:20 UTC 2023 x86_64 x86_64 x86_64 GNU/Linux
Thu Oct  5 12:29:23 UTC 2023
mri_convert orig_nu.mgz talsrcimg.img 
reading from orig_nu.mgz...
TR=0.00, TE=0.00, TI=0.00, flip angle=0.00
i_ras = (-1, 0, 0)
j_ras = (0, 0, -1)
k_ras = (0, 1, 0)
writing to talsrcimg.img...
Analyze Output Matrix
-0.80000   0.00000   0.00000   128.59731;
 0.00000   0.00000   0.80000  -102.86667;
 0.00000  -0.80000   0.00000   114.89365;
 0.00000   0.00000   0.00000   1.00000;
--------------------
INFO: set hdr.hist.orient to -1
mpr2mni305 talsrcimg
Thu Oct  5 12:29:24 UTC 2023
/opt/freesurfer/bin/mpr2mni305 talsrcimg
mpr2mni305 7.4.1
target=3T18yoSchwartzReactN32_as_orig

---------------------------------------------------------------------
analyzeto4dfp talsrcimg -O0 -y
---------------------------------------------------------------------

freesurfer ifh2hdr.c
Thu Oct  5 12:29:24 2023
Writing: talsrcimg.4dfp.hdr
freesurfer analyzeto4dfp.c
Reading: talsrcimg.hdr
header size 348 bytes
hdr.dime.datatype	offset=70	value=2
hdr.dime.bitpix		offset=72	value=8
hdr.hist.orient		offset=252	value=-1
dimensionality     4
dimensions       320       320       320         1
Reading: talsrcimg.img
Writing: talsrcimg.4dfp.img
Writing: talsrcimg.4dfp.ifh
ifh2hdr talsrcimg -r0to208
ori=2

---------------------------------------------------------------------
gauss_4dfp talsrcimg 1.1
---------------------------------------------------------------------

freesurfer gauss_4dfp.c
Reading: talsrcimg.4dfp.img
Writing: talsrcimg_g11.4dfp.img
image dimensions 320 320 320 padded to 384 384 384
processing volume 1freesurfer ifh2hdr.c
Thu Oct  5 12:29:38 2023
Writing: talsrcimg_g11.4dfp.hdr

Writing: talsrcimg_g11.4dfp.ifh
including: talsrcimg.4dfp.img.rec in talsrcimg_g11.4dfp.img.rec

---------------------------------------------------------------------
imgreg_4dfp /opt/freesurfer/average/3T18yoSchwartzReactN32_as_orig none talsrcimg_g11 none talsrcimg_to_3T18yoSchwartzReactN32_as_orig_t4 4355
---------------------------------------------------------------------

freesurfer imgreg_4dfp.c
/opt/freesurfer/average/3T18yoSchwartzReactN32_as_orig.4dfp.img
       256       256       256         1
  1.000000  1.000000  1.000000
orientation T byte_order littleendian
Reading image: /opt/freesurfer/average/3T18yoSchwartzReactN32_as_orig.4dfp.img
dimensions:      256       256       256
mmppix:       1.0000   -1.0000   -1.0000
center:     128.0000 -129.0000 -129.0000
talsrcimg_g11.4dfp.img
       320       320       320         1
  0.799995  0.799995  0.799995
orientation T byte_order littleendian
Reading image: talsrcimg_g11.4dfp.img
dimensions:      320       320       320
mmppix:       0.8000   -0.8000   -0.8000
center:     127.9992 -128.7992 -128.7992
t4_read: open error in t4_sub.f l:  46 t4_file(1:l)talsrcimg_to_3T18yoSchwartzReactN32_as_orig_t4 
t4_read: transform initialized to I4
rotation matrix determinant  1.000000
image alignment mode   4355 decimal     1103 hex
   -7.5000  -45.0000  -45.0000 9081.7246   27.8451
    0.0000  -45.0000  -45.0000 9457.0225   27.8624
    7.5000  -45.0000  -45.0000 8999.6250   27.8153
   -7.5000  -37.5000  -45.0000 9213.8447   29.1332
    0.0000  -37.5000  -45.0000 9589.6992   29.1400
    7.5000  -37.5000  -45.0000 9110.3184   29.0723
   -7.5000  -30.0000  -45.0000 9770.1680   29.4417
    0.0000  -30.0000  -45.000010154.7793   29.4479
    7.5000  -30.0000  -45.0000 9592.9902   29.3809
   -7.5000  -22.5000  -45.000010272.1426   29.7115
    0.0000  -22.5000  -45.000010674.4287   29.7378
    7.5000  -22.5000  -45.000010044.2441   29.6859
   -7.5000  -15.0000  -45.000010769.8867   30.1883
    0.0000  -15.0000  -45.000011193.3760   30.2272
    7.5000  -15.0000  -45.000010505.8320   30.1873
   -7.5000   -7.5000  -45.000011287.5811   30.8587
    0.0000   -7.5000  -45.000011753.0830   30.8904
    7.5000   -7.5000  -45.000011030.8145   30.8514
   -7.5000    0.0000  -45.000011951.4150   31.7904
    0.0000    0.0000  -45.000012438.7207   31.8024
    7.5000    0.0000  -45.000011689.7012   31.7507
   -7.5000    7.5000  -45.000011882.9717   33.7994
    0.0000    7.5000  -45.000012361.5459   33.7966
    7.5000    7.5000  -45.000011615.5029   33.7201
   -7.5000   15.0000  -45.000012003.1670   36.2356
    0.0000   15.0000  -45.000012458.8594   36.2268
    7.5000   15.0000  -45.000011715.7275   36.1653
   -7.5000   22.5000  -45.000011788.1748   38.2357
    0.0000   22.5000  -45.000012245.5146   38.2746
    7.5000   22.5000  -45.000011512.9844   38.2606
   -7.5000   30.0000  -45.000011481.4199   39.9739
    0.0000   30.0000  -45.000011921.5557   40.0372
    7.5000   30.0000  -45.000011203.8555   40.0449
   -7.5000   37.5000  -45.000011514.0576   41.8418
    0.0000   37.5000  -45.000011950.5889   41.8958
    7.5000   37.5000  -45.000011249.3662   41.9158
   -7.5000   45.0000  -45.000011044.4229   43.2800
    0.0000   45.0000  -45.000011470.3584   43.3128
    7.5000   45.0000  -45.000010815.9404   43.3373
   -7.5000  -45.0000  -37.5000 9416.1973   27.8429
    0.0000  -45.0000  -37.5000 9802.8525   27.8728
    7.5000  -45.0000  -37.5000 9317.5938   27.8285
   -7.5000  -37.5000  -37.5000 9566.4912   29.1306
    0.0000  -37.5000  -37.5000 9967.1709   29.1528
    7.5000  -37.5000  -37.5000 9464.5498   29.0970
   -7.5000  -30.0000  -37.500010160.9355   29.4368
    0.0000  -30.0000  -37.500010574.2207   29.4572
    7.5000  -30.0000  -37.5000 9981.8057   29.4015
   -7.5000  -22.5000  -37.500010712.1670   29.6964
    0.0000  -22.5000  -37.500011140.4346   29.7341
    7.5000  -22.5000  -37.500010476.5859   29.6845
   -7.5000  -15.0000  -37.500011252.3799   30.1718
    0.0000  -15.0000  -37.500011699.8389   30.2204
    7.5000  -15.0000  -37.500010979.1328   30.1753
   -7.5000   -7.5000  -37.500011841.9678   30.8505
    0.0000   -7.5000  -37.500012318.3809   30.8928
    7.5000   -7.5000  -37.500011540.7744   30.8481
   -7.5000    0.0000  -37.500012568.7109   31.7958
    0.0000    0.0000  -37.500013078.9170   31.8208
    7.5000    0.0000  -37.500012246.9014   31.7703
   -7.5000    7.5000  -37.500012512.8037   33.8007
    0.0000    7.5000  -37.500013015.2607   33.8145
    7.5000    7.5000  -37.500012191.4375   33.7506
   -7.5000   15.0000  -37.500012656.1846   36.2390
    0.0000   15.0000  -37.500013146.7832   36.2498
    7.5000   15.0000  -37.500012325.0547   36.2028
   -7.5000   22.5000  -37.500012467.0938   38.2448
    0.0000   22.5000  -37.500012950.1396   38.3054
    7.5000   22.5000  -37.500012134.1143   38.2976
   -7.5000   30.0000  -37.500012155.4287   39.9605
    0.0000   30.0000  -37.500012621.8184   40.0448
    7.5000   30.0000  -37.500011820.4346   40.0518
   -7.5000   37.5000  -37.500012216.2568   41.8463
    0.0000   37.5000  -37.500012679.1221   41.9195
    7.5000   37.5000  -37.500011894.5918   41.9354
   -7.5000   45.0000  -37.500011740.4297   43.3175
    0.0000   45.0000  -37.500012193.8877   43.3671
    7.5000   45.0000  -37.500011430.7061   43.3994
   -7.5000  -45.0000  -30.0000 9932.9307   28.9125
    0.0000  -45.0000  -30.000010320.8232   28.9461
    7.5000  -45.0000  -30.0000 9807.4766   28.9028
   -7.5000  -37.5000  -30.000010123.3760   30.2749
    0.0000  -37.5000  -30.000010532.5176   30.3028
    7.5000  -37.5000  -30.000010007.3389   30.2551
   -7.5000  -30.0000  -30.000010742.9141   30.6448
    0.0000  -30.0000  -30.000011185.4111   30.6663
    7.5000  -30.0000  -30.000010574.6074   30.6168
   -7.5000  -22.5000  -30.000011315.3145   30.9377
    0.0000  -22.5000  -30.000011774.7998   30.9740
    7.5000  -22.5000  -30.000011098.2090   30.9259
   -7.5000  -15.0000  -30.000011903.0117   31.4386
    0.0000  -15.0000  -30.000012378.4277   31.4863
    7.5000  -15.0000  -30.000011628.1602   31.4383
   -7.5000   -7.5000  -30.000012550.4521   32.1546
    0.0000   -7.5000  -30.000013051.2227   32.1987
    7.5000   -7.5000  -30.000012231.5010   32.1498
   -7.5000    0.0000  -30.000013352.7109   33.1817
    0.0000    0.0000  -30.000013897.6689   33.2114
    7.5000    0.0000  -30.000013003.1582   33.1612
   -7.5000    7.5000  -30.000013333.1113   35.2992
    0.0000    7.5000  -30.000013876.6904   35.3189
    7.5000    7.5000  -30.000012975.4990   35.2636
   -7.5000   15.0000  -30.000013530.1875   37.8898
    0.0000   15.0000  -30.000014063.9131   37.9045
    7.5000   15.0000  -30.000013160.1484   37.8674
   -7.5000   22.5000  -30.000013336.8779   40.0007
    0.0000   22.5000  -30.000013879.4795   40.0579
    7.5000   22.5000  -30.000012961.6572   40.0536
   -7.5000   30.0000  -30.000013013.6064   41.7567
    0.0000   30.0000  -30.000013526.3086   41.8422
    7.5000   30.0000  -30.000012629.6289   41.8489
   -7.5000   37.5000  -30.000013114.2637   43.6834
    0.0000   37.5000  -30.000013629.9004   43.7650
    7.5000   37.5000  -30.000012730.6934   43.7860
   -7.5000   45.0000  -30.000012614.3174   45.2411
    0.0000   45.0000  -30.000013121.8311   45.3040
    7.5000   45.0000  -30.000012264.4375   45.3514
   -7.5000  -45.0000  -22.500010398.2520   29.7443
    0.0000  -45.0000  -22.500010796.8633   29.7666
    7.5000  -45.0000  -22.500010272.8662   29.7217
   -7.5000  -37.5000  -22.500010627.6602   31.1690
    0.0000  -37.5000  -22.500011040.9033   31.1842
    7.5000  -37.5000  -22.500010513.5166   31.1318
   -7.5000  -30.0000  -22.500011284.9766   31.5959
    0.0000  -30.0000  -22.500011736.3018   31.6013
    7.5000  -30.0000  -22.500011135.0771   31.5444
   -7.5000  -22.5000  -22.500011900.8018   31.9259
    0.0000  -22.5000  -22.500012385.5020   31.9462
    7.5000  -22.5000  -22.500011709.0762   31.8946
   -7.5000  -15.0000  -22.500012538.5713   32.4438
    0.0000  -15.0000  -22.500013051.0889   32.4775
    7.5000  -15.0000  -22.500012296.6240   32.4296
   -7.5000   -7.5000  -22.500013256.9893   33.1798
    0.0000   -7.5000  -22.500013799.4189   33.2121
    7.5000   -7.5000  -22.500012960.1416   33.1641
   -7.5000    0.0000  -22.500014138.9248   34.2617
    0.0000    0.0000  -22.500014717.3037   34.2803
    7.5000    0.0000  -22.500013794.8818   34.2293
   -7.5000    7.5000  -22.500014188.8994   36.4742
    0.0000    7.5000  -22.500014760.0078   36.4802
    7.5000    7.5000  -22.500013805.9248   36.4195
   -7.5000   15.0000  -22.500014436.3828   39.1940
    0.0000   15.0000  -22.500015019.5703   39.1894
    7.5000   15.0000  -22.500014037.0303   39.1442
   -7.5000   22.5000  -22.500014241.7324   41.3852
    0.0000   22.5000  -22.500014831.2461   41.4121
    7.5000   22.5000  -22.500013844.3203   41.4003
   -7.5000   30.0000  -22.500013919.0312   43.1898
    0.0000   30.0000  -22.500014483.6230   43.2492
    7.5000   30.0000  -22.500013505.2344   43.2522
   -7.5000   37.5000  -22.500014049.2441   45.1169
    0.0000   37.5000  -22.500014614.5361   45.1830
    7.5000   37.5000  -22.500013641.3975   45.2101
   -7.5000   45.0000  -22.500013515.3555   46.7055
    0.0000   45.0000  -22.500014067.6504   46.7611
    7.5000   45.0000  -22.500013151.6484   46.8135
   -7.5000  -45.0000  -15.000010823.1660   30.3115
    0.0000  -45.0000  -15.000011255.5889   30.3193
    7.5000  -45.0000  -15.000010712.1377   30.2724
   -7.5000  -37.5000  -15.000011065.8936   31.7611
    0.0000  -37.5000  -15.000011497.4727   31.7567
    7.5000  -37.5000  -15.000010962.4922   31.6907
   -7.5000  -30.0000  -15.000011777.5176   32.2059
    0.0000  -30.0000  -15.000012245.4023   32.1926
    7.5000  -30.0000  -15.000011645.9033   32.1215
   -7.5000  -22.5000  -15.000012456.3359   32.5668
    0.0000  -22.5000  -15.000012966.0811   32.5729
    7.5000  -22.5000  -15.000012304.5361   32.5162
   -7.5000  -15.0000  -15.000013166.4541   33.1137
    0.0000  -15.0000  -15.000013721.2217   33.1371
    7.5000  -15.0000  -15.000012973.7607   33.0931
   -7.5000   -7.5000  -15.000013938.4912   33.8806
    0.0000   -7.5000  -15.000014519.4746   33.9019
    7.5000   -7.5000  -15.000013685.1816   33.8597
   -7.5000    0.0000  -15.000014914.8223   34.9978
    0.0000    0.0000  -15.000015528.2627   35.0013
    7.5000    0.0000  -15.000014602.4482   34.9494
   -7.5000    7.5000  -15.000015032.9551   37.2573
    0.0000    7.5000  -15.000015637.0703   37.2418
    7.5000    7.5000  -15.000014655.2041   37.1664
   -7.5000   15.0000  -15.000015342.7852   40.0319
    0.0000   15.0000  -15.000015961.9043   40.0021
    7.5000   15.0000  -15.000014926.3164   39.9384
   -7.5000   22.5000  -15.000015159.7949   42.2613
    0.0000   22.5000  -15.000015791.0371   42.2626
    7.5000   22.5000  -15.000014771.2959   42.2413
   -7.5000   30.0000  -15.000014823.8350   44.1269
    0.0000   30.0000  -15.000015438.8750   44.1637
    7.5000   30.0000  -15.000014426.2773   44.1668
   -7.5000   37.5000  -15.000014959.5898   46.0751
    0.0000   37.5000  -15.000015584.9111   46.1215
    7.5000   37.5000  -15.000014585.0869   46.1554
   -7.5000   45.0000  -15.000014385.6436   47.6672
    0.0000   45.0000  -15.000014992.0576   47.7027
    7.5000   45.0000  -15.000014076.7500   47.7503
   -7.5000  -45.0000   -7.500011145.6709   30.6253
    0.0000  -45.0000   -7.500011616.2031   30.6319
    7.5000  -45.0000   -7.500011067.2949   30.5815
   -7.5000  -37.5000   -7.500011416.5312   32.0643
    0.0000  -37.5000   -7.500011880.9766   32.0567
    7.5000  -37.5000   -7.500011343.5352   31.9803
   -7.5000  -30.0000   -7.500012166.6279   32.4940
    0.0000  -30.0000   -7.500012668.2266   32.4820
    7.5000  -30.0000   -7.500012071.6289   32.4039
   -7.5000  -22.5000   -7.500012914.8701   32.8733
    0.0000  -22.5000   -7.500013461.4629   32.8845
    7.5000  -22.5000   -7.500012790.6748   32.8266
   -7.5000  -15.0000   -7.500013675.9219   33.4659
    0.0000  -15.0000   -7.500014266.1973   33.4944
    7.5000  -15.0000   -7.500013516.8652   33.4538
   -7.5000   -7.5000   -7.500014492.7861   34.2834
    0.0000   -7.5000   -7.500015118.1826   34.3066
    7.5000   -7.5000   -7.500014300.0791   34.2676
   -7.5000    0.0000   -7.500015554.5547   35.4334
    0.0000    0.0000   -7.500016216.4375   35.4347
    7.5000    0.0000   -7.500015295.6416   35.3795
   -7.5000    7.5000   -7.500015774.6611   37.6930
    0.0000    7.5000   -7.500016429.4746   37.6736
    7.5000    7.5000   -7.500015426.7998   37.5866
   -7.5000   15.0000   -7.500016187.6123   40.4465
    0.0000   15.0000   -7.500016866.0488   40.4148
    7.5000   15.0000   -7.500015789.3252   40.3411
   -7.5000   22.5000   -7.500016022.5371   42.6783
    0.0000   22.5000   -7.500016698.1348   42.6883
    7.5000   22.5000   -7.500015690.8262   42.6674
   -7.5000   30.0000   -7.500015661.5449   44.5986
    0.0000   30.0000   -7.500016305.7637   44.6417
    7.5000   30.0000   -7.500015342.0039   44.6498
   -7.5000   37.5000   -7.500015857.0215   46.6171
    0.0000   37.5000   -7.500016516.2656   46.6613
    7.5000   37.5000   -7.500015536.4014   46.6943
   -7.5000   45.0000   -7.500015282.4717   48.2176
    0.0000   45.0000   -7.500015929.0381   48.2446
    7.5000   45.0000   -7.500014993.7236   48.2800
   -7.5000  -45.0000    0.000011232.7705   30.8568
    0.0000  -45.0000    0.000011714.8682   30.8760
    7.5000  -45.0000    0.000011185.3389   30.8238
   -7.5000  -37.5000    0.000011578.8154   32.2824
    0.0000  -37.5000    0.000012067.9902   32.2899
    7.5000  -37.5000    0.000011535.9775   32.2150
   -7.5000  -30.0000    0.000012352.7246   32.6986
    0.0000  -30.0000    0.000012885.9609   32.7055
    7.5000  -30.0000    0.000012283.9395   32.6311
   -7.5000  -22.5000    0.000013158.2305   33.0870
    0.0000  -22.5000    0.000013730.8477   33.1163
    7.5000  -22.5000    0.000013040.2529   33.0585
   -7.5000  -15.0000    0.000013962.4170   33.7220
    0.0000  -15.0000    0.000014576.5479   33.7655
    7.5000  -15.0000    0.000013817.5273   33.7210
   -7.5000   -7.5000    0.000014857.6836   34.5962
    0.0000   -7.5000    0.000015498.3408   34.6318
    7.5000   -7.5000    0.000014687.5801   34.5881
   -7.5000    0.0000    0.000016007.3838   35.7885
    0.0000    0.0000    0.000016665.4980   35.8020
    7.5000    0.0000    0.000015796.3164   35.7438
   -7.5000    7.5000    0.000016335.4492   38.0433
    0.0000    7.5000    0.000017018.8379   38.0401
    7.5000    7.5000    0.000016062.4854   37.9540
   -7.5000   15.0000    0.000016973.2207   40.7766
    0.0000   15.0000    0.000017714.5293   40.7667
    7.5000   15.0000    0.000016627.2793   40.6975
   -7.5000   22.5000    0.000016931.0996   43.0140
    0.0000   22.5000    0.000017653.3184   43.0577
    7.5000   22.5000    0.000016627.6074   43.0420
   -7.5000   30.0000    0.000016491.1660   44.9634
    0.0000   30.0000    0.000017120.3750   45.0346
    7.5000   30.0000    0.000016211.2314   45.0433
   -7.5000   37.5000    0.000016686.1387   47.0679
    0.0000   37.5000    0.000017364.4043   47.1287
    7.5000   37.5000    0.000016340.0684   47.1513
   -7.5000   45.0000    0.000016126.3750   48.7019
    0.0000   45.0000    0.000016805.7461   48.7388
    7.5000   45.0000    0.000015730.9951   48.7664
   -7.5000  -45.0000    7.500010347.1758   30.7629
    0.0000  -45.0000    7.500010796.4082   30.7960
    7.5000  -45.0000    7.500010302.8145   30.7470
   -7.5000  -37.5000    7.500010789.5352   32.1857
    0.0000  -37.5000    7.500011260.4834   32.2103
    7.5000  -37.5000    7.500010738.1104   32.1486
   -7.5000  -30.0000    7.500011530.2500   32.6051
    0.0000  -30.0000    7.500012027.8545   32.6278
    7.5000  -30.0000    7.500011448.6436   32.5660
   -7.5000  -22.5000    7.500012298.8223   32.9861
    0.0000  -22.5000    7.500012817.8643   33.0280
    7.5000  -22.5000    7.500012189.2373   32.9729
   -7.5000  -15.0000    7.500013108.4102   33.6202
    0.0000  -15.0000    7.500013646.0801   33.6744
    7.5000  -15.0000    7.500012952.8926   33.6241
   -7.5000   -7.5000    7.500014028.0205   34.5027
    0.0000   -7.5000    7.500014592.4424   34.5501
    7.5000   -7.5000    7.500013831.4492   34.5001
   -7.5000    0.0000    7.500015201.1943   35.7100
    0.0000    0.0000    7.500015800.3701   35.7381
    7.5000    0.0000    7.500014949.4971   35.6814
   -7.5000    7.5000    7.500015635.8076   37.9568
    0.0000    7.5000    7.500016277.2090   37.9723
    7.5000    7.5000    7.500015306.6855   37.9005
   -7.5000   15.0000    7.500016413.1855   40.6929
    0.0000   15.0000    7.500017123.0430   40.7051
    7.5000   15.0000    7.500015956.5605   40.6523
   -7.5000   22.5000    7.500016554.0957   42.9371
    0.0000   22.5000    7.500017188.4629   43.0051
    7.5000   22.5000    7.500015985.3262   42.9964
   -7.5000   30.0000    7.500016123.0586   44.8595
    0.0000   30.0000    7.500016683.8359   44.9542
    7.5000   30.0000    7.500015539.6357   44.9620
   -7.5000   37.5000    7.500016154.9502   46.9766
    0.0000   37.5000    7.500016789.3438   47.0588
    7.5000   37.5000    7.500015615.1777   47.0766
   -7.5000   45.0000    7.500015489.7598   48.6478
    0.0000   45.0000    7.500016145.9863   48.7035
    7.5000   45.0000    7.500015022.3047   48.7398
   -7.5000  -45.0000   15.0000 9435.9082   30.6687
    0.0000  -45.0000   15.0000 9815.9883   30.7043
    7.5000  -45.0000   15.0000 9350.1094   30.6582
   -7.5000  -37.5000   15.0000 9925.4766   32.1112
    0.0000  -37.5000   15.000010354.7109   32.1407
    7.5000  -37.5000   15.0000 9846.3457   32.0901
   -7.5000  -30.0000   15.000010601.7334   32.5539
    0.0000  -30.0000   15.000011058.5410   32.5767
    7.5000  -30.0000   15.000010500.6123   32.5240
   -7.5000  -22.5000   15.000011307.2676   32.9285
    0.0000  -22.5000   15.000011798.5146   32.9671
    7.5000  -22.5000   15.000011189.6729   32.9159
   -7.5000  -15.0000   15.000012076.7295   33.5413
    0.0000  -15.0000   15.000012583.9287   33.5922
    7.5000  -15.0000   15.000011902.9355   33.5407
   -7.5000   -7.5000   15.000012966.1309   34.4059
    0.0000   -7.5000   15.000013481.8701   34.4530
    7.5000   -7.5000   15.000012731.2305   34.4005
   -7.5000    0.0000   15.000014086.8574   35.6218
    0.0000    0.0000   15.000014618.6875   35.6536
    7.5000    0.0000   15.000013780.6748   35.5995
   -7.5000    7.5000   15.000014529.2461   37.8901
    0.0000    7.5000   15.000015100.3154   37.9112
    7.5000    7.5000   15.000014185.7773   37.8516
   -7.5000   15.0000   15.000015222.1758   40.6682
    0.0000   15.0000   15.000015855.8848   40.6839
    7.5000   15.0000   15.000014830.5977   40.6440
   -7.5000   22.5000   15.000015289.7930   42.9262
    0.0000   22.5000   15.000015887.0771   42.9877
    7.5000   22.5000   15.000014831.1064   42.9829
   -7.5000   30.0000   15.000015004.3643   44.8071
    0.0000   30.0000   15.000015585.3623   44.8988
    7.5000   30.0000   15.000014504.3125   44.9058
   -7.5000   37.5000   15.000015167.6582   46.8725
    0.0000   37.5000   15.000015813.4521   46.9601
    7.5000   37.5000   15.000014672.2637   46.9826
   -7.5000   45.0000   15.000014565.9023   48.5546
    0.0000   45.0000   15.000015193.7705   48.6223
    7.5000   45.0000   15.000014155.5830   48.6731
   -7.5000  -45.0000   22.5000 8479.3086   30.6473
    0.0000  -45.0000   22.5000 8854.2256   30.6698
    7.5000  -45.0000   22.5000 8396.7197   30.6226
   -7.5000  -37.5000   22.5000 8990.7969   32.1037
    0.0000  -37.5000   22.5000 9398.3721   32.1190
    7.5000  -37.5000   22.5000 8902.7480   32.0643
   -7.5000  -30.0000   22.5000 9597.5566   32.5767
    0.0000  -30.0000   22.500010036.9971   32.5817
    7.5000  -30.0000   22.5000 9497.3281   32.5224
   -7.5000  -22.5000   22.500010205.2617   32.9591
    0.0000  -22.5000   22.500010670.9541   32.9796
    7.5000  -22.5000   22.500010095.5127   32.9255
   -7.5000  -15.0000   22.500010858.8691   33.5528
    0.0000  -15.0000   22.500011330.5098   33.5872
    7.5000  -15.0000   22.500010721.9385   33.5368
   -7.5000   -7.5000   22.500011638.1377   34.3891
    0.0000   -7.5000   22.500012124.6162   34.4222
    7.5000   -7.5000   22.500011468.0488   34.3714
   -7.5000    0.0000   22.500012678.2881   35.5924
    0.0000    0.0000   22.500013173.5986   35.6112
    7.5000    0.0000   22.500012447.5498   35.5572
   -7.5000    7.5000   22.500013140.0850   37.8798
    0.0000    7.5000   22.500013654.1846   37.8855
    7.5000    7.5000   22.500012886.2422   37.8216
   -7.5000   15.0000   22.500013807.5781   40.6993
    0.0000   15.0000   22.500014345.4756   40.6943
    7.5000   15.0000   22.500013524.0146   40.6469
   -7.5000   22.5000   22.500013821.8369   42.9702
    0.0000   22.5000   22.500014363.4023   42.9983
    7.5000   22.5000   22.500013524.2744   42.9852
   -7.5000   30.0000   22.500013599.9961   44.8424
    0.0000   30.0000   22.500014157.7422   44.9043
    7.5000   30.0000   22.500013295.4395   44.9063
   -7.5000   37.5000   22.500013803.9248   46.8388
    0.0000   37.5000   22.500014380.1855   46.9081
    7.5000   37.5000   22.500013507.5703   46.9353
   -7.5000   45.0000   22.500013355.1270   48.4939
    0.0000   45.0000   22.500013907.2803   48.5524
    7.5000   45.0000   22.500013088.0703   48.6059
   -7.5000  -45.0000   30.0000 7629.2686   31.3874
    0.0000  -45.0000   30.0000 7994.8696   31.3921
    7.5000  -45.0000   30.0000 7594.4658   31.3403
   -7.5000  -37.5000   30.0000 8086.7065   32.6801
    0.0000  -37.5000   30.0000 8458.1045   32.6731
    7.5000  -37.5000   30.0000 8033.4937   32.6023
   -7.5000  -30.0000   30.0000 8682.0215   33.1931
    0.0000  -30.0000   30.0000 9061.3711   33.1767
    7.5000  -30.0000   30.0000 8590.5957   33.1008
   -7.5000  -22.5000   30.0000 9257.0459   33.6272
    0.0000  -22.5000   30.0000 9643.9658   33.6313
    7.5000  -22.5000   30.0000 9156.0547   33.5704
   -7.5000  -15.0000   30.0000 9879.4189   34.2750
    0.0000  -15.0000   30.000010267.1104   34.2970
    7.5000  -15.0000   30.0000 9746.8369   34.2490
   -7.5000   -7.5000   30.000010592.5996   35.1583
    0.0000   -7.5000   30.000011010.0254   35.1774
    7.5000   -7.5000   30.000010452.0488   35.1308
   -7.5000    0.0000   30.000011526.6992   36.3801
    0.0000    0.0000   30.000011973.5166   36.3801
    7.5000    0.0000   30.000011366.4541   36.3228
   -7.5000    7.5000   30.000011913.3545   38.5197
    0.0000    7.5000   30.000012362.8564   38.5007
    7.5000    7.5000   30.000011734.8281   38.4196
   -7.5000   15.0000   30.000012476.2803   41.2346
    0.0000   15.0000   30.000012935.9756   41.2024
    7.5000   15.0000   30.000012276.8760   41.1348
   -7.5000   22.5000   30.000012524.0898   43.5160
    0.0000   22.5000   30.000012989.7520   43.5171
    7.5000   22.5000   30.000012304.1387   43.4938
   -7.5000   30.0000   30.000012375.3887   45.4626
    0.0000   30.0000   30.000012861.0342   45.5008
    7.5000   30.0000   30.000012165.4482   45.5024
   -7.5000   37.5000   30.000012576.0391   47.4872
    0.0000   37.5000   30.000013074.0508   47.5357
    7.5000   37.5000   30.000012356.2363   47.5699
   -7.5000   45.0000   30.000012215.7539   49.1602
    0.0000   45.0000   30.000012706.5488   49.1979
    7.5000   45.0000   30.000012008.2500   49.2464
   -7.5000  -45.0000   37.5000 7279.6890   32.9171
    0.0000  -45.0000   37.5000 7573.6128   32.9223
    7.5000  -45.0000   37.5000 7228.6631   32.8613
   -7.5000  -37.5000   37.5000 7649.3999   33.9399
    0.0000  -37.5000   37.5000 7951.6304   33.9305
    7.5000  -37.5000   37.5000 7579.3105   33.8418
   -7.5000  -30.0000   37.5000 8250.5703   34.4794
    0.0000  -30.0000   37.5000 8569.7529   34.4651
    7.5000  -30.0000   37.5000 8155.7515   34.3748
   -7.5000  -22.5000   37.5000 8841.1738   34.9782
    0.0000  -22.5000   37.5000 9184.1787   34.9899
    7.5000  -22.5000   37.5000 8739.7324   34.9227
   -7.5000  -15.0000   37.5000 9478.9385   35.7375
    0.0000  -15.0000   37.5000 9840.9482   35.7686
    7.5000  -15.0000   37.5000 9357.7021   35.7204
   -7.5000   -7.5000   37.500010202.6982   36.7434
    0.0000   -7.5000   37.500010608.2441   36.7678
    7.5000   -7.5000   37.500010080.3008   36.7206
   -7.5000    0.0000   37.500011094.3730   38.0306
    0.0000    0.0000   37.500011541.9521   38.0297
    7.5000    0.0000   37.500010965.2412   37.9633
   -7.5000    7.5000   37.500011353.3242   39.9329
    0.0000    7.5000   37.500011809.9590   39.9103
    7.5000    7.5000   37.500011205.5576   39.8094
   -7.5000   15.0000   37.500011752.0840   42.4067
    0.0000   15.0000   37.500012206.8037   42.3733
    7.5000   15.0000   37.500011591.2891   42.2899
   -7.5000   22.5000   37.500011762.5322   44.5784
    0.0000   22.5000   37.500012230.5557   44.5925
    7.5000   22.5000   37.500011599.5693   44.5662
   -7.5000   30.0000   37.500011636.5488   46.5526
    0.0000   30.0000   37.500012097.6621   46.6030
    7.5000   30.0000   37.500011456.6143   46.6075
   -7.5000   37.5000   37.500011831.1387   48.6896
    0.0000   37.5000   37.500012309.2520   48.7419
    7.5000   37.5000   37.500011641.1758   48.7736
   -7.5000   45.0000   37.500011505.5361   50.4275
    0.0000   45.0000   37.500011982.5459   50.4616
    7.5000   45.0000   37.500011331.0664   50.4950
   -7.5000  -45.0000   45.0000 6734.2842   35.1743
    0.0000  -45.0000   45.0000 7018.3174   35.2018
    7.5000  -45.0000   45.0000 6696.3701   35.1454
   -7.5000  -37.5000   45.0000 6992.8066   35.9130
    0.0000  -37.5000   45.0000 7282.5635   35.9283
    7.5000  -37.5000   45.0000 6945.6069   35.8470
   -7.5000  -30.0000   45.0000 7582.8237   36.4574
    0.0000  -30.0000   45.0000 7885.7207   36.4704
    7.5000  -30.0000   45.0000 7513.1401   36.3892
   -7.5000  -22.5000   45.0000 8200.6289   37.0093
    0.0000  -22.5000   45.0000 8529.5879   37.0485
    7.5000  -22.5000   45.0000 8104.4902   36.9866
   -7.5000  -15.0000   45.0000 8852.3008   37.8978
    0.0000  -15.0000   45.0000 9207.8691   37.9538
    7.5000  -15.0000   45.0000 8741.2773   37.9075
   -7.5000   -7.5000   45.0000 9578.1436   39.0597
    0.0000   -7.5000   45.0000 9976.0742   39.1063
    7.5000   -7.5000   45.0000 9472.7891   39.0609
   -7.5000    0.0000   45.000010402.9180   40.4432
    0.0000    0.0000   45.000010837.3711   40.4635
    7.5000    0.0000   45.000010293.8379   40.4012
   -7.5000    7.5000   45.000010530.2070   42.1348
    0.0000    7.5000   45.000010965.0264   42.1376
    7.5000    7.5000   45.000010402.6191   42.0448
   -7.5000   15.0000   45.000010752.3232   44.3986
    0.0000   15.0000   45.000011176.4854   44.3959
    7.5000   15.0000   45.000010607.7031   44.3212
   -7.5000   22.5000   45.000010740.6504   46.5132
    0.0000   22.5000   45.000011182.2012   46.5751
    7.5000   22.5000   45.000010602.2432   46.5628
   -7.5000   30.0000   45.000010636.4512   48.5323
    0.0000   30.0000   45.000011055.7451   48.6275
    7.5000   30.0000   45.000010480.6475   48.6462
   -7.5000   37.5000   45.000010817.6865   50.8060
    0.0000   37.5000   45.000011261.3896   50.8917
    7.5000   37.5000   45.000010666.2568   50.9296
   -7.5000   45.0000   45.000010537.2871   52.5908
    0.0000   45.0000   45.000010984.3809   52.6496
    7.5000   45.0000   45.000010404.8330   52.6945

---------------------------------------------------------------------
imgreg_4dfp /opt/freesurfer/average/3T18yoSchwartzReactN32_as_orig /opt/freesurfer/average/711-2B_as_mni_average_305_mask talsrcimg_g11 none talsrcimg_to_3T18yoSchwartzReactN32_as_orig_t4 4355
---------------------------------------------------------------------

freesurfer imgreg_4dfp.c
/opt/freesurfer/average/3T18yoSchwartzReactN32_as_orig.4dfp.img
       256       256       256         1
  1.000000  1.000000  1.000000
orientation T byte_order littleendian
Reading image: /opt/freesurfer/average/3T18yoSchwartzReactN32_as_orig.4dfp.img
dimensions:      256       256       256
mmppix:       1.0000   -1.0000   -1.0000
center:     128.0000 -129.0000 -129.0000
/opt/freesurfer/average/711-2B_as_mni_average_305_mask.4dfp.img
       256       256       256         1
  1.000000  1.000000  1.000000
orientation T byte_order littleendian
Reading mask: /opt/freesurfer/average/711-2B_as_mni_average_305_mask.4dfp.img (2306576 pixels)
talsrcimg_g11.4dfp.img
       320       320       320         1
  0.799995  0.799995  0.799995
orientation T byte_order littleendian
Reading image: talsrcimg_g11.4dfp.img
dimensions:      320       320       320
mmppix:       0.8000   -0.8000   -0.8000
center:     127.9992 -128.7992 -128.7992
rotation matrix determinant  1.000000
image alignment mode   4355 decimal     1103 hex
   -7.5000  -30.0000  -45.0000 2192.1760   51.6988
    0.0000  -30.0000  -45.0000 2199.3625   51.8246
    7.5000  -30.0000  -45.0000 2174.8860   52.4409
   -7.5000  -22.5000  -45.0000 2239.6260   51.7883
    0.0000  -22.5000  -45.0000 2242.2798   51.9441
    7.5000  -22.5000  -45.0000 2212.9302   52.4613
   -7.5000  -15.0000  -45.0000 2276.8501   51.5137
    0.0000  -15.0000  -45.0000 2284.7546   51.7976
    7.5000  -15.0000  -45.0000 2250.4973   52.2513
   -7.5000   -7.5000  -45.0000 2312.9424   51.1526
    0.0000   -7.5000  -45.0000 2324.7095   51.5071
    7.5000   -7.5000  -45.0000 2287.5203   51.8608
   -7.5000    0.0000  -45.0000 2352.3167   50.5987
    0.0000    0.0000  -45.0000 2359.6980   50.9292
    7.5000    0.0000  -45.0000 2323.9204   51.3673
   -7.5000    7.5000  -45.0000 2381.8127   49.8607
    0.0000    7.5000  -45.0000 2386.4375   50.0554
    7.5000    7.5000  -45.0000 2348.7627   50.5252
   -7.5000   15.0000  -45.0000 2405.4653   48.9827
    0.0000   15.0000  -45.0000 2403.1877   49.1699
    7.5000   15.0000  -45.0000 2359.6663   49.6572
   -7.5000   22.5000  -45.0000 2407.0789   48.3472
    0.0000   22.5000  -45.0000 2405.4316   48.4608
    7.5000   22.5000  -45.0000 2362.4097   49.1326
   -7.5000   30.0000  -45.0000 2400.5564   48.3853
    0.0000   30.0000  -45.0000 2404.0244   48.4736
    7.5000   30.0000  -45.0000 2356.9233   49.2604
   -7.5000   37.5000  -45.0000 2369.9277   48.8483
    0.0000   37.5000  -45.0000 2369.5349   48.9907
    7.5000   37.5000  -45.0000 2331.6848   49.9252
   -7.5000   45.0000  -45.0000 2334.7664   50.3441
    0.0000   45.0000  -45.0000 2335.5112   50.3353
    7.5000   45.0000  -45.0000 2301.9824   51.3030
   -7.5000   52.5000  -45.0000 2266.4280   52.4310
    0.0000   52.5000  -45.0000 2266.4529   52.3865
    7.5000   52.5000  -45.0000 2229.3157   53.1956
   -7.5000   60.0000  -45.0000 2151.4937   54.9839
    0.0000   60.0000  -45.0000 2145.6362   54.9141
    7.5000   60.0000  -45.0000 2114.9143   55.7771
   -7.5000  -30.0000  -37.5000 2279.4167   48.8119
    0.0000  -30.0000  -37.5000 2284.3806   49.0322
    7.5000  -30.0000  -37.5000 2253.4199   49.4481
   -7.5000  -22.5000  -37.5000 2326.0085   48.7506
    0.0000  -22.5000  -37.5000 2333.9326   49.0182
    7.5000  -22.5000  -37.5000 2301.6353   49.4762
   -7.5000  -15.0000  -37.5000 2368.4360   48.4894
    0.0000  -15.0000  -37.5000 2377.7200   48.7596
    7.5000  -15.0000  -37.5000 2347.8943   49.2730
   -7.5000   -7.5000  -37.5000 2410.0063   48.0921
    0.0000   -7.5000  -37.5000 2421.3308   48.3643
    7.5000   -7.5000  -37.5000 2383.1692   48.7353
   -7.5000    0.0000  -37.5000 2443.8428   47.4469
    0.0000    0.0000  -37.5000 2453.4177   47.7475
    7.5000    0.0000  -37.5000 2410.4358   48.0279
   -7.5000    7.5000  -37.5000 2473.2068   46.6277
    0.0000    7.5000  -37.5000 2481.4868   46.9432
    7.5000    7.5000  -37.5000 2440.3740   47.3838
   -7.5000   15.0000  -37.5000 2492.8296   45.7368
    0.0000   15.0000  -37.5000 2498.8975   46.1098
    7.5000   15.0000  -37.5000 2454.5044   46.5861
   -7.5000   22.5000  -37.5000 2501.9065   45.0941
    0.0000   22.5000  -37.5000 2500.8669   45.4040
    7.5000   22.5000  -37.5000 2456.6663   45.9572
   -7.5000   30.0000  -37.5000 2501.7649   45.0824
    0.0000   30.0000  -37.5000 2500.7698   45.3181
    7.5000   30.0000  -37.5000 2454.7590   46.0576
   -7.5000   37.5000  -37.5000 2476.9556   45.5418
    0.0000   37.5000  -37.5000 2477.2183   45.8112
    7.5000   37.5000  -37.5000 2433.3933   46.5934
   -7.5000   45.0000  -37.5000 2451.3423   46.9961
    0.0000   45.0000  -37.5000 2451.3345   47.0907
    7.5000   45.0000  -37.5000 2403.9500   47.8855
   -7.5000   52.5000  -37.5000 2383.8540   48.9380
    0.0000   52.5000  -37.5000 2382.0759   49.0774
    7.5000   52.5000  -37.5000 2332.7761   49.7186
   -7.5000   60.0000  -37.5000 2264.9663   51.2680
    0.0000   60.0000  -37.5000 2263.8281   51.3321
    7.5000   60.0000  -37.5000 2222.6404   52.1455
   -7.5000  -30.0000  -30.0000 2393.2954   47.7434
    0.0000  -30.0000  -30.0000 2402.7378   47.8918
    7.5000  -30.0000  -30.0000 2370.3904   48.5951
   -7.5000  -22.5000  -30.0000 2441.3086   47.6383
    0.0000  -22.5000  -30.0000 2447.6145   47.6890
    7.5000  -22.5000  -30.0000 2418.4766   48.4538
   -7.5000  -15.0000  -30.0000 2488.9133   47.2183
    0.0000  -15.0000  -30.0000 2497.0391   47.3478
    7.5000  -15.0000  -30.0000 2462.5076   48.0547
   -7.5000   -7.5000  -30.0000 2534.0408   46.6742
    0.0000   -7.5000  -30.0000 2539.7751   46.7819
    7.5000   -7.5000  -30.0000 2502.2722   47.4156
   -7.5000    0.0000  -30.0000 2572.8201   46.0166
    0.0000    0.0000  -30.0000 2579.6150   46.1661
    7.5000    0.0000  -30.0000 2535.4871   46.6251
   -7.5000    7.5000  -30.0000 2598.5850   45.1109
    0.0000    7.5000  -30.0000 2605.2373   45.3253
    7.5000    7.5000  -30.0000 2557.9114   45.8352
   -7.5000   15.0000  -30.0000 2622.4893   44.0915
    0.0000   15.0000  -30.0000 2630.3633   44.5014
    7.5000   15.0000  -30.0000 2580.4653   44.9942
   -7.5000   22.5000  -30.0000 2634.0103   43.4424
    0.0000   22.5000  -30.0000 2638.8835   43.8480
    7.5000   22.5000  -30.0000 2584.3623   44.3459
   -7.5000   30.0000  -30.0000 2636.4778   43.2547
    0.0000   30.0000  -30.0000 2639.5078   43.6803
    7.5000   30.0000  -30.0000 2586.9434   44.2888
   -7.5000   37.5000  -30.0000 2627.3376   43.8153
    0.0000   37.5000  -30.0000 2630.3340   44.1387
    7.5000   37.5000  -30.0000 2574.3149   44.8311
   -7.5000   45.0000  -30.0000 2606.0229   45.2916
    0.0000   45.0000  -30.0000 2609.6726   45.4652
    7.5000   45.0000  -30.0000 2554.7021   46.2212
   -7.5000   52.5000  -30.0000 2533.4441   47.1893
    0.0000   52.5000  -30.0000 2535.6394   47.3063
    7.5000   52.5000  -30.0000 2483.5852   48.0491
   -7.5000   60.0000  -30.0000 2408.8176   49.4538
    0.0000   60.0000  -30.0000 2407.3213   49.4989
    7.5000   60.0000  -30.0000 2359.9866   50.3732
   -7.5000  -30.0000  -22.5000 2451.4785   46.4579
    0.0000  -30.0000  -22.5000 2458.5935   46.4627
    7.5000  -30.0000  -22.5000 2441.8535   47.5061
   -7.5000  -22.5000  -22.5000 2506.4395   46.2929
    0.0000  -22.5000  -22.5000 2514.1653   46.2854
    7.5000  -22.5000  -22.5000 2492.7642   47.2916
   -7.5000  -15.0000  -22.5000 2558.3987   45.7705
    0.0000  -15.0000  -22.5000 2565.6423   45.7382
    7.5000  -15.0000  -22.5000 2540.2268   46.7325
   -7.5000   -7.5000  -22.5000 2605.1584   45.0138
    0.0000   -7.5000  -22.5000 2612.2615   45.0347
    7.5000   -7.5000  -22.5000 2576.7717   45.8500
   -7.5000    0.0000  -22.5000 2641.7356   44.1221
    0.0000    0.0000  -22.5000 2651.0801   44.2020
    7.5000    0.0000  -22.5000 2611.4348   44.9599
   -7.5000    7.5000  -22.5000 2677.4763   43.1566
    0.0000    7.5000  -22.5000 2683.3232   43.2683
    7.5000    7.5000  -22.5000 2642.2761   44.0399
   -7.5000   15.0000  -22.5000 2705.1958   42.1383
    0.0000   15.0000  -22.5000 2712.7119   42.3419
    7.5000   15.0000  -22.5000 2663.2246   43.0250
   -7.5000   22.5000  -22.5000 2717.6416   41.2948
    0.0000   22.5000  -22.5000 2730.4153   41.7170
    7.5000   22.5000  -22.5000 2673.5793   42.3331
   -7.5000   30.0000  -22.5000 2731.1428   41.1087
    0.0000   30.0000  -22.5000 2735.4009   41.4374
    7.5000   30.0000  -22.5000 2680.8867   42.2334
   -7.5000   37.5000  -22.5000 2738.3892   41.8062
    0.0000   37.5000  -22.5000 2740.8225   42.0636
    7.5000   37.5000  -22.5000 2681.9385   42.7697
   -7.5000   45.0000  -22.5000 2719.8237   43.2463
    0.0000   45.0000  -22.5000 2722.4773   43.3733
    7.5000   45.0000  -22.5000 2669.1851   44.2132
   -7.5000   52.5000  -22.5000 2645.9106   45.1894
    0.0000   52.5000  -22.5000 2647.7839   45.2214
    7.5000   52.5000  -22.5000 2599.5237   46.0611
   -7.5000   60.0000  -22.5000 2513.3987   47.5615
    0.0000   60.0000  -22.5000 2516.1055   47.5271
    7.5000   60.0000  -22.5000 2470.2764   48.4384
   -7.5000  -30.0000  -15.0000 2466.6414   45.5056
    0.0000  -30.0000  -15.0000 2479.0396   45.4507
    7.5000  -30.0000  -15.0000 2462.3875   46.5233
   -7.5000  -22.5000  -15.0000 2521.6580   45.2133
    0.0000  -22.5000  -15.0000 2533.9980   45.1711
    7.5000  -22.5000  -15.0000 2515.7429   46.2404
   -7.5000  -15.0000  -15.0000 2579.8733   44.5690
    0.0000  -15.0000  -15.0000 2591.0693   44.5394
    7.5000  -15.0000  -15.0000 2567.3899   45.5935
   -7.5000   -7.5000  -15.0000 2629.5615   43.6232
    0.0000   -7.5000  -15.0000 2635.5186   43.5989
    7.5000   -7.5000  -15.0000 2611.0405   44.6378
   -7.5000    0.0000  -15.0000 2673.5620   42.6224
    0.0000    0.0000  -15.0000 2678.5464   42.5967
    7.5000    0.0000  -15.0000 2651.3499   43.6072
   -7.5000    7.5000  -15.0000 2711.6296   41.4779
    0.0000    7.5000  -15.0000 2714.9854   41.5227
    7.5000    7.5000  -15.0000 2685.8730   42.5228
   -7.5000   15.0000  -15.0000 2747.3699   40.4220
    0.0000   15.0000  -15.0000 2753.3037   40.4614
    7.5000   15.0000  -15.0000 2715.5066   41.4736
   -7.5000   22.5000  -15.0000 2760.3862   39.4016
    0.0000   22.5000  -15.0000 2774.0930   39.5824
    7.5000   22.5000  -15.0000 2733.0518   40.6988
   -7.5000   30.0000  -15.0000 2780.3528   39.1577
    0.0000   30.0000  -15.0000 2788.8738   39.3773
    7.5000   30.0000  -15.0000 2745.2563   40.5490
   -7.5000   37.5000  -15.0000 2795.7493   39.9925
    0.0000   37.5000  -15.0000 2803.5977   40.1141
    7.5000   37.5000  -15.0000 2754.9438   41.1428
   -7.5000   45.0000  -15.0000 2775.1619   41.3405
    0.0000   45.0000  -15.0000 2781.4229   41.4346
    7.5000   45.0000  -15.0000 2746.8931   42.5670
   -7.5000   52.5000  -15.0000 2708.8833   43.3738
    0.0000   52.5000  -15.0000 2712.5884   43.3505
    7.5000   52.5000  -15.0000 2679.2898   44.5011
   -7.5000   60.0000  -15.0000 2582.2043   45.7998
    0.0000   60.0000  -15.0000 2588.6096   45.7563
    7.5000   60.0000  -15.0000 2549.3523   46.8601
   -7.5000  -30.0000   -7.5000 2447.6409   45.3154
    0.0000  -30.0000   -7.5000 2465.9463   45.2368
    7.5000  -30.0000   -7.5000 2451.1211   46.4018
   -7.5000  -22.5000   -7.5000 2510.9443   44.8943
    0.0000  -22.5000   -7.5000 2523.8164   44.8151
    7.5000  -22.5000   -7.5000 2513.3450   46.0587
   -7.5000  -15.0000   -7.5000 2566.1689   44.0562
    0.0000  -15.0000   -7.5000 2578.6541   44.0444
    7.5000  -15.0000   -7.5000 2564.0801   45.1641
   -7.5000   -7.5000   -7.5000 2613.8201   43.0693
    0.0000   -7.5000   -7.5000 2620.4463   42.9440
    7.5000   -7.5000   -7.5000 2606.9475   44.0926
   -7.5000    0.0000   -7.5000 2660.9392   41.8913
    0.0000    0.0000   -7.5000 2667.7007   41.7068
    7.5000    0.0000   -7.5000 2648.9441   42.8263
   -7.5000    7.5000   -7.5000 2711.0588   40.7053
    0.0000    7.5000   -7.5000 2715.5071   40.5848
    7.5000    7.5000   -7.5000 2692.4229   41.6742
   -7.5000   15.0000   -7.5000 2750.9578   39.6263
    0.0000   15.0000   -7.5000 2763.0247   39.6411
    7.5000   15.0000   -7.5000 2734.9075   40.7587
   -7.5000   22.5000   -7.5000 2760.8494   38.4296
    0.0000   22.5000   -7.5000 2777.4382   38.5551
    7.5000   22.5000   -7.5000 2765.4414   40.1345
   -7.5000   30.0000   -7.5000 2779.6409   37.9232
    0.0000   30.0000   -7.5000 2788.1509   38.0141
    7.5000   30.0000   -7.5000 2779.7334   39.8403
   -7.5000   37.5000   -7.5000 2812.2253   38.8280
    0.0000   37.5000   -7.5000 2823.1765   38.8826
    7.5000   37.5000   -7.5000 2803.2876   40.4043
   -7.5000   45.0000   -7.5000 2801.1780   40.2076
    0.0000   45.0000   -7.5000 2814.8311   40.2424
    7.5000   45.0000   -7.5000 2792.9021   41.5729
   -7.5000   52.5000   -7.5000 2733.6274   42.1863
    0.0000   52.5000   -7.5000 2747.8271   42.1496
    7.5000   52.5000   -7.5000 2718.6858   43.2868
   -7.5000   60.0000   -7.5000 2615.2585   44.7542
    0.0000   60.0000   -7.5000 2629.3911   44.7309
    7.5000   60.0000   -7.5000 2594.6028   45.7579
   -7.5000  -30.0000    0.0000 2406.4651   45.9493
    0.0000  -30.0000    0.0000 2427.7852   45.7889
    7.5000  -30.0000    0.0000 2411.5144   47.1045
   -7.5000  -22.5000    0.0000 2477.5583   45.4470
    0.0000  -22.5000    0.0000 2490.3694   45.2922
    7.5000  -22.5000    0.0000 2476.9011   46.6519
   -7.5000  -15.0000    0.0000 2533.9568   44.5166
    0.0000  -15.0000    0.0000 2544.8354   44.3994
    7.5000  -15.0000    0.0000 2533.8008   45.7563
   -7.5000   -7.5000    0.0000 2581.7656   43.4340
    0.0000   -7.5000    0.0000 2589.2368   43.3066
    7.5000   -7.5000    0.0000 2586.2058   44.7055
   -7.5000    0.0000    0.0000 2629.8662   42.1649
    0.0000    0.0000    0.0000 2631.1416   41.9491
    7.5000    0.0000    0.0000 2640.8608   43.4536
   -7.5000    7.5000    0.0000 2688.4492   41.0490
    0.0000    7.5000    0.0000 2691.2266   40.8835
    7.5000    7.5000    0.0000 2702.8167   42.2988
   -7.5000   15.0000    0.0000 2760.7502   40.3239
    0.0000   15.0000    0.0000 2768.1895   40.2339
    7.5000   15.0000    0.0000 2765.1672   41.3696
   -7.5000   22.5000    0.0000 2792.3108   39.2683
    0.0000   22.5000    0.0000 2806.5356   39.3216
    7.5000   22.5000    0.0000 2806.0405   40.6138
   -7.5000   30.0000    0.0000 2767.7190   38.0206
    0.0000   30.0000    0.0000 2776.3655   37.9813
    7.5000   30.0000    0.0000 2798.8142   39.9293
   -7.5000   37.5000    0.0000 2799.2322   38.4497
    0.0000   37.5000    0.0000 2811.6904   38.3335
    7.5000   37.5000    0.0000 2807.8652   40.0163
   -7.5000   45.0000    0.0000 2806.8606   39.8534
    0.0000   45.0000    0.0000 2815.9673   39.5817
    7.5000   45.0000    0.0000 2799.4285   40.9357
   -7.5000   52.5000    0.0000 2750.8792   41.8802
    0.0000   52.5000    0.0000 2760.1121   41.6918
    7.5000   52.5000    0.0000 2731.6897   42.7144
   -7.5000   60.0000    0.0000 2634.5112   44.4594
    0.0000   60.0000    0.0000 2646.7827   44.4285
    7.5000   60.0000    0.0000 2610.7095   45.2493
   -7.5000  -30.0000    7.5000 2365.8994   48.0530
    0.0000  -30.0000    7.5000 2385.2222   47.7713
    7.5000  -30.0000    7.5000 2373.4551   49.2794
   -7.5000  -22.5000    7.5000 2423.0417   47.2200
    0.0000  -22.5000    7.5000 2435.6548   46.9299
    7.5000  -22.5000    7.5000 2437.4612   48.6149
   -7.5000  -15.0000    7.5000 2482.2527   46.2073
    0.0000  -15.0000    7.5000 2487.3486   45.9065
    7.5000  -15.0000    7.5000 2494.6987   47.5774
   -7.5000   -7.5000    7.5000 2540.0986   45.0904
    0.0000   -7.5000    7.5000 2542.2209   44.7199
    7.5000   -7.5000    7.5000 2558.3337   46.4237
   -7.5000    0.0000    7.5000 2605.5579   43.8248
    0.0000    0.0000    7.5000 2605.0735   43.4909
    7.5000    0.0000    7.5000 2619.9758   44.9967
   -7.5000    7.5000    7.5000 2683.5471   42.6793
    0.0000    7.5000    7.5000 2684.8997   42.4372
    7.5000    7.5000    7.5000 2688.4822   43.6828
   -7.5000   15.0000    7.5000 2776.5164   41.8942
    0.0000   15.0000    7.5000 2784.0156   41.7784
    7.5000   15.0000    7.5000 2764.9414   42.6054
   -7.5000   22.5000    7.5000 2838.1309   40.9599
    0.0000   22.5000    7.5000 2837.7295   40.7524
    7.5000   22.5000    7.5000 2811.8340   41.5905
   -7.5000   30.0000    7.5000 2813.2900   39.5763
    0.0000   30.0000    7.5000 2801.1443   38.9929
    7.5000   30.0000    7.5000 2794.3584   40.4794
   -7.5000   37.5000    7.5000 2788.5366   39.1998
    0.0000   37.5000    7.5000 2790.7104   38.6920
    7.5000   37.5000    7.5000 2781.3027   40.1454
   -7.5000   45.0000    7.5000 2772.1270   40.2240
    0.0000   45.0000    7.5000 2785.1223   39.9193
    7.5000   45.0000    7.5000 2770.2244   41.0847
   -7.5000   52.5000    7.5000 2724.8547   42.2028
    0.0000   52.5000    7.5000 2735.9968   41.9756
    7.5000   52.5000    7.5000 2720.4248   43.0249
   -7.5000   60.0000    7.5000 2619.7139   44.7152
    0.0000   60.0000    7.5000 2630.9556   44.6193
    7.5000   60.0000    7.5000 2605.9255   45.5033
   -7.5000  -30.0000   15.0000 2338.1877   51.4774
    0.0000  -30.0000   15.0000 2354.2771   51.2307
    7.5000  -30.0000   15.0000 2362.7861   52.7557
   -7.5000  -22.5000   15.0000 2401.1851   50.6813
    0.0000  -22.5000   15.0000 2410.3259   50.3901
    7.5000  -22.5000   15.0000 2423.7820   51.9695
   -7.5000  -15.0000   15.0000 2463.1428   49.4408
    0.0000  -15.0000   15.0000 2467.6379   49.1777
    7.5000  -15.0000   15.0000 2477.3364   50.6706
   -7.5000   -7.5000   15.0000 2527.0457   47.9188
    0.0000   -7.5000   15.0000 2527.6172   47.6623
    7.5000   -7.5000   15.0000 2537.9067   49.0332
   -7.5000    0.0000   15.0000 2591.3411   46.2596
    0.0000    0.0000   15.0000 2588.5935   45.9469
    7.5000    0.0000   15.0000 2593.9429   47.2829
   -7.5000    7.5000   15.0000 2668.1379   44.8694
    0.0000    7.5000   15.0000 2665.2812   44.5456
    7.5000    7.5000   15.0000 2665.4187   45.7541
   -7.5000   15.0000   15.0000 2748.0449   43.6663
    0.0000   15.0000   15.0000 2749.4087   43.3031
    7.5000   15.0000   15.0000 2733.3489   44.3086
   -7.5000   22.5000   15.0000 2798.5354   42.2149
    0.0000   22.5000   15.0000 2795.6377   41.7136
    7.5000   22.5000   15.0000 2777.0913   42.9277
   -7.5000   30.0000   15.0000 2808.8821   41.1211
    0.0000   30.0000   15.0000 2800.6592   40.4872
    7.5000   30.0000   15.0000 2776.2302   41.7577
   -7.5000   37.5000   15.0000 2805.5422   41.2449
    0.0000   37.5000   15.0000 2814.0195   40.8792
    7.5000   37.5000   15.0000 2775.1421   41.7865
   -7.5000   45.0000   15.0000 2784.4873   42.4193
    0.0000   45.0000   15.0000 2792.3286   42.1192
    7.5000   45.0000   15.0000 2763.0479   42.9485
   -7.5000   52.5000   15.0000 2715.4111   44.1400
    0.0000   52.5000   15.0000 2725.4204   43.9283
    7.5000   52.5000   15.0000 2702.1292   44.6883
   -7.5000   60.0000   15.0000 2598.4519   46.1423
    0.0000   60.0000   15.0000 2607.8711   46.0725
    7.5000   60.0000   15.0000 2587.1033   46.8655
   -7.5000  -30.0000   22.5000 2316.8359   55.8506
    0.0000  -30.0000   22.5000 2345.6348   55.7333
    7.5000  -30.0000   22.5000 2336.1987   56.9322
   -7.5000  -22.5000   22.5000 2372.3438   54.7247
    0.0000  -22.5000   22.5000 2399.3977   54.6562
    7.5000  -22.5000   22.5000 2391.1216   55.8734
   -7.5000  -15.0000   22.5000 2424.4524   52.9619
    0.0000  -15.0000   22.5000 2441.9883   52.8165
    7.5000  -15.0000   22.5000 2438.2927   54.0992
   -7.5000   -7.5000   22.5000 2486.7935   50.9321
    0.0000   -7.5000   22.5000 2496.6917   50.6042
    7.5000   -7.5000   22.5000 2498.4800   51.9959
   -7.5000    0.0000   22.5000 2562.4792   49.0285
    0.0000    0.0000   22.5000 2566.9216   48.6562
    7.5000    0.0000   22.5000 2564.1443   49.9697
   -7.5000    7.5000   22.5000 2635.3140   47.3835
    0.0000    7.5000   22.5000 2638.1716   46.9615
    7.5000    7.5000   22.5000 2632.9729   48.1958
   -7.5000   15.0000   22.5000 2708.0847   45.9275
    0.0000   15.0000   22.5000 2712.8511   45.4478
    7.5000   15.0000   22.5000 2697.9434   46.5588
   -7.5000   22.5000   22.5000 2740.8140   44.2573
    0.0000   22.5000   22.5000 2748.2136   43.6222
    7.5000   22.5000   22.5000 2729.3523   44.9011
   -7.5000   30.0000   22.5000 2764.3713   43.2617
    0.0000   30.0000   22.5000 2777.0454   42.9295
    7.5000   30.0000   22.5000 2748.7004   44.0161
   -7.5000   37.5000   22.5000 2768.5940   43.5266
    0.0000   37.5000   22.5000 2780.6846   43.2975
    7.5000   37.5000   22.5000 2753.4602   44.2535
   -7.5000   45.0000   22.5000 2750.2900   44.7802
    0.0000   45.0000   22.5000 2757.4106   44.5219
    7.5000   45.0000   22.5000 2735.4348   45.4303
   -7.5000   52.5000   22.5000 2689.0737   46.5769
    0.0000   52.5000   22.5000 2704.0688   46.3609
    7.5000   52.5000   22.5000 2677.9463   47.0997
   -7.5000   60.0000   22.5000 2571.7349   48.5683
    0.0000   60.0000   22.5000 2589.6414   48.4352
    7.5000   60.0000   22.5000 2559.2925   49.0652
   -7.5000  -30.0000   30.0000 2287.1816   60.9731
    0.0000  -30.0000   30.0000 2307.1826   60.5604
    7.5000  -30.0000   30.0000 2296.7124   61.8754
   -7.5000  -22.5000   30.0000 2337.1121   59.1314
    0.0000  -22.5000   30.0000 2354.2031   58.7478
    7.5000  -22.5000   30.0000 2344.9290   60.2187
   -7.5000  -15.0000   30.0000 2387.9053   56.7698
    0.0000  -15.0000   30.0000 2398.5300   56.3138
    7.5000  -15.0000   30.0000 2390.8901   57.9096
   -7.5000   -7.5000   30.0000 2447.4910   54.4886
    0.0000   -7.5000   30.0000 2456.1125   53.8610
    7.5000   -7.5000   30.0000 2451.1021   55.5010
   -7.5000    0.0000   30.0000 2517.6045   52.2731
    0.0000    0.0000   30.0000 2532.7983   51.7654
    7.5000    0.0000   30.0000 2524.4983   53.3017
   -7.5000    7.5000   30.0000 2600.3430   50.4864
    0.0000    7.5000   30.0000 2610.9390   49.9403
    7.5000    7.5000   30.0000 2599.8564   51.2720
   -7.5000   15.0000   30.0000 2663.1890   48.9095
    0.0000   15.0000   30.0000 2671.7678   48.1724
    7.5000   15.0000   30.0000 2659.0530   49.4898
   -7.5000   22.5000   30.0000 2694.9688   47.2468
    0.0000   22.5000   30.0000 2710.2983   46.6672
    7.5000   22.5000   30.0000 2687.7578   47.8217
   -7.5000   30.0000   30.0000 2720.7542   46.5822
    0.0000   30.0000   30.0000 2740.9990   46.2922
    7.5000   30.0000   30.0000 2719.7483   47.3938
   -7.5000   37.5000   30.0000 2718.3555   46.7027
    0.0000   37.5000   30.0000 2738.4663   46.5408
    7.5000   37.5000   30.0000 2713.1836   47.4241
   -7.5000   45.0000   30.0000 2697.0244   47.8380
    0.0000   45.0000   30.0000 2715.9443   47.6156
    7.5000   45.0000   30.0000 2693.2683   48.4533
   -7.5000   52.5000   30.0000 2634.5073   49.3797
    0.0000   52.5000   30.0000 2654.9421   49.1430
    7.5000   52.5000   30.0000 2633.6758   49.8915
   -7.5000   60.0000   30.0000 2521.7761   51.2604
    0.0000   60.0000   30.0000 2552.0317   51.1953
    7.5000   60.0000   30.0000 2521.1978   51.6909
   -7.5000  -30.0000   37.5000 2226.6445   66.4949
    0.0000  -30.0000   37.5000 2239.7507   65.8981
    7.5000  -30.0000   37.5000 2235.7827   67.3732
   -7.5000  -22.5000   37.5000 2275.6663   63.8627
    0.0000  -22.5000   37.5000 2288.9202   63.2573
    7.5000  -22.5000   37.5000 2285.1084   65.0091
   -7.5000  -15.0000   37.5000 2330.0210   61.1417
    0.0000  -15.0000   37.5000 2339.0471   60.4382
    7.5000  -15.0000   37.5000 2332.8110   62.2250
   -7.5000   -7.5000   37.5000 2388.4409   58.6019
    0.0000   -7.5000   37.5000 2403.4028   57.9422
    7.5000   -7.5000   37.5000 2393.7593   59.6055
   -7.5000    0.0000   37.5000 2460.6453   56.2401
    0.0000    0.0000   37.5000 2479.0710   55.6932
    7.5000    0.0000   37.5000 2468.1858   57.2061
   -7.5000    7.5000   37.5000 2539.7515   54.2524
    0.0000    7.5000   37.5000 2554.5796   53.5381
    7.5000    7.5000   37.5000 2544.7556   55.0143
   -7.5000   15.0000   37.5000 2602.3367   52.4104
    0.0000   15.0000   37.5000 2625.9807   51.7722
    7.5000   15.0000   37.5000 2609.6072   53.0730
   -7.5000   22.5000   37.5000 2637.7434   50.8463
    0.0000   22.5000   37.5000 2665.8579   50.4732
    7.5000   22.5000   37.5000 2643.9360   51.5640
   -7.5000   30.0000   37.5000 2670.9976   50.6268
    0.0000   30.0000   37.5000 2695.4722   50.3327
    7.5000   30.0000   37.5000 2667.8613   51.2752
   -7.5000   37.5000   37.5000 2664.3701   50.8039
    0.0000   37.5000   37.5000 2687.7192   50.6339
    7.5000   37.5000   37.5000 2657.1641   51.3650
   -7.5000   45.0000   37.5000 2639.6575   51.6038
    0.0000   45.0000   37.5000 2663.6597   51.3502
    7.5000   45.0000   37.5000 2639.2424   52.1010
   -7.5000   52.5000   37.5000 2583.6577   52.9723
    0.0000   52.5000   37.5000 2606.9644   52.7308
    7.5000   52.5000   37.5000 2581.4280   53.3541
   -7.5000   60.0000   37.5000 2472.4971   54.5407
    0.0000   60.0000   37.5000 2497.4692   54.4943
    7.5000   60.0000   37.5000 2471.8284   55.0529
   -7.5000  -30.0000   45.0000 2136.8909   72.6268
    0.0000  -30.0000   45.0000 2150.3904   71.9287
    7.5000  -30.0000   45.0000 2148.1189   73.5461
   -7.5000  -22.5000   45.0000 2203.3330   69.3894
    0.0000  -22.5000   45.0000 2213.4053   68.5301
    7.5000  -22.5000   45.0000 2204.2297   70.2161
   -7.5000  -15.0000   45.0000 2263.1362   66.2174
    0.0000  -15.0000   45.0000 2275.2180   65.4329
    7.5000  -15.0000   45.0000 2264.3950   67.0649
   -7.5000   -7.5000   45.0000 2330.0049   63.5270
    0.0000   -7.5000   45.0000 2346.2715   62.9084
    7.5000   -7.5000   45.0000 2334.1250   64.3978
   -7.5000    0.0000   45.0000 2399.4512   61.1429
    0.0000    0.0000   45.0000 2419.7732   60.5043
    7.5000    0.0000   45.0000 2405.5837   61.8925
   -7.5000    7.5000   45.0000 2475.4243   58.9352
    0.0000    7.5000   45.0000 2495.8145   58.1988
    7.5000    7.5000   45.0000 2478.4302   59.4782
   -7.5000   15.0000   45.0000 2536.7344   56.7742
    0.0000   15.0000   45.0000 2561.6838   56.2263
    7.5000   15.0000   45.0000 2539.9360   57.3400
   -7.5000   22.5000   45.0000 2573.8779   55.3589
    0.0000   22.5000   45.0000 2600.0122   55.0126
    7.5000   22.5000   45.0000 2575.9534   55.9715
   -7.5000   30.0000   45.0000 2613.0547   55.3601
    0.0000   30.0000   45.0000 2631.1021   55.1062
    7.5000   30.0000   45.0000 2602.4507   55.8892
   -7.5000   37.5000   45.0000 2606.3906   55.6401
    0.0000   37.5000   45.0000 2626.9602   55.4585
    7.5000   37.5000   45.0000 2598.3416   56.1368
   -7.5000   45.0000   45.0000 2584.5723   56.2415
    0.0000   45.0000   45.0000 2611.0935   56.0585
    7.5000   45.0000   45.0000 2584.7344   56.7772
   -7.5000   52.5000   45.0000 2529.5730   57.1955
    0.0000   52.5000   45.0000 2554.1870   56.9960
    7.5000   52.5000   45.0000 2524.5691   57.6434
   -7.5000   60.0000   45.0000 2420.5464   58.6379
    0.0000   60.0000   45.0000 2443.9905   58.6041
    7.5000   60.0000   45.0000 2406.2820   59.0290

---------------------------------------------------------------------
imgreg_4dfp /opt/freesurfer/average/3T18yoSchwartzReactN32_as_orig /opt/freesurfer/average/711-2B_as_mni_average_305_mask talsrcimg_g11 none talsrcimg_to_3T18yoSchwartzReactN32_as_orig_t4 1283
---------------------------------------------------------------------

freesurfer imgreg_4dfp.c
/opt/freesurfer/average/3T18yoSchwartzReactN32_as_orig.4dfp.img
       256       256       256         1
  1.000000  1.000000  1.000000
orientation T byte_order littleendian
Reading image: /opt/freesurfer/average/3T18yoSchwartzReactN32_as_orig.4dfp.img
dimensions:      256       256       256
mmppix:       1.0000   -1.0000   -1.0000
center:     128.0000 -129.0000 -129.0000
/opt/freesurfer/average/711-2B_as_mni_average_305_mask.4dfp.img
       256       256       256         1
  1.000000  1.000000  1.000000
orientation T byte_order littleendian
Reading mask: /opt/freesurfer/average/711-2B_as_mni_average_305_mask.4dfp.img (2306576 pixels)
talsrcimg_g11.4dfp.img
       320       320       320         1
  0.799995  0.799995  0.799995
orientation T byte_order littleendian
Reading image: talsrcimg_g11.4dfp.img
dimensions:      320       320       320
mmppix:       0.8000   -0.8000   -0.8000
center:     127.9992 -128.7992 -128.7992
rotation matrix determinant  1.000000
fimgreg.f
image alignment mode   1283 decimal      503 hex
parameters
   -7.5000   22.5000    7.5000    0.0000    0.0000    0.0000
eta,q 0.89205 41.32831
niter,ni,del,rscale     5    3   12.0000    1.2000
parameter  1 -0.503701 -> -0.500000 qaram    1.1500
parameter  4  2.486467 ->  0.500000 qaram    1.1500
parameters
   -4.0500   24.5756    8.3682   -3.4500   -1.0172   -0.0179
eta,q 0.89116 40.76959
  0.1292  0.1239  0.1217  0.1068  0.1116  0.1113
  0.1217  0.1174  0.1175  0.1089  0.1096  0.1100
  0.1161  0.1134  0.1130  0.1096  0.1088  0.1092
  0.1135  0.1124  0.1104  0.1103  0.1093  0.1088
  0.1126  0.1105  0.1109  0.1126  0.1098  0.1091
  0.1121  0.1115  0.1129  0.1154  0.1111  0.1100
  0.1130  0.1135  0.1175  0.1166  0.1146  0.1114
niter,ni,del,rscale     6    3   12.0000    1.2000
parameter  4  2.223374 ->  0.500000 qaram    1.3225
parameters
   -2.3674   25.4450    7.4905   -7.4175   -1.4682    0.5291
eta,q 0.89731 40.65665
  0.1206  0.1188  0.1180  0.1042  0.1092  0.1096
  0.1124  0.1118  0.1126  0.1023  0.1058  0.1068
  0.1098  0.1080  0.1091  0.1062  0.1030  0.1042
  0.1088  0.1094  0.1102  0.1092  0.1030  0.1027
  0.1100  0.1104  0.1142  0.1103  0.1048  0.1032
  0.1113  0.1113  0.1177  0.1132  0.1072  0.1050
  0.1110  0.1123  0.1212  0.1158  0.1108  0.1078
niter,ni,del,rscale     6    3   12.0000    1.2000
parameters
   -0.9071   26.4397    6.8149   -8.7630   -2.2299    0.3900
eta,q 0.89801 40.54677
  0.1136  0.1203  0.1169  0.1111  0.1069  0.1085
  0.1090  0.1117  0.1108  0.1066  0.1033  0.1057
  0.1048  0.1054  0.1053  0.1028  0.1015  0.1030
  0.1027  0.1038  0.1050  0.1044  0.1025  0.1020
  0.1044  0.1065  0.1099  0.1088  0.1039  0.1032
  0.1049  0.1088  0.1163  0.1110  0.1055  0.1060
  0.1072  0.1105  0.1209  0.1152  0.1093  0.1092
niter,ni,del,rscale     5    3   12.0000    1.2000
parameters
   -0.2672   26.9930    6.5576   -9.4334   -2.4638    0.2089
eta,q 0.89730 40.45100
  0.1107  0.1181  0.1172  0.1119  0.1074  0.1085
  0.1063  0.1102  0.1119  0.1081  0.1038  0.1062
  0.1016  0.1039  0.1056  0.1041  0.1019  0.1038
  0.1020  0.1027  0.1033  0.1032  0.1028  0.1026
  0.1038  0.1057  0.1068  0.1076  0.1038  0.1035
  0.1049  0.1088  0.1134  0.1101  0.1046  0.1064
  0.1070  0.1117  0.1195  0.1139  0.1074  0.1096
niter,ni,del,rscale     4    3   12.0000    1.2000
parameters
   -0.0213   27.2777    6.4245   -9.7780   -2.5213    0.0743
eta,q 0.89683 40.38681
  0.1091  0.1173  0.1171  0.1124  0.1076  0.1086
  0.1048  0.1096  0.1123  0.1087  0.1041  0.1066
  0.1011  0.1036  0.1061  0.1049  0.1024  0.1043
  0.1027  0.1029  0.1033  0.1033  0.1032  0.1031
  0.1043  0.1058  0.1061  0.1072  0.1040  0.1037
  0.1049  0.1094  0.1124  0.1097  0.1045  0.1064
  0.1068  0.1132  0.1189  0.1132  0.1070  0.1097
niter,ni,del,rscale     3    3   12.0000    1.2000
parameters
    0.0594   27.4097    6.3393   -9.9673   -2.5356   -0.0144
eta,q 0.89660 40.35693
  0.1084  0.1169  0.1170  0.1126  0.1076  0.1086
  0.1043  0.1092  0.1125  0.1089  0.1042  0.1067
  0.1012  0.1035  0.1064  0.1053  0.1026  0.1045
  0.1032  0.1033  0.1034  0.1034  0.1034  0.1034
  0.1045  0.1060  0.1059  0.1069  0.1041  0.1037
  0.1048  0.1099  0.1120  0.1096  0.1045  0.1064
  0.1066  0.1140  0.1187  0.1129  0.1069  0.1096
niter,ni,del,rscale     2    3   12.0000    1.2000
parameters
    0.1394   27.4723    6.2740  -10.0974   -2.5480   -0.0859
eta,q 0.89643 40.34063
  0.1081  0.1168  0.1169  0.1127  0.1075  0.1085
  0.1042  0.1091  0.1125  0.1090  0.1041  0.1068
  0.1014  0.1036  0.1066  0.1056  0.1027  0.1046
  0.1034  0.1035  0.1035  0.1035  0.1035  0.1035
  0.1045  0.1061  0.1059  0.1067  0.1042  0.1038
  0.1046  0.1102  0.1118  0.1095  0.1045  0.1063
  0.1065  0.1145  0.1185  0.1128  0.1068  0.1095
niter,ni,del,rscale     1    3   12.0000    1.2000
parameters
    0.1945   27.5050    6.2203  -10.1913   -2.5461   -0.1402
eta,q 0.89629 40.33111
  0.1079  0.1168  0.1168  0.1127  0.1075  0.1085
  0.1041  0.1091  0.1125  0.1090  0.1041  0.1068
  0.1015  0.1038  0.1067  0.1058  0.1028  0.1047
  0.1036  0.1036  0.1037  0.1037  0.1037  0.1037
  0.1045  0.1062  0.1059  0.1067  0.1043  0.1038
  0.1045  0.1103  0.1116  0.1095  0.1045  0.1062
  0.1064  0.1147  0.1184  0.1127  0.1067  0.1094
registration optimization eta report
parameter search radius
    6.9000    6.0000    6.0000    7.9350    6.0000    6.0000
100000*second partial in parameter space
        9.       34.       37.       13.       10.       15.
  0.1079  0.1168  0.1168  0.1127  0.1075  0.1085
  0.1041  0.1091  0.1125  0.1090  0.1041  0.1068
  0.1015  0.1038  0.1067  0.1058  0.1028  0.1047
  0.1036  0.1036  0.1037  0.1037  0.1037  0.1037
  0.1045  0.1062  0.1059  0.1067  0.1043  0.1038
  0.1045  0.1103  0.1116  0.1095  0.1045  0.1062
  0.1064  0.1147  0.1184  0.1127  0.1067  0.1094
    0.1945   27.5050    6.2203  -10.1913   -2.5461   -0.1402
eta,q 0.89629 40.33111

---------------------------------------------------------------------
imgreg_4dfp /opt/freesurfer/average/3T18yoSchwartzReactN32_as_orig /opt/freesurfer/average/711-2B_as_mni_average_305_mask talsrcimg_g11 none talsrcimg_to_3T18yoSchwartzReactN32_as_orig_t4 3335
---------------------------------------------------------------------

freesurfer imgreg_4dfp.c
/opt/freesurfer/average/3T18yoSchwartzReactN32_as_orig.4dfp.img
       256       256       256         1
  1.000000  1.000000  1.000000
orientation T byte_order littleendian
Reading image: /opt/freesurfer/average/3T18yoSchwartzReactN32_as_orig.4dfp.img
dimensions:      256       256       256
mmppix:       1.0000   -1.0000   -1.0000
center:     128.0000 -129.0000 -129.0000
/opt/freesurfer/average/711-2B_as_mni_average_305_mask.4dfp.img
       256       256       256         1
  1.000000  1.000000  1.000000
orientation T byte_order littleendian
Reading mask: /opt/freesurfer/average/711-2B_as_mni_average_305_mask.4dfp.img (2306576 pixels)
talsrcimg_g11.4dfp.img
       320       320       320         1
  0.799995  0.799995  0.799995
orientation T byte_order littleendian
Reading image: talsrcimg_g11.4dfp.img
dimensions:      320       320       320
mmppix:       0.8000   -0.8000   -0.8000
center:     127.9992 -128.7992 -128.7992
fimgreg.f
image alignment mode   3335 decimal      D07 hex
parameters
    0.1945   27.5050    6.2203   -0.0990   -1.5761   -1.6749
   -0.5451    4.4156   -0.2445   17.6828   -4.4424  -17.6760
eta,q 0.89568 40.35725
niter,ni,del,rscale     5    3    5.0000    1.2000
parameter  4 -1.180108 ->  0.500000 qaram    1.1500
parameter  5  1.049862 ->  0.500000 qaram    1.1500
parameter 10  0.880849 ->  0.500000 qaram    1.1500
parameter 11 -0.502800 -> -0.500000 qaram    1.1500
parameters
    0.0371   26.7001    5.6874   -4.2390   -5.7161   -4.9442
   -2.1113    5.4595    0.6664   13.5428   -0.3024  -17.9786
eta,q 0.91802 40.95525
  0.1047  0.1052  0.1056  0.0859  0.0865  0.0907  0.0881  0.0952  0.0889  0.0826  0.0880  0.0845
  0.1046  0.1044  0.1045  0.0920  0.0876  0.0873  0.0865  0.0910  0.0872  0.0825  0.0858  0.0828
  0.1044  0.1041  0.1040  0.0984  0.0898  0.0856  0.0857  0.0876  0.0860  0.0835  0.0839  0.0820
  0.1043  0.1043  0.1041  0.1039  0.0938  0.0880  0.0858  0.0857  0.0854  0.0853  0.0827  0.0820
  0.1044  0.1052  0.1048  0.1084  0.0999  0.0947  0.0870  0.0857  0.0855  0.0881  0.0821  0.0825
  0.1047  0.1067  0.1061  0.1106  0.1077  0.1027  0.0889  0.0876  0.0862  0.0917  0.0821  0.0834
  0.1048  0.1087  0.1078  0.1110  0.1154  0.1081  0.0913  0.0913  0.0875  0.0958  0.0827  0.0846
niter,ni,del,rscale     7    3    5.0000    1.2000
parameter  2 -0.645515 -> -0.500000 qaram    1.1500
parameter  3  0.885660 ->  0.500000 qaram    1.1500
parameter  4  1.176103 ->  0.500000 qaram    1.3225
parameters
   -0.3039   28.0801    4.3074   -9.0000   -9.1236   -4.5665
   -1.7121    4.1622    0.2881   13.7625   -0.5031  -17.6577
eta,q 0.93222 40.57288
  0.0846  0.0890  0.0782  0.0716  0.0714  0.0845  0.0741  0.0760  0.0712  0.0750  0.0727  0.0714
  0.0828  0.0861  0.0780  0.0692  0.0695  0.0790  0.0711  0.0711  0.0692  0.0711  0.0700  0.0691
  0.0819  0.0837  0.0788  0.0716  0.0686  0.0732  0.0691  0.0681  0.0681  0.0687  0.0683  0.0680
  0.0820  0.0819  0.0805  0.0781  0.0694  0.0687  0.0683  0.0683  0.0678  0.0678  0.0678  0.0678
  0.0828  0.0808  0.0828  0.0854  0.0738  0.0686  0.0687  0.0715  0.0683  0.0683  0.0685  0.0682
  0.0843  0.0805  0.0858  0.0919  0.0821  0.0744  0.0703  0.0771  0.0698  0.0705  0.0703  0.0692
  0.0865  0.0811  0.0891  0.0965  0.0919  0.0841  0.0730  0.0837  0.0720  0.0744  0.0731  0.0704
niter,ni,del,rscale     7    3    5.0000    1.2000
parameter  2 -0.539465 -> -0.500000 qaram    1.3225
parameters
   -0.9727   29.6671    3.3910   -9.8551  -11.0579   -4.8928
   -0.9869    3.5335   -0.0107   15.5505   -0.2035  -18.2947
eta,q 0.93536 40.16447
  0.0709  0.0761  0.0679  0.0808  0.0702  0.0800  0.0717  0.0754  0.0686  0.0746  0.0705  0.0674
  0.0682  0.0723  0.0656  0.0736  0.0675  0.0741  0.0685  0.0699  0.0666  0.0701  0.0675  0.0655
  0.0672  0.0693  0.0649  0.0669  0.0656  0.0684  0.0663  0.0662  0.0655  0.0669  0.0655  0.0647
  0.0678  0.0671  0.0657  0.0649  0.0648  0.0652  0.0653  0.0653  0.0652  0.0652  0.0647  0.0647
  0.0700  0.0660  0.0679  0.0697  0.0668  0.0675  0.0655  0.0677  0.0657  0.0648  0.0653  0.0654
  0.0734  0.0658  0.0711  0.0783  0.0733  0.0748  0.0670  0.0729  0.0671  0.0660  0.0670  0.0666
  0.0779  0.0669  0.0751  0.0868  0.0830  0.0845  0.0696  0.0794  0.0692  0.0690  0.0697  0.0681
niter,ni,del,rscale     7    3    5.0000    1.2000
parameters
   -1.2070   30.1636    2.9386   -9.7195  -11.7042   -5.2783
   -0.7088    3.1437   -0.0214   16.4687    0.2131  -18.7503
eta,q 0.93567 40.02631
  0.0703  0.0720  0.0685  0.0825  0.0712  0.0795  0.0702  0.0757  0.0682  0.0727  0.0704  0.0672
  0.0668  0.0683  0.0657  0.0756  0.0681  0.0734  0.0673  0.0699  0.0662  0.0686  0.0673  0.0653
  0.0649  0.0658  0.0643  0.0683  0.0657  0.0676  0.0654  0.0658  0.0649  0.0659  0.0653  0.0644
  0.0646  0.0645  0.0644  0.0642  0.0642  0.0644  0.0646  0.0646  0.0646  0.0646  0.0644  0.0644
  0.0660  0.0646  0.0659  0.0666  0.0643  0.0671  0.0650  0.0667  0.0650  0.0646  0.0649  0.0650
  0.0688  0.0659  0.0685  0.0740  0.0682  0.0747  0.0667  0.0717  0.0662  0.0664  0.0666  0.0661
  0.0728  0.0685  0.0721  0.0826  0.0763  0.0844  0.0695  0.0783  0.0682  0.0700  0.0693  0.0676
niter,ni,del,rscale     6    3    5.0000    1.2000
parameters
   -1.3222   30.4100    2.6827   -9.5422  -11.8894   -5.5940
   -0.6207    2.8453    0.0177   17.0379    0.5661  -19.0698
eta,q 0.93573 39.97569
  0.0707  0.0707  0.0691  0.0825  0.0716  0.0797  0.0698  0.0758  0.0681  0.0721  0.0702  0.0673
  0.0670  0.0673  0.0662  0.0755  0.0684  0.0735  0.0670  0.0700  0.0661  0.0681  0.0672  0.0653
  0.0648  0.0652  0.0645  0.0682  0.0659  0.0676  0.0651  0.0658  0.0648  0.0656  0.0652  0.0643
  0.0643  0.0643  0.0643  0.0642  0.0642  0.0642  0.0644  0.0644  0.0644  0.0644  0.0643  0.0643
  0.0655  0.0647  0.0654  0.0665  0.0639  0.0667  0.0650  0.0664  0.0648  0.0647  0.0648  0.0649
  0.0680  0.0662  0.0678  0.0738  0.0670  0.0743  0.0667  0.0713  0.0660  0.0666  0.0665  0.0660
  0.0718  0.0689  0.0711  0.0822  0.0744  0.0841  0.0696  0.0779  0.0680  0.0704  0.0693  0.0675
niter,ni,del,rscale     5    3    5.0000    1.2000
parameters
   -1.3934   30.5287    2.5050   -9.4297  -11.9563   -5.8292
   -0.5921    2.6170    0.0528   17.3949    0.8350  -19.2955
eta,q 0.93573 39.94859
  0.0708  0.0701  0.0694  0.0823  0.0718  0.0799  0.0697  0.0760  0.0681  0.0718  0.0701  0.0674
  0.0671  0.0669  0.0663  0.0753  0.0685  0.0738  0.0669  0.0701  0.0660  0.0679  0.0671  0.0654
  0.0648  0.0649  0.0646  0.0680  0.0659  0.0678  0.0650  0.0659  0.0648  0.0654  0.0651  0.0644
  0.0643  0.0643  0.0643  0.0642  0.0642  0.0642  0.0644  0.0644  0.0643  0.0644  0.0643  0.0643
  0.0653  0.0648  0.0653  0.0667  0.0638  0.0664  0.0650  0.0662  0.0648  0.0647  0.0648  0.0649
  0.0678  0.0664  0.0675  0.0740  0.0668  0.0739  0.0668  0.0711  0.0660  0.0668  0.0666  0.0660
  0.0715  0.0692  0.0707  0.0824  0.0740  0.0837  0.0697  0.0777  0.0680  0.0708  0.0694  0.0674
niter,ni,del,rscale     4    3    5.0000    1.2000
parameters
   -1.4441   30.5982    2.3773   -9.3586  -11.9905   -6.0006
   -0.5720    2.4476    0.0776   17.6381    1.0282  -19.4630
eta,q 0.93569 39.93026
  0.0709  0.0700  0.0696  0.0822  0.0718  0.0801  0.0697  0.0762  0.0681  0.0716  0.0700  0.0675
  0.0672  0.0668  0.0665  0.0752  0.0685  0.0740  0.0669  0.0703  0.0660  0.0678  0.0671  0.0654
  0.0649  0.0649  0.0647  0.0679  0.0660  0.0679  0.0650  0.0659  0.0648  0.0654  0.0651  0.0644
  0.0643  0.0643  0.0643  0.0642  0.0642  0.0642  0.0644  0.0644  0.0644  0.0644  0.0643  0.0643
  0.0653  0.0648  0.0653  0.0669  0.0639  0.0662  0.0650  0.0661  0.0648  0.0648  0.0649  0.0649
  0.0677  0.0665  0.0674  0.0742  0.0668  0.0736  0.0668  0.0710  0.0660  0.0670  0.0667  0.0660
  0.0714  0.0694  0.0705  0.0825  0.0740  0.0835  0.0697  0.0775  0.0680  0.0710  0.0696  0.0674
niter,ni,del,rscale     3    3    5.0000    1.2000
parameters
   -1.4817   30.6458    2.2850   -9.3109  -12.0164   -6.1243
   -0.5592    2.3238    0.0996   17.8127    1.1678  -19.5879
eta,q 0.93566 39.91680
  0.0710  0.0699  0.0698  0.0822  0.0719  0.0803  0.0697  0.0764  0.0681  0.0715  0.0700  0.0676
  0.0672  0.0668  0.0666  0.0751  0.0686  0.0742  0.0669  0.0704  0.0660  0.0677  0.0670  0.0655
  0.0649  0.0649  0.0647  0.0679  0.0660  0.0681  0.0650  0.0660  0.0648  0.0654  0.0651  0.0645
  0.0643  0.0643  0.0643  0.0643  0.0643  0.0643  0.0644  0.0644  0.0644  0.0644  0.0644  0.0644
  0.0653  0.0649  0.0652  0.0670  0.0639  0.0661  0.0650  0.0661  0.0648  0.0649  0.0649  0.0649
  0.0677  0.0666  0.0673  0.0743  0.0668  0.0734  0.0668  0.0709  0.0660  0.0671  0.0667  0.0660
  0.0713  0.0695  0.0703  0.0825  0.0740  0.0833  0.0697  0.0773  0.0680  0.0712  0.0697  0.0675
niter,ni,del,rscale     2    3    5.0000    1.2000
parameters
   -1.5090   30.6804    2.2170   -9.2791  -12.0393   -6.2137
   -0.5516    2.2337    0.1120   17.9386    1.2693  -19.6740
eta,q 0.93562 39.90573
  0.0711  0.0699  0.0699  0.0822  0.0719  0.0805  0.0698  0.0765  0.0681  0.0715  0.0699  0.0677
  0.0673  0.0668  0.0667  0.0751  0.0686  0.0743  0.0669  0.0705  0.0660  0.0677  0.0670  0.0656
  0.0650  0.0649  0.0648  0.0679  0.0661  0.0682  0.0650  0.0661  0.0648  0.0654  0.0651  0.0645
  0.0643  0.0643  0.0643  0.0643  0.0643  0.0643  0.0644  0.0644  0.0644  0.0644  0.0644  0.0644
  0.0653  0.0649  0.0652  0.0670  0.0640  0.0661  0.0650  0.0661  0.0648  0.0649  0.0650  0.0650
  0.0677  0.0667  0.0673  0.0743  0.0668  0.0733  0.0668  0.0708  0.0661  0.0672  0.0668  0.0660
  0.0713  0.0696  0.0703  0.0826  0.0740  0.0832  0.0698  0.0773  0.0680  0.0713  0.0697  0.0675
niter,ni,del,rscale     1    3    5.0000    1.2000
parameters
   -1.5286   30.7074    2.1670   -9.2562  -12.0557   -6.2788
   -0.5437    2.1684    0.1184   18.0341    1.3418  -19.7393
eta,q 0.93560 39.89832
  0.0712  0.0699  0.0700  0.0822  0.0720  0.0806  0.0698  0.0766  0.0681  0.0715  0.0699  0.0677
  0.0674  0.0668  0.0668  0.0751  0.0687  0.0744  0.0669  0.0706  0.0661  0.0677  0.0670  0.0656
  0.0650  0.0650  0.0649  0.0679  0.0661  0.0683  0.0650  0.0661  0.0648  0.0654  0.0651  0.0645
  0.0644  0.0644  0.0644  0.0644  0.0644  0.0644  0.0644  0.0644  0.0644  0.0644  0.0644  0.0644
  0.0653  0.0650  0.0652  0.0671  0.0640  0.0660  0.0650  0.0660  0.0648  0.0650  0.0650  0.0650
  0.0677  0.0667  0.0673  0.0744  0.0669  0.0732  0.0669  0.0707  0.0661  0.0673  0.0668  0.0661
  0.0712  0.0696  0.0702  0.0826  0.0740  0.0831  0.0698  0.0772  0.0681  0.0714  0.0698  0.0675
registration optimization eta report
parameter search radius
    2.4000    3.1740    2.7600    9.5220    8.2800    7.2000
    7.2000    7.2000    7.2000    8.2800    8.2800    7.2000
100000*second partial in parameter space
      118.       54.       75.       19.       13.       33.
       10.       24.        7.       10.        8.        6.
  0.0712  0.0699  0.0700  0.0822  0.0720  0.0806  0.0698  0.0766  0.0681  0.0715  0.0699  0.0677
  0.0674  0.0668  0.0668  0.0751  0.0687  0.0744  0.0669  0.0706  0.0661  0.0677  0.0670  0.0656
  0.0650  0.0650  0.0649  0.0679  0.0661  0.0683  0.0650  0.0661  0.0648  0.0654  0.0651  0.0645
  0.0644  0.0644  0.0644  0.0644  0.0644  0.0644  0.0644  0.0644  0.0644  0.0644  0.0644  0.0644
  0.0653  0.0650  0.0652  0.0671  0.0640  0.0660  0.0650  0.0660  0.0648  0.0650  0.0650  0.0650
  0.0677  0.0667  0.0673  0.0744  0.0669  0.0732  0.0669  0.0707  0.0661  0.0673  0.0668  0.0661
  0.0712  0.0696  0.0702  0.0826  0.0740  0.0831  0.0698  0.0772  0.0681  0.0714  0.0698  0.0675
   -1.5286   30.7074    2.1670   -9.2562  -12.0557   -6.2788
   -0.5437    2.1684    0.1184   18.0341    1.3418  -19.7393
eta,q 0.93560 39.89832

---------------------------------------------------------------------
imgreg_4dfp /opt/freesurfer/average/3T18yoSchwartzReactN32_as_orig /opt/freesurfer/average/711-2B_as_mni_average_305_mask talsrcimg_g11 none talsrcimg_to_3T18yoSchwartzReactN32_as_orig_t4 2311
---------------------------------------------------------------------

freesurfer imgreg_4dfp.c
/opt/freesurfer/average/3T18yoSchwartzReactN32_as_orig.4dfp.img
       256       256       256         1
  1.000000  1.000000  1.000000
orientation T byte_order littleendian
Reading image: /opt/freesurfer/average/3T18yoSchwartzReactN32_as_orig.4dfp.img
dimensions:      256       256       256
mmppix:       1.0000   -1.0000   -1.0000
center:     128.0000 -129.0000 -129.0000
/opt/freesurfer/average/711-2B_as_mni_average_305_mask.4dfp.img
       256       256       256         1
  1.000000  1.000000  1.000000
orientation T byte_order littleendian
Reading mask: /opt/freesurfer/average/711-2B_as_mni_average_305_mask.4dfp.img (2306576 pixels)
talsrcimg_g11.4dfp.img
       320       320       320         1
  0.799995  0.799995  0.799995
orientation T byte_order littleendian
Reading image: talsrcimg_g11.4dfp.img
dimensions:      320       320       320
mmppix:       0.8000   -0.8000   -0.8000
center:     127.9992 -128.7992 -128.7992
fimgreg.f
image alignment mode   2311 decimal      907 hex
parameters
   -1.5286   30.7074    2.1670   -9.2562  -12.0557   -6.2788
   -0.5437    2.1684    0.1184   18.0341    1.3418  -19.7393
eta,q 0.93560 39.89831
niter,ni,del,rscale     5    3    5.0000    0.8000
parameters
   -1.5696   30.7002    2.0747   -9.0996  -10.8039   -6.2096
   -0.4716    2.1654    0.1226   18.2753    1.4437  -19.8583
eta,q 0.93609 40.07551
  0.0674  0.0657  0.0662  0.0713  0.0679  0.0736  0.0668  0.0703  0.0658  0.0669  0.0660  0.0656
  0.0657  0.0650  0.0651  0.0679  0.0665  0.0694  0.0652  0.0670  0.0648  0.0653  0.0649  0.0645
  0.0647  0.0645  0.0645  0.0654  0.0653  0.0660  0.0643  0.0647  0.0642  0.0643  0.0642  0.0640
  0.0644  0.0644  0.0644  0.0644  0.0644  0.0640  0.0639  0.0639  0.0639  0.0639  0.0639  0.0639
  0.0649  0.0646  0.0647  0.0650  0.0639  0.0647  0.0642  0.0647  0.0641  0.0641  0.0641  0.0642
  0.0660  0.0650  0.0655  0.0672  0.0643  0.0683  0.0651  0.0669  0.0648  0.0649  0.0648  0.0648
  0.0677  0.0658  0.0666  0.0706  0.0658  0.0739  0.0666  0.0704  0.0658  0.0664  0.0659  0.0656
niter,ni,del,rscale     4    3    5.0000    0.7000
parameters
   -1.5736   30.5988    2.1987   -9.2770  -10.6689   -5.9993
   -0.4535    2.1423    0.1365   18.1893    1.4866  -19.9064
eta,q 0.93624 40.12002
  0.0664  0.0649  0.0659  0.0688  0.0663  0.0721  0.0659  0.0687  0.0652  0.0658  0.0654  0.0651
  0.0650  0.0643  0.0648  0.0661  0.0652  0.0686  0.0647  0.0661  0.0644  0.0647  0.0645  0.0643
  0.0642  0.0640  0.0642  0.0644  0.0644  0.0656  0.0640  0.0644  0.0639  0.0640  0.0640  0.0638
  0.0639  0.0639  0.0639  0.0639  0.0639  0.0639  0.0638  0.0638  0.0638  0.0638  0.0638  0.0638
  0.0642  0.0641  0.0640  0.0647  0.0639  0.0642  0.0640  0.0643  0.0639  0.0640  0.0639  0.0640
  0.0651  0.0646  0.0645  0.0667  0.0646  0.0669  0.0647  0.0661  0.0644  0.0647  0.0644  0.0644
  0.0664  0.0653  0.0653  0.0697  0.0664  0.0713  0.0658  0.0689  0.0652  0.0660  0.0653  0.0650
niter,ni,del,rscale     3    3    5.0000    0.6000
parameters
   -1.5897   30.5642    2.3092   -9.3442  -10.5079   -5.8297
   -0.4426    2.1268    0.1466   18.1562    1.5140  -19.9343
eta,q 0.93634 40.16197
  0.0656  0.0646  0.0653  0.0677  0.0656  0.0702  0.0652  0.0674  0.0647  0.0652  0.0649  0.0647
  0.0645  0.0641  0.0645  0.0656  0.0648  0.0673  0.0644  0.0654  0.0641  0.0644  0.0642  0.0641
  0.0639  0.0639  0.0640  0.0642  0.0642  0.0650  0.0638  0.0641  0.0638  0.0638  0.0638  0.0637
  0.0638  0.0638  0.0638  0.0638  0.0637  0.0637  0.0637  0.0637  0.0637  0.0637  0.0637  0.0637
  0.0640  0.0639  0.0638  0.0643  0.0637  0.0640  0.0639  0.0641  0.0638  0.0638  0.0638  0.0638
  0.0646  0.0642  0.0642  0.0657  0.0643  0.0661  0.0644  0.0654  0.0641  0.0644  0.0642  0.0642
  0.0656  0.0647  0.0648  0.0680  0.0656  0.0695  0.0652  0.0675  0.0647  0.0653  0.0648  0.0646
niter,ni,del,rscale     2    3    5.0000    0.5000
parameters
   -1.5993   30.5257    2.4047   -9.4015  -10.3560   -5.6843
   -0.4347    2.1205    0.1469   18.1081    1.5374  -19.9504
eta,q 0.93640 40.19907
  0.0650  0.0643  0.0647  0.0665  0.0650  0.0685  0.0647  0.0663  0.0643  0.0647  0.0644  0.0643
  0.0642  0.0639  0.0642  0.0649  0.0644  0.0662  0.0641  0.0648  0.0639  0.0641  0.0640  0.0639
  0.0638  0.0637  0.0638  0.0640  0.0639  0.0645  0.0637  0.0639  0.0637  0.0637  0.0637  0.0636
  0.0637  0.0637  0.0637  0.0637  0.0637  0.0636  0.0636  0.0636  0.0636  0.0636  0.0636  0.0636
  0.0638  0.0637  0.0637  0.0640  0.0637  0.0639  0.0637  0.0639  0.0637  0.0637  0.0637  0.0637
  0.0643  0.0640  0.0640  0.0651  0.0640  0.0654  0.0641  0.0648  0.0639  0.0641  0.0640  0.0639
  0.0650  0.0644  0.0644  0.0667  0.0649  0.0679  0.0647  0.0663  0.0643  0.0648  0.0644  0.0643
niter,ni,del,rscale     1    3    5.0000    0.4000
parameters
   -1.6039   30.4895    2.4885   -9.4480  -10.2117   -5.5589
   -0.4320    2.1205    0.1661   18.0591    1.5475  -19.9647
eta,q 0.93645 40.23204
  0.0644  0.0640  0.0643  0.0654  0.0645  0.0669  0.0643  0.0653  0.0640  0.0642  0.0641  0.0640
  0.0640  0.0638  0.0639  0.0644  0.0641  0.0653  0.0639  0.0644  0.0638  0.0639  0.0638  0.0637
  0.0637  0.0636  0.0637  0.0638  0.0638  0.0642  0.0636  0.0638  0.0636  0.0636  0.0636  0.0636
  0.0636  0.0636  0.0636  0.0636  0.0636  0.0636  0.0636  0.0636  0.0636  0.0636  0.0636  0.0636
  0.0637  0.0637  0.0636  0.0638  0.0636  0.0637  0.0636  0.0638  0.0636  0.0636  0.0636  0.0636
  0.0640  0.0638  0.0638  0.0645  0.0638  0.0647  0.0639  0.0643  0.0638  0.0639  0.0638  0.0638
  0.0644  0.0641  0.0641  0.0656  0.0644  0.0664  0.0643  0.0653  0.0640  0.0643  0.0641  0.0640
registration optimization eta report
parameter search radius
    0.8000    0.8000    0.8000    2.4000    2.4000    2.4000
    2.4000    2.4000    2.4000    2.4000    2.4000    2.4000
100000*second partial in parameter space
      132.       65.       92.       33.       14.       53.
       12.       31.        8.       13.        9.        8.
  0.0644  0.0640  0.0643  0.0654  0.0645  0.0669  0.0643  0.0653  0.0640  0.0642  0.0641  0.0640
  0.0640  0.0638  0.0639  0.0644  0.0641  0.0653  0.0639  0.0644  0.0638  0.0639  0.0638  0.0637
  0.0637  0.0636  0.0637  0.0638  0.0638  0.0642  0.0636  0.0638  0.0636  0.0636  0.0636  0.0636
  0.0636  0.0636  0.0636  0.0636  0.0636  0.0636  0.0636  0.0636  0.0636  0.0636  0.0636  0.0636
  0.0637  0.0637  0.0636  0.0638  0.0636  0.0637  0.0636  0.0638  0.0636  0.0636  0.0636  0.0636
  0.0640  0.0638  0.0638  0.0645  0.0638  0.0647  0.0639  0.0643  0.0638  0.0639  0.0638  0.0638
  0.0644  0.0641  0.0641  0.0656  0.0644  0.0664  0.0643  0.0653  0.0640  0.0643  0.0641  0.0640
   -1.6039   30.4895    2.4885   -9.4480  -10.2117   -5.5589
   -0.4320    2.1205    0.1661   18.0591    1.5475  -19.9647
eta,q 0.93645 40.23204

---------------------------------------------------------------------
imgreg_4dfp /opt/freesurfer/average/3T18yoSchwartzReactN32_as_orig /opt/freesurfer/average/711-2B_as_mni_average_305_mask talsrcimg_g11 none talsrcimg_to_3T18yoSchwartzReactN32_as_orig_t4 2311
---------------------------------------------------------------------

freesurfer imgreg_4dfp.c
/opt/freesurfer/average/3T18yoSchwartzReactN32_as_orig.4dfp.img
       256       256       256         1
  1.000000  1.000000  1.000000
orientation T byte_order littleendian
Reading image: /opt/freesurfer/average/3T18yoSchwartzReactN32_as_orig.4dfp.img
dimensions:      256       256       256
mmppix:       1.0000   -1.0000   -1.0000
center:     128.0000 -129.0000 -129.0000
/opt/freesurfer/average/711-2B_as_mni_average_305_mask.4dfp.img
       256       256       256         1
  1.000000  1.000000  1.000000
orientation T byte_order littleendian
Reading mask: /opt/freesurfer/average/711-2B_as_mni_average_305_mask.4dfp.img (2306576 pixels)
talsrcimg_g11.4dfp.img
       320       320       320         1
  0.799995  0.799995  0.799995
orientation T byte_order littleendian
Reading image: talsrcimg_g11.4dfp.img
dimensions:      320       320       320
mmppix:       0.8000   -0.8000   -0.8000
center:     127.9992 -128.7992 -128.7992
fimgreg.f
image alignment mode   2311 decimal      907 hex
parameters
   -1.6039   30.4895    2.4885   -9.4481  -10.2117   -5.5589
   -0.4320    2.1205    0.1661   18.0591    1.5475  -19.9647
eta,q 0.93645 40.23204
niter,ni,del,rscale     5    3    5.0000    0.8000
parameters
   -1.5790   30.4332    2.5909   -9.5339  -10.7362   -5.6271
   -0.4507    2.0891    0.1214   17.8869    1.5098  -19.8233
eta,q 0.93634 40.16964
  0.0670  0.0651  0.0662  0.0701  0.0661  0.0731  0.0663  0.0701  0.0654  0.0662  0.0657  0.0655
  0.0651  0.0642  0.0648  0.0668  0.0649  0.0689  0.0648  0.0667  0.0644  0.0648  0.0646  0.0644
  0.0639  0.0637  0.0639  0.0644  0.0640  0.0654  0.0639  0.0644  0.0638  0.0639  0.0639  0.0638
  0.0636  0.0636  0.0636  0.0636  0.0636  0.0636  0.0637  0.0637  0.0637  0.0637  0.0637  0.0637
  0.0639  0.0638  0.0637  0.0644  0.0638  0.0647  0.0640  0.0644  0.0639  0.0640  0.0639  0.0639
  0.0650  0.0644  0.0644  0.0670  0.0653  0.0686  0.0649  0.0667  0.0645  0.0650  0.0646  0.0644
  0.0667  0.0654  0.0655  0.0707  0.0683  0.0745  0.0663  0.0703  0.0655  0.0666  0.0658  0.0652
niter,ni,del,rscale     4    3    5.0000    0.7000
parameters
   -1.5914   30.4982    2.5038   -9.4246  -10.6761   -5.6569
   -0.4343    2.1070    0.1009   17.9417    1.5133  -19.8225
eta,q 0.93636 40.16615
  0.0662  0.0650  0.0652  0.0693  0.0660  0.0714  0.0658  0.0688  0.0650  0.0658  0.0652  0.0650
  0.0647  0.0643  0.0643  0.0664  0.0649  0.0679  0.0646  0.0661  0.0643  0.0646  0.0644  0.0642
  0.0639  0.0638  0.0638  0.0644  0.0641  0.0650  0.0639  0.0643  0.0638  0.0639  0.0638  0.0637
  0.0637  0.0637  0.0637  0.0637  0.0637  0.0636  0.0636  0.0636  0.0636  0.0636  0.0636  0.0636
  0.0640  0.0638  0.0639  0.0642  0.0636  0.0644  0.0639  0.0642  0.0638  0.0638  0.0638  0.0639
  0.0649  0.0641  0.0646  0.0660  0.0644  0.0675  0.0646  0.0659  0.0643  0.0645  0.0643  0.0643
  0.0662  0.0648  0.0656  0.0688  0.0663  0.0722  0.0657  0.0687  0.0651  0.0657  0.0652  0.0649
niter,ni,del,rscale     3    3    5.0000    0.6000
parameters
   -1.5935   30.5025    2.4937   -9.4099  -10.5050   -5.6258
   -0.4183    2.1200    0.1060   17.9739    1.5173  -19.8486
eta,q 0.93640 40.18904
  0.0655  0.0645  0.0649  0.0677  0.0655  0.0698  0.0652  0.0675  0.0647  0.0652  0.0648  0.0646
  0.0645  0.0640  0.0642  0.0656  0.0647  0.0669  0.0643  0.0654  0.0641  0.0643  0.0641  0.0640
  0.0638  0.0637  0.0638  0.0641  0.0640  0.0647  0.0638  0.0641  0.0637  0.0638  0.0637  0.0637
  0.0636  0.0636  0.0636  0.0636  0.0636  0.0636  0.0636  0.0636  0.0636  0.0636  0.0636  0.0636
  0.0639  0.0637  0.0638  0.0641  0.0636  0.0642  0.0638  0.0640  0.0637  0.0638  0.0637  0.0638
  0.0645  0.0640  0.0642  0.0655  0.0642  0.0664  0.0643  0.0653  0.0641  0.0643  0.0641  0.0641
  0.0655  0.0645  0.0649  0.0677  0.0654  0.0700  0.0651  0.0674  0.0647  0.0652  0.0648  0.0646
niter,ni,del,rscale     2    3    5.0000    0.5000
parameters
   -1.5985   30.4821    2.5158   -9.4353  -10.3449   -5.5605
   -0.4105    2.1270    0.1222   17.9750    1.5285  -19.8870
eta,q 0.93644 40.21598
  0.0649  0.0642  0.0646  0.0665  0.0649  0.0682  0.0647  0.0663  0.0643  0.0647  0.0644  0.0643
  0.0642  0.0639  0.0640  0.0649  0.0643  0.0660  0.0641  0.0648  0.0639  0.0641  0.0639  0.0638
  0.0637  0.0637  0.0637  0.0639  0.0639  0.0644  0.0637  0.0639  0.0637  0.0637  0.0637  0.0636
  0.0636  0.0636  0.0636  0.0636  0.0636  0.0636  0.0636  0.0636  0.0636  0.0636  0.0636  0.0636
  0.0638  0.0637  0.0637  0.0639  0.0636  0.0639  0.0637  0.0639  0.0636  0.0637  0.0636  0.0637
  0.0642  0.0639  0.0640  0.0650  0.0640  0.0655  0.0640  0.0648  0.0639  0.0641  0.0639  0.0639
  0.0649  0.0643  0.0645  0.0666  0.0648  0.0681  0.0647  0.0663  0.0643  0.0647  0.0644  0.0643
niter,ni,del,rscale     1    3    5.0000    0.4000
parameters
   -1.6021   30.4588    2.5574   -9.4693  -10.2066   -5.4818
   -0.4168    2.1287    0.1430   17.9554    1.5308  -19.9115
eta,q 0.93647 40.24126
  0.0644  0.0640  0.0642  0.0654  0.0644  0.0668  0.0642  0.0653  0.0640  0.0642  0.0641  0.0640
  0.0639  0.0637  0.0639  0.0644  0.0640  0.0652  0.0639  0.0643  0.0638  0.0638  0.0638  0.0637
  0.0636  0.0636  0.0636  0.0638  0.0637  0.0641  0.0636  0.0637  0.0636  0.0636  0.0636  0.0636
  0.0636  0.0636  0.0636  0.0636  0.0636  0.0636  0.0635  0.0635  0.0635  0.0635  0.0635  0.0635
  0.0637  0.0636  0.0636  0.0638  0.0636  0.0638  0.0636  0.0637  0.0636  0.0636  0.0636  0.0636
  0.0639  0.0638  0.0638  0.0645  0.0638  0.0648  0.0639  0.0643  0.0637  0.0639  0.0638  0.0638
  0.0644  0.0640  0.0641  0.0655  0.0643  0.0665  0.0642  0.0653  0.0640  0.0643  0.0641  0.0640
registration optimization eta report
parameter search radius
    0.8000    0.8000    0.8000    2.4000    2.4000    2.4000
    2.4000    2.4000    2.4000    2.4000    2.4000    2.4000
100000*second partial in parameter space
      133.       65.       93.       33.       15.       53.
       12.       31.        8.       12.        9.        8.
  0.0644  0.0640  0.0642  0.0654  0.0644  0.0668  0.0642  0.0653  0.0640  0.0642  0.0641  0.0640
  0.0639  0.0637  0.0639  0.0644  0.0640  0.0652  0.0639  0.0643  0.0638  0.0638  0.0638  0.0637
  0.0636  0.0636  0.0636  0.0638  0.0637  0.0641  0.0636  0.0637  0.0636  0.0636  0.0636  0.0636
  0.0636  0.0636  0.0636  0.0636  0.0636  0.0636  0.0635  0.0635  0.0635  0.0635  0.0635  0.0635
  0.0637  0.0636  0.0636  0.0638  0.0636  0.0638  0.0636  0.0637  0.0636  0.0636  0.0636  0.0636
  0.0639  0.0638  0.0638  0.0645  0.0638  0.0648  0.0639  0.0643  0.0637  0.0639  0.0638  0.0638
  0.0644  0.0640  0.0641  0.0655  0.0643  0.0665  0.0642  0.0653  0.0640  0.0643  0.0641  0.0640
   -1.6021   30.4588    2.5574   -9.4693  -10.2066   -5.4818
   -0.4168    2.1287    0.1430   17.9554    1.5308  -19.9115
eta,q 0.93647 40.24126

---------------------------------------------------------------------
compute_vox2vox talsrcimg talsrcimg_to_3T18yoSchwartzReactN32_as_orig_t4 /opt/freesurfer/average/3T18yoSchwartzReactN32_as_orig
---------------------------------------------------------------------

freesurfer compute_vox2vox.c
Reading: talsrcimg.4dfp.ifh
Reading: talsrcimg_to_3T18yoSchwartzReactN32_as_orig_t4
Reading: /opt/freesurfer/average/3T18yoSchwartzReactN32_as_orig.4dfp.ifh
Writing: talsrcimg_to_3T18yoSchwartzReactN32_as_orig_t4_vox2vox.txt

start time Thu Oct 5 12:29:24 UTC 2023
end		time Thu Oct 5 12:29:58 UTC 2023

mpr2mni305 success

avi2talxfm orig_nu.mgz /opt/freesurfer/average/mni305.cor.mgz talsrcimg_to_3T18yoSchwartzReactN32_as_orig_t4_vox2vox.txt transforms/talairach.auto.xfm
avi2talxfm done
mv -f /localscratch/bpinsard.41394477.0/freesurfer_crosssectional_autorecon1smriprep_skullstripautorecon2autorecon3_sub05_ses004.job/sub-05_ses-004/mri/talsrcimg_to_3T18yoSchwartzReactN32_as_orig_t4_vox2vox.txt /localscratch/bpinsard.41394477.0/freesurfer_crosssectional_autorecon1smriprep_skullstripautorecon2autorecon3_sub05_ses004.job/sub-05_ses-004/mri/transforms/talsrcimg_to_3T18yoSchwartzReactN32_as_orig_t4_vox2vox.txt
lta_convert --src orig_nu.mgz --trg /opt/freesurfer/average/mni305.cor.mgz --inxfm transforms/talairach.auto.xfm --outlta transforms/talairach.auto.xfm.lta --subject fsaverage
7.4.1

--src: orig_nu.mgz src image (geometry).
--trg: /opt/freesurfer/average/mni305.cor.mgz trg image (geometry).
--inmni: transforms/talairach.auto.xfm input MNI/XFM transform.
--outlta: transforms/talairach.auto.xfm.lta output LTA.
--s: fsaverage subject name
 LTA read, type : 1
 1.10501  -0.02482  -0.00037   2.68767;
-0.01753   1.01562   0.22513  -32.88135;
 0.00175  -0.20305   1.06864  -12.06322;
 0.00000   0.00000   0.00000   1.00000;
setting subject to fsaverage
Writing  LTA to file transforms/talairach.auto.xfm.lta...
lta_convert successful.
 
 
Started at Thu Oct 5 12:29:23 UTC 2023
Ended   at Thu Oct  5 12:29:58 UTC 2023
talairach_avi done
