Log file for defect2seg
Thu Oct  5 16:25:23 UTC 2023

setenv SUBJECTS_DIR /localscratch/bpinsard.41394413.0/freesurfer_crosssectional_autorecon1smriprep_skullstripautorecon2autorecon3_sub01_ses002.job
cd /localscratch/bpinsard.41394413.0/freesurfer_crosssectional_autorecon1smriprep_skullstripautorecon2autorecon3_sub01_ses002.job/sub-01_ses-002/scripts
/opt/freesurfer/bin/defect2seg --s sub-01_ses-002 --cortex

freesurfer-linux-centos7_x86_64-7.4.1-20230613-7eb8460
defect2seg 7.4.1
Linux bc21116.int.ets1.calculquebec.ca 3.10.0-1160.90.1.el7.x86_64 #1 SMP Thu May 4 15:21:22 UTC 2023 x86_64 x86_64 x86_64 GNU/Linux
pid 43625
mri_label2label --label-cortex /localscratch/bpinsard.41394413.0/freesurfer_crosssectional_autorecon1smriprep_skullstripautorecon2autorecon3_sub01_ses002.job/sub-01_ses-002/surf/lh.orig.nofix /localscratch/bpinsard.41394413.0/freesurfer_crosssectional_autorecon1smriprep_skullstripautorecon2autorecon3_sub01_ses002.job/sub-01_ses-002/mri/aseg.presurf.mgz 0 /localscratch/bpinsard.41394413.0/freesurfer_crosssectional_autorecon1smriprep_skullstripautorecon2autorecon3_sub01_ses002.job/sub-01_ses-002/label/lh.nofix.cortex.label

 Generating cortex label... RemoveHipAmgy=0
 NucAccIsMedialWall=0
 mris->useRealRAS=0
25 non-cortical segments detected
only using segment with 11980 vertices
erasing segment 1 (vno[0] = 142082)
erasing segment 2 (vno[0] = 147984)
erasing segment 3 (vno[0] = 150280)
erasing segment 4 (vno[0] = 151671)
erasing segment 5 (vno[0] = 153430)
erasing segment 6 (vno[0] = 154746)
erasing segment 7 (vno[0] = 154970)
erasing segment 8 (vno[0] = 156034)
erasing segment 9 (vno[0] = 156913)
erasing segment 10 (vno[0] = 157374)
erasing segment 11 (vno[0] = 157462)
erasing segment 12 (vno[0] = 158766)
erasing segment 13 (vno[0] = 158830)
erasing segment 14 (vno[0] = 158901)
erasing segment 15 (vno[0] = 158914)
erasing segment 16 (vno[0] = 160027)
erasing segment 17 (vno[0] = 160128)
erasing segment 18 (vno[0] = 161305)
erasing segment 19 (vno[0] = 163405)
erasing segment 20 (vno[0] = 166219)
erasing segment 21 (vno[0] = 170956)
erasing segment 22 (vno[0] = 202588)
erasing segment 23 (vno[0] = 207353)
erasing segment 24 (vno[0] = 208124)
mri_label2vol --defects /localscratch/bpinsard.41394413.0/freesurfer_crosssectional_autorecon1smriprep_skullstripautorecon2autorecon3_sub01_ses002.job/sub-01_ses-002/surf/lh.orig.nofix /localscratch/bpinsard.41394413.0/freesurfer_crosssectional_autorecon1smriprep_skullstripautorecon2autorecon3_sub01_ses002.job/sub-01_ses-002/surf/lh.defect_labels /localscratch/bpinsard.41394413.0/freesurfer_crosssectional_autorecon1smriprep_skullstripautorecon2autorecon3_sub01_ses002.job/sub-01_ses-002/mri/orig.mgz 1000 0 /localscratch/bpinsard.41394413.0/freesurfer_crosssectional_autorecon1smriprep_skullstripautorecon2autorecon3_sub01_ses002.job/sub-01_ses-002/mri/surface.defects.mgz /localscratch/bpinsard.41394413.0/freesurfer_crosssectional_autorecon1smriprep_skullstripautorecon2autorecon3_sub01_ses002.job/sub-01_ses-002/label/lh.nofix.cortex.label
mri_label2vol supposed to be reproducible but seed not set
Contraining to label /localscratch/bpinsard.41394413.0/freesurfer_crosssectional_autorecon1smriprep_skullstripautorecon2autorecon3_sub01_ses002.job/sub-01_ses-002/label/lh.nofix.cortex.label
Changing input type 0 to MRI_INT
Converting defects to volume: offset=1000, merge=0
Writing to /localscratch/bpinsard.41394413.0/freesurfer_crosssectional_autorecon1smriprep_skullstripautorecon2autorecon3_sub01_ses002.job/sub-01_ses-002/mri/surface.defects.mgz
mris_defects_pointset -s /localscratch/bpinsard.41394413.0/freesurfer_crosssectional_autorecon1smriprep_skullstripautorecon2autorecon3_sub01_ses002.job/sub-01_ses-002/surf/lh.orig.nofix -d /localscratch/bpinsard.41394413.0/freesurfer_crosssectional_autorecon1smriprep_skullstripautorecon2autorecon3_sub01_ses002.job/sub-01_ses-002/surf/lh.defect_labels -o /localscratch/bpinsard.41394413.0/freesurfer_crosssectional_autorecon1smriprep_skullstripautorecon2autorecon3_sub01_ses002.job/sub-01_ses-002/surf/lh.defects.pointset --label /localscratch/bpinsard.41394413.0/freesurfer_crosssectional_autorecon1smriprep_skullstripautorecon2autorecon3_sub01_ses002.job/sub-01_ses-002/label/lh.nofix.cortex.label
Reading in surface /localscratch/bpinsard.41394413.0/freesurfer_crosssectional_autorecon1smriprep_skullstripautorecon2autorecon3_sub01_ses002.job/sub-01_ses-002/surf/lh.orig.nofix
Reading in defect segmentation /localscratch/bpinsard.41394413.0/freesurfer_crosssectional_autorecon1smriprep_skullstripautorecon2autorecon3_sub01_ses002.job/sub-01_ses-002/surf/lh.defect_labels
Reading in label /localscratch/bpinsard.41394413.0/freesurfer_crosssectional_autorecon1smriprep_skullstripautorecon2autorecon3_sub01_ses002.job/sub-01_ses-002/label/lh.nofix.cortex.label
#VMPC# mris_defects_pointset 600672
mris_defects_pointset done
mri_label2label --label-cortex /localscratch/bpinsard.41394413.0/freesurfer_crosssectional_autorecon1smriprep_skullstripautorecon2autorecon3_sub01_ses002.job/sub-01_ses-002/surf/rh.orig.nofix /localscratch/bpinsard.41394413.0/freesurfer_crosssectional_autorecon1smriprep_skullstripautorecon2autorecon3_sub01_ses002.job/sub-01_ses-002/mri/aseg.presurf.mgz 0 /localscratch/bpinsard.41394413.0/freesurfer_crosssectional_autorecon1smriprep_skullstripautorecon2autorecon3_sub01_ses002.job/sub-01_ses-002/label/rh.nofix.cortex.label

 Generating cortex label... RemoveHipAmgy=0
 NucAccIsMedialWall=0
 mris->useRealRAS=0
32 non-cortical segments detected
only using segment with 11916 vertices
erasing segment 0 (vno[0] = 19881)
erasing segment 1 (vno[0] = 28784)
erasing segment 2 (vno[0] = 52358)
erasing segment 3 (vno[0] = 58415)
erasing segment 4 (vno[0] = 60197)
erasing segment 6 (vno[0] = 67615)
erasing segment 7 (vno[0] = 87961)
erasing segment 8 (vno[0] = 92611)
erasing segment 9 (vno[0] = 95787)
erasing segment 10 (vno[0] = 96362)
erasing segment 11 (vno[0] = 108394)
erasing segment 12 (vno[0] = 109028)
erasing segment 13 (vno[0] = 110374)
erasing segment 14 (vno[0] = 138692)
erasing segment 15 (vno[0] = 145714)
erasing segment 16 (vno[0] = 153082)
erasing segment 17 (vno[0] = 153097)
erasing segment 18 (vno[0] = 154551)
erasing segment 19 (vno[0] = 154697)
erasing segment 20 (vno[0] = 154728)
erasing segment 21 (vno[0] = 156075)
erasing segment 22 (vno[0] = 156172)
erasing segment 23 (vno[0] = 156244)
erasing segment 24 (vno[0] = 156263)
erasing segment 25 (vno[0] = 156278)
erasing segment 26 (vno[0] = 156505)
erasing segment 27 (vno[0] = 159103)
erasing segment 28 (vno[0] = 171639)
erasing segment 29 (vno[0] = 171652)
erasing segment 30 (vno[0] = 174228)
erasing segment 31 (vno[0] = 186463)
mri_label2vol --defects /localscratch/bpinsard.41394413.0/freesurfer_crosssectional_autorecon1smriprep_skullstripautorecon2autorecon3_sub01_ses002.job/sub-01_ses-002/surf/rh.orig.nofix /localscratch/bpinsard.41394413.0/freesurfer_crosssectional_autorecon1smriprep_skullstripautorecon2autorecon3_sub01_ses002.job/sub-01_ses-002/surf/rh.defect_labels /localscratch/bpinsard.41394413.0/freesurfer_crosssectional_autorecon1smriprep_skullstripautorecon2autorecon3_sub01_ses002.job/sub-01_ses-002/mri/surface.defects.mgz 2000 1 /localscratch/bpinsard.41394413.0/freesurfer_crosssectional_autorecon1smriprep_skullstripautorecon2autorecon3_sub01_ses002.job/sub-01_ses-002/mri/surface.defects.mgz /localscratch/bpinsard.41394413.0/freesurfer_crosssectional_autorecon1smriprep_skullstripautorecon2autorecon3_sub01_ses002.job/sub-01_ses-002/label/rh.nofix.cortex.label
mri_label2vol supposed to be reproducible but seed not set
Contraining to label /localscratch/bpinsard.41394413.0/freesurfer_crosssectional_autorecon1smriprep_skullstripautorecon2autorecon3_sub01_ses002.job/sub-01_ses-002/label/rh.nofix.cortex.label
Converting defects to volume: offset=2000, merge=1
Writing to /localscratch/bpinsard.41394413.0/freesurfer_crosssectional_autorecon1smriprep_skullstripautorecon2autorecon3_sub01_ses002.job/sub-01_ses-002/mri/surface.defects.mgz
mris_defects_pointset -s /localscratch/bpinsard.41394413.0/freesurfer_crosssectional_autorecon1smriprep_skullstripautorecon2autorecon3_sub01_ses002.job/sub-01_ses-002/surf/rh.orig.nofix -d /localscratch/bpinsard.41394413.0/freesurfer_crosssectional_autorecon1smriprep_skullstripautorecon2autorecon3_sub01_ses002.job/sub-01_ses-002/surf/rh.defect_labels -o /localscratch/bpinsard.41394413.0/freesurfer_crosssectional_autorecon1smriprep_skullstripautorecon2autorecon3_sub01_ses002.job/sub-01_ses-002/surf/rh.defects.pointset --label /localscratch/bpinsard.41394413.0/freesurfer_crosssectional_autorecon1smriprep_skullstripautorecon2autorecon3_sub01_ses002.job/sub-01_ses-002/label/rh.nofix.cortex.label
Reading in surface /localscratch/bpinsard.41394413.0/freesurfer_crosssectional_autorecon1smriprep_skullstripautorecon2autorecon3_sub01_ses002.job/sub-01_ses-002/surf/rh.orig.nofix
Reading in defect segmentation /localscratch/bpinsard.41394413.0/freesurfer_crosssectional_autorecon1smriprep_skullstripautorecon2autorecon3_sub01_ses002.job/sub-01_ses-002/surf/rh.defect_labels
Reading in label /localscratch/bpinsard.41394413.0/freesurfer_crosssectional_autorecon1smriprep_skullstripautorecon2autorecon3_sub01_ses002.job/sub-01_ses-002/label/rh.nofix.cortex.label
#VMPC# mris_defects_pointset 603892
mris_defects_pointset done
 
Started at Thu Oct 5 16:25:23 UTC 2023 
Ended   at Thu Oct  5 16:26:47 UTC 2023
Defect2seg-Run-Time-Sec 84
Defect2seg-Run-Time-Min 1.68
Defect2seg-Run-Time-Hours 0.02
 
defect2seg Done
