
Thu Oct  5 11:18:53 UTC 2023
cd /localscratch/bpinsard.41394413.0/freesurfer_crosssectional_autorecon1smriprep_skullstripautorecon2autorecon3_sub01_ses002.job/sub-01_ses-002
setenv SUBJECTS_DIR /localscratch/bpinsard.41394413.0/freesurfer_crosssectional_autorecon1smriprep_skullstripautorecon2autorecon3_sub01_ses002.job
/opt/freesurfer/bin/recon-all -subjid sub-01_ses-002 -sd /localscratch/bpinsard.41394413.0/freesurfer_crosssectional_autorecon1smriprep_skullstripautorecon2autorecon3_sub01_ses002.job -3T -hires -i sourcedata/cneuromod.anat.gradcorrect/sub-01/ses-002/anat/sub-01_ses-002_T1w.nii.gz -autorecon1 -openmp 4

subjid sub-01_ses-002
setenv SUBJECTS_DIR /localscratch/bpinsard.41394413.0/freesurfer_crosssectional_autorecon1smriprep_skullstripautorecon2autorecon3_sub01_ses002.job
FREESURFER_HOME /opt/freesurfer
Actual FREESURFER_HOME /opt/freesurfer
build-stamp.txt: freesurfer-linux-centos7_x86_64-7.4.1-20230613-7eb8460
Linux bc21116.int.ets1.calculquebec.ca 3.10.0-1160.90.1.el7.x86_64 #1 SMP Thu May 4 15:21:22 UTC 2023 x86_64 x86_64 x86_64 GNU/Linux
cputime      unlimited
filesize     unlimited
datasize     unlimited
stacksize    unlimited
coredumpsize unlimited
memoryuse    16777216 kbytes
vmemoryuse   unlimited
descriptors  51200 
memorylocked unlimited
maxproc      767592 
maxlocks     unlimited
maxsignal    767592 
maxmessage   819200 
maxnice      0 
maxrtprio    0 
maxrttime    unlimited

               total        used        free      shared  buff/cache   available
Mem:           187Gi        83Gi        66Gi       2.8Gi        38Gi       100Gi
Swap:             0B          0B          0B

########################################
program versions used
7.4.1 (freesurfer-linux-centos7_x86_64-7.4.1-20230613-7eb8460)
7.4.1

ProgramName: lta_convert  ProgramArguments: lta_convert -all-info  ProgramVersion: 7.4.1  TimeStamp: 2023/10/05-11:18:53-GMT  BuildTime: Jun 13 2023 22:52:23  BuildStamp: freesurfer-linux-centos7_x86_64-7.4.1-20230613-7eb8460  User: bpinsard  Machine: bc21116.int.ets1.calculquebec.ca  Platform: Linux  PlatformVersion: 3.10.0-1160.90.1.el7.x86_64  CompilerName: GCC  CompilerVersion: 4.8.5
ProgramName: mri_and  ProgramArguments: mri_and -all-info  ProgramVersion: 7.4.1  TimeStamp: 2023/10/05-11:18:53-GMT  BuildTime: Jun 13 2023 22:52:23  BuildStamp: freesurfer-linux-centos7_x86_64-7.4.1-20230613-7eb8460  User: bpinsard  Machine: bc21116.int.ets1.calculquebec.ca  Platform: Linux  PlatformVersion: 3.10.0-1160.90.1.el7.x86_64  CompilerName: GCC  CompilerVersion: 4.8.5
ProgramName: mri_annotation2label  ProgramArguments: mri_annotation2label -all-info  ProgramVersion: 7.4.1  TimeStamp: 2023/10/05-11:18:53-GMT  BuildTime: Jun 13 2023 22:52:23  BuildStamp: freesurfer-linux-centos7_x86_64-7.4.1-20230613-7eb8460  User: bpinsard  Machine: bc21116.int.ets1.calculquebec.ca  Platform: Linux  PlatformVersion: 3.10.0-1160.90.1.el7.x86_64  CompilerName: GCC  CompilerVersion: 4.8.5
ProgramName: mri_aparc2aseg  ProgramArguments: mri_aparc2aseg -all-info  ProgramVersion: 7.4.1  TimeStamp: 2023/10/05-11:18:53-GMT  BuildTime: Jun 13 2023 22:52:23  BuildStamp: freesurfer-linux-centos7_x86_64-7.4.1-20230613-7eb8460  User: bpinsard  Machine: bc21116.int.ets1.calculquebec.ca  Platform: Linux  PlatformVersion: 3.10.0-1160.90.1.el7.x86_64  CompilerName: GCC  CompilerVersion: 4.8.5
ProgramName: mri_surf2volseg  ProgramArguments: mri_surf2volseg -all-info  ProgramVersion: 7.4.1  TimeStamp: 2023/10/05-11:18:53-GMT  BuildTime: Jun 13 2023 22:52:23  BuildStamp: freesurfer-linux-centos7_x86_64-7.4.1-20230613-7eb8460  User: bpinsard  Machine: bc21116.int.ets1.calculquebec.ca  Platform: Linux  PlatformVersion: 3.10.0-1160.90.1.el7.x86_64  CompilerName: GCC  CompilerVersion: 4.8.5
ProgramName: mri_binarize  ProgramArguments: mri_binarize -all-info  ProgramVersion: 7.4.1  TimeStamp: 2023/10/05-11:18:53-GMT  BuildTime: Jun 13 2023 22:52:23  BuildStamp: freesurfer-linux-centos7_x86_64-7.4.1-20230613-7eb8460  User: bpinsard  Machine: bc21116.int.ets1.calculquebec.ca  Platform: Linux  PlatformVersion: 3.10.0-1160.90.1.el7.x86_64  CompilerName: GCC  CompilerVersion: 4.8.5
ProgramName: mri_ca_label  ProgramArguments: mri_ca_label -all-info  ProgramVersion: 7.4.1  TimeStamp: 2023/10/05-11:18:53-GMT  BuildTime: Jun 13 2023 22:52:23  BuildStamp: freesurfer-linux-centos7_x86_64-7.4.1-20230613-7eb8460  User: bpinsard  Machine: bc21116.int.ets1.calculquebec.ca  Platform: Linux  PlatformVersion: 3.10.0-1160.90.1.el7.x86_64  CompilerName: GCC  CompilerVersion: 4.8.5
ProgramName: mri_ca_normalize  ProgramArguments: mri_ca_normalize -all-info  ProgramVersion: 7.4.1  TimeStamp: 2023/10/05-11:18:53-GMT  BuildTime: Jun 13 2023 22:52:23  BuildStamp: freesurfer-linux-centos7_x86_64-7.4.1-20230613-7eb8460  User: bpinsard  Machine: bc21116.int.ets1.calculquebec.ca  Platform: Linux  PlatformVersion: 3.10.0-1160.90.1.el7.x86_64  CompilerName: GCC  CompilerVersion: 4.8.5
ProgramName: mri_ca_register  ProgramArguments: mri_ca_register -all-info  ProgramVersion: 7.4.1  TimeStamp: 2023/10/05-11:18:53-GMT  BuildTime: Jun 13 2023 22:52:23  BuildStamp: freesurfer-linux-centos7_x86_64-7.4.1-20230613-7eb8460  User: bpinsard  Machine: bc21116.int.ets1.calculquebec.ca  Platform: Linux  PlatformVersion: 3.10.0-1160.90.1.el7.x86_64  CompilerName: GCC  CompilerVersion: 4.8.5
ProgramName: mri_cc  ProgramArguments: mri_cc -all-info  ProgramVersion: 7.4.1  TimeStamp: 2023/10/05-11:18:53-GMT  BuildTime: Jun 13 2023 22:52:23  BuildStamp: freesurfer-linux-centos7_x86_64-7.4.1-20230613-7eb8460  User: bpinsard  Machine: bc21116.int.ets1.calculquebec.ca  Platform: Linux  PlatformVersion: 3.10.0-1160.90.1.el7.x86_64  CompilerName: GCC  CompilerVersion: 4.8.5
ProgramName: mri_compute_overlap  ProgramArguments: mri_compute_overlap -all-info  ProgramVersion: 7.4.1  TimeStamp: 2023/10/05-11:18:53-GMT  BuildTime: Jun 13 2023 22:52:23  BuildStamp: freesurfer-linux-centos7_x86_64-7.4.1-20230613-7eb8460  User: bpinsard  Machine: bc21116.int.ets1.calculquebec.ca  Platform: Linux  PlatformVersion: 3.10.0-1160.90.1.el7.x86_64  CompilerName: GCC  CompilerVersion: 4.8.5
ProgramName: mri_compute_seg_overlap  ProgramArguments: mri_compute_seg_overlap -all-info  ProgramVersion: 7.4.1  TimeStamp: 2023/10/05-11:18:53-GMT  BuildTime: Jun 13 2023 22:52:23  BuildStamp: freesurfer-linux-centos7_x86_64-7.4.1-20230613-7eb8460  User: bpinsard  Machine: bc21116.int.ets1.calculquebec.ca  Platform: Linux  PlatformVersion: 3.10.0-1160.90.1.el7.x86_64  CompilerName: GCC  CompilerVersion: 4.8.5
ProgramName: mri_concat  ProgramArguments: mri_concat -all-info  ProgramVersion: 7.4.1  TimeStamp: 2023/10/05-11:18:53-GMT  BuildTime: Jun 13 2023 22:52:23  BuildStamp: freesurfer-linux-centos7_x86_64-7.4.1-20230613-7eb8460  User: bpinsard  Machine: bc21116.int.ets1.calculquebec.ca  Platform: Linux  PlatformVersion: 3.10.0-1160.90.1.el7.x86_64  CompilerName: GCC  CompilerVersion: 4.8.5
ProgramName: mri_concatenate_lta  ProgramArguments: mri_concatenate_lta -all-info  ProgramVersion: 7.4.1  TimeStamp: 2023/10/05-11:18:53-GMT  BuildTime: Jun 13 2023 22:52:23  BuildStamp: freesurfer-linux-centos7_x86_64-7.4.1-20230613-7eb8460  User: bpinsard  Machine: bc21116.int.ets1.calculquebec.ca  Platform: Linux  PlatformVersion: 3.10.0-1160.90.1.el7.x86_64  CompilerName: GCC  CompilerVersion: 4.8.5
mri_convert -all-info 
ProgramName: mri_convert  ProgramArguments: mri_convert -all-info  ProgramVersion: 7.4.1  TimeStamp: 2023/10/05-11:18:53-GMT  BuildTime: Jun 13 2023 22:52:23  BuildStamp: freesurfer-linux-centos7_x86_64-7.4.1-20230613-7eb8460  User: bpinsard  Machine: bc21116.int.ets1.calculquebec.ca  Platform: Linux  PlatformVersion: 3.10.0-1160.90.1.el7.x86_64  CompilerName: GCC  CompilerVersion: 4.8.5
ProgramName: mri_diff  ProgramArguments: mri_diff -all-info  ProgramVersion: 7.4.1  TimeStamp: 2023/10/05-11:18:53-GMT  BuildTime: Jun 13 2023 22:52:23  BuildStamp: freesurfer-linux-centos7_x86_64-7.4.1-20230613-7eb8460  User: bpinsard  Machine: bc21116.int.ets1.calculquebec.ca  Platform: Linux  PlatformVersion: 3.10.0-1160.90.1.el7.x86_64  CompilerName: GCC  CompilerVersion: 4.8.5
ProgramName: mri_edit_wm_with_aseg  ProgramArguments: mri_edit_wm_with_aseg -all-info  ProgramVersion: 7.4.1  TimeStamp: 2023/10/05-11:18:54-GMT  BuildTime: Jun 13 2023 22:52:23  BuildStamp: freesurfer-linux-centos7_x86_64-7.4.1-20230613-7eb8460  User: bpinsard  Machine: bc21116.int.ets1.calculquebec.ca  Platform: Linux  PlatformVersion: 3.10.0-1160.90.1.el7.x86_64  CompilerName: GCC  CompilerVersion: 4.8.5
ProgramName: mri_em_register  ProgramArguments: mri_em_register -all-info  ProgramVersion: 7.4.1  TimeStamp: 2023/10/05-11:18:54-GMT  BuildTime: Jun 13 2023 22:52:23  BuildStamp: freesurfer-linux-centos7_x86_64-7.4.1-20230613-7eb8460  User: bpinsard  Machine: bc21116.int.ets1.calculquebec.ca  Platform: Linux  PlatformVersion: 3.10.0-1160.90.1.el7.x86_64  CompilerName: GCC  CompilerVersion: 4.8.5
ProgramName: mri_fill  ProgramArguments: mri_fill -all-info  ProgramVersion: 7.4.1  TimeStamp: 2023/10/05-11:18:54-GMT  BuildTime: Jun 13 2023 22:52:23  BuildStamp: freesurfer-linux-centos7_x86_64-7.4.1-20230613-7eb8460  User: bpinsard  Machine: bc21116.int.ets1.calculquebec.ca  Platform: Linux  PlatformVersion: 3.10.0-1160.90.1.el7.x86_64  CompilerName: GCC  CompilerVersion: 4.8.5
ProgramName: mri_fuse_segmentations  ProgramArguments: mri_fuse_segmentations -all-info  ProgramVersion: 7.4.1  TimeStamp: 2023/10/05-11:18:54-GMT  BuildTime: Jun 13 2023 22:52:23  BuildStamp: freesurfer-linux-centos7_x86_64-7.4.1-20230613-7eb8460  User: bpinsard  Machine: bc21116.int.ets1.calculquebec.ca  Platform: Linux  PlatformVersion: 3.10.0-1160.90.1.el7.x86_64  CompilerName: GCC  CompilerVersion: 4.8.5
ProgramName: mri_fwhm  ProgramArguments: mri_fwhm -all-info  ProgramVersion: 7.4.1  TimeStamp: 2023/10/05-11:18:54-GMT  BuildTime: Jun 13 2023 22:52:23  BuildStamp: freesurfer-linux-centos7_x86_64-7.4.1-20230613-7eb8460  User: bpinsard  Machine: bc21116.int.ets1.calculquebec.ca  Platform: Linux  PlatformVersion: 3.10.0-1160.90.1.el7.x86_64  CompilerName: GCC  CompilerVersion: 4.8.5
ProgramName: mri_gcut  ProgramArguments: mri_gcut -all-info  ProgramVersion: 7.4.1  TimeStamp: 2023/10/05-11:18:54-GMT  BuildTime: Jun 13 2023 22:52:23  BuildStamp: freesurfer-linux-centos7_x86_64-7.4.1-20230613-7eb8460  User: bpinsard  Machine: bc21116.int.ets1.calculquebec.ca  Platform: Linux  PlatformVersion: 3.10.0-1160.90.1.el7.x86_64  CompilerName: GCC  CompilerVersion: 4.8.5
ProgramName: mri_info  ProgramArguments: mri_info -all-info  ProgramVersion: 7.4.1  TimeStamp: 2023/10/05-11:18:54-GMT  BuildTime: Jun 13 2023 22:52:23  BuildStamp: freesurfer-linux-centos7_x86_64-7.4.1-20230613-7eb8460  User: bpinsard  Machine: bc21116.int.ets1.calculquebec.ca  Platform: Linux  PlatformVersion: 3.10.0-1160.90.1.el7.x86_64  CompilerName: GCC  CompilerVersion: 4.8.5
ProgramName: mri_label2label  ProgramArguments: mri_label2label -all-info  ProgramVersion: 7.4.1  TimeStamp: 2023/10/05-11:18:54-GMT  BuildTime: Jun 13 2023 22:52:23  BuildStamp: freesurfer-linux-centos7_x86_64-7.4.1-20230613-7eb8460  User: bpinsard  Machine: bc21116.int.ets1.calculquebec.ca  Platform: Linux  PlatformVersion: 3.10.0-1160.90.1.el7.x86_64  CompilerName: GCC  CompilerVersion: 4.8.5
ProgramName: mri_label2vol  ProgramArguments: mri_label2vol -all-info  ProgramVersion: 7.4.1  TimeStamp: 2023/10/05-11:18:54-GMT  BuildTime: Jun 13 2023 22:52:23  BuildStamp: freesurfer-linux-centos7_x86_64-7.4.1-20230613-7eb8460  User: bpinsard  Machine: bc21116.int.ets1.calculquebec.ca  Platform: Linux  PlatformVersion: 3.10.0-1160.90.1.el7.x86_64  CompilerName: GCC  CompilerVersion: 4.8.5
ProgramName: mri_log_likelihood  ProgramArguments: mri_log_likelihood -all-info  ProgramVersion: 7.4.1  TimeStamp: 2023/10/05-11:18:54-GMT  BuildTime: Jun 13 2023 22:52:23  BuildStamp: freesurfer-linux-centos7_x86_64-7.4.1-20230613-7eb8460  User: bpinsard  Machine: bc21116.int.ets1.calculquebec.ca  Platform: Linux  PlatformVersion: 3.10.0-1160.90.1.el7.x86_64  CompilerName: GCC  CompilerVersion: 4.8.5
ProgramName: mri_mask  ProgramArguments: mri_mask -all-info  ProgramVersion: 7.4.1  TimeStamp: 2023/10/05-11:18:54-GMT  BuildTime: Jun 13 2023 22:52:23  BuildStamp: freesurfer-linux-centos7_x86_64-7.4.1-20230613-7eb8460  User: bpinsard  Machine: bc21116.int.ets1.calculquebec.ca  Platform: Linux  PlatformVersion: 3.10.0-1160.90.1.el7.x86_64  CompilerName: GCC  CompilerVersion: 4.8.5
ProgramName: mri_matrix_multiply  ProgramArguments: mri_matrix_multiply -all-info  ProgramVersion: 7.4.1  TimeStamp: 2023/10/05-11:18:54-GMT  BuildTime: Jun 13 2023 22:52:23  BuildStamp: freesurfer-linux-centos7_x86_64-7.4.1-20230613-7eb8460  User: bpinsard  Machine: bc21116.int.ets1.calculquebec.ca  Platform: Linux  PlatformVersion: 3.10.0-1160.90.1.el7.x86_64  CompilerName: GCC  CompilerVersion: 4.8.5
ProgramName: mri_normalize  ProgramArguments: mri_normalize -all-info  ProgramVersion: 7.4.1  TimeStamp: 2023/10/05-11:18:54-GMT  BuildTime: Jun 13 2023 22:52:23  BuildStamp: freesurfer-linux-centos7_x86_64-7.4.1-20230613-7eb8460  User: bpinsard  Machine: bc21116.int.ets1.calculquebec.ca  Platform: Linux  PlatformVersion: 3.10.0-1160.90.1.el7.x86_64  CompilerName: GCC  CompilerVersion: 4.8.5
ProgramName: mri_normalize_tp2  ProgramArguments: mri_normalize_tp2 -all-info  ProgramVersion: 7.4.1  TimeStamp: 2023/10/05-11:18:54-GMT  BuildTime: Jun 13 2023 22:52:23  BuildStamp: freesurfer-linux-centos7_x86_64-7.4.1-20230613-7eb8460  User: bpinsard  Machine: bc21116.int.ets1.calculquebec.ca  Platform: Linux  PlatformVersion: 3.10.0-1160.90.1.el7.x86_64  CompilerName: GCC  CompilerVersion: 4.8.5
ProgramName: mri_or  ProgramArguments: mri_or -all-info  ProgramVersion: 7.4.1  TimeStamp: 2023/10/05-11:18:54-GMT  BuildTime: Jun 13 2023 22:52:23  BuildStamp: freesurfer-linux-centos7_x86_64-7.4.1-20230613-7eb8460  User: bpinsard  Machine: bc21116.int.ets1.calculquebec.ca  Platform: Linux  PlatformVersion: 3.10.0-1160.90.1.el7.x86_64  CompilerName: GCC  CompilerVersion: 4.8.5
ProgramName: mri_relabel_hypointensities  ProgramArguments: mri_relabel_hypointensities -all-info  ProgramVersion: 7.4.1  TimeStamp: 2023/10/05-11:18:54-GMT  BuildTime: Jun 13 2023 22:52:23  BuildStamp: freesurfer-linux-centos7_x86_64-7.4.1-20230613-7eb8460  User: bpinsard  Machine: bc21116.int.ets1.calculquebec.ca  Platform: Linux  PlatformVersion: 3.10.0-1160.90.1.el7.x86_64  CompilerName: GCC  CompilerVersion: 4.8.5
ProgramName: mri_relabel_nonwm_hypos  ProgramArguments: mri_relabel_nonwm_hypos -all-info  ProgramVersion: 7.4.1  TimeStamp: 2023/10/05-11:18:54-GMT  BuildTime: Jun 13 2023 22:52:23  BuildStamp: freesurfer-linux-centos7_x86_64-7.4.1-20230613-7eb8460  User: bpinsard  Machine: bc21116.int.ets1.calculquebec.ca  Platform: Linux  PlatformVersion: 3.10.0-1160.90.1.el7.x86_64  CompilerName: GCC  CompilerVersion: 4.8.5
ProgramName: mri_remove_neck  ProgramArguments: mri_remove_neck -all-info  ProgramVersion: 7.4.1  TimeStamp: 2023/10/05-11:18:54-GMT  BuildTime: Jun 13 2023 22:52:23  BuildStamp: freesurfer-linux-centos7_x86_64-7.4.1-20230613-7eb8460  User: bpinsard  Machine: bc21116.int.ets1.calculquebec.ca  Platform: Linux  PlatformVersion: 3.10.0-1160.90.1.el7.x86_64  CompilerName: GCC  CompilerVersion: 4.8.5
7.4.1

ProgramName: mri_robust_register  ProgramArguments: mri_robust_register -all-info  ProgramVersion: 7.4.1  TimeStamp: 2023/10/05-11:18:54-GMT  BuildTime: Jun 13 2023 22:52:23  BuildStamp: freesurfer-linux-centos7_x86_64-7.4.1-20230613-7eb8460  User: bpinsard  Machine: bc21116.int.ets1.calculquebec.ca  Platform: Linux  PlatformVersion: 3.10.0-1160.90.1.el7.x86_64  CompilerName: GCC  CompilerVersion: 4.8.5
7.4.1

ProgramName: mri_robust_template  ProgramArguments: mri_robust_template -all-info  ProgramVersion: 7.4.1  TimeStamp: 2023/10/05-11:18:54-GMT  BuildTime: Jun 13 2023 22:52:23  BuildStamp: freesurfer-linux-centos7_x86_64-7.4.1-20230613-7eb8460  User: bpinsard  Machine: bc21116.int.ets1.calculquebec.ca  Platform: Linux  PlatformVersion: 3.10.0-1160.90.1.el7.x86_64  CompilerName: GCC  CompilerVersion: 4.8.5
ProgramName: mris_anatomical_stats  ProgramArguments: mris_anatomical_stats -all-info  ProgramVersion: 7.4.1  TimeStamp: 2023/10/05-11:18:54-GMT  BuildTime: Jun 13 2023 22:52:23  BuildStamp: freesurfer-linux-centos7_x86_64-7.4.1-20230613-7eb8460  User: bpinsard  Machine: bc21116.int.ets1.calculquebec.ca  Platform: Linux  PlatformVersion: 3.10.0-1160.90.1.el7.x86_64  CompilerName: GCC  CompilerVersion: 4.8.5
ProgramName: mris_ca_label  ProgramArguments: mris_ca_label -all-info  ProgramVersion: 7.4.1  TimeStamp: 2023/10/05-11:18:54-GMT  BuildTime: Jun 13 2023 22:52:23  BuildStamp: freesurfer-linux-centos7_x86_64-7.4.1-20230613-7eb8460  User: bpinsard  Machine: bc21116.int.ets1.calculquebec.ca  Platform: Linux  PlatformVersion: 3.10.0-1160.90.1.el7.x86_64  CompilerName: GCC  CompilerVersion: 4.8.5
ProgramName: mris_calc  ProgramArguments: mris_calc -all-info  ProgramVersion: 7.4.1  TimeStamp: 2023/10/05-11:18:54-GMT  BuildTime: Jun 13 2023 22:52:23  BuildStamp: freesurfer-linux-centos7_x86_64-7.4.1-20230613-7eb8460  User: bpinsard  Machine: bc21116.int.ets1.calculquebec.ca  Platform: Linux  PlatformVersion: 3.10.0-1160.90.1.el7.x86_64  CompilerName: GCC  CompilerVersion: 4.8.5
ProgramName: mris_convert  ProgramArguments: mris_convert -all-info  ProgramVersion: 7.4.1  TimeStamp: 2023/10/05-11:18:54-GMT  BuildTime: Jun 13 2023 22:52:23  BuildStamp: freesurfer-linux-centos7_x86_64-7.4.1-20230613-7eb8460  User: bpinsard  Machine: bc21116.int.ets1.calculquebec.ca  Platform: Linux  PlatformVersion: 3.10.0-1160.90.1.el7.x86_64  CompilerName: GCC  CompilerVersion: 4.8.5
ProgramName: mris_curvature  ProgramArguments: mris_curvature -all-info  ProgramVersion: 7.4.1  TimeStamp: 2023/10/05-11:18:54-GMT  BuildTime: Jun 13 2023 22:52:23  BuildStamp: freesurfer-linux-centos7_x86_64-7.4.1-20230613-7eb8460  User: bpinsard  Machine: bc21116.int.ets1.calculquebec.ca  Platform: Linux  PlatformVersion: 3.10.0-1160.90.1.el7.x86_64  CompilerName: GCC  CompilerVersion: 4.8.5
ProgramName: mris_curvature_stats  ProgramArguments: mris_curvature_stats -all-info  ProgramVersion: 7.4.1  TimeStamp: 2023/10/05-11:18:54-GMT  BuildTime: Jun 13 2023 22:52:23  BuildStamp: freesurfer-linux-centos7_x86_64-7.4.1-20230613-7eb8460  User: bpinsard  Machine: bc21116.int.ets1.calculquebec.ca  Platform: Linux  PlatformVersion: 3.10.0-1160.90.1.el7.x86_64  CompilerName: GCC  CompilerVersion: 4.8.5
ProgramName: mris_diff  ProgramArguments: mris_diff -all-info  ProgramVersion: 7.4.1  TimeStamp: 2023/10/05-11:18:54-GMT  BuildTime: Jun 13 2023 22:52:23  BuildStamp: freesurfer-linux-centos7_x86_64-7.4.1-20230613-7eb8460  User: bpinsard  Machine: bc21116.int.ets1.calculquebec.ca  Platform: Linux  PlatformVersion: 3.10.0-1160.90.1.el7.x86_64  CompilerName: GCC  CompilerVersion: 4.8.5
ProgramName: mris_divide_parcellation  ProgramArguments: mris_divide_parcellation -all-info  ProgramVersion: 7.4.1  TimeStamp: 2023/10/05-11:18:54-GMT  BuildTime: Jun 13 2023 22:52:23  BuildStamp: freesurfer-linux-centos7_x86_64-7.4.1-20230613-7eb8460  User: bpinsard  Machine: bc21116.int.ets1.calculquebec.ca  Platform: Linux  PlatformVersion: 3.10.0-1160.90.1.el7.x86_64  CompilerName: GCC  CompilerVersion: 4.8.5
ProgramName: mri_segment  ProgramArguments: mri_segment -all-info  ProgramVersion: 7.4.1  TimeStamp: 2023/10/05-11:18:54-GMT  BuildTime: Jun 13 2023 22:52:23  BuildStamp: freesurfer-linux-centos7_x86_64-7.4.1-20230613-7eb8460  User: bpinsard  Machine: bc21116.int.ets1.calculquebec.ca  Platform: Linux  PlatformVersion: 3.10.0-1160.90.1.el7.x86_64  CompilerName: GCC  CompilerVersion: 4.8.5
ProgramName: mri_segstats  ProgramArguments: mri_segstats -all-info  ProgramVersion: 7.4.1  TimeStamp: 2023/10/05-11:18:54-GMT  BuildTime: Jun 13 2023 22:52:23  BuildStamp: freesurfer-linux-centos7_x86_64-7.4.1-20230613-7eb8460  User: bpinsard  Machine: bc21116.int.ets1.calculquebec.ca  Platform: Linux  PlatformVersion: 3.10.0-1160.90.1.el7.x86_64  CompilerName: GCC  CompilerVersion: 4.8.5
ProgramName: mris_euler_number  ProgramArguments: mris_euler_number -all-info  ProgramVersion: 7.4.1  TimeStamp: 2023/10/05-11:18:54-GMT  BuildTime: Jun 13 2023 22:52:23  BuildStamp: freesurfer-linux-centos7_x86_64-7.4.1-20230613-7eb8460  User: bpinsard  Machine: bc21116.int.ets1.calculquebec.ca  Platform: Linux  PlatformVersion: 3.10.0-1160.90.1.el7.x86_64  CompilerName: GCC  CompilerVersion: 4.8.5
ProgramName: mris_fix_topology  ProgramArguments: mris_fix_topology -all-info  ProgramVersion: 7.4.1  TimeStamp: 2023/10/05-11:18:54-GMT  BuildTime: Jun 13 2023 22:52:23  BuildStamp: freesurfer-linux-centos7_x86_64-7.4.1-20230613-7eb8460  User: bpinsard  Machine: bc21116.int.ets1.calculquebec.ca  Platform: Linux  PlatformVersion: 3.10.0-1160.90.1.el7.x86_64  CompilerName: GCC  CompilerVersion: 4.8.5
ProgramName: mris_topo_fixer  ProgramArguments: mris_topo_fixer -all-info  ProgramVersion: 7.4.1  TimeStamp: 2023/10/05-11:18:54-GMT  BuildTime: Jun 13 2023 22:52:23  BuildStamp: freesurfer-linux-centos7_x86_64-7.4.1-20230613-7eb8460  User: bpinsard  Machine: bc21116.int.ets1.calculquebec.ca  Platform: Linux  PlatformVersion: 3.10.0-1160.90.1.el7.x86_64  CompilerName: GCC  CompilerVersion: 4.8.5
ProgramName: mris_jacobian  ProgramArguments: mris_jacobian -all-info  ProgramVersion: 7.4.1  TimeStamp: 2023/10/05-11:18:54-GMT  BuildTime: Jun 13 2023 22:52:23  BuildStamp: freesurfer-linux-centos7_x86_64-7.4.1-20230613-7eb8460  User: bpinsard  Machine: bc21116.int.ets1.calculquebec.ca  Platform: Linux  PlatformVersion: 3.10.0-1160.90.1.el7.x86_64  CompilerName: GCC  CompilerVersion: 4.8.5
ProgramName: mris_label2annot  ProgramArguments: mris_label2annot -all-info  ProgramVersion: 7.4.1  TimeStamp: 2023/10/05-11:18:54-GMT  BuildTime: Jun 13 2023 22:52:23  BuildStamp: freesurfer-linux-centos7_x86_64-7.4.1-20230613-7eb8460  User: bpinsard  Machine: bc21116.int.ets1.calculquebec.ca  Platform: Linux  PlatformVersion: 3.10.0-1160.90.1.el7.x86_64  CompilerName: GCC  CompilerVersion: 4.8.5
ProgramName: mris_left_right_register  ProgramArguments: mris_left_right_register -all-info  ProgramVersion: 7.4.1  TimeStamp: 2023/10/05-11:18:54-GMT  BuildTime: Jun 13 2023 22:52:23  BuildStamp: freesurfer-linux-centos7_x86_64-7.4.1-20230613-7eb8460  User: bpinsard  Machine: bc21116.int.ets1.calculquebec.ca  Platform: Linux  PlatformVersion: 3.10.0-1160.90.1.el7.x86_64  CompilerName: GCC  CompilerVersion: 4.8.5
ProgramName: mris_place_surface  ProgramArguments: mris_place_surface -all-info  ProgramVersion: 7.4.1  TimeStamp: 2023/10/05-11:18:54-GMT  BuildTime: Jun 13 2023 22:52:23  BuildStamp: freesurfer-linux-centos7_x86_64-7.4.1-20230613-7eb8460  User: bpinsard  Machine: bc21116.int.ets1.calculquebec.ca  Platform: Linux  PlatformVersion: 3.10.0-1160.90.1.el7.x86_64  CompilerName: GCC  CompilerVersion: 4.8.5
ProgramName: mrisp_paint  ProgramArguments: mrisp_paint -all-info  ProgramVersion: 7.4.1  TimeStamp: 2023/10/05-11:18:54-GMT  BuildTime: Jun 13 2023 22:52:23  BuildStamp: freesurfer-linux-centos7_x86_64-7.4.1-20230613-7eb8460  User: bpinsard  Machine: bc21116.int.ets1.calculquebec.ca  Platform: Linux  PlatformVersion: 3.10.0-1160.90.1.el7.x86_64  CompilerName: GCC  CompilerVersion: 4.8.5
ProgramName: mris_register  ProgramArguments: mris_register -all-info  ProgramVersion: 7.4.1  TimeStamp: 2023/10/05-11:18:54-GMT  BuildTime: Jun 13 2023 22:52:23  BuildStamp: freesurfer-linux-centos7_x86_64-7.4.1-20230613-7eb8460  User: bpinsard  Machine: bc21116.int.ets1.calculquebec.ca  Platform: Linux  PlatformVersion: 3.10.0-1160.90.1.el7.x86_64  CompilerName: GCC  CompilerVersion: 4.8.5
ProgramName: mris_smooth  ProgramArguments: mris_smooth -all-info  ProgramVersion: 7.4.1  TimeStamp: 2023/10/05-11:18:54-GMT  BuildTime: Jun 13 2023 22:52:23  BuildStamp: freesurfer-linux-centos7_x86_64-7.4.1-20230613-7eb8460  User: bpinsard  Machine: bc21116.int.ets1.calculquebec.ca  Platform: Linux  PlatformVersion: 3.10.0-1160.90.1.el7.x86_64  CompilerName: GCC  CompilerVersion: 4.8.5
ProgramName: mris_sphere  ProgramArguments: mris_sphere -all-info  ProgramVersion: 7.4.1  TimeStamp: 2023/10/05-11:18:54-GMT  BuildTime: Jun 13 2023 22:52:23  BuildStamp: freesurfer-linux-centos7_x86_64-7.4.1-20230613-7eb8460  User: bpinsard  Machine: bc21116.int.ets1.calculquebec.ca  Platform: Linux  PlatformVersion: 3.10.0-1160.90.1.el7.x86_64  CompilerName: GCC  CompilerVersion: 4.8.5
ProgramName: mris_surface_stats  ProgramArguments: mris_surface_stats -all-info  ProgramVersion: 7.4.1  TimeStamp: 2023/10/05-11:18:54-GMT  BuildTime: Jun 13 2023 22:52:23  BuildStamp: freesurfer-linux-centos7_x86_64-7.4.1-20230613-7eb8460  User: bpinsard  Machine: bc21116.int.ets1.calculquebec.ca  Platform: Linux  PlatformVersion: 3.10.0-1160.90.1.el7.x86_64  CompilerName: GCC  CompilerVersion: 4.8.5
ProgramName: mri_stats2seg  ProgramArguments: mri_stats2seg -all-info  ProgramVersion: 7.4.1  TimeStamp: 2023/10/05-11:18:54-GMT  BuildTime: Jun 13 2023 22:52:23  BuildStamp: freesurfer-linux-centos7_x86_64-7.4.1-20230613-7eb8460  User: bpinsard  Machine: bc21116.int.ets1.calculquebec.ca  Platform: Linux  PlatformVersion: 3.10.0-1160.90.1.el7.x86_64  CompilerName: GCC  CompilerVersion: 4.8.5
ProgramName: mris_thickness  ProgramArguments: mris_thickness -all-info  ProgramVersion: 7.4.1  TimeStamp: 2023/10/05-11:18:54-GMT  BuildTime: Jun 13 2023 22:52:23  BuildStamp: freesurfer-linux-centos7_x86_64-7.4.1-20230613-7eb8460  User: bpinsard  Machine: bc21116.int.ets1.calculquebec.ca  Platform: Linux  PlatformVersion: 3.10.0-1160.90.1.el7.x86_64  CompilerName: GCC  CompilerVersion: 4.8.5
ProgramName: mris_thickness_diff  ProgramArguments: mris_thickness_diff -all-info  ProgramVersion: 7.4.1  TimeStamp: 2023/10/05-11:18:54-GMT  BuildTime: Jun 13 2023 22:52:23  BuildStamp: freesurfer-linux-centos7_x86_64-7.4.1-20230613-7eb8460  User: bpinsard  Machine: bc21116.int.ets1.calculquebec.ca  Platform: Linux  PlatformVersion: 3.10.0-1160.90.1.el7.x86_64  CompilerName: GCC  CompilerVersion: 4.8.5
ProgramName: mris_topo_fixer  ProgramArguments: mris_topo_fixer -all-info  ProgramVersion: 7.4.1  TimeStamp: 2023/10/05-11:18:54-GMT  BuildTime: Jun 13 2023 22:52:23  BuildStamp: freesurfer-linux-centos7_x86_64-7.4.1-20230613-7eb8460  User: bpinsard  Machine: bc21116.int.ets1.calculquebec.ca  Platform: Linux  PlatformVersion: 3.10.0-1160.90.1.el7.x86_64  CompilerName: GCC  CompilerVersion: 4.8.5
ProgramName: mri_surf2surf  ProgramArguments: mri_surf2surf -all-info  ProgramVersion: 7.4.1  TimeStamp: 2023/10/05-11:18:54-GMT  BuildTime: Jun 13 2023 22:52:23  BuildStamp: freesurfer-linux-centos7_x86_64-7.4.1-20230613-7eb8460  User: bpinsard  Machine: bc21116.int.ets1.calculquebec.ca  Platform: Linux  PlatformVersion: 3.10.0-1160.90.1.el7.x86_64  CompilerName: GCC  CompilerVersion: 4.8.5
ProgramName: mri_surf2vol  ProgramArguments: mri_surf2vol -all-info  ProgramVersion: 7.4.1  TimeStamp: 2023/10/05-11:18:54-GMT  BuildTime: Jun 13 2023 22:52:23  BuildStamp: freesurfer-linux-centos7_x86_64-7.4.1-20230613-7eb8460  User: bpinsard  Machine: bc21116.int.ets1.calculquebec.ca  Platform: Linux  PlatformVersion: 3.10.0-1160.90.1.el7.x86_64  CompilerName: GCC  CompilerVersion: 4.8.5
ProgramName: mri_surfcluster  ProgramArguments: mri_surfcluster -all-info  ProgramVersion: 7.4.1  TimeStamp: 2023/10/05-11:18:54-GMT  BuildTime: Jun 13 2023 22:52:23  BuildStamp: freesurfer-linux-centos7_x86_64-7.4.1-20230613-7eb8460  User: bpinsard  Machine: bc21116.int.ets1.calculquebec.ca  Platform: Linux  PlatformVersion: 3.10.0-1160.90.1.el7.x86_64  CompilerName: GCC  CompilerVersion: 4.8.5
ProgramName: mris_volmask  ProgramArguments: mris_volmask -all-info  ProgramVersion: 7.4.1  TimeStamp: 2023/10/05-11:18:55-GMT  BuildTime: Jun 13 2023 22:52:23  BuildStamp: freesurfer-linux-centos7_x86_64-7.4.1-20230613-7eb8460  User: bpinsard  Machine: bc21116.int.ets1.calculquebec.ca  Platform: Linux  PlatformVersion: 3.10.0-1160.90.1.el7.x86_64  CompilerName: GCC  CompilerVersion: 4.8.5
ProgramName: mri_tessellate  ProgramArguments: mri_tessellate -all-info  ProgramVersion: 7.4.1  TimeStamp: 2023/10/05-11:18:55-GMT  BuildTime: Jun 13 2023 22:52:23  BuildStamp: freesurfer-linux-centos7_x86_64-7.4.1-20230613-7eb8460  User: bpinsard  Machine: bc21116.int.ets1.calculquebec.ca  Platform: Linux  PlatformVersion: 3.10.0-1160.90.1.el7.x86_64  CompilerName: GCC  CompilerVersion: 4.8.5
ProgramName: mri_vol2surf  ProgramArguments: mri_vol2surf -all-info  ProgramVersion: 7.4.1  TimeStamp: 2023/10/05-11:18:55-GMT  BuildTime: Jun 13 2023 22:52:23  BuildStamp: freesurfer-linux-centos7_x86_64-7.4.1-20230613-7eb8460  User: bpinsard  Machine: bc21116.int.ets1.calculquebec.ca  Platform: Linux  PlatformVersion: 3.10.0-1160.90.1.el7.x86_64  CompilerName: GCC  CompilerVersion: 4.8.5
ProgramName: mri_vol2vol  ProgramArguments: mri_vol2vol -all-info  ProgramVersion: 7.4.1  TimeStamp: 2023/10/05-11:18:55-GMT  BuildTime: Jun 13 2023 22:52:23  BuildStamp: freesurfer-linux-centos7_x86_64-7.4.1-20230613-7eb8460  User: bpinsard  Machine: bc21116.int.ets1.calculquebec.ca  Platform: Linux  PlatformVersion: 3.10.0-1160.90.1.el7.x86_64  CompilerName: GCC  CompilerVersion: 4.8.5
ProgramName: mri_voldiff  ProgramArguments: mri_voldiff -all-info  ProgramVersion: 7.4.1  TimeStamp: 2023/10/05-11:18:55-GMT  BuildTime: Jun 13 2023 22:52:23  BuildStamp: freesurfer-linux-centos7_x86_64-7.4.1-20230613-7eb8460  User: bpinsard  Machine: bc21116.int.ets1.calculquebec.ca  Platform: Linux  PlatformVersion: 3.10.0-1160.90.1.el7.x86_64  CompilerName: GCC  CompilerVersion: 4.8.5
ProgramName: mri_watershed  ProgramArguments: mri_watershed -all-info  ProgramVersion: 7.4.1  TimeStamp: 2023/10/05-11:18:55-GMT  BuildTime: Jun 13 2023 22:52:23  BuildStamp: freesurfer-linux-centos7_x86_64-7.4.1-20230613-7eb8460  User: bpinsard  Machine: bc21116.int.ets1.calculquebec.ca  Platform: Linux  PlatformVersion: 3.10.0-1160.90.1.el7.x86_64  CompilerName: GCC  CompilerVersion: 4.8.5
ProgramName: tkregister2  ProgramArguments: tkregister2_cmdl -all-info  ProgramVersion: 7.4.1  TimeStamp: 2023/10/05-11:18:55-GMT  BuildTime: Jun 13 2023 22:52:23  BuildStamp: freesurfer-linux-centos7_x86_64-7.4.1-20230613-7eb8460  User: bpinsard  Machine: bc21116.int.ets1.calculquebec.ca  Platform: Linux  PlatformVersion: 3.10.0-1160.90.1.el7.x86_64  CompilerName: GCC  CompilerVersion: 4.8.5
mri_motion_correct.fsl 7.4.1
mri_convert -all-info 
ProgramName: mri_convert  ProgramArguments: mri_convert -all-info  ProgramVersion: 7.4.1  TimeStamp: 2023/10/05-11:18:55-GMT  BuildTime: Jun 13 2023 22:52:23  BuildStamp: freesurfer-linux-centos7_x86_64-7.4.1-20230613-7eb8460  User: bpinsard  Machine: bc21116.int.ets1.calculquebec.ca  Platform: Linux  PlatformVersion: 3.10.0-1160.90.1.el7.x86_64  CompilerName: GCC  CompilerVersion: 4.8.5
Program nu_correct, built from:
Package MNI N3, version 1.12.0, compiled by nicks@terrier (x86_64-unknown-linux-gnu) on 2015-06-19 at 01:25:34
#######################################
GCADIR /opt/freesurfer/average
GCA RB_all_2020-01-02.gca
GCASkull RB_all_withskull_2020_01_02.gca
AvgCurvTif folding.atlas.acfb40.noaparc.i12.2016-08-02.tif
GCSDIR /opt/freesurfer/average
GCS DKaparc.atlas.acfb40.noaparc.i12.2016-08-02.gcs
#######################################
/localscratch/bpinsard.41394413.0/freesurfer_crosssectional_autorecon1smriprep_skullstripautorecon2autorecon3_sub01_ses002.job/sub-01_ses-002

 mri_convert /localscratch/bpinsard.41394413.0/freesurfer_crosssectional_autorecon1smriprep_skullstripautorecon2autorecon3_sub01_ses002.job/sourcedata/cneuromod.anat.gradcorrect/sub-01/ses-002/anat/sub-01_ses-002_T1w.nii.gz /localscratch/bpinsard.41394413.0/freesurfer_crosssectional_autorecon1smriprep_skullstripautorecon2autorecon3_sub01_ses002.job/sub-01_ses-002/mri/orig/001.mgz 

mri_convert /localscratch/bpinsard.41394413.0/freesurfer_crosssectional_autorecon1smriprep_skullstripautorecon2autorecon3_sub01_ses002.job/sourcedata/cneuromod.anat.gradcorrect/sub-01/ses-002/anat/sub-01_ses-002_T1w.nii.gz /localscratch/bpinsard.41394413.0/freesurfer_crosssectional_autorecon1smriprep_skullstripautorecon2autorecon3_sub01_ses002.job/sub-01_ses-002/mri/orig/001.mgz 
reading from /localscratch/bpinsard.41394413.0/freesurfer_crosssectional_autorecon1smriprep_skullstripautorecon2autorecon3_sub01_ses002.job/sourcedata/cneuromod.anat.gradcorrect/sub-01/ses-002/anat/sub-01_ses-002_T1w.nii.gz...
TR=0.00, TE=0.00, TI=0.00, flip angle=0.00
i_ras = (1, 0, 0)
j_ras = (0, 1, 0)
k_ras = (0, 0, 1)
writing to /localscratch/bpinsard.41394413.0/freesurfer_crosssectional_autorecon1smriprep_skullstripautorecon2autorecon3_sub01_ses002.job/sub-01_ses-002/mri/orig/001.mgz...
#--------------------------------------------
#@# MotionCor Thu Oct  5 11:19:02 UTC 2023
Found 1 runs
/localscratch/bpinsard.41394413.0/freesurfer_crosssectional_autorecon1smriprep_skullstripautorecon2autorecon3_sub01_ses002.job/sub-01_ses-002/mri/orig/001.mgz
Checking for (invalid) multi-frame inputs...
Only one run found so motion
correction will not be performed. I'll
copy the run to rawavg and continue.

 cp /localscratch/bpinsard.41394413.0/freesurfer_crosssectional_autorecon1smriprep_skullstripautorecon2autorecon3_sub01_ses002.job/sub-01_ses-002/mri/orig/001.mgz /localscratch/bpinsard.41394413.0/freesurfer_crosssectional_autorecon1smriprep_skullstripautorecon2autorecon3_sub01_ses002.job/sub-01_ses-002/mri/rawavg.mgz 


 mri_info /localscratch/bpinsard.41394413.0/freesurfer_crosssectional_autorecon1smriprep_skullstripautorecon2autorecon3_sub01_ses002.job/sub-01_ses-002/mri/rawavg.mgz 

rawavg.mgz ========================================
Volume information for /localscratch/bpinsard.41394413.0/freesurfer_crosssectional_autorecon1smriprep_skullstripautorecon2autorecon3_sub01_ses002.job/sub-01_ses-002/mri/rawavg.mgz
          type: MGH
    dimensions: 208 x 300 x 320
   voxel sizes: 0.799995, 0.800000, 0.800000
          type: FLOAT (3)
           fov: 256.000
           dof: 1
        xstart: -83.2, xend: 83.2
        ystart: -120.0, yend: 120.0
        zstart: -128.0, zend: 128.0
            TR: 0.00 msec, TE: 0.00 msec, TI: 0.00 msec, flip angle: 0.00 degrees
       nframes: 1
       PhEncDir: UNKNOWN
       FieldStrength: 0.000000
ras xform present
    xform info: x_r =   1.0000, y_r =   0.0000, z_r =   0.0000, c_r =     1.6053
              : x_a =   0.0000, y_a =   1.0000, z_a =   0.0000, c_a =    25.9326
              : x_s =   0.0000, y_s =   0.0000, z_s =   1.0000, c_s =   -11.4960

talairach xfm : 
Orientation   : RAS
Primary Slice Direction: axial

voxel to ras transform:
                0.8000   0.0000   0.0000   -81.5942
                0.0000   0.8000   0.0000   -94.0674
                0.0000   0.0000   0.8000  -139.4960
                0.0000   0.0000   0.0000     1.0000

voxel-to-ras determinant 0.511997

ras to voxel transform:
                1.2500   0.0000   0.0000   101.9934
                0.0000   1.2500   0.0000   117.5843
                0.0000   0.0000   1.2500   174.3699
                0.0000   0.0000   0.0000     1.0000
/localscratch/bpinsard.41394413.0/freesurfer_crosssectional_autorecon1smriprep_skullstripautorecon2autorecon3_sub01_ses002.job/sub-01_ses-002

 mri_convert /localscratch/bpinsard.41394413.0/freesurfer_crosssectional_autorecon1smriprep_skullstripautorecon2autorecon3_sub01_ses002.job/sub-01_ses-002/mri/rawavg.mgz /localscratch/bpinsard.41394413.0/freesurfer_crosssectional_autorecon1smriprep_skullstripautorecon2autorecon3_sub01_ses002.job/sub-01_ses-002/mri/orig.mgz --conform_min 

mri_convert /localscratch/bpinsard.41394413.0/freesurfer_crosssectional_autorecon1smriprep_skullstripautorecon2autorecon3_sub01_ses002.job/sub-01_ses-002/mri/rawavg.mgz /localscratch/bpinsard.41394413.0/freesurfer_crosssectional_autorecon1smriprep_skullstripautorecon2autorecon3_sub01_ses002.job/sub-01_ses-002/mri/orig.mgz --conform_min 
reading from /localscratch/bpinsard.41394413.0/freesurfer_crosssectional_autorecon1smriprep_skullstripautorecon2autorecon3_sub01_ses002.job/sub-01_ses-002/mri/rawavg.mgz...
TR=0.00, TE=0.00, TI=0.00, flip angle=0.00
i_ras = (1, 0, 0)
j_ras = (0, 1, 0)
k_ras = (0, 0, 1)
changing data type from float to uchar (noscale = 0)...
MRIchangeType: Building histogram 0 19051.8 1000, flo=0, fhi=0.999, dest_type=0
Reslicing using trilinear interpolation 
writing to /localscratch/bpinsard.41394413.0/freesurfer_crosssectional_autorecon1smriprep_skullstripautorecon2autorecon3_sub01_ses002.job/sub-01_ses-002/mri/orig.mgz...

 mri_add_xform_to_header -c /localscratch/bpinsard.41394413.0/freesurfer_crosssectional_autorecon1smriprep_skullstripautorecon2autorecon3_sub01_ses002.job/sub-01_ses-002/mri/transforms/talairach.xfm /localscratch/bpinsard.41394413.0/freesurfer_crosssectional_autorecon1smriprep_skullstripautorecon2autorecon3_sub01_ses002.job/sub-01_ses-002/mri/orig.mgz /localscratch/bpinsard.41394413.0/freesurfer_crosssectional_autorecon1smriprep_skullstripautorecon2autorecon3_sub01_ses002.job/sub-01_ses-002/mri/orig.mgz 

INFO: extension is mgz

 mri_info /localscratch/bpinsard.41394413.0/freesurfer_crosssectional_autorecon1smriprep_skullstripautorecon2autorecon3_sub01_ses002.job/sub-01_ses-002/mri/orig.mgz 

orig.mgz ========================================
Volume information for /localscratch/bpinsard.41394413.0/freesurfer_crosssectional_autorecon1smriprep_skullstripautorecon2autorecon3_sub01_ses002.job/sub-01_ses-002/mri/orig.mgz
          type: MGH
    dimensions: 320 x 320 x 320
   voxel sizes: 0.799995, 0.799995, 0.799995
          type: UCHAR (0)
           fov: 255.999
           dof: 1
        xstart: -128.0, xend: 128.0
        ystart: -128.0, yend: 128.0
        zstart: -128.0, zend: 128.0
            TR: 0.00 msec, TE: 0.00 msec, TI: 0.00 msec, flip angle: 0.00 degrees
       nframes: 1
       PhEncDir: UNKNOWN
       FieldStrength: 0.000000
ras xform present
    xform info: x_r =  -1.0000, y_r =   0.0000, z_r =   0.0000, c_r =     1.6053
              : x_a =   0.0000, y_a =   0.0000, z_a =   1.0000, c_a =    25.9326
              : x_s =   0.0000, y_s =  -1.0000, z_s =   0.0000, c_s =   -11.4960

talairach xfm : /localscratch/bpinsard.41394413.0/freesurfer_crosssectional_autorecon1smriprep_skullstripautorecon2autorecon3_sub01_ses002.job/sub-01_ses-002/mri/transforms/talairach.xfm
Orientation   : LIA
Primary Slice Direction: coronal

voxel to ras transform:
               -0.8000   0.0000   0.0000   129.6046
                0.0000   0.0000   0.8000  -102.0667
                0.0000  -0.8000   0.0000   116.5033
                0.0000   0.0000   0.0000     1.0000

voxel-to-ras determinant -0.511991

ras to voxel transform:
               -1.2500  -0.0000  -0.0000   162.0066
               -0.0000  -0.0000  -1.2500   145.6300
               -0.0000   1.2500  -0.0000   127.5841
               -0.0000  -0.0000  -0.0000     1.0000
#--------------------------------------------
#@# Talairach Thu Oct  5 11:19:20 UTC 2023
/localscratch/bpinsard.41394413.0/freesurfer_crosssectional_autorecon1smriprep_skullstripautorecon2autorecon3_sub01_ses002.job/sub-01_ses-002/mri

 mri_nu_correct.mni --no-rescale --i orig.mgz --o orig_nu.mgz --ants-n4 --n 1 --proto-iters 1000 --distance 50 

/usr/bin/bc
/localscratch/bpinsard.41394413.0/freesurfer_crosssectional_autorecon1smriprep_skullstripautorecon2autorecon3_sub01_ses002.job/sub-01_ses-002/mri
/opt/freesurfer/bin/mri_nu_correct.mni
--no-rescale --i orig.mgz --o orig_nu.mgz --ants-n4 --n 1 --proto-iters 1000 --distance 50
nIters 1
mri_nu_correct.mni 7.4.1
Linux bc21116.int.ets1.calculquebec.ca 3.10.0-1160.90.1.el7.x86_64 #1 SMP Thu May 4 15:21:22 UTC 2023 x86_64 x86_64 x86_64 GNU/Linux
Thu Oct  5 11:19:20 UTC 2023
tmpdir is ./tmp.mri_nu_correct.mni.1669
cd /localscratch/bpinsard.41394413.0/freesurfer_crosssectional_autorecon1smriprep_skullstripautorecon2autorecon3_sub01_ses002.job/sub-01_ses-002/mri
AntsN4BiasFieldCorrectionFs -i orig.mgz -o ./tmp.mri_nu_correct.mni.1669/nu0.mgz --dtype uchar
AntsN4BiasFieldCorrectionFs done
mri_convert ./tmp.mri_nu_correct.mni.1669/nu0.mgz orig_nu.mgz --like orig.mgz --conform
mri_convert ./tmp.mri_nu_correct.mni.1669/nu0.mgz orig_nu.mgz --like orig.mgz --conform 
reading from ./tmp.mri_nu_correct.mni.1669/nu0.mgz...
TR=0.00, TE=0.00, TI=0.00, flip angle=0.00
i_ras = (-1, 0, 0)
j_ras = (0, 0, -1)
k_ras = (0, 1, 0)
INFO: transform src into the like-volume: orig.mgz
writing to orig_nu.mgz...
 
 
Thu Oct  5 11:28:10 UTC 2023
mri_nu_correct.mni done

 talairach_avi --i orig_nu.mgz --xfm transforms/talairach.auto.xfm --atlas 3T18yoSchwartzReactN32_as_orig 

talairach_avi log file is transforms/talairach_avi.log...
mv -f /localscratch/bpinsard.41394413.0/freesurfer_crosssectional_autorecon1smriprep_skullstripautorecon2autorecon3_sub01_ses002.job/sub-01_ses-002/mri/talsrcimg_to_3T18yoSchwartzReactN32_as_orig_t4_vox2vox.txt /localscratch/bpinsard.41394413.0/freesurfer_crosssectional_autorecon1smriprep_skullstripautorecon2autorecon3_sub01_ses002.job/sub-01_ses-002/mri/transforms/talsrcimg_to_3T18yoSchwartzReactN32_as_orig_t4_vox2vox.txt
Started at Thu Oct 5 11:28:10 UTC 2023
Ended   at Thu Oct  5 11:28:58 UTC 2023
talairach_avi done

 cp transforms/talairach.auto.xfm transforms/talairach.xfm 

lta_convert --src orig.mgz --trg /opt/freesurfer/average/mni305.cor.mgz --inxfm transforms/talairach.xfm --outlta transforms/talairach.xfm.lta --subject fsaverage --ltavox2vox
7.4.1

--src: orig.mgz src image (geometry).
--trg: /opt/freesurfer/average/mni305.cor.mgz trg image (geometry).
--inmni: transforms/talairach.xfm input MNI/XFM transform.
--outlta: transforms/talairach.xfm.lta output LTA.
--s: fsaverage subject name
--ltavox2vox: output LTA as VOX_TO_VOX transform.
 LTA read, type : 1
 1.03943   0.04454  -0.04543  -1.16581;
-0.07190   1.01147   0.02240  -33.84949;
 0.03878  -0.07822   1.15929  -19.57405;
 0.00000   0.00000   0.00000   1.00000;
setting subject to fsaverage
Writing  LTA to file transforms/talairach.xfm.lta...
lta_convert successful.
#--------------------------------------------
#@# Talairach Failure Detection Thu Oct  5 11:29:00 UTC 2023
/localscratch/bpinsard.41394413.0/freesurfer_crosssectional_autorecon1smriprep_skullstripautorecon2autorecon3_sub01_ses002.job/sub-01_ses-002/mri

 talairach_afd -T 0.005 -xfm transforms/talairach.xfm 

talairach_afd: Talairach Transform: transforms/talairach.xfm OK (p=0.7231, pval=0.4932 >= threshold=0.0050)

 awk -f /opt/freesurfer/bin/extract_talairach_avi_QA.awk /localscratch/bpinsard.41394413.0/freesurfer_crosssectional_autorecon1smriprep_skullstripautorecon2autorecon3_sub01_ses002.job/sub-01_ses-002/mri/transforms/talairach_avi.log 


 tal_QC_AZS /localscratch/bpinsard.41394413.0/freesurfer_crosssectional_autorecon1smriprep_skullstripautorecon2autorecon3_sub01_ses002.job/sub-01_ses-002/mri/transforms/talairach_avi.log 

TalAviQA: 0.93319
z-score: -10
WARNING: Talairach QA check failed!
z-score of -10 is <= threshold of -9


Manual Talairach alignment may be necessary, or
include the -notal-check flag to skip this test,
making sure the -notal-check flag follows -all
or -autorecon1 in the command string.
See:

http://surfer.nmr.mgh.harvard.edu/fswiki/FsTutorial/Talairach

INFO: Trying MINC mritotal to perform Talairach align...

#--------------------------------------------
#@# Talairach Thu Oct  5 11:29:00 UTC 2023
/localscratch/bpinsard.41394413.0/freesurfer_crosssectional_autorecon1smriprep_skullstripautorecon2autorecon3_sub01_ses002.job/sub-01_ses-002/mri

 mri_nu_correct.mni --no-rescale --i orig.mgz --o orig_nu.mgz --ants-n4 --n 1 --proto-iters 1000 --distance 50 

/usr/bin/bc
/localscratch/bpinsard.41394413.0/freesurfer_crosssectional_autorecon1smriprep_skullstripautorecon2autorecon3_sub01_ses002.job/sub-01_ses-002/mri
/opt/freesurfer/bin/mri_nu_correct.mni
--no-rescale --i orig.mgz --o orig_nu.mgz --ants-n4 --n 1 --proto-iters 1000 --distance 50
nIters 1
mri_nu_correct.mni 7.4.1
Linux bc21116.int.ets1.calculquebec.ca 3.10.0-1160.90.1.el7.x86_64 #1 SMP Thu May 4 15:21:22 UTC 2023 x86_64 x86_64 x86_64 GNU/Linux
Thu Oct  5 11:29:00 UTC 2023
tmpdir is ./tmp.mri_nu_correct.mni.29610
cd /localscratch/bpinsard.41394413.0/freesurfer_crosssectional_autorecon1smriprep_skullstripautorecon2autorecon3_sub01_ses002.job/sub-01_ses-002/mri
AntsN4BiasFieldCorrectionFs -i orig.mgz -o ./tmp.mri_nu_correct.mni.29610/nu0.mgz --dtype uchar
AntsN4BiasFieldCorrectionFs done
mri_convert ./tmp.mri_nu_correct.mni.29610/nu0.mgz orig_nu.mgz --like orig.mgz --conform
mri_convert ./tmp.mri_nu_correct.mni.29610/nu0.mgz orig_nu.mgz --like orig.mgz --conform 
reading from ./tmp.mri_nu_correct.mni.29610/nu0.mgz...
TR=0.00, TE=0.00, TI=0.00, flip angle=0.00
i_ras = (-1, 0, 0)
j_ras = (0, 0, -1)
k_ras = (0, 1, 0)
INFO: transform src into the like-volume: orig.mgz
writing to orig_nu.mgz...
 
 
Thu Oct  5 11:37:50 UTC 2023
mri_nu_correct.mni done

 talairach --i orig_nu.mgz --xfm transforms/talairach.auto.xfm 

/localscratch/bpinsard.41394413.0/freesurfer_crosssectional_autorecon1smriprep_skullstripautorecon2autorecon3_sub01_ses002.job/sub-01_ses-002/mri
/opt/freesurfer/bin/talairach
--i orig_nu.mgz --xfm transforms/talairach.auto.xfm
talairach 7.4.1
Linux bc21116.int.ets1.calculquebec.ca 3.10.0-1160.90.1.el7.x86_64 #1 SMP Thu May 4 15:21:22 UTC 2023 x86_64 x86_64 x86_64 GNU/Linux
Thu Oct  5 11:37:50 UTC 2023
tmpdir is transforms/tmp.talairach.35992
/localscratch/bpinsard.41394413.0/freesurfer_crosssectional_autorecon1smriprep_skullstripautorecon2autorecon3_sub01_ses002.job/sub-01_ses-002/mri
mri_convert orig_nu.mgz transforms/tmp.talairach.35992/src.mnc
mri_convert orig_nu.mgz transforms/tmp.talairach.35992/src.mnc 
reading from orig_nu.mgz...
TR=0.00, TE=0.00, TI=0.00, flip angle=0.00
i_ras = (-1, 0, 0)
j_ras = (0, 0, -1)
k_ras = (0, 1, 0)
writing to transforms/tmp.talairach.35992/src.mnc...
--------------------------------------------
mritotal -verbose -debug -clobber -modeldir /opt/freesurfer/mni/bin/../share/mni_autoreg -protocol icbm transforms/tmp.talairach.35992/src.mnc transforms/talairach.auto.xfm
Transforming slices:.................................................................................................................................................................Done
Copying chunks:............................................................................................................................................................................................Done.
Copying chunks:........................................................................................................................................Done.
Transforming slices:............................................................................................................................................................................................Done
Copying chunks:....................................................................................................................................................Done.
Copying chunks:....................................................................................................................................................Done.
Source volume size:  97  by 135  by 136 
Source voxel size =    1.600    1.600    1.600
Source min/max real range =   -0.000   69.608
Source min/max voxel=   -0.000   69.608

Target volume size:  58  by 110  by 86 
Target voxel =    2.000    2.000    2.000
Target min/max real range=    0.970  123.710
Target min/max voxel =   -0.000  123.710


AFTER init_params()
Transform matrix    =    1.0000    0.0000    0.0000   -0.2331 
                         0.0000    1.0000    0.0000  -33.3593 
                         0.0000    0.0000    1.0000   22.8770 

Transform center   =    0.561   15.768  -13.423
Transform rotations  =    0.000    0.000    0.000
Transform trans    =   -0.233  -33.359   22.877
Transform scale    =    1.000    1.000    1.000
Transform shear    =    0.000    0.000    0.000

Target volume is smallest
Lattice step size  =    4.000    4.000    4.000
Lattice start      =  -85.095 -125.510  -47.250
Lattice count      =       43       55       29

Source volume size: 109  by 147  by 148 
Source voxel size =    1.600    1.600    1.600
Source min/max real range =   -0.000   88.558
Source min/max voxel=   -0.000   93.316

Target volume size:  68  by 110  by 86 
Target voxel =    2.000    2.000    2.000
Target min/max real range=   -0.000  144.070
Target min/max voxel =   -0.000  144.070


AFTER init_params()
Transform matrix    =    0.9841   -0.0299   -0.1230    2.0205 
                         0.0609    0.9570    0.2549  -28.9445 
                         0.1110   -0.2604    0.9510  -15.1675 

Transform center   =    0.561   15.768  -13.423
Transform rotations  =   -0.267   -0.112    0.062
Transform trans    =    3.191  -33.011  -18.553
Transform scale    =    0.992    0.992    0.992
Transform shear    =   -0.000   -0.000   -0.000

Target volume is smallest
Lattice step size  =    4.000    4.000    4.000
Lattice start      =  -85.095 -125.510  -57.250
Lattice count      =       43       55       34

Source volume size: 109  by 147  by 148 
Source voxel size =    1.600    1.600    1.600
Source min/max real range =    0.011   11.870
Source min/max voxel=    0.011   13.227

Target volume size:  68  by 110  by 86 
Target voxel =    2.000    2.000    2.000
Target min/max real range=    0.037   11.652
Target min/max voxel =    0.037   11.652


AFTER init_params()
Transform matrix    =    1.0381    0.0377   -0.0568   -0.1959 
                        -0.0264    1.0212    0.1967  -34.9836 
                         0.0628   -0.1948    1.0200  -13.8297 

Transform center   =    0.561   15.768  -13.423
Transform rotations  =   -0.189   -0.060   -0.025
Transform trans    =    1.182  -37.304  -17.135
Transform scale    =    1.040    1.040    1.040
Transform shear    =   -0.000    0.000   -0.000

Target volume is smallest
Lattice step size  =    4.000    4.000    4.000
Lattice start      =  -65.095 -105.510  -57.250
Lattice count      =       35       46       34

Source volume size: 109  by 147  by 148 
Source voxel size =    1.600    1.600    1.600
Source min/max real range =    0.011   11.870
Source min/max voxel=    0.011   13.227

Target volume size:  68  by 110  by 86 
Target voxel =    2.000    2.000    2.000
Target min/max real range=    0.037   11.652
Target min/max voxel =    0.037   11.652


AFTER init_params()
Transform matrix    =    1.0931    0.0651   -0.0182   -3.1236 
                        -0.0636    1.0904    0.0802  -38.4755 
                         0.0228   -0.0790    1.0921  -16.5054 

Transform center   =    0.561   15.768  -13.423
Transform rotations  =   -0.072   -0.021   -0.058
Transform trans    =   -1.800  -38.161  -18.974
Transform scale    =    1.095    1.095    1.095
Transform shear    =   -0.000   -0.000    0.000

Target volume is smallest
Lattice step size  =    4.000    4.000    4.000
Lattice start      =  -65.095 -105.510  -57.250
Lattice count      =       35       46       34

Source volume size: 109  by 147  by 148 
Source voxel size =    1.600    1.600    1.600
Source min/max real range =    0.011   11.870
Source min/max voxel=    0.011   13.227

Target volume size:  68  by 110  by 86 
Target voxel =    2.000    2.000    2.000
Target min/max real range=    0.037   11.652
Target min/max voxel =    0.037   11.652


AFTER init_params()
Transform matrix    =    1.0429    0.0416   -0.0193   -2.1287 
                        -0.0407    1.0571    0.0809  -36.5965 
                         0.0255   -0.0897    1.1854  -18.9577 

Transform center   =    0.561   15.768  -13.423
Transform rotations  =   -0.076   -0.021   -0.038
Transform trans    =   -1.189  -36.805  -22.847
Transform scale    =    1.044    1.061    1.189
Transform shear    =   -0.000    0.000    0.000

Target volume is smallest
Lattice step size  =    4.000    4.000    4.000
Lattice start      =  -65.095 -105.510  -57.250
Lattice count      =       35       46       34

Source volume size: 109  by 147  by 148 
Source voxel size =    1.600    1.600    1.600
Source min/max real range =    0.011   11.870
Source min/max voxel=    0.011   13.227

Target volume size:  68  by 110  by 86 
Target voxel =    2.000    2.000    2.000
Target min/max real range=    0.037   11.652
Target min/max voxel =    0.037   11.652


AFTER init_params()
Transform matrix    =    1.0396    0.0412   -0.0214   -2.2064 
                        -0.0404    1.0537    0.0674  -36.3072 
                         0.0275   -0.0749    1.1871  -19.1457 

Transform center   =    0.561   15.768  -13.423
Transform rotations  =   -0.063   -0.023   -0.038
Transform trans    =   -1.246  -36.388  -22.823
Transform scale    =    1.041    1.057    1.190
Transform shear    =   -0.000   -0.000    0.000

Target volume is smallest
Lattice step size  =    4.000    4.000    4.000
Lattice start      =  -65.095 -105.510  -57.250
Lattice count      =       35       46       34

lta_convert --src orig_nu.mgz --trg /opt/freesurfer/mni/bin/../share/mni_autoreg/average_305.mnc --inxfm transforms/talairach.auto.xfm --outlta transforms/talairach.auto.xfm.lta --subject fsaverage
 
 
Thu Oct  5 11:38:06 UTC 2023
talairach done

 cp transforms/talairach.auto.xfm transforms/talairach.xfm 

lta_convert --src orig.mgz --trg /opt/freesurfer/average/mni305.cor.mgz --inxfm transforms/talairach.xfm --outlta transforms/talairach.xfm.lta --subject fsaverage --ltavox2vox
7.4.1

--src: orig.mgz src image (geometry).
--trg: /opt/freesurfer/average/mni305.cor.mgz trg image (geometry).
--inmni: transforms/talairach.xfm input MNI/XFM transform.
--outlta: transforms/talairach.xfm.lta output LTA.
--s: fsaverage subject name
--ltavox2vox: output LTA as VOX_TO_VOX transform.
 LTA read, type : 1
 1.04543   0.04142  -0.02006  -2.35308;
-0.04034   1.05536   0.07656  -36.44900;
 0.02618  -0.08520   1.18826  -19.23824;
 0.00000   0.00000   0.00000   1.00000;
setting subject to fsaverage
Writing  LTA to file transforms/talairach.xfm.lta...
lta_convert successful.
#--------------------------------------------
#@# Talairach Failure Detection Thu Oct  5 11:38:09 UTC 2023
/localscratch/bpinsard.41394413.0/freesurfer_crosssectional_autorecon1smriprep_skullstripautorecon2autorecon3_sub01_ses002.job/sub-01_ses-002/mri

 talairach_afd -T 0.005 -xfm transforms/talairach.xfm 

talairach_afd: Talairach Transform: transforms/talairach.xfm OK (p=0.7852, pval=0.8469 >= threshold=0.0050)
#--------------------------------------------
#@# Nu Intensity Correction Thu Oct  5 11:38:09 UTC 2023

 mri_nu_correct.mni --i orig.mgz --o nu.mgz --uchar transforms/talairach.xfm --cm --proto-iters 1000 --distance 50 --n 1 --ants-n4 

/usr/bin/bc
/localscratch/bpinsard.41394413.0/freesurfer_crosssectional_autorecon1smriprep_skullstripautorecon2autorecon3_sub01_ses002.job/sub-01_ses-002/mri
/opt/freesurfer/bin/mri_nu_correct.mni
--i orig.mgz --o nu.mgz --uchar transforms/talairach.xfm --cm --proto-iters 1000 --distance 50 --n 1 --ants-n4
nIters 1
mri_nu_correct.mni 7.4.1
Linux bc21116.int.ets1.calculquebec.ca 3.10.0-1160.90.1.el7.x86_64 #1 SMP Thu May 4 15:21:22 UTC 2023 x86_64 x86_64 x86_64 GNU/Linux
Thu Oct  5 11:38:09 UTC 2023
tmpdir is ./tmp.mri_nu_correct.mni.36269
cd /localscratch/bpinsard.41394413.0/freesurfer_crosssectional_autorecon1smriprep_skullstripautorecon2autorecon3_sub01_ses002.job/sub-01_ses-002/mri
AntsN4BiasFieldCorrectionFs -i orig.mgz -o ./tmp.mri_nu_correct.mni.36269/nu0.mgz --dtype uchar
AntsN4BiasFieldCorrectionFs done
mri_binarize --i ./tmp.mri_nu_correct.mni.36269/nu0.mgz --min -1 --o ./tmp.mri_nu_correct.mni.36269/ones.mgz

7.4.1
cwd /localscratch/bpinsard.41394413.0/freesurfer_crosssectional_autorecon1smriprep_skullstripautorecon2autorecon3_sub01_ses002.job/sub-01_ses-002/mri
cmdline mri_binarize --i ./tmp.mri_nu_correct.mni.36269/nu0.mgz --min -1 --o ./tmp.mri_nu_correct.mni.36269/ones.mgz 
sysname  Linux
hostname bc21116.int.ets1.calculquebec.ca
machine  x86_64
user     bpinsard

input      ./tmp.mri_nu_correct.mni.36269/nu0.mgz
frame      0
nErode3d   0
nErode2d   0
output     ./tmp.mri_nu_correct.mni.36269/ones.mgz
Binarizing based on threshold
min        -1
max        +infinity
binval        1
binvalnot     0
fstart = 0, fend = 0, nframes = 1
Starting parallel 1
Found 32768000 values in range
Counting number of voxels in first frame
Found 32767999 voxels in final mask
Writing output to ./tmp.mri_nu_correct.mni.36269/ones.mgz
Count: 32767999 16776927.222384 32768000 99.999997
mri_binarize done
mri_segstats --id 1 --seg ./tmp.mri_nu_correct.mni.36269/ones.mgz --i orig.mgz --sum ./tmp.mri_nu_correct.mni.36269/sum.junk --avgwf ./tmp.mri_nu_correct.mni.36269/input.mean.dat

7.4.1
cwd 
cmdline mri_segstats --id 1 --seg ./tmp.mri_nu_correct.mni.36269/ones.mgz --i orig.mgz --sum ./tmp.mri_nu_correct.mni.36269/sum.junk --avgwf ./tmp.mri_nu_correct.mni.36269/input.mean.dat 
sysname  Linux
hostname bc21116.int.ets1.calculquebec.ca
machine  x86_64
user     bpinsard
whitesurfname  white
UseRobust  0
Loading ./tmp.mri_nu_correct.mni.36269/ones.mgz
Loading orig.mgz
Voxel Volume is 0.511991 mm^3
Generating list of segmentation ids
Found   1 segmentations
Computing statistics for each segmentation

Reporting on   1 segmentations
Using PrintSegStat
Computing spatial average of each frame

Writing to ./tmp.mri_nu_correct.mni.36269/input.mean.dat
mri_segstats done
mri_segstats --id 1 --seg ./tmp.mri_nu_correct.mni.36269/ones.mgz --i ./tmp.mri_nu_correct.mni.36269/nu0.mgz --sum ./tmp.mri_nu_correct.mni.36269/sum.junk --avgwf ./tmp.mri_nu_correct.mni.36269/output.mean.dat

7.4.1
cwd 
cmdline mri_segstats --id 1 --seg ./tmp.mri_nu_correct.mni.36269/ones.mgz --i ./tmp.mri_nu_correct.mni.36269/nu0.mgz --sum ./tmp.mri_nu_correct.mni.36269/sum.junk --avgwf ./tmp.mri_nu_correct.mni.36269/output.mean.dat 
sysname  Linux
hostname bc21116.int.ets1.calculquebec.ca
machine  x86_64
user     bpinsard
whitesurfname  white
UseRobust  0
Loading ./tmp.mri_nu_correct.mni.36269/ones.mgz
Loading ./tmp.mri_nu_correct.mni.36269/nu0.mgz
Voxel Volume is 0.511991 mm^3
Generating list of segmentation ids
Found   1 segmentations
Computing statistics for each segmentation

Reporting on   1 segmentations
Using PrintSegStat
Computing spatial average of each frame

Writing to ./tmp.mri_nu_correct.mni.36269/output.mean.dat
mri_segstats done
mris_calc -o ./tmp.mri_nu_correct.mni.36269/nu0.mgz ./tmp.mri_nu_correct.mni.36269/nu0.mgz mul 1.17457502957385179682
Saving result to './tmp.mri_nu_correct.mni.36269/nu0.mgz' (type = MGH )                       [ ok ]
mri_convert ./tmp.mri_nu_correct.mni.36269/nu0.mgz nu.mgz --like orig.mgz
mri_convert ./tmp.mri_nu_correct.mni.36269/nu0.mgz nu.mgz --like orig.mgz 
reading from ./tmp.mri_nu_correct.mni.36269/nu0.mgz...
TR=0.00, TE=0.00, TI=0.00, flip angle=0.00
i_ras = (-1, 0, 0)
j_ras = (0, 0, -1)
k_ras = (0, 1, 0)
INFO: transform src into the like-volume: orig.mgz
writing to nu.mgz...
mri_make_uchar nu.mgz transforms/talairach.xfm nu.mgz
type change took 0 minutes and 15 seconds.
FIRST_PERCENTILE 0.010000
WM_PERCENTILE    0.900000
MAX_R 50.000000
i1 = 1, i2 = 63
#mri_make_uchar# mapping  1 45 to  3 110  :  b 0.816936 m 2.45105 : thresh -0.3333 maxsat 103.704 : nzero 0 nsat 86948
 
 
Thu Oct  5 11:47:50 UTC 2023
mri_nu_correct.mni done

 mri_add_xform_to_header -c /localscratch/bpinsard.41394413.0/freesurfer_crosssectional_autorecon1smriprep_skullstripautorecon2autorecon3_sub01_ses002.job/sub-01_ses-002/mri/transforms/talairach.xfm nu.mgz nu.mgz 

INFO: extension is mgz
#--------------------------------------------
#@# Intensity Normalization Thu Oct  5 11:47:52 UTC 2023
/localscratch/bpinsard.41394413.0/freesurfer_crosssectional_autorecon1smriprep_skullstripautorecon2autorecon3_sub01_ses002.job/sub-01_ses-002/mri

 mri_normalize -g 1 -seed 1234 -mprage -noconform nu.mgz T1.mgz 

using max gradient = 1.000
setting seed for random number genererator to 1234
assuming input volume is MGH (Van der Kouwe) MP-RAGE
not interpolating and embedding volume to be 256^3...
reading mri_src from nu.mgz...
normalizing image...
NOT doing gentle normalization with control points/label
talairach transform
 1.04543   0.04142  -0.02006  -2.35308;
-0.04034   1.05536   0.07656  -36.44900;
 0.02618  -0.08520   1.18826  -19.23824;
 0.00000   0.00000   0.00000   1.00000;
processing without aseg, no1d=0
MRInormInit(): 
INFO: Modifying talairach volume c_(r,a,s) based on average_305
MRInormalize(): 
MRIsplineNormalize(): npeaks = 12
Starting OpenSpline(): npoints = 12
building Voronoi diagram...
performing soap bubble smoothing, sigma = 8...

Iterating 2 times
---------------------------------
3d normalization pass 1 of 2
white matter peak found at 110
white matter peak found at 109
gm peak at 81 (80), valley at 45 (44)
csf peak at 29, setting threshold to 63
building Voronoi diagram...
performing soap bubble smoothing, sigma = 8...
---------------------------------
3d normalization pass 2 of 2
white matter peak found at 110
white matter peak found at 110
gm peak at 80 (79), valley at 43 (42)
csf peak at 40, setting threshold to 66
building Voronoi diagram...
performing soap bubble smoothing, sigma = 8...
Done iterating ---------------------------------
writing output to T1.mgz
3D bias adjustment took 8 minutes and 35 seconds.
#--------------------------------------------
#@# Skull Stripping Thu Oct  5 11:56:28 UTC 2023
/localscratch/bpinsard.41394413.0/freesurfer_crosssectional_autorecon1smriprep_skullstripautorecon2autorecon3_sub01_ses002.job/sub-01_ses-002/mri

 mri_em_register -skull nu.mgz /opt/freesurfer/average/RB_all_withskull_2020_01_02.gca transforms/talairach_with_skull.lta 

aligning to atlas containing skull, setting unknown_nbr_spacing = 5

== Number of threads available to mri_em_register for OpenMP = 4 == 
reading 1 input volumes...
logging results to talairach_with_skull.log
reading '/opt/freesurfer/average/RB_all_withskull_2020_01_02.gca'...
GCAread took 0 minutes and 1 seconds.
average std = 23.0   using min determinant for regularization = 52.8
0 singular and 9205 ill-conditioned covariance matrices regularized
reading 'nu.mgz'...
freeing gibbs priors...done.
accounting for voxel sizes in initial transform
bounding unknown intensity as < 8.9 or > 556.0 
total sample mean = 77.3 (1403 zeros)
************************************************
spacing=8, using 3292 sample points, tol=1.00e-05...
************************************************
register_mri: find_optimal_transform
find_optimal_transform: nsamples 3292, passno 0, spacing 8
resetting wm mean[0]: 100 --> 108
resetting gm mean[0]: 61 --> 61
input volume #1 is the most T1-like
using real data threshold=10.0
skull bounding box = (57, 17, 24) --> (261, 319, 234)
finding center of left hemi white matter
using (125, 118, 129) as brain centroid of Right_Cerebral_White_Matter...
MRImask(): AllowDiffGeom = 1
mean wm in atlas = 108, using box (100,81,103) --> (150, 155,154) to find MRI wm
before smoothing, mri peak at 104
robust fit to distribution - 104 +- 6.5
after smoothing, mri peak at 103, scaling input intensities by 1.049
scaling channel 0 by 1.04854
initial log_p = -4.798
************************************************
First Search limited to translation only.
************************************************
max log p =    -4.505535 @ (-10.526, 31.579, -10.526)
max log p =    -4.454305 @ (5.263, -5.263, -5.263)
max log p =    -4.454305 @ (0.000, 0.000, 0.000)
max log p =    -4.402459 @ (1.316, 1.316, 1.316)
max log p =    -4.402459 @ (0.000, 0.000, 0.000)
max log p =    -4.388935 @ (0.329, 0.329, -0.987)
max log p =    -4.388935 @ (0.000, 0.000, 0.000)
max log p =    -4.388935 @ (0.000, 0.000, 0.000)
Found translation: (-3.6, 28.0, -15.5): log p = -4.389
****************************************
Nine parameter search.  iteration 0 nscales = 0 ...
****************************************
Result so far: scale 1.000: max_log_p=-4.305, old_max_log_p =-4.389 (thresh=-4.4)
 0.84534  -0.11128  -0.14374   26.11663;
 0.10353   0.90637   0.10352  -18.06934;
 0.10442  -0.11906   0.90432  -32.31995;
 0.00000   0.00000   0.00000   1.00000;
iteration took 0 minutes and 35 seconds.
****************************************
Nine parameter search.  iteration 1 nscales = 0 ...
****************************************
Result so far: scale 1.000: max_log_p=-4.305, old_max_log_p =-4.305 (thresh=-4.3)
 0.84534  -0.11128  -0.14374   26.11663;
 0.10353   0.90637   0.10352  -18.06934;
 0.10442  -0.11906   0.90432  -32.31995;
 0.00000   0.00000   0.00000   1.00000;
reducing scale to 0.2500
iteration took 0 minutes and 34 seconds.
****************************************
Nine parameter search.  iteration 2 nscales = 1 ...
****************************************
Result so far: scale 0.250: max_log_p=-4.268, old_max_log_p =-4.305 (thresh=-4.3)
 0.81847  -0.11437  -0.08113   20.47883;
 0.10353   0.90637   0.10352  -18.06934;
 0.04707  -0.10734   0.87759  -17.30186;
 0.00000   0.00000   0.00000   1.00000;
iteration took 0 minutes and 32 seconds.
****************************************
Nine parameter search.  iteration 3 nscales = 1 ...
****************************************
Result so far: scale 0.250: max_log_p=-4.268, old_max_log_p =-4.268 (thresh=-4.3)
 0.81847  -0.11437  -0.08113   20.47883;
 0.10353   0.90637   0.10352  -18.06934;
 0.04707  -0.10734   0.87759  -17.30186;
 0.00000   0.00000   0.00000   1.00000;
reducing scale to 0.0625
iteration took 0 minutes and 31 seconds.
****************************************
Nine parameter search.  iteration 4 nscales = 2 ...
****************************************
Result so far: scale 0.062: max_log_p=-4.242, old_max_log_p =-4.268 (thresh=-4.3)
 0.81751  -0.11424  -0.08103   21.10772;
 0.10350   0.91041   0.09666  -16.04829;
 0.04792  -0.09994   0.87841  -17.96710;
 0.00000   0.00000   0.00000   1.00000;
iteration took 0 minutes and 27 seconds.
****************************************
Nine parameter search.  iteration 5 nscales = 2 ...
****************************************
Result so far: scale 0.062: max_log_p=-4.239, old_max_log_p =-4.242 (thresh=-4.2)
 0.81943  -0.11451  -0.08122   20.78969;
 0.10350   0.91041   0.09666  -16.04829;
 0.04797  -0.10006   0.87944  -18.15147;
 0.00000   0.00000   0.00000   1.00000;
min search scale 0.025000 reached
***********************************************
Computing MAP estimate using 3292 samples...
***********************************************
dt = 5.00e-06, momentum=0.80, tol=1.00e-05
l_intensity = 1.0000
Aligning input volume to GCA...
Transform matrix
 0.81943  -0.11451  -0.08122   20.78969;
 0.10350   0.91041   0.09666  -16.04829;
 0.04797  -0.10006   0.87944  -18.15147;
 0.00000   0.00000   0.00000   1.00000;
nsamples 3292
Quasinewton: input matrix
 0.81943  -0.11451  -0.08122   20.78969;
 0.10350   0.91041   0.09666  -16.04829;
 0.04797  -0.10006   0.87944  -18.15147;
 0.00000   0.00000   0.00000   1.00000;
 IFLAG= -1  LINE SEARCH FAILED. SEE DOCUMENTATION OF ROUTINE MCSRCH ERROR RETURN OF LINE SEARCH: INFO= 4 POSSIBLE CAUSES: FUNCTION OR GRADIENT ARE INCORRECT OR INCORRECT TOLERANCESoutof QuasiNewtonEMA: 008: -log(p) =   -0.0  tol 0.000010
Resulting transform:
 0.81943  -0.11451  -0.08122   20.78969;
 0.10350   0.91041   0.09666  -16.04829;
 0.04797  -0.10006   0.87944  -18.15147;
 0.00000   0.00000   0.00000   1.00000;

pass 1, spacing 8: log(p) = -4.239 (old=-4.798)
transform before final EM align:
 0.81943  -0.11451  -0.08122   20.78969;
 0.10350   0.91041   0.09666  -16.04829;
 0.04797  -0.10006   0.87944  -18.15147;
 0.00000   0.00000   0.00000   1.00000;

**************************************************
 EM alignment process ...
 Computing final MAP estimate using 364986 samples. 
**************************************************
dt = 5.00e-06, momentum=0.80, tol=1.00e-07
l_intensity = 1.0000
Aligning input volume to GCA...
Transform matrix
 0.81943  -0.11451  -0.08122   20.78969;
 0.10350   0.91041   0.09666  -16.04829;
 0.04797  -0.10006   0.87944  -18.15147;
 0.00000   0.00000   0.00000   1.00000;
nsamples 364986
Quasinewton: input matrix
 0.81943  -0.11451  -0.08122   20.78969;
 0.10350   0.91041   0.09666  -16.04829;
 0.04797  -0.10006   0.87944  -18.15147;
 0.00000   0.00000   0.00000   1.00000;
 IFLAG= -1  LINE SEARCH FAILED. SEE DOCUMENTATION OF ROUTINE MCSRCH ERROR RETURN OF LINE SEARCH: INFO= 6 POSSIBLE CAUSES: FUNCTION OR GRADIENT ARE INCORRECT OR INCORRECT TOLERANCESoutof QuasiNewtonEMA: 010: -log(p) =    4.7  tol 0.000000
final transform:
 0.81943  -0.11451  -0.08122   20.78969;
 0.10350   0.91041   0.09666  -16.04829;
 0.04797  -0.10006   0.87944  -18.15147;
 0.00000   0.00000   0.00000   1.00000;

writing output transformation to transforms/talairach_with_skull.lta...
#VMPC# mri_em_register VmPeak  959424
FSRUNTIME@ mri_em_register  0.0756 hours 4 threads
registration took 4 minutes and 32 seconds.

 mri_watershed -T1 -brain_atlas /opt/freesurfer/average/RB_all_withskull_2020_01_02.gca transforms/talairach_with_skull.lta T1.mgz brainmask.auto.mgz 


Mode:          T1 normalized volume
Mode:          Use the information of atlas (default parms, --help for details)

*********************************************************
The input file is T1.mgz
The output file is brainmask.auto.mgz
conforming input...
updating LTA to account for conformation
Weighting the input with atlas information before watershed

*************************WATERSHED**************************
Sorting...
      first estimation of the COG coord: x=124 y=90 z=130 r=94
      first estimation of the main basin volume: 3559948 voxels
      Looking for seedpoints 
        2 found in the cerebellum 
        16 found in the rest of the brain 
      global maximum in x=97, y=78, z=93, Imax=255
      CSF=16, WM_intensity=110, WM_VARIANCE=5
      WM_MIN=110, WM_HALF_MIN=110, WM_HALF_MAX=110, WM_MAX=110 
      preflooding height equal to 10 percent
done.
Analyze...

      main basin size=8467751292 voxels, voxel volume =1.000 
                     = 8467751292 mmm3 = 8467751.424 cm3
done.
PostAnalyze...Basin Prior
 39 basins merged thanks to atlas 
      ***** 0 basin(s) merged in 1 iteration(s)
      ***** 0 voxel(s) added to the main basin
done.
Weighting the input with prior template 

****************TEMPLATE DEFORMATION****************

      second estimation of the COG coord: x=156,y=140, z=159, r=116161 iterations
^^^^^^^^ couldn't find WM with original limits - expanding ^^^^^^

   GLOBAL      CSF_MIN=0, CSF_intensity=3, CSF_MAX=5 , nb = 43320
  RIGHT_CER    CSF_MIN=0, CSF_intensity=41, CSF_MAX=52 , nb = 1242
  LEFT_CER     CSF_MIN=0, CSF_intensity=6, CSF_MAX=88 , nb = 1476
 RIGHT_BRAIN   CSF_MIN=0, CSF_intensity=9, CSF_MAX=34 , nb = 6642
 LEFT_BRAIN    CSF_MIN=1, CSF_intensity=9, CSF_MAX=31 , nb = 9828
    OTHER      CSF_MIN=0, CSF_intensity=3, CSF_MAX=4 , nb = 19980
 Problem with the least square interpolation in GM_MIN calculation.
   
                     CSF_MAX  TRANSITION  GM_MIN  GM
    GLOBAL     
  before analyzing :    5,      8,        53,   77
  after  analyzing :    5,      38,        53,   47
   RIGHT_CER   
  before analyzing :    52,      55,        62,   83
  after  analyzing :    52,      59,        62,   65
   LEFT_CER    
  before analyzing :    88,      65,        60,   79
  after  analyzing :    38,      65,        65,   68
  RIGHT_BRAIN  
  before analyzing :    34,      41,        50,   76
  after  analyzing :    34,      47,        50,   54
  LEFT_BRAIN   
  before analyzing :    31,      41,        53,   77
  after  analyzing :    31,      49,        53,   56
     OTHER     
  before analyzing :    4,      5,        53,   77
  after  analyzing :    4,      37,        53,   47
      mri_strip_skull: done peeling brain
      highly tesselated surface with 10242 vertices
      matching...111 iterations

*********************VALIDATION*********************
curvature mean = 0.008, std = 0.067
curvature mean = 62.853, std = 22.531

No Rigid alignment: -atlas Mode Off (basic atlas / no registration)
      before rotation: sse = 32.41, sigma = 83.00
      after  rotation: sse = 32.41, sigma = 83.00
Localization of inacurate regions: Erosion-Dilation steps
      the sse mean is 40.68, its var is 66.23   
      before Erosion-Dilatation 43.54% of inacurate vertices
      after  Erosion-Dilatation  0.00% of inacurate vertices
      Validation of the shape of the surface done.
Scaling of atlas fields onto current surface fields

********FINAL ITERATIVE TEMPLATE DEFORMATION********
Compute Local values csf/gray
Fine Segmentation...102 iterations

      mri_strip_skull: done peeling brain

Brain Size = 3106239 voxels, voxel volume = 1.000 mm3
           = 3106239 mmm3 = 3106.239 cm3
INFO: MRImask() using MRImaskDifferentGeometry()


******************************
Saving brainmask.auto.mgz
done
mri_watershed done

 cp brainmask.auto.mgz brainmask.mgz 


Started at Thu Oct 5 11:18:53 UTC 2023 
Ended   at Thu Oct 5 12:01:49 UTC 2023
#@#%# recon-all-run-time-hours 0.716
recon-all -s sub-01_ses-002 finished without error at Thu Oct  5 12:01:49 UTC 2023
