Logfile for bbregister
Sun Oct  8 03:16:17 UTC 2023

setenv SUBJECTS_DIR /localscratch/bpinsard.41451843.0/freesurfer_crosssectional_autorecon3_sub02_ses007.job
cd /localscratch/bpinsard.41451843.0/freesurfer_crosssectional_autorecon3_sub02_ses007.job/sub-02_ses-007/scripts
/opt/freesurfer/bin/bbregister --s sub-02_ses-007 --mov /localscratch/bpinsard.41451843.0/freesurfer_crosssectional_autorecon3_sub02_ses007.job/sub-02_ses-007/mri/orig/T2raw.mgz --lta /localscratch/bpinsard.41451843.0/freesurfer_crosssectional_autorecon3_sub02_ses007.job/sub-02_ses-007/mri/transforms/T2raw.auto.lta --init-coreg --T2 --gm-proj-abs 2 --wm-proj-abs 1 --no-coreg-ref-mask

bbregister 7.4.1
Linux bc21121.int.ets1.calculquebec.ca 3.10.0-1160.95.1.el7.x86_64 #1 SMP Mon Jul 24 13:59:37 UTC 2023 x86_64 x86_64 x86_64 GNU/Linux
FREESURFER_HOME /opt/freesurfer
mri_convert /localscratch/bpinsard.41451843.0/freesurfer_crosssectional_autorecon3_sub02_ses007.job/sub-02_ses-007/mri/orig/T2raw.mgz /localscratch/bpinsard.41451843.0/freesurfer_crosssectional_autorecon3_sub02_ses007.job/sub-02_ses-007/mri/transforms/tmp.bbregister.60910/template.nii
mri_convert /localscratch/bpinsard.41451843.0/freesurfer_crosssectional_autorecon3_sub02_ses007.job/sub-02_ses-007/mri/orig/T2raw.mgz /localscratch/bpinsard.41451843.0/freesurfer_crosssectional_autorecon3_sub02_ses007.job/sub-02_ses-007/mri/transforms/tmp.bbregister.60910/template.nii 
reading from /localscratch/bpinsard.41451843.0/freesurfer_crosssectional_autorecon3_sub02_ses007.job/sub-02_ses-007/mri/orig/T2raw.mgz...
TR=0.00, TE=0.00, TI=0.00, flip angle=0.00
i_ras = (1, 0, 0)
j_ras = (0, 1, 0)
k_ras = (0, 0, 1)
writing to /localscratch/bpinsard.41451843.0/freesurfer_crosssectional_autorecon3_sub02_ses007.job/sub-02_ses-007/mri/transforms/tmp.bbregister.60910/template.nii...
mri_coreg --s sub-02_ses-007 --mov /localscratch/bpinsard.41451843.0/freesurfer_crosssectional_autorecon3_sub02_ses007.job/sub-02_ses-007/mri/transforms/tmp.bbregister.60910/template.nii --regdat /localscratch/bpinsard.41451843.0/freesurfer_crosssectional_autorecon3_sub02_ses007.job/sub-02_ses-007/mri/transforms/tmp.bbregister.60910/reg.init.dat --reg /localscratch/bpinsard.41451843.0/freesurfer_crosssectional_autorecon3_sub02_ses007.job/sub-02_ses-007/mri/transforms/tmp.bbregister.60910/mri_coreg.lta --nthreads 4 --dof 6 --sep 4 --ftol .0001 --linmintol .01 --no-ref-mask

$Id: mri_coreg.c,v 1.27 2016/04/30 15:11:49 greve Exp $
cwd /localscratch/bpinsard.41451843.0/freesurfer_crosssectional_autorecon3_sub02_ses007.job/sub-02_ses-007/scripts
cmdline mri_coreg --s sub-02_ses-007 --mov /localscratch/bpinsard.41451843.0/freesurfer_crosssectional_autorecon3_sub02_ses007.job/sub-02_ses-007/mri/transforms/tmp.bbregister.60910/template.nii --regdat /localscratch/bpinsard.41451843.0/freesurfer_crosssectional_autorecon3_sub02_ses007.job/sub-02_ses-007/mri/transforms/tmp.bbregister.60910/reg.init.dat --reg /localscratch/bpinsard.41451843.0/freesurfer_crosssectional_autorecon3_sub02_ses007.job/sub-02_ses-007/mri/transforms/tmp.bbregister.60910/mri_coreg.lta --nthreads 4 --dof 6 --sep 4 --ftol .0001 --linmintol .01 --no-ref-mask 
sysname  Linux
hostname bc21121.int.ets1.calculquebec.ca
machine  x86_64
user     bpinsard
dof    6
nsep    1
cras0    1
ftol    0.000100
linmintol    0.010000
bf       1
bflim    30.000000
bfnsamp    30
SmoothRef 0
SatPct    99.990000
MovOOB 0
optschema 1
Seed 53
Reading in mov /localscratch/bpinsard.41451843.0/freesurfer_crosssectional_autorecon3_sub02_ses007.job/sub-02_ses-007/mri/transforms/tmp.bbregister.60910/template.nii
Reading in ref /localscratch/bpinsard.41451843.0/freesurfer_crosssectional_autorecon3_sub02_ses007.job/sub-02_ses-007/mri/brainmask.mgz
Setting cras translation parameters to align volume centers
Init matrix params -0.8000 -0.0326 -0.7667  0.0000  0.0000  0.0000  1.0000  1.0000  1.0000  0.0000  0.0000  0.0000 
Initial Matrix (RAS2RAS)
 1.00000   0.00000   0.00000   0.79999;
 0.00000   1.00000   0.00000   0.03259;
 0.00000   0.00000   1.00000   0.76667;
 0.00000   0.00000   0.00000   1.00000;
Initial parameters to be opt -0.8000 -0.0326 -0.7667  0.0000  0.0000  0.0000 
Creating random numbers for coordinate dithering
Performing intensity dithering
Performing intensity dithering on mov with computed dither
Separation list (1):  4   min = 4
DoSmoothing 1
DoCoordDither 1
DoIntensityDither 1
nitersmax 4
ftol 1.000e-04
linmintol 1.000e-02
SatPct 99.990000
Hist FWHM 7.000000 7.000000
nthreads 4
movsat = 7066.4302
mov gstd 1.9140 1.9140 1.9140
Smoothing mov
refsat = 166.0000
ref gstd 1.9140 1.9140 1.9140
Smoothing ref
COREGpreproc() done
Testing if mov and target overlap
Init cost   -1.0262510604
nhits = 309411 out of 32768000, Percent Overlap:  60.4
Initial  RefRAS-to-MovRAS
 1.00000   0.00000   0.00000  -0.79999;
 0.00000   1.00000   0.00000  -0.03259;
 0.00000   0.00000   1.00000  -0.76667;
 0.00000   0.00000   0.00000   1.00000;
Initial  RefVox-to-MovVox
-1.00000   0.00000   0.00000   263.00003;
 0.00000   0.00000   0.99999  -9.99910;
 0.00000  -0.99999   0.00000   318.99908;
 0.00000   0.00000   0.00000   1.00000;
sep = 4 -----------------------------------
COREGoptBruteForce() 30 1 30
Turning on MovOOB for BruteForce Search
#BF# sep= 4 iter=0 lim=30.0 delta=2.00  -0.79999  -0.03259  17.23333   0.00000   0.00000   0.00000   -1.0266608
Turning  MovOOB back off after brute force search


---------------------------------
Init Powel Params dof = 6: -0.799988 -0.032585 17.233330 0.000000 0.000000 0.000000 
Starting OpenPowel2(), sep = 4
InitialCost        -1.0277280807 
#@#  4  188  -0.79999 -0.03259 17.23333 0.00000 0.00000 0.00000   -1.0277281
fs_powell::minimize
  nparams 6
  maxfev 4
  ftol   0.000100
  linmin_xtol_   0.010000
  powell nthiter 0: fret = -1.027728
#@#  4  190  0.20001 -0.03259 17.23333 0.00000 0.00000 0.00000   -1.0277687
#@#  4  195  0.09287 -0.03259 17.23333 0.00000 0.00000 0.00000   -1.0277692
#@#  4  198  0.05448 -0.03259 17.23333 0.00000 0.00000 0.00000   -1.0277694
#@#  4  199  0.03885 -0.03259 17.23333 0.00000 0.00000 0.00000   -1.0277696
#@#  4  203  0.03885 -1.65062 17.23333 0.00000 0.00000 0.00000   -1.0279025
#@#  4  207  0.03885 -2.04207 17.23333 0.00000 0.00000 0.00000   -1.0279071
#@#  4  208  0.03885 -2.01860 17.23333 0.00000 0.00000 0.00000   -1.0279074
#@#  4  219  0.03885 -2.02860 16.97188 0.00000 0.00000 0.00000   -1.0279112
#@#  4  231  0.03885 -2.02860 16.99188 -0.27316 0.00000 0.00000   -1.0279136
#@#  4  232  0.03885 -2.02860 16.99188 -0.28592 0.00000 0.00000   -1.0279138
#@#  4  234  0.03885 -2.02860 16.99188 -0.33532 0.00000 0.00000   -1.0279140
#@#  4  244  0.03885 -2.02860 16.99188 -0.31144 -0.27796 0.00000   -1.0279164
#@#  4  245  0.03885 -2.02860 16.99188 -0.31144 -0.28880 0.00000   -1.0279166
#@#  4  269  0.18586 -2.37840 16.94956 -0.36601 -0.36292 0.00000   -1.0279182
#@#  4  270  0.17048 -2.34181 16.95399 -0.36031 -0.35726 0.00000   -1.0279183
#@#  4  272  0.16209 -2.32185 16.95640 -0.35719 -0.35417 0.00000   -1.0279185
  powell nthiter 1: fret = -1.027918
#@#  4  291  0.16209 -2.32185 16.95640 -0.35719 -0.35417 -0.08313   -1.0279186
#@#  4  293  0.16209 -2.32185 16.95640 -0.35719 -0.35417 -0.05335   -1.0279187
#@#  4  303  0.16209 -2.32185 16.87299 -0.35719 -0.35417 -0.05335   -1.0279192
#@#  4  312  0.16209 -2.32185 16.88956 -0.97523 -0.35417 -0.05335   -1.0279195
#@#  4  314  0.16209 -2.32185 16.88956 -0.67948 -0.35417 -0.05335   -1.0279208
#@#  4  326  0.16209 -2.32185 16.88956 -0.69948 -0.31201 -0.05335   -1.0279211
#@#  4  327  0.16209 -2.32185 16.88956 -0.69948 -0.25636 -0.05335   -1.0279214
#@#  4  329  0.16209 -2.32185 16.88956 -0.69948 -0.22991 -0.05335   -1.0279217
#@#  4  330  0.16209 -2.32185 16.88956 -0.69948 -0.21308 -0.05335   -1.0279219
#@#  4  340  0.20423 -2.42212 16.87743 -0.71513 -0.21859 -0.05335   -1.0279220
#@#  4  342  0.18745 -2.38220 16.88226 -0.70890 -0.21241 -0.05335   -1.0279222
Powell done niters total = 1
OptTimeSec 19.6 sec
OptTimeMin  0.33 min
nEvals 343
Final optimized parameters   0.18745412  -2.38220119  16.88225937  -0.70889646  -0.21241210  -0.05334824 
Final matrix parameters  0.1778 -2.3591 16.8850 -0.7053 -0.2088 -0.0533  1.0000  1.0000  1.0000  0.0000  0.0000  0.0000 
Final cost   -1.027922201279165
 

---------------------------------
Final  RefRAS-to-MovRAS
 0.99999  -0.00093  -0.00371   0.18745;
 0.00089   0.99992  -0.01237  -2.38220;
 0.00372   0.01237   0.99992   16.88226;
 0.00000   0.00000   0.00000   1.00000;
Final  RefVox-to-MovVox
-0.99999   0.00371  -0.00093   263.73950;
-0.00089   0.01237   0.99992  -14.82889;
-0.00372  -0.99991   0.01237   340.06244;
 0.00000   0.00000   0.00000   1.00000;
Final matrix parameters  0.1875 -2.3822 16.8823 -0.7089 -0.2124 -0.0533  0.0000  0.0000  0.0000  0.0000  0.0000  0.0000 
Final opt parameters  0.1875 -2.3822 16.8823 -0.7089 -0.2124 -0.0533 
nhits = 287788 out of 32768000, Percent Overlap:  56.2
mri_coreg RunTimeSec 121.7 sec
To check run:
   tkregisterfv --mov /localscratch/bpinsard.41451843.0/freesurfer_crosssectional_autorecon3_sub02_ses007.job/sub-02_ses-007/mri/transforms/tmp.bbregister.60910/template.nii --targ /localscratch/bpinsard.41451843.0/freesurfer_crosssectional_autorecon3_sub02_ses007.job/sub-02_ses-007/mri/brainmask.mgz --reg /localscratch/bpinsard.41451843.0/freesurfer_crosssectional_autorecon3_sub02_ses007.job/sub-02_ses-007/mri/transforms/tmp.bbregister.60910/mri_coreg.lta --s sub-02_ses-007 --surfs 

mri_coreg done

mri_segreg --mov /localscratch/bpinsard.41451843.0/freesurfer_crosssectional_autorecon3_sub02_ses007.job/sub-02_ses-007/mri/transforms/tmp.bbregister.60910/template.nii --init-reg /localscratch/bpinsard.41451843.0/freesurfer_crosssectional_autorecon3_sub02_ses007.job/sub-02_ses-007/mri/transforms/tmp.bbregister.60910/reg.init.dat --out-reg /localscratch/bpinsard.41451843.0/freesurfer_crosssectional_autorecon3_sub02_ses007.job/sub-02_ses-007/mri/transforms/tmp.bbregister.60910/bbr.pass1.dat --subsamp-brute 100 --subsamp 100 --tol 1e-4 --tol1d 1e-3 --brute -4 4 4 --surf white --gm-proj-abs 2 --gm-gt-wm 0.5
7.4.1
setenv SUBJECTS_DIR /localscratch/bpinsard.41451843.0/freesurfer_crosssectional_autorecon3_sub02_ses007.job
cd /localscratch/bpinsard.41451843.0/freesurfer_crosssectional_autorecon3_sub02_ses007.job/sub-02_ses-007/scripts
mri_segreg --mov /localscratch/bpinsard.41451843.0/freesurfer_crosssectional_autorecon3_sub02_ses007.job/sub-02_ses-007/mri/transforms/tmp.bbregister.60910/template.nii --init-reg /localscratch/bpinsard.41451843.0/freesurfer_crosssectional_autorecon3_sub02_ses007.job/sub-02_ses-007/mri/transforms/tmp.bbregister.60910/reg.init.dat --out-reg /localscratch/bpinsard.41451843.0/freesurfer_crosssectional_autorecon3_sub02_ses007.job/sub-02_ses-007/mri/transforms/tmp.bbregister.60910/bbr.pass1.dat --subsamp-brute 100 --subsamp 100 --tol 1e-4 --tol1d 1e-3 --brute -4 4 4 --surf white --gm-proj-abs 2 --gm-gt-wm 0.5 
sysname  Linux
hostname bc21121.int.ets1.calculquebec.ca
machine  x86_64
user     bpinsard
movvol /localscratch/bpinsard.41451843.0/freesurfer_crosssectional_autorecon3_sub02_ses007.job/sub-02_ses-007/mri/transforms/tmp.bbregister.60910/template.nii
regfile /localscratch/bpinsard.41451843.0/freesurfer_crosssectional_autorecon3_sub02_ses007.job/sub-02_ses-007/mri/transforms/tmp.bbregister.60910/reg.init.dat
subject sub-02_ses-007
dof 6
outregfile /localscratch/bpinsard.41451843.0/freesurfer_crosssectional_autorecon3_sub02_ses007.job/sub-02_ses-007/mri/transforms/tmp.bbregister.60910/bbr.pass1.dat
UseMask 0
UseLH 1
UseRH 1
nsubsamp 100
PenaltySign  -1
PenaltySlope 0.500000
PenaltyCenter 0.000000
surfname white
GMProjAbs 2.000000
WMProjAbs 2.000000
lhcostfile (null)
rhcostfile (null)
interp  trilinear (1)
frame  0
TolPowell 0.000100
nMaxItersPowell 36
n1dmin  3
Profile   0
Gdiag_no  -1
AddNoise  0 (0)
SynthSeed 1697291208
TransRandMax 0.000000
RotRandMax 0.000000
Translations 0.000000 0.000000 0.000000
Rotations   0.000000 0.000000 0.000000
Input reg
-0.99999   0.00093   0.00371  -0.14787;
 0.00372   0.01237   0.99992   17.16857;
-0.00089  -0.99992   0.01237   2.40332;
 0.00000   0.00000   0.00000   1.00000;

Loading mov
ExcludeZeroVoxels 1
Reading in targ vol /localscratch/bpinsard.41451843.0/freesurfer_crosssectional_autorecon3_sub02_ses007.job/sub-02_ses-007/mri/orig.mgz
Projecting LH Surfs
Loading lh.white surf
GM Proj: 0 0.500000 2.000000
WM Proj: 0 0.500000 2.000000
Projecting RH Surfs
Loading rh.white surf
Projecting RH Surfs
Using lh.cortex.label
Using rh.cortex.label
Computing relative cost
 0  -25.0 -25.0 -25.0   1.010160
 1  -25.0 -25.0  25.0   1.009430
 2  -25.0  25.0 -25.0   0.985958
 3  -25.0  25.0  25.0   1.010544
 4   25.0 -25.0 -25.0   1.010209
 5   25.0 -25.0  25.0   0.967573
 6   25.0  25.0 -25.0   0.974744
 7   25.0  25.0  25.0   0.990391
REL:  8  0.980109    7.959009  0.994876 rel = 0.985157 
Initial costs ----------------
Number of surface hits 4158
WM  Intensity  1197.4687 +/- 722.5735
Ctx Intensity  1195.0934 +/- 731.2478
Pct Contrast     -0.5427 +/-  51.2964
Cost   0.9801
RelCost   0.9852


WARNING: initial G-W contrast is negative, but expecting positive.
If the mov data has a T1 contrast, re-run with --T1



------------------------------------
Brute force preopt -4 4 4, n = 729
     0  -4.0000  -4.0000  -4.0000  -4.0000  -4.0000  -4.0000      0.9591   0.9591  0.0
     2  -4.0000  -4.0000  -4.0000  -4.0000  -4.0000   4.0000      0.9564   0.9564  0.0
     3  -4.0000  -4.0000  -4.0000  -4.0000   0.0000  -4.0000      0.9484   0.9484  0.0
     5  -4.0000  -4.0000  -4.0000  -4.0000   0.0000   4.0000      0.9419   0.9419  0.0
     6  -4.0000  -4.0000  -4.0000  -4.0000   4.0000  -4.0000      0.9310   0.9310  0.0
   276   0.0000  -4.0000   0.0000  -4.0000   4.0000  -4.0000      0.9307   0.9307  0.0
   345   0.0000   0.0000  -4.0000   4.0000   0.0000  -4.0000      0.9271   0.9271  0.0
   495   4.0000  -4.0000  -4.0000   0.0000  -4.0000  -4.0000      0.9243   0.9243  0.0
Brute Force --------------------------
Min cost was 0.924347
Number of iterations   729
Search time 3.579542 sec
Parameters at best (transmm, rotdeg)
  4.000  -4.000  -4.000  0.000 -4.000 -4.000 
--------------------------------------------

Starting Powell Minimization
Init Powel Params dof = 6
0 4
1 -4
2 -4
3 0
4 -4
5 -4
fs_powell::minimize
  nparams 6
  maxfev 36
  ftol   0.000100
  linmin_xtol_   0.001000
  powell nthiter 0: fret = 0.924347
   5  3.382 -4.000 -4.000  0.000 -4.000 -4.000   0.9220122119
   7  3.652 -4.000 -4.000  0.000 -4.000 -4.000   0.9157172413
   8  3.667 -4.000 -4.000  0.000 -4.000 -4.000   0.9154835388
  10  3.677 -4.000 -4.000  0.000 -4.000 -4.000   0.9154411267
  13  3.694 -4.000 -4.000  0.000 -4.000 -4.000   0.9150013434
  15  3.693 -4.000 -4.000  0.000 -4.000 -4.000   0.9149994667
  25  3.693 -3.996 -4.000  0.000 -4.000 -4.000   0.9149194313
  27  3.693 -3.986 -4.000  0.000 -4.000 -4.000   0.9146397989
  29  3.693 -3.985 -4.000  0.000 -4.000 -4.000   0.9146263111
  30  3.693 -3.984 -4.000  0.000 -4.000 -4.000   0.9146249834
  33  3.693 -3.984 -3.000  0.000 -4.000 -4.000   0.9078916860
  38  3.693 -3.984 -3.155  0.000 -4.000 -4.000   0.9050411785
  39  3.693 -3.984 -3.182  0.000 -4.000 -4.000   0.9046825135
  43  3.693 -3.984 -3.183  0.000 -4.000 -4.000   0.9046821940
  52  3.693 -3.984 -3.183  0.133 -4.000 -4.000   0.9009200413
  53  3.693 -3.984 -3.183  0.163 -4.000 -4.000   0.9005706890
  56  3.693 -3.984 -3.183  0.151 -4.000 -4.000   0.9001813057
  58  3.693 -3.984 -3.183  0.150 -4.000 -4.000   0.9001745040
  67  3.693 -3.984 -3.183  0.150 -4.017 -4.000   0.9000865960
  68  3.693 -3.984 -3.183  0.150 -4.025 -4.000   0.9000621642
  69  3.693 -3.984 -3.183  0.150 -4.041 -4.000   0.8999686039
  70  3.693 -3.984 -3.183  0.150 -4.051 -4.000   0.8999678483
  71  3.693 -3.984 -3.183  0.150 -4.046 -4.000   0.8999622010
  73  3.693 -3.984 -3.183  0.150 -4.047 -4.000   0.8999614171
  81  3.693 -3.984 -3.183  0.150 -4.047 -4.027   0.8990606002
  85  3.693 -3.984 -3.183  0.150 -4.047 -4.038   0.8989988049
  86  3.693 -3.984 -3.183  0.150 -4.047 -4.035   0.8989839552
  powell nthiter 1: fret = 0.898984
 101  3.707 -3.984 -3.183  0.150 -4.047 -4.035   0.8989453684
 102  3.702 -3.984 -3.183  0.150 -4.047 -4.035   0.8988955406
 103  3.701 -3.984 -3.183  0.150 -4.047 -4.035   0.8988918746
 114  3.701 -4.015 -3.183  0.150 -4.047 -4.035   0.8987581556
 116  3.701 -4.005 -3.183  0.150 -4.047 -4.035   0.8987359324
 118  3.701 -3.997 -3.183  0.150 -4.047 -4.035   0.8986338528
 120  3.701 -3.996 -3.183  0.150 -4.047 -4.035   0.8986288953
 121  3.701 -3.995 -3.183  0.150 -4.047 -4.035   0.8986284068
 131  3.701 -3.995 -3.186  0.150 -4.047 -4.035   0.8985868519
 133  3.701 -3.995 -3.192  0.150 -4.047 -4.035   0.8985349441
 142  3.701 -3.995 -3.192  0.147 -4.047 -4.035   0.8985311381
 143  3.701 -3.995 -3.192  0.142 -4.047 -4.035   0.8985288729
 144  3.701 -3.995 -3.192  0.143 -4.047 -4.035   0.8985285382
 145  3.701 -3.995 -3.192  0.144 -4.047 -4.035   0.8985272708
 155  3.701 -3.995 -3.192  0.144 -4.067 -4.035   0.8980638558
 156  3.701 -3.995 -3.192  0.144 -4.071 -4.035   0.8979788137
 158  3.701 -3.995 -3.192  0.144 -4.075 -4.035   0.8978920394
 159  3.701 -3.995 -3.192  0.144 -4.081 -4.035   0.8978728341
 160  3.701 -3.995 -3.192  0.144 -4.079 -4.035   0.8978543992
 169  3.701 -3.995 -3.192  0.144 -4.079 -4.055   0.8974694142
 173  3.701 -3.995 -3.192  0.144 -4.079 -4.056   0.8974681762
  powell nthiter 2: fret = 0.897468
 187  3.713 -3.995 -3.192  0.144 -4.079 -4.056   0.8973978930
 188  3.710 -3.995 -3.192  0.144 -4.079 -4.056   0.8973886295
 199  3.710 -3.979 -3.192  0.144 -4.079 -4.056   0.8971290291
 200  3.710 -3.973 -3.192  0.144 -4.079 -4.056   0.8970854713
 202  3.710 -3.971 -3.192  0.144 -4.079 -4.056   0.8970842706
 204  3.710 -3.972 -3.192  0.144 -4.079 -4.056   0.8970832598
 213  3.710 -3.972 -3.196  0.144 -4.079 -4.056   0.8969532131
 215  3.710 -3.972 -3.205  0.144 -4.079 -4.056   0.8968698079
 216  3.710 -3.972 -3.202  0.144 -4.079 -4.056   0.8968452358
 241  3.710 -3.972 -3.202  0.144 -4.083 -4.056   0.8967670563
 253  3.710 -3.972 -3.202  0.144 -4.083 -4.057   0.8967650047
  powell nthiter 3: fret = 0.896765
 267  3.715 -3.972 -3.202  0.144 -4.083 -4.057   0.8967412682
 268  3.714 -3.972 -3.202  0.144 -4.083 -4.057   0.8967364906
 279  3.714 -3.965 -3.202  0.144 -4.083 -4.057   0.8966904936
 281  3.714 -3.966 -3.202  0.144 -4.083 -4.057   0.8966884770
 294  3.714 -3.966 -3.203  0.144 -4.083 -4.057   0.8966823420
 304  3.714 -3.966 -3.203  0.146 -4.083 -4.057   0.8966739856
 317  3.714 -3.966 -3.203  0.146 -4.086 -4.057   0.8966024163
 329  3.714 -3.966 -3.203  0.146 -4.086 -4.054   0.8965888560
 330  3.714 -3.966 -3.203  0.146 -4.086 -4.055   0.8965871778
 332  3.718 -3.960 -3.204  0.148 -4.089 -4.052   0.8964965358
 337  3.721 -3.956 -3.205  0.149 -4.091 -4.050   0.8964903115
 339  3.720 -3.958 -3.204  0.149 -4.091 -4.051   0.8964874204
 340  3.720 -3.958 -3.204  0.149 -4.091 -4.051   0.8964873481
 341  3.720 -3.957 -3.205  0.149 -4.091 -4.051   0.8964870464
  powell nthiter 4: fret = 0.896487
 363  3.722 -3.957 -3.205  0.149 -4.091 -4.051   0.8964732029
 386  3.722 -3.957 -3.201  0.149 -4.091 -4.051   0.8964400941
 388  3.722 -3.957 -3.202  0.149 -4.091 -4.051   0.8964364303
 399  3.722 -3.957 -3.202  0.150 -4.091 -4.051   0.8964332607
 409  3.722 -3.957 -3.202  0.150 -4.091 -4.044   0.8963842881
 411  3.722 -3.957 -3.202  0.150 -4.091 -4.046   0.8963796115
 419  3.723 -3.956 -3.202  0.150 -4.091 -4.045   0.8963779901
 421  3.722 -3.957 -3.202  0.150 -4.091 -4.045   0.8963776567
  powell nthiter 5: fret = 0.896378
 455  3.722 -3.956 -3.202  0.150 -4.091 -4.045   0.8963727638
 456  3.722 -3.955 -3.202  0.150 -4.091 -4.045   0.8963722630
 467  3.722 -3.955 -3.201  0.150 -4.091 -4.045   0.8963626109
 470  3.722 -3.955 -3.200  0.150 -4.091 -4.045   0.8963622423
 492  3.722 -3.955 -3.200  0.150 -4.091 -4.042   0.8963427715
 501  3.722 -3.955 -3.200  0.150 -4.091 -4.043   0.8963422190
 503  3.722 -3.955 -3.200  0.150 -4.091 -4.043   0.8963420242
 504  3.722 -3.955 -3.200  0.150 -4.091 -4.043   0.8963418793
Powell done niters = 5
Computing relative cost
 0  -25.0 -25.0 -25.0   0.991160
 1  -25.0 -25.0  25.0   0.993987
 2  -25.0  25.0 -25.0   1.007144
 3  -25.0  25.0  25.0   0.991293
 4   25.0 -25.0 -25.0   0.967214
 5   25.0 -25.0  25.0   0.965403
 6   25.0  25.0 -25.0   0.960234
 7   25.0  25.0  25.0   0.996884
REL:  8  0.896342    7.873318  0.984165 rel = 0.910764 
Number of iterations     5
Min cost was 0.896342
Number of FunctionCalls   507
TolPowell 0.000100
nMaxItersPowell 36
OptimizationTime 2.423578 sec
Parameters at optimum (transmm)  3.72208 -3.95536 -3.19981
Parameters at optimum (rotdeg)  0.15004 -4.09088 -4.04267 
Final costs ----------------
Number of surface hits 4158
WM  Intensity  1167.6881 +/- 730.6865
Ctx Intensity  1198.5858 +/- 735.0561
Pct Contrast      2.6700 +/-  50.8030
Cost   0.8963
RelCost   0.9852
Reg at min cost was 
-0.99464   0.07314   0.07311   4.61066;
 0.07403   0.00986   0.99721   13.18687;
-0.07221  -0.99727   0.01522  -0.76832;
 0.00000   0.00000   0.00000   1.00000;

Writing optimal reg to /localscratch/bpinsard.41451843.0/freesurfer_crosssectional_autorecon3_sub02_ses007.job/sub-02_ses-007/mri/transforms/tmp.bbregister.60910/bbr.pass1.dat, type = 14 
Original Reg 
-0.99999   0.00093   0.00371  -0.14787;
 0.00372   0.01237   0.99992   17.16857;
-0.00089  -0.99992   0.01237   2.40332;
 0.00000   0.00000   0.00000   1.00000;

Original Reg - Optimal Reg
-0.00535  -0.07221  -0.06941  -4.75852;
-0.07031   0.00251   0.00271   3.98170;
 0.07133  -0.00265  -0.00284   3.17164;
 0.00000   0.00000   0.00000   0.00000;

Computing change in lh position
LH rmsDiffMean 7.647940
Computing change in rh position
Surface-RMS-Diff-mm 7.680119 1.734216 12.453847


WARNING: initial G-W contrast was negative, but expected positive.
If the mov data has a T1 contrast, re-run with --T1


mri_segreg done
mri_segreg --mov /localscratch/bpinsard.41451843.0/freesurfer_crosssectional_autorecon3_sub02_ses007.job/sub-02_ses-007/mri/transforms/tmp.bbregister.60910/template.nii --init-reg /localscratch/bpinsard.41451843.0/freesurfer_crosssectional_autorecon3_sub02_ses007.job/sub-02_ses-007/mri/transforms/tmp.bbregister.60910/bbr.pass1.dat --out-reg /localscratch/bpinsard.41451843.0/freesurfer_crosssectional_autorecon3_sub02_ses007.job/sub-02_ses-007/mri/transforms/T2raw.auto.dat --interp trilinear --wm-proj-abs 1 --tol 1e-8 --tol1d 1e-3 --c0 0 --mincost /localscratch/bpinsard.41451843.0/freesurfer_crosssectional_autorecon3_sub02_ses007.job/sub-02_ses-007/mri/transforms/T2raw.auto.dat.mincost --dof 6 --nmax 36 --param /localscratch/bpinsard.41451843.0/freesurfer_crosssectional_autorecon3_sub02_ses007.job/sub-02_ses-007/mri/transforms/T2raw.auto.dat.param --surf white --brute -0.1 0.1 0.1 --cur-reg /localscratch/bpinsard.41451843.0/freesurfer_crosssectional_autorecon3_sub02_ses007.job/sub-02_ses-007/mri/transforms/tmp.bbregister.60910/reg.curopt.dat --gm-proj-abs 2 --nsub 1 --gm-gt-wm 0.5
7.4.1
setenv SUBJECTS_DIR /localscratch/bpinsard.41451843.0/freesurfer_crosssectional_autorecon3_sub02_ses007.job
cd /localscratch/bpinsard.41451843.0/freesurfer_crosssectional_autorecon3_sub02_ses007.job/sub-02_ses-007/scripts
mri_segreg --mov /localscratch/bpinsard.41451843.0/freesurfer_crosssectional_autorecon3_sub02_ses007.job/sub-02_ses-007/mri/transforms/tmp.bbregister.60910/template.nii --init-reg /localscratch/bpinsard.41451843.0/freesurfer_crosssectional_autorecon3_sub02_ses007.job/sub-02_ses-007/mri/transforms/tmp.bbregister.60910/bbr.pass1.dat --out-reg /localscratch/bpinsard.41451843.0/freesurfer_crosssectional_autorecon3_sub02_ses007.job/sub-02_ses-007/mri/transforms/T2raw.auto.dat --interp trilinear --wm-proj-abs 1 --tol 1e-8 --tol1d 1e-3 --c0 0 --mincost /localscratch/bpinsard.41451843.0/freesurfer_crosssectional_autorecon3_sub02_ses007.job/sub-02_ses-007/mri/transforms/T2raw.auto.dat.mincost --dof 6 --nmax 36 --param /localscratch/bpinsard.41451843.0/freesurfer_crosssectional_autorecon3_sub02_ses007.job/sub-02_ses-007/mri/transforms/T2raw.auto.dat.param --surf white --brute -0.1 0.1 0.1 --cur-reg /localscratch/bpinsard.41451843.0/freesurfer_crosssectional_autorecon3_sub02_ses007.job/sub-02_ses-007/mri/transforms/tmp.bbregister.60910/reg.curopt.dat --gm-proj-abs 2 --nsub 1 --gm-gt-wm 0.5 
sysname  Linux
hostname bc21121.int.ets1.calculquebec.ca
machine  x86_64
user     bpinsard
movvol /localscratch/bpinsard.41451843.0/freesurfer_crosssectional_autorecon3_sub02_ses007.job/sub-02_ses-007/mri/transforms/tmp.bbregister.60910/template.nii
regfile /localscratch/bpinsard.41451843.0/freesurfer_crosssectional_autorecon3_sub02_ses007.job/sub-02_ses-007/mri/transforms/tmp.bbregister.60910/bbr.pass1.dat
subject sub-02_ses-007
dof 6
outregfile /localscratch/bpinsard.41451843.0/freesurfer_crosssectional_autorecon3_sub02_ses007.job/sub-02_ses-007/mri/transforms/T2raw.auto.dat
UseMask 0
UseLH 1
UseRH 1
nsubsamp 1
PenaltySign  -1
PenaltySlope 0.500000
PenaltyCenter 0.000000
surfname white
GMProjAbs 2.000000
WMProjAbs 1.000000
lhcostfile (null)
rhcostfile (null)
interp  trilinear (1)
frame  0
TolPowell 0.000000
nMaxItersPowell 36
n1dmin  3
Profile   0
Gdiag_no  -1
AddNoise  0 (0)
SynthSeed 1696862669
TransRandMax 0.000000
RotRandMax 0.000000
Translations 0.000000 0.000000 0.000000
Rotations   0.000000 0.000000 0.000000
Input reg
-0.99464   0.07314   0.07311   4.61066;
 0.07403   0.00986   0.99721   13.18687;
-0.07221  -0.99727   0.01522  -0.76832;
 0.00000   0.00000   0.00000   1.00000;

Loading mov
ExcludeZeroVoxels 1
Reading in targ vol /localscratch/bpinsard.41451843.0/freesurfer_crosssectional_autorecon3_sub02_ses007.job/sub-02_ses-007/mri/orig.mgz
Projecting LH Surfs
Loading lh.white surf
GM Proj: 0 0.500000 2.000000
WM Proj: 0 0.500000 1.000000
Projecting RH Surfs
Loading rh.white surf
Projecting RH Surfs
Using lh.cortex.label
Using rh.cortex.label
Computing relative cost
 0  -25.0 -25.0 -25.0   0.995599
 1  -25.0 -25.0  25.0   0.985363
 2  -25.0  25.0 -25.0   1.004625
 3  -25.0  25.0  25.0   0.995885
 4   25.0 -25.0 -25.0   0.967383
 5   25.0 -25.0  25.0   0.966062
 6   25.0  25.0 -25.0   0.956766
 7   25.0  25.0  25.0   0.984509
REL:  8  0.931556    7.856194  0.982024 rel = 0.948608 
Initial costs ----------------
Number of surface hits 416136
WM  Intensity  1194.3801 +/- 734.5546
Ctx Intensity  1208.4587 +/- 730.7890
Pct Contrast      1.4674 +/-  46.3077
Cost   0.9316
RelCost   0.9486

------------------------------------
Brute force preopt -0.1 0.1 0.1, n = 729
     0  -0.1000  -0.1000  -0.1000  -0.1000  -0.1000  -0.1000      0.9212   0.9212  0.0
     1  -0.1000  -0.1000  -0.1000  -0.1000  -0.1000   0.0000      0.9189   0.9189  0.0
     4  -0.1000  -0.1000  -0.1000  -0.1000   0.0000   0.0000      0.9171   0.9171  0.0
     8  -0.1000  -0.1000  -0.1000  -0.1000   0.1000   0.1000      0.9156   0.9156  0.0
    10  -0.1000  -0.1000  -0.1000   0.0000  -0.1000   0.0000      0.9127   0.9127  0.0
    13  -0.1000  -0.1000  -0.1000   0.0000   0.0000   0.0000      0.9126   0.9126  0.0
    14  -0.1000  -0.1000  -0.1000   0.0000   0.0000   0.1000      0.9097   0.9097  0.0
    17  -0.1000  -0.1000  -0.1000   0.0000   0.1000   0.1000      0.9089   0.9089  0.0
    21  -0.1000  -0.1000  -0.1000   0.1000   0.0000  -0.1000      0.9072   0.9072  0.0
    22  -0.1000  -0.1000  -0.1000   0.1000   0.0000   0.0000      0.9057   0.9057  0.0
    25  -0.1000  -0.1000  -0.1000   0.1000   0.1000   0.0000      0.9054   0.9054  0.0
    26  -0.1000  -0.1000  -0.1000   0.1000   0.1000   0.1000      0.9035   0.9035  0.0
    48  -0.1000  -0.1000   0.0000   0.1000   0.0000  -0.1000      0.9034   0.9034  0.0
    75  -0.1000  -0.1000   0.1000   0.1000   0.0000  -0.1000      0.9016   0.9016  0.0
Brute Force --------------------------
Min cost was 0.901580
Number of iterations   729
Search time 3.524784 sec
Parameters at best (transmm, rotdeg)
 -0.100  -0.100   0.100  0.100  0.000 -0.100 
--------------------------------------------

Starting Powell Minimization
Init Powel Params dof = 6
0 -0.1
1 -0.1
2 0.1
3 0.1
4 0
5 -0.1
fs_powell::minimize
  nparams 6
  maxfev 36
  ftol   0.000000
  linmin_xtol_   0.001000
  powell nthiter 0: fret = 0.932604
   2  0.900 -0.100  0.100  0.100  0.000 -0.100   0.9278867962
  10  0.901 -0.100  0.100  0.100  0.000 -0.100   0.9278844087
  12  0.945 -0.100  0.100  0.100  0.000 -0.100   0.9278379140
  13  0.941 -0.100  0.100  0.100  0.000 -0.100   0.9278302980
  14  0.930 -0.100  0.100  0.100  0.000 -0.100   0.9277994543
  24  0.930  0.282  0.100  0.100  0.000 -0.100   0.9271772672
  25  0.930  0.205  0.100  0.100  0.000 -0.100   0.9271174250
  26  0.930  0.194  0.100  0.100  0.000 -0.100   0.9271136877
  29  0.930  0.193  0.100  0.100  0.000 -0.100   0.9271131534
  30  0.930  0.182  0.100  0.100  0.000 -0.100   0.9271018121
  33  0.930  0.181  0.100  0.100  0.000 -0.100   0.9271016422
  37  0.930  0.181 -1.518  0.100  0.000 -0.100   0.9191120468
  38  0.930  0.181 -1.493  0.100  0.000 -0.100   0.9190812918
  42  0.930  0.181 -1.455  0.100  0.000 -0.100   0.9190575098
  44  0.930  0.181 -1.466  0.100  0.000 -0.100   0.9190449754
  45  0.930  0.181 -1.469  0.100  0.000 -0.100   0.9190448015
  47  0.930  0.181 -1.468  0.100  0.000 -0.100   0.9190447059
  48  0.930  0.181 -1.467  0.100  0.000 -0.100   0.9190446714
  54  0.930  0.181 -1.467  0.482  0.000 -0.100   0.9181963944
  55  0.930  0.181 -1.467  0.522  0.000 -0.100   0.9181510401
  56  0.930  0.181 -1.467  0.743  0.000 -0.100   0.9181331380
  57  0.930  0.181 -1.467  0.642  0.000 -0.100   0.9179235434
  58  0.930  0.181 -1.467  0.635  0.000 -0.100   0.9179160916
  62  0.930  0.181 -1.467  0.636  0.000 -0.100   0.9179158998
  68  0.930  0.181 -1.467  0.636 -0.618 -0.100   0.9170774703
  70  0.930  0.181 -1.467  0.636 -0.399 -0.100   0.9170006751
  74  0.930  0.181 -1.467  0.636 -0.425 -0.100   0.9169647238
  75  0.930  0.181 -1.467  0.636 -0.427 -0.100   0.9169625061
  77  0.930  0.181 -1.467  0.636 -0.430 -0.100   0.9169620436
  78  0.930  0.181 -1.467  0.636 -0.429 -0.100   0.9169617823
  89  0.930  0.181 -1.467  0.636 -0.429 -0.091   0.9169590937
  91  0.930  0.181 -1.467  0.636 -0.429 -0.094   0.9169578717
  92  0.930  0.181 -1.467  0.636 -0.429 -0.095   0.9169577500
  powell nthiter 1: fret = 0.916958
  96  1.930  0.181 -1.467  0.636 -0.429 -0.095   0.9157205567
 100  1.548  0.181 -1.467  0.636 -0.429 -0.095   0.9152442133
 102  1.312  0.181 -1.467  0.636 -0.429 -0.095   0.9150126945
 103  1.362  0.181 -1.467  0.636 -0.429 -0.095   0.9149382390
 105  1.349  0.181 -1.467  0.636 -0.429 -0.095   0.9149240421
 106  1.347  0.181 -1.467  0.636 -0.429 -0.095   0.9149199417
 108  1.342  0.181 -1.467  0.636 -0.429 -0.095   0.9149179587
 109  1.344  0.181 -1.467  0.636 -0.429 -0.095   0.9149167159
 117  1.344  0.149 -1.467  0.636 -0.429 -0.095   0.9146292432
 119  1.344  0.038 -1.467  0.636 -0.429 -0.095   0.9144156962
 121  1.344 -0.005 -1.467  0.636 -0.429 -0.095   0.9144021585
 123  1.344 -0.001 -1.467  0.636 -0.429 -0.095   0.9143987162
 124  1.344  0.004 -1.467  0.636 -0.429 -0.095   0.9143944750
 125  1.344  0.008 -1.467  0.636 -0.429 -0.095   0.9143915208
 139  1.344  0.008 -1.497  0.636 -0.429 -0.095   0.9143141683
 141  1.344  0.008 -1.500  0.636 -0.429 -0.095   0.9143130518
 154  1.344  0.008 -1.500  0.625 -0.429 -0.095   0.9142567962
 156  1.344  0.008 -1.500  0.613 -0.429 -0.095   0.9142206284
 157  1.344  0.008 -1.500  0.612 -0.429 -0.095   0.9142198086
 159  1.344  0.008 -1.500  0.611 -0.429 -0.095   0.9142197694
 169  1.344  0.008 -1.500  0.611 -0.433 -0.095   0.9141986438
 170  1.344  0.008 -1.500  0.611 -0.455 -0.095   0.9141399694
 172  1.344  0.008 -1.500  0.611 -0.454 -0.095   0.9141394868
 183  1.344  0.008 -1.500  0.611 -0.453 -0.110   0.9140993004
 184  1.344  0.008 -1.500  0.611 -0.453 -0.113   0.9140932626
 186  1.344  0.008 -1.500  0.611 -0.453 -0.116   0.9140914195
  powell nthiter 2: fret = 0.914091
 199  1.352  0.008 -1.500  0.611 -0.453 -0.116   0.9140454422
 201  1.355  0.008 -1.500  0.611 -0.453 -0.116   0.9140424552
 217  1.355  0.007 -1.500  0.611 -0.453 -0.116   0.9140418370
 231  1.355  0.007 -1.503  0.611 -0.453 -0.116   0.9140414151
 233  1.355  0.007 -1.502  0.611 -0.453 -0.116   0.9140407588
 259  1.355  0.007 -1.502  0.611 -0.464 -0.116   0.9140286584
 260  1.355  0.007 -1.502  0.611 -0.463 -0.116   0.9140283919
 261  1.355  0.007 -1.502  0.611 -0.462 -0.116   0.9140283221
 274  1.355  0.007 -1.502  0.611 -0.462 -0.112   0.9140255984
 276  1.355  0.007 -1.502  0.611 -0.462 -0.113   0.9140253632
 278  1.366  0.006 -1.504  0.611 -0.472 -0.110   0.9140240639
 284  1.361  0.006 -1.503  0.611 -0.468 -0.111   0.9140211994
 285  1.359  0.006 -1.503  0.611 -0.466 -0.112   0.9140210769
 286  1.360  0.006 -1.503  0.611 -0.467 -0.112   0.9140209765
 287  1.360  0.006 -1.503  0.611 -0.467 -0.112   0.9140209695
 289  1.360  0.006 -1.503  0.611 -0.467 -0.112   0.9140209687
  powell nthiter 3: fret = 0.914021
 300  1.360  0.006 -1.503  0.611 -0.467 -0.110   0.9140208805
 303  1.360  0.006 -1.503  0.611 -0.467 -0.111   0.9140206105
 332  1.360  0.006 -1.504  0.611 -0.467 -0.111   0.9140202095
 361  1.360  0.006 -1.504  0.611 -0.462 -0.111   0.9140187698
 362  1.360  0.006 -1.504  0.611 -0.463 -0.111   0.9140187272
 373  1.360  0.006 -1.504  0.611 -0.463 -0.111   0.9140187239
 375  1.360  0.006 -1.504  0.611 -0.463 -0.111   0.9140187055
  powell nthiter 4: fret = 0.914019
 390  1.359  0.006 -1.504  0.611 -0.463 -0.109   0.9140181418
 405  1.359  0.007 -1.504  0.611 -0.463 -0.109   0.9140181301
 435  1.359  0.007 -1.503  0.612 -0.463 -0.109   0.9140179134
 449  1.359  0.007 -1.503  0.612 -0.462 -0.109   0.9140176754
 457  1.361  0.007 -1.503  0.612 -0.463 -0.109   0.9140170039
 458  1.361  0.007 -1.503  0.612 -0.463 -0.109   0.9140169679
 460  1.361  0.007 -1.503  0.612 -0.463 -0.109   0.9140169616
 461  1.361  0.007 -1.503  0.612 -0.463 -0.109   0.9140169316
 463  1.361  0.007 -1.503  0.612 -0.463 -0.109   0.9140168980
 464  1.361  0.007 -1.503  0.612 -0.463 -0.109   0.9140168812
 466  1.363  0.009 -1.503  0.613 -0.464 -0.106   0.9140162533
 474  1.363  0.009 -1.503  0.613 -0.464 -0.106   0.9140162529
 476  1.363  0.009 -1.503  0.613 -0.464 -0.106   0.9140162392
  powell nthiter 5: fret = 0.914016
 504  1.363  0.012 -1.503  0.613 -0.464 -0.106   0.9140150860
 506  1.363  0.011 -1.503  0.613 -0.464 -0.106   0.9140147274
 521  1.363  0.011 -1.504  0.613 -0.464 -0.106   0.9140138399
 552  1.364  0.012 -1.504  0.614 -0.464 -0.104   0.9140116978
 553  1.367  0.014 -1.502  0.616 -0.465 -0.101   0.9140113064
 554  1.366  0.014 -1.503  0.615 -0.464 -0.102   0.9140109970
 563  1.366  0.014 -1.503  0.615 -0.464 -0.102   0.9140109928
 567  1.370  0.020 -1.502  0.618 -0.465 -0.095   0.9140080424
  powell nthiter 6: fret = 0.914008
 594  1.371  0.020 -1.502  0.618 -0.465 -0.106   0.9140059533
 595  1.371  0.020 -1.502  0.618 -0.465 -0.102   0.9140018291
 609  1.371  0.021 -1.502  0.618 -0.465 -0.102   0.9140014191
 622  1.371  0.021 -1.505  0.618 -0.465 -0.102   0.9139996483
 623  1.371  0.021 -1.507  0.618 -0.465 -0.102   0.9139981724
 627  1.371  0.021 -1.508  0.618 -0.465 -0.102   0.9139980940
 640  1.371  0.021 -1.508  0.619 -0.465 -0.102   0.9139967126
 641  1.371  0.021 -1.508  0.620 -0.465 -0.102   0.9139961876
 654  1.371  0.021 -1.508  0.620 -0.475 -0.102   0.9139876637
 655  1.371  0.021 -1.508  0.620 -0.474 -0.102   0.9139870641
 656  1.371  0.021 -1.508  0.620 -0.473 -0.102   0.9139868496
 660  1.375  0.027 -1.508  0.623 -0.474 -0.096   0.9139786293
 670  1.376  0.028 -1.508  0.624 -0.474 -0.095   0.9139786012
 671  1.376  0.028 -1.508  0.624 -0.474 -0.095   0.9139785454
  powell nthiter 7: fret = 0.913979
 686  1.376  0.028 -1.508  0.624 -0.474 -0.110   0.9139674618
 689  1.376  0.028 -1.508  0.624 -0.474 -0.109   0.9139673216
 699  1.376  0.031 -1.508  0.624 -0.474 -0.109   0.9139653593
 701  1.376  0.030 -1.508  0.624 -0.474 -0.109   0.9139652359
 714  1.376  0.030 -1.511  0.624 -0.474 -0.109   0.9139590739
 715  1.376  0.030 -1.517  0.624 -0.474 -0.109   0.9139580482
 717  1.376  0.030 -1.514  0.624 -0.474 -0.109   0.9139564143
 732  1.376  0.030 -1.514  0.625 -0.474 -0.109   0.9139554711
 746  1.376  0.030 -1.514  0.625 -0.475 -0.109   0.9139553504
 748  1.381  0.037 -1.514  0.628 -0.476 -0.102   0.9139438435
 755  1.381  0.037 -1.514  0.629 -0.476 -0.102   0.9139437908
 756  1.381  0.037 -1.514  0.628 -0.476 -0.102   0.9139437591
 763  1.381  0.037 -1.514  0.628 -0.476 -0.102   0.9139437585
 764  1.386  0.046 -1.519  0.633 -0.478 -0.109   0.9139152787
 771  1.387  0.047 -1.520  0.634 -0.479 -0.110   0.9139148695
 772  1.386  0.047 -1.520  0.634 -0.479 -0.110   0.9139147700
 777  1.386  0.047 -1.520  0.634 -0.479 -0.110   0.9139147640
  powell nthiter 8: fret = 0.913915
 787  1.386  0.047 -1.520  0.634 -0.479 -0.118   0.9139142556
 789  1.386  0.047 -1.520  0.634 -0.479 -0.114   0.9139120923
 802  1.386  0.044 -1.520  0.634 -0.479 -0.114   0.9139027869
 817  1.386  0.044 -1.524  0.634 -0.479 -0.114   0.9139020874
 819  1.386  0.044 -1.522  0.634 -0.479 -0.114   0.9139012118
 845  1.386  0.044 -1.522  0.634 -0.492 -0.114   0.9138827830
 847  1.386  0.044 -1.522  0.634 -0.493 -0.114   0.9138824288
 855  1.388  0.047 -1.525  0.636 -0.494 -0.117   0.9138803131
 856  1.388  0.046 -1.524  0.635 -0.494 -0.116   0.9138797120
 857  1.388  0.046 -1.524  0.635 -0.494 -0.116   0.9138796889
 858  1.388  0.046 -1.524  0.635 -0.494 -0.116   0.9138796642
 859  1.388  0.046 -1.524  0.635 -0.494 -0.116   0.9138796106
  powell nthiter 9: fret = 0.913880
 871  1.388  0.046 -1.524  0.635 -0.494 -0.118   0.9138778839
 872  1.388  0.046 -1.524  0.635 -0.494 -0.119   0.9138778369
 911  1.388  0.046 -1.524  0.632 -0.494 -0.119   0.9138769335
 913  1.388  0.046 -1.524  0.633 -0.494 -0.119   0.9138762053
 933  1.387  0.045 -1.523  0.632 -0.493 -0.118   0.9138747331
 935  1.387  0.045 -1.523  0.632 -0.493 -0.117   0.9138747306
 941  1.386  0.043 -1.522  0.630 -0.493 -0.119   0.9138722657
 946  1.385  0.042 -1.521  0.628 -0.493 -0.120   0.9138716763
 948  1.385  0.042 -1.521  0.627 -0.493 -0.120   0.9138716621
 950  1.385  0.042 -1.521  0.627 -0.493 -0.120   0.9138716441
 954  1.385  0.042 -1.521  0.628 -0.493 -0.120   0.9138716157
  powell nthiter 10: fret = 0.913872
 968  1.385  0.042 -1.521  0.628 -0.493 -0.120   0.9138715674
 999  1.385  0.042 -1.520  0.628 -0.493 -0.120   0.9138712570
1012  1.385  0.042 -1.520  0.629 -0.493 -0.120   0.9138710602
1032  1.385  0.042 -1.520  0.628 -0.493 -0.120   0.9138710119
1033  1.385  0.041 -1.520  0.628 -0.493 -0.120   0.9138709896
1039  1.385  0.041 -1.520  0.628 -0.493 -0.120   0.9138709849
  powell nthiter 11: fret = 0.913871
1055  1.385  0.042 -1.520  0.628 -0.493 -0.120   0.9138709585
1117  1.385  0.042 -1.520  0.628 -0.493 -0.120   0.9138709130
1122  1.385  0.042 -1.520  0.628 -0.493 -0.120   0.9138708963
  powell nthiter 12: fret = 0.913871
1133  1.385  0.042 -1.520  0.628 -0.493 -0.120   0.9138708953
1201  1.385  0.042 -1.520  0.628 -0.493 -0.120   0.9138708673
Powell done niters = 12
Computing relative cost
 0  -25.0 -25.0 -25.0   1.008931
 1  -25.0 -25.0  25.0   0.972209
 2  -25.0  25.0 -25.0   1.006479
 3  -25.0  25.0  25.0   1.003386
 4   25.0 -25.0 -25.0   0.963789
 5   25.0 -25.0  25.0   0.965210
 6   25.0  25.0 -25.0   0.967814
 7   25.0  25.0  25.0   0.983352
REL:  8  0.913871    7.871172  0.983896 rel = 0.928828 
Number of iterations    12
Min cost was 0.913871
Number of FunctionCalls  1202
TolPowell 0.000000
nMaxItersPowell 36
OptimizationTime 196.277409 sec
Parameters at optimum (transmm)  1.38527  0.04162 -1.52001
Parameters at optimum (rotdeg)  0.62841 -0.49276 -0.12007 
Final costs ----------------
Number of surface hits 416136
WM  Intensity  1173.7283 +/- 724.2373
Ctx Intensity  1199.1648 +/- 725.3577
Pct Contrast      2.4102 +/-  45.2435
Cost   0.9139
RelCost   0.9486
Reg at min cost was 
-0.99383   0.08175   0.07497   6.02877;
 0.07690   0.02062   0.99683   13.22642;
-0.07995  -0.99644   0.02678  -2.10398;
 0.00000   0.00000   0.00000   1.00000;

Writing optimal reg to /localscratch/bpinsard.41451843.0/freesurfer_crosssectional_autorecon3_sub02_ses007.job/sub-02_ses-007/mri/transforms/T2raw.auto.dat, type = 14 
Original Reg 
-0.99464   0.07314   0.07311   4.61066;
 0.07403   0.00986   0.99721   13.18687;
-0.07221  -0.99727   0.01522  -0.76832;
 0.00000   0.00000   0.00000   1.00000;

Original Reg - Optimal Reg
-0.00081  -0.00862  -0.00186  -1.41811;
-0.00287  -0.01077   0.00038  -0.03955;
 0.00774  -0.00083  -0.01156   1.33566;
 0.00000   0.00000   0.00000   0.00000;

Computing change in lh position
LH rmsDiffMean 1.727565
Computing change in rh position
Surface-RMS-Diff-mm 1.887414 0.288156 2.603360
mri_segreg done
MinCost: 0.913871 1173.728250 1199.164824 2.410198 
tkregister2_cmdl --mov /localscratch/bpinsard.41451843.0/freesurfer_crosssectional_autorecon3_sub02_ses007.job/sub-02_ses-007/mri/orig/T2raw.mgz --reg /localscratch/bpinsard.41451843.0/freesurfer_crosssectional_autorecon3_sub02_ses007.job/sub-02_ses-007/mri/transforms/T2raw.auto.dat --noedit --ltaout /localscratch/bpinsard.41451843.0/freesurfer_crosssectional_autorecon3_sub02_ses007.job/sub-02_ses-007/mri/transforms/T2raw.auto.lta
INFO: no target volume specified, assuming FreeSurfer orig volume.
target  volume orig
movable volume /localscratch/bpinsard.41451843.0/freesurfer_crosssectional_autorecon3_sub02_ses007.job/sub-02_ses-007/mri/orig/T2raw.mgz
reg file       /localscratch/bpinsard.41451843.0/freesurfer_crosssectional_autorecon3_sub02_ses007.job/sub-02_ses-007/mri/transforms/T2raw.auto.dat
LoadVol        0
ZeroCRAS       0
7.4.1
Diagnostic Level -1
---- Input registration matrix --------
-0.99383   0.08175   0.07497   6.02877;
 0.07690   0.02062   0.99683   13.22642;
-0.07995  -0.99644   0.02678  -2.10398;
 0.00000   0.00000   0.00000   1.00000;
float2int = 0
---------------------------------------
INFO: loading target /localscratch/bpinsard.41451843.0/freesurfer_crosssectional_autorecon3_sub02_ses007.job/sub-02_ses-007/mri/orig.mgz
INFO: target does not conform to COR format, so I'm going to
reslice to COR. This will not affect the final registration.
Ttarg: --------------------
-1.00000   0.00000   0.00000   128.00000;
 0.00000   0.00000   1.00000  -128.00000;
 0.00000  -1.00000   0.00000   128.00000;
 0.00000   0.00000   0.00000   1.00000;
INFO: loading movable /localscratch/bpinsard.41451843.0/freesurfer_crosssectional_autorecon3_sub02_ses007.job/sub-02_ses-007/mri/orig/T2raw.mgz
Tmov: --------------------
-0.80000   0.00000   0.00000   83.19952;
 0.00000   0.00000   0.80000  -128.00000;
 0.00000  -0.80000   0.00000   120.00000;
 0.00000   0.00000   0.00000   1.00000;
mkheaderreg = 0, float2int = 0
---- Input registration matrix --------
-0.99383   0.08175   0.07497   6.02875;
 0.07690   0.02062   0.99683   13.22643;
-0.07995  -0.99644   0.02678  -2.10397;
 0.00000   0.00000   0.00000   1.00000;
Determinant -1
subject = sub-02_ses-007
RegMat ---------------------------
-0.99383   0.08175   0.07497   6.02877;
 0.07690   0.02062   0.99683   13.22642;
-0.07995  -0.99644   0.02678  -2.10398;
 0.00000   0.00000   0.00000   1.00000;
Cleaning up
 
Started at Sun Oct 8 03:16:17 UTC 2023 
Ended   at Sun Oct  8 03:22:06 UTC 2023
BBR-Run-Time-Sec 349
 
bbregister Done
To check results, run:
tkregisterfv --mov /localscratch/bpinsard.41451843.0/freesurfer_crosssectional_autorecon3_sub02_ses007.job/sub-02_ses-007/mri/orig/T2raw.mgz --reg /localscratch/bpinsard.41451843.0/freesurfer_crosssectional_autorecon3_sub02_ses007.job/sub-02_ses-007/mri/transforms/T2raw.auto.lta --surfs  --sd /localscratch/bpinsard.41451843.0/freesurfer_crosssectional_autorecon3_sub02_ses007.job
