status file for recon-all
Fri Oct 13 18:25:41 UTC 2023
#@# MotionCor Fri Oct 13 18:26:24 UTC 2023
#@# Talairach Fri Oct 13 18:26:24 UTC 2023
#@# Talairach Failure Detection Fri Oct 13 18:26:26 UTC 2023
#@# Nu Intensity Correction Fri Oct 13 18:26:26 UTC 2023
#@# Intensity Normalization Fri Oct 13 18:36:04 UTC 2023
#@# Skull Stripping Fri Oct 13 18:50:40 UTC 2023
#@# EM Registration Fri Oct 13 18:50:46 UTC 2023
#@# CA Normalize Fri Oct 13 18:50:46 UTC 2023
#@# CA Reg Fri Oct 13 18:55:01 UTC 2023
#@# SubCort Seg Fri Oct 13 19:22:06 UTC 2023
#@# CC Seg Fri Oct 13 19:34:59 UTC 2023
#@# Merge ASeg Fri Oct 13 19:43:50 UTC 2023
#@# Intensity Normalization2 Fri Oct 13 19:43:50 UTC 2023
#@# Mask BFS Fri Oct 13 19:51:20 UTC 2023
#@# WM Segmentation Fri Oct 13 19:51:28 UTC 2023
#@# Smooth2 lh Fri Oct 13 20:13:00 UTC 2023
#@# Smooth2 rh Fri Oct 13 20:13:08 UTC 2023
#@# Inflation2 lh Fri Oct 13 20:13:15 UTC 2023
#@# Inflation2 rh Fri Oct 13 20:13:48 UTC 2023
#@# Curv .H and .K lh Fri Oct 13 20:14:22 UTC 2023
#@# Curv .H and .K rh Fri Oct 13 20:16:21 UTC 2023
#@# Sphere lh Fri Oct 13 20:18:20 UTC 2023
#@# Sphere rh Fri Oct 13 20:18:20 UTC 2023
#@# Surf Reg lh Fri Oct 13 20:18:20 UTC 2023
#@# Surf Reg rh Fri Oct 13 20:22:58 UTC 2023
#@# Jacobian white lh Fri Oct 13 20:27:38 UTC 2023
#@# Jacobian white rh Fri Oct 13 20:27:40 UTC 2023
#@# AvgCurv lh Fri Oct 13 20:27:42 UTC 2023
#@# AvgCurv rh Fri Oct 13 20:27:44 UTC 2023
#@# Cortical Parc lh Fri Oct 13 20:27:46 UTC 2023
#@# Cortical Parc rh Fri Oct 13 20:28:08 UTC 2023
#@# white curv lh Fri Oct 13 20:48:08 UTC 2023
#@# white area lh Fri Oct 13 20:48:13 UTC 2023
#@# pial curv lh Fri Oct 13 20:48:14 UTC 2023
#@# pial area lh Fri Oct 13 20:48:19 UTC 2023
#@# thickness lh Fri Oct 13 20:48:21 UTC 2023
#@# area and vertex vol lh Fri Oct 13 20:49:41 UTC 2023
#@# white curv rh Fri Oct 13 20:49:46 UTC 2023
#@# white area rh Fri Oct 13 20:49:50 UTC 2023
#@# pial curv rh Fri Oct 13 20:49:52 UTC 2023
#@# pial area rh Fri Oct 13 20:49:57 UTC 2023
#@# thickness rh Fri Oct 13 20:49:59 UTC 2023
#@# area and vertex vol rh Fri Oct 13 20:51:21 UTC 2023
#@# Curvature Stats lh Fri Oct 13 20:51:25 UTC 2023
#@# Curvature Stats rh Fri Oct 13 20:51:32 UTC 2023
#@# Cortical ribbon mask Fri Oct 13 20:51:38 UTC 2023
#@# Cortical Parc 2 lh Fri Oct 13 21:44:22 UTC 2023
#@# Cortical Parc 2 rh Fri Oct 13 21:44:47 UTC 2023
#@# Cortical Parc 3 lh Fri Oct 13 21:45:15 UTC 2023
#@# Cortical Parc 3 rh Fri Oct 13 21:45:37 UTC 2023
#@# WM/GM Contrast lh Fri Oct 13 21:46:01 UTC 2023
#@# WM/GM Contrast rh Fri Oct 13 21:46:10 UTC 2023
#@# Relabel Hypointensities Fri Oct 13 21:46:19 UTC 2023
#@# APas-to-ASeg Fri Oct 13 21:47:09 UTC 2023
#@# AParc-to-ASeg aparc Fri Oct 13 21:47:46 UTC 2023
#@# AParc-to-ASeg aparc.a2009s Fri Oct 13 21:53:04 UTC 2023
#@# AParc-to-ASeg aparc.DKTatlas Fri Oct 13 21:57:49 UTC 2023
#@# WMParc Fri Oct 13 22:02:19 UTC 2023
#@# Parcellation Stats lh Fri Oct 13 22:09:58 UTC 2023
#@# Parcellation Stats rh Fri Oct 13 22:11:37 UTC 2023
#@# Parcellation Stats 2 lh Fri Oct 13 22:13:18 UTC 2023
#@# Parcellation Stats 2 rh Fri Oct 13 22:14:10 UTC 2023
#@# Parcellation Stats 3 lh Fri Oct 13 22:15:03 UTC 2023
#@# Parcellation Stats 3 rh Fri Oct 13 22:15:52 UTC 2023
#@# ASeg Stats Fri Oct 13 22:16:43 UTC 2023
#@# BA_exvivo Labels lh Fri Oct 13 22:18:35 UTC 2023
#@# BA_exvivo Labels rh Fri Oct 13 22:25:55 UTC 2023
recon-all -s sub-01_ses-006.long.sub-01 finished without error at Fri Oct 13 22:33:18 UTC 2023
