Log file for longmc
Sat Oct 14 00:42:36 UTC 2023

setenv SUBJECTS_DIR /localscratch/bpinsard.41537207.0/freesurfer_longitudinal_autoreconall_sub06.job
cd /localscratch/bpinsard.41537207.0/freesurfer_longitudinal_autoreconall_sub06.job/sub-06_ses-004.long.sub-06
/opt/freesurfer/bin/longmc -long sub-06_ses-004 sub-06 -s sub-06_ses-004.long.sub-06

freesurfer-linux-centos7_x86_64-7.4.1-20230613-7eb8460
longmc 7.4.1
Linux bc12315.int.ets1.calculquebec.ca 3.10.0-1160.90.1.el7.x86_64 #1 SMP Thu May 4 15:21:22 UTC 2023 x86_64 x86_64 x86_64 GNU/Linux
pid 150922

 mri_convert -at /localscratch/bpinsard.41537207.0/freesurfer_longitudinal_autoreconall_sub06.job/sub-06/mri/transforms/sub-06_ses-004_to_sub-06.lta -odt uchar -rt cubic /localscratch/bpinsard.41537207.0/freesurfer_longitudinal_autoreconall_sub06.job/sub-06_ses-004/mri/orig/001.mgz /localscratch/bpinsard.41537207.0/freesurfer_longitudinal_autoreconall_sub06.job/sub-06_ses-004.long.sub-06/mri/orig.mgz 

mri_convert -at /localscratch/bpinsard.41537207.0/freesurfer_longitudinal_autoreconall_sub06.job/sub-06/mri/transforms/sub-06_ses-004_to_sub-06.lta -odt uchar -rt cubic /localscratch/bpinsard.41537207.0/freesurfer_longitudinal_autoreconall_sub06.job/sub-06_ses-004/mri/orig/001.mgz /localscratch/bpinsard.41537207.0/freesurfer_longitudinal_autoreconall_sub06.job/sub-06_ses-004.long.sub-06/mri/orig.mgz 
reading from /localscratch/bpinsard.41537207.0/freesurfer_longitudinal_autoreconall_sub06.job/sub-06_ses-004/mri/orig/001.mgz...
TR=0.00, TE=0.00, TI=0.00, flip angle=0.00
i_ras = (1, 0, 0)
j_ras = (0, 1, 0)
k_ras = (0, 0, 1)
INFO: Reading transformation from file /localscratch/bpinsard.41537207.0/freesurfer_longitudinal_autoreconall_sub06.job/sub-06/mri/transforms/sub-06_ses-004_to_sub-06.lta...
Reading transform with LTAreadEx()
INFO: Applying transformation from file /localscratch/bpinsard.41537207.0/freesurfer_longitudinal_autoreconall_sub06.job/sub-06/mri/transforms/sub-06_ses-004_to_sub-06.lta...
---------------------------------
INFO: Transform Matrix (linear_ras_to_ras)
 0.99983  -0.01223  -0.01397   0.51368;
 0.01217   0.99992  -0.00399   0.28990;
 0.01402   0.00382   0.99989  -10.02444;
 0.00000   0.00000   0.00000   1.00000;
---------------------------------
Applying LTAtransformInterp (resample_type 5)
MRItoBSpline degree 3
changing data type from float to uchar (noscale = 0)...
MRIchangeType: Building histogram 0 7145.06 1000, flo=0, fhi=0.999, dest_type=0
writing to /localscratch/bpinsard.41537207.0/freesurfer_longitudinal_autoreconall_sub06.job/sub-06_ses-004.long.sub-06/mri/orig.mgz...

 mri_convert -at /localscratch/bpinsard.41537207.0/freesurfer_longitudinal_autoreconall_sub06.job/sub-06/mri/transforms/sub-06_ses-004_to_sub-06.lta -rt cubic /localscratch/bpinsard.41537207.0/freesurfer_longitudinal_autoreconall_sub06.job/sub-06_ses-004/mri/orig/001.mgz /localscratch/bpinsard.41537207.0/freesurfer_longitudinal_autoreconall_sub06.job/sub-06_ses-004.long.sub-06/mri/rawavg.mgz 

mri_convert -at /localscratch/bpinsard.41537207.0/freesurfer_longitudinal_autoreconall_sub06.job/sub-06/mri/transforms/sub-06_ses-004_to_sub-06.lta -rt cubic /localscratch/bpinsard.41537207.0/freesurfer_longitudinal_autoreconall_sub06.job/sub-06_ses-004/mri/orig/001.mgz /localscratch/bpinsard.41537207.0/freesurfer_longitudinal_autoreconall_sub06.job/sub-06_ses-004.long.sub-06/mri/rawavg.mgz 
reading from /localscratch/bpinsard.41537207.0/freesurfer_longitudinal_autoreconall_sub06.job/sub-06_ses-004/mri/orig/001.mgz...
TR=0.00, TE=0.00, TI=0.00, flip angle=0.00
i_ras = (1, 0, 0)
j_ras = (0, 1, 0)
k_ras = (0, 0, 1)
INFO: Reading transformation from file /localscratch/bpinsard.41537207.0/freesurfer_longitudinal_autoreconall_sub06.job/sub-06/mri/transforms/sub-06_ses-004_to_sub-06.lta...
Reading transform with LTAreadEx()
INFO: Applying transformation from file /localscratch/bpinsard.41537207.0/freesurfer_longitudinal_autoreconall_sub06.job/sub-06/mri/transforms/sub-06_ses-004_to_sub-06.lta...
---------------------------------
INFO: Transform Matrix (linear_ras_to_ras)
 0.99983  -0.01223  -0.01397   0.51368;
 0.01217   0.99992  -0.00399   0.28990;
 0.01402   0.00382   0.99989  -10.02444;
 0.00000   0.00000   0.00000   1.00000;
---------------------------------
Applying LTAtransformInterp (resample_type 5)
MRItoBSpline degree 3
writing to /localscratch/bpinsard.41537207.0/freesurfer_longitudinal_autoreconall_sub06.job/sub-06_ses-004.long.sub-06/mri/rawavg.mgz...
 
Started at Sat Oct 14 00:42:36 UTC 2023 
Ended   at Sat Oct 14 00:43:17 UTC 2023
Longmc-Run-Time-Sec 41
Longmc-Run-Time-Min 0.82
Longmc-Run-Time-Hours 0.01
 
longmc Done
