Log file for defect2seg
Thu Oct  5 15:59:38 UTC 2023

setenv SUBJECTS_DIR /localscratch/bpinsard.41394420.0/freesurfer_crosssectional_autorecon1smriprep_skullstripautorecon2autorecon3_sub01_ses009.job
cd /localscratch/bpinsard.41394420.0/freesurfer_crosssectional_autorecon1smriprep_skullstripautorecon2autorecon3_sub01_ses009.job/sub-01_ses-009/scripts
/opt/freesurfer/bin/defect2seg --s sub-01_ses-009 --cortex

freesurfer-linux-centos7_x86_64-7.4.1-20230613-7eb8460
defect2seg 7.4.1
Linux bc12335.int.ets1.calculquebec.ca 3.10.0-1160.99.1.el7.x86_64 #1 SMP Wed Sep 13 14:19:20 UTC 2023 x86_64 x86_64 x86_64 GNU/Linux
pid 17372
mri_label2label --label-cortex /localscratch/bpinsard.41394420.0/freesurfer_crosssectional_autorecon1smriprep_skullstripautorecon2autorecon3_sub01_ses009.job/sub-01_ses-009/surf/lh.orig.nofix /localscratch/bpinsard.41394420.0/freesurfer_crosssectional_autorecon1smriprep_skullstripautorecon2autorecon3_sub01_ses009.job/sub-01_ses-009/mri/aseg.presurf.mgz 0 /localscratch/bpinsard.41394420.0/freesurfer_crosssectional_autorecon1smriprep_skullstripautorecon2autorecon3_sub01_ses009.job/sub-01_ses-009/label/lh.nofix.cortex.label

 Generating cortex label... RemoveHipAmgy=0
 NucAccIsMedialWall=0
 mris->useRealRAS=0
20 non-cortical segments detected
only using segment with 12132 vertices
erasing segment 0 (vno[0] = 49044)
erasing segment 1 (vno[0] = 54105)
erasing segment 3 (vno[0] = 109206)
erasing segment 4 (vno[0] = 126756)
erasing segment 5 (vno[0] = 131387)
erasing segment 6 (vno[0] = 144220)
erasing segment 7 (vno[0] = 146698)
erasing segment 8 (vno[0] = 154971)
erasing segment 9 (vno[0] = 156777)
erasing segment 10 (vno[0] = 160611)
erasing segment 11 (vno[0] = 160664)
erasing segment 12 (vno[0] = 160672)
erasing segment 13 (vno[0] = 161829)
erasing segment 14 (vno[0] = 164381)
erasing segment 15 (vno[0] = 165550)
erasing segment 16 (vno[0] = 174229)
erasing segment 17 (vno[0] = 178873)
erasing segment 18 (vno[0] = 204863)
erasing segment 19 (vno[0] = 224308)
mri_label2vol --defects /localscratch/bpinsard.41394420.0/freesurfer_crosssectional_autorecon1smriprep_skullstripautorecon2autorecon3_sub01_ses009.job/sub-01_ses-009/surf/lh.orig.nofix /localscratch/bpinsard.41394420.0/freesurfer_crosssectional_autorecon1smriprep_skullstripautorecon2autorecon3_sub01_ses009.job/sub-01_ses-009/surf/lh.defect_labels /localscratch/bpinsard.41394420.0/freesurfer_crosssectional_autorecon1smriprep_skullstripautorecon2autorecon3_sub01_ses009.job/sub-01_ses-009/mri/orig.mgz 1000 0 /localscratch/bpinsard.41394420.0/freesurfer_crosssectional_autorecon1smriprep_skullstripautorecon2autorecon3_sub01_ses009.job/sub-01_ses-009/mri/surface.defects.mgz /localscratch/bpinsard.41394420.0/freesurfer_crosssectional_autorecon1smriprep_skullstripautorecon2autorecon3_sub01_ses009.job/sub-01_ses-009/label/lh.nofix.cortex.label
mri_label2vol supposed to be reproducible but seed not set
Contraining to label /localscratch/bpinsard.41394420.0/freesurfer_crosssectional_autorecon1smriprep_skullstripautorecon2autorecon3_sub01_ses009.job/sub-01_ses-009/label/lh.nofix.cortex.label
Changing input type 0 to MRI_INT
Converting defects to volume: offset=1000, merge=0
Writing to /localscratch/bpinsard.41394420.0/freesurfer_crosssectional_autorecon1smriprep_skullstripautorecon2autorecon3_sub01_ses009.job/sub-01_ses-009/mri/surface.defects.mgz
mris_defects_pointset -s /localscratch/bpinsard.41394420.0/freesurfer_crosssectional_autorecon1smriprep_skullstripautorecon2autorecon3_sub01_ses009.job/sub-01_ses-009/surf/lh.orig.nofix -d /localscratch/bpinsard.41394420.0/freesurfer_crosssectional_autorecon1smriprep_skullstripautorecon2autorecon3_sub01_ses009.job/sub-01_ses-009/surf/lh.defect_labels -o /localscratch/bpinsard.41394420.0/freesurfer_crosssectional_autorecon1smriprep_skullstripautorecon2autorecon3_sub01_ses009.job/sub-01_ses-009/surf/lh.defects.pointset --label /localscratch/bpinsard.41394420.0/freesurfer_crosssectional_autorecon1smriprep_skullstripautorecon2autorecon3_sub01_ses009.job/sub-01_ses-009/label/lh.nofix.cortex.label
Reading in surface /localscratch/bpinsard.41394420.0/freesurfer_crosssectional_autorecon1smriprep_skullstripautorecon2autorecon3_sub01_ses009.job/sub-01_ses-009/surf/lh.orig.nofix
Reading in defect segmentation /localscratch/bpinsard.41394420.0/freesurfer_crosssectional_autorecon1smriprep_skullstripautorecon2autorecon3_sub01_ses009.job/sub-01_ses-009/surf/lh.defect_labels
Reading in label /localscratch/bpinsard.41394420.0/freesurfer_crosssectional_autorecon1smriprep_skullstripautorecon2autorecon3_sub01_ses009.job/sub-01_ses-009/label/lh.nofix.cortex.label
#VMPC# mris_defects_pointset 602152
mris_defects_pointset done
mri_label2label --label-cortex /localscratch/bpinsard.41394420.0/freesurfer_crosssectional_autorecon1smriprep_skullstripautorecon2autorecon3_sub01_ses009.job/sub-01_ses-009/surf/rh.orig.nofix /localscratch/bpinsard.41394420.0/freesurfer_crosssectional_autorecon1smriprep_skullstripautorecon2autorecon3_sub01_ses009.job/sub-01_ses-009/mri/aseg.presurf.mgz 0 /localscratch/bpinsard.41394420.0/freesurfer_crosssectional_autorecon1smriprep_skullstripautorecon2autorecon3_sub01_ses009.job/sub-01_ses-009/label/rh.nofix.cortex.label

 Generating cortex label... RemoveHipAmgy=0
 NucAccIsMedialWall=0
 mris->useRealRAS=0
27 non-cortical segments detected
only using segment with 11673 vertices
erasing segment 0 (vno[0] = 20440)
erasing segment 2 (vno[0] = 70981)
erasing segment 3 (vno[0] = 73595)
erasing segment 4 (vno[0] = 78047)
erasing segment 5 (vno[0] = 113856)
erasing segment 6 (vno[0] = 143219)
erasing segment 7 (vno[0] = 145584)
erasing segment 8 (vno[0] = 148876)
erasing segment 9 (vno[0] = 151700)
erasing segment 10 (vno[0] = 151785)
erasing segment 11 (vno[0] = 153253)
erasing segment 12 (vno[0] = 154650)
erasing segment 13 (vno[0] = 154804)
erasing segment 14 (vno[0] = 154971)
erasing segment 15 (vno[0] = 156206)
erasing segment 16 (vno[0] = 157767)
erasing segment 17 (vno[0] = 157904)
erasing segment 18 (vno[0] = 159284)
erasing segment 19 (vno[0] = 160747)
erasing segment 20 (vno[0] = 180546)
erasing segment 21 (vno[0] = 185512)
erasing segment 22 (vno[0] = 186635)
erasing segment 23 (vno[0] = 216466)
erasing segment 24 (vno[0] = 222002)
erasing segment 25 (vno[0] = 222591)
erasing segment 26 (vno[0] = 223918)
mri_label2vol --defects /localscratch/bpinsard.41394420.0/freesurfer_crosssectional_autorecon1smriprep_skullstripautorecon2autorecon3_sub01_ses009.job/sub-01_ses-009/surf/rh.orig.nofix /localscratch/bpinsard.41394420.0/freesurfer_crosssectional_autorecon1smriprep_skullstripautorecon2autorecon3_sub01_ses009.job/sub-01_ses-009/surf/rh.defect_labels /localscratch/bpinsard.41394420.0/freesurfer_crosssectional_autorecon1smriprep_skullstripautorecon2autorecon3_sub01_ses009.job/sub-01_ses-009/mri/surface.defects.mgz 2000 1 /localscratch/bpinsard.41394420.0/freesurfer_crosssectional_autorecon1smriprep_skullstripautorecon2autorecon3_sub01_ses009.job/sub-01_ses-009/mri/surface.defects.mgz /localscratch/bpinsard.41394420.0/freesurfer_crosssectional_autorecon1smriprep_skullstripautorecon2autorecon3_sub01_ses009.job/sub-01_ses-009/label/rh.nofix.cortex.label
mri_label2vol supposed to be reproducible but seed not set
Contraining to label /localscratch/bpinsard.41394420.0/freesurfer_crosssectional_autorecon1smriprep_skullstripautorecon2autorecon3_sub01_ses009.job/sub-01_ses-009/label/rh.nofix.cortex.label
Converting defects to volume: offset=2000, merge=1
Writing to /localscratch/bpinsard.41394420.0/freesurfer_crosssectional_autorecon1smriprep_skullstripautorecon2autorecon3_sub01_ses009.job/sub-01_ses-009/mri/surface.defects.mgz
mris_defects_pointset -s /localscratch/bpinsard.41394420.0/freesurfer_crosssectional_autorecon1smriprep_skullstripautorecon2autorecon3_sub01_ses009.job/sub-01_ses-009/surf/rh.orig.nofix -d /localscratch/bpinsard.41394420.0/freesurfer_crosssectional_autorecon1smriprep_skullstripautorecon2autorecon3_sub01_ses009.job/sub-01_ses-009/surf/rh.defect_labels -o /localscratch/bpinsard.41394420.0/freesurfer_crosssectional_autorecon1smriprep_skullstripautorecon2autorecon3_sub01_ses009.job/sub-01_ses-009/surf/rh.defects.pointset --label /localscratch/bpinsard.41394420.0/freesurfer_crosssectional_autorecon1smriprep_skullstripautorecon2autorecon3_sub01_ses009.job/sub-01_ses-009/label/rh.nofix.cortex.label
Reading in surface /localscratch/bpinsard.41394420.0/freesurfer_crosssectional_autorecon1smriprep_skullstripautorecon2autorecon3_sub01_ses009.job/sub-01_ses-009/surf/rh.orig.nofix
Reading in defect segmentation /localscratch/bpinsard.41394420.0/freesurfer_crosssectional_autorecon1smriprep_skullstripautorecon2autorecon3_sub01_ses009.job/sub-01_ses-009/surf/rh.defect_labels
Reading in label /localscratch/bpinsard.41394420.0/freesurfer_crosssectional_autorecon1smriprep_skullstripautorecon2autorecon3_sub01_ses009.job/sub-01_ses-009/label/rh.nofix.cortex.label
#VMPC# mris_defects_pointset 602756
mris_defects_pointset done
 
Started at Thu Oct 5 15:59:37 UTC 2023 
Ended   at Thu Oct  5 16:00:58 UTC 2023
Defect2seg-Run-Time-Sec 81
Defect2seg-Run-Time-Min 1.62
Defect2seg-Run-Time-Hours 0.02
 
defect2seg Done
