status file for recon-all
Wed Oct 11 22:50:58 UTC 2023
#@# MotionCor Wed Oct 11 22:51:42 UTC 2023
#@# Talairach Wed Oct 11 22:51:42 UTC 2023
#@# Talairach Failure Detection Wed Oct 11 22:51:45 UTC 2023
#@# Nu Intensity Correction Wed Oct 11 22:51:45 UTC 2023
#@# Intensity Normalization Wed Oct 11 23:01:28 UTC 2023
#@# Skull Stripping Wed Oct 11 23:15:59 UTC 2023
#@# EM Registration Wed Oct 11 23:16:06 UTC 2023
#@# CA Normalize Wed Oct 11 23:16:06 UTC 2023
#@# CA Reg Wed Oct 11 23:20:20 UTC 2023
#@# SubCort Seg Wed Oct 11 23:47:16 UTC 2023
#@# CC Seg Wed Oct 11 23:57:41 UTC 2023
#@# Merge ASeg Thu Oct 12 00:00:06 UTC 2023
#@# Intensity Normalization2 Thu Oct 12 00:00:06 UTC 2023
#@# Mask BFS Thu Oct 12 00:08:01 UTC 2023
#@# WM Segmentation Thu Oct 12 00:08:08 UTC 2023
#@# Smooth2 lh Thu Oct 12 00:28:48 UTC 2023
#@# Smooth2 rh Thu Oct 12 00:28:55 UTC 2023
#@# Inflation2 lh Thu Oct 12 00:29:02 UTC 2023
#@# Inflation2 rh Thu Oct 12 00:29:33 UTC 2023
#@# Curv .H and .K lh Thu Oct 12 00:30:06 UTC 2023
#@# Curv .H and .K rh Thu Oct 12 00:31:52 UTC 2023
#@# Sphere lh Thu Oct 12 00:33:38 UTC 2023
#@# Sphere rh Thu Oct 12 00:33:38 UTC 2023
#@# Surf Reg lh Thu Oct 12 00:33:38 UTC 2023
#@# Surf Reg rh Thu Oct 12 00:37:55 UTC 2023
#@# Jacobian white lh Thu Oct 12 00:41:48 UTC 2023
#@# Jacobian white rh Thu Oct 12 00:41:50 UTC 2023
#@# AvgCurv lh Thu Oct 12 00:41:52 UTC 2023
#@# AvgCurv rh Thu Oct 12 00:41:54 UTC 2023
#@# Cortical Parc lh Thu Oct 12 00:41:56 UTC 2023
#@# Cortical Parc rh Thu Oct 12 00:42:15 UTC 2023
#@# white curv lh Thu Oct 12 01:02:32 UTC 2023
#@# white area lh Thu Oct 12 01:02:36 UTC 2023
#@# pial curv lh Thu Oct 12 01:02:38 UTC 2023
#@# pial area lh Thu Oct 12 01:02:42 UTC 2023
#@# thickness lh Thu Oct 12 01:02:44 UTC 2023
#@# area and vertex vol lh Thu Oct 12 01:04:00 UTC 2023
#@# white curv rh Thu Oct 12 01:04:04 UTC 2023
#@# white area rh Thu Oct 12 01:04:09 UTC 2023
#@# pial curv rh Thu Oct 12 01:04:10 UTC 2023
#@# pial area rh Thu Oct 12 01:04:15 UTC 2023
#@# thickness rh Thu Oct 12 01:04:17 UTC 2023
#@# area and vertex vol rh Thu Oct 12 01:05:32 UTC 2023
#@# Curvature Stats lh Thu Oct 12 01:05:36 UTC 2023
#@# Curvature Stats rh Thu Oct 12 01:05:43 UTC 2023
#@# Cortical ribbon mask Thu Oct 12 01:05:49 UTC 2023
#@# Cortical Parc 2 lh Thu Oct 12 01:30:01 UTC 2023
#@# Cortical Parc 2 rh Thu Oct 12 01:30:25 UTC 2023
#@# Cortical Parc 3 lh Thu Oct 12 01:30:49 UTC 2023
#@# Cortical Parc 3 rh Thu Oct 12 01:31:09 UTC 2023
#@# WM/GM Contrast lh Thu Oct 12 01:31:30 UTC 2023
#@# WM/GM Contrast rh Thu Oct 12 01:31:39 UTC 2023
#@# Relabel Hypointensities Thu Oct 12 01:31:48 UTC 2023
#@# APas-to-ASeg Thu Oct 12 01:32:37 UTC 2023
#@# AParc-to-ASeg aparc Thu Oct 12 01:33:12 UTC 2023
#@# AParc-to-ASeg aparc.a2009s Thu Oct 12 01:39:15 UTC 2023
#@# AParc-to-ASeg aparc.DKTatlas Thu Oct 12 01:45:13 UTC 2023
#@# WMParc Thu Oct 12 01:51:10 UTC 2023
#@# Parcellation Stats lh Thu Oct 12 01:59:43 UTC 2023
#@# Parcellation Stats rh Thu Oct 12 02:01:08 UTC 2023
#@# Parcellation Stats 2 lh Thu Oct 12 02:02:33 UTC 2023
#@# Parcellation Stats 2 rh Thu Oct 12 02:03:18 UTC 2023
#@# Parcellation Stats 3 lh Thu Oct 12 02:04:04 UTC 2023
#@# Parcellation Stats 3 rh Thu Oct 12 02:04:46 UTC 2023
#@# ASeg Stats Thu Oct 12 02:05:29 UTC 2023
#@# BA_exvivo Labels lh Thu Oct 12 02:07:27 UTC 2023
#@# BA_exvivo Labels rh Thu Oct 12 02:14:23 UTC 2023
recon-all -s sub-04_ses-001.long.sub-04 finished without error at Thu Oct 12 02:21:22 UTC 2023
