status file for recon-all
Sat Oct 14 10:39:56 UTC 2023
#@# MotionCor Sat Oct 14 10:40:34 UTC 2023
#@# Talairach Sat Oct 14 10:40:34 UTC 2023
#@# Talairach Failure Detection Sat Oct 14 10:40:36 UTC 2023
#@# Nu Intensity Correction Sat Oct 14 10:40:36 UTC 2023
#@# Intensity Normalization Sat Oct 14 10:50:10 UTC 2023
#@# Skull Stripping Sat Oct 14 11:04:34 UTC 2023
#@# EM Registration Sat Oct 14 11:04:41 UTC 2023
#@# CA Normalize Sat Oct 14 11:04:41 UTC 2023
#@# CA Reg Sat Oct 14 11:08:49 UTC 2023
#@# SubCort Seg Sat Oct 14 11:33:39 UTC 2023
#@# CC Seg Sat Oct 14 11:46:33 UTC 2023
#@# Merge ASeg Sat Oct 14 11:47:54 UTC 2023
#@# Intensity Normalization2 Sat Oct 14 11:47:54 UTC 2023
#@# Mask BFS Sat Oct 14 11:55:19 UTC 2023
#@# WM Segmentation Sat Oct 14 11:55:27 UTC 2023
#@# Smooth2 lh Sat Oct 14 12:16:45 UTC 2023
#@# Smooth2 rh Sat Oct 14 12:16:51 UTC 2023
#@# Inflation2 lh Sat Oct 14 12:16:58 UTC 2023
#@# Inflation2 rh Sat Oct 14 12:17:30 UTC 2023
#@# Curv .H and .K lh Sat Oct 14 12:18:00 UTC 2023
#@# Curv .H and .K rh Sat Oct 14 12:19:55 UTC 2023
#@# Sphere lh Sat Oct 14 12:21:52 UTC 2023
#@# Sphere rh Sat Oct 14 12:21:52 UTC 2023
#@# Surf Reg lh Sat Oct 14 12:21:52 UTC 2023
#@# Surf Reg rh Sat Oct 14 12:26:18 UTC 2023
#@# Jacobian white lh Sat Oct 14 12:30:59 UTC 2023
#@# Jacobian white rh Sat Oct 14 12:31:01 UTC 2023
#@# AvgCurv lh Sat Oct 14 12:31:03 UTC 2023
#@# AvgCurv rh Sat Oct 14 12:31:04 UTC 2023
#@# Cortical Parc lh Sat Oct 14 12:31:06 UTC 2023
#@# Cortical Parc rh Sat Oct 14 12:31:26 UTC 2023
#@# white curv lh Sat Oct 14 12:52:19 UTC 2023
#@# white area lh Sat Oct 14 12:52:23 UTC 2023
#@# pial curv lh Sat Oct 14 12:52:25 UTC 2023
#@# pial area lh Sat Oct 14 12:52:29 UTC 2023
#@# thickness lh Sat Oct 14 12:52:30 UTC 2023
#@# area and vertex vol lh Sat Oct 14 12:53:46 UTC 2023
#@# white curv rh Sat Oct 14 12:53:50 UTC 2023
#@# white area rh Sat Oct 14 12:53:54 UTC 2023
#@# pial curv rh Sat Oct 14 12:53:56 UTC 2023
#@# pial area rh Sat Oct 14 12:54:00 UTC 2023
#@# thickness rh Sat Oct 14 12:54:01 UTC 2023
#@# area and vertex vol rh Sat Oct 14 12:55:18 UTC 2023
#@# Curvature Stats lh Sat Oct 14 12:55:22 UTC 2023
#@# Curvature Stats rh Sat Oct 14 12:55:28 UTC 2023
#@# Cortical ribbon mask Sat Oct 14 12:55:34 UTC 2023
#@# Cortical Parc 2 lh Sat Oct 14 13:32:28 UTC 2023
#@# Cortical Parc 2 rh Sat Oct 14 13:32:53 UTC 2023
#@# Cortical Parc 3 lh Sat Oct 14 13:33:19 UTC 2023
#@# Cortical Parc 3 rh Sat Oct 14 13:33:40 UTC 2023
#@# WM/GM Contrast lh Sat Oct 14 13:34:01 UTC 2023
#@# WM/GM Contrast rh Sat Oct 14 13:34:09 UTC 2023
#@# Relabel Hypointensities Sat Oct 14 13:34:18 UTC 2023
#@# APas-to-ASeg Sat Oct 14 13:35:03 UTC 2023
#@# AParc-to-ASeg aparc Sat Oct 14 13:35:37 UTC 2023
#@# AParc-to-ASeg aparc.a2009s Sat Oct 14 13:41:08 UTC 2023
#@# AParc-to-ASeg aparc.DKTatlas Sat Oct 14 13:46:35 UTC 2023
#@# WMParc Sat Oct 14 13:51:59 UTC 2023
#@# Parcellation Stats lh Sat Oct 14 13:59:28 UTC 2023
#@# Parcellation Stats rh Sat Oct 14 14:01:07 UTC 2023
#@# Parcellation Stats 2 lh Sat Oct 14 14:02:48 UTC 2023
#@# Parcellation Stats 2 rh Sat Oct 14 14:03:39 UTC 2023
#@# Parcellation Stats 3 lh Sat Oct 14 14:04:32 UTC 2023
#@# Parcellation Stats 3 rh Sat Oct 14 14:05:21 UTC 2023
#@# ASeg Stats Sat Oct 14 14:06:12 UTC 2023
#@# BA_exvivo Labels lh Sat Oct 14 14:07:50 UTC 2023
#@# BA_exvivo Labels rh Sat Oct 14 14:14:26 UTC 2023
recon-all -s sub-03_ses-002.long.sub-03 finished without error at Sat Oct 14 14:21:21 UTC 2023
