Log file for defect2seg
Thu Oct  5 16:53:03 UTC 2023

setenv SUBJECTS_DIR /localscratch/bpinsard.41394484.0/freesurfer_crosssectional_autorecon1smriprep_skullstripautorecon2autorecon3_sub05_ses011.job
cd /localscratch/bpinsard.41394484.0/freesurfer_crosssectional_autorecon1smriprep_skullstripautorecon2autorecon3_sub05_ses011.job/sub-05_ses-011/scripts
/opt/freesurfer/bin/defect2seg --s sub-05_ses-011 --cortex

freesurfer-linux-centos7_x86_64-7.4.1-20230613-7eb8460
defect2seg 7.4.1
Linux bc11946.int.ets1.calculquebec.ca 3.10.0-1160.95.1.el7.x86_64 #1 SMP Mon Jul 24 13:59:37 UTC 2023 x86_64 x86_64 x86_64 GNU/Linux
pid 133570
mri_label2label --label-cortex /localscratch/bpinsard.41394484.0/freesurfer_crosssectional_autorecon1smriprep_skullstripautorecon2autorecon3_sub05_ses011.job/sub-05_ses-011/surf/lh.orig.nofix /localscratch/bpinsard.41394484.0/freesurfer_crosssectional_autorecon1smriprep_skullstripautorecon2autorecon3_sub05_ses011.job/sub-05_ses-011/mri/aseg.presurf.mgz 0 /localscratch/bpinsard.41394484.0/freesurfer_crosssectional_autorecon1smriprep_skullstripautorecon2autorecon3_sub05_ses011.job/sub-05_ses-011/label/lh.nofix.cortex.label

 Generating cortex label... RemoveHipAmgy=0
 NucAccIsMedialWall=0
 mris->useRealRAS=0
31 non-cortical segments detected
only using segment with 11583 vertices
erasing segment 0 (vno[0] = 10927)
erasing segment 1 (vno[0] = 14531)
erasing segment 2 (vno[0] = 39101)
erasing segment 3 (vno[0] = 48708)
erasing segment 4 (vno[0] = 48724)
erasing segment 6 (vno[0] = 97502)
erasing segment 7 (vno[0] = 124631)
erasing segment 8 (vno[0] = 143257)
erasing segment 9 (vno[0] = 149859)
erasing segment 10 (vno[0] = 151247)
erasing segment 11 (vno[0] = 152462)
erasing segment 12 (vno[0] = 152526)
erasing segment 13 (vno[0] = 153661)
erasing segment 14 (vno[0] = 154827)
erasing segment 15 (vno[0] = 154832)
erasing segment 16 (vno[0] = 154900)
erasing segment 17 (vno[0] = 154938)
erasing segment 18 (vno[0] = 155996)
erasing segment 19 (vno[0] = 156017)
erasing segment 20 (vno[0] = 156134)
erasing segment 21 (vno[0] = 156208)
erasing segment 22 (vno[0] = 157340)
erasing segment 23 (vno[0] = 158359)
erasing segment 24 (vno[0] = 158408)
erasing segment 25 (vno[0] = 158518)
erasing segment 26 (vno[0] = 159568)
erasing segment 27 (vno[0] = 162842)
erasing segment 28 (vno[0] = 162853)
erasing segment 29 (vno[0] = 171273)
erasing segment 30 (vno[0] = 186684)
mri_label2vol --defects /localscratch/bpinsard.41394484.0/freesurfer_crosssectional_autorecon1smriprep_skullstripautorecon2autorecon3_sub05_ses011.job/sub-05_ses-011/surf/lh.orig.nofix /localscratch/bpinsard.41394484.0/freesurfer_crosssectional_autorecon1smriprep_skullstripautorecon2autorecon3_sub05_ses011.job/sub-05_ses-011/surf/lh.defect_labels /localscratch/bpinsard.41394484.0/freesurfer_crosssectional_autorecon1smriprep_skullstripautorecon2autorecon3_sub05_ses011.job/sub-05_ses-011/mri/orig.mgz 1000 0 /localscratch/bpinsard.41394484.0/freesurfer_crosssectional_autorecon1smriprep_skullstripautorecon2autorecon3_sub05_ses011.job/sub-05_ses-011/mri/surface.defects.mgz /localscratch/bpinsard.41394484.0/freesurfer_crosssectional_autorecon1smriprep_skullstripautorecon2autorecon3_sub05_ses011.job/sub-05_ses-011/label/lh.nofix.cortex.label
mri_label2vol supposed to be reproducible but seed not set
Contraining to label /localscratch/bpinsard.41394484.0/freesurfer_crosssectional_autorecon1smriprep_skullstripautorecon2autorecon3_sub05_ses011.job/sub-05_ses-011/label/lh.nofix.cortex.label
Changing input type 0 to MRI_INT
Converting defects to volume: offset=1000, merge=0
Writing to /localscratch/bpinsard.41394484.0/freesurfer_crosssectional_autorecon1smriprep_skullstripautorecon2autorecon3_sub05_ses011.job/sub-05_ses-011/mri/surface.defects.mgz
mris_defects_pointset -s /localscratch/bpinsard.41394484.0/freesurfer_crosssectional_autorecon1smriprep_skullstripautorecon2autorecon3_sub05_ses011.job/sub-05_ses-011/surf/lh.orig.nofix -d /localscratch/bpinsard.41394484.0/freesurfer_crosssectional_autorecon1smriprep_skullstripautorecon2autorecon3_sub05_ses011.job/sub-05_ses-011/surf/lh.defect_labels -o /localscratch/bpinsard.41394484.0/freesurfer_crosssectional_autorecon1smriprep_skullstripautorecon2autorecon3_sub05_ses011.job/sub-05_ses-011/surf/lh.defects.pointset --label /localscratch/bpinsard.41394484.0/freesurfer_crosssectional_autorecon1smriprep_skullstripautorecon2autorecon3_sub05_ses011.job/sub-05_ses-011/label/lh.nofix.cortex.label
Reading in surface /localscratch/bpinsard.41394484.0/freesurfer_crosssectional_autorecon1smriprep_skullstripautorecon2autorecon3_sub05_ses011.job/sub-05_ses-011/surf/lh.orig.nofix
Reading in defect segmentation /localscratch/bpinsard.41394484.0/freesurfer_crosssectional_autorecon1smriprep_skullstripautorecon2autorecon3_sub05_ses011.job/sub-05_ses-011/surf/lh.defect_labels
Reading in label /localscratch/bpinsard.41394484.0/freesurfer_crosssectional_autorecon1smriprep_skullstripautorecon2autorecon3_sub05_ses011.job/sub-05_ses-011/label/lh.nofix.cortex.label
#VMPC# mris_defects_pointset 587472
mris_defects_pointset done
mri_label2label --label-cortex /localscratch/bpinsard.41394484.0/freesurfer_crosssectional_autorecon1smriprep_skullstripautorecon2autorecon3_sub05_ses011.job/sub-05_ses-011/surf/rh.orig.nofix /localscratch/bpinsard.41394484.0/freesurfer_crosssectional_autorecon1smriprep_skullstripautorecon2autorecon3_sub05_ses011.job/sub-05_ses-011/mri/aseg.presurf.mgz 0 /localscratch/bpinsard.41394484.0/freesurfer_crosssectional_autorecon1smriprep_skullstripautorecon2autorecon3_sub05_ses011.job/sub-05_ses-011/label/rh.nofix.cortex.label

 Generating cortex label... RemoveHipAmgy=0
 NucAccIsMedialWall=0
 mris->useRealRAS=0
27 non-cortical segments detected
only using segment with 11037 vertices
erasing segment 0 (vno[0] = 4892)
erasing segment 1 (vno[0] = 6393)
erasing segment 2 (vno[0] = 25646)
erasing segment 3 (vno[0] = 29956)
erasing segment 4 (vno[0] = 37789)
erasing segment 5 (vno[0] = 39179)
erasing segment 6 (vno[0] = 39200)
erasing segment 7 (vno[0] = 48450)
erasing segment 8 (vno[0] = 68931)
erasing segment 10 (vno[0] = 95950)
erasing segment 11 (vno[0] = 106477)
erasing segment 12 (vno[0] = 153358)
erasing segment 13 (vno[0] = 154671)
erasing segment 14 (vno[0] = 154705)
erasing segment 15 (vno[0] = 154717)
erasing segment 16 (vno[0] = 154725)
erasing segment 17 (vno[0] = 155984)
erasing segment 18 (vno[0] = 156058)
erasing segment 19 (vno[0] = 157301)
erasing segment 20 (vno[0] = 158740)
erasing segment 21 (vno[0] = 158744)
erasing segment 22 (vno[0] = 159923)
erasing segment 23 (vno[0] = 159925)
erasing segment 24 (vno[0] = 163896)
erasing segment 25 (vno[0] = 183796)
erasing segment 26 (vno[0] = 188085)
mri_label2vol --defects /localscratch/bpinsard.41394484.0/freesurfer_crosssectional_autorecon1smriprep_skullstripautorecon2autorecon3_sub05_ses011.job/sub-05_ses-011/surf/rh.orig.nofix /localscratch/bpinsard.41394484.0/freesurfer_crosssectional_autorecon1smriprep_skullstripautorecon2autorecon3_sub05_ses011.job/sub-05_ses-011/surf/rh.defect_labels /localscratch/bpinsard.41394484.0/freesurfer_crosssectional_autorecon1smriprep_skullstripautorecon2autorecon3_sub05_ses011.job/sub-05_ses-011/mri/surface.defects.mgz 2000 1 /localscratch/bpinsard.41394484.0/freesurfer_crosssectional_autorecon1smriprep_skullstripautorecon2autorecon3_sub05_ses011.job/sub-05_ses-011/mri/surface.defects.mgz /localscratch/bpinsard.41394484.0/freesurfer_crosssectional_autorecon1smriprep_skullstripautorecon2autorecon3_sub05_ses011.job/sub-05_ses-011/label/rh.nofix.cortex.label
mri_label2vol supposed to be reproducible but seed not set
Contraining to label /localscratch/bpinsard.41394484.0/freesurfer_crosssectional_autorecon1smriprep_skullstripautorecon2autorecon3_sub05_ses011.job/sub-05_ses-011/label/rh.nofix.cortex.label
Converting defects to volume: offset=2000, merge=1
Writing to /localscratch/bpinsard.41394484.0/freesurfer_crosssectional_autorecon1smriprep_skullstripautorecon2autorecon3_sub05_ses011.job/sub-05_ses-011/mri/surface.defects.mgz
mris_defects_pointset -s /localscratch/bpinsard.41394484.0/freesurfer_crosssectional_autorecon1smriprep_skullstripautorecon2autorecon3_sub05_ses011.job/sub-05_ses-011/surf/rh.orig.nofix -d /localscratch/bpinsard.41394484.0/freesurfer_crosssectional_autorecon1smriprep_skullstripautorecon2autorecon3_sub05_ses011.job/sub-05_ses-011/surf/rh.defect_labels -o /localscratch/bpinsard.41394484.0/freesurfer_crosssectional_autorecon1smriprep_skullstripautorecon2autorecon3_sub05_ses011.job/sub-05_ses-011/surf/rh.defects.pointset --label /localscratch/bpinsard.41394484.0/freesurfer_crosssectional_autorecon1smriprep_skullstripautorecon2autorecon3_sub05_ses011.job/sub-05_ses-011/label/rh.nofix.cortex.label
Reading in surface /localscratch/bpinsard.41394484.0/freesurfer_crosssectional_autorecon1smriprep_skullstripautorecon2autorecon3_sub05_ses011.job/sub-05_ses-011/surf/rh.orig.nofix
Reading in defect segmentation /localscratch/bpinsard.41394484.0/freesurfer_crosssectional_autorecon1smriprep_skullstripautorecon2autorecon3_sub05_ses011.job/sub-05_ses-011/surf/rh.defect_labels
Reading in label /localscratch/bpinsard.41394484.0/freesurfer_crosssectional_autorecon1smriprep_skullstripautorecon2autorecon3_sub05_ses011.job/sub-05_ses-011/label/rh.nofix.cortex.label
#VMPC# mris_defects_pointset 591560
mris_defects_pointset done
 
Started at Thu Oct 5 16:53:03 UTC 2023 
Ended   at Thu Oct  5 16:54:21 UTC 2023
Defect2seg-Run-Time-Sec 78
Defect2seg-Run-Time-Min 1.56
Defect2seg-Run-Time-Hours 0.02
 
defect2seg Done
