Logfile for bbregister
Sun Oct  8 06:27:21 UTC 2023

setenv SUBJECTS_DIR /localscratch/bpinsard.41451878.0/freesurfer_crosssectional_autorecon3_sub05_ses008.job
cd /localscratch/bpinsard.41451878.0/freesurfer_crosssectional_autorecon3_sub05_ses008.job/sub-05_ses-008/scripts
/opt/freesurfer/bin/bbregister --s sub-05_ses-008 --mov /localscratch/bpinsard.41451878.0/freesurfer_crosssectional_autorecon3_sub05_ses008.job/sub-05_ses-008/mri/orig/T2raw.mgz --lta /localscratch/bpinsard.41451878.0/freesurfer_crosssectional_autorecon3_sub05_ses008.job/sub-05_ses-008/mri/transforms/T2raw.auto.lta --init-coreg --T2 --gm-proj-abs 2 --wm-proj-abs 1 --no-coreg-ref-mask

bbregister 7.4.1
Linux bc12225.int.ets1.calculquebec.ca 3.10.0-1160.90.1.el7.x86_64 #1 SMP Thu May 4 15:21:22 UTC 2023 x86_64 x86_64 x86_64 GNU/Linux
FREESURFER_HOME /opt/freesurfer
mri_convert /localscratch/bpinsard.41451878.0/freesurfer_crosssectional_autorecon3_sub05_ses008.job/sub-05_ses-008/mri/orig/T2raw.mgz /localscratch/bpinsard.41451878.0/freesurfer_crosssectional_autorecon3_sub05_ses008.job/sub-05_ses-008/mri/transforms/tmp.bbregister.28013/template.nii
mri_convert /localscratch/bpinsard.41451878.0/freesurfer_crosssectional_autorecon3_sub05_ses008.job/sub-05_ses-008/mri/orig/T2raw.mgz /localscratch/bpinsard.41451878.0/freesurfer_crosssectional_autorecon3_sub05_ses008.job/sub-05_ses-008/mri/transforms/tmp.bbregister.28013/template.nii 
reading from /localscratch/bpinsard.41451878.0/freesurfer_crosssectional_autorecon3_sub05_ses008.job/sub-05_ses-008/mri/orig/T2raw.mgz...
TR=0.00, TE=0.00, TI=0.00, flip angle=0.00
i_ras = (1, 0, 0)
j_ras = (0, 1, 0)
k_ras = (0, 0, 1)
writing to /localscratch/bpinsard.41451878.0/freesurfer_crosssectional_autorecon3_sub05_ses008.job/sub-05_ses-008/mri/transforms/tmp.bbregister.28013/template.nii...
mri_coreg --s sub-05_ses-008 --mov /localscratch/bpinsard.41451878.0/freesurfer_crosssectional_autorecon3_sub05_ses008.job/sub-05_ses-008/mri/transforms/tmp.bbregister.28013/template.nii --regdat /localscratch/bpinsard.41451878.0/freesurfer_crosssectional_autorecon3_sub05_ses008.job/sub-05_ses-008/mri/transforms/tmp.bbregister.28013/reg.init.dat --reg /localscratch/bpinsard.41451878.0/freesurfer_crosssectional_autorecon3_sub05_ses008.job/sub-05_ses-008/mri/transforms/tmp.bbregister.28013/mri_coreg.lta --nthreads 4 --dof 6 --sep 4 --ftol .0001 --linmintol .01 --no-ref-mask

$Id: mri_coreg.c,v 1.27 2016/04/30 15:11:49 greve Exp $
cwd /localscratch/bpinsard.41451878.0/freesurfer_crosssectional_autorecon3_sub05_ses008.job/sub-05_ses-008/scripts
cmdline mri_coreg --s sub-05_ses-008 --mov /localscratch/bpinsard.41451878.0/freesurfer_crosssectional_autorecon3_sub05_ses008.job/sub-05_ses-008/mri/transforms/tmp.bbregister.28013/template.nii --regdat /localscratch/bpinsard.41451878.0/freesurfer_crosssectional_autorecon3_sub05_ses008.job/sub-05_ses-008/mri/transforms/tmp.bbregister.28013/reg.init.dat --reg /localscratch/bpinsard.41451878.0/freesurfer_crosssectional_autorecon3_sub05_ses008.job/sub-05_ses-008/mri/transforms/tmp.bbregister.28013/mri_coreg.lta --nthreads 4 --dof 6 --sep 4 --ftol .0001 --linmintol .01 --no-ref-mask 
sysname  Linux
hostname bc12225.int.ets1.calculquebec.ca
machine  x86_64
user     bpinsard
dof    6
nsep    1
cras0    1
ftol    0.000100
linmintol    0.010000
bf       1
bflim    30.000000
bfnsamp    30
SmoothRef 0
SatPct    99.990000
MovOOB 0
optschema 1
Seed 53
Reading in mov /localscratch/bpinsard.41451878.0/freesurfer_crosssectional_autorecon3_sub05_ses008.job/sub-05_ses-008/mri/transforms/tmp.bbregister.28013/template.nii
Reading in ref /localscratch/bpinsard.41451878.0/freesurfer_crosssectional_autorecon3_sub05_ses008.job/sub-05_ses-008/mri/brainmask.mgz
Setting cras translation parameters to align volume centers
Init matrix params -0.8000  0.0000 -0.8000  0.0000  0.0000  0.0000  1.0000  1.0000  1.0000  0.0000  0.0000  0.0000 
Initial Matrix (RAS2RAS)
 1.00000   0.00000   0.00000   0.80001;
 0.00000   1.00000   0.00000   0.00000;
 0.00000   0.00000   1.00000   0.80000;
 0.00000   0.00000   0.00000   1.00000;
Initial parameters to be opt -0.8000  0.0000 -0.8000  0.0000  0.0000  0.0000 
Creating random numbers for coordinate dithering
Performing intensity dithering
Performing intensity dithering on mov with computed dither
Separation list (1):  4   min = 4
DoSmoothing 1
DoCoordDither 1
DoIntensityDither 1
nitersmax 4
ftol 1.000e-04
linmintol 1.000e-02
SatPct 99.990000
Hist FWHM 7.000000 7.000000
nthreads 4
movsat = 9947.8555
mov gstd 1.9140 1.9140 1.9140
Smoothing mov
refsat = 128.0000
ref gstd 1.9140 1.9140 1.9140
Smoothing ref
COREGpreproc() done
Testing if mov and target overlap
Init cost   -1.0242401851
nhits = 309413 out of 32768000, Percent Overlap:  60.4
Initial  RefRAS-to-MovRAS
 1.00000   0.00000   0.00000  -0.80001;
 0.00000   1.00000   0.00000   0.00000;
 0.00000   0.00000   1.00000  -0.80000;
 0.00000   0.00000   0.00000   1.00000;
Initial  RefVox-to-MovVox
-1.00000   0.00000   0.00000   262.99945;
 0.00000   0.00000   1.00000  -9.99999;
 0.00000  -1.00000   0.00000   319.00000;
 0.00000   0.00000   0.00000   1.00000;
sep = 4 -----------------------------------
COREGoptBruteForce() 30 1 30
Turning on MovOOB for BruteForce Search
#BF# sep= 4 iter=0 lim=30.0 delta=2.00  -0.80001   0.00000  17.20000   4.00000   0.00000   0.00000   -1.0260918
Turning  MovOOB back off after brute force search


---------------------------------
Init Powel Params dof = 6: -0.800011 0.000000 17.199997 4.000000 0.000000 0.000000 
Starting OpenPowel2(), sep = 4
InitialCost        -1.0272330046 
#@#  4  188  -0.80001 0.00000 17.20000 4.00000 0.00000 0.00000   -1.0272330
fs_powell::minimize
  nparams 6
  maxfev 4
  ftol   0.000100
  linmin_xtol_   0.010000
  powell nthiter 0: fret = -1.027233
#@#  4  194  -0.41804 0.00000 17.20000 4.00000 0.00000 0.00000   -1.0272374
#@#  4  201  -0.42804 -1.61803 17.20000 4.00000 0.00000 0.00000   -1.0272678
#@#  4  202  -0.42804 -2.23767 17.20000 4.00000 0.00000 0.00000   -1.0272808
#@#  4  203  -0.42804 -3.24026 17.20000 4.00000 0.00000 0.00000   -1.0273020
#@#  4  204  -0.42804 -4.86249 17.20000 4.00000 0.00000 0.00000   -1.0273076
#@#  4  205  -0.42804 -4.30731 17.20000 4.00000 0.00000 0.00000   -1.0273131
#@#  4  213  -0.42804 -4.34091 18.20000 4.00000 0.00000 0.00000   -1.0273216
#@#  4  217  -0.42804 -4.34091 17.81803 4.00000 0.00000 0.00000   -1.0273283
#@#  4  222  -0.42804 -4.34091 17.75679 4.00000 0.00000 0.00000   -1.0273284
#@#  4  228  -0.42804 -4.34091 17.74648 2.38197 0.00000 0.00000   -1.0273490
#@#  4  248  -0.42804 -4.34091 17.74648 2.28138 -0.27945 0.00000   -1.0273497
#@#  4  250  -0.42804 -4.34091 17.74648 2.28138 -0.24630 0.00000   -1.0273498
#@#  4  251  -0.42804 -4.34091 17.74648 2.28138 -0.15222 0.00000   -1.0273505
#@#  4  256  -0.42804 -4.34091 17.74648 2.28138 -0.15222 1.00000   -1.0273526
#@#  4  260  -0.42804 -4.34091 17.74648 2.28138 -0.15222 0.61803   -1.0273534
#@#  4  265  -0.42804 -4.34091 17.74648 2.28138 -0.15222 0.63803   -1.0273535
  powell nthiter 1: fret = -1.027354
#@#  4  274  -0.67539 -4.34091 17.74648 2.28138 -0.15222 0.63803   -1.0273559
#@#  4  276  -0.65539 -4.34091 17.74648 2.28138 -0.15222 0.63803   -1.0273560
#@#  4  298  -0.65539 -4.32875 17.58121 2.28138 -0.15222 0.63803   -1.0273583
#@#  4  308  -0.65539 -4.32875 17.56665 2.31670 -0.15222 0.63803   -1.0273584
#@#  4  310  -0.65539 -4.32875 17.56665 2.32670 -0.15222 0.63803   -1.0273585
#@#  4  328  -0.65539 -4.32875 17.56665 2.34670 -0.16222 0.74634   -1.0273590
Powell done niters total = 1
OptTimeSec 22.3 sec
OptTimeMin  0.37 min
nEvals 332
Final optimized parameters  -0.65539259  -4.32875061  17.56664848   2.34669614  -0.16222453   0.74633515 
Final matrix parameters -0.6554 -4.3288 17.5666  2.3467 -0.1622  0.7623  1.0000  1.0000  1.0000  0.0000  0.0000  0.0000 
Final cost   -1.027358950599948
 

---------------------------------
Final  RefRAS-to-MovRAS
 0.99991   0.01303  -0.00283  -0.65539;
-0.01290   0.99908   0.04095  -4.32875;
 0.00336  -0.04091   0.99916   17.56665;
 0.00000   0.00000   0.00000   1.00000;
Final  RefVox-to-MovVox
-0.99991   0.00283   0.01303   261.10068;
 0.01290  -0.04095   0.99908  -11.47079;
-0.00336  -0.99916  -0.04091   347.58282;
 0.00000   0.00000   0.00000   1.00000;
Final matrix parameters -0.6554 -4.3288 17.5666  2.3467 -0.1622  0.7463  0.0000  0.0000  0.0000  0.0000  0.0000  0.0000 
Final opt parameters -0.6554 -4.3288 17.5666  2.3467 -0.1622  0.7463 
nhits = 288826 out of 32768000, Percent Overlap:  56.4
mri_coreg RunTimeSec 133.5 sec
To check run:
   tkregisterfv --mov /localscratch/bpinsard.41451878.0/freesurfer_crosssectional_autorecon3_sub05_ses008.job/sub-05_ses-008/mri/transforms/tmp.bbregister.28013/template.nii --targ /localscratch/bpinsard.41451878.0/freesurfer_crosssectional_autorecon3_sub05_ses008.job/sub-05_ses-008/mri/brainmask.mgz --reg /localscratch/bpinsard.41451878.0/freesurfer_crosssectional_autorecon3_sub05_ses008.job/sub-05_ses-008/mri/transforms/tmp.bbregister.28013/mri_coreg.lta --s sub-05_ses-008 --surfs 

mri_coreg done

mri_segreg --mov /localscratch/bpinsard.41451878.0/freesurfer_crosssectional_autorecon3_sub05_ses008.job/sub-05_ses-008/mri/transforms/tmp.bbregister.28013/template.nii --init-reg /localscratch/bpinsard.41451878.0/freesurfer_crosssectional_autorecon3_sub05_ses008.job/sub-05_ses-008/mri/transforms/tmp.bbregister.28013/reg.init.dat --out-reg /localscratch/bpinsard.41451878.0/freesurfer_crosssectional_autorecon3_sub05_ses008.job/sub-05_ses-008/mri/transforms/tmp.bbregister.28013/bbr.pass1.dat --subsamp-brute 100 --subsamp 100 --tol 1e-4 --tol1d 1e-3 --brute -4 4 4 --surf white --gm-proj-abs 2 --gm-gt-wm 0.5
7.4.1
setenv SUBJECTS_DIR /localscratch/bpinsard.41451878.0/freesurfer_crosssectional_autorecon3_sub05_ses008.job
cd /localscratch/bpinsard.41451878.0/freesurfer_crosssectional_autorecon3_sub05_ses008.job/sub-05_ses-008/scripts
mri_segreg --mov /localscratch/bpinsard.41451878.0/freesurfer_crosssectional_autorecon3_sub05_ses008.job/sub-05_ses-008/mri/transforms/tmp.bbregister.28013/template.nii --init-reg /localscratch/bpinsard.41451878.0/freesurfer_crosssectional_autorecon3_sub05_ses008.job/sub-05_ses-008/mri/transforms/tmp.bbregister.28013/reg.init.dat --out-reg /localscratch/bpinsard.41451878.0/freesurfer_crosssectional_autorecon3_sub05_ses008.job/sub-05_ses-008/mri/transforms/tmp.bbregister.28013/bbr.pass1.dat --subsamp-brute 100 --subsamp 100 --tol 1e-4 --tol1d 1e-3 --brute -4 4 4 --surf white --gm-proj-abs 2 --gm-gt-wm 0.5 
sysname  Linux
hostname bc12225.int.ets1.calculquebec.ca
machine  x86_64
user     bpinsard
movvol /localscratch/bpinsard.41451878.0/freesurfer_crosssectional_autorecon3_sub05_ses008.job/sub-05_ses-008/mri/transforms/tmp.bbregister.28013/template.nii
regfile /localscratch/bpinsard.41451878.0/freesurfer_crosssectional_autorecon3_sub05_ses008.job/sub-05_ses-008/mri/transforms/tmp.bbregister.28013/reg.init.dat
subject sub-05_ses-008
dof 6
outregfile /localscratch/bpinsard.41451878.0/freesurfer_crosssectional_autorecon3_sub05_ses008.job/sub-05_ses-008/mri/transforms/tmp.bbregister.28013/bbr.pass1.dat
UseMask 0
UseLH 1
UseRH 1
nsubsamp 100
PenaltySign  -1
PenaltySlope 0.500000
PenaltyCenter 0.000000
surfname white
GMProjAbs 2.000000
WMProjAbs 2.000000
lhcostfile (null)
rhcostfile (null)
interp  trilinear (1)
frame  0
TolPowell 0.000100
nMaxItersPowell 36
n1dmin  3
Profile   0
Gdiag_no  -1
AddNoise  0 (0)
SynthSeed 1697268726
TransRandMax 0.000000
RotRandMax 0.000000
Translations 0.000000 0.000000 0.000000
Rotations   0.000000 0.000000 0.000000
Input reg
-0.99991  -0.01303   0.00283   0.27795;
 0.00336  -0.04091   0.99916   16.50784;
 0.01290  -0.99908  -0.04095   4.88467;
 0.00000   0.00000   0.00000   1.00000;

Loading mov
ExcludeZeroVoxels 1
Reading in targ vol /localscratch/bpinsard.41451878.0/freesurfer_crosssectional_autorecon3_sub05_ses008.job/sub-05_ses-008/mri/orig.mgz
Projecting LH Surfs
Loading lh.white surf
GM Proj: 0 0.500000 2.000000
WM Proj: 0 0.500000 2.000000
Projecting RH Surfs
Loading rh.white surf
Projecting RH Surfs
Using lh.cortex.label
Using rh.cortex.label
Computing relative cost
 0  -25.0 -25.0 -25.0   1.019190
 1  -25.0 -25.0  25.0   1.015814
 2  -25.0  25.0 -25.0   1.010243
 3  -25.0  25.0  25.0   1.026354
 4   25.0 -25.0 -25.0   0.974991
 5   25.0 -25.0  25.0   1.020698
 6   25.0  25.0 -25.0   1.001058
 7   25.0  25.0  25.0   1.023433
REL:  8  0.966090    8.091781  1.011473 rel = 0.955132 
Initial costs ----------------
Number of surface hits 4193
WM  Intensity  1115.5192 +/- 653.0829
Ctx Intensity  1107.4553 +/- 649.5929
Pct Contrast     -0.6986 +/-  52.9279
Cost   0.9661
RelCost   0.9551


WARNING: initial G-W contrast is negative, but expecting positive.
If the mov data has a T1 contrast, re-run with --T1



------------------------------------
Brute force preopt -4 4 4, n = 729
     0  -4.0000  -4.0000  -4.0000  -4.0000  -4.0000  -4.0000      1.0036   1.0036  0.0
     1  -4.0000  -4.0000  -4.0000  -4.0000  -4.0000   0.0000      0.9873   0.9873  0.0
     2  -4.0000  -4.0000  -4.0000  -4.0000  -4.0000   4.0000      0.9659   0.9659  0.0
     4  -4.0000  -4.0000  -4.0000  -4.0000   0.0000   0.0000      0.9512   0.9512  0.0
     5  -4.0000  -4.0000  -4.0000  -4.0000   0.0000   4.0000      0.9443   0.9443  0.0
    10  -4.0000  -4.0000  -4.0000   0.0000  -4.0000   0.0000      0.9296   0.9296  0.0
    28  -4.0000  -4.0000   0.0000  -4.0000  -4.0000   0.0000      0.9116   0.9116  0.0
   311   0.0000  -4.0000   4.0000   0.0000   0.0000   4.0000      0.9054   0.9054  0.0
Brute Force --------------------------
Min cost was 0.905410
Number of iterations   729
Search time 3.827866 sec
Parameters at best (transmm, rotdeg)
  0.000  -4.000   4.000  0.000  0.000  4.000 
--------------------------------------------

Starting Powell Minimization
Init Powel Params dof = 6
0 0
1 -4
2 4
3 0
4 0
5 4
fs_powell::minimize
  nparams 6
  maxfev 36
  ftol   0.000100
  linmin_xtol_   0.001000
  powell nthiter 0: fret = 0.905410
   3 -1.618 -4.000  4.000  0.000  0.000  4.000   0.9038806049
  25 -0.011 -3.821  4.000  0.000  0.000  4.000   0.9030013831
  27 -0.011 -3.868  4.000  0.000  0.000  4.000   0.9026349979
  28 -0.011 -3.858  4.000  0.000  0.000  4.000   0.9023988177
  29 -0.011 -3.849  4.000  0.000  0.000  4.000   0.9023599616
  30 -0.011 -3.851  4.000  0.000  0.000  4.000   0.9023555431
  31 -0.011 -3.852  4.000  0.000  0.000  4.000   0.9023552355
  40 -0.011 -3.852  4.118  0.000  0.000  4.000   0.9020636486
  49 -0.011 -3.852  4.118 -1.618  0.000  4.000   0.8958908166
  50 -0.011 -3.852  4.118 -1.082  0.000  4.000   0.8924060440
  54 -0.011 -3.852  4.118 -1.087  0.000  4.000   0.8918324615
  56 -0.011 -3.852  4.118 -1.118  0.000  4.000   0.8899514782
  57 -0.011 -3.852  4.118 -1.122  0.000  4.000   0.8898154812
  59 -0.011 -3.852  4.118 -1.127  0.000  4.000   0.8896861428
  61 -0.011 -3.852  4.118 -1.128  0.000  4.000   0.8896783793
  65 -0.011 -3.852  4.118 -1.128 -1.618  4.000   0.8851545483
  73 -0.011 -3.852  4.118 -1.128 -1.764  4.000   0.8849490812
  75 -0.011 -3.852  4.118 -1.128 -1.708  4.000   0.8840787127
  76 -0.011 -3.852  4.118 -1.128 -1.695  4.000   0.8839458748
  77 -0.011 -3.852  4.118 -1.128 -1.665  4.000   0.8836373650
  79 -0.011 -3.852  4.118 -1.128 -1.668  4.000   0.8836327109
  80 -0.011 -3.852  4.118 -1.128 -1.669  4.000   0.8836304556
  83 -0.011 -3.852  4.118 -1.128 -1.670  4.000   0.8836303153
  84 -0.011 -3.852  4.118 -1.128 -1.671  4.000   0.8836300267
  97 -0.011 -3.852  4.118 -1.128 -1.671  3.999   0.8836289544
  powell nthiter 1: fret = 0.883629
 104 -0.629 -3.852  4.118 -1.128 -1.671  3.999   0.8817729038
 108 -0.542 -3.852  4.118 -1.128 -1.671  3.999   0.8806570877
 110 -0.563 -3.852  4.118 -1.128 -1.671  3.999   0.8802652482
 112 -0.564 -3.852  4.118 -1.128 -1.671  3.999   0.8802604279
 113 -0.565 -3.852  4.118 -1.128 -1.671  3.999   0.8802587081
 124 -0.565 -3.967  4.118 -1.128 -1.671  3.999   0.8799466853
 126 -0.565 -4.018  4.118 -1.128 -1.671  3.999   0.8791272524
 129 -0.565 -4.028  4.118 -1.128 -1.671  3.999   0.8789204858
 140 -0.565 -4.028  4.122 -1.128 -1.671  3.999   0.8788448756
 142 -0.565 -4.028  4.129 -1.128 -1.671  3.999   0.8787564699
 144 -0.565 -4.028  4.130 -1.128 -1.671  3.999   0.8787543222
 154 -0.565 -4.028  4.130 -1.148 -1.671  3.999   0.8784419415
 155 -0.565 -4.028  4.130 -1.149 -1.671  3.999   0.8784272206
 157 -0.565 -4.028  4.130 -1.156 -1.671  3.999   0.8784018445
 158 -0.565 -4.028  4.130 -1.154 -1.671  3.999   0.8783837786
 167 -0.565 -4.028  4.130 -1.154 -1.594  3.999   0.8777352671
 169 -0.565 -4.028  4.130 -1.154 -1.591  3.999   0.8776771530
 171 -0.565 -4.028  4.130 -1.154 -1.584  3.999   0.8775456548
 173 -0.565 -4.028  4.130 -1.154 -1.587  3.999   0.8775360283
 175 -0.565 -4.028  4.130 -1.154 -1.586  3.999   0.8775264019
 182 -0.565 -4.028  4.130 -1.154 -1.586  4.041   0.8767312794
 185 -0.565 -4.028  4.130 -1.154 -1.586  4.025   0.8767019321
 187 -0.565 -4.028  4.130 -1.154 -1.586  4.031   0.8766928491
 188 -0.565 -4.028  4.130 -1.154 -1.586  4.030   0.8766890583
  powell nthiter 2: fret = 0.876689
 201 -0.557 -4.028  4.130 -1.154 -1.586  4.030   0.8766563157
 202 -0.559 -4.028  4.130 -1.154 -1.586  4.030   0.8766339323
 203 -0.560 -4.028  4.130 -1.154 -1.586  4.030   0.8766332105
 209 -0.560 -4.646  4.130 -1.154 -1.586  4.030   0.8725320010
 217 -0.560 -4.647  4.130 -1.154 -1.586  4.030   0.8725258919
 225 -0.560 -4.647  4.152 -1.154 -1.586  4.030   0.8723964492
 226 -0.560 -4.647  4.177 -1.154 -1.586  4.030   0.8716131592
 228 -0.560 -4.647  4.226 -1.154 -1.586  4.030   0.8715176739
 231 -0.560 -4.647  4.237 -1.154 -1.586  4.030   0.8714854117
 233 -0.560 -4.647  4.233 -1.154 -1.586  4.030   0.8713979990
 246 -0.560 -4.647  4.233 -1.152 -1.586  4.030   0.8713811414
 261 -0.560 -4.647  4.233 -1.152 -1.558  4.030   0.8713229641
 262 -0.560 -4.647  4.233 -1.152 -1.541  4.030   0.8712899409
 264 -0.560 -4.647  4.233 -1.152 -1.547  4.030   0.8712786491
 265 -0.560 -4.647  4.233 -1.152 -1.546  4.030   0.8712738100
 266 -0.560 -4.647  4.233 -1.152 -1.545  4.030   0.8712659153
 267 -0.560 -4.647  4.233 -1.152 -1.543  4.030   0.8712617784
 273 -0.560 -4.647  4.233 -1.152 -1.543  3.412   0.8711955227
 275 -0.560 -4.647  4.233 -1.152 -1.543  3.720   0.8708578419
 279 -0.560 -4.647  4.233 -1.152 -1.543  3.737   0.8706882210
 281 -0.560 -4.647  4.233 -1.152 -1.543  3.742   0.8706719871
 282 -0.560 -4.647  4.233 -1.152 -1.543  3.743   0.8706697801
  powell nthiter 3: fret = 0.870670
 299 -0.566 -4.647  4.233 -1.152 -1.543  3.743   0.8705950722
 313 -0.566 -4.655  4.233 -1.152 -1.543  3.743   0.8704847300
 315 -0.566 -4.663  4.233 -1.152 -1.543  3.743   0.8703867470
 317 -0.566 -4.665  4.233 -1.152 -1.543  3.743   0.8703775824
 330 -0.566 -4.665  4.217 -1.152 -1.543  3.743   0.8699690163
 332 -0.566 -4.665  4.214 -1.152 -1.543  3.743   0.8699666531
 333 -0.566 -4.665  4.215 -1.152 -1.543  3.743   0.8699655385
 345 -0.566 -4.665  4.215 -1.158 -1.543  3.743   0.8696936050
 346 -0.566 -4.665  4.215 -1.160 -1.543  3.743   0.8696919706
 357 -0.566 -4.665  4.215 -1.160 -1.538  3.743   0.8695569460
 359 -0.566 -4.665  4.215 -1.160 -1.534  3.743   0.8695553564
 360 -0.566 -4.665  4.215 -1.160 -1.536  3.743   0.8695498567
 369 -0.566 -4.665  4.215 -1.160 -1.536  3.506   0.8683171178
 374 -0.566 -4.665  4.215 -1.160 -1.536  3.514   0.8682761439
 376 -0.566 -4.665  4.215 -1.160 -1.536  3.513   0.8682734722
  powell nthiter 4: fret = 0.868273
 390 -0.549 -4.665  4.215 -1.160 -1.536  3.513   0.8680909394
 392 -0.534 -4.665  4.215 -1.160 -1.536  3.513   0.8680783437
 393 -0.541 -4.665  4.215 -1.160 -1.536  3.513   0.8680446654
 395 -0.540 -4.665  4.215 -1.160 -1.536  3.513   0.8680438398
 404 -0.540 -4.560  4.215 -1.160 -1.536  3.513   0.8659135908
 421 -0.540 -4.560  4.220 -1.160 -1.536  3.513   0.8658585998
 422 -0.540 -4.560  4.219 -1.160 -1.536  3.513   0.8658545474
 431 -0.540 -4.560  4.219 -1.202 -1.536  3.513   0.8657567722
 433 -0.540 -4.560  4.219 -1.225 -1.536  3.513   0.8654853815
 435 -0.540 -4.560  4.219 -1.216 -1.536  3.513   0.8653418653
 436 -0.540 -4.560  4.219 -1.217 -1.536  3.513   0.8653328609
 437 -0.540 -4.560  4.219 -1.218 -1.536  3.513   0.8653284113
 439 -0.540 -4.560  4.219 -1.219 -1.536  3.513   0.8653255685
 448 -0.540 -4.560  4.219 -1.219 -1.553  3.513   0.8652603070
 449 -0.540 -4.560  4.219 -1.219 -1.549  3.513   0.8652252863
 450 -0.540 -4.560  4.219 -1.219 -1.546  3.513   0.8652050244
 452 -0.540 -4.560  4.219 -1.219 -1.545  3.513   0.8652019294
 465 -0.540 -4.560  4.219 -1.219 -1.545  3.521   0.8651624452
 466 -0.540 -4.560  4.219 -1.219 -1.545  3.520   0.8651516055
 467 -0.540 -4.560  4.219 -1.219 -1.545  3.518   0.8651406189
  powell nthiter 5: fret = 0.865141
 480 -0.570 -4.560  4.219 -1.219 -1.545  3.518   0.8650482642
 484 -0.571 -4.560  4.219 -1.219 -1.545  3.518   0.8650435310
 486 -0.572 -4.560  4.219 -1.219 -1.545  3.518   0.8650422102
 495 -0.572 -4.600  4.219 -1.219 -1.545  3.518   0.8639382370
 496 -0.572 -4.610  4.219 -1.219 -1.545  3.518   0.8638935046
 498 -0.572 -4.607  4.219 -1.219 -1.545  3.518   0.8638905238
 500 -0.572 -4.608  4.219 -1.219 -1.545  3.518   0.8638890742
 509 -0.572 -4.608  4.275 -1.219 -1.545  3.518   0.8623093581
 514 -0.572 -4.608  4.282 -1.219 -1.545  3.518   0.8622656588
 515 -0.572 -4.608  4.284 -1.219 -1.545  3.518   0.8622655829
 517 -0.572 -4.608  4.283 -1.219 -1.545  3.518   0.8622625385
 527 -0.572 -4.608  4.283 -1.222 -1.545  3.518   0.8622562323
 528 -0.572 -4.608  4.283 -1.221 -1.545  3.518   0.8622554057
 539 -0.572 -4.608  4.283 -1.221 -1.533  3.518   0.8621060485
 540 -0.572 -4.608  4.283 -1.221 -1.532  3.518   0.8621054048
 550 -0.572 -4.608  4.283 -1.221 -1.532  3.502   0.8620647227
 551 -0.572 -4.608  4.283 -1.221 -1.532  3.508   0.8619901369
 552 -0.572 -4.608  4.283 -1.221 -1.532  3.509   0.8619791119
 554 -0.572 -4.608  4.283 -1.221 -1.532  3.510   0.8619779895
  powell nthiter 6: fret = 0.861978
 567 -0.574 -4.608  4.283 -1.221 -1.532  3.510   0.8619747343
 579 -0.574 -4.589  4.283 -1.221 -1.532  3.510   0.8618750183
 582 -0.574 -4.585  4.283 -1.221 -1.532  3.510   0.8618568425
 594 -0.574 -4.585  4.295 -1.221 -1.532  3.510   0.8617656180
 595 -0.574 -4.585  4.291 -1.221 -1.532  3.510   0.8616589843
 607 -0.574 -4.585  4.291 -1.220 -1.532  3.510   0.8616572155
 619 -0.574 -4.585  4.291 -1.220 -1.533  3.510   0.8616560994
 631 -0.574 -4.585  4.291 -1.220 -1.533  3.507   0.8616362228
  powell nthiter 7: fret = 0.861636
 646 -0.569 -4.585  4.291 -1.220 -1.533  3.507   0.8616024511
 647 -0.570 -4.585  4.291 -1.220 -1.533  3.507   0.8615995297
 659 -0.570 -4.595  4.291 -1.220 -1.533  3.507   0.8615597450
 660 -0.570 -4.592  4.291 -1.220 -1.533  3.507   0.8615330189
 675 -0.570 -4.592  4.293 -1.220 -1.533  3.507   0.8615219805
 702 -0.570 -4.592  4.293 -1.220 -1.534  3.507   0.8615212959
 714 -0.570 -4.592  4.293 -1.220 -1.534  3.506   0.8615205154
  powell nthiter 8: fret = 0.861521
 741 -0.570 -4.593  4.293 -1.220 -1.534  3.506   0.8615195747
Powell done niters = 8
Computing relative cost
 0  -25.0 -25.0 -25.0   1.009359
 1  -25.0 -25.0  25.0   1.011819
 2  -25.0  25.0 -25.0   1.005516
 3  -25.0  25.0  25.0   1.036104
 4   25.0 -25.0 -25.0   0.976604
 5   25.0 -25.0  25.0   1.019149
 6   25.0  25.0 -25.0   1.029148
 7   25.0  25.0  25.0   1.001848
REL:  8  0.861520    8.089546  1.011193 rel = 0.851983 
Number of iterations     8
Min cost was 0.861520
Number of FunctionCalls   795
TolPowell 0.000100
nMaxItersPowell 36
OptimizationTime 4.093020 sec
Parameters at optimum (transmm) -0.56976 -4.59350  4.29307
Parameters at optimum (rotdeg) -1.22007 -1.53398  3.50638 
Final costs ----------------
Number of surface hits 4193
WM  Intensity  1047.8727 +/- 619.4421
Ctx Intensity  1107.8183 +/- 644.7635
Pct Contrast      5.3131 +/-  52.4820
Cost   0.8615
RelCost   0.9551
Reg at min cost was 
-0.99825   0.01747  -0.05655  -1.42927;
-0.05752  -0.06122   0.99647   11.99309;
-0.01395  -0.99797  -0.06211   8.83095;
 0.00000   0.00000   0.00000   1.00000;

Writing optimal reg to /localscratch/bpinsard.41451878.0/freesurfer_crosssectional_autorecon3_sub05_ses008.job/sub-05_ses-008/mri/transforms/tmp.bbregister.28013/bbr.pass1.dat, type = 14 
Original Reg 
-0.99991  -0.01303   0.00283   0.27795;
 0.00336  -0.04091   0.99916   16.50784;
 0.01290  -0.99908  -0.04095   4.88467;
 0.00000   0.00000   0.00000   1.00000;

Original Reg - Optimal Reg
-0.00166  -0.03050   0.05939   1.70722;
 0.06089   0.02031   0.00269   4.51475;
 0.02685  -0.00111   0.02117  -3.94628;
 0.00000   0.00000   0.00000   0.00000;

Computing change in lh position
LH rmsDiffMean 6.879830
Computing change in rh position
Surface-RMS-Diff-mm 7.468640 1.005382 9.848857


WARNING: initial G-W contrast was negative, but expected positive.
If the mov data has a T1 contrast, re-run with --T1


mri_segreg done
mri_segreg --mov /localscratch/bpinsard.41451878.0/freesurfer_crosssectional_autorecon3_sub05_ses008.job/sub-05_ses-008/mri/transforms/tmp.bbregister.28013/template.nii --init-reg /localscratch/bpinsard.41451878.0/freesurfer_crosssectional_autorecon3_sub05_ses008.job/sub-05_ses-008/mri/transforms/tmp.bbregister.28013/bbr.pass1.dat --out-reg /localscratch/bpinsard.41451878.0/freesurfer_crosssectional_autorecon3_sub05_ses008.job/sub-05_ses-008/mri/transforms/T2raw.auto.dat --interp trilinear --wm-proj-abs 1 --tol 1e-8 --tol1d 1e-3 --c0 0 --mincost /localscratch/bpinsard.41451878.0/freesurfer_crosssectional_autorecon3_sub05_ses008.job/sub-05_ses-008/mri/transforms/T2raw.auto.dat.mincost --dof 6 --nmax 36 --param /localscratch/bpinsard.41451878.0/freesurfer_crosssectional_autorecon3_sub05_ses008.job/sub-05_ses-008/mri/transforms/T2raw.auto.dat.param --surf white --brute -0.1 0.1 0.1 --cur-reg /localscratch/bpinsard.41451878.0/freesurfer_crosssectional_autorecon3_sub05_ses008.job/sub-05_ses-008/mri/transforms/tmp.bbregister.28013/reg.curopt.dat --gm-proj-abs 2 --nsub 1 --gm-gt-wm 0.5
7.4.1
setenv SUBJECTS_DIR /localscratch/bpinsard.41451878.0/freesurfer_crosssectional_autorecon3_sub05_ses008.job
cd /localscratch/bpinsard.41451878.0/freesurfer_crosssectional_autorecon3_sub05_ses008.job/sub-05_ses-008/scripts
mri_segreg --mov /localscratch/bpinsard.41451878.0/freesurfer_crosssectional_autorecon3_sub05_ses008.job/sub-05_ses-008/mri/transforms/tmp.bbregister.28013/template.nii --init-reg /localscratch/bpinsard.41451878.0/freesurfer_crosssectional_autorecon3_sub05_ses008.job/sub-05_ses-008/mri/transforms/tmp.bbregister.28013/bbr.pass1.dat --out-reg /localscratch/bpinsard.41451878.0/freesurfer_crosssectional_autorecon3_sub05_ses008.job/sub-05_ses-008/mri/transforms/T2raw.auto.dat --interp trilinear --wm-proj-abs 1 --tol 1e-8 --tol1d 1e-3 --c0 0 --mincost /localscratch/bpinsard.41451878.0/freesurfer_crosssectional_autorecon3_sub05_ses008.job/sub-05_ses-008/mri/transforms/T2raw.auto.dat.mincost --dof 6 --nmax 36 --param /localscratch/bpinsard.41451878.0/freesurfer_crosssectional_autorecon3_sub05_ses008.job/sub-05_ses-008/mri/transforms/T2raw.auto.dat.param --surf white --brute -0.1 0.1 0.1 --cur-reg /localscratch/bpinsard.41451878.0/freesurfer_crosssectional_autorecon3_sub05_ses008.job/sub-05_ses-008/mri/transforms/tmp.bbregister.28013/reg.curopt.dat --gm-proj-abs 2 --nsub 1 --gm-gt-wm 0.5 
sysname  Linux
hostname bc12225.int.ets1.calculquebec.ca
machine  x86_64
user     bpinsard
movvol /localscratch/bpinsard.41451878.0/freesurfer_crosssectional_autorecon3_sub05_ses008.job/sub-05_ses-008/mri/transforms/tmp.bbregister.28013/template.nii
regfile /localscratch/bpinsard.41451878.0/freesurfer_crosssectional_autorecon3_sub05_ses008.job/sub-05_ses-008/mri/transforms/tmp.bbregister.28013/bbr.pass1.dat
subject sub-05_ses-008
dof 6
outregfile /localscratch/bpinsard.41451878.0/freesurfer_crosssectional_autorecon3_sub05_ses008.job/sub-05_ses-008/mri/transforms/T2raw.auto.dat
UseMask 0
UseLH 1
UseRH 1
nsubsamp 1
PenaltySign  -1
PenaltySlope 0.500000
PenaltyCenter 0.000000
surfname white
GMProjAbs 2.000000
WMProjAbs 1.000000
lhcostfile (null)
rhcostfile (null)
interp  trilinear (1)
frame  0
TolPowell 0.000000
nMaxItersPowell 36
n1dmin  3
Profile   0
Gdiag_no  -1
AddNoise  0 (0)
SynthSeed 1696748927
TransRandMax 0.000000
RotRandMax 0.000000
Translations 0.000000 0.000000 0.000000
Rotations   0.000000 0.000000 0.000000
Input reg
-0.99825   0.01747  -0.05655  -1.42927;
-0.05752  -0.06122   0.99647   11.99309;
-0.01395  -0.99797  -0.06211   8.83095;
 0.00000   0.00000   0.00000   1.00000;

Loading mov
ExcludeZeroVoxels 1
Reading in targ vol /localscratch/bpinsard.41451878.0/freesurfer_crosssectional_autorecon3_sub05_ses008.job/sub-05_ses-008/mri/orig.mgz
Projecting LH Surfs
Loading lh.white surf
GM Proj: 0 0.500000 2.000000
WM Proj: 0 0.500000 1.000000
Projecting RH Surfs
Loading rh.white surf
Projecting RH Surfs
Using lh.cortex.label
Using rh.cortex.label
Computing relative cost
 0  -25.0 -25.0 -25.0   1.013198
 1  -25.0 -25.0  25.0   1.002526
 2  -25.0  25.0 -25.0   1.001644
 3  -25.0  25.0  25.0   1.004830
 4   25.0 -25.0 -25.0   1.004806
 5   25.0 -25.0  25.0   1.017488
 6   25.0  25.0 -25.0   1.020437
 7   25.0  25.0  25.0   1.018315
REL:  8  0.915493    8.083244  1.010405 rel = 0.906065 
Initial costs ----------------
Number of surface hits 420842
WM  Intensity  1058.9805 +/- 622.9694
Ctx Intensity  1094.0700 +/- 641.0201
Pct Contrast      2.9644 +/-  46.7401
Cost   0.9155
RelCost   0.9061

------------------------------------
Brute force preopt -0.1 0.1 0.1, n = 729
     0  -0.1000  -0.1000  -0.1000  -0.1000  -0.1000  -0.1000      0.8776   0.8776  0.0
     1  -0.1000  -0.1000  -0.1000  -0.1000  -0.1000   0.0000      0.8771   0.8771  0.0
     2  -0.1000  -0.1000  -0.1000  -0.1000  -0.1000   0.1000      0.8754   0.8754  0.0
    29  -0.1000  -0.1000   0.0000  -0.1000  -0.1000   0.1000      0.8734   0.8734  0.0
    32  -0.1000  -0.1000   0.0000  -0.1000   0.0000   0.1000      0.8733   0.8733  0.0
Brute Force --------------------------
Min cost was 0.873257
Number of iterations   729
Search time 3.659710 sec
Parameters at best (transmm, rotdeg)
 -0.100  -0.100   0.000 -0.100  0.000  0.100 
--------------------------------------------

Starting Powell Minimization
Init Powel Params dof = 6
0 -0.1
1 -0.1
2 0
3 -0.1
4 0
5 0.1
fs_powell::minimize
  nparams 6
  maxfev 36
  ftol   0.000000
  linmin_xtol_   0.001000
  powell nthiter 0: fret = 0.913038
   8 -0.074 -0.100  0.000 -0.100  0.000  0.100   0.9130057897
   9  0.062 -0.100  0.000 -0.100  0.000  0.100   0.9127591757
  13  0.068 -0.100  0.000 -0.100  0.000  0.100   0.9127448558
  14  0.075 -0.100  0.000 -0.100  0.000  0.100   0.9127380503
  15  0.076 -0.100  0.000 -0.100  0.000  0.100   0.9127373956
  17  0.077 -0.100  0.000 -0.100  0.000  0.100   0.9127371478
  21  0.077 -1.718  0.000 -0.100  0.000  0.100   0.9069342663
  30  0.077 -1.674  0.000 -0.100  0.000  0.100   0.9069126786
  31  0.077 -1.679  0.000 -0.100  0.000  0.100   0.9069008872
  32  0.077 -1.693  0.000 -0.100  0.000  0.100   0.9068942030
  33  0.077 -1.703  0.000 -0.100  0.000  0.100   0.9068676744
  35  0.077 -1.704  0.000 -0.100  0.000  0.100   0.9068668893
  39  0.077 -1.704 -1.618 -0.100  0.000  0.100   0.9002206383
  48  0.077 -1.704 -1.605 -0.100  0.000  0.100   0.9002116577
  50  0.077 -1.704 -1.609 -0.100  0.000  0.100   0.9002060144
  60  0.077 -1.704 -1.609 -0.160  0.000  0.100   0.8999413762
  62  0.077 -1.704 -1.609 -0.158  0.000  0.100   0.8999350997
  66  0.077 -1.704 -1.609 -0.157  0.000  0.100   0.8999349284
  77  0.077 -1.704 -1.609 -0.157 -0.034  0.100   0.8999016367
  78  0.077 -1.704 -1.609 -0.157 -0.022  0.100   0.8998708664
  87  0.077 -1.704 -1.609 -0.157 -0.022 -0.100   0.8993165288
  90  0.077 -1.704 -1.609 -0.157 -0.022 -0.177   0.8990652541
  91  0.077 -1.704 -1.609 -0.157 -0.022 -0.175   0.8990560308
  92  0.077 -1.704 -1.609 -0.157 -0.022 -0.154   0.8989888751
  95  0.077 -1.704 -1.609 -0.157 -0.022 -0.157   0.8989824881
  97  0.077 -1.704 -1.609 -0.157 -0.022 -0.158   0.8989818733
  powell nthiter 1: fret = 0.898982
 106  0.183 -1.704 -1.609 -0.157 -0.022 -0.158   0.8988800304
 111  0.189 -1.704 -1.609 -0.157 -0.022 -0.158   0.8988683394
 120  0.189 -1.722 -1.609 -0.157 -0.022 -0.158   0.8988107498
 122  0.189 -1.779 -1.609 -0.157 -0.022 -0.158   0.8987728499
 124  0.189 -1.845 -1.609 -0.157 -0.022 -0.158   0.8986736715
 126  0.189 -1.820 -1.609 -0.157 -0.022 -0.158   0.8986182574
 139  0.189 -1.820 -1.592 -0.157 -0.022 -0.158   0.8985949043
 141  0.189 -1.820 -1.596 -0.157 -0.022 -0.158   0.8985918678
 143  0.189 -1.820 -1.595 -0.157 -0.022 -0.158   0.8985917576
 155  0.189 -1.820 -1.595 -0.182 -0.022 -0.158   0.8985650268
 156  0.189 -1.820 -1.595 -0.178 -0.022 -0.158   0.8985498387
 157  0.189 -1.820 -1.595 -0.172 -0.022 -0.158   0.8985305506
 159  0.189 -1.820 -1.595 -0.170 -0.022 -0.158   0.8985297210
 167  0.189 -1.820 -1.595 -0.170 -0.028 -0.158   0.8985251889
 170  0.189 -1.820 -1.595 -0.170 -0.025 -0.158   0.8985200196
 180  0.189 -1.820 -1.595 -0.170 -0.025 -0.127   0.8984759863
 183  0.189 -1.820 -1.595 -0.170 -0.025 -0.131   0.8984746678
 184  0.189 -1.820 -1.595 -0.170 -0.025 -0.130   0.8984742698
  powell nthiter 2: fret = 0.898474
 193  0.190 -1.820 -1.595 -0.170 -0.025 -0.130   0.8984729508
 208  0.190 -1.821 -1.595 -0.170 -0.025 -0.130   0.8984721960
 221  0.190 -1.821 -1.575 -0.170 -0.025 -0.130   0.8984581503
 222  0.190 -1.821 -1.579 -0.170 -0.025 -0.130   0.8984497793
 223  0.190 -1.821 -1.583 -0.170 -0.025 -0.130   0.8984456859
 225  0.190 -1.821 -1.584 -0.170 -0.025 -0.130   0.8984453415
 226  0.190 -1.821 -1.585 -0.170 -0.025 -0.130   0.8984453204
 238  0.190 -1.821 -1.585 -0.193 -0.025 -0.130   0.8984112881
 240  0.190 -1.821 -1.585 -0.192 -0.025 -0.130   0.8984110714
 256  0.190 -1.821 -1.585 -0.192 -0.024 -0.130   0.8984106869
 264  0.190 -1.821 -1.585 -0.192 -0.024 -0.129   0.8984069350
 266  0.190 -1.821 -1.585 -0.192 -0.024 -0.121   0.8983986061
 267  0.190 -1.821 -1.585 -0.192 -0.024 -0.123   0.8983962738
 270  0.191 -1.822 -1.575 -0.214 -0.023 -0.117   0.8983749902
 277  0.191 -1.822 -1.575 -0.213 -0.023 -0.117   0.8983749778
 278  0.191 -1.822 -1.575 -0.213 -0.023 -0.117   0.8983749625
 279  0.191 -1.822 -1.575 -0.213 -0.023 -0.117   0.8983749499
 280  0.191 -1.822 -1.575 -0.213 -0.023 -0.117   0.8983749327
 281  0.191 -1.822 -1.575 -0.213 -0.023 -0.117   0.8983748843
  powell nthiter 3: fret = 0.898375
 292  0.198 -1.822 -1.575 -0.213 -0.023 -0.117   0.8983567328
 295  0.197 -1.822 -1.575 -0.213 -0.023 -0.117   0.8983566661
 308  0.197 -1.827 -1.575 -0.213 -0.023 -0.117   0.8983542717
 309  0.197 -1.826 -1.575 -0.213 -0.023 -0.117   0.8983538296
 310  0.197 -1.825 -1.575 -0.213 -0.023 -0.117   0.8983537609
 318  0.197 -1.825 -1.415 -0.213 -0.023 -0.117   0.8982569524
 322  0.197 -1.825 -1.406 -0.213 -0.023 -0.117   0.8982284625
 323  0.197 -1.825 -1.403 -0.213 -0.023 -0.117   0.8982240423
 332  0.197 -1.825 -1.403 -0.213 -0.023 -0.073   0.8980704530
 334  0.197 -1.825 -1.403 -0.213 -0.023 -0.052   0.8979445423
 336  0.197 -1.825 -1.403 -0.213 -0.023 -0.049   0.8979419177
 348  0.197 -1.825 -1.403 -0.213 -0.055 -0.049   0.8979079944
 349  0.197 -1.825 -1.403 -0.213 -0.052 -0.049   0.8979000756
 350  0.197 -1.825 -1.403 -0.213 -0.043 -0.049   0.8978859494
 352  0.197 -1.825 -1.403 -0.213 -0.044 -0.049   0.8978857186
 357  0.198 -1.826 -1.392 -0.235 -0.044 -0.042   0.8977444177
 358  0.200 -1.828 -1.376 -0.269 -0.042 -0.031   0.8976881801
 360  0.202 -1.831 -1.349 -0.326 -0.039 -0.014   0.8976866638
  powell nthiter 4: fret = 0.897688
 383  0.213 -1.828 -1.376 -0.268 -0.042 -0.032   0.8976809553
 387  0.217 -1.828 -1.376 -0.268 -0.042 -0.032   0.8976808253
 389  0.216 -1.828 -1.376 -0.268 -0.042 -0.032   0.8976798393
 390  0.215 -1.828 -1.376 -0.268 -0.042 -0.032   0.8976798094
 400  0.215 -1.837 -1.376 -0.268 -0.042 -0.032   0.8976605700
 402  0.215 -1.852 -1.376 -0.268 -0.042 -0.032   0.8976407786
 418  0.215 -1.852 -1.345 -0.268 -0.042 -0.032   0.8976073570
 420  0.215 -1.852 -1.357 -0.268 -0.042 -0.032   0.8975689590
 421  0.215 -1.852 -1.358 -0.268 -0.042 -0.032   0.8975677048
 423  0.215 -1.852 -1.359 -0.268 -0.042 -0.032   0.8975676714
 433  0.215 -1.852 -1.359 -0.268 -0.042 -0.035   0.8975631253
 434  0.215 -1.852 -1.359 -0.268 -0.042 -0.036   0.8975630337
 445  0.215 -1.852 -1.359 -0.268 -0.053 -0.036   0.8975589643
 446  0.215 -1.852 -1.359 -0.268 -0.051 -0.036   0.8975570544
 447  0.215 -1.852 -1.359 -0.268 -0.049 -0.036   0.8975547393
 448  0.215 -1.852 -1.359 -0.268 -0.046 -0.036   0.8975546623
 450  0.215 -1.852 -1.359 -0.268 -0.047 -0.036   0.8975541504
 452  0.216 -1.853 -1.349 -0.290 -0.046 -0.029   0.8975484652
 457  0.215 -1.853 -1.351 -0.286 -0.047 -0.030   0.8975474721
 458  0.215 -1.853 -1.351 -0.286 -0.047 -0.030   0.8975474057
 463  0.215 -1.853 -1.351 -0.286 -0.047 -0.030   0.8975474003
 466  0.231 -1.879 -1.325 -0.305 -0.051 -0.029   0.8974763061
 473  0.232 -1.880 -1.323 -0.306 -0.051 -0.029   0.8974745186
 475  0.233 -1.882 -1.321 -0.307 -0.052 -0.029   0.8974733780
 476  0.233 -1.882 -1.321 -0.307 -0.052 -0.029   0.8974733061
 478  0.234 -1.883 -1.321 -0.308 -0.052 -0.029   0.8974732865
  powell nthiter 5: fret = 0.897473
 492  0.232 -1.883 -1.321 -0.308 -0.052 -0.029   0.8974691438
 494  0.223 -1.883 -1.321 -0.308 -0.052 -0.029   0.8974542176
 496  0.220 -1.883 -1.321 -0.308 -0.052 -0.029   0.8974541577
 499  0.221 -1.883 -1.321 -0.308 -0.052 -0.029   0.8974538735
 509  0.221 -1.879 -1.321 -0.308 -0.052 -0.029   0.8974492883
 514  0.222 -1.880 -1.310 -0.329 -0.051 -0.022   0.8974085123
 519  0.222 -1.880 -1.312 -0.325 -0.051 -0.023   0.8974079178
 535  0.222 -1.880 -1.312 -0.325 -0.051 -0.048   0.8973990029
 537  0.222 -1.880 -1.312 -0.325 -0.051 -0.037   0.8973890216
 539  0.222 -1.880 -1.312 -0.325 -0.051 -0.032   0.8973856990
 540  0.222 -1.880 -1.312 -0.325 -0.051 -0.033   0.8973847895
 541  0.222 -1.880 -1.312 -0.325 -0.051 -0.034   0.8973846885
 551  0.222 -1.880 -1.312 -0.325 -0.055 -0.034   0.8973786912
  powell nthiter 6: fret = 0.897379
 582  0.221 -1.880 -1.312 -0.325 -0.055 -0.034   0.8973779752
 596  0.221 -1.887 -1.312 -0.325 -0.055 -0.034   0.8973709490
 597  0.221 -1.886 -1.312 -0.325 -0.055 -0.034   0.8973707666
 604  0.221 -1.887 -1.308 -0.333 -0.055 -0.031   0.8973648748
 607  0.221 -1.887 -1.308 -0.334 -0.055 -0.031   0.8973648434
 608  0.221 -1.887 -1.308 -0.334 -0.055 -0.031   0.8973648225
 609  0.221 -1.887 -1.308 -0.334 -0.055 -0.031   0.8973647747
 610  0.221 -1.887 -1.308 -0.334 -0.055 -0.031   0.8973647249
 623  0.221 -1.887 -1.308 -0.334 -0.055 -0.038   0.8973558684
 624  0.221 -1.887 -1.308 -0.334 -0.055 -0.037   0.8973541393
 625  0.221 -1.887 -1.308 -0.334 -0.055 -0.036   0.8973537698
 639  0.221 -1.887 -1.308 -0.334 -0.056 -0.036   0.8973528969
 647  0.220 -1.885 -1.310 -0.333 -0.056 -0.036   0.8973510924
 649  0.220 -1.884 -1.310 -0.332 -0.055 -0.036   0.8973510534
 652  0.220 -1.884 -1.310 -0.332 -0.055 -0.036   0.8973510285
 653  0.220 -1.884 -1.310 -0.332 -0.055 -0.036   0.8973509916
 655  0.218 -1.888 -1.308 -0.339 -0.056 -0.038   0.8973372414
 662  0.218 -1.889 -1.308 -0.340 -0.056 -0.038   0.8973371536
 665  0.218 -1.889 -1.308 -0.340 -0.056 -0.038   0.8973371309
 667  0.218 -1.889 -1.308 -0.340 -0.056 -0.038   0.8973371178
  powell nthiter 7: fret = 0.897337
 700  0.217 -1.890 -1.308 -0.340 -0.056 -0.038   0.8973369264
 708  0.217 -1.889 -1.310 -0.336 -0.056 -0.039   0.8973357329
 709  0.217 -1.889 -1.310 -0.337 -0.056 -0.039   0.8973355345
 710  0.217 -1.890 -1.309 -0.337 -0.056 -0.039   0.8973353736
 716  0.217 -1.890 -1.309 -0.337 -0.056 -0.039   0.8973353579
 733  0.216 -1.889 -1.310 -0.337 -0.056 -0.039   0.8973353107
 747  0.216 -1.889 -1.310 -0.337 -0.054 -0.039   0.8973349578
 754  0.215 -1.890 -1.309 -0.340 -0.055 -0.040   0.8973347592
 755  0.216 -1.890 -1.310 -0.338 -0.054 -0.040   0.8973343876
 756  0.216 -1.890 -1.310 -0.338 -0.054 -0.040   0.8973343488
 760  0.216 -1.890 -1.310 -0.338 -0.054 -0.040   0.8973343027
  powell nthiter 8: fret = 0.897334
 776  0.214 -1.890 -1.310 -0.338 -0.054 -0.040   0.8973337752
 790  0.214 -1.889 -1.310 -0.338 -0.054 -0.040   0.8973336358
 798  0.214 -1.889 -1.311 -0.335 -0.055 -0.041   0.8973329408
 799  0.214 -1.889 -1.311 -0.336 -0.055 -0.040   0.8973326905
 800  0.214 -1.889 -1.311 -0.337 -0.055 -0.040   0.8973326745
 807  0.214 -1.889 -1.311 -0.337 -0.055 -0.040   0.8973326698
 815  0.215 -1.889 -1.310 -0.337 -0.055 -0.040   0.8973325005
 838  0.215 -1.890 -1.309 -0.338 -0.055 -0.040   0.8973321519
 839  0.215 -1.890 -1.309 -0.338 -0.055 -0.040   0.8973321333
 840  0.215 -1.890 -1.309 -0.338 -0.055 -0.040   0.8973320749
 847  0.213 -1.890 -1.309 -0.339 -0.055 -0.041   0.8973303184
 850  0.211 -1.891 -1.309 -0.339 -0.055 -0.043   0.8973276608
 854  0.206 -1.893 -1.307 -0.339 -0.056 -0.046   0.8973268229
 855  0.208 -1.892 -1.308 -0.339 -0.056 -0.045   0.8973264831
 856  0.208 -1.892 -1.308 -0.339 -0.056 -0.045   0.8973264206
 857  0.208 -1.892 -1.308 -0.339 -0.056 -0.045   0.8973263909
 864  0.208 -1.892 -1.308 -0.339 -0.056 -0.045   0.8973263778
 865  0.208 -1.892 -1.308 -0.339 -0.056 -0.045   0.8973263737
 868  0.208 -1.892 -1.308 -0.339 -0.056 -0.045   0.8973263729
  powell nthiter 9: fret = 0.897326
 882  0.210 -1.892 -1.308 -0.339 -0.056 -0.045   0.8973241523
 896  0.210 -1.891 -1.308 -0.339 -0.056 -0.045   0.8973235378
 897  0.210 -1.888 -1.308 -0.339 -0.056 -0.045   0.8973232165
 898  0.210 -1.889 -1.308 -0.339 -0.056 -0.045   0.8973230231
 905  0.210 -1.890 -1.308 -0.340 -0.056 -0.045   0.8973227632
 907  0.210 -1.890 -1.308 -0.340 -0.056 -0.045   0.8973227626
 922  0.210 -1.890 -1.308 -0.340 -0.056 -0.045   0.8973227616
 937  0.209 -1.890 -1.307 -0.340 -0.056 -0.046   0.8973220982
 938  0.207 -1.891 -1.307 -0.340 -0.057 -0.047   0.8973220124
 939  0.208 -1.890 -1.307 -0.340 -0.057 -0.047   0.8973218470
 944  0.208 -1.890 -1.307 -0.340 -0.057 -0.047   0.8973218355
 954  0.208 -1.890 -1.307 -0.340 -0.057 -0.047   0.8973218337
  powell nthiter 10: fret = 0.897322
 968  0.209 -1.890 -1.307 -0.340 -0.057 -0.047   0.8973201897
 996  0.209 -1.890 -1.307 -0.340 -0.057 -0.047   0.8973201843
1008  0.209 -1.891 -1.307 -0.340 -0.057 -0.047   0.8973201796
1010  0.209 -1.891 -1.307 -0.340 -0.057 -0.047   0.8973201243
1028  0.208 -1.891 -1.307 -0.341 -0.057 -0.048   0.8973193955
1031  0.207 -1.891 -1.306 -0.341 -0.057 -0.048   0.8973192456
1033  0.207 -1.891 -1.306 -0.341 -0.057 -0.048   0.8973192098
1034  0.207 -1.891 -1.306 -0.341 -0.057 -0.048   0.8973191951
1036  0.207 -1.891 -1.306 -0.341 -0.057 -0.048   0.8973191445
1040  0.207 -1.891 -1.306 -0.341 -0.057 -0.048   0.8973191321
1041  0.207 -1.891 -1.306 -0.341 -0.057 -0.048   0.8973191234
1046  0.207 -1.892 -1.306 -0.341 -0.057 -0.050   0.8973172950
1049  0.207 -1.893 -1.305 -0.341 -0.058 -0.052   0.8973171334
1050  0.207 -1.893 -1.305 -0.341 -0.058 -0.051   0.8973164786
1054  0.207 -1.893 -1.305 -0.341 -0.058 -0.051   0.8973164180
1055  0.207 -1.893 -1.305 -0.341 -0.058 -0.051   0.8973164169
1062  0.207 -1.893 -1.305 -0.341 -0.058 -0.051   0.8973164157
  powell nthiter 11: fret = 0.897316
1095  0.207 -1.894 -1.305 -0.341 -0.058 -0.051   0.8973163882
1122  0.206 -1.892 -1.307 -0.340 -0.058 -0.051   0.8973156724
1125  0.206 -1.892 -1.306 -0.340 -0.058 -0.051   0.8973156685
1126  0.206 -1.892 -1.306 -0.340 -0.058 -0.051   0.8973156228
1129  0.206 -1.892 -1.306 -0.340 -0.058 -0.051   0.8973156128
1141  0.206 -1.892 -1.306 -0.340 -0.057 -0.051   0.8973147700
1149  0.206 -1.892 -1.306 -0.340 -0.057 -0.052   0.8973147669
1152  0.206 -1.892 -1.306 -0.340 -0.057 -0.051   0.8973147580
1154  0.206 -1.892 -1.306 -0.340 -0.057 -0.051   0.8973147454
1158  0.206 -1.892 -1.306 -0.340 -0.057 -0.051   0.8973147261
1159  0.206 -1.892 -1.306 -0.340 -0.057 -0.051   0.8973147195
  powell nthiter 12: fret = 0.897315
1166  0.206 -1.892 -1.306 -0.340 -0.057 -0.052   0.8973147016
1168  0.206 -1.892 -1.306 -0.340 -0.057 -0.051   0.8973146886
1175  0.206 -1.892 -1.306 -0.340 -0.057 -0.051   0.8973146852
1176  0.206 -1.892 -1.306 -0.340 -0.057 -0.051   0.8973146842
1189  0.206 -1.893 -1.306 -0.340 -0.057 -0.051   0.8973146334
1197  0.206 -1.894 -1.306 -0.341 -0.057 -0.052   0.8973144462
1198  0.206 -1.894 -1.306 -0.341 -0.057 -0.052   0.8973144321
1199  0.206 -1.894 -1.306 -0.341 -0.057 -0.052   0.8973144238
1203  0.206 -1.894 -1.306 -0.341 -0.057 -0.052   0.8973143558
1213  0.206 -1.893 -1.306 -0.341 -0.057 -0.052   0.8973142721
1214  0.205 -1.893 -1.307 -0.341 -0.057 -0.052   0.8973142638
1216  0.205 -1.893 -1.307 -0.340 -0.057 -0.052   0.8973142389
1239  0.205 -1.894 -1.306 -0.341 -0.057 -0.052   0.8973141696
1247  0.205 -1.893 -1.306 -0.341 -0.057 -0.052   0.8973141556
  powell nthiter 13: fret = 0.897314
1257  0.205 -1.893 -1.306 -0.341 -0.057 -0.052   0.8973141490
1286  0.205 -1.894 -1.306 -0.341 -0.057 -0.052   0.8973141023
1336  0.205 -1.893 -1.307 -0.341 -0.056 -0.052   0.8973141012
  powell nthiter 14: fret = 0.897314
1341  0.204 -1.894 -1.306 -0.341 -0.056 -0.053   0.8973135151
1347  0.204 -1.894 -1.306 -0.341 -0.056 -0.053   0.8973135100
1348  0.204 -1.894 -1.306 -0.341 -0.056 -0.053   0.8973135071
1349  0.204 -1.894 -1.306 -0.341 -0.056 -0.053   0.8973134827
1391  0.204 -1.893 -1.307 -0.341 -0.056 -0.053   0.8973134745
1423  0.204 -1.894 -1.306 -0.341 -0.056 -0.053   0.8973134704
  powell nthiter 15: fret = 0.897313
1475  0.204 -1.893 -1.307 -0.340 -0.056 -0.053   0.8973134278
1477  0.204 -1.893 -1.307 -0.340 -0.056 -0.053   0.8973133919
  powell nthiter 16: fret = 0.897313
1579  0.204 -1.893 -1.307 -0.340 -0.056 -0.053   0.8973133896
1586  0.204 -1.893 -1.307 -0.340 -0.056 -0.053   0.8973133646
1595  0.204 -1.893 -1.307 -0.340 -0.056 -0.053   0.8973133553
1613  0.204 -1.893 -1.307 -0.340 -0.056 -0.053   0.8973133212
  powell nthiter 17: fret = 0.897313
1664  0.204 -1.893 -1.307 -0.340 -0.056 -0.053   0.8973133091
1665  0.204 -1.893 -1.307 -0.340 -0.056 -0.053   0.8973132907
1699  0.204 -1.893 -1.307 -0.340 -0.056 -0.053   0.8973132828
1700  0.204 -1.893 -1.307 -0.340 -0.056 -0.053   0.8973132770
Powell done niters = 17
Computing relative cost
 0  -25.0 -25.0 -25.0   1.008063
 1  -25.0 -25.0  25.0   0.993909
 2  -25.0  25.0 -25.0   1.002637
 3  -25.0  25.0  25.0   0.984407
 4   25.0 -25.0 -25.0   0.986207
 5   25.0 -25.0  25.0   1.002831
 6   25.0  25.0 -25.0   1.009729
 7   25.0  25.0  25.0   0.987844
REL:  8  0.897313    7.975627  0.996953 rel = 0.900055 
Number of iterations    17
Min cost was 0.897313
Number of FunctionCalls  1701
TolPowell 0.000000
nMaxItersPowell 36
OptimizationTime 286.763087 sec
Parameters at optimum (transmm)  0.20397 -1.89319 -1.30680
Parameters at optimum (rotdeg) -0.34016 -0.05595 -0.05312 
Final costs ----------------
Number of surface hits 420842
WM  Intensity  1047.3690 +/- 614.1163
Ctx Intensity  1086.2159 +/- 637.4655
Pct Contrast      3.2859 +/-  46.7768
Cost   0.8973
RelCost   0.9061
Reg at min cost was 
-0.99829   0.01838  -0.05556  -1.22269;
-0.05668  -0.06716   0.99613   10.15345;
-0.01458  -0.99757  -0.06808   7.45139;
 0.00000   0.00000   0.00000   1.00000;

Writing optimal reg to /localscratch/bpinsard.41451878.0/freesurfer_crosssectional_autorecon3_sub05_ses008.job/sub-05_ses-008/mri/transforms/T2raw.auto.dat, type = 14 
Original Reg 
-0.99825   0.01747  -0.05655  -1.42927;
-0.05752  -0.06122   0.99647   11.99309;
-0.01395  -0.99797  -0.06211   8.83095;
 0.00000   0.00000   0.00000   1.00000;

Original Reg - Optimal Reg
 0.00004  -0.00091  -0.00099  -0.20659;
-0.00084   0.00594   0.00033   1.83965;
 0.00063  -0.00040   0.00597   1.37956;
 0.00000   0.00000   0.00000   0.00000;

Computing change in lh position
LH rmsDiffMean 2.357341
Computing change in rh position
Surface-RMS-Diff-mm 2.364417 0.211553 2.796595
mri_segreg done
MinCost: 0.897313 1047.369028 1086.215945 3.285912 
tkregister2_cmdl --mov /localscratch/bpinsard.41451878.0/freesurfer_crosssectional_autorecon3_sub05_ses008.job/sub-05_ses-008/mri/orig/T2raw.mgz --reg /localscratch/bpinsard.41451878.0/freesurfer_crosssectional_autorecon3_sub05_ses008.job/sub-05_ses-008/mri/transforms/T2raw.auto.dat --noedit --ltaout /localscratch/bpinsard.41451878.0/freesurfer_crosssectional_autorecon3_sub05_ses008.job/sub-05_ses-008/mri/transforms/T2raw.auto.lta
INFO: no target volume specified, assuming FreeSurfer orig volume.
target  volume orig
movable volume /localscratch/bpinsard.41451878.0/freesurfer_crosssectional_autorecon3_sub05_ses008.job/sub-05_ses-008/mri/orig/T2raw.mgz
reg file       /localscratch/bpinsard.41451878.0/freesurfer_crosssectional_autorecon3_sub05_ses008.job/sub-05_ses-008/mri/transforms/T2raw.auto.dat
LoadVol        0
ZeroCRAS       0
7.4.1
Diagnostic Level -1
---- Input registration matrix --------
-0.99829   0.01838  -0.05556  -1.22269;
-0.05668  -0.06716   0.99613   10.15345;
-0.01458  -0.99757  -0.06808   7.45139;
 0.00000   0.00000   0.00000   1.00000;
float2int = 0
---------------------------------------
INFO: loading target /localscratch/bpinsard.41451878.0/freesurfer_crosssectional_autorecon3_sub05_ses008.job/sub-05_ses-008/mri/orig.mgz
INFO: target does not conform to COR format, so I'm going to
reslice to COR. This will not affect the final registration.
Ttarg: --------------------
-1.00000   0.00000   0.00000   128.00000;
 0.00000   0.00000   1.00000  -128.00000;
 0.00000  -1.00000   0.00000   128.00000;
 0.00000   0.00000   0.00000   1.00000;
INFO: loading movable /localscratch/bpinsard.41451878.0/freesurfer_crosssectional_autorecon3_sub05_ses008.job/sub-05_ses-008/mri/orig/T2raw.mgz
Tmov: --------------------
-0.80000   0.00000   0.00000   83.20032;
 0.00000   0.00000   0.80000  -128.00000;
 0.00000  -0.80000   0.00000   120.00000;
 0.00000   0.00000   0.00000   1.00000;
mkheaderreg = 0, float2int = 0
---- Input registration matrix --------
-0.99829   0.01838  -0.05556  -1.22269;
-0.05668  -0.06716   0.99613   10.15345;
-0.01458  -0.99757  -0.06808   7.45139;
 0.00000   0.00000   0.00000   1.00000;
Determinant -1
subject = sub-05_ses-008
RegMat ---------------------------
-0.99829   0.01838  -0.05556  -1.22269;
-0.05668  -0.06716   0.99613   10.15345;
-0.01458  -0.99757  -0.06808   7.45139;
 0.00000   0.00000   0.00000   1.00000;
Cleaning up
 
Started at Sun Oct 8 06:27:21 UTC 2023 
Ended   at Sun Oct  8 06:34:57 UTC 2023
BBR-Run-Time-Sec 456
 
bbregister Done
To check results, run:
tkregisterfv --mov /localscratch/bpinsard.41451878.0/freesurfer_crosssectional_autorecon3_sub05_ses008.job/sub-05_ses-008/mri/orig/T2raw.mgz --reg /localscratch/bpinsard.41451878.0/freesurfer_crosssectional_autorecon3_sub05_ses008.job/sub-05_ses-008/mri/transforms/T2raw.auto.lta --surfs  --sd /localscratch/bpinsard.41451878.0/freesurfer_crosssectional_autorecon3_sub05_ses008.job
