Log file for longmc
Sat Oct 14 23:10:19 UTC 2023

setenv SUBJECTS_DIR /localscratch/bpinsard.41547889.0/freesurfer_longitudinal_autoreconall_sub01.job
cd /localscratch/bpinsard.41547889.0/freesurfer_longitudinal_autoreconall_sub01.job/sub-01_ses-011.long.sub-01
/opt/freesurfer/bin/longmc -long sub-01_ses-011 sub-01 -s sub-01_ses-011.long.sub-01

freesurfer-linux-centos7_x86_64-7.4.1-20230613-7eb8460
longmc 7.4.1
Linux bc11224.int.ets1.calculquebec.ca 3.10.0-1160.95.1.el7.x86_64 #1 SMP Mon Jul 24 13:59:37 UTC 2023 x86_64 x86_64 x86_64 GNU/Linux
pid 79581

 mri_convert -at /localscratch/bpinsard.41547889.0/freesurfer_longitudinal_autoreconall_sub01.job/sub-01/mri/transforms/sub-01_ses-011_to_sub-01.lta -odt uchar -rt cubic /localscratch/bpinsard.41547889.0/freesurfer_longitudinal_autoreconall_sub01.job/sub-01_ses-011/mri/orig/001.mgz /localscratch/bpinsard.41547889.0/freesurfer_longitudinal_autoreconall_sub01.job/sub-01_ses-011.long.sub-01/mri/orig.mgz 

mri_convert -at /localscratch/bpinsard.41547889.0/freesurfer_longitudinal_autoreconall_sub01.job/sub-01/mri/transforms/sub-01_ses-011_to_sub-01.lta -odt uchar -rt cubic /localscratch/bpinsard.41547889.0/freesurfer_longitudinal_autoreconall_sub01.job/sub-01_ses-011/mri/orig/001.mgz /localscratch/bpinsard.41547889.0/freesurfer_longitudinal_autoreconall_sub01.job/sub-01_ses-011.long.sub-01/mri/orig.mgz 
reading from /localscratch/bpinsard.41547889.0/freesurfer_longitudinal_autoreconall_sub01.job/sub-01_ses-011/mri/orig/001.mgz...
TR=0.00, TE=0.00, TI=0.00, flip angle=0.00
i_ras = (0.993572, 0.113203, 0)
j_ras = (-0.113203, 0.993572, 0)
k_ras = (0, 0, 1)
INFO: Reading transformation from file /localscratch/bpinsard.41547889.0/freesurfer_longitudinal_autoreconall_sub01.job/sub-01/mri/transforms/sub-01_ses-011_to_sub-01.lta...
Reading transform with LTAreadEx()
INFO: Applying transformation from file /localscratch/bpinsard.41547889.0/freesurfer_longitudinal_autoreconall_sub01.job/sub-01/mri/transforms/sub-01_ses-011_to_sub-01.lta...
---------------------------------
INFO: Transform Matrix (linear_ras_to_ras)
 0.99915   0.02722   0.03110   0.17076;
-0.02821   0.99910   0.03168  -2.33094;
-0.03020  -0.03253   0.99901   4.37405;
 0.00000   0.00000   0.00000   1.00000;
---------------------------------
Applying LTAtransformInterp (resample_type 5)
MRItoBSpline degree 3
changing data type from float to uchar (noscale = 0)...
MRIchangeType: Building histogram 0 8941.52 1000, flo=0, fhi=0.999, dest_type=0
writing to /localscratch/bpinsard.41547889.0/freesurfer_longitudinal_autoreconall_sub01.job/sub-01_ses-011.long.sub-01/mri/orig.mgz...

 mri_convert -at /localscratch/bpinsard.41547889.0/freesurfer_longitudinal_autoreconall_sub01.job/sub-01/mri/transforms/sub-01_ses-011_to_sub-01.lta -rt cubic /localscratch/bpinsard.41547889.0/freesurfer_longitudinal_autoreconall_sub01.job/sub-01_ses-011/mri/orig/001.mgz /localscratch/bpinsard.41547889.0/freesurfer_longitudinal_autoreconall_sub01.job/sub-01_ses-011.long.sub-01/mri/rawavg.mgz 

mri_convert -at /localscratch/bpinsard.41547889.0/freesurfer_longitudinal_autoreconall_sub01.job/sub-01/mri/transforms/sub-01_ses-011_to_sub-01.lta -rt cubic /localscratch/bpinsard.41547889.0/freesurfer_longitudinal_autoreconall_sub01.job/sub-01_ses-011/mri/orig/001.mgz /localscratch/bpinsard.41547889.0/freesurfer_longitudinal_autoreconall_sub01.job/sub-01_ses-011.long.sub-01/mri/rawavg.mgz 
reading from /localscratch/bpinsard.41547889.0/freesurfer_longitudinal_autoreconall_sub01.job/sub-01_ses-011/mri/orig/001.mgz...
TR=0.00, TE=0.00, TI=0.00, flip angle=0.00
i_ras = (0.993572, 0.113203, 0)
j_ras = (-0.113203, 0.993572, 0)
k_ras = (0, 0, 1)
INFO: Reading transformation from file /localscratch/bpinsard.41547889.0/freesurfer_longitudinal_autoreconall_sub01.job/sub-01/mri/transforms/sub-01_ses-011_to_sub-01.lta...
Reading transform with LTAreadEx()
INFO: Applying transformation from file /localscratch/bpinsard.41547889.0/freesurfer_longitudinal_autoreconall_sub01.job/sub-01/mri/transforms/sub-01_ses-011_to_sub-01.lta...
---------------------------------
INFO: Transform Matrix (linear_ras_to_ras)
 0.99915   0.02722   0.03110   0.17076;
-0.02821   0.99910   0.03168  -2.33094;
-0.03020  -0.03253   0.99901   4.37405;
 0.00000   0.00000   0.00000   1.00000;
---------------------------------
Applying LTAtransformInterp (resample_type 5)
MRItoBSpline degree 3
writing to /localscratch/bpinsard.41547889.0/freesurfer_longitudinal_autoreconall_sub01.job/sub-01_ses-011.long.sub-01/mri/rawavg.mgz...
 
Started at Sat Oct 14 23:10:19 UTC 2023 
Ended   at Sat Oct 14 23:11:01 UTC 2023
Longmc-Run-Time-Sec 42
Longmc-Run-Time-Min 0.84
Longmc-Run-Time-Hours 0.01
 
longmc Done
