/localscratch/bpinsard.41394415.0/freesurfer_crosssectional_autorecon1smriprep_skullstripautorecon2autorecon3_sub01_ses004.job/sub-01_ses-004/mri
/opt/freesurfer/bin/talairach_avi
--i orig_nu.mgz --xfm transforms/talairach.auto.xfm --atlas 3T18yoSchwartzReactN32_as_orig
talairach_avi 7.4.1
Linux bc21116.int.ets1.calculquebec.ca 3.10.0-1160.90.1.el7.x86_64 #1 SMP Thu May 4 15:21:22 UTC 2023 x86_64 x86_64 x86_64 GNU/Linux
Thu Oct  5 10:52:41 UTC 2023
mri_convert orig_nu.mgz talsrcimg.img 
reading from orig_nu.mgz...
TR=0.00, TE=0.00, TI=0.00, flip angle=0.00
i_ras = (-1, 0, 0)
j_ras = (0, 0, -1)
k_ras = (0, 1, 0)
writing to talsrcimg.img...
Analyze Output Matrix
-0.80000   0.00000   0.00000   130.69550;
 0.00000   0.00000   0.80000  -102.86742;
 0.00000  -0.80000   0.00000   123.98656;
 0.00000   0.00000   0.00000   1.00000;
--------------------
INFO: set hdr.hist.orient to -1
mpr2mni305 talsrcimg
Thu Oct  5 10:52:43 UTC 2023
/opt/freesurfer/bin/mpr2mni305 talsrcimg
mpr2mni305 7.4.1
target=3T18yoSchwartzReactN32_as_orig

---------------------------------------------------------------------
analyzeto4dfp talsrcimg -O0 -y
---------------------------------------------------------------------

freesurfer ifh2hdr.c
Thu Oct  5 10:52:43 2023
Writing: talsrcimg.4dfp.hdr
freesurfer analyzeto4dfp.c
Reading: talsrcimg.hdr
header size 348 bytes
hdr.dime.datatype	offset=70	value=2
hdr.dime.bitpix		offset=72	value=8
hdr.hist.orient		offset=252	value=-1
dimensionality     4
dimensions       320       320       320         1
Reading: talsrcimg.img
Writing: talsrcimg.4dfp.img
Writing: talsrcimg.4dfp.ifh
ifh2hdr talsrcimg -r0to220
ori=2

---------------------------------------------------------------------
gauss_4dfp talsrcimg 1.1
---------------------------------------------------------------------

freesurfer gauss_4dfp.c
Reading: talsrcimg.4dfp.img
Writing: talsrcimg_g11.4dfp.img
image dimensions 320 320 320 padded to 384 384 384
processing volume 1freesurfer ifh2hdr.c
Thu Oct  5 10:53:04 2023
Writing: talsrcimg_g11.4dfp.hdr

Writing: talsrcimg_g11.4dfp.ifh
including: talsrcimg.4dfp.img.rec in talsrcimg_g11.4dfp.img.rec

---------------------------------------------------------------------
imgreg_4dfp /opt/freesurfer/average/3T18yoSchwartzReactN32_as_orig none talsrcimg_g11 none talsrcimg_to_3T18yoSchwartzReactN32_as_orig_t4 4355
---------------------------------------------------------------------

freesurfer imgreg_4dfp.c
/opt/freesurfer/average/3T18yoSchwartzReactN32_as_orig.4dfp.img
       256       256       256         1
  1.000000  1.000000  1.000000
orientation T byte_order littleendian
Reading image: /opt/freesurfer/average/3T18yoSchwartzReactN32_as_orig.4dfp.img
dimensions:      256       256       256
mmppix:       1.0000   -1.0000   -1.0000
center:     128.0000 -129.0000 -129.0000
talsrcimg_g11.4dfp.img
       320       320       320         1
  0.800000  0.800000  0.800000
orientation T byte_order littleendian
Reading image: talsrcimg_g11.4dfp.img
dimensions:      320       320       320
mmppix:       0.8000   -0.8000   -0.8000
center:     128.0000 -128.8000 -128.8000
t4_read: open error in t4_sub.f l:  46 t4_file(1:l)talsrcimg_to_3T18yoSchwartzReactN32_as_orig_t4 
t4_read: transform initialized to I4
rotation matrix determinant  1.000000
image alignment mode   4355 decimal     1103 hex
   -7.5000  -45.0000  -45.0000 8854.6484   19.6048
    0.0000  -45.0000  -45.0000 9170.9658   19.6418
    7.5000  -45.0000  -45.0000 8678.7842   19.6660
   -7.5000  -37.5000  -45.0000 8970.2080   19.7714
    0.0000  -37.5000  -45.0000 9298.7412   19.8047
    7.5000  -37.5000  -45.0000 8811.1895   19.8348
   -7.5000  -30.0000  -45.0000 9563.6885   20.2086
    0.0000  -30.0000  -45.0000 9915.9160   20.2364
    7.5000  -30.0000  -45.0000 9391.0264   20.2709
   -7.5000  -22.5000  -45.000010168.8379   20.6582
    0.0000  -22.5000  -45.000010533.0693   20.6832
    7.5000  -22.5000  -45.0000 9973.1143   20.7132
   -7.5000  -15.0000  -45.000010871.1455   21.2712
    0.0000  -15.0000  -45.000011249.3525   21.2978
    7.5000  -15.0000  -45.000010654.1660   21.3174
   -7.5000   -7.5000  -45.000011551.1650   21.8533
    0.0000   -7.5000  -45.000011970.7832   21.8842
    7.5000   -7.5000  -45.000011331.8643   21.8996
   -7.5000    0.0000  -45.000012205.3115   22.5098
    0.0000    0.0000  -45.000012682.1982   22.5469
    7.5000    0.0000  -45.000012010.9180   22.5706
   -7.5000    7.5000  -45.000011989.0986   23.1310
    0.0000    7.5000  -45.000012474.3164   23.1660
    7.5000    7.5000  -45.000011829.4307   23.1996
   -7.5000   15.0000  -45.000011754.7363   23.9315
    0.0000   15.0000  -45.000012270.7236   23.9559
    7.5000   15.0000  -45.000011635.0840   23.9837
   -7.5000   22.5000  -45.000011486.2422   24.7556
    0.0000   22.5000  -45.000011995.7949   24.7751
    7.5000   22.5000  -45.000011384.3682   24.7965
   -7.5000   30.0000  -45.000011099.4609   25.4999
    0.0000   30.0000  -45.000011611.4688   25.5178
    7.5000   30.0000  -45.000011007.0449   25.5303
   -7.5000   37.5000  -45.000011065.8828   26.3574
    0.0000   37.5000  -45.000011587.0518   26.3748
    7.5000   37.5000  -45.000010979.4951   26.3783
   -7.5000   45.0000  -45.000010538.0684   26.9519
    0.0000   45.0000  -45.000011042.9648   26.9666
    7.5000   45.0000  -45.000010471.0850   26.9711
   -7.5000  -45.0000  -37.5000 9202.2129   19.5680
    0.0000  -45.0000  -37.5000 9543.0439   19.6063
    7.5000  -45.0000  -37.5000 9033.3584   19.6261
   -7.5000  -37.5000  -37.5000 9322.2314   19.7252
    0.0000  -37.5000  -37.5000 9671.8691   19.7595
    7.5000  -37.5000  -37.5000 9182.3906   19.7885
   -7.5000  -30.0000  -37.5000 9981.9990   20.1653
    0.0000  -30.0000  -37.500010340.3848   20.1915
    7.5000  -30.0000  -37.5000 9812.2920   20.2267
   -7.5000  -22.5000  -37.500010664.2832   20.6210
    0.0000  -22.5000  -37.500011009.4111   20.6423
    7.5000  -22.5000  -37.500010434.4805   20.6726
   -7.5000  -15.0000  -37.500011429.0635   21.2367
    0.0000  -15.0000  -37.500011788.6162   21.2608
    7.5000  -15.0000  -37.500011168.8369   21.2795
   -7.5000   -7.5000  -37.500012153.3145   21.8170
    0.0000   -7.5000  -37.500012549.4170   21.8481
    7.5000   -7.5000  -37.500011886.3027   21.8603
   -7.5000    0.0000  -37.500012874.7900   22.4691
    0.0000    0.0000  -37.500013322.0557   22.5072
    7.5000    0.0000  -37.500012618.7939   22.5266
   -7.5000    7.5000  -37.500012698.7510   23.0779
    0.0000    7.5000  -37.500013160.0771   23.1140
    7.5000    7.5000  -37.500012469.2217   23.1462
   -7.5000   15.0000  -37.500012502.5488   23.8822
    0.0000   15.0000  -37.500012994.4883   23.9015
    7.5000   15.0000  -37.500012318.5078   23.9314
   -7.5000   22.5000  -37.500012222.3828   24.7121
    0.0000   22.5000  -37.500012736.0781   24.7254
    7.5000   22.5000  -37.500012072.6055   24.7478
   -7.5000   30.0000  -37.500011833.5908   25.4515
    0.0000   30.0000  -37.500012354.8467   25.4689
    7.5000   30.0000  -37.500011710.9463   25.4822
   -7.5000   37.5000  -37.500011800.5801   26.2953
    0.0000   37.5000  -37.500012322.2451   26.3154
    7.5000   37.5000  -37.500011685.7949   26.3186
   -7.5000   45.0000  -37.500011244.0938   26.8771
    0.0000   45.0000  -37.500011761.2559   26.8937
    7.5000   45.0000  -37.500011151.7061   26.8995
   -7.5000  -45.0000  -30.0000 9722.7314   20.3414
    0.0000  -45.0000  -30.000010103.1641   20.3751
    7.5000  -45.0000  -30.0000 9564.4053   20.3906
   -7.5000  -37.5000  -30.0000 9864.6768   20.4960
    0.0000  -37.5000  -30.000010242.1992   20.5271
    7.5000  -37.5000  -30.0000 9736.1494   20.5496
   -7.5000  -30.0000  -30.000010583.7676   20.9667
    0.0000  -30.0000  -30.000010951.8623   20.9914
    7.5000  -30.0000  -30.000010403.6611   21.0219
   -7.5000  -22.5000  -30.000011344.8496   21.4583
    0.0000  -22.5000  -30.000011699.1836   21.4782
    7.5000  -22.5000  -30.000011086.8252   21.5075
   -7.5000  -15.0000  -30.000012186.9463   22.1249
    0.0000  -15.0000  -30.000012556.7695   22.1457
    7.5000  -15.0000  -30.000011877.6846   22.1656
   -7.5000   -7.5000  -30.000012988.5752   22.7591
    0.0000   -7.5000  -30.000013387.1846   22.7848
    7.5000   -7.5000  -30.000012648.5479   22.7967
   -7.5000    0.0000  -30.000013782.3975   23.4695
    0.0000    0.0000  -30.000014227.7549   23.5015
    7.5000    0.0000  -30.000013445.6650   23.5165
   -7.5000    7.5000  -30.000013629.1465   24.0973
    0.0000    7.5000  -30.000014091.0303   24.1296
    7.5000    7.5000  -30.000013315.3799   24.1540
   -7.5000   15.0000  -30.000013458.2881   24.9277
    0.0000   15.0000  -30.000013944.9033   24.9426
    7.5000   15.0000  -30.000013177.6318   24.9680
   -7.5000   22.5000  -30.000013162.5830   25.7879
    0.0000   22.5000  -30.000013693.5381   25.7989
    7.5000   22.5000  -30.000012931.1904   25.8197
   -7.5000   30.0000  -30.000012754.7881   26.5665
    0.0000   30.0000  -30.000013290.0879   26.5818
    7.5000   30.0000  -30.000012577.7109   26.5944
   -7.5000   37.5000  -30.000012743.1582   27.4579
    0.0000   37.5000  -30.000013282.5645   27.4698
    7.5000   37.5000  -30.000012590.0996   27.4708
   -7.5000   45.0000  -30.000012150.9805   28.0724
    0.0000   45.0000  -30.000012686.5986   28.0769
    7.5000   45.0000  -30.000012043.9746   28.0822
   -7.5000  -45.0000  -22.500010193.8770   20.9259
    0.0000  -45.0000  -22.500010611.2217   20.9529
    7.5000  -45.0000  -22.500010087.3408   20.9687
   -7.5000  -37.5000  -22.500010392.9414   21.0839
    0.0000  -37.5000  -22.500010785.9453   21.1110
    7.5000  -37.5000  -22.500010275.0508   21.1286
   -7.5000  -30.0000  -22.500011185.1416   21.5720
    0.0000  -30.0000  -22.500011563.6709   21.5972
    7.5000  -30.0000  -22.500010985.2959   21.6225
   -7.5000  -22.5000  -22.500012004.1357   22.0841
    0.0000  -22.5000  -22.500012381.2041   22.1065
    7.5000  -22.5000  -22.500011732.0928   22.1345
   -7.5000  -15.0000  -22.500012910.6963   22.7866
    0.0000  -15.0000  -22.500013294.4961   22.8064
    7.5000  -15.0000  -22.500012579.9268   22.8286
   -7.5000   -7.5000  -22.500013796.9121   23.4697
    0.0000   -7.5000  -22.500014203.5078   23.4889
    7.5000   -7.5000  -22.500013415.9531   23.5039
   -7.5000    0.0000  -22.500014686.1367   24.2344
    0.0000    0.0000  -22.500015154.6826   24.2583
    7.5000    0.0000  -22.500014279.3223   24.2736
   -7.5000    7.5000  -22.500014566.6211   24.8834
    0.0000    7.5000  -22.500015072.6855   24.9108
    7.5000    7.5000  -22.500014194.5986   24.9295
   -7.5000   15.0000  -22.500014426.1748   25.7230
    0.0000   15.0000  -22.500014944.8848   25.7384
    7.5000   15.0000  -22.500014068.8252   25.7572
   -7.5000   22.5000  -22.500014129.8809   26.5937
    0.0000   22.5000  -22.500014688.3105   26.6087
    7.5000   22.5000  -22.500013818.0566   26.6272
   -7.5000   30.0000  -22.500013737.1338   27.4013
    0.0000   30.0000  -22.500014285.5986   27.4141
    7.5000   30.0000  -22.500013472.8174   27.4263
   -7.5000   37.5000  -22.500013768.0059   28.3395
    0.0000   37.5000  -22.500014311.6621   28.3389
    7.5000   37.5000  -22.500013534.1064   28.3386
   -7.5000   45.0000  -22.500013152.2451   28.9900
    0.0000   45.0000  -22.500013689.7461   28.9785
    7.5000   45.0000  -22.500012984.4180   28.9813
   -7.5000  -45.0000  -15.000010631.6416   21.2966
    0.0000  -45.0000  -15.000011073.2480   21.3242
    7.5000  -45.0000  -15.000010552.6133   21.3453
   -7.5000  -37.5000  -15.000010862.0596   21.4671
    0.0000  -37.5000  -15.000011285.2881   21.4959
    7.5000  -37.5000  -15.000010772.5107   21.5162
   -7.5000  -30.0000  -15.000011724.9580   21.9653
    0.0000  -30.0000  -15.000012125.4414   21.9950
    7.5000  -30.0000  -15.000011545.1963   22.0217
   -7.5000  -22.5000  -15.000012617.6045   22.4889
    0.0000  -22.5000  -15.000013016.1680   22.5170
    7.5000  -22.5000  -15.000012367.9570   22.5462
   -7.5000  -15.0000  -15.000013617.3213   23.2115
    0.0000  -15.0000  -15.000014012.6436   23.2349
    7.5000  -15.0000  -15.000013279.3896   23.2590
   -7.5000   -7.5000  -15.000014599.3125   23.9257
    0.0000   -7.5000  -15.000015026.0615   23.9457
    7.5000   -7.5000  -15.000014204.0967   23.9646
   -7.5000    0.0000  -15.000015587.6289   24.7291
    0.0000    0.0000  -15.000016087.9531   24.7542
    7.5000    0.0000  -15.000015154.4053   24.7747
   -7.5000    7.5000  -15.000015507.8682   25.4009
    0.0000    7.5000  -15.000016024.5078   25.4304
    7.5000    7.5000  -15.000015081.3906   25.4524
   -7.5000   15.0000  -15.000015380.7266   26.2471
    0.0000   15.0000  -15.000015939.9727   26.2696
    7.5000   15.0000  -15.000014961.6074   26.2883
   -7.5000   22.5000  -15.000015123.6045   27.1224
    0.0000   22.5000  -15.000015725.0381   27.1444
    7.5000   22.5000  -15.000014744.5674   27.1631
   -7.5000   30.0000  -15.000014754.5889   27.9437
    0.0000   30.0000  -15.000015340.0205   27.9564
    7.5000   30.0000  -15.000014416.5918   27.9684
   -7.5000   37.5000  -15.000014814.0371   28.9101
    0.0000   37.5000  -15.000015397.8652   28.9065
    7.5000   37.5000  -15.000014514.5410   28.9072
   -7.5000   45.0000  -15.000014178.9082   29.5862
    0.0000   45.0000  -15.000014741.1494   29.5740
    7.5000   45.0000  -15.000013937.3086   29.5758
   -7.5000  -45.0000   -7.500011022.8789   21.4911
    0.0000  -45.0000   -7.500011447.1699   21.5252
    7.5000  -45.0000   -7.500010958.5518   21.5512
   -7.5000  -37.5000   -7.500011308.2764   21.6743
    0.0000  -37.5000   -7.500011707.6719   21.7070
    7.5000  -37.5000   -7.500011212.0039   21.7338
   -7.5000  -30.0000   -7.500012247.6348   22.1883
    0.0000  -30.0000   -7.500012633.8271   22.2200
    7.5000  -30.0000   -7.500012055.9434   22.2519
   -7.5000  -22.5000   -7.500013202.8105   22.7250
    0.0000  -22.5000   -7.500013599.0020   22.7555
    7.5000  -22.5000   -7.500012936.6631   22.7865
   -7.5000  -15.0000   -7.500014272.1787   23.4601
    0.0000  -15.0000   -7.500014689.2383   23.4882
    7.5000  -15.0000   -7.500013918.2158   23.5117
   -7.5000   -7.5000   -7.500015338.0273   24.1865
    0.0000   -7.5000   -7.500015813.9658   24.2139
    7.5000   -7.5000   -7.500014921.1650   24.2336
   -7.5000    0.0000   -7.500016422.2617   25.0118
    0.0000    0.0000   -7.500016963.3379   25.0452
    7.5000    0.0000   -7.500015953.9805   25.0707
   -7.5000    7.5000   -7.500016391.4980   25.6996
    0.0000    7.5000   -7.500016939.0996   25.7340
    7.5000    7.5000   -7.500015913.2246   25.7640
   -7.5000   15.0000   -7.500016294.0781   26.5614
    0.0000   15.0000   -7.500016856.3613   26.5896
    7.5000   15.0000   -7.500015804.5596   26.6131
   -7.5000   22.5000   -7.500016070.0557   27.4473
    0.0000   22.5000   -7.500016659.6426   27.4726
    7.5000   22.5000   -7.500015570.6875   27.4930
   -7.5000   30.0000   -7.500015757.6768   28.2699
    0.0000   30.0000   -7.500016362.2080   28.2863
    7.5000   30.0000   -7.500015295.6133   28.2985
   -7.5000   37.5000   -7.500015883.1787   29.2390
    0.0000   37.5000   -7.500016500.6445   29.2458
    7.5000   37.5000   -7.500015465.1914   29.2479
   -7.5000   45.0000   -7.500015215.2393   29.9208
    0.0000   45.0000   -7.500015816.3291   29.9228
    7.5000   45.0000   -7.500014866.3447   29.9255
   -7.5000  -45.0000    0.000011306.4336   21.6531
    0.0000  -45.0000    0.000011738.0928   21.6938
    7.5000  -45.0000    0.000011230.6748   21.7204
   -7.5000  -37.5000    0.000011642.6680   21.8367
    0.0000  -37.5000    0.000012057.0547   21.8733
    7.5000  -37.5000    0.000011526.4707   21.9062
   -7.5000  -30.0000    0.000012638.4258   22.3727
    0.0000  -30.0000    0.000013052.9297   22.4032
    7.5000  -30.0000    0.000012420.7607   22.4412
   -7.5000  -22.5000    0.000013657.3008   22.9319
    0.0000  -22.5000    0.000014090.0146   22.9597
    7.5000  -22.5000    0.000013369.4170   22.9928
   -7.5000  -15.0000    0.000014808.8105   23.6839
    0.0000  -15.0000    0.000015272.0781   23.7136
    7.5000  -15.0000    0.000014421.8857   23.7354
   -7.5000   -7.5000    0.000015927.5850   24.4202
    0.0000   -7.5000    0.000016455.3613   24.4547
    7.5000   -7.5000    0.000015464.5020   24.4718
   -7.5000    0.0000    0.000017083.7051   25.2594
    0.0000    0.0000    0.000017681.1992   25.3009
    7.5000    0.0000    0.000016567.1426   25.3273
   -7.5000    7.5000    0.000017166.2363   25.9515
    0.0000    7.5000    0.000017797.0586   25.9905
    7.5000    7.5000    0.000016604.5977   26.0279
   -7.5000   15.0000    0.000017214.1270   26.8419
    0.0000   15.0000    0.000017889.8223   26.8691
    7.5000   15.0000    0.000016604.1367   26.9001
   -7.5000   22.5000    0.000017022.0273   27.7529
    0.0000   22.5000    0.000017611.8711   27.7748
    7.5000   22.5000    0.000016374.5195   27.7987
   -7.5000   30.0000    0.000016709.5293   28.5772
    0.0000   30.0000    0.000017344.4805   28.5975
    7.5000   30.0000    0.000016120.0508   28.6115
   -7.5000   37.5000    0.000016892.2832   29.5355
    0.0000   37.5000    0.000017614.5156   29.5551
    7.5000   37.5000    0.000016357.1631   29.5590
   -7.5000   45.0000    0.000016177.1855   30.2096
    0.0000   45.0000    0.000016886.0879   30.2258
    7.5000   45.0000    0.000015717.9062   30.2306
   -7.5000  -45.0000    7.500010694.9229   21.6141
    0.0000  -45.0000    7.500011092.2412   21.6563
    7.5000  -45.0000    7.500010619.3281   21.6781
   -7.5000  -37.5000    7.500011056.2227   21.7872
    0.0000  -37.5000    7.500011440.8945   21.8250
    7.5000  -37.5000    7.500010942.1836   21.8570
   -7.5000  -30.0000    7.500012008.9131   22.3289
    0.0000  -30.0000    7.500012381.4609   22.3578
    7.5000  -30.0000    7.500011802.0244   22.3968
   -7.5000  -22.5000    7.500012981.1504   22.8986
    0.0000  -22.5000    7.500013381.9160   22.9222
    7.5000  -22.5000    7.500012707.4414   22.9558
   -7.5000  -15.0000    7.500014108.4893   23.6575
    0.0000  -15.0000    7.500014568.6914   23.6843
    7.5000  -15.0000    7.500013745.4141   23.7050
   -7.5000   -7.5000    7.500015252.7188   24.3934
    0.0000   -7.5000    7.500015801.6270   24.4282
    7.5000   -7.5000    7.500014777.6387   24.4418
   -7.5000    0.0000    7.500016447.3047   25.2284
    0.0000    0.0000    7.500017127.0234   25.2711
    7.5000    0.0000    7.500015863.7412   25.2928
   -7.5000    7.5000    7.500016591.3633   25.9079
    0.0000    7.5000    7.500017454.9199   25.9483
    7.5000    7.5000    7.500015942.9385   25.9844
   -7.5000   15.0000    7.500016748.1641   26.8089
    0.0000   15.0000    7.500017737.4258   26.8305
    7.5000   15.0000    7.500016067.4443   26.8640
   -7.5000   22.5000    7.500016671.8242   27.7351
    0.0000   22.5000    7.500017513.4082   27.7500
    7.5000   22.5000    7.500015955.9346   27.7751
   -7.5000   30.0000    7.500016343.2920   28.5630
    0.0000   30.0000    7.500017106.0547   28.5825
    7.5000   30.0000    7.500015700.3945   28.5972
   -7.5000   37.5000    7.500016422.9336   29.5099
    0.0000   37.5000    7.500017172.4238   29.5324
    7.5000   37.5000    7.500015886.3975   29.5359
   -7.5000   45.0000    7.500015634.5723   30.1744
    0.0000   45.0000    7.500016318.8662   30.1930
    7.5000   45.0000    7.500015238.5781   30.1994
   -7.5000  -45.0000   15.0000 9870.9658   21.5668
    0.0000  -45.0000   15.000010261.0264   21.6026
    7.5000  -45.0000   15.0000 9825.7598   21.6190
   -7.5000  -37.5000   15.000010314.0244   21.7300
    0.0000  -37.5000   15.000010663.1387   21.7632
    7.5000  -37.5000   15.000010204.9736   21.7870
   -7.5000  -30.0000   15.000011236.7051   22.2637
    0.0000  -30.0000   15.000011576.4873   22.2900
    7.5000  -30.0000   15.000011034.1377   22.3224
   -7.5000  -22.5000   15.000012205.6045   22.8307
    0.0000  -22.5000   15.000012567.0576   22.8519
    7.5000  -22.5000   15.000011918.0557   22.8830
   -7.5000  -15.0000   15.000013315.2139   23.5966
    0.0000  -15.0000   15.000013736.4873   23.6189
    7.5000  -15.0000   15.000012930.5664   23.6401
   -7.5000   -7.5000   15.000014448.1279   24.3438
    0.0000   -7.5000   15.000014958.6875   24.3714
    7.5000   -7.5000   15.000013979.4814   24.3840
   -7.5000    0.0000   15.000015611.8838   25.1861
    0.0000    0.0000   15.000016214.6113   25.2206
    7.5000    0.0000   15.000015075.3076   25.2366
   -7.5000    7.5000   15.000015732.0049   25.8577
    0.0000    7.5000   15.000016470.4023   25.8925
    7.5000    7.5000   15.000015187.9863   25.9186
   -7.5000   15.0000   15.000015802.0049   26.7486
    0.0000   15.0000   15.000016614.3066   26.7647
    7.5000   15.0000   15.000015282.4072   26.7919
   -7.5000   22.5000   15.000015721.7432   27.6678
    0.0000   22.5000   15.000016464.3984   27.6796
    7.5000   22.5000   15.000015203.2842   27.7020
   -7.5000   30.0000   15.000015422.8887   28.5017
    0.0000   30.0000   15.000016140.0791   28.5181
    7.5000   30.0000   15.000014975.5820   28.5316
   -7.5000   37.5000   15.000015488.7314   29.4574
    0.0000   37.5000   15.000016166.9863   29.4701
    7.5000   37.5000   15.000015107.6406   29.4712
   -7.5000   45.0000   15.000014751.8086   30.1240
    0.0000   45.0000   15.000015362.8721   30.1288
    7.5000   45.0000   15.000014467.3896   30.1344
   -7.5000  -45.0000   22.5000 9033.7178   21.5158
    0.0000  -45.0000   22.5000 9387.7852   21.5441
    7.5000  -45.0000   22.5000 8970.5117   21.5602
   -7.5000  -37.5000   22.5000 9494.5420   21.6767
    0.0000  -37.5000   22.5000 9826.1133   21.7051
    7.5000  -37.5000   22.5000 9358.8135   21.7231
   -7.5000  -30.0000   22.500010363.5791   22.2012
    0.0000  -30.0000   22.500010688.5791   22.2276
    7.5000  -30.0000   22.500010147.1562   22.2537
   -7.5000  -22.5000   22.500011266.3184   22.7594
    0.0000  -22.5000   22.500011610.4824   22.7830
    7.5000  -22.5000   22.500011002.4150   22.8118
   -7.5000  -15.0000   22.500012280.6377   23.5263
    0.0000  -15.0000   22.500012670.2588   23.5472
    7.5000  -15.0000   22.500011967.0664   23.5701
   -7.5000   -7.5000   22.500013319.2998   24.2827
    0.0000   -7.5000   22.500013776.5762   24.3030
    7.5000   -7.5000   22.500012970.2656   24.3184
   -7.5000    0.0000   22.500014400.3887   25.1315
    0.0000    0.0000   22.500014934.0420   25.1568
    7.5000    0.0000   22.500014023.2197   25.1725
   -7.5000    7.5000   22.500014545.5635   25.8041
    0.0000    7.5000   22.500015138.3457   25.8330
    7.5000    7.5000   22.500014177.6338   25.8522
   -7.5000   15.0000   22.500014590.1074   26.6762
    0.0000   15.0000   22.500015176.8496   26.6927
    7.5000   15.0000   22.500014216.3574   26.7121
   -7.5000   22.5000   22.500014477.3838   27.5779
    0.0000   22.5000   22.500015047.6787   27.5941
    7.5000   22.5000   22.500014123.1455   27.6132
   -7.5000   30.0000   22.500014194.8613   28.4162
    0.0000   30.0000   22.500014777.6426   28.4301
    7.5000   30.0000   22.500013908.2451   28.4426
   -7.5000   37.5000   22.500014291.4238   29.3883
    0.0000   37.5000   22.500014883.1396   29.3882
    7.5000   37.5000   22.500014046.2051   29.3877
   -7.5000   45.0000   22.500013675.4385   30.0691
    0.0000   45.0000   22.500014227.9434   30.0576
    7.5000   45.0000   22.500013484.9385   30.0603
   -7.5000  -45.0000   30.0000 8198.6816   21.6637
    0.0000  -45.0000   30.0000 8548.3105   21.6931
    7.5000  -45.0000   30.0000 8113.3696   21.7148
   -7.5000  -37.5000   30.0000 8622.6846   21.8347
    0.0000  -37.5000   30.0000 8968.1270   21.8651
    7.5000  -37.5000   30.0000 8499.4512   21.8858
   -7.5000  -30.0000   30.0000 9394.4102   22.3542
    0.0000  -30.0000   30.0000 9746.9629   22.3855
    7.5000  -30.0000   30.0000 9231.3916   22.4130
   -7.5000  -22.5000   30.000010200.3262   22.9063
    0.0000  -22.5000   30.000010568.7266   22.9365
    7.5000  -22.5000   30.000010007.5527   22.9665
   -7.5000  -15.0000   30.000011126.0361   23.6750
    0.0000  -15.0000   30.000011516.9316   23.7006
    7.5000  -15.0000   30.000010914.4980   23.7253
   -7.5000   -7.5000   30.000012076.3408   24.4370
    0.0000   -7.5000   30.000012507.0361   24.4590
    7.5000   -7.5000   30.000011851.4756   24.4783
   -7.5000    0.0000   30.000013073.5264   25.2954
    0.0000    0.0000   30.000013572.1152   25.3224
    7.5000    0.0000   30.000012843.7090   25.3434
   -7.5000    7.5000   30.000013229.9512   25.9899
    0.0000    7.5000   30.000013742.5742   26.0213
    7.5000    7.5000   30.000013005.9580   26.0437
   -7.5000   15.0000   30.000013310.1992   26.8683
    0.0000   15.0000   30.000013804.5342   26.8925
    7.5000   15.0000   30.000013051.1885   26.9116
   -7.5000   22.5000   30.000013226.8662   27.7765
    0.0000   22.5000   30.000013723.6064   27.8006
    7.5000   22.5000   30.000012987.6689   27.8198
   -7.5000   30.0000   30.000012982.3359   28.6325
    0.0000   30.0000   30.000013485.4883   28.6473
    7.5000   30.0000   30.000012792.8223   28.6594
   -7.5000   37.5000   30.000013078.6289   29.6327
    0.0000   37.5000   30.000013601.1709   29.6304
    7.5000   37.5000   30.000012926.4844   29.6306
   -7.5000   45.0000   30.000012543.2168   30.3452
    0.0000   45.0000   30.000013054.8848   30.3335
    7.5000   45.0000   30.000012435.8379   30.3347
   -7.5000  -45.0000   37.5000 7678.8022   22.1412
    0.0000  -45.0000   37.5000 8003.4048   22.1784
    7.5000  -45.0000   37.5000 7573.4082   22.2063
   -7.5000  -37.5000   37.5000 8047.8896   22.2775
    0.0000  -37.5000   37.5000 8397.8398   22.3124
    7.5000  -37.5000   37.5000 7960.8037   22.3409
   -7.5000  -30.0000   37.5000 8763.9688   22.8150
    0.0000  -30.0000   37.5000 9131.4395   22.8486
    7.5000  -30.0000   37.5000 8671.1992   22.8825
   -7.5000  -22.5000   37.5000 9539.8359   23.3842
    0.0000  -22.5000   37.5000 9909.4443   23.4171
    7.5000  -22.5000   37.5000 9424.8438   23.4495
   -7.5000  -15.0000   37.500010434.3613   24.1748
    0.0000  -15.0000   37.500010819.2002   24.2059
    7.5000  -15.0000   37.500010296.9336   24.2302
   -7.5000   -7.5000   37.500011346.7607   24.9537
    0.0000   -7.5000   37.500011754.3887   24.9842
    7.5000   -7.5000   37.500011207.7168   25.0046
   -7.5000    0.0000   37.500012286.6963   25.8305
    0.0000    0.0000   37.500012746.7158   25.8671
    7.5000    0.0000   37.500012173.1504   25.8943
   -7.5000    7.5000   37.500012426.6279   26.5035
    0.0000    7.5000   37.500012880.0967   26.5402
    7.5000    7.5000   37.500012292.5283   26.5721
   -7.5000   15.0000   37.500012511.4375   27.3943
    0.0000   15.0000   37.500012960.1660   27.4243
    7.5000   15.0000   37.500012354.3652   27.4490
   -7.5000   22.5000   37.500012467.6064   28.3345
    0.0000   22.5000   37.500012934.2275   28.3619
    7.5000   22.5000   37.500012315.5654   28.3829
   -7.5000   30.0000   37.500012251.4492   29.2169
    0.0000   30.0000   37.500012712.9834   29.2354
    7.5000   30.0000   37.500012124.2656   29.2471
   -7.5000   37.5000   37.500012361.0859   30.2440
    0.0000   37.5000   37.500012843.1201   30.2523
    7.5000   37.5000   37.500012260.3496   30.2530
   -7.5000   45.0000   37.500011895.5430   30.9871
    0.0000   45.0000   37.500012377.7930   30.9896
    7.5000   45.0000   37.500011821.8652   30.9915
   -7.5000  -45.0000   45.0000 6987.2070   23.0289
    0.0000  -45.0000   45.0000 7294.5522   23.0758
    7.5000  -45.0000   45.0000 6912.6753   23.1075
   -7.5000  -37.5000   45.0000 7287.7422   23.0368
    0.0000  -37.5000   45.0000 7619.5547   23.0779
    7.5000  -37.5000   45.0000 7232.4932   23.1141
   -7.5000  -30.0000   45.0000 7968.9487   23.6140
    0.0000  -30.0000   45.0000 8315.7959   23.6489
    7.5000  -30.0000   45.0000 7912.9419   23.6907
   -7.5000  -22.5000   45.0000 8723.9277   24.2299
    0.0000  -22.5000   45.0000 9064.2588   24.2622
    7.5000  -22.5000   45.0000 8647.6074   24.2994
   -7.5000  -15.0000   45.0000 9577.7939   25.0773
    0.0000  -15.0000   45.0000 9934.8506   25.1121
    7.5000  -15.0000   45.0000 9480.7275   25.1378
   -7.5000   -7.5000   45.000010437.3467   25.8986
    0.0000   -7.5000   45.000010827.6152   25.9387
    7.5000   -7.5000   45.000010346.9014   25.9598
   -7.5000    0.0000   45.000011292.2256   26.8059
    0.0000    0.0000   45.000011720.6279   26.8535
    7.5000    0.0000   45.000011213.3770   26.8846
   -7.5000    7.5000   45.000011345.2051   27.3756
    0.0000    7.5000   45.000011764.7090   27.4195
    7.5000    7.5000   45.000011247.0693   27.4602
   -7.5000   15.0000   45.000011320.2988   28.1974
    0.0000   15.0000   45.000011740.1406   28.2281
    7.5000   15.0000   45.000011209.0420   28.2615
   -7.5000   22.5000   45.000011247.1152   29.1094
    0.0000   22.5000   45.000011676.5684   29.1342
    7.5000   22.5000   45.000011142.7764   29.1603
   -7.5000   30.0000   45.000011055.1621   30.0000
    0.0000   30.0000   45.000011477.4463   30.0232
    7.5000   30.0000   45.000010968.2988   30.0390
   -7.5000   37.5000   45.000011179.1543   31.0442
    0.0000   37.5000   45.000011634.6465   31.0662
    7.5000   37.5000   45.000011126.6045   31.0708
   -7.5000   45.0000   45.000010797.7852   31.8132
    0.0000   45.0000   45.000011251.2549   31.8312
    7.5000   45.0000   45.000010760.1826   31.8361

---------------------------------------------------------------------
imgreg_4dfp /opt/freesurfer/average/3T18yoSchwartzReactN32_as_orig /opt/freesurfer/average/711-2B_as_mni_average_305_mask talsrcimg_g11 none talsrcimg_to_3T18yoSchwartzReactN32_as_orig_t4 4355
---------------------------------------------------------------------

freesurfer imgreg_4dfp.c
/opt/freesurfer/average/3T18yoSchwartzReactN32_as_orig.4dfp.img
       256       256       256         1
  1.000000  1.000000  1.000000
orientation T byte_order littleendian
Reading image: /opt/freesurfer/average/3T18yoSchwartzReactN32_as_orig.4dfp.img
dimensions:      256       256       256
mmppix:       1.0000   -1.0000   -1.0000
center:     128.0000 -129.0000 -129.0000
/opt/freesurfer/average/711-2B_as_mni_average_305_mask.4dfp.img
       256       256       256         1
  1.000000  1.000000  1.000000
orientation T byte_order littleendian
Reading mask: /opt/freesurfer/average/711-2B_as_mni_average_305_mask.4dfp.img (2306576 pixels)
talsrcimg_g11.4dfp.img
       320       320       320         1
  0.800000  0.800000  0.800000
orientation T byte_order littleendian
Reading image: talsrcimg_g11.4dfp.img
dimensions:      320       320       320
mmppix:       0.8000   -0.8000   -0.8000
center:     128.0000 -128.8000 -128.8000
rotation matrix determinant  1.000000
image alignment mode   4355 decimal     1103 hex
   -7.5000  -30.0000  -45.0000 2207.5544   35.7164
    0.0000  -30.0000  -45.0000 2213.4661   35.6165
    7.5000  -30.0000  -45.0000 2193.4495   35.6514
   -7.5000  -22.5000  -45.0000 2243.7468   35.2158
    0.0000  -22.5000  -45.0000 2250.3386   35.0690
    7.5000  -22.5000  -45.0000 2233.8823   35.1511
   -7.5000  -15.0000  -45.0000 2282.2107   34.5358
    0.0000  -15.0000  -45.0000 2286.8323   34.3298
    7.5000  -15.0000  -45.0000 2274.5347   34.4975
   -7.5000   -7.5000  -45.0000 2318.9211   33.9396
    0.0000   -7.5000  -45.0000 2321.7571   33.7497
    7.5000   -7.5000  -45.0000 2312.4138   33.9738
   -7.5000    0.0000  -45.0000 2345.3572   33.3905
    0.0000    0.0000  -45.0000 2349.9070   33.2152
    7.5000    0.0000  -45.0000 2337.0986   33.3432
   -7.5000    7.5000  -45.0000 2355.3608   32.7705
    0.0000    7.5000  -45.0000 2361.1499   32.5706
    7.5000    7.5000  -45.0000 2348.1262   32.6555
   -7.5000   15.0000  -45.0000 2355.0134   32.1085
    0.0000   15.0000  -45.0000 2364.9299   31.9239
    7.5000   15.0000  -45.0000 2349.6289   32.0365
   -7.5000   22.5000  -45.0000 2356.4189   31.8660
    0.0000   22.5000  -45.0000 2362.1943   31.5208
    7.5000   22.5000  -45.0000 2348.2756   31.6171
   -7.5000   30.0000  -45.0000 2333.8413   31.6729
    0.0000   30.0000  -45.0000 2345.7449   31.4584
    7.5000   30.0000  -45.0000 2324.3142   31.4444
   -7.5000   37.5000  -45.0000 2311.9905   32.1740
    0.0000   37.5000  -45.0000 2323.7964   31.8608
    7.5000   37.5000  -45.0000 2298.8447   31.8088
   -7.5000   45.0000  -45.0000 2266.6660   33.0788
    0.0000   45.0000  -45.0000 2282.3538   32.8887
    7.5000   45.0000  -45.0000 2260.1843   32.8095
   -7.5000   52.5000  -45.0000 2191.0386   34.5815
    0.0000   52.5000  -45.0000 2203.6389   34.4007
    7.5000   52.5000  -45.0000 2178.2532   34.3449
   -7.5000   60.0000  -45.0000 2067.7751   36.3951
    0.0000   60.0000  -45.0000 2073.1621   36.1882
    7.5000   60.0000  -45.0000 2054.9822   36.3269
   -7.5000  -30.0000  -37.5000 2269.0786   33.4310
    0.0000  -30.0000  -37.5000 2273.7844   33.2106
    7.5000  -30.0000  -37.5000 2257.9299   33.3006
   -7.5000  -22.5000  -37.5000 2314.4834   32.9220
    0.0000  -22.5000  -37.5000 2320.9580   32.6790
    7.5000  -22.5000  -37.5000 2303.9609   32.7934
   -7.5000  -15.0000  -37.5000 2361.4968   32.2980
    0.0000  -15.0000  -37.5000 2368.1833   32.0180
    7.5000  -15.0000  -37.5000 2357.4690   32.1571
   -7.5000   -7.5000  -37.5000 2395.2517   31.6001
    0.0000   -7.5000  -37.5000 2397.4316   31.3337
    7.5000   -7.5000  -37.5000 2391.9814   31.5222
   -7.5000    0.0000  -37.5000 2421.9351   30.9312
    0.0000    0.0000  -37.5000 2419.3367   30.6392
    7.5000    0.0000  -37.5000 2417.6003   30.8716
   -7.5000    7.5000  -37.5000 2440.4119   30.3498
    0.0000    7.5000  -37.5000 2436.3179   29.9933
    7.5000    7.5000  -37.5000 2435.7188   30.2103
   -7.5000   15.0000  -37.5000 2446.6404   29.7027
    0.0000   15.0000  -37.5000 2451.1628   29.4485
    7.5000   15.0000  -37.5000 2446.0942   29.6479
   -7.5000   22.5000  -37.5000 2454.0881   29.3640
    0.0000   22.5000  -37.5000 2457.9778   29.1111
    7.5000   22.5000  -37.5000 2446.4097   29.2759
   -7.5000   30.0000  -37.5000 2440.0608   29.3276
    0.0000   30.0000  -37.5000 2455.1775   29.1167
    7.5000   30.0000  -37.5000 2434.7319   29.2359
   -7.5000   37.5000  -37.5000 2416.7500   29.7099
    0.0000   37.5000  -37.5000 2432.5503   29.5062
    7.5000   37.5000  -37.5000 2409.4617   29.5401
   -7.5000   45.0000  -37.5000 2375.6628   30.6367
    0.0000   45.0000  -37.5000 2398.8679   30.5000
    7.5000   45.0000  -37.5000 2371.8027   30.5069
   -7.5000   52.5000  -37.5000 2301.9448   32.0642
    0.0000   52.5000  -37.5000 2321.5229   31.9439
    7.5000   52.5000  -37.5000 2292.4656   31.9572
   -7.5000   60.0000  -37.5000 2177.6323   33.8307
    0.0000   60.0000  -37.5000 2193.2344   33.6980
    7.5000   60.0000  -37.5000 2170.9463   33.8716
   -7.5000  -30.0000  -30.0000 2385.2708   32.4483
    0.0000  -30.0000  -30.0000 2386.6448   32.0762
    7.5000  -30.0000  -30.0000 2372.8037   32.3508
   -7.5000  -22.5000  -30.0000 2433.0225   31.8066
    0.0000  -22.5000  -30.0000 2432.7039   31.4544
    7.5000  -22.5000  -30.0000 2418.2942   31.7024
   -7.5000  -15.0000  -30.0000 2479.9272   31.0305
    0.0000  -15.0000  -30.0000 2485.3962   30.7334
    7.5000  -15.0000  -30.0000 2473.2512   31.0157
   -7.5000   -7.5000  -30.0000 2515.4707   30.2838
    0.0000   -7.5000  -30.0000 2522.0735   30.0879
    7.5000   -7.5000  -30.0000 2513.9878   30.2672
   -7.5000    0.0000  -30.0000 2542.2751   29.6072
    0.0000    0.0000  -30.0000 2538.6838   29.3301
    7.5000    0.0000  -30.0000 2537.3667   29.5094
   -7.5000    7.5000  -30.0000 2560.9229   28.8612
    0.0000    7.5000  -30.0000 2561.3259   28.6257
    7.5000    7.5000  -30.0000 2557.8613   28.7816
   -7.5000   15.0000  -30.0000 2580.9072   28.2674
    0.0000   15.0000  -30.0000 2585.8911   28.0160
    7.5000   15.0000  -30.0000 2582.7278   28.2525
   -7.5000   22.5000  -30.0000 2590.1826   27.8073
    0.0000   22.5000  -30.0000 2597.3506   27.5747
    7.5000   22.5000  -30.0000 2586.4514   27.8033
   -7.5000   30.0000  -30.0000 2589.3652   27.8923
    0.0000   30.0000  -30.0000 2598.5256   27.5915
    7.5000   30.0000  -30.0000 2586.8494   27.8662
   -7.5000   37.5000  -30.0000 2570.8318   28.3824
    0.0000   37.5000  -30.0000 2586.7090   28.1066
    7.5000   37.5000  -30.0000 2569.4148   28.2961
   -7.5000   45.0000  -30.0000 2534.5295   29.4586
    0.0000   45.0000  -30.0000 2554.3059   29.1168
    7.5000   45.0000  -30.0000 2532.8096   29.3270
   -7.5000   52.5000  -30.0000 2457.4714   30.8456
    0.0000   52.5000  -30.0000 2477.4600   30.5801
    7.5000   52.5000  -30.0000 2450.6797   30.7278
   -7.5000   60.0000  -30.0000 2335.7886   32.5431
    0.0000   60.0000  -30.0000 2357.6365   32.3593
    7.5000   60.0000  -30.0000 2329.0132   32.4901
   -7.5000  -30.0000  -22.5000 2461.0906   31.3502
    0.0000  -30.0000  -22.5000 2460.2966   30.8961
    7.5000  -30.0000  -22.5000 2451.2163   31.2673
   -7.5000  -22.5000  -22.5000 2510.4456   30.6004
    0.0000  -22.5000  -22.5000 2509.9070   30.1803
    7.5000  -22.5000  -22.5000 2501.9448   30.5096
   -7.5000  -15.0000  -22.5000 2554.5752   29.7080
    0.0000  -15.0000  -22.5000 2557.1392   29.3691
    7.5000  -15.0000  -22.5000 2552.8057   29.7063
   -7.5000   -7.5000  -22.5000 2592.0918   28.8838
    0.0000   -7.5000  -22.5000 2593.1868   28.5894
    7.5000   -7.5000  -22.5000 2588.6538   28.8582
   -7.5000    0.0000  -22.5000 2616.1807   28.1057
    0.0000    0.0000  -22.5000 2622.6733   27.8585
    7.5000    0.0000  -22.5000 2612.4680   28.0389
   -7.5000    7.5000  -22.5000 2641.8643   27.3098
    0.0000    7.5000  -22.5000 2649.7732   27.0627
    7.5000    7.5000  -22.5000 2644.5300   27.2541
   -7.5000   15.0000  -22.5000 2669.0801   26.6132
    0.0000   15.0000  -22.5000 2683.2766   26.3628
    7.5000   15.0000  -22.5000 2675.5225   26.6342
   -7.5000   22.5000  -22.5000 2682.7278   26.1045
    0.0000   22.5000  -22.5000 2695.6907   25.8518
    7.5000   22.5000  -22.5000 2682.5503   26.1473
   -7.5000   30.0000  -22.5000 2697.9583   26.1927
    0.0000   30.0000  -22.5000 2706.9458   25.8725
    7.5000   30.0000  -22.5000 2696.8928   26.2333
   -7.5000   37.5000  -22.5000 2695.6548   26.8672
    0.0000   37.5000  -22.5000 2705.2615   26.5100
    7.5000   37.5000  -22.5000 2690.8103   26.8095
   -7.5000   45.0000  -22.5000 2665.7854   28.0186
    0.0000   45.0000  -22.5000 2680.2754   27.6318
    7.5000   45.0000  -22.5000 2661.7185   27.9069
   -7.5000   52.5000  -22.5000 2581.5793   29.4712
    0.0000   52.5000  -22.5000 2599.2183   29.1306
    7.5000   52.5000  -22.5000 2577.5520   29.3820
   -7.5000   60.0000  -22.5000 2455.6343   31.1865
    0.0000   60.0000  -22.5000 2472.8103   30.8840
    7.5000   60.0000  -22.5000 2449.1604   31.1038
   -7.5000  -30.0000  -15.0000 2487.9478   30.4859
    0.0000  -30.0000  -15.0000 2487.9075   30.0280
    7.5000  -30.0000  -15.0000 2480.9604   30.4393
   -7.5000  -22.5000  -15.0000 2533.6726   29.6022
    0.0000  -22.5000  -15.0000 2535.1694   29.2138
    7.5000  -22.5000  -15.0000 2529.8481   29.5093
   -7.5000  -15.0000  -15.0000 2576.8010   28.6267
    0.0000  -15.0000  -15.0000 2580.3142   28.3131
    7.5000  -15.0000  -15.0000 2575.8953   28.5769
   -7.5000   -7.5000  -15.0000 2619.5596   27.7692
    0.0000   -7.5000  -15.0000 2621.1816   27.4173
    7.5000   -7.5000  -15.0000 2619.3110   27.6936
   -7.5000    0.0000  -15.0000 2647.6370   26.8394
    0.0000    0.0000  -15.0000 2657.1448   26.5479
    7.5000    0.0000  -15.0000 2652.8931   26.8218
   -7.5000    7.5000  -15.0000 2675.3240   25.9183
    0.0000    7.5000  -15.0000 2685.0352   25.6615
    7.5000    7.5000  -15.0000 2683.5906   25.9263
   -7.5000   15.0000  -15.0000 2708.1106   25.1157
    0.0000   15.0000  -15.0000 2723.3877   24.8530
    7.5000   15.0000  -15.0000 2718.8489   25.1695
   -7.5000   22.5000  -15.0000 2731.9600   24.5890
    0.0000   22.5000  -15.0000 2750.7271   24.3291
    7.5000   22.5000  -15.0000 2741.8374   24.6485
   -7.5000   30.0000  -15.0000 2765.9854   24.8248
    0.0000   30.0000  -15.0000 2778.6826   24.4525
    7.5000   30.0000  -15.0000 2770.4788   24.8366
   -7.5000   37.5000  -15.0000 2771.3948   25.5759
    0.0000   37.5000  -15.0000 2784.0386   25.1603
    7.5000   37.5000  -15.0000 2772.0720   25.5337
   -7.5000   45.0000  -15.0000 2744.7781   26.7347
    0.0000   45.0000  -15.0000 2761.3179   26.3870
    7.5000   45.0000  -15.0000 2745.6992   26.7442
   -7.5000   52.5000  -15.0000 2665.9683   28.2385
    0.0000   52.5000  -15.0000 2684.1731   27.9251
    7.5000   52.5000  -15.0000 2670.3271   28.3168
   -7.5000   60.0000  -15.0000 2536.7380   30.0276
    0.0000   60.0000  -15.0000 2550.7930   29.7402
    7.5000   60.0000  -15.0000 2529.8523   30.0785
   -7.5000  -30.0000   -7.5000 2492.8223   30.2121
    0.0000  -30.0000   -7.5000 2482.1865   29.6384
    7.5000  -30.0000   -7.5000 2488.7356   30.1824
   -7.5000  -22.5000   -7.5000 2531.3577   29.2178
    0.0000  -22.5000   -7.5000 2523.2095   28.7703
    7.5000  -22.5000   -7.5000 2530.0361   29.1281
   -7.5000  -15.0000   -7.5000 2569.7893   28.1148
    0.0000  -15.0000   -7.5000 2560.8694   27.7378
    7.5000  -15.0000   -7.5000 2569.2698   28.0037
   -7.5000   -7.5000   -7.5000 2606.5042   27.0405
    0.0000   -7.5000   -7.5000 2603.2224   26.6846
    7.5000   -7.5000   -7.5000 2609.8545   26.8877
   -7.5000    0.0000   -7.5000 2637.1609   25.9946
    0.0000    0.0000   -7.5000 2643.1799   25.7257
    7.5000    0.0000   -7.5000 2644.6055   25.8640
   -7.5000    7.5000   -7.5000 2671.6677   25.0232
    0.0000    7.5000   -7.5000 2679.1978   24.8024
    7.5000    7.5000   -7.5000 2686.5635   25.0255
   -7.5000   15.0000   -7.5000 2703.9158   24.1631
    0.0000   15.0000   -7.5000 2712.4717   23.9018
    7.5000   15.0000   -7.5000 2719.2131   24.2435
   -7.5000   22.5000   -7.5000 2738.2607   23.6119
    0.0000   22.5000   -7.5000 2749.2488   23.2908
    7.5000   22.5000   -7.5000 2747.3735   23.7041
   -7.5000   30.0000   -7.5000 2801.4648   23.9613
    0.0000   30.0000   -7.5000 2811.2314   23.6154
    7.5000   30.0000   -7.5000 2799.4546   23.9171
   -7.5000   37.5000   -7.5000 2823.2302   24.8142
    0.0000   37.5000   -7.5000 2832.4810   24.4352
    7.5000   37.5000   -7.5000 2819.5979   24.7387
   -7.5000   45.0000   -7.5000 2803.8613   26.0213
    0.0000   45.0000   -7.5000 2810.4243   25.6079
    7.5000   45.0000   -7.5000 2798.4104   25.9674
   -7.5000   52.5000   -7.5000 2724.7202   27.5501
    0.0000   52.5000   -7.5000 2732.8984   27.1678
    7.5000   52.5000   -7.5000 2719.6018   27.5645
   -7.5000   60.0000   -7.5000 2586.5845   29.3462
    0.0000   60.0000   -7.5000 2595.6853   28.9537
    7.5000   60.0000   -7.5000 2578.3726   29.3559
   -7.5000  -30.0000    0.0000 2459.6648   30.2324
    0.0000  -30.0000    0.0000 2463.5466   29.7935
    7.5000  -30.0000    0.0000 2463.5837   30.3566
   -7.5000  -22.5000    0.0000 2494.4802   29.1910
    0.0000  -22.5000    0.0000 2497.2151   28.8293
    7.5000  -22.5000    0.0000 2501.9473   29.1981
   -7.5000  -15.0000    0.0000 2533.4202   28.0012
    0.0000  -15.0000    0.0000 2534.3743   27.7600
    7.5000  -15.0000    0.0000 2540.6479   27.9555
   -7.5000   -7.5000    0.0000 2568.5693   26.8154
    0.0000   -7.5000    0.0000 2570.3442   26.5964
    7.5000   -7.5000    0.0000 2575.0996   26.6695
   -7.5000    0.0000    0.0000 2596.9148   25.6833
    0.0000    0.0000    0.0000 2607.6270   25.5568
    7.5000    0.0000    0.0000 2613.8833   25.5593
   -7.5000    7.5000    0.0000 2643.2617   24.7882
    0.0000    7.5000    0.0000 2655.9495   24.7482
    7.5000    7.5000    0.0000 2658.5286   24.6816
   -7.5000   15.0000    0.0000 2711.6672   24.2491
    0.0000   15.0000    0.0000 2730.3247   24.2766
    7.5000   15.0000    0.0000 2719.2048   24.1470
   -7.5000   22.5000    0.0000 2755.2046   23.6609
    0.0000   22.5000    0.0000 2754.3799   23.4370
    7.5000   22.5000    0.0000 2754.6550   23.5852
   -7.5000   30.0000    0.0000 2820.7327   23.7706
    0.0000   30.0000    0.0000 2835.1860   23.5528
    7.5000   30.0000    0.0000 2819.4812   23.6987
   -7.5000   37.5000    0.0000 2855.7473   24.6237
    0.0000   37.5000    0.0000 2877.9675   24.3156
    7.5000   37.5000    0.0000 2852.9856   24.4705
   -7.5000   45.0000    0.0000 2840.3022   25.7354
    0.0000   45.0000    0.0000 2854.1995   25.3520
    7.5000   45.0000    0.0000 2830.3525   25.5684
   -7.5000   52.5000    0.0000 2753.6580   27.1950
    0.0000   52.5000    0.0000 2763.5901   26.8386
    7.5000   52.5000    0.0000 2743.7148   27.1089
   -7.5000   60.0000    0.0000 2608.7107   28.9899
    0.0000   60.0000    0.0000 2619.9036   28.6038
    7.5000   60.0000    0.0000 2599.7373   28.9292
   -7.5000  -30.0000    7.5000 2403.2581   30.7613
    0.0000  -30.0000    7.5000 2410.0071   30.4320
    7.5000  -30.0000    7.5000 2421.6565   31.1507
   -7.5000  -22.5000    7.5000 2432.1074   29.5787
    0.0000  -22.5000    7.5000 2439.0876   29.3212
    7.5000  -22.5000    7.5000 2457.3899   29.8854
   -7.5000  -15.0000    7.5000 2471.4646   28.4141
    0.0000  -15.0000    7.5000 2474.9329   28.2210
    7.5000  -15.0000    7.5000 2492.7109   28.5188
   -7.5000   -7.5000    7.5000 2514.8462   27.2228
    0.0000   -7.5000    7.5000 2521.2830   27.1552
    7.5000   -7.5000    7.5000 2525.0789   27.1691
   -7.5000    0.0000    7.5000 2560.8958   26.1314
    0.0000    0.0000    7.5000 2582.0391   26.1919
    7.5000    0.0000    7.5000 2568.7588   25.9688
   -7.5000    7.5000    7.5000 2619.4497   25.2657
    0.0000    7.5000    7.5000 2656.8052   25.4649
    7.5000    7.5000    7.5000 2623.6523   25.1187
   -7.5000   15.0000    7.5000 2713.1702   24.8253
    0.0000   15.0000    7.5000 2775.0012   25.3207
    7.5000   15.0000    7.5000 2709.1716   24.6313
   -7.5000   22.5000    7.5000 2787.3025   24.3453
    0.0000   22.5000    7.5000 2827.3877   24.5113
    7.5000   22.5000    7.5000 2770.9949   24.1739
   -7.5000   30.0000    7.5000 2835.2161   24.2567
    0.0000   30.0000    7.5000 2854.3650   24.0439
    7.5000   30.0000    7.5000 2825.6377   24.2414
   -7.5000   37.5000    7.5000 2846.6899   24.7615
    0.0000   37.5000    7.5000 2861.6741   24.4577
    7.5000   37.5000    7.5000 2845.1194   24.7165
   -7.5000   45.0000    7.5000 2823.4827   25.7269
    0.0000   45.0000    7.5000 2831.9250   25.2775
    7.5000   45.0000    7.5000 2823.7422   25.6359
   -7.5000   52.5000    7.5000 2742.6499   27.1891
    0.0000   52.5000    7.5000 2749.6565   26.7364
    7.5000   52.5000    7.5000 2741.1726   27.1388
   -7.5000   60.0000    7.5000 2606.4487   28.9954
    0.0000   60.0000    7.5000 2606.7539   28.5034
    7.5000   60.0000    7.5000 2596.2729   28.9211
   -7.5000  -30.0000   15.0000 2333.8333   32.1368
    0.0000  -30.0000   15.0000 2342.6865   31.8299
    7.5000  -30.0000   15.0000 2371.1482   32.6705
   -7.5000  -22.5000   15.0000 2372.2046   30.8590
    0.0000  -22.5000   15.0000 2382.5442   30.6930
    7.5000  -22.5000   15.0000 2408.9719   31.3055
   -7.5000  -15.0000   15.0000 2423.0200   29.6399
    0.0000  -15.0000   15.0000 2434.6570   29.5682
    7.5000  -15.0000   15.0000 2451.5361   29.9356
   -7.5000   -7.5000   15.0000 2479.2778   28.4326
    0.0000   -7.5000   15.0000 2494.4324   28.4465
    7.5000   -7.5000   15.0000 2499.1064   28.5573
   -7.5000    0.0000   15.0000 2541.9492   27.2121
    0.0000    0.0000   15.0000 2561.8962   27.3021
    7.5000    0.0000   15.0000 2556.7627   27.2838
   -7.5000    7.5000   15.0000 2608.0630   26.2128
    0.0000    7.5000   15.0000 2639.6252   26.3663
    7.5000    7.5000   15.0000 2620.5710   26.2379
   -7.5000   15.0000   15.0000 2692.8203   25.4290
    0.0000   15.0000   15.0000 2739.8645   25.7874
    7.5000   15.0000   15.0000 2705.5122   25.5266
   -7.5000   22.5000   15.0000 2768.9924   24.9585
    0.0000   22.5000   15.0000 2794.3528   24.8957
    7.5000   22.5000   15.0000 2766.4487   25.0937
   -7.5000   30.0000   15.0000 2816.6707   25.1305
    0.0000   30.0000   15.0000 2836.4185   24.8187
    7.5000   30.0000   15.0000 2809.1501   25.1556
   -7.5000   37.5000   15.0000 2823.8599   25.6330
    0.0000   37.5000   15.0000 2841.9436   25.3335
    7.5000   37.5000   15.0000 2819.0828   25.5827
   -7.5000   45.0000   15.0000 2796.3267   26.5474
    0.0000   45.0000   15.0000 2808.3740   26.2063
    7.5000   45.0000   15.0000 2796.2864   26.4570
   -7.5000   52.5000   15.0000 2715.4795   27.9013
    0.0000   52.5000   15.0000 2718.5684   27.4302
    7.5000   52.5000   15.0000 2715.7581   27.7641
   -7.5000   60.0000   15.0000 2583.0115   29.5399
    0.0000   60.0000   15.0000 2585.5825   29.0095
    7.5000   60.0000   15.0000 2579.1157   29.3861
   -7.5000  -30.0000   22.5000 2264.1702   34.1937
    0.0000  -30.0000   22.5000 2274.5393   33.8986
    7.5000  -30.0000   22.5000 2311.0105   34.7691
   -7.5000  -22.5000   22.5000 2318.6516   32.7872
    0.0000  -22.5000   22.5000 2330.1008   32.5788
    7.5000  -22.5000   22.5000 2364.3293   33.2724
   -7.5000  -15.0000   22.5000 2382.3943   31.3097
    0.0000  -15.0000   22.5000 2396.7463   31.2409
    7.5000  -15.0000   22.5000 2419.8704   31.7913
   -7.5000   -7.5000   22.5000 2450.2244   29.8474
    0.0000   -7.5000   22.5000 2466.4561   29.8760
    7.5000   -7.5000   22.5000 2479.9009   30.2480
   -7.5000    0.0000   22.5000 2521.3455   28.5507
    0.0000    0.0000   22.5000 2536.8796   28.5413
    7.5000    0.0000   22.5000 2541.6284   28.8407
   -7.5000    7.5000   22.5000 2598.7185   27.4511
    0.0000    7.5000   22.5000 2618.1775   27.5130
    7.5000    7.5000   22.5000 2611.0723   27.5974
   -7.5000   15.0000   22.5000 2677.9739   26.5324
    0.0000   15.0000   22.5000 2693.1743   26.4851
    7.5000   15.0000   22.5000 2681.3623   26.7180
   -7.5000   22.5000   22.5000 2740.2393   26.1097
    0.0000   22.5000   22.5000 2749.1545   25.8261
    7.5000   22.5000   22.5000 2739.6350   26.3184
   -7.5000   30.0000   22.5000 2776.5444   26.3460
    0.0000   30.0000   22.5000 2789.5901   25.9605
    7.5000   30.0000   22.5000 2775.1697   26.3713
   -7.5000   37.5000   22.5000 2777.6118   26.9010
    0.0000   37.5000   22.5000 2791.0801   26.4582
    7.5000   37.5000   22.5000 2779.5754   26.8074
   -7.5000   45.0000   22.5000 2750.9175   27.8254
    0.0000   45.0000   22.5000 2760.8306   27.3993
    7.5000   45.0000   22.5000 2757.3301   27.6783
   -7.5000   52.5000   22.5000 2677.2229   29.1046
    0.0000   52.5000   22.5000 2682.6121   28.7105
    7.5000   52.5000   22.5000 2680.5449   28.9479
   -7.5000   60.0000   22.5000 2545.8181   30.4931
    0.0000   60.0000   22.5000 2553.0303   30.0722
    7.5000   60.0000   22.5000 2546.7556   30.3427
   -7.5000  -30.0000   30.0000 2210.4929   36.8660
    0.0000  -30.0000   30.0000 2222.0881   36.5435
    7.5000  -30.0000   30.0000 2251.9277   37.3247
   -7.5000  -22.5000   30.0000 2272.3252   34.9915
    0.0000  -22.5000   30.0000 2284.5801   34.8154
    7.5000  -22.5000   30.0000 2308.0103   35.4897
   -7.5000  -15.0000   30.0000 2345.4441   33.1650
    0.0000  -15.0000   30.0000 2354.4421   33.0760
    7.5000  -15.0000   30.0000 2376.4780   33.7987
   -7.5000   -7.5000   30.0000 2425.2617   31.6291
    0.0000   -7.5000   30.0000 2430.7971   31.5140
    7.5000   -7.5000   30.0000 2447.2290   32.1396
   -7.5000    0.0000   30.0000 2502.3733   30.2465
    0.0000    0.0000   30.0000 2514.7319   30.1703
    7.5000    0.0000   30.0000 2516.5242   30.5818
   -7.5000    7.5000   30.0000 2580.4343   29.0433
    0.0000    7.5000   30.0000 2586.2322   28.8879
    7.5000    7.5000   30.0000 2590.5635   29.2745
   -7.5000   15.0000   30.0000 2662.2166   28.2478
    0.0000   15.0000   30.0000 2666.0691   27.8919
    7.5000   15.0000   30.0000 2660.0303   28.4046
   -7.5000   22.5000   30.0000 2711.4873   27.7931
    0.0000   22.5000   30.0000 2717.5779   27.4500
    7.5000   22.5000   30.0000 2709.1855   27.9389
   -7.5000   30.0000   30.0000 2742.2751   27.9900
    0.0000   30.0000   30.0000 2749.9434   27.5911
    7.5000   30.0000   30.0000 2741.3000   28.0189
   -7.5000   37.5000   30.0000 2730.3171   28.5395
    0.0000   37.5000   30.0000 2734.8718   28.0550
    7.5000   37.5000   30.0000 2734.1118   28.4471
   -7.5000   45.0000   30.0000 2697.7910   29.4253
    0.0000   45.0000   30.0000 2696.6877   28.8176
    7.5000   45.0000   30.0000 2704.1733   29.2377
   -7.5000   52.5000   30.0000 2624.4995   30.6089
    0.0000   52.5000   30.0000 2629.4119   30.1058
    7.5000   52.5000   30.0000 2627.5874   30.4143
   -7.5000   60.0000   30.0000 2505.9043   32.0414
    0.0000   60.0000   30.0000 2511.5010   31.5603
    7.5000   60.0000   30.0000 2499.8286   31.7556
   -7.5000  -30.0000   37.5000 2157.7454   39.6469
    0.0000  -30.0000   37.5000 2173.6729   39.5155
    7.5000  -30.0000   37.5000 2192.9968   40.3063
   -7.5000  -22.5000   37.5000 2232.4417   37.4158
    0.0000  -22.5000   37.5000 2240.8083   37.3021
    7.5000  -22.5000   37.5000 2260.9304   38.2039
   -7.5000  -15.0000   37.5000 2314.5066   35.3931
    0.0000  -15.0000   37.5000 2318.9526   35.2745
    7.5000  -15.0000   37.5000 2338.4238   36.1886
   -7.5000   -7.5000   37.5000 2399.3943   33.7247
    0.0000   -7.5000   37.5000 2401.2922   33.5411
    7.5000   -7.5000   37.5000 2414.5049   34.3153
   -7.5000    0.0000   37.5000 2479.1074   32.2589
    0.0000    0.0000   37.5000 2484.9705   32.0175
    7.5000    0.0000   37.5000 2495.3716   32.7135
   -7.5000    7.5000   37.5000 2560.9648   31.0959
    0.0000    7.5000   37.5000 2559.9734   30.7230
    7.5000    7.5000   37.5000 2564.8564   31.3667
   -7.5000   15.0000   37.5000 2629.7749   30.2812
    0.0000   15.0000   37.5000 2635.5879   29.8932
    7.5000   15.0000   37.5000 2629.9446   30.4923
   -7.5000   22.5000   37.5000 2674.0156   29.8614
    0.0000   22.5000   37.5000 2683.2463   29.5113
    7.5000   22.5000   37.5000 2673.2629   29.9854
   -7.5000   30.0000   37.5000 2694.1833   30.0093
    0.0000   30.0000   37.5000 2698.7976   29.5789
    7.5000   30.0000   37.5000 2693.8328   30.0168
   -7.5000   37.5000   37.5000 2675.1611   30.5413
    0.0000   37.5000   37.5000 2679.6072   30.0614
    7.5000   37.5000   37.5000 2680.5115   30.4484
   -7.5000   45.0000   37.5000 2641.7107   31.3679
    0.0000   45.0000   37.5000 2640.6807   30.7666
    7.5000   45.0000   37.5000 2644.7271   31.1707
   -7.5000   52.5000   37.5000 2571.2681   32.4865
    0.0000   52.5000   37.5000 2573.1538   31.8906
    7.5000   52.5000   37.5000 2567.5410   32.2337
   -7.5000   60.0000   37.5000 2449.0176   33.7604
    0.0000   60.0000   37.5000 2452.9902   33.2990
    7.5000   60.0000   37.5000 2445.2612   33.5427
   -7.5000  -30.0000   45.0000 2097.5181   42.7139
    0.0000  -30.0000   45.0000 2119.0835   42.8738
    7.5000  -30.0000   45.0000 2132.6426   43.8666
   -7.5000  -22.5000   45.0000 2191.4097   40.2250
    0.0000  -22.5000   45.0000 2198.3572   40.2379
    7.5000  -22.5000   45.0000 2216.7544   41.4092
   -7.5000  -15.0000   45.0000 2281.9751   38.0584
    0.0000  -15.0000   45.0000 2284.4102   37.9668
    7.5000  -15.0000   45.0000 2299.7444   39.0456
   -7.5000   -7.5000   45.0000 2370.5500   36.2742
    0.0000   -7.5000   45.0000 2373.1326   36.0597
    7.5000   -7.5000   45.0000 2384.0349   36.9866
   -7.5000    0.0000   45.0000 2447.8801   34.6652
    0.0000    0.0000   45.0000 2452.1030   34.3993
    7.5000    0.0000   45.0000 2458.0854   35.1771
   -7.5000    7.5000   45.0000 2529.7939   33.5932
    0.0000    7.5000   45.0000 2529.6812   33.1356
    7.5000    7.5000   45.0000 2527.6653   33.8491
   -7.5000   15.0000   45.0000 2587.2173   32.7931
    0.0000   15.0000   45.0000 2594.1021   32.3986
    7.5000   15.0000   45.0000 2586.5000   32.9911
   -7.5000   22.5000   45.0000 2621.2227   32.4038
    0.0000   22.5000   45.0000 2632.8359   32.0734
    7.5000   22.5000   45.0000 2623.1694   32.5559
   -7.5000   30.0000   45.0000 2631.8269   32.4887
    0.0000   30.0000   45.0000 2635.1006   32.0536
    7.5000   30.0000   45.0000 2629.8442   32.4929
   -7.5000   37.5000   45.0000 2616.8228   32.9113
    0.0000   37.5000   45.0000 2622.8340   32.4470
    7.5000   37.5000   45.0000 2622.3467   32.8578
   -7.5000   45.0000   45.0000 2584.7871   33.6796
    0.0000   45.0000   45.0000 2590.5654   33.1918
    7.5000   45.0000   45.0000 2589.3047   33.6100
   -7.5000   52.5000   45.0000 2510.7664   34.7023
    0.0000   52.5000   45.0000 2512.5625   34.1778
    7.5000   52.5000   45.0000 2507.8701   34.5870
   -7.5000   60.0000   45.0000 2378.2803   35.9943
    0.0000   60.0000   45.0000 2386.5098   35.5052
    7.5000   60.0000   45.0000 2377.9087   35.8235

---------------------------------------------------------------------
imgreg_4dfp /opt/freesurfer/average/3T18yoSchwartzReactN32_as_orig /opt/freesurfer/average/711-2B_as_mni_average_305_mask talsrcimg_g11 none talsrcimg_to_3T18yoSchwartzReactN32_as_orig_t4 1283
---------------------------------------------------------------------

freesurfer imgreg_4dfp.c
/opt/freesurfer/average/3T18yoSchwartzReactN32_as_orig.4dfp.img
       256       256       256         1
  1.000000  1.000000  1.000000
orientation T byte_order littleendian
Reading image: /opt/freesurfer/average/3T18yoSchwartzReactN32_as_orig.4dfp.img
dimensions:      256       256       256
mmppix:       1.0000   -1.0000   -1.0000
center:     128.0000 -129.0000 -129.0000
/opt/freesurfer/average/711-2B_as_mni_average_305_mask.4dfp.img
       256       256       256         1
  1.000000  1.000000  1.000000
orientation T byte_order littleendian
Reading mask: /opt/freesurfer/average/711-2B_as_mni_average_305_mask.4dfp.img (2306576 pixels)
talsrcimg_g11.4dfp.img
       320       320       320         1
  0.800000  0.800000  0.800000
orientation T byte_order littleendian
Reading image: talsrcimg_g11.4dfp.img
dimensions:      320       320       320
mmppix:       0.8000   -0.8000   -0.8000
center:     128.0000 -128.8000 -128.8000
rotation matrix determinant  1.000000
fimgreg.f
image alignment mode   1283 decimal      503 hex
parameters
    0.0000   37.5000    0.0000    0.0000    0.0000    0.0000
eta,q 0.90232 24.32801
niter,ni,del,rscale     5    3   12.0000    1.2000
parameter  1  0.505076 ->  0.500000 qaram    1.1500
parameter  5 -1.019983 -> -0.500000 qaram    1.1500
parameters
   -3.4500   38.1765    2.8601   -1.9800    3.4500    0.3487
eta,q 0.90205 23.95488
  0.1023  0.1136  0.1080  0.1033  0.1057  0.1017
  0.1015  0.1089  0.1036  0.1008  0.1038  0.0998
  0.1007  0.1036  0.1005  0.1000  0.1021  0.0987
  0.1025  0.1009  0.1004  0.1014  0.1000  0.0980
  0.1026  0.1011  0.1014  0.1034  0.0984  0.0982
  0.1029  0.1050  0.1013  0.1047  0.0980  0.0993
  0.1030  0.1096  0.0996  0.1039  0.0983  0.1010
niter,ni,del,rscale     6    3   12.0000    1.2000
parameters
   -2.4946   38.2298    3.1319   -2.6435    3.6551   -0.5460
eta,q 0.90153 23.89506
  0.1095  0.1134  0.1042  0.1045  0.1017  0.1005
  0.1042  0.1093  0.1009  0.1009  0.0999  0.0994
  0.1003  0.1027  0.0993  0.0984  0.0988  0.0989
  0.0980  0.0986  0.0986  0.0985  0.0983  0.0983
  0.1005  0.1016  0.0987  0.1006  0.0986  0.0989
  0.1025  0.1085  0.1007  0.1042  0.0991  0.1004
  0.1038  0.1135  0.1031  0.1062  0.1017  0.1026
niter,ni,del,rscale     5    3   12.0000    1.2000
parameters
   -2.2701   38.3427    3.1272   -2.7887    3.5451   -0.7727
eta,q 0.90140 23.90368
  0.1068  0.1132  0.1039  0.1057  0.1016  0.1011
  0.1022  0.1096  0.1010  0.1022  0.0998  0.0996
  0.0991  0.1032  0.0993  0.0994  0.0989  0.0991
  0.0985  0.0987  0.0986  0.0986  0.0985  0.0985
  0.1009  0.1005  0.0989  0.0997  0.0987  0.0986
  0.1026  0.1079  0.1012  0.1031  0.0994  0.0998
  0.1046  0.1137  0.1039  0.1060  0.1023  0.1017
niter,ni,del,rscale     4    3   12.0000    1.2000
parameters
   -2.1808   38.4035    3.0845   -2.8686    3.4810   -0.8624
eta,q 0.90136 23.90907
  0.1064  0.1130  0.1038  0.1057  0.1017  0.1012
  0.1020  0.1094  0.1010  0.1023  0.0998  0.0996
  0.0989  0.1031  0.0993  0.0996  0.0990  0.0991
  0.0986  0.0987  0.0986  0.0986  0.0986  0.0986
  0.1009  0.1005  0.0990  0.0997  0.0987  0.0986
  0.1026  0.1080  0.1013  0.1029  0.0994  0.0997
  0.1047  0.1139  0.1040  0.1059  0.1023  0.1016
niter,ni,del,rscale     3    3   12.0000    1.2000
parameters
   -2.1373   38.4485    3.0510   -2.9267    3.4408   -0.8856
eta,q 0.90135 23.91300
  0.1063  0.1130  0.1039  0.1058  0.1018  0.1012
  0.1019  0.1093  0.1011  0.1023  0.0998  0.0996
  0.0988  0.1031  0.0994  0.0996  0.0990  0.0991
  0.0986  0.0987  0.0986  0.0986  0.0986  0.0986
  0.1008  0.1006  0.0990  0.0996  0.0987  0.0986
  0.1027  0.1081  0.1013  0.1029  0.0994  0.0996
  0.1048  0.1140  0.1040  0.1058  0.1023  0.1015
registration optimization eta report
parameter search radius
    6.9000    6.0000    6.0000    6.0000    6.9000    6.0000
100000*second partial in parameter space
       14.       38.       15.       20.        7.        8.
  0.1063  0.1130  0.1039  0.1058  0.1018  0.1012
  0.1019  0.1093  0.1011  0.1023  0.0998  0.0996
  0.0988  0.1031  0.0994  0.0996  0.0990  0.0991
  0.0986  0.0987  0.0986  0.0986  0.0986  0.0986
  0.1008  0.1006  0.0990  0.0996  0.0987  0.0986
  0.1027  0.1081  0.1013  0.1029  0.0994  0.0996
  0.1048  0.1140  0.1040  0.1058  0.1023  0.1015
   -2.1373   38.4485    3.0510   -2.9267    3.4408   -0.8856
eta,q 0.90135 23.91300

---------------------------------------------------------------------
imgreg_4dfp /opt/freesurfer/average/3T18yoSchwartzReactN32_as_orig /opt/freesurfer/average/711-2B_as_mni_average_305_mask talsrcimg_g11 none talsrcimg_to_3T18yoSchwartzReactN32_as_orig_t4 3335
---------------------------------------------------------------------

freesurfer imgreg_4dfp.c
/opt/freesurfer/average/3T18yoSchwartzReactN32_as_orig.4dfp.img
       256       256       256         1
  1.000000  1.000000  1.000000
orientation T byte_order littleendian
Reading image: /opt/freesurfer/average/3T18yoSchwartzReactN32_as_orig.4dfp.img
dimensions:      256       256       256
mmppix:       1.0000   -1.0000   -1.0000
center:     128.0000 -129.0000 -129.0000
/opt/freesurfer/average/711-2B_as_mni_average_305_mask.4dfp.img
       256       256       256         1
  1.000000  1.000000  1.000000
orientation T byte_order littleendian
Reading mask: /opt/freesurfer/average/711-2B_as_mni_average_305_mask.4dfp.img (2306576 pixels)
talsrcimg_g11.4dfp.img
       320       320       320         1
  0.800000  0.800000  0.800000
orientation T byte_order littleendian
Reading image: talsrcimg_g11.4dfp.img
dimensions:      320       320       320
mmppix:       0.8000   -0.8000   -0.8000
center:     128.0000 -128.8000 -128.8000
fimgreg.f
image alignment mode   3335 decimal      D07 hex
parameters
   -2.1373   38.4485    3.0510   -0.1922   -0.1471   -0.3105
    1.8499   -5.9142   -1.5428    5.1978    6.0017   -5.0965
eta,q 0.90191 24.33316
niter,ni,del,rscale     5    3    5.0000    1.2000
parameter  1 -0.513652 -> -0.500000 qaram    1.1500
parameter  3  1.031824 ->  0.500000 qaram    1.1500
parameter  7 -0.582011 -> -0.500000 qaram    1.1500
parameter 10  0.670409 ->  0.500000 qaram    1.1500
parameters
   -0.7573   38.2459    1.6710    0.2540    0.9677    0.7033
    5.9899   -5.2693   -3.8421    1.0578    6.8833   -6.7580
eta,q 0.90522 24.82869
  0.0995  0.0991  0.0972  0.0985  0.1024  0.1009  0.1006  0.1000  0.0969  0.0952  0.0965  0.0957
  0.0988  0.0982  0.0971  0.0978  0.0998  0.1002  0.0991  0.0983  0.0964  0.0949  0.0956  0.0951
  0.0984  0.0978  0.0974  0.0974  0.0979  0.0988  0.0979  0.0969  0.0963  0.0950  0.0951  0.0948
  0.0981  0.0979  0.0979  0.0972  0.0972  0.0973  0.0970  0.0964  0.0964  0.0963  0.0948  0.0948
  0.0979  0.0983  0.0985  0.0972  0.0975  0.0972  0.0965  0.0966  0.0969  0.0985  0.0949  0.0952
  0.0979  0.0988  0.0992  0.0974  0.0983  0.0983  0.0965  0.0975  0.0975  0.1012  0.0952  0.0961
  0.0981  0.0992  0.0999  0.0983  0.0998  0.1001  0.0968  0.0989  0.0984  0.1044  0.0958  0.0976
niter,ni,del,rscale     7    3    5.0000    1.2000
parameter  2  1.453801 ->  0.500000 qaram    1.1500
parameters
   -0.5370   36.8659    1.7664   -0.3055    1.7876    1.2344
    7.1184   -5.3778   -4.6659   -1.4456    7.3583   -6.3930
eta,q 0.90667 24.98212
  0.0965  0.0934  0.0957  0.0951  0.0977  0.0997  0.0964  0.0970  0.0945  0.0950  0.0948  0.0950
  0.0956  0.0935  0.0946  0.0943  0.0958  0.0977  0.0950  0.0951  0.0938  0.0940  0.0940  0.0942
  0.0950  0.0940  0.0939  0.0938  0.0942  0.0952  0.0941  0.0938  0.0935  0.0934  0.0936  0.0936
  0.0948  0.0948  0.0936  0.0936  0.0936  0.0937  0.0936  0.0935  0.0935  0.0935  0.0933  0.0933
  0.0949  0.0956  0.0938  0.0938  0.0940  0.0939  0.0936  0.0940  0.0938  0.0947  0.0934  0.0934
  0.0953  0.0965  0.0945  0.0945  0.0947  0.0958  0.0942  0.0953  0.0943  0.0971  0.0938  0.0939
  0.0960  0.0977  0.0954  0.0960  0.0962  0.0989  0.0952  0.0971  0.0950  0.1004  0.0945  0.0948
niter,ni,del,rscale     7    3    5.0000    1.2000
parameter  2  0.919273 ->  0.500000 qaram    1.3225
parameters
   -0.5815   35.2789    2.2569   -0.5886    2.5101    1.5551
    7.8210   -5.8641   -4.7371   -3.8959    7.4999   -5.9461
eta,q 0.90813 25.09158
  0.0951  0.0923  0.0950  0.0941  0.0961  0.0984  0.0948  0.0954  0.0936  0.0938  0.0934  0.0934
  0.0941  0.0921  0.0936  0.0930  0.0944  0.0960  0.0934  0.0934  0.0927  0.0926  0.0925  0.0927
  0.0935  0.0925  0.0926  0.0924  0.0928  0.0935  0.0925  0.0922  0.0921  0.0919  0.0921  0.0922
  0.0933  0.0933  0.0922  0.0921  0.0921  0.0921  0.0921  0.0920  0.0920  0.0920  0.0919  0.0919
  0.0936  0.0944  0.0922  0.0923  0.0925  0.0925  0.0922  0.0928  0.0922  0.0933  0.0920  0.0919
  0.0942  0.0957  0.0926  0.0931  0.0933  0.0947  0.0929  0.0943  0.0928  0.0959  0.0925  0.0923
  0.0952  0.0971  0.0935  0.0947  0.0949  0.0980  0.0941  0.0962  0.0937  0.0993  0.0932  0.0932
niter,ni,del,rscale     7    3    5.0000    1.2000
parameters
   -0.8100   33.8664    2.5920   -0.8984    2.7347    1.7898
    7.9214   -6.4183   -4.8044   -5.8640    7.7397   -5.6271
eta,q 0.90895 25.11441
  0.0937  0.0922  0.0940  0.0935  0.0947  0.0977  0.0936  0.0947  0.0929  0.0935  0.0926  0.0926
  0.0926  0.0913  0.0925  0.0922  0.0930  0.0950  0.0923  0.0925  0.0919  0.0920  0.0918  0.0918
  0.0920  0.0912  0.0916  0.0915  0.0917  0.0925  0.0915  0.0913  0.0913  0.0912  0.0912  0.0913
  0.0919  0.0919  0.0912  0.0912  0.0912  0.0912  0.0912  0.0912  0.0911  0.0911  0.0911  0.0911
  0.0923  0.0930  0.0913  0.0915  0.0917  0.0917  0.0913  0.0920  0.0913  0.0923  0.0912  0.0911
  0.0931  0.0944  0.0919  0.0924  0.0926  0.0940  0.0921  0.0936  0.0919  0.0948  0.0917  0.0916
  0.0944  0.0962  0.0928  0.0942  0.0943  0.0974  0.0935  0.0957  0.0930  0.0984  0.0924  0.0924
niter,ni,del,rscale     6    3    5.0000    1.2000
parameters
   -1.0094   33.3615    2.7267   -1.0865    2.5354    1.9936
    7.8263   -6.7501   -5.0373   -6.7519    8.0443   -5.2140
eta,q 0.90911 25.09333
  0.0932  0.0930  0.0933  0.0934  0.0938  0.0976  0.0931  0.0947  0.0925  0.0944  0.0925  0.0925
  0.0919  0.0916  0.0919  0.0921  0.0923  0.0947  0.0918  0.0924  0.0915  0.0925  0.0916  0.0917
  0.0912  0.0909  0.0911  0.0912  0.0913  0.0921  0.0911  0.0911  0.0909  0.0913  0.0911  0.0911
  0.0911  0.0910  0.0909  0.0909  0.0909  0.0909  0.0909  0.0909  0.0908  0.0908  0.0909  0.0909
  0.0915  0.0918  0.0911  0.0911  0.0914  0.0914  0.0910  0.0916  0.0911  0.0915  0.0910  0.0910
  0.0924  0.0929  0.0917  0.0921  0.0925  0.0937  0.0918  0.0932  0.0917  0.0935  0.0915  0.0914
  0.0938  0.0945  0.0928  0.0939  0.0942  0.0973  0.0933  0.0953  0.0927  0.0968  0.0922  0.0922
niter,ni,del,rscale     5    3    5.0000    1.2000
parameters
   -1.0843   33.1585    2.8044   -1.1620    2.3757    2.0808
    7.9553   -6.9816   -5.2695   -7.2243    8.2942   -4.8672
eta,q 0.90915 25.07926
  0.0933  0.0934  0.0931  0.0935  0.0937  0.0974  0.0931  0.0948  0.0924  0.0947  0.0925  0.0924
  0.0919  0.0918  0.0918  0.0921  0.0923  0.0944  0.0919  0.0925  0.0914  0.0927  0.0916  0.0916
  0.0911  0.0909  0.0911  0.0912  0.0913  0.0919  0.0911  0.0911  0.0909  0.0915  0.0910  0.0911
  0.0909  0.0909  0.0908  0.0908  0.0908  0.0908  0.0908  0.0908  0.0908  0.0908  0.0909  0.0909
  0.0912  0.0915  0.0911  0.0911  0.0913  0.0914  0.0910  0.0915  0.0910  0.0913  0.0910  0.0909
  0.0921  0.0925  0.0917  0.0920  0.0924  0.0938  0.0917  0.0931  0.0916  0.0931  0.0915  0.0914
  0.0935  0.0939  0.0928  0.0938  0.0940  0.0975  0.0931  0.0952  0.0926  0.0962  0.0922  0.0922
niter,ni,del,rscale     4    3    5.0000    1.2000
parameters
   -1.1086   33.0625    2.8482   -1.1960    2.2770    2.1051
    8.1026   -7.1430   -5.4512   -7.5165    8.4691   -4.5917
eta,q 0.90916 25.07068
  0.0934  0.0936  0.0931  0.0935  0.0937  0.0973  0.0931  0.0949  0.0924  0.0949  0.0924  0.0924
  0.0919  0.0919  0.0918  0.0921  0.0923  0.0943  0.0919  0.0926  0.0915  0.0929  0.0915  0.0916
  0.0911  0.0910  0.0910  0.0912  0.0913  0.0918  0.0911  0.0912  0.0909  0.0915  0.0910  0.0911
  0.0908  0.0909  0.0908  0.0908  0.0908  0.0908  0.0908  0.0908  0.0908  0.0908  0.0908  0.0908
  0.0912  0.0914  0.0911  0.0911  0.0913  0.0915  0.0910  0.0915  0.0910  0.0912  0.0910  0.0909
  0.0920  0.0923  0.0918  0.0920  0.0923  0.0939  0.0917  0.0930  0.0916  0.0929  0.0915  0.0914
  0.0935  0.0937  0.0928  0.0937  0.0940  0.0976  0.0931  0.0951  0.0925  0.0960  0.0923  0.0922
niter,ni,del,rscale     3    3    5.0000    1.2000
parameters
   -1.1167   33.0140    2.8686   -1.2123    2.2230    2.1007
    8.2250   -7.2549   -5.6016   -7.7069    8.6039   -4.4060
eta,q 0.90915 25.06682
  0.0934  0.0937  0.0930  0.0936  0.0938  0.0973  0.0931  0.0950  0.0924  0.0950  0.0924  0.0923
  0.0920  0.0920  0.0917  0.0921  0.0923  0.0943  0.0919  0.0926  0.0915  0.0929  0.0915  0.0916
  0.0911  0.0910  0.0910  0.0912  0.0913  0.0918  0.0911  0.0912  0.0909  0.0915  0.0910  0.0911
  0.0908  0.0908  0.0908  0.0908  0.0908  0.0908  0.0908  0.0908  0.0908  0.0908  0.0908  0.0908
  0.0911  0.0914  0.0911  0.0911  0.0912  0.0915  0.0910  0.0915  0.0910  0.0911  0.0910  0.0909
  0.0920  0.0923  0.0918  0.0920  0.0923  0.0939  0.0917  0.0930  0.0916  0.0928  0.0915  0.0914
  0.0934  0.0936  0.0928  0.0937  0.0939  0.0976  0.0931  0.0951  0.0925  0.0959  0.0923  0.0923
niter,ni,del,rscale     2    3    5.0000    1.2000
parameters
   -1.1230   32.9866    2.8758   -1.2228    2.1871    2.0917
    8.3133   -7.3351   -5.6978   -7.8333    8.6965   -4.2718
eta,q 0.90915 25.06413
  0.0934  0.0937  0.0930  0.0936  0.0938  0.0973  0.0931  0.0950  0.0924  0.0951  0.0924  0.0923
  0.0920  0.0920  0.0917  0.0921  0.0923  0.0943  0.0919  0.0927  0.0915  0.0930  0.0915  0.0916
  0.0911  0.0910  0.0910  0.0912  0.0913  0.0918  0.0911  0.0912  0.0910  0.0916  0.0910  0.0911
  0.0908  0.0908  0.0908  0.0908  0.0908  0.0908  0.0908  0.0908  0.0908  0.0908  0.0909  0.0909
  0.0911  0.0913  0.0911  0.0911  0.0912  0.0915  0.0910  0.0915  0.0910  0.0911  0.0910  0.0909
  0.0920  0.0923  0.0918  0.0920  0.0922  0.0939  0.0917  0.0930  0.0916  0.0928  0.0915  0.0914
  0.0934  0.0936  0.0929  0.0937  0.0939  0.0976  0.0931  0.0950  0.0925  0.0958  0.0923  0.0923
niter,ni,del,rscale     1    3    5.0000    1.2000
parameters
   -1.1265   32.9697    2.8792   -1.2238    2.1653    2.0795
    8.3771   -7.3932   -5.7672   -7.9185    8.7722   -4.1763
eta,q 0.90914 25.06280
  0.0935  0.0937  0.0930  0.0936  0.0938  0.0973  0.0931  0.0951  0.0925  0.0951  0.0924  0.0923
  0.0920  0.0920  0.0917  0.0921  0.0923  0.0943  0.0919  0.0927  0.0915  0.0930  0.0915  0.0915
  0.0911  0.0910  0.0910  0.0912  0.0913  0.0918  0.0911  0.0913  0.0910  0.0916  0.0910  0.0911
  0.0909  0.0908  0.0908  0.0908  0.0908  0.0908  0.0908  0.0908  0.0908  0.0908  0.0909  0.0909
  0.0912  0.0913  0.0911  0.0911  0.0912  0.0915  0.0910  0.0915  0.0910  0.0911  0.0910  0.0910
  0.0920  0.0922  0.0918  0.0920  0.0922  0.0940  0.0918  0.0930  0.0916  0.0927  0.0915  0.0914
  0.0935  0.0935  0.0929  0.0937  0.0939  0.0976  0.0931  0.0950  0.0925  0.0958  0.0923  0.0923
registration optimization eta report
parameter search radius
    2.7600    3.1740    2.7600    7.2000    7.2000    7.2000
    8.2800    7.2000    7.2000    8.2800    7.2000    7.2000
100000*second partial in parameter space
       34.       28.       27.        5.        6.       13.
        3.        8.        3.        7.        3.        3.
  0.0935  0.0937  0.0930  0.0936  0.0938  0.0973  0.0931  0.0951  0.0925  0.0951  0.0924  0.0923
  0.0920  0.0920  0.0917  0.0921  0.0923  0.0943  0.0919  0.0927  0.0915  0.0930  0.0915  0.0915
  0.0911  0.0910  0.0910  0.0912  0.0913  0.0918  0.0911  0.0913  0.0910  0.0916  0.0910  0.0911
  0.0909  0.0908  0.0908  0.0908  0.0908  0.0908  0.0908  0.0908  0.0908  0.0908  0.0909  0.0909
  0.0912  0.0913  0.0911  0.0911  0.0912  0.0915  0.0910  0.0915  0.0910  0.0911  0.0910  0.0910
  0.0920  0.0922  0.0918  0.0920  0.0922  0.0940  0.0918  0.0930  0.0916  0.0927  0.0915  0.0914
  0.0935  0.0935  0.0929  0.0937  0.0939  0.0976  0.0931  0.0950  0.0925  0.0958  0.0923  0.0923
   -1.1265   32.9697    2.8792   -1.2238    2.1653    2.0795
    8.3771   -7.3932   -5.7672   -7.9185    8.7722   -4.1763
eta,q 0.90914 25.06280

---------------------------------------------------------------------
imgreg_4dfp /opt/freesurfer/average/3T18yoSchwartzReactN32_as_orig /opt/freesurfer/average/711-2B_as_mni_average_305_mask talsrcimg_g11 none talsrcimg_to_3T18yoSchwartzReactN32_as_orig_t4 2311
---------------------------------------------------------------------

freesurfer imgreg_4dfp.c
/opt/freesurfer/average/3T18yoSchwartzReactN32_as_orig.4dfp.img
       256       256       256         1
  1.000000  1.000000  1.000000
orientation T byte_order littleendian
Reading image: /opt/freesurfer/average/3T18yoSchwartzReactN32_as_orig.4dfp.img
dimensions:      256       256       256
mmppix:       1.0000   -1.0000   -1.0000
center:     128.0000 -129.0000 -129.0000
/opt/freesurfer/average/711-2B_as_mni_average_305_mask.4dfp.img
       256       256       256         1
  1.000000  1.000000  1.000000
orientation T byte_order littleendian
Reading mask: /opt/freesurfer/average/711-2B_as_mni_average_305_mask.4dfp.img (2306576 pixels)
talsrcimg_g11.4dfp.img
       320       320       320         1
  0.800000  0.800000  0.800000
orientation T byte_order littleendian
Reading image: talsrcimg_g11.4dfp.img
dimensions:      320       320       320
mmppix:       0.8000   -0.8000   -0.8000
center:     128.0000 -128.8000 -128.8000
fimgreg.f
image alignment mode   2311 decimal      907 hex
parameters
   -1.1265   32.9697    2.8792   -1.2238    2.1653    2.0795
    8.3771   -7.3932   -5.7672   -7.9185    8.7722   -4.1763
eta,q 0.90914 25.06282
niter,ni,del,rscale     5    3    5.0000    0.8000
parameters
   -1.1429   32.7562    2.8327   -1.0739    2.2259    2.1495
    8.6737   -7.5918   -5.8376   -7.7206    8.9531   -4.4597
eta,q 0.90921 25.07981
  0.0917  0.0914  0.0915  0.0921  0.0922  0.0943  0.0916  0.0927  0.0915  0.0925  0.0915  0.0914
  0.0912  0.0910  0.0911  0.0914  0.0916  0.0924  0.0912  0.0916  0.0911  0.0917  0.0911  0.0911
  0.0909  0.0908  0.0909  0.0910  0.0911  0.0912  0.0909  0.0910  0.0909  0.0911  0.0909  0.0909
  0.0909  0.0909  0.0908  0.0908  0.0908  0.0908  0.0908  0.0908  0.0908  0.0908  0.0908  0.0908
  0.0910  0.0910  0.0909  0.0909  0.0910  0.0911  0.0908  0.0911  0.0909  0.0909  0.0909  0.0909
  0.0913  0.0913  0.0912  0.0913  0.0915  0.0922  0.0911  0.0919  0.0912  0.0914  0.0911  0.0911
  0.0917  0.0918  0.0915  0.0920  0.0922  0.0942  0.0915  0.0930  0.0916  0.0924  0.0914  0.0916
niter,ni,del,rscale     4    3    5.0000    0.7000
parameters
   -1.1575   32.7637    2.8381   -1.1439    2.2359    2.1924
    8.8411   -7.7085   -5.9380   -7.4900    9.0654   -4.6882
eta,q 0.90922 25.08007
  0.0915  0.0914  0.0913  0.0917  0.0919  0.0934  0.0914  0.0923  0.0913  0.0921  0.0913  0.0912
  0.0911  0.0911  0.0910  0.0912  0.0914  0.0920  0.0911  0.0914  0.0910  0.0915  0.0910  0.0910
  0.0909  0.0908  0.0908  0.0909  0.0910  0.0911  0.0909  0.0909  0.0908  0.0910  0.0908  0.0908
  0.0908  0.0908  0.0908  0.0908  0.0908  0.0908  0.0908  0.0908  0.0908  0.0908  0.0908  0.0908
  0.0909  0.0909  0.0909  0.0909  0.0909  0.0910  0.0908  0.0910  0.0909  0.0908  0.0908  0.0908
  0.0911  0.0911  0.0910  0.0912  0.0914  0.0919  0.0910  0.0916  0.0911  0.0912  0.0910  0.0910
  0.0915  0.0914  0.0913  0.0918  0.0920  0.0934  0.0913  0.0925  0.0914  0.0920  0.0913  0.0914
niter,ni,del,rscale     3    3    5.0000    0.6000
parameters
   -1.1526   32.7871    2.8282   -1.1910    2.2470    2.2049
    9.0139   -7.7832   -6.0001   -7.2632    9.1578   -4.8672
eta,q 0.90924 25.07944
  0.0913  0.0913  0.0912  0.0915  0.0917  0.0927  0.0912  0.0919  0.0912  0.0918  0.0912  0.0911
  0.0910  0.0910  0.0909  0.0911  0.0912  0.0916  0.0910  0.0913  0.0909  0.0913  0.0909  0.0909
  0.0908  0.0908  0.0908  0.0909  0.0909  0.0910  0.0908  0.0909  0.0908  0.0910  0.0908  0.0908
  0.0908  0.0908  0.0908  0.0908  0.0908  0.0908  0.0908  0.0908  0.0908  0.0908  0.0908  0.0908
  0.0908  0.0908  0.0908  0.0909  0.0909  0.0909  0.0908  0.0909  0.0908  0.0908  0.0908  0.0908
  0.0910  0.0910  0.0910  0.0911  0.0912  0.0916  0.0909  0.0913  0.0910  0.0911  0.0909  0.0910
  0.0913  0.0912  0.0912  0.0915  0.0917  0.0927  0.0912  0.0920  0.0912  0.0916  0.0911  0.0912
niter,ni,del,rscale     2    3    5.0000    0.5000
parameters
   -1.1460   32.8230    2.8116   -1.1956    2.2533    2.2035
    9.1312   -7.8184   -6.0304   -7.0711    9.1980   -5.0324
eta,q 0.90926 25.07963
  0.0911  0.0911  0.0910  0.0913  0.0914  0.0921  0.0911  0.0916  0.0910  0.0915  0.0910  0.0910
  0.0909  0.0909  0.0909  0.0910  0.0911  0.0913  0.0909  0.0911  0.0909  0.0911  0.0909  0.0909
  0.0908  0.0908  0.0908  0.0908  0.0908  0.0909  0.0908  0.0908  0.0908  0.0909  0.0908  0.0908
  0.0908  0.0908  0.0908  0.0908  0.0908  0.0908  0.0908  0.0908  0.0908  0.0908  0.0907  0.0907
  0.0908  0.0908  0.0908  0.0908  0.0908  0.0909  0.0908  0.0909  0.0908  0.0908  0.0908  0.0908
  0.0909  0.0909  0.0909  0.0910  0.0911  0.0913  0.0909  0.0911  0.0909  0.0910  0.0909  0.0909
  0.0911  0.0911  0.0910  0.0913  0.0914  0.0921  0.0910  0.0916  0.0910  0.0914  0.0910  0.0911
niter,ni,del,rscale     1    3    5.0000    0.4000
parameters
   -1.1433   32.8600    2.7901   -1.1912    2.2429    2.1972
    9.2082   -7.8326   -6.0274   -6.8687    9.2454   -5.1962
eta,q 0.90926 25.07628
  0.0910  0.0910  0.0909  0.0911  0.0912  0.0916  0.0909  0.0913  0.0909  0.0912  0.0909  0.0909
  0.0908  0.0909  0.0908  0.0909  0.0910  0.0911  0.0908  0.0910  0.0908  0.0910  0.0908  0.0908
  0.0908  0.0908  0.0908  0.0908  0.0908  0.0908  0.0908  0.0908  0.0908  0.0908  0.0908  0.0908
  0.0907  0.0907  0.0907  0.0907  0.0907  0.0907  0.0907  0.0907  0.0907  0.0907  0.0907  0.0907
  0.0908  0.0908  0.0908  0.0908  0.0908  0.0908  0.0908  0.0908  0.0908  0.0908  0.0908  0.0908
  0.0908  0.0908  0.0908  0.0909  0.0910  0.0911  0.0908  0.0910  0.0908  0.0909  0.0908  0.0908
  0.0910  0.0909  0.0909  0.0911  0.0912  0.0916  0.0909  0.0913  0.0909  0.0911  0.0909  0.0910
registration optimization eta report
parameter search radius
    0.8000    0.8000    0.8000    2.4000    2.4000    2.4000
    2.4000    2.4000    2.4000    2.4000    2.4000    2.4000
100000*second partial in parameter space
       37.       32.       27.        6.        8.       15.
        3.        9.        3.        7.        3.        3.
  0.0910  0.0910  0.0909  0.0911  0.0912  0.0916  0.0909  0.0913  0.0909  0.0912  0.0909  0.0909
  0.0908  0.0909  0.0908  0.0909  0.0910  0.0911  0.0908  0.0910  0.0908  0.0910  0.0908  0.0908
  0.0908  0.0908  0.0908  0.0908  0.0908  0.0908  0.0908  0.0908  0.0908  0.0908  0.0908  0.0908
  0.0907  0.0907  0.0907  0.0907  0.0907  0.0907  0.0907  0.0907  0.0907  0.0907  0.0907  0.0907
  0.0908  0.0908  0.0908  0.0908  0.0908  0.0908  0.0908  0.0908  0.0908  0.0908  0.0908  0.0908
  0.0908  0.0908  0.0908  0.0909  0.0910  0.0911  0.0908  0.0910  0.0908  0.0909  0.0908  0.0908
  0.0910  0.0909  0.0909  0.0911  0.0912  0.0916  0.0909  0.0913  0.0909  0.0911  0.0909  0.0910
   -1.1433   32.8600    2.7901   -1.1912    2.2429    2.1972
    9.2082   -7.8326   -6.0274   -6.8687    9.2454   -5.1962
eta,q 0.90926 25.07628

---------------------------------------------------------------------
imgreg_4dfp /opt/freesurfer/average/3T18yoSchwartzReactN32_as_orig /opt/freesurfer/average/711-2B_as_mni_average_305_mask talsrcimg_g11 none talsrcimg_to_3T18yoSchwartzReactN32_as_orig_t4 2311
---------------------------------------------------------------------

freesurfer imgreg_4dfp.c
/opt/freesurfer/average/3T18yoSchwartzReactN32_as_orig.4dfp.img
       256       256       256         1
  1.000000  1.000000  1.000000
orientation T byte_order littleendian
Reading image: /opt/freesurfer/average/3T18yoSchwartzReactN32_as_orig.4dfp.img
dimensions:      256       256       256
mmppix:       1.0000   -1.0000   -1.0000
center:     128.0000 -129.0000 -129.0000
/opt/freesurfer/average/711-2B_as_mni_average_305_mask.4dfp.img
       256       256       256         1
  1.000000  1.000000  1.000000
orientation T byte_order littleendian
Reading mask: /opt/freesurfer/average/711-2B_as_mni_average_305_mask.4dfp.img (2306576 pixels)
talsrcimg_g11.4dfp.img
       320       320       320         1
  0.800000  0.800000  0.800000
orientation T byte_order littleendian
Reading image: talsrcimg_g11.4dfp.img
dimensions:      320       320       320
mmppix:       0.8000   -0.8000   -0.8000
center:     128.0000 -128.8000 -128.8000
fimgreg.f
image alignment mode   2311 decimal      907 hex
parameters
   -1.1433   32.8600    2.7901   -1.1912    2.2429    2.1972
    9.2082   -7.8326   -6.0274   -6.8687    9.2454   -5.1962
eta,q 0.90926 25.07630
niter,ni,del,rscale     5    3    5.0000    0.8000
parameters
   -1.1324   32.9583    2.8020   -1.2879    2.1848    2.1921
    9.0528   -7.7899   -6.0240   -6.9753    9.1856   -5.0778
eta,q 0.90925 25.06712
  0.0917  0.0917  0.0915  0.0920  0.0921  0.0941  0.0914  0.0929  0.0915  0.0922  0.0914  0.0915
  0.0912  0.0912  0.0911  0.0913  0.0915  0.0923  0.0911  0.0917  0.0911  0.0915  0.0910  0.0911
  0.0908  0.0908  0.0908  0.0909  0.0910  0.0911  0.0908  0.0910  0.0908  0.0910  0.0908  0.0909
  0.0907  0.0907  0.0907  0.0907  0.0907  0.0907  0.0907  0.0907  0.0907  0.0907  0.0908  0.0908
  0.0908  0.0908  0.0908  0.0909  0.0910  0.0911  0.0908  0.0910  0.0908  0.0909  0.0908  0.0908
  0.0912  0.0911  0.0911  0.0914  0.0915  0.0922  0.0911  0.0917  0.0911  0.0915  0.0911  0.0910
  0.0917  0.0914  0.0914  0.0921  0.0922  0.0942  0.0916  0.0928  0.0915  0.0925  0.0914  0.0914
niter,ni,del,rscale     4    3    5.0000    0.7000
parameters
   -1.1296   32.9285    2.7899   -1.2399    2.1954    2.1898
    9.0811   -7.7837   -6.0254   -6.9819    9.1813   -5.0823
eta,q 0.90925 25.07054
  0.0915  0.0913  0.0913  0.0918  0.0919  0.0934  0.0913  0.0924  0.0913  0.0920  0.0913  0.0913
  0.0911  0.0910  0.0910  0.0912  0.0914  0.0919  0.0910  0.0915  0.0910  0.0914  0.0910  0.0910
  0.0908  0.0908  0.0908  0.0909  0.0909  0.0910  0.0908  0.0909  0.0908  0.0910  0.0908  0.0908
  0.0907  0.0908  0.0907  0.0907  0.0907  0.0907  0.0907  0.0907  0.0907  0.0907  0.0907  0.0907
  0.0908  0.0908  0.0908  0.0908  0.0909  0.0910  0.0908  0.0909  0.0908  0.0908  0.0908  0.0908
  0.0911  0.0911  0.0910  0.0912  0.0913  0.0919  0.0910  0.0915  0.0910  0.0913  0.0910  0.0910
  0.0915  0.0914  0.0913  0.0917  0.0919  0.0934  0.0913  0.0923  0.0913  0.0921  0.0913  0.0913
niter,ni,del,rscale     3    3    5.0000    0.6000
parameters
   -1.1294   32.9109    2.7801   -1.2187    2.2177    2.1880
    9.1227   -7.8016   -6.0176   -6.9174    9.1963   -5.1539
eta,q 0.90926 25.07353
  0.0913  0.0912  0.0911  0.0915  0.0917  0.0927  0.0912  0.0919  0.0912  0.0917  0.0911  0.0911
  0.0910  0.0909  0.0909  0.0911  0.0912  0.0916  0.0909  0.0913  0.0909  0.0912  0.0909  0.0909
  0.0908  0.0908  0.0908  0.0908  0.0909  0.0910  0.0908  0.0909  0.0908  0.0909  0.0908  0.0908
  0.0908  0.0908  0.0907  0.0907  0.0907  0.0907  0.0907  0.0907  0.0907  0.0907  0.0907  0.0907
  0.0908  0.0908  0.0908  0.0908  0.0909  0.0909  0.0908  0.0909  0.0908  0.0908  0.0908  0.0908
  0.0910  0.0910  0.0909  0.0911  0.0912  0.0916  0.0909  0.0913  0.0909  0.0911  0.0909  0.0909
  0.0913  0.0912  0.0911  0.0915  0.0917  0.0927  0.0912  0.0919  0.0912  0.0917  0.0911  0.0912
niter,ni,del,rscale     2    3    5.0000    0.5000
parameters
   -1.1340   32.9122    2.7754   -1.1966    2.2255    2.1921
    9.1721   -7.8114   -6.0193   -6.8139    9.2041   -5.2389
eta,q 0.90926 25.07421
  0.0911  0.0911  0.0910  0.0913  0.0914  0.0921  0.0910  0.0916  0.0910  0.0914  0.0910  0.0910
  0.0909  0.0909  0.0909  0.0910  0.0911  0.0913  0.0909  0.0911  0.0909  0.0911  0.0909  0.0909
  0.0908  0.0908  0.0908  0.0908  0.0908  0.0909  0.0908  0.0908  0.0908  0.0909  0.0908  0.0908
  0.0907  0.0907  0.0907  0.0907  0.0907  0.0907  0.0907  0.0907  0.0907  0.0907  0.0907  0.0907
  0.0908  0.0908  0.0908  0.0908  0.0908  0.0909  0.0908  0.0908  0.0908  0.0908  0.0908  0.0908
  0.0909  0.0909  0.0909  0.0910  0.0911  0.0913  0.0909  0.0911  0.0909  0.0910  0.0909  0.0909
  0.0911  0.0911  0.0910  0.0913  0.0914  0.0921  0.0910  0.0916  0.0910  0.0914  0.0910  0.0910
niter,ni,del,rscale     1    3    5.0000    0.4000
parameters
   -1.1337   32.9223    2.7673   -1.1952    2.2288    2.1955
    9.2353   -7.8178   -6.0130   -6.6793    9.2413   -5.3560
eta,q 0.90927 25.07335
  0.0910  0.0910  0.0909  0.0911  0.0912  0.0916  0.0909  0.0913  0.0909  0.0912  0.0909  0.0909
  0.0908  0.0908  0.0908  0.0909  0.0910  0.0911  0.0908  0.0910  0.0908  0.0910  0.0908  0.0908
  0.0908  0.0908  0.0908  0.0908  0.0908  0.0908  0.0908  0.0908  0.0908  0.0908  0.0908  0.0908
  0.0907  0.0907  0.0907  0.0907  0.0907  0.0907  0.0907  0.0907  0.0907  0.0907  0.0907  0.0907
  0.0908  0.0908  0.0908  0.0908  0.0908  0.0908  0.0907  0.0908  0.0908  0.0908  0.0908  0.0908
  0.0908  0.0908  0.0908  0.0909  0.0910  0.0911  0.0908  0.0910  0.0908  0.0909  0.0908  0.0908
  0.0910  0.0909  0.0909  0.0911  0.0912  0.0916  0.0909  0.0913  0.0909  0.0911  0.0909  0.0909
registration optimization eta report
parameter search radius
    0.8000    0.8000    0.8000    2.4000    2.4000    2.4000
    2.4000    2.4000    2.4000    2.4000    2.4000    2.4000
100000*second partial in parameter space
       37.       32.       27.        6.        8.       15.
        3.        9.        3.        7.        3.        3.
  0.0910  0.0910  0.0909  0.0911  0.0912  0.0916  0.0909  0.0913  0.0909  0.0912  0.0909  0.0909
  0.0908  0.0908  0.0908  0.0909  0.0910  0.0911  0.0908  0.0910  0.0908  0.0910  0.0908  0.0908
  0.0908  0.0908  0.0908  0.0908  0.0908  0.0908  0.0908  0.0908  0.0908  0.0908  0.0908  0.0908
  0.0907  0.0907  0.0907  0.0907  0.0907  0.0907  0.0907  0.0907  0.0907  0.0907  0.0907  0.0907
  0.0908  0.0908  0.0908  0.0908  0.0908  0.0908  0.0907  0.0908  0.0908  0.0908  0.0908  0.0908
  0.0908  0.0908  0.0908  0.0909  0.0910  0.0911  0.0908  0.0910  0.0908  0.0909  0.0908  0.0908
  0.0910  0.0909  0.0909  0.0911  0.0912  0.0916  0.0909  0.0913  0.0909  0.0911  0.0909  0.0909
   -1.1337   32.9223    2.7673   -1.1952    2.2288    2.1955
    9.2353   -7.8178   -6.0130   -6.6793    9.2413   -5.3560
eta,q 0.90927 25.07335

---------------------------------------------------------------------
compute_vox2vox talsrcimg talsrcimg_to_3T18yoSchwartzReactN32_as_orig_t4 /opt/freesurfer/average/3T18yoSchwartzReactN32_as_orig
---------------------------------------------------------------------

freesurfer compute_vox2vox.c
Reading: talsrcimg.4dfp.ifh
Reading: talsrcimg_to_3T18yoSchwartzReactN32_as_orig_t4
Reading: /opt/freesurfer/average/3T18yoSchwartzReactN32_as_orig.4dfp.ifh
Writing: talsrcimg_to_3T18yoSchwartzReactN32_as_orig_t4_vox2vox.txt

start time Thu Oct 5 10:52:43 UTC 2023
end		time Thu Oct 5 10:53:27 UTC 2023

mpr2mni305 success

avi2talxfm orig_nu.mgz /opt/freesurfer/average/mni305.cor.mgz talsrcimg_to_3T18yoSchwartzReactN32_as_orig_t4_vox2vox.txt transforms/talairach.auto.xfm
avi2talxfm done
mv -f /localscratch/bpinsard.41394415.0/freesurfer_crosssectional_autorecon1smriprep_skullstripautorecon2autorecon3_sub01_ses004.job/sub-01_ses-004/mri/talsrcimg_to_3T18yoSchwartzReactN32_as_orig_t4_vox2vox.txt /localscratch/bpinsard.41394415.0/freesurfer_crosssectional_autorecon1smriprep_skullstripautorecon2autorecon3_sub01_ses004.job/sub-01_ses-004/mri/transforms/talsrcimg_to_3T18yoSchwartzReactN32_as_orig_t4_vox2vox.txt
lta_convert --src orig_nu.mgz --trg /opt/freesurfer/average/mni305.cor.mgz --inxfm transforms/talairach.auto.xfm --outlta transforms/talairach.auto.xfm.lta --subject fsaverage
7.4.1

--src: orig_nu.mgz src image (geometry).
--trg: /opt/freesurfer/average/mni305.cor.mgz trg image (geometry).
--inmni: transforms/talairach.auto.xfm input MNI/XFM transform.
--outlta: transforms/talairach.auto.xfm.lta output LTA.
--s: fsaverage subject name
 LTA read, type : 1
 1.00020   0.07085  -0.08664  -0.30315;
-0.08766   0.97567   0.05904  -29.81383;
 0.05310   0.06791   0.97696  -29.39651;
 0.00000   0.00000   0.00000   1.00000;
setting subject to fsaverage
Writing  LTA to file transforms/talairach.auto.xfm.lta...
lta_convert successful.
 
 
Started at Thu Oct 5 10:52:41 UTC 2023
Ended   at Thu Oct  5 10:53:28 UTC 2023
talairach_avi done
