Log file for defect2seg
Thu Oct  5 17:03:47 UTC 2023

setenv SUBJECTS_DIR /localscratch/bpinsard.41394495.0/freesurfer_crosssectional_autorecon1smriprep_skullstripautorecon2autorecon3_sub06_ses010.job
cd /localscratch/bpinsard.41394495.0/freesurfer_crosssectional_autorecon1smriprep_skullstripautorecon2autorecon3_sub06_ses010.job/sub-06_ses-010/scripts
/opt/freesurfer/bin/defect2seg --s sub-06_ses-010 --cortex

freesurfer-linux-centos7_x86_64-7.4.1-20230613-7eb8460
defect2seg 7.4.1
Linux bc12334.int.ets1.calculquebec.ca 3.10.0-1160.99.1.el7.x86_64 #1 SMP Wed Sep 13 14:19:20 UTC 2023 x86_64 x86_64 x86_64 GNU/Linux
pid 94142
mri_label2label --label-cortex /localscratch/bpinsard.41394495.0/freesurfer_crosssectional_autorecon1smriprep_skullstripautorecon2autorecon3_sub06_ses010.job/sub-06_ses-010/surf/lh.orig.nofix /localscratch/bpinsard.41394495.0/freesurfer_crosssectional_autorecon1smriprep_skullstripautorecon2autorecon3_sub06_ses010.job/sub-06_ses-010/mri/aseg.presurf.mgz 0 /localscratch/bpinsard.41394495.0/freesurfer_crosssectional_autorecon1smriprep_skullstripautorecon2autorecon3_sub06_ses010.job/sub-06_ses-010/label/lh.nofix.cortex.label

 Generating cortex label... RemoveHipAmgy=0
 NucAccIsMedialWall=0
 mris->useRealRAS=0
23 non-cortical segments detected
only using segment with 10848 vertices
erasing segment 0 (vno[0] = 45301)
erasing segment 2 (vno[0] = 74906)
erasing segment 3 (vno[0] = 80768)
erasing segment 4 (vno[0] = 86959)
erasing segment 5 (vno[0] = 88475)
erasing segment 6 (vno[0] = 89902)
erasing segment 7 (vno[0] = 117877)
erasing segment 8 (vno[0] = 122800)
erasing segment 9 (vno[0] = 128485)
erasing segment 10 (vno[0] = 128595)
erasing segment 11 (vno[0] = 128679)
erasing segment 12 (vno[0] = 129954)
erasing segment 13 (vno[0] = 129973)
erasing segment 14 (vno[0] = 130049)
erasing segment 15 (vno[0] = 130057)
erasing segment 16 (vno[0] = 131490)
erasing segment 17 (vno[0] = 132582)
erasing segment 18 (vno[0] = 132799)
erasing segment 19 (vno[0] = 132817)
erasing segment 20 (vno[0] = 145790)
erasing segment 21 (vno[0] = 146827)
erasing segment 22 (vno[0] = 178724)
mri_label2vol --defects /localscratch/bpinsard.41394495.0/freesurfer_crosssectional_autorecon1smriprep_skullstripautorecon2autorecon3_sub06_ses010.job/sub-06_ses-010/surf/lh.orig.nofix /localscratch/bpinsard.41394495.0/freesurfer_crosssectional_autorecon1smriprep_skullstripautorecon2autorecon3_sub06_ses010.job/sub-06_ses-010/surf/lh.defect_labels /localscratch/bpinsard.41394495.0/freesurfer_crosssectional_autorecon1smriprep_skullstripautorecon2autorecon3_sub06_ses010.job/sub-06_ses-010/mri/orig.mgz 1000 0 /localscratch/bpinsard.41394495.0/freesurfer_crosssectional_autorecon1smriprep_skullstripautorecon2autorecon3_sub06_ses010.job/sub-06_ses-010/mri/surface.defects.mgz /localscratch/bpinsard.41394495.0/freesurfer_crosssectional_autorecon1smriprep_skullstripautorecon2autorecon3_sub06_ses010.job/sub-06_ses-010/label/lh.nofix.cortex.label
mri_label2vol supposed to be reproducible but seed not set
Contraining to label /localscratch/bpinsard.41394495.0/freesurfer_crosssectional_autorecon1smriprep_skullstripautorecon2autorecon3_sub06_ses010.job/sub-06_ses-010/label/lh.nofix.cortex.label
Changing input type 0 to MRI_INT
Converting defects to volume: offset=1000, merge=0
Writing to /localscratch/bpinsard.41394495.0/freesurfer_crosssectional_autorecon1smriprep_skullstripautorecon2autorecon3_sub06_ses010.job/sub-06_ses-010/mri/surface.defects.mgz
mris_defects_pointset -s /localscratch/bpinsard.41394495.0/freesurfer_crosssectional_autorecon1smriprep_skullstripautorecon2autorecon3_sub06_ses010.job/sub-06_ses-010/surf/lh.orig.nofix -d /localscratch/bpinsard.41394495.0/freesurfer_crosssectional_autorecon1smriprep_skullstripautorecon2autorecon3_sub06_ses010.job/sub-06_ses-010/surf/lh.defect_labels -o /localscratch/bpinsard.41394495.0/freesurfer_crosssectional_autorecon1smriprep_skullstripautorecon2autorecon3_sub06_ses010.job/sub-06_ses-010/surf/lh.defects.pointset --label /localscratch/bpinsard.41394495.0/freesurfer_crosssectional_autorecon1smriprep_skullstripautorecon2autorecon3_sub06_ses010.job/sub-06_ses-010/label/lh.nofix.cortex.label
Reading in surface /localscratch/bpinsard.41394495.0/freesurfer_crosssectional_autorecon1smriprep_skullstripautorecon2autorecon3_sub06_ses010.job/sub-06_ses-010/surf/lh.orig.nofix
Reading in defect segmentation /localscratch/bpinsard.41394495.0/freesurfer_crosssectional_autorecon1smriprep_skullstripautorecon2autorecon3_sub06_ses010.job/sub-06_ses-010/surf/lh.defect_labels
Reading in label /localscratch/bpinsard.41394495.0/freesurfer_crosssectional_autorecon1smriprep_skullstripautorecon2autorecon3_sub06_ses010.job/sub-06_ses-010/label/lh.nofix.cortex.label
#VMPC# mris_defects_pointset 577172
mris_defects_pointset done
mri_label2label --label-cortex /localscratch/bpinsard.41394495.0/freesurfer_crosssectional_autorecon1smriprep_skullstripautorecon2autorecon3_sub06_ses010.job/sub-06_ses-010/surf/rh.orig.nofix /localscratch/bpinsard.41394495.0/freesurfer_crosssectional_autorecon1smriprep_skullstripautorecon2autorecon3_sub06_ses010.job/sub-06_ses-010/mri/aseg.presurf.mgz 0 /localscratch/bpinsard.41394495.0/freesurfer_crosssectional_autorecon1smriprep_skullstripautorecon2autorecon3_sub06_ses010.job/sub-06_ses-010/label/rh.nofix.cortex.label

 Generating cortex label... RemoveHipAmgy=0
 NucAccIsMedialWall=0
 mris->useRealRAS=0
30 non-cortical segments detected
only using segment with 10983 vertices
erasing segment 0 (vno[0] = 14834)
erasing segment 1 (vno[0] = 50746)
erasing segment 2 (vno[0] = 68498)
erasing segment 3 (vno[0] = 68764)
erasing segment 4 (vno[0] = 70251)
erasing segment 5 (vno[0] = 70272)
erasing segment 7 (vno[0] = 71501)
erasing segment 8 (vno[0] = 73085)
erasing segment 9 (vno[0] = 85040)
erasing segment 10 (vno[0] = 103118)
erasing segment 11 (vno[0] = 104437)
erasing segment 12 (vno[0] = 104605)
erasing segment 13 (vno[0] = 105192)
erasing segment 14 (vno[0] = 116423)
erasing segment 15 (vno[0] = 117834)
erasing segment 16 (vno[0] = 125300)
erasing segment 17 (vno[0] = 129976)
erasing segment 18 (vno[0] = 132566)
erasing segment 19 (vno[0] = 133919)
erasing segment 20 (vno[0] = 135366)
erasing segment 21 (vno[0] = 135488)
erasing segment 22 (vno[0] = 135509)
erasing segment 23 (vno[0] = 135523)
erasing segment 24 (vno[0] = 138317)
erasing segment 25 (vno[0] = 140664)
erasing segment 26 (vno[0] = 140904)
erasing segment 27 (vno[0] = 176404)
erasing segment 28 (vno[0] = 177239)
erasing segment 29 (vno[0] = 178079)
mri_label2vol --defects /localscratch/bpinsard.41394495.0/freesurfer_crosssectional_autorecon1smriprep_skullstripautorecon2autorecon3_sub06_ses010.job/sub-06_ses-010/surf/rh.orig.nofix /localscratch/bpinsard.41394495.0/freesurfer_crosssectional_autorecon1smriprep_skullstripautorecon2autorecon3_sub06_ses010.job/sub-06_ses-010/surf/rh.defect_labels /localscratch/bpinsard.41394495.0/freesurfer_crosssectional_autorecon1smriprep_skullstripautorecon2autorecon3_sub06_ses010.job/sub-06_ses-010/mri/surface.defects.mgz 2000 1 /localscratch/bpinsard.41394495.0/freesurfer_crosssectional_autorecon1smriprep_skullstripautorecon2autorecon3_sub06_ses010.job/sub-06_ses-010/mri/surface.defects.mgz /localscratch/bpinsard.41394495.0/freesurfer_crosssectional_autorecon1smriprep_skullstripautorecon2autorecon3_sub06_ses010.job/sub-06_ses-010/label/rh.nofix.cortex.label
mri_label2vol supposed to be reproducible but seed not set
Contraining to label /localscratch/bpinsard.41394495.0/freesurfer_crosssectional_autorecon1smriprep_skullstripautorecon2autorecon3_sub06_ses010.job/sub-06_ses-010/label/rh.nofix.cortex.label
Converting defects to volume: offset=2000, merge=1
Writing to /localscratch/bpinsard.41394495.0/freesurfer_crosssectional_autorecon1smriprep_skullstripautorecon2autorecon3_sub06_ses010.job/sub-06_ses-010/mri/surface.defects.mgz
mris_defects_pointset -s /localscratch/bpinsard.41394495.0/freesurfer_crosssectional_autorecon1smriprep_skullstripautorecon2autorecon3_sub06_ses010.job/sub-06_ses-010/surf/rh.orig.nofix -d /localscratch/bpinsard.41394495.0/freesurfer_crosssectional_autorecon1smriprep_skullstripautorecon2autorecon3_sub06_ses010.job/sub-06_ses-010/surf/rh.defect_labels -o /localscratch/bpinsard.41394495.0/freesurfer_crosssectional_autorecon1smriprep_skullstripautorecon2autorecon3_sub06_ses010.job/sub-06_ses-010/surf/rh.defects.pointset --label /localscratch/bpinsard.41394495.0/freesurfer_crosssectional_autorecon1smriprep_skullstripautorecon2autorecon3_sub06_ses010.job/sub-06_ses-010/label/rh.nofix.cortex.label
Reading in surface /localscratch/bpinsard.41394495.0/freesurfer_crosssectional_autorecon1smriprep_skullstripautorecon2autorecon3_sub06_ses010.job/sub-06_ses-010/surf/rh.orig.nofix
Reading in defect segmentation /localscratch/bpinsard.41394495.0/freesurfer_crosssectional_autorecon1smriprep_skullstripautorecon2autorecon3_sub06_ses010.job/sub-06_ses-010/surf/rh.defect_labels
Reading in label /localscratch/bpinsard.41394495.0/freesurfer_crosssectional_autorecon1smriprep_skullstripautorecon2autorecon3_sub06_ses010.job/sub-06_ses-010/label/rh.nofix.cortex.label
#VMPC# mris_defects_pointset 583192
mris_defects_pointset done
 
Started at Thu Oct 5 17:03:47 UTC 2023 
Ended   at Thu Oct  5 17:04:59 UTC 2023
Defect2seg-Run-Time-Sec 72
Defect2seg-Run-Time-Min 1.44
Defect2seg-Run-Time-Hours 0.02
 
defect2seg Done
