status file for recon-all
Thu Oct  5 12:48:17 UTC 2023
#@# MotionCor Thu Oct  5 12:48:23 UTC 2023
#@# Talairach Thu Oct  5 12:48:37 UTC 2023
#@# Talairach Failure Detection Thu Oct  5 12:58:02 UTC 2023
#@# Nu Intensity Correction Thu Oct  5 12:58:02 UTC 2023
#@# Intensity Normalization Thu Oct  5 13:07:28 UTC 2023
#@# Skull Stripping Thu Oct  5 13:13:19 UTC 2023
recon-all -s sub-06_ses-010 finished without error at Thu Oct  5 13:18:37 UTC 2023



#New# invocation of recon-all 



status file for recon-all
Thu Oct  5 13:43:19 UTC 2023
#@# EM Registration Thu Oct  5 13:43:19 UTC 2023
#@# CA Normalize Thu Oct  5 13:47:08 UTC 2023
#@# CA Reg Thu Oct  5 13:50:25 UTC 2023
#@# SubCort Seg Thu Oct  5 15:08:49 UTC 2023
#@# CC Seg Thu Oct  5 16:36:23 UTC 2023
#@# Merge ASeg Thu Oct  5 16:37:45 UTC 2023
#@# Intensity Normalization2 Thu Oct  5 16:37:45 UTC 2023
#@# Mask BFS Thu Oct  5 16:44:50 UTC 2023
#@# WM Segmentation Thu Oct  5 16:44:52 UTC 2023
#@# Fill Thu Oct  5 16:52:06 UTC 2023
#@# Tessellate lh Thu Oct  5 16:54:40 UTC 2023
#@# Tessellate rh Thu Oct  5 16:54:50 UTC 2023
#@# Smooth1 lh Thu Oct  5 16:54:59 UTC 2023
#@# Smooth1 rh Thu Oct  5 16:55:04 UTC 2023
#@# Inflation1 lh Thu Oct  5 16:55:09 UTC 2023
#@# Inflation1 rh Thu Oct  5 16:55:30 UTC 2023
#@# QSphere lh Thu Oct  5 16:55:51 UTC 2023
#@# QSphere rh Thu Oct  5 16:58:26 UTC 2023
#@# Fix Topology lh Thu Oct  5 17:00:50 UTC 2023
#@# Fix Topology rh Thu Oct  5 17:01:45 UTC 2023
#@# Smooth2 lh Thu Oct  5 17:18:18 UTC 2023
#@# Smooth2 rh Thu Oct  5 17:18:23 UTC 2023
#@# Inflation2 lh Thu Oct  5 17:18:29 UTC 2023
#@# Inflation2 rh Thu Oct  5 17:18:54 UTC 2023
#@# Curv .H and .K lh Thu Oct  5 17:19:17 UTC 2023
#@# Curv .H and .K rh Thu Oct  5 17:20:53 UTC 2023
recon-all -s sub-06_ses-010 finished without error at Thu Oct  5 17:22:34 UTC 2023
