status file for recon-all
Fri Oct 13 19:53:10 UTC 2023
#@# MotionCor Fri Oct 13 19:53:53 UTC 2023
#@# Talairach Fri Oct 13 19:53:53 UTC 2023
#@# Talairach Failure Detection Fri Oct 13 19:53:55 UTC 2023
#@# Nu Intensity Correction Fri Oct 13 19:53:55 UTC 2023
#@# Intensity Normalization Fri Oct 13 20:03:40 UTC 2023
#@# Skull Stripping Fri Oct 13 20:18:42 UTC 2023
#@# EM Registration Fri Oct 13 20:18:49 UTC 2023
#@# CA Normalize Fri Oct 13 20:18:49 UTC 2023
#@# CA Reg Fri Oct 13 20:23:01 UTC 2023
#@# SubCort Seg Fri Oct 13 20:49:54 UTC 2023
#@# CC Seg Fri Oct 13 21:03:55 UTC 2023
#@# Merge ASeg Fri Oct 13 21:05:19 UTC 2023
#@# Intensity Normalization2 Fri Oct 13 21:05:19 UTC 2023
#@# Mask BFS Fri Oct 13 21:13:17 UTC 2023
#@# WM Segmentation Fri Oct 13 21:13:25 UTC 2023
#@# Smooth2 lh Fri Oct 13 21:35:41 UTC 2023
#@# Smooth2 rh Fri Oct 13 21:35:49 UTC 2023
#@# Inflation2 lh Fri Oct 13 21:35:57 UTC 2023
#@# Inflation2 rh Fri Oct 13 21:36:34 UTC 2023
#@# Curv .H and .K lh Fri Oct 13 21:37:13 UTC 2023
#@# Curv .H and .K rh Fri Oct 13 21:39:17 UTC 2023
#@# Sphere lh Fri Oct 13 21:41:22 UTC 2023
#@# Sphere rh Fri Oct 13 21:41:22 UTC 2023
#@# Surf Reg lh Fri Oct 13 21:41:22 UTC 2023
#@# Surf Reg rh Fri Oct 13 21:46:49 UTC 2023
#@# Jacobian white lh Fri Oct 13 21:52:27 UTC 2023
#@# Jacobian white rh Fri Oct 13 21:52:29 UTC 2023
#@# AvgCurv lh Fri Oct 13 21:52:32 UTC 2023
#@# AvgCurv rh Fri Oct 13 21:52:34 UTC 2023
#@# Cortical Parc lh Fri Oct 13 21:52:37 UTC 2023
#@# Cortical Parc rh Fri Oct 13 21:52:59 UTC 2023
#@# white curv lh Fri Oct 13 22:15:47 UTC 2023
#@# white area lh Fri Oct 13 22:15:52 UTC 2023
#@# pial curv lh Fri Oct 13 22:15:54 UTC 2023
#@# pial area lh Fri Oct 13 22:15:58 UTC 2023
#@# thickness lh Fri Oct 13 22:16:00 UTC 2023
#@# area and vertex vol lh Fri Oct 13 22:17:27 UTC 2023
#@# white curv rh Fri Oct 13 22:17:32 UTC 2023
#@# white area rh Fri Oct 13 22:17:37 UTC 2023
#@# pial curv rh Fri Oct 13 22:17:39 UTC 2023
#@# pial area rh Fri Oct 13 22:17:44 UTC 2023
#@# thickness rh Fri Oct 13 22:17:46 UTC 2023
#@# area and vertex vol rh Fri Oct 13 22:19:14 UTC 2023
#@# Curvature Stats lh Fri Oct 13 22:19:19 UTC 2023
#@# Curvature Stats rh Fri Oct 13 22:19:26 UTC 2023
#@# Cortical ribbon mask Fri Oct 13 22:19:33 UTC 2023
#@# Cortical Parc 2 lh Fri Oct 13 23:03:15 UTC 2023
#@# Cortical Parc 2 rh Fri Oct 13 23:03:42 UTC 2023
#@# Cortical Parc 3 lh Fri Oct 13 23:04:11 UTC 2023
#@# Cortical Parc 3 rh Fri Oct 13 23:04:36 UTC 2023
#@# WM/GM Contrast lh Fri Oct 13 23:04:59 UTC 2023
#@# WM/GM Contrast rh Fri Oct 13 23:05:09 UTC 2023
#@# Relabel Hypointensities Fri Oct 13 23:05:19 UTC 2023
#@# APas-to-ASeg Fri Oct 13 23:06:16 UTC 2023
#@# AParc-to-ASeg aparc Fri Oct 13 23:06:57 UTC 2023
#@# AParc-to-ASeg aparc.a2009s Fri Oct 13 23:12:50 UTC 2023
#@# AParc-to-ASeg aparc.DKTatlas Fri Oct 13 23:19:28 UTC 2023
#@# WMParc Fri Oct 13 23:25:57 UTC 2023
#@# Parcellation Stats lh Fri Oct 13 23:35:01 UTC 2023
#@# Parcellation Stats rh Fri Oct 13 23:36:52 UTC 2023
#@# Parcellation Stats 2 lh Fri Oct 13 23:38:47 UTC 2023
#@# Parcellation Stats 2 rh Fri Oct 13 23:39:47 UTC 2023
#@# Parcellation Stats 3 lh Fri Oct 13 23:40:48 UTC 2023
#@# Parcellation Stats 3 rh Fri Oct 13 23:41:45 UTC 2023
#@# ASeg Stats Fri Oct 13 23:42:41 UTC 2023
#@# BA_exvivo Labels lh Fri Oct 13 23:44:36 UTC 2023
#@# BA_exvivo Labels rh Fri Oct 13 23:52:25 UTC 2023
recon-all -s sub-03_ses-008.long.sub-03 finished without error at Sat Oct 14 00:00:27 UTC 2023
