Log file for longmc
Fri Oct 13 15:50:55 UTC 2023

setenv SUBJECTS_DIR /localscratch/bpinsard.41537205.0/freesurfer_longitudinal_autoreconall_sub03.job
cd /localscratch/bpinsard.41537205.0/freesurfer_longitudinal_autoreconall_sub03.job/sub-03_ses-007.long.sub-03
/opt/freesurfer/bin/longmc -long sub-03_ses-007 sub-03 -s sub-03_ses-007.long.sub-03

freesurfer-linux-centos7_x86_64-7.4.1-20230613-7eb8460
longmc 7.4.1
Linux bc12315.int.ets1.calculquebec.ca 3.10.0-1160.90.1.el7.x86_64 #1 SMP Thu May 4 15:21:22 UTC 2023 x86_64 x86_64 x86_64 GNU/Linux
pid 124442

 mri_convert -at /localscratch/bpinsard.41537205.0/freesurfer_longitudinal_autoreconall_sub03.job/sub-03/mri/transforms/sub-03_ses-007_to_sub-03.lta -odt uchar -rt cubic /localscratch/bpinsard.41537205.0/freesurfer_longitudinal_autoreconall_sub03.job/sub-03_ses-007/mri/orig/001.mgz /localscratch/bpinsard.41537205.0/freesurfer_longitudinal_autoreconall_sub03.job/sub-03_ses-007.long.sub-03/mri/orig.mgz 

mri_convert -at /localscratch/bpinsard.41537205.0/freesurfer_longitudinal_autoreconall_sub03.job/sub-03/mri/transforms/sub-03_ses-007_to_sub-03.lta -odt uchar -rt cubic /localscratch/bpinsard.41537205.0/freesurfer_longitudinal_autoreconall_sub03.job/sub-03_ses-007/mri/orig/001.mgz /localscratch/bpinsard.41537205.0/freesurfer_longitudinal_autoreconall_sub03.job/sub-03_ses-007.long.sub-03/mri/orig.mgz 
reading from /localscratch/bpinsard.41537205.0/freesurfer_longitudinal_autoreconall_sub03.job/sub-03_ses-007/mri/orig/001.mgz...
TR=0.00, TE=0.00, TI=0.00, flip angle=0.00
i_ras = (1, 0, 0)
j_ras = (0, 1, 0)
k_ras = (0, 0, 1)
INFO: Reading transformation from file /localscratch/bpinsard.41537205.0/freesurfer_longitudinal_autoreconall_sub03.job/sub-03/mri/transforms/sub-03_ses-007_to_sub-03.lta...
Reading transform with LTAreadEx()
INFO: Applying transformation from file /localscratch/bpinsard.41537205.0/freesurfer_longitudinal_autoreconall_sub03.job/sub-03/mri/transforms/sub-03_ses-007_to_sub-03.lta...
---------------------------------
INFO: Transform Matrix (linear_ras_to_ras)
 0.99997  -0.00194   0.00742  -0.38992;
 0.00219   0.99944  -0.03349   0.42741;
-0.00735   0.03350   0.99941   10.14479;
 0.00000   0.00000   0.00000   1.00000;
---------------------------------
Applying LTAtransformInterp (resample_type 5)
MRItoBSpline degree 3
changing data type from float to uchar (noscale = 0)...
MRIchangeType: Building histogram 0 10944.7 1000, flo=0, fhi=0.999, dest_type=0
writing to /localscratch/bpinsard.41537205.0/freesurfer_longitudinal_autoreconall_sub03.job/sub-03_ses-007.long.sub-03/mri/orig.mgz...

 mri_convert -at /localscratch/bpinsard.41537205.0/freesurfer_longitudinal_autoreconall_sub03.job/sub-03/mri/transforms/sub-03_ses-007_to_sub-03.lta -rt cubic /localscratch/bpinsard.41537205.0/freesurfer_longitudinal_autoreconall_sub03.job/sub-03_ses-007/mri/orig/001.mgz /localscratch/bpinsard.41537205.0/freesurfer_longitudinal_autoreconall_sub03.job/sub-03_ses-007.long.sub-03/mri/rawavg.mgz 

mri_convert -at /localscratch/bpinsard.41537205.0/freesurfer_longitudinal_autoreconall_sub03.job/sub-03/mri/transforms/sub-03_ses-007_to_sub-03.lta -rt cubic /localscratch/bpinsard.41537205.0/freesurfer_longitudinal_autoreconall_sub03.job/sub-03_ses-007/mri/orig/001.mgz /localscratch/bpinsard.41537205.0/freesurfer_longitudinal_autoreconall_sub03.job/sub-03_ses-007.long.sub-03/mri/rawavg.mgz 
reading from /localscratch/bpinsard.41537205.0/freesurfer_longitudinal_autoreconall_sub03.job/sub-03_ses-007/mri/orig/001.mgz...
TR=0.00, TE=0.00, TI=0.00, flip angle=0.00
i_ras = (1, 0, 0)
j_ras = (0, 1, 0)
k_ras = (0, 0, 1)
INFO: Reading transformation from file /localscratch/bpinsard.41537205.0/freesurfer_longitudinal_autoreconall_sub03.job/sub-03/mri/transforms/sub-03_ses-007_to_sub-03.lta...
Reading transform with LTAreadEx()
INFO: Applying transformation from file /localscratch/bpinsard.41537205.0/freesurfer_longitudinal_autoreconall_sub03.job/sub-03/mri/transforms/sub-03_ses-007_to_sub-03.lta...
---------------------------------
INFO: Transform Matrix (linear_ras_to_ras)
 0.99997  -0.00194   0.00742  -0.38992;
 0.00219   0.99944  -0.03349   0.42741;
-0.00735   0.03350   0.99941   10.14479;
 0.00000   0.00000   0.00000   1.00000;
---------------------------------
Applying LTAtransformInterp (resample_type 5)
MRItoBSpline degree 3
writing to /localscratch/bpinsard.41537205.0/freesurfer_longitudinal_autoreconall_sub03.job/sub-03_ses-007.long.sub-03/mri/rawavg.mgz...
 
Started at Fri Oct 13 15:50:55 UTC 2023 
Ended   at Fri Oct 13 15:51:37 UTC 2023
Longmc-Run-Time-Sec 42
Longmc-Run-Time-Min 0.84
Longmc-Run-Time-Hours 0.01
 
longmc Done
