Log file for defect2seg
Thu Oct  5 15:39:14 UTC 2023

setenv SUBJECTS_DIR /localscratch/bpinsard.41394415.0/freesurfer_crosssectional_autorecon1smriprep_skullstripautorecon2autorecon3_sub01_ses004.job
cd /localscratch/bpinsard.41394415.0/freesurfer_crosssectional_autorecon1smriprep_skullstripautorecon2autorecon3_sub01_ses004.job/sub-01_ses-004/scripts
/opt/freesurfer/bin/defect2seg --s sub-01_ses-004 --cortex

freesurfer-linux-centos7_x86_64-7.4.1-20230613-7eb8460
defect2seg 7.4.1
Linux bc21116.int.ets1.calculquebec.ca 3.10.0-1160.90.1.el7.x86_64 #1 SMP Thu May 4 15:21:22 UTC 2023 x86_64 x86_64 x86_64 GNU/Linux
pid 256887
mri_label2label --label-cortex /localscratch/bpinsard.41394415.0/freesurfer_crosssectional_autorecon1smriprep_skullstripautorecon2autorecon3_sub01_ses004.job/sub-01_ses-004/surf/lh.orig.nofix /localscratch/bpinsard.41394415.0/freesurfer_crosssectional_autorecon1smriprep_skullstripautorecon2autorecon3_sub01_ses004.job/sub-01_ses-004/mri/aseg.presurf.mgz 0 /localscratch/bpinsard.41394415.0/freesurfer_crosssectional_autorecon1smriprep_skullstripautorecon2autorecon3_sub01_ses004.job/sub-01_ses-004/label/lh.nofix.cortex.label

 Generating cortex label... RemoveHipAmgy=0
 NucAccIsMedialWall=0
 mris->useRealRAS=0
17 non-cortical segments detected
only using segment with 12054 vertices
erasing segment 1 (vno[0] = 94037)
erasing segment 2 (vno[0] = 124256)
erasing segment 3 (vno[0] = 144893)
erasing segment 4 (vno[0] = 158952)
erasing segment 5 (vno[0] = 160713)
erasing segment 6 (vno[0] = 160754)
erasing segment 7 (vno[0] = 160777)
erasing segment 8 (vno[0] = 160839)
erasing segment 9 (vno[0] = 161497)
erasing segment 10 (vno[0] = 166833)
erasing segment 11 (vno[0] = 167807)
erasing segment 12 (vno[0] = 173996)
erasing segment 13 (vno[0] = 177624)
erasing segment 14 (vno[0] = 180330)
erasing segment 15 (vno[0] = 199393)
erasing segment 16 (vno[0] = 201189)
mri_label2vol --defects /localscratch/bpinsard.41394415.0/freesurfer_crosssectional_autorecon1smriprep_skullstripautorecon2autorecon3_sub01_ses004.job/sub-01_ses-004/surf/lh.orig.nofix /localscratch/bpinsard.41394415.0/freesurfer_crosssectional_autorecon1smriprep_skullstripautorecon2autorecon3_sub01_ses004.job/sub-01_ses-004/surf/lh.defect_labels /localscratch/bpinsard.41394415.0/freesurfer_crosssectional_autorecon1smriprep_skullstripautorecon2autorecon3_sub01_ses004.job/sub-01_ses-004/mri/orig.mgz 1000 0 /localscratch/bpinsard.41394415.0/freesurfer_crosssectional_autorecon1smriprep_skullstripautorecon2autorecon3_sub01_ses004.job/sub-01_ses-004/mri/surface.defects.mgz /localscratch/bpinsard.41394415.0/freesurfer_crosssectional_autorecon1smriprep_skullstripautorecon2autorecon3_sub01_ses004.job/sub-01_ses-004/label/lh.nofix.cortex.label
mri_label2vol supposed to be reproducible but seed not set
Contraining to label /localscratch/bpinsard.41394415.0/freesurfer_crosssectional_autorecon1smriprep_skullstripautorecon2autorecon3_sub01_ses004.job/sub-01_ses-004/label/lh.nofix.cortex.label
Changing input type 0 to MRI_INT
Converting defects to volume: offset=1000, merge=0
Writing to /localscratch/bpinsard.41394415.0/freesurfer_crosssectional_autorecon1smriprep_skullstripautorecon2autorecon3_sub01_ses004.job/sub-01_ses-004/mri/surface.defects.mgz
mris_defects_pointset -s /localscratch/bpinsard.41394415.0/freesurfer_crosssectional_autorecon1smriprep_skullstripautorecon2autorecon3_sub01_ses004.job/sub-01_ses-004/surf/lh.orig.nofix -d /localscratch/bpinsard.41394415.0/freesurfer_crosssectional_autorecon1smriprep_skullstripautorecon2autorecon3_sub01_ses004.job/sub-01_ses-004/surf/lh.defect_labels -o /localscratch/bpinsard.41394415.0/freesurfer_crosssectional_autorecon1smriprep_skullstripautorecon2autorecon3_sub01_ses004.job/sub-01_ses-004/surf/lh.defects.pointset --label /localscratch/bpinsard.41394415.0/freesurfer_crosssectional_autorecon1smriprep_skullstripautorecon2autorecon3_sub01_ses004.job/sub-01_ses-004/label/lh.nofix.cortex.label
Reading in surface /localscratch/bpinsard.41394415.0/freesurfer_crosssectional_autorecon1smriprep_skullstripautorecon2autorecon3_sub01_ses004.job/sub-01_ses-004/surf/lh.orig.nofix
Reading in defect segmentation /localscratch/bpinsard.41394415.0/freesurfer_crosssectional_autorecon1smriprep_skullstripautorecon2autorecon3_sub01_ses004.job/sub-01_ses-004/surf/lh.defect_labels
Reading in label /localscratch/bpinsard.41394415.0/freesurfer_crosssectional_autorecon1smriprep_skullstripautorecon2autorecon3_sub01_ses004.job/sub-01_ses-004/label/lh.nofix.cortex.label
#VMPC# mris_defects_pointset 603608
mris_defects_pointset done
mri_label2label --label-cortex /localscratch/bpinsard.41394415.0/freesurfer_crosssectional_autorecon1smriprep_skullstripautorecon2autorecon3_sub01_ses004.job/sub-01_ses-004/surf/rh.orig.nofix /localscratch/bpinsard.41394415.0/freesurfer_crosssectional_autorecon1smriprep_skullstripautorecon2autorecon3_sub01_ses004.job/sub-01_ses-004/mri/aseg.presurf.mgz 0 /localscratch/bpinsard.41394415.0/freesurfer_crosssectional_autorecon1smriprep_skullstripautorecon2autorecon3_sub01_ses004.job/sub-01_ses-004/label/rh.nofix.cortex.label

 Generating cortex label... RemoveHipAmgy=0
 NucAccIsMedialWall=0
 mris->useRealRAS=0
31 non-cortical segments detected
only using segment with 11753 vertices
erasing segment 0 (vno[0] = 15873)
erasing segment 1 (vno[0] = 26596)
erasing segment 2 (vno[0] = 53424)
erasing segment 3 (vno[0] = 59389)
erasing segment 5 (vno[0] = 67446)
erasing segment 6 (vno[0] = 102848)
erasing segment 7 (vno[0] = 117554)
erasing segment 8 (vno[0] = 141833)
erasing segment 9 (vno[0] = 147670)
erasing segment 10 (vno[0] = 150456)
erasing segment 11 (vno[0] = 151984)
erasing segment 12 (vno[0] = 152057)
erasing segment 13 (vno[0] = 152068)
erasing segment 14 (vno[0] = 153406)
erasing segment 15 (vno[0] = 153581)
erasing segment 16 (vno[0] = 153706)
erasing segment 17 (vno[0] = 154992)
erasing segment 18 (vno[0] = 155074)
erasing segment 19 (vno[0] = 155100)
erasing segment 20 (vno[0] = 156575)
erasing segment 21 (vno[0] = 162682)
erasing segment 22 (vno[0] = 169370)
erasing segment 23 (vno[0] = 170964)
erasing segment 24 (vno[0] = 172424)
erasing segment 25 (vno[0] = 172490)
erasing segment 26 (vno[0] = 176815)
erasing segment 27 (vno[0] = 179576)
erasing segment 28 (vno[0] = 180796)
erasing segment 29 (vno[0] = 199227)
erasing segment 30 (vno[0] = 203264)
mri_label2vol --defects /localscratch/bpinsard.41394415.0/freesurfer_crosssectional_autorecon1smriprep_skullstripautorecon2autorecon3_sub01_ses004.job/sub-01_ses-004/surf/rh.orig.nofix /localscratch/bpinsard.41394415.0/freesurfer_crosssectional_autorecon1smriprep_skullstripautorecon2autorecon3_sub01_ses004.job/sub-01_ses-004/surf/rh.defect_labels /localscratch/bpinsard.41394415.0/freesurfer_crosssectional_autorecon1smriprep_skullstripautorecon2autorecon3_sub01_ses004.job/sub-01_ses-004/mri/surface.defects.mgz 2000 1 /localscratch/bpinsard.41394415.0/freesurfer_crosssectional_autorecon1smriprep_skullstripautorecon2autorecon3_sub01_ses004.job/sub-01_ses-004/mri/surface.defects.mgz /localscratch/bpinsard.41394415.0/freesurfer_crosssectional_autorecon1smriprep_skullstripautorecon2autorecon3_sub01_ses004.job/sub-01_ses-004/label/rh.nofix.cortex.label
mri_label2vol supposed to be reproducible but seed not set
Contraining to label /localscratch/bpinsard.41394415.0/freesurfer_crosssectional_autorecon1smriprep_skullstripautorecon2autorecon3_sub01_ses004.job/sub-01_ses-004/label/rh.nofix.cortex.label
Converting defects to volume: offset=2000, merge=1
Writing to /localscratch/bpinsard.41394415.0/freesurfer_crosssectional_autorecon1smriprep_skullstripautorecon2autorecon3_sub01_ses004.job/sub-01_ses-004/mri/surface.defects.mgz
mris_defects_pointset -s /localscratch/bpinsard.41394415.0/freesurfer_crosssectional_autorecon1smriprep_skullstripautorecon2autorecon3_sub01_ses004.job/sub-01_ses-004/surf/rh.orig.nofix -d /localscratch/bpinsard.41394415.0/freesurfer_crosssectional_autorecon1smriprep_skullstripautorecon2autorecon3_sub01_ses004.job/sub-01_ses-004/surf/rh.defect_labels -o /localscratch/bpinsard.41394415.0/freesurfer_crosssectional_autorecon1smriprep_skullstripautorecon2autorecon3_sub01_ses004.job/sub-01_ses-004/surf/rh.defects.pointset --label /localscratch/bpinsard.41394415.0/freesurfer_crosssectional_autorecon1smriprep_skullstripautorecon2autorecon3_sub01_ses004.job/sub-01_ses-004/label/rh.nofix.cortex.label
Reading in surface /localscratch/bpinsard.41394415.0/freesurfer_crosssectional_autorecon1smriprep_skullstripautorecon2autorecon3_sub01_ses004.job/sub-01_ses-004/surf/rh.orig.nofix
Reading in defect segmentation /localscratch/bpinsard.41394415.0/freesurfer_crosssectional_autorecon1smriprep_skullstripautorecon2autorecon3_sub01_ses004.job/sub-01_ses-004/surf/rh.defect_labels
Reading in label /localscratch/bpinsard.41394415.0/freesurfer_crosssectional_autorecon1smriprep_skullstripautorecon2autorecon3_sub01_ses004.job/sub-01_ses-004/label/rh.nofix.cortex.label
#VMPC# mris_defects_pointset 605292
mris_defects_pointset done
 
Started at Thu Oct 5 15:39:14 UTC 2023 
Ended   at Thu Oct  5 15:40:42 UTC 2023
Defect2seg-Run-Time-Sec 87
Defect2seg-Run-Time-Min 1.74
Defect2seg-Run-Time-Hours 0.02
 
defect2seg Done
