Log file for defect2seg
Thu Oct  5 17:04:55 UTC 2023

setenv SUBJECTS_DIR /localscratch/bpinsard.41394482.0/freesurfer_crosssectional_autorecon1smriprep_skullstripautorecon2autorecon3_sub05_ses009.job
cd /localscratch/bpinsard.41394482.0/freesurfer_crosssectional_autorecon1smriprep_skullstripautorecon2autorecon3_sub05_ses009.job/sub-05_ses-009/scripts
/opt/freesurfer/bin/defect2seg --s sub-05_ses-009 --cortex

freesurfer-linux-centos7_x86_64-7.4.1-20230613-7eb8460
defect2seg 7.4.1
Linux bc11946.int.ets1.calculquebec.ca 3.10.0-1160.95.1.el7.x86_64 #1 SMP Mon Jul 24 13:59:37 UTC 2023 x86_64 x86_64 x86_64 GNU/Linux
pid 158346
mri_label2label --label-cortex /localscratch/bpinsard.41394482.0/freesurfer_crosssectional_autorecon1smriprep_skullstripautorecon2autorecon3_sub05_ses009.job/sub-05_ses-009/surf/lh.orig.nofix /localscratch/bpinsard.41394482.0/freesurfer_crosssectional_autorecon1smriprep_skullstripautorecon2autorecon3_sub05_ses009.job/sub-05_ses-009/mri/aseg.presurf.mgz 0 /localscratch/bpinsard.41394482.0/freesurfer_crosssectional_autorecon1smriprep_skullstripautorecon2autorecon3_sub05_ses009.job/sub-05_ses-009/label/lh.nofix.cortex.label

 Generating cortex label... RemoveHipAmgy=0
 NucAccIsMedialWall=0
 mris->useRealRAS=0
24 non-cortical segments detected
only using segment with 11545 vertices
erasing segment 0 (vno[0] = 5106)
erasing segment 1 (vno[0] = 6843)
erasing segment 2 (vno[0] = 9671)
erasing segment 3 (vno[0] = 14439)
erasing segment 4 (vno[0] = 14597)
erasing segment 5 (vno[0] = 58803)
erasing segment 7 (vno[0] = 152070)
erasing segment 8 (vno[0] = 153455)
erasing segment 9 (vno[0] = 157332)
erasing segment 10 (vno[0] = 157342)
erasing segment 11 (vno[0] = 158528)
erasing segment 12 (vno[0] = 158553)
erasing segment 13 (vno[0] = 158592)
erasing segment 14 (vno[0] = 158673)
erasing segment 15 (vno[0] = 159703)
erasing segment 16 (vno[0] = 159786)
erasing segment 17 (vno[0] = 159805)
erasing segment 18 (vno[0] = 160890)
erasing segment 19 (vno[0] = 162112)
erasing segment 20 (vno[0] = 166488)
erasing segment 21 (vno[0] = 167054)
erasing segment 22 (vno[0] = 175097)
erasing segment 23 (vno[0] = 182315)
mri_label2vol --defects /localscratch/bpinsard.41394482.0/freesurfer_crosssectional_autorecon1smriprep_skullstripautorecon2autorecon3_sub05_ses009.job/sub-05_ses-009/surf/lh.orig.nofix /localscratch/bpinsard.41394482.0/freesurfer_crosssectional_autorecon1smriprep_skullstripautorecon2autorecon3_sub05_ses009.job/sub-05_ses-009/surf/lh.defect_labels /localscratch/bpinsard.41394482.0/freesurfer_crosssectional_autorecon1smriprep_skullstripautorecon2autorecon3_sub05_ses009.job/sub-05_ses-009/mri/orig.mgz 1000 0 /localscratch/bpinsard.41394482.0/freesurfer_crosssectional_autorecon1smriprep_skullstripautorecon2autorecon3_sub05_ses009.job/sub-05_ses-009/mri/surface.defects.mgz /localscratch/bpinsard.41394482.0/freesurfer_crosssectional_autorecon1smriprep_skullstripautorecon2autorecon3_sub05_ses009.job/sub-05_ses-009/label/lh.nofix.cortex.label
mri_label2vol supposed to be reproducible but seed not set
Contraining to label /localscratch/bpinsard.41394482.0/freesurfer_crosssectional_autorecon1smriprep_skullstripautorecon2autorecon3_sub05_ses009.job/sub-05_ses-009/label/lh.nofix.cortex.label
Changing input type 0 to MRI_INT
Converting defects to volume: offset=1000, merge=0
Writing to /localscratch/bpinsard.41394482.0/freesurfer_crosssectional_autorecon1smriprep_skullstripautorecon2autorecon3_sub05_ses009.job/sub-05_ses-009/mri/surface.defects.mgz
mris_defects_pointset -s /localscratch/bpinsard.41394482.0/freesurfer_crosssectional_autorecon1smriprep_skullstripautorecon2autorecon3_sub05_ses009.job/sub-05_ses-009/surf/lh.orig.nofix -d /localscratch/bpinsard.41394482.0/freesurfer_crosssectional_autorecon1smriprep_skullstripautorecon2autorecon3_sub05_ses009.job/sub-05_ses-009/surf/lh.defect_labels -o /localscratch/bpinsard.41394482.0/freesurfer_crosssectional_autorecon1smriprep_skullstripautorecon2autorecon3_sub05_ses009.job/sub-05_ses-009/surf/lh.defects.pointset --label /localscratch/bpinsard.41394482.0/freesurfer_crosssectional_autorecon1smriprep_skullstripautorecon2autorecon3_sub05_ses009.job/sub-05_ses-009/label/lh.nofix.cortex.label
Reading in surface /localscratch/bpinsard.41394482.0/freesurfer_crosssectional_autorecon1smriprep_skullstripautorecon2autorecon3_sub05_ses009.job/sub-05_ses-009/surf/lh.orig.nofix
Reading in defect segmentation /localscratch/bpinsard.41394482.0/freesurfer_crosssectional_autorecon1smriprep_skullstripautorecon2autorecon3_sub05_ses009.job/sub-05_ses-009/surf/lh.defect_labels
Reading in label /localscratch/bpinsard.41394482.0/freesurfer_crosssectional_autorecon1smriprep_skullstripautorecon2autorecon3_sub05_ses009.job/sub-05_ses-009/label/lh.nofix.cortex.label
#VMPC# mris_defects_pointset 527056
mris_defects_pointset done
mri_label2label --label-cortex /localscratch/bpinsard.41394482.0/freesurfer_crosssectional_autorecon1smriprep_skullstripautorecon2autorecon3_sub05_ses009.job/sub-05_ses-009/surf/rh.orig.nofix /localscratch/bpinsard.41394482.0/freesurfer_crosssectional_autorecon1smriprep_skullstripautorecon2autorecon3_sub05_ses009.job/sub-05_ses-009/mri/aseg.presurf.mgz 0 /localscratch/bpinsard.41394482.0/freesurfer_crosssectional_autorecon1smriprep_skullstripautorecon2autorecon3_sub05_ses009.job/sub-05_ses-009/label/rh.nofix.cortex.label

 Generating cortex label... RemoveHipAmgy=0
 NucAccIsMedialWall=0
 mris->useRealRAS=0
45 non-cortical segments detected
only using segment with 10745 vertices
erasing segment 0 (vno[0] = 3013)
erasing segment 1 (vno[0] = 4618)
erasing segment 2 (vno[0] = 4653)
erasing segment 3 (vno[0] = 4756)
erasing segment 4 (vno[0] = 6597)
erasing segment 5 (vno[0] = 10368)
erasing segment 6 (vno[0] = 23393)
erasing segment 7 (vno[0] = 27655)
erasing segment 8 (vno[0] = 62491)
erasing segment 10 (vno[0] = 87606)
erasing segment 11 (vno[0] = 90864)
erasing segment 12 (vno[0] = 92415)
erasing segment 13 (vno[0] = 119044)
erasing segment 14 (vno[0] = 131230)
erasing segment 15 (vno[0] = 139184)
erasing segment 16 (vno[0] = 140528)
erasing segment 17 (vno[0] = 145890)
erasing segment 18 (vno[0] = 148415)
erasing segment 19 (vno[0] = 149815)
erasing segment 20 (vno[0] = 152919)
erasing segment 21 (vno[0] = 153936)
erasing segment 22 (vno[0] = 153980)
erasing segment 23 (vno[0] = 155304)
erasing segment 24 (vno[0] = 156638)
erasing segment 25 (vno[0] = 156658)
erasing segment 26 (vno[0] = 156689)
erasing segment 27 (vno[0] = 157963)
erasing segment 28 (vno[0] = 158012)
erasing segment 29 (vno[0] = 158110)
erasing segment 30 (vno[0] = 159189)
erasing segment 31 (vno[0] = 159209)
erasing segment 32 (vno[0] = 159218)
erasing segment 33 (vno[0] = 159279)
erasing segment 34 (vno[0] = 159305)
erasing segment 35 (vno[0] = 159438)
erasing segment 36 (vno[0] = 160702)
erasing segment 37 (vno[0] = 160714)
erasing segment 38 (vno[0] = 161812)
erasing segment 39 (vno[0] = 161982)
erasing segment 40 (vno[0] = 163404)
erasing segment 41 (vno[0] = 164620)
erasing segment 42 (vno[0] = 178024)
erasing segment 43 (vno[0] = 187432)
erasing segment 44 (vno[0] = 193261)
mri_label2vol --defects /localscratch/bpinsard.41394482.0/freesurfer_crosssectional_autorecon1smriprep_skullstripautorecon2autorecon3_sub05_ses009.job/sub-05_ses-009/surf/rh.orig.nofix /localscratch/bpinsard.41394482.0/freesurfer_crosssectional_autorecon1smriprep_skullstripautorecon2autorecon3_sub05_ses009.job/sub-05_ses-009/surf/rh.defect_labels /localscratch/bpinsard.41394482.0/freesurfer_crosssectional_autorecon1smriprep_skullstripautorecon2autorecon3_sub05_ses009.job/sub-05_ses-009/mri/surface.defects.mgz 2000 1 /localscratch/bpinsard.41394482.0/freesurfer_crosssectional_autorecon1smriprep_skullstripautorecon2autorecon3_sub05_ses009.job/sub-05_ses-009/mri/surface.defects.mgz /localscratch/bpinsard.41394482.0/freesurfer_crosssectional_autorecon1smriprep_skullstripautorecon2autorecon3_sub05_ses009.job/sub-05_ses-009/label/rh.nofix.cortex.label
mri_label2vol supposed to be reproducible but seed not set
Contraining to label /localscratch/bpinsard.41394482.0/freesurfer_crosssectional_autorecon1smriprep_skullstripautorecon2autorecon3_sub05_ses009.job/sub-05_ses-009/label/rh.nofix.cortex.label
Converting defects to volume: offset=2000, merge=1
Writing to /localscratch/bpinsard.41394482.0/freesurfer_crosssectional_autorecon1smriprep_skullstripautorecon2autorecon3_sub05_ses009.job/sub-05_ses-009/mri/surface.defects.mgz
mris_defects_pointset -s /localscratch/bpinsard.41394482.0/freesurfer_crosssectional_autorecon1smriprep_skullstripautorecon2autorecon3_sub05_ses009.job/sub-05_ses-009/surf/rh.orig.nofix -d /localscratch/bpinsard.41394482.0/freesurfer_crosssectional_autorecon1smriprep_skullstripautorecon2autorecon3_sub05_ses009.job/sub-05_ses-009/surf/rh.defect_labels -o /localscratch/bpinsard.41394482.0/freesurfer_crosssectional_autorecon1smriprep_skullstripautorecon2autorecon3_sub05_ses009.job/sub-05_ses-009/surf/rh.defects.pointset --label /localscratch/bpinsard.41394482.0/freesurfer_crosssectional_autorecon1smriprep_skullstripautorecon2autorecon3_sub05_ses009.job/sub-05_ses-009/label/rh.nofix.cortex.label
Reading in surface /localscratch/bpinsard.41394482.0/freesurfer_crosssectional_autorecon1smriprep_skullstripautorecon2autorecon3_sub05_ses009.job/sub-05_ses-009/surf/rh.orig.nofix
Reading in defect segmentation /localscratch/bpinsard.41394482.0/freesurfer_crosssectional_autorecon1smriprep_skullstripautorecon2autorecon3_sub05_ses009.job/sub-05_ses-009/surf/rh.defect_labels
Reading in label /localscratch/bpinsard.41394482.0/freesurfer_crosssectional_autorecon1smriprep_skullstripautorecon2autorecon3_sub05_ses009.job/sub-05_ses-009/label/rh.nofix.cortex.label
#VMPC# mris_defects_pointset 595264
mris_defects_pointset done
 
Started at Thu Oct 5 17:04:55 UTC 2023 
Ended   at Thu Oct  5 17:06:16 UTC 2023
Defect2seg-Run-Time-Sec 81
Defect2seg-Run-Time-Min 1.62
Defect2seg-Run-Time-Hours 0.02
 
defect2seg Done
