
Thu Oct  5 12:26:09 UTC 2023
cd /localscratch/bpinsard.41394482.0/freesurfer_crosssectional_autorecon1smriprep_skullstripautorecon2autorecon3_sub05_ses009.job/sub-05_ses-009
setenv SUBJECTS_DIR /localscratch/bpinsard.41394482.0/freesurfer_crosssectional_autorecon1smriprep_skullstripautorecon2autorecon3_sub05_ses009.job
/opt/freesurfer/bin/recon-all -subjid sub-05_ses-009 -sd /localscratch/bpinsard.41394482.0/freesurfer_crosssectional_autorecon1smriprep_skullstripautorecon2autorecon3_sub05_ses009.job -3T -hires -i sourcedata/cneuromod.anat.gradcorrect/sub-05/ses-009/anat/sub-05_ses-009_T1w.nii.gz -autorecon1 -openmp 4

subjid sub-05_ses-009
setenv SUBJECTS_DIR /localscratch/bpinsard.41394482.0/freesurfer_crosssectional_autorecon1smriprep_skullstripautorecon2autorecon3_sub05_ses009.job
FREESURFER_HOME /opt/freesurfer
Actual FREESURFER_HOME /opt/freesurfer
build-stamp.txt: freesurfer-linux-centos7_x86_64-7.4.1-20230613-7eb8460
Linux bc11946.int.ets1.calculquebec.ca 3.10.0-1160.95.1.el7.x86_64 #1 SMP Mon Jul 24 13:59:37 UTC 2023 x86_64 x86_64 x86_64 GNU/Linux
cputime      unlimited
filesize     unlimited
datasize     unlimited
stacksize    unlimited
coredumpsize unlimited
memoryuse    16777216 kbytes
vmemoryuse   unlimited
descriptors  51200 
memorylocked unlimited
maxproc      767601 
maxlocks     unlimited
maxsignal    767601 
maxmessage   819200 
maxnice      0 
maxrtprio    0 
maxrttime    unlimited

               total        used        free      shared  buff/cache   available
Mem:           187Gi        89Gi        34Gi       2.5Gi        63Gi        95Gi
Swap:             0B          0B          0B

########################################
program versions used
7.4.1 (freesurfer-linux-centos7_x86_64-7.4.1-20230613-7eb8460)
7.4.1

ProgramName: lta_convert  ProgramArguments: lta_convert -all-info  ProgramVersion: 7.4.1  TimeStamp: 2023/10/05-12:26:09-GMT  BuildTime: Jun 13 2023 22:52:23  BuildStamp: freesurfer-linux-centos7_x86_64-7.4.1-20230613-7eb8460  User: bpinsard  Machine: bc11946.int.ets1.calculquebec.ca  Platform: Linux  PlatformVersion: 3.10.0-1160.95.1.el7.x86_64  CompilerName: GCC  CompilerVersion: 4.8.5
ProgramName: mri_and  ProgramArguments: mri_and -all-info  ProgramVersion: 7.4.1  TimeStamp: 2023/10/05-12:26:09-GMT  BuildTime: Jun 13 2023 22:52:23  BuildStamp: freesurfer-linux-centos7_x86_64-7.4.1-20230613-7eb8460  User: bpinsard  Machine: bc11946.int.ets1.calculquebec.ca  Platform: Linux  PlatformVersion: 3.10.0-1160.95.1.el7.x86_64  CompilerName: GCC  CompilerVersion: 4.8.5
ProgramName: mri_annotation2label  ProgramArguments: mri_annotation2label -all-info  ProgramVersion: 7.4.1  TimeStamp: 2023/10/05-12:26:09-GMT  BuildTime: Jun 13 2023 22:52:23  BuildStamp: freesurfer-linux-centos7_x86_64-7.4.1-20230613-7eb8460  User: bpinsard  Machine: bc11946.int.ets1.calculquebec.ca  Platform: Linux  PlatformVersion: 3.10.0-1160.95.1.el7.x86_64  CompilerName: GCC  CompilerVersion: 4.8.5
ProgramName: mri_aparc2aseg  ProgramArguments: mri_aparc2aseg -all-info  ProgramVersion: 7.4.1  TimeStamp: 2023/10/05-12:26:10-GMT  BuildTime: Jun 13 2023 22:52:23  BuildStamp: freesurfer-linux-centos7_x86_64-7.4.1-20230613-7eb8460  User: bpinsard  Machine: bc11946.int.ets1.calculquebec.ca  Platform: Linux  PlatformVersion: 3.10.0-1160.95.1.el7.x86_64  CompilerName: GCC  CompilerVersion: 4.8.5
ProgramName: mri_surf2volseg  ProgramArguments: mri_surf2volseg -all-info  ProgramVersion: 7.4.1  TimeStamp: 2023/10/05-12:26:10-GMT  BuildTime: Jun 13 2023 22:52:23  BuildStamp: freesurfer-linux-centos7_x86_64-7.4.1-20230613-7eb8460  User: bpinsard  Machine: bc11946.int.ets1.calculquebec.ca  Platform: Linux  PlatformVersion: 3.10.0-1160.95.1.el7.x86_64  CompilerName: GCC  CompilerVersion: 4.8.5
ProgramName: mri_binarize  ProgramArguments: mri_binarize -all-info  ProgramVersion: 7.4.1  TimeStamp: 2023/10/05-12:26:10-GMT  BuildTime: Jun 13 2023 22:52:23  BuildStamp: freesurfer-linux-centos7_x86_64-7.4.1-20230613-7eb8460  User: bpinsard  Machine: bc11946.int.ets1.calculquebec.ca  Platform: Linux  PlatformVersion: 3.10.0-1160.95.1.el7.x86_64  CompilerName: GCC  CompilerVersion: 4.8.5
ProgramName: mri_ca_label  ProgramArguments: mri_ca_label -all-info  ProgramVersion: 7.4.1  TimeStamp: 2023/10/05-12:26:10-GMT  BuildTime: Jun 13 2023 22:52:23  BuildStamp: freesurfer-linux-centos7_x86_64-7.4.1-20230613-7eb8460  User: bpinsard  Machine: bc11946.int.ets1.calculquebec.ca  Platform: Linux  PlatformVersion: 3.10.0-1160.95.1.el7.x86_64  CompilerName: GCC  CompilerVersion: 4.8.5
ProgramName: mri_ca_normalize  ProgramArguments: mri_ca_normalize -all-info  ProgramVersion: 7.4.1  TimeStamp: 2023/10/05-12:26:10-GMT  BuildTime: Jun 13 2023 22:52:23  BuildStamp: freesurfer-linux-centos7_x86_64-7.4.1-20230613-7eb8460  User: bpinsard  Machine: bc11946.int.ets1.calculquebec.ca  Platform: Linux  PlatformVersion: 3.10.0-1160.95.1.el7.x86_64  CompilerName: GCC  CompilerVersion: 4.8.5
ProgramName: mri_ca_register  ProgramArguments: mri_ca_register -all-info  ProgramVersion: 7.4.1  TimeStamp: 2023/10/05-12:26:10-GMT  BuildTime: Jun 13 2023 22:52:23  BuildStamp: freesurfer-linux-centos7_x86_64-7.4.1-20230613-7eb8460  User: bpinsard  Machine: bc11946.int.ets1.calculquebec.ca  Platform: Linux  PlatformVersion: 3.10.0-1160.95.1.el7.x86_64  CompilerName: GCC  CompilerVersion: 4.8.5
ProgramName: mri_cc  ProgramArguments: mri_cc -all-info  ProgramVersion: 7.4.1  TimeStamp: 2023/10/05-12:26:10-GMT  BuildTime: Jun 13 2023 22:52:23  BuildStamp: freesurfer-linux-centos7_x86_64-7.4.1-20230613-7eb8460  User: bpinsard  Machine: bc11946.int.ets1.calculquebec.ca  Platform: Linux  PlatformVersion: 3.10.0-1160.95.1.el7.x86_64  CompilerName: GCC  CompilerVersion: 4.8.5
ProgramName: mri_compute_overlap  ProgramArguments: mri_compute_overlap -all-info  ProgramVersion: 7.4.1  TimeStamp: 2023/10/05-12:26:10-GMT  BuildTime: Jun 13 2023 22:52:23  BuildStamp: freesurfer-linux-centos7_x86_64-7.4.1-20230613-7eb8460  User: bpinsard  Machine: bc11946.int.ets1.calculquebec.ca  Platform: Linux  PlatformVersion: 3.10.0-1160.95.1.el7.x86_64  CompilerName: GCC  CompilerVersion: 4.8.5
ProgramName: mri_compute_seg_overlap  ProgramArguments: mri_compute_seg_overlap -all-info  ProgramVersion: 7.4.1  TimeStamp: 2023/10/05-12:26:10-GMT  BuildTime: Jun 13 2023 22:52:23  BuildStamp: freesurfer-linux-centos7_x86_64-7.4.1-20230613-7eb8460  User: bpinsard  Machine: bc11946.int.ets1.calculquebec.ca  Platform: Linux  PlatformVersion: 3.10.0-1160.95.1.el7.x86_64  CompilerName: GCC  CompilerVersion: 4.8.5
ProgramName: mri_concat  ProgramArguments: mri_concat -all-info  ProgramVersion: 7.4.1  TimeStamp: 2023/10/05-12:26:10-GMT  BuildTime: Jun 13 2023 22:52:23  BuildStamp: freesurfer-linux-centos7_x86_64-7.4.1-20230613-7eb8460  User: bpinsard  Machine: bc11946.int.ets1.calculquebec.ca  Platform: Linux  PlatformVersion: 3.10.0-1160.95.1.el7.x86_64  CompilerName: GCC  CompilerVersion: 4.8.5
ProgramName: mri_concatenate_lta  ProgramArguments: mri_concatenate_lta -all-info  ProgramVersion: 7.4.1  TimeStamp: 2023/10/05-12:26:10-GMT  BuildTime: Jun 13 2023 22:52:23  BuildStamp: freesurfer-linux-centos7_x86_64-7.4.1-20230613-7eb8460  User: bpinsard  Machine: bc11946.int.ets1.calculquebec.ca  Platform: Linux  PlatformVersion: 3.10.0-1160.95.1.el7.x86_64  CompilerName: GCC  CompilerVersion: 4.8.5
mri_convert -all-info 
ProgramName: mri_convert  ProgramArguments: mri_convert -all-info  ProgramVersion: 7.4.1  TimeStamp: 2023/10/05-12:26:10-GMT  BuildTime: Jun 13 2023 22:52:23  BuildStamp: freesurfer-linux-centos7_x86_64-7.4.1-20230613-7eb8460  User: bpinsard  Machine: bc11946.int.ets1.calculquebec.ca  Platform: Linux  PlatformVersion: 3.10.0-1160.95.1.el7.x86_64  CompilerName: GCC  CompilerVersion: 4.8.5
ProgramName: mri_diff  ProgramArguments: mri_diff -all-info  ProgramVersion: 7.4.1  TimeStamp: 2023/10/05-12:26:10-GMT  BuildTime: Jun 13 2023 22:52:23  BuildStamp: freesurfer-linux-centos7_x86_64-7.4.1-20230613-7eb8460  User: bpinsard  Machine: bc11946.int.ets1.calculquebec.ca  Platform: Linux  PlatformVersion: 3.10.0-1160.95.1.el7.x86_64  CompilerName: GCC  CompilerVersion: 4.8.5
ProgramName: mri_edit_wm_with_aseg  ProgramArguments: mri_edit_wm_with_aseg -all-info  ProgramVersion: 7.4.1  TimeStamp: 2023/10/05-12:26:10-GMT  BuildTime: Jun 13 2023 22:52:23  BuildStamp: freesurfer-linux-centos7_x86_64-7.4.1-20230613-7eb8460  User: bpinsard  Machine: bc11946.int.ets1.calculquebec.ca  Platform: Linux  PlatformVersion: 3.10.0-1160.95.1.el7.x86_64  CompilerName: GCC  CompilerVersion: 4.8.5
ProgramName: mri_em_register  ProgramArguments: mri_em_register -all-info  ProgramVersion: 7.4.1  TimeStamp: 2023/10/05-12:26:10-GMT  BuildTime: Jun 13 2023 22:52:23  BuildStamp: freesurfer-linux-centos7_x86_64-7.4.1-20230613-7eb8460  User: bpinsard  Machine: bc11946.int.ets1.calculquebec.ca  Platform: Linux  PlatformVersion: 3.10.0-1160.95.1.el7.x86_64  CompilerName: GCC  CompilerVersion: 4.8.5
ProgramName: mri_fill  ProgramArguments: mri_fill -all-info  ProgramVersion: 7.4.1  TimeStamp: 2023/10/05-12:26:10-GMT  BuildTime: Jun 13 2023 22:52:23  BuildStamp: freesurfer-linux-centos7_x86_64-7.4.1-20230613-7eb8460  User: bpinsard  Machine: bc11946.int.ets1.calculquebec.ca  Platform: Linux  PlatformVersion: 3.10.0-1160.95.1.el7.x86_64  CompilerName: GCC  CompilerVersion: 4.8.5
ProgramName: mri_fuse_segmentations  ProgramArguments: mri_fuse_segmentations -all-info  ProgramVersion: 7.4.1  TimeStamp: 2023/10/05-12:26:10-GMT  BuildTime: Jun 13 2023 22:52:23  BuildStamp: freesurfer-linux-centos7_x86_64-7.4.1-20230613-7eb8460  User: bpinsard  Machine: bc11946.int.ets1.calculquebec.ca  Platform: Linux  PlatformVersion: 3.10.0-1160.95.1.el7.x86_64  CompilerName: GCC  CompilerVersion: 4.8.5
ProgramName: mri_fwhm  ProgramArguments: mri_fwhm -all-info  ProgramVersion: 7.4.1  TimeStamp: 2023/10/05-12:26:10-GMT  BuildTime: Jun 13 2023 22:52:23  BuildStamp: freesurfer-linux-centos7_x86_64-7.4.1-20230613-7eb8460  User: bpinsard  Machine: bc11946.int.ets1.calculquebec.ca  Platform: Linux  PlatformVersion: 3.10.0-1160.95.1.el7.x86_64  CompilerName: GCC  CompilerVersion: 4.8.5
ProgramName: mri_gcut  ProgramArguments: mri_gcut -all-info  ProgramVersion: 7.4.1  TimeStamp: 2023/10/05-12:26:10-GMT  BuildTime: Jun 13 2023 22:52:23  BuildStamp: freesurfer-linux-centos7_x86_64-7.4.1-20230613-7eb8460  User: bpinsard  Machine: bc11946.int.ets1.calculquebec.ca  Platform: Linux  PlatformVersion: 3.10.0-1160.95.1.el7.x86_64  CompilerName: GCC  CompilerVersion: 4.8.5
ProgramName: mri_info  ProgramArguments: mri_info -all-info  ProgramVersion: 7.4.1  TimeStamp: 2023/10/05-12:26:10-GMT  BuildTime: Jun 13 2023 22:52:23  BuildStamp: freesurfer-linux-centos7_x86_64-7.4.1-20230613-7eb8460  User: bpinsard  Machine: bc11946.int.ets1.calculquebec.ca  Platform: Linux  PlatformVersion: 3.10.0-1160.95.1.el7.x86_64  CompilerName: GCC  CompilerVersion: 4.8.5
ProgramName: mri_label2label  ProgramArguments: mri_label2label -all-info  ProgramVersion: 7.4.1  TimeStamp: 2023/10/05-12:26:10-GMT  BuildTime: Jun 13 2023 22:52:23  BuildStamp: freesurfer-linux-centos7_x86_64-7.4.1-20230613-7eb8460  User: bpinsard  Machine: bc11946.int.ets1.calculquebec.ca  Platform: Linux  PlatformVersion: 3.10.0-1160.95.1.el7.x86_64  CompilerName: GCC  CompilerVersion: 4.8.5
ProgramName: mri_label2vol  ProgramArguments: mri_label2vol -all-info  ProgramVersion: 7.4.1  TimeStamp: 2023/10/05-12:26:10-GMT  BuildTime: Jun 13 2023 22:52:23  BuildStamp: freesurfer-linux-centos7_x86_64-7.4.1-20230613-7eb8460  User: bpinsard  Machine: bc11946.int.ets1.calculquebec.ca  Platform: Linux  PlatformVersion: 3.10.0-1160.95.1.el7.x86_64  CompilerName: GCC  CompilerVersion: 4.8.5
ProgramName: mri_log_likelihood  ProgramArguments: mri_log_likelihood -all-info  ProgramVersion: 7.4.1  TimeStamp: 2023/10/05-12:26:10-GMT  BuildTime: Jun 13 2023 22:52:23  BuildStamp: freesurfer-linux-centos7_x86_64-7.4.1-20230613-7eb8460  User: bpinsard  Machine: bc11946.int.ets1.calculquebec.ca  Platform: Linux  PlatformVersion: 3.10.0-1160.95.1.el7.x86_64  CompilerName: GCC  CompilerVersion: 4.8.5
ProgramName: mri_mask  ProgramArguments: mri_mask -all-info  ProgramVersion: 7.4.1  TimeStamp: 2023/10/05-12:26:10-GMT  BuildTime: Jun 13 2023 22:52:23  BuildStamp: freesurfer-linux-centos7_x86_64-7.4.1-20230613-7eb8460  User: bpinsard  Machine: bc11946.int.ets1.calculquebec.ca  Platform: Linux  PlatformVersion: 3.10.0-1160.95.1.el7.x86_64  CompilerName: GCC  CompilerVersion: 4.8.5
ProgramName: mri_matrix_multiply  ProgramArguments: mri_matrix_multiply -all-info  ProgramVersion: 7.4.1  TimeStamp: 2023/10/05-12:26:10-GMT  BuildTime: Jun 13 2023 22:52:23  BuildStamp: freesurfer-linux-centos7_x86_64-7.4.1-20230613-7eb8460  User: bpinsard  Machine: bc11946.int.ets1.calculquebec.ca  Platform: Linux  PlatformVersion: 3.10.0-1160.95.1.el7.x86_64  CompilerName: GCC  CompilerVersion: 4.8.5
ProgramName: mri_normalize  ProgramArguments: mri_normalize -all-info  ProgramVersion: 7.4.1  TimeStamp: 2023/10/05-12:26:10-GMT  BuildTime: Jun 13 2023 22:52:23  BuildStamp: freesurfer-linux-centos7_x86_64-7.4.1-20230613-7eb8460  User: bpinsard  Machine: bc11946.int.ets1.calculquebec.ca  Platform: Linux  PlatformVersion: 3.10.0-1160.95.1.el7.x86_64  CompilerName: GCC  CompilerVersion: 4.8.5
ProgramName: mri_normalize_tp2  ProgramArguments: mri_normalize_tp2 -all-info  ProgramVersion: 7.4.1  TimeStamp: 2023/10/05-12:26:10-GMT  BuildTime: Jun 13 2023 22:52:23  BuildStamp: freesurfer-linux-centos7_x86_64-7.4.1-20230613-7eb8460  User: bpinsard  Machine: bc11946.int.ets1.calculquebec.ca  Platform: Linux  PlatformVersion: 3.10.0-1160.95.1.el7.x86_64  CompilerName: GCC  CompilerVersion: 4.8.5
ProgramName: mri_or  ProgramArguments: mri_or -all-info  ProgramVersion: 7.4.1  TimeStamp: 2023/10/05-12:26:10-GMT  BuildTime: Jun 13 2023 22:52:23  BuildStamp: freesurfer-linux-centos7_x86_64-7.4.1-20230613-7eb8460  User: bpinsard  Machine: bc11946.int.ets1.calculquebec.ca  Platform: Linux  PlatformVersion: 3.10.0-1160.95.1.el7.x86_64  CompilerName: GCC  CompilerVersion: 4.8.5
ProgramName: mri_relabel_hypointensities  ProgramArguments: mri_relabel_hypointensities -all-info  ProgramVersion: 7.4.1  TimeStamp: 2023/10/05-12:26:10-GMT  BuildTime: Jun 13 2023 22:52:23  BuildStamp: freesurfer-linux-centos7_x86_64-7.4.1-20230613-7eb8460  User: bpinsard  Machine: bc11946.int.ets1.calculquebec.ca  Platform: Linux  PlatformVersion: 3.10.0-1160.95.1.el7.x86_64  CompilerName: GCC  CompilerVersion: 4.8.5
ProgramName: mri_relabel_nonwm_hypos  ProgramArguments: mri_relabel_nonwm_hypos -all-info  ProgramVersion: 7.4.1  TimeStamp: 2023/10/05-12:26:10-GMT  BuildTime: Jun 13 2023 22:52:23  BuildStamp: freesurfer-linux-centos7_x86_64-7.4.1-20230613-7eb8460  User: bpinsard  Machine: bc11946.int.ets1.calculquebec.ca  Platform: Linux  PlatformVersion: 3.10.0-1160.95.1.el7.x86_64  CompilerName: GCC  CompilerVersion: 4.8.5
ProgramName: mri_remove_neck  ProgramArguments: mri_remove_neck -all-info  ProgramVersion: 7.4.1  TimeStamp: 2023/10/05-12:26:10-GMT  BuildTime: Jun 13 2023 22:52:23  BuildStamp: freesurfer-linux-centos7_x86_64-7.4.1-20230613-7eb8460  User: bpinsard  Machine: bc11946.int.ets1.calculquebec.ca  Platform: Linux  PlatformVersion: 3.10.0-1160.95.1.el7.x86_64  CompilerName: GCC  CompilerVersion: 4.8.5
7.4.1

ProgramName: mri_robust_register  ProgramArguments: mri_robust_register -all-info  ProgramVersion: 7.4.1  TimeStamp: 2023/10/05-12:26:10-GMT  BuildTime: Jun 13 2023 22:52:23  BuildStamp: freesurfer-linux-centos7_x86_64-7.4.1-20230613-7eb8460  User: bpinsard  Machine: bc11946.int.ets1.calculquebec.ca  Platform: Linux  PlatformVersion: 3.10.0-1160.95.1.el7.x86_64  CompilerName: GCC  CompilerVersion: 4.8.5
7.4.1

ProgramName: mri_robust_template  ProgramArguments: mri_robust_template -all-info  ProgramVersion: 7.4.1  TimeStamp: 2023/10/05-12:26:10-GMT  BuildTime: Jun 13 2023 22:52:23  BuildStamp: freesurfer-linux-centos7_x86_64-7.4.1-20230613-7eb8460  User: bpinsard  Machine: bc11946.int.ets1.calculquebec.ca  Platform: Linux  PlatformVersion: 3.10.0-1160.95.1.el7.x86_64  CompilerName: GCC  CompilerVersion: 4.8.5
ProgramName: mris_anatomical_stats  ProgramArguments: mris_anatomical_stats -all-info  ProgramVersion: 7.4.1  TimeStamp: 2023/10/05-12:26:10-GMT  BuildTime: Jun 13 2023 22:52:23  BuildStamp: freesurfer-linux-centos7_x86_64-7.4.1-20230613-7eb8460  User: bpinsard  Machine: bc11946.int.ets1.calculquebec.ca  Platform: Linux  PlatformVersion: 3.10.0-1160.95.1.el7.x86_64  CompilerName: GCC  CompilerVersion: 4.8.5
ProgramName: mris_ca_label  ProgramArguments: mris_ca_label -all-info  ProgramVersion: 7.4.1  TimeStamp: 2023/10/05-12:26:10-GMT  BuildTime: Jun 13 2023 22:52:23  BuildStamp: freesurfer-linux-centos7_x86_64-7.4.1-20230613-7eb8460  User: bpinsard  Machine: bc11946.int.ets1.calculquebec.ca  Platform: Linux  PlatformVersion: 3.10.0-1160.95.1.el7.x86_64  CompilerName: GCC  CompilerVersion: 4.8.5
ProgramName: mris_calc  ProgramArguments: mris_calc -all-info  ProgramVersion: 7.4.1  TimeStamp: 2023/10/05-12:26:10-GMT  BuildTime: Jun 13 2023 22:52:23  BuildStamp: freesurfer-linux-centos7_x86_64-7.4.1-20230613-7eb8460  User: bpinsard  Machine: bc11946.int.ets1.calculquebec.ca  Platform: Linux  PlatformVersion: 3.10.0-1160.95.1.el7.x86_64  CompilerName: GCC  CompilerVersion: 4.8.5
ProgramName: mris_convert  ProgramArguments: mris_convert -all-info  ProgramVersion: 7.4.1  TimeStamp: 2023/10/05-12:26:10-GMT  BuildTime: Jun 13 2023 22:52:23  BuildStamp: freesurfer-linux-centos7_x86_64-7.4.1-20230613-7eb8460  User: bpinsard  Machine: bc11946.int.ets1.calculquebec.ca  Platform: Linux  PlatformVersion: 3.10.0-1160.95.1.el7.x86_64  CompilerName: GCC  CompilerVersion: 4.8.5
ProgramName: mris_curvature  ProgramArguments: mris_curvature -all-info  ProgramVersion: 7.4.1  TimeStamp: 2023/10/05-12:26:10-GMT  BuildTime: Jun 13 2023 22:52:23  BuildStamp: freesurfer-linux-centos7_x86_64-7.4.1-20230613-7eb8460  User: bpinsard  Machine: bc11946.int.ets1.calculquebec.ca  Platform: Linux  PlatformVersion: 3.10.0-1160.95.1.el7.x86_64  CompilerName: GCC  CompilerVersion: 4.8.5
ProgramName: mris_curvature_stats  ProgramArguments: mris_curvature_stats -all-info  ProgramVersion: 7.4.1  TimeStamp: 2023/10/05-12:26:10-GMT  BuildTime: Jun 13 2023 22:52:23  BuildStamp: freesurfer-linux-centos7_x86_64-7.4.1-20230613-7eb8460  User: bpinsard  Machine: bc11946.int.ets1.calculquebec.ca  Platform: Linux  PlatformVersion: 3.10.0-1160.95.1.el7.x86_64  CompilerName: GCC  CompilerVersion: 4.8.5
ProgramName: mris_diff  ProgramArguments: mris_diff -all-info  ProgramVersion: 7.4.1  TimeStamp: 2023/10/05-12:26:10-GMT  BuildTime: Jun 13 2023 22:52:23  BuildStamp: freesurfer-linux-centos7_x86_64-7.4.1-20230613-7eb8460  User: bpinsard  Machine: bc11946.int.ets1.calculquebec.ca  Platform: Linux  PlatformVersion: 3.10.0-1160.95.1.el7.x86_64  CompilerName: GCC  CompilerVersion: 4.8.5
ProgramName: mris_divide_parcellation  ProgramArguments: mris_divide_parcellation -all-info  ProgramVersion: 7.4.1  TimeStamp: 2023/10/05-12:26:10-GMT  BuildTime: Jun 13 2023 22:52:23  BuildStamp: freesurfer-linux-centos7_x86_64-7.4.1-20230613-7eb8460  User: bpinsard  Machine: bc11946.int.ets1.calculquebec.ca  Platform: Linux  PlatformVersion: 3.10.0-1160.95.1.el7.x86_64  CompilerName: GCC  CompilerVersion: 4.8.5
ProgramName: mri_segment  ProgramArguments: mri_segment -all-info  ProgramVersion: 7.4.1  TimeStamp: 2023/10/05-12:26:10-GMT  BuildTime: Jun 13 2023 22:52:23  BuildStamp: freesurfer-linux-centos7_x86_64-7.4.1-20230613-7eb8460  User: bpinsard  Machine: bc11946.int.ets1.calculquebec.ca  Platform: Linux  PlatformVersion: 3.10.0-1160.95.1.el7.x86_64  CompilerName: GCC  CompilerVersion: 4.8.5
ProgramName: mri_segstats  ProgramArguments: mri_segstats -all-info  ProgramVersion: 7.4.1  TimeStamp: 2023/10/05-12:26:10-GMT  BuildTime: Jun 13 2023 22:52:23  BuildStamp: freesurfer-linux-centos7_x86_64-7.4.1-20230613-7eb8460  User: bpinsard  Machine: bc11946.int.ets1.calculquebec.ca  Platform: Linux  PlatformVersion: 3.10.0-1160.95.1.el7.x86_64  CompilerName: GCC  CompilerVersion: 4.8.5
ProgramName: mris_euler_number  ProgramArguments: mris_euler_number -all-info  ProgramVersion: 7.4.1  TimeStamp: 2023/10/05-12:26:10-GMT  BuildTime: Jun 13 2023 22:52:23  BuildStamp: freesurfer-linux-centos7_x86_64-7.4.1-20230613-7eb8460  User: bpinsard  Machine: bc11946.int.ets1.calculquebec.ca  Platform: Linux  PlatformVersion: 3.10.0-1160.95.1.el7.x86_64  CompilerName: GCC  CompilerVersion: 4.8.5
ProgramName: mris_fix_topology  ProgramArguments: mris_fix_topology -all-info  ProgramVersion: 7.4.1  TimeStamp: 2023/10/05-12:26:10-GMT  BuildTime: Jun 13 2023 22:52:23  BuildStamp: freesurfer-linux-centos7_x86_64-7.4.1-20230613-7eb8460  User: bpinsard  Machine: bc11946.int.ets1.calculquebec.ca  Platform: Linux  PlatformVersion: 3.10.0-1160.95.1.el7.x86_64  CompilerName: GCC  CompilerVersion: 4.8.5
ProgramName: mris_topo_fixer  ProgramArguments: mris_topo_fixer -all-info  ProgramVersion: 7.4.1  TimeStamp: 2023/10/05-12:26:10-GMT  BuildTime: Jun 13 2023 22:52:23  BuildStamp: freesurfer-linux-centos7_x86_64-7.4.1-20230613-7eb8460  User: bpinsard  Machine: bc11946.int.ets1.calculquebec.ca  Platform: Linux  PlatformVersion: 3.10.0-1160.95.1.el7.x86_64  CompilerName: GCC  CompilerVersion: 4.8.5
ProgramName: mris_jacobian  ProgramArguments: mris_jacobian -all-info  ProgramVersion: 7.4.1  TimeStamp: 2023/10/05-12:26:10-GMT  BuildTime: Jun 13 2023 22:52:23  BuildStamp: freesurfer-linux-centos7_x86_64-7.4.1-20230613-7eb8460  User: bpinsard  Machine: bc11946.int.ets1.calculquebec.ca  Platform: Linux  PlatformVersion: 3.10.0-1160.95.1.el7.x86_64  CompilerName: GCC  CompilerVersion: 4.8.5
ProgramName: mris_label2annot  ProgramArguments: mris_label2annot -all-info  ProgramVersion: 7.4.1  TimeStamp: 2023/10/05-12:26:10-GMT  BuildTime: Jun 13 2023 22:52:23  BuildStamp: freesurfer-linux-centos7_x86_64-7.4.1-20230613-7eb8460  User: bpinsard  Machine: bc11946.int.ets1.calculquebec.ca  Platform: Linux  PlatformVersion: 3.10.0-1160.95.1.el7.x86_64  CompilerName: GCC  CompilerVersion: 4.8.5
ProgramName: mris_left_right_register  ProgramArguments: mris_left_right_register -all-info  ProgramVersion: 7.4.1  TimeStamp: 2023/10/05-12:26:10-GMT  BuildTime: Jun 13 2023 22:52:23  BuildStamp: freesurfer-linux-centos7_x86_64-7.4.1-20230613-7eb8460  User: bpinsard  Machine: bc11946.int.ets1.calculquebec.ca  Platform: Linux  PlatformVersion: 3.10.0-1160.95.1.el7.x86_64  CompilerName: GCC  CompilerVersion: 4.8.5
ProgramName: mris_place_surface  ProgramArguments: mris_place_surface -all-info  ProgramVersion: 7.4.1  TimeStamp: 2023/10/05-12:26:10-GMT  BuildTime: Jun 13 2023 22:52:23  BuildStamp: freesurfer-linux-centos7_x86_64-7.4.1-20230613-7eb8460  User: bpinsard  Machine: bc11946.int.ets1.calculquebec.ca  Platform: Linux  PlatformVersion: 3.10.0-1160.95.1.el7.x86_64  CompilerName: GCC  CompilerVersion: 4.8.5
ProgramName: mrisp_paint  ProgramArguments: mrisp_paint -all-info  ProgramVersion: 7.4.1  TimeStamp: 2023/10/05-12:26:10-GMT  BuildTime: Jun 13 2023 22:52:23  BuildStamp: freesurfer-linux-centos7_x86_64-7.4.1-20230613-7eb8460  User: bpinsard  Machine: bc11946.int.ets1.calculquebec.ca  Platform: Linux  PlatformVersion: 3.10.0-1160.95.1.el7.x86_64  CompilerName: GCC  CompilerVersion: 4.8.5
ProgramName: mris_register  ProgramArguments: mris_register -all-info  ProgramVersion: 7.4.1  TimeStamp: 2023/10/05-12:26:10-GMT  BuildTime: Jun 13 2023 22:52:23  BuildStamp: freesurfer-linux-centos7_x86_64-7.4.1-20230613-7eb8460  User: bpinsard  Machine: bc11946.int.ets1.calculquebec.ca  Platform: Linux  PlatformVersion: 3.10.0-1160.95.1.el7.x86_64  CompilerName: GCC  CompilerVersion: 4.8.5
ProgramName: mris_smooth  ProgramArguments: mris_smooth -all-info  ProgramVersion: 7.4.1  TimeStamp: 2023/10/05-12:26:10-GMT  BuildTime: Jun 13 2023 22:52:23  BuildStamp: freesurfer-linux-centos7_x86_64-7.4.1-20230613-7eb8460  User: bpinsard  Machine: bc11946.int.ets1.calculquebec.ca  Platform: Linux  PlatformVersion: 3.10.0-1160.95.1.el7.x86_64  CompilerName: GCC  CompilerVersion: 4.8.5
ProgramName: mris_sphere  ProgramArguments: mris_sphere -all-info  ProgramVersion: 7.4.1  TimeStamp: 2023/10/05-12:26:10-GMT  BuildTime: Jun 13 2023 22:52:23  BuildStamp: freesurfer-linux-centos7_x86_64-7.4.1-20230613-7eb8460  User: bpinsard  Machine: bc11946.int.ets1.calculquebec.ca  Platform: Linux  PlatformVersion: 3.10.0-1160.95.1.el7.x86_64  CompilerName: GCC  CompilerVersion: 4.8.5
ProgramName: mris_surface_stats  ProgramArguments: mris_surface_stats -all-info  ProgramVersion: 7.4.1  TimeStamp: 2023/10/05-12:26:11-GMT  BuildTime: Jun 13 2023 22:52:23  BuildStamp: freesurfer-linux-centos7_x86_64-7.4.1-20230613-7eb8460  User: bpinsard  Machine: bc11946.int.ets1.calculquebec.ca  Platform: Linux  PlatformVersion: 3.10.0-1160.95.1.el7.x86_64  CompilerName: GCC  CompilerVersion: 4.8.5
ProgramName: mri_stats2seg  ProgramArguments: mri_stats2seg -all-info  ProgramVersion: 7.4.1  TimeStamp: 2023/10/05-12:26:11-GMT  BuildTime: Jun 13 2023 22:52:23  BuildStamp: freesurfer-linux-centos7_x86_64-7.4.1-20230613-7eb8460  User: bpinsard  Machine: bc11946.int.ets1.calculquebec.ca  Platform: Linux  PlatformVersion: 3.10.0-1160.95.1.el7.x86_64  CompilerName: GCC  CompilerVersion: 4.8.5
ProgramName: mris_thickness  ProgramArguments: mris_thickness -all-info  ProgramVersion: 7.4.1  TimeStamp: 2023/10/05-12:26:11-GMT  BuildTime: Jun 13 2023 22:52:23  BuildStamp: freesurfer-linux-centos7_x86_64-7.4.1-20230613-7eb8460  User: bpinsard  Machine: bc11946.int.ets1.calculquebec.ca  Platform: Linux  PlatformVersion: 3.10.0-1160.95.1.el7.x86_64  CompilerName: GCC  CompilerVersion: 4.8.5
ProgramName: mris_thickness_diff  ProgramArguments: mris_thickness_diff -all-info  ProgramVersion: 7.4.1  TimeStamp: 2023/10/05-12:26:11-GMT  BuildTime: Jun 13 2023 22:52:23  BuildStamp: freesurfer-linux-centos7_x86_64-7.4.1-20230613-7eb8460  User: bpinsard  Machine: bc11946.int.ets1.calculquebec.ca  Platform: Linux  PlatformVersion: 3.10.0-1160.95.1.el7.x86_64  CompilerName: GCC  CompilerVersion: 4.8.5
ProgramName: mris_topo_fixer  ProgramArguments: mris_topo_fixer -all-info  ProgramVersion: 7.4.1  TimeStamp: 2023/10/05-12:26:11-GMT  BuildTime: Jun 13 2023 22:52:23  BuildStamp: freesurfer-linux-centos7_x86_64-7.4.1-20230613-7eb8460  User: bpinsard  Machine: bc11946.int.ets1.calculquebec.ca  Platform: Linux  PlatformVersion: 3.10.0-1160.95.1.el7.x86_64  CompilerName: GCC  CompilerVersion: 4.8.5
ProgramName: mri_surf2surf  ProgramArguments: mri_surf2surf -all-info  ProgramVersion: 7.4.1  TimeStamp: 2023/10/05-12:26:11-GMT  BuildTime: Jun 13 2023 22:52:23  BuildStamp: freesurfer-linux-centos7_x86_64-7.4.1-20230613-7eb8460  User: bpinsard  Machine: bc11946.int.ets1.calculquebec.ca  Platform: Linux  PlatformVersion: 3.10.0-1160.95.1.el7.x86_64  CompilerName: GCC  CompilerVersion: 4.8.5
ProgramName: mri_surf2vol  ProgramArguments: mri_surf2vol -all-info  ProgramVersion: 7.4.1  TimeStamp: 2023/10/05-12:26:11-GMT  BuildTime: Jun 13 2023 22:52:23  BuildStamp: freesurfer-linux-centos7_x86_64-7.4.1-20230613-7eb8460  User: bpinsard  Machine: bc11946.int.ets1.calculquebec.ca  Platform: Linux  PlatformVersion: 3.10.0-1160.95.1.el7.x86_64  CompilerName: GCC  CompilerVersion: 4.8.5
ProgramName: mri_surfcluster  ProgramArguments: mri_surfcluster -all-info  ProgramVersion: 7.4.1  TimeStamp: 2023/10/05-12:26:11-GMT  BuildTime: Jun 13 2023 22:52:23  BuildStamp: freesurfer-linux-centos7_x86_64-7.4.1-20230613-7eb8460  User: bpinsard  Machine: bc11946.int.ets1.calculquebec.ca  Platform: Linux  PlatformVersion: 3.10.0-1160.95.1.el7.x86_64  CompilerName: GCC  CompilerVersion: 4.8.5
ProgramName: mris_volmask  ProgramArguments: mris_volmask -all-info  ProgramVersion: 7.4.1  TimeStamp: 2023/10/05-12:26:11-GMT  BuildTime: Jun 13 2023 22:52:23  BuildStamp: freesurfer-linux-centos7_x86_64-7.4.1-20230613-7eb8460  User: bpinsard  Machine: bc11946.int.ets1.calculquebec.ca  Platform: Linux  PlatformVersion: 3.10.0-1160.95.1.el7.x86_64  CompilerName: GCC  CompilerVersion: 4.8.5
ProgramName: mri_tessellate  ProgramArguments: mri_tessellate -all-info  ProgramVersion: 7.4.1  TimeStamp: 2023/10/05-12:26:11-GMT  BuildTime: Jun 13 2023 22:52:23  BuildStamp: freesurfer-linux-centos7_x86_64-7.4.1-20230613-7eb8460  User: bpinsard  Machine: bc11946.int.ets1.calculquebec.ca  Platform: Linux  PlatformVersion: 3.10.0-1160.95.1.el7.x86_64  CompilerName: GCC  CompilerVersion: 4.8.5
ProgramName: mri_vol2surf  ProgramArguments: mri_vol2surf -all-info  ProgramVersion: 7.4.1  TimeStamp: 2023/10/05-12:26:11-GMT  BuildTime: Jun 13 2023 22:52:23  BuildStamp: freesurfer-linux-centos7_x86_64-7.4.1-20230613-7eb8460  User: bpinsard  Machine: bc11946.int.ets1.calculquebec.ca  Platform: Linux  PlatformVersion: 3.10.0-1160.95.1.el7.x86_64  CompilerName: GCC  CompilerVersion: 4.8.5
ProgramName: mri_vol2vol  ProgramArguments: mri_vol2vol -all-info  ProgramVersion: 7.4.1  TimeStamp: 2023/10/05-12:26:11-GMT  BuildTime: Jun 13 2023 22:52:23  BuildStamp: freesurfer-linux-centos7_x86_64-7.4.1-20230613-7eb8460  User: bpinsard  Machine: bc11946.int.ets1.calculquebec.ca  Platform: Linux  PlatformVersion: 3.10.0-1160.95.1.el7.x86_64  CompilerName: GCC  CompilerVersion: 4.8.5
ProgramName: mri_voldiff  ProgramArguments: mri_voldiff -all-info  ProgramVersion: 7.4.1  TimeStamp: 2023/10/05-12:26:11-GMT  BuildTime: Jun 13 2023 22:52:23  BuildStamp: freesurfer-linux-centos7_x86_64-7.4.1-20230613-7eb8460  User: bpinsard  Machine: bc11946.int.ets1.calculquebec.ca  Platform: Linux  PlatformVersion: 3.10.0-1160.95.1.el7.x86_64  CompilerName: GCC  CompilerVersion: 4.8.5
ProgramName: mri_watershed  ProgramArguments: mri_watershed -all-info  ProgramVersion: 7.4.1  TimeStamp: 2023/10/05-12:26:11-GMT  BuildTime: Jun 13 2023 22:52:23  BuildStamp: freesurfer-linux-centos7_x86_64-7.4.1-20230613-7eb8460  User: bpinsard  Machine: bc11946.int.ets1.calculquebec.ca  Platform: Linux  PlatformVersion: 3.10.0-1160.95.1.el7.x86_64  CompilerName: GCC  CompilerVersion: 4.8.5
ProgramName: tkregister2  ProgramArguments: tkregister2_cmdl -all-info  ProgramVersion: 7.4.1  TimeStamp: 2023/10/05-12:26:11-GMT  BuildTime: Jun 13 2023 22:52:23  BuildStamp: freesurfer-linux-centos7_x86_64-7.4.1-20230613-7eb8460  User: bpinsard  Machine: bc11946.int.ets1.calculquebec.ca  Platform: Linux  PlatformVersion: 3.10.0-1160.95.1.el7.x86_64  CompilerName: GCC  CompilerVersion: 4.8.5
mri_motion_correct.fsl 7.4.1
mri_convert -all-info 
ProgramName: mri_convert  ProgramArguments: mri_convert -all-info  ProgramVersion: 7.4.1  TimeStamp: 2023/10/05-12:26:11-GMT  BuildTime: Jun 13 2023 22:52:23  BuildStamp: freesurfer-linux-centos7_x86_64-7.4.1-20230613-7eb8460  User: bpinsard  Machine: bc11946.int.ets1.calculquebec.ca  Platform: Linux  PlatformVersion: 3.10.0-1160.95.1.el7.x86_64  CompilerName: GCC  CompilerVersion: 4.8.5
Program nu_correct, built from:
Package MNI N3, version 1.12.0, compiled by nicks@terrier (x86_64-unknown-linux-gnu) on 2015-06-19 at 01:25:34
#######################################
GCADIR /opt/freesurfer/average
GCA RB_all_2020-01-02.gca
GCASkull RB_all_withskull_2020_01_02.gca
AvgCurvTif folding.atlas.acfb40.noaparc.i12.2016-08-02.tif
GCSDIR /opt/freesurfer/average
GCS DKaparc.atlas.acfb40.noaparc.i12.2016-08-02.gcs
#######################################
/localscratch/bpinsard.41394482.0/freesurfer_crosssectional_autorecon1smriprep_skullstripautorecon2autorecon3_sub05_ses009.job/sub-05_ses-009

 mri_convert /localscratch/bpinsard.41394482.0/freesurfer_crosssectional_autorecon1smriprep_skullstripautorecon2autorecon3_sub05_ses009.job/sourcedata/cneuromod.anat.gradcorrect/sub-05/ses-009/anat/sub-05_ses-009_T1w.nii.gz /localscratch/bpinsard.41394482.0/freesurfer_crosssectional_autorecon1smriprep_skullstripautorecon2autorecon3_sub05_ses009.job/sub-05_ses-009/mri/orig/001.mgz 

mri_convert /localscratch/bpinsard.41394482.0/freesurfer_crosssectional_autorecon1smriprep_skullstripautorecon2autorecon3_sub05_ses009.job/sourcedata/cneuromod.anat.gradcorrect/sub-05/ses-009/anat/sub-05_ses-009_T1w.nii.gz /localscratch/bpinsard.41394482.0/freesurfer_crosssectional_autorecon1smriprep_skullstripautorecon2autorecon3_sub05_ses009.job/sub-05_ses-009/mri/orig/001.mgz 
reading from /localscratch/bpinsard.41394482.0/freesurfer_crosssectional_autorecon1smriprep_skullstripautorecon2autorecon3_sub05_ses009.job/sourcedata/cneuromod.anat.gradcorrect/sub-05/ses-009/anat/sub-05_ses-009_T1w.nii.gz...
TR=0.00, TE=0.00, TI=0.00, flip angle=0.00
i_ras = (1, 0, 0)
j_ras = (0, 1, 0)
k_ras = (0, 0, 1)
writing to /localscratch/bpinsard.41394482.0/freesurfer_crosssectional_autorecon1smriprep_skullstripautorecon2autorecon3_sub05_ses009.job/sub-05_ses-009/mri/orig/001.mgz...
#--------------------------------------------
#@# MotionCor Thu Oct  5 12:26:17 UTC 2023
Found 1 runs
/localscratch/bpinsard.41394482.0/freesurfer_crosssectional_autorecon1smriprep_skullstripautorecon2autorecon3_sub05_ses009.job/sub-05_ses-009/mri/orig/001.mgz
Checking for (invalid) multi-frame inputs...
Only one run found so motion
correction will not be performed. I'll
copy the run to rawavg and continue.

 cp /localscratch/bpinsard.41394482.0/freesurfer_crosssectional_autorecon1smriprep_skullstripautorecon2autorecon3_sub05_ses009.job/sub-05_ses-009/mri/orig/001.mgz /localscratch/bpinsard.41394482.0/freesurfer_crosssectional_autorecon1smriprep_skullstripautorecon2autorecon3_sub05_ses009.job/sub-05_ses-009/mri/rawavg.mgz 


 mri_info /localscratch/bpinsard.41394482.0/freesurfer_crosssectional_autorecon1smriprep_skullstripautorecon2autorecon3_sub05_ses009.job/sub-05_ses-009/mri/rawavg.mgz 

rawavg.mgz ========================================
Volume information for /localscratch/bpinsard.41394482.0/freesurfer_crosssectional_autorecon1smriprep_skullstripautorecon2autorecon3_sub05_ses009.job/sub-05_ses-009/mri/rawavg.mgz
          type: MGH
    dimensions: 208 x 300 x 320
   voxel sizes: 0.799995, 0.800000, 0.800000
          type: FLOAT (3)
           fov: 256.000
           dof: 1
        xstart: -83.2, xend: 83.2
        ystart: -120.0, yend: 120.0
        zstart: -128.0, zend: 128.0
            TR: 0.00 msec, TE: 0.00 msec, TI: 0.00 msec, flip angle: 0.00 degrees
       nframes: 1
       PhEncDir: UNKNOWN
       FieldStrength: 0.000000
ras xform present
    xform info: x_r =   1.0000, y_r =   0.0000, z_r =   0.0000, c_r =    -0.2020
              : x_a =   0.0000, y_a =   1.0000, z_a =   0.0000, c_a =    25.9326
              : x_s =   0.0000, y_s =   0.0000, z_s =   1.0000, c_s =   -13.9056

talairach xfm : 
Orientation   : RAS
Primary Slice Direction: axial

voxel to ras transform:
                0.8000   0.0000   0.0000   -83.4015
                0.0000   0.8000   0.0000   -94.0674
                0.0000   0.0000   0.8000  -141.9056
                0.0000   0.0000   0.0000     1.0000

voxel-to-ras determinant 0.511997

ras to voxel transform:
                1.2500   0.0000   0.0000   104.2524
                0.0000   1.2500   0.0000   117.5843
                0.0000   0.0000   1.2500   177.3820
                0.0000   0.0000   0.0000     1.0000
/localscratch/bpinsard.41394482.0/freesurfer_crosssectional_autorecon1smriprep_skullstripautorecon2autorecon3_sub05_ses009.job/sub-05_ses-009

 mri_convert /localscratch/bpinsard.41394482.0/freesurfer_crosssectional_autorecon1smriprep_skullstripautorecon2autorecon3_sub05_ses009.job/sub-05_ses-009/mri/rawavg.mgz /localscratch/bpinsard.41394482.0/freesurfer_crosssectional_autorecon1smriprep_skullstripautorecon2autorecon3_sub05_ses009.job/sub-05_ses-009/mri/orig.mgz --conform_min 

mri_convert /localscratch/bpinsard.41394482.0/freesurfer_crosssectional_autorecon1smriprep_skullstripautorecon2autorecon3_sub05_ses009.job/sub-05_ses-009/mri/rawavg.mgz /localscratch/bpinsard.41394482.0/freesurfer_crosssectional_autorecon1smriprep_skullstripautorecon2autorecon3_sub05_ses009.job/sub-05_ses-009/mri/orig.mgz --conform_min 
reading from /localscratch/bpinsard.41394482.0/freesurfer_crosssectional_autorecon1smriprep_skullstripautorecon2autorecon3_sub05_ses009.job/sub-05_ses-009/mri/rawavg.mgz...
TR=0.00, TE=0.00, TI=0.00, flip angle=0.00
i_ras = (1, 0, 0)
j_ras = (0, 1, 0)
k_ras = (0, 0, 1)
changing data type from float to uchar (noscale = 0)...
MRIchangeType: Building histogram 0 19000.1 1000, flo=0, fhi=0.999, dest_type=0
Reslicing using trilinear interpolation 
writing to /localscratch/bpinsard.41394482.0/freesurfer_crosssectional_autorecon1smriprep_skullstripautorecon2autorecon3_sub05_ses009.job/sub-05_ses-009/mri/orig.mgz...

 mri_add_xform_to_header -c /localscratch/bpinsard.41394482.0/freesurfer_crosssectional_autorecon1smriprep_skullstripautorecon2autorecon3_sub05_ses009.job/sub-05_ses-009/mri/transforms/talairach.xfm /localscratch/bpinsard.41394482.0/freesurfer_crosssectional_autorecon1smriprep_skullstripautorecon2autorecon3_sub05_ses009.job/sub-05_ses-009/mri/orig.mgz /localscratch/bpinsard.41394482.0/freesurfer_crosssectional_autorecon1smriprep_skullstripautorecon2autorecon3_sub05_ses009.job/sub-05_ses-009/mri/orig.mgz 

INFO: extension is mgz

 mri_info /localscratch/bpinsard.41394482.0/freesurfer_crosssectional_autorecon1smriprep_skullstripautorecon2autorecon3_sub05_ses009.job/sub-05_ses-009/mri/orig.mgz 

orig.mgz ========================================
Volume information for /localscratch/bpinsard.41394482.0/freesurfer_crosssectional_autorecon1smriprep_skullstripautorecon2autorecon3_sub05_ses009.job/sub-05_ses-009/mri/orig.mgz
          type: MGH
    dimensions: 320 x 320 x 320
   voxel sizes: 0.799995, 0.799995, 0.799995
          type: UCHAR (0)
           fov: 255.999
           dof: 1
        xstart: -128.0, xend: 128.0
        ystart: -128.0, yend: 128.0
        zstart: -128.0, zend: 128.0
            TR: 0.00 msec, TE: 0.00 msec, TI: 0.00 msec, flip angle: 0.00 degrees
       nframes: 1
       PhEncDir: UNKNOWN
       FieldStrength: 0.000000
ras xform present
    xform info: x_r =  -1.0000, y_r =   0.0000, z_r =   0.0000, c_r =    -0.2020
              : x_a =   0.0000, y_a =   0.0000, z_a =   1.0000, c_a =    25.9326
              : x_s =   0.0000, y_s =  -1.0000, z_s =   0.0000, c_s =   -13.9056

talairach xfm : /localscratch/bpinsard.41394482.0/freesurfer_crosssectional_autorecon1smriprep_skullstripautorecon2autorecon3_sub05_ses009.job/sub-05_ses-009/mri/transforms/talairach.xfm
Orientation   : LIA
Primary Slice Direction: coronal

voxel to ras transform:
               -0.8000   0.0000   0.0000   127.7973
                0.0000   0.0000   0.8000  -102.0667
                0.0000  -0.8000   0.0000   114.0937
                0.0000   0.0000   0.0000     1.0000

voxel-to-ras determinant -0.511991

ras to voxel transform:
               -1.2500  -0.0000  -0.0000   159.7476
               -0.0000  -0.0000  -1.2500   142.6179
               -0.0000   1.2500  -0.0000   127.5841
               -0.0000  -0.0000  -0.0000     1.0000
#--------------------------------------------
#@# Talairach Thu Oct  5 12:26:30 UTC 2023
/localscratch/bpinsard.41394482.0/freesurfer_crosssectional_autorecon1smriprep_skullstripautorecon2autorecon3_sub05_ses009.job/sub-05_ses-009/mri

 mri_nu_correct.mni --no-rescale --i orig.mgz --o orig_nu.mgz --ants-n4 --n 1 --proto-iters 1000 --distance 50 

/usr/bin/bc
/localscratch/bpinsard.41394482.0/freesurfer_crosssectional_autorecon1smriprep_skullstripautorecon2autorecon3_sub05_ses009.job/sub-05_ses-009/mri
/opt/freesurfer/bin/mri_nu_correct.mni
--no-rescale --i orig.mgz --o orig_nu.mgz --ants-n4 --n 1 --proto-iters 1000 --distance 50
nIters 1
mri_nu_correct.mni 7.4.1
Linux bc11946.int.ets1.calculquebec.ca 3.10.0-1160.95.1.el7.x86_64 #1 SMP Mon Jul 24 13:59:37 UTC 2023 x86_64 x86_64 x86_64 GNU/Linux
Thu Oct  5 12:26:30 UTC 2023
tmpdir is ./tmp.mri_nu_correct.mni.166669
cd /localscratch/bpinsard.41394482.0/freesurfer_crosssectional_autorecon1smriprep_skullstripautorecon2autorecon3_sub05_ses009.job/sub-05_ses-009/mri
AntsN4BiasFieldCorrectionFs -i orig.mgz -o ./tmp.mri_nu_correct.mni.166669/nu0.mgz --dtype uchar
AntsN4BiasFieldCorrectionFs done
mri_convert ./tmp.mri_nu_correct.mni.166669/nu0.mgz orig_nu.mgz --like orig.mgz --conform
mri_convert ./tmp.mri_nu_correct.mni.166669/nu0.mgz orig_nu.mgz --like orig.mgz --conform 
reading from ./tmp.mri_nu_correct.mni.166669/nu0.mgz...
TR=0.00, TE=0.00, TI=0.00, flip angle=0.00
i_ras = (-1, 0, 0)
j_ras = (0, 0, -1)
k_ras = (0, 1, 0)
INFO: transform src into the like-volume: orig.mgz
writing to orig_nu.mgz...
 
 
Thu Oct  5 12:35:15 UTC 2023
mri_nu_correct.mni done

 talairach_avi --i orig_nu.mgz --xfm transforms/talairach.auto.xfm --atlas 3T18yoSchwartzReactN32_as_orig 

talairach_avi log file is transforms/talairach_avi.log...
mv -f /localscratch/bpinsard.41394482.0/freesurfer_crosssectional_autorecon1smriprep_skullstripautorecon2autorecon3_sub05_ses009.job/sub-05_ses-009/mri/talsrcimg_to_3T18yoSchwartzReactN32_as_orig_t4_vox2vox.txt /localscratch/bpinsard.41394482.0/freesurfer_crosssectional_autorecon1smriprep_skullstripautorecon2autorecon3_sub05_ses009.job/sub-05_ses-009/mri/transforms/talsrcimg_to_3T18yoSchwartzReactN32_as_orig_t4_vox2vox.txt
Started at Thu Oct 5 12:35:15 UTC 2023
Ended   at Thu Oct  5 12:35:53 UTC 2023
talairach_avi done

 cp transforms/talairach.auto.xfm transforms/talairach.xfm 

lta_convert --src orig.mgz --trg /opt/freesurfer/average/mni305.cor.mgz --inxfm transforms/talairach.xfm --outlta transforms/talairach.xfm.lta --subject fsaverage --ltavox2vox
7.4.1

--src: orig.mgz src image (geometry).
--trg: /opt/freesurfer/average/mni305.cor.mgz trg image (geometry).
--inmni: transforms/talairach.xfm input MNI/XFM transform.
--outlta: transforms/talairach.xfm.lta output LTA.
--s: fsaverage subject name
--ltavox2vox: output LTA as VOX_TO_VOX transform.
 LTA read, type : 1
 1.01830  -0.12584  -0.04005   10.27336;
 0.09795   0.99186  -0.03101  -19.30966;
-0.07417   0.08741   1.00334  -32.28078;
 0.00000   0.00000   0.00000   1.00000;
setting subject to fsaverage
Writing  LTA to file transforms/talairach.xfm.lta...
lta_convert successful.
#--------------------------------------------
#@# Talairach Failure Detection Thu Oct  5 12:35:55 UTC 2023
/localscratch/bpinsard.41394482.0/freesurfer_crosssectional_autorecon1smriprep_skullstripautorecon2autorecon3_sub05_ses009.job/sub-05_ses-009/mri

 talairach_afd -T 0.005 -xfm transforms/talairach.xfm 

talairach_afd: Talairach Transform: transforms/talairach.xfm OK (p=0.4809, pval=0.1531 >= threshold=0.0050)

 awk -f /opt/freesurfer/bin/extract_talairach_avi_QA.awk /localscratch/bpinsard.41394482.0/freesurfer_crosssectional_autorecon1smriprep_skullstripautorecon2autorecon3_sub05_ses009.job/sub-05_ses-009/mri/transforms/talairach_avi.log 


 tal_QC_AZS /localscratch/bpinsard.41394482.0/freesurfer_crosssectional_autorecon1smriprep_skullstripautorecon2autorecon3_sub05_ses009.job/sub-05_ses-009/mri/transforms/talairach_avi.log 

TalAviQA: 0.88813
z-score: -20
WARNING: Talairach QA check failed!
z-score of -20 is <= threshold of -9


Manual Talairach alignment may be necessary, or
include the -notal-check flag to skip this test,
making sure the -notal-check flag follows -all
or -autorecon1 in the command string.
See:

http://surfer.nmr.mgh.harvard.edu/fswiki/FsTutorial/Talairach

INFO: Trying MINC mritotal to perform Talairach align...

#--------------------------------------------
#@# Talairach Thu Oct  5 12:35:55 UTC 2023
/localscratch/bpinsard.41394482.0/freesurfer_crosssectional_autorecon1smriprep_skullstripautorecon2autorecon3_sub05_ses009.job/sub-05_ses-009/mri

 mri_nu_correct.mni --no-rescale --i orig.mgz --o orig_nu.mgz --ants-n4 --n 1 --proto-iters 1000 --distance 50 

/usr/bin/bc
/localscratch/bpinsard.41394482.0/freesurfer_crosssectional_autorecon1smriprep_skullstripautorecon2autorecon3_sub05_ses009.job/sub-05_ses-009/mri
/opt/freesurfer/bin/mri_nu_correct.mni
--no-rescale --i orig.mgz --o orig_nu.mgz --ants-n4 --n 1 --proto-iters 1000 --distance 50
nIters 1
mri_nu_correct.mni 7.4.1
Linux bc11946.int.ets1.calculquebec.ca 3.10.0-1160.95.1.el7.x86_64 #1 SMP Mon Jul 24 13:59:37 UTC 2023 x86_64 x86_64 x86_64 GNU/Linux
Thu Oct  5 12:35:55 UTC 2023
tmpdir is ./tmp.mri_nu_correct.mni.267108
cd /localscratch/bpinsard.41394482.0/freesurfer_crosssectional_autorecon1smriprep_skullstripautorecon2autorecon3_sub05_ses009.job/sub-05_ses-009/mri
AntsN4BiasFieldCorrectionFs -i orig.mgz -o ./tmp.mri_nu_correct.mni.267108/nu0.mgz --dtype uchar
AntsN4BiasFieldCorrectionFs done
mri_convert ./tmp.mri_nu_correct.mni.267108/nu0.mgz orig_nu.mgz --like orig.mgz --conform
mri_convert ./tmp.mri_nu_correct.mni.267108/nu0.mgz orig_nu.mgz --like orig.mgz --conform 
reading from ./tmp.mri_nu_correct.mni.267108/nu0.mgz...
TR=0.00, TE=0.00, TI=0.00, flip angle=0.00
i_ras = (-1, 0, 0)
j_ras = (0, 0, -1)
k_ras = (0, 1, 0)
INFO: transform src into the like-volume: orig.mgz
writing to orig_nu.mgz...
 
 
Thu Oct  5 12:44:40 UTC 2023
mri_nu_correct.mni done

 talairach --i orig_nu.mgz --xfm transforms/talairach.auto.xfm 

/localscratch/bpinsard.41394482.0/freesurfer_crosssectional_autorecon1smriprep_skullstripautorecon2autorecon3_sub05_ses009.job/sub-05_ses-009/mri
/opt/freesurfer/bin/talairach
--i orig_nu.mgz --xfm transforms/talairach.auto.xfm
talairach 7.4.1
Linux bc11946.int.ets1.calculquebec.ca 3.10.0-1160.95.1.el7.x86_64 #1 SMP Mon Jul 24 13:59:37 UTC 2023 x86_64 x86_64 x86_64 GNU/Linux
Thu Oct  5 12:44:40 UTC 2023
tmpdir is transforms/tmp.talairach.13230
/localscratch/bpinsard.41394482.0/freesurfer_crosssectional_autorecon1smriprep_skullstripautorecon2autorecon3_sub05_ses009.job/sub-05_ses-009/mri
mri_convert orig_nu.mgz transforms/tmp.talairach.13230/src.mnc
mri_convert orig_nu.mgz transforms/tmp.talairach.13230/src.mnc 
reading from orig_nu.mgz...
TR=0.00, TE=0.00, TI=0.00, flip angle=0.00
i_ras = (-1, 0, 0)
j_ras = (0, 0, -1)
k_ras = (0, 1, 0)
writing to transforms/tmp.talairach.13230/src.mnc...
--------------------------------------------
mritotal -verbose -debug -clobber -modeldir /opt/freesurfer/mni/bin/../share/mni_autoreg -protocol icbm transforms/tmp.talairach.13230/src.mnc transforms/talairach.auto.xfm
Transforming slices:................................................................................................................................................................Done
Copying chunks:...........................................................................................................................................................................................Done.
Copying chunks:.......................................................................................................................................Done.
Transforming slices:...........................................................................................................................................................................................Done
Copying chunks:...................................................................................................................................................Done.
Copying chunks:...................................................................................................................................................Done.
Source volume size:  97  by 136  by 135 
Source voxel size =    1.600    1.600    1.600
Source min/max real range =   -0.000   63.870
Source min/max voxel=   -0.000   74.710

Target volume size:  58  by 110  by 86 
Target voxel =    2.000    2.000    2.000
Target min/max real range=    0.970  123.710
Target min/max voxel =   -0.000  123.710


AFTER init_params()
Transform matrix    =    1.0000    0.0000    0.0000    1.3601 
                         0.0000    1.0000    0.0000  -29.5348 
                         0.0000    0.0000    1.0000   24.7181 

Transform center   =   -1.032   11.944  -15.264
Transform rotations  =    0.000    0.000    0.000
Transform trans    =    1.360  -29.535   24.718
Transform scale    =    1.000    1.000    1.000
Transform shear    =    0.000    0.000    0.000

Target volume is smallest
Lattice step size  =    4.000    4.000    4.000
Lattice start      =  -85.095 -125.510  -47.250
Lattice count      =       43       55       29

Source volume size: 109  by 148  by 147 
Source voxel size =    1.600    1.600    1.600
Source min/max real range =   -0.000  100.208
Source min/max voxel=   -0.000  104.298

Target volume size:  68  by 110  by 86 
Target voxel =    2.000    2.000    2.000
Target min/max real range=   -0.000  144.070
Target min/max voxel =   -0.000  144.070


AFTER init_params()
Transform matrix    =    1.0104    0.0055    0.0271    1.6376 
                        -0.0139    0.9569    0.3252  -31.5402 
                        -0.0239   -0.3254    0.9566  -17.7753 

Transform center   =   -1.032   11.944  -15.264
Transform rotations  =   -0.328    0.024   -0.014
Transform trans    =    1.279  -37.004  -20.975
Transform scale    =    1.011    1.011    1.011
Transform shear    =    0.000   -0.000   -0.000

Target volume is smallest
Lattice step size  =    4.000    4.000    4.000
Lattice start      =  -85.095 -125.510  -57.250
Lattice count      =       43       55       34

Source volume size: 109  by 148  by 147 
Source voxel size =    1.600    1.600    1.600
Source min/max real range =    0.033   12.801
Source min/max voxel=    0.033   13.268

Target volume size:  68  by 110  by 86 
Target voxel =    2.000    2.000    2.000
Target min/max real range=    0.037   11.652
Target min/max voxel =    0.037   11.652


AFTER init_params()
Transform matrix    =    1.0697    0.0082    0.0082    1.6733 
                        -0.0100    1.0359    0.2668  -36.5547 
                        -0.0059   -0.2668    1.0359  -17.0288 

Transform center   =   -1.032   11.944  -15.264
Transform rotations  =   -0.252    0.005   -0.009
Transform trans    =    1.575  -40.187  -20.758
Transform scale    =    1.070    1.070    1.070
Transform shear    =    0.000    0.000   -0.000

Target volume is smallest
Lattice step size  =    4.000    4.000    4.000
Lattice start      =  -65.095 -105.510  -57.250
Lattice count      =       35       46       34

Source volume size: 109  by 148  by 147 
Source voxel size =    1.600    1.600    1.600
Source min/max real range =    0.033   12.801
Source min/max voxel=    0.033   13.268

Target volume size:  68  by 110  by 86 
Target voxel =    2.000    2.000    2.000
Target min/max real range=    0.037   11.652
Target min/max voxel =    0.037   11.652


AFTER init_params()
Transform matrix    =    1.1155    0.0139   -0.0078    2.0335 
                        -0.0114    1.0764    0.2931  -34.1252 
                         0.0112   -0.2930    1.0764  -14.9010 

Transform center   =   -1.032   11.944  -15.264
Transform rotations  =   -0.266   -0.010   -0.010
Transform trans    =    2.200  -37.675  -19.578
Transform scale    =    1.116    1.116    1.116
Transform shear    =   -0.000   -0.000    0.000

Target volume is smallest
Lattice step size  =    4.000    4.000    4.000
Lattice start      =  -65.095 -105.510  -57.250
Lattice count      =       35       46       34

Source volume size: 109  by 148  by 147 
Source voxel size =    1.600    1.600    1.600
Source min/max real range =    0.033   12.801
Source min/max voxel=    0.033   13.268

Target volume size:  68  by 110  by 86 
Target voxel =    2.000    2.000    2.000
Target min/max real range=    0.037   11.652
Target min/max voxel =    0.037   11.652


AFTER init_params()
Transform matrix    =    1.1092    0.0027    0.0037    1.9929 
                        -0.0035    1.0855    0.2710  -34.4668 
                        -0.0031   -0.2809    1.1251  -16.4473 

Transform center   =   -1.032   11.944  -15.264
Transform rotations  =   -0.245    0.003   -0.003
Transform trans    =    1.856  -37.579  -21.708
Transform scale    =    1.109    1.119    1.160
Transform shear    =    0.000   -0.000   -0.000

Target volume is smallest
Lattice step size  =    4.000    4.000    4.000
Lattice start      =  -65.095 -105.510  -57.250
Lattice count      =       35       46       34

Source volume size: 109  by 148  by 147 
Source voxel size =    1.600    1.600    1.600
Source min/max real range =    0.033   12.801
Source min/max voxel=    0.033   13.268

Target volume size:  68  by 110  by 86 
Target voxel =    2.000    2.000    2.000
Target min/max real range=    0.037   11.652
Target min/max voxel =    0.037   11.652


AFTER init_params()
Transform matrix    =    1.1110    0.0047    0.0093    1.8993 
                        -0.0067    1.0816    0.2517  -34.7400 
                        -0.0084   -0.2631    1.1306  -16.3700 

Transform center   =   -1.032   11.944  -15.264
Transform rotations  =   -0.229    0.007   -0.006
Transform trans    =    1.699  -37.600  -21.498
Transform scale    =    1.111    1.111    1.161
Transform shear    =    0.000   -0.000    0.000

Target volume is smallest
Lattice step size  =    4.000    4.000    4.000
Lattice start      =  -65.095 -105.510  -57.250
Lattice count      =       35       46       34

lta_convert --src orig_nu.mgz --trg /opt/freesurfer/mni/bin/../share/mni_autoreg/average_305.mnc --inxfm transforms/talairach.auto.xfm --outlta transforms/talairach.auto.xfm.lta --subject fsaverage
 
 
Thu Oct  5 12:44:52 UTC 2023
talairach done

 cp transforms/talairach.auto.xfm transforms/talairach.xfm 

lta_convert --src orig.mgz --trg /opt/freesurfer/average/mni305.cor.mgz --inxfm transforms/talairach.xfm --outlta transforms/talairach.xfm.lta --subject fsaverage --ltavox2vox
7.4.1

--src: orig.mgz src image (geometry).
--trg: /opt/freesurfer/average/mni305.cor.mgz trg image (geometry).
--inmni: transforms/talairach.xfm input MNI/XFM transform.
--outlta: transforms/talairach.xfm.lta output LTA.
--s: fsaverage subject name
--ltavox2vox: output LTA as VOX_TO_VOX transform.
 LTA read, type : 1
 1.11095   0.00469   0.00930   1.89932;
-0.00667   1.08160   0.25170  -34.74005;
-0.00835  -0.26315   1.13059  -16.37000;
 0.00000   0.00000   0.00000   1.00000;
setting subject to fsaverage
Writing  LTA to file transforms/talairach.xfm.lta...
lta_convert successful.
#--------------------------------------------
#@# Talairach Failure Detection Thu Oct  5 12:44:54 UTC 2023
/localscratch/bpinsard.41394482.0/freesurfer_crosssectional_autorecon1smriprep_skullstripautorecon2autorecon3_sub05_ses009.job/sub-05_ses-009/mri

 talairach_afd -T 0.005 -xfm transforms/talairach.xfm 

talairach_afd: Talairach Transform: transforms/talairach.xfm OK (p=0.8151, pval=0.8469 >= threshold=0.0050)
#--------------------------------------------
#@# Nu Intensity Correction Thu Oct  5 12:44:54 UTC 2023

 mri_nu_correct.mni --i orig.mgz --o nu.mgz --uchar transforms/talairach.xfm --cm --proto-iters 1000 --distance 50 --n 1 --ants-n4 

/usr/bin/bc
/localscratch/bpinsard.41394482.0/freesurfer_crosssectional_autorecon1smriprep_skullstripautorecon2autorecon3_sub05_ses009.job/sub-05_ses-009/mri
/opt/freesurfer/bin/mri_nu_correct.mni
--i orig.mgz --o nu.mgz --uchar transforms/talairach.xfm --cm --proto-iters 1000 --distance 50 --n 1 --ants-n4
nIters 1
mri_nu_correct.mni 7.4.1
Linux bc11946.int.ets1.calculquebec.ca 3.10.0-1160.95.1.el7.x86_64 #1 SMP Mon Jul 24 13:59:37 UTC 2023 x86_64 x86_64 x86_64 GNU/Linux
Thu Oct  5 12:44:54 UTC 2023
tmpdir is ./tmp.mri_nu_correct.mni.13475
cd /localscratch/bpinsard.41394482.0/freesurfer_crosssectional_autorecon1smriprep_skullstripautorecon2autorecon3_sub05_ses009.job/sub-05_ses-009/mri
AntsN4BiasFieldCorrectionFs -i orig.mgz -o ./tmp.mri_nu_correct.mni.13475/nu0.mgz --dtype uchar
AntsN4BiasFieldCorrectionFs done
mri_binarize --i ./tmp.mri_nu_correct.mni.13475/nu0.mgz --min -1 --o ./tmp.mri_nu_correct.mni.13475/ones.mgz

7.4.1
cwd /localscratch/bpinsard.41394482.0/freesurfer_crosssectional_autorecon1smriprep_skullstripautorecon2autorecon3_sub05_ses009.job/sub-05_ses-009/mri
cmdline mri_binarize --i ./tmp.mri_nu_correct.mni.13475/nu0.mgz --min -1 --o ./tmp.mri_nu_correct.mni.13475/ones.mgz 
sysname  Linux
hostname bc11946.int.ets1.calculquebec.ca
machine  x86_64
user     bpinsard

input      ./tmp.mri_nu_correct.mni.13475/nu0.mgz
frame      0
nErode3d   0
nErode2d   0
output     ./tmp.mri_nu_correct.mni.13475/ones.mgz
Binarizing based on threshold
min        -1
max        +infinity
binval        1
binvalnot     0
fstart = 0, fend = 0, nframes = 1
Starting parallel 1
Found 32768000 values in range
Counting number of voxels in first frame
Found 32767999 voxels in final mask
Writing output to ./tmp.mri_nu_correct.mni.13475/ones.mgz
Count: 32767999 16776927.222384 32768000 99.999997
mri_binarize done
mri_segstats --id 1 --seg ./tmp.mri_nu_correct.mni.13475/ones.mgz --i orig.mgz --sum ./tmp.mri_nu_correct.mni.13475/sum.junk --avgwf ./tmp.mri_nu_correct.mni.13475/input.mean.dat

7.4.1
cwd 
cmdline mri_segstats --id 1 --seg ./tmp.mri_nu_correct.mni.13475/ones.mgz --i orig.mgz --sum ./tmp.mri_nu_correct.mni.13475/sum.junk --avgwf ./tmp.mri_nu_correct.mni.13475/input.mean.dat 
sysname  Linux
hostname bc11946.int.ets1.calculquebec.ca
machine  x86_64
user     bpinsard
whitesurfname  white
UseRobust  0
Loading ./tmp.mri_nu_correct.mni.13475/ones.mgz
Loading orig.mgz
Voxel Volume is 0.511991 mm^3
Generating list of segmentation ids
Found   1 segmentations
Computing statistics for each segmentation

Reporting on   1 segmentations
Using PrintSegStat
Computing spatial average of each frame

Writing to ./tmp.mri_nu_correct.mni.13475/input.mean.dat
mri_segstats done
mri_segstats --id 1 --seg ./tmp.mri_nu_correct.mni.13475/ones.mgz --i ./tmp.mri_nu_correct.mni.13475/nu0.mgz --sum ./tmp.mri_nu_correct.mni.13475/sum.junk --avgwf ./tmp.mri_nu_correct.mni.13475/output.mean.dat

7.4.1
cwd 
cmdline mri_segstats --id 1 --seg ./tmp.mri_nu_correct.mni.13475/ones.mgz --i ./tmp.mri_nu_correct.mni.13475/nu0.mgz --sum ./tmp.mri_nu_correct.mni.13475/sum.junk --avgwf ./tmp.mri_nu_correct.mni.13475/output.mean.dat 
sysname  Linux
hostname bc11946.int.ets1.calculquebec.ca
machine  x86_64
user     bpinsard
whitesurfname  white
UseRobust  0
Loading ./tmp.mri_nu_correct.mni.13475/ones.mgz
Loading ./tmp.mri_nu_correct.mni.13475/nu0.mgz
Voxel Volume is 0.511991 mm^3
Generating list of segmentation ids
Found   1 segmentations
Computing statistics for each segmentation

Reporting on   1 segmentations
Using PrintSegStat
Computing spatial average of each frame

Writing to ./tmp.mri_nu_correct.mni.13475/output.mean.dat
mri_segstats done
mris_calc -o ./tmp.mri_nu_correct.mni.13475/nu0.mgz ./tmp.mri_nu_correct.mni.13475/nu0.mgz mul 1.21798223165864468945
Saving result to './tmp.mri_nu_correct.mni.13475/nu0.mgz' (type = MGH )                       [ ok ]
mri_convert ./tmp.mri_nu_correct.mni.13475/nu0.mgz nu.mgz --like orig.mgz
mri_convert ./tmp.mri_nu_correct.mni.13475/nu0.mgz nu.mgz --like orig.mgz 
reading from ./tmp.mri_nu_correct.mni.13475/nu0.mgz...
TR=0.00, TE=0.00, TI=0.00, flip angle=0.00
i_ras = (-1, 0, 0)
j_ras = (0, 0, -1)
k_ras = (0, 1, 0)
INFO: transform src into the like-volume: orig.mgz
writing to nu.mgz...
mri_make_uchar nu.mgz transforms/talairach.xfm nu.mgz
type change took 0 minutes and 14 seconds.
FIRST_PERCENTILE 0.010000
WM_PERCENTILE    0.900000
MAX_R 50.000000
i1 = 2, i2 = 79
#mri_make_uchar# mapping  1 37 to  3 110  :  b -0.240909 m 3.00326 : thresh 0.0802159 maxsat 84.9879 : nzero 19792416 nsat 343795
 
 
Thu Oct  5 12:54:22 UTC 2023
mri_nu_correct.mni done

 mri_add_xform_to_header -c /localscratch/bpinsard.41394482.0/freesurfer_crosssectional_autorecon1smriprep_skullstripautorecon2autorecon3_sub05_ses009.job/sub-05_ses-009/mri/transforms/talairach.xfm nu.mgz nu.mgz 

INFO: extension is mgz
#--------------------------------------------
#@# Intensity Normalization Thu Oct  5 12:54:24 UTC 2023
/localscratch/bpinsard.41394482.0/freesurfer_crosssectional_autorecon1smriprep_skullstripautorecon2autorecon3_sub05_ses009.job/sub-05_ses-009/mri

 mri_normalize -g 1 -seed 1234 -mprage -noconform nu.mgz T1.mgz 

using max gradient = 1.000
setting seed for random number genererator to 1234
assuming input volume is MGH (Van der Kouwe) MP-RAGE
not interpolating and embedding volume to be 256^3...
reading mri_src from nu.mgz...
normalizing image...
NOT doing gentle normalization with control points/label
talairach transform
 1.11095   0.00469   0.00930   1.89932;
-0.00667   1.08160   0.25170  -34.74005;
-0.00835  -0.26315   1.13059  -16.37000;
 0.00000   0.00000   0.00000   1.00000;
processing without aseg, no1d=0
MRInormInit(): 
INFO: Modifying talairach volume c_(r,a,s) based on average_305
MRInormalize(): 
MRIsplineNormalize(): npeaks = 3
Starting OpenSpline(): npoints = 3
building Voronoi diagram...
performing soap bubble smoothing, sigma = 8...

Iterating 2 times
---------------------------------
3d normalization pass 1 of 2
white matter peak found at 110
white matter peak found at 90
gm peak at 72 (72), valley at 63 (63)
csf peak at 38, setting threshold to 60
building Voronoi diagram...
performing soap bubble smoothing, sigma = 8...
---------------------------------
3d normalization pass 2 of 2
white matter peak found at 110
white matter peak found at 110
gm peak at 79 (79), valley at 37 (37)
csf peak at 40, setting threshold to 66
building Voronoi diagram...
performing soap bubble smoothing, sigma = 8...
Done iterating ---------------------------------
writing output to T1.mgz
3D bias adjustment took 7 minutes and 19 seconds.
#--------------------------------------------
#@# Skull Stripping Thu Oct  5 13:01:44 UTC 2023
/localscratch/bpinsard.41394482.0/freesurfer_crosssectional_autorecon1smriprep_skullstripautorecon2autorecon3_sub05_ses009.job/sub-05_ses-009/mri

 mri_em_register -skull nu.mgz /opt/freesurfer/average/RB_all_withskull_2020_01_02.gca transforms/talairach_with_skull.lta 

aligning to atlas containing skull, setting unknown_nbr_spacing = 5

== Number of threads available to mri_em_register for OpenMP = 4 == 
reading 1 input volumes...
logging results to talairach_with_skull.log
reading '/opt/freesurfer/average/RB_all_withskull_2020_01_02.gca'...
GCAread took 0 minutes and 1 seconds.
average std = 23.0   using min determinant for regularization = 52.8
0 singular and 9205 ill-conditioned covariance matrices regularized
reading 'nu.mgz'...
freeing gibbs priors...done.
accounting for voxel sizes in initial transform
bounding unknown intensity as < 8.9 or > 556.0 
total sample mean = 77.3 (1403 zeros)
************************************************
spacing=8, using 3292 sample points, tol=1.00e-05...
************************************************
register_mri: find_optimal_transform
find_optimal_transform: nsamples 3292, passno 0, spacing 8
resetting wm mean[0]: 100 --> 108
resetting gm mean[0]: 61 --> 61
input volume #1 is the most T1-like
using real data threshold=9.0
skull bounding box = (65, 0, 21) --> (262, 319, 212)
finding center of left hemi white matter
using (131, 106, 117) as brain centroid of Right_Cerebral_White_Matter...
MRImask(): AllowDiffGeom = 1
mean wm in atlas = 108, using box (107,66,93) --> (155, 145,140) to find MRI wm
before smoothing, mri peak at 106
robust fit to distribution - 107 +- 11.4
after smoothing, mri peak at 107, scaling input intensities by 1.009
scaling channel 0 by 1.00935
initial log_p = -4.893
************************************************
First Search limited to translation only.
************************************************
max log p =    -4.576601 @ (-10.526, 31.579, -10.526)
max log p =    -4.576601 @ (0.000, 0.000, 0.000)
max log p =    -4.549253 @ (2.632, -2.632, -2.632)
max log p =    -4.538792 @ (3.947, -3.947, 6.579)
max log p =    -4.527687 @ (0.658, 3.289, -0.658)
max log p =    -4.525310 @ (-2.961, -0.987, -4.276)
max log p =    -4.519694 @ (-1.151, 1.809, 0.822)
max log p =    -4.519694 @ (0.000, 0.000, 0.000)
Found translation: (-7.4, 29.1, -10.7): log p = -4.520
****************************************
Nine parameter search.  iteration 0 nscales = 0 ...
****************************************
Result so far: scale 1.000: max_log_p=-4.251, old_max_log_p =-4.520 (thresh=-4.5)
 0.91999   0.00000   0.00000  -24.53061;
 0.00000   0.88865   0.23811  -17.04816;
 0.00000  -0.23811   0.88865   9.49345;
 0.00000   0.00000   0.00000   1.00000;
iteration took 0 minutes and 30 seconds.
****************************************
Nine parameter search.  iteration 1 nscales = 0 ...
****************************************
Result so far: scale 1.000: max_log_p=-4.251, old_max_log_p =-4.251 (thresh=-4.2)
 0.91999   0.00000   0.00000  -24.53061;
 0.00000   0.88865   0.23811  -17.04816;
 0.00000  -0.23811   0.88865   9.49345;
 0.00000   0.00000   0.00000   1.00000;
reducing scale to 0.2500
iteration took 0 minutes and 29 seconds.
****************************************
Nine parameter search.  iteration 2 nscales = 1 ...
****************************************
Result so far: scale 0.250: max_log_p=-4.204, old_max_log_p =-4.251 (thresh=-4.2)
 0.93709   0.00316  -0.00346  -25.59831;
 0.00238   0.85506   0.23130  -11.93206;
 0.00386  -0.24020   0.90578   7.99426;
 0.00000   0.00000   0.00000   1.00000;
iteration took 0 minutes and 26 seconds.
****************************************
Nine parameter search.  iteration 3 nscales = 1 ...
****************************************
Result so far: scale 0.250: max_log_p=-4.204, old_max_log_p =-4.204 (thresh=-4.2)
 0.93709   0.00316  -0.00346  -25.59831;
 0.00238   0.85506   0.23130  -11.93206;
 0.00386  -0.24020   0.90578   7.99426;
 0.00000   0.00000   0.00000   1.00000;
reducing scale to 0.0625
iteration took 0 minutes and 26 seconds.
****************************************
Nine parameter search.  iteration 4 nscales = 2 ...
****************************************
Result so far: scale 0.062: max_log_p=-4.199, old_max_log_p =-4.204 (thresh=-4.2)
 0.93594  -0.00382  -0.00534  -24.29889;
 0.01005   0.85405   0.23099  -12.72778;
 0.00385  -0.23964   0.90366   7.83340;
 0.00000   0.00000   0.00000   1.00000;
iteration took 0 minutes and 24 seconds.
****************************************
Nine parameter search.  iteration 5 nscales = 2 ...
****************************************
Result so far: scale 0.062: max_log_p=-4.195, old_max_log_p =-4.199 (thresh=-4.2)
 0.93484  -0.00381  -0.00534  -24.55491;
 0.01009   0.85306   0.23866  -14.02219;
 0.00376  -0.24633   0.90068   9.08163;
 0.00000   0.00000   0.00000   1.00000;
iteration took 0 minutes and 24 seconds.
****************************************
Nine parameter search.  iteration 6 nscales = 2 ...
****************************************
Result so far: scale 0.062: max_log_p=-4.190, old_max_log_p =-4.195 (thresh=-4.2)
 0.93703  -0.00382  -0.00535  -24.97995;
 0.01011   0.85506   0.23922  -14.47223;
 0.00376  -0.24633   0.90068   9.08163;
 0.00000   0.00000   0.00000   1.00000;
iteration took 0 minutes and 24 seconds.
****************************************
Nine parameter search.  iteration 7 nscales = 2 ...
****************************************
Result so far: scale 0.062: max_log_p=-4.190, old_max_log_p =-4.190 (thresh=-4.2)
 0.93703  -0.00382  -0.00535  -24.97995;
 0.01011   0.85506   0.23922  -14.47223;
 0.00376  -0.24633   0.90068   9.08163;
 0.00000   0.00000   0.00000   1.00000;
min search scale 0.025000 reached
***********************************************
Computing MAP estimate using 3292 samples...
***********************************************
dt = 5.00e-06, momentum=0.80, tol=1.00e-05
l_intensity = 1.0000
Aligning input volume to GCA...
Transform matrix
 0.93703  -0.00382  -0.00535  -24.97995;
 0.01011   0.85506   0.23922  -14.47223;
 0.00376  -0.24633   0.90068   9.08163;
 0.00000   0.00000   0.00000   1.00000;
nsamples 3292
Quasinewton: input matrix
 0.93703  -0.00382  -0.00535  -24.97995;
 0.01011   0.85506   0.23922  -14.47223;
 0.00376  -0.24633   0.90068   9.08163;
 0.00000   0.00000   0.00000   1.00000;
 IFLAG= -1  LINE SEARCH FAILED. SEE DOCUMENTATION OF ROUTINE MCSRCH ERROR RETURN OF LINE SEARCH: INFO= 3 POSSIBLE CAUSES: FUNCTION OR GRADIENT ARE INCORRECT OR INCORRECT TOLERANCESoutof QuasiNewtonEMA: 010: -log(p) =   -0.0  tol 0.000010
Resulting transform:
 0.93703  -0.00382  -0.00535  -24.97995;
 0.01011   0.85506   0.23922  -14.47223;
 0.00376  -0.24633   0.90068   9.08163;
 0.00000   0.00000   0.00000   1.00000;

pass 1, spacing 8: log(p) = -4.190 (old=-4.893)
transform before final EM align:
 0.93703  -0.00382  -0.00535  -24.97995;
 0.01011   0.85506   0.23922  -14.47223;
 0.00376  -0.24633   0.90068   9.08163;
 0.00000   0.00000   0.00000   1.00000;

**************************************************
 EM alignment process ...
 Computing final MAP estimate using 364986 samples. 
**************************************************
dt = 5.00e-06, momentum=0.80, tol=1.00e-07
l_intensity = 1.0000
Aligning input volume to GCA...
Transform matrix
 0.93703  -0.00382  -0.00535  -24.97995;
 0.01011   0.85506   0.23922  -14.47223;
 0.00376  -0.24633   0.90068   9.08163;
 0.00000   0.00000   0.00000   1.00000;
nsamples 364986
Quasinewton: input matrix
 0.93703  -0.00382  -0.00535  -24.97995;
 0.01011   0.85506   0.23922  -14.47223;
 0.00376  -0.24633   0.90068   9.08163;
 0.00000   0.00000   0.00000   1.00000;
 IFLAG= -1  LINE SEARCH FAILED. SEE DOCUMENTATION OF ROUTINE MCSRCH ERROR RETURN OF LINE SEARCH: INFO= 6 POSSIBLE CAUSES: FUNCTION OR GRADIENT ARE INCORRECT OR INCORRECT TOLERANCESoutof QuasiNewtonEMA: 012: -log(p) =    4.6  tol 0.000000
final transform:
 0.93703  -0.00382  -0.00535  -24.97995;
 0.01011   0.85506   0.23922  -14.47223;
 0.00376  -0.24633   0.90068   9.08163;
 0.00000   0.00000   0.00000   1.00000;

writing output transformation to transforms/talairach_with_skull.lta...
#VMPC# mri_em_register VmPeak  959420
FSRUNTIME@ mri_em_register  0.0810 hours 4 threads
registration took 4 minutes and 52 seconds.

 mri_watershed -T1 -brain_atlas /opt/freesurfer/average/RB_all_withskull_2020_01_02.gca transforms/talairach_with_skull.lta T1.mgz brainmask.auto.mgz 


Mode:          T1 normalized volume
Mode:          Use the information of atlas (default parms, --help for details)

*********************************************************
The input file is T1.mgz
The output file is brainmask.auto.mgz
conforming input...
updating LTA to account for conformation
Weighting the input with atlas information before watershed

*************************WATERSHED**************************
Sorting...
      first estimation of the COG coord: x=139 y=85 z=115 r=94
      first estimation of the main basin volume: 3574493 voxels
      Looking for seedpoints 
        2 found in the cerebellum 
        9 found in the rest of the brain 
      global maximum in x=153, y=65, z=95, Imax=255
      CSF=16, WM_intensity=110, WM_VARIANCE=5
      WM_MIN=110, WM_HALF_MIN=110, WM_HALF_MAX=110, WM_MAX=110 
      preflooding height equal to 10 percent
done.
Analyze...

      main basin size=5243085477 voxels, voxel volume =1.000 
                     = 5243085477 mmm3 = 5243085.312 cm3
done.
PostAnalyze...Basin Prior
 11 basins merged thanks to atlas 
      ***** 0 basin(s) merged in 1 iteration(s)
      ***** 0 voxel(s) added to the main basin
done.
Weighting the input with prior template 

****************TEMPLATE DEFORMATION****************

      second estimation of the COG coord: x=129,y=91, z=106, r=10049 iterations
^^^^^^^^ couldn't find WM with original limits - expanding ^^^^^^

   GLOBAL      CSF_MIN=1, CSF_intensity=9, CSF_MAX=32 , nb = 44010
  RIGHT_CER    CSF_MIN=1, CSF_intensity=14, CSF_MAX=53 , nb = 2430
  LEFT_CER     CSF_MIN=0, CSF_intensity=9, CSF_MAX=60 , nb = 2304
 RIGHT_BRAIN   CSF_MIN=1, CSF_intensity=9, CSF_MAX=28 , nb = 21420
 LEFT_BRAIN    CSF_MIN=2, CSF_intensity=9, CSF_MAX=32 , nb = 17424
    OTHER      CSF_MIN=1, CSF_intensity=14, CSF_MAX=32 , nb = 432
   
                     CSF_MAX  TRANSITION  GM_MIN  GM
    GLOBAL     
  before analyzing :    32,      37,        45,   73
  after  analyzing :    32,      42,        45,   49
   RIGHT_CER   
  before analyzing :    53,      48,        45,   73
  after  analyzing :    38,      48,        48,   54
   LEFT_CER    
  before analyzing :    60,      50,        45,   73
  after  analyzing :    37,      50,        50,   55
  RIGHT_BRAIN  
  before analyzing :    28,      34,        45,   73
  after  analyzing :    28,      41,        45,   49
  LEFT_BRAIN   
  before analyzing :    32,      38,        46,   76
  after  analyzing :    32,      43,        46,   51
     OTHER     
  before analyzing :    32,      37,        45,   73
  after  analyzing :    32,      42,        45,   49
      mri_strip_skull: done peeling brain
      highly tesselated surface with 10242 vertices
      matching...71 iterations

*********************VALIDATION*********************
curvature mean = -0.013, std = 0.012
curvature mean = 69.014, std = 7.762

No Rigid alignment: -atlas Mode Off (basic atlas / no registration)
      before rotation: sse = 2.52, sigma = 4.85
      after  rotation: sse = 2.52, sigma = 4.85
Localization of inacurate regions: Erosion-Dilation steps
      the sse mean is  2.66, its var is  4.25   
      before Erosion-Dilatation  0.56% of inacurate vertices
      after  Erosion-Dilatation  0.00% of inacurate vertices
      Validation of the shape of the surface done.
Scaling of atlas fields onto current surface fields

********FINAL ITERATIVE TEMPLATE DEFORMATION********
Compute Local values csf/gray
Fine Segmentation...43 iterations

      mri_strip_skull: done peeling brain

Brain Size = 1658472 voxels, voxel volume = 1.000 mm3
           = 1658472 mmm3 = 1658.472 cm3
INFO: MRImask() using MRImaskDifferentGeometry()


******************************
Saving brainmask.auto.mgz
done
mri_watershed done

 cp brainmask.auto.mgz brainmask.mgz 


Started at Thu Oct 5 12:26:09 UTC 2023 
Ended   at Thu Oct 5 13:07:04 UTC 2023
#@#%# recon-all-run-time-hours 0.682
recon-all -s sub-05_ses-009 finished without error at Thu Oct  5 13:07:04 UTC 2023
