status file for recon-all
Thu Oct  5 12:54:14 UTC 2023
#@# MotionCor Thu Oct  5 12:54:21 UTC 2023
#@# Talairach Thu Oct  5 12:54:37 UTC 2023
#@# Talairach Failure Detection Thu Oct  5 13:04:13 UTC 2023
#@# Nu Intensity Correction Thu Oct  5 13:04:13 UTC 2023
#@# Intensity Normalization Thu Oct  5 13:13:51 UTC 2023
#@# Skull Stripping Thu Oct  5 13:21:05 UTC 2023
recon-all -s sub-06_ses-012 finished without error at Thu Oct  5 13:26:32 UTC 2023



#New# invocation of recon-all 



status file for recon-all
Thu Oct  5 13:52:00 UTC 2023
#@# EM Registration Thu Oct  5 13:52:00 UTC 2023
#@# CA Normalize Thu Oct  5 13:56:28 UTC 2023
#@# CA Reg Thu Oct  5 13:59:56 UTC 2023
#@# SubCort Seg Thu Oct  5 15:19:25 UTC 2023
#@# CC Seg Thu Oct  5 16:56:11 UTC 2023
#@# Merge ASeg Thu Oct  5 16:57:45 UTC 2023
#@# Intensity Normalization2 Thu Oct  5 16:57:45 UTC 2023
#@# Mask BFS Thu Oct  5 17:05:48 UTC 2023
#@# WM Segmentation Thu Oct  5 17:05:50 UTC 2023
#@# Fill Thu Oct  5 17:13:30 UTC 2023
#@# Tessellate lh Thu Oct  5 17:16:44 UTC 2023
#@# Tessellate rh Thu Oct  5 17:16:53 UTC 2023
#@# Smooth1 lh Thu Oct  5 17:17:02 UTC 2023
#@# Smooth1 rh Thu Oct  5 17:17:08 UTC 2023
#@# Inflation1 lh Thu Oct  5 17:17:13 UTC 2023
#@# Inflation1 rh Thu Oct  5 17:17:43 UTC 2023
#@# QSphere lh Thu Oct  5 17:18:13 UTC 2023
#@# QSphere rh Thu Oct  5 17:20:37 UTC 2023
#@# Fix Topology lh Thu Oct  5 17:22:56 UTC 2023
#@# Fix Topology rh Thu Oct  5 17:23:53 UTC 2023
#@# Smooth2 lh Thu Oct  5 17:48:55 UTC 2023
#@# Smooth2 rh Thu Oct  5 17:49:02 UTC 2023
#@# Inflation2 lh Thu Oct  5 17:49:08 UTC 2023
#@# Inflation2 rh Thu Oct  5 17:49:46 UTC 2023
#@# Curv .H and .K lh Thu Oct  5 17:50:24 UTC 2023
#@# Curv .H and .K rh Thu Oct  5 17:52:08 UTC 2023
recon-all -s sub-06_ses-012 finished without error at Thu Oct  5 17:53:56 UTC 2023



#New# invocation of recon-all 



status file for recon-all
Thu Oct  5 17:54:42 UTC 2023
#@# Sphere lh Thu Oct  5 17:54:42 UTC 2023
#@# Sphere rh Thu Oct  5 18:05:18 UTC 2023
#@# Surf Reg lh Thu Oct  5 18:26:21 UTC 2023
#@# Surf Reg rh Thu Oct  5 18:36:13 UTC 2023
#@# Jacobian white lh Thu Oct  5 18:52:32 UTC 2023
#@# Jacobian white rh Thu Oct  5 18:52:33 UTC 2023
#@# AvgCurv lh Thu Oct  5 18:52:35 UTC 2023
#@# AvgCurv rh Thu Oct  5 18:52:37 UTC 2023
#@# Cortical Parc lh Thu Oct  5 18:52:39 UTC 2023
#@# Cortical Parc rh Thu Oct  5 18:53:02 UTC 2023
#@# white curv lh Thu Oct  5 19:19:03 UTC 2023
#@# white area lh Thu Oct  5 19:19:07 UTC 2023
#@# pial curv lh Thu Oct  5 19:19:08 UTC 2023
#@# pial area lh Thu Oct  5 19:19:12 UTC 2023
#@# thickness lh Thu Oct  5 19:19:14 UTC 2023
#@# area and vertex vol lh Thu Oct  5 19:20:24 UTC 2023
#@# white curv rh Thu Oct  5 19:20:28 UTC 2023
#@# white area rh Thu Oct  5 19:20:32 UTC 2023
#@# pial curv rh Thu Oct  5 19:20:34 UTC 2023
#@# pial area rh Thu Oct  5 19:20:37 UTC 2023
#@# thickness rh Thu Oct  5 19:20:39 UTC 2023
#@# area and vertex vol rh Thu Oct  5 19:21:52 UTC 2023
#@# Curvature Stats lh Thu Oct  5 19:21:56 UTC 2023
#@# Curvature Stats rh Thu Oct  5 19:22:02 UTC 2023
#@# Cortical ribbon mask Thu Oct  5 19:22:08 UTC 2023
#@# Cortical Parc 2 lh Thu Oct  5 20:00:27 UTC 2023
#@# Cortical Parc 2 rh Thu Oct  5 20:00:59 UTC 2023
#@# Cortical Parc 3 lh Thu Oct  5 20:01:32 UTC 2023
#@# Cortical Parc 3 rh Thu Oct  5 20:01:56 UTC 2023
#@# WM/GM Contrast lh Thu Oct  5 20:02:19 UTC 2023
#@# WM/GM Contrast rh Thu Oct  5 20:02:26 UTC 2023
#@# Relabel Hypointensities Thu Oct  5 20:02:33 UTC 2023
#@# APas-to-ASeg Thu Oct  5 20:03:19 UTC 2023
#@# AParc-to-ASeg aparc Thu Oct  5 20:03:49 UTC 2023
#@# AParc-to-ASeg aparc.a2009s Thu Oct  5 20:09:22 UTC 2023
#@# AParc-to-ASeg aparc.DKTatlas Thu Oct  5 20:14:49 UTC 2023
#@# WMParc Thu Oct  5 20:20:15 UTC 2023
#@# Parcellation Stats lh Thu Oct  5 20:28:00 UTC 2023
#@# Parcellation Stats rh Thu Oct  5 20:29:19 UTC 2023
#@# Parcellation Stats 2 lh Thu Oct  5 20:30:44 UTC 2023
#@# Parcellation Stats 2 rh Thu Oct  5 20:31:27 UTC 2023
#@# Parcellation Stats 3 lh Thu Oct  5 20:32:12 UTC 2023
#@# Parcellation Stats 3 rh Thu Oct  5 20:32:52 UTC 2023
#@# ASeg Stats Thu Oct  5 20:33:35 UTC 2023
#@# BA_exvivo Labels lh Thu Oct  5 20:35:23 UTC 2023
#@# BA_exvivo Labels rh Thu Oct  5 20:41:42 UTC 2023
recon-all -s sub-06_ses-012 finished without error at Thu Oct  5 20:48:11 UTC 2023
