Log file for defect2seg
Wed Oct 11 05:44:46 UTC 2023

setenv SUBJECTS_DIR /localscratch/bpinsard.41498737.0/freesurfer_crosssectional_autorecon1smriprep_skullstripautorecon2autorecon3_sub06_ses014.job
cd /localscratch/bpinsard.41498737.0/freesurfer_crosssectional_autorecon1smriprep_skullstripautorecon2autorecon3_sub06_ses014.job/sub-06_ses-014/scripts
/opt/freesurfer/bin/defect2seg --s sub-06_ses-014 --cortex

freesurfer-linux-centos7_x86_64-7.4.1-20230613-7eb8460
defect2seg 7.4.1
Linux bc12203.int.ets1.calculquebec.ca 3.10.0-1160.95.1.el7.x86_64 #1 SMP Mon Jul 24 13:59:37 UTC 2023 x86_64 x86_64 x86_64 GNU/Linux
pid 27577
mri_label2label --label-cortex /localscratch/bpinsard.41498737.0/freesurfer_crosssectional_autorecon1smriprep_skullstripautorecon2autorecon3_sub06_ses014.job/sub-06_ses-014/surf/lh.orig.nofix /localscratch/bpinsard.41498737.0/freesurfer_crosssectional_autorecon1smriprep_skullstripautorecon2autorecon3_sub06_ses014.job/sub-06_ses-014/mri/aseg.presurf.mgz 0 /localscratch/bpinsard.41498737.0/freesurfer_crosssectional_autorecon1smriprep_skullstripautorecon2autorecon3_sub06_ses014.job/sub-06_ses-014/label/lh.nofix.cortex.label

 Generating cortex label... RemoveHipAmgy=0
 NucAccIsMedialWall=0
 mris->useRealRAS=0
27 non-cortical segments detected
only using segment with 10874 vertices
erasing segment 0 (vno[0] = 14905)
erasing segment 1 (vno[0] = 42312)
erasing segment 3 (vno[0] = 73949)
erasing segment 4 (vno[0] = 75220)
erasing segment 5 (vno[0] = 79322)
erasing segment 6 (vno[0] = 82409)
erasing segment 7 (vno[0] = 85644)
erasing segment 8 (vno[0] = 107385)
erasing segment 9 (vno[0] = 126213)
erasing segment 10 (vno[0] = 126241)
erasing segment 11 (vno[0] = 126322)
erasing segment 12 (vno[0] = 127586)
erasing segment 13 (vno[0] = 127687)
erasing segment 14 (vno[0] = 127696)
erasing segment 15 (vno[0] = 128918)
erasing segment 16 (vno[0] = 128936)
erasing segment 17 (vno[0] = 129086)
erasing segment 18 (vno[0] = 130160)
erasing segment 19 (vno[0] = 130427)
erasing segment 20 (vno[0] = 130440)
erasing segment 21 (vno[0] = 133152)
erasing segment 22 (vno[0] = 143202)
erasing segment 23 (vno[0] = 143228)
erasing segment 24 (vno[0] = 147353)
erasing segment 25 (vno[0] = 178056)
erasing segment 26 (vno[0] = 178919)
mri_label2vol --defects /localscratch/bpinsard.41498737.0/freesurfer_crosssectional_autorecon1smriprep_skullstripautorecon2autorecon3_sub06_ses014.job/sub-06_ses-014/surf/lh.orig.nofix /localscratch/bpinsard.41498737.0/freesurfer_crosssectional_autorecon1smriprep_skullstripautorecon2autorecon3_sub06_ses014.job/sub-06_ses-014/surf/lh.defect_labels /localscratch/bpinsard.41498737.0/freesurfer_crosssectional_autorecon1smriprep_skullstripautorecon2autorecon3_sub06_ses014.job/sub-06_ses-014/mri/orig.mgz 1000 0 /localscratch/bpinsard.41498737.0/freesurfer_crosssectional_autorecon1smriprep_skullstripautorecon2autorecon3_sub06_ses014.job/sub-06_ses-014/mri/surface.defects.mgz /localscratch/bpinsard.41498737.0/freesurfer_crosssectional_autorecon1smriprep_skullstripautorecon2autorecon3_sub06_ses014.job/sub-06_ses-014/label/lh.nofix.cortex.label
mri_label2vol supposed to be reproducible but seed not set
Contraining to label /localscratch/bpinsard.41498737.0/freesurfer_crosssectional_autorecon1smriprep_skullstripautorecon2autorecon3_sub06_ses014.job/sub-06_ses-014/label/lh.nofix.cortex.label
Changing input type 0 to MRI_INT
Converting defects to volume: offset=1000, merge=0
Writing to /localscratch/bpinsard.41498737.0/freesurfer_crosssectional_autorecon1smriprep_skullstripautorecon2autorecon3_sub06_ses014.job/sub-06_ses-014/mri/surface.defects.mgz
mris_defects_pointset -s /localscratch/bpinsard.41498737.0/freesurfer_crosssectional_autorecon1smriprep_skullstripautorecon2autorecon3_sub06_ses014.job/sub-06_ses-014/surf/lh.orig.nofix -d /localscratch/bpinsard.41498737.0/freesurfer_crosssectional_autorecon1smriprep_skullstripautorecon2autorecon3_sub06_ses014.job/sub-06_ses-014/surf/lh.defect_labels -o /localscratch/bpinsard.41498737.0/freesurfer_crosssectional_autorecon1smriprep_skullstripautorecon2autorecon3_sub06_ses014.job/sub-06_ses-014/surf/lh.defects.pointset --label /localscratch/bpinsard.41498737.0/freesurfer_crosssectional_autorecon1smriprep_skullstripautorecon2autorecon3_sub06_ses014.job/sub-06_ses-014/label/lh.nofix.cortex.label
Reading in surface /localscratch/bpinsard.41498737.0/freesurfer_crosssectional_autorecon1smriprep_skullstripautorecon2autorecon3_sub06_ses014.job/sub-06_ses-014/surf/lh.orig.nofix
Reading in defect segmentation /localscratch/bpinsard.41498737.0/freesurfer_crosssectional_autorecon1smriprep_skullstripautorecon2autorecon3_sub06_ses014.job/sub-06_ses-014/surf/lh.defect_labels
Reading in label /localscratch/bpinsard.41498737.0/freesurfer_crosssectional_autorecon1smriprep_skullstripautorecon2autorecon3_sub06_ses014.job/sub-06_ses-014/label/lh.nofix.cortex.label
#VMPC# mris_defects_pointset 537872
mris_defects_pointset done
mri_label2label --label-cortex /localscratch/bpinsard.41498737.0/freesurfer_crosssectional_autorecon1smriprep_skullstripautorecon2autorecon3_sub06_ses014.job/sub-06_ses-014/surf/rh.orig.nofix /localscratch/bpinsard.41498737.0/freesurfer_crosssectional_autorecon1smriprep_skullstripautorecon2autorecon3_sub06_ses014.job/sub-06_ses-014/mri/aseg.presurf.mgz 0 /localscratch/bpinsard.41498737.0/freesurfer_crosssectional_autorecon1smriprep_skullstripautorecon2autorecon3_sub06_ses014.job/sub-06_ses-014/label/rh.nofix.cortex.label

 Generating cortex label... RemoveHipAmgy=0
 NucAccIsMedialWall=0
 mris->useRealRAS=0
31 non-cortical segments detected
only using segment with 10749 vertices
erasing segment 0 (vno[0] = 46167)
erasing segment 2 (vno[0] = 71696)
erasing segment 3 (vno[0] = 86778)
erasing segment 4 (vno[0] = 92089)
erasing segment 5 (vno[0] = 105337)
erasing segment 6 (vno[0] = 117438)
erasing segment 7 (vno[0] = 118780)
erasing segment 8 (vno[0] = 119900)
erasing segment 9 (vno[0] = 129808)
erasing segment 10 (vno[0] = 131104)
erasing segment 11 (vno[0] = 133876)
erasing segment 12 (vno[0] = 135302)
erasing segment 13 (vno[0] = 135415)
erasing segment 14 (vno[0] = 136583)
erasing segment 15 (vno[0] = 136672)
erasing segment 16 (vno[0] = 136778)
erasing segment 17 (vno[0] = 136995)
erasing segment 18 (vno[0] = 138107)
erasing segment 19 (vno[0] = 139676)
erasing segment 20 (vno[0] = 141278)
erasing segment 21 (vno[0] = 141378)
erasing segment 22 (vno[0] = 143238)
erasing segment 23 (vno[0] = 144866)
erasing segment 24 (vno[0] = 147343)
erasing segment 25 (vno[0] = 156505)
erasing segment 26 (vno[0] = 165033)
erasing segment 27 (vno[0] = 172504)
erasing segment 28 (vno[0] = 175074)
erasing segment 29 (vno[0] = 175961)
erasing segment 30 (vno[0] = 178549)
mri_label2vol --defects /localscratch/bpinsard.41498737.0/freesurfer_crosssectional_autorecon1smriprep_skullstripautorecon2autorecon3_sub06_ses014.job/sub-06_ses-014/surf/rh.orig.nofix /localscratch/bpinsard.41498737.0/freesurfer_crosssectional_autorecon1smriprep_skullstripautorecon2autorecon3_sub06_ses014.job/sub-06_ses-014/surf/rh.defect_labels /localscratch/bpinsard.41498737.0/freesurfer_crosssectional_autorecon1smriprep_skullstripautorecon2autorecon3_sub06_ses014.job/sub-06_ses-014/mri/surface.defects.mgz 2000 1 /localscratch/bpinsard.41498737.0/freesurfer_crosssectional_autorecon1smriprep_skullstripautorecon2autorecon3_sub06_ses014.job/sub-06_ses-014/mri/surface.defects.mgz /localscratch/bpinsard.41498737.0/freesurfer_crosssectional_autorecon1smriprep_skullstripautorecon2autorecon3_sub06_ses014.job/sub-06_ses-014/label/rh.nofix.cortex.label
mri_label2vol supposed to be reproducible but seed not set
Contraining to label /localscratch/bpinsard.41498737.0/freesurfer_crosssectional_autorecon1smriprep_skullstripautorecon2autorecon3_sub06_ses014.job/sub-06_ses-014/label/rh.nofix.cortex.label
Converting defects to volume: offset=2000, merge=1
Writing to /localscratch/bpinsard.41498737.0/freesurfer_crosssectional_autorecon1smriprep_skullstripautorecon2autorecon3_sub06_ses014.job/sub-06_ses-014/mri/surface.defects.mgz
mris_defects_pointset -s /localscratch/bpinsard.41498737.0/freesurfer_crosssectional_autorecon1smriprep_skullstripautorecon2autorecon3_sub06_ses014.job/sub-06_ses-014/surf/rh.orig.nofix -d /localscratch/bpinsard.41498737.0/freesurfer_crosssectional_autorecon1smriprep_skullstripautorecon2autorecon3_sub06_ses014.job/sub-06_ses-014/surf/rh.defect_labels -o /localscratch/bpinsard.41498737.0/freesurfer_crosssectional_autorecon1smriprep_skullstripautorecon2autorecon3_sub06_ses014.job/sub-06_ses-014/surf/rh.defects.pointset --label /localscratch/bpinsard.41498737.0/freesurfer_crosssectional_autorecon1smriprep_skullstripautorecon2autorecon3_sub06_ses014.job/sub-06_ses-014/label/rh.nofix.cortex.label
Reading in surface /localscratch/bpinsard.41498737.0/freesurfer_crosssectional_autorecon1smriprep_skullstripautorecon2autorecon3_sub06_ses014.job/sub-06_ses-014/surf/rh.orig.nofix
Reading in defect segmentation /localscratch/bpinsard.41498737.0/freesurfer_crosssectional_autorecon1smriprep_skullstripautorecon2autorecon3_sub06_ses014.job/sub-06_ses-014/surf/rh.defect_labels
Reading in label /localscratch/bpinsard.41498737.0/freesurfer_crosssectional_autorecon1smriprep_skullstripautorecon2autorecon3_sub06_ses014.job/sub-06_ses-014/label/rh.nofix.cortex.label
#VMPC# mris_defects_pointset 453952
mris_defects_pointset done
 
Started at Wed Oct 11 05:44:46 UTC 2023 
Ended   at Wed Oct 11 05:45:57 UTC 2023
Defect2seg-Run-Time-Sec 71
Defect2seg-Run-Time-Min 1.42
Defect2seg-Run-Time-Hours 0.02
 
defect2seg Done
