status file for recon-all
Sat Oct 14 07:37:52 UTC 2023
#@# MotionCor Sat Oct 14 07:38:29 UTC 2023
#@# Talairach Sat Oct 14 07:38:29 UTC 2023
#@# Talairach Failure Detection Sat Oct 14 07:38:31 UTC 2023
#@# Nu Intensity Correction Sat Oct 14 07:38:31 UTC 2023
#@# Intensity Normalization Sat Oct 14 07:47:56 UTC 2023
#@# Skull Stripping Sat Oct 14 08:02:54 UTC 2023
#@# EM Registration Sat Oct 14 08:03:00 UTC 2023
#@# CA Normalize Sat Oct 14 08:03:00 UTC 2023
#@# CA Reg Sat Oct 14 08:07:08 UTC 2023
#@# SubCort Seg Sat Oct 14 08:29:34 UTC 2023
#@# CC Seg Sat Oct 14 08:40:03 UTC 2023
#@# Merge ASeg Sat Oct 14 08:41:19 UTC 2023
#@# Intensity Normalization2 Sat Oct 14 08:41:19 UTC 2023
#@# Mask BFS Sat Oct 14 08:47:42 UTC 2023
#@# WM Segmentation Sat Oct 14 08:47:49 UTC 2023
#@# Smooth2 lh Sat Oct 14 09:05:19 UTC 2023
#@# Smooth2 rh Sat Oct 14 09:05:24 UTC 2023
#@# Inflation2 lh Sat Oct 14 09:05:30 UTC 2023
#@# Inflation2 rh Sat Oct 14 09:05:52 UTC 2023
#@# Curv .H and .K lh Sat Oct 14 09:06:16 UTC 2023
#@# Curv .H and .K rh Sat Oct 14 09:07:53 UTC 2023
#@# Sphere lh Sat Oct 14 09:09:33 UTC 2023
#@# Sphere rh Sat Oct 14 09:09:33 UTC 2023
#@# Surf Reg lh Sat Oct 14 09:09:33 UTC 2023
#@# Surf Reg rh Sat Oct 14 09:12:41 UTC 2023
#@# Jacobian white lh Sat Oct 14 09:21:22 UTC 2023
#@# Jacobian white rh Sat Oct 14 09:21:23 UTC 2023
#@# AvgCurv lh Sat Oct 14 09:21:25 UTC 2023
#@# AvgCurv rh Sat Oct 14 09:21:26 UTC 2023
#@# Cortical Parc lh Sat Oct 14 09:21:27 UTC 2023
#@# Cortical Parc rh Sat Oct 14 09:21:43 UTC 2023
#@# white curv lh Sat Oct 14 09:38:08 UTC 2023
#@# white area lh Sat Oct 14 09:38:11 UTC 2023
#@# pial curv lh Sat Oct 14 09:38:12 UTC 2023
#@# pial area lh Sat Oct 14 09:38:16 UTC 2023
#@# thickness lh Sat Oct 14 09:38:17 UTC 2023
#@# area and vertex vol lh Sat Oct 14 09:39:21 UTC 2023
#@# white curv rh Sat Oct 14 09:39:23 UTC 2023
#@# white area rh Sat Oct 14 09:39:27 UTC 2023
#@# pial curv rh Sat Oct 14 09:39:28 UTC 2023
#@# pial area rh Sat Oct 14 09:39:32 UTC 2023
#@# thickness rh Sat Oct 14 09:39:33 UTC 2023
#@# area and vertex vol rh Sat Oct 14 09:40:39 UTC 2023
#@# Curvature Stats lh Sat Oct 14 09:40:42 UTC 2023
#@# Curvature Stats rh Sat Oct 14 09:40:47 UTC 2023
#@# Cortical ribbon mask Sat Oct 14 09:40:53 UTC 2023
#@# Cortical Parc 2 lh Sat Oct 14 10:02:36 UTC 2023
#@# Cortical Parc 2 rh Sat Oct 14 10:02:57 UTC 2023
#@# Cortical Parc 3 lh Sat Oct 14 10:03:19 UTC 2023
#@# Cortical Parc 3 rh Sat Oct 14 10:03:37 UTC 2023
#@# WM/GM Contrast lh Sat Oct 14 10:03:55 UTC 2023
#@# WM/GM Contrast rh Sat Oct 14 10:04:02 UTC 2023
#@# Relabel Hypointensities Sat Oct 14 10:04:10 UTC 2023
#@# APas-to-ASeg Sat Oct 14 10:04:48 UTC 2023
#@# AParc-to-ASeg aparc Sat Oct 14 10:05:19 UTC 2023
#@# AParc-to-ASeg aparc.a2009s Sat Oct 14 10:09:40 UTC 2023
#@# AParc-to-ASeg aparc.DKTatlas Sat Oct 14 10:13:57 UTC 2023
#@# WMParc Sat Oct 14 10:18:10 UTC 2023
#@# Parcellation Stats lh Sat Oct 14 10:23:58 UTC 2023
#@# Parcellation Stats rh Sat Oct 14 10:25:09 UTC 2023
#@# Parcellation Stats 2 lh Sat Oct 14 10:26:24 UTC 2023
#@# Parcellation Stats 2 rh Sat Oct 14 10:27:00 UTC 2023
#@# Parcellation Stats 3 lh Sat Oct 14 10:27:39 UTC 2023
#@# Parcellation Stats 3 rh Sat Oct 14 10:28:14 UTC 2023
#@# ASeg Stats Sat Oct 14 10:28:52 UTC 2023
#@# BA_exvivo Labels lh Sat Oct 14 10:30:12 UTC 2023
#@# BA_exvivo Labels rh Sat Oct 14 10:35:21 UTC 2023
recon-all -s sub-06_ses-014.long.sub-06 finished without error at Sat Oct 14 10:40:13 UTC 2023
