/localscratch/bpinsard.41394449.0/freesurfer_crosssectional_autorecon1smriprep_skullstripautorecon2autorecon3_sub02_ses009.job/sub-02_ses-009/mri
/opt/freesurfer/bin/talairach_avi
--i orig_nu.mgz --xfm transforms/talairach.auto.xfm --atlas 3T18yoSchwartzReactN32_as_orig
talairach_avi 7.4.1
Linux bc11934.int.ets1.calculquebec.ca 3.10.0-1160.95.1.el7.x86_64 #1 SMP Mon Jul 24 13:59:37 UTC 2023 x86_64 x86_64 x86_64 GNU/Linux
Thu Oct  5 11:51:59 UTC 2023
mri_convert orig_nu.mgz talsrcimg.img 
reading from orig_nu.mgz...
TR=0.00, TE=0.00, TI=0.00, flip angle=0.00
i_ras = (-1, 0, 0)
j_ras = (0, 0, -1)
k_ras = (0, 1, 0)
writing to talsrcimg.img...
Analyze Output Matrix
-0.80000   0.00000   0.00000   128.59731;
 0.00000   0.00000   0.80000  -102.86667;
 0.00000  -0.80000   0.00000   114.89365;
 0.00000   0.00000   0.00000   1.00000;
--------------------
INFO: set hdr.hist.orient to -1
mpr2mni305 talsrcimg
Thu Oct  5 11:52:00 UTC 2023
/opt/freesurfer/bin/mpr2mni305 talsrcimg
mpr2mni305 7.4.1
target=3T18yoSchwartzReactN32_as_orig

---------------------------------------------------------------------
analyzeto4dfp talsrcimg -O0 -y
---------------------------------------------------------------------

freesurfer ifh2hdr.c
Thu Oct  5 11:52:00 2023
Writing: talsrcimg.4dfp.hdr
freesurfer analyzeto4dfp.c
Reading: talsrcimg.hdr
header size 348 bytes
hdr.dime.datatype	offset=70	value=2
hdr.dime.bitpix		offset=72	value=8
hdr.hist.orient		offset=252	value=-1
dimensionality     4
dimensions       320       320       320         1
Reading: talsrcimg.img
Writing: talsrcimg.4dfp.img
Writing: talsrcimg.4dfp.ifh
ifh2hdr talsrcimg -r0to210
ori=2

---------------------------------------------------------------------
gauss_4dfp talsrcimg 1.1
---------------------------------------------------------------------

freesurfer gauss_4dfp.c
Reading: talsrcimg.4dfp.img
Writing: talsrcimg_g11.4dfp.img
image dimensions 320 320 320 padded to 384 384 384
processing volume 1freesurfer ifh2hdr.c
Thu Oct  5 11:52:15 2023
Writing: talsrcimg_g11.4dfp.hdr

Writing: talsrcimg_g11.4dfp.ifh
including: talsrcimg.4dfp.img.rec in talsrcimg_g11.4dfp.img.rec

---------------------------------------------------------------------
imgreg_4dfp /opt/freesurfer/average/3T18yoSchwartzReactN32_as_orig none talsrcimg_g11 none talsrcimg_to_3T18yoSchwartzReactN32_as_orig_t4 4355
---------------------------------------------------------------------

freesurfer imgreg_4dfp.c
/opt/freesurfer/average/3T18yoSchwartzReactN32_as_orig.4dfp.img
       256       256       256         1
  1.000000  1.000000  1.000000
orientation T byte_order littleendian
Reading image: /opt/freesurfer/average/3T18yoSchwartzReactN32_as_orig.4dfp.img
dimensions:      256       256       256
mmppix:       1.0000   -1.0000   -1.0000
center:     128.0000 -129.0000 -129.0000
talsrcimg_g11.4dfp.img
       320       320       320         1
  0.799995  0.799995  0.799995
orientation T byte_order littleendian
Reading image: talsrcimg_g11.4dfp.img
dimensions:      320       320       320
mmppix:       0.8000   -0.8000   -0.8000
center:     127.9992 -128.7992 -128.7992
t4_read: open error in t4_sub.f l:  46 t4_file(1:l)talsrcimg_to_3T18yoSchwartzReactN32_as_orig_t4 
t4_read: transform initialized to I4
rotation matrix determinant  1.000000
image alignment mode   4355 decimal     1103 hex
   -7.5000  -45.0000  -45.0000 9998.3447   21.8225
    0.0000  -45.0000  -45.000010462.7705   21.8326
    7.5000  -45.0000  -45.0000 9896.4609   21.8635
   -7.5000  -37.5000  -45.000010211.0732   23.3061
    0.0000  -37.5000  -45.000010709.2246   23.3019
    7.5000  -37.5000  -45.000010131.5498   23.3094
   -7.5000  -30.0000  -45.000010778.3408   24.0191
    0.0000  -30.0000  -45.000011309.4805   24.0140
    7.5000  -30.0000  -45.000010698.3809   24.0246
   -7.5000  -22.5000  -45.000011288.5488   24.6069
    0.0000  -22.5000  -45.000011849.1982   24.6075
    7.5000  -22.5000  -45.000011217.0752   24.6265
   -7.5000  -15.0000  -45.000011747.4248   25.1276
    0.0000  -15.0000  -45.000012337.8213   25.1383
    7.5000  -15.0000  -45.000011677.7656   25.1682
   -7.5000   -7.5000  -45.000012166.3711   25.6737
    0.0000   -7.5000  -45.000012771.6162   25.6888
    7.5000   -7.5000  -45.000012104.5234   25.7256
   -7.5000    0.0000  -45.000012619.4609   26.4639
    0.0000    0.0000  -45.000013246.3350   26.4750
    7.5000    0.0000  -45.000012586.6074   26.5129
   -7.5000    7.5000  -45.000012405.0020   28.2916
    0.0000    7.5000  -45.000013038.1660   28.2854
    7.5000    7.5000  -45.000012355.5283   28.2950
   -7.5000   15.0000  -45.000012270.9297   30.4000
    0.0000   15.0000  -45.000012899.3301   30.3867
    7.5000   15.0000  -45.000012223.6641   30.3810
   -7.5000   22.5000  -45.000011962.5225   32.3730
    0.0000   22.5000  -45.000012561.8789   32.3526
    7.5000   22.5000  -45.000011911.1270   32.3538
   -7.5000   30.0000  -45.000011453.1104   34.1309
    0.0000   30.0000  -45.000012025.8369   34.1103
    7.5000   30.0000  -45.000011419.5645   34.1122
   -7.5000   37.5000  -45.000011282.3945   36.0130
    0.0000   37.5000  -45.000011812.4023   35.9747
    7.5000   37.5000  -45.000011247.8477   35.9773
   -7.5000   45.0000  -45.000010576.4600   37.5446
    0.0000   45.0000  -45.000011057.5986   37.4840
    7.5000   45.0000  -45.000010547.6426   37.4787
   -7.5000  -45.0000  -37.500010427.5996   21.8022
    0.0000  -45.0000  -37.500010885.5771   21.8157
    7.5000  -45.0000  -37.500010288.8916   21.8429
   -7.5000  -37.5000  -37.500010663.5938   23.2848
    0.0000  -37.5000  -37.500011150.5801   23.2847
    7.5000  -37.5000  -37.500010539.9609   23.2866
   -7.5000  -30.0000  -37.500011280.5645   23.9999
    0.0000  -30.0000  -37.500011807.0020   24.0000
    7.5000  -30.0000  -37.500011152.4512   24.0061
   -7.5000  -22.5000  -37.500011848.9121   24.5862
    0.0000  -22.5000  -37.500012410.6719   24.5935
    7.5000  -22.5000  -37.500011718.4033   24.6119
   -7.5000  -15.0000  -37.500012342.7832   25.1044
    0.0000  -15.0000  -37.500012944.9678   25.1216
    7.5000  -15.0000  -37.500012215.7969   25.1535
   -7.5000   -7.5000  -37.500012794.2578   25.6484
    0.0000   -7.5000  -37.500013413.1875   25.6691
    7.5000   -7.5000  -37.500012687.0830   25.7063
   -7.5000    0.0000  -37.500013295.9277   26.4391
    0.0000    0.0000  -37.500013962.3203   26.4545
    7.5000    0.0000  -37.500013206.6191   26.4881
   -7.5000    7.5000  -37.500013083.8984   28.2656
    0.0000    7.5000  -37.500013755.0020   28.2644
    7.5000    7.5000  -37.500012993.2549   28.2674
   -7.5000   15.0000  -37.500012955.0938   30.3657
    0.0000   15.0000  -37.500013626.7588   30.3579
    7.5000   15.0000  -37.500012887.8545   30.3498
   -7.5000   22.5000  -37.500012643.3945   32.3352
    0.0000   22.5000  -37.500013275.5195   32.3204
    7.5000   22.5000  -37.500012579.3145   32.3208
   -7.5000   30.0000  -37.500012118.0703   34.0879
    0.0000   30.0000  -37.500012711.9443   34.0729
    7.5000   30.0000  -37.500012072.9727   34.0733
   -7.5000   37.5000  -37.500011930.2881   35.9558
    0.0000   37.5000  -37.500012493.2412   35.9215
    7.5000   37.5000  -37.500011904.7715   35.9145
   -7.5000   45.0000  -37.500011205.4316   37.4801
    0.0000   45.0000  -37.500011710.2383   37.4190
    7.5000   45.0000  -37.500011173.1191   37.3940
   -7.5000  -45.0000  -30.000011028.7295   22.6796
    0.0000  -45.0000  -30.000011459.1445   22.6960
    7.5000  -45.0000  -30.000010837.5645   22.7197
   -7.5000  -37.5000  -30.000011286.7559   24.2201
    0.0000  -37.5000  -30.000011748.7715   24.2250
    7.5000  -37.5000  -30.000011112.2451   24.2215
   -7.5000  -30.0000  -30.000011975.2910   24.9829
    0.0000  -30.0000  -30.000012475.6523   24.9870
    7.5000  -30.0000  -30.000011783.2070   24.9894
   -7.5000  -22.5000  -30.000012591.7441   25.6109
    0.0000  -22.5000  -30.000013146.0195   25.6219
    7.5000  -22.5000  -30.000012396.8379   25.6409
   -7.5000  -15.0000  -30.000013128.7148   26.1743
    0.0000  -15.0000  -30.000013740.8877   26.1960
    7.5000  -15.0000  -30.000012945.0723   26.2313
   -7.5000   -7.5000  -30.000013632.6719   26.7720
    0.0000   -7.5000  -30.000014274.8662   26.7970
    7.5000   -7.5000  -30.000013455.1260   26.8353
   -7.5000    0.0000  -30.000014196.2705   27.6354
    0.0000    0.0000  -30.000014889.7871   27.6546
    7.5000    0.0000  -30.000014050.5811   27.6845
   -7.5000    7.5000  -30.000013998.8438   29.5424
    0.0000    7.5000  -30.000014710.9883   29.5473
    7.5000    7.5000  -30.000013857.6094   29.5437
   -7.5000   15.0000  -30.000013880.9854   31.7475
    0.0000   15.0000  -30.000014589.0039   31.7443
    7.5000   15.0000  -30.000013761.1680   31.7320
   -7.5000   22.5000  -30.000013545.3252   33.7834
    0.0000   22.5000  -30.000014216.1885   33.7765
    7.5000   22.5000  -30.000013454.8828   33.7806
   -7.5000   30.0000  -30.000012988.8428   35.6099
    0.0000   30.0000  -30.000013614.6621   35.6057
    7.5000   30.0000  -30.000012920.6836   35.6156
   -7.5000   37.5000  -30.000012786.9062   37.5523
    0.0000   37.5000  -30.000013388.7988   37.5328
    7.5000   37.5000  -30.000012744.6494   37.5347
   -7.5000   45.0000  -30.000012028.0586   39.1587
    0.0000   45.0000  -30.000012569.3115   39.1128
    7.5000   45.0000  -30.000011990.7041   39.0914
   -7.5000  -45.0000  -22.500011598.6318   23.3633
    0.0000  -45.0000  -22.500011993.8164   23.3787
    7.5000  -45.0000  -22.500011380.1318   23.4017
   -7.5000  -37.5000  -22.500011883.5332   24.9462
    0.0000  -37.5000  -22.500012309.0576   24.9516
    7.5000  -37.5000  -22.500011675.5625   24.9480
   -7.5000  -30.0000  -22.500012634.8594   25.7423
    0.0000  -30.0000  -22.500013118.6484   25.7449
    7.5000  -30.0000  -22.500012398.0469   25.7476
   -7.5000  -22.5000  -22.500013314.1240   26.4038
    0.0000  -22.5000  -22.500013871.9492   26.4117
    7.5000  -22.5000  -22.500013086.8652   26.4311
   -7.5000  -15.0000  -22.500013918.4492   27.0044
    0.0000  -15.0000  -22.500014556.6328   27.0233
    7.5000  -15.0000  -22.500013706.0283   27.0590
   -7.5000   -7.5000  -22.500014484.3242   27.6501
    0.0000   -7.5000  -22.500015138.3213   27.6730
    7.5000   -7.5000  -22.500014270.4717   27.7110
   -7.5000    0.0000  -22.500015129.1650   28.5754
    0.0000    0.0000  -22.500015824.3486   28.5932
    7.5000    0.0000  -22.500014941.3242   28.6224
   -7.5000    7.5000  -22.500014932.8828   30.5412
    0.0000    7.5000  -22.500015666.9492   30.5466
    7.5000    7.5000  -22.500014763.6543   30.5429
   -7.5000   15.0000  -22.500014814.4150   32.8363
    0.0000   15.0000  -22.500015553.0107   32.8316
    7.5000   15.0000  -22.500014670.8271   32.8174
   -7.5000   22.5000  -22.500014453.3037   34.9174
    0.0000   22.5000  -22.500015152.7979   34.9132
    7.5000   22.5000  -22.500014340.7666   34.9207
   -7.5000   30.0000  -22.500013865.5283   36.7981
    0.0000   30.0000  -22.500014526.5762   36.7999
    7.5000   30.0000  -22.500013789.8135   36.8194
   -7.5000   37.5000  -22.500013674.4648   38.8028
    0.0000   37.5000  -22.500014323.8037   38.7950
    7.5000   37.5000  -22.500013624.9736   38.8159
   -7.5000   45.0000  -22.500012899.6270   40.4747
    0.0000   45.0000  -22.500013486.7246   40.4463
    7.5000   45.0000  -22.500012848.1084   40.4486
   -7.5000  -45.0000  -15.000012134.6025   23.7997
    0.0000  -45.0000  -15.000012517.7920   23.8129
    7.5000  -45.0000  -15.000011902.2617   23.8409
   -7.5000  -37.5000  -15.000012444.2812   25.4113
    0.0000  -37.5000  -15.000012849.6025   25.4136
    7.5000  -37.5000  -15.000012216.3750   25.4168
   -7.5000  -30.0000  -15.000013281.1621   26.2298
    0.0000  -30.0000  -15.000013731.6855   26.2283
    7.5000  -30.0000  -15.000013020.4336   26.2364
   -7.5000  -22.5000  -15.000014038.0225   26.9182
    0.0000  -22.5000  -15.000014578.9229   26.9210
    7.5000  -22.5000  -15.000013792.7432   26.9420
   -7.5000  -15.0000  -15.000014727.6904   27.5447
    0.0000  -15.0000  -15.000015393.9004   27.5586
    7.5000  -15.0000  -15.000014522.5566   27.5934
   -7.5000   -7.5000  -15.000015357.2891   28.2209
    0.0000   -7.5000  -15.000016050.4082   28.2397
    7.5000   -7.5000  -15.000015161.1494   28.2789
   -7.5000    0.0000  -15.000016075.0234   29.1859
    0.0000    0.0000  -15.000016765.8691   29.2006
    7.5000    0.0000  -15.000015874.7539   29.2357
   -7.5000    7.5000  -15.000015881.2920   31.1904
    0.0000    7.5000  -15.000016613.3008   31.1919
    7.5000    7.5000  -15.000015691.9893   31.1965
   -7.5000   15.0000  -15.000015795.0615   33.5401
    0.0000   15.0000  -15.000016557.9941   33.5311
    7.5000   15.0000  -15.000015605.0195   33.5198
   -7.5000   22.5000  -15.000015435.1240   35.6644
    0.0000   22.5000  -15.000016168.7471   35.6562
    7.5000   22.5000  -15.000015259.7197   35.6653
   -7.5000   30.0000  -15.000014850.3262   37.5823
    0.0000   30.0000  -15.000015544.2842   37.5806
    7.5000   30.0000  -15.000014680.3379   37.6033
   -7.5000   37.5000  -15.000014681.7178   39.6349
    0.0000   37.5000  -15.000015366.2900   39.6254
    7.5000   37.5000  -15.000014529.1113   39.6590
   -7.5000   45.0000  -15.000013856.9912   41.3441
    0.0000   45.0000  -15.000014503.7402   41.3188
    7.5000   45.0000  -15.000013724.3555   41.3446
   -7.5000  -45.0000   -7.500012574.5459   24.0085
    0.0000  -45.0000   -7.500012987.1357   24.0196
    7.5000  -45.0000   -7.500012415.8604   24.0531
   -7.5000  -37.5000   -7.500012902.1895   25.6368
    0.0000  -37.5000   -7.500013321.1533   25.6343
    7.5000  -37.5000   -7.500012740.8291   25.6433
   -7.5000  -30.0000   -7.500013842.4629   26.4729
    0.0000  -30.0000   -7.500014313.5918   26.4675
    7.5000  -30.0000   -7.500013632.5166   26.4800
   -7.5000  -22.5000   -7.500014722.2031   27.1819
    0.0000  -22.5000   -7.500015274.2881   27.1813
    7.5000  -22.5000   -7.500014480.2480   27.2027
   -7.5000  -15.0000   -7.500015544.7607   27.8279
    0.0000  -15.0000   -7.500016248.8232   27.8382
    7.5000  -15.0000   -7.500015323.9219   27.8714
   -7.5000   -7.5000   -7.500016360.4766   28.5213
    0.0000   -7.5000   -7.500017181.3770   28.5372
    7.5000   -7.5000   -7.500016135.7549   28.5776
   -7.5000    0.0000   -7.500017206.3652   29.5082
    0.0000    0.0000   -7.500018013.3691   29.5203
    7.5000    0.0000   -7.500016911.3906   29.5619
   -7.5000    7.5000   -7.500016944.4297   31.5359
    0.0000    7.5000   -7.500017722.6426   31.5316
    7.5000    7.5000   -7.500016613.6562   31.5432
   -7.5000   15.0000   -7.500016795.1367   33.8980
    0.0000   15.0000   -7.500017572.8164   33.8842
    7.5000   15.0000   -7.500016458.5098   33.8767
   -7.5000   22.5000   -7.500016405.8711   36.0641
    0.0000   22.5000   -7.500017190.5781   36.0471
    7.5000   22.5000   -7.500016099.7422   36.0531
   -7.5000   30.0000   -7.500015764.1504   38.0060
    0.0000   30.0000   -7.500016533.1602   37.9921
    7.5000   30.0000   -7.500015506.1846   38.0063
   -7.5000   37.5000   -7.500015535.8242   40.0919
    0.0000   37.5000   -7.500016314.2852   40.0650
    7.5000   37.5000   -7.500015353.2344   40.0904
   -7.5000   45.0000   -7.500014594.2236   41.8137
    0.0000   45.0000   -7.500015358.6836   41.7692
    7.5000   45.0000   -7.500014498.2227   41.7919
   -7.5000  -45.0000    0.000012925.8877   24.1566
    0.0000  -45.0000    0.000013370.9678   24.1678
    7.5000  -45.0000    0.000012811.8525   24.2018
   -7.5000  -37.5000    0.000013312.8242   25.7974
    0.0000  -37.5000    0.000013763.3057   25.7929
    7.5000  -37.5000    0.000013118.7324   25.8012
   -7.5000  -30.0000    0.000014384.3730   26.6505
    0.0000  -30.0000    0.000014930.4443   26.6449
    7.5000  -30.0000    0.000014073.8574   26.6567
   -7.5000  -22.5000    0.000015393.4482   27.3774
    0.0000  -22.5000    0.000016049.4619   27.3782
    7.5000  -22.5000    0.000014988.1641   27.3992
   -7.5000  -15.0000    0.000016347.4336   28.0416
    0.0000  -15.0000    0.000017177.5742   28.0536
    7.5000  -15.0000    0.000015910.2119   28.0867
   -7.5000   -7.5000    0.000017273.5938   28.7527
    0.0000   -7.5000    0.000018319.8887   28.7696
    7.5000   -7.5000    0.000016850.8594   28.8105
   -7.5000    0.0000    0.000018151.1387   29.7598
    0.0000    0.0000    0.000019300.2324   29.7724
    7.5000    0.0000    0.000017718.2949   29.8147
   -7.5000    7.5000    0.000017745.5176   31.8092
    0.0000    7.5000    0.000018808.1836   31.8024
    7.5000    7.5000    0.000017311.6582   31.8131
   -7.5000   15.0000    0.000017402.0801   34.1734
    0.0000   15.0000    0.000018408.4746   34.1587
    7.5000   15.0000    0.000017046.0156   34.1523
   -7.5000   22.5000    0.000016899.0586   36.3787
    0.0000   22.5000    0.000017845.0996   36.3559
    7.5000   22.5000    0.000016630.2891   36.3571
   -7.5000   30.0000    0.000016182.7939   38.3427
    0.0000   30.0000    0.000017077.5547   38.3196
    7.5000   30.0000    0.000016038.3818   38.3215
   -7.5000   37.5000    0.000015932.4570   40.4514
    0.0000   37.5000    0.000016814.9043   40.4085
    7.5000   37.5000    0.000015914.9238   40.4111
   -7.5000   45.0000    0.000014996.1016   42.1808
    0.0000   45.0000    0.000015798.6836   42.1130
    7.5000   45.0000    0.000015048.9424   42.1067
   -7.5000  -45.0000    7.500012340.8984   24.0887
    0.0000  -45.0000    7.500012813.2842   24.1036
    7.5000  -45.0000    7.500012100.2998   24.1337
   -7.5000  -37.5000    7.500012666.8906   25.7268
    0.0000  -37.5000    7.500013190.7217   25.7267
    7.5000  -37.5000    7.500012356.9854   25.7289
   -7.5000  -30.0000    7.500013684.4199   26.5831
    0.0000  -30.0000    7.500014314.8896   26.5831
    7.5000  -30.0000    7.500013306.6035   26.5900
   -7.5000  -22.5000    7.500014640.0137   27.3098
    0.0000  -22.5000    7.500015363.4834   27.3179
    7.5000  -22.5000    7.500014226.1064   27.3384
   -7.5000  -15.0000    7.500015526.8711   27.9736
    0.0000  -15.0000    7.500016378.3252   27.9928
    7.5000  -15.0000    7.500015143.7861   28.0283
   -7.5000   -7.5000    7.500016327.7451   28.6848
    0.0000   -7.5000    7.500017362.6543   28.7080
    7.5000   -7.5000    7.500016053.7109   28.7496
   -7.5000    0.0000    7.500017130.0762   29.6939
    0.0000    0.0000    7.500018193.2148   29.7112
    7.5000    0.0000    7.500016909.4609   29.7490
   -7.5000    7.5000    7.500016720.3809   31.7410
    0.0000    7.5000    7.500017676.4199   31.7398
    7.5000    7.5000    7.500016515.9434   31.7431
   -7.5000   15.0000    7.500016411.7344   34.0977
    0.0000   15.0000    7.500017351.3301   34.0890
    7.5000   15.0000    7.500016287.8477   34.0799
   -7.5000   22.5000    7.500015949.9678   36.3024
    0.0000   22.5000    7.500016836.9160   36.2858
    7.5000   22.5000    7.500015878.7275   36.2863
   -7.5000   30.0000    7.500015287.8467   38.2670
    0.0000   30.0000    7.500016110.0312   38.2501
    7.5000   30.0000    7.500015273.7764   38.2505
   -7.5000   37.5000    7.500015074.4395   40.3638
    0.0000   37.5000    7.500015863.7354   40.3253
    7.5000   37.5000    7.500015110.7686   40.3175
   -7.5000   45.0000    7.500014180.8936   42.0920
    0.0000   45.0000    7.500014901.1924   42.0235
    7.5000   45.0000    7.500014240.6045   41.9954
   -7.5000  -45.0000   15.000011377.0293   24.0689
    0.0000  -45.0000   15.000011888.8848   24.0863
    7.5000  -45.0000   15.000011225.2090   24.1114
   -7.5000  -37.5000   15.000011625.0410   25.7027
    0.0000  -37.5000   15.000012166.4375   25.7078
    7.5000  -37.5000   15.000011481.3887   25.7040
   -7.5000  -30.0000   15.000012566.6367   26.5530
    0.0000  -30.0000   15.000013153.5244   26.5573
    7.5000  -30.0000   15.000012390.0078   26.5596
   -7.5000  -22.5000   15.000013478.8945   27.2732
    0.0000  -22.5000   15.000014118.7070   27.2848
    7.5000  -22.5000   15.000013264.8350   27.3049
   -7.5000  -15.0000   15.000014331.6553   27.9390
    0.0000  -15.0000   15.000015060.3535   27.9620
    7.5000  -15.0000   15.000014123.5391   27.9996
   -7.5000   -7.5000   15.000015117.0459   28.6604
    0.0000   -7.5000   15.000015930.5244   28.6872
    7.5000   -7.5000   15.000014955.7705   28.7281
   -7.5000    0.0000   15.000015917.1436   29.6824
    0.0000    0.0000   15.000016695.5039   29.7030
    7.5000    0.0000   15.000015759.6475   29.7350
   -7.5000    7.5000   15.000015549.8984   31.7280
    0.0000    7.5000   15.000016255.3525   31.7331
    7.5000    7.5000   15.000015406.0732   31.7291
   -7.5000   15.0000   15.000015304.3730   34.0961
    0.0000   15.0000   15.000016041.9014   34.0927
    7.5000   15.0000   15.000015226.9707   34.0793
   -7.5000   22.5000   15.000014893.4395   36.2766
    0.0000   22.5000   15.000015610.9062   36.2693
    7.5000   22.5000   15.000014853.0352   36.2735
   -7.5000   30.0000   15.000014297.2168   38.2351
    0.0000   30.0000   15.000014975.6768   38.2306
    7.5000   30.0000   15.000014287.1826   38.2409
   -7.5000   37.5000   15.000014110.9932   40.3195
    0.0000   37.5000   15.000014808.9775   40.2987
    7.5000   37.5000   15.000014127.5547   40.3006
   -7.5000   45.0000   15.000013273.0635   42.0548
    0.0000   45.0000   15.000013957.5537   42.0057
    7.5000   45.0000   15.000013332.7939   41.9824
   -7.5000  -45.0000   22.500010331.1543   24.3552
    0.0000  -45.0000   22.500010765.3213   24.3715
    7.5000  -45.0000   22.500010301.2939   24.3956
   -7.5000  -37.5000   22.500010603.8740   26.0230
    0.0000  -37.5000   22.500011062.9404   26.0284
    7.5000  -37.5000   22.500010575.1016   26.0245
   -7.5000  -30.0000   22.500011460.6494   26.8729
    0.0000  -30.0000   22.500011969.4072   26.8753
    7.5000  -30.0000   22.500011402.7676   26.8780
   -7.5000  -22.5000   22.500012312.6143   27.5925
    0.0000  -22.5000   22.500012859.8926   27.6006
    7.5000  -22.5000   22.500012197.2236   27.6209
   -7.5000  -15.0000   22.500013124.0146   28.2620
    0.0000  -15.0000   22.500013733.4551   28.2820
    7.5000  -15.0000   22.500012980.8223   28.3196
   -7.5000   -7.5000   22.500013907.2861   28.9946
    0.0000   -7.5000   22.500014566.3018   29.0188
    7.5000   -7.5000   22.500013744.8174   29.0590
   -7.5000    0.0000   22.500014704.2617   30.0335
    0.0000    0.0000   22.500015350.5771   30.0524
    7.5000    0.0000   22.500014504.0400   30.0833
   -7.5000    7.5000   22.500014402.9980   32.1252
    0.0000    7.5000   22.500015032.8516   32.1306
    7.5000    7.5000   22.500014241.2695   32.1266
   -7.5000   15.0000   22.500014224.8486   34.5776
    0.0000   15.0000   22.500014866.6416   34.5724
    7.5000   15.0000   22.500014109.8594   34.5570
   -7.5000   22.5000   22.500013869.4785   36.7995
    0.0000   22.5000   22.500014489.7285   36.7948
    7.5000   22.5000   22.500013800.9551   36.8025
   -7.5000   30.0000   22.500013335.4404   38.8154
    0.0000   30.0000   22.500013948.7324   38.8175
    7.5000   30.0000   22.500013303.1064   38.8383
   -7.5000   37.5000   22.500013170.2715   40.9638
    0.0000   37.5000   22.500013820.2695   40.9561
    7.5000   37.5000   22.500013195.2871   40.9787
   -7.5000   45.0000   22.500012424.6436   42.7758
    0.0000   45.0000   22.500013051.2002   42.7457
    7.5000   45.0000   22.500012475.4678   42.7487
   -7.5000  -45.0000   30.0000 9358.6475   24.7662
    0.0000  -45.0000   30.0000 9743.2744   24.7782
    7.5000  -45.0000   30.0000 9356.1484   24.8059
   -7.5000  -37.5000   30.0000 9630.8711   26.4907
    0.0000  -37.5000   30.000010043.7158   26.4909
    7.5000  -37.5000   30.0000 9619.6016   26.4921
   -7.5000  -30.0000   30.000010414.9756   27.3466
    0.0000  -30.0000   30.000010867.3262   27.3430
    7.5000  -30.0000   30.000010363.6230   27.3501
   -7.5000  -22.5000   30.000011187.6650   28.0733
    0.0000  -22.5000   30.000011668.2969   28.0742
    7.5000  -22.5000   30.000011098.4492   28.0951
   -7.5000  -15.0000   30.000011934.7051   28.7470
    0.0000  -15.0000   30.000012455.8564   28.7598
    7.5000  -15.0000   30.000011817.9521   28.7952
   -7.5000   -7.5000   30.000012655.6064   29.4832
    0.0000   -7.5000   30.000013220.3496   29.5011
    7.5000   -7.5000   30.000012518.2910   29.5408
   -7.5000    0.0000   30.000013414.2275   30.5352
    0.0000    0.0000   30.000013996.4746   30.5485
    7.5000    0.0000   30.000013251.2090   30.5835
   -7.5000    7.5000   30.000013170.1025   32.7022
    0.0000    7.5000   30.000013761.7842   32.7011
    7.5000    7.5000   30.000013059.9004   32.7032
   -7.5000   15.0000   30.000013070.9600   35.2628
    0.0000   15.0000   30.000013646.5889   35.2506
    7.5000   15.0000   30.000012965.2520   35.2357
   -7.5000   22.5000   30.000012797.4385   37.5823
    0.0000   22.5000   30.000013356.9941   37.5704
    7.5000   22.5000   30.000012721.0107   37.5777
   -7.5000   30.0000   30.000012334.1650   39.6912
    0.0000   30.0000   30.000012893.1260   39.6860
    7.5000   30.0000   30.000012291.5312   39.7076
   -7.5000   37.5000   30.000012206.7100   41.9452
    0.0000   37.5000   30.000012786.9824   41.9308
    7.5000   37.5000   30.000012213.3184   41.9640
   -7.5000   45.0000   30.000011533.6943   43.8611
    0.0000   45.0000   30.000012101.4736   43.8288
    7.5000   45.0000   30.000011574.2383   43.8530
   -7.5000  -45.0000   37.5000 8890.1299   25.7581
    0.0000  -45.0000   37.5000 9267.4805   25.7647
    7.5000  -45.0000   37.5000 8888.2412   25.7989
   -7.5000  -37.5000   37.5000 9206.7012   27.6219
    0.0000  -37.5000   37.5000 9600.2520   27.6130
    7.5000  -37.5000   37.5000 9191.8340   27.6192
   -7.5000  -30.0000   37.5000 9943.2441   28.4984
    0.0000  -30.0000   37.500010365.7559   28.4864
    7.5000  -30.0000   37.5000 9908.5781   28.4972
   -7.5000  -22.5000   37.500010660.9502   29.2345
    0.0000  -22.5000   37.500011107.3516   29.2279
    7.5000  -22.5000   37.500010592.1787   29.2486
   -7.5000  -15.0000   37.500011353.5127   29.9124
    0.0000  -15.0000   37.500011844.4121   29.9174
    7.5000  -15.0000   37.500011272.7188   29.9511
   -7.5000   -7.5000   37.500012042.6094   30.6582
    0.0000   -7.5000   37.500012558.1621   30.6691
    7.5000   -7.5000   37.500011953.7051   30.7106
   -7.5000    0.0000   37.500012788.6240   31.7461
    0.0000    0.0000   37.500013330.1230   31.7526
    7.5000    0.0000   37.500012677.3652   31.7953
   -7.5000    7.5000   37.500012639.7559   34.0916
    0.0000    7.5000   37.500013192.5371   34.0791
    7.5000    7.5000   37.500012557.9639   34.0873
   -7.5000   15.0000   37.500012590.8672   36.7940
    0.0000   15.0000   37.500013123.1924   36.7703
    7.5000   15.0000   37.500012505.7529   36.7559
   -7.5000   22.5000   37.500012329.4160   39.2170
    0.0000   22.5000   37.500012849.4805   39.1886
    7.5000   22.5000   37.500012254.5166   39.1897
   -7.5000   30.0000   37.500011900.6523   41.4044
    0.0000   30.0000   37.500012418.2637   41.3773
    7.5000   30.0000   37.500011841.3662   41.3865
   -7.5000   37.5000   37.500011793.0791   43.7621
    0.0000   37.5000   37.500012326.4824   43.7172
    7.5000   37.5000   37.500011773.0352   43.7388
   -7.5000   45.0000   37.500011168.1650   45.7531
    0.0000   45.0000   37.500011678.8281   45.6855
    7.5000   45.0000   37.500011175.4043   45.7033
   -7.5000  -45.0000   45.0000 8181.8521   27.0172
    0.0000  -45.0000   45.0000 8530.0654   27.0282
    7.5000  -45.0000   45.0000 8199.8018   27.0673
   -7.5000  -37.5000   45.0000 8529.5332   28.9972
    0.0000  -37.5000   45.0000 8898.0049   28.9887
    7.5000  -37.5000   45.0000 8532.2041   28.9949
   -7.5000  -30.0000   45.0000 9209.6895   29.9179
    0.0000  -30.0000   45.0000 9586.6494   29.9082
    7.5000  -30.0000   45.0000 9187.3594   29.9182
   -7.5000  -22.5000   45.0000 9864.4912   30.6885
    0.0000  -22.5000   45.000010268.0703   30.6873
    7.5000  -22.5000   45.0000 9814.9160   30.7080
   -7.5000  -15.0000   45.000010487.9980   31.3873
    0.0000  -15.0000   45.000010922.1533   31.3998
    7.5000  -15.0000   45.000010430.0459   31.4357
   -7.5000   -7.5000   45.000011110.4609   32.1497
    0.0000   -7.5000   45.000011572.8760   32.1678
    7.5000   -7.5000   45.000011045.9307   32.2139
   -7.5000    0.0000   45.000011812.4092   33.2811
    0.0000    0.0000   45.000012318.3770   33.2931
    7.5000    0.0000   45.000011737.9336   33.3418
   -7.5000    7.5000   45.000011755.9648   35.7834
    0.0000    7.5000   45.000012269.1855   35.7713
    7.5000    7.5000   45.000011701.1143   35.7797
   -7.5000   15.0000   45.000011675.3193   38.5595
    0.0000   15.0000   45.000012159.7822   38.5384
    7.5000   15.0000   45.000011603.6494   38.5235
   -7.5000   22.5000   45.000011405.2051   41.0703
    0.0000   22.5000   45.000011869.9092   41.0389
    7.5000   22.5000   45.000011333.9414   41.0319
   -7.5000   30.0000   45.000010999.2686   43.3284
    0.0000   30.0000   45.000011474.3711   43.2966
    7.5000   30.0000   45.000010939.5771   43.2903
   -7.5000   37.5000   45.000010914.6895   45.7821
    0.0000   37.5000   45.000011406.9229   45.7228
    7.5000   37.5000   45.000010892.7422   45.7180
   -7.5000   45.0000   45.000010347.9766   47.8588
    0.0000   45.0000   45.000010820.8828   47.7659
    7.5000   45.0000   45.000010350.7070   47.7503

---------------------------------------------------------------------
imgreg_4dfp /opt/freesurfer/average/3T18yoSchwartzReactN32_as_orig /opt/freesurfer/average/711-2B_as_mni_average_305_mask talsrcimg_g11 none talsrcimg_to_3T18yoSchwartzReactN32_as_orig_t4 4355
---------------------------------------------------------------------

freesurfer imgreg_4dfp.c
/opt/freesurfer/average/3T18yoSchwartzReactN32_as_orig.4dfp.img
       256       256       256         1
  1.000000  1.000000  1.000000
orientation T byte_order littleendian
Reading image: /opt/freesurfer/average/3T18yoSchwartzReactN32_as_orig.4dfp.img
dimensions:      256       256       256
mmppix:       1.0000   -1.0000   -1.0000
center:     128.0000 -129.0000 -129.0000
/opt/freesurfer/average/711-2B_as_mni_average_305_mask.4dfp.img
       256       256       256         1
  1.000000  1.000000  1.000000
orientation T byte_order littleendian
Reading mask: /opt/freesurfer/average/711-2B_as_mni_average_305_mask.4dfp.img (2306576 pixels)
talsrcimg_g11.4dfp.img
       320       320       320         1
  0.799995  0.799995  0.799995
orientation T byte_order littleendian
Reading image: talsrcimg_g11.4dfp.img
dimensions:      320       320       320
mmppix:       0.8000   -0.8000   -0.8000
center:     127.9992 -128.7992 -128.7992
rotation matrix determinant  1.000000
image alignment mode   4355 decimal     1103 hex
   -7.5000  -45.0000  -45.0000 2309.8628   37.5685
    0.0000  -45.0000  -45.0000 2313.0820   37.4170
    7.5000  -45.0000  -45.0000 2282.8079   37.1424
   -7.5000  -37.5000  -45.0000 2376.3040   38.5131
    0.0000  -37.5000  -45.0000 2388.0378   38.4599
    7.5000  -37.5000  -45.0000 2355.8093   38.2176
   -7.5000  -30.0000  -45.0000 2423.8523   38.8536
    0.0000  -30.0000  -45.0000 2435.8088   38.7750
    7.5000  -30.0000  -45.0000 2406.3118   38.5829
   -7.5000  -22.5000  -45.0000 2459.2290   38.7255
    0.0000  -22.5000  -45.0000 2467.5742   38.5037
    7.5000  -22.5000  -45.0000 2444.9341   38.4065
   -7.5000  -15.0000  -45.0000 2480.4744   38.4360
    0.0000  -15.0000  -45.0000 2490.5969   38.0496
    7.5000  -15.0000  -45.0000 2470.1079   38.0750
   -7.5000   -7.5000  -45.0000 2494.7546   38.2895
    0.0000   -7.5000  -45.0000 2504.9031   37.9035
    7.5000   -7.5000  -45.0000 2485.3423   37.9842
   -7.5000    0.0000  -45.0000 2503.6885   38.7199
    0.0000    0.0000  -45.0000 2512.5449   38.2927
    7.5000    0.0000  -45.0000 2496.4080   38.3596
   -7.5000    7.5000  -45.0000 2504.4312   39.6321
    0.0000    7.5000  -45.0000 2517.8054   39.2126
    7.5000    7.5000  -45.0000 2495.8652   39.2436
   -7.5000   15.0000  -45.0000 2478.9116   40.7356
    0.0000   15.0000  -45.0000 2496.4041   40.3054
    7.5000   15.0000  -45.0000 2472.7810   40.3336
   -7.5000   22.5000  -45.0000 2433.5491   42.3498
    0.0000   22.5000  -45.0000 2452.4585   41.8991
    7.5000   22.5000  -45.0000 2426.4224   41.8768
   -7.5000   30.0000  -45.0000 2368.1428   44.6432
    0.0000   30.0000  -45.0000 2389.4475   44.2252
    7.5000   30.0000  -45.0000 2362.7798   44.2593
   -7.5000   37.5000  -45.0000 2293.5125   48.0410
    0.0000   37.5000  -45.0000 2308.1782   47.6312
    7.5000   37.5000  -45.0000 2284.1047   47.5829
   -7.5000   45.0000  -45.0000 2188.0405   52.5780
    0.0000   45.0000  -45.0000 2202.1013   52.0056
    7.5000   45.0000  -45.0000 2182.0500   52.0173
   -7.5000  -45.0000  -37.5000 2374.9963   35.6056
    0.0000  -45.0000  -37.5000 2377.1375   35.3294
    7.5000  -45.0000  -37.5000 2358.0898   35.2491
   -7.5000  -37.5000  -37.5000 2439.7021   36.5582
    0.0000  -37.5000  -37.5000 2450.4111   36.3833
    7.5000  -37.5000  -37.5000 2429.0156   36.2781
   -7.5000  -30.0000  -37.5000 2489.5063   37.0348
    0.0000  -30.0000  -37.5000 2499.6960   36.7948
    7.5000  -30.0000  -37.5000 2477.0959   36.7106
   -7.5000  -22.5000  -37.5000 2524.8276   36.8151
    0.0000  -22.5000  -37.5000 2533.8274   36.5849
    7.5000  -22.5000  -37.5000 2510.9797   36.5087
   -7.5000  -15.0000  -37.5000 2541.1736   36.4250
    0.0000  -15.0000  -37.5000 2553.8691   36.1686
    7.5000  -15.0000  -37.5000 2530.0925   36.0714
   -7.5000   -7.5000  -37.5000 2551.4351   36.1904
    0.0000   -7.5000  -37.5000 2566.0476   35.8281
    7.5000   -7.5000  -37.5000 2549.4717   35.9024
   -7.5000    0.0000  -37.5000 2567.2051   36.4078
    0.0000    0.0000  -37.5000 2586.0054   36.0169
    7.5000    0.0000  -37.5000 2565.6353   36.1322
   -7.5000    7.5000  -37.5000 2577.1304   37.2126
    0.0000    7.5000  -37.5000 2598.2917   36.7981
    7.5000    7.5000  -37.5000 2577.2207   36.8234
   -7.5000   15.0000  -37.5000 2557.7009   38.1397
    0.0000   15.0000  -37.5000 2579.4854   37.6439
    7.5000   15.0000  -37.5000 2564.5188   37.7916
   -7.5000   22.5000  -37.5000 2515.8447   39.5885
    0.0000   22.5000  -37.5000 2538.2600   39.0624
    7.5000   22.5000  -37.5000 2521.5381   39.1924
   -7.5000   30.0000  -37.5000 2454.6018   41.7323
    0.0000   30.0000  -37.5000 2476.0657   41.2335
    7.5000   30.0000  -37.5000 2456.0049   41.3493
   -7.5000   37.5000  -37.5000 2376.9636   44.8975
    0.0000   37.5000  -37.5000 2393.8809   44.3503
    7.5000   37.5000  -37.5000 2376.9724   44.3980
   -7.5000   45.0000  -37.5000 2279.8604   49.1956
    0.0000   45.0000  -37.5000 2294.2939   48.4171
    7.5000   45.0000  -37.5000 2276.3914   48.4168
   -7.5000  -45.0000  -30.0000 2474.6685   35.0767
    0.0000  -45.0000  -30.0000 2478.4661   34.7792
    7.5000  -45.0000  -30.0000 2456.6106   34.8008
   -7.5000  -37.5000  -30.0000 2537.0603   35.9773
    0.0000  -37.5000  -30.0000 2549.3252   35.8215
    7.5000  -37.5000  -30.0000 2526.5024   35.8093
   -7.5000  -30.0000  -30.0000 2588.0728   36.3913
    0.0000  -30.0000  -30.0000 2598.8770   36.1865
    7.5000  -30.0000  -30.0000 2577.5569   36.1962
   -7.5000  -22.5000  -30.0000 2618.4636   36.1489
    0.0000  -22.5000  -30.0000 2629.9902   35.9536
    7.5000  -22.5000  -30.0000 2609.2688   35.9829
   -7.5000  -15.0000  -30.0000 2634.0220   35.7159
    0.0000  -15.0000  -30.0000 2650.6895   35.4860
    7.5000  -15.0000  -30.0000 2627.7236   35.4500
   -7.5000   -7.5000  -30.0000 2651.4199   35.3074
    0.0000   -7.5000  -30.0000 2667.4031   34.9110
    7.5000   -7.5000  -30.0000 2649.5332   35.0536
   -7.5000    0.0000  -30.0000 2673.0718   35.3614
    0.0000    0.0000  -30.0000 2694.0435   34.9481
    7.5000    0.0000  -30.0000 2678.9817   35.1759
   -7.5000    7.5000  -30.0000 2691.1692   36.0518
    0.0000    7.5000  -30.0000 2715.2317   35.5852
    7.5000    7.5000  -30.0000 2697.9392   35.7217
   -7.5000   15.0000  -30.0000 2678.5720   36.8860
    0.0000   15.0000  -30.0000 2702.7114   36.3996
    7.5000   15.0000  -30.0000 2687.0596   36.5983
   -7.5000   22.5000  -30.0000 2646.5654   38.3711
    0.0000   22.5000  -30.0000 2667.6946   37.7668
    7.5000   22.5000  -30.0000 2650.5562   37.9723
   -7.5000   30.0000  -30.0000 2587.1907   40.4603
    0.0000   30.0000  -30.0000 2606.6052   39.8750
    7.5000   30.0000  -30.0000 2587.9272   40.0607
   -7.5000   37.5000  -30.0000 2507.3223   43.5704
    0.0000   37.5000  -30.0000 2525.8184   42.9201
    7.5000   37.5000  -30.0000 2509.7869   43.1386
   -7.5000   45.0000  -30.0000 2409.0371   47.6256
    0.0000   45.0000  -30.0000 2428.2869   46.9020
    7.5000   45.0000  -30.0000 2411.5818   46.9761
   -7.5000  -45.0000  -22.5000 2523.7673   34.4719
    0.0000  -45.0000  -22.5000 2521.8445   34.0293
    7.5000  -45.0000  -22.5000 2513.4824   34.3215
   -7.5000  -37.5000  -22.5000 2582.9023   35.2876
    0.0000  -37.5000  -22.5000 2588.7068   34.9331
    7.5000  -37.5000  -22.5000 2579.2825   35.2192
   -7.5000  -30.0000  -22.5000 2633.7131   35.5683
    0.0000  -30.0000  -22.5000 2639.8687   35.2178
    7.5000  -30.0000  -22.5000 2626.7346   35.4579
   -7.5000  -22.5000  -22.5000 2667.6423   35.3554
    0.0000  -22.5000  -22.5000 2677.6643   35.0333
    7.5000  -22.5000  -22.5000 2662.8569   35.2513
   -7.5000  -15.0000  -22.5000 2681.4011   34.8680
    0.0000  -15.0000  -22.5000 2700.0757   34.6401
    7.5000  -15.0000  -22.5000 2683.0864   34.7784
   -7.5000   -7.5000  -22.5000 2697.4929   34.2820
    0.0000   -7.5000  -22.5000 2712.5396   33.9479
    7.5000   -7.5000  -22.5000 2704.8806   34.2567
   -7.5000    0.0000  -22.5000 2727.6729   34.1691
    0.0000    0.0000  -22.5000 2742.1550   33.6192
    7.5000    0.0000  -22.5000 2741.7478   34.1326
   -7.5000    7.5000  -22.5000 2755.9822   34.7364
    0.0000    7.5000  -22.5000 2779.4407   34.2301
    7.5000    7.5000  -22.5000 2770.4602   34.5849
   -7.5000   15.0000  -22.5000 2751.1753   35.6187
    0.0000   15.0000  -22.5000 2778.7483   35.0534
    7.5000   15.0000  -22.5000 2771.3040   35.3917
   -7.5000   22.5000  -22.5000 2729.5740   37.0524
    0.0000   22.5000  -22.5000 2750.1511   36.4229
    7.5000   22.5000  -22.5000 2739.2917   36.7288
   -7.5000   30.0000  -22.5000 2672.0120   39.0530
    0.0000   30.0000  -22.5000 2695.3562   38.4798
    7.5000   30.0000  -22.5000 2685.5322   38.8274
   -7.5000   37.5000  -22.5000 2594.3147   42.0760
    0.0000   37.5000  -22.5000 2619.6538   41.4524
    7.5000   37.5000  -22.5000 2610.7710   41.8654
   -7.5000   45.0000  -22.5000 2501.5378   46.0262
    0.0000   45.0000  -22.5000 2525.9487   45.3349
    7.5000   45.0000  -22.5000 2515.5388   45.6575
   -7.5000  -45.0000  -15.0000 2537.6318   34.2423
    0.0000  -45.0000  -15.0000 2530.1792   33.4868
    7.5000  -45.0000  -15.0000 2528.3176   34.0934
   -7.5000  -37.5000  -15.0000 2596.4900   34.9511
    0.0000  -37.5000  -15.0000 2586.4854   34.2557
    7.5000  -37.5000  -15.0000 2587.9358   34.7940
   -7.5000  -30.0000  -15.0000 2640.9177   35.1528
    0.0000  -30.0000  -15.0000 2631.1465   34.5339
    7.5000  -30.0000  -15.0000 2632.2795   35.0003
   -7.5000  -22.5000  -15.0000 2672.4673   34.9044
    0.0000  -22.5000  -15.0000 2671.4797   34.4127
    7.5000  -22.5000  -15.0000 2673.7595   34.8107
   -7.5000  -15.0000  -15.0000 2693.1992   34.4655
    0.0000  -15.0000  -15.0000 2704.0847   34.1311
    7.5000  -15.0000  -15.0000 2707.1609   34.4931
   -7.5000   -7.5000  -15.0000 2705.8320   33.9266
    0.0000   -7.5000  -15.0000 2714.9492   33.6347
    7.5000   -7.5000  -15.0000 2729.2610   34.1020
   -7.5000    0.0000  -15.0000 2728.1096   33.5564
    0.0000    0.0000  -15.0000 2721.2510   32.9311
    7.5000    0.0000  -15.0000 2754.6338   33.6801
   -7.5000    7.5000  -15.0000 2767.0679   33.8459
    0.0000    7.5000  -15.0000 2771.3799   33.1591
    7.5000    7.5000  -15.0000 2793.6060   33.8341
   -7.5000   15.0000  -15.0000 2787.5095   34.7886
    0.0000   15.0000  -15.0000 2802.8787   34.0405
    7.5000   15.0000  -15.0000 2812.4343   34.5933
   -7.5000   22.5000  -15.0000 2778.4792   36.1828
    0.0000   22.5000  -15.0000 2790.9902   35.4852
    7.5000   22.5000  -15.0000 2792.1143   35.9077
   -7.5000   30.0000  -15.0000 2732.1350   38.2714
    0.0000   30.0000  -15.0000 2747.5444   37.5893
    7.5000   30.0000  -15.0000 2744.3682   38.0158
   -7.5000   37.5000  -15.0000 2660.3821   41.2322
    0.0000   37.5000  -15.0000 2678.5835   40.5205
    7.5000   37.5000  -15.0000 2676.3945   40.9619
   -7.5000   45.0000  -15.0000 2568.9102   45.1922
    0.0000   45.0000  -15.0000 2587.9099   44.3481
    7.5000   45.0000  -15.0000 2583.4629   44.7706
   -7.5000  -45.0000   -7.5000 2509.3359   34.3790
    0.0000  -45.0000   -7.5000 2494.3440   33.5533
    7.5000  -45.0000   -7.5000 2510.8838   34.3740
   -7.5000  -37.5000   -7.5000 2555.1284   34.9992
    0.0000  -37.5000   -7.5000 2539.2815   34.2759
    7.5000  -37.5000   -7.5000 2562.8677   35.0002
   -7.5000  -30.0000   -7.5000 2598.6179   35.2121
    0.0000  -30.0000   -7.5000 2586.0510   34.6277
    7.5000  -30.0000   -7.5000 2615.5664   35.2180
   -7.5000  -22.5000   -7.5000 2640.4988   35.0946
    0.0000  -22.5000   -7.5000 2629.9316   34.5850
    7.5000  -22.5000   -7.5000 2667.1492   35.0599
   -7.5000  -15.0000   -7.5000 2680.5378   34.8296
    0.0000  -15.0000   -7.5000 2684.7327   34.4685
    7.5000  -15.0000   -7.5000 2715.6362   34.7687
   -7.5000   -7.5000   -7.5000 2731.5632   34.7213
    0.0000   -7.5000   -7.5000 2747.3499   34.5804
    7.5000   -7.5000   -7.5000 2760.5815   34.5607
   -7.5000    0.0000   -7.5000 2751.9377   34.1674
    0.0000    0.0000   -7.5000 2752.4900   33.8795
    7.5000    0.0000   -7.5000 2768.2478   33.9479
   -7.5000    7.5000   -7.5000 2764.2981   33.9171
    0.0000    7.5000   -7.5000 2758.4082   33.3430
    7.5000    7.5000   -7.5000 2781.0359   33.6561
   -7.5000   15.0000   -7.5000 2784.9810   34.5175
    0.0000   15.0000   -7.5000 2790.8679   33.9134
    7.5000   15.0000   -7.5000 2801.3743   34.1481
   -7.5000   22.5000   -7.5000 2786.9209   35.8715
    0.0000   22.5000   -7.5000 2801.8030   35.2849
    7.5000   22.5000   -7.5000 2799.7769   35.4803
   -7.5000   30.0000   -7.5000 2755.9258   38.0275
    0.0000   30.0000   -7.5000 2772.8433   37.3954
    7.5000   30.0000   -7.5000 2764.8569   37.5838
   -7.5000   37.5000   -7.5000 2687.8574   40.9782
    0.0000   37.5000   -7.5000 2709.7915   40.3912
    7.5000   37.5000   -7.5000 2699.6809   40.5386
   -7.5000   45.0000   -7.5000 2593.0864   44.9317
    0.0000   45.0000   -7.5000 2621.7266   44.2039
    7.5000   45.0000   -7.5000 2609.6882   44.3121
   -7.5000  -45.0000    0.0000 2451.5996   35.3166
    0.0000  -45.0000    0.0000 2431.0481   34.6296
    7.5000  -45.0000    0.0000 2476.1216   35.4547
   -7.5000  -37.5000    0.0000 2502.9580   35.9788
    0.0000  -37.5000    0.0000 2482.5610   35.4455
    7.5000  -37.5000    0.0000 2521.1836   35.9603
   -7.5000  -30.0000    0.0000 2566.6536   36.2081
    0.0000  -30.0000    0.0000 2554.8870   35.8784
    7.5000  -30.0000    0.0000 2583.2310   36.0785
   -7.5000  -22.5000    0.0000 2631.2300   36.1286
    0.0000  -22.5000    0.0000 2628.8484   35.8957
    7.5000  -22.5000    0.0000 2647.6018   35.8852
   -7.5000  -15.0000    0.0000 2699.8357   35.9560
    0.0000  -15.0000    0.0000 2715.1184   35.8453
    7.5000  -15.0000    0.0000 2708.8992   35.5432
   -7.5000   -7.5000    0.0000 2764.7605   35.6996
    0.0000   -7.5000    0.0000 2802.7544   35.8725
    7.5000   -7.5000    0.0000 2765.3965   35.2020
   -7.5000    0.0000    0.0000 2793.9487   35.3164
    0.0000    0.0000    0.0000 2836.6357   35.4317
    7.5000    0.0000    0.0000 2786.1462   34.7086
   -7.5000    7.5000    0.0000 2792.5547   34.8813
    0.0000    7.5000    0.0000 2817.5068   34.6692
    7.5000    7.5000    0.0000 2784.6531   34.3124
   -7.5000   15.0000    0.0000 2776.4521   35.0142
    0.0000   15.0000    0.0000 2804.7441   34.6909
    7.5000   15.0000    0.0000 2785.0439   34.5523
   -7.5000   22.5000    0.0000 2768.0874   36.1665
    0.0000   22.5000    0.0000 2787.5962   35.6927
    7.5000   22.5000    0.0000 2775.5801   35.7261
   -7.5000   30.0000    0.0000 2739.3811   38.2147
    0.0000   30.0000    0.0000 2755.7559   37.6649
    7.5000   30.0000    0.0000 2748.8257   37.8358
   -7.5000   37.5000    0.0000 2679.2776   41.1013
    0.0000   37.5000    0.0000 2700.0073   40.5515
    7.5000   37.5000    0.0000 2696.4138   40.7409
   -7.5000   45.0000    0.0000 2594.2139   45.0364
    0.0000   45.0000    0.0000 2617.4231   44.2885
    7.5000   45.0000    0.0000 2615.9263   44.4396
   -7.5000  -45.0000    7.5000 2426.4490   37.3687
    0.0000  -45.0000    7.5000 2410.7520   36.9409
    7.5000  -45.0000    7.5000 2432.9717   37.4095
   -7.5000  -37.5000    7.5000 2484.4670   38.0394
    0.0000  -37.5000    7.5000 2475.6414   37.7924
    7.5000  -37.5000    7.5000 2484.1951   37.9018
   -7.5000  -30.0000    7.5000 2556.3711   38.1883
    0.0000  -30.0000    7.5000 2553.3657   37.9871
    7.5000  -30.0000    7.5000 2547.2778   37.8438
   -7.5000  -22.5000    7.5000 2625.2195   37.7364
    0.0000  -22.5000    7.5000 2633.2163   37.6575
    7.5000  -22.5000    7.5000 2616.7202   37.3328
   -7.5000  -15.0000    7.5000 2695.8879   37.1657
    0.0000  -15.0000    7.5000 2715.2900   37.1149
    7.5000  -15.0000    7.5000 2684.6101   36.7353
   -7.5000   -7.5000    7.5000 2749.8452   36.4996
    0.0000   -7.5000    7.5000 2789.5210   36.6876
    7.5000   -7.5000    7.5000 2750.2590   36.2202
   -7.5000    0.0000    7.5000 2786.4785   36.0613
    0.0000    0.0000    7.5000 2828.9705   36.1692
    7.5000    0.0000    7.5000 2791.5593   35.7785
   -7.5000    7.5000    7.5000 2793.4333   35.7454
    0.0000    7.5000    7.5000 2810.9648   35.1829
    7.5000    7.5000    7.5000 2792.9290   35.2575
   -7.5000   15.0000    7.5000 2795.8633   36.2321
    0.0000   15.0000    7.5000 2814.4390   35.5140
    7.5000   15.0000    7.5000 2798.6243   35.6498
   -7.5000   22.5000    7.5000 2787.6333   37.5392
    0.0000   22.5000    7.5000 2807.6350   36.9077
    7.5000   22.5000    7.5000 2788.3455   37.0242
   -7.5000   30.0000    7.5000 2748.2148   39.5282
    0.0000   30.0000    7.5000 2768.3799   39.0154
    7.5000   30.0000    7.5000 2753.8008   39.0803
   -7.5000   37.5000    7.5000 2680.9067   42.2521
    0.0000   37.5000    7.5000 2696.8594   41.6858
    7.5000   37.5000    7.5000 2690.7568   41.7207
   -7.5000   45.0000    7.5000 2588.6577   45.9488
    0.0000   45.0000    7.5000 2603.6091   45.1655
    7.5000   45.0000    7.5000 2602.4753   45.2205
   -7.5000  -45.0000   15.0000 2401.9460   39.8929
    0.0000  -45.0000   15.0000 2396.7288   39.7132
    7.5000  -45.0000   15.0000 2408.5667   40.1905
   -7.5000  -37.5000   15.0000 2454.8882   40.4083
    0.0000  -37.5000   15.0000 2450.9324   40.2232
    7.5000  -37.5000   15.0000 2458.8218   40.5101
   -7.5000  -30.0000   15.0000 2518.8503   40.2153
    0.0000  -30.0000   15.0000 2514.5120   39.9758
    7.5000  -30.0000   15.0000 2517.3889   40.1839
   -7.5000  -22.5000   15.0000 2591.6931   39.5930
    0.0000  -22.5000   15.0000 2587.7798   39.2494
    7.5000  -22.5000   15.0000 2581.3704   39.3273
   -7.5000  -15.0000   15.0000 2655.8950   38.6219
    0.0000  -15.0000   15.0000 2667.7336   38.3598
    7.5000  -15.0000   15.0000 2649.3616   38.2985
   -7.5000   -7.5000   15.0000 2709.8438   37.7168
    0.0000   -7.5000   15.0000 2728.7017   37.5903
    7.5000   -7.5000   15.0000 2712.5911   37.4824
   -7.5000    0.0000   15.0000 2743.9565   37.0815
    0.0000    0.0000   15.0000 2755.4451   36.6253
    7.5000    0.0000   15.0000 2754.4043   36.8601
   -7.5000    7.5000   15.0000 2769.4045   36.9740
    0.0000    7.5000   15.0000 2759.8579   35.7326
    7.5000    7.5000   15.0000 2768.9709   36.3544
   -7.5000   15.0000   15.0000 2783.8601   37.6372
    0.0000   15.0000   15.0000 2799.0334   36.5908
    7.5000   15.0000   15.0000 2787.4897   36.9039
   -7.5000   22.5000   15.0000 2778.7910   39.0181
    0.0000   22.5000   15.0000 2792.0344   38.1652
    7.5000   22.5000   15.0000 2780.7781   38.3970
   -7.5000   30.0000   15.0000 2744.7021   41.1690
    0.0000   30.0000   15.0000 2755.0125   40.4262
    7.5000   30.0000   15.0000 2750.5071   40.5528
   -7.5000   37.5000   15.0000 2677.5557   43.9996
    0.0000   37.5000   15.0000 2695.4651   43.3401
    7.5000   37.5000   15.0000 2688.6487   43.3766
   -7.5000   45.0000   15.0000 2582.4956   47.7335
    0.0000   45.0000   15.0000 2607.0571   46.9500
    7.5000   45.0000   15.0000 2603.5081   46.9239
   -7.5000  -45.0000   22.5000 2372.4534   42.8039
    0.0000  -45.0000   22.5000 2359.0374   42.4127
    7.5000  -45.0000   22.5000 2378.2974   43.3285
   -7.5000  -37.5000   22.5000 2421.2292   43.0618
    0.0000  -37.5000   22.5000 2416.9534   42.7259
    7.5000  -37.5000   22.5000 2427.8718   43.4616
   -7.5000  -30.0000   22.5000 2478.2131   42.6625
    0.0000  -30.0000   22.5000 2475.6182   42.2921
    7.5000  -30.0000   22.5000 2484.6838   42.8519
   -7.5000  -22.5000   22.5000 2545.5840   41.7475
    0.0000  -22.5000   22.5000 2547.3145   41.3311
    7.5000  -22.5000   22.5000 2545.0959   41.6893
   -7.5000  -15.0000   22.5000 2609.4468   40.6013
    0.0000  -15.0000   22.5000 2620.9084   40.2941
    7.5000  -15.0000   22.5000 2612.9229   40.4854
   -7.5000   -7.5000   22.5000 2670.4592   39.7033
    0.0000   -7.5000   22.5000 2678.0994   39.2676
    7.5000   -7.5000   22.5000 2672.6990   39.4915
   -7.5000    0.0000   22.5000 2712.3689   39.0808
    0.0000    0.0000   22.5000 2710.5308   38.0701
    7.5000    0.0000   22.5000 2712.2529   38.6231
   -7.5000    7.5000   22.5000 2743.6328   39.0651
    0.0000    7.5000   22.5000 2745.8447   37.8149
    7.5000    7.5000   22.5000 2740.5420   38.2858
   -7.5000   15.0000   22.5000 2762.1184   39.7886
    0.0000   15.0000   22.5000 2779.6262   38.7674
    7.5000   15.0000   22.5000 2763.7263   38.9614
   -7.5000   22.5000   22.5000 2756.1470   41.1644
    0.0000   22.5000   22.5000 2763.1658   40.1830
    7.5000   22.5000   22.5000 2755.0310   40.3416
   -7.5000   30.0000   22.5000 2722.1021   43.2350
    0.0000   30.0000   22.5000 2731.7595   42.3454
    7.5000   30.0000   22.5000 2725.3474   42.4523
   -7.5000   37.5000   22.5000 2654.9976   46.1111
    0.0000   37.5000   22.5000 2678.2732   45.3388
    7.5000   37.5000   22.5000 2670.0842   45.3412
   -7.5000   45.0000   22.5000 2563.6521   49.7495
    0.0000   45.0000   22.5000 2587.2273   48.9739
    7.5000   45.0000   22.5000 2580.2705   48.9219
   -7.5000  -45.0000   30.0000 2328.5549   46.1389
    0.0000  -45.0000   30.0000 2326.6653   45.8098
    7.5000  -45.0000   30.0000 2335.7002   46.7523
   -7.5000  -37.5000   30.0000 2378.1448   46.2560
    0.0000  -37.5000   30.0000 2381.6499   45.8866
    7.5000  -37.5000   30.0000 2386.0085   46.6562
   -7.5000  -30.0000   30.0000 2436.4250   45.7164
    0.0000  -30.0000   30.0000 2440.9429   45.1166
    7.5000  -30.0000   30.0000 2444.0254   45.8499
   -7.5000  -22.5000   30.0000 2499.1687   44.4716
    0.0000  -22.5000   30.0000 2511.9690   44.0004
    7.5000  -22.5000   30.0000 2510.1084   44.5108
   -7.5000  -15.0000   30.0000 2564.5466   43.1815
    0.0000  -15.0000   30.0000 2575.3645   42.6605
    7.5000  -15.0000   30.0000 2576.2864   43.1395
   -7.5000   -7.5000   30.0000 2629.4543   42.3374
    0.0000   -7.5000   30.0000 2640.2471   41.5539
    7.5000   -7.5000   30.0000 2634.3635   41.9773
   -7.5000    0.0000   30.0000 2674.6816   41.8523
    0.0000    0.0000   30.0000 2685.9248   40.7271
    7.5000    0.0000   30.0000 2676.0723   41.1648
   -7.5000    7.5000   30.0000 2706.7278   41.9097
    0.0000    7.5000   30.0000 2725.1782   40.8492
    7.5000    7.5000   30.0000 2717.1741   41.0396
   -7.5000   15.0000   30.0000 2727.2102   42.6072
    0.0000   15.0000   30.0000 2747.2583   41.6171
    7.5000   15.0000   30.0000 2736.3523   41.6725
   -7.5000   22.5000   30.0000 2719.0352   43.8565
    0.0000   22.5000   30.0000 2731.5688   42.8421
    7.5000   22.5000   30.0000 2721.5930   42.9173
   -7.5000   30.0000   30.0000 2682.5396   45.8115
    0.0000   30.0000   30.0000 2699.5347   44.8872
    7.5000   30.0000   30.0000 2686.3547   44.9272
   -7.5000   37.5000   30.0000 2621.5798   48.6422
    0.0000   37.5000   30.0000 2645.6492   47.8557
    7.5000   37.5000   30.0000 2634.8623   47.8544
   -7.5000   45.0000   30.0000 2532.3899   52.4292
    0.0000   45.0000   30.0000 2555.2805   51.6133
    7.5000   45.0000   30.0000 2548.6289   51.5527
   -7.5000  -45.0000   37.5000 2271.4351   49.8795
    0.0000  -45.0000   37.5000 2282.9480   49.5229
    7.5000  -45.0000   37.5000 2280.8213   50.4644
   -7.5000  -37.5000   37.5000 2326.1880   49.9745
    0.0000  -37.5000   37.5000 2333.8357   49.4186
    7.5000  -37.5000   37.5000 2334.8135   50.3021
   -7.5000  -30.0000   37.5000 2382.2632   49.0889
    0.0000  -30.0000   37.5000 2392.8879   48.4448
    7.5000  -30.0000   37.5000 2399.2874   49.3153
   -7.5000  -22.5000   37.5000 2445.9397   47.6708
    0.0000  -22.5000   37.5000 2454.3953   46.8792
    7.5000  -22.5000   37.5000 2457.9368   47.6904
   -7.5000  -15.0000   37.5000 2516.9358   46.3539
    0.0000  -15.0000   37.5000 2530.9734   45.5349
    7.5000  -15.0000   37.5000 2523.4751   46.1372
   -7.5000   -7.5000   37.5000 2582.5591   45.5073
    0.0000   -7.5000   37.5000 2598.1401   44.5514
    7.5000   -7.5000   37.5000 2590.5222   45.0453
   -7.5000    0.0000   37.5000 2627.2336   45.0806
    0.0000    0.0000   37.5000 2645.7258   44.0785
    7.5000    0.0000   37.5000 2632.6821   44.3294
   -7.5000    7.5000   37.5000 2662.9519   45.3332
    0.0000    7.5000   37.5000 2684.4622   44.3157
    7.5000    7.5000   37.5000 2674.8870   44.3404
   -7.5000   15.0000   37.5000 2680.7935   46.0149
    0.0000   15.0000   37.5000 2697.9717   44.9161
    7.5000   15.0000   37.5000 2692.4656   44.9051
   -7.5000   22.5000   37.5000 2671.1072   47.0664
    0.0000   22.5000   37.5000 2689.6013   45.9738
    7.5000   22.5000   37.5000 2678.0964   45.9898
   -7.5000   30.0000   37.5000 2641.3142   48.9213
    0.0000   30.0000   37.5000 2662.3804   47.9183
    7.5000   30.0000   37.5000 2643.5823   47.8844
   -7.5000   37.5000   37.5000 2582.7800   51.7003
    0.0000   37.5000   37.5000 2604.7561   50.8403
    7.5000   37.5000   37.5000 2588.1440   50.8274
   -7.5000   45.0000   37.5000 2500.5754   55.5188
    0.0000   45.0000   37.5000 2520.1604   54.6736
    7.5000   45.0000   37.5000 2504.8611   54.5349
   -7.5000  -45.0000   45.0000 2212.2500   54.2814
    0.0000  -45.0000   45.0000 2223.7654   53.7498
    7.5000  -45.0000   45.0000 2217.6289   54.6936
   -7.5000  -37.5000   45.0000 2264.2329   54.0710
    0.0000  -37.5000   45.0000 2276.2517   53.3424
    7.5000  -37.5000   45.0000 2274.5967   54.2765
   -7.5000  -30.0000   45.0000 2313.7786   52.7779
    0.0000  -30.0000   45.0000 2324.8662   51.9886
    7.5000  -30.0000   45.0000 2331.2271   52.9675
   -7.5000  -22.5000   45.0000 2381.5977   51.3273
    0.0000  -22.5000   45.0000 2395.5479   50.4688
    7.5000  -22.5000   45.0000 2391.5928   51.3303
   -7.5000  -15.0000   45.0000 2458.0571   50.1088
    0.0000  -15.0000   45.0000 2474.0569   49.2025
    7.5000  -15.0000   45.0000 2463.3259   49.8053
   -7.5000   -7.5000   45.0000 2523.6785   49.2927
    0.0000   -7.5000   45.0000 2542.6733   48.3198
    7.5000   -7.5000   45.0000 2529.1956   48.7398
   -7.5000    0.0000   45.0000 2563.6594   48.9456
    0.0000    0.0000   45.0000 2587.3083   47.9988
    7.5000    0.0000   45.0000 2569.3003   48.1256
   -7.5000    7.5000   45.0000 2604.1726   49.3859
    0.0000    7.5000   45.0000 2623.8738   48.3086
    7.5000    7.5000   45.0000 2612.5383   48.1684
   -7.5000   15.0000   45.0000 2617.0842   49.9396
    0.0000   15.0000   45.0000 2634.4258   48.8152
    7.5000   15.0000   45.0000 2624.6292   48.6281
   -7.5000   22.5000   45.0000 2609.4185   50.8205
    0.0000   22.5000   45.0000 2630.7092   49.7863
    7.5000   22.5000   45.0000 2617.5974   49.6686
   -7.5000   30.0000   45.0000 2585.3506   52.4784
    0.0000   30.0000   45.0000 2608.8604   51.4058
    7.5000   30.0000   45.0000 2586.6145   51.3499
   -7.5000   37.5000   45.0000 2532.6833   55.1463
    0.0000   37.5000   45.0000 2557.3958   54.1655
    7.5000   37.5000   45.0000 2534.7317   54.0263
   -7.5000   45.0000   45.0000 2448.9604   58.9240
    0.0000   45.0000   45.0000 2473.4360   58.0995
    7.5000   45.0000   45.0000 2451.4268   57.8372

---------------------------------------------------------------------
imgreg_4dfp /opt/freesurfer/average/3T18yoSchwartzReactN32_as_orig /opt/freesurfer/average/711-2B_as_mni_average_305_mask talsrcimg_g11 none talsrcimg_to_3T18yoSchwartzReactN32_as_orig_t4 1283
---------------------------------------------------------------------

freesurfer imgreg_4dfp.c
/opt/freesurfer/average/3T18yoSchwartzReactN32_as_orig.4dfp.img
       256       256       256         1
  1.000000  1.000000  1.000000
orientation T byte_order littleendian
Reading image: /opt/freesurfer/average/3T18yoSchwartzReactN32_as_orig.4dfp.img
dimensions:      256       256       256
mmppix:       1.0000   -1.0000   -1.0000
center:     128.0000 -129.0000 -129.0000
/opt/freesurfer/average/711-2B_as_mni_average_305_mask.4dfp.img
       256       256       256         1
  1.000000  1.000000  1.000000
orientation T byte_order littleendian
Reading mask: /opt/freesurfer/average/711-2B_as_mni_average_305_mask.4dfp.img (2306576 pixels)
talsrcimg_g11.4dfp.img
       320       320       320         1
  0.799995  0.799995  0.799995
orientation T byte_order littleendian
Reading image: talsrcimg_g11.4dfp.img
dimensions:      320       320       320
mmppix:       0.8000   -0.8000   -0.8000
center:     127.9992 -128.7992 -128.7992
rotation matrix determinant  1.000000
fimgreg.f
image alignment mode   1283 decimal      503 hex
parameters
    0.0000    0.0000    0.0000    0.0000    0.0000    0.0000
eta,q 0.89222 35.87831
niter,ni,del,rscale     5    3   12.0000    1.2000
parameter  2 -1.005739 -> -0.500000 qaram    1.1500
parameter  3 -0.504469 -> -0.500000 qaram    1.1500
parameter  4 12.661942 ->  0.500000 qaram    1.1500
parameter  6  0.761813 ->  0.500000 qaram    1.1500
parameters
   -0.8063    3.4500    3.4500   -3.4500   -2.3389   -3.4500
eta,q 0.89956 35.90874
  0.1196  0.1198  0.1280  0.1012  0.1040  0.1008
  0.1142  0.1164  0.1212  0.1025  0.1021  0.1004
  0.1112  0.1139  0.1132  0.1043  0.1019  0.1006
  0.1125  0.1118  0.1073  0.1058  0.1030  0.1018
  0.1150  0.1085  0.1053  0.1071  0.1046  0.1038
  0.1185  0.1075  0.1063  0.1092  0.1075  0.1060
  0.1230  0.1087  0.1082  0.1106  0.1110  0.1079
niter,ni,del,rscale     7    3   12.0000    1.2000
parameter  4  1.337953 ->  0.500000 qaram    1.3225
parameters
    0.0879    3.8221    2.6510   -7.4175   -1.5739   -2.2458
eta,q 0.90191 35.46328
  0.1171  0.1107  0.1160  0.0965  0.1052  0.1035
  0.1088  0.1053  0.1060  0.0971  0.1009  0.1004
  0.1030  0.1025  0.1004  0.0982  0.0977  0.0983
  0.1004  0.1006  0.1003  0.0997  0.0973  0.0979
  0.1017  0.1003  0.1051  0.1022  0.0992  0.0983
  0.1050  0.1046  0.1137  0.1049  0.1006  0.0990
  0.1088  0.1087  0.1229  0.1075  0.1007  0.1001
niter,ni,del,rscale     7    3   12.0000    1.2000
parameter  4  3.313428 ->  0.500000 qaram    1.5209
parameters
    0.1039    4.4849    1.5163  -11.9801   -1.2586   -2.0741
eta,q 0.90691 35.70824
  0.1107  0.1085  0.1116  0.0915  0.0987  0.0977
  0.1021  0.1029  0.1015  0.0922  0.0943  0.0945
  0.0978  0.1006  0.0972  0.0948  0.0925  0.0927
  0.0981  0.0981  0.0976  0.0970  0.0929  0.0930
  0.1002  0.0975  0.1026  0.0996  0.0935  0.0934
  0.1031  0.1006  0.1123  0.1013  0.0942  0.0943
  0.1090  0.1057  0.1222  0.1045  0.0967  0.0969
niter,ni,del,rscale     7    3   12.0000    1.2000
parameter  4  0.965189 ->  0.500000 qaram    1.7490
parameters
    0.1001    5.0738    0.1738  -17.2272   -0.3643   -2.1397
eta,q 0.91282 35.47125
  0.1065  0.1086  0.1069  0.0881  0.0952  0.0935
  0.0970  0.1002  0.0952  0.0871  0.0914  0.0900
  0.0930  0.0957  0.0908  0.0881  0.0889  0.0877
  0.0931  0.0931  0.0928  0.0909  0.0873  0.0872
  0.0950  0.0942  0.0997  0.0951  0.0874  0.0879
  0.0983  0.0983  0.1086  0.0998  0.0888  0.0901
  0.1050  0.1036  0.1196  0.1024  0.0918  0.0937
niter,ni,del,rscale     7    3   12.0000    1.2000
parameters
    0.0042    6.2556   -0.7697  -18.4344   -0.4998   -2.1363
eta,q 0.91541 35.49257
  0.1040  0.1111  0.1064  0.0958  0.0904  0.0910
  0.0942  0.0997  0.0926  0.0892  0.0873  0.0875
  0.0883  0.0919  0.0849  0.0849  0.0852  0.0851
  0.0872  0.0871  0.0863  0.0848  0.0846  0.0846
  0.0900  0.0872  0.0939  0.0888  0.0851  0.0852
  0.0959  0.0926  0.1045  0.0941  0.0872  0.0873
  0.1040  0.0988  0.1167  0.1007  0.0914  0.0911
niter,ni,del,rscale     6    3   12.0000    1.2000
parameters
   -0.0521    6.7408   -1.0837  -19.1482   -0.5164   -2.1828
eta,q 0.91557 35.49451
  0.1017  0.1068  0.1102  0.0965  0.0900  0.0906
  0.0923  0.0955  0.0955  0.0902  0.0868  0.0871
  0.0861  0.0879  0.0856  0.0848  0.0850  0.0848
  0.0846  0.0846  0.0847  0.0844  0.0844  0.0844
  0.0873  0.0878  0.0907  0.0873  0.0847  0.0851
  0.0933  0.0937  0.1005  0.0931  0.0864  0.0870
  0.1017  0.1002  0.1126  0.0994  0.0905  0.0907
niter,ni,del,rscale     5    3   12.0000    1.2000
parameters
   -0.1142    6.9429   -1.2725  -19.4514   -0.4415   -2.2504
eta,q 0.91564 35.48159
  0.1011  0.1053  0.1107  0.0975  0.0901  0.0904
  0.0920  0.0938  0.0959  0.0908  0.0867  0.0870
  0.0860  0.0865  0.0858  0.0851  0.0849  0.0847
  0.0844  0.0844  0.0845  0.0844  0.0844  0.0844
  0.0869  0.0885  0.0900  0.0864  0.0845  0.0851
  0.0929  0.0946  0.0994  0.0925  0.0862  0.0870
  0.1013  0.1008  0.1115  0.0984  0.0901  0.0907
niter,ni,del,rscale     4    3   12.0000    1.2000
parameters
   -0.1693    7.0318   -1.3596  -19.5806   -0.3634   -2.3069
eta,q 0.91569 35.47370
  0.1009  0.1046  0.1112  0.0980  0.0901  0.0904
  0.0919  0.0931  0.0965  0.0910  0.0866  0.0870
  0.0859  0.0860  0.0860  0.0853  0.0848  0.0847
  0.0844  0.0843  0.0844  0.0843  0.0843  0.0843
  0.0867  0.0888  0.0895  0.0860  0.0844  0.0851
  0.0927  0.0950  0.0987  0.0923  0.0861  0.0869
  0.1011  0.1010  0.1107  0.0980  0.0901  0.0907
niter,ni,del,rscale     3    3   12.0000    1.2000
parameters
   -0.2096    7.0700   -1.3990  -19.6381   -0.3034   -2.3446
eta,q 0.91571 35.47002
  0.1009  0.1043  0.1115  0.0982  0.0901  0.0904
  0.0920  0.0928  0.0968  0.0910  0.0866  0.0870
  0.0860  0.0858  0.0861  0.0854  0.0848  0.0847
  0.0843  0.0843  0.0843  0.0843  0.0843  0.0843
  0.0866  0.0890  0.0893  0.0859  0.0844  0.0850
  0.0926  0.0952  0.0983  0.0922  0.0861  0.0869
  0.1009  0.1011  0.1103  0.0978  0.0902  0.0906
registration optimization eta report
parameter search radius
    6.0000    6.9000    6.9000   10.4940    6.0000    6.9000
100000*second partial in parameter space
       46.       37.       55.       13.       17.       13.
  0.1009  0.1043  0.1115  0.0982  0.0901  0.0904
  0.0920  0.0928  0.0968  0.0910  0.0866  0.0870
  0.0860  0.0858  0.0861  0.0854  0.0848  0.0847
  0.0843  0.0843  0.0843  0.0843  0.0843  0.0843
  0.0866  0.0890  0.0893  0.0859  0.0844  0.0850
  0.0926  0.0952  0.0983  0.0922  0.0861  0.0869
  0.1009  0.1011  0.1103  0.0978  0.0902  0.0906
   -0.2096    7.0700   -1.3990  -19.6381   -0.3034   -2.3446
eta,q 0.91571 35.47002

---------------------------------------------------------------------
imgreg_4dfp /opt/freesurfer/average/3T18yoSchwartzReactN32_as_orig /opt/freesurfer/average/711-2B_as_mni_average_305_mask talsrcimg_g11 none talsrcimg_to_3T18yoSchwartzReactN32_as_orig_t4 3335
---------------------------------------------------------------------

freesurfer imgreg_4dfp.c
/opt/freesurfer/average/3T18yoSchwartzReactN32_as_orig.4dfp.img
       256       256       256         1
  1.000000  1.000000  1.000000
orientation T byte_order littleendian
Reading image: /opt/freesurfer/average/3T18yoSchwartzReactN32_as_orig.4dfp.img
dimensions:      256       256       256
mmppix:       1.0000   -1.0000   -1.0000
center:     128.0000 -129.0000 -129.0000
/opt/freesurfer/average/711-2B_as_mni_average_305_mask.4dfp.img
       256       256       256         1
  1.000000  1.000000  1.000000
orientation T byte_order littleendian
Reading mask: /opt/freesurfer/average/711-2B_as_mni_average_305_mask.4dfp.img (2306576 pixels)
talsrcimg_g11.4dfp.img
       320       320       320         1
  0.799995  0.799995  0.799995
orientation T byte_order littleendian
Reading image: talsrcimg_g11.4dfp.img
dimensions:      320       320       320
mmppix:       0.8000   -0.8000   -0.8000
center:     127.9992 -128.7992 -128.7992
fimgreg.f
image alignment mode   3335 decimal      D07 hex
parameters
   -0.2096    7.0700   -1.3990   -0.0851   -5.8882   -5.8179
    3.6751    1.8732   -4.0908   33.5593   -0.5296  -33.6074
eta,q 0.91896 35.77428
niter,ni,del,rscale     5    3    5.0000    1.2000
parameter  4  1.522202 ->  0.500000 qaram    1.1500
parameters
    0.0291    6.1458   -1.6300   -4.2251   -8.0849   -5.9042
    4.5619    2.1241   -1.3054   35.7171    2.4726  -31.5674
eta,q 0.93132 35.96013
  0.0864  0.0819  0.0836  0.0709  0.0747  0.0864  0.0775  0.0841  0.0775  0.0794  0.0767  0.0744
  0.0837  0.0807  0.0816  0.0710  0.0725  0.0803  0.0746  0.0779  0.0747  0.0757  0.0735  0.0715
  0.0819  0.0804  0.0805  0.0746  0.0712  0.0744  0.0724  0.0732  0.0725  0.0727  0.0711  0.0697
  0.0810  0.0810  0.0804  0.0803  0.0717  0.0712  0.0712  0.0711  0.0711  0.0705  0.0695  0.0688
  0.0813  0.0825  0.0811  0.0873  0.0742  0.0725  0.0713  0.0723  0.0705  0.0695  0.0689  0.0687
  0.0825  0.0847  0.0827  0.0945  0.0786  0.0792  0.0726  0.0765  0.0708  0.0703  0.0691  0.0692
  0.0847  0.0876  0.0850  0.1002  0.0833  0.0890  0.0752  0.0827  0.0720  0.0732  0.0702  0.0702
niter,ni,del,rscale     5    3    5.0000    1.2000
parameters
    0.6803    7.1815   -2.6959   -6.2456   -8.6933   -6.1125
    3.4874    1.6217   -1.0557   36.0417    3.5286  -31.1125
eta,q 0.93479 35.72554
  0.0790  0.0757  0.0679  0.0753  0.0717  0.0817  0.0693  0.0768  0.0693  0.0727  0.0702  0.0691
  0.0745  0.0724  0.0666  0.0695  0.0688  0.0746  0.0670  0.0707  0.0672  0.0694  0.0677  0.0667
  0.0709  0.0698  0.0665  0.0658  0.0664  0.0685  0.0657  0.0665  0.0659  0.0669  0.0661  0.0655
  0.0687  0.0681  0.0673  0.0664  0.0654  0.0655  0.0656  0.0655  0.0654  0.0654  0.0653  0.0652
  0.0681  0.0673  0.0691  0.0721  0.0666  0.0678  0.0668  0.0679  0.0657  0.0655  0.0653  0.0655
  0.0693  0.0676  0.0716  0.0806  0.0700  0.0749  0.0691  0.0733  0.0669  0.0677  0.0662  0.0665
  0.0720  0.0687  0.0749  0.0893  0.0749  0.0848  0.0725  0.0802  0.0688  0.0723  0.0680  0.0680
niter,ni,del,rscale     4    3    5.0000    1.2000
parameters
    0.7354    7.5124   -3.1328   -6.4403   -8.9667   -6.3822
    3.4778    1.2778   -1.0414   36.2658    4.0962  -31.0242
eta,q 0.93498 35.61948
  0.0724  0.0704  0.0679  0.0797  0.0718  0.0810  0.0703  0.0770  0.0687  0.0723  0.0694  0.0686
  0.0686  0.0678  0.0659  0.0733  0.0688  0.0739  0.0676  0.0707  0.0667  0.0690  0.0671  0.0663
  0.0662  0.0660  0.0650  0.0679  0.0663  0.0679  0.0658  0.0664  0.0655  0.0665  0.0657  0.0652
  0.0652  0.0652  0.0651  0.0650  0.0650  0.0651  0.0651  0.0651  0.0651  0.0651  0.0650  0.0650
  0.0659  0.0653  0.0662  0.0668  0.0658  0.0675  0.0657  0.0674  0.0655  0.0653  0.0652  0.0655
  0.0681  0.0663  0.0681  0.0734  0.0689  0.0748  0.0676  0.0725  0.0667  0.0676  0.0663  0.0665
  0.0718  0.0682  0.0708  0.0823  0.0736  0.0846  0.0705  0.0794  0.0687  0.0723  0.0682  0.0681
niter,ni,del,rscale     3    3    5.0000    1.2000
parameters
    0.6766    7.6373   -3.3327   -6.4029   -9.0997   -6.5938
    3.5992    1.0024   -1.0614   36.4156    4.4718  -31.0294
eta,q 0.93504 35.57716
  0.0715  0.0695  0.0685  0.0802  0.0719  0.0811  0.0704  0.0772  0.0686  0.0721  0.0691  0.0684
  0.0679  0.0671  0.0664  0.0738  0.0689  0.0740  0.0677  0.0708  0.0666  0.0689  0.0669  0.0662
  0.0657  0.0656  0.0652  0.0682  0.0663  0.0679  0.0658  0.0664  0.0654  0.0664  0.0655  0.0651
  0.0650  0.0650  0.0650  0.0650  0.0649  0.0650  0.0650  0.0650  0.0650  0.0650  0.0650  0.0650
  0.0659  0.0653  0.0658  0.0663  0.0656  0.0673  0.0655  0.0672  0.0654  0.0652  0.0652  0.0654
  0.0684  0.0666  0.0674  0.0725  0.0686  0.0744  0.0673  0.0722  0.0667  0.0676  0.0664  0.0665
  0.0721  0.0686  0.0698  0.0813  0.0732  0.0842  0.0702  0.0791  0.0686  0.0723  0.0683  0.0681
niter,ni,del,rscale     2    3    5.0000    1.2000
parameters
    0.6133    7.6960   -3.4479   -6.3542   -9.1689   -6.7428
    3.7136    0.7933   -1.0778   36.5203    4.7406  -31.0525
eta,q 0.93507 35.55640
  0.0714  0.0692  0.0688  0.0802  0.0719  0.0813  0.0704  0.0774  0.0686  0.0719  0.0689  0.0683
  0.0678  0.0669  0.0665  0.0738  0.0689  0.0741  0.0676  0.0709  0.0666  0.0688  0.0668  0.0661
  0.0656  0.0655  0.0653  0.0682  0.0663  0.0680  0.0657  0.0665  0.0654  0.0663  0.0655  0.0651
  0.0650  0.0650  0.0650  0.0649  0.0649  0.0649  0.0650  0.0650  0.0650  0.0650  0.0649  0.0649
  0.0659  0.0654  0.0656  0.0663  0.0655  0.0671  0.0655  0.0670  0.0654  0.0652  0.0652  0.0654
  0.0683  0.0666  0.0671  0.0725  0.0684  0.0741  0.0673  0.0720  0.0666  0.0677  0.0664  0.0665
  0.0721  0.0688  0.0695  0.0812  0.0730  0.0838  0.0702  0.0788  0.0686  0.0724  0.0684  0.0681
niter,ni,del,rscale     1    3    5.0000    1.2000
parameters
    0.5619    7.7282   -3.5241   -6.3219   -9.2079   -6.8489
    3.8012    0.6383   -1.0980   36.5938    4.9388  -31.0756
eta,q 0.93508 35.54381
  0.0714  0.0691  0.0688  0.0801  0.0720  0.0814  0.0704  0.0776  0.0685  0.0719  0.0688  0.0683
  0.0679  0.0668  0.0666  0.0737  0.0690  0.0743  0.0676  0.0711  0.0666  0.0687  0.0667  0.0661
  0.0656  0.0654  0.0653  0.0681  0.0664  0.0681  0.0657  0.0666  0.0653  0.0663  0.0654  0.0651
  0.0649  0.0649  0.0649  0.0649  0.0649  0.0649  0.0650  0.0650  0.0649  0.0649  0.0649  0.0649
  0.0658  0.0654  0.0655  0.0663  0.0655  0.0670  0.0655  0.0669  0.0654  0.0652  0.0652  0.0654
  0.0683  0.0667  0.0670  0.0725  0.0684  0.0739  0.0673  0.0719  0.0666  0.0677  0.0664  0.0665
  0.0720  0.0688  0.0693  0.0812  0.0729  0.0836  0.0702  0.0786  0.0685  0.0725  0.0685  0.0680
registration optimization eta report
parameter search radius
    2.4000    2.4000    2.4000    8.2800    7.2000    7.2000
    7.2000    7.2000    7.2000    7.2000    7.2000    7.2000
100000*second partial in parameter space
      117.       69.       72.       22.       14.       33.
       10.       25.        7.       14.        7.        6.
  0.0714  0.0691  0.0688  0.0801  0.0720  0.0814  0.0704  0.0776  0.0685  0.0719  0.0688  0.0683
  0.0679  0.0668  0.0666  0.0737  0.0690  0.0743  0.0676  0.0711  0.0666  0.0687  0.0667  0.0661
  0.0656  0.0654  0.0653  0.0681  0.0664  0.0681  0.0657  0.0666  0.0653  0.0663  0.0654  0.0651
  0.0649  0.0649  0.0649  0.0649  0.0649  0.0649  0.0650  0.0650  0.0649  0.0649  0.0649  0.0649
  0.0658  0.0654  0.0655  0.0663  0.0655  0.0670  0.0655  0.0669  0.0654  0.0652  0.0652  0.0654
  0.0683  0.0667  0.0670  0.0725  0.0684  0.0739  0.0673  0.0719  0.0666  0.0677  0.0664  0.0665
  0.0720  0.0688  0.0693  0.0812  0.0729  0.0836  0.0702  0.0786  0.0685  0.0725  0.0685  0.0680
    0.5619    7.7282   -3.5241   -6.3219   -9.2079   -6.8489
    3.8012    0.6383   -1.0980   36.5938    4.9388  -31.0756
eta,q 0.93508 35.54381

---------------------------------------------------------------------
imgreg_4dfp /opt/freesurfer/average/3T18yoSchwartzReactN32_as_orig /opt/freesurfer/average/711-2B_as_mni_average_305_mask talsrcimg_g11 none talsrcimg_to_3T18yoSchwartzReactN32_as_orig_t4 2311
---------------------------------------------------------------------

freesurfer imgreg_4dfp.c
/opt/freesurfer/average/3T18yoSchwartzReactN32_as_orig.4dfp.img
       256       256       256         1
  1.000000  1.000000  1.000000
orientation T byte_order littleendian
Reading image: /opt/freesurfer/average/3T18yoSchwartzReactN32_as_orig.4dfp.img
dimensions:      256       256       256
mmppix:       1.0000   -1.0000   -1.0000
center:     128.0000 -129.0000 -129.0000
/opt/freesurfer/average/711-2B_as_mni_average_305_mask.4dfp.img
       256       256       256         1
  1.000000  1.000000  1.000000
orientation T byte_order littleendian
Reading mask: /opt/freesurfer/average/711-2B_as_mni_average_305_mask.4dfp.img (2306576 pixels)
talsrcimg_g11.4dfp.img
       320       320       320         1
  0.799995  0.799995  0.799995
orientation T byte_order littleendian
Reading image: talsrcimg_g11.4dfp.img
dimensions:      320       320       320
mmppix:       0.8000   -0.8000   -0.8000
center:     127.9992 -128.7992 -128.7992
fimgreg.f
image alignment mode   2311 decimal      907 hex
parameters
    0.5619    7.7282   -3.5241   -6.3219   -9.2079   -6.8489
    3.8012    0.6383   -1.0980   36.5938    4.9388  -31.0756
eta,q 0.93508 35.54381
niter,ni,del,rscale     5    3    5.0000    0.8000
parameters
    0.5239    7.7410   -3.5907   -5.9427   -9.0069   -6.8193
    3.8554    0.5822   -1.1235   36.8818    5.0969  -31.3852
eta,q 0.93530 35.60172
  0.0679  0.0668  0.0667  0.0721  0.0688  0.0738  0.0674  0.0712  0.0665  0.0684  0.0666  0.0660
  0.0662  0.0657  0.0656  0.0689  0.0670  0.0696  0.0660  0.0678  0.0655  0.0667  0.0656  0.0652
  0.0652  0.0651  0.0651  0.0663  0.0655  0.0663  0.0651  0.0656  0.0650  0.0655  0.0650  0.0648
  0.0649  0.0649  0.0649  0.0649  0.0648  0.0648  0.0648  0.0648  0.0648  0.0648  0.0647  0.0647
  0.0653  0.0651  0.0652  0.0651  0.0650  0.0657  0.0650  0.0656  0.0650  0.0648  0.0649  0.0650
  0.0664  0.0657  0.0659  0.0671  0.0662  0.0689  0.0659  0.0680  0.0656  0.0659  0.0654  0.0655
  0.0682  0.0667  0.0669  0.0706  0.0684  0.0741  0.0673  0.0716  0.0665  0.0679  0.0664  0.0663
niter,ni,del,rscale     4    3    5.0000    0.7000
parameters
    0.4825    7.7081   -3.4856   -5.9250   -8.9761   -6.7461
    3.9150    0.5022   -1.1616   37.0143    5.1926  -31.5759
eta,q 0.93535 35.63446
  0.0671  0.0661  0.0664  0.0699  0.0677  0.0721  0.0667  0.0697  0.0660  0.0675  0.0661  0.0657
  0.0657  0.0653  0.0655  0.0674  0.0663  0.0685  0.0656  0.0670  0.0653  0.0661  0.0653  0.0651
  0.0649  0.0648  0.0649  0.0655  0.0652  0.0659  0.0649  0.0653  0.0648  0.0652  0.0648  0.0647
  0.0647  0.0647  0.0647  0.0647  0.0647  0.0647  0.0647  0.0647  0.0647  0.0647  0.0647  0.0647
  0.0650  0.0649  0.0648  0.0652  0.0649  0.0654  0.0649  0.0653  0.0648  0.0648  0.0648  0.0648
  0.0659  0.0654  0.0652  0.0670  0.0660  0.0679  0.0655  0.0673  0.0653  0.0657  0.0652  0.0652
  0.0673  0.0662  0.0660  0.0701  0.0678  0.0719  0.0666  0.0701  0.0660  0.0673  0.0660  0.0659
niter,ni,del,rscale     3    3    5.0000    0.6000
parameters
    0.4560    7.7045   -3.4228   -5.9133   -8.9736   -6.6848
    3.9627    0.4580   -1.1901   37.1219    5.2449  -31.7170
eta,q 0.93538 35.65398
  0.0664  0.0657  0.0659  0.0686  0.0669  0.0703  0.0662  0.0685  0.0656  0.0667  0.0656  0.0654
  0.0654  0.0651  0.0652  0.0666  0.0658  0.0675  0.0653  0.0664  0.0651  0.0657  0.0651  0.0649
  0.0648  0.0648  0.0648  0.0652  0.0650  0.0655  0.0648  0.0651  0.0647  0.0650  0.0648  0.0647
  0.0646  0.0646  0.0646  0.0646  0.0646  0.0646  0.0646  0.0646  0.0646  0.0646  0.0646  0.0646
  0.0649  0.0648  0.0647  0.0650  0.0649  0.0652  0.0648  0.0651  0.0648  0.0647  0.0647  0.0648
  0.0655  0.0651  0.0651  0.0664  0.0657  0.0671  0.0653  0.0665  0.0651  0.0654  0.0650  0.0651
  0.0666  0.0657  0.0656  0.0687  0.0670  0.0701  0.0661  0.0687  0.0657  0.0666  0.0656  0.0655
niter,ni,del,rscale     2    3    5.0000    0.5000
parameters
    0.4387    7.7072   -3.3744   -5.8982   -8.9774   -6.6391
    3.9931    0.4416   -1.2175   37.2190    5.2738  -31.8311
eta,q 0.93540 35.66914
  0.0659  0.0654  0.0655  0.0675  0.0663  0.0687  0.0657  0.0674  0.0653  0.0661  0.0653  0.0652
  0.0652  0.0650  0.0650  0.0660  0.0654  0.0667  0.0651  0.0659  0.0649  0.0654  0.0649  0.0648
  0.0647  0.0647  0.0647  0.0650  0.0648  0.0652  0.0647  0.0650  0.0647  0.0649  0.0647  0.0646
  0.0646  0.0646  0.0646  0.0646  0.0646  0.0646  0.0646  0.0646  0.0646  0.0646  0.0646  0.0646
  0.0648  0.0647  0.0647  0.0649  0.0648  0.0650  0.0647  0.0649  0.0647  0.0647  0.0647  0.0647
  0.0652  0.0650  0.0649  0.0659  0.0654  0.0664  0.0651  0.0659  0.0649  0.0652  0.0649  0.0649
  0.0660  0.0654  0.0653  0.0675  0.0663  0.0686  0.0657  0.0675  0.0653  0.0660  0.0653  0.0652
niter,ni,del,rscale     1    3    5.0000    0.4000
parameters
    0.4310    7.7088   -3.3384   -5.8853   -8.9829   -6.6075
    4.0152    0.4434   -1.2477   37.3067    5.2781  -31.9364
eta,q 0.93540 35.68136
  0.0654  0.0651  0.0652  0.0665  0.0657  0.0673  0.0653  0.0664  0.0650  0.0656  0.0650  0.0649
  0.0650  0.0648  0.0649  0.0655  0.0651  0.0659  0.0649  0.0655  0.0648  0.0651  0.0648  0.0647
  0.0647  0.0647  0.0647  0.0649  0.0647  0.0650  0.0647  0.0648  0.0646  0.0648  0.0646  0.0646
  0.0646  0.0646  0.0646  0.0646  0.0646  0.0646  0.0646  0.0646  0.0646  0.0646  0.0646  0.0646
  0.0647  0.0647  0.0646  0.0648  0.0647  0.0649  0.0647  0.0648  0.0647  0.0647  0.0646  0.0647
  0.0650  0.0648  0.0648  0.0654  0.0651  0.0658  0.0649  0.0654  0.0648  0.0649  0.0648  0.0648
  0.0655  0.0651  0.0651  0.0665  0.0657  0.0672  0.0653  0.0665  0.0651  0.0655  0.0650  0.0650
registration optimization eta report
parameter search radius
    0.8000    0.8000    0.8000    2.4000    2.4000    2.4000
    2.4000    2.4000    2.4000    2.4000    2.4000    2.4000
100000*second partial in parameter space
      132.       79.       79.       33.       19.       46.
       12.       32.        8.       16.        8.        7.
  0.0654  0.0651  0.0652  0.0665  0.0657  0.0673  0.0653  0.0664  0.0650  0.0656  0.0650  0.0649
  0.0650  0.0648  0.0649  0.0655  0.0651  0.0659  0.0649  0.0655  0.0648  0.0651  0.0648  0.0647
  0.0647  0.0647  0.0647  0.0649  0.0647  0.0650  0.0647  0.0648  0.0646  0.0648  0.0646  0.0646
  0.0646  0.0646  0.0646  0.0646  0.0646  0.0646  0.0646  0.0646  0.0646  0.0646  0.0646  0.0646
  0.0647  0.0647  0.0646  0.0648  0.0647  0.0649  0.0647  0.0648  0.0647  0.0647  0.0646  0.0647
  0.0650  0.0648  0.0648  0.0654  0.0651  0.0658  0.0649  0.0654  0.0648  0.0649  0.0648  0.0648
  0.0655  0.0651  0.0651  0.0665  0.0657  0.0672  0.0653  0.0665  0.0651  0.0655  0.0650  0.0650
    0.4310    7.7088   -3.3384   -5.8853   -8.9829   -6.6075
    4.0152    0.4434   -1.2477   37.3067    5.2781  -31.9364
eta,q 0.93540 35.68136

---------------------------------------------------------------------
imgreg_4dfp /opt/freesurfer/average/3T18yoSchwartzReactN32_as_orig /opt/freesurfer/average/711-2B_as_mni_average_305_mask talsrcimg_g11 none talsrcimg_to_3T18yoSchwartzReactN32_as_orig_t4 2311
---------------------------------------------------------------------

freesurfer imgreg_4dfp.c
/opt/freesurfer/average/3T18yoSchwartzReactN32_as_orig.4dfp.img
       256       256       256         1
  1.000000  1.000000  1.000000
orientation T byte_order littleendian
Reading image: /opt/freesurfer/average/3T18yoSchwartzReactN32_as_orig.4dfp.img
dimensions:      256       256       256
mmppix:       1.0000   -1.0000   -1.0000
center:     128.0000 -129.0000 -129.0000
/opt/freesurfer/average/711-2B_as_mni_average_305_mask.4dfp.img
       256       256       256         1
  1.000000  1.000000  1.000000
orientation T byte_order littleendian
Reading mask: /opt/freesurfer/average/711-2B_as_mni_average_305_mask.4dfp.img (2306576 pixels)
talsrcimg_g11.4dfp.img
       320       320       320         1
  0.799995  0.799995  0.799995
orientation T byte_order littleendian
Reading image: talsrcimg_g11.4dfp.img
dimensions:      320       320       320
mmppix:       0.8000   -0.8000   -0.8000
center:     127.9992 -128.7992 -128.7992
fimgreg.f
image alignment mode   2311 decimal      907 hex
parameters
    0.4310    7.7088   -3.3384   -5.8853   -8.9829   -6.6075
    4.0152    0.4434   -1.2477   37.3067    5.2781  -31.9364
eta,q 0.93540 35.68135
niter,ni,del,rscale     5    3    5.0000    0.8000
parameters
    0.4349    7.7231   -3.3037   -6.0718   -9.1808   -6.6745
    4.0357    0.3823   -1.2156   37.1784    5.2895  -31.8196
eta,q 0.93535 35.64555
  0.0679  0.0666  0.0667  0.0707  0.0682  0.0735  0.0672  0.0711  0.0664  0.0679  0.0664  0.0663
  0.0661  0.0655  0.0655  0.0677  0.0664  0.0692  0.0658  0.0677  0.0654  0.0663  0.0654  0.0653
  0.0650  0.0648  0.0648  0.0655  0.0651  0.0660  0.0649  0.0655  0.0648  0.0652  0.0649  0.0648
  0.0646  0.0646  0.0646  0.0646  0.0646  0.0646  0.0646  0.0646  0.0646  0.0646  0.0647  0.0646
  0.0650  0.0648  0.0648  0.0654  0.0651  0.0657  0.0649  0.0655  0.0648  0.0649  0.0648  0.0648
  0.0661  0.0655  0.0654  0.0680  0.0666  0.0691  0.0658  0.0679  0.0654  0.0662  0.0654  0.0653
  0.0679  0.0665  0.0665  0.0721  0.0691  0.0745  0.0672  0.0715  0.0664  0.0686  0.0664  0.0660
niter,ni,del,rscale     4    3    5.0000    0.7000
parameters
    0.4328    7.7542   -3.3903   -5.9873   -9.1398   -6.7067
    4.0210    0.3855   -1.2133   37.2193    5.3100  -31.8072
eta,q 0.93537 35.64221
  0.0671  0.0662  0.0660  0.0700  0.0677  0.0717  0.0666  0.0699  0.0660  0.0673  0.0660  0.0658
  0.0658  0.0654  0.0652  0.0674  0.0662  0.0683  0.0655  0.0671  0.0652  0.0660  0.0652  0.0651
  0.0649  0.0648  0.0648  0.0655  0.0651  0.0657  0.0649  0.0653  0.0648  0.0651  0.0648  0.0647
  0.0646  0.0646  0.0647  0.0646  0.0646  0.0646  0.0646  0.0646  0.0646  0.0646  0.0646  0.0646
  0.0649  0.0648  0.0649  0.0651  0.0649  0.0655  0.0649  0.0652  0.0648  0.0648  0.0648  0.0648
  0.0658  0.0653  0.0655  0.0668  0.0659  0.0681  0.0655  0.0671  0.0652  0.0657  0.0652  0.0652
  0.0671  0.0661  0.0663  0.0698  0.0678  0.0723  0.0667  0.0699  0.0660  0.0674  0.0660  0.0657
niter,ni,del,rscale     3    3    5.0000    0.6000
parameters
    0.4262    7.7529   -3.3968   -5.9334   -9.0887   -6.6954
    4.0228    0.3876   -1.2239   37.2667    5.3239  -31.8517
eta,q 0.93539 35.65263
  0.0665  0.0657  0.0657  0.0687  0.0670  0.0702  0.0661  0.0686  0.0656  0.0666  0.0656  0.0655
  0.0654  0.0651  0.0651  0.0667  0.0658  0.0674  0.0653  0.0665  0.0651  0.0656  0.0651  0.0650
  0.0648  0.0647  0.0648  0.0652  0.0650  0.0654  0.0648  0.0651  0.0647  0.0649  0.0647  0.0647
  0.0646  0.0646  0.0646  0.0646  0.0646  0.0646  0.0646  0.0646  0.0646  0.0646  0.0646  0.0646
  0.0648  0.0648  0.0648  0.0650  0.0648  0.0652  0.0648  0.0650  0.0647  0.0647  0.0647  0.0647
  0.0655  0.0651  0.0651  0.0663  0.0656  0.0672  0.0653  0.0664  0.0651  0.0654  0.0650  0.0650
  0.0665  0.0657  0.0658  0.0686  0.0670  0.0703  0.0661  0.0686  0.0656  0.0667  0.0656  0.0655
niter,ni,del,rscale     2    3    5.0000    0.5000
parameters
    0.4205    7.7452   -3.3786   -5.9027   -9.0548   -6.6678
    4.0321    0.3974   -1.2357   37.3202    5.3247  -31.9152
eta,q 0.93540 35.66503
  0.0659  0.0654  0.0654  0.0675  0.0663  0.0687  0.0657  0.0674  0.0653  0.0661  0.0653  0.0652
  0.0652  0.0649  0.0650  0.0660  0.0654  0.0666  0.0651  0.0659  0.0649  0.0653  0.0649  0.0648
  0.0647  0.0647  0.0647  0.0650  0.0648  0.0652  0.0647  0.0650  0.0647  0.0648  0.0647  0.0646
  0.0646  0.0646  0.0646  0.0646  0.0646  0.0646  0.0646  0.0646  0.0646  0.0646  0.0646  0.0646
  0.0648  0.0647  0.0647  0.0649  0.0648  0.0650  0.0647  0.0649  0.0647  0.0647  0.0647  0.0647
  0.0652  0.0650  0.0649  0.0658  0.0653  0.0664  0.0651  0.0659  0.0649  0.0652  0.0649  0.0649
  0.0659  0.0654  0.0654  0.0675  0.0663  0.0686  0.0657  0.0674  0.0653  0.0660  0.0653  0.0652
niter,ni,del,rscale     1    3    5.0000    0.4000
parameters
    0.4167    7.7365   -3.3516   -5.8840   -9.0317   -6.6368
    4.0373    0.4121   -1.2516   37.3706    5.3102  -31.9788
eta,q 0.93541 35.67668
  0.0654  0.0651  0.0651  0.0665  0.0657  0.0673  0.0653  0.0665  0.0651  0.0656  0.0650  0.0650
  0.0650  0.0648  0.0648  0.0655  0.0651  0.0659  0.0649  0.0655  0.0648  0.0651  0.0648  0.0647
  0.0647  0.0646  0.0647  0.0649  0.0647  0.0650  0.0647  0.0648  0.0646  0.0647  0.0646  0.0646
  0.0646  0.0646  0.0646  0.0646  0.0646  0.0646  0.0646  0.0646  0.0646  0.0646  0.0646  0.0646
  0.0647  0.0647  0.0646  0.0648  0.0647  0.0649  0.0647  0.0648  0.0647  0.0647  0.0646  0.0646
  0.0650  0.0648  0.0648  0.0654  0.0651  0.0658  0.0649  0.0654  0.0648  0.0650  0.0648  0.0648
  0.0654  0.0651  0.0651  0.0665  0.0657  0.0672  0.0653  0.0664  0.0651  0.0655  0.0651  0.0650
registration optimization eta report
parameter search radius
    0.8000    0.8000    0.8000    2.4000    2.4000    2.4000
    2.4000    2.4000    2.4000    2.4000    2.4000    2.4000
100000*second partial in parameter space
      132.       78.       79.       33.       19.       46.
       12.       32.        8.       16.        8.        7.
  0.0654  0.0651  0.0651  0.0665  0.0657  0.0673  0.0653  0.0665  0.0651  0.0656  0.0650  0.0650
  0.0650  0.0648  0.0648  0.0655  0.0651  0.0659  0.0649  0.0655  0.0648  0.0651  0.0648  0.0647
  0.0647  0.0646  0.0647  0.0649  0.0647  0.0650  0.0647  0.0648  0.0646  0.0647  0.0646  0.0646
  0.0646  0.0646  0.0646  0.0646  0.0646  0.0646  0.0646  0.0646  0.0646  0.0646  0.0646  0.0646
  0.0647  0.0647  0.0646  0.0648  0.0647  0.0649  0.0647  0.0648  0.0647  0.0647  0.0646  0.0646
  0.0650  0.0648  0.0648  0.0654  0.0651  0.0658  0.0649  0.0654  0.0648  0.0650  0.0648  0.0648
  0.0654  0.0651  0.0651  0.0665  0.0657  0.0672  0.0653  0.0664  0.0651  0.0655  0.0651  0.0650
    0.4167    7.7365   -3.3516   -5.8840   -9.0317   -6.6368
    4.0373    0.4121   -1.2516   37.3706    5.3102  -31.9788
eta,q 0.93541 35.67668

---------------------------------------------------------------------
compute_vox2vox talsrcimg talsrcimg_to_3T18yoSchwartzReactN32_as_orig_t4 /opt/freesurfer/average/3T18yoSchwartzReactN32_as_orig
---------------------------------------------------------------------

freesurfer compute_vox2vox.c
Reading: talsrcimg.4dfp.ifh
Reading: talsrcimg_to_3T18yoSchwartzReactN32_as_orig_t4
Reading: /opt/freesurfer/average/3T18yoSchwartzReactN32_as_orig.4dfp.ifh
Writing: talsrcimg_to_3T18yoSchwartzReactN32_as_orig_t4_vox2vox.txt

start time Thu Oct 5 11:52:00 UTC 2023
end		time Thu Oct 5 11:52:34 UTC 2023

mpr2mni305 success

avi2talxfm orig_nu.mgz /opt/freesurfer/average/mni305.cor.mgz talsrcimg_to_3T18yoSchwartzReactN32_as_orig_t4_vox2vox.txt transforms/talairach.auto.xfm
avi2talxfm done
mv -f /localscratch/bpinsard.41394449.0/freesurfer_crosssectional_autorecon1smriprep_skullstripautorecon2autorecon3_sub02_ses009.job/sub-02_ses-009/mri/talsrcimg_to_3T18yoSchwartzReactN32_as_orig_t4_vox2vox.txt /localscratch/bpinsard.41394449.0/freesurfer_crosssectional_autorecon1smriprep_skullstripautorecon2autorecon3_sub02_ses009.job/sub-02_ses-009/mri/transforms/talsrcimg_to_3T18yoSchwartzReactN32_as_orig_t4_vox2vox.txt
lta_convert --src orig_nu.mgz --trg /opt/freesurfer/average/mni305.cor.mgz --inxfm transforms/talairach.auto.xfm --outlta transforms/talairach.auto.xfm.lta --subject fsaverage
7.4.1

--src: orig_nu.mgz src image (geometry).
--trg: /opt/freesurfer/average/mni305.cor.mgz trg image (geometry).
--inmni: transforms/talairach.auto.xfm input MNI/XFM transform.
--outlta: transforms/talairach.auto.xfm.lta output LTA.
--s: fsaverage subject name
 LTA read, type : 1
 1.06124   0.01242  -0.04273  -0.76126;
-0.04853   0.93839   0.33203  -19.38072;
 0.03454  -0.38533   0.96229   14.32288;
 0.00000   0.00000   0.00000   1.00000;
setting subject to fsaverage
Writing  LTA to file transforms/talairach.auto.xfm.lta...
lta_convert successful.
 
 
Started at Thu Oct 5 11:51:59 UTC 2023
Ended   at Thu Oct  5 11:52:34 UTC 2023
talairach_avi done
