Logfile for bbregister
Sun Oct  8 05:02:21 UTC 2023

setenv SUBJECTS_DIR /localscratch/bpinsard.41451856.0/freesurfer_crosssectional_autorecon3_sub03_ses006.job
cd /localscratch/bpinsard.41451856.0/freesurfer_crosssectional_autorecon3_sub03_ses006.job/sub-03_ses-006/scripts
/opt/freesurfer/bin/bbregister --s sub-03_ses-006 --mov /localscratch/bpinsard.41451856.0/freesurfer_crosssectional_autorecon3_sub03_ses006.job/sub-03_ses-006/mri/orig/T2raw.mgz --lta /localscratch/bpinsard.41451856.0/freesurfer_crosssectional_autorecon3_sub03_ses006.job/sub-03_ses-006/mri/transforms/T2raw.auto.lta --init-coreg --T2 --gm-proj-abs 2 --wm-proj-abs 1 --no-coreg-ref-mask

bbregister 7.4.1
Linux bc12042.int.ets1.calculquebec.ca 3.10.0-1160.99.1.el7.x86_64 #1 SMP Wed Sep 13 14:19:20 UTC 2023 x86_64 x86_64 x86_64 GNU/Linux
FREESURFER_HOME /opt/freesurfer
mri_convert /localscratch/bpinsard.41451856.0/freesurfer_crosssectional_autorecon3_sub03_ses006.job/sub-03_ses-006/mri/orig/T2raw.mgz /localscratch/bpinsard.41451856.0/freesurfer_crosssectional_autorecon3_sub03_ses006.job/sub-03_ses-006/mri/transforms/tmp.bbregister.73284/template.nii
mri_convert /localscratch/bpinsard.41451856.0/freesurfer_crosssectional_autorecon3_sub03_ses006.job/sub-03_ses-006/mri/orig/T2raw.mgz /localscratch/bpinsard.41451856.0/freesurfer_crosssectional_autorecon3_sub03_ses006.job/sub-03_ses-006/mri/transforms/tmp.bbregister.73284/template.nii 
reading from /localscratch/bpinsard.41451856.0/freesurfer_crosssectional_autorecon3_sub03_ses006.job/sub-03_ses-006/mri/orig/T2raw.mgz...
TR=0.00, TE=0.00, TI=0.00, flip angle=0.00
i_ras = (1, 0, 0)
j_ras = (0, 1, 0)
k_ras = (0, 0, 1)
writing to /localscratch/bpinsard.41451856.0/freesurfer_crosssectional_autorecon3_sub03_ses006.job/sub-03_ses-006/mri/transforms/tmp.bbregister.73284/template.nii...
mri_coreg --s sub-03_ses-006 --mov /localscratch/bpinsard.41451856.0/freesurfer_crosssectional_autorecon3_sub03_ses006.job/sub-03_ses-006/mri/transforms/tmp.bbregister.73284/template.nii --regdat /localscratch/bpinsard.41451856.0/freesurfer_crosssectional_autorecon3_sub03_ses006.job/sub-03_ses-006/mri/transforms/tmp.bbregister.73284/reg.init.dat --reg /localscratch/bpinsard.41451856.0/freesurfer_crosssectional_autorecon3_sub03_ses006.job/sub-03_ses-006/mri/transforms/tmp.bbregister.73284/mri_coreg.lta --nthreads 4 --dof 6 --sep 4 --ftol .0001 --linmintol .01 --no-ref-mask

$Id: mri_coreg.c,v 1.27 2016/04/30 15:11:49 greve Exp $
cwd /localscratch/bpinsard.41451856.0/freesurfer_crosssectional_autorecon3_sub03_ses006.job/sub-03_ses-006/scripts
cmdline mri_coreg --s sub-03_ses-006 --mov /localscratch/bpinsard.41451856.0/freesurfer_crosssectional_autorecon3_sub03_ses006.job/sub-03_ses-006/mri/transforms/tmp.bbregister.73284/template.nii --regdat /localscratch/bpinsard.41451856.0/freesurfer_crosssectional_autorecon3_sub03_ses006.job/sub-03_ses-006/mri/transforms/tmp.bbregister.73284/reg.init.dat --reg /localscratch/bpinsard.41451856.0/freesurfer_crosssectional_autorecon3_sub03_ses006.job/sub-03_ses-006/mri/transforms/tmp.bbregister.73284/mri_coreg.lta --nthreads 4 --dof 6 --sep 4 --ftol .0001 --linmintol .01 --no-ref-mask 
sysname  Linux
hostname bc12042.int.ets1.calculquebec.ca
machine  x86_64
user     bpinsard
dof    6
nsep    1
cras0    1
ftol    0.000100
linmintol    0.010000
bf       1
bflim    30.000000
bfnsamp    30
SmoothRef 0
SatPct    99.990000
MovOOB 0
optschema 1
Seed 53
Reading in mov /localscratch/bpinsard.41451856.0/freesurfer_crosssectional_autorecon3_sub03_ses006.job/sub-03_ses-006/mri/transforms/tmp.bbregister.73284/template.nii
Reading in ref /localscratch/bpinsard.41451856.0/freesurfer_crosssectional_autorecon3_sub03_ses006.job/sub-03_ses-006/mri/brainmask.mgz
Setting cras translation parameters to align volume centers
Init matrix params -0.8000 -0.0000 -0.8000  0.0000  0.0000  0.0000  1.0000  1.0000  1.0000  0.0000  0.0000  0.0000 
Initial Matrix (RAS2RAS)
 1.00000   0.00000   0.00000   0.79999;
 0.00000   1.00000   0.00000   0.00001;
 0.00000   0.00000   1.00000   0.80000;
 0.00000   0.00000   0.00000   1.00000;
Initial parameters to be opt -0.8000 -0.0000 -0.8000  0.0000  0.0000  0.0000 
Creating random numbers for coordinate dithering
Performing intensity dithering
Performing intensity dithering on mov with computed dither
Separation list (1):  4   min = 4
DoSmoothing 1
DoCoordDither 1
DoIntensityDither 1
nitersmax 4
ftol 1.000e-04
linmintol 1.000e-02
SatPct 99.990000
Hist FWHM 7.000000 7.000000
nthreads 4
movsat = 4504.6304
mov gstd 1.9140 1.9140 1.9140
Smoothing mov
refsat = 142.0000
ref gstd 1.9140 1.9140 1.9140
Smoothing ref
COREGpreproc() done
Testing if mov and target overlap
Init cost   -1.0344371159
nhits = 309411 out of 32768000, Percent Overlap:  60.4
Initial  RefRAS-to-MovRAS
 1.00000   0.00000   0.00000  -0.79999;
 0.00000   1.00000   0.00000  -0.00001;
 0.00000   0.00000   1.00000  -0.80000;
 0.00000   0.00000   0.00000   1.00000;
Initial  RefVox-to-MovVox
-1.00000   0.00000   0.00000   263.00003;
 0.00000   0.00000   0.99999  -9.99909;
 0.00000  -0.99999   0.00000   318.99908;
 0.00000   0.00000   0.00000   1.00000;
sep = 4 -----------------------------------
COREGoptBruteForce() 30 1 30
Turning on MovOOB for BruteForce Search
#BF# sep= 4 iter=0 lim=30.0 delta=2.00  -0.79999  -0.00001  15.20000   2.00000   2.00000   2.00000   -1.0336921
Turning  MovOOB back off after brute force search


---------------------------------
Init Powel Params dof = 6: -0.799988 -0.000008 15.200005 2.000000 2.000000 2.000000 
Starting OpenPowel2(), sep = 4
InitialCost        -1.0386272669 
#@#  4  188  -0.79999 -0.00001 15.20000 2.00000 2.00000 2.00000   -1.0386273
fs_powell::minimize
  nparams 6
  maxfev 4
  ftol   0.000100
  linmin_xtol_   0.010000
  powell nthiter 0: fret = -1.038627
#@#  4  194  -0.41802 -0.00001 15.20000 2.00000 2.00000 2.00000   -1.0386398
#@#  4  196  -0.37872 -0.00001 15.20000 2.00000 2.00000 2.00000   -1.0386401
#@#  4  201  -0.37872 -1.61804 15.20000 2.00000 2.00000 2.00000   -1.0391294
#@#  4  204  -0.37872 -4.66772 15.20000 2.00000 2.00000 2.00000   -1.0396588
#@#  4  206  -0.37872 -4.77006 15.20000 2.00000 2.00000 2.00000   -1.0396619
#@#  4  207  -0.37872 -4.94400 15.20000 2.00000 2.00000 2.00000   -1.0396634
#@#  4  208  -0.37872 -4.91461 15.20000 2.00000 2.00000 2.00000   -1.0396638
#@#  4  217  -0.37872 -4.87758 14.58197 2.00000 2.00000 2.00000   -1.0396769
#@#  4  219  -0.37872 -4.87758 14.74755 2.00000 2.00000 2.00000   -1.0396785
#@#  4  225  -0.37872 -4.87758 14.74755 3.00000 2.00000 2.00000   -1.0397418
#@#  4  226  -0.37872 -4.87758 14.74755 4.61803 2.00000 2.00000   -1.0398189
#@#  4  229  -0.37872 -4.87758 14.74755 5.83369 2.00000 2.00000   -1.0398248
#@#  4  231  -0.37872 -4.87758 14.74755 5.40905 2.00000 2.00000   -1.0398250
#@#  4  234  -0.37872 -4.87758 14.74755 5.25798 2.00000 2.00000   -1.0398256
#@#  4  243  -0.37872 -4.87758 14.74755 5.23798 1.38197 2.00000   -1.0398376
#@#  4  251  -0.37872 -4.87758 14.74755 5.23798 1.39197 0.38197   -1.0398589
#@#  4  252  -0.37872 -4.87758 14.74755 5.23798 1.39197 0.00759   -1.0398593
#@#  4  253  -0.37872 -4.87758 14.74755 5.23798 1.39197 0.11698   -1.0398595
#@#  4  265  -0.21781 -6.74065 14.57473 6.47478 1.15972 -0.60227   -1.0400126
#@#  4  267  -0.19532 -7.00113 14.55057 6.64770 1.12725 -0.70283   -1.0400147
  powell nthiter 1: fret = -1.040015
#@#  4  277  -0.00012 -7.04990 14.54604 6.68008 1.12117 -0.72166   -1.0400174
#@#  4  286  -0.00012 -7.04990 14.54604 6.68008 1.12117 -1.33969   -1.0400251
#@#  4  289  -0.00012 -7.04990 14.54604 6.68008 1.12117 -1.38012   -1.0400252
#@#  4  299  -0.00012 -7.04990 14.92801 6.68008 1.12117 -1.39012   -1.0400298
#@#  4  300  -0.00012 -7.04990 14.81101 6.68008 1.12117 -1.39012   -1.0400302
#@#  4  306  -0.00012 -7.04990 14.84563 7.68008 1.12117 -1.39012   -1.0400745
#@#  4  309  -0.00012 -7.04990 14.84563 8.29812 1.12117 -1.39012   -1.0400791
#@#  4  311  -0.00012 -7.04990 14.84563 8.18961 1.12117 -1.39012   -1.0400796
#@#  4  315  -0.00012 -7.04990 14.84563 8.20534 1.12117 -1.39012   -1.0400797
#@#  4  323  -0.00012 -7.04990 14.84563 8.20534 1.29402 -1.39012   -1.0400804
#@#  4  324  -0.00012 -7.04990 14.84563 8.20534 1.28402 -1.39012   -1.0400805
#@#  4  334  0.02421 -7.33166 14.81949 8.39238 1.24889 -1.49890   -1.0400871
#@#  4  335  0.03384 -7.44308 14.80915 8.46635 1.23500 -1.54191   -1.0400883
#@#  4  337  0.03805 -7.49186 14.80463 8.49873 1.22892 -1.56074   -1.0400887
Powell done niters total = 1
OptTimeSec 19.1 sec
OptTimeMin  0.32 min
nEvals 337
Final optimized parameters   0.03804980  -7.49185801  14.80463028   8.49872971   1.22892320  -1.56074417 
Final matrix parameters  0.0380 -7.4919 14.8046  8.4987  1.2289 -1.5607  1.0000  1.0000  1.0000  0.0000  0.0000  0.0000 
Final cost   -1.040088622743944
 

---------------------------------
Final  RefRAS-to-MovRAS
 0.99940  -0.02723   0.02145   0.03805;
 0.02377   0.98874   0.14775  -7.49186;
-0.02523  -0.14715   0.98879   14.80463;
 0.00000   0.00000   0.00000   1.00000;
Final  RefVox-to-MovVox
-0.99940  -0.02145  -0.02723   271.04092;
-0.02377  -0.14775   0.98873   9.87890;
 0.02523  -0.98879  -0.14715   352.18036;
 0.00000   0.00000   0.00000   1.00000;
Final matrix parameters  0.0380 -7.4919 14.8046  8.4987  1.2289 -1.5607  0.0000  0.0000  0.0000  0.0000  0.0000  0.0000 
Final opt parameters  0.0380 -7.4919 14.8046  8.4987  1.2289 -1.5607 
nhits = 290128 out of 32768000, Percent Overlap:  56.7
mri_coreg RunTimeSec 120.9 sec
To check run:
   tkregisterfv --mov /localscratch/bpinsard.41451856.0/freesurfer_crosssectional_autorecon3_sub03_ses006.job/sub-03_ses-006/mri/transforms/tmp.bbregister.73284/template.nii --targ /localscratch/bpinsard.41451856.0/freesurfer_crosssectional_autorecon3_sub03_ses006.job/sub-03_ses-006/mri/brainmask.mgz --reg /localscratch/bpinsard.41451856.0/freesurfer_crosssectional_autorecon3_sub03_ses006.job/sub-03_ses-006/mri/transforms/tmp.bbregister.73284/mri_coreg.lta --s sub-03_ses-006 --surfs 

mri_coreg done

mri_segreg --mov /localscratch/bpinsard.41451856.0/freesurfer_crosssectional_autorecon3_sub03_ses006.job/sub-03_ses-006/mri/transforms/tmp.bbregister.73284/template.nii --init-reg /localscratch/bpinsard.41451856.0/freesurfer_crosssectional_autorecon3_sub03_ses006.job/sub-03_ses-006/mri/transforms/tmp.bbregister.73284/reg.init.dat --out-reg /localscratch/bpinsard.41451856.0/freesurfer_crosssectional_autorecon3_sub03_ses006.job/sub-03_ses-006/mri/transforms/tmp.bbregister.73284/bbr.pass1.dat --subsamp-brute 100 --subsamp 100 --tol 1e-4 --tol1d 1e-3 --brute -4 4 4 --surf white --gm-proj-abs 2 --gm-gt-wm 0.5
7.4.1
setenv SUBJECTS_DIR /localscratch/bpinsard.41451856.0/freesurfer_crosssectional_autorecon3_sub03_ses006.job
cd /localscratch/bpinsard.41451856.0/freesurfer_crosssectional_autorecon3_sub03_ses006.job/sub-03_ses-006/scripts
mri_segreg --mov /localscratch/bpinsard.41451856.0/freesurfer_crosssectional_autorecon3_sub03_ses006.job/sub-03_ses-006/mri/transforms/tmp.bbregister.73284/template.nii --init-reg /localscratch/bpinsard.41451856.0/freesurfer_crosssectional_autorecon3_sub03_ses006.job/sub-03_ses-006/mri/transforms/tmp.bbregister.73284/reg.init.dat --out-reg /localscratch/bpinsard.41451856.0/freesurfer_crosssectional_autorecon3_sub03_ses006.job/sub-03_ses-006/mri/transforms/tmp.bbregister.73284/bbr.pass1.dat --subsamp-brute 100 --subsamp 100 --tol 1e-4 --tol1d 1e-3 --brute -4 4 4 --surf white --gm-proj-abs 2 --gm-gt-wm 0.5 
sysname  Linux
hostname bc12042.int.ets1.calculquebec.ca
machine  x86_64
user     bpinsard
movvol /localscratch/bpinsard.41451856.0/freesurfer_crosssectional_autorecon3_sub03_ses006.job/sub-03_ses-006/mri/transforms/tmp.bbregister.73284/template.nii
regfile /localscratch/bpinsard.41451856.0/freesurfer_crosssectional_autorecon3_sub03_ses006.job/sub-03_ses-006/mri/transforms/tmp.bbregister.73284/reg.init.dat
subject sub-03_ses-006
dof 6
outregfile /localscratch/bpinsard.41451856.0/freesurfer_crosssectional_autorecon3_sub03_ses006.job/sub-03_ses-006/mri/transforms/tmp.bbregister.73284/bbr.pass1.dat
UseMask 0
UseLH 1
UseRH 1
nsubsamp 100
PenaltySign  -1
PenaltySlope 0.500000
PenaltyCenter 0.000000
surfname white
GMProjAbs 2.000000
WMProjAbs 2.000000
lhcostfile (null)
rhcostfile (null)
interp  trilinear (1)
frame  0
TolPowell 0.000100
nMaxItersPowell 36
n1dmin  3
Profile   0
Gdiag_no  -1
AddNoise  0 (0)
SynthSeed 1697329197
TransRandMax 0.000000
RotRandMax 0.000000
Translations 0.000000 0.000000 0.000000
Rotations   0.000000 0.000000 0.000000
Input reg
-0.99940   0.02723  -0.02145   0.52109;
-0.02523  -0.14715   0.98879   11.57320;
-0.02377  -0.98874  -0.14775   7.49381;
 0.00000   0.00000   0.00000   1.00000;

Loading mov
ExcludeZeroVoxels 1
Reading in targ vol /localscratch/bpinsard.41451856.0/freesurfer_crosssectional_autorecon3_sub03_ses006.job/sub-03_ses-006/mri/orig.mgz
Projecting LH Surfs
Loading lh.white surf
GM Proj: 0 0.500000 2.000000
WM Proj: 0 0.500000 2.000000
Projecting RH Surfs
Loading rh.white surf
Projecting RH Surfs
Using lh.cortex.label
Using rh.cortex.label
Computing relative cost
 0  -25.0 -25.0 -25.0   1.014755
 1  -25.0 -25.0  25.0   1.035441
 2  -25.0  25.0 -25.0   1.023141
 3  -25.0  25.0  25.0   1.025407
 4   25.0 -25.0 -25.0   1.020752
 5   25.0 -25.0  25.0   0.989751
 6   25.0  25.0 -25.0   0.986820
 7   25.0  25.0  25.0   1.020261
REL:  8  0.969348    8.116329  1.014541 rel = 0.955454 
Initial costs ----------------
Number of surface hits 4659
WM  Intensity  1076.3504 +/- 606.6812
Ctx Intensity  1073.6455 +/- 592.8647
Pct Contrast      0.2431 +/-  49.7516
Cost   0.9693
RelCost   0.9555

------------------------------------
Brute force preopt -4 4 4, n = 729
     0  -4.0000  -4.0000  -4.0000  -4.0000  -4.0000  -4.0000      0.9800   0.9800  0.0
     1  -4.0000  -4.0000  -4.0000  -4.0000  -4.0000   0.0000      0.9632   0.9632  0.0
     2  -4.0000  -4.0000  -4.0000  -4.0000  -4.0000   4.0000      0.9477   0.9477  0.0
     3  -4.0000  -4.0000  -4.0000  -4.0000   0.0000  -4.0000      0.9383   0.9383  0.0
     6  -4.0000  -4.0000  -4.0000  -4.0000   4.0000  -4.0000      0.9228   0.9228  0.0
    10  -4.0000  -4.0000  -4.0000   0.0000  -4.0000   0.0000      0.8863   0.8863  0.0
   310   0.0000  -4.0000   4.0000   0.0000   0.0000   0.0000      0.8838   0.8838  0.0
   554   4.0000  -4.0000   4.0000   0.0000   0.0000   4.0000      0.8677   0.8677  0.1
Brute Force --------------------------
Min cost was 0.867726
Number of iterations   729
Search time 4.050732 sec
Parameters at best (transmm, rotdeg)
  4.000  -4.000   4.000  0.000  0.000  4.000 
--------------------------------------------

Starting Powell Minimization
Init Powel Params dof = 6
0 4
1 -4
2 4
3 0
4 0
5 4
fs_powell::minimize
  nparams 6
  maxfev 36
  ftol   0.000100
  linmin_xtol_   0.001000
  powell nthiter 0: fret = 0.867726
   2  5.000 -4.000  4.000  0.000  0.000  4.000   0.8564503729
   5  5.618 -4.000  4.000  0.000  0.000  4.000   0.8503863032
   7  5.500 -4.000  4.000  0.000  0.000  4.000   0.8503165734
   8  5.545 -4.000  4.000  0.000  0.000  4.000   0.8499417691
  10  5.546 -4.000  4.000  0.000  0.000  4.000   0.8499267974
  11  5.550 -4.000  4.000  0.000  0.000  4.000   0.8499101594
  12  5.551 -4.000  4.000  0.000  0.000  4.000   0.8499076943
  17  5.551 -5.618  4.000  0.000  0.000  4.000   0.8329402421
  18  5.551 -5.885  4.000  0.000  0.000  4.000   0.8278607849
  19  5.551 -6.316  4.000  0.000  0.000  4.000   0.8273282281
  20  5.551 -6.124  4.000  0.000  0.000  4.000   0.8272351472
  23  5.551 -6.197  4.000  0.000  0.000  4.000   0.8252725661
  25  5.551 -6.213  4.000  0.000  0.000  4.000   0.8248666403
  34  5.551 -6.213  4.382  0.000  0.000  4.000   0.8223914822
  37  5.551 -6.213  4.472  0.000  0.000  4.000   0.8204462476
  39  5.551 -6.213  4.478  0.000  0.000  4.000   0.8203482232
  40  5.551 -6.213  4.491  0.000  0.000  4.000   0.8201302943
  41  5.551 -6.213  4.505  0.000  0.000  4.000   0.8199653715
  43  5.551 -6.213  4.501  0.000  0.000  4.000   0.8199344222
  44  5.551 -6.213  4.502  0.000  0.000  4.000   0.8199310942
  53  5.551 -6.213  4.502  0.043  0.000  4.000   0.8198361557
  54  5.551 -6.213  4.502  0.028  0.000  4.000   0.8194681877
  55  5.551 -6.213  4.502  0.023  0.000  4.000   0.8194347287
  56  5.551 -6.213  4.502  0.022  0.000  4.000   0.8194298809
  58  5.551 -6.213  4.502  0.018  0.000  4.000   0.8193804775
  69  5.551 -6.213  4.502  0.018 -0.007  4.000   0.8193661016
  73  5.551 -6.213  4.502  0.018 -0.012  4.000   0.8193592839
  84  5.551 -6.213  4.502  0.018 -0.012  3.954   0.8190890368
  85  5.551 -6.213  4.502  0.018 -0.012  3.967   0.8186905020
  86  5.551 -6.213  4.502  0.018 -0.012  3.974   0.8185636603
  88  5.551 -6.213  4.502  0.018 -0.012  3.975   0.8185585930
  powell nthiter 1: fret = 0.818559
  97  5.567 -6.213  4.502  0.018 -0.012  3.975   0.8185501123
  98  5.562 -6.213  4.502  0.018 -0.012  3.975   0.8184545166
 101  5.561 -6.213  4.502  0.018 -0.012  3.975   0.8184482055
 113  5.561 -6.223  4.502  0.018 -0.012  3.975   0.8182842816
 114  5.561 -6.224  4.502  0.018 -0.012  3.975   0.8182798517
 128  5.561 -6.224  4.495  0.018 -0.012  3.975   0.8182793214
 130  5.561 -6.224  4.498  0.018 -0.012  3.975   0.8182688085
 153  5.561 -6.224  4.498  0.018 -0.015  3.975   0.8181651206
 154  5.561 -6.224  4.498  0.018 -0.031  3.975   0.8179484735
 156  5.561 -6.224  4.498  0.018 -0.028  3.975   0.8179450034
 159  5.561 -6.224  4.498  0.018 -0.029  3.975   0.8179440527
 171  5.561 -6.224  4.498  0.018 -0.029  3.976   0.8179350504
 172  5.561 -6.224  4.498  0.018 -0.029  3.977   0.8179320014
  powell nthiter 2: fret = 0.817932
 185  5.562 -6.224  4.498  0.018 -0.029  3.977   0.8179284455
 195  5.562 -6.221  4.498  0.018 -0.029  3.977   0.8178765058
 198  5.562 -6.222  4.498  0.018 -0.029  3.977   0.8178760140
 210  5.562 -6.222  4.482  0.018 -0.029  3.977   0.8178724572
 211  5.562 -6.222  4.490  0.018 -0.029  3.977   0.8177993560
  powell nthiter 3: fret = 0.817799
Powell done niters = 3
Computing relative cost
 0  -25.0 -25.0 -25.0   1.013887
 1  -25.0 -25.0  25.0   1.007549
 2  -25.0  25.0 -25.0   0.991934
 3  -25.0  25.0  25.0   1.031636
 4   25.0 -25.0 -25.0   0.976816
 5   25.0 -25.0  25.0   1.000370
 6   25.0  25.0 -25.0   0.991415
 7   25.0  25.0  25.0   1.019790
REL:  8  0.817799    8.033397  1.004175 rel = 0.8144 
Number of iterations     3
Min cost was 0.817799
Number of FunctionCalls   329
TolPowell 0.000100
nMaxItersPowell 36
OptimizationTime 1.736631 sec
Parameters at optimum (transmm)  5.56248 -6.22186  4.48985
Parameters at optimum (rotdeg)  0.01847 -0.02926  3.97749 
Final costs ----------------
Number of surface hits 4659
WM  Intensity  1007.2961 +/- 558.2354
Ctx Intensity  1075.2496 +/- 603.6414
Pct Contrast      5.2639 +/-  49.6192
Cost   0.8178
RelCost   0.9555
Reg at min cost was 
-0.99523   0.03785  -0.08991   5.27589;
-0.09448  -0.14456   0.98498   5.35693;
-0.02429  -0.98877  -0.14745   11.98766;
 0.00000   0.00000   0.00000   1.00000;

Writing optimal reg to /localscratch/bpinsard.41451856.0/freesurfer_crosssectional_autorecon3_sub03_ses006.job/sub-03_ses-006/mri/transforms/tmp.bbregister.73284/bbr.pass1.dat, type = 14 
Original Reg 
-0.99940   0.02723  -0.02145   0.52109;
-0.02523  -0.14715   0.98879   11.57320;
-0.02377  -0.98874  -0.14775   7.49381;
 0.00000   0.00000   0.00000   1.00000;

Original Reg - Optimal Reg
-0.00417  -0.01062   0.06846  -4.75480;
 0.06925  -0.00260   0.00382   6.21627;
 0.00052   0.00003  -0.00031  -4.49385;
 0.00000   0.00000   0.00000   0.00000;

Computing change in lh position
LH rmsDiffMean 6.903535
Computing change in rh position
Surface-RMS-Diff-mm 8.423602 1.768942 12.368860
mri_segreg done
mri_segreg --mov /localscratch/bpinsard.41451856.0/freesurfer_crosssectional_autorecon3_sub03_ses006.job/sub-03_ses-006/mri/transforms/tmp.bbregister.73284/template.nii --init-reg /localscratch/bpinsard.41451856.0/freesurfer_crosssectional_autorecon3_sub03_ses006.job/sub-03_ses-006/mri/transforms/tmp.bbregister.73284/bbr.pass1.dat --out-reg /localscratch/bpinsard.41451856.0/freesurfer_crosssectional_autorecon3_sub03_ses006.job/sub-03_ses-006/mri/transforms/T2raw.auto.dat --interp trilinear --wm-proj-abs 1 --tol 1e-8 --tol1d 1e-3 --c0 0 --mincost /localscratch/bpinsard.41451856.0/freesurfer_crosssectional_autorecon3_sub03_ses006.job/sub-03_ses-006/mri/transforms/T2raw.auto.dat.mincost --dof 6 --nmax 36 --param /localscratch/bpinsard.41451856.0/freesurfer_crosssectional_autorecon3_sub03_ses006.job/sub-03_ses-006/mri/transforms/T2raw.auto.dat.param --surf white --brute -0.1 0.1 0.1 --cur-reg /localscratch/bpinsard.41451856.0/freesurfer_crosssectional_autorecon3_sub03_ses006.job/sub-03_ses-006/mri/transforms/tmp.bbregister.73284/reg.curopt.dat --gm-proj-abs 2 --nsub 1 --gm-gt-wm 0.5
7.4.1
setenv SUBJECTS_DIR /localscratch/bpinsard.41451856.0/freesurfer_crosssectional_autorecon3_sub03_ses006.job
cd /localscratch/bpinsard.41451856.0/freesurfer_crosssectional_autorecon3_sub03_ses006.job/sub-03_ses-006/scripts
mri_segreg --mov /localscratch/bpinsard.41451856.0/freesurfer_crosssectional_autorecon3_sub03_ses006.job/sub-03_ses-006/mri/transforms/tmp.bbregister.73284/template.nii --init-reg /localscratch/bpinsard.41451856.0/freesurfer_crosssectional_autorecon3_sub03_ses006.job/sub-03_ses-006/mri/transforms/tmp.bbregister.73284/bbr.pass1.dat --out-reg /localscratch/bpinsard.41451856.0/freesurfer_crosssectional_autorecon3_sub03_ses006.job/sub-03_ses-006/mri/transforms/T2raw.auto.dat --interp trilinear --wm-proj-abs 1 --tol 1e-8 --tol1d 1e-3 --c0 0 --mincost /localscratch/bpinsard.41451856.0/freesurfer_crosssectional_autorecon3_sub03_ses006.job/sub-03_ses-006/mri/transforms/T2raw.auto.dat.mincost --dof 6 --nmax 36 --param /localscratch/bpinsard.41451856.0/freesurfer_crosssectional_autorecon3_sub03_ses006.job/sub-03_ses-006/mri/transforms/T2raw.auto.dat.param --surf white --brute -0.1 0.1 0.1 --cur-reg /localscratch/bpinsard.41451856.0/freesurfer_crosssectional_autorecon3_sub03_ses006.job/sub-03_ses-006/mri/transforms/tmp.bbregister.73284/reg.curopt.dat --gm-proj-abs 2 --nsub 1 --gm-gt-wm 0.5 
sysname  Linux
hostname bc12042.int.ets1.calculquebec.ca
machine  x86_64
user     bpinsard
movvol /localscratch/bpinsard.41451856.0/freesurfer_crosssectional_autorecon3_sub03_ses006.job/sub-03_ses-006/mri/transforms/tmp.bbregister.73284/template.nii
regfile /localscratch/bpinsard.41451856.0/freesurfer_crosssectional_autorecon3_sub03_ses006.job/sub-03_ses-006/mri/transforms/tmp.bbregister.73284/bbr.pass1.dat
subject sub-03_ses-006
dof 6
outregfile /localscratch/bpinsard.41451856.0/freesurfer_crosssectional_autorecon3_sub03_ses006.job/sub-03_ses-006/mri/transforms/T2raw.auto.dat
UseMask 0
UseLH 1
UseRH 1
nsubsamp 1
PenaltySign  -1
PenaltySlope 0.500000
PenaltyCenter 0.000000
surfname white
GMProjAbs 2.000000
WMProjAbs 1.000000
lhcostfile (null)
rhcostfile (null)
interp  trilinear (1)
frame  0
TolPowell 0.000000
nMaxItersPowell 36
n1dmin  3
Profile   0
Gdiag_no  -1
AddNoise  0 (0)
SynthSeed 1697384598
TransRandMax 0.000000
RotRandMax 0.000000
Translations 0.000000 0.000000 0.000000
Rotations   0.000000 0.000000 0.000000
Input reg
-0.99523   0.03785  -0.08991   5.27589;
-0.09448  -0.14456   0.98498   5.35693;
-0.02429  -0.98877  -0.14745   11.98766;
 0.00000   0.00000   0.00000   1.00000;

Loading mov
ExcludeZeroVoxels 1
Reading in targ vol /localscratch/bpinsard.41451856.0/freesurfer_crosssectional_autorecon3_sub03_ses006.job/sub-03_ses-006/mri/orig.mgz
Projecting LH Surfs
Loading lh.white surf
GM Proj: 0 0.500000 2.000000
WM Proj: 0 0.500000 1.000000
Projecting RH Surfs
Loading rh.white surf
Projecting RH Surfs
Using lh.cortex.label
Using rh.cortex.label
Computing relative cost
 0  -25.0 -25.0 -25.0   1.008440
 1  -25.0 -25.0  25.0   0.991885
 2  -25.0  25.0 -25.0   0.993274
 3  -25.0  25.0  25.0   1.018493
 4   25.0 -25.0 -25.0   0.992572
 5   25.0 -25.0  25.0   0.989295
 6   25.0  25.0 -25.0   0.993456
 7   25.0  25.0  25.0   1.009511
REL:  8  0.858403    7.996927  0.999616 rel = 0.858733 
Initial costs ----------------
Number of surface hits 465569
WM  Intensity  1012.7280 +/- 551.9412
Ctx Intensity  1062.4921 +/- 595.2378
Pct Contrast      3.5621 +/-  45.6364
Cost   0.8584
RelCost   0.8587

------------------------------------
Brute force preopt -0.1 0.1 0.1, n = 729
     0  -0.1000  -0.1000  -0.1000  -0.1000  -0.1000  -0.1000      0.8318   0.8318  0.0
    30  -0.1000  -0.1000   0.0000  -0.1000   0.0000  -0.1000      0.8313   0.8313  0.0
    81  -0.1000   0.0000  -0.1000  -0.1000  -0.1000  -0.1000      0.8280   0.8280  0.0
   174  -0.1000   0.1000  -0.1000   0.0000   0.0000  -0.1000      0.8272   0.8272  0.0
   180  -0.1000   0.1000  -0.1000   0.1000  -0.1000  -0.1000      0.8268   0.8268  0.0
Brute Force --------------------------
Min cost was 0.826816
Number of iterations   729
Search time 3.825722 sec
Parameters at best (transmm, rotdeg)
 -0.100   0.100  -0.100  0.100 -0.100 -0.100 
--------------------------------------------

Starting Powell Minimization
Init Powel Params dof = 6
0 -0.1
1 0.1
2 -0.1
3 0.1
4 -0.1
5 -0.1
fs_powell::minimize
  nparams 6
  maxfev 36
  ftol   0.000000
  linmin_xtol_   0.001000
  powell nthiter 0: fret = 0.857415
   6  0.282  0.100 -0.100  0.100 -0.100 -0.100   0.8559784536
   9  0.286  0.100 -0.100  0.100 -0.100 -0.100   0.8559720225
  10  0.287  0.100 -0.100  0.100 -0.100 -0.100   0.8559710742
  14  0.287 -1.518 -0.100  0.100 -0.100 -0.100   0.8498151772
  18  0.287 -2.518 -0.100  0.100 -0.100 -0.100   0.8475245240
  22  0.287 -2.410 -0.100  0.100 -0.100 -0.100   0.8474129068
  23  0.287 -2.411 -0.100  0.100 -0.100 -0.100   0.8474128168
  30  0.287 -2.411 -0.718  0.100 -0.100 -0.100   0.8437134006
  33  0.287 -2.411 -0.731  0.100 -0.100 -0.100   0.8436990648
  35  0.287 -2.411 -0.785  0.100 -0.100 -0.100   0.8436205534
  36  0.287 -2.411 -0.818  0.100 -0.100 -0.100   0.8436168333
  37  0.287 -2.411 -0.805  0.100 -0.100 -0.100   0.8435921679
  39  0.287 -2.411 -0.804  0.100 -0.100 -0.100   0.8435916258
  46  0.287 -2.411 -0.804  0.482 -0.100 -0.100   0.8413446773
  48  0.287 -2.411 -0.804  0.449 -0.100 -0.100   0.8412496031
  51  0.287 -2.411 -0.804  0.429 -0.100 -0.100   0.8412366857
  53  0.287 -2.411 -0.804  0.421 -0.100 -0.100   0.8412242836
  54  0.287 -2.411 -0.804  0.412 -0.100 -0.100   0.8412237037
  55  0.287 -2.411 -0.804  0.416 -0.100 -0.100   0.8412217311
  56  0.287 -2.411 -0.804  0.417 -0.100 -0.100   0.8412216864
  64  0.287 -2.411 -0.804  0.417 -0.082 -0.100   0.8412126975
  66  0.287 -2.411 -0.804  0.417 -0.089 -0.100   0.8412055188
  68  0.287 -2.411 -0.804  0.417 -0.090 -0.100   0.8412054009
  75  0.287 -2.411 -0.804  0.417 -0.090 -0.718   0.8378303194
  77  0.287 -2.411 -0.804  0.417 -0.090 -0.577   0.8374669697
  80  0.287 -2.411 -0.804  0.417 -0.090 -0.576   0.8374669331
  powell nthiter 1: fret = 0.837467
  87 -0.331 -2.411 -0.804  0.417 -0.090 -0.576   0.8373775417
  89 -0.028 -2.411 -0.804  0.417 -0.090 -0.576   0.8362734173
  90 -0.027 -2.411 -0.804  0.417 -0.090 -0.576   0.8362697720
  93 -0.013 -2.411 -0.804  0.417 -0.090 -0.576   0.8362425639
  94 -0.012 -2.411 -0.804  0.417 -0.090 -0.576   0.8362418211
  95 -0.008 -2.411 -0.804  0.417 -0.090 -0.576   0.8362331690
 109 -0.008 -2.413 -0.804  0.417 -0.090 -0.576   0.8362326302
 117 -0.008 -2.413 -1.053  0.417 -0.090 -0.576   0.8360327119
 118 -0.008 -2.413 -1.009  0.417 -0.090 -0.576   0.8360306676
 121 -0.008 -2.413 -1.015  0.417 -0.090 -0.576   0.8360259492
 123 -0.008 -2.413 -1.014  0.417 -0.090 -0.576   0.8360256244
 125 -0.008 -2.413 -1.013  0.417 -0.090 -0.576   0.8360255709
 131 -0.008 -2.413 -1.013  0.799 -0.090 -0.576   0.8351241370
 132 -0.008 -2.413 -1.013  0.690 -0.090 -0.576   0.8347376155
 133 -0.008 -2.413 -1.013  0.663 -0.090 -0.576   0.8345285738
 135 -0.008 -2.413 -1.013  0.619 -0.090 -0.576   0.8343839406
 137 -0.008 -2.413 -1.013  0.627 -0.090 -0.576   0.8343829850
 139 -0.008 -2.413 -1.013  0.623 -0.090 -0.576   0.8343808816
 148 -0.008 -2.413 -1.013  0.623 -0.172 -0.576   0.8343235043
 149 -0.008 -2.413 -1.013  0.623 -0.166 -0.576   0.8343093529
 152 -0.008 -2.413 -1.013  0.623 -0.161 -0.576   0.8343012533
 153 -0.008 -2.413 -1.013  0.623 -0.160 -0.576   0.8343010569
 161 -0.008 -2.413 -1.013  0.623 -0.160 -0.788   0.8336515530
 164 -0.008 -2.413 -1.013  0.623 -0.160 -0.810   0.8336277647
 169 -0.008 -2.413 -1.013  0.623 -0.160 -0.811   0.8336275971
 171 -0.302 -2.415 -1.223  0.829 -0.230 -1.047   0.8303690311
 174 -0.779 -2.417 -1.562  1.163 -0.343 -1.428   0.8250951840
 175 -1.551 -2.422 -2.111  1.703 -0.527 -2.045   0.8158879051
 176 -2.800 -2.429 -2.998  2.576 -0.823 -3.043   0.7990984413
 177 -4.821 -2.441 -4.434  3.990 -1.303 -4.657   0.7843377980
 178 -5.755 -2.446 -5.098  4.643 -1.525 -5.404   0.7740717859
 179 -7.268 -2.455 -6.173  5.701 -1.884 -6.613   0.7685368999
 180 -7.123 -2.454 -6.070  5.600 -1.849 -6.497   0.7682272204
 185 -7.050 -2.454 -6.019  5.549 -1.832 -6.439   0.7680620736
 188 -7.051 -2.454 -6.019  5.550 -1.832 -6.439   0.7680616476
 189 -7.055 -2.454 -6.022  5.552 -1.833 -6.442   0.7680605416
 192 -7.053 -2.454 -6.021  5.551 -1.833 -6.441   0.7680605168
  powell nthiter 2: fret = 0.768061
 200 -7.672 -2.454 -6.021  5.551 -1.833 -6.441   0.7613701377
 202 -7.771 -2.454 -6.021  5.551 -1.833 -6.441   0.7612563291
 203 -7.766 -2.454 -6.021  5.551 -1.833 -6.441   0.7612444539
 204 -7.735 -2.454 -6.021  5.551 -1.833 -6.441   0.7612155859
 208 -7.739 -2.454 -6.021  5.551 -1.833 -6.441   0.7612142182
 209 -7.738 -2.454 -6.021  5.551 -1.833 -6.441   0.7612140211
 215 -7.738 -3.072 -6.021  5.551 -1.833 -6.441   0.7570136915
 218 -7.738 -3.101 -6.021  5.551 -1.833 -6.441   0.7569194120
 222 -7.738 -3.103 -6.021  5.551 -1.833 -6.441   0.7569180249
 224 -7.738 -3.104 -6.021  5.551 -1.833 -6.441   0.7569178141
 228 -7.738 -3.104 -7.639  5.551 -1.833 -6.441   0.7243843611
 229 -7.738 -3.104 -7.787  5.551 -1.833 -6.441   0.7235507191
 230 -7.738 -3.104 -8.057  5.551 -1.833 -6.441   0.7232708189
 231 -7.738 -3.104 -7.969  5.551 -1.833 -6.441   0.7231494689
 237 -7.738 -3.104 -7.970  5.551 -1.833 -6.441   0.7231489242
 244 -7.738 -3.104 -7.970  5.551 -1.833 -6.059   0.7220310872
 245 -7.738 -3.104 -7.970  5.551 -1.833 -6.145   0.7216234358
 246 -7.738 -3.104 -7.970  5.551 -1.833 -6.194   0.7216077140
 247 -7.738 -3.104 -7.970  5.551 -1.833 -6.174   0.7215685110
 249 -7.738 -3.104 -7.970  5.551 -1.833 -6.176   0.7215676845
 251 -7.738 -3.104 -7.970  5.551 -1.833 -6.178   0.7215668967
 255 -7.738 -3.104 -7.970  5.551 -0.833 -6.177   0.6754301831
 256 -7.738 -3.104 -7.970  5.551  0.785 -6.177   0.5993432468
 257 -7.738 -3.104 -7.970  5.551  3.403 -6.177   0.5659221283
 258 -7.738 -3.104 -7.970  5.551  2.883 -6.177   0.5541786939
 261 -7.738 -3.104 -7.970  5.551  2.577 -6.177   0.5518818516
 262 -7.738 -3.104 -7.970  5.551  2.559 -6.177   0.5518532135
 263 -7.738 -3.104 -7.970  5.551  2.525 -6.177   0.5517666661
 266 -7.738 -3.104 -7.970  5.551  2.500 -6.177   0.5517416437
 268 -7.738 -3.104 -7.970  5.551  2.508 -6.177   0.5517266147
 270 -7.738 -3.104 -7.970  5.551  2.509 -6.177   0.5517262604
 273 -8.032 -3.106 -8.179  5.757  2.439 -6.413   0.5345519134
 274 -8.509 -3.109 -8.518  6.091  2.326 -6.794   0.5136708893
 277 -8.864 -3.111 -8.770  6.339  2.242 -7.077   0.5086706832
 279 -8.846 -3.111 -8.758  6.326  2.246 -7.063   0.5086023382
 281 -8.826 -3.111 -8.744  6.313  2.251 -7.047   0.5085869610
 282 -8.825 -3.111 -8.743  6.312  2.251 -7.047   0.5085861301
 283 -8.814 -3.111 -8.735  6.304  2.254 -7.037   0.5085832048
 284 -8.817 -3.111 -8.737  6.306  2.253 -7.040   0.5085814141
 285 -8.818 -3.111 -8.738  6.307  2.253 -7.041   0.5085802151
  powell nthiter 3: fret = 0.508580
 292 -7.818 -3.111 -8.738  6.307  2.253 -7.041   0.4590114131
 297 -7.621 -3.111 -8.738  6.307  2.253 -7.041   0.4572671451
 299 -7.649 -3.111 -8.738  6.307  2.253 -7.041   0.4572512914
 301 -7.638 -3.111 -8.738  6.307  2.253 -7.041   0.4572374086
 302 -7.637 -3.111 -8.738  6.307  2.253 -7.041   0.4572374072
 308 -7.637 -3.729 -8.738  6.307  2.253 -7.041   0.4453266970
 311 -7.637 -3.702 -8.738  6.307  2.253 -7.041   0.4452910779
 312 -7.637 -3.701 -8.738  6.307  2.253 -7.041   0.4452910680
 316 -7.637 -3.701 -10.356  6.307  2.253 -7.041   0.3084388124
 320 -7.637 -3.701 -10.612  6.307  2.253 -7.041   0.3056852962
 321 -7.637 -3.701 -10.610  6.307  2.253 -7.041   0.3056828873
 323 -7.637 -3.701 -10.606  6.307  2.253 -7.041   0.3056812640
 327 -7.637 -3.701 -10.606  6.307  2.253 -6.041   0.2786018879
 331 -7.637 -3.701 -10.606  6.307  2.253 -6.423   0.2752734396
 332 -7.637 -3.701 -10.606  6.307  2.253 -6.288   0.2740617644
 333 -7.637 -3.701 -10.606  6.307  2.253 -6.293   0.2740446313
 334 -7.637 -3.701 -10.606  6.307  2.253 -6.308   0.2740197941
 335 -7.637 -3.701 -10.606  6.307  2.253 -6.310   0.2740192526
 343 -7.637 -3.701 -10.606  6.307  2.635 -6.310   0.2626834158
 344 -7.637 -3.701 -10.606  6.307  2.670 -6.310   0.2625015172
 346 -7.637 -3.701 -10.606  6.307  2.680 -6.310   0.2624995107
 349 -7.637 -3.701 -10.606  6.307  2.679 -6.310   0.2624991033
 351 -7.932 -3.703 -10.816  6.513  2.609 -6.545   0.2441423100
 354 -8.114 -3.704 -10.945  6.641  2.565 -6.691   0.2399337829
 355 -8.227 -3.704 -11.025  6.719  2.539 -6.781   0.2398881199
 356 -8.173 -3.704 -10.987  6.682  2.551 -6.738   0.2396855016
 357 -8.173 -3.704 -10.987  6.682  2.551 -6.738   0.2396853271
 360 -8.174 -3.704 -10.987  6.682  2.551 -6.739   0.2396851748
  powell nthiter 4: fret = 0.239685
 364 -7.174 -3.704 -10.987  6.682  2.551 -6.739   0.2092253380
 368 -7.556 -3.704 -10.987  6.682  2.551 -6.739   0.2082816780
 369 -7.384 -3.704 -10.987  6.682  2.551 -6.739   0.2064197732
 370 -7.385 -3.704 -10.987  6.682  2.551 -6.739   0.2064173633
 371 -7.400 -3.704 -10.987  6.682  2.551 -6.739   0.2064129034
 373 -7.393 -3.704 -10.987  6.682  2.551 -6.739   0.2064085617
 382 -7.393 -3.824 -10.987  6.682  2.551 -6.739   0.2057467150
 383 -7.393 -3.809 -10.987  6.682  2.551 -6.739   0.2056803237
 384 -7.393 -3.794 -10.987  6.682  2.551 -6.739   0.2056635684
 385 -7.393 -3.796 -10.987  6.682  2.551 -6.739   0.2056630682
 386 -7.393 -3.795 -10.987  6.682  2.551 -6.739   0.2056630470
 393 -7.393 -3.795 -11.069  6.682  2.551 -6.739   0.2048451962
 394 -7.393 -3.795 -11.148  6.682  2.551 -6.739   0.2046760002
 395 -7.393 -3.795 -11.130  6.682  2.551 -6.739   0.2046311281
 396 -7.393 -3.795 -11.122  6.682  2.551 -6.739   0.2046283990
 397 -7.393 -3.795 -11.124  6.682  2.551 -6.739   0.2046279872
 400 -7.393 -3.795 -11.124  6.682  2.551 -5.739   0.1710073821
 404 -7.393 -3.795 -11.124  6.682  2.551 -6.121   0.1700809886
 405 -7.393 -3.795 -11.124  6.682  2.551 -5.945   0.1682572289
 408 -7.393 -3.795 -11.124  6.682  2.551 -5.940   0.1682552897
 417 -7.393 -3.795 -11.124  6.682  2.626 -5.940   0.1681554918
 420 -7.393 -3.795 -11.124  6.682  2.627 -5.940   0.1681545063
 421 -7.393 -3.795 -11.124  6.682  2.631 -5.940   0.1681521858
 426 -7.688 -3.797 -11.334  6.889  2.561 -6.176   0.1592032594
 431 -7.712 -3.797 -11.351  6.905  2.556 -6.195   0.1591766603
 442 -7.251 -3.890 -11.714  7.128  2.560 -5.652   0.1139871432
 445 -6.504 -4.041 -12.302  7.489  2.567 -4.773   0.0981021427
 446 -6.710 -3.999 -12.140  7.390  2.565 -5.015   0.0964379344
 450 -6.658 -4.010 -12.181  7.415  2.566 -4.954   0.0963812482
 451 -6.674 -4.006 -12.168  7.407  2.566 -4.973   0.0963774202
 452 -6.669 -4.007 -12.172  7.409  2.566 -4.967   0.0963753546
 454 -6.670 -4.007 -12.172  7.409  2.566 -4.968   0.0963751591
  powell nthiter 5: fret = 0.096375
 458 -5.670 -4.007 -12.172  7.409  2.566 -4.968   0.0852802634
 462 -6.052 -4.007 -12.172  7.409  2.566 -4.968   0.0799919967
 465 -6.059 -4.007 -12.172  7.409  2.566 -4.968   0.0799892387
 469 -6.058 -4.007 -12.172  7.409  2.566 -4.968   0.0799892054
 477 -6.058 -3.625 -12.172  7.409  2.566 -4.968   0.0672745132
 479 -6.058 -3.612 -12.172  7.409  2.566 -4.968   0.0672573779
 480 -6.058 -3.611 -12.172  7.409  2.566 -4.968   0.0672572845
 487 -6.058 -3.611 -11.790  7.409  2.566 -4.968   0.0666365497
 488 -6.058 -3.611 -11.968  7.409  2.566 -4.968   0.0655992300
 491 -6.058 -3.611 -11.970  7.409  2.566 -4.968   0.0655991774
 494 -6.353 -3.612 -12.179  7.615  2.496 -5.203   0.0543947953
 495 -6.830 -3.615 -12.518  7.949  2.382 -5.584   0.0536778351
 496 -6.607 -3.614 -12.360  7.793  2.435 -5.406   0.0522562155
 501 -6.623 -3.614 -12.371  7.805  2.431 -5.419   0.0522378372
 504 -6.628 -3.614 -12.374  7.807  2.430 -5.423   0.0522358201
 505 -6.629 -3.614 -12.375  7.809  2.430 -5.424   0.0522351393
 506 -6.634 -3.614 -12.379  7.812  2.429 -5.428   0.0522346772
 507 -6.633 -3.614 -12.378  7.811  2.429 -5.427   0.0522342606
 508 -6.632 -3.614 -12.378  7.811  2.429 -5.426   0.0522340962
 517 -6.632 -3.614 -12.378  7.811  2.385 -5.426   0.0521857573
 521 -6.632 -3.614 -12.378  7.811  2.353 -5.426   0.0521448274
 531 -6.456 -3.649 -12.516  7.896  2.355 -5.219   0.0509504538
 533 -6.466 -3.647 -12.508  7.891  2.355 -5.231   0.0509480282
 534 -6.463 -3.648 -12.510  7.892  2.355 -5.228   0.0509474723
  powell nthiter 6: fret = 0.050947
 543 -6.082 -3.648 -12.510  7.892  2.355 -5.228   0.0491324388
 544 -6.193 -3.648 -12.510  7.892  2.355 -5.228   0.0488883763
 547 -6.209 -3.648 -12.510  7.892  2.355 -5.228   0.0488840179
 548 -6.206 -3.648 -12.510  7.892  2.355 -5.228   0.0488830432
 549 -6.204 -3.648 -12.510  7.892  2.355 -5.228   0.0488828995
 556 -6.204 -3.266 -12.510  7.892  2.355 -5.228   0.0467970401
 557 -6.204 -3.396 -12.510  7.892  2.355 -5.228   0.0466705335
 558 -6.204 -3.350 -12.510  7.892  2.355 -5.228   0.0466170330
 559 -6.204 -3.351 -12.510  7.892  2.355 -5.228   0.0466169491
 568 -6.204 -3.351 -12.486  7.892  2.355 -5.228   0.0466051754
 569 -6.204 -3.351 -12.485  7.892  2.355 -5.228   0.0466051534
 570 -6.204 -3.351 -12.484  7.892  2.355 -5.228   0.0466051140
 576 -6.499 -3.353 -12.694  8.098  2.285 -5.463   0.0461006161
 580 -6.386 -3.352 -12.613  8.020  2.312 -5.373   0.0456722433
 581 -6.360 -3.352 -12.595  8.001  2.318 -5.352   0.0456547044
 592 -6.360 -3.352 -12.595  8.001  2.320 -5.352   0.0456519327
 593 -6.360 -3.352 -12.595  8.001  2.342 -5.352   0.0456363350
 597 -6.360 -3.352 -12.595  8.001  2.343 -5.352   0.0456361531
 598 -6.360 -3.352 -12.595  8.001  2.344 -5.352   0.0456359751
 607 -6.304 -3.363 -12.639  8.028  2.344 -5.286   0.0456277514
 608 -6.327 -3.359 -12.621  8.017  2.344 -5.313   0.0456075119
 609 -6.329 -3.358 -12.619  8.016  2.344 -5.316   0.0456054763
 610 -6.341 -3.356 -12.610  8.010  2.344 -5.330   0.0455991507
 613 -6.343 -3.355 -12.608  8.009  2.344 -5.332   0.0455990767
 618 -6.223 -3.063 -12.705  8.126  2.333 -5.437   0.0452610027
  powell nthiter 7: fret = 0.045599
 665 -6.376 -3.297 -12.704  8.088  2.317 -5.422   0.0451366323
 666 -6.366 -3.297 -12.697  8.081  2.320 -5.414   0.0451180288
 667 -6.350 -3.297 -12.685  8.070  2.323 -5.401   0.0451070437
 668 -6.351 -3.297 -12.686  8.070  2.323 -5.402   0.0451068316
 678 -6.351 -3.297 -12.686  8.070  2.301 -5.402   0.0450929114
 681 -6.351 -3.297 -12.686  8.070  2.303 -5.402   0.0450923684
 689 -6.279 -3.312 -12.743  8.105  2.304 -5.317   0.0450131641
 690 -6.282 -3.311 -12.740  8.103  2.304 -5.322   0.0450120698
 691 -6.288 -3.310 -12.735  8.101  2.304 -5.328   0.0450111234
 693 -6.292 -3.309 -12.732  8.099  2.304 -5.333   0.0450098507
 695 -6.294 -3.309 -12.731  8.098  2.304 -5.335   0.0450095905
 697 -6.295 -3.308 -12.730  8.097  2.304 -5.336   0.0450094277
 700 -6.246 -3.261 -12.852  8.186  2.263 -5.340   0.0446080300
 707 -6.233 -3.249 -12.885  8.210  2.252 -5.341   0.0445937920
 708 -6.234 -3.250 -12.883  8.208  2.253 -5.341   0.0445936609
 709 -6.234 -3.250 -12.882  8.208  2.253 -5.341   0.0445936382
  powell nthiter 8: fret = 0.044594
 721 -6.139 -3.250 -12.882  8.208  2.253 -5.341   0.0445400405
 722 -6.166 -3.250 -12.882  8.208  2.253 -5.341   0.0445276609
 724 -6.157 -3.250 -12.882  8.208  2.253 -5.341   0.0445232195
 733 -6.157 -3.143 -12.882  8.208  2.253 -5.341   0.0443941966
 735 -6.157 -3.144 -12.882  8.208  2.253 -5.341   0.0443940159
 736 -6.157 -3.147 -12.882  8.208  2.253 -5.341   0.0443932289
 738 -6.157 -3.149 -12.882  8.208  2.253 -5.341   0.0443931723
 748 -6.157 -3.149 -12.848  8.208  2.253 -5.341   0.0443610538
 750 -6.157 -3.149 -12.853  8.208  2.253 -5.341   0.0443601250
 752 -6.157 -3.149 -12.852  8.208  2.253 -5.341   0.0443600718
 760 -6.160 -3.148 -12.849  8.206  2.253 -5.345   0.0443521896
 763 -6.169 -3.146 -12.842  8.202  2.253 -5.356   0.0443453095
 764 -6.168 -3.146 -12.843  8.202  2.253 -5.354   0.0443449582
 765 -6.168 -3.146 -12.844  8.202  2.253 -5.354   0.0443449212
 773 -6.168 -3.146 -12.844  8.202  2.232 -5.354   0.0443365358
 774 -6.168 -3.146 -12.844  8.202  2.236 -5.354   0.0443349263
 775 -6.168 -3.146 -12.844  8.202  2.239 -5.354   0.0443345193
 784 -6.164 -3.143 -12.852  8.208  2.236 -5.354   0.0443281127
 786 -6.164 -3.143 -12.852  8.209  2.236 -5.354   0.0443280701
 788 -6.164 -3.143 -12.852  8.208  2.236 -5.354   0.0443280201
  powell nthiter 9: fret = 0.044328
 797 -6.138 -3.143 -12.852  8.208  2.236 -5.354   0.0443189872
 798 -6.140 -3.143 -12.852  8.208  2.236 -5.354   0.0443164349
 799 -6.148 -3.143 -12.852  8.208  2.236 -5.354   0.0443142554
 801 -6.146 -3.143 -12.852  8.208  2.236 -5.354   0.0443138753
 802 -6.145 -3.143 -12.852  8.208  2.236 -5.354   0.0443138423
 810 -6.145 -3.140 -12.852  8.208  2.236 -5.354   0.0443123571
 812 -6.145 -3.139 -12.852  8.208  2.236 -5.354   0.0443121610
 824 -6.145 -3.139 -12.856  8.208  2.236 -5.354   0.0443108349
 837 -6.151 -3.138 -12.852  8.206  2.236 -5.360   0.0443106001
 838 -6.148 -3.139 -12.854  8.207  2.236 -5.357   0.0443096967
 841 -6.148 -3.139 -12.854  8.207  2.236 -5.357   0.0443096945
 850 -6.148 -3.139 -12.854  8.207  2.232 -5.357   0.0443085658
 851 -6.148 -3.139 -12.854  8.207  2.233 -5.357   0.0443085519
 859 -6.147 -3.138 -12.857  8.209  2.232 -5.357   0.0443085032
 860 -6.147 -3.138 -12.856  8.208  2.233 -5.357   0.0443084170
 861 -6.147 -3.138 -12.856  8.208  2.233 -5.357   0.0443083694
 871 -6.141 -3.136 -12.857  8.208  2.231 -5.358   0.0443056341
 873 -6.141 -3.136 -12.857  8.208  2.231 -5.358   0.0443055744
 876 -6.141 -3.136 -12.857  8.208  2.232 -5.358   0.0443055715
 877 -6.141 -3.136 -12.857  8.208  2.231 -5.358   0.0443054839
  powell nthiter 10: fret = 0.044305
 898 -6.141 -3.142 -12.857  8.208  2.231 -5.358   0.0443038027
 900 -6.141 -3.141 -12.857  8.208  2.231 -5.358   0.0443036811
 912 -6.141 -3.141 -12.856  8.208  2.231 -5.358   0.0443035540
 924 -6.144 -3.140 -12.854  8.207  2.231 -5.361   0.0443029792
 925 -6.143 -3.140 -12.854  8.207  2.231 -5.360   0.0443029226
 935 -6.143 -3.140 -12.854  8.207  2.228 -5.360   0.0443017331
 943 -6.137 -3.138 -12.856  8.207  2.227 -5.361   0.0442993608
 945 -6.138 -3.139 -12.855  8.207  2.227 -5.361   0.0442993247
 951 -6.138 -3.139 -12.855  8.207  2.227 -5.361   0.0442993232
 953 -6.128 -3.139 -12.855  8.206  2.221 -5.365   0.0442958762
 956 -6.113 -3.140 -12.855  8.204  2.211 -5.372   0.0442957374
 958 -6.088 -3.141 -12.854  8.202  2.196 -5.383   0.0442904294
 961 -6.072 -3.141 -12.854  8.200  2.186 -5.390   0.0442866439
 963 -6.077 -3.141 -12.854  8.200  2.189 -5.388   0.0442866005
 964 -6.075 -3.141 -12.854  8.200  2.188 -5.389   0.0442863961
 967 -6.075 -3.141 -12.854  8.200  2.188 -5.388   0.0442863397
  powell nthiter 11: fret = 0.044286
 980 -6.071 -3.137 -12.864  8.208  2.184 -5.389   0.0442796963
 981 -6.069 -3.135 -12.869  8.211  2.183 -5.389   0.0442783349
 983 -6.068 -3.135 -12.871  8.212  2.182 -5.389   0.0442779847
 986 -6.068 -3.135 -12.871  8.212  2.182 -5.389   0.0442779011
 994 -6.068 -3.142 -12.871  8.212  2.182 -5.389   0.0442656663
 996 -6.068 -3.160 -12.871  8.212  2.182 -5.389   0.0442552107
 997 -6.068 -3.161 -12.871  8.212  2.182 -5.389   0.0442551594
 998 -6.068 -3.162 -12.871  8.212  2.182 -5.389   0.0442551280
1011 -6.068 -3.162 -12.872  8.212  2.182 -5.389   0.0442546858
1012 -6.068 -3.162 -12.876  8.212  2.182 -5.389   0.0442537165
1014 -6.068 -3.162 -12.877  8.212  2.182 -5.389   0.0442536631
1015 -6.068 -3.162 -12.878  8.212  2.182 -5.389   0.0442536480
1023 -6.071 -3.161 -12.876  8.211  2.182 -5.392   0.0442500365
1025 -6.088 -3.158 -12.863  8.203  2.182 -5.412   0.0442362373
1028 -6.086 -3.158 -12.864  8.204  2.182 -5.409   0.0442353947
1029 -6.085 -3.158 -12.865  8.204  2.182 -5.409   0.0442353439
1037 -6.085 -3.158 -12.865  8.204  2.173 -5.409   0.0442333371
1038 -6.085 -3.158 -12.865  8.204  2.174 -5.409   0.0442326452
1039 -6.085 -3.158 -12.865  8.204  2.177 -5.409   0.0442319437
1044 -6.076 -3.159 -12.864  8.203  2.171 -5.413   0.0442304242
1048 -6.079 -3.159 -12.865  8.204  2.173 -5.411   0.0442296251
1049 -6.079 -3.159 -12.865  8.204  2.173 -5.411   0.0442295651
1052 -6.079 -3.159 -12.865  8.204  2.173 -5.411   0.0442295057
1058 -6.079 -3.159 -12.865  8.204  2.173 -5.411   0.0442295037
  powell nthiter 12: fret = 0.044230
1066 -6.079 -3.159 -12.865  8.204  2.173 -5.411   0.0442293263
1067 -6.076 -3.156 -12.872  8.209  2.170 -5.412   0.0442280706
1069 -6.076 -3.156 -12.871  8.208  2.171 -5.412   0.0442280677
1070 -6.076 -3.156 -12.871  8.209  2.170 -5.412   0.0442280426
1082 -6.076 -3.161 -12.871  8.209  2.170 -5.412   0.0442271337
1083 -6.076 -3.160 -12.871  8.209  2.170 -5.412   0.0442270178
1095 -6.076 -3.160 -12.874  8.209  2.170 -5.412   0.0442265990
1097 -6.076 -3.160 -12.875  8.209  2.170 -5.412   0.0442265480
1098 -6.076 -3.160 -12.876  8.209  2.170 -5.412   0.0442265391
1108 -6.075 -3.160 -12.877  8.209  2.170 -5.411   0.0442264908
1116 -6.075 -3.160 -12.877  8.209  2.169 -5.411   0.0442246600
1118 -6.075 -3.160 -12.877  8.209  2.159 -5.411   0.0442205806
1119 -6.075 -3.160 -12.877  8.209  2.161 -5.411   0.0442195130
1120 -6.075 -3.160 -12.877  8.209  2.162 -5.411   0.0442194737
1127 -6.072 -3.160 -12.877  8.209  2.160 -5.412   0.0442184796
1128 -6.072 -3.160 -12.877  8.209  2.160 -5.412   0.0442184286
  powell nthiter 13: fret = 0.044218
1145 -6.071 -3.160 -12.878  8.210  2.160 -5.412   0.0442183183
1146 -6.071 -3.160 -12.878  8.210  2.160 -5.412   0.0442182755
1147 -6.071 -3.160 -12.878  8.209  2.160 -5.412   0.0442182535
1149 -6.071 -3.160 -12.878  8.209  2.160 -5.412   0.0442181895
1160 -6.071 -3.164 -12.878  8.209  2.160 -5.412   0.0442181755
1162 -6.071 -3.163 -12.878  8.209  2.160 -5.412   0.0442179377
1163 -6.071 -3.162 -12.878  8.209  2.160 -5.412   0.0442178746
1174 -6.071 -3.162 -12.877  8.209  2.160 -5.412   0.0442178465
1184 -6.068 -3.162 -12.879  8.211  2.160 -5.408   0.0442169601
1196 -6.068 -3.162 -12.879  8.211  2.157 -5.408   0.0442153073
1205 -6.066 -3.162 -12.879  8.211  2.156 -5.409   0.0442152657
1209 -6.067 -3.162 -12.879  8.211  2.156 -5.409   0.0442152339
1212 -6.067 -3.162 -12.879  8.211  2.156 -5.409   0.0442152206
1214 -6.067 -3.162 -12.879  8.211  2.156 -5.409   0.0442152160
  powell nthiter 14: fret = 0.044215
1223 -6.067 -3.163 -12.879  8.211  2.156 -5.409   0.0442150830
1224 -6.068 -3.163 -12.877  8.209  2.157 -5.409   0.0442148922
1251 -6.068 -3.163 -12.876  8.209  2.157 -5.409   0.0442148371
1261 -6.064 -3.164 -12.878  8.211  2.157 -5.405   0.0442137727
1262 -6.065 -3.164 -12.878  8.210  2.157 -5.406   0.0442136591
1272 -6.065 -3.164 -12.878  8.210  2.155 -5.406   0.0442134194
1280 -6.063 -3.164 -12.878  8.210  2.154 -5.406   0.0442132114
1281 -6.063 -3.164 -12.878  8.210  2.154 -5.406   0.0442131632
1288 -6.060 -3.165 -12.877  8.210  2.152 -5.404   0.0442116346
1291 -6.055 -3.168 -12.874  8.209  2.149 -5.400   0.0442103421
1292 -6.053 -3.169 -12.874  8.208  2.148 -5.398   0.0442103114
1293 -6.054 -3.169 -12.874  8.208  2.149 -5.399   0.0442103044
1295 -6.054 -3.168 -12.874  8.208  2.149 -5.399   0.0442102566
1296 -6.054 -3.168 -12.874  8.209  2.149 -5.399   0.0442102035
1304 -6.054 -3.168 -12.874  8.209  2.149 -5.399   0.0442102031
  powell nthiter 15: fret = 0.044210
1313 -6.056 -3.169 -12.871  8.206  2.150 -5.399   0.0442101922
1315 -6.055 -3.169 -12.873  8.207  2.150 -5.399   0.0442100961
1318 -6.055 -3.169 -12.873  8.208  2.150 -5.399   0.0442100445
1350 -6.057 -3.169 -12.873  8.208  2.151 -5.398   0.0442098070
1351 -6.057 -3.169 -12.873  8.208  2.151 -5.398   0.0442098031
1353 -6.057 -3.169 -12.873  8.208  2.151 -5.398   0.0442097734
1355 -6.057 -3.169 -12.873  8.208  2.151 -5.398   0.0442097623
1365 -6.057 -3.169 -12.873  8.208  2.152 -5.398   0.0442097268
1368 -6.054 -3.170 -12.872  8.207  2.151 -5.396   0.0442096495
1372 -6.055 -3.170 -12.872  8.207  2.151 -5.397   0.0442095472
  powell nthiter 16: fret = 0.044210
1394 -6.055 -3.170 -12.872  8.207  2.152 -5.397   0.0442095331
1406 -6.055 -3.169 -12.872  8.207  2.152 -5.397   0.0442095192
1426 -6.056 -3.169 -12.872  8.207  2.152 -5.396   0.0442094544
1428 -6.056 -3.169 -12.872  8.207  2.152 -5.396   0.0442093866
1456 -6.056 -3.169 -12.872  8.207  2.152 -5.396   0.0442093764
  powell nthiter 17: fret = 0.044209
1482 -6.056 -3.170 -12.872  8.207  2.152 -5.396   0.0442093687
1495 -6.056 -3.170 -12.871  8.207  2.152 -5.396   0.0442093524
  powell nthiter 18: fret = 0.044209
Powell done niters = 18
Computing relative cost
 0  -25.0 -25.0 -25.0   0.995553
 1  -25.0 -25.0  25.0   0.967918
 2  -25.0  25.0 -25.0   0.964527
 3  -25.0  25.0  25.0   0.984352
 4   25.0 -25.0 -25.0   0.976683
 5   25.0 -25.0  25.0   0.985801
 6   25.0  25.0 -25.0   0.998962
 7   25.0  25.0  25.0   0.977726
REL:  8  0.044209    7.851522  0.981440 rel = 0.0450454 
Number of iterations    18
Min cost was 0.044209
Number of FunctionCalls  1612
TolPowell 0.000000
nMaxItersPowell 36
OptimizationTime 269.293659 sec
Parameters at optimum (transmm) -6.05621 -3.16960 -12.87074
Parameters at optimum (rotdeg)  8.20721  2.15218 -5.39615 
Final costs ----------------
Number of surface hits 465569
WM  Intensity   803.0750 +/- 258.8413
Ctx Intensity  1260.3572 +/- 435.0988
Pct Contrast     43.4590 +/-  22.7294
Cost   0.0442
RelCost   0.8587
Reg at min cost was 
-0.99999   0.00012   0.00401   0.00246;
 0.00401  -0.00195   0.99999  -0.13513;
-0.00013  -1.00000  -0.00195  -0.44817;
 0.00000   0.00000   0.00000   1.00000;

Writing optimal reg to /localscratch/bpinsard.41451856.0/freesurfer_crosssectional_autorecon3_sub03_ses006.job/sub-03_ses-006/mri/transforms/T2raw.auto.dat, type = 14 
Original Reg 
-0.99523   0.03785  -0.08991   5.27589;
-0.09448  -0.14456   0.98498   5.35693;
-0.02429  -0.98877  -0.14745   11.98766;
 0.00000   0.00000   0.00000   1.00000;

Original Reg - Optimal Reg
 0.00476   0.03774  -0.09392   5.27343;
-0.09849  -0.14261  -0.01501   5.49206;
-0.02416   0.01123  -0.14550   12.43583;
 0.00000   0.00000   0.00000   0.00000;

Computing change in lh position
LH rmsDiffMean 13.453269
Computing change in rh position
Surface-RMS-Diff-mm 11.473595 4.713729 22.633144
mri_segreg done
MinCost: 0.044209 803.074955 1260.357243 43.458961 
tkregister2_cmdl --mov /localscratch/bpinsard.41451856.0/freesurfer_crosssectional_autorecon3_sub03_ses006.job/sub-03_ses-006/mri/orig/T2raw.mgz --reg /localscratch/bpinsard.41451856.0/freesurfer_crosssectional_autorecon3_sub03_ses006.job/sub-03_ses-006/mri/transforms/T2raw.auto.dat --noedit --ltaout /localscratch/bpinsard.41451856.0/freesurfer_crosssectional_autorecon3_sub03_ses006.job/sub-03_ses-006/mri/transforms/T2raw.auto.lta
INFO: no target volume specified, assuming FreeSurfer orig volume.
target  volume orig
movable volume /localscratch/bpinsard.41451856.0/freesurfer_crosssectional_autorecon3_sub03_ses006.job/sub-03_ses-006/mri/orig/T2raw.mgz
reg file       /localscratch/bpinsard.41451856.0/freesurfer_crosssectional_autorecon3_sub03_ses006.job/sub-03_ses-006/mri/transforms/T2raw.auto.dat
LoadVol        0
ZeroCRAS       0
7.4.1
Diagnostic Level -1
---- Input registration matrix --------
-0.99999   0.00012   0.00401   0.00246;
 0.00401  -0.00195   0.99999  -0.13513;
-0.00013  -1.00000  -0.00195  -0.44817;
 0.00000   0.00000   0.00000   1.00000;
float2int = 0
---------------------------------------
INFO: loading target /localscratch/bpinsard.41451856.0/freesurfer_crosssectional_autorecon3_sub03_ses006.job/sub-03_ses-006/mri/orig.mgz
INFO: target does not conform to COR format, so I'm going to
reslice to COR. This will not affect the final registration.
Ttarg: --------------------
-1.00000   0.00000   0.00000   128.00000;
 0.00000   0.00000   1.00000  -128.00000;
 0.00000  -1.00000   0.00000   128.00000;
 0.00000   0.00000   0.00000   1.00000;
INFO: loading movable /localscratch/bpinsard.41451856.0/freesurfer_crosssectional_autorecon3_sub03_ses006.job/sub-03_ses-006/mri/orig/T2raw.mgz
Tmov: --------------------
-0.80000   0.00000   0.00000   83.19952;
 0.00000   0.00000   0.80000  -128.00000;
 0.00000  -0.80000   0.00000   120.00000;
 0.00000   0.00000   0.00000   1.00000;
mkheaderreg = 0, float2int = 0
---- Input registration matrix --------
-0.99999   0.00012   0.00401   0.00245;
 0.00401  -0.00195   0.99999  -0.13512;
-0.00013  -1.00000  -0.00195  -0.44816;
 0.00000   0.00000   0.00000   1.00000;
Determinant -1
subject = sub-03_ses-006
RegMat ---------------------------
-0.99999   0.00012   0.00401   0.00246;
 0.00401  -0.00195   0.99999  -0.13513;
-0.00013  -1.00000  -0.00195  -0.44817;
 0.00000   0.00000   0.00000   1.00000;
Cleaning up
 
Started at Sun Oct 8 05:02:21 UTC 2023 
Ended   at Sun Oct  8 05:09:24 UTC 2023
BBR-Run-Time-Sec 423
 
bbregister Done
To check results, run:
tkregisterfv --mov /localscratch/bpinsard.41451856.0/freesurfer_crosssectional_autorecon3_sub03_ses006.job/sub-03_ses-006/mri/orig/T2raw.mgz --reg /localscratch/bpinsard.41451856.0/freesurfer_crosssectional_autorecon3_sub03_ses006.job/sub-03_ses-006/mri/transforms/T2raw.auto.lta --surfs  --sd /localscratch/bpinsard.41451856.0/freesurfer_crosssectional_autorecon3_sub03_ses006.job
