status file for recon-all
Thu Oct  5 12:09:29 UTC 2023
#@# MotionCor Thu Oct  5 12:09:36 UTC 2023
#@# Talairach Thu Oct  5 12:09:49 UTC 2023
#@# Talairach Failure Detection Thu Oct  5 12:19:13 UTC 2023
#@# Talairach Thu Oct  5 12:19:13 UTC 2023
#@# Talairach Failure Detection Thu Oct  5 12:28:12 UTC 2023
#@# Nu Intensity Correction Thu Oct  5 12:28:13 UTC 2023
#@# Intensity Normalization Thu Oct  5 12:37:45 UTC 2023
#@# Skull Stripping Thu Oct  5 12:44:11 UTC 2023
recon-all -s sub-02_ses-013 finished without error at Thu Oct  5 12:48:57 UTC 2023



#New# invocation of recon-all 



status file for recon-all
Thu Oct  5 13:14:18 UTC 2023
#@# EM Registration Thu Oct  5 13:14:18 UTC 2023
#@# CA Normalize Thu Oct  5 13:17:53 UTC 2023
#@# CA Reg Thu Oct  5 13:21:10 UTC 2023
#@# SubCort Seg Thu Oct  5 14:36:09 UTC 2023
#@# CC Seg Thu Oct  5 16:24:58 UTC 2023
#@# Merge ASeg Thu Oct  5 16:26:38 UTC 2023
#@# Intensity Normalization2 Thu Oct  5 16:26:38 UTC 2023
#@# Mask BFS Thu Oct  5 16:33:47 UTC 2023
#@# WM Segmentation Thu Oct  5 16:33:50 UTC 2023
#@# Fill Thu Oct  5 16:42:03 UTC 2023
#@# Tessellate lh Thu Oct  5 16:44:44 UTC 2023
#@# Tessellate rh Thu Oct  5 16:44:53 UTC 2023
#@# Smooth1 lh Thu Oct  5 16:45:02 UTC 2023
#@# Smooth1 rh Thu Oct  5 16:45:08 UTC 2023
#@# Inflation1 lh Thu Oct  5 16:45:14 UTC 2023
#@# Inflation1 rh Thu Oct  5 16:45:37 UTC 2023
#@# QSphere lh Thu Oct  5 16:46:00 UTC 2023
#@# QSphere rh Thu Oct  5 16:48:25 UTC 2023
#@# Fix Topology lh Thu Oct  5 16:51:08 UTC 2023
#@# Fix Topology rh Thu Oct  5 16:52:29 UTC 2023
#@# Smooth2 lh Thu Oct  5 17:12:38 UTC 2023
#@# Smooth2 rh Thu Oct  5 17:12:45 UTC 2023
#@# Inflation2 lh Thu Oct  5 17:12:52 UTC 2023
#@# Inflation2 rh Thu Oct  5 17:13:20 UTC 2023
#@# Curv .H and .K lh Thu Oct  5 17:13:49 UTC 2023
#@# Curv .H and .K rh Thu Oct  5 17:15:42 UTC 2023
recon-all -s sub-02_ses-013 finished without error at Thu Oct  5 17:17:33 UTC 2023
