status file for recon-all
Sat Oct 14 02:46:35 UTC 2023
#@# MotionCor Sat Oct 14 02:47:12 UTC 2023
#@# Talairach Sat Oct 14 02:47:13 UTC 2023
#@# Talairach Failure Detection Sat Oct 14 02:47:15 UTC 2023
#@# Nu Intensity Correction Sat Oct 14 02:47:15 UTC 2023
#@# Intensity Normalization Sat Oct 14 02:56:54 UTC 2023
#@# Skull Stripping Sat Oct 14 03:12:07 UTC 2023
#@# EM Registration Sat Oct 14 03:12:13 UTC 2023
#@# CA Normalize Sat Oct 14 03:12:13 UTC 2023
#@# CA Reg Sat Oct 14 03:16:27 UTC 2023
#@# SubCort Seg Sat Oct 14 03:42:51 UTC 2023
#@# CC Seg Sat Oct 14 03:55:38 UTC 2023
#@# Merge ASeg Sat Oct 14 04:04:51 UTC 2023
#@# Intensity Normalization2 Sat Oct 14 04:04:51 UTC 2023
#@# Mask BFS Sat Oct 14 04:12:22 UTC 2023
#@# WM Segmentation Sat Oct 14 04:12:29 UTC 2023
#@# Smooth2 lh Sat Oct 14 04:34:07 UTC 2023
#@# Smooth2 rh Sat Oct 14 04:34:14 UTC 2023
#@# Inflation2 lh Sat Oct 14 04:34:22 UTC 2023
#@# Inflation2 rh Sat Oct 14 04:34:54 UTC 2023
#@# Curv .H and .K lh Sat Oct 14 04:35:29 UTC 2023
#@# Curv .H and .K rh Sat Oct 14 04:37:28 UTC 2023
#@# Sphere lh Sat Oct 14 04:39:27 UTC 2023
#@# Sphere rh Sat Oct 14 04:39:27 UTC 2023
#@# Surf Reg lh Sat Oct 14 04:39:27 UTC 2023
#@# Surf Reg rh Sat Oct 14 04:44:07 UTC 2023
#@# Jacobian white lh Sat Oct 14 04:48:49 UTC 2023
#@# Jacobian white rh Sat Oct 14 04:48:52 UTC 2023
#@# AvgCurv lh Sat Oct 14 04:48:54 UTC 2023
#@# AvgCurv rh Sat Oct 14 04:48:56 UTC 2023
#@# Cortical Parc lh Sat Oct 14 04:48:58 UTC 2023
#@# Cortical Parc rh Sat Oct 14 04:49:18 UTC 2023
#@# white curv lh Sat Oct 14 05:08:43 UTC 2023
#@# white area lh Sat Oct 14 05:08:48 UTC 2023
#@# pial curv lh Sat Oct 14 05:08:50 UTC 2023
#@# pial area lh Sat Oct 14 05:08:54 UTC 2023
#@# thickness lh Sat Oct 14 05:08:56 UTC 2023
#@# area and vertex vol lh Sat Oct 14 05:10:18 UTC 2023
#@# white curv rh Sat Oct 14 05:10:22 UTC 2023
#@# white area rh Sat Oct 14 05:10:26 UTC 2023
#@# pial curv rh Sat Oct 14 05:10:28 UTC 2023
#@# pial area rh Sat Oct 14 05:10:33 UTC 2023
#@# thickness rh Sat Oct 14 05:10:35 UTC 2023
#@# area and vertex vol rh Sat Oct 14 05:11:58 UTC 2023
#@# Curvature Stats lh Sat Oct 14 05:12:02 UTC 2023
#@# Curvature Stats rh Sat Oct 14 05:12:09 UTC 2023
#@# Cortical ribbon mask Sat Oct 14 05:12:16 UTC 2023
#@# Cortical Parc 2 lh Sat Oct 14 06:02:33 UTC 2023
#@# Cortical Parc 2 rh Sat Oct 14 06:02:59 UTC 2023
#@# Cortical Parc 3 lh Sat Oct 14 06:03:27 UTC 2023
#@# Cortical Parc 3 rh Sat Oct 14 06:03:50 UTC 2023
#@# WM/GM Contrast lh Sat Oct 14 06:04:12 UTC 2023
#@# WM/GM Contrast rh Sat Oct 14 06:04:21 UTC 2023
#@# Relabel Hypointensities Sat Oct 14 06:04:30 UTC 2023
#@# APas-to-ASeg Sat Oct 14 06:05:20 UTC 2023
#@# AParc-to-ASeg aparc Sat Oct 14 06:05:57 UTC 2023
#@# AParc-to-ASeg aparc.a2009s Sat Oct 14 06:11:14 UTC 2023
#@# AParc-to-ASeg aparc.DKTatlas Sat Oct 14 06:16:36 UTC 2023
#@# WMParc Sat Oct 14 06:21:53 UTC 2023
#@# Parcellation Stats lh Sat Oct 14 06:30:14 UTC 2023
#@# Parcellation Stats rh Sat Oct 14 06:31:53 UTC 2023
#@# Parcellation Stats 2 lh Sat Oct 14 06:33:36 UTC 2023
#@# Parcellation Stats 2 rh Sat Oct 14 06:34:29 UTC 2023
#@# Parcellation Stats 3 lh Sat Oct 14 06:35:21 UTC 2023
#@# Parcellation Stats 3 rh Sat Oct 14 06:36:10 UTC 2023
#@# ASeg Stats Sat Oct 14 06:37:00 UTC 2023
#@# BA_exvivo Labels lh Sat Oct 14 06:38:52 UTC 2023
#@# BA_exvivo Labels rh Sat Oct 14 06:46:12 UTC 2023
recon-all -s sub-01_ses-010.long.sub-01 finished without error at Sat Oct 14 06:53:35 UTC 2023
