Logfile for bbregister
Sun Oct  8 06:03:35 UTC 2023

setenv SUBJECTS_DIR /localscratch/bpinsard.41451892.0/freesurfer_crosssectional_autorecon3_sub06_ses009.job
cd /localscratch/bpinsard.41451892.0/freesurfer_crosssectional_autorecon3_sub06_ses009.job/sub-06_ses-009/scripts
/opt/freesurfer/bin/bbregister --s sub-06_ses-009 --mov /localscratch/bpinsard.41451892.0/freesurfer_crosssectional_autorecon3_sub06_ses009.job/sub-06_ses-009/mri/orig/T2raw.mgz --lta /localscratch/bpinsard.41451892.0/freesurfer_crosssectional_autorecon3_sub06_ses009.job/sub-06_ses-009/mri/transforms/T2raw.auto.lta --init-coreg --T2 --gm-proj-abs 2 --wm-proj-abs 1 --no-coreg-ref-mask

bbregister 7.4.1
Linux bc12334.int.ets1.calculquebec.ca 3.10.0-1160.99.1.el7.x86_64 #1 SMP Wed Sep 13 14:19:20 UTC 2023 x86_64 x86_64 x86_64 GNU/Linux
FREESURFER_HOME /opt/freesurfer
mri_convert /localscratch/bpinsard.41451892.0/freesurfer_crosssectional_autorecon3_sub06_ses009.job/sub-06_ses-009/mri/orig/T2raw.mgz /localscratch/bpinsard.41451892.0/freesurfer_crosssectional_autorecon3_sub06_ses009.job/sub-06_ses-009/mri/transforms/tmp.bbregister.201535/template.nii
mri_convert /localscratch/bpinsard.41451892.0/freesurfer_crosssectional_autorecon3_sub06_ses009.job/sub-06_ses-009/mri/orig/T2raw.mgz /localscratch/bpinsard.41451892.0/freesurfer_crosssectional_autorecon3_sub06_ses009.job/sub-06_ses-009/mri/transforms/tmp.bbregister.201535/template.nii 
reading from /localscratch/bpinsard.41451892.0/freesurfer_crosssectional_autorecon3_sub06_ses009.job/sub-06_ses-009/mri/orig/T2raw.mgz...
TR=0.00, TE=0.00, TI=0.00, flip angle=0.00
i_ras = (1, 0, 0)
j_ras = (0, 1, 0)
k_ras = (0, 0, 1)
writing to /localscratch/bpinsard.41451892.0/freesurfer_crosssectional_autorecon3_sub06_ses009.job/sub-06_ses-009/mri/transforms/tmp.bbregister.201535/template.nii...
mri_coreg --s sub-06_ses-009 --mov /localscratch/bpinsard.41451892.0/freesurfer_crosssectional_autorecon3_sub06_ses009.job/sub-06_ses-009/mri/transforms/tmp.bbregister.201535/template.nii --regdat /localscratch/bpinsard.41451892.0/freesurfer_crosssectional_autorecon3_sub06_ses009.job/sub-06_ses-009/mri/transforms/tmp.bbregister.201535/reg.init.dat --reg /localscratch/bpinsard.41451892.0/freesurfer_crosssectional_autorecon3_sub06_ses009.job/sub-06_ses-009/mri/transforms/tmp.bbregister.201535/mri_coreg.lta --nthreads 4 --dof 6 --sep 4 --ftol .0001 --linmintol .01 --no-ref-mask

$Id: mri_coreg.c,v 1.27 2016/04/30 15:11:49 greve Exp $
cwd /localscratch/bpinsard.41451892.0/freesurfer_crosssectional_autorecon3_sub06_ses009.job/sub-06_ses-009/scripts
cmdline mri_coreg --s sub-06_ses-009 --mov /localscratch/bpinsard.41451892.0/freesurfer_crosssectional_autorecon3_sub06_ses009.job/sub-06_ses-009/mri/transforms/tmp.bbregister.201535/template.nii --regdat /localscratch/bpinsard.41451892.0/freesurfer_crosssectional_autorecon3_sub06_ses009.job/sub-06_ses-009/mri/transforms/tmp.bbregister.201535/reg.init.dat --reg /localscratch/bpinsard.41451892.0/freesurfer_crosssectional_autorecon3_sub06_ses009.job/sub-06_ses-009/mri/transforms/tmp.bbregister.201535/mri_coreg.lta --nthreads 4 --dof 6 --sep 4 --ftol .0001 --linmintol .01 --no-ref-mask 
sysname  Linux
hostname bc12334.int.ets1.calculquebec.ca
machine  x86_64
user     bpinsard
dof    6
nsep    1
cras0    1
ftol    0.000100
linmintol    0.010000
bf       1
bflim    30.000000
bfnsamp    30
SmoothRef 0
SatPct    99.990000
MovOOB 0
optschema 1
Seed 53
Reading in mov /localscratch/bpinsard.41451892.0/freesurfer_crosssectional_autorecon3_sub06_ses009.job/sub-06_ses-009/mri/transforms/tmp.bbregister.201535/template.nii
Reading in ref /localscratch/bpinsard.41451892.0/freesurfer_crosssectional_autorecon3_sub06_ses009.job/sub-06_ses-009/mri/brainmask.mgz
Setting cras translation parameters to align volume centers
Init matrix params -0.8000 -0.0000 -0.8000  0.0000  0.0000  0.0000  1.0000  1.0000  1.0000  0.0000  0.0000  0.0000 
Initial Matrix (RAS2RAS)
 1.00000   0.00000   0.00000   0.79999;
 0.00000   1.00000   0.00000   0.00001;
 0.00000   0.00000   1.00000   0.80000;
 0.00000   0.00000   0.00000   1.00000;
Initial parameters to be opt -0.8000 -0.0000 -0.8000  0.0000  0.0000  0.0000 
Creating random numbers for coordinate dithering
Performing intensity dithering
Performing intensity dithering on mov with computed dither
Separation list (1):  4   min = 4
DoSmoothing 1
DoCoordDither 1
DoIntensityDither 1
nitersmax 4
ftol 1.000e-04
linmintol 1.000e-02
SatPct 99.990000
Hist FWHM 7.000000 7.000000
nthreads 4
movsat = 10898.4814
mov gstd 1.9140 1.9140 1.9140
Smoothing mov
refsat = 118.0000
ref gstd 1.9140 1.9140 1.9140
Smoothing ref
COREGpreproc() done
Testing if mov and target overlap
Init cost   -1.0274144436
nhits = 309411 out of 32768000, Percent Overlap:  60.4
Initial  RefRAS-to-MovRAS
 1.00000   0.00000   0.00000  -0.79999;
 0.00000   1.00000   0.00000  -0.00001;
 0.00000   0.00000   1.00000  -0.80000;
 0.00000   0.00000   0.00000   1.00000;
Initial  RefVox-to-MovVox
-1.00000   0.00000   0.00000   263.00003;
 0.00000   0.00000   0.99999  -9.99910;
 0.00000  -0.99999   0.00000   318.99908;
 0.00000   0.00000   0.00000   1.00000;
sep = 4 -----------------------------------
COREGoptBruteForce() 30 1 30
Turning on MovOOB for BruteForce Search
#BF# sep= 4 iter=0 lim=30.0 delta=2.00   1.20001  -0.00001  17.20000   8.00000  -2.00000  -2.00000   -1.0268050
Turning  MovOOB back off after brute force search


---------------------------------
Init Powel Params dof = 6: 1.200012 -0.000008 17.200005 8.000000 -2.000000 -2.000000 
Starting OpenPowel2(), sep = 4
InitialCost        -1.0293807983 
#@#  4  188  1.20001 -0.00001 17.20000 8.00000 -2.00000 -2.00000   -1.0293808
fs_powell::minimize
  nparams 6
  maxfev 4
  ftol   0.000100
  linmin_xtol_   0.010000
  powell nthiter 0: fret = -1.029381
#@#  4  195  0.91121 -0.00001 17.20000 8.00000 -2.00000 -2.00000   -1.0293856
#@#  4  196  0.90121 -0.00001 17.20000 8.00000 -2.00000 -2.00000   -1.0293857
#@#  4  202  0.90121 -1.61804 17.20000 8.00000 -2.00000 -2.00000   -1.0294566
#@#  4  207  0.90121 -1.89284 17.20000 8.00000 -2.00000 -2.00000   -1.0294594
#@#  4  212  0.90121 -1.92386 18.20000 8.00000 -2.00000 -2.00000   -1.0295179
#@#  4  217  0.90121 -1.92386 18.27457 8.00000 -2.00000 -2.00000   -1.0295181
#@#  4  224  0.90121 -1.92386 18.22060 9.00000 -2.00000 -2.00000   -1.0295364
#@#  4  227  0.90121 -1.92386 18.22060 9.61803 -2.00000 -2.00000   -1.0295378
#@#  4  230  0.90121 -1.92386 18.22060 9.53596 -2.00000 -2.00000   -1.0295379
#@#  4  238  0.90121 -1.92386 18.22060 9.49106 -1.00000 -2.00000   -1.0295444
#@#  4  246  0.90121 -1.92386 18.22060 9.49106 -1.07476 -2.00000   -1.0295445
#@#  4  251  0.90121 -1.92386 18.22060 9.49106 -1.06473 -1.00000   -1.0295485
#@#  4  256  0.90121 -1.92386 18.22060 9.49106 -1.06473 -0.96738   -1.0295486
#@#  4  258  0.90121 -1.92386 18.22060 9.49106 -1.06473 -0.92031   -1.0295488
  powell nthiter 1: fret = -1.029549
#@#  4  269  0.28318 -1.92386 18.22060 9.49106 -1.06473 -0.95117   -1.0295534
#@#  4  271  0.51137 -1.92386 18.22060 9.49106 -1.06473 -0.95117   -1.0295551
#@#  4  274  0.54479 -1.92386 18.22060 9.49106 -1.06473 -0.95117   -1.0295552
#@#  4  286  0.56811 -1.86591 18.22060 9.49106 -1.06473 -0.95117   -1.0295553
#@#  4  297  0.56811 -1.91040 18.37672 9.49106 -1.06473 -0.95117   -1.0295570
#@#  4  309  0.56811 -1.91040 18.40819 9.21229 -1.06473 -0.95117   -1.0295579
#@#  4  317  0.56811 -1.91040 18.40819 9.24562 -1.06473 -0.95117   -1.0295581
#@#  4  323  0.56811 -1.91040 18.40819 9.24562 -0.68277 -0.95117   -1.0295593
#@#  4  324  0.56811 -1.91040 18.40819 9.24562 -0.78057 -0.95117   -1.0295595
Powell done niters total = 1
OptTimeSec 13.0 sec
OptTimeMin  0.22 min
nEvals 340
Final optimized parameters   0.56810939  -1.91040277  18.40818977   9.24561882  -0.80397916  -0.87260592 
Final matrix parameters  0.5681 -1.9104 18.4082  9.2456 -0.8040 -0.8726  1.0000  1.0000  1.0000  0.0000  0.0000  0.0000 
Final cost   -1.029559515611035
 

---------------------------------
Final  RefRAS-to-MovRAS
 0.99979  -0.01523  -0.01403   0.56811;
 0.01729   0.98686   0.16065  -1.91040;
 0.01140  -0.16086   0.98691   18.40819;
 0.00000   0.00000   0.00000   1.00000;
Final  RefVox-to-MovVox
-0.99979   0.01403  -0.01523   264.61755;
-0.01729  -0.16065   0.98685   14.96230;
-0.01140  -0.98691  -0.16086   363.48688;
 0.00000   0.00000   0.00000   1.00000;
Final matrix parameters  0.5681 -1.9104 18.4082  9.2456 -0.8040 -0.8726  0.0000  0.0000  0.0000  0.0000  0.0000  0.0000 
Final opt parameters  0.5681 -1.9104 18.4082  9.2456 -0.8040 -0.8726 
nhits = 288077 out of 32768000, Percent Overlap:  56.3
mri_coreg RunTimeSec 102.5 sec
To check run:
   tkregisterfv --mov /localscratch/bpinsard.41451892.0/freesurfer_crosssectional_autorecon3_sub06_ses009.job/sub-06_ses-009/mri/transforms/tmp.bbregister.201535/template.nii --targ /localscratch/bpinsard.41451892.0/freesurfer_crosssectional_autorecon3_sub06_ses009.job/sub-06_ses-009/mri/brainmask.mgz --reg /localscratch/bpinsard.41451892.0/freesurfer_crosssectional_autorecon3_sub06_ses009.job/sub-06_ses-009/mri/transforms/tmp.bbregister.201535/mri_coreg.lta --s sub-06_ses-009 --surfs 

mri_coreg done

mri_segreg --mov /localscratch/bpinsard.41451892.0/freesurfer_crosssectional_autorecon3_sub06_ses009.job/sub-06_ses-009/mri/transforms/tmp.bbregister.201535/template.nii --init-reg /localscratch/bpinsard.41451892.0/freesurfer_crosssectional_autorecon3_sub06_ses009.job/sub-06_ses-009/mri/transforms/tmp.bbregister.201535/reg.init.dat --out-reg /localscratch/bpinsard.41451892.0/freesurfer_crosssectional_autorecon3_sub06_ses009.job/sub-06_ses-009/mri/transforms/tmp.bbregister.201535/bbr.pass1.dat --subsamp-brute 100 --subsamp 100 --tol 1e-4 --tol1d 1e-3 --brute -4 4 4 --surf white --gm-proj-abs 2 --gm-gt-wm 0.5
7.4.1
setenv SUBJECTS_DIR /localscratch/bpinsard.41451892.0/freesurfer_crosssectional_autorecon3_sub06_ses009.job
cd /localscratch/bpinsard.41451892.0/freesurfer_crosssectional_autorecon3_sub06_ses009.job/sub-06_ses-009/scripts
mri_segreg --mov /localscratch/bpinsard.41451892.0/freesurfer_crosssectional_autorecon3_sub06_ses009.job/sub-06_ses-009/mri/transforms/tmp.bbregister.201535/template.nii --init-reg /localscratch/bpinsard.41451892.0/freesurfer_crosssectional_autorecon3_sub06_ses009.job/sub-06_ses-009/mri/transforms/tmp.bbregister.201535/reg.init.dat --out-reg /localscratch/bpinsard.41451892.0/freesurfer_crosssectional_autorecon3_sub06_ses009.job/sub-06_ses-009/mri/transforms/tmp.bbregister.201535/bbr.pass1.dat --subsamp-brute 100 --subsamp 100 --tol 1e-4 --tol1d 1e-3 --brute -4 4 4 --surf white --gm-proj-abs 2 --gm-gt-wm 0.5 
sysname  Linux
hostname bc12334.int.ets1.calculquebec.ca
machine  x86_64
user     bpinsard
movvol /localscratch/bpinsard.41451892.0/freesurfer_crosssectional_autorecon3_sub06_ses009.job/sub-06_ses-009/mri/transforms/tmp.bbregister.201535/template.nii
regfile /localscratch/bpinsard.41451892.0/freesurfer_crosssectional_autorecon3_sub06_ses009.job/sub-06_ses-009/mri/transforms/tmp.bbregister.201535/reg.init.dat
subject sub-06_ses-009
dof 6
outregfile /localscratch/bpinsard.41451892.0/freesurfer_crosssectional_autorecon3_sub06_ses009.job/sub-06_ses-009/mri/transforms/tmp.bbregister.201535/bbr.pass1.dat
UseMask 0
UseLH 1
UseRH 1
nsubsamp 100
PenaltySign  -1
PenaltySlope 0.500000
PenaltyCenter 0.000000
surfname white
GMProjAbs 2.000000
WMProjAbs 2.000000
lhcostfile (null)
rhcostfile (null)
interp  trilinear (1)
frame  0
TolPowell 0.000100
nMaxItersPowell 36
n1dmin  3
Profile   0
Gdiag_no  -1
AddNoise  0 (0)
SynthSeed 1697424596
TransRandMax 0.000000
RotRandMax 0.000000
Translations 0.000000 0.000000 0.000000
Rotations   0.000000 0.000000 0.000000
Input reg
-0.99979   0.01523   0.01403  -0.36839;
 0.01140  -0.16086   0.98691   14.41637;
-0.01729  -0.98686  -0.16065   4.48859;
 0.00000   0.00000   0.00000   1.00000;

Loading mov
ExcludeZeroVoxels 1
Reading in targ vol /localscratch/bpinsard.41451892.0/freesurfer_crosssectional_autorecon3_sub06_ses009.job/sub-06_ses-009/mri/orig.mgz
Projecting LH Surfs
Loading lh.white surf
GM Proj: 0 0.500000 2.000000
WM Proj: 0 0.500000 2.000000
Projecting RH Surfs
Loading rh.white surf
Projecting RH Surfs
Using lh.cortex.label
Using rh.cortex.label
Computing relative cost
 0  -25.0 -25.0 -25.0   1.016180
 1  -25.0 -25.0  25.0   0.996771
 2  -25.0  25.0 -25.0   0.996392
 3  -25.0  25.0  25.0   0.997284
 4   25.0 -25.0 -25.0   1.003829
 5   25.0 -25.0  25.0   1.023309
 6   25.0  25.0 -25.0   0.970614
 7   25.0  25.0  25.0   0.968787
REL:  8  0.935111    7.973167  0.996646 rel = 0.938258 
Initial costs ----------------
Number of surface hits 3883
WM  Intensity  1094.5198 +/- 673.2518
Ctx Intensity  1112.7593 +/- 674.7983
Pct Contrast      1.7379 +/-  52.5160
Cost   0.9351
RelCost   0.9383

------------------------------------
Brute force preopt -4 4 4, n = 729
     0  -4.0000  -4.0000  -4.0000  -4.0000  -4.0000  -4.0000      0.8967   0.8967  0.0
   278   0.0000  -4.0000   0.0000  -4.0000   4.0000   4.0000      0.8917   0.8917  0.0
   301   0.0000  -4.0000   4.0000  -4.0000   0.0000   0.0000      0.8843   0.8843  0.0
   302   0.0000  -4.0000   4.0000  -4.0000   0.0000   4.0000      0.8831   0.8831  0.0
   545   4.0000  -4.0000   4.0000  -4.0000   0.0000   4.0000      0.8821   0.8821  0.0
Brute Force --------------------------
Min cost was 0.882052
Number of iterations   729
Search time 2.786482 sec
Parameters at best (transmm, rotdeg)
  4.000  -4.000   4.000 -4.000  0.000  4.000 
--------------------------------------------

Starting Powell Minimization
Init Powel Params dof = 6
0 4
1 -4
2 4
3 -4
4 0
5 4
fs_powell::minimize
  nparams 6
  maxfev 36
  ftol   0.000100
  linmin_xtol_   0.001000
  powell nthiter 0: fret = 0.882052
   8  3.764 -4.000  4.000 -4.000  0.000  4.000   0.8817646456
  16  3.765 -4.000  4.000 -4.000  0.000  4.000   0.8817516119
  17  3.770 -4.000  4.000 -4.000  0.000  4.000   0.8817289885
  18  3.769 -4.000  4.000 -4.000  0.000  4.000   0.8817259927
  22  3.769 -5.618  4.000 -4.000  0.000  4.000   0.8807632227
  23  3.769 -4.830  4.000 -4.000  0.000  4.000   0.8787737283
  25  3.769 -4.513  4.000 -4.000  0.000  4.000   0.8756272268
  27  3.769 -4.558  4.000 -4.000  0.000  4.000   0.8739452749
  31  3.769 -4.562  4.000 -4.000  0.000  4.000   0.8738865219
  34  3.769 -4.563  4.000 -4.000  0.000  4.000   0.8738822237
  44  3.769 -4.563  3.986 -4.000  0.000  4.000   0.8737650780
  47  3.769 -4.563  3.988 -4.000  0.000  4.000   0.8737465523
  48  3.769 -4.563  3.990 -4.000  0.000  4.000   0.8737456612
  51  3.769 -4.563  3.989 -4.000  0.000  4.000   0.8737421877
  58  3.769 -4.563  3.989 -4.214  0.000  4.000   0.8706347393
  59  3.769 -4.563  3.989 -4.241  0.000  4.000   0.8693405382
  61  3.769 -4.563  3.989 -4.298  0.000  4.000   0.8675088563
  71  3.769 -4.563  3.989 -4.298  0.382  4.000   0.8673088063
  72  3.769 -4.563  3.989 -4.298  0.196  4.000   0.8650162994
  74  3.769 -4.563  3.989 -4.298  0.213  4.000   0.8648817728
  75  3.769 -4.563  3.989 -4.298  0.277  4.000   0.8638011184
  79  3.769 -4.563  3.989 -4.298  0.280  4.000   0.8637926797
  90  3.769 -4.563  3.989 -4.298  0.280  4.040   0.8629822798
  91  3.769 -4.563  3.989 -4.298  0.280  4.054   0.8623898726
  93  3.769 -4.563  3.989 -4.298  0.280  4.067   0.8621873663
  95  3.769 -4.563  3.989 -4.298  0.280  4.064   0.8621624295
  97  3.769 -4.563  3.989 -4.298  0.280  4.065   0.8621577865
  99  3.537 -5.127  3.978 -4.595  0.560  4.129   0.8613466437
  powell nthiter 1: fret = 0.862158
 106  3.735 -4.563  3.989 -4.298  0.280  4.065   0.8611429281
 108  3.683 -4.563  3.989 -4.298  0.280  4.065   0.8603540328
 111  3.689 -4.563  3.989 -4.298  0.280  4.065   0.8603150189
 113  3.688 -4.563  3.989 -4.298  0.280  4.065   0.8603114124
 125  3.688 -4.584  3.989 -4.298  0.280  4.065   0.8599189627
 126  3.688 -4.583  3.989 -4.298  0.280  4.065   0.8598953941
 127  3.688 -4.578  3.989 -4.298  0.280  4.065   0.8598215879
 129  3.688 -4.577  3.989 -4.298  0.280  4.065   0.8598194989
 137  3.688 -4.577  3.895 -4.298  0.280  4.065   0.8581872988
 140  3.688 -4.577  3.871 -4.298  0.280  4.065   0.8581184305
 141  3.688 -4.577  3.878 -4.298  0.280  4.065   0.8580475811
 142  3.688 -4.577  3.881 -4.298  0.280  4.065   0.8580370661
 143  3.688 -4.577  3.882 -4.298  0.280  4.065   0.8580367262
 153  3.688 -4.577  3.882 -4.261  0.280  4.065   0.8574603459
 156  3.688 -4.577  3.882 -4.257  0.280  4.065   0.8574362053
 166  3.688 -4.577  3.882 -4.257  0.324  4.065   0.8566344632
 169  3.688 -4.577  3.882 -4.257  0.332  4.065   0.8565735607
 170  3.688 -4.577  3.882 -4.257  0.337  4.065   0.8565103646
 171  3.688 -4.577  3.882 -4.257  0.351  4.065   0.8564812365
 172  3.688 -4.577  3.882 -4.257  0.346  4.065   0.8564434937
 173  3.688 -4.577  3.882 -4.257  0.345  4.065   0.8564425440
 183  3.688 -4.577  3.882 -4.257  0.345  4.018   0.8555453049
 185  3.688 -4.577  3.882 -4.257  0.345  4.032   0.8555007530
 187  3.688 -4.577  3.882 -4.257  0.345  4.026   0.8554553520
 190  3.688 -4.577  3.882 -4.257  0.345  4.025   0.8554529871
  powell nthiter 2: fret = 0.855453
 198  3.626 -4.577  3.882 -4.257  0.345  4.025   0.8553541144
 199  3.648 -4.577  3.882 -4.257  0.345  4.025   0.8547375026
 200  3.656 -4.577  3.882 -4.257  0.345  4.025   0.8546231764
 202  3.657 -4.577  3.882 -4.257  0.345  4.025   0.8546118226
 204  3.658 -4.577  3.882 -4.257  0.345  4.025   0.8546112099
 217  3.658 -4.580  3.882 -4.257  0.345  4.025   0.8545900064
 228  3.658 -4.580  3.894 -4.257  0.345  4.025   0.8545802687
 229  3.658 -4.580  3.890 -4.257  0.345  4.025   0.8545695380
 230  3.658 -4.580  3.889 -4.257  0.345  4.025   0.8545687919
 242  3.658 -4.580  3.889 -4.255  0.345  4.025   0.8545661061
 252  3.658 -4.580  3.889 -4.255  0.332  4.025   0.8545607771
 253  3.658 -4.580  3.889 -4.255  0.338  4.025   0.8545320040
 266  3.658 -4.580  3.889 -4.255  0.338  4.015   0.8543450477
 267  3.658 -4.580  3.889 -4.255  0.338  4.014   0.8543362660
 268  3.658 -4.580  3.889 -4.255  0.338  4.010   0.8543206321
 272  3.629 -4.582  3.895 -4.254  0.331  3.995   0.8541171591
 278  3.640 -4.581  3.893 -4.255  0.334  4.001   0.8540319345
 280  3.639 -4.581  3.893 -4.255  0.334  4.000   0.8540311615
 282  3.640 -4.581  3.893 -4.255  0.334  4.000   0.8540311423
 287  3.640 -4.581  3.893 -4.255  0.334  4.000   0.8540310750
  powell nthiter 3: fret = 0.854031
 299  3.640 -4.581  3.893 -4.255  0.334  3.998   0.8540064836
 301  3.640 -4.581  3.893 -4.255  0.334  3.996   0.8539961970
 314  3.640 -4.585  3.893 -4.255  0.334  3.996   0.8539955343
 316  3.640 -4.584  3.893 -4.255  0.334  3.996   0.8539891373
 317  3.640 -4.583  3.893 -4.255  0.334  3.996   0.8539874561
 326  3.640 -4.583  3.883 -4.255  0.334  3.996   0.8538389436
 328  3.640 -4.583  3.875 -4.255  0.334  3.996   0.8538338364
 329  3.640 -4.583  3.879 -4.255  0.334  3.996   0.8538279856
 340  3.640 -4.583  3.879 -4.259  0.334  3.996   0.8538105623
 342  3.640 -4.583  3.879 -4.258  0.334  3.996   0.8538100608
 353  3.640 -4.583  3.879 -4.258  0.328  3.996   0.8537959194
 354  3.640 -4.583  3.879 -4.258  0.329  3.996   0.8537949727
 355  3.640 -4.583  3.879 -4.258  0.330  3.996   0.8537941138
 363  3.642 -4.582  3.878 -4.258  0.330  3.998   0.8537891037
  powell nthiter 4: fret = 0.853789
 382  3.642 -4.582  3.878 -4.258  0.330  3.997   0.8537760870
 383  3.642 -4.582  3.878 -4.258  0.330  3.995   0.8537726316
 419  3.642 -4.582  3.878 -4.259  0.330  3.995   0.8537698431
 420  3.642 -4.582  3.878 -4.261  0.330  3.995   0.8537681648
 431  3.642 -4.582  3.878 -4.261  0.316  3.995   0.8537534353
 433  3.642 -4.582  3.878 -4.261  0.321  3.995   0.8537397543
 434  3.642 -4.582  3.878 -4.261  0.322  3.995   0.8537378301
 443  3.645 -4.582  3.877 -4.261  0.323  3.996   0.8537352898
Powell done niters = 4
Computing relative cost
 0  -25.0 -25.0 -25.0   0.996295
 1  -25.0 -25.0  25.0   1.009293
 2  -25.0  25.0 -25.0   1.045350
 3  -25.0  25.0  25.0   1.005732
 4   25.0 -25.0 -25.0   1.014369
 5   25.0 -25.0  25.0   0.997747
 6   25.0  25.0 -25.0   1.008804
 7   25.0  25.0  25.0   0.980940
REL:  8  0.853735    8.058531  1.007316 rel = 0.847534 
Number of iterations     4
Min cost was 0.853735
Number of FunctionCalls   454
TolPowell 0.000100
nMaxItersPowell 36
OptimizationTime 1.569162 sec
Parameters at optimum (transmm)  3.64484 -4.58227  3.87743
Parameters at optimum (rotdeg) -4.26128  0.32293  3.99637 
Final costs ----------------
Number of surface hits 3883
WM  Intensity  1063.7963 +/- 646.5642
Ctx Intensity  1103.6583 +/- 663.8011
Pct Contrast      3.3069 +/-  51.6285
Cost   0.8537
RelCost   0.9383
Reg at min cost was 
-0.99814   0.02601  -0.05507   2.27131;
-0.05962  -0.23250   0.97077   10.06766;
-0.01245  -0.97225  -0.23361   7.28443;
 0.00000   0.00000   0.00000   1.00000;

Writing optimal reg to /localscratch/bpinsard.41451892.0/freesurfer_crosssectional_autorecon3_sub06_ses009.job/sub-06_ses-009/mri/transforms/tmp.bbregister.201535/bbr.pass1.dat, type = 14 
Original Reg 
-0.99979   0.01523   0.01403  -0.36839;
 0.01140  -0.16086   0.98691   14.41637;
-0.01729  -0.98686  -0.16065   4.48859;
 0.00000   0.00000   0.00000   1.00000;

Original Reg - Optimal Reg
-0.00164  -0.01079   0.06911  -2.63970;
 0.07102   0.07164   0.01614   4.34870;
-0.00484  -0.01461   0.07296  -2.79583;
 0.00000   0.00000   0.00000   0.00000;

Computing change in lh position
LH rmsDiffMean 3.748649
Computing change in rh position
Surface-RMS-Diff-mm 4.987084 2.670769 11.461479
mri_segreg done
mri_segreg --mov /localscratch/bpinsard.41451892.0/freesurfer_crosssectional_autorecon3_sub06_ses009.job/sub-06_ses-009/mri/transforms/tmp.bbregister.201535/template.nii --init-reg /localscratch/bpinsard.41451892.0/freesurfer_crosssectional_autorecon3_sub06_ses009.job/sub-06_ses-009/mri/transforms/tmp.bbregister.201535/bbr.pass1.dat --out-reg /localscratch/bpinsard.41451892.0/freesurfer_crosssectional_autorecon3_sub06_ses009.job/sub-06_ses-009/mri/transforms/T2raw.auto.dat --interp trilinear --wm-proj-abs 1 --tol 1e-8 --tol1d 1e-3 --c0 0 --mincost /localscratch/bpinsard.41451892.0/freesurfer_crosssectional_autorecon3_sub06_ses009.job/sub-06_ses-009/mri/transforms/T2raw.auto.dat.mincost --dof 6 --nmax 36 --param /localscratch/bpinsard.41451892.0/freesurfer_crosssectional_autorecon3_sub06_ses009.job/sub-06_ses-009/mri/transforms/T2raw.auto.dat.param --surf white --brute -0.1 0.1 0.1 --cur-reg /localscratch/bpinsard.41451892.0/freesurfer_crosssectional_autorecon3_sub06_ses009.job/sub-06_ses-009/mri/transforms/tmp.bbregister.201535/reg.curopt.dat --gm-proj-abs 2 --nsub 1 --gm-gt-wm 0.5
7.4.1
setenv SUBJECTS_DIR /localscratch/bpinsard.41451892.0/freesurfer_crosssectional_autorecon3_sub06_ses009.job
cd /localscratch/bpinsard.41451892.0/freesurfer_crosssectional_autorecon3_sub06_ses009.job/sub-06_ses-009/scripts
mri_segreg --mov /localscratch/bpinsard.41451892.0/freesurfer_crosssectional_autorecon3_sub06_ses009.job/sub-06_ses-009/mri/transforms/tmp.bbregister.201535/template.nii --init-reg /localscratch/bpinsard.41451892.0/freesurfer_crosssectional_autorecon3_sub06_ses009.job/sub-06_ses-009/mri/transforms/tmp.bbregister.201535/bbr.pass1.dat --out-reg /localscratch/bpinsard.41451892.0/freesurfer_crosssectional_autorecon3_sub06_ses009.job/sub-06_ses-009/mri/transforms/T2raw.auto.dat --interp trilinear --wm-proj-abs 1 --tol 1e-8 --tol1d 1e-3 --c0 0 --mincost /localscratch/bpinsard.41451892.0/freesurfer_crosssectional_autorecon3_sub06_ses009.job/sub-06_ses-009/mri/transforms/T2raw.auto.dat.mincost --dof 6 --nmax 36 --param /localscratch/bpinsard.41451892.0/freesurfer_crosssectional_autorecon3_sub06_ses009.job/sub-06_ses-009/mri/transforms/T2raw.auto.dat.param --surf white --brute -0.1 0.1 0.1 --cur-reg /localscratch/bpinsard.41451892.0/freesurfer_crosssectional_autorecon3_sub06_ses009.job/sub-06_ses-009/mri/transforms/tmp.bbregister.201535/reg.curopt.dat --gm-proj-abs 2 --nsub 1 --gm-gt-wm 0.5 
sysname  Linux
hostname bc12334.int.ets1.calculquebec.ca
machine  x86_64
user     bpinsard
movvol /localscratch/bpinsard.41451892.0/freesurfer_crosssectional_autorecon3_sub06_ses009.job/sub-06_ses-009/mri/transforms/tmp.bbregister.201535/template.nii
regfile /localscratch/bpinsard.41451892.0/freesurfer_crosssectional_autorecon3_sub06_ses009.job/sub-06_ses-009/mri/transforms/tmp.bbregister.201535/bbr.pass1.dat
subject sub-06_ses-009
dof 6
outregfile /localscratch/bpinsard.41451892.0/freesurfer_crosssectional_autorecon3_sub06_ses009.job/sub-06_ses-009/mri/transforms/T2raw.auto.dat
UseMask 0
UseLH 1
UseRH 1
nsubsamp 1
PenaltySign  -1
PenaltySlope 0.500000
PenaltyCenter 0.000000
surfname white
GMProjAbs 2.000000
WMProjAbs 1.000000
lhcostfile (null)
rhcostfile (null)
interp  trilinear (1)
frame  0
TolPowell 0.000000
nMaxItersPowell 36
n1dmin  3
Profile   0
Gdiag_no  -1
AddNoise  0 (0)
SynthSeed 1696890018
TransRandMax 0.000000
RotRandMax 0.000000
Translations 0.000000 0.000000 0.000000
Rotations   0.000000 0.000000 0.000000
Input reg
-0.99814   0.02601  -0.05507   2.27131;
-0.05962  -0.23250   0.97077   10.06766;
-0.01245  -0.97225  -0.23361   7.28443;
 0.00000   0.00000   0.00000   1.00000;

Loading mov
ExcludeZeroVoxels 1
Reading in targ vol /localscratch/bpinsard.41451892.0/freesurfer_crosssectional_autorecon3_sub06_ses009.job/sub-06_ses-009/mri/orig.mgz
Projecting LH Surfs
Loading lh.white surf
GM Proj: 0 0.500000 2.000000
WM Proj: 0 0.500000 1.000000
Projecting RH Surfs
Loading rh.white surf
Projecting RH Surfs
Using lh.cortex.label
Using rh.cortex.label
Computing relative cost
 0  -25.0 -25.0 -25.0   1.001006
 1  -25.0 -25.0  25.0   1.013689
 2  -25.0  25.0 -25.0   1.007319
 3  -25.0  25.0  25.0   1.005984
 4   25.0 -25.0 -25.0   1.002803
 5   25.0 -25.0  25.0   0.986210
 6   25.0  25.0 -25.0   1.001079
 7   25.0  25.0  25.0   0.977910
REL:  8  0.912442    7.995999  0.999500 rel = 0.912899 
Initial costs ----------------
Number of surface hits 390303
WM  Intensity  1080.7281 +/- 648.2973
Ctx Intensity  1106.1922 +/- 663.8171
Pct Contrast      1.7963 +/-  45.4640
Cost   0.9124
RelCost   0.9129

------------------------------------
Brute force preopt -0.1 0.1 0.1, n = 729
     0  -0.1000  -0.1000  -0.1000  -0.1000  -0.1000  -0.1000      0.8846   0.8846  0.0
   243   0.0000  -0.1000  -0.1000  -0.1000  -0.1000  -0.1000      0.8842   0.8842  0.0
   411   0.0000   0.1000  -0.1000  -0.1000   0.1000  -0.1000      0.8832   0.8832  0.0
   654   0.1000   0.1000  -0.1000  -0.1000   0.1000  -0.1000      0.8827   0.8827  0.0
Brute Force --------------------------
Min cost was 0.882729
Number of iterations   729
Search time 2.492327 sec
Parameters at best (transmm, rotdeg)
  0.100   0.100  -0.100 -0.100  0.100 -0.100 
--------------------------------------------

Starting Powell Minimization
Init Powel Params dof = 6
0 0.1
1 0.1
2 -0.1
3 -0.1
4 0.1
5 -0.1
fs_powell::minimize
  nparams 6
  maxfev 36
  ftol   0.000000
  linmin_xtol_   0.001000
  powell nthiter 0: fret = 0.908403
  11  0.066  0.100 -0.100 -0.100  0.100 -0.100   0.9083675913
  13  0.075  0.100 -0.100 -0.100  0.100 -0.100   0.9083663508
  14  0.072  0.100 -0.100 -0.100  0.100 -0.100   0.9083626945
  15  0.070  0.100 -0.100 -0.100  0.100 -0.100   0.9083624713
  19  0.070 -1.518 -0.100 -0.100  0.100 -0.100   0.9078115715
  20  0.070 -0.820 -0.100 -0.100  0.100 -0.100   0.9077658081
  25  0.070 -0.864 -0.100 -0.100  0.100 -0.100   0.9076364329
  26  0.070 -0.871 -0.100 -0.100  0.100 -0.100   0.9076191438
  28  0.070 -0.876 -0.100 -0.100  0.100 -0.100   0.9076147963
  36  0.070 -0.876 -0.718 -0.100  0.100 -0.100   0.9046892138
  38  0.070 -0.876 -0.795 -0.100  0.100 -0.100   0.9046652399
  41  0.070 -0.876 -0.840 -0.100  0.100 -0.100   0.9046620487
  42  0.070 -0.876 -0.819 -0.100  0.100 -0.100   0.9046454507
  44  0.070 -0.876 -0.817 -0.100  0.100 -0.100   0.9046454419
  52  0.070 -0.876 -0.817 -0.718  0.100 -0.100   0.9028949366
  56  0.070 -0.876 -0.817 -0.695  0.100 -0.100   0.9028057731
  58  0.070 -0.876 -0.817 -0.687  0.100 -0.100   0.9027832406
  63  0.070 -0.876 -0.817 -0.687  1.100 -0.100   0.8968241699
  64  0.070 -0.876 -0.817 -0.687  2.718 -0.100   0.8949289331
  69  0.070 -0.876 -0.817 -0.687  2.100 -0.100   0.8945176949
  71  0.070 -0.876 -0.817 -0.687  1.718 -0.100   0.8937694365
  74  0.070 -0.876 -0.817 -0.687  1.692 -0.100   0.8937589972
  76  0.070 -0.876 -0.817 -0.687  1.702 -0.100   0.8937584250
  78  0.070 -0.876 -0.817 -0.687  1.697 -0.100   0.8937571976
  79  0.070 -0.876 -0.817 -0.687  1.698 -0.100   0.8937571582
  83  0.070 -0.876 -0.817 -0.687  1.698 -1.718   0.8920400027
  84  0.070 -0.876 -0.817 -0.687  1.698 -1.022   0.8873314063
  93  0.070 -0.876 -0.817 -0.687  1.698 -1.028   0.8873310558
  94  0.070 -0.876 -0.817 -0.687  1.698 -1.025   0.8873300596
  powell nthiter 1: fret = 0.887330
 102 -0.548 -0.876 -0.817 -0.687  1.698 -1.025   0.8871600765
 104 -0.338 -0.876 -0.817 -0.687  1.698 -1.025   0.8869178759
 105 -0.278 -0.876 -0.817 -0.687  1.698 -1.025   0.8867074845
 107 -0.237 -0.876 -0.817 -0.687  1.698 -1.025   0.8866004004
 109 -0.232 -0.876 -0.817 -0.687  1.698 -1.025   0.8865982545
 111 -0.233 -0.876 -0.817 -0.687  1.698 -1.025   0.8865971509
 115 -0.233 -2.494 -0.817 -0.687  1.698 -1.025   0.8776153754
 121 -0.233 -2.448 -0.817 -0.687  1.698 -1.025   0.8774472695
 122 -0.233 -2.441 -0.817 -0.687  1.698 -1.025   0.8774436539
 124 -0.233 -2.442 -0.817 -0.687  1.698 -1.025   0.8774434242
 125 -0.233 -2.444 -0.817 -0.687  1.698 -1.025   0.8774434179
 127 -0.233 -2.443 -0.817 -0.687  1.698 -1.025   0.8774432387
 129 -0.233 -2.443  0.183 -0.687  1.698 -1.025   0.8768509552
 133 -0.233 -2.443 -0.199 -0.687  1.698 -1.025   0.8748213596
 135 -0.233 -2.443 -0.228 -0.687  1.698 -1.025   0.8747784280
 137 -0.233 -2.443 -0.226 -0.687  1.698 -1.025   0.8747779346
 138 -0.233 -2.443 -0.225 -0.687  1.698 -1.025   0.8747771836
 140 -0.233 -2.443 -0.221 -0.687  1.698 -1.025   0.8747750928
 141 -0.233 -2.443 -0.219 -0.687  1.698 -1.025   0.8747743033
 150 -0.233 -2.443 -0.219 -0.928  1.698 -1.025   0.8745731712
 152 -0.233 -2.443 -0.219 -0.915  1.698 -1.025   0.8745513924
 153 -0.233 -2.443 -0.219 -0.898  1.698 -1.025   0.8744970562
 155 -0.233 -2.443 -0.219 -0.896  1.698 -1.025   0.8744956004
 156 -0.233 -2.443 -0.219 -0.895  1.698 -1.025   0.8744954708
 159 -0.233 -2.443 -0.219 -0.895  2.698 -1.025   0.8690541325
 164 -0.233 -2.443 -0.219 -0.895  2.784 -1.025   0.8690404070
 183 -0.233 -2.443 -0.219 -0.895  2.784 -1.058   0.8690391275
 184 -0.233 -2.443 -0.219 -0.895  2.784 -1.042   0.8690180954
 186 -0.233 -2.443 -0.219 -0.895  2.784 -1.041   0.8690179937
 188 -0.233 -2.443 -0.219 -0.895  2.784 -1.040   0.8690179808
  powell nthiter 2: fret = 0.869018
 195 -0.851 -2.443 -0.219 -0.895  2.784 -1.040   0.8671553779
 199 -0.806 -2.443 -0.219 -0.895  2.784 -1.040   0.8671475953
 200 -0.748 -2.443 -0.219 -0.895  2.784 -1.040   0.8670554048
 211 -0.748 -3.061 -0.219 -0.895  2.784 -1.040   0.8627319210
 213 -0.748 -3.046 -0.219 -0.895  2.784 -1.040   0.8626226628
 219 -0.748 -3.044 -0.219 -0.895  2.784 -1.040   0.8626213068
 226 -0.748 -3.044  0.163 -0.895  2.784 -1.040   0.8624698129
 227 -0.748 -3.044  0.000 -0.895  2.784 -1.040   0.8619534876
 228 -0.748 -3.044 -0.015 -0.895  2.784 -1.040   0.8619099224
 229 -0.748 -3.044 -0.093 -0.895  2.784 -1.040   0.8618276941
 230 -0.748 -3.044 -0.083 -0.895  2.784 -1.040   0.8617970059
 231 -0.748 -3.044 -0.063 -0.895  2.784 -1.040   0.8617948899
 233 -0.748 -3.044 -0.072 -0.895  2.784 -1.040   0.8617914985
 234 -0.748 -3.044 -0.071 -0.895  2.784 -1.040   0.8617911363
 235 -0.748 -3.044 -0.070 -0.895  2.784 -1.040   0.8617906500
 237 -0.748 -3.044 -0.069 -0.895  2.784 -1.040   0.8617906499
 246 -0.748 -3.044 -0.069 -0.914  2.784 -1.040   0.8617862085
 247 -0.748 -3.044 -0.069 -0.906  2.784 -1.040   0.8617579428
 248 -0.748 -3.044 -0.069 -0.905  2.784 -1.040   0.8617559548
 250 -0.748 -3.044 -0.069 -0.904  2.784 -1.040   0.8617559049
 259 -0.748 -3.044 -0.069 -0.904  2.822 -1.040   0.8617287326
 260 -0.748 -3.044 -0.069 -0.904  2.817 -1.040   0.8617229413
 262 -0.748 -3.044 -0.069 -0.904  2.814 -1.040   0.8617214837
 263 -0.748 -3.044 -0.069 -0.904  2.815 -1.040   0.8617213632
 271 -0.748 -3.044 -0.069 -0.904  2.815 -1.313   0.8611691587
 272 -0.748 -3.044 -0.069 -0.904  2.815 -1.292   0.8610601714
 274 -0.748 -3.044 -0.069 -0.904  2.815 -1.261   0.8610295039
 275 -0.748 -3.044 -0.069 -0.904  2.815 -1.260   0.8610289735
 276 -0.748 -3.044 -0.069 -0.904  2.815 -1.242   0.8609941757
 277 -0.748 -3.044 -0.069 -0.904  2.815 -1.230   0.8609927051
 278 -0.748 -3.044 -0.069 -0.904  2.815 -1.235   0.8609827522
 279 -0.748 -3.044 -0.069 -0.904  2.815 -1.236   0.8609823563
  powell nthiter 3: fret = 0.860982
 288 -0.917 -3.044 -0.069 -0.904  2.815 -1.236   0.8604340971
 289 -0.939 -3.044 -0.069 -0.904  2.815 -1.236   0.8602685567
 292 -0.961 -3.044 -0.069 -0.904  2.815 -1.236   0.8602332989
 293 -0.959 -3.044 -0.069 -0.904  2.815 -1.236   0.8602269691
 294 -0.953 -3.044 -0.069 -0.904  2.815 -1.236   0.8602154292
 298 -0.954 -3.044 -0.069 -0.904  2.815 -1.236   0.8602151617
 308 -0.954 -3.050 -0.069 -0.904  2.815 -1.236   0.8602059146
 310 -0.954 -3.049 -0.069 -0.904  2.815 -1.236   0.8602056180
 326 -0.954 -3.049 -0.068 -0.904  2.815 -1.236   0.8602055627
 336 -0.954 -3.049 -0.068 -0.913  2.815 -1.236   0.8601846829
 338 -0.954 -3.049 -0.068 -0.912  2.815 -1.236   0.8601841793
 357 -0.954 -3.049 -0.068 -0.911  2.815 -1.293   0.8601341590
 358 -0.954 -3.049 -0.068 -0.911  2.815 -1.315   0.8601044738
 359 -0.954 -3.049 -0.068 -0.911  2.815 -1.370   0.8598858331
 363 -0.954 -3.049 -0.068 -0.911  2.815 -1.364   0.8598846457
 364 -0.954 -3.049 -0.068 -0.911  2.815 -1.366   0.8598828582
 366 -0.954 -3.049 -0.068 -0.911  2.815 -1.368   0.8598826999
 368 -1.161 -3.053 -0.067 -0.917  2.815 -1.499   0.8592864460
 379 -1.160 -3.053 -0.067 -0.917  2.815 -1.499   0.8592861868
 383 -1.159 -3.053 -0.067 -0.917  2.815 -1.498   0.8592861855
  powell nthiter 4: fret = 0.859286
 394 -1.159 -3.053 -0.067 -0.917  2.815 -1.507   0.8592684455
 404 -1.159 -3.073 -0.067 -0.917  2.815 -1.507   0.8591814599
 405 -1.159 -3.082 -0.067 -0.917  2.815 -1.507   0.8591510996
 407 -1.159 -3.084 -0.067 -0.917  2.815 -1.507   0.8591506808
 416 -1.159 -3.084 -0.138 -0.917  2.815 -1.507   0.8591262222
 418 -1.159 -3.084 -0.105 -0.917  2.815 -1.507   0.8591144440
 420 -1.159 -3.084 -0.113 -0.917  2.815 -1.507   0.8591117707
 421 -1.159 -3.084 -0.122 -0.917  2.815 -1.507   0.8591041494
 423 -1.159 -3.084 -0.123 -0.917  2.815 -1.507   0.8591038946
 424 -1.159 -3.084 -0.124 -0.917  2.815 -1.507   0.8591038297
 436 -1.159 -3.084 -0.124 -0.916  2.815 -1.507   0.8591028098
 437 -1.159 -3.084 -0.124 -0.915  2.815 -1.507   0.8591025837
 456 -1.198 -3.085 -0.124 -0.916  2.814 -1.532   0.8590967697
 457 -1.196 -3.085 -0.124 -0.916  2.814 -1.530   0.8590944130
 458 -1.180 -3.084 -0.124 -0.916  2.814 -1.520   0.8590783176
 460 -1.179 -3.084 -0.124 -0.916  2.814 -1.519   0.8590781252
 461 -1.179 -3.084 -0.124 -0.916  2.814 -1.519   0.8590781135
  powell nthiter 5: fret = 0.859078
 478 -1.178 -3.084 -0.124 -0.916  2.814 -1.518   0.8590769476
 490 -1.178 -3.085 -0.124 -0.916  2.814 -1.518   0.8590769246
 503 -1.178 -3.085 -0.122 -0.916  2.814 -1.518   0.8590766793
 505 -1.178 -3.085 -0.123 -0.916  2.814 -1.518   0.8590765075
 516 -1.178 -3.085 -0.123 -0.917  2.814 -1.518   0.8590761367
 527 -1.178 -3.085 -0.123 -0.917  2.809 -1.518   0.8590723203
 530 -1.178 -3.085 -0.123 -0.917  2.808 -1.518   0.8590717188
 531 -1.178 -3.085 -0.123 -0.917  2.807 -1.518   0.8590715950
 543 -1.180 -3.085 -0.123 -0.917  2.807 -1.519   0.8590712411
 544 -1.180 -3.085 -0.123 -0.917  2.807 -1.519   0.8590712199
  powell nthiter 6: fret = 0.859071
 584 -1.180 -3.085 -0.125 -0.917  2.807 -1.519   0.8590710959
 586 -1.180 -3.085 -0.124 -0.917  2.807 -1.519   0.8590706646
 597 -1.180 -3.085 -0.124 -0.919  2.807 -1.519   0.8590695679
 608 -1.180 -3.085 -0.124 -0.919  2.805 -1.519   0.8590683612
 624 -1.180 -3.085 -0.124 -0.919  2.805 -1.519   0.8590683540
 625 -1.180 -3.085 -0.125 -0.921  2.802 -1.519   0.8590679604
  powell nthiter 7: fret = 0.859068
 647 -1.180 -3.087 -0.124 -0.919  2.805 -1.519   0.8590675701
 662 -1.180 -3.087 -0.125 -0.919  2.805 -1.519   0.8590675262
 674 -1.180 -3.087 -0.125 -0.921  2.805 -1.519   0.8590668447
 685 -1.180 -3.087 -0.125 -0.921  2.802 -1.519   0.8590657964
 697 -1.180 -3.087 -0.125 -0.921  2.803 -1.519   0.8590656608
 698 -1.178 -3.087 -0.125 -0.921  2.803 -1.518   0.8590652733
 701 -1.178 -3.087 -0.125 -0.921  2.803 -1.517   0.8590652223
 702 -1.178 -3.087 -0.125 -0.921  2.803 -1.518   0.8590651607
 704 -1.175 -3.088 -0.126 -0.922  2.802 -1.516   0.8590631926
 711 -1.176 -3.088 -0.126 -0.922  2.802 -1.516   0.8590631421
 712 -1.176 -3.088 -0.126 -0.922  2.802 -1.516   0.8590631349
 713 -1.176 -3.088 -0.126 -0.922  2.802 -1.516   0.8590631181
 716 -1.176 -3.088 -0.126 -0.922  2.802 -1.516   0.8590631083
  powell nthiter 8: fret = 0.859063
 741 -1.176 -3.091 -0.126 -0.922  2.802 -1.516   0.8590625279
 742 -1.176 -3.090 -0.126 -0.922  2.802 -1.516   0.8590623890
 755 -1.176 -3.090 -0.124 -0.922  2.802 -1.516   0.8590619519
 767 -1.176 -3.090 -0.124 -0.923  2.802 -1.516   0.8590616910
 779 -1.177 -3.090 -0.124 -0.923  2.802 -1.517   0.8590613674
 797 -1.177 -3.090 -0.124 -0.923  2.802 -1.517   0.8590613635
 799 -1.177 -3.090 -0.124 -0.923  2.802 -1.517   0.8590613609
  powell nthiter 9: fret = 0.859061
 821 -1.177 -3.091 -0.124 -0.923  2.802 -1.517   0.8590611294
 835 -1.177 -3.091 -0.123 -0.923  2.802 -1.517   0.8590605284
 861 -1.177 -3.091 -0.123 -0.925  2.802 -1.517   0.8590605112
 869 -1.177 -3.090 -0.123 -0.924  2.802 -1.517   0.8590604517
 870 -1.177 -3.090 -0.123 -0.924  2.802 -1.517   0.8590604092
 878 -1.177 -3.091 -0.121 -0.925  2.802 -1.517   0.8590599011
 881 -1.177 -3.093 -0.118 -0.927  2.803 -1.517   0.8590594467
 882 -1.177 -3.094 -0.115 -0.928  2.803 -1.517   0.8590592323
 883 -1.177 -3.095 -0.112 -0.930  2.804 -1.517   0.8590588943
 890 -1.177 -3.095 -0.112 -0.930  2.804 -1.517   0.8590588549
 897 -1.177 -3.095 -0.112 -0.930  2.804 -1.517   0.8590588520
  powell nthiter 10: fret = 0.859059
 912 -1.177 -3.095 -0.112 -0.930  2.804 -1.518   0.8590587450
 925 -1.177 -3.094 -0.112 -0.930  2.804 -1.518   0.8590585354
 933 -1.177 -3.094 -0.112 -0.930  2.804 -1.518   0.8590584674
 953 -1.177 -3.094 -0.112 -0.931  2.804 -1.518   0.8590584348
 965 -1.178 -3.094 -0.112 -0.931  2.804 -1.519   0.8590580688
 970 -1.179 -3.095 -0.110 -0.932  2.804 -1.519   0.8590576474
 971 -1.179 -3.097 -0.107 -0.934  2.804 -1.519   0.8590576165
 972 -1.179 -3.096 -0.108 -0.933  2.804 -1.519   0.8590575000
  powell nthiter 11: fret = 0.859057
1009 -1.179 -3.097 -0.108 -0.933  2.804 -1.519   0.8590574887
1017 -1.180 -3.097 -0.108 -0.933  2.805 -1.520   0.8590572883
1024 -1.180 -3.096 -0.108 -0.933  2.805 -1.520   0.8590572777
1052 -1.179 -3.096 -0.108 -0.933  2.805 -1.519   0.8590572677
  powell nthiter 12: fret = 0.859057
1144 -1.179 -3.096 -0.108 -0.933  2.805 -1.519   0.8590572462
1147 -1.179 -3.096 -0.108 -0.933  2.805 -1.519   0.8590572277
Powell done niters = 12
Computing relative cost
 0  -25.0 -25.0 -25.0   1.007498
 1  -25.0 -25.0  25.0   1.000506
 2  -25.0  25.0 -25.0   0.973671
 3  -25.0  25.0  25.0   1.008848
 4   25.0 -25.0 -25.0   0.992109
 5   25.0 -25.0  25.0   0.977757
 6   25.0  25.0 -25.0   0.998145
 7   25.0  25.0  25.0   1.007582
REL:  8  0.859057    7.966115  0.995764 rel = 0.862711 
Number of iterations    12
Min cost was 0.859057
Number of FunctionCalls  1156
TolPowell 0.000000
nMaxItersPowell 36
OptimizationTime 159.279917 sec
Parameters at optimum (transmm) -1.17931 -3.09649 -0.10795
Parameters at optimum (rotdeg) -0.93271  2.80474 -1.51948 
Final costs ----------------
Number of surface hits 390303
WM  Intensity  1071.8243 +/- 636.7703
Ctx Intensity  1102.6047 +/- 642.0579
Pct Contrast      2.9845 +/-  44.0969
Cost   0.8591
RelCost   0.9129
Reg at min cost was 
-0.99874  -0.02798  -0.04155   1.70681;
-0.03335  -0.24764   0.96828   7.01544;
 0.03738  -0.96845  -0.24639   6.89196;
 0.00000   0.00000   0.00000   1.00000;

Writing optimal reg to /localscratch/bpinsard.41451892.0/freesurfer_crosssectional_autorecon3_sub06_ses009.job/sub-06_ses-009/mri/transforms/T2raw.auto.dat, type = 14 
Original Reg 
-0.99814   0.02601  -0.05507   2.27131;
-0.05962  -0.23250   0.97077   10.06766;
-0.01245  -0.97225  -0.23361   7.28443;
 0.00000   0.00000   0.00000   1.00000;

Original Reg - Optimal Reg
 0.00060   0.05399  -0.01352   0.56450;
-0.02628   0.01514   0.00249   3.05222;
-0.04983  -0.00380   0.01278   0.39247;
 0.00000   0.00000   0.00000   0.00000;

Computing change in lh position
LH rmsDiffMean 4.900863
Computing change in rh position
Surface-RMS-Diff-mm 4.084730 1.067284 6.225022
mri_segreg done
MinCost: 0.859057 1071.824275 1102.604677 2.984468 
tkregister2_cmdl --mov /localscratch/bpinsard.41451892.0/freesurfer_crosssectional_autorecon3_sub06_ses009.job/sub-06_ses-009/mri/orig/T2raw.mgz --reg /localscratch/bpinsard.41451892.0/freesurfer_crosssectional_autorecon3_sub06_ses009.job/sub-06_ses-009/mri/transforms/T2raw.auto.dat --noedit --ltaout /localscratch/bpinsard.41451892.0/freesurfer_crosssectional_autorecon3_sub06_ses009.job/sub-06_ses-009/mri/transforms/T2raw.auto.lta
INFO: no target volume specified, assuming FreeSurfer orig volume.
target  volume orig
movable volume /localscratch/bpinsard.41451892.0/freesurfer_crosssectional_autorecon3_sub06_ses009.job/sub-06_ses-009/mri/orig/T2raw.mgz
reg file       /localscratch/bpinsard.41451892.0/freesurfer_crosssectional_autorecon3_sub06_ses009.job/sub-06_ses-009/mri/transforms/T2raw.auto.dat
LoadVol        0
ZeroCRAS       0
7.4.1
Diagnostic Level -1
---- Input registration matrix --------
-0.99874  -0.02798  -0.04155   1.70681;
-0.03335  -0.24764   0.96828   7.01544;
 0.03738  -0.96845  -0.24639   6.89196;
 0.00000   0.00000   0.00000   1.00000;
float2int = 0
---------------------------------------
INFO: loading target /localscratch/bpinsard.41451892.0/freesurfer_crosssectional_autorecon3_sub06_ses009.job/sub-06_ses-009/mri/orig.mgz
INFO: target does not conform to COR format, so I'm going to
reslice to COR. This will not affect the final registration.
Ttarg: --------------------
-1.00000   0.00000   0.00000   128.00000;
 0.00000   0.00000   1.00000  -128.00000;
 0.00000  -1.00000   0.00000   128.00000;
 0.00000   0.00000   0.00000   1.00000;
INFO: loading movable /localscratch/bpinsard.41451892.0/freesurfer_crosssectional_autorecon3_sub06_ses009.job/sub-06_ses-009/mri/orig/T2raw.mgz
Tmov: --------------------
-0.80000   0.00000   0.00000   83.19952;
 0.00000   0.00000   0.80000  -128.00000;
 0.00000  -0.80000   0.00000   120.00000;
 0.00000   0.00000   0.00000   1.00000;
mkheaderreg = 0, float2int = 0
---- Input registration matrix --------
-0.99874  -0.02798  -0.04155   1.70679;
-0.03335  -0.24764   0.96828   7.01546;
 0.03738  -0.96845  -0.24639   6.89197;
 0.00000   0.00000   0.00000   1.00000;
Determinant -1
subject = sub-06_ses-009
RegMat ---------------------------
-0.99874  -0.02798  -0.04155   1.70681;
-0.03335  -0.24764   0.96828   7.01544;
 0.03738  -0.96845  -0.24639   6.89196;
 0.00000   0.00000   0.00000   1.00000;
Cleaning up
 
Started at Sun Oct 8 06:03:35 UTC 2023 
Ended   at Sun Oct  8 06:08:21 UTC 2023
BBR-Run-Time-Sec 286
 
bbregister Done
To check results, run:
tkregisterfv --mov /localscratch/bpinsard.41451892.0/freesurfer_crosssectional_autorecon3_sub06_ses009.job/sub-06_ses-009/mri/orig/T2raw.mgz --reg /localscratch/bpinsard.41451892.0/freesurfer_crosssectional_autorecon3_sub06_ses009.job/sub-06_ses-009/mri/transforms/T2raw.auto.lta --surfs  --sd /localscratch/bpinsard.41451892.0/freesurfer_crosssectional_autorecon3_sub06_ses009.job
