Log file for defect2seg
Thu Oct  5 16:51:01 UTC 2023

setenv SUBJECTS_DIR /localscratch/bpinsard.41394470.0/freesurfer_crosssectional_autorecon1smriprep_skullstripautorecon2autorecon3_sub04_ses002.job
cd /localscratch/bpinsard.41394470.0/freesurfer_crosssectional_autorecon1smriprep_skullstripautorecon2autorecon3_sub04_ses002.job/sub-04_ses-002/scripts
/opt/freesurfer/bin/defect2seg --s sub-04_ses-002 --cortex

freesurfer-linux-centos7_x86_64-7.4.1-20230613-7eb8460
defect2seg 7.4.1
Linux bc12405.int.ets1.calculquebec.ca 3.10.0-1160.90.1.el7.x86_64 #1 SMP Thu May 4 15:21:22 UTC 2023 x86_64 x86_64 x86_64 GNU/Linux
pid 10288
mri_label2label --label-cortex /localscratch/bpinsard.41394470.0/freesurfer_crosssectional_autorecon1smriprep_skullstripautorecon2autorecon3_sub04_ses002.job/sub-04_ses-002/surf/lh.orig.nofix /localscratch/bpinsard.41394470.0/freesurfer_crosssectional_autorecon1smriprep_skullstripautorecon2autorecon3_sub04_ses002.job/sub-04_ses-002/mri/aseg.presurf.mgz 0 /localscratch/bpinsard.41394470.0/freesurfer_crosssectional_autorecon1smriprep_skullstripautorecon2autorecon3_sub04_ses002.job/sub-04_ses-002/label/lh.nofix.cortex.label

 Generating cortex label... RemoveHipAmgy=0
 NucAccIsMedialWall=0
 mris->useRealRAS=0
25 non-cortical segments detected
only using segment with 11836 vertices
erasing segment 0 (vno[0] = 4391)
erasing segment 1 (vno[0] = 15355)
erasing segment 2 (vno[0] = 20521)
erasing segment 3 (vno[0] = 23730)
erasing segment 4 (vno[0] = 23813)
erasing segment 6 (vno[0] = 97398)
erasing segment 7 (vno[0] = 119930)
erasing segment 8 (vno[0] = 123034)
erasing segment 9 (vno[0] = 132912)
erasing segment 10 (vno[0] = 133791)
erasing segment 11 (vno[0] = 134997)
erasing segment 12 (vno[0] = 141212)
erasing segment 13 (vno[0] = 142426)
erasing segment 14 (vno[0] = 142760)
erasing segment 15 (vno[0] = 143288)
erasing segment 16 (vno[0] = 143735)
erasing segment 17 (vno[0] = 145279)
erasing segment 18 (vno[0] = 146360)
erasing segment 19 (vno[0] = 147677)
erasing segment 20 (vno[0] = 159758)
erasing segment 21 (vno[0] = 162402)
erasing segment 22 (vno[0] = 180342)
erasing segment 23 (vno[0] = 189364)
erasing segment 24 (vno[0] = 190047)
mri_label2vol --defects /localscratch/bpinsard.41394470.0/freesurfer_crosssectional_autorecon1smriprep_skullstripautorecon2autorecon3_sub04_ses002.job/sub-04_ses-002/surf/lh.orig.nofix /localscratch/bpinsard.41394470.0/freesurfer_crosssectional_autorecon1smriprep_skullstripautorecon2autorecon3_sub04_ses002.job/sub-04_ses-002/surf/lh.defect_labels /localscratch/bpinsard.41394470.0/freesurfer_crosssectional_autorecon1smriprep_skullstripautorecon2autorecon3_sub04_ses002.job/sub-04_ses-002/mri/orig.mgz 1000 0 /localscratch/bpinsard.41394470.0/freesurfer_crosssectional_autorecon1smriprep_skullstripautorecon2autorecon3_sub04_ses002.job/sub-04_ses-002/mri/surface.defects.mgz /localscratch/bpinsard.41394470.0/freesurfer_crosssectional_autorecon1smriprep_skullstripautorecon2autorecon3_sub04_ses002.job/sub-04_ses-002/label/lh.nofix.cortex.label
mri_label2vol supposed to be reproducible but seed not set
Contraining to label /localscratch/bpinsard.41394470.0/freesurfer_crosssectional_autorecon1smriprep_skullstripautorecon2autorecon3_sub04_ses002.job/sub-04_ses-002/label/lh.nofix.cortex.label
Changing input type 0 to MRI_INT
Converting defects to volume: offset=1000, merge=0
Writing to /localscratch/bpinsard.41394470.0/freesurfer_crosssectional_autorecon1smriprep_skullstripautorecon2autorecon3_sub04_ses002.job/sub-04_ses-002/mri/surface.defects.mgz
mris_defects_pointset -s /localscratch/bpinsard.41394470.0/freesurfer_crosssectional_autorecon1smriprep_skullstripautorecon2autorecon3_sub04_ses002.job/sub-04_ses-002/surf/lh.orig.nofix -d /localscratch/bpinsard.41394470.0/freesurfer_crosssectional_autorecon1smriprep_skullstripautorecon2autorecon3_sub04_ses002.job/sub-04_ses-002/surf/lh.defect_labels -o /localscratch/bpinsard.41394470.0/freesurfer_crosssectional_autorecon1smriprep_skullstripautorecon2autorecon3_sub04_ses002.job/sub-04_ses-002/surf/lh.defects.pointset --label /localscratch/bpinsard.41394470.0/freesurfer_crosssectional_autorecon1smriprep_skullstripautorecon2autorecon3_sub04_ses002.job/sub-04_ses-002/label/lh.nofix.cortex.label
Reading in surface /localscratch/bpinsard.41394470.0/freesurfer_crosssectional_autorecon1smriprep_skullstripautorecon2autorecon3_sub04_ses002.job/sub-04_ses-002/surf/lh.orig.nofix
Reading in defect segmentation /localscratch/bpinsard.41394470.0/freesurfer_crosssectional_autorecon1smriprep_skullstripautorecon2autorecon3_sub04_ses002.job/sub-04_ses-002/surf/lh.defect_labels
Reading in label /localscratch/bpinsard.41394470.0/freesurfer_crosssectional_autorecon1smriprep_skullstripautorecon2autorecon3_sub04_ses002.job/sub-04_ses-002/label/lh.nofix.cortex.label
#VMPC# mris_defects_pointset 583896
mris_defects_pointset done
mri_label2label --label-cortex /localscratch/bpinsard.41394470.0/freesurfer_crosssectional_autorecon1smriprep_skullstripautorecon2autorecon3_sub04_ses002.job/sub-04_ses-002/surf/rh.orig.nofix /localscratch/bpinsard.41394470.0/freesurfer_crosssectional_autorecon1smriprep_skullstripautorecon2autorecon3_sub04_ses002.job/sub-04_ses-002/mri/aseg.presurf.mgz 0 /localscratch/bpinsard.41394470.0/freesurfer_crosssectional_autorecon1smriprep_skullstripautorecon2autorecon3_sub04_ses002.job/sub-04_ses-002/label/rh.nofix.cortex.label

 Generating cortex label... RemoveHipAmgy=0
 NucAccIsMedialWall=0
 mris->useRealRAS=0
34 non-cortical segments detected
only using segment with 12158 vertices
erasing segment 1 (vno[0] = 95745)
erasing segment 2 (vno[0] = 103326)
erasing segment 3 (vno[0] = 111498)
erasing segment 4 (vno[0] = 117340)
erasing segment 5 (vno[0] = 123780)
erasing segment 6 (vno[0] = 126568)
erasing segment 7 (vno[0] = 132908)
erasing segment 8 (vno[0] = 135283)
erasing segment 9 (vno[0] = 136482)
erasing segment 10 (vno[0] = 138729)
erasing segment 11 (vno[0] = 139182)
erasing segment 12 (vno[0] = 139227)
erasing segment 13 (vno[0] = 139230)
erasing segment 14 (vno[0] = 140426)
erasing segment 15 (vno[0] = 140476)
erasing segment 16 (vno[0] = 140532)
erasing segment 17 (vno[0] = 140575)
erasing segment 18 (vno[0] = 141878)
erasing segment 19 (vno[0] = 141901)
erasing segment 20 (vno[0] = 141953)
erasing segment 21 (vno[0] = 142924)
erasing segment 22 (vno[0] = 143048)
erasing segment 23 (vno[0] = 143050)
erasing segment 24 (vno[0] = 144186)
erasing segment 25 (vno[0] = 144316)
erasing segment 26 (vno[0] = 144464)
erasing segment 27 (vno[0] = 144500)
erasing segment 28 (vno[0] = 145590)
erasing segment 29 (vno[0] = 145671)
erasing segment 30 (vno[0] = 148058)
erasing segment 31 (vno[0] = 149283)
erasing segment 32 (vno[0] = 151728)
erasing segment 33 (vno[0] = 174240)
mri_label2vol --defects /localscratch/bpinsard.41394470.0/freesurfer_crosssectional_autorecon1smriprep_skullstripautorecon2autorecon3_sub04_ses002.job/sub-04_ses-002/surf/rh.orig.nofix /localscratch/bpinsard.41394470.0/freesurfer_crosssectional_autorecon1smriprep_skullstripautorecon2autorecon3_sub04_ses002.job/sub-04_ses-002/surf/rh.defect_labels /localscratch/bpinsard.41394470.0/freesurfer_crosssectional_autorecon1smriprep_skullstripautorecon2autorecon3_sub04_ses002.job/sub-04_ses-002/mri/surface.defects.mgz 2000 1 /localscratch/bpinsard.41394470.0/freesurfer_crosssectional_autorecon1smriprep_skullstripautorecon2autorecon3_sub04_ses002.job/sub-04_ses-002/mri/surface.defects.mgz /localscratch/bpinsard.41394470.0/freesurfer_crosssectional_autorecon1smriprep_skullstripautorecon2autorecon3_sub04_ses002.job/sub-04_ses-002/label/rh.nofix.cortex.label
mri_label2vol supposed to be reproducible but seed not set
Contraining to label /localscratch/bpinsard.41394470.0/freesurfer_crosssectional_autorecon1smriprep_skullstripautorecon2autorecon3_sub04_ses002.job/sub-04_ses-002/label/rh.nofix.cortex.label
Converting defects to volume: offset=2000, merge=1
Writing to /localscratch/bpinsard.41394470.0/freesurfer_crosssectional_autorecon1smriprep_skullstripautorecon2autorecon3_sub04_ses002.job/sub-04_ses-002/mri/surface.defects.mgz
mris_defects_pointset -s /localscratch/bpinsard.41394470.0/freesurfer_crosssectional_autorecon1smriprep_skullstripautorecon2autorecon3_sub04_ses002.job/sub-04_ses-002/surf/rh.orig.nofix -d /localscratch/bpinsard.41394470.0/freesurfer_crosssectional_autorecon1smriprep_skullstripautorecon2autorecon3_sub04_ses002.job/sub-04_ses-002/surf/rh.defect_labels -o /localscratch/bpinsard.41394470.0/freesurfer_crosssectional_autorecon1smriprep_skullstripautorecon2autorecon3_sub04_ses002.job/sub-04_ses-002/surf/rh.defects.pointset --label /localscratch/bpinsard.41394470.0/freesurfer_crosssectional_autorecon1smriprep_skullstripautorecon2autorecon3_sub04_ses002.job/sub-04_ses-002/label/rh.nofix.cortex.label
Reading in surface /localscratch/bpinsard.41394470.0/freesurfer_crosssectional_autorecon1smriprep_skullstripautorecon2autorecon3_sub04_ses002.job/sub-04_ses-002/surf/rh.orig.nofix
Reading in defect segmentation /localscratch/bpinsard.41394470.0/freesurfer_crosssectional_autorecon1smriprep_skullstripautorecon2autorecon3_sub04_ses002.job/sub-04_ses-002/surf/rh.defect_labels
Reading in label /localscratch/bpinsard.41394470.0/freesurfer_crosssectional_autorecon1smriprep_skullstripautorecon2autorecon3_sub04_ses002.job/sub-04_ses-002/label/rh.nofix.cortex.label
#VMPC# mris_defects_pointset 582852
mris_defects_pointset done
 
Started at Thu Oct 5 16:51:01 UTC 2023 
Ended   at Thu Oct  5 16:52:17 UTC 2023
Defect2seg-Run-Time-Sec 76
Defect2seg-Run-Time-Min 1.52
Defect2seg-Run-Time-Hours 0.02
 
defect2seg Done
